prt-get: updating /usr/ports/opt-x86_64/alsa-utils
prt-get: starting build Thu Feb  1 15:14:57 2024
=======> Building '/home/devel/packages/alsa-utils#1.2.10-1.x86_64.pkg.tar.zst'.
bsdtar -p -o -C /home/devel/building/work/src -xf /home/devel/sources/alsa-utils-1.2.10.tar.bz2
cp alsa.finish /home/devel/building/work/src
cp alsa.run /home/devel/building/work/src
+ build
+ cd alsa-utils-1.2.10
+ ./configure --prefix=/usr --disable-alsaconf --disable-bat --disable-nls --disable-xmlto
checking for a BSD-compatible install... /usr/bin/install -c
checking whether build environment is sane... yes
checking for a thread-safe mkdir -p... /bin/mkdir -p
checking for gawk... gawk
checking whether make sets $(MAKE)... yes
checking whether make supports nested variables... yes
checking whether to enable maintainer-specific portions of Makefiles... yes
checking for a sed that does not truncate output... /bin/sed
checking whether NLS is requested... no
checking for msgfmt... /usr/bin/msgfmt
checking for gmsgfmt... /usr/bin/msgfmt
checking for xgettext... /usr/bin/xgettext
checking for msgmerge... /usr/bin/msgmerge
checking whether make supports the include directive... yes (GNU style)
checking for gcc... gcc
checking whether the C compiler works... yes
checking for C compiler default output file name... a.out
checking for suffix of executables... 
checking whether we are cross compiling... no
checking for suffix of object files... o
checking whether we are using the GNU C compiler... yes
checking whether gcc accepts -g... yes
checking for gcc option to accept ISO C89... none needed
checking whether gcc understands -c and -o together... yes
checking dependency style of gcc... gcc3
checking build system type... x86_64-pc-linux-gnu
checking host system type... x86_64-pc-linux-gnu
checking for ld used by gcc... /usr/bin/ld
checking if the linker (/usr/bin/ld) is GNU ld... yes
checking for shared library run path origin... done
checking 32-bit host C ABI... no
checking how to run the C preprocessor... gcc -E
checking for grep that handles long lines and -e... /usr/bin/grep
checking for egrep... /usr/bin/grep -E
checking for ELF binary format... yes
checking for the common suffixes of directories in the library search path... lib,lib,lib64
checking for CFPreferencesCopyAppValue... no
checking for CFLocaleCopyPreferredLanguages... no
checking whether to use NLS... no
checking for gcc... (cached) gcc
checking whether we are using the GNU C compiler... (cached) yes
checking whether gcc accepts -g... (cached) yes
checking for gcc option to accept ISO C89... (cached) none needed
checking whether gcc understands -c and -o together... (cached) yes
checking dependency style of gcc... (cached) gcc3
checking whether ln -s works... yes
checking for a sed that does not truncate output... (cached) /bin/sed
checking how to print strings... printf
checking for a sed that does not truncate output... (cached) /bin/sed
checking for fgrep... /usr/bin/grep -F
checking for ld used by gcc... /usr/bin/ld
checking if the linker (/usr/bin/ld) is GNU ld... yes
checking for BSD- or MS-compatible name lister (nm)... /usr/bin/nm -B
checking the name lister (/usr/bin/nm -B) interface... BSD nm
checking the maximum length of command line arguments... 1572864
checking how to convert x86_64-pc-linux-gnu file names to x86_64-pc-linux-gnu format... func_convert_file_noop
checking how to convert x86_64-pc-linux-gnu file names to toolchain format... func_convert_file_noop
checking for /usr/bin/ld option to reload object files... -r
checking for objdump... objdump
checking how to recognize dependent libraries... pass_all
checking for dlltool... no
checking how to associate runtime and link libraries... printf %s\n
checking for ar... ar
checking for archiver @FILE support... @
checking for strip... strip
checking for ranlib... ranlib
checking command to parse /usr/bin/nm -B output from gcc object... ok
checking for sysroot... no
checking for a working dd... /bin/dd
checking how to truncate binary pipes... /bin/dd bs=4096 count=1
checking for mt... no
checking if : is a manifest tool... no
checking for ANSI C header files... yes
checking for sys/types.h... yes
checking for sys/stat.h... yes
checking for stdlib.h... yes
checking for string.h... yes
checking for memory.h... yes
checking for strings.h... yes
checking for inttypes.h... yes
checking for stdint.h... yes
checking for unistd.h... yes
checking for dlfcn.h... yes
checking for objdir... .libs
checking if gcc supports -fno-rtti -fno-exceptions... no
checking for gcc option to produce PIC... -fPIC -DPIC
checking if gcc PIC flag -fPIC -DPIC works... yes
checking if gcc static flag -static works... yes
checking if gcc supports -c -o file.o... yes
checking if gcc supports -c -o file.o... (cached) yes
checking whether the gcc linker (/usr/bin/ld -m elf_x86_64) supports shared libraries... yes
checking whether -lc should be explicitly linked in... no
checking dynamic linker characteristics... GNU/Linux ld.so
checking how to hardcode library paths into programs... immediate
checking whether stripping libraries is possible... yes
checking if libtool supports shared libraries... yes
checking whether to build shared libraries... yes
checking whether to build static libraries... no
checking for pkg-config... /usr/bin/pkg-config
checking pkg-config is at least version 0.9.0... yes
checking for ALSA CFLAGS... 
checking for dlopen in -lc... yes
checking for ALSA LDFLAGS...  -lasound -lm  -lpthread
checking required libasound headers version... 1.2.5
checking for libasound headers version >= 1.2.5 (1.2.5)... found.
checking for libatopology (sound headers version > 1.1.9)... yes
checking for snd_ctl_open in -lasound... yes
checking for snd_tplg_new in -latopology... yes
checking for ALSA topology LDFLAGS...  -latopology
checking for snd_ctl_elem_add_enumerated... yes
checking for dlfcn.h... (cached) yes
checking malloc.h usability... yes
checking malloc.h presence... yes
checking for malloc.h... yes
checking for alsa/pcm.h... yes
checking for alsa/mixer.h... yes
checking for alsa/rawmidi.h... yes
checking for alsa/seq.h... yes
checking for alsa/use-case.h... yes
checking for alsa/topology.h... yes
checking for samplerate.h... no
checking for snd_seq_client_info_get_card in -lasound... yes
checking for snd_seq_client_info_get_pid in -lasound... yes
checking for snd_seq_client_info_get_midi_version in -lasound... yes
checking for snd_tplg_save in -latopology... yes
checking for ffado_streaming_init in -lffado... no
checking for memfd_create... yes
checking for librt... checking for clock_gettime in -lrt... yes
checking for rst2man... yes
checking for ANSI C header files... (cached) yes
checking for NCURSES... yes
checking for curses library... ncurses
checking for curses header name... <ncurses.h>
checking for curses compiler flags... -D_DEFAULT_SOURCE -D_XOPEN_SOURCE=600
checking panel.h usability... yes
checking panel.h presence... yes
checking for panel.h... yes
checking menu.h usability... yes
checking menu.h presence... yes
checking for menu.h... yes
checking form.h usability... yes
checking form.h presence... yes
checking for form.h... yes
checking for new_panel in -lpanel... yes
checking for new_menu in -lmenu... yes
checking for new_form in -lform... yes
checking for curses linker flags... -lform -lmenu -lpanel -lncursesw -ltinfo
checking for an ANSI C-conforming const... yes
checking for inline... inline
checking whether time.h and sys/time.h may both be included... yes
checking whether gcc needs -traditional... no
checking for special C compiler options needed for large files... no
checking for _FILE_OFFSET_BITS value needed for large files... no
checking for SYSTEMD... no
/usr
${exec_prefix}/lib
/usr/lib
checking that generated files are newer than configure... done
configure: creating ./config.status
config.status: creating Makefile
config.status: creating alsactl/Makefile
config.status: creating alsactl/init/Makefile
config.status: creating alsamixer/Makefile
config.status: creating amidi/Makefile
config.status: creating amixer/Makefile
config.status: creating m4/Makefile
config.status: creating po/Makefile.in
config.status: creating alsaconf/alsaconf
config.status: creating alsaconf/Makefile
config.status: creating alsaconf/po/Makefile
config.status: WARNING:  'alsaconf/po/Makefile.in' seems to ignore the --datarootdir setting
config.status: creating alsaucm/Makefile
config.status: creating topology/Makefile
config.status: creating topology/nhlt/Makefile
config.status: creating bat/Makefile
config.status: creating bat/tests/Makefile
config.status: creating bat/tests/asound_state/Makefile
config.status: creating aplay/Makefile
config.status: creating include/Makefile
config.status: creating iecset/Makefile
config.status: creating utils/Makefile
config.status: creating utils/alsa-utils.spec
config.status: creating seq/Makefile
config.status: creating seq/aconnect/Makefile
config.status: creating seq/aplaymidi/Makefile
config.status: creating seq/aseqdump/Makefile
config.status: creating seq/aseqnet/Makefile
config.status: creating speaker-test/Makefile
config.status: creating speaker-test/samples/Makefile
config.status: creating alsaloop/Makefile
config.status: creating alsa-info/Makefile
config.status: creating axfer/Makefile
config.status: creating axfer/test/Makefile
config.status: creating nhlt/Makefile
config.status: creating include/aconfig.h
config.status: executing po-directories commands
config.status: creating po/POTFILES
config.status: creating po/Makefile
config.status: executing depfiles commands
config.status: executing libtool commands
+ make V=1
Making all in include
make[1]: Entering directory '/home/devel/building/work/src/alsa-utils-1.2.10/include'
make  all-am
make[2]: Entering directory '/home/devel/building/work/src/alsa-utils-1.2.10/include'
make[2]: Leaving directory '/home/devel/building/work/src/alsa-utils-1.2.10/include'
make[1]: Leaving directory '/home/devel/building/work/src/alsa-utils-1.2.10/include'
Making all in alsactl
make[1]: Entering directory '/home/devel/building/work/src/alsa-utils-1.2.10/alsactl'
Making all in init
make[2]: Entering directory '/home/devel/building/work/src/alsa-utils-1.2.10/alsactl/init'
make[2]: Nothing to be done for 'all'.
make[2]: Leaving directory '/home/devel/building/work/src/alsa-utils-1.2.10/alsactl/init'
make[2]: Entering directory '/home/devel/building/work/src/alsa-utils-1.2.10/alsactl'
gcc -DHAVE_CONFIG_H -I. -I../include  -I../include  -D_GNU_SOURCE -D__USE_GNU -DSYS_ASOUNDRC=\"/var/lib/alsa/asound.state\" -DSYS_LOCKPATH=\"/var/lock\" -DSYS_LOCKFILE=\"asound.state.lock\" -DSYS_PIDFILE=\"/var/run/alsactl.pid\" -O2 -m64 -march=x86-64 -mtune=generic -flto=auto -ffat-lto-objects -MT alsactl-alsactl.o -MD -MP -MF .deps/alsactl-alsactl.Tpo -c -o alsactl-alsactl.o `test -f 'alsactl.c' || echo './'`alsactl.c
gcc -DHAVE_CONFIG_H -I. -I../include  -I../include  -D_GNU_SOURCE -D__USE_GNU -DSYS_ASOUNDRC=\"/var/lib/alsa/asound.state\" -DSYS_LOCKPATH=\"/var/lock\" -DSYS_LOCKFILE=\"asound.state.lock\" -DSYS_PIDFILE=\"/var/run/alsactl.pid\" -O2 -m64 -march=x86-64 -mtune=generic -flto=auto -ffat-lto-objects -MT alsactl-state.o -MD -MP -MF .deps/alsactl-state.Tpo -c -o alsactl-state.o `test -f 'state.c' || echo './'`state.c
gcc -DHAVE_CONFIG_H -I. -I../include  -I../include  -D_GNU_SOURCE -D__USE_GNU -DSYS_ASOUNDRC=\"/var/lib/alsa/asound.state\" -DSYS_LOCKPATH=\"/var/lock\" -DSYS_LOCKFILE=\"asound.state.lock\" -DSYS_PIDFILE=\"/var/run/alsactl.pid\" -O2 -m64 -march=x86-64 -mtune=generic -flto=auto -ffat-lto-objects -MT alsactl-lock.o -MD -MP -MF .deps/alsactl-lock.Tpo -c -o alsactl-lock.o `test -f 'lock.c' || echo './'`lock.c
gcc -DHAVE_CONFIG_H -I. -I../include  -I../include  -D_GNU_SOURCE -D__USE_GNU -DSYS_ASOUNDRC=\"/var/lib/alsa/asound.state\" -DSYS_LOCKPATH=\"/var/lock\" -DSYS_LOCKFILE=\"asound.state.lock\" -DSYS_PIDFILE=\"/var/run/alsactl.pid\" -O2 -m64 -march=x86-64 -mtune=generic -flto=auto -ffat-lto-objects -MT alsactl-utils.o -MD -MP -MF .deps/alsactl-utils.Tpo -c -o alsactl-utils.o `test -f 'utils.c' || echo './'`utils.c
gcc -DHAVE_CONFIG_H -I. -I../include  -I../include  -D_GNU_SOURCE -D__USE_GNU -DSYS_ASOUNDRC=\"/var/lib/alsa/asound.state\" -DSYS_LOCKPATH=\"/var/lock\" -DSYS_LOCKFILE=\"asound.state.lock\" -DSYS_PIDFILE=\"/var/run/alsactl.pid\" -O2 -m64 -march=x86-64 -mtune=generic -flto=auto -ffat-lto-objects -MT alsactl-init_parse.o -MD -MP -MF .deps/alsactl-init_parse.Tpo -c -o alsactl-init_parse.o `test -f 'init_parse.c' || echo './'`init_parse.c
gcc -DHAVE_CONFIG_H -I. -I../include  -I../include  -D_GNU_SOURCE -D__USE_GNU -DSYS_ASOUNDRC=\"/var/lib/alsa/asound.state\" -DSYS_LOCKPATH=\"/var/lock\" -DSYS_LOCKFILE=\"asound.state.lock\" -DSYS_PIDFILE=\"/var/run/alsactl.pid\" -O2 -m64 -march=x86-64 -mtune=generic -flto=auto -ffat-lto-objects -MT alsactl-init_ucm.o -MD -MP -MF .deps/alsactl-init_ucm.Tpo -c -o alsactl-init_ucm.o `test -f 'init_ucm.c' || echo './'`init_ucm.c
gcc -DHAVE_CONFIG_H -I. -I../include  -I../include  -D_GNU_SOURCE -D__USE_GNU -DSYS_ASOUNDRC=\"/var/lib/alsa/asound.state\" -DSYS_LOCKPATH=\"/var/lock\" -DSYS_LOCKFILE=\"asound.state.lock\" -DSYS_PIDFILE=\"/var/run/alsactl.pid\" -O2 -m64 -march=x86-64 -mtune=generic -flto=auto -ffat-lto-objects -MT alsactl-daemon.o -MD -MP -MF .deps/alsactl-daemon.Tpo -c -o alsactl-daemon.o `test -f 'daemon.c' || echo './'`daemon.c
gcc -DHAVE_CONFIG_H -I. -I../include  -I../include  -D_GNU_SOURCE -D__USE_GNU -DSYS_ASOUNDRC=\"/var/lib/alsa/asound.state\" -DSYS_LOCKPATH=\"/var/lock\" -DSYS_LOCKFILE=\"asound.state.lock\" -DSYS_PIDFILE=\"/var/run/alsactl.pid\" -O2 -m64 -march=x86-64 -mtune=generic -flto=auto -ffat-lto-objects -MT alsactl-monitor.o -MD -MP -MF .deps/alsactl-monitor.Tpo -c -o alsactl-monitor.o `test -f 'monitor.c' || echo './'`monitor.c
mv -f .deps/alsactl-init_ucm.Tpo .deps/alsactl-init_ucm.Po
gcc -DHAVE_CONFIG_H -I. -I../include  -I../include  -D_GNU_SOURCE -D__USE_GNU -DSYS_ASOUNDRC=\"/var/lib/alsa/asound.state\" -DSYS_LOCKPATH=\"/var/lock\" -DSYS_LOCKFILE=\"asound.state.lock\" -DSYS_PIDFILE=\"/var/run/alsactl.pid\" -O2 -m64 -march=x86-64 -mtune=generic -flto=auto -ffat-lto-objects -MT alsactl-clean.o -MD -MP -MF .deps/alsactl-clean.Tpo -c -o alsactl-clean.o `test -f 'clean.c' || echo './'`clean.c
mv -f .deps/alsactl-lock.Tpo .deps/alsactl-lock.Po
gcc -DHAVE_CONFIG_H -I. -I../include  -I../include  -D_GNU_SOURCE -D__USE_GNU -DSYS_ASOUNDRC=\"/var/lib/alsa/asound.state\" -DSYS_LOCKPATH=\"/var/lock\" -DSYS_LOCKFILE=\"asound.state.lock\" -DSYS_PIDFILE=\"/var/run/alsactl.pid\" -O2 -m64 -march=x86-64 -mtune=generic -flto=auto -ffat-lto-objects -MT alsactl-info.o -MD -MP -MF .deps/alsactl-info.Tpo -c -o alsactl-info.o `test -f 'info.c' || echo './'`info.c
mv -f .deps/alsactl-utils.Tpo .deps/alsactl-utils.Po
/bin/sed -r -e 's,@sbindir\@,/usr/sbin,g' -e 's,@mydatadir\@,/usr/share/alsa,g' -e 's,@daemonswitch\@,/etc/alsa/state-daemon.conf,g' -e 's,@asoundrcfile\@,/var/lib/alsa/asound.state,g' < 90-alsa-restore.rules.in > 90-alsa-restore.rules || rm 90-alsa-restore.rules
mv -f .deps/alsactl-alsactl.Tpo .deps/alsactl-alsactl.Po
mv -f .deps/alsactl-monitor.Tpo .deps/alsactl-monitor.Po
mv -f .deps/alsactl-clean.Tpo .deps/alsactl-clean.Po
mv -f .deps/alsactl-daemon.Tpo .deps/alsactl-daemon.Po
mv -f .deps/alsactl-info.Tpo .deps/alsactl-info.Po
mv -f .deps/alsactl-state.Tpo .deps/alsactl-state.Po
mv -f .deps/alsactl-init_parse.Tpo .deps/alsactl-init_parse.Po
/bin/sh ../libtool  --tag=CC   --mode=link gcc -D_GNU_SOURCE -D__USE_GNU -DSYS_ASOUNDRC=\"/var/lib/alsa/asound.state\" -DSYS_LOCKPATH=\"/var/lock\" -DSYS_LOCKFILE=\"asound.state.lock\" -DSYS_PIDFILE=\"/var/run/alsactl.pid\" -O2 -m64 -march=x86-64 -mtune=generic -flto=auto -ffat-lto-objects   -o alsactl alsactl-alsactl.o alsactl-state.o alsactl-lock.o alsactl-utils.o alsactl-init_parse.o alsactl-init_ucm.o alsactl-daemon.o alsactl-monitor.o alsactl-clean.o alsactl-info.o  -lasound -lm -lpthread
libtool: link: gcc -D_GNU_SOURCE -D__USE_GNU -DSYS_ASOUNDRC=\"/var/lib/alsa/asound.state\" -DSYS_LOCKPATH=\"/var/lock\" -DSYS_LOCKFILE=\"asound.state.lock\" -DSYS_PIDFILE=\"/var/run/alsactl.pid\" -O2 -m64 -march=x86-64 -mtune=generic -flto=auto -ffat-lto-objects -o alsactl alsactl-alsactl.o alsactl-state.o alsactl-lock.o alsactl-utils.o alsactl-init_parse.o alsactl-init_ucm.o alsactl-daemon.o alsactl-monitor.o alsactl-clean.o alsactl-info.o  -lasound -lm -lpthread
make[2]: Leaving directory '/home/devel/building/work/src/alsa-utils-1.2.10/alsactl'
make[1]: Leaving directory '/home/devel/building/work/src/alsa-utils-1.2.10/alsactl'
Making all in utils
make[1]: Entering directory '/home/devel/building/work/src/alsa-utils-1.2.10/utils'
make[1]: Nothing to be done for 'all'.
make[1]: Leaving directory '/home/devel/building/work/src/alsa-utils-1.2.10/utils'
Making all in m4
make[1]: Entering directory '/home/devel/building/work/src/alsa-utils-1.2.10/m4'
make[1]: Nothing to be done for 'all'.
make[1]: Leaving directory '/home/devel/building/work/src/alsa-utils-1.2.10/m4'
Making all in po
make[1]: Entering directory '/home/devel/building/work/src/alsa-utils-1.2.10/po'
make[1]: Nothing to be done for 'all'.
make[1]: Leaving directory '/home/devel/building/work/src/alsa-utils-1.2.10/po'
Making all in alsa-info
make[1]: Entering directory '/home/devel/building/work/src/alsa-utils-1.2.10/alsa-info'
make[1]: Nothing to be done for 'all'.
make[1]: Leaving directory '/home/devel/building/work/src/alsa-utils-1.2.10/alsa-info'
Making all in alsamixer
make[1]: Entering directory '/home/devel/building/work/src/alsa-utils-1.2.10/alsamixer'
gcc -DHAVE_CONFIG_H -I. -I../include  -I../include  -D_GNU_SOURCE -D_DEFAULT_SOURCE -D_XOPEN_SOURCE=600 -DCURSESINC="<ncurses.h>" -O2 -m64 -march=x86-64 -mtune=generic -flto=auto -ffat-lto-objects -MT alsamixer-card_select.o -MD -MP -MF .deps/alsamixer-card_select.Tpo -c -o alsamixer-card_select.o `test -f 'card_select.c' || echo './'`card_select.c
gcc -DHAVE_CONFIG_H -I. -I../include  -I../include  -D_GNU_SOURCE -D_DEFAULT_SOURCE -D_XOPEN_SOURCE=600 -DCURSESINC="<ncurses.h>" -O2 -m64 -march=x86-64 -mtune=generic -flto=auto -ffat-lto-objects -MT alsamixer-bindings.o -MD -MP -MF .deps/alsamixer-bindings.Tpo -c -o alsamixer-bindings.o `test -f 'bindings.c' || echo './'`bindings.c
gcc -DHAVE_CONFIG_H -I. -I../include  -I../include  -D_GNU_SOURCE -D_DEFAULT_SOURCE -D_XOPEN_SOURCE=600 -DCURSESINC="<ncurses.h>" -O2 -m64 -march=x86-64 -mtune=generic -flto=auto -ffat-lto-objects -MT alsamixer-cli.o -MD -MP -MF .deps/alsamixer-cli.Tpo -c -o alsamixer-cli.o `test -f 'cli.c' || echo './'`cli.c
gcc -DHAVE_CONFIG_H -I. -I../include  -I../include  -D_GNU_SOURCE -D_DEFAULT_SOURCE -D_XOPEN_SOURCE=600 -DCURSESINC="<ncurses.h>" -O2 -m64 -march=x86-64 -mtune=generic -flto=auto -ffat-lto-objects -MT alsamixer-colors.o -MD -MP -MF .deps/alsamixer-colors.Tpo -c -o alsamixer-colors.o `test -f 'colors.c' || echo './'`colors.c
gcc -DHAVE_CONFIG_H -I. -I../include  -I../include  -D_GNU_SOURCE -D_DEFAULT_SOURCE -D_XOPEN_SOURCE=600 -DCURSESINC="<ncurses.h>" -O2 -m64 -march=x86-64 -mtune=generic -flto=auto -ffat-lto-objects -MT alsamixer-curskey.o -MD -MP -MF .deps/alsamixer-curskey.Tpo -c -o alsamixer-curskey.o `test -f 'curskey.c' || echo './'`curskey.c
gcc -DHAVE_CONFIG_H -I. -I../include  -I../include  -D_GNU_SOURCE -D_DEFAULT_SOURCE -D_XOPEN_SOURCE=600 -DCURSESINC="<ncurses.h>" -O2 -m64 -march=x86-64 -mtune=generic -flto=auto -ffat-lto-objects -MT alsamixer-configparser.o -MD -MP -MF .deps/alsamixer-configparser.Tpo -c -o alsamixer-configparser.o `test -f 'configparser.c' || echo './'`configparser.c
gcc -DHAVE_CONFIG_H -I. -I../include  -I../include  -D_GNU_SOURCE -D_DEFAULT_SOURCE -D_XOPEN_SOURCE=600 -DCURSESINC="<ncurses.h>" -O2 -m64 -march=x86-64 -mtune=generic -flto=auto -ffat-lto-objects -MT alsamixer-device_name.o -MD -MP -MF .deps/alsamixer-device_name.Tpo -c -o alsamixer-device_name.o `test -f 'device_name.c' || echo './'`device_name.c
gcc -DHAVE_CONFIG_H -I. -I../include  -I../include  -D_GNU_SOURCE -D_DEFAULT_SOURCE -D_XOPEN_SOURCE=600 -DCURSESINC="<ncurses.h>" -O2 -m64 -march=x86-64 -mtune=generic -flto=auto -ffat-lto-objects -MT alsamixer-die.o -MD -MP -MF .deps/alsamixer-die.Tpo -c -o alsamixer-die.o `test -f 'die.c' || echo './'`die.c
mv -f .deps/alsamixer-bindings.Tpo .deps/alsamixer-bindings.Po
gcc -DHAVE_CONFIG_H -I. -I../include  -I../include  -D_GNU_SOURCE -D_DEFAULT_SOURCE -D_XOPEN_SOURCE=600 -DCURSESINC="<ncurses.h>" -O2 -m64 -march=x86-64 -mtune=generic -flto=auto -ffat-lto-objects -MT alsamixer-mainloop.o -MD -MP -MF .deps/alsamixer-mainloop.Tpo -c -o alsamixer-mainloop.o `test -f 'mainloop.c' || echo './'`mainloop.c
mv -f .deps/alsamixer-colors.Tpo .deps/alsamixer-colors.Po
mv -f .deps/alsamixer-die.Tpo .deps/alsamixer-die.Po
gcc -DHAVE_CONFIG_H -I. -I../include  -I../include  -D_GNU_SOURCE -D_DEFAULT_SOURCE -D_XOPEN_SOURCE=600 -DCURSESINC="<ncurses.h>" -O2 -m64 -march=x86-64 -mtune=generic -flto=auto -ffat-lto-objects -MT alsamixer-mem.o -MD -MP -MF .deps/alsamixer-mem.Tpo -c -o alsamixer-mem.o `test -f 'mem.c' || echo './'`mem.c
gcc -DHAVE_CONFIG_H -I. -I../include  -I../include  -D_GNU_SOURCE -D_DEFAULT_SOURCE -D_XOPEN_SOURCE=600 -DCURSESINC="<ncurses.h>" -O2 -m64 -march=x86-64 -mtune=generic -flto=auto -ffat-lto-objects -MT alsamixer-menu_widget.o -MD -MP -MF .deps/alsamixer-menu_widget.Tpo -c -o alsamixer-menu_widget.o `test -f 'menu_widget.c' || echo './'`menu_widget.c
mv -f .deps/alsamixer-device_name.Tpo .deps/alsamixer-device_name.Po
mv -f .deps/alsamixer-card_select.Tpo .deps/alsamixer-card_select.Po
gcc -DHAVE_CONFIG_H -I. -I../include  -I../include  -D_GNU_SOURCE -D_DEFAULT_SOURCE -D_XOPEN_SOURCE=600 -DCURSESINC="<ncurses.h>" -O2 -m64 -march=x86-64 -mtune=generic -flto=auto -ffat-lto-objects -MT alsamixer-mixer_clickable.o -MD -MP -MF .deps/alsamixer-mixer_clickable.Tpo -c -o alsamixer-mixer_clickable.o `test -f 'mixer_clickable.c' || echo './'`mixer_clickable.c
gcc -DHAVE_CONFIG_H -I. -I../include  -I../include  -D_GNU_SOURCE -D_DEFAULT_SOURCE -D_XOPEN_SOURCE=600 -DCURSESINC="<ncurses.h>" -O2 -m64 -march=x86-64 -mtune=generic -flto=auto -ffat-lto-objects -MT alsamixer-mixer_controls.o -MD -MP -MF .deps/alsamixer-mixer_controls.Tpo -c -o alsamixer-mixer_controls.o `test -f 'mixer_controls.c' || echo './'`mixer_controls.c
mv -f .deps/alsamixer-curskey.Tpo .deps/alsamixer-curskey.Po
gcc -DHAVE_CONFIG_H -I. -I../include  -I../include  -D_GNU_SOURCE -D_DEFAULT_SOURCE -D_XOPEN_SOURCE=600 -DCURSESINC="<ncurses.h>" -O2 -m64 -march=x86-64 -mtune=generic -flto=auto -ffat-lto-objects -MT alsamixer-mixer_display.o -MD -MP -MF .deps/alsamixer-mixer_display.Tpo -c -o alsamixer-mixer_display.o `test -f 'mixer_display.c' || echo './'`mixer_display.c
mv -f .deps/alsamixer-mem.Tpo .deps/alsamixer-mem.Po
gcc -DHAVE_CONFIG_H -I. -I../include  -I../include  -D_GNU_SOURCE -D_DEFAULT_SOURCE -D_XOPEN_SOURCE=600 -DCURSESINC="<ncurses.h>" -O2 -m64 -march=x86-64 -mtune=generic -flto=auto -ffat-lto-objects -MT alsamixer-mixer_widget.o -MD -MP -MF .deps/alsamixer-mixer_widget.Tpo -c -o alsamixer-mixer_widget.o `test -f 'mixer_widget.c' || echo './'`mixer_widget.c
mv -f .deps/alsamixer-cli.Tpo .deps/alsamixer-cli.Po
gcc -DHAVE_CONFIG_H -I. -I../include  -I../include  -D_GNU_SOURCE -D_DEFAULT_SOURCE -D_XOPEN_SOURCE=600 -DCURSESINC="<ncurses.h>" -O2 -m64 -march=x86-64 -mtune=generic -flto=auto -ffat-lto-objects -MT alsamixer-proc_files.o -MD -MP -MF .deps/alsamixer-proc_files.Tpo -c -o alsamixer-proc_files.o `test -f 'proc_files.c' || echo './'`proc_files.c
mv -f .deps/alsamixer-menu_widget.Tpo .deps/alsamixer-menu_widget.Po
mv -f .deps/alsamixer-mainloop.Tpo .deps/alsamixer-mainloop.Po
gcc -DHAVE_CONFIG_H -I. -I../include  -I../include  -D_GNU_SOURCE -D_DEFAULT_SOURCE -D_XOPEN_SOURCE=600 -DCURSESINC="<ncurses.h>" -O2 -m64 -march=x86-64 -mtune=generic -flto=auto -ffat-lto-objects -MT alsamixer-textbox.o -MD -MP -MF .deps/alsamixer-textbox.Tpo -c -o alsamixer-textbox.o `test -f 'textbox.c' || echo './'`textbox.c
gcc -DHAVE_CONFIG_H -I. -I../include  -I../include  -D_GNU_SOURCE -D_DEFAULT_SOURCE -D_XOPEN_SOURCE=600 -DCURSESINC="<ncurses.h>" -O2 -m64 -march=x86-64 -mtune=generic -flto=auto -ffat-lto-objects -MT alsamixer-utils.o -MD -MP -MF .deps/alsamixer-utils.Tpo -c -o alsamixer-utils.o `test -f 'utils.c' || echo './'`utils.c
mv -f .deps/alsamixer-proc_files.Tpo .deps/alsamixer-proc_files.Po
gcc -DHAVE_CONFIG_H -I. -I../include  -I../include  -D_GNU_SOURCE -D_DEFAULT_SOURCE -D_XOPEN_SOURCE=600 -DCURSESINC="<ncurses.h>" -O2 -m64 -march=x86-64 -mtune=generic -flto=auto -ffat-lto-objects -MT alsamixer-volume_mapping.o -MD -MP -MF .deps/alsamixer-volume_mapping.Tpo -c -o alsamixer-volume_mapping.o `test -f 'volume_mapping.c' || echo './'`volume_mapping.c
mv -f .deps/alsamixer-mixer_clickable.Tpo .deps/alsamixer-mixer_clickable.Po
gcc -DHAVE_CONFIG_H -I. -I../include  -I../include  -D_GNU_SOURCE -D_DEFAULT_SOURCE -D_XOPEN_SOURCE=600 -DCURSESINC="<ncurses.h>" -O2 -m64 -march=x86-64 -mtune=generic -flto=auto -ffat-lto-objects -MT alsamixer-widget.o -MD -MP -MF .deps/alsamixer-widget.Tpo -c -o alsamixer-widget.o `test -f 'widget.c' || echo './'`widget.c
mv -f .deps/alsamixer-utils.Tpo .deps/alsamixer-utils.Po
mv -f .deps/alsamixer-configparser.Tpo .deps/alsamixer-configparser.Po
mv -f .deps/alsamixer-textbox.Tpo .deps/alsamixer-textbox.Po
mv -f .deps/alsamixer-widget.Tpo .deps/alsamixer-widget.Po
mv -f .deps/alsamixer-volume_mapping.Tpo .deps/alsamixer-volume_mapping.Po
mv -f .deps/alsamixer-mixer_controls.Tpo .deps/alsamixer-mixer_controls.Po
mv -f .deps/alsamixer-mixer_widget.Tpo .deps/alsamixer-mixer_widget.Po
mv -f .deps/alsamixer-mixer_display.Tpo .deps/alsamixer-mixer_display.Po
/bin/sh ../libtool  --tag=CC   --mode=link gcc -D_GNU_SOURCE -D_DEFAULT_SOURCE -D_XOPEN_SOURCE=600 -DCURSESINC="<ncurses.h>" -O2 -m64 -march=x86-64 -mtune=generic -flto=auto -ffat-lto-objects   -o alsamixer alsamixer-card_select.o alsamixer-bindings.o alsamixer-cli.o alsamixer-colors.o alsamixer-curskey.o alsamixer-configparser.o alsamixer-device_name.o alsamixer-die.o alsamixer-mainloop.o alsamixer-mem.o alsamixer-menu_widget.o alsamixer-mixer_clickable.o alsamixer-mixer_controls.o alsamixer-mixer_display.o alsamixer-mixer_widget.o alsamixer-proc_files.o alsamixer-textbox.o alsamixer-utils.o alsamixer-volume_mapping.o alsamixer-widget.o -lform -lmenu -lpanel -lncursesw -ltinfo -lasound -lm -lpthread
libtool: link: gcc -D_GNU_SOURCE -D_DEFAULT_SOURCE -D_XOPEN_SOURCE=600 "-DCURSESINC=<ncurses.h>" -O2 -m64 -march=x86-64 -mtune=generic -flto=auto -ffat-lto-objects -o alsamixer alsamixer-card_select.o alsamixer-bindings.o alsamixer-cli.o alsamixer-colors.o alsamixer-curskey.o alsamixer-configparser.o alsamixer-device_name.o alsamixer-die.o alsamixer-mainloop.o alsamixer-mem.o alsamixer-menu_widget.o alsamixer-mixer_clickable.o alsamixer-mixer_controls.o alsamixer-mixer_display.o alsamixer-mixer_widget.o alsamixer-proc_files.o alsamixer-textbox.o alsamixer-utils.o alsamixer-volume_mapping.o alsamixer-widget.o  -lform -lmenu -lpanel -lncursesw -ltinfo -lasound -lm -lpthread
make[1]: Leaving directory '/home/devel/building/work/src/alsa-utils-1.2.10/alsamixer'
Making all in amixer
make[1]: Entering directory '/home/devel/building/work/src/alsa-utils-1.2.10/amixer'
depbase=`echo amixer.o | sed 's|[^/]*$|.deps/&|;s|\.o$||'`;\
gcc -DHAVE_CONFIG_H -I. -I../include  -I../include  -D_GNU_SOURCE -O2 -m64 -march=x86-64 -mtune=generic -flto=auto -ffat-lto-objects -MT amixer.o -MD -MP -MF $depbase.Tpo -c -o amixer.o amixer.c &&\
mv -f $depbase.Tpo $depbase.Po
depbase=`echo volume_mapping.o | sed 's|[^/]*$|.deps/&|;s|\.o$||'`;\
gcc -DHAVE_CONFIG_H -I. -I../include  -I../include  -D_GNU_SOURCE -O2 -m64 -march=x86-64 -mtune=generic -flto=auto -ffat-lto-objects -MT volume_mapping.o -MD -MP -MF $depbase.Tpo -c -o volume_mapping.o volume_mapping.c &&\
mv -f $depbase.Tpo $depbase.Po
/bin/sh ../libtool  --tag=CC   --mode=link gcc -D_GNU_SOURCE -O2 -m64 -march=x86-64 -mtune=generic -flto=auto -ffat-lto-objects   -o amixer amixer.o volume_mapping.o -lm -lasound -lm -lpthread
libtool: link: gcc -D_GNU_SOURCE -O2 -m64 -march=x86-64 -mtune=generic -flto=auto -ffat-lto-objects -o amixer amixer.o volume_mapping.o  -lasound -lm -lpthread
make[1]: Leaving directory '/home/devel/building/work/src/alsa-utils-1.2.10/amixer'
Making all in amidi
make[1]: Entering directory '/home/devel/building/work/src/alsa-utils-1.2.10/amidi'
depbase=`echo amidi.o | sed 's|[^/]*$|.deps/&|;s|\.o$||'`;\
gcc -DHAVE_CONFIG_H -I. -I../include  -I../include   -O2 -m64 -march=x86-64 -mtune=generic -flto=auto -ffat-lto-objects -MT amidi.o -MD -MP -MF $depbase.Tpo -c -o amidi.o amidi.c &&\
mv -f $depbase.Tpo $depbase.Po
/bin/sh ../libtool  --tag=CC   --mode=link gcc  -O2 -m64 -march=x86-64 -mtune=generic -flto=auto -ffat-lto-objects   -o amidi amidi.o  -lasound -lm -lpthread
libtool: link: gcc -O2 -m64 -march=x86-64 -mtune=generic -flto=auto -ffat-lto-objects -o amidi amidi.o  -lasound -lm -lpthread
make[1]: Leaving directory '/home/devel/building/work/src/alsa-utils-1.2.10/amidi'
Making all in aplay
make[1]: Entering directory '/home/devel/building/work/src/alsa-utils-1.2.10/aplay'
depbase=`echo aplay.o | sed 's|[^/]*$|.deps/&|;s|\.o$||'`;\
gcc -DHAVE_CONFIG_H -I. -I../include  -I../include   -O2 -m64 -march=x86-64 -mtune=generic -flto=auto -ffat-lto-objects -MT aplay.o -MD -MP -MF $depbase.Tpo -c -o aplay.o aplay.c &&\
mv -f $depbase.Tpo $depbase.Po
/bin/sh ../libtool  --tag=CC   --mode=link gcc  -O2 -m64 -march=x86-64 -mtune=generic -flto=auto -ffat-lto-objects   -o aplay aplay.o  -lrt -lasound -lm -lpthread
libtool: link: gcc -O2 -m64 -march=x86-64 -mtune=generic -flto=auto -ffat-lto-objects -o aplay aplay.o  -lrt -lasound -lm -lpthread
make[1]: Leaving directory '/home/devel/building/work/src/alsa-utils-1.2.10/aplay'
Making all in iecset
make[1]: Entering directory '/home/devel/building/work/src/alsa-utils-1.2.10/iecset'
depbase=`echo iecset.o | sed 's|[^/]*$|.deps/&|;s|\.o$||'`;\
gcc -DHAVE_CONFIG_H -I. -I../include  -I../include   -O2 -m64 -march=x86-64 -mtune=generic -flto=auto -ffat-lto-objects -MT iecset.o -MD -MP -MF $depbase.Tpo -c -o iecset.o iecset.c &&\
mv -f $depbase.Tpo $depbase.Po
depbase=`echo iecbits.o | sed 's|[^/]*$|.deps/&|;s|\.o$||'`;\
gcc -DHAVE_CONFIG_H -I. -I../include  -I../include   -O2 -m64 -march=x86-64 -mtune=generic -flto=auto -ffat-lto-objects -MT iecbits.o -MD -MP -MF $depbase.Tpo -c -o iecbits.o iecbits.c &&\
mv -f $depbase.Tpo $depbase.Po
/bin/sh ../libtool  --tag=CC   --mode=link gcc  -O2 -m64 -march=x86-64 -mtune=generic -flto=auto -ffat-lto-objects   -o iecset iecset.o iecbits.o -lm -lasound -lm -lpthread
libtool: link: gcc -O2 -m64 -march=x86-64 -mtune=generic -flto=auto -ffat-lto-objects -o iecset iecset.o iecbits.o  -lasound -lm -lpthread
make[1]: Leaving directory '/home/devel/building/work/src/alsa-utils-1.2.10/iecset'
Making all in speaker-test
make[1]: Entering directory '/home/devel/building/work/src/alsa-utils-1.2.10/speaker-test'
Making all in samples
make[2]: Entering directory '/home/devel/building/work/src/alsa-utils-1.2.10/speaker-test/samples'
make[2]: Nothing to be done for 'all'.
make[2]: Leaving directory '/home/devel/building/work/src/alsa-utils-1.2.10/speaker-test/samples'
make[2]: Entering directory '/home/devel/building/work/src/alsa-utils-1.2.10/speaker-test'
depbase=`echo speaker-test.o | sed 's|[^/]*$|.deps/&|;s|\.o$||'`;\
gcc -DHAVE_CONFIG_H -I. -I../include  -I../include   -O2 -m64 -march=x86-64 -mtune=generic -flto=auto -ffat-lto-objects -MT speaker-test.o -MD -MP -MF $depbase.Tpo -c -o speaker-test.o speaker-test.c &&\
mv -f $depbase.Tpo $depbase.Po
depbase=`echo pink.o | sed 's|[^/]*$|.deps/&|;s|\.o$||'`;\
gcc -DHAVE_CONFIG_H -I. -I../include  -I../include   -O2 -m64 -march=x86-64 -mtune=generic -flto=auto -ffat-lto-objects -MT pink.o -MD -MP -MF $depbase.Tpo -c -o pink.o pink.c &&\
mv -f $depbase.Tpo $depbase.Po
/bin/sh ../libtool  --tag=CC   --mode=link gcc  -O2 -m64 -march=x86-64 -mtune=generic -flto=auto -ffat-lto-objects   -o speaker-test speaker-test.o pink.o  -lm -lasound -lm -lpthread
libtool: link: gcc -O2 -m64 -march=x86-64 -mtune=generic -flto=auto -ffat-lto-objects -o speaker-test speaker-test.o pink.o  -lasound -lm -lpthread
make[2]: Leaving directory '/home/devel/building/work/src/alsa-utils-1.2.10/speaker-test'
make[1]: Leaving directory '/home/devel/building/work/src/alsa-utils-1.2.10/speaker-test'
Making all in axfer
make[1]: Entering directory '/home/devel/building/work/src/alsa-utils-1.2.10/axfer'
Making all in test
make[2]: Entering directory '/home/devel/building/work/src/alsa-utils-1.2.10/axfer/test'
make[2]: Nothing to be done for 'all'.
make[2]: Leaving directory '/home/devel/building/work/src/alsa-utils-1.2.10/axfer/test'
make[2]: Entering directory '/home/devel/building/work/src/alsa-utils-1.2.10/axfer'
depbase=`echo main.o | sed 's|[^/]*$|.deps/&|;s|\.o$||'`;\
gcc -DHAVE_CONFIG_H -I. -I../include  -I../include   -O2 -m64 -march=x86-64 -mtune=generic -flto=auto -ffat-lto-objects -MT main.o -MD -MP -MF $depbase.Tpo -c -o main.o main.c &&\
mv -f $depbase.Tpo $depbase.Po
depbase=`echo subcmd-list.o | sed 's|[^/]*$|.deps/&|;s|\.o$||'`;\
gcc -DHAVE_CONFIG_H -I. -I../include  -I../include   -O2 -m64 -march=x86-64 -mtune=generic -flto=auto -ffat-lto-objects -MT subcmd-list.o -MD -MP -MF $depbase.Tpo -c -o subcmd-list.o subcmd-list.c &&\
mv -f $depbase.Tpo $depbase.Po
depbase=`echo container.o | sed 's|[^/]*$|.deps/&|;s|\.o$||'`;\
gcc -DHAVE_CONFIG_H -I. -I../include  -I../include   -O2 -m64 -march=x86-64 -mtune=generic -flto=auto -ffat-lto-objects -MT container.o -MD -MP -MF $depbase.Tpo -c -o container.o container.c &&\
mv -f $depbase.Tpo $depbase.Po
depbase=`echo container-riff-wave.o | sed 's|[^/]*$|.deps/&|;s|\.o$||'`;\
gcc -DHAVE_CONFIG_H -I. -I../include  -I../include   -O2 -m64 -march=x86-64 -mtune=generic -flto=auto -ffat-lto-objects -MT container-riff-wave.o -MD -MP -MF $depbase.Tpo -c -o container-riff-wave.o container-riff-wave.c &&\
mv -f $depbase.Tpo $depbase.Po
depbase=`echo container-au.o | sed 's|[^/]*$|.deps/&|;s|\.o$||'`;\
gcc -DHAVE_CONFIG_H -I. -I../include  -I../include   -O2 -m64 -march=x86-64 -mtune=generic -flto=auto -ffat-lto-objects -MT container-au.o -MD -MP -MF $depbase.Tpo -c -o container-au.o container-au.c &&\
mv -f $depbase.Tpo $depbase.Po
depbase=`echo container-voc.o | sed 's|[^/]*$|.deps/&|;s|\.o$||'`;\
gcc -DHAVE_CONFIG_H -I. -I../include  -I../include   -O2 -m64 -march=x86-64 -mtune=generic -flto=auto -ffat-lto-objects -MT container-voc.o -MD -MP -MF $depbase.Tpo -c -o container-voc.o container-voc.c &&\
mv -f $depbase.Tpo $depbase.Po
depbase=`echo container-raw.o | sed 's|[^/]*$|.deps/&|;s|\.o$||'`;\
gcc -DHAVE_CONFIG_H -I. -I../include  -I../include   -O2 -m64 -march=x86-64 -mtune=generic -flto=auto -ffat-lto-objects -MT container-raw.o -MD -MP -MF $depbase.Tpo -c -o container-raw.o container-raw.c &&\
mv -f $depbase.Tpo $depbase.Po
depbase=`echo mapper.o | sed 's|[^/]*$|.deps/&|;s|\.o$||'`;\
gcc -DHAVE_CONFIG_H -I. -I../include  -I../include   -O2 -m64 -march=x86-64 -mtune=generic -flto=auto -ffat-lto-objects -MT mapper.o -MD -MP -MF $depbase.Tpo -c -o mapper.o mapper.c &&\
mv -f $depbase.Tpo $depbase.Po
depbase=`echo mapper-single.o | sed 's|[^/]*$|.deps/&|;s|\.o$||'`;\
gcc -DHAVE_CONFIG_H -I. -I../include  -I../include   -O2 -m64 -march=x86-64 -mtune=generic -flto=auto -ffat-lto-objects -MT mapper-single.o -MD -MP -MF $depbase.Tpo -c -o mapper-single.o mapper-single.c &&\
mv -f $depbase.Tpo $depbase.Po
depbase=`echo mapper-multiple.o | sed 's|[^/]*$|.deps/&|;s|\.o$||'`;\
gcc -DHAVE_CONFIG_H -I. -I../include  -I../include   -O2 -m64 -march=x86-64 -mtune=generic -flto=auto -ffat-lto-objects -MT mapper-multiple.o -MD -MP -MF $depbase.Tpo -c -o mapper-multiple.o mapper-multiple.c &&\
mv -f $depbase.Tpo $depbase.Po
depbase=`echo xfer.o | sed 's|[^/]*$|.deps/&|;s|\.o$||'`;\
gcc -DHAVE_CONFIG_H -I. -I../include  -I../include   -O2 -m64 -march=x86-64 -mtune=generic -flto=auto -ffat-lto-objects -MT xfer.o -MD -MP -MF $depbase.Tpo -c -o xfer.o xfer.c &&\
mv -f $depbase.Tpo $depbase.Po
depbase=`echo xfer-options.o | sed 's|[^/]*$|.deps/&|;s|\.o$||'`;\
gcc -DHAVE_CONFIG_H -I. -I../include  -I../include   -O2 -m64 -march=x86-64 -mtune=generic -flto=auto -ffat-lto-objects -MT xfer-options.o -MD -MP -MF $depbase.Tpo -c -o xfer-options.o xfer-options.c &&\
mv -f $depbase.Tpo $depbase.Po
depbase=`echo xfer-libasound.o | sed 's|[^/]*$|.deps/&|;s|\.o$||'`;\
gcc -DHAVE_CONFIG_H -I. -I../include  -I../include   -O2 -m64 -march=x86-64 -mtune=generic -flto=auto -ffat-lto-objects -MT xfer-libasound.o -MD -MP -MF $depbase.Tpo -c -o xfer-libasound.o xfer-libasound.c &&\
mv -f $depbase.Tpo $depbase.Po
depbase=`echo frame-cache.o | sed 's|[^/]*$|.deps/&|;s|\.o$||'`;\
gcc -DHAVE_CONFIG_H -I. -I../include  -I../include   -O2 -m64 -march=x86-64 -mtune=generic -flto=auto -ffat-lto-objects -MT frame-cache.o -MD -MP -MF $depbase.Tpo -c -o frame-cache.o frame-cache.c &&\
mv -f $depbase.Tpo $depbase.Po
depbase=`echo xfer-libasound-irq-rw.o | sed 's|[^/]*$|.deps/&|;s|\.o$||'`;\
gcc -DHAVE_CONFIG_H -I. -I../include  -I../include   -O2 -m64 -march=x86-64 -mtune=generic -flto=auto -ffat-lto-objects -MT xfer-libasound-irq-rw.o -MD -MP -MF $depbase.Tpo -c -o xfer-libasound-irq-rw.o xfer-libasound-irq-rw.c &&\
mv -f $depbase.Tpo $depbase.Po
depbase=`echo subcmd-transfer.o | sed 's|[^/]*$|.deps/&|;s|\.o$||'`;\
gcc -DHAVE_CONFIG_H -I. -I../include  -I../include   -O2 -m64 -march=x86-64 -mtune=generic -flto=auto -ffat-lto-objects -MT subcmd-transfer.o -MD -MP -MF $depbase.Tpo -c -o subcmd-transfer.o subcmd-transfer.c &&\
mv -f $depbase.Tpo $depbase.Po
depbase=`echo xfer-libasound-irq-mmap.o | sed 's|[^/]*$|.deps/&|;s|\.o$||'`;\
gcc -DHAVE_CONFIG_H -I. -I../include  -I../include   -O2 -m64 -march=x86-64 -mtune=generic -flto=auto -ffat-lto-objects -MT xfer-libasound-irq-mmap.o -MD -MP -MF $depbase.Tpo -c -o xfer-libasound-irq-mmap.o xfer-libasound-irq-mmap.c &&\
mv -f $depbase.Tpo $depbase.Po
depbase=`echo waiter.o | sed 's|[^/]*$|.deps/&|;s|\.o$||'`;\
gcc -DHAVE_CONFIG_H -I. -I../include  -I../include   -O2 -m64 -march=x86-64 -mtune=generic -flto=auto -ffat-lto-objects -MT waiter.o -MD -MP -MF $depbase.Tpo -c -o waiter.o waiter.c &&\
mv -f $depbase.Tpo $depbase.Po
depbase=`echo waiter-poll.o | sed 's|[^/]*$|.deps/&|;s|\.o$||'`;\
gcc -DHAVE_CONFIG_H -I. -I../include  -I../include   -O2 -m64 -march=x86-64 -mtune=generic -flto=auto -ffat-lto-objects -MT waiter-poll.o -MD -MP -MF $depbase.Tpo -c -o waiter-poll.o waiter-poll.c &&\
mv -f $depbase.Tpo $depbase.Po
depbase=`echo waiter-select.o | sed 's|[^/]*$|.deps/&|;s|\.o$||'`;\
gcc -DHAVE_CONFIG_H -I. -I../include  -I../include   -O2 -m64 -march=x86-64 -mtune=generic -flto=auto -ffat-lto-objects -MT waiter-select.o -MD -MP -MF $depbase.Tpo -c -o waiter-select.o waiter-select.c &&\
mv -f $depbase.Tpo $depbase.Po
depbase=`echo waiter-epoll.o | sed 's|[^/]*$|.deps/&|;s|\.o$||'`;\
gcc -DHAVE_CONFIG_H -I. -I../include  -I../include   -O2 -m64 -march=x86-64 -mtune=generic -flto=auto -ffat-lto-objects -MT waiter-epoll.o -MD -MP -MF $depbase.Tpo -c -o waiter-epoll.o waiter-epoll.c &&\
mv -f $depbase.Tpo $depbase.Po
depbase=`echo xfer-libasound-timer-mmap.o | sed 's|[^/]*$|.deps/&|;s|\.o$||'`;\
gcc -DHAVE_CONFIG_H -I. -I../include  -I../include   -O2 -m64 -march=x86-64 -mtune=generic -flto=auto -ffat-lto-objects -MT xfer-libasound-timer-mmap.o -MD -MP -MF $depbase.Tpo -c -o xfer-libasound-timer-mmap.o xfer-libasound-timer-mmap.c &&\
mv -f $depbase.Tpo $depbase.Po
/bin/sh ../libtool  --tag=CC   --mode=link gcc  -O2 -m64 -march=x86-64 -mtune=generic -flto=auto -ffat-lto-objects   -o axfer main.o subcmd-list.o container.o container-riff-wave.o container-au.o container-voc.o container-raw.o mapper.o mapper-single.o mapper-multiple.o xfer.o xfer-options.o xfer-libasound.o frame-cache.o xfer-libasound-irq-rw.o subcmd-transfer.o xfer-libasound-irq-mmap.o waiter.o waiter-poll.o waiter-select.o waiter-epoll.o xfer-libasound-timer-mmap.o   -lrt  -lasound -lm -lpthread
libtool: link: gcc -O2 -m64 -march=x86-64 -mtune=generic -flto=auto -ffat-lto-objects -o axfer main.o subcmd-list.o container.o container-riff-wave.o container-au.o container-voc.o container-raw.o mapper.o mapper-single.o mapper-multiple.o xfer.o xfer-options.o xfer-libasound.o frame-cache.o xfer-libasound-irq-rw.o subcmd-transfer.o xfer-libasound-irq-mmap.o waiter.o waiter-poll.o waiter-select.o waiter-epoll.o xfer-libasound-timer-mmap.o  -lrt -lasound -lm -lpthread
make[2]: Leaving directory '/home/devel/building/work/src/alsa-utils-1.2.10/axfer'
make[1]: Leaving directory '/home/devel/building/work/src/alsa-utils-1.2.10/axfer'
Making all in alsaloop
make[1]: Entering directory '/home/devel/building/work/src/alsa-utils-1.2.10/alsaloop'
depbase=`echo alsaloop.o | sed 's|[^/]*$|.deps/&|;s|\.o$||'`;\
gcc -DHAVE_CONFIG_H -I. -I../include  -I../include  -D_GNU_SOURCE -O2 -m64 -march=x86-64 -mtune=generic -flto=auto -ffat-lto-objects -MT alsaloop.o -MD -MP -MF $depbase.Tpo -c -o alsaloop.o alsaloop.c &&\
mv -f $depbase.Tpo $depbase.Po
depbase=`echo pcmjob.o | sed 's|[^/]*$|.deps/&|;s|\.o$||'`;\
gcc -DHAVE_CONFIG_H -I. -I../include  -I../include  -D_GNU_SOURCE -O2 -m64 -march=x86-64 -mtune=generic -flto=auto -ffat-lto-objects -MT pcmjob.o -MD -MP -MF $depbase.Tpo -c -o pcmjob.o pcmjob.c &&\
mv -f $depbase.Tpo $depbase.Po
depbase=`echo control.o | sed 's|[^/]*$|.deps/&|;s|\.o$||'`;\
gcc -DHAVE_CONFIG_H -I. -I../include  -I../include  -D_GNU_SOURCE -O2 -m64 -march=x86-64 -mtune=generic -flto=auto -ffat-lto-objects -MT control.o -MD -MP -MF $depbase.Tpo -c -o control.o control.c &&\
mv -f $depbase.Tpo $depbase.Po
/bin/sh ../libtool  --tag=CC   --mode=link gcc -D_GNU_SOURCE -O2 -m64 -march=x86-64 -mtune=generic -flto=auto -ffat-lto-objects   -o alsaloop alsaloop.o pcmjob.o control.o -lm  -lasound -lm -lpthread
libtool: link: gcc -D_GNU_SOURCE -O2 -m64 -march=x86-64 -mtune=generic -flto=auto -ffat-lto-objects -o alsaloop alsaloop.o pcmjob.o control.o  -lasound -lm -lpthread
make[1]: Leaving directory '/home/devel/building/work/src/alsa-utils-1.2.10/alsaloop'
Making all in seq
make[1]: Entering directory '/home/devel/building/work/src/alsa-utils-1.2.10/seq'
Making all in aconnect
make[2]: Entering directory '/home/devel/building/work/src/alsa-utils-1.2.10/seq/aconnect'
depbase=`echo aconnect.o | sed 's|[^/]*$|.deps/&|;s|\.o$||'`;\
gcc -DHAVE_CONFIG_H -I. -I../../include  -I../../include   -O2 -m64 -march=x86-64 -mtune=generic -flto=auto -ffat-lto-objects -MT aconnect.o -MD -MP -MF $depbase.Tpo -c -o aconnect.o aconnect.c &&\
mv -f $depbase.Tpo $depbase.Po
/bin/sh ../../libtool  --tag=CC   --mode=link gcc  -O2 -m64 -march=x86-64 -mtune=generic -flto=auto -ffat-lto-objects   -o aconnect aconnect.o  -lasound -lm -lpthread
libtool: link: gcc -O2 -m64 -march=x86-64 -mtune=generic -flto=auto -ffat-lto-objects -o aconnect aconnect.o  -lasound -lm -lpthread
make[2]: Leaving directory '/home/devel/building/work/src/alsa-utils-1.2.10/seq/aconnect'
Making all in aplaymidi
make[2]: Entering directory '/home/devel/building/work/src/alsa-utils-1.2.10/seq/aplaymidi'
depbase=`echo aplaymidi.o | sed 's|[^/]*$|.deps/&|;s|\.o$||'`;\
gcc -DHAVE_CONFIG_H -I. -I../../include  -I../../include   -O2 -m64 -march=x86-64 -mtune=generic -flto=auto -ffat-lto-objects -MT aplaymidi.o -MD -MP -MF $depbase.Tpo -c -o aplaymidi.o aplaymidi.c &&\
mv -f $depbase.Tpo $depbase.Po
depbase=`echo arecordmidi.o | sed 's|[^/]*$|.deps/&|;s|\.o$||'`;\
gcc -DHAVE_CONFIG_H -I. -I../../include  -I../../include   -O2 -m64 -march=x86-64 -mtune=generic -flto=auto -ffat-lto-objects -MT arecordmidi.o -MD -MP -MF $depbase.Tpo -c -o arecordmidi.o arecordmidi.c &&\
mv -f $depbase.Tpo $depbase.Po
/bin/sh ../../libtool  --tag=CC   --mode=link gcc  -O2 -m64 -march=x86-64 -mtune=generic -flto=auto -ffat-lto-objects   -o arecordmidi arecordmidi.o  -lasound -lm -lpthread
/bin/sh ../../libtool  --tag=CC   --mode=link gcc  -O2 -m64 -march=x86-64 -mtune=generic -flto=auto -ffat-lto-objects   -o aplaymidi aplaymidi.o  -lasound -lm -lpthread
libtool: link: gcc -O2 -m64 -march=x86-64 -mtune=generic -flto=auto -ffat-lto-objects -o arecordmidi arecordmidi.o  -lasound -lm -lpthread
libtool: link: gcc -O2 -m64 -march=x86-64 -mtune=generic -flto=auto -ffat-lto-objects -o aplaymidi aplaymidi.o  -lasound -lm -lpthread
make[2]: Leaving directory '/home/devel/building/work/src/alsa-utils-1.2.10/seq/aplaymidi'
Making all in aseqdump
make[2]: Entering directory '/home/devel/building/work/src/alsa-utils-1.2.10/seq/aseqdump'
depbase=`echo aseqdump.o | sed 's|[^/]*$|.deps/&|;s|\.o$||'`;\
gcc -DHAVE_CONFIG_H -I. -I../../include  -I../../include   -O2 -m64 -march=x86-64 -mtune=generic -flto=auto -ffat-lto-objects -MT aseqdump.o -MD -MP -MF $depbase.Tpo -c -o aseqdump.o aseqdump.c &&\
mv -f $depbase.Tpo $depbase.Po
/bin/sh ../../libtool  --tag=CC   --mode=link gcc  -O2 -m64 -march=x86-64 -mtune=generic -flto=auto -ffat-lto-objects   -o aseqdump aseqdump.o  -lasound -lm -lpthread
libtool: link: gcc -O2 -m64 -march=x86-64 -mtune=generic -flto=auto -ffat-lto-objects -o aseqdump aseqdump.o  -lasound -lm -lpthread
make[2]: Leaving directory '/home/devel/building/work/src/alsa-utils-1.2.10/seq/aseqdump'
Making all in aseqnet
make[2]: Entering directory '/home/devel/building/work/src/alsa-utils-1.2.10/seq/aseqnet'
depbase=`echo aseqnet.o | sed 's|[^/]*$|.deps/&|;s|\.o$||'`;\
gcc -DHAVE_CONFIG_H -I. -I../../include  -I../../include   -O2 -m64 -march=x86-64 -mtune=generic -flto=auto -ffat-lto-objects -MT aseqnet.o -MD -MP -MF $depbase.Tpo -c -o aseqnet.o aseqnet.c &&\
mv -f $depbase.Tpo $depbase.Po
/bin/sh ../../libtool  --tag=CC   --mode=link gcc  -O2 -m64 -march=x86-64 -mtune=generic -flto=auto -ffat-lto-objects   -o aseqnet aseqnet.o  -lasound -lm -lpthread
libtool: link: gcc -O2 -m64 -march=x86-64 -mtune=generic -flto=auto -ffat-lto-objects -o aseqnet aseqnet.o  -lasound -lm -lpthread
make[2]: Leaving directory '/home/devel/building/work/src/alsa-utils-1.2.10/seq/aseqnet'
make[2]: Entering directory '/home/devel/building/work/src/alsa-utils-1.2.10/seq'
make[2]: Nothing to be done for 'all-am'.
make[2]: Leaving directory '/home/devel/building/work/src/alsa-utils-1.2.10/seq'
make[1]: Leaving directory '/home/devel/building/work/src/alsa-utils-1.2.10/seq'
Making all in alsaucm
make[1]: Entering directory '/home/devel/building/work/src/alsa-utils-1.2.10/alsaucm'
depbase=`echo usecase.o | sed 's|[^/]*$|.deps/&|;s|\.o$||'`;\
gcc -DHAVE_CONFIG_H -I. -I../include  -Wall -I../include   -O2 -m64 -march=x86-64 -mtune=generic -flto=auto -ffat-lto-objects -MT usecase.o -MD -MP -MF $depbase.Tpo -c -o usecase.o usecase.c &&\
mv -f $depbase.Tpo $depbase.Po
depbase=`echo dump.o | sed 's|[^/]*$|.deps/&|;s|\.o$||'`;\
gcc -DHAVE_CONFIG_H -I. -I../include  -Wall -I../include   -O2 -m64 -march=x86-64 -mtune=generic -flto=auto -ffat-lto-objects -MT dump.o -MD -MP -MF $depbase.Tpo -c -o dump.o dump.c &&\
mv -f $depbase.Tpo $depbase.Po
rst2man alsaucm.rst > alsaucm.1
/bin/sh ../libtool  --tag=CC   --mode=link gcc  -O2 -m64 -march=x86-64 -mtune=generic -flto=auto -ffat-lto-objects   -o alsaucm usecase.o dump.o  -lasound -lm -lpthread
libtool: link: gcc -O2 -m64 -march=x86-64 -mtune=generic -flto=auto -ffat-lto-objects -o alsaucm usecase.o dump.o  -lasound -lm -lpthread
make[1]: Leaving directory '/home/devel/building/work/src/alsa-utils-1.2.10/alsaucm'
Making all in topology
make[1]: Entering directory '/home/devel/building/work/src/alsa-utils-1.2.10/topology'
Making all in nhlt
make[2]: Entering directory '/home/devel/building/work/src/alsa-utils-1.2.10/topology/nhlt'
depbase=`echo nhlt-processor.lo | sed 's|[^/]*$|.deps/&|;s|\.lo$||'`;\
/bin/sh ../../libtool  --tag=CC   --mode=compile gcc -DHAVE_CONFIG_H -I. -I../../include    -Wall -fvisibility=hidden -I../../include -I../../topology -O2 -m64 -march=x86-64 -mtune=generic -flto=auto -ffat-lto-objects -MT nhlt-processor.lo -MD -MP -MF $depbase.Tpo -c -o nhlt-processor.lo nhlt-processor.c &&\
mv -f $depbase.Tpo $depbase.Plo
depbase=`echo intel/intel-nhlt.lo | sed 's|[^/]*$|.deps/&|;s|\.lo$||'`;\
/bin/sh ../../libtool  --tag=CC   --mode=compile gcc -DHAVE_CONFIG_H -I. -I../../include    -Wall -fvisibility=hidden -I../../include -I../../topology -O2 -m64 -march=x86-64 -mtune=generic -flto=auto -ffat-lto-objects -MT intel/intel-nhlt.lo -MD -MP -MF $depbase.Tpo -c -o intel/intel-nhlt.lo intel/intel-nhlt.c &&\
mv -f $depbase.Tpo $depbase.Plo
depbase=`echo intel/dmic-nhlt.lo | sed 's|[^/]*$|.deps/&|;s|\.lo$||'`;\
/bin/sh ../../libtool  --tag=CC   --mode=compile gcc -DHAVE_CONFIG_H -I. -I../../include    -Wall -fvisibility=hidden -I../../include -I../../topology -O2 -m64 -march=x86-64 -mtune=generic -flto=auto -ffat-lto-objects -MT intel/dmic-nhlt.lo -MD -MP -MF $depbase.Tpo -c -o intel/dmic-nhlt.lo intel/dmic-nhlt.c &&\
mv -f $depbase.Tpo $depbase.Plo
depbase=`echo intel/dmic/dmic-debug.lo | sed 's|[^/]*$|.deps/&|;s|\.lo$||'`;\
/bin/sh ../../libtool  --tag=CC   --mode=compile gcc -DHAVE_CONFIG_H -I. -I../../include    -Wall -fvisibility=hidden -I../../include -I../../topology -O2 -m64 -march=x86-64 -mtune=generic -flto=auto -ffat-lto-objects -MT intel/dmic/dmic-debug.lo -MD -MP -MF $depbase.Tpo -c -o intel/dmic/dmic-debug.lo intel/dmic/dmic-debug.c &&\
mv -f $depbase.Tpo $depbase.Plo
depbase=`echo intel/dmic/dmic-process.lo | sed 's|[^/]*$|.deps/&|;s|\.lo$||'`;\
/bin/sh ../../libtool  --tag=CC   --mode=compile gcc -DHAVE_CONFIG_H -I. -I../../include    -Wall -fvisibility=hidden -I../../include -I../../topology -O2 -m64 -march=x86-64 -mtune=generic -flto=auto -ffat-lto-objects -MT intel/dmic/dmic-process.lo -MD -MP -MF $depbase.Tpo -c -o intel/dmic/dmic-process.lo intel/dmic/dmic-process.c &&\
mv -f $depbase.Tpo $depbase.Plo
depbase=`echo intel/ssp-nhlt.lo | sed 's|[^/]*$|.deps/&|;s|\.lo$||'`;\
/bin/sh ../../libtool  --tag=CC   --mode=compile gcc -DHAVE_CONFIG_H -I. -I../../include    -Wall -fvisibility=hidden -I../../include -I../../topology -O2 -m64 -march=x86-64 -mtune=generic -flto=auto -ffat-lto-objects -MT intel/ssp-nhlt.lo -MD -MP -MF $depbase.Tpo -c -o intel/ssp-nhlt.lo intel/ssp-nhlt.c &&\
mv -f $depbase.Tpo $depbase.Plo
depbase=`echo intel/ssp/ssp-debug.lo | sed 's|[^/]*$|.deps/&|;s|\.lo$||'`;\
/bin/sh ../../libtool  --tag=CC   --mode=compile gcc -DHAVE_CONFIG_H -I. -I../../include    -Wall -fvisibility=hidden -I../../include -I../../topology -O2 -m64 -march=x86-64 -mtune=generic -flto=auto -ffat-lto-objects -MT intel/ssp/ssp-debug.lo -MD -MP -MF $depbase.Tpo -c -o intel/ssp/ssp-debug.lo intel/ssp/ssp-debug.c &&\
mv -f $depbase.Tpo $depbase.Plo
depbase=`echo intel/ssp/ssp-process.lo | sed 's|[^/]*$|.deps/&|;s|\.lo$||'`;\
/bin/sh ../../libtool  --tag=CC   --mode=compile gcc -DHAVE_CONFIG_H -I. -I../../include    -Wall -fvisibility=hidden -I../../include -I../../topology -O2 -m64 -march=x86-64 -mtune=generic -flto=auto -ffat-lto-objects -MT intel/ssp/ssp-process.lo -MD -MP -MF $depbase.Tpo -c -o intel/ssp/ssp-process.lo intel/ssp/ssp-process.c &&\
mv -f $depbase.Tpo $depbase.Plo
libtool: compile:  gcc -DHAVE_CONFIG_H -I. -I../../include -Wall -fvisibility=hidden -I../../include -I../../topology -O2 -m64 -march=x86-64 -mtune=generic -flto=auto -ffat-lto-objects -MT intel/intel-nhlt.lo -MD -MP -MF intel/.deps/intel-nhlt.Tpo -c intel/intel-nhlt.c  -fPIC -DPIC -o intel/.libs/intel-nhlt.o
libtool: compile:  gcc -DHAVE_CONFIG_H -I. -I../../include -Wall -fvisibility=hidden -I../../include -I../../topology -O2 -m64 -march=x86-64 -mtune=generic -flto=auto -ffat-lto-objects -MT intel/dmic-nhlt.lo -MD -MP -MF intel/.deps/dmic-nhlt.Tpo -c intel/dmic-nhlt.c  -fPIC -DPIC -o intel/.libs/dmic-nhlt.o
libtool: compile:  gcc -DHAVE_CONFIG_H -I. -I../../include -Wall -fvisibility=hidden -I../../include -I../../topology -O2 -m64 -march=x86-64 -mtune=generic -flto=auto -ffat-lto-objects -MT intel/dmic/dmic-debug.lo -MD -MP -MF intel/dmic/.deps/dmic-debug.Tpo -c intel/dmic/dmic-debug.c  -fPIC -DPIC -o intel/dmic/.libs/dmic-debug.o
libtool: compile:  gcc -DHAVE_CONFIG_H -I. -I../../include -Wall -fvisibility=hidden -I../../include -I../../topology -O2 -m64 -march=x86-64 -mtune=generic -flto=auto -ffat-lto-objects -MT intel/dmic/dmic-process.lo -MD -MP -MF intel/dmic/.deps/dmic-process.Tpo -c intel/dmic/dmic-process.c  -fPIC -DPIC -o intel/dmic/.libs/dmic-process.o
libtool: compile:  gcc -DHAVE_CONFIG_H -I. -I../../include -Wall -fvisibility=hidden -I../../include -I../../topology -O2 -m64 -march=x86-64 -mtune=generic -flto=auto -ffat-lto-objects -MT intel/ssp/ssp-debug.lo -MD -MP -MF intel/ssp/.deps/ssp-debug.Tpo -c intel/ssp/ssp-debug.c  -fPIC -DPIC -o intel/ssp/.libs/ssp-debug.o
libtool: compile:  gcc -DHAVE_CONFIG_H -I. -I../../include -Wall -fvisibility=hidden -I../../include -I../../topology -O2 -m64 -march=x86-64 -mtune=generic -flto=auto -ffat-lto-objects -MT nhlt-processor.lo -MD -MP -MF .deps/nhlt-processor.Tpo -c nhlt-processor.c  -fPIC -DPIC -o .libs/nhlt-processor.o
libtool: compile:  gcc -DHAVE_CONFIG_H -I. -I../../include -Wall -fvisibility=hidden -I../../include -I../../topology -O2 -m64 -march=x86-64 -mtune=generic -flto=auto -ffat-lto-objects -MT intel/ssp/ssp-process.lo -MD -MP -MF intel/ssp/.deps/ssp-process.Tpo -c intel/ssp/ssp-process.c  -fPIC -DPIC -o intel/ssp/.libs/ssp-process.o
libtool: compile:  gcc -DHAVE_CONFIG_H -I. -I../../include -Wall -fvisibility=hidden -I../../include -I../../topology -O2 -m64 -march=x86-64 -mtune=generic -flto=auto -ffat-lto-objects -MT intel/ssp-nhlt.lo -MD -MP -MF intel/.deps/ssp-nhlt.Tpo -c intel/ssp-nhlt.c  -fPIC -DPIC -o intel/.libs/ssp-nhlt.o
/bin/sh ../../libtool  --tag=CC   --mode=link gcc -Wall -fvisibility=hidden -I../../include -I../../topology -O2 -m64 -march=x86-64 -mtune=generic -flto=auto -ffat-lto-objects -module -avoid-version -export-dynamic -no-undefined   -o libalsatplg_module_nhlt.la -rpath /usr/lib/alsa-topology nhlt-processor.lo intel/intel-nhlt.lo intel/dmic-nhlt.lo intel/dmic/dmic-debug.lo intel/dmic/dmic-process.lo intel/ssp-nhlt.lo intel/ssp/ssp-debug.lo intel/ssp/ssp-process.lo -lasound -lm  -lpthread -lasound -lm -lpthread
libtool: link: gcc -shared  -fPIC -DPIC  .libs/nhlt-processor.o intel/.libs/intel-nhlt.o intel/.libs/dmic-nhlt.o intel/dmic/.libs/dmic-debug.o intel/dmic/.libs/dmic-process.o intel/.libs/ssp-nhlt.o intel/ssp/.libs/ssp-debug.o intel/ssp/.libs/ssp-process.o   -lasound -lm -lpthread  -O2 -m64 -march=x86-64 -mtune=generic -flto=auto   -Wl,-soname -Wl,libalsatplg_module_nhlt.so -o .libs/libalsatplg_module_nhlt.so
libtool: link: ( cd ".libs" && rm -f "libalsatplg_module_nhlt.la" && ln -s "../libalsatplg_module_nhlt.la" "libalsatplg_module_nhlt.la" )
make[2]: Leaving directory '/home/devel/building/work/src/alsa-utils-1.2.10/topology/nhlt'
make[2]: Entering directory '/home/devel/building/work/src/alsa-utils-1.2.10/topology'
depbase=`echo topology.o | sed 's|[^/]*$|.deps/&|;s|\.o$||'`;\
gcc -DHAVE_CONFIG_H -I. -I../include  -Wall -I../include -DALSA_TOPOLOGY_PLUGIN_DIR=\"/usr/lib/alsa-topology\"   -O2 -m64 -march=x86-64 -mtune=generic -flto=auto -ffat-lto-objects -MT topology.o -MD -MP -MF $depbase.Tpo -c -o topology.o topology.c &&\
mv -f $depbase.Tpo $depbase.Po
depbase=`echo pre-processor.o | sed 's|[^/]*$|.deps/&|;s|\.o$||'`;\
gcc -DHAVE_CONFIG_H -I. -I../include  -Wall -I../include -DALSA_TOPOLOGY_PLUGIN_DIR=\"/usr/lib/alsa-topology\"   -O2 -m64 -march=x86-64 -mtune=generic -flto=auto -ffat-lto-objects -MT pre-processor.o -MD -MP -MF $depbase.Tpo -c -o pre-processor.o pre-processor.c &&\
mv -f $depbase.Tpo $depbase.Po
depbase=`echo pre-process-class.o | sed 's|[^/]*$|.deps/&|;s|\.o$||'`;\
gcc -DHAVE_CONFIG_H -I. -I../include  -Wall -I../include -DALSA_TOPOLOGY_PLUGIN_DIR=\"/usr/lib/alsa-topology\"   -O2 -m64 -march=x86-64 -mtune=generic -flto=auto -ffat-lto-objects -MT pre-process-class.o -MD -MP -MF $depbase.Tpo -c -o pre-process-class.o pre-process-class.c &&\
mv -f $depbase.Tpo $depbase.Po
depbase=`echo pre-process-object.o | sed 's|[^/]*$|.deps/&|;s|\.o$||'`;\
gcc -DHAVE_CONFIG_H -I. -I../include  -Wall -I../include -DALSA_TOPOLOGY_PLUGIN_DIR=\"/usr/lib/alsa-topology\"   -O2 -m64 -march=x86-64 -mtune=generic -flto=auto -ffat-lto-objects -MT pre-process-object.o -MD -MP -MF $depbase.Tpo -c -o pre-process-object.o pre-process-object.c &&\
mv -f $depbase.Tpo $depbase.Po
depbase=`echo pre-process-dapm.o | sed 's|[^/]*$|.deps/&|;s|\.o$||'`;\
gcc -DHAVE_CONFIG_H -I. -I../include  -Wall -I../include -DALSA_TOPOLOGY_PLUGIN_DIR=\"/usr/lib/alsa-topology\"   -O2 -m64 -march=x86-64 -mtune=generic -flto=auto -ffat-lto-objects -MT pre-process-dapm.o -MD -MP -MF $depbase.Tpo -c -o pre-process-dapm.o pre-process-dapm.c &&\
mv -f $depbase.Tpo $depbase.Po
depbase=`echo pre-process-dai.o | sed 's|[^/]*$|.deps/&|;s|\.o$||'`;\
gcc -DHAVE_CONFIG_H -I. -I../include  -Wall -I../include -DALSA_TOPOLOGY_PLUGIN_DIR=\"/usr/lib/alsa-topology\"   -O2 -m64 -march=x86-64 -mtune=generic -flto=auto -ffat-lto-objects -MT pre-process-dai.o -MD -MP -MF $depbase.Tpo -c -o pre-process-dai.o pre-process-dai.c &&\
mv -f $depbase.Tpo $depbase.Po
rst2man alsatplg.rst > alsatplg.1
/bin/sh ../libtool  --tag=CC   --mode=link gcc  -O2 -m64 -march=x86-64 -mtune=generic -flto=auto -ffat-lto-objects   -o alsatplg topology.o pre-processor.o pre-process-class.o pre-process-object.o pre-process-dapm.o pre-process-dai.o -latopology -lasound -lm -lpthread
libtool: link: gcc -O2 -m64 -march=x86-64 -mtune=generic -flto=auto -ffat-lto-objects -o alsatplg topology.o pre-processor.o pre-process-class.o pre-process-object.o pre-process-dapm.o pre-process-dai.o  -latopology -lasound -lm -lpthread
make[2]: Leaving directory '/home/devel/building/work/src/alsa-utils-1.2.10/topology'
make[1]: Leaving directory '/home/devel/building/work/src/alsa-utils-1.2.10/topology'
Making all in nhlt
make[1]: Entering directory '/home/devel/building/work/src/alsa-utils-1.2.10/nhlt'
depbase=`echo nhlt-dmic-info.o | sed 's|[^/]*$|.deps/&|;s|\.o$||'`;\
gcc -DHAVE_CONFIG_H -I. -I../include  -I../include   -O2 -m64 -march=x86-64 -mtune=generic -flto=auto -ffat-lto-objects -MT nhlt-dmic-info.o -MD -MP -MF $depbase.Tpo -c -o nhlt-dmic-info.o nhlt-dmic-info.c &&\
mv -f $depbase.Tpo $depbase.Po
/bin/sh ../libtool  --tag=CC   --mode=link gcc  -O2 -m64 -march=x86-64 -mtune=generic -flto=auto -ffat-lto-objects   -o nhlt-dmic-info nhlt-dmic-info.o  -lasound -lm -lpthread
libtool: link: gcc -O2 -m64 -march=x86-64 -mtune=generic -flto=auto -ffat-lto-objects -o nhlt-dmic-info nhlt-dmic-info.o  -lasound -lm -lpthread
make[1]: Leaving directory '/home/devel/building/work/src/alsa-utils-1.2.10/nhlt'
make[1]: Entering directory '/home/devel/building/work/src/alsa-utils-1.2.10'
make[1]: Nothing to be done for 'all-am'.
make[1]: Leaving directory '/home/devel/building/work/src/alsa-utils-1.2.10'
+ make DESTDIR=/home/devel/building/work/pkg install
Making install in include
make[1]: Entering directory '/home/devel/building/work/src/alsa-utils-1.2.10/include'
make[2]: Entering directory '/home/devel/building/work/src/alsa-utils-1.2.10/include'
make[2]: Nothing to be done for 'install-exec-am'.
make[2]: Nothing to be done for 'install-data-am'.
make[2]: Leaving directory '/home/devel/building/work/src/alsa-utils-1.2.10/include'
make[1]: Leaving directory '/home/devel/building/work/src/alsa-utils-1.2.10/include'
Making install in alsactl
make[1]: Entering directory '/home/devel/building/work/src/alsa-utils-1.2.10/alsactl'
Making install in init
make[2]: Entering directory '/home/devel/building/work/src/alsa-utils-1.2.10/alsactl/init'
make[3]: Entering directory '/home/devel/building/work/src/alsa-utils-1.2.10/alsactl/init'
make[3]: Nothing to be done for 'install-exec-am'.
 /bin/mkdir -p '/home/devel/building/work/pkg/usr/share/alsa/init'
 /usr/bin/install -c -m 644 00main default help info test hda ca0106 '/home/devel/building/work/pkg/usr/share/alsa/init'
make[3]: Leaving directory '/home/devel/building/work/src/alsa-utils-1.2.10/alsactl/init'
make[2]: Leaving directory '/home/devel/building/work/src/alsa-utils-1.2.10/alsactl/init'
make[2]: Entering directory '/home/devel/building/work/src/alsa-utils-1.2.10/alsactl'
make[3]: Entering directory '/home/devel/building/work/src/alsa-utils-1.2.10/alsactl'
 /bin/mkdir -p '/home/devel/building/work/pkg/usr/sbin'
 /bin/mkdir -p '/home/devel/building/work/pkg/usr/share/man/man1'
 /bin/mkdir -p '/home/devel/building/work/pkg/usr/share/man/man7'
 /bin/mkdir -p '/home/devel/building/work/pkg/lib/udev/rules.d'
  /bin/sh ../libtool   --mode=install /usr/bin/install -c alsactl '/home/devel/building/work/pkg/usr/sbin'
 /usr/bin/install -c -m 644 90-alsa-restore.rules '/home/devel/building/work/pkg/lib/udev/rules.d'
 /usr/bin/install -c -m 644 alsactl.1 '/home/devel/building/work/pkg/usr/share/man/man1'
make  install-data-hook
make[4]: Entering directory '/home/devel/building/work/src/alsa-utils-1.2.10/alsactl'
make[4]: Nothing to be done for 'install-data-hook'.
make[4]: Leaving directory '/home/devel/building/work/src/alsa-utils-1.2.10/alsactl'
libtool: install: /usr/bin/install -c alsactl /home/devel/building/work/pkg/usr/sbin/alsactl
make[3]: Leaving directory '/home/devel/building/work/src/alsa-utils-1.2.10/alsactl'
make[2]: Leaving directory '/home/devel/building/work/src/alsa-utils-1.2.10/alsactl'
make[1]: Leaving directory '/home/devel/building/work/src/alsa-utils-1.2.10/alsactl'
Making install in utils
make[1]: Entering directory '/home/devel/building/work/src/alsa-utils-1.2.10/utils'
make[2]: Entering directory '/home/devel/building/work/src/alsa-utils-1.2.10/utils'
make[2]: Nothing to be done for 'install-exec-am'.
make[2]: Nothing to be done for 'install-data-am'.
make[2]: Leaving directory '/home/devel/building/work/src/alsa-utils-1.2.10/utils'
make[1]: Leaving directory '/home/devel/building/work/src/alsa-utils-1.2.10/utils'
Making install in m4
make[1]: Entering directory '/home/devel/building/work/src/alsa-utils-1.2.10/m4'
make[2]: Entering directory '/home/devel/building/work/src/alsa-utils-1.2.10/m4'
make[2]: Nothing to be done for 'install-exec-am'.
make[2]: Nothing to be done for 'install-data-am'.
make[2]: Leaving directory '/home/devel/building/work/src/alsa-utils-1.2.10/m4'
make[1]: Leaving directory '/home/devel/building/work/src/alsa-utils-1.2.10/m4'
Making install in po
make[1]: Entering directory '/home/devel/building/work/src/alsa-utils-1.2.10/po'
if test "alsa-utils" = "gettext-tools"; then \
  /bin/mkdir -p /home/devel/building/work/pkg/usr/share/gettext/po; \
  for file in Makefile.in.in remove-potcdate.sin quot.sed boldquot.sed en@quot.header en@boldquot.header insert-header.sin Rules-quot   Makevars.template; do \
    /usr/bin/install -c -m 644 ./$file \
		    /home/devel/building/work/pkg/usr/share/gettext/po/$file; \
  done; \
  for file in Makevars; do \
    rm -f /home/devel/building/work/pkg/usr/share/gettext/po/$file; \
  done; \
else \
  : ; \
fi
make[1]: Leaving directory '/home/devel/building/work/src/alsa-utils-1.2.10/po'
Making install in alsa-info
make[1]: Entering directory '/home/devel/building/work/src/alsa-utils-1.2.10/alsa-info'
make[2]: Entering directory '/home/devel/building/work/src/alsa-utils-1.2.10/alsa-info'
 /bin/mkdir -p '/home/devel/building/work/pkg/usr/sbin'
 /bin/mkdir -p '/home/devel/building/work/pkg/usr/share/man/man1'
 /usr/bin/install -c alsa-info.sh '/home/devel/building/work/pkg/usr/sbin'
 /usr/bin/install -c -m 644 alsa-info.sh.1 '/home/devel/building/work/pkg/usr/share/man/man1'
make[2]: Leaving directory '/home/devel/building/work/src/alsa-utils-1.2.10/alsa-info'
make[1]: Leaving directory '/home/devel/building/work/src/alsa-utils-1.2.10/alsa-info'
Making install in alsamixer
make[1]: Entering directory '/home/devel/building/work/src/alsa-utils-1.2.10/alsamixer'
make[2]: Entering directory '/home/devel/building/work/src/alsa-utils-1.2.10/alsamixer'
 /bin/mkdir -p '/home/devel/building/work/pkg/usr/bin'
 /bin/mkdir -p '/home/devel/building/work/pkg/usr/share/man/man1'
  /bin/sh ../libtool   --mode=install /usr/bin/install -c alsamixer '/home/devel/building/work/pkg/usr/bin'
 /usr/bin/install -c -m 644 alsamixer.1 '/home/devel/building/work/pkg/usr/share/man/man1'
libtool: install: /usr/bin/install -c alsamixer /home/devel/building/work/pkg/usr/bin/alsamixer
make[2]: Leaving directory '/home/devel/building/work/src/alsa-utils-1.2.10/alsamixer'
make[1]: Leaving directory '/home/devel/building/work/src/alsa-utils-1.2.10/alsamixer'
Making install in amixer
make[1]: Entering directory '/home/devel/building/work/src/alsa-utils-1.2.10/amixer'
make[2]: Entering directory '/home/devel/building/work/src/alsa-utils-1.2.10/amixer'
 /bin/mkdir -p '/home/devel/building/work/pkg/usr/bin'
 /bin/mkdir -p '/home/devel/building/work/pkg/usr/share/man/man1'
  /bin/sh ../libtool   --mode=install /usr/bin/install -c amixer '/home/devel/building/work/pkg/usr/bin'
 /usr/bin/install -c -m 644 amixer.1 '/home/devel/building/work/pkg/usr/share/man/man1'
libtool: install: /usr/bin/install -c amixer /home/devel/building/work/pkg/usr/bin/amixer
make[2]: Leaving directory '/home/devel/building/work/src/alsa-utils-1.2.10/amixer'
make[1]: Leaving directory '/home/devel/building/work/src/alsa-utils-1.2.10/amixer'
Making install in amidi
make[1]: Entering directory '/home/devel/building/work/src/alsa-utils-1.2.10/amidi'
make[2]: Entering directory '/home/devel/building/work/src/alsa-utils-1.2.10/amidi'
 /bin/mkdir -p '/home/devel/building/work/pkg/usr/bin'
 /bin/mkdir -p '/home/devel/building/work/pkg/usr/share/man/man1'
  /bin/sh ../libtool   --mode=install /usr/bin/install -c amidi '/home/devel/building/work/pkg/usr/bin'
 /usr/bin/install -c -m 644 amidi.1 '/home/devel/building/work/pkg/usr/share/man/man1'
libtool: install: /usr/bin/install -c amidi /home/devel/building/work/pkg/usr/bin/amidi
make[2]: Leaving directory '/home/devel/building/work/src/alsa-utils-1.2.10/amidi'
make[1]: Leaving directory '/home/devel/building/work/src/alsa-utils-1.2.10/amidi'
Making install in aplay
make[1]: Entering directory '/home/devel/building/work/src/alsa-utils-1.2.10/aplay'
make[2]: Entering directory '/home/devel/building/work/src/alsa-utils-1.2.10/aplay'
 /bin/mkdir -p '/home/devel/building/work/pkg/usr/bin'
 /bin/mkdir -p '/home/devel/building/work/pkg/usr/share/man/man1'
  /bin/sh ../libtool   --mode=install /usr/bin/install -c aplay '/home/devel/building/work/pkg/usr/bin'
 /usr/bin/install -c -m 644 aplay.1 arecord.1 '/home/devel/building/work/pkg/usr/share/man/man1'
make  install-data-hook
make[3]: Entering directory '/home/devel/building/work/src/alsa-utils-1.2.10/aplay'
rm -f /home/devel/building/work/pkg/usr/share/man/man1/arecord.1
(cd /home/devel/building/work/pkg/usr/share/man/man1 && ln -s aplay.1 arecord.1)
make[3]: Leaving directory '/home/devel/building/work/src/alsa-utils-1.2.10/aplay'
libtool: install: /usr/bin/install -c aplay /home/devel/building/work/pkg/usr/bin/aplay
make  install-exec-hook
make[3]: Entering directory '/home/devel/building/work/src/alsa-utils-1.2.10/aplay'
rm -f arecord
ln -s aplay arecord
rm -f /home/devel/building/work/pkg/usr/bin/arecord
(cd /home/devel/building/work/pkg/usr/bin && ln -s aplay arecord)
make[3]: Leaving directory '/home/devel/building/work/src/alsa-utils-1.2.10/aplay'
make[2]: Leaving directory '/home/devel/building/work/src/alsa-utils-1.2.10/aplay'
make[1]: Leaving directory '/home/devel/building/work/src/alsa-utils-1.2.10/aplay'
Making install in iecset
make[1]: Entering directory '/home/devel/building/work/src/alsa-utils-1.2.10/iecset'
make[2]: Entering directory '/home/devel/building/work/src/alsa-utils-1.2.10/iecset'
 /bin/mkdir -p '/home/devel/building/work/pkg/usr/bin'
 /bin/mkdir -p '/home/devel/building/work/pkg/usr/share/man/man1'
  /bin/sh ../libtool   --mode=install /usr/bin/install -c iecset '/home/devel/building/work/pkg/usr/bin'
 /usr/bin/install -c -m 644 iecset.1 '/home/devel/building/work/pkg/usr/share/man/man1'
libtool: install: /usr/bin/install -c iecset /home/devel/building/work/pkg/usr/bin/iecset
make[2]: Leaving directory '/home/devel/building/work/src/alsa-utils-1.2.10/iecset'
make[1]: Leaving directory '/home/devel/building/work/src/alsa-utils-1.2.10/iecset'
Making install in speaker-test
make[1]: Entering directory '/home/devel/building/work/src/alsa-utils-1.2.10/speaker-test'
Making install in samples
make[2]: Entering directory '/home/devel/building/work/src/alsa-utils-1.2.10/speaker-test/samples'
make[3]: Entering directory '/home/devel/building/work/src/alsa-utils-1.2.10/speaker-test/samples'
make[3]: Nothing to be done for 'install-exec-am'.
 /bin/mkdir -p '/home/devel/building/work/pkg/usr/share/sounds/alsa'
 /usr/bin/install -c -m 644 Front_Left.wav Rear_Center.wav Rear_Right.wav Side_Right.wav Front_Center.wav Front_Right.wav Noise.wav Rear_Left.wav Side_Left.wav '/home/devel/building/work/pkg/usr/share/sounds/alsa'
make[3]: Leaving directory '/home/devel/building/work/src/alsa-utils-1.2.10/speaker-test/samples'
make[2]: Leaving directory '/home/devel/building/work/src/alsa-utils-1.2.10/speaker-test/samples'
make[2]: Entering directory '/home/devel/building/work/src/alsa-utils-1.2.10/speaker-test'
make[3]: Entering directory '/home/devel/building/work/src/alsa-utils-1.2.10/speaker-test'
 /bin/mkdir -p '/home/devel/building/work/pkg/usr/bin'
 /bin/mkdir -p '/home/devel/building/work/pkg/usr/share/man/man1'
  /bin/sh ../libtool   --mode=install /usr/bin/install -c speaker-test '/home/devel/building/work/pkg/usr/bin'
 /usr/bin/install -c -m 644 speaker-test.1 '/home/devel/building/work/pkg/usr/share/man/man1'
libtool: install: /usr/bin/install -c speaker-test /home/devel/building/work/pkg/usr/bin/speaker-test
make[3]: Leaving directory '/home/devel/building/work/src/alsa-utils-1.2.10/speaker-test'
make[2]: Leaving directory '/home/devel/building/work/src/alsa-utils-1.2.10/speaker-test'
make[1]: Leaving directory '/home/devel/building/work/src/alsa-utils-1.2.10/speaker-test'
Making install in axfer
make[1]: Entering directory '/home/devel/building/work/src/alsa-utils-1.2.10/axfer'
Making install in test
make[2]: Entering directory '/home/devel/building/work/src/alsa-utils-1.2.10/axfer/test'
make[3]: Entering directory '/home/devel/building/work/src/alsa-utils-1.2.10/axfer/test'
make[3]: Nothing to be done for 'install-exec-am'.
make[3]: Nothing to be done for 'install-data-am'.
make[3]: Leaving directory '/home/devel/building/work/src/alsa-utils-1.2.10/axfer/test'
make[2]: Leaving directory '/home/devel/building/work/src/alsa-utils-1.2.10/axfer/test'
make[2]: Entering directory '/home/devel/building/work/src/alsa-utils-1.2.10/axfer'
make[3]: Entering directory '/home/devel/building/work/src/alsa-utils-1.2.10/axfer'
 /bin/mkdir -p '/home/devel/building/work/pkg/usr/bin'
 /bin/mkdir -p '/home/devel/building/work/pkg/usr/share/man/man1'
  /bin/sh ../libtool   --mode=install /usr/bin/install -c axfer '/home/devel/building/work/pkg/usr/bin'
 /usr/bin/install -c -m 644 axfer.1 axfer-list.1 axfer-transfer.1 '/home/devel/building/work/pkg/usr/share/man/man1'
libtool: install: /usr/bin/install -c axfer /home/devel/building/work/pkg/usr/bin/axfer
make[3]: Leaving directory '/home/devel/building/work/src/alsa-utils-1.2.10/axfer'
make[2]: Leaving directory '/home/devel/building/work/src/alsa-utils-1.2.10/axfer'
make[1]: Leaving directory '/home/devel/building/work/src/alsa-utils-1.2.10/axfer'
Making install in alsaloop
make[1]: Entering directory '/home/devel/building/work/src/alsa-utils-1.2.10/alsaloop'
make[2]: Entering directory '/home/devel/building/work/src/alsa-utils-1.2.10/alsaloop'
 /bin/mkdir -p '/home/devel/building/work/pkg/usr/bin'
 /bin/mkdir -p '/home/devel/building/work/pkg/usr/share/man/man1'
  /bin/sh ../libtool   --mode=install /usr/bin/install -c alsaloop '/home/devel/building/work/pkg/usr/bin'
 /usr/bin/install -c -m 644 alsaloop.1 '/home/devel/building/work/pkg/usr/share/man/man1'
libtool: install: /usr/bin/install -c alsaloop /home/devel/building/work/pkg/usr/bin/alsaloop
make[2]: Leaving directory '/home/devel/building/work/src/alsa-utils-1.2.10/alsaloop'
make[1]: Leaving directory '/home/devel/building/work/src/alsa-utils-1.2.10/alsaloop'
Making install in seq
make[1]: Entering directory '/home/devel/building/work/src/alsa-utils-1.2.10/seq'
Making install in aconnect
make[2]: Entering directory '/home/devel/building/work/src/alsa-utils-1.2.10/seq/aconnect'
make[3]: Entering directory '/home/devel/building/work/src/alsa-utils-1.2.10/seq/aconnect'
 /bin/mkdir -p '/home/devel/building/work/pkg/usr/bin'
 /bin/mkdir -p '/home/devel/building/work/pkg/usr/share/man/man1'
  /bin/sh ../../libtool   --mode=install /usr/bin/install -c aconnect '/home/devel/building/work/pkg/usr/bin'
 /usr/bin/install -c -m 644 aconnect.1 '/home/devel/building/work/pkg/usr/share/man/man1'
libtool: install: /usr/bin/install -c aconnect /home/devel/building/work/pkg/usr/bin/aconnect
make[3]: Leaving directory '/home/devel/building/work/src/alsa-utils-1.2.10/seq/aconnect'
make[2]: Leaving directory '/home/devel/building/work/src/alsa-utils-1.2.10/seq/aconnect'
Making install in aplaymidi
make[2]: Entering directory '/home/devel/building/work/src/alsa-utils-1.2.10/seq/aplaymidi'
make[3]: Entering directory '/home/devel/building/work/src/alsa-utils-1.2.10/seq/aplaymidi'
 /bin/mkdir -p '/home/devel/building/work/pkg/usr/bin'
 /bin/mkdir -p '/home/devel/building/work/pkg/usr/share/man/man1'
  /bin/sh ../../libtool   --mode=install /usr/bin/install -c aplaymidi arecordmidi '/home/devel/building/work/pkg/usr/bin'
 /usr/bin/install -c -m 644 aplaymidi.1 arecordmidi.1 '/home/devel/building/work/pkg/usr/share/man/man1'
libtool: install: /usr/bin/install -c aplaymidi /home/devel/building/work/pkg/usr/bin/aplaymidi
libtool: install: /usr/bin/install -c arecordmidi /home/devel/building/work/pkg/usr/bin/arecordmidi
make[3]: Leaving directory '/home/devel/building/work/src/alsa-utils-1.2.10/seq/aplaymidi'
make[2]: Leaving directory '/home/devel/building/work/src/alsa-utils-1.2.10/seq/aplaymidi'
Making install in aseqdump
make[2]: Entering directory '/home/devel/building/work/src/alsa-utils-1.2.10/seq/aseqdump'
make[3]: Entering directory '/home/devel/building/work/src/alsa-utils-1.2.10/seq/aseqdump'
 /bin/mkdir -p '/home/devel/building/work/pkg/usr/bin'
 /bin/mkdir -p '/home/devel/building/work/pkg/usr/share/man/man1'
  /bin/sh ../../libtool   --mode=install /usr/bin/install -c aseqdump '/home/devel/building/work/pkg/usr/bin'
 /usr/bin/install -c -m 644 aseqdump.1 '/home/devel/building/work/pkg/usr/share/man/man1'
libtool: install: /usr/bin/install -c aseqdump /home/devel/building/work/pkg/usr/bin/aseqdump
make[3]: Leaving directory '/home/devel/building/work/src/alsa-utils-1.2.10/seq/aseqdump'
make[2]: Leaving directory '/home/devel/building/work/src/alsa-utils-1.2.10/seq/aseqdump'
Making install in aseqnet
make[2]: Entering directory '/home/devel/building/work/src/alsa-utils-1.2.10/seq/aseqnet'
make[3]: Entering directory '/home/devel/building/work/src/alsa-utils-1.2.10/seq/aseqnet'
 /bin/mkdir -p '/home/devel/building/work/pkg/usr/bin'
 /bin/mkdir -p '/home/devel/building/work/pkg/usr/share/man/man1'
  /bin/sh ../../libtool   --mode=install /usr/bin/install -c aseqnet '/home/devel/building/work/pkg/usr/bin'
 /usr/bin/install -c -m 644 aseqnet.1 '/home/devel/building/work/pkg/usr/share/man/man1'
libtool: install: /usr/bin/install -c aseqnet /home/devel/building/work/pkg/usr/bin/aseqnet
make[3]: Leaving directory '/home/devel/building/work/src/alsa-utils-1.2.10/seq/aseqnet'
make[2]: Leaving directory '/home/devel/building/work/src/alsa-utils-1.2.10/seq/aseqnet'
make[2]: Entering directory '/home/devel/building/work/src/alsa-utils-1.2.10/seq'
make[3]: Entering directory '/home/devel/building/work/src/alsa-utils-1.2.10/seq'
make[3]: Nothing to be done for 'install-exec-am'.
make[3]: Nothing to be done for 'install-data-am'.
make[3]: Leaving directory '/home/devel/building/work/src/alsa-utils-1.2.10/seq'
make[2]: Leaving directory '/home/devel/building/work/src/alsa-utils-1.2.10/seq'
make[1]: Leaving directory '/home/devel/building/work/src/alsa-utils-1.2.10/seq'
Making install in alsaucm
make[1]: Entering directory '/home/devel/building/work/src/alsa-utils-1.2.10/alsaucm'
make[2]: Entering directory '/home/devel/building/work/src/alsa-utils-1.2.10/alsaucm'
 /bin/mkdir -p '/home/devel/building/work/pkg/usr/bin'
 /bin/mkdir -p '/home/devel/building/work/pkg/usr/share/man/man1'
  /bin/sh ../libtool   --mode=install /usr/bin/install -c alsaucm '/home/devel/building/work/pkg/usr/bin'
 /usr/bin/install -c -m 644 alsaucm.1 '/home/devel/building/work/pkg/usr/share/man/man1'
libtool: install: /usr/bin/install -c alsaucm /home/devel/building/work/pkg/usr/bin/alsaucm
make[2]: Leaving directory '/home/devel/building/work/src/alsa-utils-1.2.10/alsaucm'
make[1]: Leaving directory '/home/devel/building/work/src/alsa-utils-1.2.10/alsaucm'
Making install in topology
make[1]: Entering directory '/home/devel/building/work/src/alsa-utils-1.2.10/topology'
Making install in nhlt
make[2]: Entering directory '/home/devel/building/work/src/alsa-utils-1.2.10/topology/nhlt'
make[3]: Entering directory '/home/devel/building/work/src/alsa-utils-1.2.10/topology/nhlt'
make[3]: Nothing to be done for 'install-exec-am'.
 /bin/mkdir -p '/home/devel/building/work/pkg/usr/lib/alsa-topology'
 /bin/sh ../../libtool   --mode=install /usr/bin/install -c   libalsatplg_module_nhlt.la '/home/devel/building/work/pkg/usr/lib/alsa-topology'
libtool: install: /usr/bin/install -c .libs/libalsatplg_module_nhlt.so /home/devel/building/work/pkg/usr/lib/alsa-topology/libalsatplg_module_nhlt.so
libtool: install: /usr/bin/install -c .libs/libalsatplg_module_nhlt.lai /home/devel/building/work/pkg/usr/lib/alsa-topology/libalsatplg_module_nhlt.la
libtool: warning: remember to run 'libtool --finish /usr/lib/alsa-topology'
make[3]: Leaving directory '/home/devel/building/work/src/alsa-utils-1.2.10/topology/nhlt'
make[2]: Leaving directory '/home/devel/building/work/src/alsa-utils-1.2.10/topology/nhlt'
make[2]: Entering directory '/home/devel/building/work/src/alsa-utils-1.2.10/topology'
make[3]: Entering directory '/home/devel/building/work/src/alsa-utils-1.2.10/topology'
 /bin/mkdir -p '/home/devel/building/work/pkg/usr/bin'
 /bin/mkdir -p '/home/devel/building/work/pkg/usr/share/man/man1'
  /bin/sh ../libtool   --mode=install /usr/bin/install -c alsatplg '/home/devel/building/work/pkg/usr/bin'
 /usr/bin/install -c -m 644 alsatplg.1 '/home/devel/building/work/pkg/usr/share/man/man1'
libtool: install: /usr/bin/install -c alsatplg /home/devel/building/work/pkg/usr/bin/alsatplg
make[3]: Leaving directory '/home/devel/building/work/src/alsa-utils-1.2.10/topology'
make[2]: Leaving directory '/home/devel/building/work/src/alsa-utils-1.2.10/topology'
make[1]: Leaving directory '/home/devel/building/work/src/alsa-utils-1.2.10/topology'
Making install in nhlt
make[1]: Entering directory '/home/devel/building/work/src/alsa-utils-1.2.10/nhlt'
make[2]: Entering directory '/home/devel/building/work/src/alsa-utils-1.2.10/nhlt'
 /bin/mkdir -p '/home/devel/building/work/pkg/usr/bin'
 /bin/mkdir -p '/home/devel/building/work/pkg/usr/share/man/man1'
  /bin/sh ../libtool   --mode=install /usr/bin/install -c nhlt-dmic-info '/home/devel/building/work/pkg/usr/bin'
 /usr/bin/install -c -m 644 nhlt-dmic-info.1 '/home/devel/building/work/pkg/usr/share/man/man1'
libtool: install: /usr/bin/install -c nhlt-dmic-info /home/devel/building/work/pkg/usr/bin/nhlt-dmic-info
make[2]: Leaving directory '/home/devel/building/work/src/alsa-utils-1.2.10/nhlt'
make[1]: Leaving directory '/home/devel/building/work/src/alsa-utils-1.2.10/nhlt'
make[1]: Entering directory '/home/devel/building/work/src/alsa-utils-1.2.10'
make[2]: Entering directory '/home/devel/building/work/src/alsa-utils-1.2.10'
make[2]: Nothing to be done for 'install-exec-am'.
make  install-data-hook
make[3]: Entering directory '/home/devel/building/work/src/alsa-utils-1.2.10'
/bin/mkdir -p -m 0755 /home/devel/building/work/pkg/var/lib/alsa
make[3]: Leaving directory '/home/devel/building/work/src/alsa-utils-1.2.10'
make[2]: Leaving directory '/home/devel/building/work/src/alsa-utils-1.2.10'
make[1]: Leaving directory '/home/devel/building/work/src/alsa-utils-1.2.10'
+ install -d /home/devel/building/work/pkg/etc/sv/alsa
+ install -m 0755 /home/devel/building/work/src/alsa.run /home/devel/building/work/pkg/etc/sv/alsa/run
+ install -m 0755 /home/devel/building/work/src/alsa.finish /home/devel/building/work/pkg/etc/sv/alsa/finish
+ ln -s /run/runit/supervise.alsa /home/devel/building/work/pkg/etc/sv/alsa/supervise
+ rm -r /home/devel/building/work/pkg/usr/share/man/man7
+ find /home/devel/building/work/pkg -type f -name '*.la' -delete
=======> Build result:
drwxr-xr-x  0 root   root        0 Feb  1 15:15 etc/
drwxr-xr-x  0 root   root        0 Feb  1 15:15 etc/sv/
drwxr-xr-x  0 root   root        0 Feb  1 15:15 etc/sv/alsa/
-rwxr-xr-x  0 root   root       68 Feb  1 15:15 etc/sv/alsa/run
-rwxr-xr-x  0 root   root       36 Feb  1 15:15 etc/sv/alsa/finish
lrwxrwxrwx  0 root   root        0 Feb  1 15:15 etc/sv/alsa/supervise -> /run/runit/supervise.alsa
drwxr-xr-x  0 root   root        0 Feb  1 15:15 lib/
drwxr-xr-x  0 root   root        0 Feb  1 15:15 lib/udev/
drwxr-xr-x  0 root   root        0 Feb  1 15:15 lib/udev/rules.d/
-rw-r--r--  0 root   root      399 Feb  1 15:15 lib/udev/rules.d/90-alsa-restore.rules
drwxr-xr-x  0 root   root        0 Feb  1 15:15 usr/
drwxr-xr-x  0 root   root        0 Feb  1 15:15 usr/share/
drwxr-xr-x  0 root   root        0 Feb  1 15:15 usr/sbin/
drwxr-xr-x  0 root   root        0 Feb  1 15:15 usr/bin/
drwxr-xr-x  0 root   root        0 Feb  1 15:15 usr/lib/
drwxr-xr-x  0 root   root        0 Feb  1 15:15 usr/lib/alsa-topology/
-rwxr-xr-x  0 root   root    56136 Feb  1 15:15 usr/lib/alsa-topology/libalsatplg_module_nhlt.so
-rwxr-xr-x  0 root   root    75256 Feb  1 15:15 usr/bin/alsamixer
-rwxr-xr-x  0 root   root    56672 Feb  1 15:15 usr/bin/amixer
-rwxr-xr-x  0 root   root    27232 Feb  1 15:15 usr/bin/amidi
-rwxr-xr-x  0 root   root    77160 Feb  1 15:15 usr/bin/aplay
lrwxrwxrwx  0 root   root        0 Feb  1 15:15 usr/bin/arecord -> aplay
-rwxr-xr-x  0 root   root    18720 Feb  1 15:15 usr/bin/iecset
-rwxr-xr-x  0 root   root    31408 Feb  1 15:15 usr/bin/speaker-test
-rwxr-xr-x  0 root   root    77176 Feb  1 15:15 usr/bin/axfer
-rwxr-xr-x  0 root   root    77136 Feb  1 15:15 usr/bin/alsaloop
-rwxr-xr-x  0 root   root    23064 Feb  1 15:15 usr/bin/aconnect
-rwxr-xr-x  0 root   root    23112 Feb  1 15:15 usr/bin/aplaymidi
-rwxr-xr-x  0 root   root    27320 Feb  1 15:15 usr/bin/arecordmidi
-rwxr-xr-x  0 root   root    27040 Feb  1 15:15 usr/bin/aseqdump
-rwxr-xr-x  0 root   root    23064 Feb  1 15:15 usr/bin/aseqnet
-rwxr-xr-x  0 root   root    27432 Feb  1 15:15 usr/bin/alsaucm
-rwxr-xr-x  0 root   root    72408 Feb  1 15:15 usr/bin/alsatplg
-rwxr-xr-x  0 root   root    14728 Feb  1 15:15 usr/bin/nhlt-dmic-info
-rwxr-xr-x  0 root   root   116368 Feb  1 15:15 usr/sbin/alsactl
-rwxr-xr-x  0 root   root    29502 Feb  1 15:15 usr/sbin/alsa-info.sh
drwxr-xr-x  0 root   root        0 Feb  1 15:15 usr/share/alsa/
drwxr-xr-x  0 root   root        0 Feb  1 15:15 usr/share/man/
drwxr-xr-x  0 root   root        0 Feb  1 15:15 usr/share/sounds/
drwxr-xr-x  0 root   root        0 Feb  1 15:15 usr/share/sounds/alsa/
-rw-r--r--  0 root   root   142128 Feb  1 15:15 usr/share/sounds/alsa/Front_Left.wav
-rw-r--r--  0 root   root   130096 Feb  1 15:15 usr/share/sounds/alsa/Rear_Center.wav
-rw-r--r--  0 root   root   146480 Feb  1 15:15 usr/share/sounds/alsa/Rear_Right.wav
-rw-r--r--  0 root   root   129966 Feb  1 15:15 usr/share/sounds/alsa/Side_Right.wav
-rw-r--r--  0 root   root   137134 Feb  1 15:15 usr/share/sounds/alsa/Front_Center.wav
-rw-r--r--  0 root   root   146990 Feb  1 15:15 usr/share/sounds/alsa/Front_Right.wav
-rw-r--r--  0 root   root   135202 Feb  1 15:15 usr/share/sounds/alsa/Noise.wav
-rw-r--r--  0 root   root   126064 Feb  1 15:15 usr/share/sounds/alsa/Rear_Left.wav
-rw-r--r--  0 root   root   134868 Feb  1 15:15 usr/share/sounds/alsa/Side_Left.wav
drwxr-xr-x  0 root   root        0 Feb  1 15:15 usr/share/man/man1/
-rw-r--r--  0 root   root     2550 Feb  1 15:15 usr/share/man/man1/alsactl.1.gz
-rw-r--r--  0 root   root      645 Feb  1 15:15 usr/share/man/man1/alsa-info.sh.1.gz
-rw-r--r--  0 root   root     4055 Feb  1 15:15 usr/share/man/man1/alsamixer.1.gz
-rw-r--r--  0 root   root     1809 Feb  1 15:15 usr/share/man/man1/amixer.1.gz
-rw-r--r--  0 root   root     1611 Feb  1 15:15 usr/share/man/man1/amidi.1.gz
-rw-r--r--  0 root   root     3721 Feb  1 15:15 usr/share/man/man1/aplay.1.gz
-rw-r--r--  0 root   root     1204 Feb  1 15:15 usr/share/man/man1/iecset.1.gz
-rw-r--r--  0 root   root     2147 Feb  1 15:15 usr/share/man/man1/speaker-test.1.gz
-rw-r--r--  0 root   root     1230 Feb  1 15:15 usr/share/man/man1/axfer.1.gz
-rw-r--r--  0 root   root      586 Feb  1 15:15 usr/share/man/man1/axfer-list.1.gz
-rw-r--r--  0 root   root     8852 Feb  1 15:15 usr/share/man/man1/axfer-transfer.1.gz
-rw-r--r--  0 root   root     2102 Feb  1 15:15 usr/share/man/man1/alsaloop.1.gz
-rw-r--r--  0 root   root     1408 Feb  1 15:15 usr/share/man/man1/aconnect.1.gz
-rw-r--r--  0 root   root      811 Feb  1 15:15 usr/share/man/man1/aplaymidi.1.gz
-rw-r--r--  0 root   root     1073 Feb  1 15:15 usr/share/man/man1/arecordmidi.1.gz
-rw-r--r--  0 root   root      847 Feb  1 15:15 usr/share/man/man1/aseqdump.1.gz
-rw-r--r--  0 root   root      918 Feb  1 15:15 usr/share/man/man1/aseqnet.1.gz
-rw-r--r--  0 root   root     2518 Feb  1 15:15 usr/share/man/man1/alsaucm.1.gz
-rw-r--r--  0 root   root     1498 Feb  1 15:15 usr/share/man/man1/alsatplg.1.gz
-rw-r--r--  0 root   root      448 Feb  1 15:15 usr/share/man/man1/nhlt-dmic-info.1.gz
lrwxrwxrwx  0 root   root        0 Feb  1 15:15 usr/share/man/man1/arecord.1.gz -> aplay.1.gz
drwxr-xr-x  0 root   root        0 Feb  1 15:15 usr/share/alsa/init/
-rw-r--r--  0 root   root     1808 Feb  1 15:15 usr/share/alsa/init/00main
-rw-r--r--  0 root   root    10866 Feb  1 15:15 usr/share/alsa/init/default
-rw-r--r--  0 root   root      391 Feb  1 15:15 usr/share/alsa/init/help
-rw-r--r--  0 root   root      932 Feb  1 15:15 usr/share/alsa/init/info
-rw-r--r--  0 root   root    10699 Feb  1 15:15 usr/share/alsa/init/test
-rw-r--r--  0 root   root     1494 Feb  1 15:15 usr/share/alsa/init/hda
-rw-r--r--  0 root   root     1341 Feb  1 15:15 usr/share/alsa/init/ca0106
drwxr-xr-x  0 root   root        0 Feb  1 15:15 var/
drwxr-xr-x  0 root   root        0 Feb  1 15:15 var/lib/
drwxr-xr-x  0 root   root        0 Feb  1 15:15 var/lib/alsa/
=======> Building '/home/devel/packages/alsa-utils#1.2.10-1.x86_64.pkg.tar.zst' succeeded.
prt-get: Using PKGMK_PACKAGE_DIR: /home/devel/packages
prt-get: reinstalling alsa-utils 1.2.10-1
prt-get: /usr/bin/pkgadd -u alsa-utils#1.2.10-1.x86_64.pkg.tar.zst
prt-get: build done Thu Feb  1 15:15:13 2024

pkgadd: rejecting etc/sv/alsa/run, keeping existing version
