prt-get: updating /usr/ports/wayland-x86_64/appstream-glib
prt-get: starting build Tue May  7 20:23:09 2024
=======> Building '/home/devel/packages/appstream-glib#0.8.2-2.x86_64.pkg.tar.zst'.
bsdtar -p -o -C /home/devel/building/work/src -xf /home/devel/sources/appstream-glib-0.8.2.tar.xz
+ build
+ cd appstream-glib-0.8.2
+ build-meson -Dfonts=true -Ddep11=true -Dbuilder=true -Dintrospection=true -Dman=false -Dalpm=false -Dgtk-doc=false -Drpm=false -Dstemmer=false . build
The Meson build system
Version: 1.4.0
Source dir: /home/devel/building/work/src/appstream-glib-0.8.2
Build dir: /home/devel/building/work/src/appstream-glib-0.8.2/build
Build type: native build
Project name: appstream-glib
Project version: 0.8.2
C compiler for the host machine: cc (gcc 14.1.0 "cc (SAUX-x86_64) 14.1.0")
C linker for the host machine: cc ld.bfd 2.42
Host machine cpu family: x86_64
Host machine cpu: x86_64
Found pkg-config: YES (/usr/bin/pkg-config) 2.2.0
Run-time dependency gio-2.0 found: YES 2.80.0
Run-time dependency gmodule-2.0 found: YES 2.80.0
Run-time dependency gio-unix-2.0 found: YES 2.80.0
Run-time dependency uuid found: YES 2.40.1
Run-time dependency libarchive found: YES 3.7.4
Run-time dependency libcurl found: YES 8.7.1
Run-time dependency json-glib-1.0 found: YES 1.8.0
Run-time dependency gdk-pixbuf-2.0 found: YES 2.42.11
Dependency gmodule-2.0 found: YES 2.80.0 (cached)
Run-time dependency gdk-3.0 found: YES 3.24.41
Run-time dependency freetype2 found: YES 26.1.20
Run-time dependency fontconfig found: YES 2.15.0
Run-time dependency yaml-0.1 found: YES 0.2.5
Program gperf found: YES (/usr/bin/gperf)
Configuring config.h using configuration
Dependency gio-2.0 found: YES 2.80.0 (cached)
Program /usr/bin/glib-compile-resources found: YES (/usr/bin/glib-compile-resources)
Configuring as-version.h using configuration
Compiler for C supports link arguments -Wl,--version-script,/home/devel/building/work/src/appstream-glib-0.8.2/libappstream-glib/appstream-glib.map: YES 
Run-time dependency gobject-introspection-1.0 found: YES 1.78.1
Dependency gobject-introspection-1.0 found: YES 1.78.1 (cached)
Program /usr/bin/g-ir-scanner found: YES (/usr/bin/g-ir-scanner)
Dependency gobject-introspection-1.0 found: YES 1.78.1 (cached)
Program /usr/bin/g-ir-compiler found: YES (/usr/bin/g-ir-compiler)
data/installed-tests/meson.build:8: WARNING: Project targets '>=0.46.0' but uses feature introduced in '0.50.0': install arg in configure_file.
Configuring appdata-validate.test using configuration
data/installed-tests/meson.build:15: WARNING: Project targets '>=0.46.0' but uses feature introduced in '0.50.0': install arg in configure_file.
Configuring destdir-check.test using configuration
Program xsltproc found: YES (/usr/bin/xsltproc)
Program msgfmt found: YES (/usr/bin/msgfmt)
Program msginit found: YES (/usr/bin/msginit)
Program msgmerge found: YES (/usr/bin/msgmerge)
Program xgettext found: YES (/usr/bin/xgettext)
Build targets in project: 54
WARNING: Project specifies a minimum meson_version '>=0.46.0' but uses features which were added in newer versions:
 * 0.50.0: {'install arg in configure_file'}

appstream-glib 0.8.2

  User defined options
    auto_features     : auto
    bindir            : /usr/bin
    buildtype         : plain
    datadir           : /usr/share
    includedir        : /usr/include
    libdir            : /usr/lib
    libexecdir        : /usr/lib
    localstatedir     : /var
    mandir            : /usr/share/man
    prefix            : /usr
    sbindir           : /usr/sbin
    sharedstatedir    : /var/lib
    sysconfdir        : /etc
    werror            : false
    wrap_mode         : nodownload
    python.bytecompile: 0
    b_lto             : false
    b_pie             : true
    b_staticpic       : true
    alpm              : false
    builder           : true
    dep11             : true
    fonts             : true
    gtk-doc           : false
    introspection     : true
    man               : false
    rpm               : false
    stemmer           : false

Found ninja-1.9 at /usr/bin/ninja
+ meson compile -j 8 -v -C build
ninja: entering directory '/home/devel/building/work/src/appstream-glib-0.8.2/build'
[1/110] cc -Iclient/appstream-compose.p -Iclient -I../client -I. -I.. -Ilibappstream-glib -I../libappstream-glib -I/usr/include/glib-2.0 -I/usr/lib/glib-2.0/include -I/usr/include/libmount -I/usr/include/blkid -I/usr/include/gdk-pixbuf-2.0 -I/usr/include/libpng16 -fdiagnostics-color=always -D_FILE_OFFSET_BITS=64 -Wall -Winvalid-pch -std=c99 -D_XOPEN_SOURCE=500 -DAS_COMPILATION -O2 -m64 -march=x86-64 -mtune=generic -flto=auto -ffat-lto-objects -fPIE -pthread '-DG_LOG_DOMAIN="As"' -MD -MQ client/appstream-compose.p/as-compose.c.o -MF client/appstream-compose.p/as-compose.c.o.d -o client/appstream-compose.p/as-compose.c.o -c ../client/as-compose.c
[2/110] cc -Iclient/appstream-util.p -Iclient -I../client -I. -I.. -Ilibappstream-glib -I../libappstream-glib -I/usr/include/glib-2.0 -I/usr/lib/glib-2.0/include -I/usr/include/libmount -I/usr/include/blkid -I/usr/include/gdk-pixbuf-2.0 -I/usr/include/libpng16 -fdiagnostics-color=always -D_FILE_OFFSET_BITS=64 -Wall -Winvalid-pch -std=c99 -D_XOPEN_SOURCE=500 -DAS_COMPILATION -O2 -m64 -march=x86-64 -mtune=generic -flto=auto -ffat-lto-objects -fPIE -pthread '-DG_LOG_DOMAIN="As"' -MD -MQ client/appstream-util.p/as-util.c.o -MF client/appstream-util.p/as-util.c.o.d -o client/appstream-util.p/as-util.c.o -c ../client/as-util.c
[3/110] cc -Iclient/appstream-builder.p -Iclient -I../client -I. -I.. -Ilibappstream-glib -I../libappstream-glib -Ilibappstream-builder -I../libappstream-builder -I/usr/include/glib-2.0 -I/usr/lib/glib-2.0/include -I/usr/include/libmount -I/usr/include/blkid -I/usr/include/gdk-pixbuf-2.0 -I/usr/include/libpng16 -fdiagnostics-color=always -D_FILE_OFFSET_BITS=64 -Wall -Winvalid-pch -std=c99 -D_XOPEN_SOURCE=500 -DAS_COMPILATION -O2 -m64 -march=x86-64 -mtune=generic -flto=auto -ffat-lto-objects -fPIE -pthread '-DG_LOG_DOMAIN="As"' -MD -MQ client/appstream-builder.p/as-builder.c.o -MF client/appstream-builder.p/as-builder.c.o.d -o client/appstream-builder.p/as-builder.c.o -c ../client/as-builder.c
[4/110] cc -Ilibappstream-builder/plugins/libasb_plugin_font.so.p -Ilibappstream-builder/plugins -I../libappstream-builder/plugins -I. -I.. -Ilibappstream-builder -I../libappstream-builder -Ilibappstream-glib -I../libappstream-glib -I/usr/include/gdk-pixbuf-2.0 -I/usr/include/libpng16 -I/usr/include/glib-2.0 -I/usr/lib/glib-2.0/include -I/usr/include/libmount -I/usr/include/blkid -I/usr/include/gtk-3.0 -I/usr/include/pango-1.0 -I/usr/include/harfbuzz -I/usr/include/cairo -I/usr/include/gio-unix-2.0 -I/usr/include/freetype2 -I/usr/include/pixman-1 -I/usr/include/libdrm -I/usr/include/fribidi -fdiagnostics-color=always -D_FILE_OFFSET_BITS=64 -Wall -Winvalid-pch -std=c99 -D_XOPEN_SOURCE=500 -DAS_COMPILATION -O2 -m64 -march=x86-64 -mtune=generic -flto=auto -ffat-lto-objects -fPIC -pthread '-DG_LOG_DOMAIN="Asb"' -MD -MQ libappstream-builder/plugins/libasb_plugin_font.so.p/asb-plugin-font.c.o -MF libappstream-builder/plugins/libasb_plugin_font.so.p/asb-plugin-font.c.o.d -o libappstream-builder/plugins/libasb_plugin_font.so.p/asb-plugin-font.c.o -c ../libappstream-builder/plugins/asb-plugin-font.c
[5/110] cc -Ilibappstream-builder/plugins/libasb_plugin_shell_extension.so.p -Ilibappstream-builder/plugins -I../libappstream-builder/plugins -I. -I.. -Ilibappstream-builder -I../libappstream-builder -Ilibappstream-glib -I../libappstream-glib -I/usr/include/gdk-pixbuf-2.0 -I/usr/include/libpng16 -I/usr/include/glib-2.0 -I/usr/lib/glib-2.0/include -I/usr/include/libmount -I/usr/include/blkid -I/usr/include/json-glib-1.0 -fdiagnostics-color=always -D_FILE_OFFSET_BITS=64 -Wall -Winvalid-pch -std=c99 -D_XOPEN_SOURCE=500 -DAS_COMPILATION -O2 -m64 -march=x86-64 -mtune=generic -flto=auto -ffat-lto-objects -fPIC -pthread '-DG_LOG_DOMAIN="Asb"' -MD -MQ libappstream-builder/plugins/libasb_plugin_shell_extension.so.p/asb-plugin-shell-extension.c.o -MF libappstream-builder/plugins/libasb_plugin_shell_extension.so.p/asb-plugin-shell-extension.c.o.d -o libappstream-builder/plugins/libasb_plugin_shell_extension.so.p/asb-plugin-shell-extension.c.o -c ../libappstream-builder/plugins/asb-plugin-shell-extension.c
[6/110] cc -Ilibappstream-builder/plugins/libasb_plugin_appdata.so.p -Ilibappstream-builder/plugins -I../libappstream-builder/plugins -I. -I.. -Ilibappstream-builder -I../libappstream-builder -Ilibappstream-glib -I../libappstream-glib -I/usr/include/gdk-pixbuf-2.0 -I/usr/include/libpng16 -I/usr/include/glib-2.0 -I/usr/lib/glib-2.0/include -I/usr/include/libmount -I/usr/include/blkid -fdiagnostics-color=always -D_FILE_OFFSET_BITS=64 -Wall -Winvalid-pch -std=c99 -D_XOPEN_SOURCE=500 -DAS_COMPILATION -O2 -m64 -march=x86-64 -mtune=generic -flto=auto -ffat-lto-objects -fPIC -pthread '-DG_LOG_DOMAIN="Asb"' -MD -MQ libappstream-builder/plugins/libasb_plugin_appdata.so.p/asb-plugin-appdata.c.o -MF libappstream-builder/plugins/libasb_plugin_appdata.so.p/asb-plugin-appdata.c.o.d -o libappstream-builder/plugins/libasb_plugin_appdata.so.p/asb-plugin-appdata.c.o -c ../libappstream-builder/plugins/asb-plugin-appdata.c
[7/110] cc -Ilibappstream-builder/plugins/libasb_plugin_desktop.so.p -Ilibappstream-builder/plugins -I../libappstream-builder/plugins -I. -I.. -Ilibappstream-builder -I../libappstream-builder -Ilibappstream-glib -I../libappstream-glib -I/usr/include/gdk-pixbuf-2.0 -I/usr/include/libpng16 -I/usr/include/glib-2.0 -I/usr/lib/glib-2.0/include -I/usr/include/libmount -I/usr/include/blkid -fdiagnostics-color=always -D_FILE_OFFSET_BITS=64 -Wall -Winvalid-pch -std=c99 -D_XOPEN_SOURCE=500 -DAS_COMPILATION -O2 -m64 -march=x86-64 -mtune=generic -flto=auto -ffat-lto-objects -fPIC -pthread '-DG_LOG_DOMAIN="Asb"' -MD -MQ libappstream-builder/plugins/libasb_plugin_desktop.so.p/asb-plugin-desktop.c.o -MF libappstream-builder/plugins/libasb_plugin_desktop.so.p/asb-plugin-desktop.c.o.d -o libappstream-builder/plugins/libasb_plugin_desktop.so.p/asb-plugin-desktop.c.o -c ../libappstream-builder/plugins/asb-plugin-desktop.c
[8/110] cc -Ilibappstream-builder/plugins/libasb_plugin_hardcoded.so.p -Ilibappstream-builder/plugins -I../libappstream-builder/plugins -I. -I.. -Ilibappstream-builder -I../libappstream-builder -Ilibappstream-glib -I../libappstream-glib -I/usr/include/gdk-pixbuf-2.0 -I/usr/include/libpng16 -I/usr/include/glib-2.0 -I/usr/lib/glib-2.0/include -I/usr/include/libmount -I/usr/include/blkid -fdiagnostics-color=always -D_FILE_OFFSET_BITS=64 -Wall -Winvalid-pch -std=c99 -D_XOPEN_SOURCE=500 -DAS_COMPILATION -O2 -m64 -march=x86-64 -mtune=generic -flto=auto -ffat-lto-objects -fPIC -pthread '-DG_LOG_DOMAIN="Asb"' -MD -MQ libappstream-builder/plugins/libasb_plugin_hardcoded.so.p/asb-plugin-hardcoded.c.o -MF libappstream-builder/plugins/libasb_plugin_hardcoded.so.p/asb-plugin-hardcoded.c.o.d -o libappstream-builder/plugins/libasb_plugin_hardcoded.so.p/asb-plugin-hardcoded.c.o -c ../libappstream-builder/plugins/asb-plugin-hardcoded.c
[9/110] cc  -o libappstream-builder/plugins/libasb_plugin_hardcoded.so libappstream-builder/plugins/libasb_plugin_hardcoded.so.p/asb-plugin-hardcoded.c.o -Wl,--as-needed -Wl,--allow-shlib-undefined -shared -fPIC -O2 -m64 -march=x86-64 -mtune=generic -flto=auto -ffat-lto-objects -Wl,--start-group /usr/lib/libgdk_pixbuf-2.0.so /usr/lib/libgobject-2.0.so /usr/lib/libglib-2.0.so -Wl,--end-group
[10/110] cc  -o libappstream-builder/plugins/libasb_plugin_shell_extension.so libappstream-builder/plugins/libasb_plugin_shell_extension.so.p/asb-plugin-shell-extension.c.o -Wl,--as-needed -Wl,--allow-shlib-undefined -shared -fPIC -O2 -m64 -march=x86-64 -mtune=generic -flto=auto -ffat-lto-objects -Wl,--start-group /usr/lib/libgdk_pixbuf-2.0.so /usr/lib/libgobject-2.0.so /usr/lib/libglib-2.0.so /usr/lib/libjson-glib-1.0.so /usr/lib/libgio-2.0.so -Wl,--end-group
[11/110] cc -Ilibappstream-builder/plugins/libasb_plugin_gettext.so.p -Ilibappstream-builder/plugins -I../libappstream-builder/plugins -I. -I.. -Ilibappstream-builder -I../libappstream-builder -Ilibappstream-glib -I../libappstream-glib -I/usr/include/gdk-pixbuf-2.0 -I/usr/include/libpng16 -I/usr/include/glib-2.0 -I/usr/lib/glib-2.0/include -I/usr/include/libmount -I/usr/include/blkid -fdiagnostics-color=always -D_FILE_OFFSET_BITS=64 -Wall -Winvalid-pch -std=c99 -D_XOPEN_SOURCE=500 -DAS_COMPILATION -O2 -m64 -march=x86-64 -mtune=generic -flto=auto -ffat-lto-objects -fPIC -pthread '-DG_LOG_DOMAIN="Asb"' -MD -MQ libappstream-builder/plugins/libasb_plugin_gettext.so.p/asb-plugin-gettext.c.o -MF libappstream-builder/plugins/libasb_plugin_gettext.so.p/asb-plugin-gettext.c.o.d -o libappstream-builder/plugins/libasb_plugin_gettext.so.p/asb-plugin-gettext.c.o -c ../libappstream-builder/plugins/asb-plugin-gettext.c
[12/110] cc -Ilibappstream-builder/plugins/libasb_plugin_icon.so.p -Ilibappstream-builder/plugins -I../libappstream-builder/plugins -I. -I.. -Ilibappstream-builder -I../libappstream-builder -Ilibappstream-glib -I../libappstream-glib -I/usr/include/gdk-pixbuf-2.0 -I/usr/include/libpng16 -I/usr/include/glib-2.0 -I/usr/lib/glib-2.0/include -I/usr/include/libmount -I/usr/include/blkid -fdiagnostics-color=always -D_FILE_OFFSET_BITS=64 -Wall -Winvalid-pch -std=c99 -D_XOPEN_SOURCE=500 -DAS_COMPILATION -O2 -m64 -march=x86-64 -mtune=generic -flto=auto -ffat-lto-objects -fPIC -pthread '-DG_LOG_DOMAIN="Asb"' -MD -MQ libappstream-builder/plugins/libasb_plugin_icon.so.p/asb-plugin-icon.c.o -MF libappstream-builder/plugins/libasb_plugin_icon.so.p/asb-plugin-icon.c.o.d -o libappstream-builder/plugins/libasb_plugin_icon.so.p/asb-plugin-icon.c.o -c ../libappstream-builder/plugins/asb-plugin-icon.c
[13/110] cc  -o libappstream-builder/plugins/libasb_plugin_desktop.so libappstream-builder/plugins/libasb_plugin_desktop.so.p/asb-plugin-desktop.c.o -Wl,--as-needed -Wl,--allow-shlib-undefined -shared -fPIC -O2 -m64 -march=x86-64 -mtune=generic -flto=auto -ffat-lto-objects -Wl,--start-group /usr/lib/libgdk_pixbuf-2.0.so /usr/lib/libgobject-2.0.so /usr/lib/libglib-2.0.so -Wl,--end-group
[14/110] cc  -o libappstream-builder/plugins/libasb_plugin_appdata.so libappstream-builder/plugins/libasb_plugin_appdata.so.p/asb-plugin-appdata.c.o -Wl,--as-needed -Wl,--allow-shlib-undefined -shared -fPIC -O2 -m64 -march=x86-64 -mtune=generic -flto=auto -ffat-lto-objects -Wl,--start-group /usr/lib/libgdk_pixbuf-2.0.so /usr/lib/libgobject-2.0.so /usr/lib/libglib-2.0.so -Wl,--end-group
[15/110] /usr/bin/msgfmt -o po/zh_TW/LC_MESSAGES/appstream-glib.mo ../po/zh_TW.po
[16/110] /usr/bin/msgfmt -o po/zh_CN/LC_MESSAGES/appstream-glib.mo ../po/zh_CN.po
[17/110] /usr/bin/msgfmt -o po/uk/LC_MESSAGES/appstream-glib.mo ../po/uk.po
[18/110] /usr/bin/msgfmt -o po/tr/LC_MESSAGES/appstream-glib.mo ../po/tr.po
[19/110] /usr/bin/msgfmt -o po/sv/LC_MESSAGES/appstream-glib.mo ../po/sv.po
[20/110] /usr/bin/msgfmt -o po/sr/LC_MESSAGES/appstream-glib.mo ../po/sr.po
[21/110] /usr/bin/msgfmt -o po/sr@latin/LC_MESSAGES/appstream-glib.mo ../po/sr@latin.po
[22/110] /usr/bin/msgfmt -o po/sl/LC_MESSAGES/appstream-glib.mo ../po/sl.po
[23/110] /usr/bin/msgfmt -o po/sk/LC_MESSAGES/appstream-glib.mo ../po/sk.po
[24/110] /usr/bin/msgfmt -o po/ru/LC_MESSAGES/appstream-glib.mo ../po/ru.po
[25/110] /usr/bin/msgfmt -o po/pt/LC_MESSAGES/appstream-glib.mo ../po/pt.po
[26/110] /usr/bin/msgfmt -o po/pt_BR/LC_MESSAGES/appstream-glib.mo ../po/pt_BR.po
[27/110] /usr/bin/msgfmt -o po/pl/LC_MESSAGES/appstream-glib.mo ../po/pl.po
[28/110] /usr/bin/msgfmt -o po/oc/LC_MESSAGES/appstream-glib.mo ../po/oc.po
[29/110] /usr/bin/msgfmt -o po/lt/LC_MESSAGES/appstream-glib.mo ../po/lt.po
[30/110] /usr/bin/msgfmt -o po/ko/LC_MESSAGES/appstream-glib.mo ../po/ko.po
[31/110] /usr/bin/msgfmt -o po/ka/LC_MESSAGES/appstream-glib.mo ../po/ka.po
[32/110] /usr/bin/msgfmt -o po/it/LC_MESSAGES/appstream-glib.mo ../po/it.po
[33/110] /usr/bin/msgfmt -o po/id/LC_MESSAGES/appstream-glib.mo ../po/id.po
[34/110] /usr/bin/msgfmt -o po/hu/LC_MESSAGES/appstream-glib.mo ../po/hu.po
[35/110] /usr/bin/msgfmt -o po/hr/LC_MESSAGES/appstream-glib.mo ../po/hr.po
[36/110] /usr/bin/msgfmt -o po/gl/LC_MESSAGES/appstream-glib.mo ../po/gl.po
[37/110] /usr/bin/msgfmt -o po/fur/LC_MESSAGES/appstream-glib.mo ../po/fur.po
[38/110] /usr/bin/msgfmt -o po/fr/LC_MESSAGES/appstream-glib.mo ../po/fr.po
[39/110] /usr/bin/msgfmt -o po/fi/LC_MESSAGES/appstream-glib.mo ../po/fi.po
[40/110] /usr/bin/msgfmt -o po/fa/LC_MESSAGES/appstream-glib.mo ../po/fa.po
[41/110] /usr/bin/msgfmt -o po/es/LC_MESSAGES/appstream-glib.mo ../po/es.po
[42/110] /usr/bin/msgfmt -o po/en_GB/LC_MESSAGES/appstream-glib.mo ../po/en_GB.po
[43/110] /usr/bin/msgfmt -o po/de/LC_MESSAGES/appstream-glib.mo ../po/de.po
[44/110] /usr/bin/msgfmt -o po/da/LC_MESSAGES/appstream-glib.mo ../po/da.po
[45/110] /usr/bin/msgfmt -o po/cs/LC_MESSAGES/appstream-glib.mo ../po/cs.po
[46/110] /usr/bin/msgfmt -o po/ca/LC_MESSAGES/appstream-glib.mo ../po/ca.po
[47/110] cc -Ilibappstream-builder/libappstream-builder.a.p -Ilibappstream-builder -I../libappstream-builder -I. -I.. -Ilibappstream-glib -I../libappstream-glib -I/usr/include/glib-2.0 -I/usr/lib/glib-2.0/include -I/usr/include/libmount -I/usr/include/blkid -I/usr/include/gdk-pixbuf-2.0 -I/usr/include/libpng16 -fdiagnostics-color=always -D_FILE_OFFSET_BITS=64 -Wall -Winvalid-pch -std=c99 -D_XOPEN_SOURCE=500 -DAS_COMPILATION -O2 -m64 -march=x86-64 -mtune=generic -flto=auto -ffat-lto-objects -fPIC -pthread '-DG_LOG_DOMAIN="Asb"' '-DASB_PLUGIN_DIR="/usr/lib/asb-plugins-5"' -MD -MQ libappstream-builder/libappstream-builder.a.p/asb-plugin-loader.c.o -MF libappstream-builder/libappstream-builder.a.p/asb-plugin-loader.c.o.d -o libappstream-builder/libappstream-builder.a.p/asb-plugin-loader.c.o -c ../libappstream-builder/asb-plugin-loader.c
[48/110] cc -Ilibappstream-builder/libappstream-builder.a.p -Ilibappstream-builder -I../libappstream-builder -I. -I.. -Ilibappstream-glib -I../libappstream-glib -I/usr/include/glib-2.0 -I/usr/lib/glib-2.0/include -I/usr/include/libmount -I/usr/include/blkid -I/usr/include/gdk-pixbuf-2.0 -I/usr/include/libpng16 -fdiagnostics-color=always -D_FILE_OFFSET_BITS=64 -Wall -Winvalid-pch -std=c99 -D_XOPEN_SOURCE=500 -DAS_COMPILATION -O2 -m64 -march=x86-64 -mtune=generic -flto=auto -ffat-lto-objects -fPIC -pthread '-DG_LOG_DOMAIN="Asb"' '-DASB_PLUGIN_DIR="/usr/lib/asb-plugins-5"' -MD -MQ libappstream-builder/libappstream-builder.a.p/asb-plugin.c.o -MF libappstream-builder/libappstream-builder.a.p/asb-plugin.c.o.d -o libappstream-builder/libappstream-builder.a.p/asb-plugin.c.o -c ../libappstream-builder/asb-plugin.c
[49/110] cc -Ilibappstream-builder/libappstream-builder.a.p -Ilibappstream-builder -I../libappstream-builder -I. -I.. -Ilibappstream-glib -I../libappstream-glib -I/usr/include/glib-2.0 -I/usr/lib/glib-2.0/include -I/usr/include/libmount -I/usr/include/blkid -I/usr/include/gdk-pixbuf-2.0 -I/usr/include/libpng16 -fdiagnostics-color=always -D_FILE_OFFSET_BITS=64 -Wall -Winvalid-pch -std=c99 -D_XOPEN_SOURCE=500 -DAS_COMPILATION -O2 -m64 -march=x86-64 -mtune=generic -flto=auto -ffat-lto-objects -fPIC -pthread '-DG_LOG_DOMAIN="Asb"' '-DASB_PLUGIN_DIR="/usr/lib/asb-plugins-5"' -MD -MQ libappstream-builder/libappstream-builder.a.p/asb-utils.c.o -MF libappstream-builder/libappstream-builder.a.p/asb-utils.c.o.d -o libappstream-builder/libappstream-builder.a.p/asb-utils.c.o -c ../libappstream-builder/asb-utils.c
[50/110] cc  -o libappstream-builder/plugins/libasb_plugin_font.so libappstream-builder/plugins/libasb_plugin_font.so.p/asb-plugin-font.c.o -Wl,--as-needed -Wl,--allow-shlib-undefined -shared -fPIC -O2 -m64 -march=x86-64 -mtune=generic -flto=auto -ffat-lto-objects -Wl,--start-group /usr/lib/libgdk_pixbuf-2.0.so /usr/lib/libgobject-2.0.so /usr/lib/libglib-2.0.so /usr/lib/libgdk-3.so /usr/lib/libpangocairo-1.0.so /usr/lib/libpango-1.0.so /usr/lib/libharfbuzz.so /usr/lib/libcairo-gobject.so /usr/lib/libcairo.so /usr/lib/libfreetype.so /usr/lib/libfontconfig.so -Wl,--end-group
[51/110] cc  -o libappstream-builder/plugins/libasb_plugin_gettext.so libappstream-builder/plugins/libasb_plugin_gettext.so.p/asb-plugin-gettext.c.o -Wl,--as-needed -Wl,--allow-shlib-undefined -shared -fPIC -O2 -m64 -march=x86-64 -mtune=generic -flto=auto -ffat-lto-objects -Wl,--start-group /usr/lib/libgdk_pixbuf-2.0.so /usr/lib/libgobject-2.0.so /usr/lib/libglib-2.0.so -Wl,--end-group
[52/110] cc -Ilibappstream-builder/libappstream-builder.a.p -Ilibappstream-builder -I../libappstream-builder -I. -I.. -Ilibappstream-glib -I../libappstream-glib -I/usr/include/glib-2.0 -I/usr/lib/glib-2.0/include -I/usr/include/libmount -I/usr/include/blkid -I/usr/include/gdk-pixbuf-2.0 -I/usr/include/libpng16 -fdiagnostics-color=always -D_FILE_OFFSET_BITS=64 -Wall -Winvalid-pch -std=c99 -D_XOPEN_SOURCE=500 -DAS_COMPILATION -O2 -m64 -march=x86-64 -mtune=generic -flto=auto -ffat-lto-objects -fPIC -pthread '-DG_LOG_DOMAIN="Asb"' '-DASB_PLUGIN_DIR="/usr/lib/asb-plugins-5"' -MD -MQ libappstream-builder/libappstream-builder.a.p/asb-task.c.o -MF libappstream-builder/libappstream-builder.a.p/asb-task.c.o.d -o libappstream-builder/libappstream-builder.a.p/asb-task.c.o -c ../libappstream-builder/asb-task.c
[53/110] cc  -o libappstream-builder/plugins/libasb_plugin_icon.so libappstream-builder/plugins/libasb_plugin_icon.so.p/asb-plugin-icon.c.o -Wl,--as-needed -Wl,--allow-shlib-undefined -shared -fPIC -O2 -m64 -march=x86-64 -mtune=generic -flto=auto -ffat-lto-objects -Wl,--start-group /usr/lib/libgdk_pixbuf-2.0.so /usr/lib/libgobject-2.0.so /usr/lib/libglib-2.0.so -Wl,--end-group
[54/110] cc -Ilibappstream-builder/libappstream-builder.a.p -Ilibappstream-builder -I../libappstream-builder -I. -I.. -Ilibappstream-glib -I../libappstream-glib -I/usr/include/glib-2.0 -I/usr/lib/glib-2.0/include -I/usr/include/libmount -I/usr/include/blkid -I/usr/include/gdk-pixbuf-2.0 -I/usr/include/libpng16 -fdiagnostics-color=always -D_FILE_OFFSET_BITS=64 -Wall -Winvalid-pch -std=c99 -D_XOPEN_SOURCE=500 -DAS_COMPILATION -O2 -m64 -march=x86-64 -mtune=generic -flto=auto -ffat-lto-objects -fPIC -pthread '-DG_LOG_DOMAIN="Asb"' '-DASB_PLUGIN_DIR="/usr/lib/asb-plugins-5"' -MD -MQ libappstream-builder/libappstream-builder.a.p/asb-package-deb.c.o -MF libappstream-builder/libappstream-builder.a.p/asb-package-deb.c.o.d -o libappstream-builder/libappstream-builder.a.p/asb-package-deb.c.o -c ../libappstream-builder/asb-package-deb.c
[55/110] cc -Ilibappstream-builder/libappstream-builder.a.p -Ilibappstream-builder -I../libappstream-builder -I. -I.. -Ilibappstream-glib -I../libappstream-glib -I/usr/include/glib-2.0 -I/usr/lib/glib-2.0/include -I/usr/include/libmount -I/usr/include/blkid -I/usr/include/gdk-pixbuf-2.0 -I/usr/include/libpng16 -fdiagnostics-color=always -D_FILE_OFFSET_BITS=64 -Wall -Winvalid-pch -std=c99 -D_XOPEN_SOURCE=500 -DAS_COMPILATION -O2 -m64 -march=x86-64 -mtune=generic -flto=auto -ffat-lto-objects -fPIC -pthread '-DG_LOG_DOMAIN="Asb"' '-DASB_PLUGIN_DIR="/usr/lib/asb-plugins-5"' -MD -MQ libappstream-builder/libappstream-builder.a.p/asb-package-cab.c.o -MF libappstream-builder/libappstream-builder.a.p/asb-package-cab.c.o.d -o libappstream-builder/libappstream-builder.a.p/asb-package-cab.c.o -c ../libappstream-builder/asb-package-cab.c
[56/110] cc -Ilibappstream-builder/libappstream-builder.a.p -Ilibappstream-builder -I../libappstream-builder -I. -I.. -Ilibappstream-glib -I../libappstream-glib -I/usr/include/glib-2.0 -I/usr/lib/glib-2.0/include -I/usr/include/libmount -I/usr/include/blkid -I/usr/include/gdk-pixbuf-2.0 -I/usr/include/libpng16 -fdiagnostics-color=always -D_FILE_OFFSET_BITS=64 -Wall -Winvalid-pch -std=c99 -D_XOPEN_SOURCE=500 -DAS_COMPILATION -O2 -m64 -march=x86-64 -mtune=generic -flto=auto -ffat-lto-objects -fPIC -pthread '-DG_LOG_DOMAIN="Asb"' '-DASB_PLUGIN_DIR="/usr/lib/asb-plugins-5"' -MD -MQ libappstream-builder/libappstream-builder.a.p/asb-package.c.o -MF libappstream-builder/libappstream-builder.a.p/asb-package.c.o.d -o libappstream-builder/libappstream-builder.a.p/asb-package.c.o -c ../libappstream-builder/asb-package.c
[57/110] cc -Ilibappstream-builder/libappstream-builder.a.p -Ilibappstream-builder -I../libappstream-builder -I. -I.. -Ilibappstream-glib -I../libappstream-glib -I/usr/include/glib-2.0 -I/usr/lib/glib-2.0/include -I/usr/include/libmount -I/usr/include/blkid -I/usr/include/gdk-pixbuf-2.0 -I/usr/include/libpng16 -fdiagnostics-color=always -D_FILE_OFFSET_BITS=64 -Wall -Winvalid-pch -std=c99 -D_XOPEN_SOURCE=500 -DAS_COMPILATION -O2 -m64 -march=x86-64 -mtune=generic -flto=auto -ffat-lto-objects -fPIC -pthread '-DG_LOG_DOMAIN="Asb"' '-DASB_PLUGIN_DIR="/usr/lib/asb-plugins-5"' -MD -MQ libappstream-builder/libappstream-builder.a.p/asb-context.c.o -MF libappstream-builder/libappstream-builder.a.p/asb-context.c.o.d -o libappstream-builder/libappstream-builder.a.p/asb-context.c.o -c ../libappstream-builder/asb-context.c
[58/110] cc -Ilibappstream-builder/libappstream-builder.a.p -Ilibappstream-builder -I../libappstream-builder -I. -I.. -Ilibappstream-glib -I../libappstream-glib -I/usr/include/glib-2.0 -I/usr/lib/glib-2.0/include -I/usr/include/libmount -I/usr/include/blkid -I/usr/include/gdk-pixbuf-2.0 -I/usr/include/libpng16 -fdiagnostics-color=always -D_FILE_OFFSET_BITS=64 -Wall -Winvalid-pch -std=c99 -D_XOPEN_SOURCE=500 -DAS_COMPILATION -O2 -m64 -march=x86-64 -mtune=generic -flto=auto -ffat-lto-objects -fPIC -pthread '-DG_LOG_DOMAIN="Asb"' '-DASB_PLUGIN_DIR="/usr/lib/asb-plugins-5"' -MD -MQ libappstream-builder/libappstream-builder.a.p/asb-app.c.o -MF libappstream-builder/libappstream-builder.a.p/asb-app.c.o.d -o libappstream-builder/libappstream-builder.a.p/asb-app.c.o -c ../libappstream-builder/asb-app.c
[59/110] cc -Ilibappstream-builder/asb-self-test.p -Ilibappstream-builder -I../libappstream-builder -I. -I.. -Ilibappstream-glib -I../libappstream-glib -I/usr/include/glib-2.0 -I/usr/lib/glib-2.0/include -I/usr/include/libmount -I/usr/include/blkid -I/usr/include/gdk-pixbuf-2.0 -I/usr/include/libpng16 -fdiagnostics-color=always -D_FILE_OFFSET_BITS=64 -Wall -Winvalid-pch -std=c99 -D_XOPEN_SOURCE=500 -DAS_COMPILATION -O2 -m64 -march=x86-64 -mtune=generic -flto=auto -ffat-lto-objects -fPIE -pthread '-DG_LOG_DOMAIN="As"' '-DTESTDIRSRC="/home/devel/building/work/src/appstream-glib-0.8.2/libappstream-builder/../data/tests"' '-DTESTDIRBUILD="/home/devel/building/work/src/appstream-glib-0.8.2/build/libappstream-builder/../data/tests"' '-DTESTPLUGINDIR="/home/devel/building/work/src/appstream-glib-0.8.2/build/libappstream-builder/plugins"' -MD -MQ libappstream-builder/asb-self-test.p/asb-self-test.c.o -MF libappstream-builder/asb-self-test.p/asb-self-test.c.o.d -o libappstream-builder/asb-self-test.p/asb-self-test.c.o -c ../libappstream-builder/asb-self-test.c
[60/110] /usr/bin/gperf ../libappstream-glib/as-tag.gperf --output-file libappstream-glib/as-tag-private.h
[61/110] /usr/bin/glib-compile-resources ../libappstream-glib/appstream-glib.gresource.xml --sourcedir ../libappstream-glib --c-name as --internal --generate --target libappstream-glib/as-resources.h
[62/110] cc -Ilibappstream-glib/libappstream-glib.so.8.0.10.p -Ilibappstream-glib -I../libappstream-glib -I. -I.. -I/usr/include/gdk-pixbuf-2.0 -I/usr/include/libpng16 -I/usr/include/glib-2.0 -I/usr/lib/glib-2.0/include -I/usr/include/libmount -I/usr/include/blkid -I/usr/include/gio-unix-2.0 -I/usr/include/uuid -fdiagnostics-color=always -D_FILE_OFFSET_BITS=64 -Wall -Winvalid-pch -std=c99 -D_XOPEN_SOURCE=500 -DAS_COMPILATION -O2 -m64 -march=x86-64 -mtune=generic -flto=auto -ffat-lto-objects -fPIC -pthread '-DG_LOG_DOMAIN="As"' -MD -MQ libappstream-glib/libappstream-glib.so.8.0.10.p/as-yaml.c.o -MF libappstream-glib/libappstream-glib.so.8.0.10.p/as-yaml.c.o.d -o libappstream-glib/libappstream-glib.so.8.0.10.p/as-yaml.c.o -c ../libappstream-glib/as-yaml.c
[63/110] cc -Ilibappstream-glib/libappstream-glib.so.8.0.10.p -Ilibappstream-glib -I../libappstream-glib -I. -I.. -I/usr/include/gdk-pixbuf-2.0 -I/usr/include/libpng16 -I/usr/include/glib-2.0 -I/usr/lib/glib-2.0/include -I/usr/include/libmount -I/usr/include/blkid -I/usr/include/gio-unix-2.0 -I/usr/include/uuid -fdiagnostics-color=always -D_FILE_OFFSET_BITS=64 -Wall -Winvalid-pch -std=c99 -D_XOPEN_SOURCE=500 -DAS_COMPILATION -O2 -m64 -march=x86-64 -mtune=generic -flto=auto -ffat-lto-objects -fPIC -pthread '-DG_LOG_DOMAIN="As"' -MD -MQ libappstream-glib/libappstream-glib.so.8.0.10.p/as-version.c.o -MF libappstream-glib/libappstream-glib.so.8.0.10.p/as-version.c.o.d -o libappstream-glib/libappstream-glib.so.8.0.10.p/as-version.c.o -c ../libappstream-glib/as-version.c
[64/110] cc -Ilibappstream-glib/libappstream-glib.so.8.0.10.p -Ilibappstream-glib -I../libappstream-glib -I. -I.. -I/usr/include/gdk-pixbuf-2.0 -I/usr/include/libpng16 -I/usr/include/glib-2.0 -I/usr/lib/glib-2.0/include -I/usr/include/libmount -I/usr/include/blkid -I/usr/include/gio-unix-2.0 -I/usr/include/uuid -fdiagnostics-color=always -D_FILE_OFFSET_BITS=64 -Wall -Winvalid-pch -std=c99 -D_XOPEN_SOURCE=500 -DAS_COMPILATION -O2 -m64 -march=x86-64 -mtune=generic -flto=auto -ffat-lto-objects -fPIC -pthread '-DG_LOG_DOMAIN="As"' -MD -MQ libappstream-glib/libappstream-glib.so.8.0.10.p/as-utils.c.o -MF libappstream-glib/libappstream-glib.so.8.0.10.p/as-utils.c.o.d -o libappstream-glib/libappstream-glib.so.8.0.10.p/as-utils.c.o -c ../libappstream-glib/as-utils.c
[65/110] cc -Ilibappstream-glib/libappstream-glib.so.8.0.10.p -Ilibappstream-glib -I../libappstream-glib -I. -I.. -I/usr/include/gdk-pixbuf-2.0 -I/usr/include/libpng16 -I/usr/include/glib-2.0 -I/usr/lib/glib-2.0/include -I/usr/include/libmount -I/usr/include/blkid -I/usr/include/gio-unix-2.0 -I/usr/include/uuid -fdiagnostics-color=always -D_FILE_OFFSET_BITS=64 -Wall -Winvalid-pch -std=c99 -D_XOPEN_SOURCE=500 -DAS_COMPILATION -O2 -m64 -march=x86-64 -mtune=generic -flto=auto -ffat-lto-objects -fPIC -pthread '-DG_LOG_DOMAIN="As"' -MD -MQ libappstream-glib/libappstream-glib.so.8.0.10.p/as-translation.c.o -MF libappstream-glib/libappstream-glib.so.8.0.10.p/as-translation.c.o.d -o libappstream-glib/libappstream-glib.so.8.0.10.p/as-translation.c.o -c ../libappstream-glib/as-translation.c
[66/110] cc -Ilibappstream-glib/libappstream-glib.so.8.0.10.p -Ilibappstream-glib -I../libappstream-glib -I. -I.. -I/usr/include/gdk-pixbuf-2.0 -I/usr/include/libpng16 -I/usr/include/glib-2.0 -I/usr/lib/glib-2.0/include -I/usr/include/libmount -I/usr/include/blkid -I/usr/include/gio-unix-2.0 -I/usr/include/uuid -fdiagnostics-color=always -D_FILE_OFFSET_BITS=64 -Wall -Winvalid-pch -std=c99 -D_XOPEN_SOURCE=500 -DAS_COMPILATION -O2 -m64 -march=x86-64 -mtune=generic -flto=auto -ffat-lto-objects -fPIC -pthread '-DG_LOG_DOMAIN="As"' -MD -MQ libappstream-glib/libappstream-glib.so.8.0.10.p/as-tag.c.o -MF libappstream-glib/libappstream-glib.so.8.0.10.p/as-tag.c.o.d -o libappstream-glib/libappstream-glib.so.8.0.10.p/as-tag.c.o -c ../libappstream-glib/as-tag.c
[67/110] cc -Ilibappstream-glib/libappstream-glib.so.8.0.10.p -Ilibappstream-glib -I../libappstream-glib -I. -I.. -I/usr/include/gdk-pixbuf-2.0 -I/usr/include/libpng16 -I/usr/include/glib-2.0 -I/usr/lib/glib-2.0/include -I/usr/include/libmount -I/usr/include/blkid -I/usr/include/gio-unix-2.0 -I/usr/include/uuid -fdiagnostics-color=always -D_FILE_OFFSET_BITS=64 -Wall -Winvalid-pch -std=c99 -D_XOPEN_SOURCE=500 -DAS_COMPILATION -O2 -m64 -march=x86-64 -mtune=generic -flto=auto -ffat-lto-objects -fPIC -pthread '-DG_LOG_DOMAIN="As"' -MD -MQ libappstream-glib/libappstream-glib.so.8.0.10.p/as-suggest.c.o -MF libappstream-glib/libappstream-glib.so.8.0.10.p/as-suggest.c.o.d -o libappstream-glib/libappstream-glib.so.8.0.10.p/as-suggest.c.o -c ../libappstream-glib/as-suggest.c
[01m[K../libappstream-builder/asb-self-test.c:45:1:[m[K [01;35m[Kwarning: [m[K'[01m[Kasb_test_compare_lines[m[K' defined but not used [[01;35m[K-Wunused-function[m[K]
   45 | [01;35m[Kasb_test_compare_lines[m[K (const gchar *txt1, const gchar *txt2, GError **error)
      | [01;35m[K^~~~~~~~~~~~~~~~~~~~~~[m[K
[01m[K../libappstream-builder/asb-self-test.c:28:1:[m[K [01;35m[Kwarning: [m[K'[01m[Kasb_test_get_filename[m[K' defined but not used [[01;35m[K-Wunused-function[m[K]
   28 | [01;35m[Kasb_test_get_filename[m[K (const gchar *filename)
      | [01;35m[K^~~~~~~~~~~~~~~~~~~~~[m[K
[68/110] cc -Ilibappstream-glib/libappstream-glib.so.8.0.10.p -Ilibappstream-glib -I../libappstream-glib -I. -I.. -I/usr/include/gdk-pixbuf-2.0 -I/usr/include/libpng16 -I/usr/include/glib-2.0 -I/usr/lib/glib-2.0/include -I/usr/include/libmount -I/usr/include/blkid -I/usr/include/gio-unix-2.0 -I/usr/include/uuid -fdiagnostics-color=always -D_FILE_OFFSET_BITS=64 -Wall -Winvalid-pch -std=c99 -D_XOPEN_SOURCE=500 -DAS_COMPILATION -O2 -m64 -march=x86-64 -mtune=generic -flto=auto -ffat-lto-objects -fPIC -pthread '-DG_LOG_DOMAIN="As"' -MD -MQ libappstream-glib/libappstream-glib.so.8.0.10.p/as-store-cab.c.o -MF libappstream-glib/libappstream-glib.so.8.0.10.p/as-store-cab.c.o.d -o libappstream-glib/libappstream-glib.so.8.0.10.p/as-store-cab.c.o -c ../libappstream-glib/as-store-cab.c
[69/110] cc -Ilibappstream-glib/libappstream-glib.so.8.0.10.p -Ilibappstream-glib -I../libappstream-glib -I. -I.. -I/usr/include/gdk-pixbuf-2.0 -I/usr/include/libpng16 -I/usr/include/glib-2.0 -I/usr/lib/glib-2.0/include -I/usr/include/libmount -I/usr/include/blkid -I/usr/include/gio-unix-2.0 -I/usr/include/uuid -fdiagnostics-color=always -D_FILE_OFFSET_BITS=64 -Wall -Winvalid-pch -std=c99 -D_XOPEN_SOURCE=500 -DAS_COMPILATION -O2 -m64 -march=x86-64 -mtune=generic -flto=auto -ffat-lto-objects -fPIC -pthread '-DG_LOG_DOMAIN="As"' -MD -MQ libappstream-glib/libappstream-glib.so.8.0.10.p/as-store.c.o -MF libappstream-glib/libappstream-glib.so.8.0.10.p/as-store.c.o.d -o libappstream-glib/libappstream-glib.so.8.0.10.p/as-store.c.o -c ../libappstream-glib/as-store.c
[70/110] cc -Ilibappstream-glib/libappstream-glib.so.8.0.10.p -Ilibappstream-glib -I../libappstream-glib -I. -I.. -I/usr/include/gdk-pixbuf-2.0 -I/usr/include/libpng16 -I/usr/include/glib-2.0 -I/usr/lib/glib-2.0/include -I/usr/include/libmount -I/usr/include/blkid -I/usr/include/gio-unix-2.0 -I/usr/include/uuid -fdiagnostics-color=always -D_FILE_OFFSET_BITS=64 -Wall -Winvalid-pch -std=c99 -D_XOPEN_SOURCE=500 -DAS_COMPILATION -O2 -m64 -march=x86-64 -mtune=generic -flto=auto -ffat-lto-objects -fPIC -pthread '-DG_LOG_DOMAIN="As"' -MD -MQ libappstream-glib/libappstream-glib.so.8.0.10.p/as-stemmer.c.o -MF libappstream-glib/libappstream-glib.so.8.0.10.p/as-stemmer.c.o.d -o libappstream-glib/libappstream-glib.so.8.0.10.p/as-stemmer.c.o -c ../libappstream-glib/as-stemmer.c
[71/110] cc -Ilibappstream-glib/libappstream-glib.so.8.0.10.p -Ilibappstream-glib -I../libappstream-glib -I. -I.. -I/usr/include/gdk-pixbuf-2.0 -I/usr/include/libpng16 -I/usr/include/glib-2.0 -I/usr/lib/glib-2.0/include -I/usr/include/libmount -I/usr/include/blkid -I/usr/include/gio-unix-2.0 -I/usr/include/uuid -fdiagnostics-color=always -D_FILE_OFFSET_BITS=64 -Wall -Winvalid-pch -std=c99 -D_XOPEN_SOURCE=500 -DAS_COMPILATION -O2 -m64 -march=x86-64 -mtune=generic -flto=auto -ffat-lto-objects -fPIC -pthread '-DG_LOG_DOMAIN="As"' -MD -MQ libappstream-glib/libappstream-glib.so.8.0.10.p/as-screenshot.c.o -MF libappstream-glib/libappstream-glib.so.8.0.10.p/as-screenshot.c.o.d -o libappstream-glib/libappstream-glib.so.8.0.10.p/as-screenshot.c.o -c ../libappstream-glib/as-screenshot.c
[72/110] rm -f libappstream-builder/libappstream-builder.a && gcc-ar csrDT libappstream-builder/libappstream-builder.a libappstream-builder/libappstream-builder.a.p/asb-app.c.o libappstream-builder/libappstream-builder.a.p/asb-context.c.o libappstream-builder/libappstream-builder.a.p/asb-package.c.o libappstream-builder/libappstream-builder.a.p/asb-package-cab.c.o libappstream-builder/libappstream-builder.a.p/asb-package-deb.c.o libappstream-builder/libappstream-builder.a.p/asb-task.c.o libappstream-builder/libappstream-builder.a.p/asb-utils.c.o libappstream-builder/libappstream-builder.a.p/asb-plugin.c.o libappstream-builder/libappstream-builder.a.p/asb-plugin-loader.c.o
[73/110] cc -Ilibappstream-glib/libappstream-glib.so.8.0.10.p -Ilibappstream-glib -I../libappstream-glib -I. -I.. -I/usr/include/gdk-pixbuf-2.0 -I/usr/include/libpng16 -I/usr/include/glib-2.0 -I/usr/lib/glib-2.0/include -I/usr/include/libmount -I/usr/include/blkid -I/usr/include/gio-unix-2.0 -I/usr/include/uuid -fdiagnostics-color=always -D_FILE_OFFSET_BITS=64 -Wall -Winvalid-pch -std=c99 -D_XOPEN_SOURCE=500 -DAS_COMPILATION -O2 -m64 -march=x86-64 -mtune=generic -flto=auto -ffat-lto-objects -fPIC -pthread '-DG_LOG_DOMAIN="As"' -MD -MQ libappstream-glib/libappstream-glib.so.8.0.10.p/as-review.c.o -MF libappstream-glib/libappstream-glib.so.8.0.10.p/as-review.c.o.d -o libappstream-glib/libappstream-glib.so.8.0.10.p/as-review.c.o -c ../libappstream-glib/as-review.c
[74/110] cc -Ilibappstream-glib/libappstream-glib.so.8.0.10.p -Ilibappstream-glib -I../libappstream-glib -I. -I.. -I/usr/include/gdk-pixbuf-2.0 -I/usr/include/libpng16 -I/usr/include/glib-2.0 -I/usr/lib/glib-2.0/include -I/usr/include/libmount -I/usr/include/blkid -I/usr/include/gio-unix-2.0 -I/usr/include/uuid -fdiagnostics-color=always -D_FILE_OFFSET_BITS=64 -Wall -Winvalid-pch -std=c99 -D_XOPEN_SOURCE=500 -DAS_COMPILATION -O2 -m64 -march=x86-64 -mtune=generic -flto=auto -ffat-lto-objects -fPIC -pthread '-DG_LOG_DOMAIN="As"' -MD -MQ libappstream-glib/libappstream-glib.so.8.0.10.p/as-require.c.o -MF libappstream-glib/libappstream-glib.so.8.0.10.p/as-require.c.o.d -o libappstream-glib/libappstream-glib.so.8.0.10.p/as-require.c.o -c ../libappstream-glib/as-require.c
[75/110] cc -Ilibappstream-glib/libappstream-glib.so.8.0.10.p -Ilibappstream-glib -I../libappstream-glib -I. -I.. -I/usr/include/gdk-pixbuf-2.0 -I/usr/include/libpng16 -I/usr/include/glib-2.0 -I/usr/lib/glib-2.0/include -I/usr/include/libmount -I/usr/include/blkid -I/usr/include/gio-unix-2.0 -I/usr/include/uuid -fdiagnostics-color=always -D_FILE_OFFSET_BITS=64 -Wall -Winvalid-pch -std=c99 -D_XOPEN_SOURCE=500 -DAS_COMPILATION -O2 -m64 -march=x86-64 -mtune=generic -flto=auto -ffat-lto-objects -fPIC -pthread '-DG_LOG_DOMAIN="As"' -MD -MQ libappstream-glib/libappstream-glib.so.8.0.10.p/as-release.c.o -MF libappstream-glib/libappstream-glib.so.8.0.10.p/as-release.c.o.d -o libappstream-glib/libappstream-glib.so.8.0.10.p/as-release.c.o -c ../libappstream-glib/as-release.c
[76/110] cc -Ilibappstream-glib/libappstream-glib.so.8.0.10.p -Ilibappstream-glib -I../libappstream-glib -I. -I.. -I/usr/include/gdk-pixbuf-2.0 -I/usr/include/libpng16 -I/usr/include/glib-2.0 -I/usr/lib/glib-2.0/include -I/usr/include/libmount -I/usr/include/blkid -I/usr/include/gio-unix-2.0 -I/usr/include/uuid -fdiagnostics-color=always -D_FILE_OFFSET_BITS=64 -Wall -Winvalid-pch -std=c99 -D_XOPEN_SOURCE=500 -DAS_COMPILATION -O2 -m64 -march=x86-64 -mtune=generic -flto=auto -ffat-lto-objects -fPIC -pthread '-DG_LOG_DOMAIN="As"' -MD -MQ libappstream-glib/libappstream-glib.so.8.0.10.p/as-ref-string.c.o -MF libappstream-glib/libappstream-glib.so.8.0.10.p/as-ref-string.c.o.d -o libappstream-glib/libappstream-glib.so.8.0.10.p/as-ref-string.c.o -c ../libappstream-glib/as-ref-string.c
[77/110] cc -Ilibappstream-glib/libappstream-glib.so.8.0.10.p -Ilibappstream-glib -I../libappstream-glib -I. -I.. -I/usr/include/gdk-pixbuf-2.0 -I/usr/include/libpng16 -I/usr/include/glib-2.0 -I/usr/lib/glib-2.0/include -I/usr/include/libmount -I/usr/include/blkid -I/usr/include/gio-unix-2.0 -I/usr/include/uuid -fdiagnostics-color=always -D_FILE_OFFSET_BITS=64 -Wall -Winvalid-pch -std=c99 -D_XOPEN_SOURCE=500 -DAS_COMPILATION -O2 -m64 -march=x86-64 -mtune=generic -flto=auto -ffat-lto-objects -fPIC -pthread '-DG_LOG_DOMAIN="As"' -MD -MQ libappstream-glib/libappstream-glib.so.8.0.10.p/as-provide.c.o -MF libappstream-glib/libappstream-glib.so.8.0.10.p/as-provide.c.o.d -o libappstream-glib/libappstream-glib.so.8.0.10.p/as-provide.c.o -c ../libappstream-glib/as-provide.c
[78/110] cc -Ilibappstream-glib/libappstream-glib.so.8.0.10.p -Ilibappstream-glib -I../libappstream-glib -I. -I.. -I/usr/include/gdk-pixbuf-2.0 -I/usr/include/libpng16 -I/usr/include/glib-2.0 -I/usr/lib/glib-2.0/include -I/usr/include/libmount -I/usr/include/blkid -I/usr/include/gio-unix-2.0 -I/usr/include/uuid -fdiagnostics-color=always -D_FILE_OFFSET_BITS=64 -Wall -Winvalid-pch -std=c99 -D_XOPEN_SOURCE=500 -DAS_COMPILATION -O2 -m64 -march=x86-64 -mtune=generic -flto=auto -ffat-lto-objects -fPIC -pthread '-DG_LOG_DOMAIN="As"' -MD -MQ libappstream-glib/libappstream-glib.so.8.0.10.p/as-profile.c.o -MF libappstream-glib/libappstream-glib.so.8.0.10.p/as-profile.c.o.d -o libappstream-glib/libappstream-glib.so.8.0.10.p/as-profile.c.o -c ../libappstream-glib/as-profile.c
[79/110] cc -Ilibappstream-glib/libappstream-glib.so.8.0.10.p -Ilibappstream-glib -I../libappstream-glib -I. -I.. -I/usr/include/gdk-pixbuf-2.0 -I/usr/include/libpng16 -I/usr/include/glib-2.0 -I/usr/lib/glib-2.0/include -I/usr/include/libmount -I/usr/include/blkid -I/usr/include/gio-unix-2.0 -I/usr/include/uuid -fdiagnostics-color=always -D_FILE_OFFSET_BITS=64 -Wall -Winvalid-pch -std=c99 -D_XOPEN_SOURCE=500 -DAS_COMPILATION -O2 -m64 -march=x86-64 -mtune=generic -flto=auto -ffat-lto-objects -fPIC -pthread '-DG_LOG_DOMAIN="As"' -MD -MQ libappstream-glib/libappstream-glib.so.8.0.10.p/as-problem.c.o -MF libappstream-glib/libappstream-glib.so.8.0.10.p/as-problem.c.o.d -o libappstream-glib/libappstream-glib.so.8.0.10.p/as-problem.c.o -c ../libappstream-glib/as-problem.c
[01m[K../libappstream-glib/as-utils.c:[m[K In function '[01m[Kas_utils_iso8601_to_datetime[m[K':
[01m[K../libappstream-glib/as-utils.c:1829:9:[m[K [01;35m[Kwarning: [m[K'[01m[KGTimeVal[m[K' is deprecated: Use 'GDateTime' instead [[01;35m[K-Wdeprecated-declarations[m[K]
 1829 |         [01;35m[KGTimeVal[m[K tv;
      |         [01;35m[K^~~~~~~~[m[K
In file included from [01m[K/usr/include/glib-2.0/glib/galloca.h:34[m[K,
                 from [01m[K/usr/include/glib-2.0/glib.h:32[m[K,
                 from [01m[K/usr/include/glib-2.0/gobject/gbinding.h:30[m[K,
                 from [01m[K/usr/include/glib-2.0/glib-object.h:24[m[K,
                 from [01m[K../libappstream-glib/as-app-private.h:14[m[K,
                 from [01m[K../libappstream-glib/as-utils.c:37[m[K:
[01m[K/usr/include/glib-2.0/glib/gtypes.h:580:8:[m[K [01;36m[Knote: [m[Kdeclared here
  580 | struct [01;36m[K_GTimeVal[m[K
      |        [01;36m[K^~~~~~~~~[m[K
[01m[K../libappstream-glib/as-utils.c:1838:17:[m[K [01;35m[Kwarning: [m[K'[01m[Kg_time_val_from_iso8601[m[K' is deprecated: Use 'g_date_time_new_from_iso8601' instead [[01;35m[K-Wdeprecated-declarations[m[K]
 1838 |                 [01;35m[Kif[m[K (g_time_val_from_iso8601 (iso_date, &tv) && tv.tv_sec != 0)
      |                 [01;35m[K^~[m[K
In file included from [01m[K/usr/include/glib-2.0/glib.h:92[m[K:
[01m[K/usr/include/glib-2.0/glib/gtimer.h:72:10:[m[K [01;36m[Knote: [m[Kdeclared here
   72 | gboolean [01;36m[Kg_time_val_from_iso8601[m[K (const gchar *iso_date,
      |          [01;36m[K^~~~~~~~~~~~~~~~~~~~~~~[m[K
[01m[K../libappstream-glib/as-utils.c:1839:25:[m[K [01;35m[Kwarning: [m[K'[01m[Kg_date_time_new_from_timeval_utc[m[K' is deprecated: Use 'g_date_time_new_from_unix_utc' instead [[01;35m[K-Wdeprecated-declarations[m[K]
 1839 |                         [01;35m[Kreturn[m[K g_date_time_new_from_timeval_utc (&tv);
      |                         [01;35m[K^~~~~~[m[K
In file included from [01m[K/usr/include/glib-2.0/glib/gbookmarkfile.h:28[m[K,
                 from [01m[K/usr/include/glib-2.0/glib.h:39[m[K:
[01m[K/usr/include/glib-2.0/glib/gdatetime.h:150:25:[m[K [01;36m[Knote: [m[Kdeclared here
  150 | GDateTime *             [01;36m[Kg_date_time_new_from_timeval_utc[m[K                (const GTimeVal *tv);
      |                         [01;36m[K^~~~~~~~~~~~~~~~~~~~~~~~~~~~~~~~[m[K
[80/110] cc -Ilibappstream-glib/libappstream-glib.so.8.0.10.p -Ilibappstream-glib -I../libappstream-glib -I. -I.. -I/usr/include/gdk-pixbuf-2.0 -I/usr/include/libpng16 -I/usr/include/glib-2.0 -I/usr/lib/glib-2.0/include -I/usr/include/libmount -I/usr/include/blkid -I/usr/include/gio-unix-2.0 -I/usr/include/uuid -fdiagnostics-color=always -D_FILE_OFFSET_BITS=64 -Wall -Winvalid-pch -std=c99 -D_XOPEN_SOURCE=500 -DAS_COMPILATION -O2 -m64 -march=x86-64 -mtune=generic -flto=auto -ffat-lto-objects -fPIC -pthread '-DG_LOG_DOMAIN="As"' -MD -MQ libappstream-glib/libappstream-glib.so.8.0.10.p/as-agreement-section.c.o -MF libappstream-glib/libappstream-glib.so.8.0.10.p/as-agreement-section.c.o.d -o libappstream-glib/libappstream-glib.so.8.0.10.p/as-agreement-section.c.o -c ../libappstream-glib/as-agreement-section.c
[81/110] cc -Ilibappstream-glib/libappstream-glib.so.8.0.10.p -Ilibappstream-glib -I../libappstream-glib -I. -I.. -I/usr/include/gdk-pixbuf-2.0 -I/usr/include/libpng16 -I/usr/include/glib-2.0 -I/usr/lib/glib-2.0/include -I/usr/include/libmount -I/usr/include/blkid -I/usr/include/gio-unix-2.0 -I/usr/include/uuid -fdiagnostics-color=always -D_FILE_OFFSET_BITS=64 -Wall -Winvalid-pch -std=c99 -D_XOPEN_SOURCE=500 -DAS_COMPILATION -O2 -m64 -march=x86-64 -mtune=generic -flto=auto -ffat-lto-objects -fPIC -pthread '-DG_LOG_DOMAIN="As"' -MD -MQ libappstream-glib/libappstream-glib.so.8.0.10.p/as-agreement.c.o -MF libappstream-glib/libappstream-glib.so.8.0.10.p/as-agreement.c.o.d -o libappstream-glib/libappstream-glib.so.8.0.10.p/as-agreement.c.o -c ../libappstream-glib/as-agreement.c
[82/110] cc -Ilibappstream-glib/libappstream-glib.so.8.0.10.p -Ilibappstream-glib -I../libappstream-glib -I. -I.. -I/usr/include/gdk-pixbuf-2.0 -I/usr/include/libpng16 -I/usr/include/glib-2.0 -I/usr/lib/glib-2.0/include -I/usr/include/libmount -I/usr/include/blkid -I/usr/include/gio-unix-2.0 -I/usr/include/uuid -fdiagnostics-color=always -D_FILE_OFFSET_BITS=64 -Wall -Winvalid-pch -std=c99 -D_XOPEN_SOURCE=500 -DAS_COMPILATION -O2 -m64 -march=x86-64 -mtune=generic -flto=auto -ffat-lto-objects -fPIC -pthread '-DG_LOG_DOMAIN="As"' -MD -MQ libappstream-glib/libappstream-glib.so.8.0.10.p/as-node.c.o -MF libappstream-glib/libappstream-glib.so.8.0.10.p/as-node.c.o.d -o libappstream-glib/libappstream-glib.so.8.0.10.p/as-node.c.o -c ../libappstream-glib/as-node.c
[83/110] cc -Ilibappstream-glib/libappstream-glib.so.8.0.10.p -Ilibappstream-glib -I../libappstream-glib -I. -I.. -I/usr/include/gdk-pixbuf-2.0 -I/usr/include/libpng16 -I/usr/include/glib-2.0 -I/usr/lib/glib-2.0/include -I/usr/include/libmount -I/usr/include/blkid -I/usr/include/gio-unix-2.0 -I/usr/include/uuid -fdiagnostics-color=always -D_FILE_OFFSET_BITS=64 -Wall -Winvalid-pch -std=c99 -D_XOPEN_SOURCE=500 -DAS_COMPILATION -O2 -m64 -march=x86-64 -mtune=generic -flto=auto -ffat-lto-objects -fPIC -pthread '-DG_LOG_DOMAIN="As"' -MD -MQ libappstream-glib/libappstream-glib.so.8.0.10.p/as-monitor.c.o -MF libappstream-glib/libappstream-glib.so.8.0.10.p/as-monitor.c.o.d -o libappstream-glib/libappstream-glib.so.8.0.10.p/as-monitor.c.o -c ../libappstream-glib/as-monitor.c
[84/110] cc -Ilibappstream-glib/libappstream-glib.so.8.0.10.p -Ilibappstream-glib -I../libappstream-glib -I. -I.. -I/usr/include/gdk-pixbuf-2.0 -I/usr/include/libpng16 -I/usr/include/glib-2.0 -I/usr/lib/glib-2.0/include -I/usr/include/libmount -I/usr/include/blkid -I/usr/include/gio-unix-2.0 -I/usr/include/uuid -fdiagnostics-color=always -D_FILE_OFFSET_BITS=64 -Wall -Winvalid-pch -std=c99 -D_XOPEN_SOURCE=500 -DAS_COMPILATION -O2 -m64 -march=x86-64 -mtune=generic -flto=auto -ffat-lto-objects -fPIC -pthread '-DG_LOG_DOMAIN="As"' -MD -MQ libappstream-glib/libappstream-glib.so.8.0.10.p/as-markup.c.o -MF libappstream-glib/libappstream-glib.so.8.0.10.p/as-markup.c.o.d -o libappstream-glib/libappstream-glib.so.8.0.10.p/as-markup.c.o -c ../libappstream-glib/as-markup.c
[85/110] cc -Ilibappstream-glib/libappstream-glib.so.8.0.10.p -Ilibappstream-glib -I../libappstream-glib -I. -I.. -I/usr/include/gdk-pixbuf-2.0 -I/usr/include/libpng16 -I/usr/include/glib-2.0 -I/usr/lib/glib-2.0/include -I/usr/include/libmount -I/usr/include/blkid -I/usr/include/gio-unix-2.0 -I/usr/include/uuid -fdiagnostics-color=always -D_FILE_OFFSET_BITS=64 -Wall -Winvalid-pch -std=c99 -D_XOPEN_SOURCE=500 -DAS_COMPILATION -O2 -m64 -march=x86-64 -mtune=generic -flto=auto -ffat-lto-objects -fPIC -pthread '-DG_LOG_DOMAIN="As"' -MD -MQ libappstream-glib/libappstream-glib.so.8.0.10.p/as-launchable.c.o -MF libappstream-glib/libappstream-glib.so.8.0.10.p/as-launchable.c.o.d -o libappstream-glib/libappstream-glib.so.8.0.10.p/as-launchable.c.o -c ../libappstream-glib/as-launchable.c
[86/110] cc -Ilibappstream-glib/libappstream-glib.so.8.0.10.p -Ilibappstream-glib -I../libappstream-glib -I. -I.. -I/usr/include/gdk-pixbuf-2.0 -I/usr/include/libpng16 -I/usr/include/glib-2.0 -I/usr/lib/glib-2.0/include -I/usr/include/libmount -I/usr/include/blkid -I/usr/include/gio-unix-2.0 -I/usr/include/uuid -fdiagnostics-color=always -D_FILE_OFFSET_BITS=64 -Wall -Winvalid-pch -std=c99 -D_XOPEN_SOURCE=500 -DAS_COMPILATION -O2 -m64 -march=x86-64 -mtune=generic -flto=auto -ffat-lto-objects -fPIC -pthread '-DG_LOG_DOMAIN="As"' -MD -MQ libappstream-glib/libappstream-glib.so.8.0.10.p/as-inf.c.o -MF libappstream-glib/libappstream-glib.so.8.0.10.p/as-inf.c.o.d -o libappstream-glib/libappstream-glib.so.8.0.10.p/as-inf.c.o -c ../libappstream-glib/as-inf.c
[87/110] cc -Ilibappstream-glib/libappstream-glib.so.8.0.10.p -Ilibappstream-glib -I../libappstream-glib -I. -I.. -I/usr/include/gdk-pixbuf-2.0 -I/usr/include/libpng16 -I/usr/include/glib-2.0 -I/usr/lib/glib-2.0/include -I/usr/include/libmount -I/usr/include/blkid -I/usr/include/gio-unix-2.0 -I/usr/include/uuid -fdiagnostics-color=always -D_FILE_OFFSET_BITS=64 -Wall -Winvalid-pch -std=c99 -D_XOPEN_SOURCE=500 -DAS_COMPILATION -O2 -m64 -march=x86-64 -mtune=generic -flto=auto -ffat-lto-objects -fPIC -pthread '-DG_LOG_DOMAIN="As"' -MD -MQ libappstream-glib/libappstream-glib.so.8.0.10.p/as-image.c.o -MF libappstream-glib/libappstream-glib.so.8.0.10.p/as-image.c.o.d -o libappstream-glib/libappstream-glib.so.8.0.10.p/as-image.c.o -c ../libappstream-glib/as-image.c
[88/110] cc -Ilibappstream-glib/libappstream-glib.so.8.0.10.p -Ilibappstream-glib -I../libappstream-glib -I. -I.. -I/usr/include/gdk-pixbuf-2.0 -I/usr/include/libpng16 -I/usr/include/glib-2.0 -I/usr/lib/glib-2.0/include -I/usr/include/libmount -I/usr/include/blkid -I/usr/include/gio-unix-2.0 -I/usr/include/uuid -fdiagnostics-color=always -D_FILE_OFFSET_BITS=64 -Wall -Winvalid-pch -std=c99 -D_XOPEN_SOURCE=500 -DAS_COMPILATION -O2 -m64 -march=x86-64 -mtune=generic -flto=auto -ffat-lto-objects -fPIC -pthread '-DG_LOG_DOMAIN="As"' -MD -MQ libappstream-glib/libappstream-glib.so.8.0.10.p/as-icon.c.o -MF libappstream-glib/libappstream-glib.so.8.0.10.p/as-icon.c.o.d -o libappstream-glib/libappstream-glib.so.8.0.10.p/as-icon.c.o -c ../libappstream-glib/as-icon.c
[89/110] cc -Ilibappstream-glib/libappstream-glib.so.8.0.10.p -Ilibappstream-glib -I../libappstream-glib -I. -I.. -I/usr/include/gdk-pixbuf-2.0 -I/usr/include/libpng16 -I/usr/include/glib-2.0 -I/usr/lib/glib-2.0/include -I/usr/include/libmount -I/usr/include/blkid -I/usr/include/gio-unix-2.0 -I/usr/include/uuid -fdiagnostics-color=always -D_FILE_OFFSET_BITS=64 -Wall -Winvalid-pch -std=c99 -D_XOPEN_SOURCE=500 -DAS_COMPILATION -O2 -m64 -march=x86-64 -mtune=generic -flto=auto -ffat-lto-objects -fPIC -pthread '-DG_LOG_DOMAIN="As"' -MD -MQ libappstream-glib/libappstream-glib.so.8.0.10.p/as-format.c.o -MF libappstream-glib/libappstream-glib.so.8.0.10.p/as-format.c.o.d -o libappstream-glib/libappstream-glib.so.8.0.10.p/as-format.c.o -c ../libappstream-glib/as-format.c
[90/110] cc -Ilibappstream-glib/libappstream-glib.so.8.0.10.p -Ilibappstream-glib -I../libappstream-glib -I. -I.. -I/usr/include/gdk-pixbuf-2.0 -I/usr/include/libpng16 -I/usr/include/glib-2.0 -I/usr/lib/glib-2.0/include -I/usr/include/libmount -I/usr/include/blkid -I/usr/include/gio-unix-2.0 -I/usr/include/uuid -fdiagnostics-color=always -D_FILE_OFFSET_BITS=64 -Wall -Winvalid-pch -std=c99 -D_XOPEN_SOURCE=500 -DAS_COMPILATION -O2 -m64 -march=x86-64 -mtune=generic -flto=auto -ffat-lto-objects -fPIC -pthread '-DG_LOG_DOMAIN="As"' -MD -MQ libappstream-glib/libappstream-glib.so.8.0.10.p/as-enums.c.o -MF libappstream-glib/libappstream-glib.so.8.0.10.p/as-enums.c.o.d -o libappstream-glib/libappstream-glib.so.8.0.10.p/as-enums.c.o -c ../libappstream-glib/as-enums.c
[91/110] cc -Ilibappstream-glib/libappstream-glib.so.8.0.10.p -Ilibappstream-glib -I../libappstream-glib -I. -I.. -I/usr/include/gdk-pixbuf-2.0 -I/usr/include/libpng16 -I/usr/include/glib-2.0 -I/usr/lib/glib-2.0/include -I/usr/include/libmount -I/usr/include/blkid -I/usr/include/gio-unix-2.0 -I/usr/include/uuid -fdiagnostics-color=always -D_FILE_OFFSET_BITS=64 -Wall -Winvalid-pch -std=c99 -D_XOPEN_SOURCE=500 -DAS_COMPILATION -O2 -m64 -march=x86-64 -mtune=generic -flto=auto -ffat-lto-objects -fPIC -pthread '-DG_LOG_DOMAIN="As"' -MD -MQ libappstream-glib/libappstream-glib.so.8.0.10.p/as-content-rating.c.o -MF libappstream-glib/libappstream-glib.so.8.0.10.p/as-content-rating.c.o.d -o libappstream-glib/libappstream-glib.so.8.0.10.p/as-content-rating.c.o -c ../libappstream-glib/as-content-rating.c
[92/110] cc -Ilibappstream-glib/libappstream-glib.so.8.0.10.p -Ilibappstream-glib -I../libappstream-glib -I. -I.. -I/usr/include/gdk-pixbuf-2.0 -I/usr/include/libpng16 -I/usr/include/glib-2.0 -I/usr/lib/glib-2.0/include -I/usr/include/libmount -I/usr/include/blkid -I/usr/include/gio-unix-2.0 -I/usr/include/uuid -fdiagnostics-color=always -D_FILE_OFFSET_BITS=64 -Wall -Winvalid-pch -std=c99 -D_XOPEN_SOURCE=500 -DAS_COMPILATION -O2 -m64 -march=x86-64 -mtune=generic -flto=auto -ffat-lto-objects -fPIC -pthread '-DG_LOG_DOMAIN="As"' -MD -MQ libappstream-glib/libappstream-glib.so.8.0.10.p/as-checksum.c.o -MF libappstream-glib/libappstream-glib.so.8.0.10.p/as-checksum.c.o.d -o libappstream-glib/libappstream-glib.so.8.0.10.p/as-checksum.c.o -c ../libappstream-glib/as-checksum.c
[93/110] cc -Ilibappstream-glib/libappstream-glib.so.8.0.10.p -Ilibappstream-glib -I../libappstream-glib -I. -I.. -I/usr/include/gdk-pixbuf-2.0 -I/usr/include/libpng16 -I/usr/include/glib-2.0 -I/usr/lib/glib-2.0/include -I/usr/include/libmount -I/usr/include/blkid -I/usr/include/gio-unix-2.0 -I/usr/include/uuid -fdiagnostics-color=always -D_FILE_OFFSET_BITS=64 -Wall -Winvalid-pch -std=c99 -D_XOPEN_SOURCE=500 -DAS_COMPILATION -O2 -m64 -march=x86-64 -mtune=generic -flto=auto -ffat-lto-objects -fPIC -pthread '-DG_LOG_DOMAIN="As"' -MD -MQ libappstream-glib/libappstream-glib.so.8.0.10.p/as-bundle.c.o -MF libappstream-glib/libappstream-glib.so.8.0.10.p/as-bundle.c.o.d -o libappstream-glib/libappstream-glib.so.8.0.10.p/as-bundle.c.o -c ../libappstream-glib/as-bundle.c
[94/110] cc -Ilibappstream-glib/libappstream-glib.so.8.0.10.p -Ilibappstream-glib -I../libappstream-glib -I. -I.. -I/usr/include/gdk-pixbuf-2.0 -I/usr/include/libpng16 -I/usr/include/glib-2.0 -I/usr/lib/glib-2.0/include -I/usr/include/libmount -I/usr/include/blkid -I/usr/include/gio-unix-2.0 -I/usr/include/uuid -fdiagnostics-color=always -D_FILE_OFFSET_BITS=64 -Wall -Winvalid-pch -std=c99 -D_XOPEN_SOURCE=500 -DAS_COMPILATION -O2 -m64 -march=x86-64 -mtune=generic -flto=auto -ffat-lto-objects -fPIC -pthread '-DG_LOG_DOMAIN="As"' -MD -MQ libappstream-glib/libappstream-glib.so.8.0.10.p/as-app-validate.c.o -MF libappstream-glib/libappstream-glib.so.8.0.10.p/as-app-validate.c.o.d -o libappstream-glib/libappstream-glib.so.8.0.10.p/as-app-validate.c.o -c ../libappstream-glib/as-app-validate.c
[95/110] cc -Ilibappstream-glib/libappstream-glib.so.8.0.10.p -Ilibappstream-glib -I../libappstream-glib -I. -I.. -I/usr/include/gdk-pixbuf-2.0 -I/usr/include/libpng16 -I/usr/include/glib-2.0 -I/usr/lib/glib-2.0/include -I/usr/include/libmount -I/usr/include/blkid -I/usr/include/gio-unix-2.0 -I/usr/include/uuid -fdiagnostics-color=always -D_FILE_OFFSET_BITS=64 -Wall -Winvalid-pch -std=c99 -D_XOPEN_SOURCE=500 -DAS_COMPILATION -O2 -m64 -march=x86-64 -mtune=generic -flto=auto -ffat-lto-objects -fPIC -pthread '-DG_LOG_DOMAIN="As"' -MD -MQ libappstream-glib/libappstream-glib.so.8.0.10.p/as-app-inf.c.o -MF libappstream-glib/libappstream-glib.so.8.0.10.p/as-app-inf.c.o.d -o libappstream-glib/libappstream-glib.so.8.0.10.p/as-app-inf.c.o -c ../libappstream-glib/as-app-inf.c
[96/110] cc -Ilibappstream-glib/libappstream-glib.so.8.0.10.p -Ilibappstream-glib -I../libappstream-glib -I. -I.. -I/usr/include/gdk-pixbuf-2.0 -I/usr/include/libpng16 -I/usr/include/glib-2.0 -I/usr/lib/glib-2.0/include -I/usr/include/libmount -I/usr/include/blkid -I/usr/include/gio-unix-2.0 -I/usr/include/uuid -fdiagnostics-color=always -D_FILE_OFFSET_BITS=64 -Wall -Winvalid-pch -std=c99 -D_XOPEN_SOURCE=500 -DAS_COMPILATION -O2 -m64 -march=x86-64 -mtune=generic -flto=auto -ffat-lto-objects -fPIC -pthread '-DG_LOG_DOMAIN="As"' -MD -MQ libappstream-glib/libappstream-glib.so.8.0.10.p/as-app-desktop.c.o -MF libappstream-glib/libappstream-glib.so.8.0.10.p/as-app-desktop.c.o.d -o libappstream-glib/libappstream-glib.so.8.0.10.p/as-app-desktop.c.o -c ../libappstream-glib/as-app-desktop.c
[97/110] cc -Ilibappstream-glib/libappstream-glib.so.8.0.10.p -Ilibappstream-glib -I../libappstream-glib -I. -I.. -I/usr/include/gdk-pixbuf-2.0 -I/usr/include/libpng16 -I/usr/include/glib-2.0 -I/usr/lib/glib-2.0/include -I/usr/include/libmount -I/usr/include/blkid -I/usr/include/gio-unix-2.0 -I/usr/include/uuid -fdiagnostics-color=always -D_FILE_OFFSET_BITS=64 -Wall -Winvalid-pch -std=c99 -D_XOPEN_SOURCE=500 -DAS_COMPILATION -O2 -m64 -march=x86-64 -mtune=generic -flto=auto -ffat-lto-objects -fPIC -pthread '-DG_LOG_DOMAIN="As"' -MD -MQ libappstream-glib/libappstream-glib.so.8.0.10.p/as-app.c.o -MF libappstream-glib/libappstream-glib.so.8.0.10.p/as-app.c.o.d -o libappstream-glib/libappstream-glib.so.8.0.10.p/as-app.c.o -c ../libappstream-glib/as-app.c
[98/110] cc -Ilibappstream-glib/libappstream-glib.so.8.0.10.p -Ilibappstream-glib -I../libappstream-glib -I. -I.. -I/usr/include/gdk-pixbuf-2.0 -I/usr/include/libpng16 -I/usr/include/glib-2.0 -I/usr/lib/glib-2.0/include -I/usr/include/libmount -I/usr/include/blkid -I/usr/include/gio-unix-2.0 -I/usr/include/uuid -fdiagnostics-color=always -D_FILE_OFFSET_BITS=64 -Wall -Winvalid-pch -std=c99 -D_XOPEN_SOURCE=500 -DAS_COMPILATION -O2 -m64 -march=x86-64 -mtune=generic -flto=auto -ffat-lto-objects -fPIC -pthread '-DG_LOG_DOMAIN="As"' -MD -MQ libappstream-glib/libappstream-glib.so.8.0.10.p/as-app-builder.c.o -MF libappstream-glib/libappstream-glib.so.8.0.10.p/as-app-builder.c.o.d -o libappstream-glib/libappstream-glib.so.8.0.10.p/as-app-builder.c.o -c ../libappstream-glib/as-app-builder.c
[99/110] /usr/bin/glib-compile-resources ../libappstream-glib/appstream-glib.gresource.xml --sourcedir ../libappstream-glib --c-name as --internal --generate --target libappstream-glib/as-resources.c --dependency-file libappstream-glib/as-resources.c.d
[100/110] cc -Ilibappstream-glib/libappstream-glib.so.8.0.10.p -Ilibappstream-glib -I../libappstream-glib -I. -I.. -I/usr/include/gdk-pixbuf-2.0 -I/usr/include/libpng16 -I/usr/include/glib-2.0 -I/usr/lib/glib-2.0/include -I/usr/include/libmount -I/usr/include/blkid -I/usr/include/gio-unix-2.0 -I/usr/include/uuid -fdiagnostics-color=always -D_FILE_OFFSET_BITS=64 -Wall -Winvalid-pch -std=c99 -D_XOPEN_SOURCE=500 -DAS_COMPILATION -O2 -m64 -march=x86-64 -mtune=generic -flto=auto -ffat-lto-objects -fPIC -pthread '-DG_LOG_DOMAIN="As"' -MD -MQ libappstream-glib/libappstream-glib.so.8.0.10.p/meson-generated_.._as-resources.c.o -MF libappstream-glib/libappstream-glib.so.8.0.10.p/meson-generated_.._as-resources.c.o.d -o libappstream-glib/libappstream-glib.so.8.0.10.p/meson-generated_.._as-resources.c.o -c libappstream-glib/as-resources.c
[101/110] cc -Ilibappstream-glib/as-self-test.p -Ilibappstream-glib -I../libappstream-glib -I. -I.. -I/usr/include/gdk-pixbuf-2.0 -I/usr/include/libpng16 -I/usr/include/glib-2.0 -I/usr/lib/glib-2.0/include -I/usr/include/libmount -I/usr/include/blkid -I/usr/include/gio-unix-2.0 -I/usr/include/uuid -fdiagnostics-color=always -D_FILE_OFFSET_BITS=64 -Wall -Winvalid-pch -std=c99 -D_XOPEN_SOURCE=500 -DAS_COMPILATION -O2 -m64 -march=x86-64 -mtune=generic -flto=auto -ffat-lto-objects -fPIE -pthread '-DG_LOG_DOMAIN="As"' '-DTESTDIRSRC="/home/devel/building/work/src/appstream-glib-0.8.2/libappstream-glib/../data/tests"' '-DTESTDIRBUILD="/home/devel/building/work/src/appstream-glib-0.8.2/build/libappstream-glib/../data/tests"' -MD -MQ libappstream-glib/as-self-test.p/as-self-test.c.o -MF libappstream-glib/as-self-test.p/as-self-test.c.o.d -o libappstream-glib/as-self-test.p/as-self-test.c.o -c ../libappstream-glib/as-self-test.c
[01m[K../libappstream-glib/as-node.c:[m[K In function '[01m[Kas_node_get_localized[m[K':
[01m[K../libappstream-glib/as-node.c:1778:22:[m[K [01;35m[Kwarning: [m[Kvariable '[01m[Kdata_unlocalized[m[K' set but not used [[01;35m[K-Wunused-but-set-variable[m[K]
 1778 |         AsRefString *[01;35m[Kdata_unlocalized[m[K;
      |                      [01;35m[K^~~~~~~~~~~~~~~~[m[K
[102/110] cc  -o libappstream-glib/libappstream-glib.so.8.0.10 libappstream-glib/libappstream-glib.so.8.0.10.p/meson-generated_.._as-resources.c.o libappstream-glib/libappstream-glib.so.8.0.10.p/as-app-builder.c.o libappstream-glib/libappstream-glib.so.8.0.10.p/as-app.c.o libappstream-glib/libappstream-glib.so.8.0.10.p/as-app-desktop.c.o libappstream-glib/libappstream-glib.so.8.0.10.p/as-app-inf.c.o libappstream-glib/libappstream-glib.so.8.0.10.p/as-app-validate.c.o libappstream-glib/libappstream-glib.so.8.0.10.p/as-bundle.c.o libappstream-glib/libappstream-glib.so.8.0.10.p/as-checksum.c.o libappstream-glib/libappstream-glib.so.8.0.10.p/as-content-rating.c.o libappstream-glib/libappstream-glib.so.8.0.10.p/as-enums.c.o libappstream-glib/libappstream-glib.so.8.0.10.p/as-format.c.o libappstream-glib/libappstream-glib.so.8.0.10.p/as-icon.c.o libappstream-glib/libappstream-glib.so.8.0.10.p/as-image.c.o libappstream-glib/libappstream-glib.so.8.0.10.p/as-inf.c.o libappstream-glib/libappstream-glib.so.8.0.10.p/as-launchable.c.o libappstream-glib/libappstream-glib.so.8.0.10.p/as-markup.c.o libappstream-glib/libappstream-glib.so.8.0.10.p/as-monitor.c.o libappstream-glib/libappstream-glib.so.8.0.10.p/as-node.c.o libappstream-glib/libappstream-glib.so.8.0.10.p/as-agreement.c.o libappstream-glib/libappstream-glib.so.8.0.10.p/as-agreement-section.c.o libappstream-glib/libappstream-glib.so.8.0.10.p/as-problem.c.o libappstream-glib/libappstream-glib.so.8.0.10.p/as-profile.c.o libappstream-glib/libappstream-glib.so.8.0.10.p/as-provide.c.o libappstream-glib/libappstream-glib.so.8.0.10.p/as-ref-string.c.o libappstream-glib/libappstream-glib.so.8.0.10.p/as-release.c.o libappstream-glib/libappstream-glib.so.8.0.10.p/as-require.c.o libappstream-glib/libappstream-glib.so.8.0.10.p/as-review.c.o libappstream-glib/libappstream-glib.so.8.0.10.p/as-screenshot.c.o libappstream-glib/libappstream-glib.so.8.0.10.p/as-stemmer.c.o libappstream-glib/libappstream-glib.so.8.0.10.p/as-store.c.o libappstream-glib/libappstream-glib.so.8.0.10.p/as-store-cab.c.o libappstream-glib/libappstream-glib.so.8.0.10.p/as-suggest.c.o libappstream-glib/libappstream-glib.so.8.0.10.p/as-tag.c.o libappstream-glib/libappstream-glib.so.8.0.10.p/as-translation.c.o libappstream-glib/libappstream-glib.so.8.0.10.p/as-utils.c.o libappstream-glib/libappstream-glib.so.8.0.10.p/as-version.c.o libappstream-glib/libappstream-glib.so.8.0.10.p/as-yaml.c.o -Wl,--as-needed -Wl,--no-undefined -shared -fPIC -Wl,-soname,libappstream-glib.so.8 -O2 -m64 -march=x86-64 -mtune=generic -flto=auto -ffat-lto-objects -Wl,--version-script,/home/devel/building/work/src/appstream-glib-0.8.2/libappstream-glib/appstream-glib.map -Wl,--start-group /usr/lib/libgdk_pixbuf-2.0.so /usr/lib/libgobject-2.0.so /usr/lib/libglib-2.0.so /usr/lib/libgio-2.0.so /usr/lib/libarchive.so /usr/lib/libcurl.so /usr/lib/libuuid.so /usr/lib/libyaml.so -Wl,--end-group
[103/110] env PKG_CONFIG_PATH=/usr/lib/pkgconfig:/usr/share/pkgconfig:/home/devel/building/work/src/appstream-glib-0.8.2/build/meson-uninstalled PKG_CONFIG=/usr/bin/pkg-config CC=cc /usr/bin/g-ir-scanner --quiet --no-libtool --namespace=AppStreamGlib --nsversion=1.0 --warn-all --output libappstream-glib/AppStreamGlib-1.0.gir -DAS_COMPILATION -I/home/devel/building/work/src/appstream-glib-0.8.2/libappstream-glib -I/home/devel/building/work/src/appstream-glib-0.8.2/build/libappstream-glib -I/home/devel/building/work/src/appstream-glib-0.8.2/libappstream-glib/.. -I/home/devel/building/work/src/appstream-glib-0.8.2/build/libappstream-glib/.. --filelist=/home/devel/building/work/src/appstream-glib-0.8.2/build/libappstream-glib/libappstream-glib.so.8.0.10.p/AppStreamGlib_1.0_gir_filelist -L/home/devel/building/work/src/appstream-glib-0.8.2/build/libappstream-glib --extra-library=appstream-glib --include=GObject-2.0 --include=Gio-2.0 --include=GdkPixbuf-2.0 --symbol-prefix=as_ --identifier-prefix=As --pkg-export=appstream-glib --cflags-begin -DAS_COMPILATION -D_XOPEN_SOURCE=500 -I/home/devel/building/work/src/appstream-glib-0.8.2/libappstream-glib/.. -I/home/devel/building/work/src/appstream-glib-0.8.2/build/libappstream-glib/.. -I/usr/include/gdk-pixbuf-2.0 -I/usr/include/libpng16 -I/usr/include/glib-2.0 -I/usr/lib/glib-2.0/include -I/usr/include/libmount -I/usr/include/blkid -I/usr/include/gio-unix-2.0 -I/usr/include/uuid -I/usr/include/gobject-introspection-1.0 --cflags-end --add-include-path=/usr/share/gir-1.0 -L/home/devel/building/work/src/appstream-glib-0.8.2/build/libappstream-glib --library appstream-glib --extra-library=gdk_pixbuf-2.0 --extra-library=gobject-2.0 --extra-library=glib-2.0 --extra-library=gio-2.0 --extra-library=archive --extra-library=curl --extra-library=uuid --extra-library=yaml --extra-library=girepository-1.0 --sources-top-dirs /home/devel/building/work/src/appstream-glib-0.8.2/ --sources-top-dirs /home/devel/building/work/src/appstream-glib-0.8.2/build/
[104/110] /usr/bin/meson --internal symbolextractor /home/devel/building/work/src/appstream-glib-0.8.2/build libappstream-glib/libappstream-glib.so.8.0.10 libappstream-glib/libappstream-glib.so.8.0.10 libappstream-glib/libappstream-glib.so.8.0.10.p/libappstream-glib.so.8.0.10.symbols 
[105/110] cc  -o client/appstream-compose client/appstream-compose.p/as-compose.c.o -Wl,--as-needed -Wl,--no-undefined -pie -O2 -m64 -march=x86-64 -mtune=generic -flto=auto -ffat-lto-objects '-Wl,-rpath,$ORIGIN/../libappstream-glib' -Wl,-rpath-link,/home/devel/building/work/src/appstream-glib-0.8.2/build/libappstream-glib -Wl,--start-group libappstream-glib/libappstream-glib.so.8.0.10 /usr/lib/libgio-2.0.so /usr/lib/libgobject-2.0.so /usr/lib/libglib-2.0.so /usr/lib/libgdk_pixbuf-2.0.so /usr/lib/libcurl.so /usr/lib/libarchive.so -Wl,--end-group
[106/110] cc  -o client/appstream-util client/appstream-util.p/as-util.c.o -Wl,--as-needed -Wl,--no-undefined -pie -O2 -m64 -march=x86-64 -mtune=generic -flto=auto -ffat-lto-objects '-Wl,-rpath,$ORIGIN/../libappstream-glib' -Wl,-rpath-link,/home/devel/building/work/src/appstream-glib-0.8.2/build/libappstream-glib -Wl,--start-group libappstream-glib/libappstream-glib.so.8.0.10 /usr/lib/libgio-2.0.so /usr/lib/libgobject-2.0.so /usr/lib/libglib-2.0.so /usr/lib/libgdk_pixbuf-2.0.so /usr/lib/libcurl.so /usr/lib/libarchive.so -Wl,--end-group
[107/110] cc  -o client/appstream-builder client/appstream-builder.p/as-builder.c.o -Wl,--as-needed -Wl,--no-undefined -pie -O2 -m64 -march=x86-64 -mtune=generic -flto=auto -ffat-lto-objects '-Wl,-rpath,$ORIGIN/../libappstream-glib' -Wl,-rpath-link,/home/devel/building/work/src/appstream-glib-0.8.2/build/libappstream-glib -Wl,--start-group libappstream-glib/libappstream-glib.so.8.0.10 libappstream-builder/libappstream-builder.a /usr/lib/libgio-2.0.so /usr/lib/libgobject-2.0.so /usr/lib/libglib-2.0.so /usr/lib/libgdk_pixbuf-2.0.so /usr/lib/libcurl.so /usr/lib/libarchive.so -Wl,--export-dynamic /usr/lib/libgmodule-2.0.so -pthread /usr/lib/libyaml.so -Wl,--end-group
[108/110] cc  -o libappstream-builder/asb-self-test libappstream-builder/asb-self-test.p/asb-self-test.c.o -Wl,--as-needed -Wl,--no-undefined -pie -O2 -m64 -march=x86-64 -mtune=generic -flto=auto -ffat-lto-objects '-Wl,-rpath,$ORIGIN/../libappstream-glib' -Wl,-rpath-link,/home/devel/building/work/src/appstream-glib-0.8.2/build/libappstream-glib -Wl,--start-group libappstream-builder/libappstream-builder.a libappstream-glib/libappstream-glib.so.8.0.10 /usr/lib/libgio-2.0.so /usr/lib/libgobject-2.0.so /usr/lib/libglib-2.0.so /usr/lib/libgdk_pixbuf-2.0.so -Wl,--export-dynamic /usr/lib/libgmodule-2.0.so -pthread /usr/lib/libarchive.so /usr/lib/libyaml.so -Wl,--end-group
[109/110] cc  -o libappstream-glib/as-self-test libappstream-glib/as-self-test.p/as-self-test.c.o -Wl,--as-needed -Wl,--no-undefined -pie -O2 -m64 -march=x86-64 -mtune=generic -flto=auto -ffat-lto-objects '-Wl,-rpath,$ORIGIN/' -Wl,-rpath-link,/home/devel/building/work/src/appstream-glib-0.8.2/build/libappstream-glib -Wl,--start-group libappstream-glib/libappstream-glib.so.8.0.10 /usr/lib/libgdk_pixbuf-2.0.so /usr/lib/libgobject-2.0.so /usr/lib/libglib-2.0.so /usr/lib/libgio-2.0.so /usr/lib/libarchive.so /usr/lib/libcurl.so /usr/lib/libuuid.so /usr/lib/libyaml.so -Wl,--end-group
../libappstream-glib/as-content-rating.c:527: Warning: AppStreamGlib: invalid "not" annotation option: "optional"
[110/110] /usr/bin/g-ir-compiler libappstream-glib/AppStreamGlib-1.0.gir --output libappstream-glib/AppStreamGlib-1.0.typelib --includedir=/usr/share/gir-1.0
INFO: autodetecting backend as ninja
INFO: calculating backend command to run: /usr/bin/ninja -C /home/devel/building/work/src/appstream-glib-0.8.2/build -j 8 -v
+ DESTDIR=/home/devel/building/work/pkg
+ meson install --no-rebuild -C build
Installing libappstream-glib/libappstream-glib.so.8.0.10 to /home/devel/building/work/pkg/usr/lib
Installing libappstream-glib/AppStreamGlib-1.0.gir to /home/devel/building/work/pkg/usr/share/gir-1.0
Installing libappstream-glib/AppStreamGlib-1.0.typelib to /home/devel/building/work/pkg/usr/lib/girepository-1.0
Installing po/ca/LC_MESSAGES/appstream-glib.mo to /home/devel/building/work/pkg/usr/share/locale/ca/LC_MESSAGES
Installing po/cs/LC_MESSAGES/appstream-glib.mo to /home/devel/building/work/pkg/usr/share/locale/cs/LC_MESSAGES
Installing po/da/LC_MESSAGES/appstream-glib.mo to /home/devel/building/work/pkg/usr/share/locale/da/LC_MESSAGES
Installing po/de/LC_MESSAGES/appstream-glib.mo to /home/devel/building/work/pkg/usr/share/locale/de/LC_MESSAGES
Installing po/en_GB/LC_MESSAGES/appstream-glib.mo to /home/devel/building/work/pkg/usr/share/locale/en_GB/LC_MESSAGES
Installing po/es/LC_MESSAGES/appstream-glib.mo to /home/devel/building/work/pkg/usr/share/locale/es/LC_MESSAGES
Installing po/fa/LC_MESSAGES/appstream-glib.mo to /home/devel/building/work/pkg/usr/share/locale/fa/LC_MESSAGES
Installing po/fi/LC_MESSAGES/appstream-glib.mo to /home/devel/building/work/pkg/usr/share/locale/fi/LC_MESSAGES
Installing po/fr/LC_MESSAGES/appstream-glib.mo to /home/devel/building/work/pkg/usr/share/locale/fr/LC_MESSAGES
Installing po/fur/LC_MESSAGES/appstream-glib.mo to /home/devel/building/work/pkg/usr/share/locale/fur/LC_MESSAGES
Installing po/gl/LC_MESSAGES/appstream-glib.mo to /home/devel/building/work/pkg/usr/share/locale/gl/LC_MESSAGES
Installing po/hr/LC_MESSAGES/appstream-glib.mo to /home/devel/building/work/pkg/usr/share/locale/hr/LC_MESSAGES
Installing po/hu/LC_MESSAGES/appstream-glib.mo to /home/devel/building/work/pkg/usr/share/locale/hu/LC_MESSAGES
Installing po/id/LC_MESSAGES/appstream-glib.mo to /home/devel/building/work/pkg/usr/share/locale/id/LC_MESSAGES
Installing po/it/LC_MESSAGES/appstream-glib.mo to /home/devel/building/work/pkg/usr/share/locale/it/LC_MESSAGES
Installing po/ka/LC_MESSAGES/appstream-glib.mo to /home/devel/building/work/pkg/usr/share/locale/ka/LC_MESSAGES
Installing po/ko/LC_MESSAGES/appstream-glib.mo to /home/devel/building/work/pkg/usr/share/locale/ko/LC_MESSAGES
Installing po/lt/LC_MESSAGES/appstream-glib.mo to /home/devel/building/work/pkg/usr/share/locale/lt/LC_MESSAGES
Installing po/oc/LC_MESSAGES/appstream-glib.mo to /home/devel/building/work/pkg/usr/share/locale/oc/LC_MESSAGES
Installing po/pl/LC_MESSAGES/appstream-glib.mo to /home/devel/building/work/pkg/usr/share/locale/pl/LC_MESSAGES
Installing po/pt_BR/LC_MESSAGES/appstream-glib.mo to /home/devel/building/work/pkg/usr/share/locale/pt_BR/LC_MESSAGES
Installing po/pt/LC_MESSAGES/appstream-glib.mo to /home/devel/building/work/pkg/usr/share/locale/pt/LC_MESSAGES
Installing po/ru/LC_MESSAGES/appstream-glib.mo to /home/devel/building/work/pkg/usr/share/locale/ru/LC_MESSAGES
Installing po/sk/LC_MESSAGES/appstream-glib.mo to /home/devel/building/work/pkg/usr/share/locale/sk/LC_MESSAGES
Installing po/sl/LC_MESSAGES/appstream-glib.mo to /home/devel/building/work/pkg/usr/share/locale/sl/LC_MESSAGES
Installing po/sr@latin/LC_MESSAGES/appstream-glib.mo to /home/devel/building/work/pkg/usr/share/locale/sr@latin/LC_MESSAGES
Installing po/sr/LC_MESSAGES/appstream-glib.mo to /home/devel/building/work/pkg/usr/share/locale/sr/LC_MESSAGES
Installing po/sv/LC_MESSAGES/appstream-glib.mo to /home/devel/building/work/pkg/usr/share/locale/sv/LC_MESSAGES
Installing po/tr/LC_MESSAGES/appstream-glib.mo to /home/devel/building/work/pkg/usr/share/locale/tr/LC_MESSAGES
Installing po/uk/LC_MESSAGES/appstream-glib.mo to /home/devel/building/work/pkg/usr/share/locale/uk/LC_MESSAGES
Installing po/zh_CN/LC_MESSAGES/appstream-glib.mo to /home/devel/building/work/pkg/usr/share/locale/zh_CN/LC_MESSAGES
Installing po/zh_TW/LC_MESSAGES/appstream-glib.mo to /home/devel/building/work/pkg/usr/share/locale/zh_TW/LC_MESSAGES
Installing libappstream-builder/plugins/libasb_plugin_icon.so to /home/devel/building/work/pkg/usr/lib/asb-plugins-5
Installing libappstream-builder/plugins/libasb_plugin_gettext.so to /home/devel/building/work/pkg/usr/lib/asb-plugins-5
Installing libappstream-builder/plugins/libasb_plugin_hardcoded.so to /home/devel/building/work/pkg/usr/lib/asb-plugins-5
Installing libappstream-builder/plugins/libasb_plugin_desktop.so to /home/devel/building/work/pkg/usr/lib/asb-plugins-5
Installing libappstream-builder/plugins/libasb_plugin_appdata.so to /home/devel/building/work/pkg/usr/lib/asb-plugins-5
Installing libappstream-builder/plugins/libasb_plugin_shell_extension.so to /home/devel/building/work/pkg/usr/lib/asb-plugins-5
Installing libappstream-builder/plugins/libasb_plugin_font.so to /home/devel/building/work/pkg/usr/lib/asb-plugins-5
Installing client/appstream-builder to /home/devel/building/work/pkg/usr/bin
Installing client/appstream-util to /home/devel/building/work/pkg/usr/bin
Installing client/appstream-compose to /home/devel/building/work/pkg/usr/bin
Installing /home/devel/building/work/src/appstream-glib-0.8.2/libappstream-glib/appstream-glib.h to /home/devel/building/work/pkg/usr/include/libappstream-glib
Installing /home/devel/building/work/src/appstream-glib-0.8.2/libappstream-glib/as-app-builder.h to /home/devel/building/work/pkg/usr/include/libappstream-glib
Installing /home/devel/building/work/src/appstream-glib-0.8.2/libappstream-glib/as-app.h to /home/devel/building/work/pkg/usr/include/libappstream-glib
Installing /home/devel/building/work/src/appstream-glib-0.8.2/libappstream-glib/as-bundle.h to /home/devel/building/work/pkg/usr/include/libappstream-glib
Installing /home/devel/building/work/src/appstream-glib-0.8.2/libappstream-glib/as-checksum.h to /home/devel/building/work/pkg/usr/include/libappstream-glib
Installing /home/devel/building/work/src/appstream-glib-0.8.2/libappstream-glib/as-content-rating.h to /home/devel/building/work/pkg/usr/include/libappstream-glib
Installing /home/devel/building/work/src/appstream-glib-0.8.2/libappstream-glib/as-enums.h to /home/devel/building/work/pkg/usr/include/libappstream-glib
Installing /home/devel/building/work/src/appstream-glib-0.8.2/libappstream-glib/as-format.h to /home/devel/building/work/pkg/usr/include/libappstream-glib
Installing /home/devel/building/work/src/appstream-glib-0.8.2/libappstream-glib/as-icon.h to /home/devel/building/work/pkg/usr/include/libappstream-glib
Installing /home/devel/building/work/src/appstream-glib-0.8.2/libappstream-glib/as-image.h to /home/devel/building/work/pkg/usr/include/libappstream-glib
Installing /home/devel/building/work/src/appstream-glib-0.8.2/libappstream-glib/as-launchable.h to /home/devel/building/work/pkg/usr/include/libappstream-glib
Installing /home/devel/building/work/src/appstream-glib-0.8.2/libappstream-glib/as-inf.h to /home/devel/building/work/pkg/usr/include/libappstream-glib
Installing /home/devel/building/work/src/appstream-glib-0.8.2/libappstream-glib/as-markup.h to /home/devel/building/work/pkg/usr/include/libappstream-glib
Installing /home/devel/building/work/src/appstream-glib-0.8.2/libappstream-glib/as-monitor.h to /home/devel/building/work/pkg/usr/include/libappstream-glib
Installing /home/devel/building/work/src/appstream-glib-0.8.2/libappstream-glib/as-node.h to /home/devel/building/work/pkg/usr/include/libappstream-glib
Installing /home/devel/building/work/src/appstream-glib-0.8.2/libappstream-glib/as-agreement.h to /home/devel/building/work/pkg/usr/include/libappstream-glib
Installing /home/devel/building/work/src/appstream-glib-0.8.2/libappstream-glib/as-agreement-section.h to /home/devel/building/work/pkg/usr/include/libappstream-glib
Installing /home/devel/building/work/src/appstream-glib-0.8.2/libappstream-glib/as-problem.h to /home/devel/building/work/pkg/usr/include/libappstream-glib
Installing /home/devel/building/work/src/appstream-glib-0.8.2/libappstream-glib/as-profile.h to /home/devel/building/work/pkg/usr/include/libappstream-glib
Installing /home/devel/building/work/src/appstream-glib-0.8.2/libappstream-glib/as-provide.h to /home/devel/building/work/pkg/usr/include/libappstream-glib
Installing /home/devel/building/work/src/appstream-glib-0.8.2/libappstream-glib/as-release.h to /home/devel/building/work/pkg/usr/include/libappstream-glib
Installing /home/devel/building/work/src/appstream-glib-0.8.2/libappstream-glib/as-require.h to /home/devel/building/work/pkg/usr/include/libappstream-glib
Installing /home/devel/building/work/src/appstream-glib-0.8.2/libappstream-glib/as-review.h to /home/devel/building/work/pkg/usr/include/libappstream-glib
Installing /home/devel/building/work/src/appstream-glib-0.8.2/libappstream-glib/as-screenshot.h to /home/devel/building/work/pkg/usr/include/libappstream-glib
Installing /home/devel/building/work/src/appstream-glib-0.8.2/libappstream-glib/as-store.h to /home/devel/building/work/pkg/usr/include/libappstream-glib
Installing /home/devel/building/work/src/appstream-glib-0.8.2/libappstream-glib/as-suggest.h to /home/devel/building/work/pkg/usr/include/libappstream-glib
Installing /home/devel/building/work/src/appstream-glib-0.8.2/libappstream-glib/as-tag.h to /home/devel/building/work/pkg/usr/include/libappstream-glib
Installing /home/devel/building/work/src/appstream-glib-0.8.2/libappstream-glib/as-translation.h to /home/devel/building/work/pkg/usr/include/libappstream-glib
Installing /home/devel/building/work/src/appstream-glib-0.8.2/libappstream-glib/as-utils.h to /home/devel/building/work/pkg/usr/include/libappstream-glib
Installing /home/devel/building/work/src/appstream-glib-0.8.2/build/libappstream-glib/as-version.h to /home/devel/building/work/pkg/usr/include/libappstream-glib
Installing /home/devel/building/work/src/appstream-glib-0.8.2/build/meson-private/appstream-glib.pc to /home/devel/building/work/pkg/usr/lib/pkgconfig
Installing /home/devel/building/work/src/appstream-glib-0.8.2/build/data/installed-tests/appdata-validate.test to /home/devel/building/work/pkg/usr/share/installed-tests/appstream-glib
Installing /home/devel/building/work/src/appstream-glib-0.8.2/build/data/installed-tests/destdir-check.test to /home/devel/building/work/pkg/usr/share/installed-tests/appstream-glib
Installing /home/devel/building/work/src/appstream-glib-0.8.2/data/appdata-xml.m4 to /home/devel/building/work/pkg/usr/share/aclocal
Installing /home/devel/building/work/src/appstream-glib-0.8.2/data/appstream-xml.m4 to /home/devel/building/work/pkg/usr/share/aclocal
Installing /home/devel/building/work/src/appstream-glib-0.8.2/data/appstream-util to /home/devel/building/work/pkg/usr/share/bash-completion/completions
Installing /home/devel/building/work/src/appstream-glib-0.8.2/data/appstream-builder to /home/devel/building/work/pkg/usr/share/bash-completion/completions
Installing /home/devel/building/work/src/appstream-glib-0.8.2/data/appdata.its to /home/devel/building/work/pkg/usr/share/gettext/its
Installing /home/devel/building/work/src/appstream-glib-0.8.2/data/appdata.loc to /home/devel/building/work/pkg/usr/share/gettext/its
Installing symlink pointing to libappstream-glib.so.8.0.10 to /home/devel/building/work/pkg/usr/lib/libappstream-glib.so.8
Installing symlink pointing to libappstream-glib.so.8 to /home/devel/building/work/pkg/usr/lib/libappstream-glib.so
+ rm -r /home/devel/building/work/pkg/usr/share/locale
=======> Build result:
drwxr-xr-x  0 root   root        0 May  7 20:23 usr/
drwxr-xr-x  0 root   root        0 May  7 20:23 usr/lib/
drwxr-xr-x  0 root   root        0 May  7 20:23 usr/share/
drwxr-xr-x  0 root   root        0 May  7 20:23 usr/bin/
drwxr-xr-x  0 root   root        0 May  7 20:23 usr/include/
drwxr-xr-x  0 root   root        0 May  7 20:23 usr/include/libappstream-glib/
-rw-r--r--  0 root   root      834 Nov  4  2022 usr/include/libappstream-glib/appstream-glib.h
-rw-r--r--  0 root   root     1305 Nov  4  2022 usr/include/libappstream-glib/as-app-builder.h
-rw-r--r--  0 root   root    29978 Nov  4  2022 usr/include/libappstream-glib/as-app.h
-rw-r--r--  0 root   root     2444 Nov  4  2022 usr/include/libappstream-glib/as-bundle.h
-rw-r--r--  0 root   root     2318 Nov  4  2022 usr/include/libappstream-glib/as-checksum.h
-rw-r--r--  0 root   root     4527 Nov  4  2022 usr/include/libappstream-glib/as-content-rating.h
-rw-r--r--  0 root   root     5518 Nov  4  2022 usr/include/libappstream-glib/as-enums.h
-rw-r--r--  0 root   root     2000 Nov  4  2022 usr/include/libappstream-glib/as-format.h
-rw-r--r--  0 root   root     3705 Nov  4  2022 usr/include/libappstream-glib/as-icon.h
-rw-r--r--  0 root   root     5834 Nov  4  2022 usr/include/libappstream-glib/as-image.h
-rw-r--r--  0 root   root     2033 Nov  4  2022 usr/include/libappstream-glib/as-launchable.h
-rw-r--r--  0 root   root     1635 Nov  4  2022 usr/include/libappstream-glib/as-inf.h
-rw-r--r--  0 root   root     2089 Nov  4  2022 usr/include/libappstream-glib/as-markup.h
-rw-r--r--  0 root   root     1648 Nov  4  2022 usr/include/libappstream-glib/as-monitor.h
-rw-r--r--  0 root   root     6524 Nov  4  2022 usr/include/libappstream-glib/as-node.h
-rw-r--r--  0 root   root     2143 Nov  4  2022 usr/include/libappstream-glib/as-agreement.h
-rw-r--r--  0 root   root     1641 Nov  4  2022 usr/include/libappstream-glib/as-agreement-section.h
-rw-r--r--  0 root   root     2967 Nov  4  2022 usr/include/libappstream-glib/as-problem.h
-rw-r--r--  0 root   root     1339 Nov  4  2022 usr/include/libappstream-glib/as-profile.h
-rw-r--r--  0 root   root     2473 Nov  4  2022 usr/include/libappstream-glib/as-provide.h
-rw-r--r--  0 root   root     4337 Nov  4  2022 usr/include/libappstream-glib/as-release.h
-rw-r--r--  0 root   root     3551 Nov  4  2022 usr/include/libappstream-glib/as-require.h
-rw-r--r--  0 root   root     3147 Nov  4  2022 usr/include/libappstream-glib/as-review.h
-rw-r--r--  0 root   root     2673 Nov  4  2022 usr/include/libappstream-glib/as-screenshot.h
-rw-r--r--  0 root   root     9756 Nov  4  2022 usr/include/libappstream-glib/as-store.h
-rw-r--r--  0 root   root     1681 Nov  4  2022 usr/include/libappstream-glib/as-suggest.h
-rw-r--r--  0 root   root     6028 Nov  4  2022 usr/include/libappstream-glib/as-tag.h
-rw-r--r--  0 root   root     1864 Nov  4  2022 usr/include/libappstream-glib/as-translation.h
-rw-r--r--  0 root   root     5945 Nov  4  2022 usr/include/libappstream-glib/as-utils.h
-rw-r--r--  0 root   root     1161 May  7 20:23 usr/include/libappstream-glib/as-version.h
-rwxr-xr-x  0 root   root    81528 May  7 20:23 usr/bin/appstream-builder
-rwxr-xr-x  0 root   root   106648 May  7 20:23 usr/bin/appstream-util
-rwxr-xr-x  0 root   root    23328 May  7 20:23 usr/bin/appstream-compose
drwxr-xr-x  0 root   root        0 May  7 20:23 usr/share/gir-1.0/
drwxr-xr-x  0 root   root        0 May  7 20:23 usr/share/installed-tests/
drwxr-xr-x  0 root   root        0 May  7 20:23 usr/share/aclocal/
drwxr-xr-x  0 root   root        0 May  7 20:23 usr/share/bash-completion/
drwxr-xr-x  0 root   root        0 May  7 20:23 usr/share/gettext/
drwxr-xr-x  0 root   root        0 May  7 20:23 usr/share/gettext/its/
-rw-r--r--  0 root   root     1448 Nov  4  2022 usr/share/gettext/its/appdata.its
-rw-r--r--  0 root   root      330 Nov  4  2022 usr/share/gettext/its/appdata.loc
drwxr-xr-x  0 root   root        0 May  7 20:23 usr/share/bash-completion/completions/
-rw-r--r--  0 root   root     2768 Nov  4  2022 usr/share/bash-completion/completions/appstream-util
-rw-r--r--  0 root   root      859 Nov  4  2022 usr/share/bash-completion/completions/appstream-builder
-rw-r--r--  0 root   root     3184 Nov  4  2022 usr/share/aclocal/appdata-xml.m4
-rw-r--r--  0 root   root     3012 Nov  4  2022 usr/share/aclocal/appstream-xml.m4
drwxr-xr-x  0 root   root        0 May  7 20:23 usr/share/installed-tests/appstream-glib/
-rw-r--r--  0 root   root      105 May  7 20:23 usr/share/installed-tests/appstream-glib/appdata-validate.test
-rw-r--r--  0 root   root       68 May  7 20:23 usr/share/installed-tests/appstream-glib/destdir-check.test
-rw-r--r--  0 root   root   849215 May  7 20:23 usr/share/gir-1.0/AppStreamGlib-1.0.gir
-rwxr-xr-x  0 root   root   443736 May  7 20:23 usr/lib/libappstream-glib.so.8.0.10
drwxr-xr-x  0 root   root        0 May  7 20:23 usr/lib/girepository-1.0/
drwxr-xr-x  0 root   root        0 May  7 20:23 usr/lib/asb-plugins-5/
drwxr-xr-x  0 root   root        0 May  7 20:23 usr/lib/pkgconfig/
lrwxrwxrwx  0 root   root        0 May  7 20:23 usr/lib/libappstream-glib.so.8 -> libappstream-glib.so.8.0.10
lrwxrwxrwx  0 root   root        0 May  7 20:23 usr/lib/libappstream-glib.so -> libappstream-glib.so.8
-rw-r--r--  0 root   root      346 May  7 20:23 usr/lib/pkgconfig/appstream-glib.pc
-rwxr-xr-x  0 root   root    14592 May  7 20:23 usr/lib/asb-plugins-5/libasb_plugin_icon.so
-rwxr-xr-x  0 root   root    14232 May  7 20:23 usr/lib/asb-plugins-5/libasb_plugin_gettext.so
-rwxr-xr-x  0 root   root    14248 May  7 20:23 usr/lib/asb-plugins-5/libasb_plugin_hardcoded.so
-rwxr-xr-x  0 root   root    14448 May  7 20:23 usr/lib/asb-plugins-5/libasb_plugin_desktop.so
-rwxr-xr-x  0 root   root    18560 May  7 20:23 usr/lib/asb-plugins-5/libasb_plugin_appdata.so
-rwxr-xr-x  0 root   root    18752 May  7 20:23 usr/lib/asb-plugins-5/libasb_plugin_shell_extension.so
-rwxr-xr-x  0 root   root    36832 May  7 20:23 usr/lib/asb-plugins-5/libasb_plugin_font.so
-rw-r--r--  0 root   root    81712 May  7 20:23 usr/lib/girepository-1.0/AppStreamGlib-1.0.typelib
=======> Building '/home/devel/packages/appstream-glib#0.8.2-2.x86_64.pkg.tar.zst' succeeded.
prt-get: Using PKGMK_PACKAGE_DIR: /home/devel/packages
prt-get: reinstalling appstream-glib 0.8.2-2
prt-get: /usr/bin/pkgadd -u appstream-glib#0.8.2-2.x86_64.pkg.tar.zst
prt-get: build done Tue May  7 20:23:15 2024

