prt-get: updating /usr/ports/wayland-x86_64/atkmm
prt-get: starting build Thu Feb  1 15:16:20 2024
=======> Building '/home/devel/packages/atkmm#2.28.3-1.x86_64.pkg.tar.zst'.
bsdtar -p -o -C /home/devel/building/work/src -xf /home/devel/sources/atkmm-2.28.3.tar.xz
+ build
+ cd atkmm-2.28.3
+ build-meson . build
The Meson build system
Version: 1.3.1
Source dir: /home/devel/building/work/src/atkmm-2.28.3
Build dir: /home/devel/building/work/src/atkmm-2.28.3/build
Build type: native build
Project name: atkmm
Project version: 2.28.3
C++ compiler for the host machine: c++ (gcc 13.2.0 "c++ (SAUX-x86_64) 13.2.0")
C++ linker for the host machine: c++ ld.bfd 2.42
Host machine cpu family: x86_64
Host machine cpu: x86_64
Program python3 found: YES (/usr/bin/python3)
Found pkg-config: YES (/usr/bin/pkg-config) 2.1.0
Run-time dependency atk found: YES 2.50.1
Run-time dependency glibmm-2.4 found: YES 2.66.6
Program mm-common-get found: YES (/usr/bin/mm-common-get)
Program m4 found: YES (/usr/bin/m4)
Program doxygen found: NO
Program dot found: NO
Program xsltproc found: YES (/usr/bin/xsltproc)
Program perl found: YES (/usr/bin/perl)
Library glibmm_generate_extra_defs-2.4 found: YES
Configuring atkmm-1.6.pc using configuration
Configuring atkmm-1.6-uninstalled.pc using configuration
Configuring atkmmconfig.h using configuration
Configuring atkmm.rc using configuration
Run-time dependency mm-common-libstdc++ found: YES 1.0.5
Run-time dependency sigc++-2.0 found: YES 2.12.1
Dependency glibmm-2.4 found: YES 2.66.6 (cached)
Configuring Doxyfile using configuration
Message: 
------
atkmm 2.28.3

         Maintainer mode: if-git-build (false)
       Compiler warnings: min (warning_level: 1, werror: false)
    Build deprecated API: true
Build HTML documentation: if-maintainer-mode (false)
Directories:
                  prefix: /usr
              includedir: /usr/include
         includeatkmmdir: /usr/include/atkmm-1.6
                  libdir: /usr/lib
        includeconfigdir: /usr/lib/atkmm-1.6/include
                   m4dir: /usr/lib/atkmm-1.6/proc/m4
            pkgconfigdir: /usr/lib/pkgconfig
                 datadir: /usr/share
                  docdir: /usr/share/doc/atkmm-1.6
              devhelpdir: /usr/share/devhelp/books/atkmm-1.6
------
Build targets in project: 2
NOTICE: Future-deprecated features used:
 * 0.64.0: {'copy arg in configure_file'}

atkmm 2.28.3

  User defined options
    auto_features     : auto
    bindir            : /usr/bin
    buildtype         : plain
    datadir           : /usr/share
    includedir        : /usr/include
    libdir            : /usr/lib
    libexecdir        : /usr/lib
    localstatedir     : /var
    mandir            : /usr/share/man
    prefix            : /usr
    sbindir           : /usr/sbin
    sharedstatedir    : /var/lib
    sysconfdir        : /etc
    werror            : false
    wrap_mode         : nodownload
    python.bytecompile: 0
    b_lto             : false
    b_pie             : true
    b_staticpic       : true

Found ninja-1.9 at /usr/bin/ninja
+ meson compile -j 8 -v -C build
ninja: entering directory '/home/devel/building/work/src/atkmm-2.28.3/build'
[1/25] c++ -Iatk/atkmm/libatkmm-1.6.so.1.1.0.p -Iatk -I../atk -I../untracked/atk -I/usr/include/glibmm-2.4 -I/usr/lib/glibmm-2.4/include -I/usr/include/glib-2.0 -I/usr/lib/glib-2.0/include -I/usr/include/sigc++-2.0 -I/usr/lib/sigc++-2.0/include -I/usr/include/atk-1.0 -fdiagnostics-color=always -D_FILE_OFFSET_BITS=64 -Wall -Winvalid-pch -std=c++11 -O2 -m64 -march=x86-64 -mtune=generic -flto=auto -ffat-lto-objects -fPIC -DATKMM_BUILD=1 -MD -MQ atk/atkmm/libatkmm-1.6.so.1.1.0.p/init.cc.o -MF atk/atkmm/libatkmm-1.6.so.1.1.0.p/init.cc.o.d -o atk/atkmm/libatkmm-1.6.so.1.1.0.p/init.cc.o -c ../atk/atkmm/init.cc
[2/25] c++ -Iatk/atkmm/libatkmm-1.6.so.1.1.0.p -Iatk -I../atk -I../untracked/atk -I/usr/include/glibmm-2.4 -I/usr/lib/glibmm-2.4/include -I/usr/include/glib-2.0 -I/usr/lib/glib-2.0/include -I/usr/include/sigc++-2.0 -I/usr/lib/sigc++-2.0/include -I/usr/include/atk-1.0 -fdiagnostics-color=always -D_FILE_OFFSET_BITS=64 -Wall -Winvalid-pch -std=c++11 -O2 -m64 -march=x86-64 -mtune=generic -flto=auto -ffat-lto-objects -fPIC -DATKMM_BUILD=1 -MD -MQ atk/atkmm/libatkmm-1.6.so.1.1.0.p/.._.._untracked_atk_atkmm_value.cc.o -MF atk/atkmm/libatkmm-1.6.so.1.1.0.p/.._.._untracked_atk_atkmm_value.cc.o.d -o atk/atkmm/libatkmm-1.6.so.1.1.0.p/.._.._untracked_atk_atkmm_value.cc.o -c ../untracked/atk/atkmm/value.cc
[3/25] c++ -Iatk/atkmm/libatkmm-1.6.so.1.1.0.p -Iatk -I../atk -I../untracked/atk -I/usr/include/glibmm-2.4 -I/usr/lib/glibmm-2.4/include -I/usr/include/glib-2.0 -I/usr/lib/glib-2.0/include -I/usr/include/sigc++-2.0 -I/usr/lib/sigc++-2.0/include -I/usr/include/atk-1.0 -fdiagnostics-color=always -D_FILE_OFFSET_BITS=64 -Wall -Winvalid-pch -std=c++11 -O2 -m64 -march=x86-64 -mtune=generic -flto=auto -ffat-lto-objects -fPIC -DATKMM_BUILD=1 -MD -MQ atk/atkmm/libatkmm-1.6.so.1.1.0.p/.._.._untracked_atk_atkmm_text.cc.o -MF atk/atkmm/libatkmm-1.6.so.1.1.0.p/.._.._untracked_atk_atkmm_text.cc.o.d -o atk/atkmm/libatkmm-1.6.so.1.1.0.p/.._.._untracked_atk_atkmm_text.cc.o -c ../untracked/atk/atkmm/text.cc
[4/25] c++ -Iatk/atkmm/libatkmm-1.6.so.1.1.0.p -Iatk -I../atk -I../untracked/atk -I/usr/include/glibmm-2.4 -I/usr/lib/glibmm-2.4/include -I/usr/include/glib-2.0 -I/usr/lib/glib-2.0/include -I/usr/include/sigc++-2.0 -I/usr/lib/sigc++-2.0/include -I/usr/include/atk-1.0 -fdiagnostics-color=always -D_FILE_OFFSET_BITS=64 -Wall -Winvalid-pch -std=c++11 -O2 -m64 -march=x86-64 -mtune=generic -flto=auto -ffat-lto-objects -fPIC -DATKMM_BUILD=1 -MD -MQ atk/atkmm/libatkmm-1.6.so.1.1.0.p/.._.._untracked_atk_atkmm_table.cc.o -MF atk/atkmm/libatkmm-1.6.so.1.1.0.p/.._.._untracked_atk_atkmm_table.cc.o.d -o atk/atkmm/libatkmm-1.6.so.1.1.0.p/.._.._untracked_atk_atkmm_table.cc.o -c ../untracked/atk/atkmm/table.cc
[5/25] c++ -Iatk/atkmm/libatkmm-1.6.so.1.1.0.p -Iatk -I../atk -I../untracked/atk -I/usr/include/glibmm-2.4 -I/usr/lib/glibmm-2.4/include -I/usr/include/glib-2.0 -I/usr/lib/glib-2.0/include -I/usr/include/sigc++-2.0 -I/usr/lib/sigc++-2.0/include -I/usr/include/atk-1.0 -fdiagnostics-color=always -D_FILE_OFFSET_BITS=64 -Wall -Winvalid-pch -std=c++11 -O2 -m64 -march=x86-64 -mtune=generic -flto=auto -ffat-lto-objects -fPIC -DATKMM_BUILD=1 -MD -MQ atk/atkmm/libatkmm-1.6.so.1.1.0.p/.._.._untracked_atk_atkmm_streamablecontent.cc.o -MF atk/atkmm/libatkmm-1.6.so.1.1.0.p/.._.._untracked_atk_atkmm_streamablecontent.cc.o.d -o atk/atkmm/libatkmm-1.6.so.1.1.0.p/.._.._untracked_atk_atkmm_streamablecontent.cc.o -c ../untracked/atk/atkmm/streamablecontent.cc
[6/25] c++ -Iatk/atkmm/libatkmm-1.6.so.1.1.0.p -Iatk -I../atk -I../untracked/atk -I/usr/include/glibmm-2.4 -I/usr/lib/glibmm-2.4/include -I/usr/include/glib-2.0 -I/usr/lib/glib-2.0/include -I/usr/include/sigc++-2.0 -I/usr/lib/sigc++-2.0/include -I/usr/include/atk-1.0 -fdiagnostics-color=always -D_FILE_OFFSET_BITS=64 -Wall -Winvalid-pch -std=c++11 -O2 -m64 -march=x86-64 -mtune=generic -flto=auto -ffat-lto-objects -fPIC -DATKMM_BUILD=1 -MD -MQ atk/atkmm/libatkmm-1.6.so.1.1.0.p/.._.._untracked_atk_atkmm_stateset.cc.o -MF atk/atkmm/libatkmm-1.6.so.1.1.0.p/.._.._untracked_atk_atkmm_stateset.cc.o.d -o atk/atkmm/libatkmm-1.6.so.1.1.0.p/.._.._untracked_atk_atkmm_stateset.cc.o -c ../untracked/atk/atkmm/stateset.cc
[7/25] c++ -Iatk/atkmm/libatkmm-1.6.so.1.1.0.p -Iatk -I../atk -I../untracked/atk -I/usr/include/glibmm-2.4 -I/usr/lib/glibmm-2.4/include -I/usr/include/glib-2.0 -I/usr/lib/glib-2.0/include -I/usr/include/sigc++-2.0 -I/usr/lib/sigc++-2.0/include -I/usr/include/atk-1.0 -fdiagnostics-color=always -D_FILE_OFFSET_BITS=64 -Wall -Winvalid-pch -std=c++11 -O2 -m64 -march=x86-64 -mtune=generic -flto=auto -ffat-lto-objects -fPIC -DATKMM_BUILD=1 -MD -MQ atk/atkmm/libatkmm-1.6.so.1.1.0.p/.._.._untracked_atk_atkmm_selection.cc.o -MF atk/atkmm/libatkmm-1.6.so.1.1.0.p/.._.._untracked_atk_atkmm_selection.cc.o.d -o atk/atkmm/libatkmm-1.6.so.1.1.0.p/.._.._untracked_atk_atkmm_selection.cc.o -c ../untracked/atk/atkmm/selection.cc
[8/25] c++ -Iatk/atkmm/libatkmm-1.6.so.1.1.0.p -Iatk -I../atk -I../untracked/atk -I/usr/include/glibmm-2.4 -I/usr/lib/glibmm-2.4/include -I/usr/include/glib-2.0 -I/usr/lib/glib-2.0/include -I/usr/include/sigc++-2.0 -I/usr/lib/sigc++-2.0/include -I/usr/include/atk-1.0 -fdiagnostics-color=always -D_FILE_OFFSET_BITS=64 -Wall -Winvalid-pch -std=c++11 -O2 -m64 -march=x86-64 -mtune=generic -flto=auto -ffat-lto-objects -fPIC -DATKMM_BUILD=1 -MD -MQ atk/atkmm/libatkmm-1.6.so.1.1.0.p/.._.._untracked_atk_atkmm_relationset.cc.o -MF atk/atkmm/libatkmm-1.6.so.1.1.0.p/.._.._untracked_atk_atkmm_relationset.cc.o.d -o atk/atkmm/libatkmm-1.6.so.1.1.0.p/.._.._untracked_atk_atkmm_relationset.cc.o -c ../untracked/atk/atkmm/relationset.cc
[9/25] c++ -Iatk/atkmm/libatkmm-1.6.so.1.1.0.p -Iatk -I../atk -I../untracked/atk -I/usr/include/glibmm-2.4 -I/usr/lib/glibmm-2.4/include -I/usr/include/glib-2.0 -I/usr/lib/glib-2.0/include -I/usr/include/sigc++-2.0 -I/usr/lib/sigc++-2.0/include -I/usr/include/atk-1.0 -fdiagnostics-color=always -D_FILE_OFFSET_BITS=64 -Wall -Winvalid-pch -std=c++11 -O2 -m64 -march=x86-64 -mtune=generic -flto=auto -ffat-lto-objects -fPIC -DATKMM_BUILD=1 -MD -MQ atk/atkmm/libatkmm-1.6.so.1.1.0.p/.._.._untracked_atk_atkmm_relation.cc.o -MF atk/atkmm/libatkmm-1.6.so.1.1.0.p/.._.._untracked_atk_atkmm_relation.cc.o.d -o atk/atkmm/libatkmm-1.6.so.1.1.0.p/.._.._untracked_atk_atkmm_relation.cc.o -c ../untracked/atk/atkmm/relation.cc
[10/25] c++ -Iatk/atkmm/libatkmm-1.6.so.1.1.0.p -Iatk -I../atk -I../untracked/atk -I/usr/include/glibmm-2.4 -I/usr/lib/glibmm-2.4/include -I/usr/include/glib-2.0 -I/usr/lib/glib-2.0/include -I/usr/include/sigc++-2.0 -I/usr/lib/sigc++-2.0/include -I/usr/include/atk-1.0 -fdiagnostics-color=always -D_FILE_OFFSET_BITS=64 -Wall -Winvalid-pch -std=c++11 -O2 -m64 -march=x86-64 -mtune=generic -flto=auto -ffat-lto-objects -fPIC -DATKMM_BUILD=1 -MD -MQ atk/atkmm/libatkmm-1.6.so.1.1.0.p/.._.._untracked_atk_atkmm_range.cc.o -MF atk/atkmm/libatkmm-1.6.so.1.1.0.p/.._.._untracked_atk_atkmm_range.cc.o.d -o atk/atkmm/libatkmm-1.6.so.1.1.0.p/.._.._untracked_atk_atkmm_range.cc.o -c ../untracked/atk/atkmm/range.cc
[11/25] c++ -Iatk/atkmm/libatkmm-1.6.so.1.1.0.p -Iatk -I../atk -I../untracked/atk -I/usr/include/glibmm-2.4 -I/usr/lib/glibmm-2.4/include -I/usr/include/glib-2.0 -I/usr/lib/glib-2.0/include -I/usr/include/sigc++-2.0 -I/usr/lib/sigc++-2.0/include -I/usr/include/atk-1.0 -fdiagnostics-color=always -D_FILE_OFFSET_BITS=64 -Wall -Winvalid-pch -std=c++11 -O2 -m64 -march=x86-64 -mtune=generic -flto=auto -ffat-lto-objects -fPIC -DATKMM_BUILD=1 -MD -MQ atk/atkmm/libatkmm-1.6.so.1.1.0.p/.._.._untracked_atk_atkmm_objectaccessible.cc.o -MF atk/atkmm/libatkmm-1.6.so.1.1.0.p/.._.._untracked_atk_atkmm_objectaccessible.cc.o.d -o atk/atkmm/libatkmm-1.6.so.1.1.0.p/.._.._untracked_atk_atkmm_objectaccessible.cc.o -c ../untracked/atk/atkmm/objectaccessible.cc
[12/25] c++ -Iatk/atkmm/libatkmm-1.6.so.1.1.0.p -Iatk -I../atk -I../untracked/atk -I/usr/include/glibmm-2.4 -I/usr/lib/glibmm-2.4/include -I/usr/include/glib-2.0 -I/usr/lib/glib-2.0/include -I/usr/include/sigc++-2.0 -I/usr/lib/sigc++-2.0/include -I/usr/include/atk-1.0 -fdiagnostics-color=always -D_FILE_OFFSET_BITS=64 -Wall -Winvalid-pch -std=c++11 -O2 -m64 -march=x86-64 -mtune=generic -flto=auto -ffat-lto-objects -fPIC -DATKMM_BUILD=1 -MD -MQ atk/atkmm/libatkmm-1.6.so.1.1.0.p/.._.._untracked_atk_atkmm_object.cc.o -MF atk/atkmm/libatkmm-1.6.so.1.1.0.p/.._.._untracked_atk_atkmm_object.cc.o.d -o atk/atkmm/libatkmm-1.6.so.1.1.0.p/.._.._untracked_atk_atkmm_object.cc.o -c ../untracked/atk/atkmm/object.cc
[13/25] c++ -Iatk/atkmm/libatkmm-1.6.so.1.1.0.p -Iatk -I../atk -I../untracked/atk -I/usr/include/glibmm-2.4 -I/usr/lib/glibmm-2.4/include -I/usr/include/glib-2.0 -I/usr/lib/glib-2.0/include -I/usr/include/sigc++-2.0 -I/usr/lib/sigc++-2.0/include -I/usr/include/atk-1.0 -fdiagnostics-color=always -D_FILE_OFFSET_BITS=64 -Wall -Winvalid-pch -std=c++11 -O2 -m64 -march=x86-64 -mtune=generic -flto=auto -ffat-lto-objects -fPIC -DATKMM_BUILD=1 -MD -MQ atk/atkmm/libatkmm-1.6.so.1.1.0.p/.._.._untracked_atk_atkmm_noopobject.cc.o -MF atk/atkmm/libatkmm-1.6.so.1.1.0.p/.._.._untracked_atk_atkmm_noopobject.cc.o.d -o atk/atkmm/libatkmm-1.6.so.1.1.0.p/.._.._untracked_atk_atkmm_noopobject.cc.o -c ../untracked/atk/atkmm/noopobject.cc
[14/25] c++ -Iatk/atkmm/libatkmm-1.6.so.1.1.0.p -Iatk -I../atk -I../untracked/atk -I/usr/include/glibmm-2.4 -I/usr/lib/glibmm-2.4/include -I/usr/include/glib-2.0 -I/usr/lib/glib-2.0/include -I/usr/include/sigc++-2.0 -I/usr/lib/sigc++-2.0/include -I/usr/include/atk-1.0 -fdiagnostics-color=always -D_FILE_OFFSET_BITS=64 -Wall -Winvalid-pch -std=c++11 -O2 -m64 -march=x86-64 -mtune=generic -flto=auto -ffat-lto-objects -fPIC -DATKMM_BUILD=1 -MD -MQ atk/atkmm/libatkmm-1.6.so.1.1.0.p/.._.._untracked_atk_atkmm_implementor.cc.o -MF atk/atkmm/libatkmm-1.6.so.1.1.0.p/.._.._untracked_atk_atkmm_implementor.cc.o.d -o atk/atkmm/libatkmm-1.6.so.1.1.0.p/.._.._untracked_atk_atkmm_implementor.cc.o -c ../untracked/atk/atkmm/implementor.cc
[15/25] c++ -Iatk/atkmm/libatkmm-1.6.so.1.1.0.p -Iatk -I../atk -I../untracked/atk -I/usr/include/glibmm-2.4 -I/usr/lib/glibmm-2.4/include -I/usr/include/glib-2.0 -I/usr/lib/glib-2.0/include -I/usr/include/sigc++-2.0 -I/usr/lib/sigc++-2.0/include -I/usr/include/atk-1.0 -fdiagnostics-color=always -D_FILE_OFFSET_BITS=64 -Wall -Winvalid-pch -std=c++11 -O2 -m64 -march=x86-64 -mtune=generic -flto=auto -ffat-lto-objects -fPIC -DATKMM_BUILD=1 -MD -MQ atk/atkmm/libatkmm-1.6.so.1.1.0.p/.._.._untracked_atk_atkmm_image.cc.o -MF atk/atkmm/libatkmm-1.6.so.1.1.0.p/.._.._untracked_atk_atkmm_image.cc.o.d -o atk/atkmm/libatkmm-1.6.so.1.1.0.p/.._.._untracked_atk_atkmm_image.cc.o -c ../untracked/atk/atkmm/image.cc
[16/25] c++ -Iatk/atkmm/libatkmm-1.6.so.1.1.0.p -Iatk -I../atk -I../untracked/atk -I/usr/include/glibmm-2.4 -I/usr/lib/glibmm-2.4/include -I/usr/include/glib-2.0 -I/usr/lib/glib-2.0/include -I/usr/include/sigc++-2.0 -I/usr/lib/sigc++-2.0/include -I/usr/include/atk-1.0 -fdiagnostics-color=always -D_FILE_OFFSET_BITS=64 -Wall -Winvalid-pch -std=c++11 -O2 -m64 -march=x86-64 -mtune=generic -flto=auto -ffat-lto-objects -fPIC -DATKMM_BUILD=1 -MD -MQ atk/atkmm/libatkmm-1.6.so.1.1.0.p/.._.._untracked_atk_atkmm_hypertext.cc.o -MF atk/atkmm/libatkmm-1.6.so.1.1.0.p/.._.._untracked_atk_atkmm_hypertext.cc.o.d -o atk/atkmm/libatkmm-1.6.so.1.1.0.p/.._.._untracked_atk_atkmm_hypertext.cc.o -c ../untracked/atk/atkmm/hypertext.cc
[17/25] c++ -Iatk/atkmm/libatkmm-1.6.so.1.1.0.p -Iatk -I../atk -I../untracked/atk -I/usr/include/glibmm-2.4 -I/usr/lib/glibmm-2.4/include -I/usr/include/glib-2.0 -I/usr/lib/glib-2.0/include -I/usr/include/sigc++-2.0 -I/usr/lib/sigc++-2.0/include -I/usr/include/atk-1.0 -fdiagnostics-color=always -D_FILE_OFFSET_BITS=64 -Wall -Winvalid-pch -std=c++11 -O2 -m64 -march=x86-64 -mtune=generic -flto=auto -ffat-lto-objects -fPIC -DATKMM_BUILD=1 -MD -MQ atk/atkmm/libatkmm-1.6.so.1.1.0.p/.._.._untracked_atk_atkmm_hyperlink.cc.o -MF atk/atkmm/libatkmm-1.6.so.1.1.0.p/.._.._untracked_atk_atkmm_hyperlink.cc.o.d -o atk/atkmm/libatkmm-1.6.so.1.1.0.p/.._.._untracked_atk_atkmm_hyperlink.cc.o -c ../untracked/atk/atkmm/hyperlink.cc
[18/25] c++ -Iatk/atkmm/libatkmm-1.6.so.1.1.0.p -Iatk -I../atk -I../untracked/atk -I/usr/include/glibmm-2.4 -I/usr/lib/glibmm-2.4/include -I/usr/include/glib-2.0 -I/usr/lib/glib-2.0/include -I/usr/include/sigc++-2.0 -I/usr/lib/sigc++-2.0/include -I/usr/include/atk-1.0 -fdiagnostics-color=always -D_FILE_OFFSET_BITS=64 -Wall -Winvalid-pch -std=c++11 -O2 -m64 -march=x86-64 -mtune=generic -flto=auto -ffat-lto-objects -fPIC -DATKMM_BUILD=1 -MD -MQ atk/atkmm/libatkmm-1.6.so.1.1.0.p/.._.._untracked_atk_atkmm_editabletext.cc.o -MF atk/atkmm/libatkmm-1.6.so.1.1.0.p/.._.._untracked_atk_atkmm_editabletext.cc.o.d -o atk/atkmm/libatkmm-1.6.so.1.1.0.p/.._.._untracked_atk_atkmm_editabletext.cc.o -c ../untracked/atk/atkmm/editabletext.cc
[19/25] c++ -Iatk/atkmm/libatkmm-1.6.so.1.1.0.p -Iatk -I../atk -I../untracked/atk -I/usr/include/glibmm-2.4 -I/usr/lib/glibmm-2.4/include -I/usr/include/glib-2.0 -I/usr/lib/glib-2.0/include -I/usr/include/sigc++-2.0 -I/usr/lib/sigc++-2.0/include -I/usr/include/atk-1.0 -fdiagnostics-color=always -D_FILE_OFFSET_BITS=64 -Wall -Winvalid-pch -std=c++11 -O2 -m64 -march=x86-64 -mtune=generic -flto=auto -ffat-lto-objects -fPIC -DATKMM_BUILD=1 -MD -MQ atk/atkmm/libatkmm-1.6.so.1.1.0.p/.._.._untracked_atk_atkmm_document.cc.o -MF atk/atkmm/libatkmm-1.6.so.1.1.0.p/.._.._untracked_atk_atkmm_document.cc.o.d -o atk/atkmm/libatkmm-1.6.so.1.1.0.p/.._.._untracked_atk_atkmm_document.cc.o -c ../untracked/atk/atkmm/document.cc
[20/25] c++ -Iatk/atkmm/libatkmm-1.6.so.1.1.0.p -Iatk -I../atk -I../untracked/atk -I/usr/include/glibmm-2.4 -I/usr/lib/glibmm-2.4/include -I/usr/include/glib-2.0 -I/usr/lib/glib-2.0/include -I/usr/include/sigc++-2.0 -I/usr/lib/sigc++-2.0/include -I/usr/include/atk-1.0 -fdiagnostics-color=always -D_FILE_OFFSET_BITS=64 -Wall -Winvalid-pch -std=c++11 -O2 -m64 -march=x86-64 -mtune=generic -flto=auto -ffat-lto-objects -fPIC -DATKMM_BUILD=1 -MD -MQ atk/atkmm/libatkmm-1.6.so.1.1.0.p/.._.._untracked_atk_atkmm_component.cc.o -MF atk/atkmm/libatkmm-1.6.so.1.1.0.p/.._.._untracked_atk_atkmm_component.cc.o.d -o atk/atkmm/libatkmm-1.6.so.1.1.0.p/.._.._untracked_atk_atkmm_component.cc.o -c ../untracked/atk/atkmm/component.cc
[21/25] c++ -Iatk/atkmm/libatkmm-1.6.so.1.1.0.p -Iatk -I../atk -I../untracked/atk -I/usr/include/glibmm-2.4 -I/usr/lib/glibmm-2.4/include -I/usr/include/glib-2.0 -I/usr/lib/glib-2.0/include -I/usr/include/sigc++-2.0 -I/usr/lib/sigc++-2.0/include -I/usr/include/atk-1.0 -fdiagnostics-color=always -D_FILE_OFFSET_BITS=64 -Wall -Winvalid-pch -std=c++11 -O2 -m64 -march=x86-64 -mtune=generic -flto=auto -ffat-lto-objects -fPIC -DATKMM_BUILD=1 -MD -MQ atk/atkmm/libatkmm-1.6.so.1.1.0.p/.._.._untracked_atk_atkmm_action.cc.o -MF atk/atkmm/libatkmm-1.6.so.1.1.0.p/.._.._untracked_atk_atkmm_action.cc.o.d -o atk/atkmm/libatkmm-1.6.so.1.1.0.p/.._.._untracked_atk_atkmm_action.cc.o -c ../untracked/atk/atkmm/action.cc
[22/25] c++ -Iatk/atkmm/libatkmm-1.6.so.1.1.0.p -Iatk -I../atk -I../untracked/atk -I/usr/include/glibmm-2.4 -I/usr/lib/glibmm-2.4/include -I/usr/include/glib-2.0 -I/usr/lib/glib-2.0/include -I/usr/include/sigc++-2.0 -I/usr/lib/sigc++-2.0/include -I/usr/include/atk-1.0 -fdiagnostics-color=always -D_FILE_OFFSET_BITS=64 -Wall -Winvalid-pch -std=c++11 -O2 -m64 -march=x86-64 -mtune=generic -flto=auto -ffat-lto-objects -fPIC -DATKMM_BUILD=1 -MD -MQ atk/atkmm/libatkmm-1.6.so.1.1.0.p/.._.._untracked_atk_atkmm_wrap_init.cc.o -MF atk/atkmm/libatkmm-1.6.so.1.1.0.p/.._.._untracked_atk_atkmm_wrap_init.cc.o.d -o atk/atkmm/libatkmm-1.6.so.1.1.0.p/.._.._untracked_atk_atkmm_wrap_init.cc.o -c ../untracked/atk/atkmm/wrap_init.cc
[23/25] c++ -Icodegen/extradefs/generate_extra_defs.p -I/usr/include/glibmm-2.4 -I/usr/lib/glibmm-2.4/include -I/usr/include/glib-2.0 -I/usr/lib/glib-2.0/include -I/usr/include/sigc++-2.0 -I/usr/lib/sigc++-2.0/include -I/usr/include/atk-1.0 -fdiagnostics-color=always -D_FILE_OFFSET_BITS=64 -Wall -Winvalid-pch -std=c++11 -O2 -m64 -march=x86-64 -mtune=generic -flto=auto -ffat-lto-objects -fPIE -MD -MQ codegen/extradefs/generate_extra_defs.p/generate_extra_defs_atk.cc.o -MF codegen/extradefs/generate_extra_defs.p/generate_extra_defs_atk.cc.o.d -o codegen/extradefs/generate_extra_defs.p/generate_extra_defs_atk.cc.o -c ../codegen/extradefs/generate_extra_defs_atk.cc
[24/25] c++  -o codegen/extradefs/generate_extra_defs codegen/extradefs/generate_extra_defs.p/generate_extra_defs_atk.cc.o -Wl,--as-needed -Wl,--no-undefined -pie -O2 -m64 -march=x86-64 -mtune=generic -flto=auto -ffat-lto-objects -Wl,--start-group /usr/lib/libglibmm-2.4.so /usr/lib/libgobject-2.0.so /usr/lib/libglib-2.0.so /usr/lib/libsigc-2.0.so /usr/lib/libatk-1.0.so -lglibmm_generate_extra_defs-2.4 -Wl,--end-group
[25/25] c++  -o atk/atkmm/libatkmm-1.6.so.1.1.0 atk/atkmm/libatkmm-1.6.so.1.1.0.p/.._.._untracked_atk_atkmm_wrap_init.cc.o atk/atkmm/libatkmm-1.6.so.1.1.0.p/.._.._untracked_atk_atkmm_action.cc.o atk/atkmm/libatkmm-1.6.so.1.1.0.p/.._.._untracked_atk_atkmm_component.cc.o atk/atkmm/libatkmm-1.6.so.1.1.0.p/.._.._untracked_atk_atkmm_document.cc.o atk/atkmm/libatkmm-1.6.so.1.1.0.p/.._.._untracked_atk_atkmm_editabletext.cc.o atk/atkmm/libatkmm-1.6.so.1.1.0.p/.._.._untracked_atk_atkmm_hyperlink.cc.o atk/atkmm/libatkmm-1.6.so.1.1.0.p/.._.._untracked_atk_atkmm_hypertext.cc.o atk/atkmm/libatkmm-1.6.so.1.1.0.p/.._.._untracked_atk_atkmm_image.cc.o atk/atkmm/libatkmm-1.6.so.1.1.0.p/.._.._untracked_atk_atkmm_implementor.cc.o atk/atkmm/libatkmm-1.6.so.1.1.0.p/.._.._untracked_atk_atkmm_noopobject.cc.o atk/atkmm/libatkmm-1.6.so.1.1.0.p/.._.._untracked_atk_atkmm_object.cc.o atk/atkmm/libatkmm-1.6.so.1.1.0.p/.._.._untracked_atk_atkmm_objectaccessible.cc.o atk/atkmm/libatkmm-1.6.so.1.1.0.p/.._.._untracked_atk_atkmm_range.cc.o atk/atkmm/libatkmm-1.6.so.1.1.0.p/.._.._untracked_atk_atkmm_relation.cc.o atk/atkmm/libatkmm-1.6.so.1.1.0.p/.._.._untracked_atk_atkmm_relationset.cc.o atk/atkmm/libatkmm-1.6.so.1.1.0.p/.._.._untracked_atk_atkmm_selection.cc.o atk/atkmm/libatkmm-1.6.so.1.1.0.p/.._.._untracked_atk_atkmm_stateset.cc.o atk/atkmm/libatkmm-1.6.so.1.1.0.p/.._.._untracked_atk_atkmm_streamablecontent.cc.o atk/atkmm/libatkmm-1.6.so.1.1.0.p/.._.._untracked_atk_atkmm_table.cc.o atk/atkmm/libatkmm-1.6.so.1.1.0.p/.._.._untracked_atk_atkmm_text.cc.o atk/atkmm/libatkmm-1.6.so.1.1.0.p/.._.._untracked_atk_atkmm_value.cc.o atk/atkmm/libatkmm-1.6.so.1.1.0.p/init.cc.o -Wl,--as-needed -Wl,--no-undefined -shared -fPIC -Wl,--start-group -Wl,-soname,libatkmm-1.6.so.1 -O2 -m64 -march=x86-64 -mtune=generic -flto=auto -ffat-lto-objects /usr/lib/libglibmm-2.4.so /usr/lib/libgobject-2.0.so /usr/lib/libglib-2.0.so /usr/lib/libsigc-2.0.so /usr/lib/libatk-1.0.so -Wl,--end-group
INFO: autodetecting backend as ninja
INFO: calculating backend command to run: /usr/bin/ninja -C /home/devel/building/work/src/atkmm-2.28.3/build -j 8 -v
+ DESTDIR=/home/devel/building/work/pkg
+ meson install --no-rebuild -C build
Installing  /home/devel/building/work/src/atkmm-2.28.3/untracked/atk/atkmm/action.h  to  /home/devel/building/work/pkg/usr/include/atkmm-1.6/atkmm
Installing  /home/devel/building/work/src/atkmm-2.28.3/untracked/atk/atkmm/private/action_p.h  to  /home/devel/building/work/pkg/usr/include/atkmm-1.6/atkmm/private
Installing  /home/devel/building/work/src/atkmm-2.28.3/untracked/atk/atkmm/component.h  to  /home/devel/building/work/pkg/usr/include/atkmm-1.6/atkmm
Installing  /home/devel/building/work/src/atkmm-2.28.3/untracked/atk/atkmm/private/component_p.h  to  /home/devel/building/work/pkg/usr/include/atkmm-1.6/atkmm/private
Installing  /home/devel/building/work/src/atkmm-2.28.3/untracked/atk/atkmm/document.h  to  /home/devel/building/work/pkg/usr/include/atkmm-1.6/atkmm
Installing  /home/devel/building/work/src/atkmm-2.28.3/untracked/atk/atkmm/private/document_p.h  to  /home/devel/building/work/pkg/usr/include/atkmm-1.6/atkmm/private
Installing  /home/devel/building/work/src/atkmm-2.28.3/untracked/atk/atkmm/editabletext.h  to  /home/devel/building/work/pkg/usr/include/atkmm-1.6/atkmm
Installing  /home/devel/building/work/src/atkmm-2.28.3/untracked/atk/atkmm/private/editabletext_p.h  to  /home/devel/building/work/pkg/usr/include/atkmm-1.6/atkmm/private
Installing  /home/devel/building/work/src/atkmm-2.28.3/untracked/atk/atkmm/hyperlink.h  to  /home/devel/building/work/pkg/usr/include/atkmm-1.6/atkmm
Installing  /home/devel/building/work/src/atkmm-2.28.3/untracked/atk/atkmm/private/hyperlink_p.h  to  /home/devel/building/work/pkg/usr/include/atkmm-1.6/atkmm/private
Installing  /home/devel/building/work/src/atkmm-2.28.3/untracked/atk/atkmm/hypertext.h  to  /home/devel/building/work/pkg/usr/include/atkmm-1.6/atkmm
Installing  /home/devel/building/work/src/atkmm-2.28.3/untracked/atk/atkmm/private/hypertext_p.h  to  /home/devel/building/work/pkg/usr/include/atkmm-1.6/atkmm/private
Installing  /home/devel/building/work/src/atkmm-2.28.3/untracked/atk/atkmm/image.h  to  /home/devel/building/work/pkg/usr/include/atkmm-1.6/atkmm
Installing  /home/devel/building/work/src/atkmm-2.28.3/untracked/atk/atkmm/private/image_p.h  to  /home/devel/building/work/pkg/usr/include/atkmm-1.6/atkmm/private
Installing  /home/devel/building/work/src/atkmm-2.28.3/untracked/atk/atkmm/implementor.h  to  /home/devel/building/work/pkg/usr/include/atkmm-1.6/atkmm
Installing  /home/devel/building/work/src/atkmm-2.28.3/untracked/atk/atkmm/private/implementor_p.h  to  /home/devel/building/work/pkg/usr/include/atkmm-1.6/atkmm/private
Installing  /home/devel/building/work/src/atkmm-2.28.3/untracked/atk/atkmm/noopobject.h  to  /home/devel/building/work/pkg/usr/include/atkmm-1.6/atkmm
Installing  /home/devel/building/work/src/atkmm-2.28.3/untracked/atk/atkmm/private/noopobject_p.h  to  /home/devel/building/work/pkg/usr/include/atkmm-1.6/atkmm/private
Installing  /home/devel/building/work/src/atkmm-2.28.3/untracked/atk/atkmm/object.h  to  /home/devel/building/work/pkg/usr/include/atkmm-1.6/atkmm
Installing  /home/devel/building/work/src/atkmm-2.28.3/untracked/atk/atkmm/private/object_p.h  to  /home/devel/building/work/pkg/usr/include/atkmm-1.6/atkmm/private
Installing  /home/devel/building/work/src/atkmm-2.28.3/untracked/atk/atkmm/objectaccessible.h  to  /home/devel/building/work/pkg/usr/include/atkmm-1.6/atkmm
Installing  /home/devel/building/work/src/atkmm-2.28.3/untracked/atk/atkmm/private/objectaccessible_p.h  to  /home/devel/building/work/pkg/usr/include/atkmm-1.6/atkmm/private
Installing  /home/devel/building/work/src/atkmm-2.28.3/untracked/atk/atkmm/range.h  to  /home/devel/building/work/pkg/usr/include/atkmm-1.6/atkmm
Installing  /home/devel/building/work/src/atkmm-2.28.3/untracked/atk/atkmm/private/range_p.h  to  /home/devel/building/work/pkg/usr/include/atkmm-1.6/atkmm/private
Installing  /home/devel/building/work/src/atkmm-2.28.3/untracked/atk/atkmm/relation.h  to  /home/devel/building/work/pkg/usr/include/atkmm-1.6/atkmm
Installing  /home/devel/building/work/src/atkmm-2.28.3/untracked/atk/atkmm/private/relation_p.h  to  /home/devel/building/work/pkg/usr/include/atkmm-1.6/atkmm/private
Installing  /home/devel/building/work/src/atkmm-2.28.3/untracked/atk/atkmm/relationset.h  to  /home/devel/building/work/pkg/usr/include/atkmm-1.6/atkmm
Installing  /home/devel/building/work/src/atkmm-2.28.3/untracked/atk/atkmm/private/relationset_p.h  to  /home/devel/building/work/pkg/usr/include/atkmm-1.6/atkmm/private
Installing  /home/devel/building/work/src/atkmm-2.28.3/untracked/atk/atkmm/selection.h  to  /home/devel/building/work/pkg/usr/include/atkmm-1.6/atkmm
Installing  /home/devel/building/work/src/atkmm-2.28.3/untracked/atk/atkmm/private/selection_p.h  to  /home/devel/building/work/pkg/usr/include/atkmm-1.6/atkmm/private
Installing  /home/devel/building/work/src/atkmm-2.28.3/untracked/atk/atkmm/stateset.h  to  /home/devel/building/work/pkg/usr/include/atkmm-1.6/atkmm
Installing  /home/devel/building/work/src/atkmm-2.28.3/untracked/atk/atkmm/private/stateset_p.h  to  /home/devel/building/work/pkg/usr/include/atkmm-1.6/atkmm/private
Installing  /home/devel/building/work/src/atkmm-2.28.3/untracked/atk/atkmm/streamablecontent.h  to  /home/devel/building/work/pkg/usr/include/atkmm-1.6/atkmm
Installing  /home/devel/building/work/src/atkmm-2.28.3/untracked/atk/atkmm/private/streamablecontent_p.h  to  /home/devel/building/work/pkg/usr/include/atkmm-1.6/atkmm/private
Installing  /home/devel/building/work/src/atkmm-2.28.3/untracked/atk/atkmm/table.h  to  /home/devel/building/work/pkg/usr/include/atkmm-1.6/atkmm
Installing  /home/devel/building/work/src/atkmm-2.28.3/untracked/atk/atkmm/private/table_p.h  to  /home/devel/building/work/pkg/usr/include/atkmm-1.6/atkmm/private
Installing  /home/devel/building/work/src/atkmm-2.28.3/untracked/atk/atkmm/text.h  to  /home/devel/building/work/pkg/usr/include/atkmm-1.6/atkmm
Installing  /home/devel/building/work/src/atkmm-2.28.3/untracked/atk/atkmm/private/text_p.h  to  /home/devel/building/work/pkg/usr/include/atkmm-1.6/atkmm/private
Installing  /home/devel/building/work/src/atkmm-2.28.3/untracked/atk/atkmm/value.h  to  /home/devel/building/work/pkg/usr/include/atkmm-1.6/atkmm
Installing  /home/devel/building/work/src/atkmm-2.28.3/untracked/atk/atkmm/private/value_p.h  to  /home/devel/building/work/pkg/usr/include/atkmm-1.6/atkmm/private
Installing atk/atkmm/libatkmm-1.6.so.1.1.0 to /home/devel/building/work/pkg/usr/lib
Installing /home/devel/building/work/src/atkmm-2.28.3/atk/atkmm/../atkmm.h to /home/devel/building/work/pkg/usr/include/atkmm-1.6
Installing /home/devel/building/work/src/atkmm-2.28.3/atk/atkmm/init.h to /home/devel/building/work/pkg/usr/include/atkmm-1.6/atkmm
Installing /home/devel/building/work/src/atkmm-2.28.3/atk/atkmm/wrap_init.h to /home/devel/building/work/pkg/usr/include/atkmm-1.6/atkmm
Installing /home/devel/building/work/src/atkmm-2.28.3/codegen/extradefs/../m4/convert.m4 to /home/devel/building/work/pkg/usr/lib/atkmm-1.6/proc/m4
Installing /home/devel/building/work/src/atkmm-2.28.3/codegen/extradefs/../m4/convert_atk.m4 to /home/devel/building/work/pkg/usr/lib/atkmm-1.6/proc/m4
Installing /home/devel/building/work/src/atkmm-2.28.3/build/atk/atkmm-1.6.pc to /home/devel/building/work/pkg/usr/lib/pkgconfig
Installing /home/devel/building/work/src/atkmm-2.28.3/build/atk/atkmmconfig.h to /home/devel/building/work/pkg/usr/lib/atkmm-1.6/include
Installing symlink pointing to libatkmm-1.6.so.1.1.0 to /home/devel/building/work/pkg/usr/lib/libatkmm-1.6.so.1
Installing symlink pointing to libatkmm-1.6.so.1 to /home/devel/building/work/pkg/usr/lib/libatkmm-1.6.so
Running custom install script '/usr/bin/python3 /home/devel/building/work/src/atkmm-2.28.3/untracked/build_scripts/generate-binding.py install_built_h_files /home/devel/building/work/src/atkmm-2.28.3/untracked/atk/atkmm include/atkmm-1.6/atkmm action component document editabletext hyperlink hypertext image implementor noopobject object objectaccessible range relation relationset selection stateset streamablecontent table text value'
=======> Build result:
drwxr-xr-x  0 root   root        0 Feb  1 15:16 usr/
drwxr-xr-x  0 root   root        0 Feb  1 15:16 usr/lib/
drwxr-xr-x  0 root   root        0 Feb  1 15:16 usr/include/
drwxr-xr-x  0 root   root        0 Feb  1 15:16 usr/include/atkmm-1.6/
-rw-r--r--  0 root   root     2773 Jul 20  2022 usr/include/atkmm-1.6/atkmm.h
drwxr-xr-x  0 root   root        0 Feb  1 15:16 usr/include/atkmm-1.6/atkmm/
-rw-r--r--  0 root   root     1121 Jul 20  2022 usr/include/atkmm-1.6/atkmm/init.h
-rw-r--r--  0 root   root     1040 Jul 20  2022 usr/include/atkmm-1.6/atkmm/wrap_init.h
drwxr-xr-x  0 root   root        0 Feb  1 15:16 usr/include/atkmm-1.6/atkmm/private/
-rw-rw-r--  0 root   root     7818 Jul 20  2022 usr/include/atkmm-1.6/atkmm/action.h
-rw-rw-r--  0 root   root    14254 Jul 20  2022 usr/include/atkmm-1.6/atkmm/component.h
-rw-rw-r--  0 root   root     6681 Jul 20  2022 usr/include/atkmm-1.6/atkmm/document.h
-rw-rw-r--  0 root   root     7143 Jul 20  2022 usr/include/atkmm-1.6/atkmm/editabletext.h
-rw-rw-r--  0 root   root     8143 Jul 20  2022 usr/include/atkmm-1.6/atkmm/hyperlink.h
-rw-rw-r--  0 root   root     6056 Jul 20  2022 usr/include/atkmm-1.6/atkmm/hypertext.h
-rw-rw-r--  0 root   root     6559 Jul 20  2022 usr/include/atkmm-1.6/atkmm/image.h
-rw-rw-r--  0 root   root     4269 Jul 20  2022 usr/include/atkmm-1.6/atkmm/implementor.h
-rw-rw-r--  0 root   root     4244 Jul 20  2022 usr/include/atkmm-1.6/atkmm/noopobject.h
-rw-rw-r--  0 root   root    25322 Jul 20  2022 usr/include/atkmm-1.6/atkmm/object.h
-rw-rw-r--  0 root   root     5052 Jul 20  2022 usr/include/atkmm-1.6/atkmm/objectaccessible.h
-rw-rw-r--  0 root   root     3831 Jul 20  2022 usr/include/atkmm-1.6/atkmm/range.h
-rw-rw-r--  0 root   root     8081 Jul 20  2022 usr/include/atkmm-1.6/atkmm/relation.h
-rw-rw-r--  0 root   root     5943 Jul 20  2022 usr/include/atkmm-1.6/atkmm/relationset.h
-rw-rw-r--  0 root   root     8366 Jul 20  2022 usr/include/atkmm-1.6/atkmm/selection.h
-rw-rw-r--  0 root   root     7899 Jul 20  2022 usr/include/atkmm-1.6/atkmm/stateset.h
-rw-rw-r--  0 root   root     5735 Jul 20  2022 usr/include/atkmm-1.6/atkmm/streamablecontent.h
-rw-rw-r--  0 root   root    21743 Jul 20  2022 usr/include/atkmm-1.6/atkmm/table.h
-rw-rw-r--  0 root   root    33478 Jul 20  2022 usr/include/atkmm-1.6/atkmm/text.h
-rw-rw-r--  0 root   root     8237 Jul 20  2022 usr/include/atkmm-1.6/atkmm/value.h
-rw-rw-r--  0 root   root     1430 Jul 20  2022 usr/include/atkmm-1.6/atkmm/private/action_p.h
-rw-rw-r--  0 root   root     2245 Jul 20  2022 usr/include/atkmm-1.6/atkmm/private/component_p.h
-rw-rw-r--  0 root   root     1131 Jul 20  2022 usr/include/atkmm-1.6/atkmm/private/document_p.h
-rw-rw-r--  0 root   root     1691 Jul 20  2022 usr/include/atkmm-1.6/atkmm/private/editabletext_p.h
-rw-rw-r--  0 root   root     1692 Jul 20  2022 usr/include/atkmm-1.6/atkmm/private/hyperlink_p.h
-rw-rw-r--  0 root   root     1294 Jul 20  2022 usr/include/atkmm-1.6/atkmm/private/hypertext_p.h
-rw-rw-r--  0 root   root     1325 Jul 20  2022 usr/include/atkmm-1.6/atkmm/private/image_p.h
-rw-rw-r--  0 root   root     1049 Jul 20  2022 usr/include/atkmm-1.6/atkmm/private/implementor_p.h
-rw-rw-r--  0 root   root     1081 Jul 20  2022 usr/include/atkmm-1.6/atkmm/private/noopobject_p.h
-rw-rw-r--  0 root   root     1503 Jul 20  2022 usr/include/atkmm-1.6/atkmm/private/object_p.h
-rw-rw-r--  0 root   root     1131 Jul 20  2022 usr/include/atkmm-1.6/atkmm/private/objectaccessible_p.h
-rw-rw-r--  0 root   root      132 Jul 20  2022 usr/include/atkmm-1.6/atkmm/private/range_p.h
-rw-rw-r--  0 root   root     1065 Jul 20  2022 usr/include/atkmm-1.6/atkmm/private/relation_p.h
-rw-rw-r--  0 root   root     1089 Jul 20  2022 usr/include/atkmm-1.6/atkmm/private/relationset_p.h
-rw-rw-r--  0 root   root     1578 Jul 20  2022 usr/include/atkmm-1.6/atkmm/private/selection_p.h
-rw-rw-r--  0 root   root     1065 Jul 20  2022 usr/include/atkmm-1.6/atkmm/private/stateset_p.h
-rw-rw-r--  0 root   root     1324 Jul 20  2022 usr/include/atkmm-1.6/atkmm/private/streamablecontent_p.h
-rw-rw-r--  0 root   root     3777 Jul 20  2022 usr/include/atkmm-1.6/atkmm/private/table_p.h
-rw-rw-r--  0 root   root     2955 Jul 20  2022 usr/include/atkmm-1.6/atkmm/private/text_p.h
-rw-rw-r--  0 root   root     1254 Jul 20  2022 usr/include/atkmm-1.6/atkmm/private/value_p.h
-rwxr-xr-x  0 root   root   320832 Feb  1 15:16 usr/lib/libatkmm-1.6.so.1.1.0
drwxr-xr-x  0 root   root        0 Feb  1 15:16 usr/lib/atkmm-1.6/
drwxr-xr-x  0 root   root        0 Feb  1 15:16 usr/lib/pkgconfig/
lrwxrwxrwx  0 root   root        0 Feb  1 15:16 usr/lib/libatkmm-1.6.so.1 -> libatkmm-1.6.so.1.1.0
lrwxrwxrwx  0 root   root        0 Feb  1 15:16 usr/lib/libatkmm-1.6.so -> libatkmm-1.6.so.1
-rw-r--r--  0 root   root      609 Feb  1 15:16 usr/lib/pkgconfig/atkmm-1.6.pc
drwxr-xr-x  0 root   root        0 Feb  1 15:16 usr/lib/atkmm-1.6/proc/
drwxr-xr-x  0 root   root        0 Feb  1 15:16 usr/lib/atkmm-1.6/include/
-rw-r--r--  0 root   root     1056 Feb  1 15:16 usr/lib/atkmm-1.6/include/atkmmconfig.h
drwxr-xr-x  0 root   root        0 Feb  1 15:16 usr/lib/atkmm-1.6/proc/m4/
-rw-r--r--  0 root   root      138 Jul 20  2022 usr/lib/atkmm-1.6/proc/m4/convert.m4
-rw-r--r--  0 root   root     2039 Jul 20  2022 usr/lib/atkmm-1.6/proc/m4/convert_atk.m4
=======> Building '/home/devel/packages/atkmm#2.28.3-1.x86_64.pkg.tar.zst' succeeded.
prt-get: Using PKGMK_PACKAGE_DIR: /home/devel/packages
prt-get: reinstalling atkmm 2.28.3-1
prt-get: /usr/bin/pkgadd -u atkmm#2.28.3-1.x86_64.pkg.tar.zst
prt-get: build done Thu Feb  1 15:16:24 2024

