prt-get: updating /usr/ports/opt-x86_64/brotli
prt-get: starting build Thu Feb  1 15:25:40 2024
=======> Building '/home/devel/packages/brotli#1.1.0-1.x86_64.pkg.tar.zst'.
bsdtar -p -o -C /home/devel/building/work/src -xf /home/devel/sources/brotli-v1.1.0.tar.gz
+ build
+ cd brotli-1.1.0
+ mkdir build
+ cd build
+ cmake .. -G Ninja -DCMAKE_BUILD_TYPE=Release -DCMAKE_INSTALL_PREFIX=/usr -DCMAKE_INSTALL_LIBDIR=/usr/lib -DBUILD_SHARED_LIBS=ON -DBROTLI_DISABLE_TESTS=ON -Wno-dev
-- The C compiler identification is GNU 13.2.0
-- Detecting C compiler ABI info
-- Detecting C compiler ABI info - done
-- Check for working C compiler: /usr/bin/cc - skipped
-- Detecting C compile features
-- Detecting C compile features - done
-- Build type is 'Release'
-- Performing Test BROTLI_EMSCRIPTEN
-- Performing Test BROTLI_EMSCRIPTEN - Failed
-- Compiler is not EMSCRIPTEN
-- Looking for log2
-- Looking for log2 - not found
-- Looking for log2
-- Looking for log2 - found
-- Configuring done (0.3s)
-- Generating done (0.0s)
-- Build files have been written to: /home/devel/building/work/src/brotli-1.1.0/build
+ ninja -v
[1/39] /usr/bin/cc -DBROTLI_HAVE_LOG2=1 -DBROTLI_SHARED_COMPILATION -DOS_LINUX -I/home/devel/building/work/src/brotli-1.1.0/c/include -O2 -m64 -march=x86-64 -mtune=generic -flto=auto -ffat-lto-objects -O3 -DNDEBUG -MD -MT CMakeFiles/brotli.dir/c/tools/brotli.c.o -MF CMakeFiles/brotli.dir/c/tools/brotli.c.o.d -o CMakeFiles/brotli.dir/c/tools/brotli.c.o -c /home/devel/building/work/src/brotli-1.1.0/c/tools/brotli.c
[2/39] /usr/bin/cc -DBROTLIENC_SHARED_COMPILATION -DBROTLI_HAVE_LOG2=1 -DBROTLI_SHARED_COMPILATION -DOS_LINUX -I/home/devel/building/work/src/brotli-1.1.0/c/include -O2 -m64 -march=x86-64 -mtune=generic -flto=auto -ffat-lto-objects -O3 -DNDEBUG -fPIC -MD -MT CMakeFiles/brotlienc.dir/c/enc/utf8_util.c.o -MF CMakeFiles/brotlienc.dir/c/enc/utf8_util.c.o.d -o CMakeFiles/brotlienc.dir/c/enc/utf8_util.c.o -c /home/devel/building/work/src/brotli-1.1.0/c/enc/utf8_util.c
[3/39] /usr/bin/cc -DBROTLIENC_SHARED_COMPILATION -DBROTLI_HAVE_LOG2=1 -DBROTLI_SHARED_COMPILATION -DOS_LINUX -I/home/devel/building/work/src/brotli-1.1.0/c/include -O2 -m64 -march=x86-64 -mtune=generic -flto=auto -ffat-lto-objects -O3 -DNDEBUG -fPIC -MD -MT CMakeFiles/brotlienc.dir/c/enc/static_dict.c.o -MF CMakeFiles/brotlienc.dir/c/enc/static_dict.c.o.d -o CMakeFiles/brotlienc.dir/c/enc/static_dict.c.o -c /home/devel/building/work/src/brotli-1.1.0/c/enc/static_dict.c
[4/39] /usr/bin/cc -DBROTLIENC_SHARED_COMPILATION -DBROTLI_HAVE_LOG2=1 -DBROTLI_SHARED_COMPILATION -DOS_LINUX -I/home/devel/building/work/src/brotli-1.1.0/c/include -O2 -m64 -march=x86-64 -mtune=generic -flto=auto -ffat-lto-objects -O3 -DNDEBUG -fPIC -MD -MT CMakeFiles/brotlienc.dir/c/enc/metablock.c.o -MF CMakeFiles/brotlienc.dir/c/enc/metablock.c.o.d -o CMakeFiles/brotlienc.dir/c/enc/metablock.c.o -c /home/devel/building/work/src/brotli-1.1.0/c/enc/metablock.c
[5/39] /usr/bin/cc -DBROTLIENC_SHARED_COMPILATION -DBROTLI_HAVE_LOG2=1 -DBROTLI_SHARED_COMPILATION -DOS_LINUX -I/home/devel/building/work/src/brotli-1.1.0/c/include -O2 -m64 -march=x86-64 -mtune=generic -flto=auto -ffat-lto-objects -O3 -DNDEBUG -fPIC -MD -MT CMakeFiles/brotlienc.dir/c/enc/memory.c.o -MF CMakeFiles/brotlienc.dir/c/enc/memory.c.o.d -o CMakeFiles/brotlienc.dir/c/enc/memory.c.o -c /home/devel/building/work/src/brotli-1.1.0/c/enc/memory.c
[6/39] /usr/bin/cc -DBROTLIENC_SHARED_COMPILATION -DBROTLI_HAVE_LOG2=1 -DBROTLI_SHARED_COMPILATION -DOS_LINUX -I/home/devel/building/work/src/brotli-1.1.0/c/include -O2 -m64 -march=x86-64 -mtune=generic -flto=auto -ffat-lto-objects -O3 -DNDEBUG -fPIC -MD -MT CMakeFiles/brotlienc.dir/c/enc/literal_cost.c.o -MF CMakeFiles/brotlienc.dir/c/enc/literal_cost.c.o.d -o CMakeFiles/brotlienc.dir/c/enc/literal_cost.c.o -c /home/devel/building/work/src/brotli-1.1.0/c/enc/literal_cost.c
[7/39] /usr/bin/cc -DBROTLIENC_SHARED_COMPILATION -DBROTLI_HAVE_LOG2=1 -DBROTLI_SHARED_COMPILATION -DOS_LINUX -I/home/devel/building/work/src/brotli-1.1.0/c/include -O2 -m64 -march=x86-64 -mtune=generic -flto=auto -ffat-lto-objects -O3 -DNDEBUG -fPIC -MD -MT CMakeFiles/brotlienc.dir/c/enc/histogram.c.o -MF CMakeFiles/brotlienc.dir/c/enc/histogram.c.o.d -o CMakeFiles/brotlienc.dir/c/enc/histogram.c.o -c /home/devel/building/work/src/brotli-1.1.0/c/enc/histogram.c
[8/39] /usr/bin/cc -DBROTLIENC_SHARED_COMPILATION -DBROTLI_HAVE_LOG2=1 -DBROTLI_SHARED_COMPILATION -DOS_LINUX -I/home/devel/building/work/src/brotli-1.1.0/c/include -O2 -m64 -march=x86-64 -mtune=generic -flto=auto -ffat-lto-objects -O3 -DNDEBUG -fPIC -MD -MT CMakeFiles/brotlienc.dir/c/enc/fast_log.c.o -MF CMakeFiles/brotlienc.dir/c/enc/fast_log.c.o.d -o CMakeFiles/brotlienc.dir/c/enc/fast_log.c.o -c /home/devel/building/work/src/brotli-1.1.0/c/enc/fast_log.c
[9/39] /usr/bin/cc -DBROTLIENC_SHARED_COMPILATION -DBROTLI_HAVE_LOG2=1 -DBROTLI_SHARED_COMPILATION -DOS_LINUX -I/home/devel/building/work/src/brotli-1.1.0/c/include -O2 -m64 -march=x86-64 -mtune=generic -flto=auto -ffat-lto-objects -O3 -DNDEBUG -fPIC -MD -MT CMakeFiles/brotlienc.dir/c/enc/entropy_encode.c.o -MF CMakeFiles/brotlienc.dir/c/enc/entropy_encode.c.o.d -o CMakeFiles/brotlienc.dir/c/enc/entropy_encode.c.o -c /home/devel/building/work/src/brotli-1.1.0/c/enc/entropy_encode.c
[10/39] /usr/bin/cc -DBROTLIENC_SHARED_COMPILATION -DBROTLI_HAVE_LOG2=1 -DBROTLI_SHARED_COMPILATION -DOS_LINUX -I/home/devel/building/work/src/brotli-1.1.0/c/include -O2 -m64 -march=x86-64 -mtune=generic -flto=auto -ffat-lto-objects -O3 -DNDEBUG -fPIC -MD -MT CMakeFiles/brotlienc.dir/c/enc/encoder_dict.c.o -MF CMakeFiles/brotlienc.dir/c/enc/encoder_dict.c.o.d -o CMakeFiles/brotlienc.dir/c/enc/encoder_dict.c.o -c /home/devel/building/work/src/brotli-1.1.0/c/enc/encoder_dict.c
[11/39] /usr/bin/cc -DBROTLIENC_SHARED_COMPILATION -DBROTLI_HAVE_LOG2=1 -DBROTLI_SHARED_COMPILATION -DOS_LINUX -I/home/devel/building/work/src/brotli-1.1.0/c/include -O2 -m64 -march=x86-64 -mtune=generic -flto=auto -ffat-lto-objects -O3 -DNDEBUG -fPIC -MD -MT CMakeFiles/brotlienc.dir/c/enc/encode.c.o -MF CMakeFiles/brotlienc.dir/c/enc/encode.c.o.d -o CMakeFiles/brotlienc.dir/c/enc/encode.c.o -c /home/devel/building/work/src/brotli-1.1.0/c/enc/encode.c
[12/39] /usr/bin/cc -DBROTLIENC_SHARED_COMPILATION -DBROTLI_HAVE_LOG2=1 -DBROTLI_SHARED_COMPILATION -DOS_LINUX -I/home/devel/building/work/src/brotli-1.1.0/c/include -O2 -m64 -march=x86-64 -mtune=generic -flto=auto -ffat-lto-objects -O3 -DNDEBUG -fPIC -MD -MT CMakeFiles/brotlienc.dir/c/enc/dictionary_hash.c.o -MF CMakeFiles/brotlienc.dir/c/enc/dictionary_hash.c.o.d -o CMakeFiles/brotlienc.dir/c/enc/dictionary_hash.c.o -c /home/devel/building/work/src/brotli-1.1.0/c/enc/dictionary_hash.c
[13/39] /usr/bin/cc -DBROTLIENC_SHARED_COMPILATION -DBROTLI_HAVE_LOG2=1 -DBROTLI_SHARED_COMPILATION -DOS_LINUX -I/home/devel/building/work/src/brotli-1.1.0/c/include -O2 -m64 -march=x86-64 -mtune=generic -flto=auto -ffat-lto-objects -O3 -DNDEBUG -fPIC -MD -MT CMakeFiles/brotlienc.dir/c/enc/compress_fragment_two_pass.c.o -MF CMakeFiles/brotlienc.dir/c/enc/compress_fragment_two_pass.c.o.d -o CMakeFiles/brotlienc.dir/c/enc/compress_fragment_two_pass.c.o -c /home/devel/building/work/src/brotli-1.1.0/c/enc/compress_fragment_two_pass.c
[14/39] /usr/bin/cc -DBROTLIENC_SHARED_COMPILATION -DBROTLI_HAVE_LOG2=1 -DBROTLI_SHARED_COMPILATION -DOS_LINUX -I/home/devel/building/work/src/brotli-1.1.0/c/include -O2 -m64 -march=x86-64 -mtune=generic -flto=auto -ffat-lto-objects -O3 -DNDEBUG -fPIC -MD -MT CMakeFiles/brotlienc.dir/c/enc/compress_fragment.c.o -MF CMakeFiles/brotlienc.dir/c/enc/compress_fragment.c.o.d -o CMakeFiles/brotlienc.dir/c/enc/compress_fragment.c.o -c /home/devel/building/work/src/brotli-1.1.0/c/enc/compress_fragment.c
[15/39] /usr/bin/cc -DBROTLIENC_SHARED_COMPILATION -DBROTLI_HAVE_LOG2=1 -DBROTLI_SHARED_COMPILATION -DOS_LINUX -I/home/devel/building/work/src/brotli-1.1.0/c/include -O2 -m64 -march=x86-64 -mtune=generic -flto=auto -ffat-lto-objects -O3 -DNDEBUG -fPIC -MD -MT CMakeFiles/brotlienc.dir/c/enc/compound_dictionary.c.o -MF CMakeFiles/brotlienc.dir/c/enc/compound_dictionary.c.o.d -o CMakeFiles/brotlienc.dir/c/enc/compound_dictionary.c.o -c /home/devel/building/work/src/brotli-1.1.0/c/enc/compound_dictionary.c
[16/39] /usr/bin/cc -DBROTLIENC_SHARED_COMPILATION -DBROTLI_HAVE_LOG2=1 -DBROTLI_SHARED_COMPILATION -DOS_LINUX -I/home/devel/building/work/src/brotli-1.1.0/c/include -O2 -m64 -march=x86-64 -mtune=generic -flto=auto -ffat-lto-objects -O3 -DNDEBUG -fPIC -MD -MT CMakeFiles/brotlienc.dir/c/enc/command.c.o -MF CMakeFiles/brotlienc.dir/c/enc/command.c.o.d -o CMakeFiles/brotlienc.dir/c/enc/command.c.o -c /home/devel/building/work/src/brotli-1.1.0/c/enc/command.c
[17/39] /usr/bin/cc -DBROTLIENC_SHARED_COMPILATION -DBROTLI_HAVE_LOG2=1 -DBROTLI_SHARED_COMPILATION -DOS_LINUX -I/home/devel/building/work/src/brotli-1.1.0/c/include -O2 -m64 -march=x86-64 -mtune=generic -flto=auto -ffat-lto-objects -O3 -DNDEBUG -fPIC -MD -MT CMakeFiles/brotlienc.dir/c/enc/cluster.c.o -MF CMakeFiles/brotlienc.dir/c/enc/cluster.c.o.d -o CMakeFiles/brotlienc.dir/c/enc/cluster.c.o -c /home/devel/building/work/src/brotli-1.1.0/c/enc/cluster.c
[18/39] /usr/bin/cc -DBROTLIENC_SHARED_COMPILATION -DBROTLI_HAVE_LOG2=1 -DBROTLI_SHARED_COMPILATION -DOS_LINUX -I/home/devel/building/work/src/brotli-1.1.0/c/include -O2 -m64 -march=x86-64 -mtune=generic -flto=auto -ffat-lto-objects -O3 -DNDEBUG -fPIC -MD -MT CMakeFiles/brotlienc.dir/c/enc/brotli_bit_stream.c.o -MF CMakeFiles/brotlienc.dir/c/enc/brotli_bit_stream.c.o.d -o CMakeFiles/brotlienc.dir/c/enc/brotli_bit_stream.c.o -c /home/devel/building/work/src/brotli-1.1.0/c/enc/brotli_bit_stream.c
[19/39] /usr/bin/cc -DBROTLIENC_SHARED_COMPILATION -DBROTLI_HAVE_LOG2=1 -DBROTLI_SHARED_COMPILATION -DOS_LINUX -I/home/devel/building/work/src/brotli-1.1.0/c/include -O2 -m64 -march=x86-64 -mtune=generic -flto=auto -ffat-lto-objects -O3 -DNDEBUG -fPIC -MD -MT CMakeFiles/brotlienc.dir/c/enc/block_splitter.c.o -MF CMakeFiles/brotlienc.dir/c/enc/block_splitter.c.o.d -o CMakeFiles/brotlienc.dir/c/enc/block_splitter.c.o -c /home/devel/building/work/src/brotli-1.1.0/c/enc/block_splitter.c
[20/39] /usr/bin/cc -DBROTLIENC_SHARED_COMPILATION -DBROTLI_HAVE_LOG2=1 -DBROTLI_SHARED_COMPILATION -DOS_LINUX -I/home/devel/building/work/src/brotli-1.1.0/c/include -O2 -m64 -march=x86-64 -mtune=generic -flto=auto -ffat-lto-objects -O3 -DNDEBUG -fPIC -MD -MT CMakeFiles/brotlienc.dir/c/enc/bit_cost.c.o -MF CMakeFiles/brotlienc.dir/c/enc/bit_cost.c.o.d -o CMakeFiles/brotlienc.dir/c/enc/bit_cost.c.o -c /home/devel/building/work/src/brotli-1.1.0/c/enc/bit_cost.c
[21/39] /usr/bin/cc -DBROTLIENC_SHARED_COMPILATION -DBROTLI_HAVE_LOG2=1 -DBROTLI_SHARED_COMPILATION -DOS_LINUX -I/home/devel/building/work/src/brotli-1.1.0/c/include -O2 -m64 -march=x86-64 -mtune=generic -flto=auto -ffat-lto-objects -O3 -DNDEBUG -fPIC -MD -MT CMakeFiles/brotlienc.dir/c/enc/backward_references_hq.c.o -MF CMakeFiles/brotlienc.dir/c/enc/backward_references_hq.c.o.d -o CMakeFiles/brotlienc.dir/c/enc/backward_references_hq.c.o -c /home/devel/building/work/src/brotli-1.1.0/c/enc/backward_references_hq.c
[22/39] /usr/bin/cc -DBROTLIENC_SHARED_COMPILATION -DBROTLI_HAVE_LOG2=1 -DBROTLI_SHARED_COMPILATION -DOS_LINUX -I/home/devel/building/work/src/brotli-1.1.0/c/include -O2 -m64 -march=x86-64 -mtune=generic -flto=auto -ffat-lto-objects -O3 -DNDEBUG -fPIC -MD -MT CMakeFiles/brotlienc.dir/c/enc/backward_references.c.o -MF CMakeFiles/brotlienc.dir/c/enc/backward_references.c.o.d -o CMakeFiles/brotlienc.dir/c/enc/backward_references.c.o -c /home/devel/building/work/src/brotli-1.1.0/c/enc/backward_references.c
[23/39] /usr/bin/cc -DBROTLIDEC_SHARED_COMPILATION -DBROTLI_HAVE_LOG2=1 -DBROTLI_SHARED_COMPILATION -DOS_LINUX -I/home/devel/building/work/src/brotli-1.1.0/c/include -O2 -m64 -march=x86-64 -mtune=generic -flto=auto -ffat-lto-objects -O3 -DNDEBUG -fPIC -MD -MT CMakeFiles/brotlidec.dir/c/dec/state.c.o -MF CMakeFiles/brotlidec.dir/c/dec/state.c.o.d -o CMakeFiles/brotlidec.dir/c/dec/state.c.o -c /home/devel/building/work/src/brotli-1.1.0/c/dec/state.c
[24/39] /usr/bin/cc -DBROTLIDEC_SHARED_COMPILATION -DBROTLI_HAVE_LOG2=1 -DBROTLI_SHARED_COMPILATION -DOS_LINUX -I/home/devel/building/work/src/brotli-1.1.0/c/include -O2 -m64 -march=x86-64 -mtune=generic -flto=auto -ffat-lto-objects -O3 -DNDEBUG -fPIC -MD -MT CMakeFiles/brotlidec.dir/c/dec/huffman.c.o -MF CMakeFiles/brotlidec.dir/c/dec/huffman.c.o.d -o CMakeFiles/brotlidec.dir/c/dec/huffman.c.o -c /home/devel/building/work/src/brotli-1.1.0/c/dec/huffman.c
[25/39] /usr/bin/cc -DBROTLIDEC_SHARED_COMPILATION -DBROTLI_HAVE_LOG2=1 -DBROTLI_SHARED_COMPILATION -DOS_LINUX -I/home/devel/building/work/src/brotli-1.1.0/c/include -O2 -m64 -march=x86-64 -mtune=generic -flto=auto -ffat-lto-objects -O3 -DNDEBUG -fPIC -MD -MT CMakeFiles/brotlidec.dir/c/dec/decode.c.o -MF CMakeFiles/brotlidec.dir/c/dec/decode.c.o.d -o CMakeFiles/brotlidec.dir/c/dec/decode.c.o -c /home/devel/building/work/src/brotli-1.1.0/c/dec/decode.c
[26/39] /usr/bin/cc -DBROTLIDEC_SHARED_COMPILATION -DBROTLI_HAVE_LOG2=1 -DBROTLI_SHARED_COMPILATION -DOS_LINUX -I/home/devel/building/work/src/brotli-1.1.0/c/include -O2 -m64 -march=x86-64 -mtune=generic -flto=auto -ffat-lto-objects -O3 -DNDEBUG -fPIC -MD -MT CMakeFiles/brotlidec.dir/c/dec/bit_reader.c.o -MF CMakeFiles/brotlidec.dir/c/dec/bit_reader.c.o.d -o CMakeFiles/brotlidec.dir/c/dec/bit_reader.c.o -c /home/devel/building/work/src/brotli-1.1.0/c/dec/bit_reader.c
[27/39] /usr/bin/cc -DBROTLICOMMON_SHARED_COMPILATION -DBROTLI_HAVE_LOG2=1 -DBROTLI_SHARED_COMPILATION -DOS_LINUX -I/home/devel/building/work/src/brotli-1.1.0/c/include -O2 -m64 -march=x86-64 -mtune=generic -flto=auto -ffat-lto-objects -O3 -DNDEBUG -fPIC -MD -MT CMakeFiles/brotlicommon.dir/c/common/transform.c.o -MF CMakeFiles/brotlicommon.dir/c/common/transform.c.o.d -o CMakeFiles/brotlicommon.dir/c/common/transform.c.o -c /home/devel/building/work/src/brotli-1.1.0/c/common/transform.c
[28/39] /usr/bin/cc -DBROTLICOMMON_SHARED_COMPILATION -DBROTLI_HAVE_LOG2=1 -DBROTLI_SHARED_COMPILATION -DOS_LINUX -I/home/devel/building/work/src/brotli-1.1.0/c/include -O2 -m64 -march=x86-64 -mtune=generic -flto=auto -ffat-lto-objects -O3 -DNDEBUG -fPIC -MD -MT CMakeFiles/brotlicommon.dir/c/common/shared_dictionary.c.o -MF CMakeFiles/brotlicommon.dir/c/common/shared_dictionary.c.o.d -o CMakeFiles/brotlicommon.dir/c/common/shared_dictionary.c.o -c /home/devel/building/work/src/brotli-1.1.0/c/common/shared_dictionary.c
[29/39] /usr/bin/cc -DBROTLICOMMON_SHARED_COMPILATION -DBROTLI_HAVE_LOG2=1 -DBROTLI_SHARED_COMPILATION -DOS_LINUX -I/home/devel/building/work/src/brotli-1.1.0/c/include -O2 -m64 -march=x86-64 -mtune=generic -flto=auto -ffat-lto-objects -O3 -DNDEBUG -fPIC -MD -MT CMakeFiles/brotlicommon.dir/c/common/platform.c.o -MF CMakeFiles/brotlicommon.dir/c/common/platform.c.o.d -o CMakeFiles/brotlicommon.dir/c/common/platform.c.o -c /home/devel/building/work/src/brotli-1.1.0/c/common/platform.c
[30/39] /usr/bin/cc -DBROTLICOMMON_SHARED_COMPILATION -DBROTLI_HAVE_LOG2=1 -DBROTLI_SHARED_COMPILATION -DOS_LINUX -I/home/devel/building/work/src/brotli-1.1.0/c/include -O2 -m64 -march=x86-64 -mtune=generic -flto=auto -ffat-lto-objects -O3 -DNDEBUG -fPIC -MD -MT CMakeFiles/brotlicommon.dir/c/common/dictionary.c.o -MF CMakeFiles/brotlicommon.dir/c/common/dictionary.c.o.d -o CMakeFiles/brotlicommon.dir/c/common/dictionary.c.o -c /home/devel/building/work/src/brotli-1.1.0/c/common/dictionary.c
[31/39] /usr/bin/cc -DBROTLICOMMON_SHARED_COMPILATION -DBROTLI_HAVE_LOG2=1 -DBROTLI_SHARED_COMPILATION -DOS_LINUX -I/home/devel/building/work/src/brotli-1.1.0/c/include -O2 -m64 -march=x86-64 -mtune=generic -flto=auto -ffat-lto-objects -O3 -DNDEBUG -fPIC -MD -MT CMakeFiles/brotlicommon.dir/c/common/context.c.o -MF CMakeFiles/brotlicommon.dir/c/common/context.c.o.d -o CMakeFiles/brotlicommon.dir/c/common/context.c.o -c /home/devel/building/work/src/brotli-1.1.0/c/common/context.c
[32/39] /usr/bin/cc -DBROTLICOMMON_SHARED_COMPILATION -DBROTLI_HAVE_LOG2=1 -DBROTLI_SHARED_COMPILATION -DOS_LINUX -I/home/devel/building/work/src/brotli-1.1.0/c/include -O2 -m64 -march=x86-64 -mtune=generic -flto=auto -ffat-lto-objects -O3 -DNDEBUG -fPIC -MD -MT CMakeFiles/brotlicommon.dir/c/common/constants.c.o -MF CMakeFiles/brotlicommon.dir/c/common/constants.c.o.d -o CMakeFiles/brotlicommon.dir/c/common/constants.c.o -c /home/devel/building/work/src/brotli-1.1.0/c/common/constants.c
[33/39] : && /usr/bin/cc -fPIC -O2 -m64 -march=x86-64 -mtune=generic -flto=auto -ffat-lto-objects -O3 -DNDEBUG   -shared -Wl,-soname,libbrotlicommon.so.1 -o libbrotlicommon.so.1.1.0 CMakeFiles/brotlicommon.dir/c/common/constants.c.o CMakeFiles/brotlicommon.dir/c/common/context.c.o CMakeFiles/brotlicommon.dir/c/common/dictionary.c.o CMakeFiles/brotlicommon.dir/c/common/platform.c.o CMakeFiles/brotlicommon.dir/c/common/shared_dictionary.c.o CMakeFiles/brotlicommon.dir/c/common/transform.c.o  -lm && :
[34/39] /usr/bin/cmake -E cmake_symlink_library libbrotlicommon.so.1.1.0  libbrotlicommon.so.1 libbrotlicommon.so && :
[35/39] : && /usr/bin/cc -fPIC -O2 -m64 -march=x86-64 -mtune=generic -flto=auto -ffat-lto-objects -O3 -DNDEBUG   -shared -Wl,-soname,libbrotlidec.so.1 -o libbrotlidec.so.1.1.0 CMakeFiles/brotlidec.dir/c/dec/bit_reader.c.o CMakeFiles/brotlidec.dir/c/dec/decode.c.o CMakeFiles/brotlidec.dir/c/dec/huffman.c.o CMakeFiles/brotlidec.dir/c/dec/state.c.o  -Wl,-rpath,/home/devel/building/work/src/brotli-1.1.0/build:  -lm  libbrotlicommon.so.1.1.0  -lm && :
[36/39] /usr/bin/cmake -E cmake_symlink_library libbrotlidec.so.1.1.0  libbrotlidec.so.1 libbrotlidec.so && :
[37/39] : && /usr/bin/cc -fPIC -O2 -m64 -march=x86-64 -mtune=generic -flto=auto -ffat-lto-objects -O3 -DNDEBUG   -shared -Wl,-soname,libbrotlienc.so.1 -o libbrotlienc.so.1.1.0 CMakeFiles/brotlienc.dir/c/enc/backward_references.c.o CMakeFiles/brotlienc.dir/c/enc/backward_references_hq.c.o CMakeFiles/brotlienc.dir/c/enc/bit_cost.c.o CMakeFiles/brotlienc.dir/c/enc/block_splitter.c.o CMakeFiles/brotlienc.dir/c/enc/brotli_bit_stream.c.o CMakeFiles/brotlienc.dir/c/enc/cluster.c.o CMakeFiles/brotlienc.dir/c/enc/command.c.o CMakeFiles/brotlienc.dir/c/enc/compound_dictionary.c.o CMakeFiles/brotlienc.dir/c/enc/compress_fragment.c.o CMakeFiles/brotlienc.dir/c/enc/compress_fragment_two_pass.c.o CMakeFiles/brotlienc.dir/c/enc/dictionary_hash.c.o CMakeFiles/brotlienc.dir/c/enc/encode.c.o CMakeFiles/brotlienc.dir/c/enc/encoder_dict.c.o CMakeFiles/brotlienc.dir/c/enc/entropy_encode.c.o CMakeFiles/brotlienc.dir/c/enc/fast_log.c.o CMakeFiles/brotlienc.dir/c/enc/histogram.c.o CMakeFiles/brotlienc.dir/c/enc/literal_cost.c.o CMakeFiles/brotlienc.dir/c/enc/memory.c.o CMakeFiles/brotlienc.dir/c/enc/metablock.c.o CMakeFiles/brotlienc.dir/c/enc/static_dict.c.o CMakeFiles/brotlienc.dir/c/enc/utf8_util.c.o  -Wl,-rpath,/home/devel/building/work/src/brotli-1.1.0/build:  -lm  libbrotlicommon.so.1.1.0  -lm && :
[38/39] /usr/bin/cmake -E cmake_symlink_library libbrotlienc.so.1.1.0  libbrotlienc.so.1 libbrotlienc.so && :
[39/39] : && /usr/bin/cc -O2 -m64 -march=x86-64 -mtune=generic -flto=auto -ffat-lto-objects -O3 -DNDEBUG  CMakeFiles/brotli.dir/c/tools/brotli.c.o -o brotli  -Wl,-rpath,/home/devel/building/work/src/brotli-1.1.0/build:  libbrotlienc.so.1.1.0  libbrotlidec.so.1.1.0  libbrotlicommon.so.1.1.0  -lm && :
+ DESTDIR=/home/devel/building/work/pkg
+ ninja install
[1/1] Install the project...
-- Install configuration: "Release"
-- Installing: /home/devel/building/work/pkg/usr/bin/brotli
-- Set non-toolchain portion of runtime path of "/home/devel/building/work/pkg/usr/bin/brotli" to ""
-- Installing: /home/devel/building/work/pkg/usr/lib/libbrotlienc.so.1.1.0
-- Installing: /home/devel/building/work/pkg/usr/lib/libbrotlienc.so.1
-- Set non-toolchain portion of runtime path of "/home/devel/building/work/pkg/usr/lib/libbrotlienc.so.1.1.0" to ""
-- Installing: /home/devel/building/work/pkg/usr/lib/libbrotlienc.so
-- Installing: /home/devel/building/work/pkg/usr/lib/libbrotlidec.so.1.1.0
-- Installing: /home/devel/building/work/pkg/usr/lib/libbrotlidec.so.1
-- Set non-toolchain portion of runtime path of "/home/devel/building/work/pkg/usr/lib/libbrotlidec.so.1.1.0" to ""
-- Installing: /home/devel/building/work/pkg/usr/lib/libbrotlidec.so
-- Installing: /home/devel/building/work/pkg/usr/lib/libbrotlicommon.so.1.1.0
-- Installing: /home/devel/building/work/pkg/usr/lib/libbrotlicommon.so.1
-- Installing: /home/devel/building/work/pkg/usr/lib/libbrotlicommon.so
-- Installing: /home/devel/building/work/pkg/usr/include/brotli
-- Installing: /home/devel/building/work/pkg/usr/include/brotli/decode.h
-- Installing: /home/devel/building/work/pkg/usr/include/brotli/encode.h
-- Installing: /home/devel/building/work/pkg/usr/include/brotli/port.h
-- Installing: /home/devel/building/work/pkg/usr/include/brotli/shared_dictionary.h
-- Installing: /home/devel/building/work/pkg/usr/include/brotli/types.h
-- Installing: /home/devel/building/work/pkg/usr/lib/pkgconfig/libbrotlicommon.pc
-- Installing: /home/devel/building/work/pkg/usr/lib/pkgconfig/libbrotlidec.pc
-- Installing: /home/devel/building/work/pkg/usr/lib/pkgconfig/libbrotlienc.pc
+ find /home/devel/building/work/pkg -type f -name '*.a' -delete
=======> Build result:
drwxr-xr-x  0 root   root        0 Feb  1 15:25 usr/
drwxr-xr-x  0 root   root        0 Feb  1 15:25 usr/bin/
drwxr-xr-x  0 root   root        0 Feb  1 15:25 usr/lib/
drwxr-xr-x  0 root   root        0 Feb  1 15:25 usr/include/
drwxr-xr-x  0 root   root        0 Feb  1 15:25 usr/include/brotli/
-rw-r--r--  0 root   root    16886 Aug 29 13:00 usr/include/brotli/decode.h
-rw-r--r--  0 root   root    19841 Aug 29 13:00 usr/include/brotli/encode.h
-rw-r--r--  0 root   root    11439 Aug 29 13:00 usr/include/brotli/port.h
-rw-r--r--  0 root   root     3535 Aug 29 13:00 usr/include/brotli/shared_dictionary.h
-rw-r--r--  0 root   root     2615 Aug 29 13:00 usr/include/brotli/types.h
-rwxr-xr-x  0 root   root   719472 Feb  1 15:25 usr/lib/libbrotlienc.so.1.1.0
lrwxrwxrwx  0 root   root        0 Feb  1 15:25 usr/lib/libbrotlienc.so.1 -> libbrotlienc.so.1.1.0
lrwxrwxrwx  0 root   root        0 Feb  1 15:25 usr/lib/libbrotlienc.so -> libbrotlienc.so.1
-rwxr-xr-x  0 root   root    55344 Feb  1 15:25 usr/lib/libbrotlidec.so.1.1.0
lrwxrwxrwx  0 root   root        0 Feb  1 15:25 usr/lib/libbrotlidec.so.1 -> libbrotlidec.so.1.1.0
lrwxrwxrwx  0 root   root        0 Feb  1 15:25 usr/lib/libbrotlidec.so -> libbrotlidec.so.1
-rwxr-xr-x  0 root   root   141392 Feb  1 15:25 usr/lib/libbrotlicommon.so.1.1.0
lrwxrwxrwx  0 root   root        0 Feb  1 15:25 usr/lib/libbrotlicommon.so.1 -> libbrotlicommon.so.1.1.0
lrwxrwxrwx  0 root   root        0 Feb  1 15:25 usr/lib/libbrotlicommon.so -> libbrotlicommon.so.1
drwxr-xr-x  0 root   root        0 Feb  1 15:25 usr/lib/pkgconfig/
-rw-r--r--  0 root   root      258 Feb  1 15:25 usr/lib/pkgconfig/libbrotlicommon.pc
-rw-r--r--  0 root   root      285 Feb  1 15:25 usr/lib/pkgconfig/libbrotlidec.pc
-rw-r--r--  0 root   root      285 Feb  1 15:25 usr/lib/pkgconfig/libbrotlienc.pc
-rwxr-xr-x  0 root   root    31136 Feb  1 15:25 usr/bin/brotli
=======> Building '/home/devel/packages/brotli#1.1.0-1.x86_64.pkg.tar.zst' succeeded.
prt-get: Using PKGMK_PACKAGE_DIR: /home/devel/packages
prt-get: reinstalling brotli 1.1.0-1
prt-get: /usr/bin/pkgadd -u brotli#1.1.0-1.x86_64.pkg.tar.zst
prt-get: build done Thu Feb  1 15:25:48 2024

