prt-get: updating /usr/ports/opt-x86_64/btop
prt-get: starting build Tue May  7 20:33:07 2024
=======> Building '/home/devel/packages/btop#1.2.13-1.x86_64.pkg.tar.zst'.
bsdtar -p -o -C /home/devel/building/work/src -xf /home/devel/sources/btop-1.2.13.tar.gz
+ build
+ cd btop-1.2.13
+ ADDFLAGS='-fno-ipa-cp -Wno-dangling-reference'
+ make all
 
 [38;5;196mâ–ˆâ–ˆâ–ˆâ–ˆâ–ˆâ–ˆ[38;5;240mâ•— [38;5;196mâ–ˆâ–ˆâ–ˆâ–ˆâ–ˆâ–ˆâ–ˆâ–ˆ[38;5;240mâ•— [38;5;196mâ–ˆâ–ˆâ–ˆâ–ˆâ–ˆâ–ˆ[38;5;240mâ•— [38;5;196mâ–ˆâ–ˆâ–ˆâ–ˆâ–ˆâ–ˆ[38;5;240mâ•—
 [38;5;160mâ–ˆâ–ˆ[38;5;239mâ•”â•â•[38;5;160mâ–ˆâ–ˆ[38;5;239mâ•—â•šâ•â•[38;5;160mâ–ˆâ–ˆ[38;5;239mâ•”â•â•â•[38;5;160mâ–ˆâ–ˆ[38;5;239mâ•”â•â•â•[38;5;160mâ–ˆâ–ˆ[38;5;239mâ•—[38;5;160mâ–ˆâ–ˆ[38;5;239mâ•”â•â•[38;5;160mâ–ˆâ–ˆ[38;5;239mâ•—   [38;5;160mâ–ˆâ–ˆ[38;5;239mâ•—    [38;5;160mâ–ˆâ–ˆ[38;5;239mâ•—
 [38;5;124mâ–ˆâ–ˆâ–ˆâ–ˆâ–ˆâ–ˆ[38;5;238mâ•”â•   [38;5;124mâ–ˆâ–ˆ[38;5;238mâ•‘   [38;5;124mâ–ˆâ–ˆ[38;5;238mâ•‘   [38;5;124mâ–ˆâ–ˆ[38;5;238mâ•‘[38;5;124mâ–ˆâ–ˆâ–ˆâ–ˆâ–ˆâ–ˆ[38;5;238mâ•”â• [38;5;124mâ–ˆâ–ˆâ–ˆâ–ˆâ–ˆâ–ˆ[38;5;238mâ•—[38;5;124mâ–ˆâ–ˆâ–ˆâ–ˆâ–ˆâ–ˆ[38;5;238mâ•—
 [38;5;88mâ–ˆâ–ˆ[38;5;237mâ•”â•â•[38;5;88mâ–ˆâ–ˆ[38;5;237mâ•—   [38;5;88mâ–ˆâ–ˆ[38;5;237mâ•‘   [38;5;88mâ–ˆâ–ˆ[38;5;237mâ•‘   [38;5;88mâ–ˆâ–ˆ[38;5;237mâ•‘[38;5;88mâ–ˆâ–ˆ[38;5;237mâ•”â•â•â•â•  â•šâ•[38;5;88mâ–ˆâ–ˆ[38;5;237mâ•”â•â•â•šâ•[38;5;88mâ–ˆâ–ˆ[38;5;237mâ•”â•â•
 [38;5;52mâ–ˆâ–ˆâ–ˆâ–ˆâ–ˆâ–ˆ[38;5;236mâ•”â•   [38;5;52mâ–ˆâ–ˆ[38;5;236mâ•‘   â•š[38;5;52mâ–ˆâ–ˆâ–ˆâ–ˆâ–ˆâ–ˆ[38;5;236mâ•”â•[38;5;52mâ–ˆâ–ˆ[38;5;236mâ•‘        â•šâ•â•    â•šâ•â•
 [38;5;235mâ•šâ•â•â•â•â•â•    â•šâ•â•    â•šâ•â•â•â•â•â• â•šâ•â•      [1;3;38;5;240mMakefile v1.5[0m
[1;92mPLATFORM   [1;93m?| [0mLinux
[1;96mARCH       [1;93m?| [0mx86_64
[1;93mCXX        [1;93m?| [0mg++ [1;93m([97m14.1.0[93m)
[1;94mTHREADS    [1;94m:| [0m8
[1;92mREQFLAGS   [1;91m!| [0m-std=c++20
[1;91mWARNFLAGS  [1;94m:| [0m-Wall -Wextra -pedantic
[1;94mOPTFLAGS   [1;94m:| [0m-O2 -ftree-loop-vectorize -flto=8
[1;93mLDCXXFLAGS [1;94m:| [0m-pthread -D_FORTIFY_SOURCE=2 -D_GLIBCXX_ASSERTIONS -fexceptions -fstack-clash-protection -fcf-protection -fstack-protector -fno-ipa-cp -Wno-dangling-reference
[1;95mCXXFLAGS   [1;92m+| [0;37m$([92mREQFLAGS[37m) $([93mLDCXXFLAGS[37m) $([94mOPTFLAGS[37m) $([91mWARNFLAGS[37m) -O2 -m64 -march=x86-64 -mtune=generic -flto=auto -ffat-lto-objects
[1;95mLDFLAGS    [1;92m+| [0;37m$([93mLDCXXFLAGS[37m) $([94mOPTFLAGS[37m) $([91mWARNFLAGS[37m) 

[1;92mBuilding btop++ [91m([97mv1.2.13[91m) [93mLinux [96mx86_64[0m
[1;97mCompiling src/btop.cpp[0m
[1;97mCompiling src/btop_config.cpp[0m
[1;97mCompiling src/btop_draw.cpp[0m
[1;97mCompiling src/btop_menu.cpp[0m
[1;97mCompiling src/btop_input.cpp[0m
[1;97mCompiling src/btop_shared.cpp[0m
[1;97mCompiling src/btop_theme.cpp[0m
[1;97mCompiling src/btop_tools.cpp[0m
[1;92m10%[10D[5C-> [1;37mobj/btop_input.o [100D[38C[1;93m([1;97m1.8MiB[1;93m) [92m([97m06s[92m)[0m
[1;92m20%[10D[5C-> [1;37mobj/btop_tools.o [100D[38C[1;93m([1;97m1.8MiB[1;93m) [92m([97m05s[92m)[0m
[1;92m30%[10D[5C-> [1;37mobj/btop_theme.o [100D[38C[1;93m([1;97m1.8MiB[1;93m) [92m([97m06s[92m)[0m
[1;97mCompiling src/linux/btop_collect.cpp[0m
[1;92m40%[10D[5C-> [1;37mobj/btop_config.o [100D[38C[1;93m([1;97m1.8MiB[1;93m) [92m([97m06s[92m)[0m
[1;92m50%[10D[5C-> [1;37mobj/btop.o [100D[38C[1;93m([1;97m2.3MiB[1;93m) [92m([97m07s[92m)[0m
[1;92m60%[10D[5C-> [1;37mobj/btop_shared.o [100D[38C[1;93m([1;97m2.2MiB[1;93m) [92m([97m07s[92m)[0m
[1;92m70%[10D[5C-> [1;37mobj/btop_menu.o [100D[38C[1;93m([1;97m2.6MiB[1;93m) [92m([97m08s[92m)[0m
[1;92m80%[10D[5C-> [1;37mobj/btop_draw.o [100D[38C[1;93m([1;97m3.1MiB[1;93m) [92m([97m11s[92m)[0m
[1;92m90%[10D[5C-> [1;37mobj/linux/btop_collect.o [100D[38C[1;93m([1;97m3.9MiB[1;93m) [92m([97m10s[92m)[0m

[1;92mLinking and optimizing binary[37m...[0m
[1;92m100% -> [1;37mbin/btop [100D[38C[1;93m([1;97m1.5MiB[1;93m) [92m([97m03s[92m)[0m

[1;92mBuild complete in [92m([97m19s[92m)[0m
+ make DESTDIR=/home/devel/building/work/pkg PREFIX=/usr install
[1;92mInstalling binary to: [1;97m/home/devel/building/work/pkg/usr/bin/btop
[1;92mInstalling doc to: [1;97m/home/devel/building/work/pkg/usr/share/btop
[1;92mInstalling themes to: [1;97m/home/devel/building/work/pkg/usr/share/btop/themes[0m
[1;92mInstalling desktop entry to: [1;97m/home/devel/building/work/pkg/usr/share/applications/btop.desktop
[1;92mInstalling PNG icon to: [1;97m/home/devel/building/work/pkg/usr/share/icons/hicolor/48x48/apps/btop.png
[1;92mInstalling SVG icon to: [1;97m/home/devel/building/work/pkg/usr/share/icons/hicolor/scalable/apps/btop.svg
+ rm /home/devel/building/work/pkg/usr/share/btop/README.md
+ find /home/devel/building/work/pkg/usr/share -type f -name '*.desktop' -exec sed -r -e '/\[.+\]=/d' -e /#/d -i '{}' ';'
=======> Build result:
drwxr-xr-x  0 root   root        0 May  7 20:33 usr/
drwxr-xr-x  0 root   root        0 May  7 20:33 usr/bin/
drwxr-xr-x  0 root   root        0 May  7 20:33 usr/share/
drwxr-xr-x  0 root   root        0 May  7 20:33 usr/share/btop/
drwxr-xr-x  0 root   root        0 May  7 20:33 usr/share/applications/
drwxr-xr-x  0 root   root        0 May  7 20:33 usr/share/icons/
drwxr-xr-x  0 root   root        0 May  7 20:33 usr/share/icons/hicolor/
drwxr-xr-x  0 root   root        0 May  7 20:33 usr/share/icons/hicolor/48x48/
drwxr-xr-x  0 root   root        0 May  7 20:33 usr/share/icons/hicolor/scalable/
drwxr-xr-x  0 root   root        0 May  7 20:33 usr/share/icons/hicolor/scalable/apps/
-rw-rw-r--  0 root   root     2893 Nov  6  2022 usr/share/icons/hicolor/scalable/apps/btop.svg
drwxr-xr-x  0 root   root        0 May  7 20:33 usr/share/icons/hicolor/48x48/apps/
-rw-rw-r--  0 root   root     1060 Nov  6  2022 usr/share/icons/hicolor/48x48/apps/btop.png
-rw-rw-r--  0 root   root      290 May  7 20:33 usr/share/applications/btop.desktop
drwxrwxr-x  0 root   root        0 Nov  6  2022 usr/share/btop/themes/
-rw-rw-r--  0 root   root     2367 Nov  6  2022 usr/share/btop/themes/HotPurpleTrafficLight.theme
-rw-rw-r--  0 root   root     2215 Nov  6  2022 usr/share/btop/themes/adapta.theme
-rw-rw-r--  0 root   root     2150 Nov  6  2022 usr/share/btop/themes/ayu.theme
-rw-rw-r--  0 root   root     2150 Nov  6  2022 usr/share/btop/themes/dracula.theme
-rw-rw-r--  0 root   root     2403 Nov  6  2022 usr/share/btop/themes/dusklight.theme
-rw-rw-r--  0 root   root     1792 Nov  6  2022 usr/share/btop/themes/elementarish.theme
-rw-rw-r--  0 root   root     2319 Nov  6  2022 usr/share/btop/themes/everforest-dark-hard.theme
-rw-rw-r--  0 root   root     2279 Nov  6  2022 usr/share/btop/themes/flat-remix-light.theme
-rw-rw-r--  0 root   root     2268 Nov  6  2022 usr/share/btop/themes/flat-remix.theme
-rw-rw-r--  0 root   root     2078 Nov  6  2022 usr/share/btop/themes/greyscale.theme
-rw-rw-r--  0 root   root     2341 Nov  6  2022 usr/share/btop/themes/gruvbox_dark.theme
-rw-rw-r--  0 root   root     2617 Nov  6  2022 usr/share/btop/themes/gruvbox_dark_v2.theme
-rw-rw-r--  0 root   root     2312 Nov  6  2022 usr/share/btop/themes/gruvbox_material_dark.theme
-rw-rw-r--  0 root   root     2207 Nov  6  2022 usr/share/btop/themes/kyli0x.theme
-rw-rw-r--  0 root   root     2378 Nov  6  2022 usr/share/btop/themes/matcha-dark-sea.theme
-rw-rw-r--  0 root   root     2375 Nov  6  2022 usr/share/btop/themes/monokai.theme
-rw-rw-r--  0 root   root     2317 Nov  6  2022 usr/share/btop/themes/night-owl.theme
-rw-rw-r--  0 root   root     2311 Nov  6  2022 usr/share/btop/themes/nord.theme
-rw-rw-r--  0 root   root     1756 Nov  6  2022 usr/share/btop/themes/onedark.theme
-rw-rw-r--  0 root   root     1846 Nov  6  2022 usr/share/btop/themes/paper.theme
-rw-rw-r--  0 root   root     2190 Nov  6  2022 usr/share/btop/themes/solarized_dark.theme
-rw-rw-r--  0 root   root     2208 Nov  6  2022 usr/share/btop/themes/solarized_light.theme
-rw-rw-r--  0 root   root     1763 Nov  6  2022 usr/share/btop/themes/tokyo-night.theme
-rw-rw-r--  0 root   root     1763 Nov  6  2022 usr/share/btop/themes/tokyo-storm.theme
-rw-rw-r--  0 root   root     2289 Nov  6  2022 usr/share/btop/themes/tomorrow-night.theme
-rw-rw-r--  0 root   root     2227 Nov  6  2022 usr/share/btop/themes/whiteout.theme
-rwxr-xr-x  0 root   root  1238952 May  7 20:33 usr/bin/btop
=======> Building '/home/devel/packages/btop#1.2.13-1.x86_64.pkg.tar.zst' succeeded.
prt-get: Using PKGMK_PACKAGE_DIR: /home/devel/packages
prt-get: reinstalling btop 1.2.13-1
prt-get: /usr/bin/pkgadd -u btop#1.2.13-1.x86_64.pkg.tar.zst
prt-get: build done Tue May  7 20:33:27 2024

