prt-get: updating /usr/ports/opt-x86_64/cbindgen
prt-get: starting build Thu Feb  1 15:26:50 2024
=======> Building '/home/devel/packages/cbindgen#0.26.0-1.x86_64.pkg.tar.zst'.
bsdtar -p -o -C /home/devel/building/work/src -xf /home/devel/sources/cbindgen-v0.26.0.tar.gz
+ build
+ cd cbindgen-0.26.0
+ mkdir /home/devel/sources/rust
+ export CARGO_HOME=/home/devel/sources/rust
+ CARGO_HOME=/home/devel/sources/rust
+ cargo fetch --verbose --locked --target x86_64-unknown-linux-gnu
    Updating crates.io index
 Downloading crates ...
  Downloaded heck v0.4.1
  Downloaded scopeguard v1.1.0
  Downloaded serde_derive v1.0.163
  Downloaded quote v1.0.27
  Downloaded lock_api v0.4.9
  Downloaded instant v0.1.12
  Downloaded parking_lot v0.11.2
  Downloaded tempfile v3.3.0
  Downloaded itoa v1.0.6
  Downloaded serde v1.0.163
  Downloaded termcolor v1.2.0
  Downloaded remove_dir_all v0.5.3
  Downloaded log v0.4.17
  Downloaded unicode-ident v1.0.8
  Downloaded smallvec v1.10.0
  Downloaded lazy_static v1.4.0
  Downloaded serde_json v1.0.96
  Downloaded serial_test v0.5.1
  Downloaded parking_lot_core v0.8.6
  Downloaded os_str_bytes v6.5.0
  Downloaded ryu v1.0.13
  Downloaded syn v2.0.16
  Downloaded proc-macro2 v1.0.66
  Downloaded toml v0.5.11
  Downloaded libc v0.2.144
  Downloaded atty v0.2.14
  Downloaded bitflags v1.3.2
  Downloaded clap_lex v0.2.4
  Downloaded strsim v0.10.0
  Downloaded textwrap v0.16.0
  Downloaded syn v1.0.109
  Downloaded cfg-if v1.0.0
  Downloaded fastrand v1.9.0
  Downloaded hashbrown v0.12.3
  Downloaded indexmap v1.9.3
  Downloaded autocfg v1.1.0
  Downloaded serial_test_derive v0.5.1
  Downloaded clap v3.2.25
+ cargo build --verbose --release --frozen --all-targets
   Compiling proc-macro2 v1.0.66
   Compiling quote v1.0.27
   Compiling unicode-ident v1.0.8
   Compiling autocfg v1.1.0
   Compiling libc v0.2.144
   Compiling syn v1.0.109
   Compiling cfg-if v1.0.0
   Compiling serde v1.0.163
     Running `rustc --crate-name build_script_build --edition=2021 /home/devel/sources/rust/registry/src/index.crates.io-6f17d22bba15001f/proc-macro2-1.0.66/build.rs --error-format=json --json=diagnostic-rendered-ansi,artifacts,future-incompat --crate-type bin --emit=dep-info,link -C embed-bitcode=no -C debug-assertions=off --cfg 'feature="default"' --cfg 'feature="proc-macro"' -C metadata=f3f3734fb885b380 -C extra-filename=-f3f3734fb885b380 --out-dir /home/devel/building/work/src/cbindgen-0.26.0/target/release/build/proc-macro2-f3f3734fb885b380 -L dependency=/home/devel/building/work/src/cbindgen-0.26.0/target/release/deps --cap-lints allow`
     Running `rustc --crate-name build_script_build --edition=2018 /home/devel/sources/rust/registry/src/index.crates.io-6f17d22bba15001f/quote-1.0.27/build.rs --error-format=json --json=diagnostic-rendered-ansi,artifacts,future-incompat --crate-type bin --emit=dep-info,link -C embed-bitcode=no -C debug-assertions=off --cfg 'feature="default"' --cfg 'feature="proc-macro"' -C metadata=beafbcebe6a40d57 -C extra-filename=-beafbcebe6a40d57 --out-dir /home/devel/building/work/src/cbindgen-0.26.0/target/release/build/quote-beafbcebe6a40d57 -L dependency=/home/devel/building/work/src/cbindgen-0.26.0/target/release/deps --cap-lints allow`
     Running `rustc --crate-name unicode_ident --edition=2018 /home/devel/sources/rust/registry/src/index.crates.io-6f17d22bba15001f/unicode-ident-1.0.8/src/lib.rs --error-format=json --json=diagnostic-rendered-ansi,artifacts,future-incompat --crate-type lib --emit=dep-info,metadata,link -C embed-bitcode=no -C debug-assertions=off -C metadata=b78929ebad560ed6 -C extra-filename=-b78929ebad560ed6 --out-dir /home/devel/building/work/src/cbindgen-0.26.0/target/release/deps -L dependency=/home/devel/building/work/src/cbindgen-0.26.0/target/release/deps --cap-lints allow`
     Running `rustc --crate-name build_script_build /home/devel/sources/rust/registry/src/index.crates.io-6f17d22bba15001f/libc-0.2.144/build.rs --error-format=json --json=diagnostic-rendered-ansi,artifacts,future-incompat --crate-type bin --emit=dep-info,link -C embed-bitcode=no -C debug-assertions=off --cfg 'feature="default"' --cfg 'feature="std"' -C metadata=b89a42b3f529e2da -C extra-filename=-b89a42b3f529e2da --out-dir /home/devel/building/work/src/cbindgen-0.26.0/target/release/build/libc-b89a42b3f529e2da -L dependency=/home/devel/building/work/src/cbindgen-0.26.0/target/release/deps --cap-lints allow`
     Running `rustc --crate-name build_script_build --edition=2018 /home/devel/sources/rust/registry/src/index.crates.io-6f17d22bba15001f/syn-1.0.109/build.rs --error-format=json --json=diagnostic-rendered-ansi,artifacts,future-incompat --crate-type bin --emit=dep-info,link -C embed-bitcode=no -C debug-assertions=off --cfg 'feature="clone-impls"' --cfg 'feature="default"' --cfg 'feature="derive"' --cfg 'feature="extra-traits"' --cfg 'feature="fold"' --cfg 'feature="full"' --cfg 'feature="parsing"' --cfg 'feature="printing"' --cfg 'feature="proc-macro"' --cfg 'feature="quote"' -C metadata=49e3e70cbafd3af4 -C extra-filename=-49e3e70cbafd3af4 --out-dir /home/devel/building/work/src/cbindgen-0.26.0/target/release/build/syn-49e3e70cbafd3af4 -L dependency=/home/devel/building/work/src/cbindgen-0.26.0/target/release/deps --cap-lints allow`
     Running `rustc --crate-name autocfg /home/devel/sources/rust/registry/src/index.crates.io-6f17d22bba15001f/autocfg-1.1.0/src/lib.rs --error-format=json --json=diagnostic-rendered-ansi,artifacts,future-incompat --crate-type lib --emit=dep-info,metadata,link -C embed-bitcode=no -C debug-assertions=off -C metadata=86585b3a89f788c5 -C extra-filename=-86585b3a89f788c5 --out-dir /home/devel/building/work/src/cbindgen-0.26.0/target/release/deps -L dependency=/home/devel/building/work/src/cbindgen-0.26.0/target/release/deps --cap-lints allow`
     Running `rustc --crate-name cfg_if --edition=2018 /home/devel/sources/rust/registry/src/index.crates.io-6f17d22bba15001f/cfg-if-1.0.0/src/lib.rs --error-format=json --json=diagnostic-rendered-ansi,artifacts,future-incompat --crate-type lib --emit=dep-info,metadata,link -C opt-level=3 -C embed-bitcode=no -C metadata=647a9114518bf77c -C extra-filename=-647a9114518bf77c --out-dir /home/devel/building/work/src/cbindgen-0.26.0/target/release/deps -L dependency=/home/devel/building/work/src/cbindgen-0.26.0/target/release/deps --cap-lints allow`
     Running `rustc --crate-name build_script_build /home/devel/sources/rust/registry/src/index.crates.io-6f17d22bba15001f/serde-1.0.163/build.rs --error-format=json --json=diagnostic-rendered-ansi,artifacts,future-incompat --crate-type bin --emit=dep-info,link -C embed-bitcode=no -C debug-assertions=off --cfg 'feature="default"' --cfg 'feature="derive"' --cfg 'feature="serde_derive"' --cfg 'feature="std"' -C metadata=728078bad336b8e6 -C extra-filename=-728078bad336b8e6 --out-dir /home/devel/building/work/src/cbindgen-0.26.0/target/release/build/serde-728078bad336b8e6 -L dependency=/home/devel/building/work/src/cbindgen-0.26.0/target/release/deps --cap-lints allow`
     Running `rustc --crate-name unicode_ident --edition=2018 /home/devel/sources/rust/registry/src/index.crates.io-6f17d22bba15001f/unicode-ident-1.0.8/src/lib.rs --error-format=json --json=diagnostic-rendered-ansi,artifacts,future-incompat --crate-type lib --emit=dep-info,metadata,link -C opt-level=3 -C embed-bitcode=no -C metadata=780ca9b8cf603870 -C extra-filename=-780ca9b8cf603870 --out-dir /home/devel/building/work/src/cbindgen-0.26.0/target/release/deps -L dependency=/home/devel/building/work/src/cbindgen-0.26.0/target/release/deps --cap-lints allow`
   Compiling log v0.4.17
     Running `rustc --crate-name build_script_build /home/devel/sources/rust/registry/src/index.crates.io-6f17d22bba15001f/log-0.4.17/build.rs --error-format=json --json=diagnostic-rendered-ansi,artifacts,future-incompat --crate-type bin --emit=dep-info,link -C embed-bitcode=no -C debug-assertions=off -C metadata=f767768dbdad9e60 -C extra-filename=-f767768dbdad9e60 --out-dir /home/devel/building/work/src/cbindgen-0.26.0/target/release/build/log-f767768dbdad9e60 -L dependency=/home/devel/building/work/src/cbindgen-0.26.0/target/release/deps --cap-lints allow`
   Compiling serde_json v1.0.96
     Running `rustc --crate-name build_script_build --edition=2018 /home/devel/sources/rust/registry/src/index.crates.io-6f17d22bba15001f/serde_json-1.0.96/build.rs --error-format=json --json=diagnostic-rendered-ansi,artifacts,future-incompat --crate-type bin --emit=dep-info,link -C embed-bitcode=no -C debug-assertions=off --cfg 'feature="default"' --cfg 'feature="std"' -C metadata=c463536a16b90e6f -C extra-filename=-c463536a16b90e6f --out-dir /home/devel/building/work/src/cbindgen-0.26.0/target/release/build/serde_json-c463536a16b90e6f -L dependency=/home/devel/building/work/src/cbindgen-0.26.0/target/release/deps --cap-lints allow`
   Compiling hashbrown v0.12.3
     Running `rustc --crate-name hashbrown --edition=2021 /home/devel/sources/rust/registry/src/index.crates.io-6f17d22bba15001f/hashbrown-0.12.3/src/lib.rs --error-format=json --json=diagnostic-rendered-ansi,artifacts,future-incompat --crate-type lib --emit=dep-info,metadata,link -C opt-level=3 -C embed-bitcode=no --cfg 'feature="raw"' -C metadata=9001accc03bf3f97 -C extra-filename=-9001accc03bf3f97 --out-dir /home/devel/building/work/src/cbindgen-0.26.0/target/release/deps -L dependency=/home/devel/building/work/src/cbindgen-0.26.0/target/release/deps --cap-lints allow`
     Running `/home/devel/building/work/src/cbindgen-0.26.0/target/release/build/quote-beafbcebe6a40d57/build-script-build`
     Running `/home/devel/building/work/src/cbindgen-0.26.0/target/release/build/libc-b89a42b3f529e2da/build-script-build`
     Running `/home/devel/building/work/src/cbindgen-0.26.0/target/release/build/proc-macro2-f3f3734fb885b380/build-script-build`
     Running `/home/devel/building/work/src/cbindgen-0.26.0/target/release/build/serde-728078bad336b8e6/build-script-build`
     Running `/home/devel/building/work/src/cbindgen-0.26.0/target/release/build/proc-macro2-f3f3734fb885b380/build-script-build`
     Running `rustc --crate-name libc /home/devel/sources/rust/registry/src/index.crates.io-6f17d22bba15001f/libc-0.2.144/src/lib.rs --error-format=json --json=diagnostic-rendered-ansi,artifacts,future-incompat --crate-type lib --emit=dep-info,metadata,link -C opt-level=3 -C embed-bitcode=no --cfg 'feature="default"' --cfg 'feature="std"' -C metadata=b06c5bfffc85e95a -C extra-filename=-b06c5bfffc85e95a --out-dir /home/devel/building/work/src/cbindgen-0.26.0/target/release/deps -L dependency=/home/devel/building/work/src/cbindgen-0.26.0/target/release/deps --cap-lints allow --cfg freebsd11 --cfg libc_priv_mod_use --cfg libc_union --cfg libc_const_size_of --cfg libc_align --cfg libc_int128 --cfg libc_core_cvoid --cfg libc_packedN --cfg libc_cfg_target_vendor --cfg libc_non_exhaustive --cfg libc_long_array --cfg libc_ptr_addr_of --cfg libc_underscore_const_names --cfg libc_const_extern_fn`
     Running `/home/devel/building/work/src/cbindgen-0.26.0/target/release/build/quote-beafbcebe6a40d57/build-script-build`
     Running `rustc --crate-name proc_macro2 --edition=2021 /home/devel/sources/rust/registry/src/index.crates.io-6f17d22bba15001f/proc-macro2-1.0.66/src/lib.rs --error-format=json --json=diagnostic-rendered-ansi,artifacts,future-incompat --crate-type lib --emit=dep-info,metadata,link -C embed-bitcode=no -C debug-assertions=off --cfg 'feature="default"' --cfg 'feature="proc-macro"' -C metadata=e88df93afdd958e2 -C extra-filename=-e88df93afdd958e2 --out-dir /home/devel/building/work/src/cbindgen-0.26.0/target/release/deps -L dependency=/home/devel/building/work/src/cbindgen-0.26.0/target/release/deps --extern unicode_ident=/home/devel/building/work/src/cbindgen-0.26.0/target/release/deps/libunicode_ident-b78929ebad560ed6.rmeta --cap-lints allow --cfg wrap_proc_macro`
     Running `rustc --crate-name proc_macro2 --edition=2021 /home/devel/sources/rust/registry/src/index.crates.io-6f17d22bba15001f/proc-macro2-1.0.66/src/lib.rs --error-format=json --json=diagnostic-rendered-ansi,artifacts,future-incompat --crate-type lib --emit=dep-info,metadata,link -C opt-level=3 -C embed-bitcode=no --cfg 'feature="default"' --cfg 'feature="proc-macro"' -C metadata=22b85c5ebebdeb41 -C extra-filename=-22b85c5ebebdeb41 --out-dir /home/devel/building/work/src/cbindgen-0.26.0/target/release/deps -L dependency=/home/devel/building/work/src/cbindgen-0.26.0/target/release/deps --extern unicode_ident=/home/devel/building/work/src/cbindgen-0.26.0/target/release/deps/libunicode_ident-780ca9b8cf603870.rmeta --cap-lints allow --cfg wrap_proc_macro`
   Compiling indexmap v1.9.3
     Running `rustc --crate-name build_script_build --edition=2021 /home/devel/sources/rust/registry/src/index.crates.io-6f17d22bba15001f/indexmap-1.9.3/build.rs --error-format=json --json=diagnostic-rendered-ansi,artifacts,future-incompat --crate-type bin --emit=dep-info,link -C embed-bitcode=no -C debug-assertions=off --cfg 'feature="std"' -C metadata=3d4c718b5f2a05cf -C extra-filename=-3d4c718b5f2a05cf --out-dir /home/devel/building/work/src/cbindgen-0.26.0/target/release/build/indexmap-3d4c718b5f2a05cf -L dependency=/home/devel/building/work/src/cbindgen-0.26.0/target/release/deps --extern autocfg=/home/devel/building/work/src/cbindgen-0.26.0/target/release/deps/libautocfg-86585b3a89f788c5.rlib --cap-lints allow`
   Compiling lock_api v0.4.9
     Running `rustc --crate-name build_script_build --edition=2018 /home/devel/sources/rust/registry/src/index.crates.io-6f17d22bba15001f/lock_api-0.4.9/build.rs --error-format=json --json=diagnostic-rendered-ansi,artifacts,future-incompat --crate-type bin --emit=dep-info,link -C embed-bitcode=no -C debug-assertions=off -C metadata=fd34704e8fa742aa -C extra-filename=-fd34704e8fa742aa --out-dir /home/devel/building/work/src/cbindgen-0.26.0/target/release/build/lock_api-fd34704e8fa742aa -L dependency=/home/devel/building/work/src/cbindgen-0.26.0/target/release/deps --extern autocfg=/home/devel/building/work/src/cbindgen-0.26.0/target/release/deps/libautocfg-86585b3a89f788c5.rlib --cap-lints allow`
   Compiling os_str_bytes v6.5.0
     Running `rustc --crate-name os_str_bytes --edition=2021 /home/devel/sources/rust/registry/src/index.crates.io-6f17d22bba15001f/os_str_bytes-6.5.0/src/lib.rs --error-format=json --json=diagnostic-rendered-ansi,artifacts,future-incompat --crate-type lib --emit=dep-info,metadata,link -C opt-level=3 -C embed-bitcode=no --cfg 'feature="raw_os_str"' -C metadata=406f0a3e9270976f -C extra-filename=-406f0a3e9270976f --out-dir /home/devel/building/work/src/cbindgen-0.26.0/target/release/deps -L dependency=/home/devel/building/work/src/cbindgen-0.26.0/target/release/deps --cap-lints allow`
   Compiling parking_lot_core v0.8.6
     Running `rustc --crate-name build_script_build --edition=2018 /home/devel/sources/rust/registry/src/index.crates.io-6f17d22bba15001f/parking_lot_core-0.8.6/build.rs --error-format=json --json=diagnostic-rendered-ansi,artifacts,future-incompat --crate-type bin --emit=dep-info,link -C embed-bitcode=no -C debug-assertions=off -C metadata=47daab01c96dbf2d -C extra-filename=-47daab01c96dbf2d --out-dir /home/devel/building/work/src/cbindgen-0.26.0/target/release/build/parking_lot_core-47daab01c96dbf2d -L dependency=/home/devel/building/work/src/cbindgen-0.26.0/target/release/deps --cap-lints allow`
     Running `/home/devel/building/work/src/cbindgen-0.26.0/target/release/build/indexmap-3d4c718b5f2a05cf/build-script-build`
     Running `/home/devel/building/work/src/cbindgen-0.26.0/target/release/build/serde_json-c463536a16b90e6f/build-script-build`
     Running `/home/devel/building/work/src/cbindgen-0.26.0/target/release/build/lock_api-fd34704e8fa742aa/build-script-build`
   Compiling clap_lex v0.2.4
     Running `rustc --crate-name clap_lex --edition=2021 /home/devel/sources/rust/registry/src/index.crates.io-6f17d22bba15001f/clap_lex-0.2.4/src/lib.rs --error-format=json --json=diagnostic-rendered-ansi,artifacts,future-incompat --crate-type lib --emit=dep-info,metadata,link -C opt-level=3 -C embed-bitcode=no -C metadata=b014c1885768964b -C extra-filename=-b014c1885768964b --out-dir /home/devel/building/work/src/cbindgen-0.26.0/target/release/deps -L dependency=/home/devel/building/work/src/cbindgen-0.26.0/target/release/deps --extern os_str_bytes=/home/devel/building/work/src/cbindgen-0.26.0/target/release/deps/libos_str_bytes-406f0a3e9270976f.rmeta --cap-lints allow`
     Running `/home/devel/building/work/src/cbindgen-0.26.0/target/release/build/syn-49e3e70cbafd3af4/build-script-build`
     Running `/home/devel/building/work/src/cbindgen-0.26.0/target/release/build/parking_lot_core-47daab01c96dbf2d/build-script-build`
     Running `/home/devel/building/work/src/cbindgen-0.26.0/target/release/build/syn-49e3e70cbafd3af4/build-script-build`
     Running `/home/devel/building/work/src/cbindgen-0.26.0/target/release/build/log-f767768dbdad9e60/build-script-build`
   Compiling instant v0.1.12
   Compiling termcolor v1.2.0
     Running `rustc --crate-name instant --edition=2018 /home/devel/sources/rust/registry/src/index.crates.io-6f17d22bba15001f/instant-0.1.12/src/lib.rs --error-format=json --json=diagnostic-rendered-ansi,artifacts,future-incompat --crate-type lib --emit=dep-info,metadata,link -C opt-level=3 -C embed-bitcode=no -C metadata=a568698cc7c50e59 -C extra-filename=-a568698cc7c50e59 --out-dir /home/devel/building/work/src/cbindgen-0.26.0/target/release/deps -L dependency=/home/devel/building/work/src/cbindgen-0.26.0/target/release/deps --extern cfg_if=/home/devel/building/work/src/cbindgen-0.26.0/target/release/deps/libcfg_if-647a9114518bf77c.rmeta --cap-lints allow`
     Running `rustc --crate-name termcolor --edition=2018 /home/devel/sources/rust/registry/src/index.crates.io-6f17d22bba15001f/termcolor-1.2.0/src/lib.rs --error-format=json --json=diagnostic-rendered-ansi,artifacts,future-incompat --crate-type lib --emit=dep-info,metadata,link -C opt-level=3 -C embed-bitcode=no -C metadata=8abc972573212a20 -C extra-filename=-8abc972573212a20 --out-dir /home/devel/building/work/src/cbindgen-0.26.0/target/release/deps -L dependency=/home/devel/building/work/src/cbindgen-0.26.0/target/release/deps --cap-lints allow`
   Compiling itoa v1.0.6
     Running `rustc --crate-name itoa --edition=2018 /home/devel/sources/rust/registry/src/index.crates.io-6f17d22bba15001f/itoa-1.0.6/src/lib.rs --error-format=json --json=diagnostic-rendered-ansi,artifacts,future-incompat --crate-type lib --emit=dep-info,metadata,link -C opt-level=3 -C embed-bitcode=no -C metadata=2853136761242e32 -C extra-filename=-2853136761242e32 --out-dir /home/devel/building/work/src/cbindgen-0.26.0/target/release/deps -L dependency=/home/devel/building/work/src/cbindgen-0.26.0/target/release/deps --cap-lints allow`
   Compiling scopeguard v1.1.0
     Running `rustc --crate-name scopeguard /home/devel/sources/rust/registry/src/index.crates.io-6f17d22bba15001f/scopeguard-1.1.0/src/lib.rs --error-format=json --json=diagnostic-rendered-ansi,artifacts,future-incompat --crate-type lib --emit=dep-info,metadata,link -C opt-level=3 -C embed-bitcode=no -C metadata=2ae0573bda0a0158 -C extra-filename=-2ae0573bda0a0158 --out-dir /home/devel/building/work/src/cbindgen-0.26.0/target/release/deps -L dependency=/home/devel/building/work/src/cbindgen-0.26.0/target/release/deps --cap-lints allow`
     Running `rustc --crate-name quote --edition=2018 /home/devel/sources/rust/registry/src/index.crates.io-6f17d22bba15001f/quote-1.0.27/src/lib.rs --error-format=json --json=diagnostic-rendered-ansi,artifacts,future-incompat --crate-type lib --emit=dep-info,metadata,link -C embed-bitcode=no -C debug-assertions=off --cfg 'feature="default"' --cfg 'feature="proc-macro"' -C metadata=19e4bf177891b8d8 -C extra-filename=-19e4bf177891b8d8 --out-dir /home/devel/building/work/src/cbindgen-0.26.0/target/release/deps -L dependency=/home/devel/building/work/src/cbindgen-0.26.0/target/release/deps --extern proc_macro2=/home/devel/building/work/src/cbindgen-0.26.0/target/release/deps/libproc_macro2-e88df93afdd958e2.rmeta --cap-lints allow`
     Running `rustc --crate-name quote --edition=2018 /home/devel/sources/rust/registry/src/index.crates.io-6f17d22bba15001f/quote-1.0.27/src/lib.rs --error-format=json --json=diagnostic-rendered-ansi,artifacts,future-incompat --crate-type lib --emit=dep-info,metadata,link -C opt-level=3 -C embed-bitcode=no --cfg 'feature="default"' --cfg 'feature="proc-macro"' -C metadata=3e77d74a3678da78 -C extra-filename=-3e77d74a3678da78 --out-dir /home/devel/building/work/src/cbindgen-0.26.0/target/release/deps -L dependency=/home/devel/building/work/src/cbindgen-0.26.0/target/release/deps --extern proc_macro2=/home/devel/building/work/src/cbindgen-0.26.0/target/release/deps/libproc_macro2-22b85c5ebebdeb41.rmeta --cap-lints allow`
   Compiling syn v2.0.16
     Running `rustc --crate-name syn --edition=2021 /home/devel/sources/rust/registry/src/index.crates.io-6f17d22bba15001f/syn-2.0.16/src/lib.rs --error-format=json --json=diagnostic-rendered-ansi,artifacts,future-incompat --crate-type lib --emit=dep-info,metadata,link -C embed-bitcode=no -C debug-assertions=off --cfg 'feature="clone-impls"' --cfg 'feature="default"' --cfg 'feature="derive"' --cfg 'feature="parsing"' --cfg 'feature="printing"' --cfg 'feature="proc-macro"' --cfg 'feature="quote"' -C metadata=619d7df5946c0506 -C extra-filename=-619d7df5946c0506 --out-dir /home/devel/building/work/src/cbindgen-0.26.0/target/release/deps -L dependency=/home/devel/building/work/src/cbindgen-0.26.0/target/release/deps --extern proc_macro2=/home/devel/building/work/src/cbindgen-0.26.0/target/release/deps/libproc_macro2-e88df93afdd958e2.rmeta --extern quote=/home/devel/building/work/src/cbindgen-0.26.0/target/release/deps/libquote-19e4bf177891b8d8.rmeta --extern unicode_ident=/home/devel/building/work/src/cbindgen-0.26.0/target/release/deps/libunicode_ident-b78929ebad560ed6.rmeta --cap-lints allow`
     Running `rustc --crate-name indexmap --edition=2021 /home/devel/sources/rust/registry/src/index.crates.io-6f17d22bba15001f/indexmap-1.9.3/src/lib.rs --error-format=json --json=diagnostic-rendered-ansi,artifacts,future-incompat --crate-type lib --emit=dep-info,metadata,link -C opt-level=3 -C embed-bitcode=no --cfg 'feature="std"' -C metadata=29c7a1020e69e297 -C extra-filename=-29c7a1020e69e297 --out-dir /home/devel/building/work/src/cbindgen-0.26.0/target/release/deps -L dependency=/home/devel/building/work/src/cbindgen-0.26.0/target/release/deps --extern hashbrown=/home/devel/building/work/src/cbindgen-0.26.0/target/release/deps/libhashbrown-9001accc03bf3f97.rmeta --cap-lints allow --cfg has_std`
   Compiling atty v0.2.14
     Running `rustc --crate-name atty /home/devel/sources/rust/registry/src/index.crates.io-6f17d22bba15001f/atty-0.2.14/src/lib.rs --error-format=json --json=diagnostic-rendered-ansi,artifacts,future-incompat --crate-type lib --emit=dep-info,metadata,link -C opt-level=3 -C embed-bitcode=no -C metadata=9ddf826daa82cca8 -C extra-filename=-9ddf826daa82cca8 --out-dir /home/devel/building/work/src/cbindgen-0.26.0/target/release/deps -L dependency=/home/devel/building/work/src/cbindgen-0.26.0/target/release/deps --extern libc=/home/devel/building/work/src/cbindgen-0.26.0/target/release/deps/liblibc-b06c5bfffc85e95a.rmeta --cap-lints allow`
   Compiling ryu v1.0.13
     Running `rustc --crate-name ryu --edition=2018 /home/devel/sources/rust/registry/src/index.crates.io-6f17d22bba15001f/ryu-1.0.13/src/lib.rs --error-format=json --json=diagnostic-rendered-ansi,artifacts,future-incompat --crate-type lib --emit=dep-info,metadata,link -C opt-level=3 -C embed-bitcode=no -C metadata=cb813aab0eb25d91 -C extra-filename=-cb813aab0eb25d91 --out-dir /home/devel/building/work/src/cbindgen-0.26.0/target/release/deps -L dependency=/home/devel/building/work/src/cbindgen-0.26.0/target/release/deps --cap-lints allow`
   Compiling smallvec v1.10.0
     Running `rustc --crate-name smallvec --edition=2018 /home/devel/sources/rust/registry/src/index.crates.io-6f17d22bba15001f/smallvec-1.10.0/src/lib.rs --error-format=json --json=diagnostic-rendered-ansi,artifacts,future-incompat --crate-type lib --emit=dep-info,metadata,link -C opt-level=3 -C embed-bitcode=no -C metadata=ec709a2abcd24dff -C extra-filename=-ec709a2abcd24dff --out-dir /home/devel/building/work/src/cbindgen-0.26.0/target/release/deps -L dependency=/home/devel/building/work/src/cbindgen-0.26.0/target/release/deps --cap-lints allow`
   Compiling fastrand v1.9.0
     Running `rustc --crate-name fastrand --edition=2018 /home/devel/sources/rust/registry/src/index.crates.io-6f17d22bba15001f/fastrand-1.9.0/src/lib.rs --error-format=json --json=diagnostic-rendered-ansi,artifacts,future-incompat --crate-type lib --emit=dep-info,metadata,link -C opt-level=3 -C embed-bitcode=no -C metadata=ad841b4c299ffafe -C extra-filename=-ad841b4c299ffafe --out-dir /home/devel/building/work/src/cbindgen-0.26.0/target/release/deps -L dependency=/home/devel/building/work/src/cbindgen-0.26.0/target/release/deps --cap-lints allow`
   Compiling remove_dir_all v0.5.3
     Running `rustc --crate-name remove_dir_all /home/devel/sources/rust/registry/src/index.crates.io-6f17d22bba15001f/remove_dir_all-0.5.3/src/lib.rs --error-format=json --json=diagnostic-rendered-ansi,artifacts,future-incompat --crate-type lib --emit=dep-info,metadata,link -C opt-level=3 -C embed-bitcode=no -C metadata=01a992f3b8e5aaad -C extra-filename=-01a992f3b8e5aaad --out-dir /home/devel/building/work/src/cbindgen-0.26.0/target/release/deps -L dependency=/home/devel/building/work/src/cbindgen-0.26.0/target/release/deps --cap-lints allow`
   Compiling textwrap v0.16.0
     Running `rustc --crate-name textwrap --edition=2021 /home/devel/sources/rust/registry/src/index.crates.io-6f17d22bba15001f/textwrap-0.16.0/src/lib.rs --error-format=json --json=diagnostic-rendered-ansi,artifacts,future-incompat --crate-type lib --emit=dep-info,metadata,link -C opt-level=3 -C embed-bitcode=no -C metadata=f6a644ed3c77cfb1 -C extra-filename=-f6a644ed3c77cfb1 --out-dir /home/devel/building/work/src/cbindgen-0.26.0/target/release/deps -L dependency=/home/devel/building/work/src/cbindgen-0.26.0/target/release/deps --cap-lints allow`
   Compiling bitflags v1.3.2
     Running `rustc --crate-name bitflags --edition=2018 /home/devel/sources/rust/registry/src/index.crates.io-6f17d22bba15001f/bitflags-1.3.2/src/lib.rs --error-format=json --json=diagnostic-rendered-ansi,artifacts,future-incompat --crate-type lib --emit=dep-info,metadata,link -C opt-level=3 -C embed-bitcode=no --cfg 'feature="default"' -C metadata=6c33168e41b777b3 -C extra-filename=-6c33168e41b777b3 --out-dir /home/devel/building/work/src/cbindgen-0.26.0/target/release/deps -L dependency=/home/devel/building/work/src/cbindgen-0.26.0/target/release/deps --cap-lints allow`
   Compiling strsim v0.10.0
     Running `rustc --crate-name strsim /home/devel/sources/rust/registry/src/index.crates.io-6f17d22bba15001f/strsim-0.10.0/src/lib.rs --error-format=json --json=diagnostic-rendered-ansi,artifacts,future-incompat --crate-type lib --emit=dep-info,metadata,link -C opt-level=3 -C embed-bitcode=no -C metadata=3fe0374fdee68569 -C extra-filename=-3fe0374fdee68569 --out-dir /home/devel/building/work/src/cbindgen-0.26.0/target/release/deps -L dependency=/home/devel/building/work/src/cbindgen-0.26.0/target/release/deps --cap-lints allow`
   Compiling cbindgen v0.26.0 (/home/devel/building/work/src/cbindgen-0.26.0)
     Running `rustc --crate-name build_script_build --edition=2018 build.rs --error-format=json --json=diagnostic-rendered-ansi,artifacts,future-incompat --crate-type bin --emit=dep-info,link -C embed-bitcode=no -C debug-assertions=off --cfg 'feature="clap"' --cfg 'feature="default"' -C metadata=bc8ba53b7b1d852b -C extra-filename=-bc8ba53b7b1d852b --out-dir /home/devel/building/work/src/cbindgen-0.26.0/target/release/build/cbindgen-bc8ba53b7b1d852b -L dependency=/home/devel/building/work/src/cbindgen-0.26.0/target/release/deps`
   Compiling tempfile v3.3.0
     Running `rustc --crate-name tempfile --edition=2018 /home/devel/sources/rust/registry/src/index.crates.io-6f17d22bba15001f/tempfile-3.3.0/src/lib.rs --error-format=json --json=diagnostic-rendered-ansi,artifacts,future-incompat --crate-type lib --emit=dep-info,metadata,link -C opt-level=3 -C embed-bitcode=no -C metadata=cc3546a6fa3178b0 -C extra-filename=-cc3546a6fa3178b0 --out-dir /home/devel/building/work/src/cbindgen-0.26.0/target/release/deps -L dependency=/home/devel/building/work/src/cbindgen-0.26.0/target/release/deps --extern cfg_if=/home/devel/building/work/src/cbindgen-0.26.0/target/release/deps/libcfg_if-647a9114518bf77c.rmeta --extern fastrand=/home/devel/building/work/src/cbindgen-0.26.0/target/release/deps/libfastrand-ad841b4c299ffafe.rmeta --extern libc=/home/devel/building/work/src/cbindgen-0.26.0/target/release/deps/liblibc-b06c5bfffc85e95a.rmeta --extern remove_dir_all=/home/devel/building/work/src/cbindgen-0.26.0/target/release/deps/libremove_dir_all-01a992f3b8e5aaad.rmeta --cap-lints allow`
     Running `rustc --crate-name parking_lot_core --edition=2018 /home/devel/sources/rust/registry/src/index.crates.io-6f17d22bba15001f/parking_lot_core-0.8.6/src/lib.rs --error-format=json --json=diagnostic-rendered-ansi,artifacts,future-incompat --crate-type lib --emit=dep-info,metadata,link -C opt-level=3 -C embed-bitcode=no -C metadata=b3db983a84870f9c -C extra-filename=-b3db983a84870f9c --out-dir /home/devel/building/work/src/cbindgen-0.26.0/target/release/deps -L dependency=/home/devel/building/work/src/cbindgen-0.26.0/target/release/deps --extern cfg_if=/home/devel/building/work/src/cbindgen-0.26.0/target/release/deps/libcfg_if-647a9114518bf77c.rmeta --extern instant=/home/devel/building/work/src/cbindgen-0.26.0/target/release/deps/libinstant-a568698cc7c50e59.rmeta --extern libc=/home/devel/building/work/src/cbindgen-0.26.0/target/release/deps/liblibc-b06c5bfffc85e95a.rmeta --extern smallvec=/home/devel/building/work/src/cbindgen-0.26.0/target/release/deps/libsmallvec-ec709a2abcd24dff.rmeta --cap-lints allow`
     Running `/home/devel/building/work/src/cbindgen-0.26.0/target/release/build/cbindgen-bc8ba53b7b1d852b/build-script-build`
   Compiling clap v3.2.25
     Running `rustc --crate-name clap --edition=2021 /home/devel/sources/rust/registry/src/index.crates.io-6f17d22bba15001f/clap-3.2.25/src/lib.rs --error-format=json --json=diagnostic-rendered-ansi,artifacts,future-incompat --crate-type lib --emit=dep-info,metadata,link -C opt-level=3 -C embed-bitcode=no --cfg 'feature="atty"' --cfg 'feature="color"' --cfg 'feature="default"' --cfg 'feature="std"' --cfg 'feature="strsim"' --cfg 'feature="suggestions"' --cfg 'feature="termcolor"' -C metadata=47fe3472d2216fea -C extra-filename=-47fe3472d2216fea --out-dir /home/devel/building/work/src/cbindgen-0.26.0/target/release/deps -L dependency=/home/devel/building/work/src/cbindgen-0.26.0/target/release/deps --extern atty=/home/devel/building/work/src/cbindgen-0.26.0/target/release/deps/libatty-9ddf826daa82cca8.rmeta --extern bitflags=/home/devel/building/work/src/cbindgen-0.26.0/target/release/deps/libbitflags-6c33168e41b777b3.rmeta --extern clap_lex=/home/devel/building/work/src/cbindgen-0.26.0/target/release/deps/libclap_lex-b014c1885768964b.rmeta --extern indexmap=/home/devel/building/work/src/cbindgen-0.26.0/target/release/deps/libindexmap-29c7a1020e69e297.rmeta --extern strsim=/home/devel/building/work/src/cbindgen-0.26.0/target/release/deps/libstrsim-3fe0374fdee68569.rmeta --extern termcolor=/home/devel/building/work/src/cbindgen-0.26.0/target/release/deps/libtermcolor-8abc972573212a20.rmeta --extern textwrap=/home/devel/building/work/src/cbindgen-0.26.0/target/release/deps/libtextwrap-f6a644ed3c77cfb1.rmeta --cap-lints allow`
     Running `rustc --crate-name syn --edition=2018 /home/devel/sources/rust/registry/src/index.crates.io-6f17d22bba15001f/syn-1.0.109/src/lib.rs --error-format=json --json=diagnostic-rendered-ansi,artifacts,future-incompat --crate-type lib --emit=dep-info,metadata,link -C opt-level=3 -C embed-bitcode=no --cfg 'feature="clone-impls"' --cfg 'feature="default"' --cfg 'feature="derive"' --cfg 'feature="extra-traits"' --cfg 'feature="fold"' --cfg 'feature="full"' --cfg 'feature="parsing"' --cfg 'feature="printing"' --cfg 'feature="proc-macro"' --cfg 'feature="quote"' -C metadata=1bcc4220b4167923 -C extra-filename=-1bcc4220b4167923 --out-dir /home/devel/building/work/src/cbindgen-0.26.0/target/release/deps -L dependency=/home/devel/building/work/src/cbindgen-0.26.0/target/release/deps --extern proc_macro2=/home/devel/building/work/src/cbindgen-0.26.0/target/release/deps/libproc_macro2-22b85c5ebebdeb41.rmeta --extern quote=/home/devel/building/work/src/cbindgen-0.26.0/target/release/deps/libquote-3e77d74a3678da78.rmeta --extern unicode_ident=/home/devel/building/work/src/cbindgen-0.26.0/target/release/deps/libunicode_ident-780ca9b8cf603870.rmeta --cap-lints allow --cfg syn_disable_nightly_tests`
     Running `rustc --crate-name syn --edition=2018 /home/devel/sources/rust/registry/src/index.crates.io-6f17d22bba15001f/syn-1.0.109/src/lib.rs --error-format=json --json=diagnostic-rendered-ansi,artifacts,future-incompat --crate-type lib --emit=dep-info,metadata,link -C embed-bitcode=no -C debug-assertions=off --cfg 'feature="clone-impls"' --cfg 'feature="default"' --cfg 'feature="derive"' --cfg 'feature="extra-traits"' --cfg 'feature="fold"' --cfg 'feature="full"' --cfg 'feature="parsing"' --cfg 'feature="printing"' --cfg 'feature="proc-macro"' --cfg 'feature="quote"' -C metadata=2689da06fe96f103 -C extra-filename=-2689da06fe96f103 --out-dir /home/devel/building/work/src/cbindgen-0.26.0/target/release/deps -L dependency=/home/devel/building/work/src/cbindgen-0.26.0/target/release/deps --extern proc_macro2=/home/devel/building/work/src/cbindgen-0.26.0/target/release/deps/libproc_macro2-e88df93afdd958e2.rmeta --extern quote=/home/devel/building/work/src/cbindgen-0.26.0/target/release/deps/libquote-19e4bf177891b8d8.rmeta --extern unicode_ident=/home/devel/building/work/src/cbindgen-0.26.0/target/release/deps/libunicode_ident-b78929ebad560ed6.rmeta --cap-lints allow --cfg syn_disable_nightly_tests`
     Running `rustc --crate-name lock_api --edition=2018 /home/devel/sources/rust/registry/src/index.crates.io-6f17d22bba15001f/lock_api-0.4.9/src/lib.rs --error-format=json --json=diagnostic-rendered-ansi,artifacts,future-incompat --crate-type lib --emit=dep-info,metadata,link -C opt-level=3 -C embed-bitcode=no -C metadata=7841c975bf782ec2 -C extra-filename=-7841c975bf782ec2 --out-dir /home/devel/building/work/src/cbindgen-0.26.0/target/release/deps -L dependency=/home/devel/building/work/src/cbindgen-0.26.0/target/release/deps --extern scopeguard=/home/devel/building/work/src/cbindgen-0.26.0/target/release/deps/libscopeguard-2ae0573bda0a0158.rmeta --cap-lints allow --cfg has_const_fn_trait_bound`
     Running `rustc --crate-name log /home/devel/sources/rust/registry/src/index.crates.io-6f17d22bba15001f/log-0.4.17/src/lib.rs --error-format=json --json=diagnostic-rendered-ansi,artifacts,future-incompat --crate-type lib --emit=dep-info,metadata,link -C opt-level=3 -C embed-bitcode=no -C metadata=397aa5fbb539b6e3 -C extra-filename=-397aa5fbb539b6e3 --out-dir /home/devel/building/work/src/cbindgen-0.26.0/target/release/deps -L dependency=/home/devel/building/work/src/cbindgen-0.26.0/target/release/deps --extern cfg_if=/home/devel/building/work/src/cbindgen-0.26.0/target/release/deps/libcfg_if-647a9114518bf77c.rmeta --cap-lints allow --cfg atomic_cas --cfg has_atomics`
   Compiling heck v0.4.1
     Running `rustc --crate-name heck --edition=2018 /home/devel/sources/rust/registry/src/index.crates.io-6f17d22bba15001f/heck-0.4.1/src/lib.rs --error-format=json --json=diagnostic-rendered-ansi,artifacts,future-incompat --crate-type lib --emit=dep-info,metadata,link -C opt-level=3 -C embed-bitcode=no --cfg 'feature="default"' -C metadata=6f843aaf38f736c0 -C extra-filename=-6f843aaf38f736c0 --out-dir /home/devel/building/work/src/cbindgen-0.26.0/target/release/deps -L dependency=/home/devel/building/work/src/cbindgen-0.26.0/target/release/deps --cap-lints allow`
   Compiling parking_lot v0.11.2
     Running `rustc --crate-name parking_lot --edition=2018 /home/devel/sources/rust/registry/src/index.crates.io-6f17d22bba15001f/parking_lot-0.11.2/src/lib.rs --error-format=json --json=diagnostic-rendered-ansi,artifacts,future-incompat --crate-type lib --emit=dep-info,metadata,link -C opt-level=3 -C embed-bitcode=no --cfg 'feature="default"' -C metadata=714dcd80da26200c -C extra-filename=-714dcd80da26200c --out-dir /home/devel/building/work/src/cbindgen-0.26.0/target/release/deps -L dependency=/home/devel/building/work/src/cbindgen-0.26.0/target/release/deps --extern instant=/home/devel/building/work/src/cbindgen-0.26.0/target/release/deps/libinstant-a568698cc7c50e59.rmeta --extern lock_api=/home/devel/building/work/src/cbindgen-0.26.0/target/release/deps/liblock_api-7841c975bf782ec2.rmeta --extern parking_lot_core=/home/devel/building/work/src/cbindgen-0.26.0/target/release/deps/libparking_lot_core-b3db983a84870f9c.rmeta --cap-lints allow`
   Compiling lazy_static v1.4.0
     Running `rustc --crate-name lazy_static /home/devel/sources/rust/registry/src/index.crates.io-6f17d22bba15001f/lazy_static-1.4.0/src/lib.rs --error-format=json --json=diagnostic-rendered-ansi,artifacts,future-incompat --crate-type lib --emit=dep-info,metadata,link -C opt-level=3 -C embed-bitcode=no -C metadata=42ef5286a27c87cf -C extra-filename=-42ef5286a27c87cf --out-dir /home/devel/building/work/src/cbindgen-0.26.0/target/release/deps -L dependency=/home/devel/building/work/src/cbindgen-0.26.0/target/release/deps --cap-lints allow`
   Compiling serde_derive v1.0.163
     Running `rustc --crate-name serde_derive /home/devel/sources/rust/registry/src/index.crates.io-6f17d22bba15001f/serde_derive-1.0.163/src/lib.rs --error-format=json --json=diagnostic-rendered-ansi,artifacts,future-incompat --crate-type proc-macro --emit=dep-info,link -C prefer-dynamic -C embed-bitcode=no -C debug-assertions=off --cfg 'feature="default"' -C metadata=7675fcdedeacbc94 -C extra-filename=-7675fcdedeacbc94 --out-dir /home/devel/building/work/src/cbindgen-0.26.0/target/release/deps -L dependency=/home/devel/building/work/src/cbindgen-0.26.0/target/release/deps --extern proc_macro2=/home/devel/building/work/src/cbindgen-0.26.0/target/release/deps/libproc_macro2-e88df93afdd958e2.rlib --extern quote=/home/devel/building/work/src/cbindgen-0.26.0/target/release/deps/libquote-19e4bf177891b8d8.rlib --extern syn=/home/devel/building/work/src/cbindgen-0.26.0/target/release/deps/libsyn-619d7df5946c0506.rlib --extern proc_macro --cap-lints allow`
     Running `rustc --crate-name serde /home/devel/sources/rust/registry/src/index.crates.io-6f17d22bba15001f/serde-1.0.163/src/lib.rs --error-format=json --json=diagnostic-rendered-ansi,artifacts,future-incompat --crate-type lib --emit=dep-info,metadata,link -C opt-level=3 -C embed-bitcode=no --cfg 'feature="default"' --cfg 'feature="derive"' --cfg 'feature="serde_derive"' --cfg 'feature="std"' -C metadata=8bd38895f24f63db -C extra-filename=-8bd38895f24f63db --out-dir /home/devel/building/work/src/cbindgen-0.26.0/target/release/deps -L dependency=/home/devel/building/work/src/cbindgen-0.26.0/target/release/deps --extern serde_derive=/home/devel/building/work/src/cbindgen-0.26.0/target/release/deps/libserde_derive-7675fcdedeacbc94.so --cap-lints allow`
   Compiling serial_test_derive v0.5.1
     Running `rustc --crate-name serial_test_derive --edition=2018 /home/devel/sources/rust/registry/src/index.crates.io-6f17d22bba15001f/serial_test_derive-0.5.1/src/lib.rs --error-format=json --json=diagnostic-rendered-ansi,artifacts,future-incompat --crate-type proc-macro --emit=dep-info,link -C prefer-dynamic -C embed-bitcode=no -C debug-assertions=off -C metadata=5a3b83b4c9ca3b6c -C extra-filename=-5a3b83b4c9ca3b6c --out-dir /home/devel/building/work/src/cbindgen-0.26.0/target/release/deps -L dependency=/home/devel/building/work/src/cbindgen-0.26.0/target/release/deps --extern proc_macro2=/home/devel/building/work/src/cbindgen-0.26.0/target/release/deps/libproc_macro2-e88df93afdd958e2.rlib --extern quote=/home/devel/building/work/src/cbindgen-0.26.0/target/release/deps/libquote-19e4bf177891b8d8.rlib --extern syn=/home/devel/building/work/src/cbindgen-0.26.0/target/release/deps/libsyn-2689da06fe96f103.rlib --extern proc_macro --cap-lints allow`
   Compiling serial_test v0.5.1
     Running `rustc --crate-name serial_test --edition=2018 /home/devel/sources/rust/registry/src/index.crates.io-6f17d22bba15001f/serial_test-0.5.1/src/lib.rs --error-format=json --json=diagnostic-rendered-ansi,artifacts,future-incompat --crate-type lib --emit=dep-info,metadata,link -C opt-level=3 -C embed-bitcode=no -C metadata=7903c2f51c3ee5a5 -C extra-filename=-7903c2f51c3ee5a5 --out-dir /home/devel/building/work/src/cbindgen-0.26.0/target/release/deps -L dependency=/home/devel/building/work/src/cbindgen-0.26.0/target/release/deps --extern lazy_static=/home/devel/building/work/src/cbindgen-0.26.0/target/release/deps/liblazy_static-42ef5286a27c87cf.rmeta --extern parking_lot=/home/devel/building/work/src/cbindgen-0.26.0/target/release/deps/libparking_lot-714dcd80da26200c.rmeta --extern serial_test_derive=/home/devel/building/work/src/cbindgen-0.26.0/target/release/deps/libserial_test_derive-5a3b83b4c9ca3b6c.so --cap-lints allow`
   Compiling toml v0.5.11
     Running `rustc --crate-name toml --edition=2018 /home/devel/sources/rust/registry/src/index.crates.io-6f17d22bba15001f/toml-0.5.11/src/lib.rs --error-format=json --json=diagnostic-rendered-ansi,artifacts,future-incompat --crate-type lib --emit=dep-info,metadata,link -C opt-level=3 -C embed-bitcode=no --cfg 'feature="default"' -C metadata=63498a752e9f86bf -C extra-filename=-63498a752e9f86bf --out-dir /home/devel/building/work/src/cbindgen-0.26.0/target/release/deps -L dependency=/home/devel/building/work/src/cbindgen-0.26.0/target/release/deps --extern serde=/home/devel/building/work/src/cbindgen-0.26.0/target/release/deps/libserde-8bd38895f24f63db.rmeta --cap-lints allow`
     Running `rustc --crate-name serde_json --edition=2018 /home/devel/sources/rust/registry/src/index.crates.io-6f17d22bba15001f/serde_json-1.0.96/src/lib.rs --error-format=json --json=diagnostic-rendered-ansi,artifacts,future-incompat --crate-type lib --emit=dep-info,metadata,link -C opt-level=3 -C embed-bitcode=no --cfg 'feature="default"' --cfg 'feature="std"' -C metadata=4fc3ef73f7444ecb -C extra-filename=-4fc3ef73f7444ecb --out-dir /home/devel/building/work/src/cbindgen-0.26.0/target/release/deps -L dependency=/home/devel/building/work/src/cbindgen-0.26.0/target/release/deps --extern itoa=/home/devel/building/work/src/cbindgen-0.26.0/target/release/deps/libitoa-2853136761242e32.rmeta --extern ryu=/home/devel/building/work/src/cbindgen-0.26.0/target/release/deps/libryu-cb813aab0eb25d91.rmeta --extern serde=/home/devel/building/work/src/cbindgen-0.26.0/target/release/deps/libserde-8bd38895f24f63db.rmeta --cap-lints allow --cfg limb_width_64`
     Running `rustc --crate-name cbindgen --edition=2018 src/lib.rs --error-format=json --json=diagnostic-rendered-ansi,artifacts,future-incompat --crate-type lib --emit=dep-info,metadata,link -C opt-level=3 -C embed-bitcode=no --cfg 'feature="clap"' --cfg 'feature="default"' -C metadata=97354c68e8c0b59f -C extra-filename=-97354c68e8c0b59f --out-dir /home/devel/building/work/src/cbindgen-0.26.0/target/release/deps -L dependency=/home/devel/building/work/src/cbindgen-0.26.0/target/release/deps --extern clap=/home/devel/building/work/src/cbindgen-0.26.0/target/release/deps/libclap-47fe3472d2216fea.rmeta --extern heck=/home/devel/building/work/src/cbindgen-0.26.0/target/release/deps/libheck-6f843aaf38f736c0.rmeta --extern indexmap=/home/devel/building/work/src/cbindgen-0.26.0/target/release/deps/libindexmap-29c7a1020e69e297.rmeta --extern log=/home/devel/building/work/src/cbindgen-0.26.0/target/release/deps/liblog-397aa5fbb539b6e3.rmeta --extern proc_macro2=/home/devel/building/work/src/cbindgen-0.26.0/target/release/deps/libproc_macro2-22b85c5ebebdeb41.rmeta --extern quote=/home/devel/building/work/src/cbindgen-0.26.0/target/release/deps/libquote-3e77d74a3678da78.rmeta --extern serde=/home/devel/building/work/src/cbindgen-0.26.0/target/release/deps/libserde-8bd38895f24f63db.rmeta --extern serde_json=/home/devel/building/work/src/cbindgen-0.26.0/target/release/deps/libserde_json-4fc3ef73f7444ecb.rmeta --extern syn=/home/devel/building/work/src/cbindgen-0.26.0/target/release/deps/libsyn-1bcc4220b4167923.rmeta --extern tempfile=/home/devel/building/work/src/cbindgen-0.26.0/target/release/deps/libtempfile-cc3546a6fa3178b0.rmeta --extern toml=/home/devel/building/work/src/cbindgen-0.26.0/target/release/deps/libtoml-63498a752e9f86bf.rmeta`
     Running `rustc --crate-name cbindgen --edition=2018 src/lib.rs --error-format=json --json=diagnostic-rendered-ansi,artifacts,future-incompat --emit=dep-info,link -C opt-level=3 -C embed-bitcode=no --test --cfg 'feature="clap"' --cfg 'feature="default"' -C metadata=c25eb11538ab1df3 -C extra-filename=-c25eb11538ab1df3 --out-dir /home/devel/building/work/src/cbindgen-0.26.0/target/release/deps -L dependency=/home/devel/building/work/src/cbindgen-0.26.0/target/release/deps --extern clap=/home/devel/building/work/src/cbindgen-0.26.0/target/release/deps/libclap-47fe3472d2216fea.rlib --extern heck=/home/devel/building/work/src/cbindgen-0.26.0/target/release/deps/libheck-6f843aaf38f736c0.rlib --extern indexmap=/home/devel/building/work/src/cbindgen-0.26.0/target/release/deps/libindexmap-29c7a1020e69e297.rlib --extern log=/home/devel/building/work/src/cbindgen-0.26.0/target/release/deps/liblog-397aa5fbb539b6e3.rlib --extern proc_macro2=/home/devel/building/work/src/cbindgen-0.26.0/target/release/deps/libproc_macro2-22b85c5ebebdeb41.rlib --extern quote=/home/devel/building/work/src/cbindgen-0.26.0/target/release/deps/libquote-3e77d74a3678da78.rlib --extern serde=/home/devel/building/work/src/cbindgen-0.26.0/target/release/deps/libserde-8bd38895f24f63db.rlib --extern serde_json=/home/devel/building/work/src/cbindgen-0.26.0/target/release/deps/libserde_json-4fc3ef73f7444ecb.rlib --extern serial_test=/home/devel/building/work/src/cbindgen-0.26.0/target/release/deps/libserial_test-7903c2f51c3ee5a5.rlib --extern syn=/home/devel/building/work/src/cbindgen-0.26.0/target/release/deps/libsyn-1bcc4220b4167923.rlib --extern tempfile=/home/devel/building/work/src/cbindgen-0.26.0/target/release/deps/libtempfile-cc3546a6fa3178b0.rlib --extern toml=/home/devel/building/work/src/cbindgen-0.26.0/target/release/deps/libtoml-63498a752e9f86bf.rlib`
     Running `rustc --crate-name tests --edition=2018 tests/tests.rs --error-format=json --json=diagnostic-rendered-ansi,artifacts,future-incompat --emit=dep-info,link -C opt-level=3 -C embed-bitcode=no --test --cfg 'feature="clap"' --cfg 'feature="default"' -C metadata=af518f38a4272ce8 -C extra-filename=-af518f38a4272ce8 --out-dir /home/devel/building/work/src/cbindgen-0.26.0/target/release/deps -L dependency=/home/devel/building/work/src/cbindgen-0.26.0/target/release/deps --extern cbindgen=/home/devel/building/work/src/cbindgen-0.26.0/target/release/deps/libcbindgen-97354c68e8c0b59f.rlib --extern clap=/home/devel/building/work/src/cbindgen-0.26.0/target/release/deps/libclap-47fe3472d2216fea.rlib --extern heck=/home/devel/building/work/src/cbindgen-0.26.0/target/release/deps/libheck-6f843aaf38f736c0.rlib --extern indexmap=/home/devel/building/work/src/cbindgen-0.26.0/target/release/deps/libindexmap-29c7a1020e69e297.rlib --extern log=/home/devel/building/work/src/cbindgen-0.26.0/target/release/deps/liblog-397aa5fbb539b6e3.rlib --extern proc_macro2=/home/devel/building/work/src/cbindgen-0.26.0/target/release/deps/libproc_macro2-22b85c5ebebdeb41.rlib --extern quote=/home/devel/building/work/src/cbindgen-0.26.0/target/release/deps/libquote-3e77d74a3678da78.rlib --extern serde=/home/devel/building/work/src/cbindgen-0.26.0/target/release/deps/libserde-8bd38895f24f63db.rlib --extern serde_json=/home/devel/building/work/src/cbindgen-0.26.0/target/release/deps/libserde_json-4fc3ef73f7444ecb.rlib --extern serial_test=/home/devel/building/work/src/cbindgen-0.26.0/target/release/deps/libserial_test-7903c2f51c3ee5a5.rlib --extern syn=/home/devel/building/work/src/cbindgen-0.26.0/target/release/deps/libsyn-1bcc4220b4167923.rlib --extern tempfile=/home/devel/building/work/src/cbindgen-0.26.0/target/release/deps/libtempfile-cc3546a6fa3178b0.rlib --extern toml=/home/devel/building/work/src/cbindgen-0.26.0/target/release/deps/libtoml-63498a752e9f86bf.rlib`
     Running `rustc --crate-name cbindgen --edition=2018 src/main.rs --error-format=json --json=diagnostic-rendered-ansi,artifacts,future-incompat --crate-type bin --emit=dep-info,link -C opt-level=3 -C embed-bitcode=no --cfg 'feature="clap"' --cfg 'feature="default"' -C metadata=45eb745da51cb755 -C extra-filename=-45eb745da51cb755 --out-dir /home/devel/building/work/src/cbindgen-0.26.0/target/release/deps -L dependency=/home/devel/building/work/src/cbindgen-0.26.0/target/release/deps --extern cbindgen=/home/devel/building/work/src/cbindgen-0.26.0/target/release/deps/libcbindgen-97354c68e8c0b59f.rlib --extern clap=/home/devel/building/work/src/cbindgen-0.26.0/target/release/deps/libclap-47fe3472d2216fea.rlib --extern heck=/home/devel/building/work/src/cbindgen-0.26.0/target/release/deps/libheck-6f843aaf38f736c0.rlib --extern indexmap=/home/devel/building/work/src/cbindgen-0.26.0/target/release/deps/libindexmap-29c7a1020e69e297.rlib --extern log=/home/devel/building/work/src/cbindgen-0.26.0/target/release/deps/liblog-397aa5fbb539b6e3.rlib --extern proc_macro2=/home/devel/building/work/src/cbindgen-0.26.0/target/release/deps/libproc_macro2-22b85c5ebebdeb41.rlib --extern quote=/home/devel/building/work/src/cbindgen-0.26.0/target/release/deps/libquote-3e77d74a3678da78.rlib --extern serde=/home/devel/building/work/src/cbindgen-0.26.0/target/release/deps/libserde-8bd38895f24f63db.rlib --extern serde_json=/home/devel/building/work/src/cbindgen-0.26.0/target/release/deps/libserde_json-4fc3ef73f7444ecb.rlib --extern syn=/home/devel/building/work/src/cbindgen-0.26.0/target/release/deps/libsyn-1bcc4220b4167923.rlib --extern tempfile=/home/devel/building/work/src/cbindgen-0.26.0/target/release/deps/libtempfile-cc3546a6fa3178b0.rlib --extern toml=/home/devel/building/work/src/cbindgen-0.26.0/target/release/deps/libtoml-63498a752e9f86bf.rlib`
     Running `rustc --crate-name cbindgen --edition=2018 src/main.rs --error-format=json --json=diagnostic-rendered-ansi,artifacts,future-incompat --emit=dep-info,link -C opt-level=3 -C embed-bitcode=no --test --cfg 'feature="clap"' --cfg 'feature="default"' -C metadata=79a3a26c186670e9 -C extra-filename=-79a3a26c186670e9 --out-dir /home/devel/building/work/src/cbindgen-0.26.0/target/release/deps -L dependency=/home/devel/building/work/src/cbindgen-0.26.0/target/release/deps --extern cbindgen=/home/devel/building/work/src/cbindgen-0.26.0/target/release/deps/libcbindgen-97354c68e8c0b59f.rlib --extern clap=/home/devel/building/work/src/cbindgen-0.26.0/target/release/deps/libclap-47fe3472d2216fea.rlib --extern heck=/home/devel/building/work/src/cbindgen-0.26.0/target/release/deps/libheck-6f843aaf38f736c0.rlib --extern indexmap=/home/devel/building/work/src/cbindgen-0.26.0/target/release/deps/libindexmap-29c7a1020e69e297.rlib --extern log=/home/devel/building/work/src/cbindgen-0.26.0/target/release/deps/liblog-397aa5fbb539b6e3.rlib --extern proc_macro2=/home/devel/building/work/src/cbindgen-0.26.0/target/release/deps/libproc_macro2-22b85c5ebebdeb41.rlib --extern quote=/home/devel/building/work/src/cbindgen-0.26.0/target/release/deps/libquote-3e77d74a3678da78.rlib --extern serde=/home/devel/building/work/src/cbindgen-0.26.0/target/release/deps/libserde-8bd38895f24f63db.rlib --extern serde_json=/home/devel/building/work/src/cbindgen-0.26.0/target/release/deps/libserde_json-4fc3ef73f7444ecb.rlib --extern serial_test=/home/devel/building/work/src/cbindgen-0.26.0/target/release/deps/libserial_test-7903c2f51c3ee5a5.rlib --extern syn=/home/devel/building/work/src/cbindgen-0.26.0/target/release/deps/libsyn-1bcc4220b4167923.rlib --extern tempfile=/home/devel/building/work/src/cbindgen-0.26.0/target/release/deps/libtempfile-cc3546a6fa3178b0.rlib --extern toml=/home/devel/building/work/src/cbindgen-0.26.0/target/release/deps/libtoml-63498a752e9f86bf.rlib`
     Running `rustc --crate-name depfile --edition=2018 tests/depfile.rs --error-format=json --json=diagnostic-rendered-ansi,artifacts,future-incompat --emit=dep-info,link -C opt-level=3 -C embed-bitcode=no --test --cfg 'feature="clap"' --cfg 'feature="default"' -C metadata=1bf5f19ef2d95d03 -C extra-filename=-1bf5f19ef2d95d03 --out-dir /home/devel/building/work/src/cbindgen-0.26.0/target/release/deps -L dependency=/home/devel/building/work/src/cbindgen-0.26.0/target/release/deps --extern cbindgen=/home/devel/building/work/src/cbindgen-0.26.0/target/release/deps/libcbindgen-97354c68e8c0b59f.rlib --extern clap=/home/devel/building/work/src/cbindgen-0.26.0/target/release/deps/libclap-47fe3472d2216fea.rlib --extern heck=/home/devel/building/work/src/cbindgen-0.26.0/target/release/deps/libheck-6f843aaf38f736c0.rlib --extern indexmap=/home/devel/building/work/src/cbindgen-0.26.0/target/release/deps/libindexmap-29c7a1020e69e297.rlib --extern log=/home/devel/building/work/src/cbindgen-0.26.0/target/release/deps/liblog-397aa5fbb539b6e3.rlib --extern proc_macro2=/home/devel/building/work/src/cbindgen-0.26.0/target/release/deps/libproc_macro2-22b85c5ebebdeb41.rlib --extern quote=/home/devel/building/work/src/cbindgen-0.26.0/target/release/deps/libquote-3e77d74a3678da78.rlib --extern serde=/home/devel/building/work/src/cbindgen-0.26.0/target/release/deps/libserde-8bd38895f24f63db.rlib --extern serde_json=/home/devel/building/work/src/cbindgen-0.26.0/target/release/deps/libserde_json-4fc3ef73f7444ecb.rlib --extern serial_test=/home/devel/building/work/src/cbindgen-0.26.0/target/release/deps/libserial_test-7903c2f51c3ee5a5.rlib --extern syn=/home/devel/building/work/src/cbindgen-0.26.0/target/release/deps/libsyn-1bcc4220b4167923.rlib --extern tempfile=/home/devel/building/work/src/cbindgen-0.26.0/target/release/deps/libtempfile-cc3546a6fa3178b0.rlib --extern toml=/home/devel/building/work/src/cbindgen-0.26.0/target/release/deps/libtoml-63498a752e9f86bf.rlib`
     Running `rustc --crate-name profile --edition=2018 tests/profile.rs --error-format=json --json=diagnostic-rendered-ansi,artifacts,future-incompat --emit=dep-info,link -C opt-level=3 -C embed-bitcode=no --test --cfg 'feature="clap"' --cfg 'feature="default"' -C metadata=ef8645b59ce3658e -C extra-filename=-ef8645b59ce3658e --out-dir /home/devel/building/work/src/cbindgen-0.26.0/target/release/deps -L dependency=/home/devel/building/work/src/cbindgen-0.26.0/target/release/deps --extern cbindgen=/home/devel/building/work/src/cbindgen-0.26.0/target/release/deps/libcbindgen-97354c68e8c0b59f.rlib --extern clap=/home/devel/building/work/src/cbindgen-0.26.0/target/release/deps/libclap-47fe3472d2216fea.rlib --extern heck=/home/devel/building/work/src/cbindgen-0.26.0/target/release/deps/libheck-6f843aaf38f736c0.rlib --extern indexmap=/home/devel/building/work/src/cbindgen-0.26.0/target/release/deps/libindexmap-29c7a1020e69e297.rlib --extern log=/home/devel/building/work/src/cbindgen-0.26.0/target/release/deps/liblog-397aa5fbb539b6e3.rlib --extern proc_macro2=/home/devel/building/work/src/cbindgen-0.26.0/target/release/deps/libproc_macro2-22b85c5ebebdeb41.rlib --extern quote=/home/devel/building/work/src/cbindgen-0.26.0/target/release/deps/libquote-3e77d74a3678da78.rlib --extern serde=/home/devel/building/work/src/cbindgen-0.26.0/target/release/deps/libserde-8bd38895f24f63db.rlib --extern serde_json=/home/devel/building/work/src/cbindgen-0.26.0/target/release/deps/libserde_json-4fc3ef73f7444ecb.rlib --extern serial_test=/home/devel/building/work/src/cbindgen-0.26.0/target/release/deps/libserial_test-7903c2f51c3ee5a5.rlib --extern syn=/home/devel/building/work/src/cbindgen-0.26.0/target/release/deps/libsyn-1bcc4220b4167923.rlib --extern tempfile=/home/devel/building/work/src/cbindgen-0.26.0/target/release/deps/libtempfile-cc3546a6fa3178b0.rlib --extern toml=/home/devel/building/work/src/cbindgen-0.26.0/target/release/deps/libtoml-63498a752e9f86bf.rlib`
    Finished release [optimized] target(s) in 33.10s
+ install -D -m 0755 -t /home/devel/building/work/pkg/usr/bin target/release/cbindgen
=======> Build result:
drwxr-xr-x  0 root   root        0 Feb  1 15:27 usr/
drwxr-xr-x  0 root   root        0 Feb  1 15:27 usr/bin/
-rwxr-xr-x  0 root   root  4934016 Feb  1 15:27 usr/bin/cbindgen
=======> Building '/home/devel/packages/cbindgen#0.26.0-1.x86_64.pkg.tar.zst' succeeded.
prt-get: Using PKGMK_PACKAGE_DIR: /home/devel/packages
prt-get: reinstalling cbindgen 0.26.0-1
prt-get: /usr/bin/pkgadd -u cbindgen#0.26.0-1.x86_64.pkg.tar.zst
prt-get: build done Thu Feb  1 15:27:25 2024

