prt-get: updating /usr/ports/opt-x86_64/chrpath
prt-get: starting build Tue May  7 20:34:57 2024
=======> Building '/home/devel/packages/chrpath#0.17-1.x86_64.pkg.tar.zst'.
bsdtar -p -o -C /home/devel/building/work/src -xf /home/devel/sources/chrpath-0.17.tar.gz
+ build
+ cd chrpath
+ ./bootstrap
configure.ac:7: warning: AM_INIT_AUTOMAKE: two- and three-arguments forms are deprecated.  For more info, see:
configure.ac:7: https://www.gnu.org/software/automake/manual/automake.html#Modernize-AM_005fINIT_005fAUTOMAKE-invocation
configure.ac:17: installing './compile'
configure.ac:7: installing './install-sh'
configure.ac:7: installing './missing'
Makefile.am: installing './depcomp'
testsuite/Makefile.am:14: warning: deprecated feature: target 'prog' overrides 'prog$(EXEEXT)'
testsuite/Makefile.am:14: change your target to read 'prog$(EXEEXT)'
/usr/share/automake-1.16/am/program.am: target 'prog$(EXEEXT)' was defined here
testsuite/Makefile.am:7:   while processing program 'prog'
configure.ac:7: warning: AM_INIT_AUTOMAKE: two- and three-arguments forms are deprecated.
./lib/autoconf/general.m4:2434: AC_DIAGNOSE is expanded from...
aclocal.m4:429: AM_INIT_AUTOMAKE is expanded from...
configure.ac:7: the top level
configure.ac:10: warning: 'AM_CONFIG_HEADER': this macro is obsolete.
configure.ac:10: You should use the 'AC_CONFIG_HEADERS' macro instead.
./lib/autoconf/general.m4:2434: AC_DIAGNOSE is expanded from...
aclocal.m4:781: AM_CONFIG_HEADER is expanded from...
configure.ac:10: the top level
configure.ac:23: warning: The macro 'AC_HEADER_STDC' is obsolete.
configure.ac:23: You should run autoupdate.
./lib/autoconf/headers.m4:663: AC_HEADER_STDC is expanded from...
configure.ac:23: the top level
+ ./configure --build=x86_64-unknown-linux-gnu --host=x86_64-unknown-linux-gnu --prefix=/usr --mandir=/usr/share/man
checking build system type... x86_64-unknown-linux-gnu
checking host system type... x86_64-unknown-linux-gnu
checking target system type... x86_64-unknown-linux-gnu
checking for a BSD-compatible install... /usr/bin/install -c
checking whether build environment is sane... yes
checking for a race-free mkdir -p... /bin/mkdir -p
checking for gawk... gawk
checking whether make sets $(MAKE)... yes
checking whether make supports nested variables... yes
checking whether to enable maintainer-specific portions of Makefiles... no
checking for x86_64-unknown-linux-gnu-gcc... x86_64-unknown-linux-gnu-gcc
checking whether the C compiler works... yes
checking for C compiler default output file name... a.out
checking for suffix of executables... 
checking whether we are cross compiling... no
checking for suffix of object files... o
checking whether the compiler supports GNU C... yes
checking whether x86_64-unknown-linux-gnu-gcc accepts -g... yes
checking for x86_64-unknown-linux-gnu-gcc option to enable C11 features... none needed
checking whether x86_64-unknown-linux-gnu-gcc understands -c and -o together... yes
checking whether make supports the include directive... yes (GNU style)
checking dependency style of x86_64-unknown-linux-gnu-gcc... gcc3
checking for stdio.h... yes
checking for stdlib.h... yes
checking for string.h... yes
checking for inttypes.h... yes
checking for stdint.h... yes
checking for strings.h... yes
checking for sys/stat.h... yes
checking for sys/types.h... yes
checking for unistd.h... yes
checking for grep that handles long lines and -e... /usr/bin/grep
checking for egrep... /usr/bin/grep -E
checking for getopt.h... yes
checking for elf.h... yes
checking for fcntl.h... yes
checking for unistd.h... (cached) yes
checking for link.h... yes
checking for sys/link.h... no
checking for byteswap.h... yes
checking for sys/byteorder.h... no
checking for an ANSI C-conforming const... yes
checking whether byte ordering is bigendian... no
checking size of void *... 8
checking for getopt_long... yes
checking that generated files are newer than configure... done
configure: creating ./config.status
config.status: creating Makefile
config.status: creating testsuite/Makefile
config.status: creating deb/Makefile
config.status: creating config.h
config.status: executing depfiles commands
Configure status:
-----------------
 CC     = x86_64-unknown-linux-gnu-gcc
 CFLAGS = -O2 -m64 -march=x86-64 -mtune=generic -flto=auto -ffat-lto-objects -W -Wall -Wcast-align -Wcast-qual -Wcomments -Wmissing-declarations -Wmissing-prototypes -Wpointer-arith -Wreturn-type -Wstrict-prototypes
 LDRPATH= -Wl,-rpath,

+ make V=1
make  all-recursive
make[1]: Entering directory '/home/devel/building/work/src/chrpath'
Making all in testsuite
make[2]: Entering directory '/home/devel/building/work/src/chrpath/testsuite'
x86_64-unknown-linux-gnu-gcc -Wl,-rpath,/usr/local/lib -o prog prog.c
make[2]: Leaving directory '/home/devel/building/work/src/chrpath/testsuite'
Making all in deb
make[2]: Entering directory '/home/devel/building/work/src/chrpath/deb'
make[2]: Nothing to be done for 'all'.
make[2]: Leaving directory '/home/devel/building/work/src/chrpath/deb'
make[2]: Entering directory '/home/devel/building/work/src/chrpath'
x86_64-unknown-linux-gnu-gcc -DHAVE_CONFIG_H -I.     -O2 -m64 -march=x86-64 -mtune=generic -flto=auto -ffat-lto-objects -W -Wall -Wcast-align -Wcast-qual -Wcomments -Wmissing-declarations -Wmissing-prototypes -Wpointer-arith -Wreturn-type -Wstrict-prototypes -MT chrpath.o -MD -MP -MF .deps/chrpath.Tpo -c -o chrpath.o chrpath.c
x86_64-unknown-linux-gnu-gcc -DHAVE_CONFIG_H -I.     -O2 -m64 -march=x86-64 -mtune=generic -flto=auto -ffat-lto-objects -W -Wall -Wcast-align -Wcast-qual -Wcomments -Wmissing-declarations -Wmissing-prototypes -Wpointer-arith -Wreturn-type -Wstrict-prototypes -MT killrpath.o -MD -MP -MF .deps/killrpath.Tpo -c -o killrpath.o killrpath.c
x86_64-unknown-linux-gnu-gcc -DHAVE_CONFIG_H -I.     -O2 -m64 -march=x86-64 -mtune=generic -flto=auto -ffat-lto-objects -W -Wall -Wcast-align -Wcast-qual -Wcomments -Wmissing-declarations -Wmissing-prototypes -Wpointer-arith -Wreturn-type -Wstrict-prototypes -MT main.o -MD -MP -MF .deps/main.Tpo -c -o main.o main.c
x86_64-unknown-linux-gnu-gcc -DHAVE_CONFIG_H -I.     -O2 -m64 -march=x86-64 -mtune=generic -flto=auto -ffat-lto-objects -W -Wall -Wcast-align -Wcast-qual -Wcomments -Wmissing-declarations -Wmissing-prototypes -Wpointer-arith -Wreturn-type -Wstrict-prototypes -MT elf.o -MD -MP -MF .deps/elf.Tpo -c -o elf.o elf.c
mv -f .deps/main.Tpo .deps/main.Po
mv -f .deps/elf.Tpo .deps/elf.Po
mv -f .deps/killrpath.Tpo .deps/killrpath.Po
mv -f .deps/chrpath.Tpo .deps/chrpath.Po
x86_64-unknown-linux-gnu-gcc  -O2 -m64 -march=x86-64 -mtune=generic -flto=auto -ffat-lto-objects -W -Wall -Wcast-align -Wcast-qual -Wcomments -Wmissing-declarations -Wmissing-prototypes -Wpointer-arith -Wreturn-type -Wstrict-prototypes   -o chrpath chrpath.o killrpath.o main.o elf.o  
make[2]: Leaving directory '/home/devel/building/work/src/chrpath'
make[1]: Leaving directory '/home/devel/building/work/src/chrpath'
+ make DESTDIR=/home/devel/building/work/pkg install
Making install in testsuite
make[1]: Entering directory '/home/devel/building/work/src/chrpath/testsuite'
make[2]: Entering directory '/home/devel/building/work/src/chrpath/testsuite'
make[2]: Nothing to be done for 'install-exec-am'.
make[2]: Nothing to be done for 'install-data-am'.
make[2]: Leaving directory '/home/devel/building/work/src/chrpath/testsuite'
make[1]: Leaving directory '/home/devel/building/work/src/chrpath/testsuite'
Making install in deb
make[1]: Entering directory '/home/devel/building/work/src/chrpath/deb'
make[2]: Entering directory '/home/devel/building/work/src/chrpath/deb'
make[2]: Nothing to be done for 'install-exec-am'.
make[2]: Nothing to be done for 'install-data-am'.
make[2]: Leaving directory '/home/devel/building/work/src/chrpath/deb'
make[1]: Leaving directory '/home/devel/building/work/src/chrpath/deb'
make[1]: Entering directory '/home/devel/building/work/src/chrpath'
make[2]: Entering directory '/home/devel/building/work/src/chrpath'
 /bin/mkdir -p '/home/devel/building/work/pkg/usr/doc/chrpath-0.17'
 /bin/mkdir -p '/home/devel/building/work/pkg/usr/bin'
 /bin/mkdir -p '/home/devel/building/work/pkg/usr/share/man/man1'
 /usr/bin/install -c -m 644 AUTHORS COPYING ChangeLog INSTALL NEWS README '/home/devel/building/work/pkg/usr/doc/chrpath-0.17'
  /usr/bin/install -c chrpath '/home/devel/building/work/pkg/usr/bin'
 /usr/bin/install -c -m 644 chrpath.1 '/home/devel/building/work/pkg/usr/share/man/man1'
make[2]: Leaving directory '/home/devel/building/work/src/chrpath'
make[1]: Leaving directory '/home/devel/building/work/src/chrpath'
+ rm -r /home/devel/building/work/pkg/usr/doc
=======> Build result:
drwxr-xr-x  0 root   root        0 May  7 20:35 usr/
drwxr-xr-x  0 root   root        0 May  7 20:35 usr/bin/
drwxr-xr-x  0 root   root        0 May  7 20:35 usr/share/
drwxr-xr-x  0 root   root        0 May  7 20:35 usr/share/man/
drwxr-xr-x  0 root   root        0 May  7 20:35 usr/share/man/man1/
-rw-r--r--  0 root   root     1420 May  7 20:35 usr/share/man/man1/chrpath.1.gz
-rwxr-xr-x  0 root   root    18912 May  7 20:35 usr/bin/chrpath
=======> Building '/home/devel/packages/chrpath#0.17-1.x86_64.pkg.tar.zst' succeeded.
prt-get: Using PKGMK_PACKAGE_DIR: /home/devel/packages
prt-get: reinstalling chrpath 0.17-1
prt-get: /usr/bin/pkgadd -u chrpath#0.17-1.x86_64.pkg.tar.zst
prt-get: build done Tue May  7 20:35:00 2024

