prt-get: updating /usr/ports/opt-x86_64/dav1d
prt-get: starting build Thu Feb  1 15:34:06 2024
=======> Building '/home/devel/packages/dav1d#1.3.0-1.x86_64.pkg.tar.zst'.
bsdtar -p -o -C /home/devel/building/work/src -xf /home/devel/sources/dav1d-1.3.0.tar.gz
+ build
+ cd dav1d-1.3.0
+ build-meson -Denable_asm=true -Dtestdata_tests=false -Dfuzzing_engine=none . build
The Meson build system
Version: 1.3.1
Source dir: /home/devel/building/work/src/dav1d-1.3.0
Build dir: /home/devel/building/work/src/dav1d-1.3.0/build
Build type: native build
Project name: dav1d
Project version: 1.3.0
C compiler for the host machine: cc (gcc 13.2.0 "cc (SAUX-x86_64) 13.2.0")
C linker for the host machine: cc ld.bfd 2.42
Host machine cpu family: x86_64
Host machine cpu: x86_64
Fetching value of define "__ILP32__" : (undefined) 
Run-time dependency threads found: YES
Checking for function "clock_gettime" : YES 
Checking for function "posix_memalign" : YES 
Library dl found: YES
Checking for function "dlsym" with dependency -ldl: YES 
Library m found: YES
Check usable header "stdatomic.h" : YES 
Check usable header "unistd.h" : YES 
Check usable header "io.h" : NO 
Check usable header "pthread_np.h" : NO 
Checking for function "getopt_long" : YES 
Checking for function "pthread_getaffinity_np" with dependency threads: YES 
Checking for function "pthread_setaffinity_np" with dependency threads: YES 
Checking if "_Generic" compiles: YES 
Compiler for C supports arguments -fvisibility=hidden: YES 
Compiler for C supports arguments -Wundef: YES 
Compiler for C supports arguments -Werror=vla: YES 
Compiler for C supports arguments -Wno-maybe-uninitialized: YES 
Compiler for C supports arguments -Wno-missing-field-initializers: YES 
Compiler for C supports arguments -Wno-unused-parameter: YES 
Compiler for C supports arguments -Wstrict-prototypes: YES 
Compiler for C supports arguments -Werror=missing-prototypes: YES 
Compiler for C supports arguments -Wshorten-64-to-32: NO 
Fetching value of define "__AVX__" : (undefined) 
Program nasm found: YES (/usr/bin/nasm)
Configuring config.asm using configuration
Configuring config.h using configuration
Configuring version.h using configuration
Found pkg-config: YES (/usr/bin/pkg-config) 2.1.0
Header "xxhash.h" has symbol "XXH3_createState" : NO 
Configuring cli_config.h using configuration
Compiler for C supports arguments -Werror=c11-extensions: NO 
Compiler for C supports arguments -Werror=c99-c11-compat: YES 
First supported argument: -Werror=c99-c11-compat
Program objcopy found: YES (/usr/bin/objcopy)
Build targets in project: 20

dav1d 1.3.0

  User defined options
    auto_features     : auto
    bindir            : /usr/bin
    buildtype         : plain
    datadir           : /usr/share
    includedir        : /usr/include
    libdir            : /usr/lib
    libexecdir        : /usr/lib
    localstatedir     : /var
    mandir            : /usr/share/man
    prefix            : /usr
    sbindir           : /usr/sbin
    sharedstatedir    : /var/lib
    sysconfdir        : /etc
    werror            : false
    wrap_mode         : nodownload
    python.bytecompile: 0
    b_lto             : false
    b_pie             : true
    b_staticpic       : true
    enable_asm        : true
    fuzzing_engine    : none
    testdata_tests    : false

Found ninja-1.9 at /usr/bin/ninja
+ meson compile -j 8 -v -C build
ninja: entering directory '/home/devel/building/work/src/dav1d-1.3.0/build'
[1/152] cc -Itests/libfuzzer/dav1d_fuzzer_mt.p -Itests/libfuzzer -I../tests/libfuzzer -I. -I.. -Iinclude/dav1d -I../include/dav1d -Iinclude -I../include -fdiagnostics-color=always -DNDEBUG -D_FILE_OFFSET_BITS=64 -Wall -Winvalid-pch -Wextra -std=c99 -D_GNU_SOURCE -fvisibility=hidden -Wundef -Werror=vla -Wno-maybe-uninitialized -Wno-missing-field-initializers -Wno-unused-parameter -Wstrict-prototypes -Werror=missing-prototypes -O2 -m64 -march=x86-64 -mtune=generic -flto=auto -ffat-lto-objects -fPIE -pthread -DDAV1D_MT_FUZZING -MD -MQ tests/libfuzzer/dav1d_fuzzer_mt.p/main.c.o -MF tests/libfuzzer/dav1d_fuzzer_mt.p/main.c.o.d -o tests/libfuzzer/dav1d_fuzzer_mt.p/main.c.o -c ../tests/libfuzzer/main.c
[2/152] cc -Itests/libfuzzer/dav1d_fuzzer_mt.p -Itests/libfuzzer -I../tests/libfuzzer -I. -I.. -Iinclude/dav1d -I../include/dav1d -Iinclude -I../include -fdiagnostics-color=always -DNDEBUG -D_FILE_OFFSET_BITS=64 -Wall -Winvalid-pch -Wextra -std=c99 -D_GNU_SOURCE -fvisibility=hidden -Wundef -Werror=vla -Wno-maybe-uninitialized -Wno-missing-field-initializers -Wno-unused-parameter -Wstrict-prototypes -Werror=missing-prototypes -O2 -m64 -march=x86-64 -mtune=generic -flto=auto -ffat-lto-objects -fPIE -pthread -DDAV1D_MT_FUZZING -MD -MQ tests/libfuzzer/dav1d_fuzzer_mt.p/dav1d_fuzzer.c.o -MF tests/libfuzzer/dav1d_fuzzer_mt.p/dav1d_fuzzer.c.o.d -o tests/libfuzzer/dav1d_fuzzer_mt.p/dav1d_fuzzer.c.o -c ../tests/libfuzzer/dav1d_fuzzer.c
[3/152] cc -Itests/libfuzzer/dav1d_fuzzer.p -Itests/libfuzzer -I../tests/libfuzzer -I. -I.. -Iinclude/dav1d -I../include/dav1d -Iinclude -I../include -fdiagnostics-color=always -DNDEBUG -D_FILE_OFFSET_BITS=64 -Wall -Winvalid-pch -Wextra -std=c99 -D_GNU_SOURCE -fvisibility=hidden -Wundef -Werror=vla -Wno-maybe-uninitialized -Wno-missing-field-initializers -Wno-unused-parameter -Wstrict-prototypes -Werror=missing-prototypes -O2 -m64 -march=x86-64 -mtune=generic -flto=auto -ffat-lto-objects -fPIE -pthread -MD -MQ tests/libfuzzer/dav1d_fuzzer.p/main.c.o -MF tests/libfuzzer/dav1d_fuzzer.p/main.c.o.d -o tests/libfuzzer/dav1d_fuzzer.p/main.c.o -c ../tests/libfuzzer/main.c
[4/152] cc -Itests/libfuzzer/dav1d_fuzzer.p -Itests/libfuzzer -I../tests/libfuzzer -I. -I.. -Iinclude/dav1d -I../include/dav1d -Iinclude -I../include -fdiagnostics-color=always -DNDEBUG -D_FILE_OFFSET_BITS=64 -Wall -Winvalid-pch -Wextra -std=c99 -D_GNU_SOURCE -fvisibility=hidden -Wundef -Werror=vla -Wno-maybe-uninitialized -Wno-missing-field-initializers -Wno-unused-parameter -Wstrict-prototypes -Werror=missing-prototypes -O2 -m64 -march=x86-64 -mtune=generic -flto=auto -ffat-lto-objects -fPIE -pthread -MD -MQ tests/libfuzzer/dav1d_fuzzer.p/dav1d_fuzzer.c.o -MF tests/libfuzzer/dav1d_fuzzer.p/dav1d_fuzzer.c.o.d -o tests/libfuzzer/dav1d_fuzzer.p/dav1d_fuzzer.c.o -c ../tests/libfuzzer/dav1d_fuzzer.c
[5/152] cc -Itools/libdav1d_output.a.p -Itools -I../tools -I. -I.. -Iinclude/dav1d -I../include/dav1d -Iinclude -I../include -fdiagnostics-color=always -DNDEBUG -D_FILE_OFFSET_BITS=64 -Wall -Winvalid-pch -Wextra -std=c99 -D_GNU_SOURCE -fvisibility=hidden -Wundef -Werror=vla -Wno-maybe-uninitialized -Wno-missing-field-initializers -Wno-unused-parameter -Wstrict-prototypes -Werror=missing-prototypes -O2 -m64 -march=x86-64 -mtune=generic -flto=auto -ffat-lto-objects -fPIC -MD -MQ tools/libdav1d_output.a.p/output_yuv.c.o -MF tools/libdav1d_output.a.p/output_yuv.c.o.d -o tools/libdav1d_output.a.p/output_yuv.c.o -c ../tools/output/yuv.c
[6/152] cc -Itools/libdav1d_output.a.p -Itools -I../tools -I. -I.. -Iinclude/dav1d -I../include/dav1d -Iinclude -I../include -fdiagnostics-color=always -DNDEBUG -D_FILE_OFFSET_BITS=64 -Wall -Winvalid-pch -Wextra -std=c99 -D_GNU_SOURCE -fvisibility=hidden -Wundef -Werror=vla -Wno-maybe-uninitialized -Wno-missing-field-initializers -Wno-unused-parameter -Wstrict-prototypes -Werror=missing-prototypes -O2 -m64 -march=x86-64 -mtune=generic -flto=auto -ffat-lto-objects -fPIC -MD -MQ tools/libdav1d_output.a.p/output_y4m2.c.o -MF tools/libdav1d_output.a.p/output_y4m2.c.o.d -o tools/libdav1d_output.a.p/output_y4m2.c.o -c ../tools/output/y4m2.c
[7/152] cc -Itools/libdav1d_output.a.p -Itools -I../tools -I. -I.. -Iinclude/dav1d -I../include/dav1d -Iinclude -I../include -fdiagnostics-color=always -DNDEBUG -D_FILE_OFFSET_BITS=64 -Wall -Winvalid-pch -Wextra -std=c99 -D_GNU_SOURCE -fvisibility=hidden -Wundef -Werror=vla -Wno-maybe-uninitialized -Wno-missing-field-initializers -Wno-unused-parameter -Wstrict-prototypes -Werror=missing-prototypes -O2 -m64 -march=x86-64 -mtune=generic -flto=auto -ffat-lto-objects -fPIC -MD -MQ tools/libdav1d_output.a.p/output_output.c.o -MF tools/libdav1d_output.a.p/output_output.c.o.d -o tools/libdav1d_output.a.p/output_output.c.o -c ../tools/output/output.c
[8/152] cc -Itools/libdav1d_output.a.p -Itools -I../tools -I. -I.. -Iinclude/dav1d -I../include/dav1d -Iinclude -I../include -fdiagnostics-color=always -DNDEBUG -D_FILE_OFFSET_BITS=64 -Wall -Winvalid-pch -Wextra -std=c99 -D_GNU_SOURCE -fvisibility=hidden -Wundef -Werror=vla -Wno-maybe-uninitialized -Wno-missing-field-initializers -Wno-unused-parameter -Wstrict-prototypes -Werror=missing-prototypes -O2 -m64 -march=x86-64 -mtune=generic -flto=auto -ffat-lto-objects -fPIC -MD -MQ tools/libdav1d_output.a.p/output_null.c.o -MF tools/libdav1d_output.a.p/output_null.c.o.d -o tools/libdav1d_output.a.p/output_null.c.o -c ../tools/output/null.c
[9/152] cc -Itools/libdav1d_output.a.p -Itools -I../tools -I. -I.. -Iinclude/dav1d -I../include/dav1d -Iinclude -I../include -fdiagnostics-color=always -DNDEBUG -D_FILE_OFFSET_BITS=64 -Wall -Winvalid-pch -Wextra -std=c99 -D_GNU_SOURCE -fvisibility=hidden -Wundef -Werror=vla -Wno-maybe-uninitialized -Wno-missing-field-initializers -Wno-unused-parameter -Wstrict-prototypes -Werror=missing-prototypes -O2 -m64 -march=x86-64 -mtune=generic -flto=auto -ffat-lto-objects -fPIC -MD -MQ tools/libdav1d_output.a.p/output_md5.c.o -MF tools/libdav1d_output.a.p/output_md5.c.o.d -o tools/libdav1d_output.a.p/output_md5.c.o -c ../tools/output/md5.c
[10/152] cc -Itools/libdav1d_input.a.p -Itools -I../tools -I. -I.. -Iinclude/dav1d -I../include/dav1d -Iinclude -I../include -fdiagnostics-color=always -DNDEBUG -D_FILE_OFFSET_BITS=64 -Wall -Winvalid-pch -Wextra -std=c99 -D_GNU_SOURCE -fvisibility=hidden -Wundef -Werror=vla -Wno-maybe-uninitialized -Wno-missing-field-initializers -Wno-unused-parameter -Wstrict-prototypes -Werror=missing-prototypes -O2 -m64 -march=x86-64 -mtune=generic -flto=auto -ffat-lto-objects -fPIC -MD -MQ tools/libdav1d_input.a.p/input_section5.c.o -MF tools/libdav1d_input.a.p/input_section5.c.o.d -o tools/libdav1d_input.a.p/input_section5.c.o -c ../tools/input/section5.c
[11/152] cc -Itools/libdav1d_input.a.p -Itools -I../tools -I. -I.. -Iinclude/dav1d -I../include/dav1d -Iinclude -I../include -fdiagnostics-color=always -DNDEBUG -D_FILE_OFFSET_BITS=64 -Wall -Winvalid-pch -Wextra -std=c99 -D_GNU_SOURCE -fvisibility=hidden -Wundef -Werror=vla -Wno-maybe-uninitialized -Wno-missing-field-initializers -Wno-unused-parameter -Wstrict-prototypes -Werror=missing-prototypes -O2 -m64 -march=x86-64 -mtune=generic -flto=auto -ffat-lto-objects -fPIC -MD -MQ tools/libdav1d_input.a.p/input_ivf.c.o -MF tools/libdav1d_input.a.p/input_ivf.c.o.d -o tools/libdav1d_input.a.p/input_ivf.c.o -c ../tools/input/ivf.c
[12/152] cc -Itools/libdav1d_input.a.p -Itools -I../tools -I. -I.. -Iinclude/dav1d -I../include/dav1d -Iinclude -I../include -fdiagnostics-color=always -DNDEBUG -D_FILE_OFFSET_BITS=64 -Wall -Winvalid-pch -Wextra -std=c99 -D_GNU_SOURCE -fvisibility=hidden -Wundef -Werror=vla -Wno-maybe-uninitialized -Wno-missing-field-initializers -Wno-unused-parameter -Wstrict-prototypes -Werror=missing-prototypes -O2 -m64 -march=x86-64 -mtune=generic -flto=auto -ffat-lto-objects -fPIC -MD -MQ tools/libdav1d_input.a.p/input_annexb.c.o -MF tools/libdav1d_input.a.p/input_annexb.c.o.d -o tools/libdav1d_input.a.p/input_annexb.c.o -c ../tools/input/annexb.c
[13/152] cc -Itools/libdav1d_input.a.p -Itools -I../tools -I. -I.. -Iinclude/dav1d -I../include/dav1d -Iinclude -I../include -fdiagnostics-color=always -DNDEBUG -D_FILE_OFFSET_BITS=64 -Wall -Winvalid-pch -Wextra -std=c99 -D_GNU_SOURCE -fvisibility=hidden -Wundef -Werror=vla -Wno-maybe-uninitialized -Wno-missing-field-initializers -Wno-unused-parameter -Wstrict-prototypes -Werror=missing-prototypes -O2 -m64 -march=x86-64 -mtune=generic -flto=auto -ffat-lto-objects -fPIC -MD -MQ tools/libdav1d_input.a.p/input_input.c.o -MF tools/libdav1d_input.a.p/input_input.c.o.d -o tools/libdav1d_input.a.p/input_input.c.o -c ../tools/input/input.c
[14/152] cc -Itests/picture.h_test.p -Itests -I../tests -I. -I.. -Iinclude/dav1d -I../include/dav1d -Iinclude -I../include -fdiagnostics-color=always -DNDEBUG -D_FILE_OFFSET_BITS=64 -Wall -Winvalid-pch -Wextra -std=c99 -D_GNU_SOURCE -fvisibility=hidden -Wundef -Werror=vla -Wno-maybe-uninitialized -Wno-missing-field-initializers -Wno-unused-parameter -Wstrict-prototypes -Werror=missing-prototypes -O2 -m64 -march=x86-64 -mtune=generic -flto=auto -ffat-lto-objects -fPIE '-DDAV1D_TEST_HEADER="picture.h"' -Werror=c99-c11-compat -MD -MQ tests/picture.h_test.p/header_test.c.o -MF tests/picture.h_test.p/header_test.c.o.d -o tests/picture.h_test.p/header_test.c.o -c ../tests/header_test.c
[15/152] cc -Itests/headers.h_test.p -Itests -I../tests -I. -I.. -Iinclude/dav1d -I../include/dav1d -Iinclude -I../include -fdiagnostics-color=always -DNDEBUG -D_FILE_OFFSET_BITS=64 -Wall -Winvalid-pch -Wextra -std=c99 -D_GNU_SOURCE -fvisibility=hidden -Wundef -Werror=vla -Wno-maybe-uninitialized -Wno-missing-field-initializers -Wno-unused-parameter -Wstrict-prototypes -Werror=missing-prototypes -O2 -m64 -march=x86-64 -mtune=generic -flto=auto -ffat-lto-objects -fPIE '-DDAV1D_TEST_HEADER="headers.h"' -Werror=c99-c11-compat -MD -MQ tests/headers.h_test.p/header_test.c.o -MF tests/headers.h_test.p/header_test.c.o.d -o tests/headers.h_test.p/header_test.c.o -c ../tests/header_test.c
[16/152] cc  -o tests/headers.h_test tests/headers.h_test.p/header_test.c.o -Wl,--as-needed -Wl,--no-undefined -pie -O2 -m64 -march=x86-64 -mtune=generic -flto=auto -ffat-lto-objects
[17/152] cc  -o tests/picture.h_test tests/picture.h_test.p/header_test.c.o -Wl,--as-needed -Wl,--no-undefined -pie -O2 -m64 -march=x86-64 -mtune=generic -flto=auto -ffat-lto-objects
[18/152] cc -Itests/dav1d.h_test.p -Itests -I../tests -I. -I.. -Iinclude/dav1d -I../include/dav1d -Iinclude -I../include -fdiagnostics-color=always -DNDEBUG -D_FILE_OFFSET_BITS=64 -Wall -Winvalid-pch -Wextra -std=c99 -D_GNU_SOURCE -fvisibility=hidden -Wundef -Werror=vla -Wno-maybe-uninitialized -Wno-missing-field-initializers -Wno-unused-parameter -Wstrict-prototypes -Werror=missing-prototypes -O2 -m64 -march=x86-64 -mtune=generic -flto=auto -ffat-lto-objects -fPIE '-DDAV1D_TEST_HEADER="dav1d.h"' -Werror=c99-c11-compat -MD -MQ tests/dav1d.h_test.p/header_test.c.o -MF tests/dav1d.h_test.p/header_test.c.o.d -o tests/dav1d.h_test.p/header_test.c.o -c ../tests/header_test.c
[19/152] cc -Itests/data.h_test.p -Itests -I../tests -I. -I.. -Iinclude/dav1d -I../include/dav1d -Iinclude -I../include -fdiagnostics-color=always -DNDEBUG -D_FILE_OFFSET_BITS=64 -Wall -Winvalid-pch -Wextra -std=c99 -D_GNU_SOURCE -fvisibility=hidden -Wundef -Werror=vla -Wno-maybe-uninitialized -Wno-missing-field-initializers -Wno-unused-parameter -Wstrict-prototypes -Werror=missing-prototypes -O2 -m64 -march=x86-64 -mtune=generic -flto=auto -ffat-lto-objects -fPIE '-DDAV1D_TEST_HEADER="data.h"' -Werror=c99-c11-compat -MD -MQ tests/data.h_test.p/header_test.c.o -MF tests/data.h_test.p/header_test.c.o.d -o tests/data.h_test.p/header_test.c.o -c ../tests/header_test.c
[20/152] cc  -o tests/dav1d.h_test tests/dav1d.h_test.p/header_test.c.o -Wl,--as-needed -Wl,--no-undefined -pie -O2 -m64 -march=x86-64 -mtune=generic -flto=auto -ffat-lto-objects
[21/152] cc -Itests/common.h_test.p -Itests -I../tests -I. -I.. -Iinclude/dav1d -I../include/dav1d -Iinclude -I../include -fdiagnostics-color=always -DNDEBUG -D_FILE_OFFSET_BITS=64 -Wall -Winvalid-pch -Wextra -std=c99 -D_GNU_SOURCE -fvisibility=hidden -Wundef -Werror=vla -Wno-maybe-uninitialized -Wno-missing-field-initializers -Wno-unused-parameter -Wstrict-prototypes -Werror=missing-prototypes -O2 -m64 -march=x86-64 -mtune=generic -flto=auto -ffat-lto-objects -fPIE '-DDAV1D_TEST_HEADER="common.h"' -Werror=c99-c11-compat -MD -MQ tests/common.h_test.p/header_test.c.o -MF tests/common.h_test.p/header_test.c.o.d -o tests/common.h_test.p/header_test.c.o -c ../tests/header_test.c
[22/152] cc  -o tests/data.h_test tests/data.h_test.p/header_test.c.o -Wl,--as-needed -Wl,--no-undefined -pie -O2 -m64 -march=x86-64 -mtune=generic -flto=auto -ffat-lto-objects
[23/152] cc -Itests/checkasm.p -Itests -I../tests -I. -I.. -Iinclude/dav1d -I../include/dav1d -Iinclude -I../include -fdiagnostics-color=always -DNDEBUG -D_FILE_OFFSET_BITS=64 -Wall -Winvalid-pch -Wextra -std=c99 -D_GNU_SOURCE -fvisibility=hidden -Wundef -Werror=vla -Wno-maybe-uninitialized -Wno-missing-field-initializers -Wno-unused-parameter -Wstrict-prototypes -Werror=missing-prototypes -O2 -m64 -march=x86-64 -mtune=generic -flto=auto -ffat-lto-objects -fPIE -pthread -MD -MQ tests/checkasm.p/checkasm_refmvs.c.o -MF tests/checkasm.p/checkasm_refmvs.c.o.d -o tests/checkasm.p/checkasm_refmvs.c.o -c ../tests/checkasm/refmvs.c
[24/152] cc -Itests/checkasm.p -Itests -I../tests -I. -I.. -Iinclude/dav1d -I../include/dav1d -Iinclude -I../include -fdiagnostics-color=always -DNDEBUG -D_FILE_OFFSET_BITS=64 -Wall -Winvalid-pch -Wextra -std=c99 -D_GNU_SOURCE -fvisibility=hidden -Wundef -Werror=vla -Wno-maybe-uninitialized -Wno-missing-field-initializers -Wno-unused-parameter -Wstrict-prototypes -Werror=missing-prototypes -O2 -m64 -march=x86-64 -mtune=generic -flto=auto -ffat-lto-objects -fPIE -pthread -MD -MQ tests/checkasm.p/checkasm_pal.c.o -MF tests/checkasm.p/checkasm_pal.c.o.d -o tests/checkasm.p/checkasm_pal.c.o -c ../tests/checkasm/pal.c
[25/152] cc  -o tests/common.h_test tests/common.h_test.p/header_test.c.o -Wl,--as-needed -Wl,--no-undefined -pie -O2 -m64 -march=x86-64 -mtune=generic -flto=auto -ffat-lto-objects
[26/152] rm -f tools/libdav1d_input.a && gcc-ar csrDT tools/libdav1d_input.a tools/libdav1d_input.a.p/input_input.c.o tools/libdav1d_input.a.p/input_annexb.c.o tools/libdav1d_input.a.p/input_ivf.c.o tools/libdav1d_input.a.p/input_section5.c.o
[27/152] cc -Itests/checkasm.p -Itests -I../tests -I. -I.. -Iinclude/dav1d -I../include/dav1d -Iinclude -I../include -fdiagnostics-color=always -DNDEBUG -D_FILE_OFFSET_BITS=64 -Wall -Winvalid-pch -Wextra -std=c99 -D_GNU_SOURCE -fvisibility=hidden -Wundef -Werror=vla -Wno-maybe-uninitialized -Wno-missing-field-initializers -Wno-unused-parameter -Wstrict-prototypes -Werror=missing-prototypes -O2 -m64 -march=x86-64 -mtune=generic -flto=auto -ffat-lto-objects -fPIE -pthread -MD -MQ tests/checkasm.p/checkasm_msac.c.o -MF tests/checkasm.p/checkasm_msac.c.o.d -o tests/checkasm.p/checkasm_msac.c.o -c ../tests/checkasm/msac.c
[28/152] cc -Itests/checkasm.p -Itests -I../tests -I. -I.. -Iinclude/dav1d -I../include/dav1d -Iinclude -I../include -fdiagnostics-color=always -DNDEBUG -D_FILE_OFFSET_BITS=64 -Wall -Winvalid-pch -Wextra -std=c99 -D_GNU_SOURCE -fvisibility=hidden -Wundef -Werror=vla -Wno-maybe-uninitialized -Wno-missing-field-initializers -Wno-unused-parameter -Wstrict-prototypes -Werror=missing-prototypes -O2 -m64 -march=x86-64 -mtune=generic -flto=auto -ffat-lto-objects -fPIE -pthread -MD -MQ tests/checkasm.p/checkasm_checkasm.c.o -MF tests/checkasm.p/checkasm_checkasm.c.o.d -o tests/checkasm.p/checkasm_checkasm.c.o -c ../tests/checkasm/checkasm.c
[29/152] rm -f tools/libdav1d_output.a && gcc-ar csrDT tools/libdav1d_output.a tools/libdav1d_output.a.p/output_md5.c.o tools/libdav1d_output.a.p/output_null.c.o tools/libdav1d_output.a.p/output_output.c.o tools/libdav1d_output.a.p/output_y4m2.c.o tools/libdav1d_output.a.p/output_yuv.c.o
[30/152] /usr/bin/meson --internal vcstagger ../include/vcs_version.h.in include/vcs_version.h 1.3.0 /home/devel/building/work/src/dav1d-1.3.0/include @VCS_TAG@ '(.*)' /usr/bin/git --git-dir /home/devel/building/work/src/dav1d-1.3.0/.git describe --long --always
[31/152] /usr/bin/nasm -f elf64 -I /home/devel/building/work/src/dav1d-1.3.0/src/ -I /home/devel/building/work/src/dav1d-1.3.0/build/ -MQ src/libdav1d.so.7.0.0.p/mc16_sse.obj -MF src/libdav1d.so.7.0.0.p/mc16_sse.obj.ndep ../src/x86/mc16_sse.asm -o src/libdav1d.so.7.0.0.p/mc16_sse.obj
[32/152] /usr/bin/nasm -f elf64 -I /home/devel/building/work/src/dav1d-1.3.0/src/ -I /home/devel/building/work/src/dav1d-1.3.0/build/ -MQ src/libdav1d.so.7.0.0.p/looprestoration16_sse.obj -MF src/libdav1d.so.7.0.0.p/looprestoration16_sse.obj.ndep ../src/x86/looprestoration16_sse.asm -o src/libdav1d.so.7.0.0.p/looprestoration16_sse.obj
[33/152] /usr/bin/nasm -f elf64 -I /home/devel/building/work/src/dav1d-1.3.0/src/ -I /home/devel/building/work/src/dav1d-1.3.0/build/ -MQ src/libdav1d.so.7.0.0.p/loopfilter16_sse.obj -MF src/libdav1d.so.7.0.0.p/loopfilter16_sse.obj.ndep ../src/x86/loopfilter16_sse.asm -o src/libdav1d.so.7.0.0.p/loopfilter16_sse.obj
[34/152] /usr/bin/nasm -f elf64 -I /home/devel/building/work/src/dav1d-1.3.0/src/ -I /home/devel/building/work/src/dav1d-1.3.0/build/ -MQ src/libdav1d.so.7.0.0.p/itx16_sse.obj -MF src/libdav1d.so.7.0.0.p/itx16_sse.obj.ndep ../src/x86/itx16_sse.asm -o src/libdav1d.so.7.0.0.p/itx16_sse.obj
fatal: not a git repository: '/home/devel/building/work/src/dav1d-1.3.0/.git'
[35/152] cc -Itests/seek_stress.p -Itests -I../tests -I. -I.. -Iinclude/dav1d -I../include/dav1d -Iinclude -I../include -Itools -I../tools -fdiagnostics-color=always -DNDEBUG -D_FILE_OFFSET_BITS=64 -Wall -Winvalid-pch -Wextra -std=c99 -D_GNU_SOURCE -fvisibility=hidden -Wundef -Werror=vla -Wno-maybe-uninitialized -Wno-missing-field-initializers -Wno-unused-parameter -Wstrict-prototypes -Werror=missing-prototypes -O2 -m64 -march=x86-64 -mtune=generic -flto=auto -ffat-lto-objects -fPIE -pthread -MD -MQ tests/seek_stress.p/seek_stress.c.o -MF tests/seek_stress.p/seek_stress.c.o.d -o tests/seek_stress.p/seek_stress.c.o -c ../tests/seek_stress.c
[36/152] cc -Itools/dav1d.p -Itools -I../tools -I. -I.. -Iinclude/dav1d -I../include/dav1d -Iinclude -I../include -fdiagnostics-color=always -DNDEBUG -D_FILE_OFFSET_BITS=64 -Wall -Winvalid-pch -Wextra -std=c99 -D_GNU_SOURCE -fvisibility=hidden -Wundef -Werror=vla -Wno-maybe-uninitialized -Wno-missing-field-initializers -Wno-unused-parameter -Wstrict-prototypes -Werror=missing-prototypes -O2 -m64 -march=x86-64 -mtune=generic -flto=auto -ffat-lto-objects -fPIE -pthread -MD -MQ tools/dav1d.p/dav1d_cli_parse.c.o -MF tools/dav1d.p/dav1d_cli_parse.c.o.d -o tools/dav1d.p/dav1d_cli_parse.c.o -c ../tools/dav1d_cli_parse.c
[37/152] cc -Itools/dav1d.p -Itools -I../tools -I. -I.. -Iinclude/dav1d -I../include/dav1d -Iinclude -I../include -fdiagnostics-color=always -DNDEBUG -D_FILE_OFFSET_BITS=64 -Wall -Winvalid-pch -Wextra -std=c99 -D_GNU_SOURCE -fvisibility=hidden -Wundef -Werror=vla -Wno-maybe-uninitialized -Wno-missing-field-initializers -Wno-unused-parameter -Wstrict-prototypes -Werror=missing-prototypes -O2 -m64 -march=x86-64 -mtune=generic -flto=auto -ffat-lto-objects -fPIE -pthread -MD -MQ tools/dav1d.p/dav1d.c.o -MF tools/dav1d.p/dav1d.c.o.d -o tools/dav1d.p/dav1d.c.o -c ../tools/dav1d.c
[38/152] cc -Isrc/libdav1d.so.7.0.0.p -Isrc -I../src -I. -I.. -Iinclude/dav1d -I../include/dav1d -Iinclude -I../include -fdiagnostics-color=always -DNDEBUG -D_FILE_OFFSET_BITS=64 -Wall -Winvalid-pch -Wextra -std=c99 -D_GNU_SOURCE -fvisibility=hidden -Wundef -Werror=vla -Wno-maybe-uninitialized -Wno-missing-field-initializers -Wno-unused-parameter -Wstrict-prototypes -Werror=missing-prototypes -O2 -m64 -march=x86-64 -mtune=generic -flto=auto -ffat-lto-objects -fPIC -pthread -MD -MQ src/libdav1d.so.7.0.0.p/x86_cpu.c.o -MF src/libdav1d.so.7.0.0.p/x86_cpu.c.o.d -o src/libdav1d.so.7.0.0.p/x86_cpu.c.o -c ../src/x86/cpu.c
[39/152] cc -Isrc/libdav1d.so.7.0.0.p -Isrc -I../src -I. -I.. -Iinclude/dav1d -I../include/dav1d -Iinclude -I../include -fdiagnostics-color=always -DNDEBUG -D_FILE_OFFSET_BITS=64 -Wall -Winvalid-pch -Wextra -std=c99 -D_GNU_SOURCE -fvisibility=hidden -Wundef -Werror=vla -Wno-maybe-uninitialized -Wno-missing-field-initializers -Wno-unused-parameter -Wstrict-prototypes -Werror=missing-prototypes -O2 -m64 -march=x86-64 -mtune=generic -flto=auto -ffat-lto-objects -fPIC -pthread -MD -MQ src/libdav1d.so.7.0.0.p/wedge.c.o -MF src/libdav1d.so.7.0.0.p/wedge.c.o.d -o src/libdav1d.so.7.0.0.p/wedge.c.o -c ../src/wedge.c
[40/152] cc -Isrc/libdav1d.so.7.0.0.p -Isrc -I../src -I. -I.. -Iinclude/dav1d -I../include/dav1d -Iinclude -I../include -fdiagnostics-color=always -DNDEBUG -D_FILE_OFFSET_BITS=64 -Wall -Winvalid-pch -Wextra -std=c99 -D_GNU_SOURCE -fvisibility=hidden -Wundef -Werror=vla -Wno-maybe-uninitialized -Wno-missing-field-initializers -Wno-unused-parameter -Wstrict-prototypes -Werror=missing-prototypes -O2 -m64 -march=x86-64 -mtune=generic -flto=auto -ffat-lto-objects -fPIC -pthread -MD -MQ src/libdav1d.so.7.0.0.p/warpmv.c.o -MF src/libdav1d.so.7.0.0.p/warpmv.c.o.d -o src/libdav1d.so.7.0.0.p/warpmv.c.o -c ../src/warpmv.c
[41/152] cc -Isrc/libdav1d.so.7.0.0.p -Isrc -I../src -I. -I.. -Iinclude/dav1d -I../include/dav1d -Iinclude -I../include -fdiagnostics-color=always -DNDEBUG -D_FILE_OFFSET_BITS=64 -Wall -Winvalid-pch -Wextra -std=c99 -D_GNU_SOURCE -fvisibility=hidden -Wundef -Werror=vla -Wno-maybe-uninitialized -Wno-missing-field-initializers -Wno-unused-parameter -Wstrict-prototypes -Werror=missing-prototypes -O2 -m64 -march=x86-64 -mtune=generic -flto=auto -ffat-lto-objects -fPIC -pthread -MD -MQ src/libdav1d.so.7.0.0.p/thread_task.c.o -MF src/libdav1d.so.7.0.0.p/thread_task.c.o.d -o src/libdav1d.so.7.0.0.p/thread_task.c.o -c ../src/thread_task.c
[42/152] cc -Isrc/libdav1d.so.7.0.0.p -Isrc -I../src -I. -I.. -Iinclude/dav1d -I../include/dav1d -Iinclude -I../include -fdiagnostics-color=always -DNDEBUG -D_FILE_OFFSET_BITS=64 -Wall -Winvalid-pch -Wextra -std=c99 -D_GNU_SOURCE -fvisibility=hidden -Wundef -Werror=vla -Wno-maybe-uninitialized -Wno-missing-field-initializers -Wno-unused-parameter -Wstrict-prototypes -Werror=missing-prototypes -O2 -m64 -march=x86-64 -mtune=generic -flto=auto -ffat-lto-objects -fPIC -pthread -MD -MQ src/libdav1d.so.7.0.0.p/tables.c.o -MF src/libdav1d.so.7.0.0.p/tables.c.o.d -o src/libdav1d.so.7.0.0.p/tables.c.o -c ../src/tables.c
[43/152] cc -Isrc/libdav1d.so.7.0.0.p -Isrc -I../src -I. -I.. -Iinclude/dav1d -I../include/dav1d -Iinclude -I../include -fdiagnostics-color=always -DNDEBUG -D_FILE_OFFSET_BITS=64 -Wall -Winvalid-pch -Wextra -std=c99 -D_GNU_SOURCE -fvisibility=hidden -Wundef -Werror=vla -Wno-maybe-uninitialized -Wno-missing-field-initializers -Wno-unused-parameter -Wstrict-prototypes -Werror=missing-prototypes -O2 -m64 -march=x86-64 -mtune=generic -flto=auto -ffat-lto-objects -fPIC -pthread -MD -MQ src/libdav1d.so.7.0.0.p/scan.c.o -MF src/libdav1d.so.7.0.0.p/scan.c.o.d -o src/libdav1d.so.7.0.0.p/scan.c.o -c ../src/scan.c
[44/152] cc -Isrc/libdav1d.so.7.0.0.p -Isrc -I../src -I. -I.. -Iinclude/dav1d -I../include/dav1d -Iinclude -I../include -fdiagnostics-color=always -DNDEBUG -D_FILE_OFFSET_BITS=64 -Wall -Winvalid-pch -Wextra -std=c99 -D_GNU_SOURCE -fvisibility=hidden -Wundef -Werror=vla -Wno-maybe-uninitialized -Wno-missing-field-initializers -Wno-unused-parameter -Wstrict-prototypes -Werror=missing-prototypes -O2 -m64 -march=x86-64 -mtune=generic -flto=auto -ffat-lto-objects -fPIC -pthread -MD -MQ src/libdav1d.so.7.0.0.p/refmvs.c.o -MF src/libdav1d.so.7.0.0.p/refmvs.c.o.d -o src/libdav1d.so.7.0.0.p/refmvs.c.o -c ../src/refmvs.c
[45/152] cc -Isrc/libdav1d.so.7.0.0.p -Isrc -I../src -I. -I.. -Iinclude/dav1d -I../include/dav1d -Iinclude -I../include -fdiagnostics-color=always -DNDEBUG -D_FILE_OFFSET_BITS=64 -Wall -Winvalid-pch -Wextra -std=c99 -D_GNU_SOURCE -fvisibility=hidden -Wundef -Werror=vla -Wno-maybe-uninitialized -Wno-missing-field-initializers -Wno-unused-parameter -Wstrict-prototypes -Werror=missing-prototypes -O2 -m64 -march=x86-64 -mtune=generic -flto=auto -ffat-lto-objects -fPIC -pthread -MD -MQ src/libdav1d.so.7.0.0.p/ref.c.o -MF src/libdav1d.so.7.0.0.p/ref.c.o.d -o src/libdav1d.so.7.0.0.p/ref.c.o -c ../src/ref.c
[46/152] cc -Isrc/libdav1d.so.7.0.0.p -Isrc -I../src -I. -I.. -Iinclude/dav1d -I../include/dav1d -Iinclude -I../include -fdiagnostics-color=always -DNDEBUG -D_FILE_OFFSET_BITS=64 -Wall -Winvalid-pch -Wextra -std=c99 -D_GNU_SOURCE -fvisibility=hidden -Wundef -Werror=vla -Wno-maybe-uninitialized -Wno-missing-field-initializers -Wno-unused-parameter -Wstrict-prototypes -Werror=missing-prototypes -O2 -m64 -march=x86-64 -mtune=generic -flto=auto -ffat-lto-objects -fPIC -pthread -MD -MQ src/libdav1d.so.7.0.0.p/qm.c.o -MF src/libdav1d.so.7.0.0.p/qm.c.o.d -o src/libdav1d.so.7.0.0.p/qm.c.o -c ../src/qm.c
[47/152] cc -Isrc/libdav1d.so.7.0.0.p -Isrc -I../src -I. -I.. -Iinclude/dav1d -I../include/dav1d -Iinclude -I../include -fdiagnostics-color=always -DNDEBUG -D_FILE_OFFSET_BITS=64 -Wall -Winvalid-pch -Wextra -std=c99 -D_GNU_SOURCE -fvisibility=hidden -Wundef -Werror=vla -Wno-maybe-uninitialized -Wno-missing-field-initializers -Wno-unused-parameter -Wstrict-prototypes -Werror=missing-prototypes -O2 -m64 -march=x86-64 -mtune=generic -flto=auto -ffat-lto-objects -fPIC -pthread -MD -MQ src/libdav1d.so.7.0.0.p/picture.c.o -MF src/libdav1d.so.7.0.0.p/picture.c.o.d -o src/libdav1d.so.7.0.0.p/picture.c.o -c ../src/picture.c
[48/152] cc -Isrc/libdav1d.so.7.0.0.p -Isrc -I../src -I. -I.. -Iinclude/dav1d -I../include/dav1d -Iinclude -I../include -fdiagnostics-color=always -DNDEBUG -D_FILE_OFFSET_BITS=64 -Wall -Winvalid-pch -Wextra -std=c99 -D_GNU_SOURCE -fvisibility=hidden -Wundef -Werror=vla -Wno-maybe-uninitialized -Wno-missing-field-initializers -Wno-unused-parameter -Wstrict-prototypes -Werror=missing-prototypes -O2 -m64 -march=x86-64 -mtune=generic -flto=auto -ffat-lto-objects -fPIC -pthread -MD -MQ src/libdav1d.so.7.0.0.p/pal.c.o -MF src/libdav1d.so.7.0.0.p/pal.c.o.d -o src/libdav1d.so.7.0.0.p/pal.c.o -c ../src/pal.c
[49/152] cc -Isrc/libdav1d.so.7.0.0.p -Isrc -I../src -I. -I.. -Iinclude/dav1d -I../include/dav1d -Iinclude -I../include -fdiagnostics-color=always -DNDEBUG -D_FILE_OFFSET_BITS=64 -Wall -Winvalid-pch -Wextra -std=c99 -D_GNU_SOURCE -fvisibility=hidden -Wundef -Werror=vla -Wno-maybe-uninitialized -Wno-missing-field-initializers -Wno-unused-parameter -Wstrict-prototypes -Werror=missing-prototypes -O2 -m64 -march=x86-64 -mtune=generic -flto=auto -ffat-lto-objects -fPIC -pthread -MD -MQ src/libdav1d.so.7.0.0.p/obu.c.o -MF src/libdav1d.so.7.0.0.p/obu.c.o.d -o src/libdav1d.so.7.0.0.p/obu.c.o -c ../src/obu.c
[50/152] cc -Isrc/libdav1d.so.7.0.0.p -Isrc -I../src -I. -I.. -Iinclude/dav1d -I../include/dav1d -Iinclude -I../include -fdiagnostics-color=always -DNDEBUG -D_FILE_OFFSET_BITS=64 -Wall -Winvalid-pch -Wextra -std=c99 -D_GNU_SOURCE -fvisibility=hidden -Wundef -Werror=vla -Wno-maybe-uninitialized -Wno-missing-field-initializers -Wno-unused-parameter -Wstrict-prototypes -Werror=missing-prototypes -O2 -m64 -march=x86-64 -mtune=generic -flto=auto -ffat-lto-objects -fPIC -pthread -MD -MQ src/libdav1d.so.7.0.0.p/msac.c.o -MF src/libdav1d.so.7.0.0.p/msac.c.o.d -o src/libdav1d.so.7.0.0.p/msac.c.o -c ../src/msac.c
[51/152] cc -Isrc/libdav1d.so.7.0.0.p -Isrc -I../src -I. -I.. -Iinclude/dav1d -I../include/dav1d -Iinclude -I../include -fdiagnostics-color=always -DNDEBUG -D_FILE_OFFSET_BITS=64 -Wall -Winvalid-pch -Wextra -std=c99 -D_GNU_SOURCE -fvisibility=hidden -Wundef -Werror=vla -Wno-maybe-uninitialized -Wno-missing-field-initializers -Wno-unused-parameter -Wstrict-prototypes -Werror=missing-prototypes -O2 -m64 -march=x86-64 -mtune=generic -flto=auto -ffat-lto-objects -fPIC -pthread -MD -MQ src/libdav1d.so.7.0.0.p/mem.c.o -MF src/libdav1d.so.7.0.0.p/mem.c.o.d -o src/libdav1d.so.7.0.0.p/mem.c.o -c ../src/mem.c
[52/152] cc -Isrc/libdav1d.so.7.0.0.p -Isrc -I../src -I. -I.. -Iinclude/dav1d -I../include/dav1d -Iinclude -I../include -fdiagnostics-color=always -DNDEBUG -D_FILE_OFFSET_BITS=64 -Wall -Winvalid-pch -Wextra -std=c99 -D_GNU_SOURCE -fvisibility=hidden -Wundef -Werror=vla -Wno-maybe-uninitialized -Wno-missing-field-initializers -Wno-unused-parameter -Wstrict-prototypes -Werror=missing-prototypes -O2 -m64 -march=x86-64 -mtune=generic -flto=auto -ffat-lto-objects -fPIC -pthread -MD -MQ src/libdav1d.so.7.0.0.p/log.c.o -MF src/libdav1d.so.7.0.0.p/log.c.o.d -o src/libdav1d.so.7.0.0.p/log.c.o -c ../src/log.c
[53/152] cc -Isrc/libdav1d.so.7.0.0.p -Isrc -I../src -I. -I.. -Iinclude/dav1d -I../include/dav1d -Iinclude -I../include -fdiagnostics-color=always -DNDEBUG -D_FILE_OFFSET_BITS=64 -Wall -Winvalid-pch -Wextra -std=c99 -D_GNU_SOURCE -fvisibility=hidden -Wundef -Werror=vla -Wno-maybe-uninitialized -Wno-missing-field-initializers -Wno-unused-parameter -Wstrict-prototypes -Werror=missing-prototypes -O2 -m64 -march=x86-64 -mtune=generic -flto=auto -ffat-lto-objects -fPIC -pthread -MD -MQ src/libdav1d.so.7.0.0.p/lib.c.o -MF src/libdav1d.so.7.0.0.p/lib.c.o.d -o src/libdav1d.so.7.0.0.p/lib.c.o -c ../src/lib.c
[54/152] cc -Isrc/libdav1d.so.7.0.0.p -Isrc -I../src -I. -I.. -Iinclude/dav1d -I../include/dav1d -Iinclude -I../include -fdiagnostics-color=always -DNDEBUG -D_FILE_OFFSET_BITS=64 -Wall -Winvalid-pch -Wextra -std=c99 -D_GNU_SOURCE -fvisibility=hidden -Wundef -Werror=vla -Wno-maybe-uninitialized -Wno-missing-field-initializers -Wno-unused-parameter -Wstrict-prototypes -Werror=missing-prototypes -O2 -m64 -march=x86-64 -mtune=generic -flto=auto -ffat-lto-objects -fPIC -pthread -MD -MQ src/libdav1d.so.7.0.0.p/lf_mask.c.o -MF src/libdav1d.so.7.0.0.p/lf_mask.c.o.d -o src/libdav1d.so.7.0.0.p/lf_mask.c.o -c ../src/lf_mask.c
[55/152] cc -Isrc/libdav1d.so.7.0.0.p -Isrc -I../src -I. -I.. -Iinclude/dav1d -I../include/dav1d -Iinclude -I../include -fdiagnostics-color=always -DNDEBUG -D_FILE_OFFSET_BITS=64 -Wall -Winvalid-pch -Wextra -std=c99 -D_GNU_SOURCE -fvisibility=hidden -Wundef -Werror=vla -Wno-maybe-uninitialized -Wno-missing-field-initializers -Wno-unused-parameter -Wstrict-prototypes -Werror=missing-prototypes -O2 -m64 -march=x86-64 -mtune=generic -flto=auto -ffat-lto-objects -fPIC -pthread -MD -MQ src/libdav1d.so.7.0.0.p/itx_1d.c.o -MF src/libdav1d.so.7.0.0.p/itx_1d.c.o.d -o src/libdav1d.so.7.0.0.p/itx_1d.c.o -c ../src/itx_1d.c
[56/152] cc -Isrc/libdav1d.so.7.0.0.p -Isrc -I../src -I. -I.. -Iinclude/dav1d -I../include/dav1d -Iinclude -I../include -fdiagnostics-color=always -DNDEBUG -D_FILE_OFFSET_BITS=64 -Wall -Winvalid-pch -Wextra -std=c99 -D_GNU_SOURCE -fvisibility=hidden -Wundef -Werror=vla -Wno-maybe-uninitialized -Wno-missing-field-initializers -Wno-unused-parameter -Wstrict-prototypes -Werror=missing-prototypes -O2 -m64 -march=x86-64 -mtune=generic -flto=auto -ffat-lto-objects -fPIC -pthread -MD -MQ src/libdav1d.so.7.0.0.p/intra_edge.c.o -MF src/libdav1d.so.7.0.0.p/intra_edge.c.o.d -o src/libdav1d.so.7.0.0.p/intra_edge.c.o -c ../src/intra_edge.c
[57/152] cc -Isrc/libdav1d.so.7.0.0.p -Isrc -I../src -I. -I.. -Iinclude/dav1d -I../include/dav1d -Iinclude -I../include -fdiagnostics-color=always -DNDEBUG -D_FILE_OFFSET_BITS=64 -Wall -Winvalid-pch -Wextra -std=c99 -D_GNU_SOURCE -fvisibility=hidden -Wundef -Werror=vla -Wno-maybe-uninitialized -Wno-missing-field-initializers -Wno-unused-parameter -Wstrict-prototypes -Werror=missing-prototypes -O2 -m64 -march=x86-64 -mtune=generic -flto=auto -ffat-lto-objects -fPIC -pthread -MD -MQ src/libdav1d.so.7.0.0.p/getbits.c.o -MF src/libdav1d.so.7.0.0.p/getbits.c.o.d -o src/libdav1d.so.7.0.0.p/getbits.c.o -c ../src/getbits.c
[58/152] cc -Isrc/libdav1d.so.7.0.0.p -Isrc -I../src -I. -I.. -Iinclude/dav1d -I../include/dav1d -Iinclude -I../include -fdiagnostics-color=always -DNDEBUG -D_FILE_OFFSET_BITS=64 -Wall -Winvalid-pch -Wextra -std=c99 -D_GNU_SOURCE -fvisibility=hidden -Wundef -Werror=vla -Wno-maybe-uninitialized -Wno-missing-field-initializers -Wno-unused-parameter -Wstrict-prototypes -Werror=missing-prototypes -O2 -m64 -march=x86-64 -mtune=generic -flto=auto -ffat-lto-objects -fPIC -pthread -MD -MQ src/libdav1d.so.7.0.0.p/dequant_tables.c.o -MF src/libdav1d.so.7.0.0.p/dequant_tables.c.o.d -o src/libdav1d.so.7.0.0.p/dequant_tables.c.o -c ../src/dequant_tables.c
[59/152] cc -Isrc/libdav1d.so.7.0.0.p -Isrc -I../src -I. -I.. -Iinclude/dav1d -I../include/dav1d -Iinclude -I../include -fdiagnostics-color=always -DNDEBUG -D_FILE_OFFSET_BITS=64 -Wall -Winvalid-pch -Wextra -std=c99 -D_GNU_SOURCE -fvisibility=hidden -Wundef -Werror=vla -Wno-maybe-uninitialized -Wno-missing-field-initializers -Wno-unused-parameter -Wstrict-prototypes -Werror=missing-prototypes -O2 -m64 -march=x86-64 -mtune=generic -flto=auto -ffat-lto-objects -fPIC -pthread -MD -MQ src/libdav1d.so.7.0.0.p/decode.c.o -MF src/libdav1d.so.7.0.0.p/decode.c.o.d -o src/libdav1d.so.7.0.0.p/decode.c.o -c ../src/decode.c
[60/152] cc -Isrc/libdav1d.so.7.0.0.p -Isrc -I../src -I. -I.. -Iinclude/dav1d -I../include/dav1d -Iinclude -I../include -fdiagnostics-color=always -DNDEBUG -D_FILE_OFFSET_BITS=64 -Wall -Winvalid-pch -Wextra -std=c99 -D_GNU_SOURCE -fvisibility=hidden -Wundef -Werror=vla -Wno-maybe-uninitialized -Wno-missing-field-initializers -Wno-unused-parameter -Wstrict-prototypes -Werror=missing-prototypes -O2 -m64 -march=x86-64 -mtune=generic -flto=auto -ffat-lto-objects -fPIC -pthread -MD -MQ src/libdav1d.so.7.0.0.p/data.c.o -MF src/libdav1d.so.7.0.0.p/data.c.o.d -o src/libdav1d.so.7.0.0.p/data.c.o -c ../src/data.c
[61/152] cc -Isrc/libdav1d.so.7.0.0.p -Isrc -I../src -I. -I.. -Iinclude/dav1d -I../include/dav1d -Iinclude -I../include -fdiagnostics-color=always -DNDEBUG -D_FILE_OFFSET_BITS=64 -Wall -Winvalid-pch -Wextra -std=c99 -D_GNU_SOURCE -fvisibility=hidden -Wundef -Werror=vla -Wno-maybe-uninitialized -Wno-missing-field-initializers -Wno-unused-parameter -Wstrict-prototypes -Werror=missing-prototypes -O2 -m64 -march=x86-64 -mtune=generic -flto=auto -ffat-lto-objects -fPIC -pthread -MD -MQ src/libdav1d.so.7.0.0.p/cpu.c.o -MF src/libdav1d.so.7.0.0.p/cpu.c.o.d -o src/libdav1d.so.7.0.0.p/cpu.c.o -c ../src/cpu.c
[62/152] cc -Isrc/libdav1d.so.7.0.0.p -Isrc -I../src -I. -I.. -Iinclude/dav1d -I../include/dav1d -Iinclude -I../include -fdiagnostics-color=always -DNDEBUG -D_FILE_OFFSET_BITS=64 -Wall -Winvalid-pch -Wextra -std=c99 -D_GNU_SOURCE -fvisibility=hidden -Wundef -Werror=vla -Wno-maybe-uninitialized -Wno-missing-field-initializers -Wno-unused-parameter -Wstrict-prototypes -Werror=missing-prototypes -O2 -m64 -march=x86-64 -mtune=generic -flto=auto -ffat-lto-objects -fPIC -pthread -MD -MQ src/libdav1d.so.7.0.0.p/cdf.c.o -MF src/libdav1d.so.7.0.0.p/cdf.c.o.d -o src/libdav1d.so.7.0.0.p/cdf.c.o -c ../src/cdf.c
[63/152] /usr/bin/nasm -f elf64 -I /home/devel/building/work/src/dav1d-1.3.0/src/ -I /home/devel/building/work/src/dav1d-1.3.0/build/ -MQ src/libdav1d.so.7.0.0.p/ipred16_sse.obj -MF src/libdav1d.so.7.0.0.p/ipred16_sse.obj.ndep ../src/x86/ipred16_sse.asm -o src/libdav1d.so.7.0.0.p/ipred16_sse.obj
[64/152] /usr/bin/nasm -f elf64 -I /home/devel/building/work/src/dav1d-1.3.0/src/ -I /home/devel/building/work/src/dav1d-1.3.0/build/ -MQ src/libdav1d.so.7.0.0.p/filmgrain16_sse.obj -MF src/libdav1d.so.7.0.0.p/filmgrain16_sse.obj.ndep ../src/x86/filmgrain16_sse.asm -o src/libdav1d.so.7.0.0.p/filmgrain16_sse.obj
[65/152] /usr/bin/nasm -f elf64 -I /home/devel/building/work/src/dav1d-1.3.0/src/ -I /home/devel/building/work/src/dav1d-1.3.0/build/ -MQ src/libdav1d.so.7.0.0.p/cdef16_sse.obj -MF src/libdav1d.so.7.0.0.p/cdef16_sse.obj.ndep ../src/x86/cdef16_sse.asm -o src/libdav1d.so.7.0.0.p/cdef16_sse.obj
[66/152] /usr/bin/nasm -f elf64 -I /home/devel/building/work/src/dav1d-1.3.0/src/ -I /home/devel/building/work/src/dav1d-1.3.0/build/ -MQ src/libdav1d.so.7.0.0.p/mc16_avx2.obj -MF src/libdav1d.so.7.0.0.p/mc16_avx2.obj.ndep ../src/x86/mc16_avx2.asm -o src/libdav1d.so.7.0.0.p/mc16_avx2.obj
[67/152] /usr/bin/nasm -f elf64 -I /home/devel/building/work/src/dav1d-1.3.0/src/ -I /home/devel/building/work/src/dav1d-1.3.0/build/ -MQ src/libdav1d.so.7.0.0.p/looprestoration16_avx2.obj -MF src/libdav1d.so.7.0.0.p/looprestoration16_avx2.obj.ndep ../src/x86/looprestoration16_avx2.asm -o src/libdav1d.so.7.0.0.p/looprestoration16_avx2.obj
[68/152] /usr/bin/nasm -f elf64 -I /home/devel/building/work/src/dav1d-1.3.0/src/ -I /home/devel/building/work/src/dav1d-1.3.0/build/ -MQ src/libdav1d.so.7.0.0.p/loopfilter16_avx2.obj -MF src/libdav1d.so.7.0.0.p/loopfilter16_avx2.obj.ndep ../src/x86/loopfilter16_avx2.asm -o src/libdav1d.so.7.0.0.p/loopfilter16_avx2.obj
[69/152] /usr/bin/nasm -f elf64 -I /home/devel/building/work/src/dav1d-1.3.0/src/ -I /home/devel/building/work/src/dav1d-1.3.0/build/ -MQ src/libdav1d.so.7.0.0.p/itx16_avx2.obj -MF src/libdav1d.so.7.0.0.p/itx16_avx2.obj.ndep ../src/x86/itx16_avx2.asm -o src/libdav1d.so.7.0.0.p/itx16_avx2.obj
[70/152] /usr/bin/nasm -f elf64 -I /home/devel/building/work/src/dav1d-1.3.0/src/ -I /home/devel/building/work/src/dav1d-1.3.0/build/ -MQ src/libdav1d.so.7.0.0.p/ipred16_avx2.obj -MF src/libdav1d.so.7.0.0.p/ipred16_avx2.obj.ndep ../src/x86/ipred16_avx2.asm -o src/libdav1d.so.7.0.0.p/ipred16_avx2.obj
[71/152] /usr/bin/nasm -f elf64 -I /home/devel/building/work/src/dav1d-1.3.0/src/ -I /home/devel/building/work/src/dav1d-1.3.0/build/ -MQ src/libdav1d.so.7.0.0.p/filmgrain16_avx2.obj -MF src/libdav1d.so.7.0.0.p/filmgrain16_avx2.obj.ndep ../src/x86/filmgrain16_avx2.asm -o src/libdav1d.so.7.0.0.p/filmgrain16_avx2.obj
[72/152] /usr/bin/nasm -f elf64 -I /home/devel/building/work/src/dav1d-1.3.0/src/ -I /home/devel/building/work/src/dav1d-1.3.0/build/ -MQ src/libdav1d.so.7.0.0.p/cdef16_avx2.obj -MF src/libdav1d.so.7.0.0.p/cdef16_avx2.obj.ndep ../src/x86/cdef16_avx2.asm -o src/libdav1d.so.7.0.0.p/cdef16_avx2.obj
[73/152] /usr/bin/nasm -f elf64 -I /home/devel/building/work/src/dav1d-1.3.0/src/ -I /home/devel/building/work/src/dav1d-1.3.0/build/ -MQ src/libdav1d.so.7.0.0.p/mc16_avx512.obj -MF src/libdav1d.so.7.0.0.p/mc16_avx512.obj.ndep ../src/x86/mc16_avx512.asm -o src/libdav1d.so.7.0.0.p/mc16_avx512.obj
[74/152] /usr/bin/nasm -f elf64 -I /home/devel/building/work/src/dav1d-1.3.0/src/ -I /home/devel/building/work/src/dav1d-1.3.0/build/ -MQ src/libdav1d.so.7.0.0.p/looprestoration16_avx512.obj -MF src/libdav1d.so.7.0.0.p/looprestoration16_avx512.obj.ndep ../src/x86/looprestoration16_avx512.asm -o src/libdav1d.so.7.0.0.p/looprestoration16_avx512.obj
[75/152] /usr/bin/nasm -f elf64 -I /home/devel/building/work/src/dav1d-1.3.0/src/ -I /home/devel/building/work/src/dav1d-1.3.0/build/ -MQ src/libdav1d.so.7.0.0.p/loopfilter16_avx512.obj -MF src/libdav1d.so.7.0.0.p/loopfilter16_avx512.obj.ndep ../src/x86/loopfilter16_avx512.asm -o src/libdav1d.so.7.0.0.p/loopfilter16_avx512.obj
[76/152] /usr/bin/nasm -f elf64 -I /home/devel/building/work/src/dav1d-1.3.0/src/ -I /home/devel/building/work/src/dav1d-1.3.0/build/ -MQ src/libdav1d.so.7.0.0.p/itx16_avx512.obj -MF src/libdav1d.so.7.0.0.p/itx16_avx512.obj.ndep ../src/x86/itx16_avx512.asm -o src/libdav1d.so.7.0.0.p/itx16_avx512.obj
[77/152] /usr/bin/nasm -f elf64 -I /home/devel/building/work/src/dav1d-1.3.0/src/ -I /home/devel/building/work/src/dav1d-1.3.0/build/ -MQ src/libdav1d.so.7.0.0.p/ipred16_avx512.obj -MF src/libdav1d.so.7.0.0.p/ipred16_avx512.obj.ndep ../src/x86/ipred16_avx512.asm -o src/libdav1d.so.7.0.0.p/ipred16_avx512.obj
[78/152] /usr/bin/nasm -f elf64 -I /home/devel/building/work/src/dav1d-1.3.0/src/ -I /home/devel/building/work/src/dav1d-1.3.0/build/ -MQ src/libdav1d.so.7.0.0.p/filmgrain16_avx512.obj -MF src/libdav1d.so.7.0.0.p/filmgrain16_avx512.obj.ndep ../src/x86/filmgrain16_avx512.asm -o src/libdav1d.so.7.0.0.p/filmgrain16_avx512.obj
[79/152] /usr/bin/nasm -f elf64 -I /home/devel/building/work/src/dav1d-1.3.0/src/ -I /home/devel/building/work/src/dav1d-1.3.0/build/ -MQ src/libdav1d.so.7.0.0.p/cdef16_avx512.obj -MF src/libdav1d.so.7.0.0.p/cdef16_avx512.obj.ndep ../src/x86/cdef16_avx512.asm -o src/libdav1d.so.7.0.0.p/cdef16_avx512.obj
[80/152] /usr/bin/nasm -f elf64 -I /home/devel/building/work/src/dav1d-1.3.0/src/ -I /home/devel/building/work/src/dav1d-1.3.0/build/ -MQ src/libdav1d.so.7.0.0.p/mc_sse.obj -MF src/libdav1d.so.7.0.0.p/mc_sse.obj.ndep ../src/x86/mc_sse.asm -o src/libdav1d.so.7.0.0.p/mc_sse.obj
[81/152] /usr/bin/nasm -f elf64 -I /home/devel/building/work/src/dav1d-1.3.0/src/ -I /home/devel/building/work/src/dav1d-1.3.0/build/ -MQ src/libdav1d.so.7.0.0.p/looprestoration_sse.obj -MF src/libdav1d.so.7.0.0.p/looprestoration_sse.obj.ndep ../src/x86/looprestoration_sse.asm -o src/libdav1d.so.7.0.0.p/looprestoration_sse.obj
[82/152] /usr/bin/nasm -f elf64 -I /home/devel/building/work/src/dav1d-1.3.0/src/ -I /home/devel/building/work/src/dav1d-1.3.0/build/ -MQ src/libdav1d.so.7.0.0.p/loopfilter_sse.obj -MF src/libdav1d.so.7.0.0.p/loopfilter_sse.obj.ndep ../src/x86/loopfilter_sse.asm -o src/libdav1d.so.7.0.0.p/loopfilter_sse.obj
[83/152] /usr/bin/nasm -f elf64 -I /home/devel/building/work/src/dav1d-1.3.0/src/ -I /home/devel/building/work/src/dav1d-1.3.0/build/ -MQ src/libdav1d.so.7.0.0.p/ipred_sse.obj -MF src/libdav1d.so.7.0.0.p/ipred_sse.obj.ndep ../src/x86/ipred_sse.asm -o src/libdav1d.so.7.0.0.p/ipred_sse.obj
[84/152] /usr/bin/nasm -f elf64 -I /home/devel/building/work/src/dav1d-1.3.0/src/ -I /home/devel/building/work/src/dav1d-1.3.0/build/ -MQ src/libdav1d.so.7.0.0.p/filmgrain_sse.obj -MF src/libdav1d.so.7.0.0.p/filmgrain_sse.obj.ndep ../src/x86/filmgrain_sse.asm -o src/libdav1d.so.7.0.0.p/filmgrain_sse.obj
[85/152] /usr/bin/nasm -f elf64 -I /home/devel/building/work/src/dav1d-1.3.0/src/ -I /home/devel/building/work/src/dav1d-1.3.0/build/ -MQ src/libdav1d.so.7.0.0.p/mc_avx2.obj -MF src/libdav1d.so.7.0.0.p/mc_avx2.obj.ndep ../src/x86/mc_avx2.asm -o src/libdav1d.so.7.0.0.p/mc_avx2.obj
[86/152] /usr/bin/nasm -f elf64 -I /home/devel/building/work/src/dav1d-1.3.0/src/ -I /home/devel/building/work/src/dav1d-1.3.0/build/ -MQ src/libdav1d.so.7.0.0.p/loopfilter_avx2.obj -MF src/libdav1d.so.7.0.0.p/loopfilter_avx2.obj.ndep ../src/x86/loopfilter_avx2.asm -o src/libdav1d.so.7.0.0.p/loopfilter_avx2.obj
[87/152] /usr/bin/nasm -f elf64 -I /home/devel/building/work/src/dav1d-1.3.0/src/ -I /home/devel/building/work/src/dav1d-1.3.0/build/ -MQ src/libdav1d.so.7.0.0.p/ipred_avx2.obj -MF src/libdav1d.so.7.0.0.p/ipred_avx2.obj.ndep ../src/x86/ipred_avx2.asm -o src/libdav1d.so.7.0.0.p/ipred_avx2.obj
[88/152] /usr/bin/nasm -f elf64 -I /home/devel/building/work/src/dav1d-1.3.0/src/ -I /home/devel/building/work/src/dav1d-1.3.0/build/ -MQ src/libdav1d.so.7.0.0.p/filmgrain_avx2.obj -MF src/libdav1d.so.7.0.0.p/filmgrain_avx2.obj.ndep ../src/x86/filmgrain_avx2.asm -o src/libdav1d.so.7.0.0.p/filmgrain_avx2.obj
[89/152] /usr/bin/nasm -f elf64 -I /home/devel/building/work/src/dav1d-1.3.0/src/ -I /home/devel/building/work/src/dav1d-1.3.0/build/ -MQ src/libdav1d.so.7.0.0.p/mc_avx512.obj -MF src/libdav1d.so.7.0.0.p/mc_avx512.obj.ndep ../src/x86/mc_avx512.asm -o src/libdav1d.so.7.0.0.p/mc_avx512.obj
[90/152] /usr/bin/nasm -f elf64 -I /home/devel/building/work/src/dav1d-1.3.0/src/ -I /home/devel/building/work/src/dav1d-1.3.0/build/ -MQ src/libdav1d.so.7.0.0.p/looprestoration_avx512.obj -MF src/libdav1d.so.7.0.0.p/looprestoration_avx512.obj.ndep ../src/x86/looprestoration_avx512.asm -o src/libdav1d.so.7.0.0.p/looprestoration_avx512.obj
[91/152] /usr/bin/nasm -f elf64 -I /home/devel/building/work/src/dav1d-1.3.0/src/ -I /home/devel/building/work/src/dav1d-1.3.0/build/ -MQ src/libdav1d.so.7.0.0.p/loopfilter_avx512.obj -MF src/libdav1d.so.7.0.0.p/loopfilter_avx512.obj.ndep ../src/x86/loopfilter_avx512.asm -o src/libdav1d.so.7.0.0.p/loopfilter_avx512.obj
[92/152] /usr/bin/nasm -f elf64 -I /home/devel/building/work/src/dav1d-1.3.0/src/ -I /home/devel/building/work/src/dav1d-1.3.0/build/ -MQ src/libdav1d.so.7.0.0.p/ipred_avx512.obj -MF src/libdav1d.so.7.0.0.p/ipred_avx512.obj.ndep ../src/x86/ipred_avx512.asm -o src/libdav1d.so.7.0.0.p/ipred_avx512.obj
[93/152] /usr/bin/nasm -f elf64 -I /home/devel/building/work/src/dav1d-1.3.0/src/ -I /home/devel/building/work/src/dav1d-1.3.0/build/ -MQ src/libdav1d.so.7.0.0.p/filmgrain_avx512.obj -MF src/libdav1d.so.7.0.0.p/filmgrain_avx512.obj.ndep ../src/x86/filmgrain_avx512.asm -o src/libdav1d.so.7.0.0.p/filmgrain_avx512.obj
[94/152] /usr/bin/nasm -f elf64 -I /home/devel/building/work/src/dav1d-1.3.0/src/ -I /home/devel/building/work/src/dav1d-1.3.0/build/ -MQ src/libdav1d.so.7.0.0.p/cdef_avx512.obj -MF src/libdav1d.so.7.0.0.p/cdef_avx512.obj.ndep ../src/x86/cdef_avx512.asm -o src/libdav1d.so.7.0.0.p/cdef_avx512.obj
[95/152] /usr/bin/nasm -f elf64 -I /home/devel/building/work/src/dav1d-1.3.0/src/ -I /home/devel/building/work/src/dav1d-1.3.0/build/ -MQ src/libdav1d.so.7.0.0.p/itx_sse.obj -MF src/libdav1d.so.7.0.0.p/itx_sse.obj.ndep ../src/x86/itx_sse.asm -o src/libdav1d.so.7.0.0.p/itx_sse.obj
[96/152] /usr/bin/nasm -f elf64 -I /home/devel/building/work/src/dav1d-1.3.0/src/ -I /home/devel/building/work/src/dav1d-1.3.0/build/ -MQ src/libdav1d.so.7.0.0.p/cdef_sse.obj -MF src/libdav1d.so.7.0.0.p/cdef_sse.obj.ndep ../src/x86/cdef_sse.asm -o src/libdav1d.so.7.0.0.p/cdef_sse.obj
[97/152] /usr/bin/nasm -f elf64 -I /home/devel/building/work/src/dav1d-1.3.0/src/ -I /home/devel/building/work/src/dav1d-1.3.0/build/ -MQ src/libdav1d.so.7.0.0.p/looprestoration_avx2.obj -MF src/libdav1d.so.7.0.0.p/looprestoration_avx2.obj.ndep ../src/x86/looprestoration_avx2.asm -o src/libdav1d.so.7.0.0.p/looprestoration_avx2.obj
[98/152] /usr/bin/nasm -f elf64 -I /home/devel/building/work/src/dav1d-1.3.0/src/ -I /home/devel/building/work/src/dav1d-1.3.0/build/ -MQ src/libdav1d.so.7.0.0.p/itx_avx2.obj -MF src/libdav1d.so.7.0.0.p/itx_avx2.obj.ndep ../src/x86/itx_avx2.asm -o src/libdav1d.so.7.0.0.p/itx_avx2.obj
[99/152] /usr/bin/nasm -f elf64 -I /home/devel/building/work/src/dav1d-1.3.0/src/ -I /home/devel/building/work/src/dav1d-1.3.0/build/ -MQ src/libdav1d.so.7.0.0.p/cdef_avx2.obj -MF src/libdav1d.so.7.0.0.p/cdef_avx2.obj.ndep ../src/x86/cdef_avx2.asm -o src/libdav1d.so.7.0.0.p/cdef_avx2.obj
[100/152] /usr/bin/nasm -f elf64 -I /home/devel/building/work/src/dav1d-1.3.0/src/ -I /home/devel/building/work/src/dav1d-1.3.0/build/ -MQ src/libdav1d.so.7.0.0.p/itx_avx512.obj -MF src/libdav1d.so.7.0.0.p/itx_avx512.obj.ndep ../src/x86/itx_avx512.asm -o src/libdav1d.so.7.0.0.p/itx_avx512.obj
[101/152] /usr/bin/nasm -f elf64 -I /home/devel/building/work/src/dav1d-1.3.0/src/ -I /home/devel/building/work/src/dav1d-1.3.0/build/ -MQ src/libdav1d.so.7.0.0.p/refmvs.obj -MF src/libdav1d.so.7.0.0.p/refmvs.obj.ndep ../src/x86/refmvs.asm -o src/libdav1d.so.7.0.0.p/refmvs.obj
[102/152] /usr/bin/nasm -f elf64 -I /home/devel/building/work/src/dav1d-1.3.0/src/ -I /home/devel/building/work/src/dav1d-1.3.0/build/ -MQ src/libdav1d.so.7.0.0.p/pal.obj -MF src/libdav1d.so.7.0.0.p/pal.obj.ndep ../src/x86/pal.asm -o src/libdav1d.so.7.0.0.p/pal.obj
[103/152] /usr/bin/nasm -f elf64 -I /home/devel/building/work/src/dav1d-1.3.0/src/ -I /home/devel/building/work/src/dav1d-1.3.0/build/ -MQ src/libdav1d.so.7.0.0.p/msac.obj -MF src/libdav1d.so.7.0.0.p/msac.obj.ndep ../src/x86/msac.asm -o src/libdav1d.so.7.0.0.p/msac.obj
[104/152] /usr/bin/nasm -f elf64 -I /home/devel/building/work/src/dav1d-1.3.0/src/ -I /home/devel/building/work/src/dav1d-1.3.0/build/ -MQ src/libdav1d.so.7.0.0.p/cpuid.obj -MF src/libdav1d.so.7.0.0.p/cpuid.obj.ndep ../src/x86/cpuid.asm -o src/libdav1d.so.7.0.0.p/cpuid.obj
[105/152] cc -Isrc/libdav1d_bitdepth_16.a.p -Isrc -I../src -I. -I.. -Iinclude/dav1d -I../include/dav1d -Iinclude -I../include -fdiagnostics-color=always -DNDEBUG -D_FILE_OFFSET_BITS=64 -Wall -Winvalid-pch -Wextra -std=c99 -D_GNU_SOURCE -fvisibility=hidden -Wundef -Werror=vla -Wno-maybe-uninitialized -Wno-missing-field-initializers -Wno-unused-parameter -Wstrict-prototypes -Werror=missing-prototypes -O2 -m64 -march=x86-64 -mtune=generic -flto=auto -ffat-lto-objects -fPIC -DBITDEPTH=16 -MD -MQ src/libdav1d_bitdepth_16.a.p/recon_tmpl.c.o -MF src/libdav1d_bitdepth_16.a.p/recon_tmpl.c.o.d -o src/libdav1d_bitdepth_16.a.p/recon_tmpl.c.o -c ../src/recon_tmpl.c
[106/152] cc -Isrc/libdav1d_bitdepth_16.a.p -Isrc -I../src -I. -I.. -Iinclude/dav1d -I../include/dav1d -Iinclude -I../include -fdiagnostics-color=always -DNDEBUG -D_FILE_OFFSET_BITS=64 -Wall -Winvalid-pch -Wextra -std=c99 -D_GNU_SOURCE -fvisibility=hidden -Wundef -Werror=vla -Wno-maybe-uninitialized -Wno-missing-field-initializers -Wno-unused-parameter -Wstrict-prototypes -Werror=missing-prototypes -O2 -m64 -march=x86-64 -mtune=generic -flto=auto -ffat-lto-objects -fPIC -DBITDEPTH=16 -MD -MQ src/libdav1d_bitdepth_16.a.p/mc_tmpl.c.o -MF src/libdav1d_bitdepth_16.a.p/mc_tmpl.c.o.d -o src/libdav1d_bitdepth_16.a.p/mc_tmpl.c.o -c ../src/mc_tmpl.c
[107/152] cc -Isrc/libdav1d_bitdepth_16.a.p -Isrc -I../src -I. -I.. -Iinclude/dav1d -I../include/dav1d -Iinclude -I../include -fdiagnostics-color=always -DNDEBUG -D_FILE_OFFSET_BITS=64 -Wall -Winvalid-pch -Wextra -std=c99 -D_GNU_SOURCE -fvisibility=hidden -Wundef -Werror=vla -Wno-maybe-uninitialized -Wno-missing-field-initializers -Wno-unused-parameter -Wstrict-prototypes -Werror=missing-prototypes -O2 -m64 -march=x86-64 -mtune=generic -flto=auto -ffat-lto-objects -fPIC -DBITDEPTH=16 -MD -MQ src/libdav1d_bitdepth_16.a.p/lr_apply_tmpl.c.o -MF src/libdav1d_bitdepth_16.a.p/lr_apply_tmpl.c.o.d -o src/libdav1d_bitdepth_16.a.p/lr_apply_tmpl.c.o -c ../src/lr_apply_tmpl.c
[108/152] cc -Isrc/libdav1d_bitdepth_16.a.p -Isrc -I../src -I. -I.. -Iinclude/dav1d -I../include/dav1d -Iinclude -I../include -fdiagnostics-color=always -DNDEBUG -D_FILE_OFFSET_BITS=64 -Wall -Winvalid-pch -Wextra -std=c99 -D_GNU_SOURCE -fvisibility=hidden -Wundef -Werror=vla -Wno-maybe-uninitialized -Wno-missing-field-initializers -Wno-unused-parameter -Wstrict-prototypes -Werror=missing-prototypes -O2 -m64 -march=x86-64 -mtune=generic -flto=auto -ffat-lto-objects -fPIC -DBITDEPTH=16 -MD -MQ src/libdav1d_bitdepth_16.a.p/looprestoration_tmpl.c.o -MF src/libdav1d_bitdepth_16.a.p/looprestoration_tmpl.c.o.d -o src/libdav1d_bitdepth_16.a.p/looprestoration_tmpl.c.o -c ../src/looprestoration_tmpl.c
[109/152] cc -Isrc/libdav1d_bitdepth_16.a.p -Isrc -I../src -I. -I.. -Iinclude/dav1d -I../include/dav1d -Iinclude -I../include -fdiagnostics-color=always -DNDEBUG -D_FILE_OFFSET_BITS=64 -Wall -Winvalid-pch -Wextra -std=c99 -D_GNU_SOURCE -fvisibility=hidden -Wundef -Werror=vla -Wno-maybe-uninitialized -Wno-missing-field-initializers -Wno-unused-parameter -Wstrict-prototypes -Werror=missing-prototypes -O2 -m64 -march=x86-64 -mtune=generic -flto=auto -ffat-lto-objects -fPIC -DBITDEPTH=16 -MD -MQ src/libdav1d_bitdepth_16.a.p/loopfilter_tmpl.c.o -MF src/libdav1d_bitdepth_16.a.p/loopfilter_tmpl.c.o.d -o src/libdav1d_bitdepth_16.a.p/loopfilter_tmpl.c.o -c ../src/loopfilter_tmpl.c
[110/152] cc -Isrc/libdav1d_bitdepth_16.a.p -Isrc -I../src -I. -I.. -Iinclude/dav1d -I../include/dav1d -Iinclude -I../include -fdiagnostics-color=always -DNDEBUG -D_FILE_OFFSET_BITS=64 -Wall -Winvalid-pch -Wextra -std=c99 -D_GNU_SOURCE -fvisibility=hidden -Wundef -Werror=vla -Wno-maybe-uninitialized -Wno-missing-field-initializers -Wno-unused-parameter -Wstrict-prototypes -Werror=missing-prototypes -O2 -m64 -march=x86-64 -mtune=generic -flto=auto -ffat-lto-objects -fPIC -DBITDEPTH=16 -MD -MQ src/libdav1d_bitdepth_16.a.p/lf_apply_tmpl.c.o -MF src/libdav1d_bitdepth_16.a.p/lf_apply_tmpl.c.o.d -o src/libdav1d_bitdepth_16.a.p/lf_apply_tmpl.c.o -c ../src/lf_apply_tmpl.c
[111/152] cc -Isrc/libdav1d_bitdepth_16.a.p -Isrc -I../src -I. -I.. -Iinclude/dav1d -I../include/dav1d -Iinclude -I../include -fdiagnostics-color=always -DNDEBUG -D_FILE_OFFSET_BITS=64 -Wall -Winvalid-pch -Wextra -std=c99 -D_GNU_SOURCE -fvisibility=hidden -Wundef -Werror=vla -Wno-maybe-uninitialized -Wno-missing-field-initializers -Wno-unused-parameter -Wstrict-prototypes -Werror=missing-prototypes -O2 -m64 -march=x86-64 -mtune=generic -flto=auto -ffat-lto-objects -fPIC -DBITDEPTH=16 -MD -MQ src/libdav1d_bitdepth_16.a.p/itx_tmpl.c.o -MF src/libdav1d_bitdepth_16.a.p/itx_tmpl.c.o.d -o src/libdav1d_bitdepth_16.a.p/itx_tmpl.c.o -c ../src/itx_tmpl.c
[112/152] cc -Isrc/libdav1d_bitdepth_16.a.p -Isrc -I../src -I. -I.. -Iinclude/dav1d -I../include/dav1d -Iinclude -I../include -fdiagnostics-color=always -DNDEBUG -D_FILE_OFFSET_BITS=64 -Wall -Winvalid-pch -Wextra -std=c99 -D_GNU_SOURCE -fvisibility=hidden -Wundef -Werror=vla -Wno-maybe-uninitialized -Wno-missing-field-initializers -Wno-unused-parameter -Wstrict-prototypes -Werror=missing-prototypes -O2 -m64 -march=x86-64 -mtune=generic -flto=auto -ffat-lto-objects -fPIC -DBITDEPTH=16 -MD -MQ src/libdav1d_bitdepth_16.a.p/ipred_tmpl.c.o -MF src/libdav1d_bitdepth_16.a.p/ipred_tmpl.c.o.d -o src/libdav1d_bitdepth_16.a.p/ipred_tmpl.c.o -c ../src/ipred_tmpl.c
[113/152] cc -Isrc/libdav1d_bitdepth_16.a.p -Isrc -I../src -I. -I.. -Iinclude/dav1d -I../include/dav1d -Iinclude -I../include -fdiagnostics-color=always -DNDEBUG -D_FILE_OFFSET_BITS=64 -Wall -Winvalid-pch -Wextra -std=c99 -D_GNU_SOURCE -fvisibility=hidden -Wundef -Werror=vla -Wno-maybe-uninitialized -Wno-missing-field-initializers -Wno-unused-parameter -Wstrict-prototypes -Werror=missing-prototypes -O2 -m64 -march=x86-64 -mtune=generic -flto=auto -ffat-lto-objects -fPIC -DBITDEPTH=16 -MD -MQ src/libdav1d_bitdepth_16.a.p/ipred_prepare_tmpl.c.o -MF src/libdav1d_bitdepth_16.a.p/ipred_prepare_tmpl.c.o.d -o src/libdav1d_bitdepth_16.a.p/ipred_prepare_tmpl.c.o -c ../src/ipred_prepare_tmpl.c
[114/152] cc -Isrc/libdav1d_bitdepth_16.a.p -Isrc -I../src -I. -I.. -Iinclude/dav1d -I../include/dav1d -Iinclude -I../include -fdiagnostics-color=always -DNDEBUG -D_FILE_OFFSET_BITS=64 -Wall -Winvalid-pch -Wextra -std=c99 -D_GNU_SOURCE -fvisibility=hidden -Wundef -Werror=vla -Wno-maybe-uninitialized -Wno-missing-field-initializers -Wno-unused-parameter -Wstrict-prototypes -Werror=missing-prototypes -O2 -m64 -march=x86-64 -mtune=generic -flto=auto -ffat-lto-objects -fPIC -DBITDEPTH=16 -MD -MQ src/libdav1d_bitdepth_16.a.p/filmgrain_tmpl.c.o -MF src/libdav1d_bitdepth_16.a.p/filmgrain_tmpl.c.o.d -o src/libdav1d_bitdepth_16.a.p/filmgrain_tmpl.c.o -c ../src/filmgrain_tmpl.c
[115/152] cc -Isrc/libdav1d_bitdepth_16.a.p -Isrc -I../src -I. -I.. -Iinclude/dav1d -I../include/dav1d -Iinclude -I../include -fdiagnostics-color=always -DNDEBUG -D_FILE_OFFSET_BITS=64 -Wall -Winvalid-pch -Wextra -std=c99 -D_GNU_SOURCE -fvisibility=hidden -Wundef -Werror=vla -Wno-maybe-uninitialized -Wno-missing-field-initializers -Wno-unused-parameter -Wstrict-prototypes -Werror=missing-prototypes -O2 -m64 -march=x86-64 -mtune=generic -flto=auto -ffat-lto-objects -fPIC -DBITDEPTH=16 -MD -MQ src/libdav1d_bitdepth_16.a.p/fg_apply_tmpl.c.o -MF src/libdav1d_bitdepth_16.a.p/fg_apply_tmpl.c.o.d -o src/libdav1d_bitdepth_16.a.p/fg_apply_tmpl.c.o -c ../src/fg_apply_tmpl.c
[116/152] cc -Isrc/libdav1d_bitdepth_16.a.p -Isrc -I../src -I. -I.. -Iinclude/dav1d -I../include/dav1d -Iinclude -I../include -fdiagnostics-color=always -DNDEBUG -D_FILE_OFFSET_BITS=64 -Wall -Winvalid-pch -Wextra -std=c99 -D_GNU_SOURCE -fvisibility=hidden -Wundef -Werror=vla -Wno-maybe-uninitialized -Wno-missing-field-initializers -Wno-unused-parameter -Wstrict-prototypes -Werror=missing-prototypes -O2 -m64 -march=x86-64 -mtune=generic -flto=auto -ffat-lto-objects -fPIC -DBITDEPTH=16 -MD -MQ src/libdav1d_bitdepth_16.a.p/cdef_tmpl.c.o -MF src/libdav1d_bitdepth_16.a.p/cdef_tmpl.c.o.d -o src/libdav1d_bitdepth_16.a.p/cdef_tmpl.c.o -c ../src/cdef_tmpl.c
[117/152] cc -Isrc/libdav1d_bitdepth_16.a.p -Isrc -I../src -I. -I.. -Iinclude/dav1d -I../include/dav1d -Iinclude -I../include -fdiagnostics-color=always -DNDEBUG -D_FILE_OFFSET_BITS=64 -Wall -Winvalid-pch -Wextra -std=c99 -D_GNU_SOURCE -fvisibility=hidden -Wundef -Werror=vla -Wno-maybe-uninitialized -Wno-missing-field-initializers -Wno-unused-parameter -Wstrict-prototypes -Werror=missing-prototypes -O2 -m64 -march=x86-64 -mtune=generic -flto=auto -ffat-lto-objects -fPIC -DBITDEPTH=16 -MD -MQ src/libdav1d_bitdepth_16.a.p/cdef_apply_tmpl.c.o -MF src/libdav1d_bitdepth_16.a.p/cdef_apply_tmpl.c.o.d -o src/libdav1d_bitdepth_16.a.p/cdef_apply_tmpl.c.o -c ../src/cdef_apply_tmpl.c
[118/152] cc -Isrc/libdav1d_bitdepth_8.a.p -Isrc -I../src -I. -I.. -Iinclude/dav1d -I../include/dav1d -Iinclude -I../include -fdiagnostics-color=always -DNDEBUG -D_FILE_OFFSET_BITS=64 -Wall -Winvalid-pch -Wextra -std=c99 -D_GNU_SOURCE -fvisibility=hidden -Wundef -Werror=vla -Wno-maybe-uninitialized -Wno-missing-field-initializers -Wno-unused-parameter -Wstrict-prototypes -Werror=missing-prototypes -O2 -m64 -march=x86-64 -mtune=generic -flto=auto -ffat-lto-objects -fPIC -DBITDEPTH=8 -MD -MQ src/libdav1d_bitdepth_8.a.p/recon_tmpl.c.o -MF src/libdav1d_bitdepth_8.a.p/recon_tmpl.c.o.d -o src/libdav1d_bitdepth_8.a.p/recon_tmpl.c.o -c ../src/recon_tmpl.c
[119/152] cc -Isrc/libdav1d_bitdepth_8.a.p -Isrc -I../src -I. -I.. -Iinclude/dav1d -I../include/dav1d -Iinclude -I../include -fdiagnostics-color=always -DNDEBUG -D_FILE_OFFSET_BITS=64 -Wall -Winvalid-pch -Wextra -std=c99 -D_GNU_SOURCE -fvisibility=hidden -Wundef -Werror=vla -Wno-maybe-uninitialized -Wno-missing-field-initializers -Wno-unused-parameter -Wstrict-prototypes -Werror=missing-prototypes -O2 -m64 -march=x86-64 -mtune=generic -flto=auto -ffat-lto-objects -fPIC -DBITDEPTH=8 -MD -MQ src/libdav1d_bitdepth_8.a.p/mc_tmpl.c.o -MF src/libdav1d_bitdepth_8.a.p/mc_tmpl.c.o.d -o src/libdav1d_bitdepth_8.a.p/mc_tmpl.c.o -c ../src/mc_tmpl.c
[120/152] cc -Isrc/libdav1d_bitdepth_8.a.p -Isrc -I../src -I. -I.. -Iinclude/dav1d -I../include/dav1d -Iinclude -I../include -fdiagnostics-color=always -DNDEBUG -D_FILE_OFFSET_BITS=64 -Wall -Winvalid-pch -Wextra -std=c99 -D_GNU_SOURCE -fvisibility=hidden -Wundef -Werror=vla -Wno-maybe-uninitialized -Wno-missing-field-initializers -Wno-unused-parameter -Wstrict-prototypes -Werror=missing-prototypes -O2 -m64 -march=x86-64 -mtune=generic -flto=auto -ffat-lto-objects -fPIC -DBITDEPTH=8 -MD -MQ src/libdav1d_bitdepth_8.a.p/lr_apply_tmpl.c.o -MF src/libdav1d_bitdepth_8.a.p/lr_apply_tmpl.c.o.d -o src/libdav1d_bitdepth_8.a.p/lr_apply_tmpl.c.o -c ../src/lr_apply_tmpl.c
[121/152] cc -Isrc/libdav1d_bitdepth_8.a.p -Isrc -I../src -I. -I.. -Iinclude/dav1d -I../include/dav1d -Iinclude -I../include -fdiagnostics-color=always -DNDEBUG -D_FILE_OFFSET_BITS=64 -Wall -Winvalid-pch -Wextra -std=c99 -D_GNU_SOURCE -fvisibility=hidden -Wundef -Werror=vla -Wno-maybe-uninitialized -Wno-missing-field-initializers -Wno-unused-parameter -Wstrict-prototypes -Werror=missing-prototypes -O2 -m64 -march=x86-64 -mtune=generic -flto=auto -ffat-lto-objects -fPIC -DBITDEPTH=8 -MD -MQ src/libdav1d_bitdepth_8.a.p/looprestoration_tmpl.c.o -MF src/libdav1d_bitdepth_8.a.p/looprestoration_tmpl.c.o.d -o src/libdav1d_bitdepth_8.a.p/looprestoration_tmpl.c.o -c ../src/looprestoration_tmpl.c
[122/152] cc -Isrc/libdav1d_bitdepth_8.a.p -Isrc -I../src -I. -I.. -Iinclude/dav1d -I../include/dav1d -Iinclude -I../include -fdiagnostics-color=always -DNDEBUG -D_FILE_OFFSET_BITS=64 -Wall -Winvalid-pch -Wextra -std=c99 -D_GNU_SOURCE -fvisibility=hidden -Wundef -Werror=vla -Wno-maybe-uninitialized -Wno-missing-field-initializers -Wno-unused-parameter -Wstrict-prototypes -Werror=missing-prototypes -O2 -m64 -march=x86-64 -mtune=generic -flto=auto -ffat-lto-objects -fPIC -DBITDEPTH=8 -MD -MQ src/libdav1d_bitdepth_8.a.p/loopfilter_tmpl.c.o -MF src/libdav1d_bitdepth_8.a.p/loopfilter_tmpl.c.o.d -o src/libdav1d_bitdepth_8.a.p/loopfilter_tmpl.c.o -c ../src/loopfilter_tmpl.c
[123/152] cc -Isrc/libdav1d_bitdepth_8.a.p -Isrc -I../src -I. -I.. -Iinclude/dav1d -I../include/dav1d -Iinclude -I../include -fdiagnostics-color=always -DNDEBUG -D_FILE_OFFSET_BITS=64 -Wall -Winvalid-pch -Wextra -std=c99 -D_GNU_SOURCE -fvisibility=hidden -Wundef -Werror=vla -Wno-maybe-uninitialized -Wno-missing-field-initializers -Wno-unused-parameter -Wstrict-prototypes -Werror=missing-prototypes -O2 -m64 -march=x86-64 -mtune=generic -flto=auto -ffat-lto-objects -fPIC -DBITDEPTH=8 -MD -MQ src/libdav1d_bitdepth_8.a.p/lf_apply_tmpl.c.o -MF src/libdav1d_bitdepth_8.a.p/lf_apply_tmpl.c.o.d -o src/libdav1d_bitdepth_8.a.p/lf_apply_tmpl.c.o -c ../src/lf_apply_tmpl.c
[124/152] cc -Isrc/libdav1d_bitdepth_8.a.p -Isrc -I../src -I. -I.. -Iinclude/dav1d -I../include/dav1d -Iinclude -I../include -fdiagnostics-color=always -DNDEBUG -D_FILE_OFFSET_BITS=64 -Wall -Winvalid-pch -Wextra -std=c99 -D_GNU_SOURCE -fvisibility=hidden -Wundef -Werror=vla -Wno-maybe-uninitialized -Wno-missing-field-initializers -Wno-unused-parameter -Wstrict-prototypes -Werror=missing-prototypes -O2 -m64 -march=x86-64 -mtune=generic -flto=auto -ffat-lto-objects -fPIC -DBITDEPTH=8 -MD -MQ src/libdav1d_bitdepth_8.a.p/itx_tmpl.c.o -MF src/libdav1d_bitdepth_8.a.p/itx_tmpl.c.o.d -o src/libdav1d_bitdepth_8.a.p/itx_tmpl.c.o -c ../src/itx_tmpl.c
[125/152] cc -Isrc/libdav1d_bitdepth_8.a.p -Isrc -I../src -I. -I.. -Iinclude/dav1d -I../include/dav1d -Iinclude -I../include -fdiagnostics-color=always -DNDEBUG -D_FILE_OFFSET_BITS=64 -Wall -Winvalid-pch -Wextra -std=c99 -D_GNU_SOURCE -fvisibility=hidden -Wundef -Werror=vla -Wno-maybe-uninitialized -Wno-missing-field-initializers -Wno-unused-parameter -Wstrict-prototypes -Werror=missing-prototypes -O2 -m64 -march=x86-64 -mtune=generic -flto=auto -ffat-lto-objects -fPIC -DBITDEPTH=8 -MD -MQ src/libdav1d_bitdepth_8.a.p/ipred_tmpl.c.o -MF src/libdav1d_bitdepth_8.a.p/ipred_tmpl.c.o.d -o src/libdav1d_bitdepth_8.a.p/ipred_tmpl.c.o -c ../src/ipred_tmpl.c
[126/152] cc -Isrc/libdav1d_bitdepth_8.a.p -Isrc -I../src -I. -I.. -Iinclude/dav1d -I../include/dav1d -Iinclude -I../include -fdiagnostics-color=always -DNDEBUG -D_FILE_OFFSET_BITS=64 -Wall -Winvalid-pch -Wextra -std=c99 -D_GNU_SOURCE -fvisibility=hidden -Wundef -Werror=vla -Wno-maybe-uninitialized -Wno-missing-field-initializers -Wno-unused-parameter -Wstrict-prototypes -Werror=missing-prototypes -O2 -m64 -march=x86-64 -mtune=generic -flto=auto -ffat-lto-objects -fPIC -DBITDEPTH=8 -MD -MQ src/libdav1d_bitdepth_8.a.p/ipred_prepare_tmpl.c.o -MF src/libdav1d_bitdepth_8.a.p/ipred_prepare_tmpl.c.o.d -o src/libdav1d_bitdepth_8.a.p/ipred_prepare_tmpl.c.o -c ../src/ipred_prepare_tmpl.c
[127/152] cc -Isrc/libdav1d_bitdepth_8.a.p -Isrc -I../src -I. -I.. -Iinclude/dav1d -I../include/dav1d -Iinclude -I../include -fdiagnostics-color=always -DNDEBUG -D_FILE_OFFSET_BITS=64 -Wall -Winvalid-pch -Wextra -std=c99 -D_GNU_SOURCE -fvisibility=hidden -Wundef -Werror=vla -Wno-maybe-uninitialized -Wno-missing-field-initializers -Wno-unused-parameter -Wstrict-prototypes -Werror=missing-prototypes -O2 -m64 -march=x86-64 -mtune=generic -flto=auto -ffat-lto-objects -fPIC -DBITDEPTH=8 -MD -MQ src/libdav1d_bitdepth_8.a.p/filmgrain_tmpl.c.o -MF src/libdav1d_bitdepth_8.a.p/filmgrain_tmpl.c.o.d -o src/libdav1d_bitdepth_8.a.p/filmgrain_tmpl.c.o -c ../src/filmgrain_tmpl.c
[128/152] cc -Isrc/libdav1d_bitdepth_8.a.p -Isrc -I../src -I. -I.. -Iinclude/dav1d -I../include/dav1d -Iinclude -I../include -fdiagnostics-color=always -DNDEBUG -D_FILE_OFFSET_BITS=64 -Wall -Winvalid-pch -Wextra -std=c99 -D_GNU_SOURCE -fvisibility=hidden -Wundef -Werror=vla -Wno-maybe-uninitialized -Wno-missing-field-initializers -Wno-unused-parameter -Wstrict-prototypes -Werror=missing-prototypes -O2 -m64 -march=x86-64 -mtune=generic -flto=auto -ffat-lto-objects -fPIC -DBITDEPTH=8 -MD -MQ src/libdav1d_bitdepth_8.a.p/fg_apply_tmpl.c.o -MF src/libdav1d_bitdepth_8.a.p/fg_apply_tmpl.c.o.d -o src/libdav1d_bitdepth_8.a.p/fg_apply_tmpl.c.o -c ../src/fg_apply_tmpl.c
[129/152] cc -Isrc/libdav1d_bitdepth_8.a.p -Isrc -I../src -I. -I.. -Iinclude/dav1d -I../include/dav1d -Iinclude -I../include -fdiagnostics-color=always -DNDEBUG -D_FILE_OFFSET_BITS=64 -Wall -Winvalid-pch -Wextra -std=c99 -D_GNU_SOURCE -fvisibility=hidden -Wundef -Werror=vla -Wno-maybe-uninitialized -Wno-missing-field-initializers -Wno-unused-parameter -Wstrict-prototypes -Werror=missing-prototypes -O2 -m64 -march=x86-64 -mtune=generic -flto=auto -ffat-lto-objects -fPIC -DBITDEPTH=8 -MD -MQ src/libdav1d_bitdepth_8.a.p/cdef_tmpl.c.o -MF src/libdav1d_bitdepth_8.a.p/cdef_tmpl.c.o.d -o src/libdav1d_bitdepth_8.a.p/cdef_tmpl.c.o -c ../src/cdef_tmpl.c
[130/152] cc -Isrc/libdav1d_bitdepth_8.a.p -Isrc -I../src -I. -I.. -Iinclude/dav1d -I../include/dav1d -Iinclude -I../include -fdiagnostics-color=always -DNDEBUG -D_FILE_OFFSET_BITS=64 -Wall -Winvalid-pch -Wextra -std=c99 -D_GNU_SOURCE -fvisibility=hidden -Wundef -Werror=vla -Wno-maybe-uninitialized -Wno-missing-field-initializers -Wno-unused-parameter -Wstrict-prototypes -Werror=missing-prototypes -O2 -m64 -march=x86-64 -mtune=generic -flto=auto -ffat-lto-objects -fPIC -DBITDEPTH=8 -MD -MQ src/libdav1d_bitdepth_8.a.p/cdef_apply_tmpl.c.o -MF src/libdav1d_bitdepth_8.a.p/cdef_apply_tmpl.c.o.d -o src/libdav1d_bitdepth_8.a.p/cdef_apply_tmpl.c.o -c ../src/cdef_apply_tmpl.c
[131/152] cc -Itests/libcheckasm_bitdepth_16.a.p -Itests -I../tests -I. -I.. -Iinclude/dav1d -I../include/dav1d -Iinclude -I../include -fdiagnostics-color=always -DNDEBUG -D_FILE_OFFSET_BITS=64 -Wall -Winvalid-pch -Wextra -std=c99 -D_GNU_SOURCE -fvisibility=hidden -Wundef -Werror=vla -Wno-maybe-uninitialized -Wno-missing-field-initializers -Wno-unused-parameter -Wstrict-prototypes -Werror=missing-prototypes -O2 -m64 -march=x86-64 -mtune=generic -flto=auto -ffat-lto-objects -fPIC -DBITDEPTH=16 -MD -MQ tests/libcheckasm_bitdepth_16.a.p/checkasm_mc.c.o -MF tests/libcheckasm_bitdepth_16.a.p/checkasm_mc.c.o.d -o tests/libcheckasm_bitdepth_16.a.p/checkasm_mc.c.o -c ../tests/checkasm/mc.c
[132/152] cc -Itests/libcheckasm_bitdepth_16.a.p -Itests -I../tests -I. -I.. -Iinclude/dav1d -I../include/dav1d -Iinclude -I../include -fdiagnostics-color=always -DNDEBUG -D_FILE_OFFSET_BITS=64 -Wall -Winvalid-pch -Wextra -std=c99 -D_GNU_SOURCE -fvisibility=hidden -Wundef -Werror=vla -Wno-maybe-uninitialized -Wno-missing-field-initializers -Wno-unused-parameter -Wstrict-prototypes -Werror=missing-prototypes -O2 -m64 -march=x86-64 -mtune=generic -flto=auto -ffat-lto-objects -fPIC -DBITDEPTH=16 -MD -MQ tests/libcheckasm_bitdepth_16.a.p/checkasm_looprestoration.c.o -MF tests/libcheckasm_bitdepth_16.a.p/checkasm_looprestoration.c.o.d -o tests/libcheckasm_bitdepth_16.a.p/checkasm_looprestoration.c.o -c ../tests/checkasm/looprestoration.c
[133/152] cc -Itests/libcheckasm_bitdepth_16.a.p -Itests -I../tests -I. -I.. -Iinclude/dav1d -I../include/dav1d -Iinclude -I../include -fdiagnostics-color=always -DNDEBUG -D_FILE_OFFSET_BITS=64 -Wall -Winvalid-pch -Wextra -std=c99 -D_GNU_SOURCE -fvisibility=hidden -Wundef -Werror=vla -Wno-maybe-uninitialized -Wno-missing-field-initializers -Wno-unused-parameter -Wstrict-prototypes -Werror=missing-prototypes -O2 -m64 -march=x86-64 -mtune=generic -flto=auto -ffat-lto-objects -fPIC -DBITDEPTH=16 -MD -MQ tests/libcheckasm_bitdepth_16.a.p/checkasm_loopfilter.c.o -MF tests/libcheckasm_bitdepth_16.a.p/checkasm_loopfilter.c.o.d -o tests/libcheckasm_bitdepth_16.a.p/checkasm_loopfilter.c.o -c ../tests/checkasm/loopfilter.c
[134/152] cc -Itests/libcheckasm_bitdepth_16.a.p -Itests -I../tests -I. -I.. -Iinclude/dav1d -I../include/dav1d -Iinclude -I../include -fdiagnostics-color=always -DNDEBUG -D_FILE_OFFSET_BITS=64 -Wall -Winvalid-pch -Wextra -std=c99 -D_GNU_SOURCE -fvisibility=hidden -Wundef -Werror=vla -Wno-maybe-uninitialized -Wno-missing-field-initializers -Wno-unused-parameter -Wstrict-prototypes -Werror=missing-prototypes -O2 -m64 -march=x86-64 -mtune=generic -flto=auto -ffat-lto-objects -fPIC -DBITDEPTH=16 -MD -MQ tests/libcheckasm_bitdepth_16.a.p/checkasm_itx.c.o -MF tests/libcheckasm_bitdepth_16.a.p/checkasm_itx.c.o.d -o tests/libcheckasm_bitdepth_16.a.p/checkasm_itx.c.o -c ../tests/checkasm/itx.c
[135/152] cc -Itests/libcheckasm_bitdepth_16.a.p -Itests -I../tests -I. -I.. -Iinclude/dav1d -I../include/dav1d -Iinclude -I../include -fdiagnostics-color=always -DNDEBUG -D_FILE_OFFSET_BITS=64 -Wall -Winvalid-pch -Wextra -std=c99 -D_GNU_SOURCE -fvisibility=hidden -Wundef -Werror=vla -Wno-maybe-uninitialized -Wno-missing-field-initializers -Wno-unused-parameter -Wstrict-prototypes -Werror=missing-prototypes -O2 -m64 -march=x86-64 -mtune=generic -flto=auto -ffat-lto-objects -fPIC -DBITDEPTH=16 -MD -MQ tests/libcheckasm_bitdepth_16.a.p/checkasm_ipred.c.o -MF tests/libcheckasm_bitdepth_16.a.p/checkasm_ipred.c.o.d -o tests/libcheckasm_bitdepth_16.a.p/checkasm_ipred.c.o -c ../tests/checkasm/ipred.c
[136/152] cc -Itests/libcheckasm_bitdepth_16.a.p -Itests -I../tests -I. -I.. -Iinclude/dav1d -I../include/dav1d -Iinclude -I../include -fdiagnostics-color=always -DNDEBUG -D_FILE_OFFSET_BITS=64 -Wall -Winvalid-pch -Wextra -std=c99 -D_GNU_SOURCE -fvisibility=hidden -Wundef -Werror=vla -Wno-maybe-uninitialized -Wno-missing-field-initializers -Wno-unused-parameter -Wstrict-prototypes -Werror=missing-prototypes -O2 -m64 -march=x86-64 -mtune=generic -flto=auto -ffat-lto-objects -fPIC -DBITDEPTH=16 -MD -MQ tests/libcheckasm_bitdepth_16.a.p/checkasm_filmgrain.c.o -MF tests/libcheckasm_bitdepth_16.a.p/checkasm_filmgrain.c.o.d -o tests/libcheckasm_bitdepth_16.a.p/checkasm_filmgrain.c.o -c ../tests/checkasm/filmgrain.c
[137/152] cc -Itests/libcheckasm_bitdepth_16.a.p -Itests -I../tests -I. -I.. -Iinclude/dav1d -I../include/dav1d -Iinclude -I../include -fdiagnostics-color=always -DNDEBUG -D_FILE_OFFSET_BITS=64 -Wall -Winvalid-pch -Wextra -std=c99 -D_GNU_SOURCE -fvisibility=hidden -Wundef -Werror=vla -Wno-maybe-uninitialized -Wno-missing-field-initializers -Wno-unused-parameter -Wstrict-prototypes -Werror=missing-prototypes -O2 -m64 -march=x86-64 -mtune=generic -flto=auto -ffat-lto-objects -fPIC -DBITDEPTH=16 -MD -MQ tests/libcheckasm_bitdepth_16.a.p/checkasm_cdef.c.o -MF tests/libcheckasm_bitdepth_16.a.p/checkasm_cdef.c.o.d -o tests/libcheckasm_bitdepth_16.a.p/checkasm_cdef.c.o -c ../tests/checkasm/cdef.c
[138/152] cc -Itests/libcheckasm_bitdepth_8.a.p -Itests -I../tests -I. -I.. -Iinclude/dav1d -I../include/dav1d -Iinclude -I../include -fdiagnostics-color=always -DNDEBUG -D_FILE_OFFSET_BITS=64 -Wall -Winvalid-pch -Wextra -std=c99 -D_GNU_SOURCE -fvisibility=hidden -Wundef -Werror=vla -Wno-maybe-uninitialized -Wno-missing-field-initializers -Wno-unused-parameter -Wstrict-prototypes -Werror=missing-prototypes -O2 -m64 -march=x86-64 -mtune=generic -flto=auto -ffat-lto-objects -fPIC -DBITDEPTH=8 -MD -MQ tests/libcheckasm_bitdepth_8.a.p/checkasm_mc.c.o -MF tests/libcheckasm_bitdepth_8.a.p/checkasm_mc.c.o.d -o tests/libcheckasm_bitdepth_8.a.p/checkasm_mc.c.o -c ../tests/checkasm/mc.c
[139/152] cc -Itests/libcheckasm_bitdepth_8.a.p -Itests -I../tests -I. -I.. -Iinclude/dav1d -I../include/dav1d -Iinclude -I../include -fdiagnostics-color=always -DNDEBUG -D_FILE_OFFSET_BITS=64 -Wall -Winvalid-pch -Wextra -std=c99 -D_GNU_SOURCE -fvisibility=hidden -Wundef -Werror=vla -Wno-maybe-uninitialized -Wno-missing-field-initializers -Wno-unused-parameter -Wstrict-prototypes -Werror=missing-prototypes -O2 -m64 -march=x86-64 -mtune=generic -flto=auto -ffat-lto-objects -fPIC -DBITDEPTH=8 -MD -MQ tests/libcheckasm_bitdepth_8.a.p/checkasm_looprestoration.c.o -MF tests/libcheckasm_bitdepth_8.a.p/checkasm_looprestoration.c.o.d -o tests/libcheckasm_bitdepth_8.a.p/checkasm_looprestoration.c.o -c ../tests/checkasm/looprestoration.c
[140/152] cc -Itests/libcheckasm_bitdepth_8.a.p -Itests -I../tests -I. -I.. -Iinclude/dav1d -I../include/dav1d -Iinclude -I../include -fdiagnostics-color=always -DNDEBUG -D_FILE_OFFSET_BITS=64 -Wall -Winvalid-pch -Wextra -std=c99 -D_GNU_SOURCE -fvisibility=hidden -Wundef -Werror=vla -Wno-maybe-uninitialized -Wno-missing-field-initializers -Wno-unused-parameter -Wstrict-prototypes -Werror=missing-prototypes -O2 -m64 -march=x86-64 -mtune=generic -flto=auto -ffat-lto-objects -fPIC -DBITDEPTH=8 -MD -MQ tests/libcheckasm_bitdepth_8.a.p/checkasm_loopfilter.c.o -MF tests/libcheckasm_bitdepth_8.a.p/checkasm_loopfilter.c.o.d -o tests/libcheckasm_bitdepth_8.a.p/checkasm_loopfilter.c.o -c ../tests/checkasm/loopfilter.c
[141/152] cc -Itests/libcheckasm_bitdepth_8.a.p -Itests -I../tests -I. -I.. -Iinclude/dav1d -I../include/dav1d -Iinclude -I../include -fdiagnostics-color=always -DNDEBUG -D_FILE_OFFSET_BITS=64 -Wall -Winvalid-pch -Wextra -std=c99 -D_GNU_SOURCE -fvisibility=hidden -Wundef -Werror=vla -Wno-maybe-uninitialized -Wno-missing-field-initializers -Wno-unused-parameter -Wstrict-prototypes -Werror=missing-prototypes -O2 -m64 -march=x86-64 -mtune=generic -flto=auto -ffat-lto-objects -fPIC -DBITDEPTH=8 -MD -MQ tests/libcheckasm_bitdepth_8.a.p/checkasm_itx.c.o -MF tests/libcheckasm_bitdepth_8.a.p/checkasm_itx.c.o.d -o tests/libcheckasm_bitdepth_8.a.p/checkasm_itx.c.o -c ../tests/checkasm/itx.c
[142/152] cc -Itests/libcheckasm_bitdepth_8.a.p -Itests -I../tests -I. -I.. -Iinclude/dav1d -I../include/dav1d -Iinclude -I../include -fdiagnostics-color=always -DNDEBUG -D_FILE_OFFSET_BITS=64 -Wall -Winvalid-pch -Wextra -std=c99 -D_GNU_SOURCE -fvisibility=hidden -Wundef -Werror=vla -Wno-maybe-uninitialized -Wno-missing-field-initializers -Wno-unused-parameter -Wstrict-prototypes -Werror=missing-prototypes -O2 -m64 -march=x86-64 -mtune=generic -flto=auto -ffat-lto-objects -fPIC -DBITDEPTH=8 -MD -MQ tests/libcheckasm_bitdepth_8.a.p/checkasm_ipred.c.o -MF tests/libcheckasm_bitdepth_8.a.p/checkasm_ipred.c.o.d -o tests/libcheckasm_bitdepth_8.a.p/checkasm_ipred.c.o -c ../tests/checkasm/ipred.c
[143/152] cc -Itests/libcheckasm_bitdepth_8.a.p -Itests -I../tests -I. -I.. -Iinclude/dav1d -I../include/dav1d -Iinclude -I../include -fdiagnostics-color=always -DNDEBUG -D_FILE_OFFSET_BITS=64 -Wall -Winvalid-pch -Wextra -std=c99 -D_GNU_SOURCE -fvisibility=hidden -Wundef -Werror=vla -Wno-maybe-uninitialized -Wno-missing-field-initializers -Wno-unused-parameter -Wstrict-prototypes -Werror=missing-prototypes -O2 -m64 -march=x86-64 -mtune=generic -flto=auto -ffat-lto-objects -fPIC -DBITDEPTH=8 -MD -MQ tests/libcheckasm_bitdepth_8.a.p/checkasm_filmgrain.c.o -MF tests/libcheckasm_bitdepth_8.a.p/checkasm_filmgrain.c.o.d -o tests/libcheckasm_bitdepth_8.a.p/checkasm_filmgrain.c.o -c ../tests/checkasm/filmgrain.c
[144/152] cc -Itests/libcheckasm_bitdepth_8.a.p -Itests -I../tests -I. -I.. -Iinclude/dav1d -I../include/dav1d -Iinclude -I../include -fdiagnostics-color=always -DNDEBUG -D_FILE_OFFSET_BITS=64 -Wall -Winvalid-pch -Wextra -std=c99 -D_GNU_SOURCE -fvisibility=hidden -Wundef -Werror=vla -Wno-maybe-uninitialized -Wno-missing-field-initializers -Wno-unused-parameter -Wstrict-prototypes -Werror=missing-prototypes -O2 -m64 -march=x86-64 -mtune=generic -flto=auto -ffat-lto-objects -fPIC -DBITDEPTH=8 -MD -MQ tests/libcheckasm_bitdepth_8.a.p/checkasm_cdef.c.o -MF tests/libcheckasm_bitdepth_8.a.p/checkasm_cdef.c.o.d -o tests/libcheckasm_bitdepth_8.a.p/checkasm_cdef.c.o -c ../tests/checkasm/cdef.c
[145/152] /usr/bin/nasm -f elf64 -I /home/devel/building/work/src/dav1d-1.3.0/src/ -I /home/devel/building/work/src/dav1d-1.3.0/build/ -MQ tests/checkasm.p/checkasm.obj -MF tests/checkasm.p/checkasm.obj.ndep ../tests/checkasm/x86/checkasm.asm -o tests/checkasm.p/checkasm.obj
[146/152] cc  -o tests/checkasm tests/checkasm.p/checkasm.obj tests/libcheckasm_bitdepth_8.a.p/checkasm_cdef.c.o tests/libcheckasm_bitdepth_8.a.p/checkasm_filmgrain.c.o tests/libcheckasm_bitdepth_8.a.p/checkasm_ipred.c.o tests/libcheckasm_bitdepth_8.a.p/checkasm_itx.c.o tests/libcheckasm_bitdepth_8.a.p/checkasm_loopfilter.c.o tests/libcheckasm_bitdepth_8.a.p/checkasm_looprestoration.c.o tests/libcheckasm_bitdepth_8.a.p/checkasm_mc.c.o tests/libcheckasm_bitdepth_16.a.p/checkasm_cdef.c.o tests/libcheckasm_bitdepth_16.a.p/checkasm_filmgrain.c.o tests/libcheckasm_bitdepth_16.a.p/checkasm_ipred.c.o tests/libcheckasm_bitdepth_16.a.p/checkasm_itx.c.o tests/libcheckasm_bitdepth_16.a.p/checkasm_loopfilter.c.o tests/libcheckasm_bitdepth_16.a.p/checkasm_looprestoration.c.o tests/libcheckasm_bitdepth_16.a.p/checkasm_mc.c.o src/libdav1d_bitdepth_8.a.p/cdef_apply_tmpl.c.o src/libdav1d_bitdepth_8.a.p/cdef_tmpl.c.o src/libdav1d_bitdepth_8.a.p/fg_apply_tmpl.c.o src/libdav1d_bitdepth_8.a.p/filmgrain_tmpl.c.o src/libdav1d_bitdepth_8.a.p/ipred_prepare_tmpl.c.o src/libdav1d_bitdepth_8.a.p/ipred_tmpl.c.o src/libdav1d_bitdepth_8.a.p/itx_tmpl.c.o src/libdav1d_bitdepth_8.a.p/lf_apply_tmpl.c.o src/libdav1d_bitdepth_8.a.p/loopfilter_tmpl.c.o src/libdav1d_bitdepth_8.a.p/looprestoration_tmpl.c.o src/libdav1d_bitdepth_8.a.p/lr_apply_tmpl.c.o src/libdav1d_bitdepth_8.a.p/mc_tmpl.c.o src/libdav1d_bitdepth_8.a.p/recon_tmpl.c.o src/libdav1d_bitdepth_16.a.p/cdef_apply_tmpl.c.o src/libdav1d_bitdepth_16.a.p/cdef_tmpl.c.o src/libdav1d_bitdepth_16.a.p/fg_apply_tmpl.c.o src/libdav1d_bitdepth_16.a.p/filmgrain_tmpl.c.o src/libdav1d_bitdepth_16.a.p/ipred_prepare_tmpl.c.o src/libdav1d_bitdepth_16.a.p/ipred_tmpl.c.o src/libdav1d_bitdepth_16.a.p/itx_tmpl.c.o src/libdav1d_bitdepth_16.a.p/lf_apply_tmpl.c.o src/libdav1d_bitdepth_16.a.p/loopfilter_tmpl.c.o src/libdav1d_bitdepth_16.a.p/looprestoration_tmpl.c.o src/libdav1d_bitdepth_16.a.p/lr_apply_tmpl.c.o src/libdav1d_bitdepth_16.a.p/mc_tmpl.c.o src/libdav1d_bitdepth_16.a.p/recon_tmpl.c.o src/libdav1d.so.7.0.0.p/cpuid.obj src/libdav1d.so.7.0.0.p/msac.obj src/libdav1d.so.7.0.0.p/pal.obj src/libdav1d.so.7.0.0.p/refmvs.obj src/libdav1d.so.7.0.0.p/itx_avx512.obj src/libdav1d.so.7.0.0.p/cdef_avx2.obj src/libdav1d.so.7.0.0.p/itx_avx2.obj src/libdav1d.so.7.0.0.p/looprestoration_avx2.obj src/libdav1d.so.7.0.0.p/cdef_sse.obj src/libdav1d.so.7.0.0.p/itx_sse.obj src/libdav1d.so.7.0.0.p/cdef_avx512.obj src/libdav1d.so.7.0.0.p/filmgrain_avx512.obj src/libdav1d.so.7.0.0.p/ipred_avx512.obj src/libdav1d.so.7.0.0.p/loopfilter_avx512.obj src/libdav1d.so.7.0.0.p/looprestoration_avx512.obj src/libdav1d.so.7.0.0.p/mc_avx512.obj src/libdav1d.so.7.0.0.p/filmgrain_avx2.obj src/libdav1d.so.7.0.0.p/ipred_avx2.obj src/libdav1d.so.7.0.0.p/loopfilter_avx2.obj src/libdav1d.so.7.0.0.p/mc_avx2.obj src/libdav1d.so.7.0.0.p/filmgrain_sse.obj src/libdav1d.so.7.0.0.p/ipred_sse.obj src/libdav1d.so.7.0.0.p/loopfilter_sse.obj src/libdav1d.so.7.0.0.p/looprestoration_sse.obj src/libdav1d.so.7.0.0.p/mc_sse.obj src/libdav1d.so.7.0.0.p/cdef16_avx512.obj src/libdav1d.so.7.0.0.p/filmgrain16_avx512.obj src/libdav1d.so.7.0.0.p/ipred16_avx512.obj src/libdav1d.so.7.0.0.p/itx16_avx512.obj src/libdav1d.so.7.0.0.p/loopfilter16_avx512.obj src/libdav1d.so.7.0.0.p/looprestoration16_avx512.obj src/libdav1d.so.7.0.0.p/mc16_avx512.obj src/libdav1d.so.7.0.0.p/cdef16_avx2.obj src/libdav1d.so.7.0.0.p/filmgrain16_avx2.obj src/libdav1d.so.7.0.0.p/ipred16_avx2.obj src/libdav1d.so.7.0.0.p/itx16_avx2.obj src/libdav1d.so.7.0.0.p/loopfilter16_avx2.obj src/libdav1d.so.7.0.0.p/looprestoration16_avx2.obj src/libdav1d.so.7.0.0.p/mc16_avx2.obj src/libdav1d.so.7.0.0.p/cdef16_sse.obj src/libdav1d.so.7.0.0.p/filmgrain16_sse.obj src/libdav1d.so.7.0.0.p/ipred16_sse.obj src/libdav1d.so.7.0.0.p/itx16_sse.obj src/libdav1d.so.7.0.0.p/loopfilter16_sse.obj src/libdav1d.so.7.0.0.p/looprestoration16_sse.obj src/libdav1d.so.7.0.0.p/mc16_sse.obj src/libdav1d.so.7.0.0.p/cdf.c.o src/libdav1d.so.7.0.0.p/cpu.c.o src/libdav1d.so.7.0.0.p/data.c.o src/libdav1d.so.7.0.0.p/decode.c.o src/libdav1d.so.7.0.0.p/dequant_tables.c.o src/libdav1d.so.7.0.0.p/getbits.c.o src/libdav1d.so.7.0.0.p/intra_edge.c.o src/libdav1d.so.7.0.0.p/itx_1d.c.o src/libdav1d.so.7.0.0.p/lf_mask.c.o src/libdav1d.so.7.0.0.p/lib.c.o src/libdav1d.so.7.0.0.p/log.c.o src/libdav1d.so.7.0.0.p/mem.c.o src/libdav1d.so.7.0.0.p/msac.c.o src/libdav1d.so.7.0.0.p/obu.c.o src/libdav1d.so.7.0.0.p/pal.c.o src/libdav1d.so.7.0.0.p/picture.c.o src/libdav1d.so.7.0.0.p/qm.c.o src/libdav1d.so.7.0.0.p/ref.c.o src/libdav1d.so.7.0.0.p/refmvs.c.o src/libdav1d.so.7.0.0.p/scan.c.o src/libdav1d.so.7.0.0.p/tables.c.o src/libdav1d.so.7.0.0.p/thread_task.c.o src/libdav1d.so.7.0.0.p/warpmv.c.o src/libdav1d.so.7.0.0.p/wedge.c.o src/libdav1d.so.7.0.0.p/x86_cpu.c.o tests/checkasm.p/checkasm_checkasm.c.o tests/checkasm.p/checkasm_msac.c.o tests/checkasm.p/checkasm_pal.c.o tests/checkasm.p/checkasm_refmvs.c.o -Wl,--as-needed -Wl,--no-undefined -pie -O2 -m64 -march=x86-64 -mtune=generic -flto=auto -ffat-lto-objects -pthread -Wl,--start-group -ldl -lm -Wl,--end-group
[147/152] cc  -o src/libdav1d.so.7.0.0 src/libdav1d.so.7.0.0.p/cpuid.obj src/libdav1d.so.7.0.0.p/msac.obj src/libdav1d.so.7.0.0.p/pal.obj src/libdav1d.so.7.0.0.p/refmvs.obj src/libdav1d.so.7.0.0.p/itx_avx512.obj src/libdav1d.so.7.0.0.p/cdef_avx2.obj src/libdav1d.so.7.0.0.p/itx_avx2.obj src/libdav1d.so.7.0.0.p/looprestoration_avx2.obj src/libdav1d.so.7.0.0.p/cdef_sse.obj src/libdav1d.so.7.0.0.p/itx_sse.obj src/libdav1d.so.7.0.0.p/cdef_avx512.obj src/libdav1d.so.7.0.0.p/filmgrain_avx512.obj src/libdav1d.so.7.0.0.p/ipred_avx512.obj src/libdav1d.so.7.0.0.p/loopfilter_avx512.obj src/libdav1d.so.7.0.0.p/looprestoration_avx512.obj src/libdav1d.so.7.0.0.p/mc_avx512.obj src/libdav1d.so.7.0.0.p/filmgrain_avx2.obj src/libdav1d.so.7.0.0.p/ipred_avx2.obj src/libdav1d.so.7.0.0.p/loopfilter_avx2.obj src/libdav1d.so.7.0.0.p/mc_avx2.obj src/libdav1d.so.7.0.0.p/filmgrain_sse.obj src/libdav1d.so.7.0.0.p/ipred_sse.obj src/libdav1d.so.7.0.0.p/loopfilter_sse.obj src/libdav1d.so.7.0.0.p/looprestoration_sse.obj src/libdav1d.so.7.0.0.p/mc_sse.obj src/libdav1d.so.7.0.0.p/cdef16_avx512.obj src/libdav1d.so.7.0.0.p/filmgrain16_avx512.obj src/libdav1d.so.7.0.0.p/ipred16_avx512.obj src/libdav1d.so.7.0.0.p/itx16_avx512.obj src/libdav1d.so.7.0.0.p/loopfilter16_avx512.obj src/libdav1d.so.7.0.0.p/looprestoration16_avx512.obj src/libdav1d.so.7.0.0.p/mc16_avx512.obj src/libdav1d.so.7.0.0.p/cdef16_avx2.obj src/libdav1d.so.7.0.0.p/filmgrain16_avx2.obj src/libdav1d.so.7.0.0.p/ipred16_avx2.obj src/libdav1d.so.7.0.0.p/itx16_avx2.obj src/libdav1d.so.7.0.0.p/loopfilter16_avx2.obj src/libdav1d.so.7.0.0.p/looprestoration16_avx2.obj src/libdav1d.so.7.0.0.p/mc16_avx2.obj src/libdav1d.so.7.0.0.p/cdef16_sse.obj src/libdav1d.so.7.0.0.p/filmgrain16_sse.obj src/libdav1d.so.7.0.0.p/ipred16_sse.obj src/libdav1d.so.7.0.0.p/itx16_sse.obj src/libdav1d.so.7.0.0.p/loopfilter16_sse.obj src/libdav1d.so.7.0.0.p/looprestoration16_sse.obj src/libdav1d.so.7.0.0.p/mc16_sse.obj src/libdav1d_bitdepth_8.a.p/cdef_apply_tmpl.c.o src/libdav1d_bitdepth_8.a.p/cdef_tmpl.c.o src/libdav1d_bitdepth_8.a.p/fg_apply_tmpl.c.o src/libdav1d_bitdepth_8.a.p/filmgrain_tmpl.c.o src/libdav1d_bitdepth_8.a.p/ipred_prepare_tmpl.c.o src/libdav1d_bitdepth_8.a.p/ipred_tmpl.c.o src/libdav1d_bitdepth_8.a.p/itx_tmpl.c.o src/libdav1d_bitdepth_8.a.p/lf_apply_tmpl.c.o src/libdav1d_bitdepth_8.a.p/loopfilter_tmpl.c.o src/libdav1d_bitdepth_8.a.p/looprestoration_tmpl.c.o src/libdav1d_bitdepth_8.a.p/lr_apply_tmpl.c.o src/libdav1d_bitdepth_8.a.p/mc_tmpl.c.o src/libdav1d_bitdepth_8.a.p/recon_tmpl.c.o src/libdav1d_bitdepth_16.a.p/cdef_apply_tmpl.c.o src/libdav1d_bitdepth_16.a.p/cdef_tmpl.c.o src/libdav1d_bitdepth_16.a.p/fg_apply_tmpl.c.o src/libdav1d_bitdepth_16.a.p/filmgrain_tmpl.c.o src/libdav1d_bitdepth_16.a.p/ipred_prepare_tmpl.c.o src/libdav1d_bitdepth_16.a.p/ipred_tmpl.c.o src/libdav1d_bitdepth_16.a.p/itx_tmpl.c.o src/libdav1d_bitdepth_16.a.p/lf_apply_tmpl.c.o src/libdav1d_bitdepth_16.a.p/loopfilter_tmpl.c.o src/libdav1d_bitdepth_16.a.p/looprestoration_tmpl.c.o src/libdav1d_bitdepth_16.a.p/lr_apply_tmpl.c.o src/libdav1d_bitdepth_16.a.p/mc_tmpl.c.o src/libdav1d_bitdepth_16.a.p/recon_tmpl.c.o src/libdav1d.so.7.0.0.p/cdf.c.o src/libdav1d.so.7.0.0.p/cpu.c.o src/libdav1d.so.7.0.0.p/data.c.o src/libdav1d.so.7.0.0.p/decode.c.o src/libdav1d.so.7.0.0.p/dequant_tables.c.o src/libdav1d.so.7.0.0.p/getbits.c.o src/libdav1d.so.7.0.0.p/intra_edge.c.o src/libdav1d.so.7.0.0.p/itx_1d.c.o src/libdav1d.so.7.0.0.p/lf_mask.c.o src/libdav1d.so.7.0.0.p/lib.c.o src/libdav1d.so.7.0.0.p/log.c.o src/libdav1d.so.7.0.0.p/mem.c.o src/libdav1d.so.7.0.0.p/msac.c.o src/libdav1d.so.7.0.0.p/obu.c.o src/libdav1d.so.7.0.0.p/pal.c.o src/libdav1d.so.7.0.0.p/picture.c.o src/libdav1d.so.7.0.0.p/qm.c.o src/libdav1d.so.7.0.0.p/ref.c.o src/libdav1d.so.7.0.0.p/refmvs.c.o src/libdav1d.so.7.0.0.p/scan.c.o src/libdav1d.so.7.0.0.p/tables.c.o src/libdav1d.so.7.0.0.p/thread_task.c.o src/libdav1d.so.7.0.0.p/warpmv.c.o src/libdav1d.so.7.0.0.p/wedge.c.o src/libdav1d.so.7.0.0.p/x86_cpu.c.o -Wl,--as-needed -Wl,--no-undefined -shared -fPIC -Wl,--start-group -Wl,-soname,libdav1d.so.7 -O2 -m64 -march=x86-64 -mtune=generic -flto=auto -ffat-lto-objects -pthread -ldl -Wl,--end-group
[148/152] /usr/bin/meson --internal symbolextractor /home/devel/building/work/src/dav1d-1.3.0/build src/libdav1d.so.7.0.0 src/libdav1d.so.7.0.0 src/libdav1d.so.7.0.0.p/libdav1d.so.7.0.0.symbols 
[149/152] cc  -o tests/seek_stress tools/dav1d.p/dav1d_cli_parse.c.o tools/libdav1d_input.a.p/input_input.c.o tools/libdav1d_input.a.p/input_ivf.c.o tests/seek_stress.p/seek_stress.c.o -Wl,--as-needed -Wl,--no-undefined -pie -O2 -m64 -march=x86-64 -mtune=generic -flto=auto -ffat-lto-objects '-Wl,-rpath,$ORIGIN/../src' -Wl,-rpath-link,/home/devel/building/work/src/dav1d-1.3.0/build/src -Wl,--start-group src/libdav1d.so.7.0.0 -pthread -lm -Wl,--end-group
[150/152] cc  -o tests/libfuzzer/dav1d_fuzzer_mt tests/libfuzzer/dav1d_fuzzer_mt.p/dav1d_fuzzer.c.o tests/libfuzzer/dav1d_fuzzer_mt.p/main.c.o -Wl,--as-needed -Wl,--no-undefined -pie -O2 -m64 -march=x86-64 -mtune=generic -flto=auto -ffat-lto-objects '-Wl,-rpath,$ORIGIN/../../src' -Wl,-rpath-link,/home/devel/building/work/src/dav1d-1.3.0/build/src -Wl,--start-group src/libdav1d.so.7.0.0 -Wl,--end-group -pthread
[151/152] cc  -o tests/libfuzzer/dav1d_fuzzer tests/libfuzzer/dav1d_fuzzer.p/dav1d_fuzzer.c.o tests/libfuzzer/dav1d_fuzzer.p/main.c.o -Wl,--as-needed -Wl,--no-undefined -pie -O2 -m64 -march=x86-64 -mtune=generic -flto=auto -ffat-lto-objects '-Wl,-rpath,$ORIGIN/../../src' -Wl,-rpath-link,/home/devel/building/work/src/dav1d-1.3.0/build/src -Wl,--start-group src/libdav1d.so.7.0.0 -Wl,--end-group -pthread
[152/152] cc  -o tools/dav1d tools/dav1d.p/dav1d.c.o tools/dav1d.p/dav1d_cli_parse.c.o -Wl,--as-needed -Wl,--no-undefined -pie -O2 -m64 -march=x86-64 -mtune=generic -flto=auto -ffat-lto-objects '-Wl,-rpath,$ORIGIN/../src' -Wl,-rpath-link,/home/devel/building/work/src/dav1d-1.3.0/build/src -Wl,--start-group src/libdav1d.so.7.0.0 tools/libdav1d_input.a tools/libdav1d_output.a -pthread -lm -Wl,--end-group
INFO: autodetecting backend as ninja
INFO: calculating backend command to run: /usr/bin/ninja -C /home/devel/building/work/src/dav1d-1.3.0/build -j 8 -v
+ DESTDIR=/home/devel/building/work/pkg
+ meson install --no-rebuild -C build
Installing src/libdav1d.so.7.0.0 to /home/devel/building/work/pkg/usr/lib
Installing tools/dav1d to /home/devel/building/work/pkg/usr/bin
Installing /home/devel/building/work/src/dav1d-1.3.0/include/dav1d/common.h to /home/devel/building/work/pkg/usr/include/dav1d
Installing /home/devel/building/work/src/dav1d-1.3.0/include/dav1d/data.h to /home/devel/building/work/pkg/usr/include/dav1d
Installing /home/devel/building/work/src/dav1d-1.3.0/include/dav1d/dav1d.h to /home/devel/building/work/pkg/usr/include/dav1d
Installing /home/devel/building/work/src/dav1d-1.3.0/include/dav1d/headers.h to /home/devel/building/work/pkg/usr/include/dav1d
Installing /home/devel/building/work/src/dav1d-1.3.0/include/dav1d/picture.h to /home/devel/building/work/pkg/usr/include/dav1d
Installing /home/devel/building/work/src/dav1d-1.3.0/build/include/dav1d/version.h to /home/devel/building/work/pkg/usr/include/dav1d
Installing /home/devel/building/work/src/dav1d-1.3.0/build/meson-private/dav1d.pc to /home/devel/building/work/pkg/usr/lib/pkgconfig
Installing symlink pointing to libdav1d.so.7.0.0 to /home/devel/building/work/pkg/usr/lib/libdav1d.so.7
Installing symlink pointing to libdav1d.so.7 to /home/devel/building/work/pkg/usr/lib/libdav1d.so
=======> Build result:
drwxr-xr-x  0 root   root        0 Feb  1 15:34 usr/
drwxr-xr-x  0 root   root        0 Feb  1 15:34 usr/lib/
drwxr-xr-x  0 root   root        0 Feb  1 15:34 usr/bin/
drwxr-xr-x  0 root   root        0 Feb  1 15:34 usr/include/
drwxr-xr-x  0 root   root        0 Feb  1 15:34 usr/include/dav1d/
-rw-r--r--  0 root   root     3258 Oct  3 17:36 usr/include/dav1d/common.h
-rw-r--r--  0 root   root     4488 Oct  3 17:36 usr/include/dav1d/data.h
-rw-r--r--  0 root   root    12659 Oct  3 17:36 usr/include/dav1d/dav1d.h
-rw-r--r--  0 root   root    14355 Oct  3 17:36 usr/include/dav1d/headers.h
-rw-r--r--  0 root   root     6013 Oct  3 17:36 usr/include/dav1d/picture.h
-rw-r--r--  0 root   root     1885 Feb  1 15:34 usr/include/dav1d/version.h
-rwxr-xr-x  0 root   root    43576 Feb  1 15:34 usr/bin/dav1d
-rwxr-xr-x  0 root   root  1722584 Feb  1 15:34 usr/lib/libdav1d.so.7.0.0
drwxr-xr-x  0 root   root        0 Feb  1 15:34 usr/lib/pkgconfig/
lrwxrwxrwx  0 root   root        0 Feb  1 15:34 usr/lib/libdav1d.so.7 -> libdav1d.so.7.0.0
lrwxrwxrwx  0 root   root        0 Feb  1 15:34 usr/lib/libdav1d.so -> libdav1d.so.7
-rw-r--r--  0 root   root      205 Feb  1 15:34 usr/lib/pkgconfig/dav1d.pc
=======> Building '/home/devel/packages/dav1d#1.3.0-1.x86_64.pkg.tar.zst' succeeded.
prt-get: Using PKGMK_PACKAGE_DIR: /home/devel/packages
prt-get: reinstalling dav1d 1.3.0-1
prt-get: /usr/bin/pkgadd -u dav1d#1.3.0-1.x86_64.pkg.tar.zst
prt-get: build done Thu Feb  1 15:34:23 2024

