prt-get: updating /usr/ports/wayland-x86_64/desktop-file-utils
prt-get: starting build Tue May  7 20:42:35 2024
=======> Building '/home/devel/packages/desktop-file-utils#0.27-1.x86_64.pkg.tar.zst'.
bsdtar -p -o -C /home/devel/building/work/src -xf /home/devel/sources/desktop-file-utils-0.27.tar.xz
+ build
+ cd desktop-file-utils-0.27
+ build-meson . build
The Meson build system
Version: 1.4.0
Source dir: /home/devel/building/work/src/desktop-file-utils-0.27
Build dir: /home/devel/building/work/src/desktop-file-utils-0.27/build
Build type: native build
Project name: desktop-file-utils
Project version: 0.27
C compiler for the host machine: cc (gcc 14.1.0 "cc (SAUX-x86_64) 14.1.0")
C linker for the host machine: cc ld.bfd 2.42
Host machine cpu family: x86_64
Host machine cpu: x86_64
Compiler for C supports arguments -Wchar-subscripts: YES 
Compiler for C supports arguments -Wmissing-declarations: YES 
Compiler for C supports arguments -Wmissing-prototypes: YES 
Compiler for C supports arguments -Wnested-externs: YES 
Compiler for C supports arguments -Wpointer-arith: YES 
Compiler for C supports arguments -Wcast-align: YES 
Compiler for C supports arguments -Wsign-compare: YES 
Compiler for C supports arguments -Wno-unused-parameter: YES 
Checking for function "pledge" : NO 
Found pkg-config: YES (/usr/bin/pkg-config) 2.2.0
Run-time dependency glib-2.0 found: YES 2.80.0
Configuring config.h using configuration
Build targets in project: 5
NOTICE: Future-deprecated features used:
 * 0.64.0: {'copy arg in configure_file'}

desktop-file-utils 0.27

  User defined options
    auto_features     : auto
    bindir            : /usr/bin
    buildtype         : plain
    datadir           : /usr/share
    includedir        : /usr/include
    libdir            : /usr/lib
    libexecdir        : /usr/lib
    localstatedir     : /var
    mandir            : /usr/share/man
    prefix            : /usr
    sbindir           : /usr/sbin
    sharedstatedir    : /var/lib
    sysconfdir        : /etc
    werror            : false
    wrap_mode         : nodownload
    python.bytecompile: 0
    b_lto             : false
    b_pie             : true
    b_staticpic       : true

Found ninja-1.9 at /usr/bin/ninja
+ meson compile -j 8 -v -C build
ninja: entering directory '/home/devel/building/work/src/desktop-file-utils-0.27/build'
[1/10] cc -Isrc/update-desktop-database.p -Isrc -I../src -I/usr/include/glib-2.0 -I/usr/lib/glib-2.0/include -fdiagnostics-color=always -D_FILE_OFFSET_BITS=64 -Wall -Winvalid-pch -std=gnu11 -Wchar-subscripts -Wmissing-declarations -Wmissing-prototypes -Wnested-externs -Wpointer-arith -Wcast-align -Wsign-compare -Wno-unused-parameter -O2 -m64 -march=x86-64 -mtune=generic -flto=auto -ffat-lto-objects -fPIE -MD -MQ src/update-desktop-database.p/update-desktop-database.c.o -MF src/update-desktop-database.p/update-desktop-database.c.o.d -o src/update-desktop-database.p/update-desktop-database.c.o -c ../src/update-desktop-database.c
[2/10] cc -Isrc/desktop-file-install.p -Isrc -I../src -I/usr/include/glib-2.0 -I/usr/lib/glib-2.0/include -fdiagnostics-color=always -D_FILE_OFFSET_BITS=64 -Wall -Winvalid-pch -std=gnu11 -Wchar-subscripts -Wmissing-declarations -Wmissing-prototypes -Wnested-externs -Wpointer-arith -Wcast-align -Wsign-compare -Wno-unused-parameter -O2 -m64 -march=x86-64 -mtune=generic -flto=auto -ffat-lto-objects -fPIE -MD -MQ src/desktop-file-install.p/install.c.o -MF src/desktop-file-install.p/install.c.o.d -o src/desktop-file-install.p/install.c.o -c ../src/install.c
[3/10] cc -Isrc/desktop-file-validate.p -Isrc -I../src -I/usr/include/glib-2.0 -I/usr/lib/glib-2.0/include -fdiagnostics-color=always -D_FILE_OFFSET_BITS=64 -Wall -Winvalid-pch -std=gnu11 -Wchar-subscripts -Wmissing-declarations -Wmissing-prototypes -Wnested-externs -Wpointer-arith -Wcast-align -Wsign-compare -Wno-unused-parameter -O2 -m64 -march=x86-64 -mtune=generic -flto=auto -ffat-lto-objects -fPIE -MD -MQ src/desktop-file-validate.p/validator.c.o -MF src/desktop-file-validate.p/validator.c.o.d -o src/desktop-file-validate.p/validator.c.o -c ../src/validator.c
[4/10] cc -Isrc/libdesktop_file.a.p -Isrc -I../src -I/usr/include/glib-2.0 -I/usr/lib/glib-2.0/include -fdiagnostics-color=always -D_FILE_OFFSET_BITS=64 -Wall -Winvalid-pch -std=gnu11 -Wchar-subscripts -Wmissing-declarations -Wmissing-prototypes -Wnested-externs -Wpointer-arith -Wcast-align -Wsign-compare -Wno-unused-parameter -O2 -m64 -march=x86-64 -mtune=generic -flto=auto -ffat-lto-objects -fPIC -MD -MQ src/libdesktop_file.a.p/validate.c.o -MF src/libdesktop_file.a.p/validate.c.o.d -o src/libdesktop_file.a.p/validate.c.o -c ../src/validate.c
[5/10] cc -Isrc/libdesktop_file.a.p -Isrc -I../src -I/usr/include/glib-2.0 -I/usr/lib/glib-2.0/include -fdiagnostics-color=always -D_FILE_OFFSET_BITS=64 -Wall -Winvalid-pch -std=gnu11 -Wchar-subscripts -Wmissing-declarations -Wmissing-prototypes -Wnested-externs -Wpointer-arith -Wcast-align -Wsign-compare -Wno-unused-parameter -O2 -m64 -march=x86-64 -mtune=generic -flto=auto -ffat-lto-objects -fPIC -MD -MQ src/libdesktop_file.a.p/mimeutils.c.o -MF src/libdesktop_file.a.p/mimeutils.c.o.d -o src/libdesktop_file.a.p/mimeutils.c.o -c ../src/mimeutils.c
[6/10] cc -Isrc/libdesktop_file.a.p -Isrc -I../src -I/usr/include/glib-2.0 -I/usr/lib/glib-2.0/include -fdiagnostics-color=always -D_FILE_OFFSET_BITS=64 -Wall -Winvalid-pch -std=gnu11 -Wchar-subscripts -Wmissing-declarations -Wmissing-prototypes -Wnested-externs -Wpointer-arith -Wcast-align -Wsign-compare -Wno-unused-parameter -O2 -m64 -march=x86-64 -mtune=generic -flto=auto -ffat-lto-objects -fPIC -MD -MQ src/libdesktop_file.a.p/keyfileutils.c.o -MF src/libdesktop_file.a.p/keyfileutils.c.o.d -o src/libdesktop_file.a.p/keyfileutils.c.o -c ../src/keyfileutils.c
[7/10] rm -f src/libdesktop_file.a && gcc-ar csrDT src/libdesktop_file.a src/libdesktop_file.a.p/keyfileutils.c.o src/libdesktop_file.a.p/mimeutils.c.o src/libdesktop_file.a.p/validate.c.o
[8/10] cc  -o src/update-desktop-database src/update-desktop-database.p/update-desktop-database.c.o -Wl,--as-needed -Wl,--no-undefined -pie -O2 -m64 -march=x86-64 -mtune=generic -flto=auto -ffat-lto-objects -Wl,--start-group src/libdesktop_file.a /usr/lib/libglib-2.0.so -Wl,--end-group
[9/10] cc  -o src/desktop-file-install src/desktop-file-install.p/install.c.o -Wl,--as-needed -Wl,--no-undefined -pie -O2 -m64 -march=x86-64 -mtune=generic -flto=auto -ffat-lto-objects -Wl,--start-group src/libdesktop_file.a /usr/lib/libglib-2.0.so -Wl,--end-group
[10/10] cc  -o src/desktop-file-validate src/desktop-file-validate.p/validator.c.o -Wl,--as-needed -Wl,--no-undefined -pie -O2 -m64 -march=x86-64 -mtune=generic -flto=auto -ffat-lto-objects -Wl,--start-group src/libdesktop_file.a /usr/lib/libglib-2.0.so -Wl,--end-group
INFO: autodetecting backend as ninja
INFO: calculating backend command to run: /usr/bin/ninja -C /home/devel/building/work/src/desktop-file-utils-0.27/build -j 8 -v
+ DESTDIR=/home/devel/building/work/pkg
+ meson install --no-rebuild -C build
Installing src/desktop-file-validate to /home/devel/building/work/pkg/usr/bin
Installing src/desktop-file-install to /home/devel/building/work/pkg/usr/bin
Installing src/update-desktop-database to /home/devel/building/work/pkg/usr/bin
Installing /home/devel/building/work/src/desktop-file-utils-0.27/man/desktop-file-validate.1 to /home/devel/building/work/pkg/usr/share/man/man1
Installing /home/devel/building/work/src/desktop-file-utils-0.27/man/desktop-file-install.1 to /home/devel/building/work/pkg/usr/share/man/man1
Installing /home/devel/building/work/src/desktop-file-utils-0.27/man/update-desktop-database.1 to /home/devel/building/work/pkg/usr/share/man/man1
Installing /home/devel/building/work/src/desktop-file-utils-0.27/build/man/desktop-file-edit.1 to /home/devel/building/work/pkg/usr/share/man/man1
Installing /home/devel/building/work/src/desktop-file-utils-0.27/misc/desktop-entry-mode.el to /home/devel/building/work/pkg/usr/share/emacs/site-lisp
Running custom install script '/usr/bin/python3 /home/devel/building/work/src/desktop-file-utils-0.27/install.py'
+ rm -r /home/devel/building/work/pkg/usr/share/emacs
=======> Build result:
drwxr-xr-x  0 root   root        0 May  7 20:42 usr/
drwxr-xr-x  0 root   root        0 May  7 20:42 usr/bin/
drwxr-xr-x  0 root   root        0 May  7 20:42 usr/share/
drwxr-xr-x  0 root   root        0 May  7 20:42 usr/share/man/
drwxr-xr-x  0 root   root        0 May  7 20:42 usr/share/man/man1/
-rw-r--r--  0 root   root      845 Oct  5  2023 usr/share/man/man1/desktop-file-validate.1.gz
-rw-r--r--  0 root   root     2054 Oct  5  2023 usr/share/man/man1/desktop-file-install.1.gz
-rw-r--r--  0 root   root     1152 Oct  5  2023 usr/share/man/man1/update-desktop-database.1.gz
-rw-r--r--  0 root   root     2051 Oct  5  2023 usr/share/man/man1/desktop-file-edit.1.gz
-rwxr-xr-x  0 root   root    79000 May  7 20:42 usr/bin/desktop-file-validate
-rwxr-xr-x  0 root   root    95384 May  7 20:42 usr/bin/desktop-file-install
-rwxr-xr-x  0 root   root    23256 May  7 20:42 usr/bin/update-desktop-database
lrwxrwxrwx  0 root   root        0 May  7 20:42 usr/bin/desktop-file-edit -> desktop-file-install
=======> Building '/home/devel/packages/desktop-file-utils#0.27-1.x86_64.pkg.tar.zst' succeeded.
prt-get: Using PKGMK_PACKAGE_DIR: /home/devel/packages
prt-get: reinstalling desktop-file-utils 0.27-1
prt-get: /usr/bin/pkgadd -u desktop-file-utils#0.27-1.x86_64.pkg.tar.zst
prt-get: build done Tue May  7 20:42:37 2024

