prt-get: updating /usr/ports/opt-x86_64/efivar
prt-get: starting build Tue May  7 20:43:34 2024
=======> Building '/home/devel/packages/efivar#39-1.x86_64.pkg.tar.zst'.
bsdtar -p -o -C /home/devel/building/work/src -xf /home/devel/sources/efivar-39.tar.gz
+ build
+ cd efivar-39
+ sed 's|docs||' -i Makefile
+ make -j1 V=1
make[1]: Entering directory '/home/devel/building/work/src/efivar-39/src'
gcc -O2 -m64 -march=x86-64 -mtune=generic -flto=auto -ffat-lto-objects -std=gnu11 -funsigned-char -fvisibility=hidden -specs=/home/devel/building/work/src/efivar-39/src/include/gcc.specs -fno-merge-constants  -std=gnu11 -funsigned-char -fvisibility=hidden -specs=/home/devel/building/work/src/efivar-39/src/include/gcc.specs -fno-merge-constants   -fPIC  -DLIBEFIVAR_VERSION=39 -D_GNU_SOURCE -D_FILE_OFFSET_BITS=64 -I/home/devel/building/work/src/efivar-39/src/include/ -DEFIVAR_BUILD_ENVIRONMENT -march=native -c -o makeguids.o makeguids.c
cp util.c util-makeguids.c
gcc -O2 -m64 -march=x86-64 -mtune=generic -flto=auto -ffat-lto-objects -std=gnu11 -funsigned-char -fvisibility=hidden -specs=/home/devel/building/work/src/efivar-39/src/include/gcc.specs -fno-merge-constants  -std=gnu11 -funsigned-char -fvisibility=hidden -specs=/home/devel/building/work/src/efivar-39/src/include/gcc.specs -fno-merge-constants   -fPIC  -DLIBEFIVAR_VERSION=39 -D_GNU_SOURCE -D_FILE_OFFSET_BITS=64 -I/home/devel/building/work/src/efivar-39/src/include/ -DEFIVAR_BUILD_ENVIRONMENT -march=native -c -o util-makeguids.o util-makeguids.c
gcc -O2 -m64 -march=x86-64 -mtune=generic -flto=auto -ffat-lto-objects -std=gnu11 -funsigned-char -fvisibility=hidden -specs=/home/devel/building/work/src/efivar-39/src/include/gcc.specs -fno-merge-constants  -std=gnu11 -funsigned-char -fvisibility=hidden -specs=/home/devel/building/work/src/efivar-39/src/include/gcc.specs -fno-merge-constants   -L.   -Wl,--build-id -Wl,--no-allow-shlib-undefined -Wl,-z,now -Wl,-z,muldefs -Wl,--no-undefined-version    -DLIBEFIVAR_VERSION=39 -D_GNU_SOURCE -D_FILE_OFFSET_BITS=64 -I/home/devel/building/work/src/efivar-39/src/include/ -DEFIVAR_BUILD_ENVIRONMENT -march=native -o makeguids makeguids.o util-makeguids.o -ldl 
./makeguids guids.txt guid-symbols.c include/efivar/efivar-guids.h
./makeguids guids.txt guid-symbols.c include/efivar/efivar-guids.h
make[2]: Entering directory '/home/devel/building/work/src/efivar-39/src'
make[2]: Leaving directory '/home/devel/building/work/src/efivar-39/src'
make[1]: Nothing to be done for 'prep'.
make[1]: Leaving directory '/home/devel/building/work/src/efivar-39/src'
make[1]: Entering directory '/home/devel/building/work/src/efivar-39/src'
make[2]: Entering directory '/home/devel/building/work/src/efivar-39/src'
make[2]: Nothing to be done for 'deps'.
make[2]: Leaving directory '/home/devel/building/work/src/efivar-39/src'
gcc -O2 -m64 -march=x86-64 -mtune=generic -flto=auto -ffat-lto-objects -std=gnu11 -funsigned-char -fvisibility=hidden -specs=/home/devel/building/work/src/efivar-39/src/include/gcc.specs -fno-merge-constants  -std=gnu11 -funsigned-char -fvisibility=hidden -specs=/home/devel/building/work/src/efivar-39/src/include/gcc.specs -fno-merge-constants  -fPIC  -DLIBEFIVAR_VERSION=39 -D_GNU_SOURCE -D_FILE_OFFSET_BITS=64 -I/home/devel/building/work/src/efivar-39/src/include/ -c -o crc32.o crc32.c
gcc -O2 -m64 -march=x86-64 -mtune=generic -flto=auto -ffat-lto-objects -std=gnu11 -funsigned-char -fvisibility=hidden -specs=/home/devel/building/work/src/efivar-39/src/include/gcc.specs -fno-merge-constants  -std=gnu11 -funsigned-char -fvisibility=hidden -specs=/home/devel/building/work/src/efivar-39/src/include/gcc.specs -fno-merge-constants  -fPIC  -DLIBEFIVAR_VERSION=39 -D_GNU_SOURCE -D_FILE_OFFSET_BITS=64 -I/home/devel/building/work/src/efivar-39/src/include/ -c -o dp.o dp.c
gcc -O2 -m64 -march=x86-64 -mtune=generic -flto=auto -ffat-lto-objects -std=gnu11 -funsigned-char -fvisibility=hidden -specs=/home/devel/building/work/src/efivar-39/src/include/gcc.specs -fno-merge-constants  -std=gnu11 -funsigned-char -fvisibility=hidden -specs=/home/devel/building/work/src/efivar-39/src/include/gcc.specs -fno-merge-constants  -fPIC  -DLIBEFIVAR_VERSION=39 -D_GNU_SOURCE -D_FILE_OFFSET_BITS=64 -I/home/devel/building/work/src/efivar-39/src/include/ -c -o dp-acpi.o dp-acpi.c
gcc -O2 -m64 -march=x86-64 -mtune=generic -flto=auto -ffat-lto-objects -std=gnu11 -funsigned-char -fvisibility=hidden -specs=/home/devel/building/work/src/efivar-39/src/include/gcc.specs -fno-merge-constants  -std=gnu11 -funsigned-char -fvisibility=hidden -specs=/home/devel/building/work/src/efivar-39/src/include/gcc.specs -fno-merge-constants  -fPIC  -DLIBEFIVAR_VERSION=39 -D_GNU_SOURCE -D_FILE_OFFSET_BITS=64 -I/home/devel/building/work/src/efivar-39/src/include/ -c -o dp-hw.o dp-hw.c
gcc -O2 -m64 -march=x86-64 -mtune=generic -flto=auto -ffat-lto-objects -std=gnu11 -funsigned-char -fvisibility=hidden -specs=/home/devel/building/work/src/efivar-39/src/include/gcc.specs -fno-merge-constants  -std=gnu11 -funsigned-char -fvisibility=hidden -specs=/home/devel/building/work/src/efivar-39/src/include/gcc.specs -fno-merge-constants  -fPIC  -DLIBEFIVAR_VERSION=39 -D_GNU_SOURCE -D_FILE_OFFSET_BITS=64 -I/home/devel/building/work/src/efivar-39/src/include/ -c -o dp-media.o dp-media.c
gcc -O2 -m64 -march=x86-64 -mtune=generic -flto=auto -ffat-lto-objects -std=gnu11 -funsigned-char -fvisibility=hidden -specs=/home/devel/building/work/src/efivar-39/src/include/gcc.specs -fno-merge-constants  -std=gnu11 -funsigned-char -fvisibility=hidden -specs=/home/devel/building/work/src/efivar-39/src/include/gcc.specs -fno-merge-constants  -fPIC  -DLIBEFIVAR_VERSION=39 -D_GNU_SOURCE -D_FILE_OFFSET_BITS=64 -I/home/devel/building/work/src/efivar-39/src/include/ -c -o dp-message.o dp-message.c
gcc -O2 -m64 -march=x86-64 -mtune=generic -flto=auto -ffat-lto-objects -std=gnu11 -funsigned-char -fvisibility=hidden -specs=/home/devel/building/work/src/efivar-39/src/include/gcc.specs -fno-merge-constants  -std=gnu11 -funsigned-char -fvisibility=hidden -specs=/home/devel/building/work/src/efivar-39/src/include/gcc.specs -fno-merge-constants  -fPIC  -DLIBEFIVAR_VERSION=39 -D_GNU_SOURCE -D_FILE_OFFSET_BITS=64 -I/home/devel/building/work/src/efivar-39/src/include/ -c -o efivarfs.o efivarfs.c
gcc -O2 -m64 -march=x86-64 -mtune=generic -flto=auto -ffat-lto-objects -std=gnu11 -funsigned-char -fvisibility=hidden -specs=/home/devel/building/work/src/efivar-39/src/include/gcc.specs -fno-merge-constants  -std=gnu11 -funsigned-char -fvisibility=hidden -specs=/home/devel/building/work/src/efivar-39/src/include/gcc.specs -fno-merge-constants  -fPIC  -DLIBEFIVAR_VERSION=39 -D_GNU_SOURCE -D_FILE_OFFSET_BITS=64 -I/home/devel/building/work/src/efivar-39/src/include/ -c -o error.o error.c
gcc -O2 -m64 -march=x86-64 -mtune=generic -flto=auto -ffat-lto-objects -std=gnu11 -funsigned-char -fvisibility=hidden -specs=/home/devel/building/work/src/efivar-39/src/include/gcc.specs -fno-merge-constants  -std=gnu11 -funsigned-char -fvisibility=hidden -specs=/home/devel/building/work/src/efivar-39/src/include/gcc.specs -fno-merge-constants  -fPIC  -DLIBEFIVAR_VERSION=39 -D_GNU_SOURCE -D_FILE_OFFSET_BITS=64 -I/home/devel/building/work/src/efivar-39/src/include/ -c -o export.o export.c
gcc -O2 -m64 -march=x86-64 -mtune=generic -flto=auto -ffat-lto-objects -std=gnu11 -funsigned-char -fvisibility=hidden -specs=/home/devel/building/work/src/efivar-39/src/include/gcc.specs -fno-merge-constants  -std=gnu11 -funsigned-char -fvisibility=hidden -specs=/home/devel/building/work/src/efivar-39/src/include/gcc.specs -fno-merge-constants  -fPIC  -DLIBEFIVAR_VERSION=39 -D_GNU_SOURCE -D_FILE_OFFSET_BITS=64 -I/home/devel/building/work/src/efivar-39/src/include/ -c -o guid.o guid.c
gcc -O2 -m64 -march=x86-64 -mtune=generic -flto=auto -ffat-lto-objects -std=gnu11 -funsigned-char -fvisibility=hidden -specs=/home/devel/building/work/src/efivar-39/src/include/gcc.specs -fno-merge-constants  -std=gnu11 -funsigned-char -fvisibility=hidden -specs=/home/devel/building/work/src/efivar-39/src/include/gcc.specs -fno-merge-constants  -fPIC  -DLIBEFIVAR_VERSION=39 -D_GNU_SOURCE -D_FILE_OFFSET_BITS=64 -I/home/devel/building/work/src/efivar-39/src/include/ -c -o guid-symbols.o guid-symbols.c
gcc -O2 -m64 -march=x86-64 -mtune=generic -flto=auto -ffat-lto-objects -std=gnu11 -funsigned-char -fvisibility=hidden -specs=/home/devel/building/work/src/efivar-39/src/include/gcc.specs -fno-merge-constants  -std=gnu11 -funsigned-char -fvisibility=hidden -specs=/home/devel/building/work/src/efivar-39/src/include/gcc.specs -fno-merge-constants  -fPIC  -DLIBEFIVAR_VERSION=39 -D_GNU_SOURCE -D_FILE_OFFSET_BITS=64 -I/home/devel/building/work/src/efivar-39/src/include/ -c -o lib.o lib.c
gcc -O2 -m64 -march=x86-64 -mtune=generic -flto=auto -ffat-lto-objects -std=gnu11 -funsigned-char -fvisibility=hidden -specs=/home/devel/building/work/src/efivar-39/src/include/gcc.specs -fno-merge-constants  -std=gnu11 -funsigned-char -fvisibility=hidden -specs=/home/devel/building/work/src/efivar-39/src/include/gcc.specs -fno-merge-constants  -fPIC  -DLIBEFIVAR_VERSION=39 -D_GNU_SOURCE -D_FILE_OFFSET_BITS=64 -I/home/devel/building/work/src/efivar-39/src/include/ -c -o vars.o vars.c
gcc -O2 -m64 -march=x86-64 -mtune=generic -flto=auto -ffat-lto-objects -std=gnu11 -funsigned-char -fvisibility=hidden -specs=/home/devel/building/work/src/efivar-39/src/include/gcc.specs -fno-merge-constants  -std=gnu11 -funsigned-char -fvisibility=hidden -specs=/home/devel/building/work/src/efivar-39/src/include/gcc.specs -fno-merge-constants  -fPIC  -DLIBEFIVAR_VERSION=39 -D_GNU_SOURCE -D_FILE_OFFSET_BITS=64 -I/home/devel/building/work/src/efivar-39/src/include/ -c -o time.o time.c
gcc -O2 -m64 -march=x86-64 -mtune=generic -flto=auto -ffat-lto-objects -std=gnu11 -funsigned-char -fvisibility=hidden -specs=/home/devel/building/work/src/efivar-39/src/include/gcc.specs -fno-merge-constants  -std=gnu11 -funsigned-char -fvisibility=hidden -specs=/home/devel/building/work/src/efivar-39/src/include/gcc.specs -fno-merge-constants  -L.   -Wl,--build-id -Wl,--no-allow-shlib-undefined -Wl,--no-undefined-version -Wl,-z,now -Wl,-z,muldefs -Wl,-z,relro -Wl,--fatal-warnings     -DLIBEFIVAR_VERSION=39 -D_GNU_SOURCE -D_FILE_OFFSET_BITS=64 -I/home/devel/building/work/src/efivar-39/src/include/  -shared -Wl,-soname,libefivar.so.1 -Wl,--version-script=libefivar.map  -o libefivar.so crc32.o dp.o dp-acpi.o dp-hw.o dp-media.o dp-message.o efivarfs.o error.o export.o guid.o guid-symbols.o lib.o vars.o time.o -ldl 
ln -vfs libefivar.so libefivar.so.1
'libefivar.so.1' -> 'libefivar.so'
gcc -O2 -m64 -march=x86-64 -mtune=generic -flto=auto -ffat-lto-objects -std=gnu11 -funsigned-char -fvisibility=hidden -specs=/home/devel/building/work/src/efivar-39/src/include/gcc.specs -fno-merge-constants  -std=gnu11 -funsigned-char -fvisibility=hidden -specs=/home/devel/building/work/src/efivar-39/src/include/gcc.specs -fno-merge-constants  -fPIC  -DLIBEFIVAR_VERSION=39 -D_GNU_SOURCE -D_FILE_OFFSET_BITS=64 -I/home/devel/building/work/src/efivar-39/src/include/ -c -o creator.o creator.c
gcc -O2 -m64 -march=x86-64 -mtune=generic -flto=auto -ffat-lto-objects -std=gnu11 -funsigned-char -fvisibility=hidden -specs=/home/devel/building/work/src/efivar-39/src/include/gcc.specs -fno-merge-constants  -std=gnu11 -funsigned-char -fvisibility=hidden -specs=/home/devel/building/work/src/efivar-39/src/include/gcc.specs -fno-merge-constants  -fPIC  -DLIBEFIVAR_VERSION=39 -D_GNU_SOURCE -D_FILE_OFFSET_BITS=64 -I/home/devel/building/work/src/efivar-39/src/include/ -c -o disk.o disk.c
gcc -O2 -m64 -march=x86-64 -mtune=generic -flto=auto -ffat-lto-objects -std=gnu11 -funsigned-char -fvisibility=hidden -specs=/home/devel/building/work/src/efivar-39/src/include/gcc.specs -fno-merge-constants  -std=gnu11 -funsigned-char -fvisibility=hidden -specs=/home/devel/building/work/src/efivar-39/src/include/gcc.specs -fno-merge-constants  -fPIC  -DLIBEFIVAR_VERSION=39 -D_GNU_SOURCE -D_FILE_OFFSET_BITS=64 -I/home/devel/building/work/src/efivar-39/src/include/ -c -o gpt.o gpt.c
gcc -O2 -m64 -march=x86-64 -mtune=generic -flto=auto -ffat-lto-objects -std=gnu11 -funsigned-char -fvisibility=hidden -specs=/home/devel/building/work/src/efivar-39/src/include/gcc.specs -fno-merge-constants  -std=gnu11 -funsigned-char -fvisibility=hidden -specs=/home/devel/building/work/src/efivar-39/src/include/gcc.specs -fno-merge-constants  -fPIC  -DLIBEFIVAR_VERSION=39 -D_GNU_SOURCE -D_FILE_OFFSET_BITS=64 -I/home/devel/building/work/src/efivar-39/src/include/ -c -o loadopt.o loadopt.c
gcc -O2 -m64 -march=x86-64 -mtune=generic -flto=auto -ffat-lto-objects -std=gnu11 -funsigned-char -fvisibility=hidden -specs=/home/devel/building/work/src/efivar-39/src/include/gcc.specs -fno-merge-constants  -std=gnu11 -funsigned-char -fvisibility=hidden -specs=/home/devel/building/work/src/efivar-39/src/include/gcc.specs -fno-merge-constants  -fPIC  -DLIBEFIVAR_VERSION=39 -D_GNU_SOURCE -D_FILE_OFFSET_BITS=64 -I/home/devel/building/work/src/efivar-39/src/include/ -c -o path-helpers.o path-helpers.c
gcc -O2 -m64 -march=x86-64 -mtune=generic -flto=auto -ffat-lto-objects -std=gnu11 -funsigned-char -fvisibility=hidden -specs=/home/devel/building/work/src/efivar-39/src/include/gcc.specs -fno-merge-constants  -std=gnu11 -funsigned-char -fvisibility=hidden -specs=/home/devel/building/work/src/efivar-39/src/include/gcc.specs -fno-merge-constants  -fPIC  -DLIBEFIVAR_VERSION=39 -D_GNU_SOURCE -D_FILE_OFFSET_BITS=64 -I/home/devel/building/work/src/efivar-39/src/include/ -c -o linux.o linux.c
gcc -O2 -m64 -march=x86-64 -mtune=generic -flto=auto -ffat-lto-objects -std=gnu11 -funsigned-char -fvisibility=hidden -specs=/home/devel/building/work/src/efivar-39/src/include/gcc.specs -fno-merge-constants  -std=gnu11 -funsigned-char -fvisibility=hidden -specs=/home/devel/building/work/src/efivar-39/src/include/gcc.specs -fno-merge-constants  -fPIC  -DLIBEFIVAR_VERSION=39 -D_GNU_SOURCE -D_FILE_OFFSET_BITS=64 -I/home/devel/building/work/src/efivar-39/src/include/ -c -o linux-acpi-root.o linux-acpi-root.c
gcc -O2 -m64 -march=x86-64 -mtune=generic -flto=auto -ffat-lto-objects -std=gnu11 -funsigned-char -fvisibility=hidden -specs=/home/devel/building/work/src/efivar-39/src/include/gcc.specs -fno-merge-constants  -std=gnu11 -funsigned-char -fvisibility=hidden -specs=/home/devel/building/work/src/efivar-39/src/include/gcc.specs -fno-merge-constants  -fPIC  -DLIBEFIVAR_VERSION=39 -D_GNU_SOURCE -D_FILE_OFFSET_BITS=64 -I/home/devel/building/work/src/efivar-39/src/include/ -c -o linux-acpi.o linux-acpi.c
gcc -O2 -m64 -march=x86-64 -mtune=generic -flto=auto -ffat-lto-objects -std=gnu11 -funsigned-char -fvisibility=hidden -specs=/home/devel/building/work/src/efivar-39/src/include/gcc.specs -fno-merge-constants  -std=gnu11 -funsigned-char -fvisibility=hidden -specs=/home/devel/building/work/src/efivar-39/src/include/gcc.specs -fno-merge-constants  -fPIC  -DLIBEFIVAR_VERSION=39 -D_GNU_SOURCE -D_FILE_OFFSET_BITS=64 -I/home/devel/building/work/src/efivar-39/src/include/ -c -o linux-ata.o linux-ata.c
gcc -O2 -m64 -march=x86-64 -mtune=generic -flto=auto -ffat-lto-objects -std=gnu11 -funsigned-char -fvisibility=hidden -specs=/home/devel/building/work/src/efivar-39/src/include/gcc.specs -fno-merge-constants  -std=gnu11 -funsigned-char -fvisibility=hidden -specs=/home/devel/building/work/src/efivar-39/src/include/gcc.specs -fno-merge-constants  -fPIC  -DLIBEFIVAR_VERSION=39 -D_GNU_SOURCE -D_FILE_OFFSET_BITS=64 -I/home/devel/building/work/src/efivar-39/src/include/ -c -o linux-emmc.o linux-emmc.c
gcc -O2 -m64 -march=x86-64 -mtune=generic -flto=auto -ffat-lto-objects -std=gnu11 -funsigned-char -fvisibility=hidden -specs=/home/devel/building/work/src/efivar-39/src/include/gcc.specs -fno-merge-constants  -std=gnu11 -funsigned-char -fvisibility=hidden -specs=/home/devel/building/work/src/efivar-39/src/include/gcc.specs -fno-merge-constants  -fPIC  -DLIBEFIVAR_VERSION=39 -D_GNU_SOURCE -D_FILE_OFFSET_BITS=64 -I/home/devel/building/work/src/efivar-39/src/include/ -c -o linux-i2o.o linux-i2o.c
gcc -O2 -m64 -march=x86-64 -mtune=generic -flto=auto -ffat-lto-objects -std=gnu11 -funsigned-char -fvisibility=hidden -specs=/home/devel/building/work/src/efivar-39/src/include/gcc.specs -fno-merge-constants  -std=gnu11 -funsigned-char -fvisibility=hidden -specs=/home/devel/building/work/src/efivar-39/src/include/gcc.specs -fno-merge-constants  -fPIC  -DLIBEFIVAR_VERSION=39 -D_GNU_SOURCE -D_FILE_OFFSET_BITS=64 -I/home/devel/building/work/src/efivar-39/src/include/ -c -o linux-md.o linux-md.c
gcc -O2 -m64 -march=x86-64 -mtune=generic -flto=auto -ffat-lto-objects -std=gnu11 -funsigned-char -fvisibility=hidden -specs=/home/devel/building/work/src/efivar-39/src/include/gcc.specs -fno-merge-constants  -std=gnu11 -funsigned-char -fvisibility=hidden -specs=/home/devel/building/work/src/efivar-39/src/include/gcc.specs -fno-merge-constants  -fPIC  -DLIBEFIVAR_VERSION=39 -D_GNU_SOURCE -D_FILE_OFFSET_BITS=64 -I/home/devel/building/work/src/efivar-39/src/include/ -c -o linux-nvme.o linux-nvme.c
gcc -O2 -m64 -march=x86-64 -mtune=generic -flto=auto -ffat-lto-objects -std=gnu11 -funsigned-char -fvisibility=hidden -specs=/home/devel/building/work/src/efivar-39/src/include/gcc.specs -fno-merge-constants  -std=gnu11 -funsigned-char -fvisibility=hidden -specs=/home/devel/building/work/src/efivar-39/src/include/gcc.specs -fno-merge-constants  -fPIC  -DLIBEFIVAR_VERSION=39 -D_GNU_SOURCE -D_FILE_OFFSET_BITS=64 -I/home/devel/building/work/src/efivar-39/src/include/ -c -o linux-pci-root.o linux-pci-root.c
gcc -O2 -m64 -march=x86-64 -mtune=generic -flto=auto -ffat-lto-objects -std=gnu11 -funsigned-char -fvisibility=hidden -specs=/home/devel/building/work/src/efivar-39/src/include/gcc.specs -fno-merge-constants  -std=gnu11 -funsigned-char -fvisibility=hidden -specs=/home/devel/building/work/src/efivar-39/src/include/gcc.specs -fno-merge-constants  -fPIC  -DLIBEFIVAR_VERSION=39 -D_GNU_SOURCE -D_FILE_OFFSET_BITS=64 -I/home/devel/building/work/src/efivar-39/src/include/ -c -o linux-pci.o linux-pci.c
gcc -O2 -m64 -march=x86-64 -mtune=generic -flto=auto -ffat-lto-objects -std=gnu11 -funsigned-char -fvisibility=hidden -specs=/home/devel/building/work/src/efivar-39/src/include/gcc.specs -fno-merge-constants  -std=gnu11 -funsigned-char -fvisibility=hidden -specs=/home/devel/building/work/src/efivar-39/src/include/gcc.specs -fno-merge-constants  -fPIC  -DLIBEFIVAR_VERSION=39 -D_GNU_SOURCE -D_FILE_OFFSET_BITS=64 -I/home/devel/building/work/src/efivar-39/src/include/ -c -o linux-pmem.o linux-pmem.c
gcc -O2 -m64 -march=x86-64 -mtune=generic -flto=auto -ffat-lto-objects -std=gnu11 -funsigned-char -fvisibility=hidden -specs=/home/devel/building/work/src/efivar-39/src/include/gcc.specs -fno-merge-constants  -std=gnu11 -funsigned-char -fvisibility=hidden -specs=/home/devel/building/work/src/efivar-39/src/include/gcc.specs -fno-merge-constants  -fPIC  -DLIBEFIVAR_VERSION=39 -D_GNU_SOURCE -D_FILE_OFFSET_BITS=64 -I/home/devel/building/work/src/efivar-39/src/include/ -c -o linux-sas.o linux-sas.c
gcc -O2 -m64 -march=x86-64 -mtune=generic -flto=auto -ffat-lto-objects -std=gnu11 -funsigned-char -fvisibility=hidden -specs=/home/devel/building/work/src/efivar-39/src/include/gcc.specs -fno-merge-constants  -std=gnu11 -funsigned-char -fvisibility=hidden -specs=/home/devel/building/work/src/efivar-39/src/include/gcc.specs -fno-merge-constants  -fPIC  -DLIBEFIVAR_VERSION=39 -D_GNU_SOURCE -D_FILE_OFFSET_BITS=64 -I/home/devel/building/work/src/efivar-39/src/include/ -c -o linux-sata.o linux-sata.c
gcc -O2 -m64 -march=x86-64 -mtune=generic -flto=auto -ffat-lto-objects -std=gnu11 -funsigned-char -fvisibility=hidden -specs=/home/devel/building/work/src/efivar-39/src/include/gcc.specs -fno-merge-constants  -std=gnu11 -funsigned-char -fvisibility=hidden -specs=/home/devel/building/work/src/efivar-39/src/include/gcc.specs -fno-merge-constants  -fPIC  -DLIBEFIVAR_VERSION=39 -D_GNU_SOURCE -D_FILE_OFFSET_BITS=64 -I/home/devel/building/work/src/efivar-39/src/include/ -c -o linux-scsi.o linux-scsi.c
gcc -O2 -m64 -march=x86-64 -mtune=generic -flto=auto -ffat-lto-objects -std=gnu11 -funsigned-char -fvisibility=hidden -specs=/home/devel/building/work/src/efivar-39/src/include/gcc.specs -fno-merge-constants  -std=gnu11 -funsigned-char -fvisibility=hidden -specs=/home/devel/building/work/src/efivar-39/src/include/gcc.specs -fno-merge-constants  -fPIC  -DLIBEFIVAR_VERSION=39 -D_GNU_SOURCE -D_FILE_OFFSET_BITS=64 -I/home/devel/building/work/src/efivar-39/src/include/ -c -o linux-soc-root.o linux-soc-root.c
gcc -O2 -m64 -march=x86-64 -mtune=generic -flto=auto -ffat-lto-objects -std=gnu11 -funsigned-char -fvisibility=hidden -specs=/home/devel/building/work/src/efivar-39/src/include/gcc.specs -fno-merge-constants  -std=gnu11 -funsigned-char -fvisibility=hidden -specs=/home/devel/building/work/src/efivar-39/src/include/gcc.specs -fno-merge-constants  -fPIC  -DLIBEFIVAR_VERSION=39 -D_GNU_SOURCE -D_FILE_OFFSET_BITS=64 -I/home/devel/building/work/src/efivar-39/src/include/ -c -o linux-virtblk.o linux-virtblk.c
gcc -O2 -m64 -march=x86-64 -mtune=generic -flto=auto -ffat-lto-objects -std=gnu11 -funsigned-char -fvisibility=hidden -specs=/home/devel/building/work/src/efivar-39/src/include/gcc.specs -fno-merge-constants  -std=gnu11 -funsigned-char -fvisibility=hidden -specs=/home/devel/building/work/src/efivar-39/src/include/gcc.specs -fno-merge-constants  -fPIC  -DLIBEFIVAR_VERSION=39 -D_GNU_SOURCE -D_FILE_OFFSET_BITS=64 -I/home/devel/building/work/src/efivar-39/src/include/ -c -o linux-virtual-root.o linux-virtual-root.c
gcc -O2 -m64 -march=x86-64 -mtune=generic -flto=auto -ffat-lto-objects -std=gnu11 -funsigned-char -fvisibility=hidden -specs=/home/devel/building/work/src/efivar-39/src/include/gcc.specs -fno-merge-constants  -std=gnu11 -funsigned-char -fvisibility=hidden -specs=/home/devel/building/work/src/efivar-39/src/include/gcc.specs -fno-merge-constants  -L.   -Wl,--build-id -Wl,--no-allow-shlib-undefined -Wl,--no-undefined-version -Wl,-z,now -Wl,-z,muldefs -Wl,-z,relro -Wl,--fatal-warnings     -DLIBEFIVAR_VERSION=39 -D_GNU_SOURCE -D_FILE_OFFSET_BITS=64 -I/home/devel/building/work/src/efivar-39/src/include/  -shared -Wl,-soname,libefiboot.so.1 -Wl,--version-script=libefiboot.map  -o libefiboot.so crc32.o creator.o disk.o gpt.o loadopt.o path-helpers.o linux.o linux-acpi-root.o linux-acpi.o linux-ata.o linux-emmc.o linux-i2o.o linux-md.o linux-nvme.o linux-pci-root.o linux-pci.o linux-pmem.o linux-sas.o linux-sata.o linux-scsi.o linux-soc-root.o linux-virtblk.o linux-virtual-root.o -lefivar 
ln -vfs libefiboot.so libefiboot.so.1
'libefiboot.so.1' -> 'libefiboot.so'
gcc -O2 -m64 -march=x86-64 -mtune=generic -flto=auto -ffat-lto-objects -std=gnu11 -funsigned-char -fvisibility=hidden -specs=/home/devel/building/work/src/efivar-39/src/include/gcc.specs -fno-merge-constants  -std=gnu11 -funsigned-char -fvisibility=hidden -specs=/home/devel/building/work/src/efivar-39/src/include/gcc.specs -fno-merge-constants  -fPIC  -DLIBEFIVAR_VERSION=39 -D_GNU_SOURCE -D_FILE_OFFSET_BITS=64 -I/home/devel/building/work/src/efivar-39/src/include/ -c -o sec.o sec.c
gcc -O2 -m64 -march=x86-64 -mtune=generic -flto=auto -ffat-lto-objects -std=gnu11 -funsigned-char -fvisibility=hidden -specs=/home/devel/building/work/src/efivar-39/src/include/gcc.specs -fno-merge-constants  -std=gnu11 -funsigned-char -fvisibility=hidden -specs=/home/devel/building/work/src/efivar-39/src/include/gcc.specs -fno-merge-constants  -fPIC  -DLIBEFIVAR_VERSION=39 -D_GNU_SOURCE -D_FILE_OFFSET_BITS=64 -I/home/devel/building/work/src/efivar-39/src/include/ -c -o secdb.o secdb.c
gcc -O2 -m64 -march=x86-64 -mtune=generic -flto=auto -ffat-lto-objects -std=gnu11 -funsigned-char -fvisibility=hidden -specs=/home/devel/building/work/src/efivar-39/src/include/gcc.specs -fno-merge-constants  -std=gnu11 -funsigned-char -fvisibility=hidden -specs=/home/devel/building/work/src/efivar-39/src/include/gcc.specs -fno-merge-constants  -fPIC  -DLIBEFIVAR_VERSION=39 -D_GNU_SOURCE -D_FILE_OFFSET_BITS=64 -I/home/devel/building/work/src/efivar-39/src/include/ -c -o esl-iter.o esl-iter.c
gcc -O2 -m64 -march=x86-64 -mtune=generic -flto=auto -ffat-lto-objects -std=gnu11 -funsigned-char -fvisibility=hidden -specs=/home/devel/building/work/src/efivar-39/src/include/gcc.specs -fno-merge-constants  -std=gnu11 -funsigned-char -fvisibility=hidden -specs=/home/devel/building/work/src/efivar-39/src/include/gcc.specs -fno-merge-constants  -fPIC  -DLIBEFIVAR_VERSION=39 -D_GNU_SOURCE -D_FILE_OFFSET_BITS=64 -I/home/devel/building/work/src/efivar-39/src/include/ -c -o util.o util.c
gcc -O2 -m64 -march=x86-64 -mtune=generic -flto=auto -ffat-lto-objects -std=gnu11 -funsigned-char -fvisibility=hidden -specs=/home/devel/building/work/src/efivar-39/src/include/gcc.specs -fno-merge-constants  -std=gnu11 -funsigned-char -fvisibility=hidden -specs=/home/devel/building/work/src/efivar-39/src/include/gcc.specs -fno-merge-constants  -L.   -Wl,--build-id -Wl,--no-allow-shlib-undefined -Wl,--no-undefined-version -Wl,-z,now -Wl,-z,muldefs -Wl,-z,relro -Wl,--fatal-warnings     -DLIBEFIVAR_VERSION=39 -D_GNU_SOURCE -D_FILE_OFFSET_BITS=64 -I/home/devel/building/work/src/efivar-39/src/include/  -shared -Wl,-soname,libefisec.so.1 -Wl,--version-script=libefisec.map  -o libefisec.so sec.o secdb.o esl-iter.o util.o  
ln -vfs libefisec.so libefisec.so.1
'libefisec.so.1' -> 'libefisec.so'
gcc -O2 -m64 -march=x86-64 -mtune=generic -flto=auto -ffat-lto-objects -std=gnu11 -funsigned-char -fvisibility=hidden -specs=/home/devel/building/work/src/efivar-39/src/include/gcc.specs -fno-merge-constants  -std=gnu11 -funsigned-char -fvisibility=hidden -specs=/home/devel/building/work/src/efivar-39/src/include/gcc.specs -fno-merge-constants  -fPIC  -DLIBEFIVAR_VERSION=39 -D_GNU_SOURCE -D_FILE_OFFSET_BITS=64 -I/home/devel/building/work/src/efivar-39/src/include/ -c -o efivar.o efivar.c
gcc -O2 -m64 -march=x86-64 -mtune=generic -flto=auto -ffat-lto-objects -std=gnu11 -funsigned-char -fvisibility=hidden -specs=/home/devel/building/work/src/efivar-39/src/include/gcc.specs -fno-merge-constants  -std=gnu11 -funsigned-char -fvisibility=hidden -specs=/home/devel/building/work/src/efivar-39/src/include/gcc.specs -fno-merge-constants  -L.   -Wl,--build-id -Wl,--no-allow-shlib-undefined -Wl,--no-undefined-version -Wl,-z,now -Wl,-z,muldefs -Wl,-z,relro -Wl,--fatal-warnings     -DLIBEFIVAR_VERSION=39 -D_GNU_SOURCE -D_FILE_OFFSET_BITS=64 -I/home/devel/building/work/src/efivar-39/src/include/ -o efivar efivar.o guid.o util.o -lefivar -ldl 
gcc -O2 -m64 -march=x86-64 -mtune=generic -flto=auto -ffat-lto-objects -std=gnu11 -funsigned-char -fvisibility=hidden -specs=/home/devel/building/work/src/efivar-39/src/include/gcc.specs -fno-merge-constants  -std=gnu11 -funsigned-char -fvisibility=hidden -specs=/home/devel/building/work/src/efivar-39/src/include/gcc.specs -fno-merge-constants  -fPIC  -DLIBEFIVAR_VERSION=39 -D_GNU_SOURCE -D_FILE_OFFSET_BITS=64 -I/home/devel/building/work/src/efivar-39/src/include/ -c -o efisecdb.o efisecdb.c
gcc -O2 -m64 -march=x86-64 -mtune=generic -flto=auto -ffat-lto-objects -std=gnu11 -funsigned-char -fvisibility=hidden -specs=/home/devel/building/work/src/efivar-39/src/include/gcc.specs -fno-merge-constants  -std=gnu11 -funsigned-char -fvisibility=hidden -specs=/home/devel/building/work/src/efivar-39/src/include/gcc.specs -fno-merge-constants  -fPIC  -DLIBEFIVAR_VERSION=39 -D_GNU_SOURCE -D_FILE_OFFSET_BITS=64 -I/home/devel/building/work/src/efivar-39/src/include/ -c -o secdb-dump.o secdb-dump.c
gcc -O2 -m64 -march=x86-64 -mtune=generic -flto=auto -ffat-lto-objects -std=gnu11 -funsigned-char -fvisibility=hidden -specs=/home/devel/building/work/src/efivar-39/src/include/gcc.specs -fno-merge-constants  -std=gnu11 -funsigned-char -fvisibility=hidden -specs=/home/devel/building/work/src/efivar-39/src/include/gcc.specs -fno-merge-constants  -L.   -Wl,--build-id -Wl,--no-allow-shlib-undefined -Wl,--no-undefined-version -Wl,-z,now -Wl,-z,muldefs -Wl,-z,relro -Wl,--fatal-warnings     -DLIBEFIVAR_VERSION=39 -D_GNU_SOURCE -D_FILE_OFFSET_BITS=64 -I/home/devel/building/work/src/efivar-39/src/include/ -o efisecdb efisecdb.o guid-symbols.o secdb-dump.o util.o -lefivar -lefisec -ldl 
gcc -O2 -m64 -march=x86-64 -mtune=generic -flto=auto -ffat-lto-objects -std=gnu11 -funsigned-char -fvisibility=hidden -specs=/home/devel/building/work/src/efivar-39/src/include/gcc.specs -fno-merge-constants  -std=gnu11 -funsigned-char -fvisibility=hidden -specs=/home/devel/building/work/src/efivar-39/src/include/gcc.specs -fno-merge-constants   -I/home/devel/building/work/src/efivar-39/src/include/efivar -fPIC  -DLIBEFIVAR_VERSION=39 -D_GNU_SOURCE -D_FILE_OFFSET_BITS=64 -I/home/devel/building/work/src/efivar-39/src/include/ -c -o thread-test.o thread-test.c
gcc -O2 -m64 -march=x86-64 -mtune=generic -flto=auto -ffat-lto-objects -std=gnu11 -funsigned-char -fvisibility=hidden -specs=/home/devel/building/work/src/efivar-39/src/include/gcc.specs -fno-merge-constants  -std=gnu11 -funsigned-char -fvisibility=hidden -specs=/home/devel/building/work/src/efivar-39/src/include/gcc.specs -fno-merge-constants  -L.   -Wl,--build-id -Wl,--no-allow-shlib-undefined -Wl,--no-undefined-version -Wl,-z,now -Wl,-z,muldefs -Wl,-z,relro -Wl,--fatal-warnings     -DLIBEFIVAR_VERSION=39 -D_GNU_SOURCE -D_FILE_OFFSET_BITS=64 -I/home/devel/building/work/src/efivar-39/src/include/ -o thread-test libefivar.so thread-test.o -lpthread -lefivar 
rm thread-test.o
make[1]: Leaving directory '/home/devel/building/work/src/efivar-39/src'
+ make libdir=/usr/lib DESTDIR=/home/devel/building/work/pkg install
make[1]: Entering directory '/home/devel/building/work/src/efivar-39/src'
make[2]: Entering directory '/home/devel/building/work/src/efivar-39/src'
make[2]: Nothing to be done for 'deps'.
make[2]: Leaving directory '/home/devel/building/work/src/efivar-39/src'
install -d -m 755 /home/devel/building/work/pkg/usr/lib
install -m 755 libefivar.so /home/devel/building/work/pkg/usr/lib/libefivar.so.1.39 ; ln -fs libefivar.so.1.39 /home/devel/building/work/pkg/usr/lib/libefivar.so.1 ; ln -fs libefivar.so.1.39 /home/devel/building/work/pkg/usr/lib/libefivar.so ;   install -m 755 libefiboot.so /home/devel/building/work/pkg/usr/lib/libefiboot.so.1.39 ; ln -fs libefiboot.so.1.39 /home/devel/building/work/pkg/usr/lib/libefiboot.so.1 ; ln -fs libefiboot.so.1.39 /home/devel/building/work/pkg/usr/lib/libefiboot.so ;   install -m 755 libefisec.so /home/devel/building/work/pkg/usr/lib/libefisec.so.1.39 ; ln -fs libefisec.so.1.39 /home/devel/building/work/pkg/usr/lib/libefisec.so.1 ; ln -fs libefisec.so.1.39 /home/devel/building/work/pkg/usr/lib/libefisec.so ; 
install -d -m 755 /home/devel/building/work/pkg/usr/lib/pkgconfig
install -m 644 efivar.pc /home/devel/building/work/pkg/usr/lib/pkgconfig ;  install -m 644 efiboot.pc /home/devel/building/work/pkg/usr/lib/pkgconfig ;  install -m 644 efisec.pc /home/devel/building/work/pkg/usr/lib/pkgconfig ;
install -d -m 755 /home/devel/building/work/pkg/usr/include/efivar
install -m 644 /home/devel/building/work/src/efivar-39/src/include/efivar/efiboot-creator.h /home/devel/building/work/pkg/usr/include/efivar/efiboot-creator.h;  install -m 644 /home/devel/building/work/src/efivar-39/src/include/efivar/efiboot-loadopt.h /home/devel/building/work/pkg/usr/include/efivar/efiboot-loadopt.h;  install -m 644 /home/devel/building/work/src/efivar-39/src/include/efivar/efiboot.h /home/devel/building/work/pkg/usr/include/efivar/efiboot.h;  install -m 644 /home/devel/building/work/src/efivar-39/src/include/efivar/efisec-secdb.h /home/devel/building/work/pkg/usr/include/efivar/efisec-secdb.h;  install -m 644 /home/devel/building/work/src/efivar-39/src/include/efivar/efisec-types.h /home/devel/building/work/pkg/usr/include/efivar/efisec-types.h;  install -m 644 /home/devel/building/work/src/efivar-39/src/include/efivar/efisec.h /home/devel/building/work/pkg/usr/include/efivar/efisec.h;  install -m 644 /home/devel/building/work/src/efivar-39/src/include/efivar/efivar-dp.h /home/devel/building/work/pkg/usr/include/efivar/efivar-dp.h;  install -m 644 /home/devel/building/work/src/efivar-39/src/include/efivar/efivar-guids.h /home/devel/building/work/pkg/usr/include/efivar/efivar-guids.h;  install -m 644 /home/devel/building/work/src/efivar-39/src/include/efivar/efivar-time.h /home/devel/building/work/pkg/usr/include/efivar/efivar-time.h;  install -m 644 /home/devel/building/work/src/efivar-39/src/include/efivar/efivar-types.h /home/devel/building/work/pkg/usr/include/efivar/efivar-types.h;  install -m 644 /home/devel/building/work/src/efivar-39/src/include/efivar/efivar.h /home/devel/building/work/pkg/usr/include/efivar/efivar.h;
install -d -m 755 /home/devel/building/work/pkg/usr/bin
install -m 755 efivar /home/devel/building/work/pkg/usr/bin;  install -m 755 efisecdb /home/devel/building/work/pkg/usr/bin;
make[1]: Leaving directory '/home/devel/building/work/src/efivar-39/src'
=======> Build result:
drwxr-xr-x  0 root   root        0 May  7 20:43 usr/
drwxr-xr-x  0 root   root        0 May  7 20:43 usr/lib/
drwxr-xr-x  0 root   root        0 May  7 20:43 usr/include/
drwxr-xr-x  0 root   root        0 May  7 20:43 usr/bin/
-rwxr-xr-x  0 root   root    31368 May  7 20:43 usr/bin/efivar
-rwxr-xr-x  0 root   root   105136 May  7 20:43 usr/bin/efisecdb
drwxr-xr-x  0 root   root        0 May  7 20:43 usr/include/efivar/
-rw-r--r--  0 root   root     1718 May  7 20:43 usr/include/efivar/efiboot-creator.h
-rw-r--r--  0 root   root     2624 May  7 20:43 usr/include/efivar/efiboot-loadopt.h
-rw-r--r--  0 root   root      747 May  7 20:43 usr/include/efivar/efiboot.h
-rw-r--r--  0 root   root     2737 May  7 20:43 usr/include/efivar/efisec-secdb.h
-rw-r--r--  0 root   root     9175 May  7 20:43 usr/include/efivar/efisec-types.h
-rw-r--r--  0 root   root      568 May  7 20:43 usr/include/efivar/efisec.h
-rw-r--r--  0 root   root    33050 May  7 20:43 usr/include/efivar/efivar-dp.h
-rw-r--r--  0 root   root     4834 May  7 20:43 usr/include/efivar/efivar-guids.h
-rw-r--r--  0 root   root     1218 May  7 20:43 usr/include/efivar/efivar-time.h
-rw-r--r--  0 root   root     3294 May  7 20:43 usr/include/efivar/efivar-types.h
-rw-r--r--  0 root   root     7189 May  7 20:43 usr/include/efivar/efivar.h
-rwxr-xr-x  0 root   root   199824 May  7 20:43 usr/lib/libefivar.so.1.39
lrwxrwxrwx  0 root   root        0 May  7 20:43 usr/lib/libefivar.so.1 -> libefivar.so.1.39
lrwxrwxrwx  0 root   root        0 May  7 20:43 usr/lib/libefivar.so -> libefivar.so.1.39
-rwxr-xr-x  0 root   root    97304 May  7 20:43 usr/lib/libefiboot.so.1.39
lrwxrwxrwx  0 root   root        0 May  7 20:43 usr/lib/libefiboot.so.1 -> libefiboot.so.1.39
lrwxrwxrwx  0 root   root        0 May  7 20:43 usr/lib/libefiboot.so -> libefiboot.so.1.39
-rwxr-xr-x  0 root   root    38968 May  7 20:43 usr/lib/libefisec.so.1.39
lrwxrwxrwx  0 root   root        0 May  7 20:43 usr/lib/libefisec.so.1 -> libefisec.so.1.39
lrwxrwxrwx  0 root   root        0 May  7 20:43 usr/lib/libefisec.so -> libefisec.so.1.39
drwxr-xr-x  0 root   root        0 May  7 20:43 usr/lib/pkgconfig/
-rw-r--r--  0 root   root      212 May  7 20:43 usr/lib/pkgconfig/efivar.pc
-rw-r--r--  0 root   root      222 May  7 20:43 usr/lib/pkgconfig/efiboot.pc
-rw-r--r--  0 root   root      219 May  7 20:43 usr/lib/pkgconfig/efisec.pc
=======> Building '/home/devel/packages/efivar#39-1.x86_64.pkg.tar.zst' succeeded.
prt-get: Using PKGMK_PACKAGE_DIR: /home/devel/packages
prt-get: reinstalling efivar 39-1
prt-get: /usr/bin/pkgadd -u efivar#39-1.x86_64.pkg.tar.zst
prt-get: build done Tue May  7 20:43:44 2024

