prt-get: updating /usr/ports/core-x86_64/expect
prt-get: starting build Tue May  7 20:45:02 2024
=======> Building '/home/devel/packages/expect#5.45.4-2.x86_64.pkg.tar.zst'.
bsdtar -p -o -C /home/devel/building/work/src -xf /home/devel/sources/expect5.45.4.tar.gz
cp expect-5.45-format-security.patch /home/devel/building/work/src
cp expect-5.45-headers.patch /home/devel/building/work/src
cp expect-5.45-warnings.patch /home/devel/building/work/src
cp expect-5.45.4-configure-in.patch /home/devel/building/work/src
+ build
+ cd expect5.45.4
+ patch -p1 -i /home/devel/building/work/src/expect-5.45-format-security.patch
patching file exp_clib.c
+ patch -p1 -i /home/devel/building/work/src/expect-5.45-headers.patch
patching file configure.in
patching file exp_clib.c
patching file exp_trap.c
patching file pty_termios.c
Hunk #2 succeeded at 109 (offset 1 line).
patching file exp_chan.c
patching file exp_clib.c
Hunk #1 succeeded at 1493 (offset -462 lines).
patching file exp_tty.h
+ patch -p1 -i /home/devel/building/work/src/expect-5.45-warnings.patch
patching file Dbg.c
patching file exp_chan.c
patching file exp_clib.c
patching file exp_command.c
patching file exp_event.c
patching file exp_inter.c
patching file exp_log.c
patching file exp_pty.c
patching file exp_trap.c
patching file exp_tty.c
patching file exp_win.c
patching file exp_win.h
patching file expect.c
patching file pty_termios.c
+ patch -p1 -i /home/devel/building/work/src/expect-5.45.4-configure-in.patch
patching file configure.in
Hunk #1 succeeded at 483 (offset 2 lines).
Hunk #2 succeeded at 508 (offset 2 lines).
Hunk #3 succeeded at 578 (offset 2 lines).
Hunk #4 succeeded at 730 (offset 2 lines).
Hunk #5 succeeded at 756 (offset 2 lines).
Hunk #6 succeeded at 780 (offset 2 lines).
Hunk #7 succeeded at 805 (offset 2 lines).
Hunk #8 succeeded at 827 (offset 2 lines).
Hunk #9 succeeded at 848 (offset 2 lines).
Hunk #10 succeeded at 900 (offset 2 lines).
+ sed -i 's:ifdef HAVE_SYS_WAIT_H:ifndef NO_SYS_WAIT_H:' Dbg.c expTcl.c exp_chan.c exp_clib.c exp_closetcl.c exp_command.c exp_console.c exp_event.c exp_glob.c exp_inter.c exp_log.c exp_main_exp.c exp_main_sub.c exp_memmove.c exp_noevent.c exp_poll.c exp_pty.c exp_regexp.c exp_select.c exp_simple.c exp_strf.c exp_trap.c exp_tty.c exp_tty_comm.c exp_win.c expect.c pty_sgttyb.c pty_termios.c pty_unicos.c retoglob.c
+ mv configure.in configure.ac
+ autoconf
configure.ac:21: warning: The macro 'AC_HELP_STRING' is obsolete.
configure.ac:21: You should run autoupdate.
./lib/autoconf/general.m4:204: AC_HELP_STRING is expanded from...
tclconfig/tcl.m4:45: TEA_PATH_TCLCONFIG is expanded from...
configure.ac:21: the top level
configure.ac:46: warning: The macro 'AC_TRY_COMPILE' is obsolete.
configure.ac:46: You should run autoupdate.
./lib/autoconf/general.m4:2845: AC_TRY_COMPILE is expanded from...
lib/m4sugar/m4sh.m4:690: _AS_IF_ELSE is expanded from...
lib/m4sugar/m4sh.m4:697: AS_IF is expanded from...
./lib/autoconf/general.m4:2249: AC_CACHE_VAL is expanded from...
./lib/autoconf/general.m4:2270: AC_CACHE_CHECK is expanded from...
tclconfig/tcl.m4:3121: TEA_SETUP_COMPILER is expanded from...
configure.ac:46: the top level
configure.ac:46: warning: The macro 'AC_TRY_LINK' is obsolete.
configure.ac:46: You should run autoupdate.
./lib/autoconf/general.m4:2918: AC_TRY_LINK is expanded from...
lib/m4sugar/m4sh.m4:690: _AS_IF_ELSE is expanded from...
lib/m4sugar/m4sh.m4:697: AS_IF is expanded from...
./lib/autoconf/general.m4:2249: AC_CACHE_VAL is expanded from...
./lib/autoconf/general.m4:2270: AC_CACHE_CHECK is expanded from...
tclconfig/tcl.m4:2159: TEA_MISSING_POSIX_HEADERS is expanded from...
tclconfig/tcl.m4:3121: TEA_SETUP_COMPILER is expanded from...
configure.ac:46: the top level
configure.ac:46: warning: The macro 'AC_HAVE_HEADERS' is obsolete.
configure.ac:46: You should run autoupdate.
./lib/autoconf/oldnames.m4:35: AC_HAVE_HEADERS is expanded from...
tclconfig/tcl.m4:2159: TEA_MISSING_POSIX_HEADERS is expanded from...
tclconfig/tcl.m4:3121: TEA_SETUP_COMPILER is expanded from...
configure.ac:46: the top level
configure.ac:80: warning: The macro 'AC_HELP_STRING' is obsolete.
configure.ac:80: You should run autoupdate.
./lib/autoconf/general.m4:204: AC_HELP_STRING is expanded from...
tclconfig/tcl.m4:738: TEA_ENABLE_THREADS is expanded from...
configure.ac:80: the top level
configure.ac:87: warning: The macro 'AC_HELP_STRING' is obsolete.
configure.ac:87: You should run autoupdate.
./lib/autoconf/general.m4:204: AC_HELP_STRING is expanded from...
tclconfig/tcl.m4:680: TEA_ENABLE_SHARED is expanded from...
configure.ac:87: the top level
configure.ac:95: warning: The macro 'AC_HELP_STRING' is obsolete.
configure.ac:95: You should run autoupdate.
./lib/autoconf/general.m4:204: AC_HELP_STRING is expanded from...
tclconfig/tcl.m4:1051: TEA_CONFIG_CFLAGS is expanded from...
configure.ac:95: the top level
configure.ac:95: warning: The macro 'AC_TRY_LINK' is obsolete.
configure.ac:95: You should run autoupdate.
./lib/autoconf/general.m4:2918: AC_TRY_LINK is expanded from...
lib/m4sugar/m4sh.m4:690: _AS_IF_ELSE is expanded from...
lib/m4sugar/m4sh.m4:697: AS_IF is expanded from...
./lib/autoconf/general.m4:2249: AC_CACHE_VAL is expanded from...
./lib/autoconf/general.m4:2270: AC_CACHE_CHECK is expanded from...
tclconfig/tcl.m4:1051: TEA_CONFIG_CFLAGS is expanded from...
configure.ac:95: the top level
configure.ac:95: warning: The macro 'AC_HELP_STRING' is obsolete.
configure.ac:95: You should run autoupdate.
./lib/autoconf/general.m4:204: AC_HELP_STRING is expanded from...
lib/m4sugar/m4sh.m4:697: AS_IF is expanded from...
tclconfig/tcl.m4:1051: TEA_CONFIG_CFLAGS is expanded from...
configure.ac:95: the top level
configure.ac:95: warning: The macro 'AC_TRY_LINK' is obsolete.
configure.ac:95: You should run autoupdate.
./lib/autoconf/general.m4:2918: AC_TRY_LINK is expanded from...
lib/m4sugar/m4sh.m4:690: _AS_IF_ELSE is expanded from...
lib/m4sugar/m4sh.m4:697: AS_IF is expanded from...
./lib/autoconf/general.m4:2249: AC_CACHE_VAL is expanded from...
./lib/autoconf/general.m4:2270: AC_CACHE_CHECK is expanded from...
lib/m4sugar/m4sh.m4:697: AS_IF is expanded from...
tclconfig/tcl.m4:1051: TEA_CONFIG_CFLAGS is expanded from...
configure.ac:95: the top level
configure.ac:95: warning: The macro 'AC_TRY_LINK' is obsolete.
configure.ac:95: You should run autoupdate.
./lib/autoconf/general.m4:2918: AC_TRY_LINK is expanded from...
lib/m4sugar/m4sh.m4:690: _AS_IF_ELSE is expanded from...
lib/m4sugar/m4sh.m4:697: AS_IF is expanded from...
./lib/autoconf/general.m4:2249: AC_CACHE_VAL is expanded from...
./lib/autoconf/general.m4:2270: AC_CACHE_CHECK is expanded from...
lib/m4sugar/m4sh.m4:697: AS_IF is expanded from...
lib/m4sugar/m4sh.m4:697: AS_IF is expanded from...
tclconfig/tcl.m4:1051: TEA_CONFIG_CFLAGS is expanded from...
configure.ac:95: the top level
configure.ac:95: warning: The macro 'AC_TRY_COMPILE' is obsolete.
configure.ac:95: You should run autoupdate.
./lib/autoconf/general.m4:2845: AC_TRY_COMPILE is expanded from...
tclconfig/tcl.m4:2581: TEA_TCL_EARLY_FLAG is expanded from...
tclconfig/tcl.m4:2594: TEA_TCL_EARLY_FLAGS is expanded from...
tclconfig/tcl.m4:1051: TEA_CONFIG_CFLAGS is expanded from...
configure.ac:95: the top level
configure.ac:95: warning: The macro 'AC_TRY_COMPILE' is obsolete.
configure.ac:95: You should run autoupdate.
./lib/autoconf/general.m4:2845: AC_TRY_COMPILE is expanded from...
lib/m4sugar/m4sh.m4:690: _AS_IF_ELSE is expanded from...
lib/m4sugar/m4sh.m4:697: AS_IF is expanded from...
./lib/autoconf/general.m4:2249: AC_CACHE_VAL is expanded from...
tclconfig/tcl.m4:2629: TEA_TCL_64BIT_FLAGS is expanded from...
tclconfig/tcl.m4:1051: TEA_CONFIG_CFLAGS is expanded from...
configure.ac:95: the top level
configure.ac:95: warning: The macro 'AC_TRY_COMPILE' is obsolete.
configure.ac:95: You should run autoupdate.
./lib/autoconf/general.m4:2845: AC_TRY_COMPILE is expanded from...
lib/m4sugar/m4sh.m4:690: _AS_IF_ELSE is expanded from...
lib/m4sugar/m4sh.m4:697: AS_IF is expanded from...
./lib/autoconf/general.m4:2249: AC_CACHE_VAL is expanded from...
./lib/autoconf/general.m4:2270: AC_CACHE_CHECK is expanded from...
tclconfig/tcl.m4:2629: TEA_TCL_64BIT_FLAGS is expanded from...
tclconfig/tcl.m4:1051: TEA_CONFIG_CFLAGS is expanded from...
configure.ac:95: the top level
configure.ac:101: warning: The macro 'AC_HELP_STRING' is obsolete.
configure.ac:101: You should run autoupdate.
./lib/autoconf/general.m4:204: AC_HELP_STRING is expanded from...
tclconfig/tcl.m4:867: TEA_ENABLE_SYMBOLS is expanded from...
configure.ac:101: the top level
configure.ac:143: warning: The macro 'AC_HAVE_HEADERS' is obsolete.
configure.ac:143: You should run autoupdate.
./lib/autoconf/oldnames.m4:35: AC_HAVE_HEADERS is expanded from...
configure.ac:143: the top level
configure.ac:152: warning: The macro 'AC_TYPE_SIGNAL' is obsolete.
configure.ac:152: You should run autoupdate.
./lib/autoconf/types.m4:805: AC_TYPE_SIGNAL is expanded from...
configure.ac:152: the top level
configure.ac:158: warning: The macro 'AC_HEADER_TIME' is obsolete.
configure.ac:158: You should run autoupdate.
./lib/autoconf/headers.m4:702: AC_HEADER_TIME is expanded from...
tclconfig/tcl.m4:2374: TEA_TIME_HANDLER is expanded from...
configure.ac:158: the top level
configure.ac:158: warning: The macro 'AC_TRY_COMPILE' is obsolete.
configure.ac:158: You should run autoupdate.
./lib/autoconf/general.m4:2845: AC_TRY_COMPILE is expanded from...
lib/m4sugar/m4sh.m4:690: _AS_IF_ELSE is expanded from...
lib/m4sugar/m4sh.m4:697: AS_IF is expanded from...
./lib/autoconf/general.m4:2249: AC_CACHE_VAL is expanded from...
./lib/autoconf/general.m4:2270: AC_CACHE_CHECK is expanded from...
tclconfig/tcl.m4:2374: TEA_TIME_HANDLER is expanded from...
configure.ac:158: the top level
configure.ac:170: warning: The macro 'AC_TRY_LINK' is obsolete.
configure.ac:170: You should run autoupdate.
./lib/autoconf/general.m4:2918: AC_TRY_LINK is expanded from...
configure.ac:170: the top level
configure.ac:256: warning: The macro 'AC_CANONICAL_SYSTEM' is obsolete.
configure.ac:256: You should run autoupdate.
./lib/autoconf/general.m4:2081: AC_CANONICAL_SYSTEM is expanded from...
configure.ac:256: the top level
configure.ac:457: warning: The macro 'AC_TRY_LINK' is obsolete.
configure.ac:457: You should run autoupdate.
./lib/autoconf/general.m4:2918: AC_TRY_LINK is expanded from...
configure.ac:457: the top level
configure.ac:472: warning: The macro 'AC_TRY_RUN' is obsolete.
configure.ac:472: You should run autoupdate.
./lib/autoconf/general.m4:2995: AC_TRY_RUN is expanded from...
configure.ac:472: the top level
configure.ac:491: warning: The macro 'AC_TRY_RUN' is obsolete.
configure.ac:491: You should run autoupdate.
./lib/autoconf/general.m4:2995: AC_TRY_RUN is expanded from...
configure.ac:491: the top level
configure.ac:541: warning: The macro 'AC_TRY_RUN' is obsolete.
configure.ac:541: You should run autoupdate.
./lib/autoconf/general.m4:2995: AC_TRY_RUN is expanded from...
configure.ac:541: the top level
configure.ac:647: warning: The macro 'AC_HEADER_EGREP' is obsolete.
configure.ac:647: You should run autoupdate.
./lib/autoconf/oldnames.m4:37: AC_HEADER_EGREP is expanded from...
configure.ac:647: the top level
configure.ac:720: warning: The macro 'AC_TRY_RUN' is obsolete.
configure.ac:720: You should run autoupdate.
./lib/autoconf/general.m4:2995: AC_TRY_RUN is expanded from...
configure.ac:720: the top level
configure.ac:747: warning: The macro 'AC_TRY_RUN' is obsolete.
configure.ac:747: You should run autoupdate.
./lib/autoconf/general.m4:2995: AC_TRY_RUN is expanded from...
configure.ac:747: the top level
configure.ac:766: warning: The macro 'AC_TRY_RUN' is obsolete.
configure.ac:766: You should run autoupdate.
./lib/autoconf/general.m4:2995: AC_TRY_RUN is expanded from...
configure.ac:766: the top level
configure.ac:790: warning: The macro 'AC_TRY_RUN' is obsolete.
configure.ac:790: You should run autoupdate.
./lib/autoconf/general.m4:2995: AC_TRY_RUN is expanded from...
configure.ac:790: the top level
configure.ac:812: warning: The macro 'AC_TRY_RUN' is obsolete.
configure.ac:812: You should run autoupdate.
./lib/autoconf/general.m4:2995: AC_TRY_RUN is expanded from...
configure.ac:812: the top level
configure.ac:836: warning: The macro 'AC_TRY_RUN' is obsolete.
configure.ac:836: You should run autoupdate.
./lib/autoconf/general.m4:2995: AC_TRY_RUN is expanded from...
configure.ac:836: the top level
configure.ac:879: warning: The macro 'AC_HAVE_FUNCS' is obsolete.
configure.ac:879: You should run autoupdate.
./lib/autoconf/functions.m4:230: AC_HAVE_FUNCS is expanded from...
configure.ac:879: the top level
configure.ac:880: warning: The macro 'AC_HAVE_FUNCS' is obsolete.
configure.ac:880: You should run autoupdate.
./lib/autoconf/functions.m4:230: AC_HAVE_FUNCS is expanded from...
configure.ac:880: the top level
configure.ac:889: warning: The macro 'AC_TRY_RUN' is obsolete.
configure.ac:889: You should run autoupdate.
./lib/autoconf/general.m4:2995: AC_TRY_RUN is expanded from...
configure.ac:889: the top level
configure.ac:1071: warning: AC_OUTPUT should be used without arguments.
configure.ac:1071: You should run autoupdate.
configure.ac:1071: warning: AC_C_BIGENDIAN should be used with AC_CONFIG_HEADERS
+ CFLAGS+=' -std=gnu89'
+ ./configure --build=x86_64-unknown-linux-gnu --host=x86_64-unknown-linux-gnu --prefix=/usr --mandir=/usr/share/man --enable-shared --with-tcl=/usr/lib --with-tclinclude=/usr/include
checking for correct TEA configuration... ok (TEA 3.9)
configure: configuring expect 5.45.4
checking for Tcl configuration... found /usr/lib/tclConfig.sh
checking for existence of /usr/lib/tclConfig.sh... loading
configure: --exec-prefix defaulting to TCL_EXEC_PREFIX /usr
checking for a BSD-compatible install... /usr/bin/install -c
checking for x86_64-unknown-linux-gnu-gcc... x86_64-unknown-linux-gnu-gcc
checking whether the C compiler works... yes
checking for C compiler default output file name... a.out
checking for suffix of executables... 
checking whether we are cross compiling... no
checking for suffix of object files... o
checking whether the compiler supports GNU C... yes
checking whether x86_64-unknown-linux-gnu-gcc accepts -g... yes
checking for x86_64-unknown-linux-gnu-gcc option to enable C11 features... unsupported
checking for x86_64-unknown-linux-gnu-gcc option to enable C99 features... unsupported
checking for x86_64-unknown-linux-gnu-gcc option to enable C89 features... none needed
checking how to run the C preprocessor... x86_64-unknown-linux-gnu-gcc -E
checking whether make sets $(MAKE)... yes
checking for x86_64-unknown-linux-gnu-ranlib... x86_64-unknown-linux-gnu-ranlib
checking for stdio.h... yes
checking for stdlib.h... yes
checking for string.h... yes
checking for inttypes.h... yes
checking for stdint.h... yes
checking for strings.h... yes
checking for sys/stat.h... yes
checking for sys/types.h... yes
checking for unistd.h... yes
checking for sys/time.h... yes
checking for egrep -e... /usr/bin/grep -E
checking if the compiler understands -pipe... yes
checking whether byte ordering is bigendian... no
checking for sin... no
checking for main in -lieee... no
checking for main in -linet... no
checking for net/errno.h... no
checking for connect... yes
checking for gethostbyname... yes
checking dirent.h... yes
checking for errno.h... yes
checking for float.h... yes
checking for values.h... yes
checking for limits.h... yes
checking for stdlib.h... (cached) yes
checking for string.h... (cached) yes
checking for sys/wait.h... yes
checking for dlfcn.h... yes
checking for sys/param.h... yes
checking for Tcl public headers... /usr/include
checking for Tcl private include files... private headers found with public headers
checking for pthread_mutex_init in -lpthread... yes
checking for building with threads... yes (default)
checking how to build libraries... shared
checking if 64bit support is requested... no
checking if 64bit Sparc VIS support is requested... no
checking if compiler supports visibility "hidden"... yes
checking if rpath support is requested... yes
checking system version... Linux-6.8.9-saux
checking for ar... ar
checking for required early compiler flags...  _LARGEFILE64_SOURCE
checking for 64-bit integer type... using long
checking for build with symbols... no
checking for sys/select.h... yes
checking for sys/sysmacros.h... yes
checking for varargs.h... no
checking for sys/stropts.h... no
checking for sys/sysconfig.h... no
checking for sys/fcntl.h... yes
checking for sys/ptem.h... no
checking for sys/strredir.h... no
checking for sys/strpty.h... no
checking for pty.h... yes
checking for libutil.h... no
checking for sys/bsdtypes.h... no
checking return type of signal handlers... void
checking whether struct tm is in sys/time.h or time.h... time.h
checking for x86_64-unknown-linux-gnu-gcc options needed to detect all undeclared functions... none needed
checking for sys/time.h... (cached) yes
checking for struct tm.tm_zone... yes
checking for gmtime_r... yes
checking for localtime_r... yes
checking tm_tzadj in struct tm... no
checking tm_gmtoff in struct tm... yes
checking long timezone variable... yes
checking union wait... no
checking for gethostname... yes
checking for socket... yes
checking for select... yes
checking for getpseudotty... no
checking for getpseudotty in -lseq... no
checking for openpty... yes
checking if running Sequent running SVR4... no
checking build system type... x86_64-unknown-linux-gnu
checking host system type... x86_64-unknown-linux-gnu
checking target system type... x86_64-unknown-linux-gnu
checking for pid_t... yes
checking if running Mach... no
checking if running MachTen... no
checking if on Pyramid... no
checking if on Apollo... no
checking if on Interactive... no
checking stty to use... /bin/stty
checking if stty reads stdout... no
checking if running Solaris... no
checking for memmove... yes
checking for sysconf... yes
checking for strftime... yes
checking for strchr... yes
checking for timezone... yes
checking for siglongjmp... yes
checking for memcpy... yes
checking if WNOHANG requires _POSIX_SOURCE... no
checking if any value exists for WNOHANG... yes
checking mask type of select... none
checking if signals need to be re-armed... no
checking if on Convex... no
checking if on HP... no
checking sane default stty arguments... 
checking for HP style pty allocation... no
checking for HP style pty trapping... no
checking for AIX new-style pty allocation... no
checking for SGI old-style pty allocation... no
checking for SCO style pty allocation... no
checking for SVR4 style pty allocation... no
checking for OSF/1 style pty allocation... no
checking for tcgetattr... yes
checking for tcsetattr... yes
checking for struct sgttyb... no
checking for struct termio... yes
checking for struct termios... yes
checking if TCGETS or TCGETA in termios.h... no
checking if TIOCGWINSZ in termios.h... no
checking for Cray-style ptys... no
checking for select... yes
checking for poll... yes
checking event handling... via select
checking for _getpty... no
checking for getpty... no
checking whether setpgrp requires zero arguments... yes
checking for SV-style timezone... yes
checking for long file names... yes
checking for tclsh... /usr/bin/tclsh8.6
configure: creating ./config.status
config.status: creating Makefile
config.status: WARNING:  'Makefile.in' seems to ignore the --datarootdir setting
config.status: executing default commands
chmod: cannot access './install-sh': No such file or directory
=== configuring in testsuite (/home/devel/building/work/src/expect5.45.4/testsuite)
configure: running /bin/sh ./configure --disable-option-checking '--prefix=/usr'  '--build=x86_64-unknown-linux-gnu' '--host=x86_64-unknown-linux-gnu' '--mandir=/usr/share/man' '--enable-shared' '--with-tcl=/usr/lib' '--with-tclinclude=/usr/include' 'build_alias=x86_64-unknown-linux-gnu' 'host_alias=x86_64-unknown-linux-gnu' 'CFLAGS=-O2 -m64 -march=x86-64 -mtune=generic -flto=auto -ffat-lto-objects -std=gnu89' --cache-file=/dev/null --srcdir=.
checking for correct TEA configuration... ok (TEA 3.9)
configure: configuring exp_test 0.43
checking for Tcl configuration... found /usr/lib/tclConfig.sh
checking for existence of /usr/lib/tclConfig.sh... loading
checking for a BSD-compatible install... /usr/bin/install -c
checking for x86_64-unknown-linux-gnu-gcc... x86_64-unknown-linux-gnu-gcc
checking whether the C compiler works... yes
checking for C compiler default output file name... a.out
checking for suffix of executables... 
checking whether we are cross compiling... no
checking for suffix of object files... o
checking whether we are using the GNU C compiler... yes
checking whether x86_64-unknown-linux-gnu-gcc accepts -g... yes
checking for x86_64-unknown-linux-gnu-gcc option to accept ISO C89... none needed
checking how to run the C preprocessor... x86_64-unknown-linux-gnu-gcc -E
checking whether make sets $(MAKE)... yes
checking for x86_64-unknown-linux-gnu-ranlib... x86_64-unknown-linux-gnu-ranlib
checking for grep that handles long lines and -e... /usr/bin/grep
checking for egrep... /usr/bin/grep -E
checking for ANSI C header files... yes
checking for sys/types.h... yes
checking for sys/stat.h... yes
checking for stdlib.h... yes
checking for string.h... yes
checking for memory.h... yes
checking for strings.h... yes
checking for inttypes.h... yes
checking for stdint.h... yes
checking for unistd.h... yes
checking if the compiler understands -pipe... yes
checking whether byte ordering is bigendian... no
checking for sin... no
checking for main in -lieee... no
checking for main in -linet... no
checking net/errno.h usability... no
checking net/errno.h presence... no
checking for net/errno.h... no
checking for connect... yes
checking for gethostbyname... yes
checking dirent.h... yes
checking errno.h usability... yes
checking errno.h presence... yes
checking for errno.h... yes
checking float.h usability... yes
checking float.h presence... yes
checking for float.h... yes
checking values.h usability... yes
checking values.h presence... yes
checking for values.h... yes
checking limits.h usability... yes
checking limits.h presence... yes
checking for limits.h... yes
checking for stdlib.h... (cached) yes
checking for string.h... (cached) yes
checking sys/wait.h usability... yes
checking sys/wait.h presence... yes
checking for sys/wait.h... yes
checking dlfcn.h usability... yes
checking dlfcn.h presence... yes
checking for dlfcn.h... yes
checking sys/param.h usability... yes
checking sys/param.h presence... yes
checking for sys/param.h... yes
configure: creating ./config.status
config.status: creating Makefile
+ make V=1
x86_64-unknown-linux-gnu-gcc -DPACKAGE_NAME=\"expect\" -DPACKAGE_TARNAME=\"expect\" -DPACKAGE_VERSION=\"5.45.4\" -DPACKAGE_STRING=\"expect\ 5.45.4\" -DPACKAGE_BUGREPORT=\"\" -DPACKAGE_URL=\"\" -DBUILD_expect=/\*\*/ -DHAVE_STDIO_H=1 -DHAVE_STDLIB_H=1 -DHAVE_STRING_H=1 -DHAVE_INTTYPES_H=1 -DHAVE_STDINT_H=1 -DHAVE_STRINGS_H=1 -DHAVE_SYS_STAT_H=1 -DHAVE_SYS_TYPES_H=1 -DHAVE_UNISTD_H=1 -DHAVE_SYS_TIME_H=1 -DSTDC_HEADERS=1 -DHAVE_LIMITS_H=1 -DHAVE_SYS_PARAM_H=1 -DUSE_THREAD_ALLOC=1 -D_REENTRANT=1 -D_THREAD_SAFE=1 -DTCL_THREADS=1 -DMODULE_SCOPE=extern\ __attribute__\(\(__visibility__\(\"hidden\"\)\)\) -D_LARGEFILE64_SOURCE=1 -DTCL_WIDE_INT_IS_LONG=1 -DUSE_TCL_STUBS=1 -DUSE_TCL_STUBS=1 -DHAVE_SYS_SELECT_H=1 -DHAVE_SYSMACROS_H=1 -DHAVE_SYS_FCNTL_H=1 -DHAVE_PTY_H=1 -DRETSIGTYPE=void -DHAVE_SYS_TIME_H=1 -DTIME_WITH_SYS_TIME=1 -DHAVE_STRUCT_TM_TM_ZONE=1 -DHAVE_TM_ZONE=1 -DHAVE_GMTIME_R=1 -DHAVE_LOCALTIME_R=1 -DHAVE_TM_GMTOFF=1 -DHAVE_TIMEZONE_VAR=1 -DNO_UNION_WAIT=1 -DHAVE_OPENPTY=1 -DHAVE_MEMMOVE=1 -DHAVE_SYSCONF=1 -DHAVE_STRFTIME=1 -DHAVE_STRCHR=1 -DHAVE_TIMEZONE=1 -DHAVE_SIGLONGJMP=1 -DHAVE_MEMCPY=1 -DWNOHANG_BACKUP_VALUE=1 -DSELECT_MASK_TYPE=fd_set -DHAVE_TCSETATTR=1 -DPOSIX=1 -DHAVE_TERMIO=1 -DHAVE_TERMIOS=1 -DSETPGRP_VOID=1 -DHAVE_SV_TIMEZONE=1 -DHAVE_LONG_FILE_NAMES=1 -DTCL_DEBUGGER -DUSE_NON_CONST -DSCRIPTDIR=\"/usr/lib/expect5.45.4\" -DEXECSCRIPTDIR=\"/usr/lib/expect5.45.4\" -DSTTY_BIN=\"/bin/stty\" -DDFLT_STTY="\"sane\"" -I. -I"." -I"/usr/include"    -O2 -m64 -march=x86-64 -mtune=generic -flto=auto -ffat-lto-objects -std=gnu89 -pipe -O2 -fomit-frame-pointer -Wall -fPIC  -c `echo exp_command.c` -o exp_command.o
x86_64-unknown-linux-gnu-gcc -DPACKAGE_NAME=\"expect\" -DPACKAGE_TARNAME=\"expect\" -DPACKAGE_VERSION=\"5.45.4\" -DPACKAGE_STRING=\"expect\ 5.45.4\" -DPACKAGE_BUGREPORT=\"\" -DPACKAGE_URL=\"\" -DBUILD_expect=/\*\*/ -DHAVE_STDIO_H=1 -DHAVE_STDLIB_H=1 -DHAVE_STRING_H=1 -DHAVE_INTTYPES_H=1 -DHAVE_STDINT_H=1 -DHAVE_STRINGS_H=1 -DHAVE_SYS_STAT_H=1 -DHAVE_SYS_TYPES_H=1 -DHAVE_UNISTD_H=1 -DHAVE_SYS_TIME_H=1 -DSTDC_HEADERS=1 -DHAVE_LIMITS_H=1 -DHAVE_SYS_PARAM_H=1 -DUSE_THREAD_ALLOC=1 -D_REENTRANT=1 -D_THREAD_SAFE=1 -DTCL_THREADS=1 -DMODULE_SCOPE=extern\ __attribute__\(\(__visibility__\(\"hidden\"\)\)\) -D_LARGEFILE64_SOURCE=1 -DTCL_WIDE_INT_IS_LONG=1 -DUSE_TCL_STUBS=1 -DUSE_TCL_STUBS=1 -DHAVE_SYS_SELECT_H=1 -DHAVE_SYSMACROS_H=1 -DHAVE_SYS_FCNTL_H=1 -DHAVE_PTY_H=1 -DRETSIGTYPE=void -DHAVE_SYS_TIME_H=1 -DTIME_WITH_SYS_TIME=1 -DHAVE_STRUCT_TM_TM_ZONE=1 -DHAVE_TM_ZONE=1 -DHAVE_GMTIME_R=1 -DHAVE_LOCALTIME_R=1 -DHAVE_TM_GMTOFF=1 -DHAVE_TIMEZONE_VAR=1 -DNO_UNION_WAIT=1 -DHAVE_OPENPTY=1 -DHAVE_MEMMOVE=1 -DHAVE_SYSCONF=1 -DHAVE_STRFTIME=1 -DHAVE_STRCHR=1 -DHAVE_TIMEZONE=1 -DHAVE_SIGLONGJMP=1 -DHAVE_MEMCPY=1 -DWNOHANG_BACKUP_VALUE=1 -DSELECT_MASK_TYPE=fd_set -DHAVE_TCSETATTR=1 -DPOSIX=1 -DHAVE_TERMIO=1 -DHAVE_TERMIOS=1 -DSETPGRP_VOID=1 -DHAVE_SV_TIMEZONE=1 -DHAVE_LONG_FILE_NAMES=1 -DTCL_DEBUGGER -DUSE_NON_CONST -DSCRIPTDIR=\"/usr/lib/expect5.45.4\" -DEXECSCRIPTDIR=\"/usr/lib/expect5.45.4\" -DSTTY_BIN=\"/bin/stty\" -DDFLT_STTY="\"sane\"" -I. -I"." -I"/usr/include"    -O2 -m64 -march=x86-64 -mtune=generic -flto=auto -ffat-lto-objects -std=gnu89 -pipe -O2 -fomit-frame-pointer -Wall -fPIC  -c `echo expect.c` -o expect.o
x86_64-unknown-linux-gnu-gcc -DPACKAGE_NAME=\"expect\" -DPACKAGE_TARNAME=\"expect\" -DPACKAGE_VERSION=\"5.45.4\" -DPACKAGE_STRING=\"expect\ 5.45.4\" -DPACKAGE_BUGREPORT=\"\" -DPACKAGE_URL=\"\" -DBUILD_expect=/\*\*/ -DHAVE_STDIO_H=1 -DHAVE_STDLIB_H=1 -DHAVE_STRING_H=1 -DHAVE_INTTYPES_H=1 -DHAVE_STDINT_H=1 -DHAVE_STRINGS_H=1 -DHAVE_SYS_STAT_H=1 -DHAVE_SYS_TYPES_H=1 -DHAVE_UNISTD_H=1 -DHAVE_SYS_TIME_H=1 -DSTDC_HEADERS=1 -DHAVE_LIMITS_H=1 -DHAVE_SYS_PARAM_H=1 -DUSE_THREAD_ALLOC=1 -D_REENTRANT=1 -D_THREAD_SAFE=1 -DTCL_THREADS=1 -DMODULE_SCOPE=extern\ __attribute__\(\(__visibility__\(\"hidden\"\)\)\) -D_LARGEFILE64_SOURCE=1 -DTCL_WIDE_INT_IS_LONG=1 -DUSE_TCL_STUBS=1 -DUSE_TCL_STUBS=1 -DHAVE_SYS_SELECT_H=1 -DHAVE_SYSMACROS_H=1 -DHAVE_SYS_FCNTL_H=1 -DHAVE_PTY_H=1 -DRETSIGTYPE=void -DHAVE_SYS_TIME_H=1 -DTIME_WITH_SYS_TIME=1 -DHAVE_STRUCT_TM_TM_ZONE=1 -DHAVE_TM_ZONE=1 -DHAVE_GMTIME_R=1 -DHAVE_LOCALTIME_R=1 -DHAVE_TM_GMTOFF=1 -DHAVE_TIMEZONE_VAR=1 -DNO_UNION_WAIT=1 -DHAVE_OPENPTY=1 -DHAVE_MEMMOVE=1 -DHAVE_SYSCONF=1 -DHAVE_STRFTIME=1 -DHAVE_STRCHR=1 -DHAVE_TIMEZONE=1 -DHAVE_SIGLONGJMP=1 -DHAVE_MEMCPY=1 -DWNOHANG_BACKUP_VALUE=1 -DSELECT_MASK_TYPE=fd_set -DHAVE_TCSETATTR=1 -DPOSIX=1 -DHAVE_TERMIO=1 -DHAVE_TERMIOS=1 -DSETPGRP_VOID=1 -DHAVE_SV_TIMEZONE=1 -DHAVE_LONG_FILE_NAMES=1 -DTCL_DEBUGGER -DUSE_NON_CONST -DSCRIPTDIR=\"/usr/lib/expect5.45.4\" -DEXECSCRIPTDIR=\"/usr/lib/expect5.45.4\" -DSTTY_BIN=\"/bin/stty\" -DDFLT_STTY="\"sane\"" -I. -I"." -I"/usr/include"    -O2 -m64 -march=x86-64 -mtune=generic -flto=auto -ffat-lto-objects -std=gnu89 -pipe -O2 -fomit-frame-pointer -Wall -fPIC  -c `echo exp_inter.c` -o exp_inter.o
x86_64-unknown-linux-gnu-gcc -DPACKAGE_NAME=\"expect\" -DPACKAGE_TARNAME=\"expect\" -DPACKAGE_VERSION=\"5.45.4\" -DPACKAGE_STRING=\"expect\ 5.45.4\" -DPACKAGE_BUGREPORT=\"\" -DPACKAGE_URL=\"\" -DBUILD_expect=/\*\*/ -DHAVE_STDIO_H=1 -DHAVE_STDLIB_H=1 -DHAVE_STRING_H=1 -DHAVE_INTTYPES_H=1 -DHAVE_STDINT_H=1 -DHAVE_STRINGS_H=1 -DHAVE_SYS_STAT_H=1 -DHAVE_SYS_TYPES_H=1 -DHAVE_UNISTD_H=1 -DHAVE_SYS_TIME_H=1 -DSTDC_HEADERS=1 -DHAVE_LIMITS_H=1 -DHAVE_SYS_PARAM_H=1 -DUSE_THREAD_ALLOC=1 -D_REENTRANT=1 -D_THREAD_SAFE=1 -DTCL_THREADS=1 -DMODULE_SCOPE=extern\ __attribute__\(\(__visibility__\(\"hidden\"\)\)\) -D_LARGEFILE64_SOURCE=1 -DTCL_WIDE_INT_IS_LONG=1 -DUSE_TCL_STUBS=1 -DUSE_TCL_STUBS=1 -DHAVE_SYS_SELECT_H=1 -DHAVE_SYSMACROS_H=1 -DHAVE_SYS_FCNTL_H=1 -DHAVE_PTY_H=1 -DRETSIGTYPE=void -DHAVE_SYS_TIME_H=1 -DTIME_WITH_SYS_TIME=1 -DHAVE_STRUCT_TM_TM_ZONE=1 -DHAVE_TM_ZONE=1 -DHAVE_GMTIME_R=1 -DHAVE_LOCALTIME_R=1 -DHAVE_TM_GMTOFF=1 -DHAVE_TIMEZONE_VAR=1 -DNO_UNION_WAIT=1 -DHAVE_OPENPTY=1 -DHAVE_MEMMOVE=1 -DHAVE_SYSCONF=1 -DHAVE_STRFTIME=1 -DHAVE_STRCHR=1 -DHAVE_TIMEZONE=1 -DHAVE_SIGLONGJMP=1 -DHAVE_MEMCPY=1 -DWNOHANG_BACKUP_VALUE=1 -DSELECT_MASK_TYPE=fd_set -DHAVE_TCSETATTR=1 -DPOSIX=1 -DHAVE_TERMIO=1 -DHAVE_TERMIOS=1 -DSETPGRP_VOID=1 -DHAVE_SV_TIMEZONE=1 -DHAVE_LONG_FILE_NAMES=1 -DTCL_DEBUGGER -DUSE_NON_CONST -DSCRIPTDIR=\"/usr/lib/expect5.45.4\" -DEXECSCRIPTDIR=\"/usr/lib/expect5.45.4\" -DSTTY_BIN=\"/bin/stty\" -DDFLT_STTY="\"sane\"" -I. -I"." -I"/usr/include"    -O2 -m64 -march=x86-64 -mtune=generic -flto=auto -ffat-lto-objects -std=gnu89 -pipe -O2 -fomit-frame-pointer -Wall -fPIC  -c `echo exp_regexp.c` -o exp_regexp.o
x86_64-unknown-linux-gnu-gcc -DPACKAGE_NAME=\"expect\" -DPACKAGE_TARNAME=\"expect\" -DPACKAGE_VERSION=\"5.45.4\" -DPACKAGE_STRING=\"expect\ 5.45.4\" -DPACKAGE_BUGREPORT=\"\" -DPACKAGE_URL=\"\" -DBUILD_expect=/\*\*/ -DHAVE_STDIO_H=1 -DHAVE_STDLIB_H=1 -DHAVE_STRING_H=1 -DHAVE_INTTYPES_H=1 -DHAVE_STDINT_H=1 -DHAVE_STRINGS_H=1 -DHAVE_SYS_STAT_H=1 -DHAVE_SYS_TYPES_H=1 -DHAVE_UNISTD_H=1 -DHAVE_SYS_TIME_H=1 -DSTDC_HEADERS=1 -DHAVE_LIMITS_H=1 -DHAVE_SYS_PARAM_H=1 -DUSE_THREAD_ALLOC=1 -D_REENTRANT=1 -D_THREAD_SAFE=1 -DTCL_THREADS=1 -DMODULE_SCOPE=extern\ __attribute__\(\(__visibility__\(\"hidden\"\)\)\) -D_LARGEFILE64_SOURCE=1 -DTCL_WIDE_INT_IS_LONG=1 -DUSE_TCL_STUBS=1 -DUSE_TCL_STUBS=1 -DHAVE_SYS_SELECT_H=1 -DHAVE_SYSMACROS_H=1 -DHAVE_SYS_FCNTL_H=1 -DHAVE_PTY_H=1 -DRETSIGTYPE=void -DHAVE_SYS_TIME_H=1 -DTIME_WITH_SYS_TIME=1 -DHAVE_STRUCT_TM_TM_ZONE=1 -DHAVE_TM_ZONE=1 -DHAVE_GMTIME_R=1 -DHAVE_LOCALTIME_R=1 -DHAVE_TM_GMTOFF=1 -DHAVE_TIMEZONE_VAR=1 -DNO_UNION_WAIT=1 -DHAVE_OPENPTY=1 -DHAVE_MEMMOVE=1 -DHAVE_SYSCONF=1 -DHAVE_STRFTIME=1 -DHAVE_STRCHR=1 -DHAVE_TIMEZONE=1 -DHAVE_SIGLONGJMP=1 -DHAVE_MEMCPY=1 -DWNOHANG_BACKUP_VALUE=1 -DSELECT_MASK_TYPE=fd_set -DHAVE_TCSETATTR=1 -DPOSIX=1 -DHAVE_TERMIO=1 -DHAVE_TERMIOS=1 -DSETPGRP_VOID=1 -DHAVE_SV_TIMEZONE=1 -DHAVE_LONG_FILE_NAMES=1 -DTCL_DEBUGGER -DUSE_NON_CONST -DSCRIPTDIR=\"/usr/lib/expect5.45.4\" -DEXECSCRIPTDIR=\"/usr/lib/expect5.45.4\" -DSTTY_BIN=\"/bin/stty\" -DDFLT_STTY="\"sane\"" -I. -I"." -I"/usr/include"    -O2 -m64 -march=x86-64 -mtune=generic -flto=auto -ffat-lto-objects -std=gnu89 -pipe -O2 -fomit-frame-pointer -Wall -fPIC  -c `echo exp_tty.c` -o exp_tty.o
x86_64-unknown-linux-gnu-gcc -DPACKAGE_NAME=\"expect\" -DPACKAGE_TARNAME=\"expect\" -DPACKAGE_VERSION=\"5.45.4\" -DPACKAGE_STRING=\"expect\ 5.45.4\" -DPACKAGE_BUGREPORT=\"\" -DPACKAGE_URL=\"\" -DBUILD_expect=/\*\*/ -DHAVE_STDIO_H=1 -DHAVE_STDLIB_H=1 -DHAVE_STRING_H=1 -DHAVE_INTTYPES_H=1 -DHAVE_STDINT_H=1 -DHAVE_STRINGS_H=1 -DHAVE_SYS_STAT_H=1 -DHAVE_SYS_TYPES_H=1 -DHAVE_UNISTD_H=1 -DHAVE_SYS_TIME_H=1 -DSTDC_HEADERS=1 -DHAVE_LIMITS_H=1 -DHAVE_SYS_PARAM_H=1 -DUSE_THREAD_ALLOC=1 -D_REENTRANT=1 -D_THREAD_SAFE=1 -DTCL_THREADS=1 -DMODULE_SCOPE=extern\ __attribute__\(\(__visibility__\(\"hidden\"\)\)\) -D_LARGEFILE64_SOURCE=1 -DTCL_WIDE_INT_IS_LONG=1 -DUSE_TCL_STUBS=1 -DUSE_TCL_STUBS=1 -DHAVE_SYS_SELECT_H=1 -DHAVE_SYSMACROS_H=1 -DHAVE_SYS_FCNTL_H=1 -DHAVE_PTY_H=1 -DRETSIGTYPE=void -DHAVE_SYS_TIME_H=1 -DTIME_WITH_SYS_TIME=1 -DHAVE_STRUCT_TM_TM_ZONE=1 -DHAVE_TM_ZONE=1 -DHAVE_GMTIME_R=1 -DHAVE_LOCALTIME_R=1 -DHAVE_TM_GMTOFF=1 -DHAVE_TIMEZONE_VAR=1 -DNO_UNION_WAIT=1 -DHAVE_OPENPTY=1 -DHAVE_MEMMOVE=1 -DHAVE_SYSCONF=1 -DHAVE_STRFTIME=1 -DHAVE_STRCHR=1 -DHAVE_TIMEZONE=1 -DHAVE_SIGLONGJMP=1 -DHAVE_MEMCPY=1 -DWNOHANG_BACKUP_VALUE=1 -DSELECT_MASK_TYPE=fd_set -DHAVE_TCSETATTR=1 -DPOSIX=1 -DHAVE_TERMIO=1 -DHAVE_TERMIOS=1 -DSETPGRP_VOID=1 -DHAVE_SV_TIMEZONE=1 -DHAVE_LONG_FILE_NAMES=1 -DTCL_DEBUGGER -DUSE_NON_CONST -DSCRIPTDIR=\"/usr/lib/expect5.45.4\" -DEXECSCRIPTDIR=\"/usr/lib/expect5.45.4\" -DSTTY_BIN=\"/bin/stty\" -DDFLT_STTY="\"sane\"" -I. -I"." -I"/usr/include"    -O2 -m64 -march=x86-64 -mtune=generic -flto=auto -ffat-lto-objects -std=gnu89 -pipe -O2 -fomit-frame-pointer -Wall -fPIC  -c `echo exp_log.c` -o exp_log.o
x86_64-unknown-linux-gnu-gcc -DPACKAGE_NAME=\"expect\" -DPACKAGE_TARNAME=\"expect\" -DPACKAGE_VERSION=\"5.45.4\" -DPACKAGE_STRING=\"expect\ 5.45.4\" -DPACKAGE_BUGREPORT=\"\" -DPACKAGE_URL=\"\" -DBUILD_expect=/\*\*/ -DHAVE_STDIO_H=1 -DHAVE_STDLIB_H=1 -DHAVE_STRING_H=1 -DHAVE_INTTYPES_H=1 -DHAVE_STDINT_H=1 -DHAVE_STRINGS_H=1 -DHAVE_SYS_STAT_H=1 -DHAVE_SYS_TYPES_H=1 -DHAVE_UNISTD_H=1 -DHAVE_SYS_TIME_H=1 -DSTDC_HEADERS=1 -DHAVE_LIMITS_H=1 -DHAVE_SYS_PARAM_H=1 -DUSE_THREAD_ALLOC=1 -D_REENTRANT=1 -D_THREAD_SAFE=1 -DTCL_THREADS=1 -DMODULE_SCOPE=extern\ __attribute__\(\(__visibility__\(\"hidden\"\)\)\) -D_LARGEFILE64_SOURCE=1 -DTCL_WIDE_INT_IS_LONG=1 -DUSE_TCL_STUBS=1 -DUSE_TCL_STUBS=1 -DHAVE_SYS_SELECT_H=1 -DHAVE_SYSMACROS_H=1 -DHAVE_SYS_FCNTL_H=1 -DHAVE_PTY_H=1 -DRETSIGTYPE=void -DHAVE_SYS_TIME_H=1 -DTIME_WITH_SYS_TIME=1 -DHAVE_STRUCT_TM_TM_ZONE=1 -DHAVE_TM_ZONE=1 -DHAVE_GMTIME_R=1 -DHAVE_LOCALTIME_R=1 -DHAVE_TM_GMTOFF=1 -DHAVE_TIMEZONE_VAR=1 -DNO_UNION_WAIT=1 -DHAVE_OPENPTY=1 -DHAVE_MEMMOVE=1 -DHAVE_SYSCONF=1 -DHAVE_STRFTIME=1 -DHAVE_STRCHR=1 -DHAVE_TIMEZONE=1 -DHAVE_SIGLONGJMP=1 -DHAVE_MEMCPY=1 -DWNOHANG_BACKUP_VALUE=1 -DSELECT_MASK_TYPE=fd_set -DHAVE_TCSETATTR=1 -DPOSIX=1 -DHAVE_TERMIO=1 -DHAVE_TERMIOS=1 -DSETPGRP_VOID=1 -DHAVE_SV_TIMEZONE=1 -DHAVE_LONG_FILE_NAMES=1 -DTCL_DEBUGGER -DUSE_NON_CONST -DSCRIPTDIR=\"/usr/lib/expect5.45.4\" -DEXECSCRIPTDIR=\"/usr/lib/expect5.45.4\" -DSTTY_BIN=\"/bin/stty\" -DDFLT_STTY="\"sane\"" -I. -I"." -I"/usr/include"    -O2 -m64 -march=x86-64 -mtune=generic -flto=auto -ffat-lto-objects -std=gnu89 -pipe -O2 -fomit-frame-pointer -Wall -fPIC  -c `echo exp_main_sub.c` -o exp_main_sub.o
x86_64-unknown-linux-gnu-gcc -DPACKAGE_NAME=\"expect\" -DPACKAGE_TARNAME=\"expect\" -DPACKAGE_VERSION=\"5.45.4\" -DPACKAGE_STRING=\"expect\ 5.45.4\" -DPACKAGE_BUGREPORT=\"\" -DPACKAGE_URL=\"\" -DBUILD_expect=/\*\*/ -DHAVE_STDIO_H=1 -DHAVE_STDLIB_H=1 -DHAVE_STRING_H=1 -DHAVE_INTTYPES_H=1 -DHAVE_STDINT_H=1 -DHAVE_STRINGS_H=1 -DHAVE_SYS_STAT_H=1 -DHAVE_SYS_TYPES_H=1 -DHAVE_UNISTD_H=1 -DHAVE_SYS_TIME_H=1 -DSTDC_HEADERS=1 -DHAVE_LIMITS_H=1 -DHAVE_SYS_PARAM_H=1 -DUSE_THREAD_ALLOC=1 -D_REENTRANT=1 -D_THREAD_SAFE=1 -DTCL_THREADS=1 -DMODULE_SCOPE=extern\ __attribute__\(\(__visibility__\(\"hidden\"\)\)\) -D_LARGEFILE64_SOURCE=1 -DTCL_WIDE_INT_IS_LONG=1 -DUSE_TCL_STUBS=1 -DUSE_TCL_STUBS=1 -DHAVE_SYS_SELECT_H=1 -DHAVE_SYSMACROS_H=1 -DHAVE_SYS_FCNTL_H=1 -DHAVE_PTY_H=1 -DRETSIGTYPE=void -DHAVE_SYS_TIME_H=1 -DTIME_WITH_SYS_TIME=1 -DHAVE_STRUCT_TM_TM_ZONE=1 -DHAVE_TM_ZONE=1 -DHAVE_GMTIME_R=1 -DHAVE_LOCALTIME_R=1 -DHAVE_TM_GMTOFF=1 -DHAVE_TIMEZONE_VAR=1 -DNO_UNION_WAIT=1 -DHAVE_OPENPTY=1 -DHAVE_MEMMOVE=1 -DHAVE_SYSCONF=1 -DHAVE_STRFTIME=1 -DHAVE_STRCHR=1 -DHAVE_TIMEZONE=1 -DHAVE_SIGLONGJMP=1 -DHAVE_MEMCPY=1 -DWNOHANG_BACKUP_VALUE=1 -DSELECT_MASK_TYPE=fd_set -DHAVE_TCSETATTR=1 -DPOSIX=1 -DHAVE_TERMIO=1 -DHAVE_TERMIOS=1 -DSETPGRP_VOID=1 -DHAVE_SV_TIMEZONE=1 -DHAVE_LONG_FILE_NAMES=1 -DTCL_DEBUGGER -DUSE_NON_CONST -DSCRIPTDIR=\"/usr/lib/expect5.45.4\" -DEXECSCRIPTDIR=\"/usr/lib/expect5.45.4\" -DSTTY_BIN=\"/bin/stty\" -DDFLT_STTY="\"sane\"" -I. -I"." -I"/usr/include"    -O2 -m64 -march=x86-64 -mtune=generic -flto=auto -ffat-lto-objects -std=gnu89 -pipe -O2 -fomit-frame-pointer -Wall -fPIC  -c `echo exp_pty.c` -o exp_pty.o
x86_64-unknown-linux-gnu-gcc -DPACKAGE_NAME=\"expect\" -DPACKAGE_TARNAME=\"expect\" -DPACKAGE_VERSION=\"5.45.4\" -DPACKAGE_STRING=\"expect\ 5.45.4\" -DPACKAGE_BUGREPORT=\"\" -DPACKAGE_URL=\"\" -DBUILD_expect=/\*\*/ -DHAVE_STDIO_H=1 -DHAVE_STDLIB_H=1 -DHAVE_STRING_H=1 -DHAVE_INTTYPES_H=1 -DHAVE_STDINT_H=1 -DHAVE_STRINGS_H=1 -DHAVE_SYS_STAT_H=1 -DHAVE_SYS_TYPES_H=1 -DHAVE_UNISTD_H=1 -DHAVE_SYS_TIME_H=1 -DSTDC_HEADERS=1 -DHAVE_LIMITS_H=1 -DHAVE_SYS_PARAM_H=1 -DUSE_THREAD_ALLOC=1 -D_REENTRANT=1 -D_THREAD_SAFE=1 -DTCL_THREADS=1 -DMODULE_SCOPE=extern\ __attribute__\(\(__visibility__\(\"hidden\"\)\)\) -D_LARGEFILE64_SOURCE=1 -DTCL_WIDE_INT_IS_LONG=1 -DUSE_TCL_STUBS=1 -DUSE_TCL_STUBS=1 -DHAVE_SYS_SELECT_H=1 -DHAVE_SYSMACROS_H=1 -DHAVE_SYS_FCNTL_H=1 -DHAVE_PTY_H=1 -DRETSIGTYPE=void -DHAVE_SYS_TIME_H=1 -DTIME_WITH_SYS_TIME=1 -DHAVE_STRUCT_TM_TM_ZONE=1 -DHAVE_TM_ZONE=1 -DHAVE_GMTIME_R=1 -DHAVE_LOCALTIME_R=1 -DHAVE_TM_GMTOFF=1 -DHAVE_TIMEZONE_VAR=1 -DNO_UNION_WAIT=1 -DHAVE_OPENPTY=1 -DHAVE_MEMMOVE=1 -DHAVE_SYSCONF=1 -DHAVE_STRFTIME=1 -DHAVE_STRCHR=1 -DHAVE_TIMEZONE=1 -DHAVE_SIGLONGJMP=1 -DHAVE_MEMCPY=1 -DWNOHANG_BACKUP_VALUE=1 -DSELECT_MASK_TYPE=fd_set -DHAVE_TCSETATTR=1 -DPOSIX=1 -DHAVE_TERMIO=1 -DHAVE_TERMIOS=1 -DSETPGRP_VOID=1 -DHAVE_SV_TIMEZONE=1 -DHAVE_LONG_FILE_NAMES=1 -DTCL_DEBUGGER -DUSE_NON_CONST -DSCRIPTDIR=\"/usr/lib/expect5.45.4\" -DEXECSCRIPTDIR=\"/usr/lib/expect5.45.4\" -DSTTY_BIN=\"/bin/stty\" -DDFLT_STTY="\"sane\"" -I. -I"." -I"/usr/include"    -O2 -m64 -march=x86-64 -mtune=generic -flto=auto -ffat-lto-objects -std=gnu89 -pipe -O2 -fomit-frame-pointer -Wall -fPIC  -c `echo exp_trap.c` -o exp_trap.o
exp_tty.c: In function 'exec_stty':
exp_tty.c:323:13: warning: variable 'rc' set but not used [-Wunused-but-set-variable]
  323 |         int rc;
      |             ^~
expect.c: In function 'exp_eval_with_one_arg':
expect.c:287:9: warning: variable 'rc' set but not used [-Wunused-but-set-variable]
  287 |     int rc;
      |         ^~
exp_log.c: In function 'expPrintf':
exp_log.c:306:9: warning: variable 'fmt' set but not used [-Wunused-but-set-variable]
  306 |   char *fmt;
      |         ^~~
expect.c: In function 'expIRead':
expect.c:1765:9: warning: variable 'size' set but not used [-Wunused-but-set-variable]
 1765 |     int size;
      |         ^~~~
expect.c: In function 'Exp_ExpectObjCmd':
expect.c:2547:12: warning: variable 'start_time' set but not used [-Wunused-but-set-variable]
 2547 |     time_t start_time = 0;      /* time when restart label hit */
      |            ^~~~~~~~~~
x86_64-unknown-linux-gnu-gcc -DPACKAGE_NAME=\"expect\" -DPACKAGE_TARNAME=\"expect\" -DPACKAGE_VERSION=\"5.45.4\" -DPACKAGE_STRING=\"expect\ 5.45.4\" -DPACKAGE_BUGREPORT=\"\" -DPACKAGE_URL=\"\" -DBUILD_expect=/\*\*/ -DHAVE_STDIO_H=1 -DHAVE_STDLIB_H=1 -DHAVE_STRING_H=1 -DHAVE_INTTYPES_H=1 -DHAVE_STDINT_H=1 -DHAVE_STRINGS_H=1 -DHAVE_SYS_STAT_H=1 -DHAVE_SYS_TYPES_H=1 -DHAVE_UNISTD_H=1 -DHAVE_SYS_TIME_H=1 -DSTDC_HEADERS=1 -DHAVE_LIMITS_H=1 -DHAVE_SYS_PARAM_H=1 -DUSE_THREAD_ALLOC=1 -D_REENTRANT=1 -D_THREAD_SAFE=1 -DTCL_THREADS=1 -DMODULE_SCOPE=extern\ __attribute__\(\(__visibility__\(\"hidden\"\)\)\) -D_LARGEFILE64_SOURCE=1 -DTCL_WIDE_INT_IS_LONG=1 -DUSE_TCL_STUBS=1 -DUSE_TCL_STUBS=1 -DHAVE_SYS_SELECT_H=1 -DHAVE_SYSMACROS_H=1 -DHAVE_SYS_FCNTL_H=1 -DHAVE_PTY_H=1 -DRETSIGTYPE=void -DHAVE_SYS_TIME_H=1 -DTIME_WITH_SYS_TIME=1 -DHAVE_STRUCT_TM_TM_ZONE=1 -DHAVE_TM_ZONE=1 -DHAVE_GMTIME_R=1 -DHAVE_LOCALTIME_R=1 -DHAVE_TM_GMTOFF=1 -DHAVE_TIMEZONE_VAR=1 -DNO_UNION_WAIT=1 -DHAVE_OPENPTY=1 -DHAVE_MEMMOVE=1 -DHAVE_SYSCONF=1 -DHAVE_STRFTIME=1 -DHAVE_STRCHR=1 -DHAVE_TIMEZONE=1 -DHAVE_SIGLONGJMP=1 -DHAVE_MEMCPY=1 -DWNOHANG_BACKUP_VALUE=1 -DSELECT_MASK_TYPE=fd_set -DHAVE_TCSETATTR=1 -DPOSIX=1 -DHAVE_TERMIO=1 -DHAVE_TERMIOS=1 -DSETPGRP_VOID=1 -DHAVE_SV_TIMEZONE=1 -DHAVE_LONG_FILE_NAMES=1 -DTCL_DEBUGGER -DUSE_NON_CONST -DSCRIPTDIR=\"/usr/lib/expect5.45.4\" -DEXECSCRIPTDIR=\"/usr/lib/expect5.45.4\" -DSTTY_BIN=\"/bin/stty\" -DDFLT_STTY="\"sane\"" -I. -I"." -I"/usr/include"    -O2 -m64 -march=x86-64 -mtune=generic -flto=auto -ffat-lto-objects -std=gnu89 -pipe -O2 -fomit-frame-pointer -Wall -fPIC  -c `echo exp_strf.c` -o exp_strf.o
x86_64-unknown-linux-gnu-gcc -DPACKAGE_NAME=\"expect\" -DPACKAGE_TARNAME=\"expect\" -DPACKAGE_VERSION=\"5.45.4\" -DPACKAGE_STRING=\"expect\ 5.45.4\" -DPACKAGE_BUGREPORT=\"\" -DPACKAGE_URL=\"\" -DBUILD_expect=/\*\*/ -DHAVE_STDIO_H=1 -DHAVE_STDLIB_H=1 -DHAVE_STRING_H=1 -DHAVE_INTTYPES_H=1 -DHAVE_STDINT_H=1 -DHAVE_STRINGS_H=1 -DHAVE_SYS_STAT_H=1 -DHAVE_SYS_TYPES_H=1 -DHAVE_UNISTD_H=1 -DHAVE_SYS_TIME_H=1 -DSTDC_HEADERS=1 -DHAVE_LIMITS_H=1 -DHAVE_SYS_PARAM_H=1 -DUSE_THREAD_ALLOC=1 -D_REENTRANT=1 -D_THREAD_SAFE=1 -DTCL_THREADS=1 -DMODULE_SCOPE=extern\ __attribute__\(\(__visibility__\(\"hidden\"\)\)\) -D_LARGEFILE64_SOURCE=1 -DTCL_WIDE_INT_IS_LONG=1 -DUSE_TCL_STUBS=1 -DUSE_TCL_STUBS=1 -DHAVE_SYS_SELECT_H=1 -DHAVE_SYSMACROS_H=1 -DHAVE_SYS_FCNTL_H=1 -DHAVE_PTY_H=1 -DRETSIGTYPE=void -DHAVE_SYS_TIME_H=1 -DTIME_WITH_SYS_TIME=1 -DHAVE_STRUCT_TM_TM_ZONE=1 -DHAVE_TM_ZONE=1 -DHAVE_GMTIME_R=1 -DHAVE_LOCALTIME_R=1 -DHAVE_TM_GMTOFF=1 -DHAVE_TIMEZONE_VAR=1 -DNO_UNION_WAIT=1 -DHAVE_OPENPTY=1 -DHAVE_MEMMOVE=1 -DHAVE_SYSCONF=1 -DHAVE_STRFTIME=1 -DHAVE_STRCHR=1 -DHAVE_TIMEZONE=1 -DHAVE_SIGLONGJMP=1 -DHAVE_MEMCPY=1 -DWNOHANG_BACKUP_VALUE=1 -DSELECT_MASK_TYPE=fd_set -DHAVE_TCSETATTR=1 -DPOSIX=1 -DHAVE_TERMIO=1 -DHAVE_TERMIOS=1 -DSETPGRP_VOID=1 -DHAVE_SV_TIMEZONE=1 -DHAVE_LONG_FILE_NAMES=1 -DTCL_DEBUGGER -DUSE_NON_CONST -DSCRIPTDIR=\"/usr/lib/expect5.45.4\" -DEXECSCRIPTDIR=\"/usr/lib/expect5.45.4\" -DSTTY_BIN=\"/bin/stty\" -DDFLT_STTY="\"sane\"" -I. -I"." -I"/usr/include"    -O2 -m64 -march=x86-64 -mtune=generic -flto=auto -ffat-lto-objects -std=gnu89 -pipe -O2 -fomit-frame-pointer -Wall -fPIC  -c `echo exp_console.c` -o exp_console.o
x86_64-unknown-linux-gnu-gcc -DPACKAGE_NAME=\"expect\" -DPACKAGE_TARNAME=\"expect\" -DPACKAGE_VERSION=\"5.45.4\" -DPACKAGE_STRING=\"expect\ 5.45.4\" -DPACKAGE_BUGREPORT=\"\" -DPACKAGE_URL=\"\" -DBUILD_expect=/\*\*/ -DHAVE_STDIO_H=1 -DHAVE_STDLIB_H=1 -DHAVE_STRING_H=1 -DHAVE_INTTYPES_H=1 -DHAVE_STDINT_H=1 -DHAVE_STRINGS_H=1 -DHAVE_SYS_STAT_H=1 -DHAVE_SYS_TYPES_H=1 -DHAVE_UNISTD_H=1 -DHAVE_SYS_TIME_H=1 -DSTDC_HEADERS=1 -DHAVE_LIMITS_H=1 -DHAVE_SYS_PARAM_H=1 -DUSE_THREAD_ALLOC=1 -D_REENTRANT=1 -D_THREAD_SAFE=1 -DTCL_THREADS=1 -DMODULE_SCOPE=extern\ __attribute__\(\(__visibility__\(\"hidden\"\)\)\) -D_LARGEFILE64_SOURCE=1 -DTCL_WIDE_INT_IS_LONG=1 -DUSE_TCL_STUBS=1 -DUSE_TCL_STUBS=1 -DHAVE_SYS_SELECT_H=1 -DHAVE_SYSMACROS_H=1 -DHAVE_SYS_FCNTL_H=1 -DHAVE_PTY_H=1 -DRETSIGTYPE=void -DHAVE_SYS_TIME_H=1 -DTIME_WITH_SYS_TIME=1 -DHAVE_STRUCT_TM_TM_ZONE=1 -DHAVE_TM_ZONE=1 -DHAVE_GMTIME_R=1 -DHAVE_LOCALTIME_R=1 -DHAVE_TM_GMTOFF=1 -DHAVE_TIMEZONE_VAR=1 -DNO_UNION_WAIT=1 -DHAVE_OPENPTY=1 -DHAVE_MEMMOVE=1 -DHAVE_SYSCONF=1 -DHAVE_STRFTIME=1 -DHAVE_STRCHR=1 -DHAVE_TIMEZONE=1 -DHAVE_SIGLONGJMP=1 -DHAVE_MEMCPY=1 -DWNOHANG_BACKUP_VALUE=1 -DSELECT_MASK_TYPE=fd_set -DHAVE_TCSETATTR=1 -DPOSIX=1 -DHAVE_TERMIO=1 -DHAVE_TERMIOS=1 -DSETPGRP_VOID=1 -DHAVE_SV_TIMEZONE=1 -DHAVE_LONG_FILE_NAMES=1 -DTCL_DEBUGGER -DUSE_NON_CONST -DSCRIPTDIR=\"/usr/lib/expect5.45.4\" -DEXECSCRIPTDIR=\"/usr/lib/expect5.45.4\" -DSTTY_BIN=\"/bin/stty\" -DDFLT_STTY="\"sane\"" -I. -I"." -I"/usr/include"    -O2 -m64 -march=x86-64 -mtune=generic -flto=auto -ffat-lto-objects -std=gnu89 -pipe -O2 -fomit-frame-pointer -Wall -fPIC  -c `echo exp_glob.c` -o exp_glob.o
x86_64-unknown-linux-gnu-gcc -DPACKAGE_NAME=\"expect\" -DPACKAGE_TARNAME=\"expect\" -DPACKAGE_VERSION=\"5.45.4\" -DPACKAGE_STRING=\"expect\ 5.45.4\" -DPACKAGE_BUGREPORT=\"\" -DPACKAGE_URL=\"\" -DBUILD_expect=/\*\*/ -DHAVE_STDIO_H=1 -DHAVE_STDLIB_H=1 -DHAVE_STRING_H=1 -DHAVE_INTTYPES_H=1 -DHAVE_STDINT_H=1 -DHAVE_STRINGS_H=1 -DHAVE_SYS_STAT_H=1 -DHAVE_SYS_TYPES_H=1 -DHAVE_UNISTD_H=1 -DHAVE_SYS_TIME_H=1 -DSTDC_HEADERS=1 -DHAVE_LIMITS_H=1 -DHAVE_SYS_PARAM_H=1 -DUSE_THREAD_ALLOC=1 -D_REENTRANT=1 -D_THREAD_SAFE=1 -DTCL_THREADS=1 -DMODULE_SCOPE=extern\ __attribute__\(\(__visibility__\(\"hidden\"\)\)\) -D_LARGEFILE64_SOURCE=1 -DTCL_WIDE_INT_IS_LONG=1 -DUSE_TCL_STUBS=1 -DUSE_TCL_STUBS=1 -DHAVE_SYS_SELECT_H=1 -DHAVE_SYSMACROS_H=1 -DHAVE_SYS_FCNTL_H=1 -DHAVE_PTY_H=1 -DRETSIGTYPE=void -DHAVE_SYS_TIME_H=1 -DTIME_WITH_SYS_TIME=1 -DHAVE_STRUCT_TM_TM_ZONE=1 -DHAVE_TM_ZONE=1 -DHAVE_GMTIME_R=1 -DHAVE_LOCALTIME_R=1 -DHAVE_TM_GMTOFF=1 -DHAVE_TIMEZONE_VAR=1 -DNO_UNION_WAIT=1 -DHAVE_OPENPTY=1 -DHAVE_MEMMOVE=1 -DHAVE_SYSCONF=1 -DHAVE_STRFTIME=1 -DHAVE_STRCHR=1 -DHAVE_TIMEZONE=1 -DHAVE_SIGLONGJMP=1 -DHAVE_MEMCPY=1 -DWNOHANG_BACKUP_VALUE=1 -DSELECT_MASK_TYPE=fd_set -DHAVE_TCSETATTR=1 -DPOSIX=1 -DHAVE_TERMIO=1 -DHAVE_TERMIOS=1 -DSETPGRP_VOID=1 -DHAVE_SV_TIMEZONE=1 -DHAVE_LONG_FILE_NAMES=1 -DTCL_DEBUGGER -DUSE_NON_CONST -DSCRIPTDIR=\"/usr/lib/expect5.45.4\" -DEXECSCRIPTDIR=\"/usr/lib/expect5.45.4\" -DSTTY_BIN=\"/bin/stty\" -DDFLT_STTY="\"sane\"" -I. -I"." -I"/usr/include"    -O2 -m64 -march=x86-64 -mtune=generic -flto=auto -ffat-lto-objects -std=gnu89 -pipe -O2 -fomit-frame-pointer -Wall -fPIC  -c `echo exp_win.c` -o exp_win.o
x86_64-unknown-linux-gnu-gcc -DPACKAGE_NAME=\"expect\" -DPACKAGE_TARNAME=\"expect\" -DPACKAGE_VERSION=\"5.45.4\" -DPACKAGE_STRING=\"expect\ 5.45.4\" -DPACKAGE_BUGREPORT=\"\" -DPACKAGE_URL=\"\" -DBUILD_expect=/\*\*/ -DHAVE_STDIO_H=1 -DHAVE_STDLIB_H=1 -DHAVE_STRING_H=1 -DHAVE_INTTYPES_H=1 -DHAVE_STDINT_H=1 -DHAVE_STRINGS_H=1 -DHAVE_SYS_STAT_H=1 -DHAVE_SYS_TYPES_H=1 -DHAVE_UNISTD_H=1 -DHAVE_SYS_TIME_H=1 -DSTDC_HEADERS=1 -DHAVE_LIMITS_H=1 -DHAVE_SYS_PARAM_H=1 -DUSE_THREAD_ALLOC=1 -D_REENTRANT=1 -D_THREAD_SAFE=1 -DTCL_THREADS=1 -DMODULE_SCOPE=extern\ __attribute__\(\(__visibility__\(\"hidden\"\)\)\) -D_LARGEFILE64_SOURCE=1 -DTCL_WIDE_INT_IS_LONG=1 -DUSE_TCL_STUBS=1 -DUSE_TCL_STUBS=1 -DHAVE_SYS_SELECT_H=1 -DHAVE_SYSMACROS_H=1 -DHAVE_SYS_FCNTL_H=1 -DHAVE_PTY_H=1 -DRETSIGTYPE=void -DHAVE_SYS_TIME_H=1 -DTIME_WITH_SYS_TIME=1 -DHAVE_STRUCT_TM_TM_ZONE=1 -DHAVE_TM_ZONE=1 -DHAVE_GMTIME_R=1 -DHAVE_LOCALTIME_R=1 -DHAVE_TM_GMTOFF=1 -DHAVE_TIMEZONE_VAR=1 -DNO_UNION_WAIT=1 -DHAVE_OPENPTY=1 -DHAVE_MEMMOVE=1 -DHAVE_SYSCONF=1 -DHAVE_STRFTIME=1 -DHAVE_STRCHR=1 -DHAVE_TIMEZONE=1 -DHAVE_SIGLONGJMP=1 -DHAVE_MEMCPY=1 -DWNOHANG_BACKUP_VALUE=1 -DSELECT_MASK_TYPE=fd_set -DHAVE_TCSETATTR=1 -DPOSIX=1 -DHAVE_TERMIO=1 -DHAVE_TERMIOS=1 -DSETPGRP_VOID=1 -DHAVE_SV_TIMEZONE=1 -DHAVE_LONG_FILE_NAMES=1 -DTCL_DEBUGGER -DUSE_NON_CONST -DSCRIPTDIR=\"/usr/lib/expect5.45.4\" -DEXECSCRIPTDIR=\"/usr/lib/expect5.45.4\" -DSTTY_BIN=\"/bin/stty\" -DDFLT_STTY="\"sane\"" -I. -I"." -I"/usr/include"    -O2 -m64 -march=x86-64 -mtune=generic -flto=auto -ffat-lto-objects -std=gnu89 -pipe -O2 -fomit-frame-pointer -Wall -fPIC  -c `echo exp_clib.c` -o exp_clib.o
x86_64-unknown-linux-gnu-gcc -DPACKAGE_NAME=\"expect\" -DPACKAGE_TARNAME=\"expect\" -DPACKAGE_VERSION=\"5.45.4\" -DPACKAGE_STRING=\"expect\ 5.45.4\" -DPACKAGE_BUGREPORT=\"\" -DPACKAGE_URL=\"\" -DBUILD_expect=/\*\*/ -DHAVE_STDIO_H=1 -DHAVE_STDLIB_H=1 -DHAVE_STRING_H=1 -DHAVE_INTTYPES_H=1 -DHAVE_STDINT_H=1 -DHAVE_STRINGS_H=1 -DHAVE_SYS_STAT_H=1 -DHAVE_SYS_TYPES_H=1 -DHAVE_UNISTD_H=1 -DHAVE_SYS_TIME_H=1 -DSTDC_HEADERS=1 -DHAVE_LIMITS_H=1 -DHAVE_SYS_PARAM_H=1 -DUSE_THREAD_ALLOC=1 -D_REENTRANT=1 -D_THREAD_SAFE=1 -DTCL_THREADS=1 -DMODULE_SCOPE=extern\ __attribute__\(\(__visibility__\(\"hidden\"\)\)\) -D_LARGEFILE64_SOURCE=1 -DTCL_WIDE_INT_IS_LONG=1 -DUSE_TCL_STUBS=1 -DUSE_TCL_STUBS=1 -DHAVE_SYS_SELECT_H=1 -DHAVE_SYSMACROS_H=1 -DHAVE_SYS_FCNTL_H=1 -DHAVE_PTY_H=1 -DRETSIGTYPE=void -DHAVE_SYS_TIME_H=1 -DTIME_WITH_SYS_TIME=1 -DHAVE_STRUCT_TM_TM_ZONE=1 -DHAVE_TM_ZONE=1 -DHAVE_GMTIME_R=1 -DHAVE_LOCALTIME_R=1 -DHAVE_TM_GMTOFF=1 -DHAVE_TIMEZONE_VAR=1 -DNO_UNION_WAIT=1 -DHAVE_OPENPTY=1 -DHAVE_MEMMOVE=1 -DHAVE_SYSCONF=1 -DHAVE_STRFTIME=1 -DHAVE_STRCHR=1 -DHAVE_TIMEZONE=1 -DHAVE_SIGLONGJMP=1 -DHAVE_MEMCPY=1 -DWNOHANG_BACKUP_VALUE=1 -DSELECT_MASK_TYPE=fd_set -DHAVE_TCSETATTR=1 -DPOSIX=1 -DHAVE_TERMIO=1 -DHAVE_TERMIOS=1 -DSETPGRP_VOID=1 -DHAVE_SV_TIMEZONE=1 -DHAVE_LONG_FILE_NAMES=1 -DTCL_DEBUGGER -DUSE_NON_CONST -DSCRIPTDIR=\"/usr/lib/expect5.45.4\" -DEXECSCRIPTDIR=\"/usr/lib/expect5.45.4\" -DSTTY_BIN=\"/bin/stty\" -DDFLT_STTY="\"sane\"" -I. -I"." -I"/usr/include"    -O2 -m64 -march=x86-64 -mtune=generic -flto=auto -ffat-lto-objects -std=gnu89 -pipe -O2 -fomit-frame-pointer -Wall -fPIC  -c `echo exp_closetcl.c` -o exp_closetcl.o
x86_64-unknown-linux-gnu-gcc -DPACKAGE_NAME=\"expect\" -DPACKAGE_TARNAME=\"expect\" -DPACKAGE_VERSION=\"5.45.4\" -DPACKAGE_STRING=\"expect\ 5.45.4\" -DPACKAGE_BUGREPORT=\"\" -DPACKAGE_URL=\"\" -DBUILD_expect=/\*\*/ -DHAVE_STDIO_H=1 -DHAVE_STDLIB_H=1 -DHAVE_STRING_H=1 -DHAVE_INTTYPES_H=1 -DHAVE_STDINT_H=1 -DHAVE_STRINGS_H=1 -DHAVE_SYS_STAT_H=1 -DHAVE_SYS_TYPES_H=1 -DHAVE_UNISTD_H=1 -DHAVE_SYS_TIME_H=1 -DSTDC_HEADERS=1 -DHAVE_LIMITS_H=1 -DHAVE_SYS_PARAM_H=1 -DUSE_THREAD_ALLOC=1 -D_REENTRANT=1 -D_THREAD_SAFE=1 -DTCL_THREADS=1 -DMODULE_SCOPE=extern\ __attribute__\(\(__visibility__\(\"hidden\"\)\)\) -D_LARGEFILE64_SOURCE=1 -DTCL_WIDE_INT_IS_LONG=1 -DUSE_TCL_STUBS=1 -DUSE_TCL_STUBS=1 -DHAVE_SYS_SELECT_H=1 -DHAVE_SYSMACROS_H=1 -DHAVE_SYS_FCNTL_H=1 -DHAVE_PTY_H=1 -DRETSIGTYPE=void -DHAVE_SYS_TIME_H=1 -DTIME_WITH_SYS_TIME=1 -DHAVE_STRUCT_TM_TM_ZONE=1 -DHAVE_TM_ZONE=1 -DHAVE_GMTIME_R=1 -DHAVE_LOCALTIME_R=1 -DHAVE_TM_GMTOFF=1 -DHAVE_TIMEZONE_VAR=1 -DNO_UNION_WAIT=1 -DHAVE_OPENPTY=1 -DHAVE_MEMMOVE=1 -DHAVE_SYSCONF=1 -DHAVE_STRFTIME=1 -DHAVE_STRCHR=1 -DHAVE_TIMEZONE=1 -DHAVE_SIGLONGJMP=1 -DHAVE_MEMCPY=1 -DWNOHANG_BACKUP_VALUE=1 -DSELECT_MASK_TYPE=fd_set -DHAVE_TCSETATTR=1 -DPOSIX=1 -DHAVE_TERMIO=1 -DHAVE_TERMIOS=1 -DSETPGRP_VOID=1 -DHAVE_SV_TIMEZONE=1 -DHAVE_LONG_FILE_NAMES=1 -DTCL_DEBUGGER -DUSE_NON_CONST -DSCRIPTDIR=\"/usr/lib/expect5.45.4\" -DEXECSCRIPTDIR=\"/usr/lib/expect5.45.4\" -DSTTY_BIN=\"/bin/stty\" -DDFLT_STTY="\"sane\"" -I. -I"." -I"/usr/include"    -O2 -m64 -march=x86-64 -mtune=generic -flto=auto -ffat-lto-objects -std=gnu89 -pipe -O2 -fomit-frame-pointer -Wall -fPIC  -c `echo exp_memmove.c` -o exp_memmove.o
x86_64-unknown-linux-gnu-gcc -DPACKAGE_NAME=\"expect\" -DPACKAGE_TARNAME=\"expect\" -DPACKAGE_VERSION=\"5.45.4\" -DPACKAGE_STRING=\"expect\ 5.45.4\" -DPACKAGE_BUGREPORT=\"\" -DPACKAGE_URL=\"\" -DBUILD_expect=/\*\*/ -DHAVE_STDIO_H=1 -DHAVE_STDLIB_H=1 -DHAVE_STRING_H=1 -DHAVE_INTTYPES_H=1 -DHAVE_STDINT_H=1 -DHAVE_STRINGS_H=1 -DHAVE_SYS_STAT_H=1 -DHAVE_SYS_TYPES_H=1 -DHAVE_UNISTD_H=1 -DHAVE_SYS_TIME_H=1 -DSTDC_HEADERS=1 -DHAVE_LIMITS_H=1 -DHAVE_SYS_PARAM_H=1 -DUSE_THREAD_ALLOC=1 -D_REENTRANT=1 -D_THREAD_SAFE=1 -DTCL_THREADS=1 -DMODULE_SCOPE=extern\ __attribute__\(\(__visibility__\(\"hidden\"\)\)\) -D_LARGEFILE64_SOURCE=1 -DTCL_WIDE_INT_IS_LONG=1 -DUSE_TCL_STUBS=1 -DUSE_TCL_STUBS=1 -DHAVE_SYS_SELECT_H=1 -DHAVE_SYSMACROS_H=1 -DHAVE_SYS_FCNTL_H=1 -DHAVE_PTY_H=1 -DRETSIGTYPE=void -DHAVE_SYS_TIME_H=1 -DTIME_WITH_SYS_TIME=1 -DHAVE_STRUCT_TM_TM_ZONE=1 -DHAVE_TM_ZONE=1 -DHAVE_GMTIME_R=1 -DHAVE_LOCALTIME_R=1 -DHAVE_TM_GMTOFF=1 -DHAVE_TIMEZONE_VAR=1 -DNO_UNION_WAIT=1 -DHAVE_OPENPTY=1 -DHAVE_MEMMOVE=1 -DHAVE_SYSCONF=1 -DHAVE_STRFTIME=1 -DHAVE_STRCHR=1 -DHAVE_TIMEZONE=1 -DHAVE_SIGLONGJMP=1 -DHAVE_MEMCPY=1 -DWNOHANG_BACKUP_VALUE=1 -DSELECT_MASK_TYPE=fd_set -DHAVE_TCSETATTR=1 -DPOSIX=1 -DHAVE_TERMIO=1 -DHAVE_TERMIOS=1 -DSETPGRP_VOID=1 -DHAVE_SV_TIMEZONE=1 -DHAVE_LONG_FILE_NAMES=1 -DTCL_DEBUGGER -DUSE_NON_CONST -DSCRIPTDIR=\"/usr/lib/expect5.45.4\" -DEXECSCRIPTDIR=\"/usr/lib/expect5.45.4\" -DSTTY_BIN=\"/bin/stty\" -DDFLT_STTY="\"sane\"" -I. -I"." -I"/usr/include"    -O2 -m64 -march=x86-64 -mtune=generic -flto=auto -ffat-lto-objects -std=gnu89 -pipe -O2 -fomit-frame-pointer -Wall -fPIC  -c `echo exp_tty_comm.c` -o exp_tty_comm.o
x86_64-unknown-linux-gnu-gcc -DPACKAGE_NAME=\"expect\" -DPACKAGE_TARNAME=\"expect\" -DPACKAGE_VERSION=\"5.45.4\" -DPACKAGE_STRING=\"expect\ 5.45.4\" -DPACKAGE_BUGREPORT=\"\" -DPACKAGE_URL=\"\" -DBUILD_expect=/\*\*/ -DHAVE_STDIO_H=1 -DHAVE_STDLIB_H=1 -DHAVE_STRING_H=1 -DHAVE_INTTYPES_H=1 -DHAVE_STDINT_H=1 -DHAVE_STRINGS_H=1 -DHAVE_SYS_STAT_H=1 -DHAVE_SYS_TYPES_H=1 -DHAVE_UNISTD_H=1 -DHAVE_SYS_TIME_H=1 -DSTDC_HEADERS=1 -DHAVE_LIMITS_H=1 -DHAVE_SYS_PARAM_H=1 -DUSE_THREAD_ALLOC=1 -D_REENTRANT=1 -D_THREAD_SAFE=1 -DTCL_THREADS=1 -DMODULE_SCOPE=extern\ __attribute__\(\(__visibility__\(\"hidden\"\)\)\) -D_LARGEFILE64_SOURCE=1 -DTCL_WIDE_INT_IS_LONG=1 -DUSE_TCL_STUBS=1 -DUSE_TCL_STUBS=1 -DHAVE_SYS_SELECT_H=1 -DHAVE_SYSMACROS_H=1 -DHAVE_SYS_FCNTL_H=1 -DHAVE_PTY_H=1 -DRETSIGTYPE=void -DHAVE_SYS_TIME_H=1 -DTIME_WITH_SYS_TIME=1 -DHAVE_STRUCT_TM_TM_ZONE=1 -DHAVE_TM_ZONE=1 -DHAVE_GMTIME_R=1 -DHAVE_LOCALTIME_R=1 -DHAVE_TM_GMTOFF=1 -DHAVE_TIMEZONE_VAR=1 -DNO_UNION_WAIT=1 -DHAVE_OPENPTY=1 -DHAVE_MEMMOVE=1 -DHAVE_SYSCONF=1 -DHAVE_STRFTIME=1 -DHAVE_STRCHR=1 -DHAVE_TIMEZONE=1 -DHAVE_SIGLONGJMP=1 -DHAVE_MEMCPY=1 -DWNOHANG_BACKUP_VALUE=1 -DSELECT_MASK_TYPE=fd_set -DHAVE_TCSETATTR=1 -DPOSIX=1 -DHAVE_TERMIO=1 -DHAVE_TERMIOS=1 -DSETPGRP_VOID=1 -DHAVE_SV_TIMEZONE=1 -DHAVE_LONG_FILE_NAMES=1 -DTCL_DEBUGGER -DUSE_NON_CONST -DSCRIPTDIR=\"/usr/lib/expect5.45.4\" -DEXECSCRIPTDIR=\"/usr/lib/expect5.45.4\" -DSTTY_BIN=\"/bin/stty\" -DDFLT_STTY="\"sane\"" -I. -I"." -I"/usr/include"    -O2 -m64 -march=x86-64 -mtune=generic -flto=auto -ffat-lto-objects -std=gnu89 -pipe -O2 -fomit-frame-pointer -Wall -fPIC  -c `echo exp_chan.c` -o exp_chan.o
x86_64-unknown-linux-gnu-gcc -DPACKAGE_NAME=\"expect\" -DPACKAGE_TARNAME=\"expect\" -DPACKAGE_VERSION=\"5.45.4\" -DPACKAGE_STRING=\"expect\ 5.45.4\" -DPACKAGE_BUGREPORT=\"\" -DPACKAGE_URL=\"\" -DBUILD_expect=/\*\*/ -DHAVE_STDIO_H=1 -DHAVE_STDLIB_H=1 -DHAVE_STRING_H=1 -DHAVE_INTTYPES_H=1 -DHAVE_STDINT_H=1 -DHAVE_STRINGS_H=1 -DHAVE_SYS_STAT_H=1 -DHAVE_SYS_TYPES_H=1 -DHAVE_UNISTD_H=1 -DHAVE_SYS_TIME_H=1 -DSTDC_HEADERS=1 -DHAVE_LIMITS_H=1 -DHAVE_SYS_PARAM_H=1 -DUSE_THREAD_ALLOC=1 -D_REENTRANT=1 -D_THREAD_SAFE=1 -DTCL_THREADS=1 -DMODULE_SCOPE=extern\ __attribute__\(\(__visibility__\(\"hidden\"\)\)\) -D_LARGEFILE64_SOURCE=1 -DTCL_WIDE_INT_IS_LONG=1 -DUSE_TCL_STUBS=1 -DUSE_TCL_STUBS=1 -DHAVE_SYS_SELECT_H=1 -DHAVE_SYSMACROS_H=1 -DHAVE_SYS_FCNTL_H=1 -DHAVE_PTY_H=1 -DRETSIGTYPE=void -DHAVE_SYS_TIME_H=1 -DTIME_WITH_SYS_TIME=1 -DHAVE_STRUCT_TM_TM_ZONE=1 -DHAVE_TM_ZONE=1 -DHAVE_GMTIME_R=1 -DHAVE_LOCALTIME_R=1 -DHAVE_TM_GMTOFF=1 -DHAVE_TIMEZONE_VAR=1 -DNO_UNION_WAIT=1 -DHAVE_OPENPTY=1 -DHAVE_MEMMOVE=1 -DHAVE_SYSCONF=1 -DHAVE_STRFTIME=1 -DHAVE_STRCHR=1 -DHAVE_TIMEZONE=1 -DHAVE_SIGLONGJMP=1 -DHAVE_MEMCPY=1 -DWNOHANG_BACKUP_VALUE=1 -DSELECT_MASK_TYPE=fd_set -DHAVE_TCSETATTR=1 -DPOSIX=1 -DHAVE_TERMIO=1 -DHAVE_TERMIOS=1 -DSETPGRP_VOID=1 -DHAVE_SV_TIMEZONE=1 -DHAVE_LONG_FILE_NAMES=1 -DTCL_DEBUGGER -DUSE_NON_CONST -DSCRIPTDIR=\"/usr/lib/expect5.45.4\" -DEXECSCRIPTDIR=\"/usr/lib/expect5.45.4\" -DSTTY_BIN=\"/bin/stty\" -DDFLT_STTY="\"sane\"" -I. -I"." -I"/usr/include"    -O2 -m64 -march=x86-64 -mtune=generic -flto=auto -ffat-lto-objects -std=gnu89 -pipe -O2 -fomit-frame-pointer -Wall -fPIC  -c `echo Dbg.c` -o Dbg.o
x86_64-unknown-linux-gnu-gcc -DPACKAGE_NAME=\"expect\" -DPACKAGE_TARNAME=\"expect\" -DPACKAGE_VERSION=\"5.45.4\" -DPACKAGE_STRING=\"expect\ 5.45.4\" -DPACKAGE_BUGREPORT=\"\" -DPACKAGE_URL=\"\" -DBUILD_expect=/\*\*/ -DHAVE_STDIO_H=1 -DHAVE_STDLIB_H=1 -DHAVE_STRING_H=1 -DHAVE_INTTYPES_H=1 -DHAVE_STDINT_H=1 -DHAVE_STRINGS_H=1 -DHAVE_SYS_STAT_H=1 -DHAVE_SYS_TYPES_H=1 -DHAVE_UNISTD_H=1 -DHAVE_SYS_TIME_H=1 -DSTDC_HEADERS=1 -DHAVE_LIMITS_H=1 -DHAVE_SYS_PARAM_H=1 -DUSE_THREAD_ALLOC=1 -D_REENTRANT=1 -D_THREAD_SAFE=1 -DTCL_THREADS=1 -DMODULE_SCOPE=extern\ __attribute__\(\(__visibility__\(\"hidden\"\)\)\) -D_LARGEFILE64_SOURCE=1 -DTCL_WIDE_INT_IS_LONG=1 -DUSE_TCL_STUBS=1 -DUSE_TCL_STUBS=1 -DHAVE_SYS_SELECT_H=1 -DHAVE_SYSMACROS_H=1 -DHAVE_SYS_FCNTL_H=1 -DHAVE_PTY_H=1 -DRETSIGTYPE=void -DHAVE_SYS_TIME_H=1 -DTIME_WITH_SYS_TIME=1 -DHAVE_STRUCT_TM_TM_ZONE=1 -DHAVE_TM_ZONE=1 -DHAVE_GMTIME_R=1 -DHAVE_LOCALTIME_R=1 -DHAVE_TM_GMTOFF=1 -DHAVE_TIMEZONE_VAR=1 -DNO_UNION_WAIT=1 -DHAVE_OPENPTY=1 -DHAVE_MEMMOVE=1 -DHAVE_SYSCONF=1 -DHAVE_STRFTIME=1 -DHAVE_STRCHR=1 -DHAVE_TIMEZONE=1 -DHAVE_SIGLONGJMP=1 -DHAVE_MEMCPY=1 -DWNOHANG_BACKUP_VALUE=1 -DSELECT_MASK_TYPE=fd_set -DHAVE_TCSETATTR=1 -DPOSIX=1 -DHAVE_TERMIO=1 -DHAVE_TERMIOS=1 -DSETPGRP_VOID=1 -DHAVE_SV_TIMEZONE=1 -DHAVE_LONG_FILE_NAMES=1 -DTCL_DEBUGGER -DUSE_NON_CONST -DSCRIPTDIR=\"/usr/lib/expect5.45.4\" -DEXECSCRIPTDIR=\"/usr/lib/expect5.45.4\" -DSTTY_BIN=\"/bin/stty\" -DDFLT_STTY="\"sane\"" -I. -I"." -I"/usr/include"    -O2 -m64 -march=x86-64 -mtune=generic -flto=auto -ffat-lto-objects -std=gnu89 -pipe -O2 -fomit-frame-pointer -Wall -fPIC  -c `echo pty_termios.c` -o pty_termios.o
x86_64-unknown-linux-gnu-gcc -DPACKAGE_NAME=\"expect\" -DPACKAGE_TARNAME=\"expect\" -DPACKAGE_VERSION=\"5.45.4\" -DPACKAGE_STRING=\"expect\ 5.45.4\" -DPACKAGE_BUGREPORT=\"\" -DPACKAGE_URL=\"\" -DBUILD_expect=/\*\*/ -DHAVE_STDIO_H=1 -DHAVE_STDLIB_H=1 -DHAVE_STRING_H=1 -DHAVE_INTTYPES_H=1 -DHAVE_STDINT_H=1 -DHAVE_STRINGS_H=1 -DHAVE_SYS_STAT_H=1 -DHAVE_SYS_TYPES_H=1 -DHAVE_UNISTD_H=1 -DHAVE_SYS_TIME_H=1 -DSTDC_HEADERS=1 -DHAVE_LIMITS_H=1 -DHAVE_SYS_PARAM_H=1 -DUSE_THREAD_ALLOC=1 -D_REENTRANT=1 -D_THREAD_SAFE=1 -DTCL_THREADS=1 -DMODULE_SCOPE=extern\ __attribute__\(\(__visibility__\(\"hidden\"\)\)\) -D_LARGEFILE64_SOURCE=1 -DTCL_WIDE_INT_IS_LONG=1 -DUSE_TCL_STUBS=1 -DUSE_TCL_STUBS=1 -DHAVE_SYS_SELECT_H=1 -DHAVE_SYSMACROS_H=1 -DHAVE_SYS_FCNTL_H=1 -DHAVE_PTY_H=1 -DRETSIGTYPE=void -DHAVE_SYS_TIME_H=1 -DTIME_WITH_SYS_TIME=1 -DHAVE_STRUCT_TM_TM_ZONE=1 -DHAVE_TM_ZONE=1 -DHAVE_GMTIME_R=1 -DHAVE_LOCALTIME_R=1 -DHAVE_TM_GMTOFF=1 -DHAVE_TIMEZONE_VAR=1 -DNO_UNION_WAIT=1 -DHAVE_OPENPTY=1 -DHAVE_MEMMOVE=1 -DHAVE_SYSCONF=1 -DHAVE_STRFTIME=1 -DHAVE_STRCHR=1 -DHAVE_TIMEZONE=1 -DHAVE_SIGLONGJMP=1 -DHAVE_MEMCPY=1 -DWNOHANG_BACKUP_VALUE=1 -DSELECT_MASK_TYPE=fd_set -DHAVE_TCSETATTR=1 -DPOSIX=1 -DHAVE_TERMIO=1 -DHAVE_TERMIOS=1 -DSETPGRP_VOID=1 -DHAVE_SV_TIMEZONE=1 -DHAVE_LONG_FILE_NAMES=1 -DTCL_DEBUGGER -DUSE_NON_CONST -DSCRIPTDIR=\"/usr/lib/expect5.45.4\" -DEXECSCRIPTDIR=\"/usr/lib/expect5.45.4\" -DSTTY_BIN=\"/bin/stty\" -DDFLT_STTY="\"sane\"" -I. -I"." -I"/usr/include"    -O2 -m64 -march=x86-64 -mtune=generic -flto=auto -ffat-lto-objects -std=gnu89 -pipe -O2 -fomit-frame-pointer -Wall -fPIC  -c `echo exp_select.c` -o exp_select.o
x86_64-unknown-linux-gnu-gcc -DPACKAGE_NAME=\"expect\" -DPACKAGE_TARNAME=\"expect\" -DPACKAGE_VERSION=\"5.45.4\" -DPACKAGE_STRING=\"expect\ 5.45.4\" -DPACKAGE_BUGREPORT=\"\" -DPACKAGE_URL=\"\" -DBUILD_expect=/\*\*/ -DHAVE_STDIO_H=1 -DHAVE_STDLIB_H=1 -DHAVE_STRING_H=1 -DHAVE_INTTYPES_H=1 -DHAVE_STDINT_H=1 -DHAVE_STRINGS_H=1 -DHAVE_SYS_STAT_H=1 -DHAVE_SYS_TYPES_H=1 -DHAVE_UNISTD_H=1 -DHAVE_SYS_TIME_H=1 -DSTDC_HEADERS=1 -DHAVE_LIMITS_H=1 -DHAVE_SYS_PARAM_H=1 -DUSE_THREAD_ALLOC=1 -D_REENTRANT=1 -D_THREAD_SAFE=1 -DTCL_THREADS=1 -DMODULE_SCOPE=extern\ __attribute__\(\(__visibility__\(\"hidden\"\)\)\) -D_LARGEFILE64_SOURCE=1 -DTCL_WIDE_INT_IS_LONG=1 -DUSE_TCL_STUBS=1 -DUSE_TCL_STUBS=1 -DHAVE_SYS_SELECT_H=1 -DHAVE_SYSMACROS_H=1 -DHAVE_SYS_FCNTL_H=1 -DHAVE_PTY_H=1 -DRETSIGTYPE=void -DHAVE_SYS_TIME_H=1 -DTIME_WITH_SYS_TIME=1 -DHAVE_STRUCT_TM_TM_ZONE=1 -DHAVE_TM_ZONE=1 -DHAVE_GMTIME_R=1 -DHAVE_LOCALTIME_R=1 -DHAVE_TM_GMTOFF=1 -DHAVE_TIMEZONE_VAR=1 -DNO_UNION_WAIT=1 -DHAVE_OPENPTY=1 -DHAVE_MEMMOVE=1 -DHAVE_SYSCONF=1 -DHAVE_STRFTIME=1 -DHAVE_STRCHR=1 -DHAVE_TIMEZONE=1 -DHAVE_SIGLONGJMP=1 -DHAVE_MEMCPY=1 -DWNOHANG_BACKUP_VALUE=1 -DSELECT_MASK_TYPE=fd_set -DHAVE_TCSETATTR=1 -DPOSIX=1 -DHAVE_TERMIO=1 -DHAVE_TERMIOS=1 -DSETPGRP_VOID=1 -DHAVE_SV_TIMEZONE=1 -DHAVE_LONG_FILE_NAMES=1 -DTCL_DEBUGGER -DUSE_NON_CONST -DSCRIPTDIR=\"/usr/lib/expect5.45.4\" -DEXECSCRIPTDIR=\"/usr/lib/expect5.45.4\" -DSTTY_BIN=\"/bin/stty\" -DDFLT_STTY="\"sane\"" -I. -I"." -I"/usr/include"    -O2 -m64 -march=x86-64 -mtune=generic -flto=auto -ffat-lto-objects -std=gnu89 -pipe -O2 -fomit-frame-pointer -Wall -fPIC  -c `echo exp_event.c` -o exp_event.o
x86_64-unknown-linux-gnu-gcc -DPACKAGE_NAME=\"expect\" -DPACKAGE_TARNAME=\"expect\" -DPACKAGE_VERSION=\"5.45.4\" -DPACKAGE_STRING=\"expect\ 5.45.4\" -DPACKAGE_BUGREPORT=\"\" -DPACKAGE_URL=\"\" -DBUILD_expect=/\*\*/ -DHAVE_STDIO_H=1 -DHAVE_STDLIB_H=1 -DHAVE_STRING_H=1 -DHAVE_INTTYPES_H=1 -DHAVE_STDINT_H=1 -DHAVE_STRINGS_H=1 -DHAVE_SYS_STAT_H=1 -DHAVE_SYS_TYPES_H=1 -DHAVE_UNISTD_H=1 -DHAVE_SYS_TIME_H=1 -DSTDC_HEADERS=1 -DHAVE_LIMITS_H=1 -DHAVE_SYS_PARAM_H=1 -DUSE_THREAD_ALLOC=1 -D_REENTRANT=1 -D_THREAD_SAFE=1 -DTCL_THREADS=1 -DMODULE_SCOPE=extern\ __attribute__\(\(__visibility__\(\"hidden\"\)\)\) -D_LARGEFILE64_SOURCE=1 -DTCL_WIDE_INT_IS_LONG=1 -DUSE_TCL_STUBS=1 -DUSE_TCL_STUBS=1 -DHAVE_SYS_SELECT_H=1 -DHAVE_SYSMACROS_H=1 -DHAVE_SYS_FCNTL_H=1 -DHAVE_PTY_H=1 -DRETSIGTYPE=void -DHAVE_SYS_TIME_H=1 -DTIME_WITH_SYS_TIME=1 -DHAVE_STRUCT_TM_TM_ZONE=1 -DHAVE_TM_ZONE=1 -DHAVE_GMTIME_R=1 -DHAVE_LOCALTIME_R=1 -DHAVE_TM_GMTOFF=1 -DHAVE_TIMEZONE_VAR=1 -DNO_UNION_WAIT=1 -DHAVE_OPENPTY=1 -DHAVE_MEMMOVE=1 -DHAVE_SYSCONF=1 -DHAVE_STRFTIME=1 -DHAVE_STRCHR=1 -DHAVE_TIMEZONE=1 -DHAVE_SIGLONGJMP=1 -DHAVE_MEMCPY=1 -DWNOHANG_BACKUP_VALUE=1 -DSELECT_MASK_TYPE=fd_set -DHAVE_TCSETATTR=1 -DPOSIX=1 -DHAVE_TERMIO=1 -DHAVE_TERMIOS=1 -DSETPGRP_VOID=1 -DHAVE_SV_TIMEZONE=1 -DHAVE_LONG_FILE_NAMES=1 -DTCL_DEBUGGER -DUSE_NON_CONST -DSCRIPTDIR=\"/usr/lib/expect5.45.4\" -DEXECSCRIPTDIR=\"/usr/lib/expect5.45.4\" -DSTTY_BIN=\"/bin/stty\" -DDFLT_STTY="\"sane\"" -I. -I"." -I"/usr/include"    -O2 -m64 -march=x86-64 -mtune=generic -flto=auto -ffat-lto-objects -std=gnu89 -pipe -O2 -fomit-frame-pointer -Wall -fPIC  -c `echo exp_main_exp.c` -o exp_main_exp.o
(echo 'if {![package vsatisfies [package provide Tcl] 8.6]} {return}' ; \
 echo 'package ifneeded Expect 5.45.4 \
    [list load [file join $dir libexpect5.45.4.so]]'\
) > pkgIndex.tcl
rm -f libexpect5.45.4.so
x86_64-unknown-linux-gnu-gcc -shared -O2 -m64 -march=x86-64 -mtune=generic -flto=auto -ffat-lto-objects -std=gnu89 -pipe -O2 -fomit-frame-pointer -Wall -fPIC  -Wl,--export-dynamic  -o libexpect5.45.4.so exp_command.o expect.o exp_inter.o exp_regexp.o exp_tty.o exp_log.o exp_main_sub.o exp_pty.o exp_trap.o exp_strf.o exp_console.o exp_glob.o exp_win.o exp_clib.o exp_closetcl.o exp_memmove.o exp_tty_comm.o exp_chan.o Dbg.o pty_termios.o exp_select.o exp_event.o -lm -Wl,-rpath,/usr/lib -L/usr/lib -ltclstub8.6 
: libexpect5.45.4.so
x86_64-unknown-linux-gnu-gcc \
	-O2 -m64 -march=x86-64 -mtune=generic -flto=auto -ffat-lto-objects -std=gnu89 -pipe -O2 -fomit-frame-pointer -Wall -fPIC  \
	 -Wl,--export-dynamic  \
	-o expect exp_main_exp.o \
	-L/home/devel/building/work/src/expect5.45.4 -lexpect5.45.4 \
	-L/usr/lib -ltcl8.6 \
	-ldl  -lm \
	"-Wl,-rpath,/usr/lib" \
	-Wl,-rpath,/usr/lib/expect5.45.4
: expect
+ make DESTDIR=/home/devel/building/work/pkg install
(echo 'if {![package vsatisfies [package provide Tcl] 8.6]} {return}' ; \
 echo 'package ifneeded Expect 5.45.4 \
    [list load [file join $dir libexpect5.45.4.so]]'\
) > pkgIndex.tcl
TCL_LIBRARY=`echo /usr/include/library` LD_LIBRARY_PATH=".:/usr/lib:" PATH=".:/usr/lib:/sbin:/usr/sbin:/opt/sbin:/bin:/usr/bin:/opt/bin" TCLLIBPATH="." /usr/bin/tclsh8.6 ./fixline1 /usr/bin < ./example/timed-run > timed-run
TCL_LIBRARY=`echo /usr/include/library` LD_LIBRARY_PATH=".:/usr/lib:" PATH=".:/usr/lib:/sbin:/usr/sbin:/opt/sbin:/bin:/usr/bin:/opt/bin" TCLLIBPATH="." /usr/bin/tclsh8.6 ./fixline1 /usr/bin < ./example/timed-read > timed-read
TCL_LIBRARY=`echo /usr/include/library` LD_LIBRARY_PATH=".:/usr/lib:" PATH=".:/usr/lib:/sbin:/usr/sbin:/opt/sbin:/bin:/usr/bin:/opt/bin" TCLLIBPATH="." /usr/bin/tclsh8.6 ./fixline1 /usr/bin < ./example/ftp-rfc > ftp-rfc
 /usr/bin/install -c libexpect5.45.4.so /home/devel/building/work/pkg/usr/lib/expect5.45.4/libexpect5.45.4.so
TCL_LIBRARY=`echo /usr/include/library` LD_LIBRARY_PATH=".:/usr/lib:" PATH=".:/usr/lib:/sbin:/usr/sbin:/opt/sbin:/bin:/usr/bin:/opt/bin" TCLLIBPATH="." /usr/bin/tclsh8.6 ./fixline1 /usr/bin < ./example/autopasswd > autopasswd
 /usr/bin/install -c expect /home/devel/building/work/pkg/usr/bin/expect
TCL_LIBRARY=`echo /usr/include/library` LD_LIBRARY_PATH=".:/usr/lib:" PATH=".:/usr/lib:/sbin:/usr/sbin:/opt/sbin:/bin:/usr/bin:/opt/bin" TCLLIBPATH="." /usr/bin/tclsh8.6 ./fixline1 /usr/bin < ./example/lpunlock > lpunlock
TCL_LIBRARY=`echo /usr/include/library` LD_LIBRARY_PATH=".:/usr/lib:" PATH=".:/usr/lib:/sbin:/usr/sbin:/opt/sbin:/bin:/usr/bin:/opt/bin" TCLLIBPATH="." /usr/bin/tclsh8.6 ./fixline1 /usr/bin < ./example/weather > weather
TCL_LIBRARY=`echo /usr/include/library` LD_LIBRARY_PATH=".:/usr/lib:" PATH=".:/usr/lib:/sbin:/usr/sbin:/opt/sbin:/bin:/usr/bin:/opt/bin" TCLLIBPATH="." /usr/bin/tclsh8.6 ./fixline1 /usr/bin < ./example/passmass > passmass
TCL_LIBRARY=`echo /usr/include/library` LD_LIBRARY_PATH=".:/usr/lib:" PATH=".:/usr/lib:/sbin:/usr/sbin:/opt/sbin:/bin:/usr/bin:/opt/bin" TCLLIBPATH="." /usr/bin/tclsh8.6 ./fixline1 /usr/bin < ./example/rftp > rftp
TCL_LIBRARY=`echo /usr/include/library` LD_LIBRARY_PATH=".:/usr/lib:" PATH=".:/usr/lib:/sbin:/usr/sbin:/opt/sbin:/bin:/usr/bin:/opt/bin" TCLLIBPATH="." /usr/bin/tclsh8.6 ./fixline1 /usr/bin < ./example/kibitz > kibitz
TCL_LIBRARY=`echo /usr/include/library` LD_LIBRARY_PATH=".:/usr/lib:" PATH=".:/usr/lib:/sbin:/usr/sbin:/opt/sbin:/bin:/usr/bin:/opt/bin" TCLLIBPATH="." /usr/bin/tclsh8.6 ./fixline1 /usr/bin < ./example/rlogin-cwd > rlogin-cwd
 : /home/devel/building/work/pkg/usr/lib/expect5.45.4/libexpect5.45.4.so
TCL_LIBRARY=`echo /usr/include/library` LD_LIBRARY_PATH=".:/usr/lib:" PATH=".:/usr/lib:/sbin:/usr/sbin:/opt/sbin:/bin:/usr/bin:/opt/bin" TCLLIBPATH="." /usr/bin/tclsh8.6 ./fixline1 /usr/bin < ./example/xpstat > xpstat
TCL_LIBRARY=`echo /usr/include/library` LD_LIBRARY_PATH=".:/usr/lib:" PATH=".:/usr/lib:/sbin:/usr/sbin:/opt/sbin:/bin:/usr/bin:/opt/bin" TCLLIBPATH="." /usr/bin/tclsh8.6 ./fixline1 /usr/bin < ./example/tkpasswd > tkpasswd
TCL_LIBRARY=`echo /usr/include/library` LD_LIBRARY_PATH=".:/usr/lib:" PATH=".:/usr/lib:/sbin:/usr/sbin:/opt/sbin:/bin:/usr/bin:/opt/bin" TCLLIBPATH="." /usr/bin/tclsh8.6 ./fixline1 /usr/bin < ./example/dislocate > dislocate
TCL_LIBRARY=`echo /usr/include/library` LD_LIBRARY_PATH=".:/usr/lib:" PATH=".:/usr/lib:/sbin:/usr/sbin:/opt/sbin:/bin:/usr/bin:/opt/bin" TCLLIBPATH="." /usr/bin/tclsh8.6 ./fixline1 /usr/bin < ./example/xkibitz > xkibitz
TCL_LIBRARY=`echo /usr/include/library` LD_LIBRARY_PATH=".:/usr/lib:" PATH=".:/usr/lib:/sbin:/usr/sbin:/opt/sbin:/bin:/usr/bin:/opt/bin" TCLLIBPATH="." /usr/bin/tclsh8.6 ./fixline1 /usr/bin < ./example/tknewsbiff > tknewsbiff
TCL_LIBRARY=`echo /usr/include/library` LD_LIBRARY_PATH=".:/usr/lib:" PATH=".:/usr/lib:/sbin:/usr/sbin:/opt/sbin:/bin:/usr/bin:/opt/bin" TCLLIBPATH="." /usr/bin/tclsh8.6 ./fixline1 /usr/bin < ./example/unbuffer > unbuffer
TCL_LIBRARY=`echo /usr/include/library` LD_LIBRARY_PATH=".:/usr/lib:" PATH=".:/usr/lib:/sbin:/usr/sbin:/opt/sbin:/bin:/usr/bin:/opt/bin" TCLLIBPATH="." /usr/bin/tclsh8.6 ./fixline1 /usr/bin < ./example/mkpasswd > mkpasswd
 Install pkgIndex.tcl /home/devel/building/work/pkg/usr/lib/expect5.45.4
TCL_LIBRARY=`echo /usr/include/library` LD_LIBRARY_PATH=".:/usr/lib:" PATH=".:/usr/lib:/sbin:/usr/sbin:/opt/sbin:/bin:/usr/bin:/opt/bin" TCLLIBPATH="." /usr/bin/tclsh8.6 ./fixline1 /usr/bin < ./example/cryptdir > cryptdir
TCL_LIBRARY=`echo /usr/include/library` LD_LIBRARY_PATH=".:/usr/lib:" PATH=".:/usr/lib:/sbin:/usr/sbin:/opt/sbin:/bin:/usr/bin:/opt/bin" TCLLIBPATH="." /usr/bin/tclsh8.6 ./fixline1 /usr/bin < ./example/decryptdir > decryptdir
TCL_LIBRARY=`echo /usr/include/library` LD_LIBRARY_PATH=".:/usr/lib:" PATH=".:/usr/lib:/sbin:/usr/sbin:/opt/sbin:/bin:/usr/bin:/opt/bin" TCLLIBPATH="." /usr/bin/tclsh8.6 ./fixline1 /usr/bin < ./example/autoexpect > autoexpect
TCL_LIBRARY=`echo /usr/include/library` LD_LIBRARY_PATH=".:/usr/lib:" PATH=".:/usr/lib:/sbin:/usr/sbin:/opt/sbin:/bin:/usr/bin:/opt/bin" TCLLIBPATH="." /usr/bin/tclsh8.6 ./fixline1 /usr/bin < ./example/multixterm > multixterm
Installing documentation in /home/devel/building/work/pkg/usr/share/man
/usr/bin/install -c -m 644 ./expect.man /home/devel/building/work/pkg/usr/share/man/man1/expect.1
/usr/bin/install -c -m 644 ./libexpect.man /home/devel/building/work/pkg/usr/share/man/man3/libexpect.3
Installing header files in /home/devel/building/work/pkg/usr/include
for i in kibitz dislocate xkibitz tknewsbiff unbuffer mkpasswd passmass cryptdir decryptdir autoexpect multixterm end_of_list ; do \
  if [ -f ./example/$i.man ] ; then \
    /usr/bin/install -c -m 644 ./example/$i.man /home/devel/building/work/pkg/usr/share/man/man1/$i.1 ; \
  else true; fi ; \
done
Installing ./expect.h
Installing ./expect_tcl.h
Installing ./expect_comm.h
Installing ./tcldbg.h
for i in timed-run timed-read ftp-rfc autopasswd lpunlock weather passmass rftp kibitz rlogin-cwd xpstat tkpasswd dislocate xkibitz tknewsbiff unbuffer mkpasswd cryptdir decryptdir autoexpect multixterm end_of_list ; do \
  if [ -f $i ] ; then \
    /usr/bin/install -c $i /home/devel/building/work/pkg/usr/bin/$i ; \
    rm -f $i ; \
  else true; fi ; \
done
+ ln -svf expect5.45.4/libexpect5.45.4.so /home/devel/building/work/pkg/usr/lib
'/home/devel/building/work/pkg/usr/lib/libexpect5.45.4.so' -> 'expect5.45.4/libexpect5.45.4.so'
=======> Build result:
drwxr-xr-x  0 root   root        0 May  7 20:45 usr/
drwxr-xr-x  0 root   root        0 May  7 20:45 usr/lib/
drwxr-xr-x  0 root   root        0 May  7 20:45 usr/bin/
drwxr-xr-x  0 root   root        0 May  7 20:45 usr/share/
drwxr-xr-x  0 root   root        0 May  7 20:45 usr/include/
-rw-r--r--  0 root   root    11444 May  7 20:45 usr/include/expect.h
-rw-r--r--  0 root   root     1835 May  7 20:45 usr/include/expect_tcl.h
-rw-r--r--  0 root   root     2275 May  7 20:45 usr/include/expect_comm.h
-rw-r--r--  0 root   root     1733 May  7 20:45 usr/include/tcldbg.h
drwxr-xr-x  0 root   root        0 May  7 20:45 usr/share/man/
drwxr-xr-x  0 root   root        0 May  7 20:45 usr/share/man/man1/
drwxr-xr-x  0 root   root        0 May  7 20:45 usr/share/man/man3/
-rw-r--r--  0 root   root     8660 May  7 20:45 usr/share/man/man3/libexpect.3.gz
-rw-r--r--  0 root   root    26437 May  7 20:45 usr/share/man/man1/expect.1.gz
-rw-r--r--  0 root   root     2994 May  7 20:45 usr/share/man/man1/kibitz.1.gz
-rw-r--r--  0 root   root     1362 May  7 20:45 usr/share/man/man1/dislocate.1.gz
-rw-r--r--  0 root   root     2430 May  7 20:45 usr/share/man/man1/xkibitz.1.gz
-rw-r--r--  0 root   root     5542 May  7 20:45 usr/share/man/man1/tknewsbiff.1.gz
-rw-r--r--  0 root   root     1138 May  7 20:45 usr/share/man/man1/unbuffer.1.gz
-rw-r--r--  0 root   root      978 May  7 20:45 usr/share/man/man1/mkpasswd.1.gz
-rw-r--r--  0 root   root     1623 May  7 20:45 usr/share/man/man1/passmass.1.gz
-rw-r--r--  0 root   root      674 May  7 20:45 usr/share/man/man1/cryptdir.1.gz
-rw-r--r--  0 root   root      673 May  7 20:45 usr/share/man/man1/decryptdir.1.gz
-rw-r--r--  0 root   root     2806 May  7 20:45 usr/share/man/man1/autoexpect.1.gz
-rw-r--r--  0 root   root     3901 May  7 20:45 usr/share/man/man1/multixterm.1.gz
-rwxr-xr-x  0 root   root    14488 May  7 20:45 usr/bin/expect
-rwxr-xr-x  0 root   root      277 May  7 20:45 usr/bin/timed-run
-rwxr-xr-x  0 root   root      303 May  7 20:45 usr/bin/timed-read
-rwxr-xr-x  0 root   root      683 May  7 20:45 usr/bin/ftp-rfc
-rwxr-xr-x  0 root   root      375 May  7 20:45 usr/bin/autopasswd
-rwxr-xr-x  0 root   root     2619 May  7 20:45 usr/bin/lpunlock
-rwxr-xr-x  0 root   root     2075 May  7 20:45 usr/bin/weather
-rwxr-xr-x  0 root   root     4551 May  7 20:45 usr/bin/passmass
-rwxr-xr-x  0 root   root     8888 May  7 20:45 usr/bin/rftp
-rwxr-xr-x  0 root   root    10886 May  7 20:45 usr/bin/kibitz
-rwxr-xr-x  0 root   root      501 May  7 20:45 usr/bin/rlogin-cwd
-rwxr-xr-x  0 root   root     6606 May  7 20:45 usr/bin/xpstat
-rwxr-xr-x  0 root   root    16570 May  7 20:45 usr/bin/tkpasswd
-rwxr-xr-x  0 root   root     7938 May  7 20:45 usr/bin/dislocate
-rwxr-xr-x  0 root   root     4862 May  7 20:45 usr/bin/xkibitz
-rwxr-xr-x  0 root   root    11381 May  7 20:45 usr/bin/tknewsbiff
-rwxr-xr-x  0 root   root      640 May  7 20:45 usr/bin/unbuffer
-rwxr-xr-x  0 root   root     5388 May  7 20:45 usr/bin/mkpasswd
-rwxr-xr-x  0 root   root     1365 May  7 20:45 usr/bin/cryptdir
-rwxr-xr-x  0 root   root     1365 May  7 20:45 usr/bin/decryptdir
-rwxr-xr-x  0 root   root     7706 May  7 20:45 usr/bin/autoexpect
-rwxr-xr-x  0 root   root    30487 May  7 20:45 usr/bin/multixterm
drwxr-xr-x  0 root   root        0 May  7 20:45 usr/lib/expect5.45.4/
lrwxrwxrwx  0 root   root        0 May  7 20:45 usr/lib/libexpect5.45.4.so -> expect5.45.4/libexpect5.45.4.so
-rwxr-xr-x  0 root   root   192760 May  7 20:45 usr/lib/expect5.45.4/libexpect5.45.4.so
-rw-r--r--  0 root   root      147 May  7 20:45 usr/lib/expect5.45.4/pkgIndex.tcl
=======> Building '/home/devel/packages/expect#5.45.4-2.x86_64.pkg.tar.zst' succeeded.
prt-get: Using PKGMK_PACKAGE_DIR: /home/devel/packages
prt-get: reinstalling expect 5.45.4-2
prt-get: /usr/bin/pkgadd -u expect#5.45.4-2.x86_64.pkg.tar.zst
prt-get: build done Tue May  7 20:45:08 2024

