prt-get: updating /usr/ports/opt-x86_64/fmt
prt-get: starting build Thu Feb  1 16:06:33 2024
=======> Building '/home/devel/packages/fmt#10.2.1-1.x86_64.pkg.tar.zst'.
bsdtar -p -o -C /home/devel/building/work/src -xf /home/devel/sources/fmt-10.2.1.tar.gz
+ build
+ cd fmt-10.2.1
+ mkdir build
+ cd build
+ cmake .. -G Ninja -DCMAKE_BUILD_TYPE=None -DCMAKE_INSTALL_PREFIX=/usr -DCMAKE_INSTALL_LIBDIR=lib -DBUILD_SHARED_LIBS=TRUE -Wno-dev
-- CMake version: 3.28.1
-- The CXX compiler identification is GNU 13.2.0
-- Detecting CXX compiler ABI info
-- Detecting CXX compiler ABI info - done
-- Check for working CXX compiler: /usr/bin/c++ - skipped
-- Detecting CXX compile features
-- Detecting CXX compile features - done
-- Version: 10.2.1
-- Build type: None
-- Target 'doc' disabled (requires doxygen)
-- Performing Test CMAKE_HAVE_LIBC_PTHREAD
-- Performing Test CMAKE_HAVE_LIBC_PTHREAD - Success
-- Found Threads: TRUE  
-- Looking for strptime
-- Looking for strptime - found
-- FMT_PEDANTIC: OFF
-- Configuring done (0.4s)
-- Generating done (0.0s)
-- Build files have been written to: /home/devel/building/work/src/fmt-10.2.1/build
+ ninja -v
[1/68] /usr/bin/c++ -DFMT_SHARED -DGTEST_HAS_STD_WSTRING=1 -D_SILENCE_TR1_NAMESPACE_DEPRECATION_WARNING=1 -I/home/devel/building/work/src/fmt-10.2.1/include -isystem /home/devel/building/work/src/fmt-10.2.1/test/gtest/. -O2 -m64 -march=x86-64 -mtune=generic -flto=auto -ffat-lto-objects -fvisibility=hidden -fvisibility-inlines-hidden -Wno-stringop-overflow -MD -MT test/CMakeFiles/os-test.dir/os-test.cc.o -MF test/CMakeFiles/os-test.dir/os-test.cc.o.d -o test/CMakeFiles/os-test.dir/os-test.cc.o -c /home/devel/building/work/src/fmt-10.2.1/test/os-test.cc
[2/68] /usr/bin/c++ -DGTEST_HAS_STD_WSTRING=1 -D_SILENCE_TR1_NAMESPACE_DEPRECATION_WARNING=1 -I/home/devel/building/work/src/fmt-10.2.1/include -isystem /home/devel/building/work/src/fmt-10.2.1/test/gtest/. -O2 -m64 -march=x86-64 -mtune=generic -flto=auto -ffat-lto-objects -fvisibility=hidden -fvisibility-inlines-hidden -Wno-stringop-overflow -MD -MT test/CMakeFiles/posix-mock-test.dir/util.cc.o -MF test/CMakeFiles/posix-mock-test.dir/util.cc.o.d -o test/CMakeFiles/posix-mock-test.dir/util.cc.o -c /home/devel/building/work/src/fmt-10.2.1/test/util.cc
[3/68] /usr/bin/c++ -DGTEST_HAS_STD_WSTRING=1 -D_SILENCE_TR1_NAMESPACE_DEPRECATION_WARNING=1 -I/home/devel/building/work/src/fmt-10.2.1/include -isystem /home/devel/building/work/src/fmt-10.2.1/test/gtest/. -O2 -m64 -march=x86-64 -mtune=generic -flto=auto -ffat-lto-objects -fvisibility=hidden -fvisibility-inlines-hidden -Wno-stringop-overflow -MD -MT test/CMakeFiles/posix-mock-test.dir/gtest-extra.cc.o -MF test/CMakeFiles/posix-mock-test.dir/gtest-extra.cc.o.d -o test/CMakeFiles/posix-mock-test.dir/gtest-extra.cc.o -c /home/devel/building/work/src/fmt-10.2.1/test/gtest-extra.cc
[4/68] /usr/bin/c++ -DGTEST_HAS_STD_WSTRING=1 -D_SILENCE_TR1_NAMESPACE_DEPRECATION_WARNING=1 -I/home/devel/building/work/src/fmt-10.2.1/include -isystem /home/devel/building/work/src/fmt-10.2.1/test/gtest/. -O2 -m64 -march=x86-64 -mtune=generic -flto=auto -ffat-lto-objects -fvisibility=hidden -fvisibility-inlines-hidden -Wno-stringop-overflow -MD -MT test/CMakeFiles/posix-mock-test.dir/test-main.cc.o -MF test/CMakeFiles/posix-mock-test.dir/test-main.cc.o.d -o test/CMakeFiles/posix-mock-test.dir/test-main.cc.o -c /home/devel/building/work/src/fmt-10.2.1/test/test-main.cc
[5/68] /usr/bin/c++ -DGTEST_HAS_STD_WSTRING=1 -D_SILENCE_TR1_NAMESPACE_DEPRECATION_WARNING=1 -I/home/devel/building/work/src/fmt-10.2.1/include -isystem /home/devel/building/work/src/fmt-10.2.1/test/gtest/. -O2 -m64 -march=x86-64 -mtune=generic -flto=auto -ffat-lto-objects -fvisibility=hidden -fvisibility-inlines-hidden -Wno-stringop-overflow -MD -MT test/CMakeFiles/posix-mock-test.dir/__/src/format.cc.o -MF test/CMakeFiles/posix-mock-test.dir/__/src/format.cc.o.d -o test/CMakeFiles/posix-mock-test.dir/__/src/format.cc.o -c /home/devel/building/work/src/fmt-10.2.1/src/format.cc
[6/68] /usr/bin/c++ -DGTEST_HAS_STD_WSTRING=1 -D_SILENCE_TR1_NAMESPACE_DEPRECATION_WARNING=1 -I/home/devel/building/work/src/fmt-10.2.1/include -isystem /home/devel/building/work/src/fmt-10.2.1/test/gtest/. -O2 -m64 -march=x86-64 -mtune=generic -flto=auto -ffat-lto-objects -fvisibility=hidden -fvisibility-inlines-hidden -Wno-stringop-overflow -MD -MT test/CMakeFiles/posix-mock-test.dir/posix-mock-test.cc.o -MF test/CMakeFiles/posix-mock-test.dir/posix-mock-test.cc.o.d -o test/CMakeFiles/posix-mock-test.dir/posix-mock-test.cc.o -c /home/devel/building/work/src/fmt-10.2.1/test/posix-mock-test.cc
[7/68] /usr/bin/c++ -DFMT_ENFORCE_COMPILE_STRING -DFMT_SHARED -DGTEST_HAS_STD_WSTRING=1 -D_SILENCE_TR1_NAMESPACE_DEPRECATION_WARNING=1 -I/home/devel/building/work/src/fmt-10.2.1/include -isystem /home/devel/building/work/src/fmt-10.2.1/test/gtest/. -O2 -m64 -march=x86-64 -mtune=generic -flto=auto -ffat-lto-objects -fvisibility=hidden -fvisibility-inlines-hidden -Wno-stringop-overflow -MD -MT test/CMakeFiles/enforce-checks-test.dir/enforce-checks-test.cc.o -MF test/CMakeFiles/enforce-checks-test.dir/enforce-checks-test.cc.o.d -o test/CMakeFiles/enforce-checks-test.dir/enforce-checks-test.cc.o -c /home/devel/building/work/src/fmt-10.2.1/test/enforce-checks-test.cc
[8/68] /usr/bin/c++ -DFMT_SHARED -DGTEST_HAS_STD_WSTRING=1 -D_SILENCE_TR1_NAMESPACE_DEPRECATION_WARNING=1 -I/home/devel/building/work/src/fmt-10.2.1/include -isystem /home/devel/building/work/src/fmt-10.2.1/test/gtest/. -O2 -m64 -march=x86-64 -mtune=generic -flto=auto -ffat-lto-objects -fvisibility=hidden -fvisibility-inlines-hidden -Wno-stringop-overflow -MD -MT test/CMakeFiles/xchar-test.dir/xchar-test.cc.o -MF test/CMakeFiles/xchar-test.dir/xchar-test.cc.o.d -o test/CMakeFiles/xchar-test.dir/xchar-test.cc.o -c /home/devel/building/work/src/fmt-10.2.1/test/xchar-test.cc
[9/68] /usr/bin/c++ -DFMT_HEADER_ONLY=1 -DGTEST_HAS_STD_WSTRING=1 -D_SILENCE_TR1_NAMESPACE_DEPRECATION_WARNING=1 -I/home/devel/building/work/src/fmt-10.2.1/include -isystem /home/devel/building/work/src/fmt-10.2.1/test/gtest/. -O2 -m64 -march=x86-64 -mtune=generic -flto=auto -ffat-lto-objects -fvisibility=hidden -fvisibility-inlines-hidden -Wno-stringop-overflow -MD -MT test/CMakeFiles/unicode-test.dir/__/src/os.cc.o -MF test/CMakeFiles/unicode-test.dir/__/src/os.cc.o.d -o test/CMakeFiles/unicode-test.dir/__/src/os.cc.o -c /home/devel/building/work/src/fmt-10.2.1/src/os.cc
[10/68] /usr/bin/c++ -DFMT_HEADER_ONLY=1 -DGTEST_HAS_STD_WSTRING=1 -D_SILENCE_TR1_NAMESPACE_DEPRECATION_WARNING=1 -I/home/devel/building/work/src/fmt-10.2.1/include -isystem /home/devel/building/work/src/fmt-10.2.1/test/gtest/. -O2 -m64 -march=x86-64 -mtune=generic -flto=auto -ffat-lto-objects -fvisibility=hidden -fvisibility-inlines-hidden -Wno-stringop-overflow -MD -MT test/CMakeFiles/unicode-test.dir/util.cc.o -MF test/CMakeFiles/unicode-test.dir/util.cc.o.d -o test/CMakeFiles/unicode-test.dir/util.cc.o -c /home/devel/building/work/src/fmt-10.2.1/test/util.cc
[11/68] /usr/bin/c++ -DFMT_HEADER_ONLY=1 -DGTEST_HAS_STD_WSTRING=1 -D_SILENCE_TR1_NAMESPACE_DEPRECATION_WARNING=1 -I/home/devel/building/work/src/fmt-10.2.1/include -isystem /home/devel/building/work/src/fmt-10.2.1/test/gtest/. -O2 -m64 -march=x86-64 -mtune=generic -flto=auto -ffat-lto-objects -fvisibility=hidden -fvisibility-inlines-hidden -Wno-stringop-overflow -MD -MT test/CMakeFiles/unicode-test.dir/gtest-extra.cc.o -MF test/CMakeFiles/unicode-test.dir/gtest-extra.cc.o.d -o test/CMakeFiles/unicode-test.dir/gtest-extra.cc.o -c /home/devel/building/work/src/fmt-10.2.1/test/gtest-extra.cc
[12/68] /usr/bin/c++ -DFMT_HEADER_ONLY=1 -DGTEST_HAS_STD_WSTRING=1 -D_SILENCE_TR1_NAMESPACE_DEPRECATION_WARNING=1 -I/home/devel/building/work/src/fmt-10.2.1/include -isystem /home/devel/building/work/src/fmt-10.2.1/test/gtest/. -O2 -m64 -march=x86-64 -mtune=generic -flto=auto -ffat-lto-objects -fvisibility=hidden -fvisibility-inlines-hidden -Wno-stringop-overflow -MD -MT test/CMakeFiles/unicode-test.dir/test-main.cc.o -MF test/CMakeFiles/unicode-test.dir/test-main.cc.o.d -o test/CMakeFiles/unicode-test.dir/test-main.cc.o -c /home/devel/building/work/src/fmt-10.2.1/test/test-main.cc
[13/68] /usr/bin/c++ -DFMT_HEADER_ONLY=1 -DGTEST_HAS_STD_WSTRING=1 -D_SILENCE_TR1_NAMESPACE_DEPRECATION_WARNING=1 -I/home/devel/building/work/src/fmt-10.2.1/include -isystem /home/devel/building/work/src/fmt-10.2.1/test/gtest/. -O2 -m64 -march=x86-64 -mtune=generic -flto=auto -ffat-lto-objects -fvisibility=hidden -fvisibility-inlines-hidden -Wno-stringop-overflow -MD -MT test/CMakeFiles/unicode-test.dir/unicode-test.cc.o -MF test/CMakeFiles/unicode-test.dir/unicode-test.cc.o.d -o test/CMakeFiles/unicode-test.dir/unicode-test.cc.o -c /home/devel/building/work/src/fmt-10.2.1/test/unicode-test.cc
[14/68] /usr/bin/c++ -DFMT_SHARED -DGTEST_HAS_STD_WSTRING=1 -D_SILENCE_TR1_NAMESPACE_DEPRECATION_WARNING=1 -I/home/devel/building/work/src/fmt-10.2.1/include -isystem /home/devel/building/work/src/fmt-10.2.1/test/gtest/. -O2 -m64 -march=x86-64 -mtune=generic -flto=auto -ffat-lto-objects -fvisibility=hidden -fvisibility-inlines-hidden -Wno-stringop-overflow -MD -MT test/CMakeFiles/std-test.dir/std-test.cc.o -MF test/CMakeFiles/std-test.dir/std-test.cc.o.d -o test/CMakeFiles/std-test.dir/std-test.cc.o -c /home/devel/building/work/src/fmt-10.2.1/test/std-test.cc
[15/68] /usr/bin/c++ -DFMT_HAVE_STRPTIME -DFMT_SHARED -DGTEST_HAS_STD_WSTRING=1 -D_SILENCE_TR1_NAMESPACE_DEPRECATION_WARNING=1 -I/home/devel/building/work/src/fmt-10.2.1/include -isystem /home/devel/building/work/src/fmt-10.2.1/test/gtest/. -O2 -m64 -march=x86-64 -mtune=generic -flto=auto -ffat-lto-objects -fvisibility=hidden -fvisibility-inlines-hidden -Wno-stringop-overflow -MD -MT test/CMakeFiles/scan-test.dir/scan-test.cc.o -MF test/CMakeFiles/scan-test.dir/scan-test.cc.o.d -o test/CMakeFiles/scan-test.dir/scan-test.cc.o -c /home/devel/building/work/src/fmt-10.2.1/test/scan-test.cc
[16/68] /usr/bin/c++ -DFMT_SHARED -DGTEST_HAS_STD_WSTRING=1 -D_SILENCE_TR1_NAMESPACE_DEPRECATION_WARNING=1 -I/home/devel/building/work/src/fmt-10.2.1/include -isystem /home/devel/building/work/src/fmt-10.2.1/test/gtest/. -O2 -m64 -march=x86-64 -mtune=generic -flto=auto -ffat-lto-objects -fvisibility=hidden -fvisibility-inlines-hidden -Wno-stringop-overflow -MD -MT test/CMakeFiles/ranges-test.dir/ranges-odr-test.cc.o -MF test/CMakeFiles/ranges-test.dir/ranges-odr-test.cc.o.d -o test/CMakeFiles/ranges-test.dir/ranges-odr-test.cc.o -c /home/devel/building/work/src/fmt-10.2.1/test/ranges-odr-test.cc
[17/68] /usr/bin/c++ -DFMT_SHARED -DGTEST_HAS_STD_WSTRING=1 -D_SILENCE_TR1_NAMESPACE_DEPRECATION_WARNING=1 -I/home/devel/building/work/src/fmt-10.2.1/include -isystem /home/devel/building/work/src/fmt-10.2.1/test/gtest/. -O2 -m64 -march=x86-64 -mtune=generic -flto=auto -ffat-lto-objects -fvisibility=hidden -fvisibility-inlines-hidden -Wno-stringop-overflow -MD -MT test/CMakeFiles/ranges-test.dir/ranges-test.cc.o -MF test/CMakeFiles/ranges-test.dir/ranges-test.cc.o.d -o test/CMakeFiles/ranges-test.dir/ranges-test.cc.o -c /home/devel/building/work/src/fmt-10.2.1/test/ranges-test.cc
[18/68] /usr/bin/c++ -DFMT_SHARED -DGTEST_HAS_STD_WSTRING=1 -D_SILENCE_TR1_NAMESPACE_DEPRECATION_WARNING=1 -I/home/devel/building/work/src/fmt-10.2.1/include -isystem /home/devel/building/work/src/fmt-10.2.1/test/gtest/. -O2 -m64 -march=x86-64 -mtune=generic -flto=auto -ffat-lto-objects -fvisibility=hidden -fvisibility-inlines-hidden -Wno-stringop-overflow -MD -MT test/CMakeFiles/printf-test.dir/printf-test.cc.o -MF test/CMakeFiles/printf-test.dir/printf-test.cc.o.d -o test/CMakeFiles/printf-test.dir/printf-test.cc.o -c /home/devel/building/work/src/fmt-10.2.1/test/printf-test.cc
[19/68] /usr/bin/c++ -DFMT_HEADER_ONLY=1 -DGTEST_HAS_STD_WSTRING=1 -D_SILENCE_TR1_NAMESPACE_DEPRECATION_WARNING=1 -I/home/devel/building/work/src/fmt-10.2.1/include -isystem /home/devel/building/work/src/fmt-10.2.1/test/gtest/. -O2 -m64 -march=x86-64 -mtune=generic -flto=auto -ffat-lto-objects -fvisibility=hidden -fvisibility-inlines-hidden -Wno-stringop-overflow -MD -MT test/CMakeFiles/compile-fp-test.dir/__/src/os.cc.o -MF test/CMakeFiles/compile-fp-test.dir/__/src/os.cc.o.d -o test/CMakeFiles/compile-fp-test.dir/__/src/os.cc.o -c /home/devel/building/work/src/fmt-10.2.1/src/os.cc
[20/68] /usr/bin/c++ -DFMT_HEADER_ONLY=1 -DGTEST_HAS_STD_WSTRING=1 -D_SILENCE_TR1_NAMESPACE_DEPRECATION_WARNING=1 -I/home/devel/building/work/src/fmt-10.2.1/include -isystem /home/devel/building/work/src/fmt-10.2.1/test/gtest/. -O2 -m64 -march=x86-64 -mtune=generic -flto=auto -ffat-lto-objects -fvisibility=hidden -fvisibility-inlines-hidden -Wno-stringop-overflow -MD -MT test/CMakeFiles/compile-fp-test.dir/util.cc.o -MF test/CMakeFiles/compile-fp-test.dir/util.cc.o.d -o test/CMakeFiles/compile-fp-test.dir/util.cc.o -c /home/devel/building/work/src/fmt-10.2.1/test/util.cc
[21/68] /usr/bin/c++ -DFMT_HEADER_ONLY=1 -DGTEST_HAS_STD_WSTRING=1 -D_SILENCE_TR1_NAMESPACE_DEPRECATION_WARNING=1 -I/home/devel/building/work/src/fmt-10.2.1/include -isystem /home/devel/building/work/src/fmt-10.2.1/test/gtest/. -O2 -m64 -march=x86-64 -mtune=generic -flto=auto -ffat-lto-objects -fvisibility=hidden -fvisibility-inlines-hidden -Wno-stringop-overflow -MD -MT test/CMakeFiles/compile-fp-test.dir/gtest-extra.cc.o -MF test/CMakeFiles/compile-fp-test.dir/gtest-extra.cc.o.d -o test/CMakeFiles/compile-fp-test.dir/gtest-extra.cc.o -c /home/devel/building/work/src/fmt-10.2.1/test/gtest-extra.cc
[22/68] /usr/bin/c++ -DFMT_HEADER_ONLY=1 -DGTEST_HAS_STD_WSTRING=1 -D_SILENCE_TR1_NAMESPACE_DEPRECATION_WARNING=1 -I/home/devel/building/work/src/fmt-10.2.1/include -isystem /home/devel/building/work/src/fmt-10.2.1/test/gtest/. -O2 -m64 -march=x86-64 -mtune=generic -flto=auto -ffat-lto-objects -fvisibility=hidden -fvisibility-inlines-hidden -Wno-stringop-overflow -MD -MT test/CMakeFiles/compile-fp-test.dir/test-main.cc.o -MF test/CMakeFiles/compile-fp-test.dir/test-main.cc.o.d -o test/CMakeFiles/compile-fp-test.dir/test-main.cc.o -c /home/devel/building/work/src/fmt-10.2.1/test/test-main.cc
[23/68] /usr/bin/c++ -DFMT_HEADER_ONLY=1 -DGTEST_HAS_STD_WSTRING=1 -D_SILENCE_TR1_NAMESPACE_DEPRECATION_WARNING=1 -I/home/devel/building/work/src/fmt-10.2.1/include -isystem /home/devel/building/work/src/fmt-10.2.1/test/gtest/. -O2 -m64 -march=x86-64 -mtune=generic -flto=auto -ffat-lto-objects -fvisibility=hidden -fvisibility-inlines-hidden -Wno-stringop-overflow -MD -MT test/CMakeFiles/compile-fp-test.dir/compile-fp-test.cc.o -MF test/CMakeFiles/compile-fp-test.dir/compile-fp-test.cc.o.d -o test/CMakeFiles/compile-fp-test.dir/compile-fp-test.cc.o -c /home/devel/building/work/src/fmt-10.2.1/test/compile-fp-test.cc
[24/68] /usr/bin/c++ -DFMT_SHARED -DGTEST_HAS_STD_WSTRING=1 -D_SILENCE_TR1_NAMESPACE_DEPRECATION_WARNING=1 -I/home/devel/building/work/src/fmt-10.2.1/include -isystem /home/devel/building/work/src/fmt-10.2.1/test/gtest/. -O2 -m64 -march=x86-64 -mtune=generic -flto=auto -ffat-lto-objects -fvisibility=hidden -fvisibility-inlines-hidden -Wno-stringop-overflow -MD -MT test/CMakeFiles/compile-test.dir/compile-test.cc.o -MF test/CMakeFiles/compile-test.dir/compile-test.cc.o.d -o test/CMakeFiles/compile-test.dir/compile-test.cc.o -c /home/devel/building/work/src/fmt-10.2.1/test/compile-test.cc
[25/68] /usr/bin/c++ -DFMT_SHARED -DGTEST_HAS_STD_WSTRING=1 -D_SILENCE_TR1_NAMESPACE_DEPRECATION_WARNING=1 -I/home/devel/building/work/src/fmt-10.2.1/include -isystem /home/devel/building/work/src/fmt-10.2.1/test/gtest/. -O2 -m64 -march=x86-64 -mtune=generic -flto=auto -ffat-lto-objects -fvisibility=hidden -fvisibility-inlines-hidden -Wno-stringop-overflow -MD -MT test/CMakeFiles/ostream-test.dir/ostream-test.cc.o -MF test/CMakeFiles/ostream-test.dir/ostream-test.cc.o.d -o test/CMakeFiles/ostream-test.dir/ostream-test.cc.o -c /home/devel/building/work/src/fmt-10.2.1/test/ostream-test.cc
[26/68] /usr/bin/c++ -DFMT_HEADER_ONLY=1 -DGTEST_HAS_STD_WSTRING=1 -D_SILENCE_TR1_NAMESPACE_DEPRECATION_WARNING=1 -I/home/devel/building/work/src/fmt-10.2.1/include -isystem /home/devel/building/work/src/fmt-10.2.1/test/gtest/. -O2 -m64 -march=x86-64 -mtune=generic -flto=auto -ffat-lto-objects -fvisibility=hidden -fvisibility-inlines-hidden -Wno-stringop-overflow -MD -MT test/CMakeFiles/format-impl-test.dir/__/src/os.cc.o -MF test/CMakeFiles/format-impl-test.dir/__/src/os.cc.o.d -o test/CMakeFiles/format-impl-test.dir/__/src/os.cc.o -c /home/devel/building/work/src/fmt-10.2.1/src/os.cc
[27/68] /usr/bin/c++ -DFMT_HEADER_ONLY=1 -DGTEST_HAS_STD_WSTRING=1 -D_SILENCE_TR1_NAMESPACE_DEPRECATION_WARNING=1 -I/home/devel/building/work/src/fmt-10.2.1/include -isystem /home/devel/building/work/src/fmt-10.2.1/test/gtest/. -O2 -m64 -march=x86-64 -mtune=generic -flto=auto -ffat-lto-objects -fvisibility=hidden -fvisibility-inlines-hidden -Wno-stringop-overflow -MD -MT test/CMakeFiles/format-impl-test.dir/util.cc.o -MF test/CMakeFiles/format-impl-test.dir/util.cc.o.d -o test/CMakeFiles/format-impl-test.dir/util.cc.o -c /home/devel/building/work/src/fmt-10.2.1/test/util.cc
[28/68] /usr/bin/c++ -DFMT_HEADER_ONLY=1 -DGTEST_HAS_STD_WSTRING=1 -D_SILENCE_TR1_NAMESPACE_DEPRECATION_WARNING=1 -I/home/devel/building/work/src/fmt-10.2.1/include -isystem /home/devel/building/work/src/fmt-10.2.1/test/gtest/. -O2 -m64 -march=x86-64 -mtune=generic -flto=auto -ffat-lto-objects -fvisibility=hidden -fvisibility-inlines-hidden -Wno-stringop-overflow -MD -MT test/CMakeFiles/format-impl-test.dir/gtest-extra.cc.o -MF test/CMakeFiles/format-impl-test.dir/gtest-extra.cc.o.d -o test/CMakeFiles/format-impl-test.dir/gtest-extra.cc.o -c /home/devel/building/work/src/fmt-10.2.1/test/gtest-extra.cc
[29/68] /usr/bin/c++ -DFMT_HEADER_ONLY=1 -DGTEST_HAS_STD_WSTRING=1 -D_SILENCE_TR1_NAMESPACE_DEPRECATION_WARNING=1 -I/home/devel/building/work/src/fmt-10.2.1/include -isystem /home/devel/building/work/src/fmt-10.2.1/test/gtest/. -O2 -m64 -march=x86-64 -mtune=generic -flto=auto -ffat-lto-objects -fvisibility=hidden -fvisibility-inlines-hidden -Wno-stringop-overflow -MD -MT test/CMakeFiles/format-impl-test.dir/test-main.cc.o -MF test/CMakeFiles/format-impl-test.dir/test-main.cc.o.d -o test/CMakeFiles/format-impl-test.dir/test-main.cc.o -c /home/devel/building/work/src/fmt-10.2.1/test/test-main.cc
[30/68] /usr/bin/c++ -DFMT_HEADER_ONLY=1 -DGTEST_HAS_STD_WSTRING=1 -D_SILENCE_TR1_NAMESPACE_DEPRECATION_WARNING=1 -I/home/devel/building/work/src/fmt-10.2.1/include -isystem /home/devel/building/work/src/fmt-10.2.1/test/gtest/. -O2 -m64 -march=x86-64 -mtune=generic -flto=auto -ffat-lto-objects -fvisibility=hidden -fvisibility-inlines-hidden -Wno-stringop-overflow -MD -MT test/CMakeFiles/format-impl-test.dir/header-only-test.cc.o -MF test/CMakeFiles/format-impl-test.dir/header-only-test.cc.o.d -o test/CMakeFiles/format-impl-test.dir/header-only-test.cc.o -c /home/devel/building/work/src/fmt-10.2.1/test/header-only-test.cc
[31/68] /usr/bin/c++ -DFMT_HEADER_ONLY=1 -DGTEST_HAS_STD_WSTRING=1 -D_SILENCE_TR1_NAMESPACE_DEPRECATION_WARNING=1 -I/home/devel/building/work/src/fmt-10.2.1/include -isystem /home/devel/building/work/src/fmt-10.2.1/test/gtest/. -O2 -m64 -march=x86-64 -mtune=generic -flto=auto -ffat-lto-objects -fvisibility=hidden -fvisibility-inlines-hidden -Wno-stringop-overflow -MD -MT test/CMakeFiles/format-impl-test.dir/format-impl-test.cc.o -MF test/CMakeFiles/format-impl-test.dir/format-impl-test.cc.o.d -o test/CMakeFiles/format-impl-test.dir/format-impl-test.cc.o -c /home/devel/building/work/src/fmt-10.2.1/test/format-impl-test.cc
[32/68] /usr/bin/c++ -DFMT_SHARED -DGTEST_HAS_STD_WSTRING=1 -D_SILENCE_TR1_NAMESPACE_DEPRECATION_WARNING=1 -I/home/devel/building/work/src/fmt-10.2.1/include -isystem /home/devel/building/work/src/fmt-10.2.1/test/gtest/. -O2 -m64 -march=x86-64 -mtune=generic -flto=auto -ffat-lto-objects -fvisibility=hidden -fvisibility-inlines-hidden -Wno-stringop-overflow -MD -MT test/CMakeFiles/format-test.dir/format-test.cc.o -MF test/CMakeFiles/format-test.dir/format-test.cc.o.d -o test/CMakeFiles/format-test.dir/format-test.cc.o -c /home/devel/building/work/src/fmt-10.2.1/test/format-test.cc
[33/68] /usr/bin/c++ -DFMT_SHARED -DGTEST_HAS_STD_WSTRING=1 -D_SILENCE_TR1_NAMESPACE_DEPRECATION_WARNING=1 -I/home/devel/building/work/src/fmt-10.2.1/include -isystem /home/devel/building/work/src/fmt-10.2.1/test/gtest/. -O2 -m64 -march=x86-64 -mtune=generic -flto=auto -ffat-lto-objects -fvisibility=hidden -fvisibility-inlines-hidden -Wno-stringop-overflow -MD -MT test/CMakeFiles/gtest-extra-test.dir/gtest-extra-test.cc.o -MF test/CMakeFiles/gtest-extra-test.dir/gtest-extra-test.cc.o.d -o test/CMakeFiles/gtest-extra-test.dir/gtest-extra-test.cc.o -c /home/devel/building/work/src/fmt-10.2.1/test/gtest-extra-test.cc
[34/68] /usr/bin/c++ -DFMT_SHARED -DGTEST_HAS_STD_WSTRING=1 -D_SILENCE_TR1_NAMESPACE_DEPRECATION_WARNING=1 -I/home/devel/building/work/src/fmt-10.2.1/include -isystem /home/devel/building/work/src/fmt-10.2.1/test/gtest/. -O2 -m64 -march=x86-64 -mtune=generic -flto=auto -ffat-lto-objects -fvisibility=hidden -fvisibility-inlines-hidden -Wno-stringop-overflow -MD -MT test/CMakeFiles/core-test.dir/core-test.cc.o -MF test/CMakeFiles/core-test.dir/core-test.cc.o.d -o test/CMakeFiles/core-test.dir/core-test.cc.o -c /home/devel/building/work/src/fmt-10.2.1/test/core-test.cc
[35/68] /usr/bin/c++ -DFMT_SHARED -DGTEST_HAS_STD_WSTRING=1 -D_SILENCE_TR1_NAMESPACE_DEPRECATION_WARNING=1 -I/home/devel/building/work/src/fmt-10.2.1/include -isystem /home/devel/building/work/src/fmt-10.2.1/test/gtest/. -O2 -m64 -march=x86-64 -mtune=generic -flto=auto -ffat-lto-objects -fvisibility=hidden -fvisibility-inlines-hidden -Wno-stringop-overflow -MD -MT test/CMakeFiles/color-test.dir/color-test.cc.o -MF test/CMakeFiles/color-test.dir/color-test.cc.o.d -o test/CMakeFiles/color-test.dir/color-test.cc.o -c /home/devel/building/work/src/fmt-10.2.1/test/color-test.cc
[36/68] /usr/bin/c++ -DFMT_SHARED -DGTEST_HAS_STD_WSTRING=1 -D_SILENCE_TR1_NAMESPACE_DEPRECATION_WARNING=1 -I/home/devel/building/work/src/fmt-10.2.1/include -isystem /home/devel/building/work/src/fmt-10.2.1/test/gtest/. -O2 -m64 -march=x86-64 -mtune=generic -flto=auto -ffat-lto-objects -fvisibility=hidden -fvisibility-inlines-hidden -Wno-stringop-overflow -MD -MT test/CMakeFiles/chrono-test.dir/chrono-test.cc.o -MF test/CMakeFiles/chrono-test.dir/chrono-test.cc.o.d -o test/CMakeFiles/chrono-test.dir/chrono-test.cc.o -c /home/devel/building/work/src/fmt-10.2.1/test/chrono-test.cc
[37/68] /usr/bin/c++ -DFMT_SHARED -DGTEST_HAS_STD_WSTRING=1 -D_SILENCE_TR1_NAMESPACE_DEPRECATION_WARNING=1 -I/home/devel/building/work/src/fmt-10.2.1/include -isystem /home/devel/building/work/src/fmt-10.2.1/test/gtest/. -O2 -m64 -march=x86-64 -mtune=generic -flto=auto -ffat-lto-objects -fvisibility=hidden -fvisibility-inlines-hidden -Wno-stringop-overflow -MD -MT test/CMakeFiles/assert-test.dir/assert-test.cc.o -MF test/CMakeFiles/assert-test.dir/assert-test.cc.o.d -o test/CMakeFiles/assert-test.dir/assert-test.cc.o -c /home/devel/building/work/src/fmt-10.2.1/test/assert-test.cc
[38/68] /usr/bin/c++ -DFMT_SHARED -DGTEST_HAS_STD_WSTRING=1 -D_SILENCE_TR1_NAMESPACE_DEPRECATION_WARNING=1 -I/home/devel/building/work/src/fmt-10.2.1/include -isystem /home/devel/building/work/src/fmt-10.2.1/test/gtest/. -O2 -m64 -march=x86-64 -mtune=generic -flto=auto -ffat-lto-objects -fvisibility=hidden -fvisibility-inlines-hidden -Wno-stringop-overflow -MD -MT test/CMakeFiles/args-test.dir/args-test.cc.o -MF test/CMakeFiles/args-test.dir/args-test.cc.o.d -o test/CMakeFiles/args-test.dir/args-test.cc.o -c /home/devel/building/work/src/fmt-10.2.1/test/args-test.cc
[39/68] /usr/bin/c++ -DGTEST_HAS_STD_WSTRING=1 -D_SILENCE_TR1_NAMESPACE_DEPRECATION_WARNING=1 -isystem /home/devel/building/work/src/fmt-10.2.1/test/gtest/. -O2 -m64 -march=x86-64 -mtune=generic -flto=auto -ffat-lto-objects -fvisibility=hidden -fvisibility-inlines-hidden -MD -MT test/gtest/CMakeFiles/gtest.dir/gmock-gtest-all.cc.o -MF test/gtest/CMakeFiles/gtest.dir/gmock-gtest-all.cc.o.d -o test/gtest/CMakeFiles/gtest.dir/gmock-gtest-all.cc.o -c /home/devel/building/work/src/fmt-10.2.1/test/gtest/gmock-gtest-all.cc
[40/68] /usr/bin/c++ -DFMT_SHARED -DGTEST_HAS_STD_WSTRING=1 -D_SILENCE_TR1_NAMESPACE_DEPRECATION_WARNING=1 -I/home/devel/building/work/src/fmt-10.2.1/include -isystem /home/devel/building/work/src/fmt-10.2.1/test/gtest/. -O2 -m64 -march=x86-64 -mtune=generic -flto=auto -ffat-lto-objects -fvisibility=hidden -fvisibility-inlines-hidden -MD -MT test/CMakeFiles/test-main.dir/util.cc.o -MF test/CMakeFiles/test-main.dir/util.cc.o.d -o test/CMakeFiles/test-main.dir/util.cc.o -c /home/devel/building/work/src/fmt-10.2.1/test/util.cc
[41/68] /usr/bin/c++ -DFMT_SHARED -DGTEST_HAS_STD_WSTRING=1 -D_SILENCE_TR1_NAMESPACE_DEPRECATION_WARNING=1 -I/home/devel/building/work/src/fmt-10.2.1/include -isystem /home/devel/building/work/src/fmt-10.2.1/test/gtest/. -O2 -m64 -march=x86-64 -mtune=generic -flto=auto -ffat-lto-objects -fvisibility=hidden -fvisibility-inlines-hidden -MD -MT test/CMakeFiles/test-main.dir/gtest-extra.cc.o -MF test/CMakeFiles/test-main.dir/gtest-extra.cc.o.d -o test/CMakeFiles/test-main.dir/gtest-extra.cc.o -c /home/devel/building/work/src/fmt-10.2.1/test/gtest-extra.cc
[42/68] /usr/bin/c++ -DFMT_SHARED -DGTEST_HAS_STD_WSTRING=1 -D_SILENCE_TR1_NAMESPACE_DEPRECATION_WARNING=1 -I/home/devel/building/work/src/fmt-10.2.1/include -isystem /home/devel/building/work/src/fmt-10.2.1/test/gtest/. -O2 -m64 -march=x86-64 -mtune=generic -flto=auto -ffat-lto-objects -fvisibility=hidden -fvisibility-inlines-hidden -MD -MT test/CMakeFiles/test-main.dir/test-main.cc.o -MF test/CMakeFiles/test-main.dir/test-main.cc.o.d -o test/CMakeFiles/test-main.dir/test-main.cc.o -c /home/devel/building/work/src/fmt-10.2.1/test/test-main.cc
[43/68] /usr/bin/c++ -DFMT_LIB_EXPORT -Dfmt_EXPORTS -I/home/devel/building/work/src/fmt-10.2.1/include -O2 -m64 -march=x86-64 -mtune=generic -flto=auto -ffat-lto-objects -fPIC -fvisibility=hidden -fvisibility-inlines-hidden -MD -MT CMakeFiles/fmt.dir/src/os.cc.o -MF CMakeFiles/fmt.dir/src/os.cc.o.d -o CMakeFiles/fmt.dir/src/os.cc.o -c /home/devel/building/work/src/fmt-10.2.1/src/os.cc
[44/68] /usr/bin/c++ -DFMT_LIB_EXPORT -Dfmt_EXPORTS -I/home/devel/building/work/src/fmt-10.2.1/include -O2 -m64 -march=x86-64 -mtune=generic -flto=auto -ffat-lto-objects -fPIC -fvisibility=hidden -fvisibility-inlines-hidden -MD -MT CMakeFiles/fmt.dir/src/format.cc.o -MF CMakeFiles/fmt.dir/src/format.cc.o.d -o CMakeFiles/fmt.dir/src/format.cc.o -c /home/devel/building/work/src/fmt-10.2.1/src/format.cc
[45/68] : && /usr/bin/c++ -fPIC -O2 -m64 -march=x86-64 -mtune=generic -flto=auto -ffat-lto-objects   -shared -Wl,-soname,libfmt.so.10 -o libfmt.so.10.2.1 CMakeFiles/fmt.dir/src/format.cc.o CMakeFiles/fmt.dir/src/os.cc.o   && :
[46/68] /usr/bin/cmake -E cmake_symlink_library libfmt.so.10.2.1  libfmt.so.10 libfmt.so && :
[47/68] : && /usr/bin/cmake -E rm -f test/gtest/libgtest.a && /usr/bin/ar qc test/gtest/libgtest.a  test/gtest/CMakeFiles/gtest.dir/gmock-gtest-all.cc.o && /usr/bin/ranlib test/gtest/libgtest.a && :
[48/68] : && /usr/bin/c++ -O2 -m64 -march=x86-64 -mtune=generic -flto=auto -ffat-lto-objects  test/CMakeFiles/posix-mock-test.dir/posix-mock-test.cc.o test/CMakeFiles/posix-mock-test.dir/__/src/format.cc.o test/CMakeFiles/posix-mock-test.dir/test-main.cc.o test/CMakeFiles/posix-mock-test.dir/gtest-extra.cc.o test/CMakeFiles/posix-mock-test.dir/util.cc.o -o bin/posix-mock-test  -Wno-stringop-overflow  test/gtest/libgtest.a && :
[49/68] : && /usr/bin/c++ -O2 -m64 -march=x86-64 -mtune=generic -flto=auto -ffat-lto-objects  test/CMakeFiles/unicode-test.dir/unicode-test.cc.o test/CMakeFiles/unicode-test.dir/test-main.cc.o test/CMakeFiles/unicode-test.dir/gtest-extra.cc.o test/CMakeFiles/unicode-test.dir/util.cc.o test/CMakeFiles/unicode-test.dir/__/src/os.cc.o -o bin/unicode-test  -Wno-stringop-overflow  test/gtest/libgtest.a && :
[50/68] : && /usr/bin/c++ -O2 -m64 -march=x86-64 -mtune=generic -flto=auto -ffat-lto-objects  test/CMakeFiles/compile-fp-test.dir/compile-fp-test.cc.o test/CMakeFiles/compile-fp-test.dir/test-main.cc.o test/CMakeFiles/compile-fp-test.dir/gtest-extra.cc.o test/CMakeFiles/compile-fp-test.dir/util.cc.o test/CMakeFiles/compile-fp-test.dir/__/src/os.cc.o -o bin/compile-fp-test  -Wno-stringop-overflow  test/gtest/libgtest.a && :
[51/68] : && /usr/bin/c++ -O2 -m64 -march=x86-64 -mtune=generic -flto=auto -ffat-lto-objects  test/CMakeFiles/format-impl-test.dir/format-impl-test.cc.o test/CMakeFiles/format-impl-test.dir/header-only-test.cc.o test/CMakeFiles/format-impl-test.dir/test-main.cc.o test/CMakeFiles/format-impl-test.dir/gtest-extra.cc.o test/CMakeFiles/format-impl-test.dir/util.cc.o test/CMakeFiles/format-impl-test.dir/__/src/os.cc.o -o bin/format-impl-test  -Wno-stringop-overflow  test/gtest/libgtest.a && :
[52/68] : && /usr/bin/cmake -E rm -f test/libtest-main.a && /usr/bin/ar qc test/libtest-main.a  test/CMakeFiles/test-main.dir/test-main.cc.o test/CMakeFiles/test-main.dir/gtest-extra.cc.o test/CMakeFiles/test-main.dir/util.cc.o && /usr/bin/ranlib test/libtest-main.a && :
[53/68] : && /usr/bin/c++ -O2 -m64 -march=x86-64 -mtune=generic -flto=auto -ffat-lto-objects  test/CMakeFiles/os-test.dir/os-test.cc.o -o bin/os-test  -Wl,-rpath,/home/devel/building/work/src/fmt-10.2.1/build  -Wno-stringop-overflow  test/libtest-main.a  libfmt.so.10.2.1  test/gtest/libgtest.a && :
[54/68] : && /usr/bin/c++ -O2 -m64 -march=x86-64 -mtune=generic -flto=auto -ffat-lto-objects  test/CMakeFiles/enforce-checks-test.dir/enforce-checks-test.cc.o -o bin/enforce-checks-test  -Wl,-rpath,/home/devel/building/work/src/fmt-10.2.1/build  -Wno-stringop-overflow  test/libtest-main.a  libfmt.so.10.2.1  test/gtest/libgtest.a && :
[55/68] : && /usr/bin/c++ -O2 -m64 -march=x86-64 -mtune=generic -flto=auto -ffat-lto-objects  test/CMakeFiles/xchar-test.dir/xchar-test.cc.o -o bin/xchar-test  -Wl,-rpath,/home/devel/building/work/src/fmt-10.2.1/build  -Wno-stringop-overflow  test/libtest-main.a  libfmt.so.10.2.1  test/gtest/libgtest.a && :
[56/68] : && /usr/bin/c++ -O2 -m64 -march=x86-64 -mtune=generic -flto=auto -ffat-lto-objects  test/CMakeFiles/std-test.dir/std-test.cc.o -o bin/std-test  -Wl,-rpath,/home/devel/building/work/src/fmt-10.2.1/build  -Wno-stringop-overflow  test/libtest-main.a  libfmt.so.10.2.1  test/gtest/libgtest.a && :
[57/68] : && /usr/bin/c++ -O2 -m64 -march=x86-64 -mtune=generic -flto=auto -ffat-lto-objects  test/CMakeFiles/scan-test.dir/scan-test.cc.o -o bin/scan-test  -Wl,-rpath,/home/devel/building/work/src/fmt-10.2.1/build  -Wno-stringop-overflow  test/libtest-main.a  libfmt.so.10.2.1  test/gtest/libgtest.a && :
[58/68] : && /usr/bin/c++ -O2 -m64 -march=x86-64 -mtune=generic -flto=auto -ffat-lto-objects  test/CMakeFiles/ranges-test.dir/ranges-test.cc.o test/CMakeFiles/ranges-test.dir/ranges-odr-test.cc.o -o bin/ranges-test  -Wl,-rpath,/home/devel/building/work/src/fmt-10.2.1/build  -Wno-stringop-overflow  test/libtest-main.a  libfmt.so.10.2.1  test/gtest/libgtest.a && :
[59/68] : && /usr/bin/c++ -O2 -m64 -march=x86-64 -mtune=generic -flto=auto -ffat-lto-objects  test/CMakeFiles/printf-test.dir/printf-test.cc.o -o bin/printf-test  -Wl,-rpath,/home/devel/building/work/src/fmt-10.2.1/build  -Wno-stringop-overflow  test/libtest-main.a  libfmt.so.10.2.1  test/gtest/libgtest.a && :
[60/68] : && /usr/bin/c++ -O2 -m64 -march=x86-64 -mtune=generic -flto=auto -ffat-lto-objects  test/CMakeFiles/compile-test.dir/compile-test.cc.o -o bin/compile-test  -Wl,-rpath,/home/devel/building/work/src/fmt-10.2.1/build  -Wno-stringop-overflow  test/libtest-main.a  libfmt.so.10.2.1  test/gtest/libgtest.a && :
[61/68] : && /usr/bin/c++ -O2 -m64 -march=x86-64 -mtune=generic -flto=auto -ffat-lto-objects  test/CMakeFiles/ostream-test.dir/ostream-test.cc.o -o bin/ostream-test  -Wl,-rpath,/home/devel/building/work/src/fmt-10.2.1/build  -Wno-stringop-overflow  test/libtest-main.a  libfmt.so.10.2.1  test/gtest/libgtest.a && :
[62/68] : && /usr/bin/c++ -O2 -m64 -march=x86-64 -mtune=generic -flto=auto -ffat-lto-objects  test/CMakeFiles/gtest-extra-test.dir/gtest-extra-test.cc.o -o bin/gtest-extra-test  -Wl,-rpath,/home/devel/building/work/src/fmt-10.2.1/build  -Wno-stringop-overflow  test/libtest-main.a  libfmt.so.10.2.1  test/gtest/libgtest.a && :
[63/68] : && /usr/bin/c++ -O2 -m64 -march=x86-64 -mtune=generic -flto=auto -ffat-lto-objects  test/CMakeFiles/core-test.dir/core-test.cc.o -o bin/core-test  -Wl,-rpath,/home/devel/building/work/src/fmt-10.2.1/build  -Wno-stringop-overflow  test/libtest-main.a  libfmt.so.10.2.1  test/gtest/libgtest.a && :
[64/68] : && /usr/bin/c++ -O2 -m64 -march=x86-64 -mtune=generic -flto=auto -ffat-lto-objects  test/CMakeFiles/color-test.dir/color-test.cc.o -o bin/color-test  -Wl,-rpath,/home/devel/building/work/src/fmt-10.2.1/build  -Wno-stringop-overflow  test/libtest-main.a  libfmt.so.10.2.1  test/gtest/libgtest.a && :
[65/68] : && /usr/bin/c++ -O2 -m64 -march=x86-64 -mtune=generic -flto=auto -ffat-lto-objects  test/CMakeFiles/assert-test.dir/assert-test.cc.o -o bin/assert-test  -Wl,-rpath,/home/devel/building/work/src/fmt-10.2.1/build  -Wno-stringop-overflow  test/libtest-main.a  libfmt.so.10.2.1  test/gtest/libgtest.a && :
[66/68] : && /usr/bin/c++ -O2 -m64 -march=x86-64 -mtune=generic -flto=auto -ffat-lto-objects  test/CMakeFiles/args-test.dir/args-test.cc.o -o bin/args-test  -Wl,-rpath,/home/devel/building/work/src/fmt-10.2.1/build  -Wno-stringop-overflow  test/libtest-main.a  libfmt.so.10.2.1  test/gtest/libgtest.a && :
[67/68] : && /usr/bin/c++ -O2 -m64 -march=x86-64 -mtune=generic -flto=auto -ffat-lto-objects  test/CMakeFiles/format-test.dir/format-test.cc.o -o bin/format-test  -Wl,-rpath,/home/devel/building/work/src/fmt-10.2.1/build  -Wno-stringop-overflow  test/libtest-main.a  libfmt.so.10.2.1  test/gtest/libgtest.a && :
[68/68] : && /usr/bin/c++ -O2 -m64 -march=x86-64 -mtune=generic -flto=auto -ffat-lto-objects  test/CMakeFiles/chrono-test.dir/chrono-test.cc.o -o bin/chrono-test  -Wl,-rpath,/home/devel/building/work/src/fmt-10.2.1/build  -Wno-stringop-overflow  test/libtest-main.a  libfmt.so.10.2.1  test/gtest/libgtest.a && :
+ DESTDIR=/home/devel/building/work/pkg
+ ninja install
[1/1] Install the project...
-- Install configuration: "None"
-- Installing: /home/devel/building/work/pkg/usr/lib/libfmt.so.10.2.1
-- Installing: /home/devel/building/work/pkg/usr/lib/libfmt.so.10
-- Installing: /home/devel/building/work/pkg/usr/lib/libfmt.so
-- Installing: /home/devel/building/work/pkg/usr/include/fmt/args.h
-- Installing: /home/devel/building/work/pkg/usr/include/fmt/chrono.h
-- Installing: /home/devel/building/work/pkg/usr/include/fmt/color.h
-- Installing: /home/devel/building/work/pkg/usr/include/fmt/compile.h
-- Installing: /home/devel/building/work/pkg/usr/include/fmt/core.h
-- Installing: /home/devel/building/work/pkg/usr/include/fmt/format.h
-- Installing: /home/devel/building/work/pkg/usr/include/fmt/format-inl.h
-- Installing: /home/devel/building/work/pkg/usr/include/fmt/os.h
-- Installing: /home/devel/building/work/pkg/usr/include/fmt/ostream.h
-- Installing: /home/devel/building/work/pkg/usr/include/fmt/printf.h
-- Installing: /home/devel/building/work/pkg/usr/include/fmt/ranges.h
-- Installing: /home/devel/building/work/pkg/usr/include/fmt/std.h
-- Installing: /home/devel/building/work/pkg/usr/include/fmt/xchar.h
-- Installing: /home/devel/building/work/pkg/usr/lib/cmake/fmt/fmt-config.cmake
-- Installing: /home/devel/building/work/pkg/usr/lib/cmake/fmt/fmt-config-version.cmake
-- Installing: /home/devel/building/work/pkg/usr/lib/cmake/fmt/fmt-targets.cmake
-- Installing: /home/devel/building/work/pkg/usr/lib/cmake/fmt/fmt-targets-none.cmake
-- Installing: /home/devel/building/work/pkg/usr/lib/pkgconfig/fmt.pc
=======> Build result:
drwxr-xr-x  0 root   root        0 Feb  1 16:07 usr/
drwxr-xr-x  0 root   root        0 Feb  1 16:07 usr/lib/
drwxr-xr-x  0 root   root        0 Feb  1 16:07 usr/include/
drwxr-xr-x  0 root   root        0 Feb  1 16:07 usr/include/fmt/
-rw-r--r--  0 root   root     7458 Jan  3 20:17 usr/include/fmt/args.h
-rw-r--r--  0 root   root    74011 Jan  3 20:17 usr/include/fmt/chrono.h
-rw-r--r--  0 root   root    24531 Jan  3 20:17 usr/include/fmt/color.h
-rw-r--r--  0 root   root    18974 Jan  3 20:17 usr/include/fmt/compile.h
-rw-r--r--  0 root   root    99931 Jan  3 20:17 usr/include/fmt/core.h
-rw-r--r--  0 root   root   164588 Jan  3 20:17 usr/include/fmt/format.h
-rw-r--r--  0 root   root    73646 Jan  3 20:17 usr/include/fmt/format-inl.h
-rw-r--r--  0 root   root    13291 Jan  3 20:17 usr/include/fmt/os.h
-rw-r--r--  0 root   root     7305 Jan  3 20:17 usr/include/fmt/ostream.h
-rw-r--r--  0 root   root    20837 Jan  3 20:17 usr/include/fmt/printf.h
-rw-r--r--  0 root   root    24446 Jan  3 20:17 usr/include/fmt/ranges.h
-rw-r--r--  0 root   root    16239 Jan  3 20:17 usr/include/fmt/std.h
-rw-r--r--  0 root   root     9962 Jan  3 20:17 usr/include/fmt/xchar.h
-rwxr-xr-x  0 root   root   137984 Feb  1 16:07 usr/lib/libfmt.so.10.2.1
lrwxrwxrwx  0 root   root        0 Feb  1 16:07 usr/lib/libfmt.so.10 -> libfmt.so.10.2.1
lrwxrwxrwx  0 root   root        0 Feb  1 16:07 usr/lib/libfmt.so -> libfmt.so.10
drwxr-xr-x  0 root   root        0 Feb  1 16:07 usr/lib/cmake/
drwxr-xr-x  0 root   root        0 Feb  1 16:07 usr/lib/pkgconfig/
-rw-r--r--  0 root   root      201 Feb  1 16:06 usr/lib/pkgconfig/fmt.pc
drwxr-xr-x  0 root   root        0 Feb  1 16:07 usr/lib/cmake/fmt/
-rw-r--r--  0 root   root     1362 Feb  1 16:06 usr/lib/cmake/fmt/fmt-config.cmake
-rw-r--r--  0 root   root     1862 Feb  1 16:06 usr/lib/cmake/fmt/fmt-config-version.cmake
-rw-r--r--  0 root   root     4774 Feb  1 16:06 usr/lib/cmake/fmt/fmt-targets.cmake
-rw-r--r--  0 root   root      799 Feb  1 16:06 usr/lib/cmake/fmt/fmt-targets-none.cmake
=======> Building '/home/devel/packages/fmt#10.2.1-1.x86_64.pkg.tar.zst' succeeded.
prt-get: Using PKGMK_PACKAGE_DIR: /home/devel/packages
prt-get: reinstalling fmt 10.2.1-1
prt-get: /usr/bin/pkgadd -u fmt#10.2.1-1.x86_64.pkg.tar.zst
prt-get: build done Thu Feb  1 16:07:12 2024

