prt-get: updating /usr/ports/wayland-x86_64/font-dejavu-ttf
prt-get: starting build Tue May  7 21:14:50 2024
=======> Building '/home/devel/packages/font-dejavu-ttf#2.37-1.x86_64.pkg.tar.zst'.
bsdtar -p -o -C /home/devel/building/work/src -xf /home/devel/sources/dejavu-fonts-ttf-2.37.tar.bz2
cp 45-dejavu.conf /home/devel/building/work/src
cp 90-tt-dejavu.conf /home/devel/building/work/src
+ build
+ mkdir -p /home/devel/building/work/pkg/usr/share/fonts/truetype/dejavu /home/devel/building/work/pkg/etc/fonts/conf.avail /home/devel/building/work/pkg/etc/fonts/conf.d
+ install -m 0644 /home/devel/building/work/src/dejavu-fonts-ttf-2.37/ttf/DejaVuMathTeXGyre.ttf /home/devel/building/work/src/dejavu-fonts-ttf-2.37/ttf/DejaVuSans-Bold.ttf /home/devel/building/work/src/dejavu-fonts-ttf-2.37/ttf/DejaVuSans-BoldOblique.ttf /home/devel/building/work/src/dejavu-fonts-ttf-2.37/ttf/DejaVuSans-ExtraLight.ttf /home/devel/building/work/src/dejavu-fonts-ttf-2.37/ttf/DejaVuSans-Oblique.ttf /home/devel/building/work/src/dejavu-fonts-ttf-2.37/ttf/DejaVuSans.ttf /home/devel/building/work/src/dejavu-fonts-ttf-2.37/ttf/DejaVuSansCondensed-Bold.ttf /home/devel/building/work/src/dejavu-fonts-ttf-2.37/ttf/DejaVuSansCondensed-BoldOblique.ttf /home/devel/building/work/src/dejavu-fonts-ttf-2.37/ttf/DejaVuSansCondensed-Oblique.ttf /home/devel/building/work/src/dejavu-fonts-ttf-2.37/ttf/DejaVuSansCondensed.ttf /home/devel/building/work/src/dejavu-fonts-ttf-2.37/ttf/DejaVuSansMono-Bold.ttf /home/devel/building/work/src/dejavu-fonts-ttf-2.37/ttf/DejaVuSansMono-BoldOblique.ttf /home/devel/building/work/src/dejavu-fonts-ttf-2.37/ttf/DejaVuSansMono-Oblique.ttf /home/devel/building/work/src/dejavu-fonts-ttf-2.37/ttf/DejaVuSansMono.ttf /home/devel/building/work/src/dejavu-fonts-ttf-2.37/ttf/DejaVuSerif-Bold.ttf /home/devel/building/work/src/dejavu-fonts-ttf-2.37/ttf/DejaVuSerif-BoldItalic.ttf /home/devel/building/work/src/dejavu-fonts-ttf-2.37/ttf/DejaVuSerif-Italic.ttf /home/devel/building/work/src/dejavu-fonts-ttf-2.37/ttf/DejaVuSerif.ttf /home/devel/building/work/src/dejavu-fonts-ttf-2.37/ttf/DejaVuSerifCondensed-Bold.ttf /home/devel/building/work/src/dejavu-fonts-ttf-2.37/ttf/DejaVuSerifCondensed-BoldItalic.ttf /home/devel/building/work/src/dejavu-fonts-ttf-2.37/ttf/DejaVuSerifCondensed-Italic.ttf /home/devel/building/work/src/dejavu-fonts-ttf-2.37/ttf/DejaVuSerifCondensed.ttf /home/devel/building/work/pkg/usr/share/fonts/truetype/dejavu
+ install -m 0644 /home/devel/building/work/src/dejavu-fonts-ttf-2.37/fontconfig/20-unhint-small-dejavu-sans-mono.conf /home/devel/building/work/src/dejavu-fonts-ttf-2.37/fontconfig/20-unhint-small-dejavu-sans.conf /home/devel/building/work/src/dejavu-fonts-ttf-2.37/fontconfig/20-unhint-small-dejavu-serif.conf /home/devel/building/work/src/dejavu-fonts-ttf-2.37/fontconfig/57-dejavu-sans-mono.conf /home/devel/building/work/src/dejavu-fonts-ttf-2.37/fontconfig/57-dejavu-sans.conf /home/devel/building/work/src/dejavu-fonts-ttf-2.37/fontconfig/57-dejavu-serif.conf /home/devel/building/work/pkg/etc/fonts/conf.avail
+ cd /home/devel/building/work/pkg/etc/fonts/conf.d
+ for j in $SRC/*.conf
+ install -m644 /home/devel/building/work/src/45-dejavu.conf /home/devel/building/work/pkg/etc/fonts/conf.avail/
+ ln -sf /etc/fonts/conf.avail/45-dejavu.conf
+ for j in $SRC/*.conf
+ install -m644 /home/devel/building/work/src/90-tt-dejavu.conf /home/devel/building/work/pkg/etc/fonts/conf.avail/
+ ln -sf /etc/fonts/conf.avail/90-tt-dejavu.conf
=======> Build result:
drwxr-xr-x  0 root   root        0 May  7 21:14 etc/
drwxr-xr-x  0 root   root        0 May  7 21:14 etc/fonts/
drwxr-xr-x  0 root   root        0 May  7 21:14 etc/fonts/conf.avail/
drwxr-xr-x  0 root   root        0 May  7 21:14 etc/fonts/conf.d/
lrwxrwxrwx  0 root   root        0 May  7 21:14 etc/fonts/conf.d/45-dejavu.conf -> /etc/fonts/conf.avail/45-dejavu.conf
lrwxrwxrwx  0 root   root        0 May  7 21:14 etc/fonts/conf.d/90-tt-dejavu.conf -> /etc/fonts/conf.avail/90-tt-dejavu.conf
-rw-r--r--  0 root   root      866 May  7 21:14 etc/fonts/conf.avail/20-unhint-small-dejavu-sans-mono.conf
-rw-r--r--  0 root   root      856 May  7 21:14 etc/fonts/conf.avail/20-unhint-small-dejavu-sans.conf
-rw-r--r--  0 root   root      858 May  7 21:14 etc/fonts/conf.avail/20-unhint-small-dejavu-serif.conf
-rw-r--r--  0 root   root     1509 May  7 21:14 etc/fonts/conf.avail/57-dejavu-sans-mono.conf
-rw-r--r--  0 root   root     2011 May  7 21:14 etc/fonts/conf.avail/57-dejavu-sans.conf
-rw-r--r--  0 root   root     1649 May  7 21:14 etc/fonts/conf.avail/57-dejavu-serif.conf
-rw-r--r--  0 root   root      445 May  7 21:14 etc/fonts/conf.avail/45-dejavu.conf
-rw-r--r--  0 root   root     5468 May  7 21:14 etc/fonts/conf.avail/90-tt-dejavu.conf
drwxr-xr-x  0 root   root        0 May  7 21:14 usr/
drwxr-xr-x  0 root   root        0 May  7 21:14 usr/share/
drwxr-xr-x  0 root   root        0 May  7 21:14 usr/share/fonts/
drwxr-xr-x  0 root   root        0 May  7 21:14 usr/share/fonts/truetype/
drwxr-xr-x  0 root   root        0 May  7 21:14 usr/share/fonts/truetype/dejavu/
-rw-r--r--  0 root   root   577708 May  7 21:14 usr/share/fonts/truetype/dejavu/DejaVuMathTeXGyre.ttf
-rw-r--r--  0 root   root   705684 May  7 21:14 usr/share/fonts/truetype/dejavu/DejaVuSans-Bold.ttf
-rw-r--r--  0 root   root   643292 May  7 21:14 usr/share/fonts/truetype/dejavu/DejaVuSans-BoldOblique.ttf
-rw-r--r--  0 root   root   355380 May  7 21:14 usr/share/fonts/truetype/dejavu/DejaVuSans-ExtraLight.ttf
-rw-r--r--  0 root   root   635416 May  7 21:14 usr/share/fonts/truetype/dejavu/DejaVuSans-Oblique.ttf
-rw-r--r--  0 root   root   757076 May  7 21:14 usr/share/fonts/truetype/dejavu/DejaVuSans.ttf
-rw-r--r--  0 root   root   665028 May  7 21:14 usr/share/fonts/truetype/dejavu/DejaVuSansCondensed-Bold.ttf
-rw-r--r--  0 root   root   611836 May  7 21:14 usr/share/fonts/truetype/dejavu/DejaVuSansCondensed-BoldOblique.ttf
-rw-r--r--  0 root   root   599292 May  7 21:14 usr/share/fonts/truetype/dejavu/DejaVuSansCondensed-Oblique.ttf
-rw-r--r--  0 root   root   680264 May  7 21:14 usr/share/fonts/truetype/dejavu/DejaVuSansCondensed.ttf
-rw-r--r--  0 root   root   331992 May  7 21:14 usr/share/fonts/truetype/dejavu/DejaVuSansMono-Bold.ttf
-rw-r--r--  0 root   root   253580 May  7 21:14 usr/share/fonts/truetype/dejavu/DejaVuSansMono-BoldOblique.ttf
-rw-r--r--  0 root   root   251932 May  7 21:14 usr/share/fonts/truetype/dejavu/DejaVuSansMono-Oblique.ttf
-rw-r--r--  0 root   root   340712 May  7 21:14 usr/share/fonts/truetype/dejavu/DejaVuSansMono.ttf
-rw-r--r--  0 root   root   356088 May  7 21:14 usr/share/fonts/truetype/dejavu/DejaVuSerif-Bold.ttf
-rw-r--r--  0 root   root   347460 May  7 21:14 usr/share/fonts/truetype/dejavu/DejaVuSerif-BoldItalic.ttf
-rw-r--r--  0 root   root   345996 May  7 21:14 usr/share/fonts/truetype/dejavu/DejaVuSerif-Italic.ttf
-rw-r--r--  0 root   root   380132 May  7 21:14 usr/share/fonts/truetype/dejavu/DejaVuSerif.ttf
-rw-r--r--  0 root   root   331244 May  7 21:14 usr/share/fonts/truetype/dejavu/DejaVuSerifCondensed-Bold.ttf
-rw-r--r--  0 root   root   346508 May  7 21:14 usr/share/fonts/truetype/dejavu/DejaVuSerifCondensed-BoldItalic.ttf
-rw-r--r--  0 root   root   345324 May  7 21:14 usr/share/fonts/truetype/dejavu/DejaVuSerifCondensed-Italic.ttf
-rw-r--r--  0 root   root   346664 May  7 21:14 usr/share/fonts/truetype/dejavu/DejaVuSerifCondensed.ttf
=======> Building '/home/devel/packages/font-dejavu-ttf#2.37-1.x86_64.pkg.tar.zst' succeeded.
prt-get: Using PKGMK_PACKAGE_DIR: /home/devel/packages
prt-get: reinstalling font-dejavu-ttf 2.37-1
prt-get: /usr/bin/pkgadd -u font-dejavu-ttf#2.37-1.x86_64.pkg.tar.zst
prt-get: build done Tue May  7 21:14:51 2024

