prt-get: updating /usr/ports/wayland-x86_64/foot
prt-get: starting build Tue May  7 21:15:25 2024
=======> Building '/home/devel/packages/foot#1.17.2-1.x86_64.pkg.tar.zst'.
bsdtar -p -o -C /home/devel/building/work/src -xf /home/devel/sources/foot-1.17.2.tar.gz
bsdtar -p -o -C /home/devel/building/work/src -xf terminus.tar.xz
+ build
+ cd foot
+ build-meson -Dgrapheme-clustering=enabled . build
The Meson build system
Version: 1.4.0
Source dir: /home/devel/building/work/src/foot
Build dir: /home/devel/building/work/src/foot/build
Build type: native build
Project name: foot
Project version: 1.17.2
C compiler for the host machine: cc (gcc 14.1.0 "cc (SAUX-x86_64) 14.1.0")
C linker for the host machine: cc ld.bfd 2.42
Host machine cpu family: x86_64
Host machine cpu: x86_64
Checking for function "memfd_create" : YES 
Compiler for C supports arguments -fno-asynchronous-unwind-tables: YES 
Compiler for C supports arguments -pedantic: YES 
Compiler for C supports arguments -fstrict-aliasing: YES 
Compiler for C supports arguments -Wstrict-aliasing: YES 
Compiler for C supports arguments -fmacro-prefix-map=/foo=: YES 
Library m found: YES
Run-time dependency threads found: YES
Library stdthreads found: NO
Found pkg-config: YES (/usr/bin/pkg-config) 2.2.0
Found CMake: /usr/bin/cmake (3.29.2)
Run-time dependency epoll-shim found: NO (tried pkgconfig and cmake)
Run-time dependency pixman-1 found: YES 0.43.4
Run-time dependency wayland-protocols found: YES 1.36
Run-time dependency wayland-client found: YES 1.22.0
Run-time dependency wayland-cursor found: YES 1.22.0
Run-time dependency xkbcommon found: YES 1.7.0
Run-time dependency fontconfig found: YES 2.15.0
Run-time dependency libutf8proc found: YES 3.0.0
Run-time dependency tllist found: YES 1.1.0
Run-time dependency fcft found: YES 3.1.8
Build-time dependency wayland-scanner found: YES 1.22.0
Program /usr/bin/wayland-scanner found: YES (/usr/bin/wayland-scanner)
Program env found: YES (/usr/bin/env)
Program python3 found: YES (/usr/bin/python3)
Run-time dependency systemd found: NO (tried pkgconfig and cmake)
Build-time dependency scdoc found: YES 1.11.3
Program /usr/bin/scdoc found: YES (/usr/bin/scdoc)
Configuring foot.1.preprocessed using configuration
Configuring foot.ini.5.preprocessed using configuration
Configuring footclient.1.preprocessed using configuration
Configuring foot-ctlseqs.7.preprocessed using configuration
Program tic found: YES (/usr/bin/tic)
Configuring foot.info.preprocessed using configuration
Build targets in project: 37

foot 1.17.2

    Documentation            : YES
    Themes                   : YES
    IME                      : YES
    Grapheme clustering      : YES
    utmp backend             : libutempter
    utmp helper default path : /usr/lib/utempter/utempter
    Build terminfo           : YES
    Terminfo base name       : foot
    Terminfo install location: share/terminfo
    Default TERM             : foot
    Set TERMINFO             : NO
    Build tests              : YES

  User defined options
    auto_features            : auto
    bindir                   : /usr/bin
    buildtype                : plain
    datadir                  : /usr/share
    includedir               : /usr/include
    libdir                   : /usr/lib
    libexecdir               : /usr/lib
    localstatedir            : /var
    mandir                   : /usr/share/man
    prefix                   : /usr
    sbindir                  : /usr/sbin
    sharedstatedir           : /var/lib
    sysconfdir               : /etc
    werror                   : false
    wrap_mode                : nodownload
    python.bytecompile       : 0
    b_lto                    : false
    b_pie                    : true
    b_staticpic              : true
    grapheme-clustering      : enabled

Found ninja-1.9 at /usr/bin/ninja
+ meson compile -j 8 -v -C build
ninja: entering directory '/home/devel/building/work/src/foot/build'
[1/117] cc -Iutils/xtgettcap.p -Iutils -I../utils -fdiagnostics-color=always -DNDEBUG -D_FILE_OFFSET_BITS=64 -Wall -Winvalid-pch -std=c11 -DMEMFD_CREATE -D_GNU_SOURCE=200809L '-DFOOT_DEFAULT_TERM="foot"' '-DUTMP_ADD="add"' '-DUTMP_DEL="del"' '-DUTMP_DEFAULT_HELPER_PATH="/usr/lib/utempter/utempter"' -DUTMP_DEL_HAVE_ARGUMENT=1 -fno-asynchronous-unwind-tables -DFOOT_IME_ENABLED=1 -pedantic -fstrict-aliasing -Wstrict-aliasing -fmacro-prefix-map=../= -DFOOT_GRAPHEME_CLUSTERING=1 -O2 -m64 -march=x86-64 -mtune=generic -flto=auto -ffat-lto-objects -fPIE -MD -MQ utils/xtgettcap.p/xtgettcap.c.o -MF utils/xtgettcap.p/xtgettcap.c.o.d -o utils/xtgettcap.p/xtgettcap.c.o -c ../utils/xtgettcap.c
[2/117] /usr/bin/tic -x -o . -e foot,foot-direct foot.info.preprocessed
[3/117] /usr/bin/meson --internal exe --capture doc/foot-ctlseqs.7 --feed doc/foot-ctlseqs.7.preprocessed -- /usr/bin/scdoc
[4/117] /usr/bin/meson --internal exe --capture doc/footclient.1 --feed doc/footclient.1.preprocessed -- /usr/bin/scdoc
[5/117] /usr/bin/meson --internal exe --capture doc/foot.ini.5 --feed doc/foot.ini.5.preprocessed -- /usr/bin/scdoc
[6/117] /usr/bin/meson --internal exe --capture doc/foot.1 --feed doc/foot.1.preprocessed -- /usr/bin/scdoc
[7/117] /usr/bin/wayland-scanner private-code //usr/share/wayland-protocols/staging/cursor-shape/cursor-shape-v1.xml cursor-shape-v1.c
[8/117] /usr/bin/wayland-scanner private-code //usr/share/wayland-protocols/unstable/tablet/tablet-unstable-v2.xml tablet-unstable-v2.c
[9/117] /usr/bin/wayland-scanner private-code //usr/share/wayland-protocols/staging/fractional-scale/fractional-scale-v1.xml fractional-scale-v1.c
[10/117] /usr/bin/wayland-scanner private-code //usr/share/wayland-protocols/stable/viewporter/viewporter.xml viewporter.c
[11/117] /usr/bin/wayland-scanner private-code //usr/share/wayland-protocols/staging/xdg-activation/xdg-activation-v1.xml xdg-activation-v1.c
[12/117] /usr/bin/wayland-scanner private-code //usr/share/wayland-protocols/unstable/text-input/text-input-unstable-v3.xml text-input-unstable-v3.c
[13/117] /usr/bin/wayland-scanner private-code //usr/share/wayland-protocols/stable/presentation-time/presentation-time.xml presentation-time.c
[14/117] /usr/bin/wayland-scanner private-code //usr/share/wayland-protocols/unstable/primary-selection/primary-selection-unstable-v1.xml primary-selection-unstable-v1.c
[15/117] /usr/bin/wayland-scanner private-code //usr/share/wayland-protocols/unstable/xdg-output/xdg-output-unstable-v1.xml xdg-output-unstable-v1.c
[16/117] /usr/bin/wayland-scanner private-code //usr/share/wayland-protocols/unstable/xdg-decoration/xdg-decoration-unstable-v1.xml xdg-decoration-unstable-v1.c
[17/117] /usr/bin/env LC_ALL=C ../generate-version.sh 1.17.2 ../ version.h
[18/117] /usr/bin/python3 ../scripts/generate-builtin-terminfo.py @default_terminfo@ ../foot.info foot foot-terminfo.h
[19/117] /usr/bin/wayland-scanner private-code //usr/share/wayland-protocols/stable/xdg-shell/xdg-shell.xml xdg-shell.c
[20/117] cc -Ilibmisc.a.p -I. -I.. -fdiagnostics-color=always -DNDEBUG -D_FILE_OFFSET_BITS=64 -Wall -Winvalid-pch -std=c11 -DMEMFD_CREATE -D_GNU_SOURCE=200809L '-DFOOT_DEFAULT_TERM="foot"' '-DUTMP_ADD="add"' '-DUTMP_DEL="del"' '-DUTMP_DEFAULT_HELPER_PATH="/usr/lib/utempter/utempter"' -DUTMP_DEL_HAVE_ARGUMENT=1 -fno-asynchronous-unwind-tables -DFOOT_IME_ENABLED=1 -pedantic -fstrict-aliasing -Wstrict-aliasing -fmacro-prefix-map=../= -DFOOT_GRAPHEME_CLUSTERING=1 -O2 -m64 -march=x86-64 -mtune=generic -flto=auto -ffat-lto-objects -fPIC -MD -MQ libmisc.a.p/uri.c.o -MF libmisc.a.p/uri.c.o.d -o libmisc.a.p/uri.c.o -c ../uri.c
[21/117] cc -Ifootclient.p -I. -I.. -fdiagnostics-color=always -DNDEBUG -D_FILE_OFFSET_BITS=64 -Wall -Winvalid-pch -std=c11 -DMEMFD_CREATE -D_GNU_SOURCE=200809L '-DFOOT_DEFAULT_TERM="foot"' '-DUTMP_ADD="add"' '-DUTMP_DEL="del"' '-DUTMP_DEFAULT_HELPER_PATH="/usr/lib/utempter/utempter"' -DUTMP_DEL_HAVE_ARGUMENT=1 -fno-asynchronous-unwind-tables -DFOOT_IME_ENABLED=1 -pedantic -fstrict-aliasing -Wstrict-aliasing -fmacro-prefix-map=../= -DFOOT_GRAPHEME_CLUSTERING=1 -O2 -m64 -march=x86-64 -mtune=generic -flto=auto -ffat-lto-objects -fPIE -MD -MQ footclient.p/client.c.o -MF footclient.p/client.c.o.d -o footclient.p/client.c.o -c ../client.c
[22/117] cc -Ilibmisc.a.p -I. -I.. -fdiagnostics-color=always -DNDEBUG -D_FILE_OFFSET_BITS=64 -Wall -Winvalid-pch -std=c11 -DMEMFD_CREATE -D_GNU_SOURCE=200809L '-DFOOT_DEFAULT_TERM="foot"' '-DUTMP_ADD="add"' '-DUTMP_DEL="del"' '-DUTMP_DEFAULT_HELPER_PATH="/usr/lib/utempter/utempter"' -DUTMP_DEL_HAVE_ARGUMENT=1 -fno-asynchronous-unwind-tables -DFOOT_IME_ENABLED=1 -pedantic -fstrict-aliasing -Wstrict-aliasing -fmacro-prefix-map=../= -DFOOT_GRAPHEME_CLUSTERING=1 -O2 -m64 -march=x86-64 -mtune=generic -flto=auto -ffat-lto-objects -fPIC -MD -MQ libmisc.a.p/misc.c.o -MF libmisc.a.p/misc.c.o.d -o libmisc.a.p/misc.c.o -c ../misc.c
[23/117] cc -Ilibmisc.a.p -I. -I.. -fdiagnostics-color=always -DNDEBUG -D_FILE_OFFSET_BITS=64 -Wall -Winvalid-pch -std=c11 -DMEMFD_CREATE -D_GNU_SOURCE=200809L '-DFOOT_DEFAULT_TERM="foot"' '-DUTMP_ADD="add"' '-DUTMP_DEL="del"' '-DUTMP_DEFAULT_HELPER_PATH="/usr/lib/utempter/utempter"' -DUTMP_DEL_HAVE_ARGUMENT=1 -fno-asynchronous-unwind-tables -DFOOT_IME_ENABLED=1 -pedantic -fstrict-aliasing -Wstrict-aliasing -fmacro-prefix-map=../= -DFOOT_GRAPHEME_CLUSTERING=1 -O2 -m64 -march=x86-64 -mtune=generic -flto=auto -ffat-lto-objects -fPIC -MD -MQ libmisc.a.p/hsl.c.o -MF libmisc.a.p/hsl.c.o.d -o libmisc.a.p/hsl.c.o -c ../hsl.c
[24/117] cc -Ilibcommon.a.p -I. -I.. -fdiagnostics-color=always -DNDEBUG -D_FILE_OFFSET_BITS=64 -Wall -Winvalid-pch -std=c11 -DMEMFD_CREATE -D_GNU_SOURCE=200809L '-DFOOT_DEFAULT_TERM="foot"' '-DUTMP_ADD="add"' '-DUTMP_DEL="del"' '-DUTMP_DEFAULT_HELPER_PATH="/usr/lib/utempter/utempter"' -DUTMP_DEL_HAVE_ARGUMENT=1 -fno-asynchronous-unwind-tables -DFOOT_IME_ENABLED=1 -pedantic -fstrict-aliasing -Wstrict-aliasing -fmacro-prefix-map=../= -DFOOT_GRAPHEME_CLUSTERING=1 -O2 -m64 -march=x86-64 -mtune=generic -flto=auto -ffat-lto-objects -fPIC -MD -MQ libcommon.a.p/xsnprintf.c.o -MF libcommon.a.p/xsnprintf.c.o.d -o libcommon.a.p/xsnprintf.c.o -c ../xsnprintf.c
[25/117] cc -Ilibcommon.a.p -I. -I.. -fdiagnostics-color=always -DNDEBUG -D_FILE_OFFSET_BITS=64 -Wall -Winvalid-pch -std=c11 -DMEMFD_CREATE -D_GNU_SOURCE=200809L '-DFOOT_DEFAULT_TERM="foot"' '-DUTMP_ADD="add"' '-DUTMP_DEL="del"' '-DUTMP_DEFAULT_HELPER_PATH="/usr/lib/utempter/utempter"' -DUTMP_DEL_HAVE_ARGUMENT=1 -fno-asynchronous-unwind-tables -DFOOT_IME_ENABLED=1 -pedantic -fstrict-aliasing -Wstrict-aliasing -fmacro-prefix-map=../= -DFOOT_GRAPHEME_CLUSTERING=1 -O2 -m64 -march=x86-64 -mtune=generic -flto=auto -ffat-lto-objects -fPIC -MD -MQ libcommon.a.p/xmalloc.c.o -MF libcommon.a.p/xmalloc.c.o.d -o libcommon.a.p/xmalloc.c.o -c ../xmalloc.c
[26/117] cc -Ilibcommon.a.p -I. -I.. -fdiagnostics-color=always -DNDEBUG -D_FILE_OFFSET_BITS=64 -Wall -Winvalid-pch -std=c11 -DMEMFD_CREATE -D_GNU_SOURCE=200809L '-DFOOT_DEFAULT_TERM="foot"' '-DUTMP_ADD="add"' '-DUTMP_DEL="del"' '-DUTMP_DEFAULT_HELPER_PATH="/usr/lib/utempter/utempter"' -DUTMP_DEL_HAVE_ARGUMENT=1 -fno-asynchronous-unwind-tables -DFOOT_IME_ENABLED=1 -pedantic -fstrict-aliasing -Wstrict-aliasing -fmacro-prefix-map=../= -DFOOT_GRAPHEME_CLUSTERING=1 -O2 -m64 -march=x86-64 -mtune=generic -flto=auto -ffat-lto-objects -fPIC -MD -MQ libcommon.a.p/debug.c.o -MF libcommon.a.p/debug.c.o.d -o libcommon.a.p/debug.c.o -c ../debug.c
[27/117] cc -Ilibcommon.a.p -I. -I.. -fdiagnostics-color=always -DNDEBUG -D_FILE_OFFSET_BITS=64 -Wall -Winvalid-pch -std=c11 -DMEMFD_CREATE -D_GNU_SOURCE=200809L '-DFOOT_DEFAULT_TERM="foot"' '-DUTMP_ADD="add"' '-DUTMP_DEL="del"' '-DUTMP_DEFAULT_HELPER_PATH="/usr/lib/utempter/utempter"' -DUTMP_DEL_HAVE_ARGUMENT=1 -fno-asynchronous-unwind-tables -DFOOT_IME_ENABLED=1 -pedantic -fstrict-aliasing -Wstrict-aliasing -fmacro-prefix-map=../= -DFOOT_GRAPHEME_CLUSTERING=1 -O2 -m64 -march=x86-64 -mtune=generic -flto=auto -ffat-lto-objects -fPIC -MD -MQ libcommon.a.p/char32.c.o -MF libcommon.a.p/char32.c.o.d -o libcommon.a.p/char32.c.o -c ../char32.c
[28/117] cc  -o utils/xtgettcap utils/xtgettcap.p/xtgettcap.c.o -Wl,--as-needed -Wl,--no-undefined -pie -O2 -m64 -march=x86-64 -mtune=generic -flto=auto -ffat-lto-objects
[29/117] cc -Ilibcommon.a.p -I. -I.. -fdiagnostics-color=always -DNDEBUG -D_FILE_OFFSET_BITS=64 -Wall -Winvalid-pch -std=c11 -DMEMFD_CREATE -D_GNU_SOURCE=200809L '-DFOOT_DEFAULT_TERM="foot"' '-DUTMP_ADD="add"' '-DUTMP_DEL="del"' '-DUTMP_DEFAULT_HELPER_PATH="/usr/lib/utempter/utempter"' -DUTMP_DEL_HAVE_ARGUMENT=1 -fno-asynchronous-unwind-tables -DFOOT_IME_ENABLED=1 -pedantic -fstrict-aliasing -Wstrict-aliasing -fmacro-prefix-map=../= -DFOOT_GRAPHEME_CLUSTERING=1 -O2 -m64 -march=x86-64 -mtune=generic -flto=auto -ffat-lto-objects -fPIC -MD -MQ libcommon.a.p/log.c.o -MF libcommon.a.p/log.c.o.d -o libcommon.a.p/log.c.o -c ../log.c
[30/117] /usr/bin/wayland-scanner client-header //usr/share/wayland-protocols/stable/xdg-shell/xdg-shell.xml xdg-shell.h
[31/117] /usr/bin/wayland-scanner client-header //usr/share/wayland-protocols/unstable/xdg-output/xdg-output-unstable-v1.xml xdg-output-unstable-v1.h
[32/117] /usr/bin/wayland-scanner client-header //usr/share/wayland-protocols/unstable/xdg-decoration/xdg-decoration-unstable-v1.xml xdg-decoration-unstable-v1.h
[33/117] /usr/bin/wayland-scanner client-header //usr/share/wayland-protocols/staging/xdg-activation/xdg-activation-v1.xml xdg-activation-v1.h
[34/117] /usr/bin/wayland-scanner client-header //usr/share/wayland-protocols/stable/viewporter/viewporter.xml viewporter.h
[35/117] /usr/bin/wayland-scanner client-header //usr/share/wayland-protocols/unstable/text-input/text-input-unstable-v3.xml text-input-unstable-v3.h
[36/117] /usr/bin/wayland-scanner client-header //usr/share/wayland-protocols/unstable/tablet/tablet-unstable-v2.xml tablet-unstable-v2.h
[37/117] /usr/bin/wayland-scanner client-header //usr/share/wayland-protocols/unstable/primary-selection/primary-selection-unstable-v1.xml primary-selection-unstable-v1.h
[38/117] /usr/bin/wayland-scanner client-header //usr/share/wayland-protocols/stable/presentation-time/presentation-time.xml presentation-time.h
[39/117] /usr/bin/wayland-scanner client-header //usr/share/wayland-protocols/staging/fractional-scale/fractional-scale-v1.xml fractional-scale-v1.h
[40/117] /usr/bin/wayland-scanner client-header //usr/share/wayland-protocols/staging/cursor-shape/cursor-shape-v1.xml cursor-shape-v1.h
[41/117] cc -Itests/test-config.p -Itests -I../tests -I. -I/usr/include/pixman-1 -I/usr/include/freetype2 -I/usr/include/libpng16 -I/usr/include/harfbuzz -I/usr/include/glib-2.0 -I/usr/lib/glib-2.0/include -fdiagnostics-color=always -DNDEBUG -D_FILE_OFFSET_BITS=64 -Wall -Winvalid-pch -std=c11 -DMEMFD_CREATE -D_GNU_SOURCE=200809L '-DFOOT_DEFAULT_TERM="foot"' '-DUTMP_ADD="add"' '-DUTMP_DEL="del"' '-DUTMP_DEFAULT_HELPER_PATH="/usr/lib/utempter/utempter"' -DUTMP_DEL_HAVE_ARGUMENT=1 -fno-asynchronous-unwind-tables -DFOOT_IME_ENABLED=1 -pedantic -fstrict-aliasing -Wstrict-aliasing -fmacro-prefix-map=../= -DFOOT_GRAPHEME_CLUSTERING=1 -O2 -m64 -march=x86-64 -mtune=generic -flto=auto -ffat-lto-objects -fPIE -DUTF8PROC_EXPORTS -MD -MQ tests/test-config.p/.._tokenize.c.o -MF tests/test-config.p/.._tokenize.c.o.d -o tests/test-config.p/.._tokenize.c.o -c ../tokenize.c
[42/117] cc -Itests/test-config.p -Itests -I../tests -I. -I/usr/include/pixman-1 -I/usr/include/freetype2 -I/usr/include/libpng16 -I/usr/include/harfbuzz -I/usr/include/glib-2.0 -I/usr/lib/glib-2.0/include -fdiagnostics-color=always -DNDEBUG -D_FILE_OFFSET_BITS=64 -Wall -Winvalid-pch -std=c11 -DMEMFD_CREATE -D_GNU_SOURCE=200809L '-DFOOT_DEFAULT_TERM="foot"' '-DUTMP_ADD="add"' '-DUTMP_DEL="del"' '-DUTMP_DEFAULT_HELPER_PATH="/usr/lib/utempter/utempter"' -DUTMP_DEL_HAVE_ARGUMENT=1 -fno-asynchronous-unwind-tables -DFOOT_IME_ENABLED=1 -pedantic -fstrict-aliasing -Wstrict-aliasing -fmacro-prefix-map=../= -DFOOT_GRAPHEME_CLUSTERING=1 -O2 -m64 -march=x86-64 -mtune=generic -flto=auto -ffat-lto-objects -fPIE -DUTF8PROC_EXPORTS -MD -MQ tests/test-config.p/test-config.c.o -MF tests/test-config.p/test-config.c.o.d -o tests/test-config.p/test-config.c.o -c ../tests/test-config.c
[43/117] cc -Ifoot.p -I. -I.. -I/usr/include/pixman-1 -I/usr/include/freetype2 -I/usr/include/libpng16 -I/usr/include/harfbuzz -I/usr/include/glib-2.0 -I/usr/lib/glib-2.0/include -fdiagnostics-color=always -DNDEBUG -D_FILE_OFFSET_BITS=64 -Wall -Winvalid-pch -std=c11 -DMEMFD_CREATE -D_GNU_SOURCE=200809L '-DFOOT_DEFAULT_TERM="foot"' '-DUTMP_ADD="add"' '-DUTMP_DEL="del"' '-DUTMP_DEFAULT_HELPER_PATH="/usr/lib/utempter/utempter"' -DUTMP_DEL_HAVE_ARGUMENT=1 -fno-asynchronous-unwind-tables -DFOOT_IME_ENABLED=1 -pedantic -fstrict-aliasing -Wstrict-aliasing -fmacro-prefix-map=../= -DFOOT_GRAPHEME_CLUSTERING=1 -O2 -m64 -march=x86-64 -mtune=generic -flto=auto -ffat-lto-objects -fPIE -DUTF8PROC_EXPORTS -pthread -MD -MQ foot.p/wayland.c.o -MF foot.p/wayland.c.o.d -o foot.p/wayland.c.o -c ../wayland.c
[44/117] rm -f libmisc.a && gcc-ar csrDT libmisc.a libmisc.a.p/hsl.c.o libmisc.a.p/misc.c.o libmisc.a.p/uri.c.o
[45/117] cc -Ifoot.p -I. -I.. -I/usr/include/pixman-1 -I/usr/include/freetype2 -I/usr/include/libpng16 -I/usr/include/harfbuzz -I/usr/include/glib-2.0 -I/usr/lib/glib-2.0/include -fdiagnostics-color=always -DNDEBUG -D_FILE_OFFSET_BITS=64 -Wall -Winvalid-pch -std=c11 -DMEMFD_CREATE -D_GNU_SOURCE=200809L '-DFOOT_DEFAULT_TERM="foot"' '-DUTMP_ADD="add"' '-DUTMP_DEL="del"' '-DUTMP_DEFAULT_HELPER_PATH="/usr/lib/utempter/utempter"' -DUTMP_DEL_HAVE_ARGUMENT=1 -fno-asynchronous-unwind-tables -DFOOT_IME_ENABLED=1 -pedantic -fstrict-aliasing -Wstrict-aliasing -fmacro-prefix-map=../= -DFOOT_GRAPHEME_CLUSTERING=1 -O2 -m64 -march=x86-64 -mtune=generic -flto=auto -ffat-lto-objects -fPIE -DUTF8PROC_EXPORTS -pthread -MD -MQ foot.p/user-notification.c.o -MF foot.p/user-notification.c.o.d -o foot.p/user-notification.c.o -c ../user-notification.c
[46/117] cc -Ifoot.p -I. -I.. -I/usr/include/pixman-1 -I/usr/include/freetype2 -I/usr/include/libpng16 -I/usr/include/harfbuzz -I/usr/include/glib-2.0 -I/usr/lib/glib-2.0/include -fdiagnostics-color=always -DNDEBUG -D_FILE_OFFSET_BITS=64 -Wall -Winvalid-pch -std=c11 -DMEMFD_CREATE -D_GNU_SOURCE=200809L '-DFOOT_DEFAULT_TERM="foot"' '-DUTMP_ADD="add"' '-DUTMP_DEL="del"' '-DUTMP_DEFAULT_HELPER_PATH="/usr/lib/utempter/utempter"' -DUTMP_DEL_HAVE_ARGUMENT=1 -fno-asynchronous-unwind-tables -DFOOT_IME_ENABLED=1 -pedantic -fstrict-aliasing -Wstrict-aliasing -fmacro-prefix-map=../= -DFOOT_GRAPHEME_CLUSTERING=1 -O2 -m64 -march=x86-64 -mtune=generic -flto=auto -ffat-lto-objects -fPIE -DUTF8PROC_EXPORTS -pthread -MD -MQ foot.p/url-mode.c.o -MF foot.p/url-mode.c.o.d -o foot.p/url-mode.c.o -c ../url-mode.c
[47/117] cc -Ifoot.p -I. -I.. -I/usr/include/pixman-1 -I/usr/include/freetype2 -I/usr/include/libpng16 -I/usr/include/harfbuzz -I/usr/include/glib-2.0 -I/usr/lib/glib-2.0/include -fdiagnostics-color=always -DNDEBUG -D_FILE_OFFSET_BITS=64 -Wall -Winvalid-pch -std=c11 -DMEMFD_CREATE -D_GNU_SOURCE=200809L '-DFOOT_DEFAULT_TERM="foot"' '-DUTMP_ADD="add"' '-DUTMP_DEL="del"' '-DUTMP_DEFAULT_HELPER_PATH="/usr/lib/utempter/utempter"' -DUTMP_DEL_HAVE_ARGUMENT=1 -fno-asynchronous-unwind-tables -DFOOT_IME_ENABLED=1 -pedantic -fstrict-aliasing -Wstrict-aliasing -fmacro-prefix-map=../= -DFOOT_GRAPHEME_CLUSTERING=1 -O2 -m64 -march=x86-64 -mtune=generic -flto=auto -ffat-lto-objects -fPIE -DUTF8PROC_EXPORTS -pthread -MD -MQ foot.p/unicode-mode.c.o -MF foot.p/unicode-mode.c.o.d -o foot.p/unicode-mode.c.o -c ../unicode-mode.c
[48/117] cc -Ifoot.p -I. -I.. -I/usr/include/pixman-1 -I/usr/include/freetype2 -I/usr/include/libpng16 -I/usr/include/harfbuzz -I/usr/include/glib-2.0 -I/usr/lib/glib-2.0/include -fdiagnostics-color=always -DNDEBUG -D_FILE_OFFSET_BITS=64 -Wall -Winvalid-pch -std=c11 -DMEMFD_CREATE -D_GNU_SOURCE=200809L '-DFOOT_DEFAULT_TERM="foot"' '-DUTMP_ADD="add"' '-DUTMP_DEL="del"' '-DUTMP_DEFAULT_HELPER_PATH="/usr/lib/utempter/utempter"' -DUTMP_DEL_HAVE_ARGUMENT=1 -fno-asynchronous-unwind-tables -DFOOT_IME_ENABLED=1 -pedantic -fstrict-aliasing -Wstrict-aliasing -fmacro-prefix-map=../= -DFOOT_GRAPHEME_CLUSTERING=1 -O2 -m64 -march=x86-64 -mtune=generic -flto=auto -ffat-lto-objects -fPIE -DUTF8PROC_EXPORTS -pthread -MD -MQ foot.p/tokenize.c.o -MF foot.p/tokenize.c.o.d -o foot.p/tokenize.c.o -c ../tokenize.c
[49/117] cc -Ifoot.p -I. -I.. -I/usr/include/pixman-1 -I/usr/include/freetype2 -I/usr/include/libpng16 -I/usr/include/harfbuzz -I/usr/include/glib-2.0 -I/usr/lib/glib-2.0/include -fdiagnostics-color=always -DNDEBUG -D_FILE_OFFSET_BITS=64 -Wall -Winvalid-pch -std=c11 -DMEMFD_CREATE -D_GNU_SOURCE=200809L '-DFOOT_DEFAULT_TERM="foot"' '-DUTMP_ADD="add"' '-DUTMP_DEL="del"' '-DUTMP_DEFAULT_HELPER_PATH="/usr/lib/utempter/utempter"' -DUTMP_DEL_HAVE_ARGUMENT=1 -fno-asynchronous-unwind-tables -DFOOT_IME_ENABLED=1 -pedantic -fstrict-aliasing -Wstrict-aliasing -fmacro-prefix-map=../= -DFOOT_GRAPHEME_CLUSTERING=1 -O2 -m64 -march=x86-64 -mtune=generic -flto=auto -ffat-lto-objects -fPIE -DUTF8PROC_EXPORTS -pthread -MD -MQ foot.p/spawn.c.o -MF foot.p/spawn.c.o.d -o foot.p/spawn.c.o -c ../spawn.c
[50/117] rm -f libcommon.a && gcc-ar csrDT libcommon.a libcommon.a.p/log.c.o libcommon.a.p/char32.c.o libcommon.a.p/debug.c.o libcommon.a.p/xmalloc.c.o libcommon.a.p/xsnprintf.c.o
[51/117] cc -Ifoot.p -I. -I.. -I/usr/include/pixman-1 -I/usr/include/freetype2 -I/usr/include/libpng16 -I/usr/include/harfbuzz -I/usr/include/glib-2.0 -I/usr/lib/glib-2.0/include -fdiagnostics-color=always -DNDEBUG -D_FILE_OFFSET_BITS=64 -Wall -Winvalid-pch -std=c11 -DMEMFD_CREATE -D_GNU_SOURCE=200809L '-DFOOT_DEFAULT_TERM="foot"' '-DUTMP_ADD="add"' '-DUTMP_DEL="del"' '-DUTMP_DEFAULT_HELPER_PATH="/usr/lib/utempter/utempter"' -DUTMP_DEL_HAVE_ARGUMENT=1 -fno-asynchronous-unwind-tables -DFOOT_IME_ENABLED=1 -pedantic -fstrict-aliasing -Wstrict-aliasing -fmacro-prefix-map=../= -DFOOT_GRAPHEME_CLUSTERING=1 -O2 -m64 -march=x86-64 -mtune=generic -flto=auto -ffat-lto-objects -fPIE -DUTF8PROC_EXPORTS -pthread -MD -MQ foot.p/slave.c.o -MF foot.p/slave.c.o.d -o foot.p/slave.c.o -c ../slave.c
[52/117] cc  -o footclient footclient.p/client.c.o -Wl,--as-needed -Wl,--no-undefined -pie -O2 -m64 -march=x86-64 -mtune=generic -flto=auto -ffat-lto-objects libcommon.a
[53/117] cc -Ifoot.p -I. -I.. -I/usr/include/pixman-1 -I/usr/include/freetype2 -I/usr/include/libpng16 -I/usr/include/harfbuzz -I/usr/include/glib-2.0 -I/usr/lib/glib-2.0/include -fdiagnostics-color=always -DNDEBUG -D_FILE_OFFSET_BITS=64 -Wall -Winvalid-pch -std=c11 -DMEMFD_CREATE -D_GNU_SOURCE=200809L '-DFOOT_DEFAULT_TERM="foot"' '-DUTMP_ADD="add"' '-DUTMP_DEL="del"' '-DUTMP_DEFAULT_HELPER_PATH="/usr/lib/utempter/utempter"' -DUTMP_DEL_HAVE_ARGUMENT=1 -fno-asynchronous-unwind-tables -DFOOT_IME_ENABLED=1 -pedantic -fstrict-aliasing -Wstrict-aliasing -fmacro-prefix-map=../= -DFOOT_GRAPHEME_CLUSTERING=1 -O2 -m64 -march=x86-64 -mtune=generic -flto=auto -ffat-lto-objects -fPIE -DUTF8PROC_EXPORTS -pthread -MD -MQ foot.p/shm.c.o -MF foot.p/shm.c.o.d -o foot.p/shm.c.o -c ../shm.c
[54/117] cc -Ifoot.p -I. -I.. -I/usr/include/pixman-1 -I/usr/include/freetype2 -I/usr/include/libpng16 -I/usr/include/harfbuzz -I/usr/include/glib-2.0 -I/usr/lib/glib-2.0/include -fdiagnostics-color=always -DNDEBUG -D_FILE_OFFSET_BITS=64 -Wall -Winvalid-pch -std=c11 -DMEMFD_CREATE -D_GNU_SOURCE=200809L '-DFOOT_DEFAULT_TERM="foot"' '-DUTMP_ADD="add"' '-DUTMP_DEL="del"' '-DUTMP_DEFAULT_HELPER_PATH="/usr/lib/utempter/utempter"' -DUTMP_DEL_HAVE_ARGUMENT=1 -fno-asynchronous-unwind-tables -DFOOT_IME_ENABLED=1 -pedantic -fstrict-aliasing -Wstrict-aliasing -fmacro-prefix-map=../= -DFOOT_GRAPHEME_CLUSTERING=1 -O2 -m64 -march=x86-64 -mtune=generic -flto=auto -ffat-lto-objects -fPIE -DUTF8PROC_EXPORTS -pthread -MD -MQ foot.p/server.c.o -MF foot.p/server.c.o.d -o foot.p/server.c.o -c ../server.c
[55/117] cc -Ifoot.p -I. -I.. -I/usr/include/pixman-1 -I/usr/include/freetype2 -I/usr/include/libpng16 -I/usr/include/harfbuzz -I/usr/include/glib-2.0 -I/usr/lib/glib-2.0/include -fdiagnostics-color=always -DNDEBUG -D_FILE_OFFSET_BITS=64 -Wall -Winvalid-pch -std=c11 -DMEMFD_CREATE -D_GNU_SOURCE=200809L '-DFOOT_DEFAULT_TERM="foot"' '-DUTMP_ADD="add"' '-DUTMP_DEL="del"' '-DUTMP_DEFAULT_HELPER_PATH="/usr/lib/utempter/utempter"' -DUTMP_DEL_HAVE_ARGUMENT=1 -fno-asynchronous-unwind-tables -DFOOT_IME_ENABLED=1 -pedantic -fstrict-aliasing -Wstrict-aliasing -fmacro-prefix-map=../= -DFOOT_GRAPHEME_CLUSTERING=1 -O2 -m64 -march=x86-64 -mtune=generic -flto=auto -ffat-lto-objects -fPIE -DUTF8PROC_EXPORTS -pthread -MD -MQ foot.p/search.c.o -MF foot.p/search.c.o.d -o foot.p/search.c.o -c ../search.c
[56/117] cc -Ifoot.p -I. -I.. -I/usr/include/pixman-1 -I/usr/include/freetype2 -I/usr/include/libpng16 -I/usr/include/harfbuzz -I/usr/include/glib-2.0 -I/usr/lib/glib-2.0/include -fdiagnostics-color=always -DNDEBUG -D_FILE_OFFSET_BITS=64 -Wall -Winvalid-pch -std=c11 -DMEMFD_CREATE -D_GNU_SOURCE=200809L '-DFOOT_DEFAULT_TERM="foot"' '-DUTMP_ADD="add"' '-DUTMP_DEL="del"' '-DUTMP_DEFAULT_HELPER_PATH="/usr/lib/utempter/utempter"' -DUTMP_DEL_HAVE_ARGUMENT=1 -fno-asynchronous-unwind-tables -DFOOT_IME_ENABLED=1 -pedantic -fstrict-aliasing -Wstrict-aliasing -fmacro-prefix-map=../= -DFOOT_GRAPHEME_CLUSTERING=1 -O2 -m64 -march=x86-64 -mtune=generic -flto=auto -ffat-lto-objects -fPIE -DUTF8PROC_EXPORTS -pthread -MD -MQ foot.p/render.c.o -MF foot.p/render.c.o.d -o foot.p/render.c.o -c ../render.c
[57/117] cc -Ifoot.p -I. -I.. -I/usr/include/pixman-1 -I/usr/include/freetype2 -I/usr/include/libpng16 -I/usr/include/harfbuzz -I/usr/include/glib-2.0 -I/usr/lib/glib-2.0/include -fdiagnostics-color=always -DNDEBUG -D_FILE_OFFSET_BITS=64 -Wall -Winvalid-pch -std=c11 -DMEMFD_CREATE -D_GNU_SOURCE=200809L '-DFOOT_DEFAULT_TERM="foot"' '-DUTMP_ADD="add"' '-DUTMP_DEL="del"' '-DUTMP_DEFAULT_HELPER_PATH="/usr/lib/utempter/utempter"' -DUTMP_DEL_HAVE_ARGUMENT=1 -fno-asynchronous-unwind-tables -DFOOT_IME_ENABLED=1 -pedantic -fstrict-aliasing -Wstrict-aliasing -fmacro-prefix-map=../= -DFOOT_GRAPHEME_CLUSTERING=1 -O2 -m64 -march=x86-64 -mtune=generic -flto=auto -ffat-lto-objects -fPIE -DUTF8PROC_EXPORTS -pthread -MD -MQ foot.p/reaper.c.o -MF foot.p/reaper.c.o.d -o foot.p/reaper.c.o -c ../reaper.c
[58/117] cc -Ifoot.p -I. -I.. -I/usr/include/pixman-1 -I/usr/include/freetype2 -I/usr/include/libpng16 -I/usr/include/harfbuzz -I/usr/include/glib-2.0 -I/usr/lib/glib-2.0/include -fdiagnostics-color=always -DNDEBUG -D_FILE_OFFSET_BITS=64 -Wall -Winvalid-pch -std=c11 -DMEMFD_CREATE -D_GNU_SOURCE=200809L '-DFOOT_DEFAULT_TERM="foot"' '-DUTMP_ADD="add"' '-DUTMP_DEL="del"' '-DUTMP_DEFAULT_HELPER_PATH="/usr/lib/utempter/utempter"' -DUTMP_DEL_HAVE_ARGUMENT=1 -fno-asynchronous-unwind-tables -DFOOT_IME_ENABLED=1 -pedantic -fstrict-aliasing -Wstrict-aliasing -fmacro-prefix-map=../= -DFOOT_GRAPHEME_CLUSTERING=1 -O2 -m64 -march=x86-64 -mtune=generic -flto=auto -ffat-lto-objects -fPIE -DUTF8PROC_EXPORTS -pthread -MD -MQ foot.p/quirks.c.o -MF foot.p/quirks.c.o.d -o foot.p/quirks.c.o -c ../quirks.c
[59/117] cc -Ifoot.p -I. -I.. -I/usr/include/pixman-1 -I/usr/include/freetype2 -I/usr/include/libpng16 -I/usr/include/harfbuzz -I/usr/include/glib-2.0 -I/usr/lib/glib-2.0/include -fdiagnostics-color=always -DNDEBUG -D_FILE_OFFSET_BITS=64 -Wall -Winvalid-pch -std=c11 -DMEMFD_CREATE -D_GNU_SOURCE=200809L '-DFOOT_DEFAULT_TERM="foot"' '-DUTMP_ADD="add"' '-DUTMP_DEL="del"' '-DUTMP_DEFAULT_HELPER_PATH="/usr/lib/utempter/utempter"' -DUTMP_DEL_HAVE_ARGUMENT=1 -fno-asynchronous-unwind-tables -DFOOT_IME_ENABLED=1 -pedantic -fstrict-aliasing -Wstrict-aliasing -fmacro-prefix-map=../= -DFOOT_GRAPHEME_CLUSTERING=1 -O2 -m64 -march=x86-64 -mtune=generic -flto=auto -ffat-lto-objects -fPIE -DUTF8PROC_EXPORTS -pthread -MD -MQ foot.p/notify.c.o -MF foot.p/notify.c.o.d -o foot.p/notify.c.o -c ../notify.c
[60/117] cc -Ifoot.p -I. -I.. -I/usr/include/pixman-1 -I/usr/include/freetype2 -I/usr/include/libpng16 -I/usr/include/harfbuzz -I/usr/include/glib-2.0 -I/usr/lib/glib-2.0/include -fdiagnostics-color=always -DNDEBUG -D_FILE_OFFSET_BITS=64 -Wall -Winvalid-pch -std=c11 -DMEMFD_CREATE -D_GNU_SOURCE=200809L '-DFOOT_DEFAULT_TERM="foot"' '-DUTMP_ADD="add"' '-DUTMP_DEL="del"' '-DUTMP_DEFAULT_HELPER_PATH="/usr/lib/utempter/utempter"' -DUTMP_DEL_HAVE_ARGUMENT=1 -fno-asynchronous-unwind-tables -DFOOT_IME_ENABLED=1 -pedantic -fstrict-aliasing -Wstrict-aliasing -fmacro-prefix-map=../= -DFOOT_GRAPHEME_CLUSTERING=1 -O2 -m64 -march=x86-64 -mtune=generic -flto=auto -ffat-lto-objects -fPIE -DUTF8PROC_EXPORTS -pthread -MD -MQ foot.p/main.c.o -MF foot.p/main.c.o.d -o foot.p/main.c.o -c ../main.c
[61/117] cc -Ifoot.p -I. -I.. -I/usr/include/pixman-1 -I/usr/include/freetype2 -I/usr/include/libpng16 -I/usr/include/harfbuzz -I/usr/include/glib-2.0 -I/usr/lib/glib-2.0/include -fdiagnostics-color=always -DNDEBUG -D_FILE_OFFSET_BITS=64 -Wall -Winvalid-pch -std=c11 -DMEMFD_CREATE -D_GNU_SOURCE=200809L '-DFOOT_DEFAULT_TERM="foot"' '-DUTMP_ADD="add"' '-DUTMP_DEL="del"' '-DUTMP_DEFAULT_HELPER_PATH="/usr/lib/utempter/utempter"' -DUTMP_DEL_HAVE_ARGUMENT=1 -fno-asynchronous-unwind-tables -DFOOT_IME_ENABLED=1 -pedantic -fstrict-aliasing -Wstrict-aliasing -fmacro-prefix-map=../= -DFOOT_GRAPHEME_CLUSTERING=1 -O2 -m64 -march=x86-64 -mtune=generic -flto=auto -ffat-lto-objects -fPIE -DUTF8PROC_EXPORTS -pthread -MD -MQ foot.p/key-binding.c.o -MF foot.p/key-binding.c.o.d -o foot.p/key-binding.c.o -c ../key-binding.c
[62/117] cc -Ifoot.p -I. -I.. -I/usr/include/pixman-1 -I/usr/include/freetype2 -I/usr/include/libpng16 -I/usr/include/harfbuzz -I/usr/include/glib-2.0 -I/usr/lib/glib-2.0/include -fdiagnostics-color=always -DNDEBUG -D_FILE_OFFSET_BITS=64 -Wall -Winvalid-pch -std=c11 -DMEMFD_CREATE -D_GNU_SOURCE=200809L '-DFOOT_DEFAULT_TERM="foot"' '-DUTMP_ADD="add"' '-DUTMP_DEL="del"' '-DUTMP_DEFAULT_HELPER_PATH="/usr/lib/utempter/utempter"' -DUTMP_DEL_HAVE_ARGUMENT=1 -fno-asynchronous-unwind-tables -DFOOT_IME_ENABLED=1 -pedantic -fstrict-aliasing -Wstrict-aliasing -fmacro-prefix-map=../= -DFOOT_GRAPHEME_CLUSTERING=1 -O2 -m64 -march=x86-64 -mtune=generic -flto=auto -ffat-lto-objects -fPIE -DUTF8PROC_EXPORTS -pthread -MD -MQ foot.p/input.c.o -MF foot.p/input.c.o.d -o foot.p/input.c.o -c ../input.c
[63/117] cc -Ifoot.p -I. -I.. -I/usr/include/pixman-1 -I/usr/include/freetype2 -I/usr/include/libpng16 -I/usr/include/harfbuzz -I/usr/include/glib-2.0 -I/usr/lib/glib-2.0/include -fdiagnostics-color=always -DNDEBUG -D_FILE_OFFSET_BITS=64 -Wall -Winvalid-pch -std=c11 -DMEMFD_CREATE -D_GNU_SOURCE=200809L '-DFOOT_DEFAULT_TERM="foot"' '-DUTMP_ADD="add"' '-DUTMP_DEL="del"' '-DUTMP_DEFAULT_HELPER_PATH="/usr/lib/utempter/utempter"' -DUTMP_DEL_HAVE_ARGUMENT=1 -fno-asynchronous-unwind-tables -DFOOT_IME_ENABLED=1 -pedantic -fstrict-aliasing -Wstrict-aliasing -fmacro-prefix-map=../= -DFOOT_GRAPHEME_CLUSTERING=1 -O2 -m64 -march=x86-64 -mtune=generic -flto=auto -ffat-lto-objects -fPIE -DUTF8PROC_EXPORTS -pthread -MD -MQ foot.p/ime.c.o -MF foot.p/ime.c.o.d -o foot.p/ime.c.o -c ../ime.c
[64/117] cc -Ifoot.p -I. -I.. -I/usr/include/pixman-1 -I/usr/include/freetype2 -I/usr/include/libpng16 -I/usr/include/harfbuzz -I/usr/include/glib-2.0 -I/usr/lib/glib-2.0/include -fdiagnostics-color=always -DNDEBUG -D_FILE_OFFSET_BITS=64 -Wall -Winvalid-pch -std=c11 -DMEMFD_CREATE -D_GNU_SOURCE=200809L '-DFOOT_DEFAULT_TERM="foot"' '-DUTMP_ADD="add"' '-DUTMP_DEL="del"' '-DUTMP_DEFAULT_HELPER_PATH="/usr/lib/utempter/utempter"' -DUTMP_DEL_HAVE_ARGUMENT=1 -fno-asynchronous-unwind-tables -DFOOT_IME_ENABLED=1 -pedantic -fstrict-aliasing -Wstrict-aliasing -fmacro-prefix-map=../= -DFOOT_GRAPHEME_CLUSTERING=1 -O2 -m64 -march=x86-64 -mtune=generic -flto=auto -ffat-lto-objects -fPIE -DUTF8PROC_EXPORTS -pthread -MD -MQ foot.p/fdm.c.o -MF foot.p/fdm.c.o.d -o foot.p/fdm.c.o -c ../fdm.c
[65/117] cc -Ifoot.p -I. -I.. -I/usr/include/pixman-1 -I/usr/include/freetype2 -I/usr/include/libpng16 -I/usr/include/harfbuzz -I/usr/include/glib-2.0 -I/usr/lib/glib-2.0/include -fdiagnostics-color=always -DNDEBUG -D_FILE_OFFSET_BITS=64 -Wall -Winvalid-pch -std=c11 -DMEMFD_CREATE -D_GNU_SOURCE=200809L '-DFOOT_DEFAULT_TERM="foot"' '-DUTMP_ADD="add"' '-DUTMP_DEL="del"' '-DUTMP_DEFAULT_HELPER_PATH="/usr/lib/utempter/utempter"' -DUTMP_DEL_HAVE_ARGUMENT=1 -fno-asynchronous-unwind-tables -DFOOT_IME_ENABLED=1 -pedantic -fstrict-aliasing -Wstrict-aliasing -fmacro-prefix-map=../= -DFOOT_GRAPHEME_CLUSTERING=1 -O2 -m64 -march=x86-64 -mtune=generic -flto=auto -ffat-lto-objects -fPIE -DUTF8PROC_EXPORTS -pthread -MD -MQ foot.p/extract.c.o -MF foot.p/extract.c.o.d -o foot.p/extract.c.o -c ../extract.c
[66/117] cc -Ifoot.p -I. -I.. -I/usr/include/pixman-1 -I/usr/include/freetype2 -I/usr/include/libpng16 -I/usr/include/harfbuzz -I/usr/include/glib-2.0 -I/usr/lib/glib-2.0/include -fdiagnostics-color=always -DNDEBUG -D_FILE_OFFSET_BITS=64 -Wall -Winvalid-pch -std=c11 -DMEMFD_CREATE -D_GNU_SOURCE=200809L '-DFOOT_DEFAULT_TERM="foot"' '-DUTMP_ADD="add"' '-DUTMP_DEL="del"' '-DUTMP_DEFAULT_HELPER_PATH="/usr/lib/utempter/utempter"' -DUTMP_DEL_HAVE_ARGUMENT=1 -fno-asynchronous-unwind-tables -DFOOT_IME_ENABLED=1 -pedantic -fstrict-aliasing -Wstrict-aliasing -fmacro-prefix-map=../= -DFOOT_GRAPHEME_CLUSTERING=1 -O2 -m64 -march=x86-64 -mtune=generic -flto=auto -ffat-lto-objects -fPIE -DUTF8PROC_EXPORTS -pthread -MD -MQ foot.p/commands.c.o -MF foot.p/commands.c.o.d -o foot.p/commands.c.o -c ../commands.c
[67/117] cc -Ifoot.p -I. -I.. -I/usr/include/pixman-1 -I/usr/include/freetype2 -I/usr/include/libpng16 -I/usr/include/harfbuzz -I/usr/include/glib-2.0 -I/usr/lib/glib-2.0/include -fdiagnostics-color=always -DNDEBUG -D_FILE_OFFSET_BITS=64 -Wall -Winvalid-pch -std=c11 -DMEMFD_CREATE -D_GNU_SOURCE=200809L '-DFOOT_DEFAULT_TERM="foot"' '-DUTMP_ADD="add"' '-DUTMP_DEL="del"' '-DUTMP_DEFAULT_HELPER_PATH="/usr/lib/utempter/utempter"' -DUTMP_DEL_HAVE_ARGUMENT=1 -fno-asynchronous-unwind-tables -DFOOT_IME_ENABLED=1 -pedantic -fstrict-aliasing -Wstrict-aliasing -fmacro-prefix-map=../= -DFOOT_GRAPHEME_CLUSTERING=1 -O2 -m64 -march=x86-64 -mtune=generic -flto=auto -ffat-lto-objects -fPIE -DUTF8PROC_EXPORTS -pthread -MD -MQ foot.p/config.c.o -MF foot.p/config.c.o.d -o foot.p/config.c.o -c ../config.c
[68/117] cc -Ifoot.p -I. -I.. -I/usr/include/pixman-1 -I/usr/include/freetype2 -I/usr/include/libpng16 -I/usr/include/harfbuzz -I/usr/include/glib-2.0 -I/usr/lib/glib-2.0/include -fdiagnostics-color=always -DNDEBUG -D_FILE_OFFSET_BITS=64 -Wall -Winvalid-pch -std=c11 -DMEMFD_CREATE -D_GNU_SOURCE=200809L '-DFOOT_DEFAULT_TERM="foot"' '-DUTMP_ADD="add"' '-DUTMP_DEL="del"' '-DUTMP_DEFAULT_HELPER_PATH="/usr/lib/utempter/utempter"' -DUTMP_DEL_HAVE_ARGUMENT=1 -fno-asynchronous-unwind-tables -DFOOT_IME_ENABLED=1 -pedantic -fstrict-aliasing -Wstrict-aliasing -fmacro-prefix-map=../= -DFOOT_GRAPHEME_CLUSTERING=1 -O2 -m64 -march=x86-64 -mtune=generic -flto=auto -ffat-lto-objects -fPIE -DUTF8PROC_EXPORTS -pthread -MD -MQ foot.p/box-drawing.c.o -MF foot.p/box-drawing.c.o.d -o foot.p/box-drawing.c.o -c ../box-drawing.c
[69/117] cc -Ifoot.p -I. -I.. -I/usr/include/pixman-1 -I/usr/include/freetype2 -I/usr/include/libpng16 -I/usr/include/harfbuzz -I/usr/include/glib-2.0 -I/usr/lib/glib-2.0/include -fdiagnostics-color=always -DNDEBUG -D_FILE_OFFSET_BITS=64 -Wall -Winvalid-pch -std=c11 -DMEMFD_CREATE -D_GNU_SOURCE=200809L '-DFOOT_DEFAULT_TERM="foot"' '-DUTMP_ADD="add"' '-DUTMP_DEL="del"' '-DUTMP_DEFAULT_HELPER_PATH="/usr/lib/utempter/utempter"' -DUTMP_DEL_HAVE_ARGUMENT=1 -fno-asynchronous-unwind-tables -DFOOT_IME_ENABLED=1 -pedantic -fstrict-aliasing -Wstrict-aliasing -fmacro-prefix-map=../= -DFOOT_GRAPHEME_CLUSTERING=1 -O2 -m64 -march=x86-64 -mtune=generic -flto=auto -ffat-lto-objects -fPIE -DUTF8PROC_EXPORTS -pthread -MD -MQ foot.p/async.c.o -MF foot.p/async.c.o.d -o foot.p/async.c.o -c ../async.c
[70/117] cc -Ifoot.p -I. -I.. -I/usr/include/pixman-1 -I/usr/include/freetype2 -I/usr/include/libpng16 -I/usr/include/harfbuzz -I/usr/include/glib-2.0 -I/usr/lib/glib-2.0/include -fdiagnostics-color=always -DNDEBUG -D_FILE_OFFSET_BITS=64 -Wall -Winvalid-pch -std=c11 -DMEMFD_CREATE -D_GNU_SOURCE=200809L '-DFOOT_DEFAULT_TERM="foot"' '-DUTMP_ADD="add"' '-DUTMP_DEL="del"' '-DUTMP_DEFAULT_HELPER_PATH="/usr/lib/utempter/utempter"' -DUTMP_DEL_HAVE_ARGUMENT=1 -fno-asynchronous-unwind-tables -DFOOT_IME_ENABLED=1 -pedantic -fstrict-aliasing -Wstrict-aliasing -fmacro-prefix-map=../= -DFOOT_GRAPHEME_CLUSTERING=1 -O2 -m64 -march=x86-64 -mtune=generic -flto=auto -ffat-lto-objects -fPIE -DUTF8PROC_EXPORTS -pthread -MD -MQ foot.p/meson-generated_.._cursor-shape-v1.c.o -MF foot.p/meson-generated_.._cursor-shape-v1.c.o.d -o foot.p/meson-generated_.._cursor-shape-v1.c.o -c cursor-shape-v1.c
[71/117] cc -Ifoot.p -I. -I.. -I/usr/include/pixman-1 -I/usr/include/freetype2 -I/usr/include/libpng16 -I/usr/include/harfbuzz -I/usr/include/glib-2.0 -I/usr/lib/glib-2.0/include -fdiagnostics-color=always -DNDEBUG -D_FILE_OFFSET_BITS=64 -Wall -Winvalid-pch -std=c11 -DMEMFD_CREATE -D_GNU_SOURCE=200809L '-DFOOT_DEFAULT_TERM="foot"' '-DUTMP_ADD="add"' '-DUTMP_DEL="del"' '-DUTMP_DEFAULT_HELPER_PATH="/usr/lib/utempter/utempter"' -DUTMP_DEL_HAVE_ARGUMENT=1 -fno-asynchronous-unwind-tables -DFOOT_IME_ENABLED=1 -pedantic -fstrict-aliasing -Wstrict-aliasing -fmacro-prefix-map=../= -DFOOT_GRAPHEME_CLUSTERING=1 -O2 -m64 -march=x86-64 -mtune=generic -flto=auto -ffat-lto-objects -fPIE -DUTF8PROC_EXPORTS -pthread -MD -MQ foot.p/meson-generated_.._tablet-unstable-v2.c.o -MF foot.p/meson-generated_.._tablet-unstable-v2.c.o.d -o foot.p/meson-generated_.._tablet-unstable-v2.c.o -c tablet-unstable-v2.c
[72/117] cc -Ifoot.p -I. -I.. -I/usr/include/pixman-1 -I/usr/include/freetype2 -I/usr/include/libpng16 -I/usr/include/harfbuzz -I/usr/include/glib-2.0 -I/usr/lib/glib-2.0/include -fdiagnostics-color=always -DNDEBUG -D_FILE_OFFSET_BITS=64 -Wall -Winvalid-pch -std=c11 -DMEMFD_CREATE -D_GNU_SOURCE=200809L '-DFOOT_DEFAULT_TERM="foot"' '-DUTMP_ADD="add"' '-DUTMP_DEL="del"' '-DUTMP_DEFAULT_HELPER_PATH="/usr/lib/utempter/utempter"' -DUTMP_DEL_HAVE_ARGUMENT=1 -fno-asynchronous-unwind-tables -DFOOT_IME_ENABLED=1 -pedantic -fstrict-aliasing -Wstrict-aliasing -fmacro-prefix-map=../= -DFOOT_GRAPHEME_CLUSTERING=1 -O2 -m64 -march=x86-64 -mtune=generic -flto=auto -ffat-lto-objects -fPIE -DUTF8PROC_EXPORTS -pthread -MD -MQ foot.p/meson-generated_.._fractional-scale-v1.c.o -MF foot.p/meson-generated_.._fractional-scale-v1.c.o.d -o foot.p/meson-generated_.._fractional-scale-v1.c.o -c fractional-scale-v1.c
[73/117] cc -Ifoot.p -I. -I.. -I/usr/include/pixman-1 -I/usr/include/freetype2 -I/usr/include/libpng16 -I/usr/include/harfbuzz -I/usr/include/glib-2.0 -I/usr/lib/glib-2.0/include -fdiagnostics-color=always -DNDEBUG -D_FILE_OFFSET_BITS=64 -Wall -Winvalid-pch -std=c11 -DMEMFD_CREATE -D_GNU_SOURCE=200809L '-DFOOT_DEFAULT_TERM="foot"' '-DUTMP_ADD="add"' '-DUTMP_DEL="del"' '-DUTMP_DEFAULT_HELPER_PATH="/usr/lib/utempter/utempter"' -DUTMP_DEL_HAVE_ARGUMENT=1 -fno-asynchronous-unwind-tables -DFOOT_IME_ENABLED=1 -pedantic -fstrict-aliasing -Wstrict-aliasing -fmacro-prefix-map=../= -DFOOT_GRAPHEME_CLUSTERING=1 -O2 -m64 -march=x86-64 -mtune=generic -flto=auto -ffat-lto-objects -fPIE -DUTF8PROC_EXPORTS -pthread -MD -MQ foot.p/meson-generated_.._viewporter.c.o -MF foot.p/meson-generated_.._viewporter.c.o.d -o foot.p/meson-generated_.._viewporter.c.o -c viewporter.c
[74/117] cc -Ifoot.p -I. -I.. -I/usr/include/pixman-1 -I/usr/include/freetype2 -I/usr/include/libpng16 -I/usr/include/harfbuzz -I/usr/include/glib-2.0 -I/usr/lib/glib-2.0/include -fdiagnostics-color=always -DNDEBUG -D_FILE_OFFSET_BITS=64 -Wall -Winvalid-pch -std=c11 -DMEMFD_CREATE -D_GNU_SOURCE=200809L '-DFOOT_DEFAULT_TERM="foot"' '-DUTMP_ADD="add"' '-DUTMP_DEL="del"' '-DUTMP_DEFAULT_HELPER_PATH="/usr/lib/utempter/utempter"' -DUTMP_DEL_HAVE_ARGUMENT=1 -fno-asynchronous-unwind-tables -DFOOT_IME_ENABLED=1 -pedantic -fstrict-aliasing -Wstrict-aliasing -fmacro-prefix-map=../= -DFOOT_GRAPHEME_CLUSTERING=1 -O2 -m64 -march=x86-64 -mtune=generic -flto=auto -ffat-lto-objects -fPIE -DUTF8PROC_EXPORTS -pthread -MD -MQ foot.p/meson-generated_.._xdg-activation-v1.c.o -MF foot.p/meson-generated_.._xdg-activation-v1.c.o.d -o foot.p/meson-generated_.._xdg-activation-v1.c.o -c xdg-activation-v1.c
[75/117] cc -Ifoot.p -I. -I.. -I/usr/include/pixman-1 -I/usr/include/freetype2 -I/usr/include/libpng16 -I/usr/include/harfbuzz -I/usr/include/glib-2.0 -I/usr/lib/glib-2.0/include -fdiagnostics-color=always -DNDEBUG -D_FILE_OFFSET_BITS=64 -Wall -Winvalid-pch -std=c11 -DMEMFD_CREATE -D_GNU_SOURCE=200809L '-DFOOT_DEFAULT_TERM="foot"' '-DUTMP_ADD="add"' '-DUTMP_DEL="del"' '-DUTMP_DEFAULT_HELPER_PATH="/usr/lib/utempter/utempter"' -DUTMP_DEL_HAVE_ARGUMENT=1 -fno-asynchronous-unwind-tables -DFOOT_IME_ENABLED=1 -pedantic -fstrict-aliasing -Wstrict-aliasing -fmacro-prefix-map=../= -DFOOT_GRAPHEME_CLUSTERING=1 -O2 -m64 -march=x86-64 -mtune=generic -flto=auto -ffat-lto-objects -fPIE -DUTF8PROC_EXPORTS -pthread -MD -MQ foot.p/meson-generated_.._text-input-unstable-v3.c.o -MF foot.p/meson-generated_.._text-input-unstable-v3.c.o.d -o foot.p/meson-generated_.._text-input-unstable-v3.c.o -c text-input-unstable-v3.c
[76/117] cc -Ifoot.p -I. -I.. -I/usr/include/pixman-1 -I/usr/include/freetype2 -I/usr/include/libpng16 -I/usr/include/harfbuzz -I/usr/include/glib-2.0 -I/usr/lib/glib-2.0/include -fdiagnostics-color=always -DNDEBUG -D_FILE_OFFSET_BITS=64 -Wall -Winvalid-pch -std=c11 -DMEMFD_CREATE -D_GNU_SOURCE=200809L '-DFOOT_DEFAULT_TERM="foot"' '-DUTMP_ADD="add"' '-DUTMP_DEL="del"' '-DUTMP_DEFAULT_HELPER_PATH="/usr/lib/utempter/utempter"' -DUTMP_DEL_HAVE_ARGUMENT=1 -fno-asynchronous-unwind-tables -DFOOT_IME_ENABLED=1 -pedantic -fstrict-aliasing -Wstrict-aliasing -fmacro-prefix-map=../= -DFOOT_GRAPHEME_CLUSTERING=1 -O2 -m64 -march=x86-64 -mtune=generic -flto=auto -ffat-lto-objects -fPIE -DUTF8PROC_EXPORTS -pthread -MD -MQ foot.p/meson-generated_.._presentation-time.c.o -MF foot.p/meson-generated_.._presentation-time.c.o.d -o foot.p/meson-generated_.._presentation-time.c.o -c presentation-time.c
[77/117] cc -Ifoot.p -I. -I.. -I/usr/include/pixman-1 -I/usr/include/freetype2 -I/usr/include/libpng16 -I/usr/include/harfbuzz -I/usr/include/glib-2.0 -I/usr/lib/glib-2.0/include -fdiagnostics-color=always -DNDEBUG -D_FILE_OFFSET_BITS=64 -Wall -Winvalid-pch -std=c11 -DMEMFD_CREATE -D_GNU_SOURCE=200809L '-DFOOT_DEFAULT_TERM="foot"' '-DUTMP_ADD="add"' '-DUTMP_DEL="del"' '-DUTMP_DEFAULT_HELPER_PATH="/usr/lib/utempter/utempter"' -DUTMP_DEL_HAVE_ARGUMENT=1 -fno-asynchronous-unwind-tables -DFOOT_IME_ENABLED=1 -pedantic -fstrict-aliasing -Wstrict-aliasing -fmacro-prefix-map=../= -DFOOT_GRAPHEME_CLUSTERING=1 -O2 -m64 -march=x86-64 -mtune=generic -flto=auto -ffat-lto-objects -fPIE -DUTF8PROC_EXPORTS -pthread -MD -MQ foot.p/meson-generated_.._primary-selection-unstable-v1.c.o -MF foot.p/meson-generated_.._primary-selection-unstable-v1.c.o.d -o foot.p/meson-generated_.._primary-selection-unstable-v1.c.o -c primary-selection-unstable-v1.c
[78/117] cc -Ifoot.p -I. -I.. -I/usr/include/pixman-1 -I/usr/include/freetype2 -I/usr/include/libpng16 -I/usr/include/harfbuzz -I/usr/include/glib-2.0 -I/usr/lib/glib-2.0/include -fdiagnostics-color=always -DNDEBUG -D_FILE_OFFSET_BITS=64 -Wall -Winvalid-pch -std=c11 -DMEMFD_CREATE -D_GNU_SOURCE=200809L '-DFOOT_DEFAULT_TERM="foot"' '-DUTMP_ADD="add"' '-DUTMP_DEL="del"' '-DUTMP_DEFAULT_HELPER_PATH="/usr/lib/utempter/utempter"' -DUTMP_DEL_HAVE_ARGUMENT=1 -fno-asynchronous-unwind-tables -DFOOT_IME_ENABLED=1 -pedantic -fstrict-aliasing -Wstrict-aliasing -fmacro-prefix-map=../= -DFOOT_GRAPHEME_CLUSTERING=1 -O2 -m64 -march=x86-64 -mtune=generic -flto=auto -ffat-lto-objects -fPIE -DUTF8PROC_EXPORTS -pthread -MD -MQ foot.p/meson-generated_.._xdg-output-unstable-v1.c.o -MF foot.p/meson-generated_.._xdg-output-unstable-v1.c.o.d -o foot.p/meson-generated_.._xdg-output-unstable-v1.c.o -c xdg-output-unstable-v1.c
[79/117] cc -Ifoot.p -I. -I.. -I/usr/include/pixman-1 -I/usr/include/freetype2 -I/usr/include/libpng16 -I/usr/include/harfbuzz -I/usr/include/glib-2.0 -I/usr/lib/glib-2.0/include -fdiagnostics-color=always -DNDEBUG -D_FILE_OFFSET_BITS=64 -Wall -Winvalid-pch -std=c11 -DMEMFD_CREATE -D_GNU_SOURCE=200809L '-DFOOT_DEFAULT_TERM="foot"' '-DUTMP_ADD="add"' '-DUTMP_DEL="del"' '-DUTMP_DEFAULT_HELPER_PATH="/usr/lib/utempter/utempter"' -DUTMP_DEL_HAVE_ARGUMENT=1 -fno-asynchronous-unwind-tables -DFOOT_IME_ENABLED=1 -pedantic -fstrict-aliasing -Wstrict-aliasing -fmacro-prefix-map=../= -DFOOT_GRAPHEME_CLUSTERING=1 -O2 -m64 -march=x86-64 -mtune=generic -flto=auto -ffat-lto-objects -fPIE -DUTF8PROC_EXPORTS -pthread -MD -MQ foot.p/meson-generated_.._xdg-decoration-unstable-v1.c.o -MF foot.p/meson-generated_.._xdg-decoration-unstable-v1.c.o.d -o foot.p/meson-generated_.._xdg-decoration-unstable-v1.c.o -c xdg-decoration-unstable-v1.c
[80/117] cc -Ifoot.p -I. -I.. -I/usr/include/pixman-1 -I/usr/include/freetype2 -I/usr/include/libpng16 -I/usr/include/harfbuzz -I/usr/include/glib-2.0 -I/usr/lib/glib-2.0/include -fdiagnostics-color=always -DNDEBUG -D_FILE_OFFSET_BITS=64 -Wall -Winvalid-pch -std=c11 -DMEMFD_CREATE -D_GNU_SOURCE=200809L '-DFOOT_DEFAULT_TERM="foot"' '-DUTMP_ADD="add"' '-DUTMP_DEL="del"' '-DUTMP_DEFAULT_HELPER_PATH="/usr/lib/utempter/utempter"' -DUTMP_DEL_HAVE_ARGUMENT=1 -fno-asynchronous-unwind-tables -DFOOT_IME_ENABLED=1 -pedantic -fstrict-aliasing -Wstrict-aliasing -fmacro-prefix-map=../= -DFOOT_GRAPHEME_CLUSTERING=1 -O2 -m64 -march=x86-64 -mtune=generic -flto=auto -ffat-lto-objects -fPIE -DUTF8PROC_EXPORTS -pthread -MD -MQ foot.p/meson-generated_.._xdg-shell.c.o -MF foot.p/meson-generated_.._xdg-shell.c.o.d -o foot.p/meson-generated_.._xdg-shell.c.o -c xdg-shell.c
[81/117] cc -Ilibpgolib.a.p -I. -I.. -I/usr/include/pixman-1 -I/usr/include/harfbuzz -I/usr/include/freetype2 -I/usr/include/libpng16 -I/usr/include/glib-2.0 -I/usr/lib/glib-2.0/include -fdiagnostics-color=always -DNDEBUG -D_FILE_OFFSET_BITS=64 -Wall -Winvalid-pch -std=c11 -DMEMFD_CREATE -D_GNU_SOURCE=200809L '-DFOOT_DEFAULT_TERM="foot"' '-DUTMP_ADD="add"' '-DUTMP_DEL="del"' '-DUTMP_DEFAULT_HELPER_PATH="/usr/lib/utempter/utempter"' -DUTMP_DEL_HAVE_ARGUMENT=1 -fno-asynchronous-unwind-tables -DFOOT_IME_ENABLED=1 -pedantic -fstrict-aliasing -Wstrict-aliasing -fmacro-prefix-map=../= -DFOOT_GRAPHEME_CLUSTERING=1 -O2 -m64 -march=x86-64 -mtune=generic -flto=auto -ffat-lto-objects -fPIC -DUTF8PROC_EXPORTS -MD -MQ libpgolib.a.p/terminal.c.o -MF libpgolib.a.p/terminal.c.o.d -o libpgolib.a.p/terminal.c.o -c ../terminal.c
[82/117] cc -Ilibpgolib.a.p -I. -I.. -I/usr/include/pixman-1 -I/usr/include/harfbuzz -I/usr/include/freetype2 -I/usr/include/libpng16 -I/usr/include/glib-2.0 -I/usr/lib/glib-2.0/include -fdiagnostics-color=always -DNDEBUG -D_FILE_OFFSET_BITS=64 -Wall -Winvalid-pch -std=c11 -DMEMFD_CREATE -D_GNU_SOURCE=200809L '-DFOOT_DEFAULT_TERM="foot"' '-DUTMP_ADD="add"' '-DUTMP_DEL="del"' '-DUTMP_DEFAULT_HELPER_PATH="/usr/lib/utempter/utempter"' -DUTMP_DEL_HAVE_ARGUMENT=1 -fno-asynchronous-unwind-tables -DFOOT_IME_ENABLED=1 -pedantic -fstrict-aliasing -Wstrict-aliasing -fmacro-prefix-map=../= -DFOOT_GRAPHEME_CLUSTERING=1 -O2 -m64 -march=x86-64 -mtune=generic -flto=auto -ffat-lto-objects -fPIC -DUTF8PROC_EXPORTS -MD -MQ libpgolib.a.p/selection.c.o -MF libpgolib.a.p/selection.c.o.d -o libpgolib.a.p/selection.c.o -c ../selection.c
[83/117] cc -Ilibpgolib.a.p -I. -I.. -I/usr/include/pixman-1 -I/usr/include/harfbuzz -I/usr/include/freetype2 -I/usr/include/libpng16 -I/usr/include/glib-2.0 -I/usr/lib/glib-2.0/include -fdiagnostics-color=always -DNDEBUG -D_FILE_OFFSET_BITS=64 -Wall -Winvalid-pch -std=c11 -DMEMFD_CREATE -D_GNU_SOURCE=200809L '-DFOOT_DEFAULT_TERM="foot"' '-DUTMP_ADD="add"' '-DUTMP_DEL="del"' '-DUTMP_DEFAULT_HELPER_PATH="/usr/lib/utempter/utempter"' -DUTMP_DEL_HAVE_ARGUMENT=1 -fno-asynchronous-unwind-tables -DFOOT_IME_ENABLED=1 -pedantic -fstrict-aliasing -Wstrict-aliasing -fmacro-prefix-map=../= -DFOOT_GRAPHEME_CLUSTERING=1 -O2 -m64 -march=x86-64 -mtune=generic -flto=auto -ffat-lto-objects -fPIC -DUTF8PROC_EXPORTS -MD -MQ libpgolib.a.p/grid.c.o -MF libpgolib.a.p/grid.c.o.d -o libpgolib.a.p/grid.c.o -c ../grid.c
[84/117] cc -Ilibpgolib.a.p -I. -I.. -I/usr/include/pixman-1 -I/usr/include/harfbuzz -I/usr/include/freetype2 -I/usr/include/libpng16 -I/usr/include/glib-2.0 -I/usr/lib/glib-2.0/include -fdiagnostics-color=always -DNDEBUG -D_FILE_OFFSET_BITS=64 -Wall -Winvalid-pch -std=c11 -DMEMFD_CREATE -D_GNU_SOURCE=200809L '-DFOOT_DEFAULT_TERM="foot"' '-DUTMP_ADD="add"' '-DUTMP_DEL="del"' '-DUTMP_DEFAULT_HELPER_PATH="/usr/lib/utempter/utempter"' -DUTMP_DEL_HAVE_ARGUMENT=1 -fno-asynchronous-unwind-tables -DFOOT_IME_ENABLED=1 -pedantic -fstrict-aliasing -Wstrict-aliasing -fmacro-prefix-map=../= -DFOOT_GRAPHEME_CLUSTERING=1 -O2 -m64 -march=x86-64 -mtune=generic -flto=auto -ffat-lto-objects -fPIC -DUTF8PROC_EXPORTS -MD -MQ libpgolib.a.p/meson-generated_.._cursor-shape-v1.c.o -MF libpgolib.a.p/meson-generated_.._cursor-shape-v1.c.o.d -o libpgolib.a.p/meson-generated_.._cursor-shape-v1.c.o -c cursor-shape-v1.c
[85/117] cc -Ilibpgolib.a.p -I. -I.. -I/usr/include/pixman-1 -I/usr/include/harfbuzz -I/usr/include/freetype2 -I/usr/include/libpng16 -I/usr/include/glib-2.0 -I/usr/lib/glib-2.0/include -fdiagnostics-color=always -DNDEBUG -D_FILE_OFFSET_BITS=64 -Wall -Winvalid-pch -std=c11 -DMEMFD_CREATE -D_GNU_SOURCE=200809L '-DFOOT_DEFAULT_TERM="foot"' '-DUTMP_ADD="add"' '-DUTMP_DEL="del"' '-DUTMP_DEFAULT_HELPER_PATH="/usr/lib/utempter/utempter"' -DUTMP_DEL_HAVE_ARGUMENT=1 -fno-asynchronous-unwind-tables -DFOOT_IME_ENABLED=1 -pedantic -fstrict-aliasing -Wstrict-aliasing -fmacro-prefix-map=../= -DFOOT_GRAPHEME_CLUSTERING=1 -O2 -m64 -march=x86-64 -mtune=generic -flto=auto -ffat-lto-objects -fPIC -DUTF8PROC_EXPORTS -MD -MQ libpgolib.a.p/meson-generated_.._tablet-unstable-v2.c.o -MF libpgolib.a.p/meson-generated_.._tablet-unstable-v2.c.o.d -o libpgolib.a.p/meson-generated_.._tablet-unstable-v2.c.o -c tablet-unstable-v2.c
[86/117] cc -Ilibpgolib.a.p -I. -I.. -I/usr/include/pixman-1 -I/usr/include/harfbuzz -I/usr/include/freetype2 -I/usr/include/libpng16 -I/usr/include/glib-2.0 -I/usr/lib/glib-2.0/include -fdiagnostics-color=always -DNDEBUG -D_FILE_OFFSET_BITS=64 -Wall -Winvalid-pch -std=c11 -DMEMFD_CREATE -D_GNU_SOURCE=200809L '-DFOOT_DEFAULT_TERM="foot"' '-DUTMP_ADD="add"' '-DUTMP_DEL="del"' '-DUTMP_DEFAULT_HELPER_PATH="/usr/lib/utempter/utempter"' -DUTMP_DEL_HAVE_ARGUMENT=1 -fno-asynchronous-unwind-tables -DFOOT_IME_ENABLED=1 -pedantic -fstrict-aliasing -Wstrict-aliasing -fmacro-prefix-map=../= -DFOOT_GRAPHEME_CLUSTERING=1 -O2 -m64 -march=x86-64 -mtune=generic -flto=auto -ffat-lto-objects -fPIC -DUTF8PROC_EXPORTS -MD -MQ libpgolib.a.p/meson-generated_.._fractional-scale-v1.c.o -MF libpgolib.a.p/meson-generated_.._fractional-scale-v1.c.o.d -o libpgolib.a.p/meson-generated_.._fractional-scale-v1.c.o -c fractional-scale-v1.c
[87/117] cc -Ilibpgolib.a.p -I. -I.. -I/usr/include/pixman-1 -I/usr/include/harfbuzz -I/usr/include/freetype2 -I/usr/include/libpng16 -I/usr/include/glib-2.0 -I/usr/lib/glib-2.0/include -fdiagnostics-color=always -DNDEBUG -D_FILE_OFFSET_BITS=64 -Wall -Winvalid-pch -std=c11 -DMEMFD_CREATE -D_GNU_SOURCE=200809L '-DFOOT_DEFAULT_TERM="foot"' '-DUTMP_ADD="add"' '-DUTMP_DEL="del"' '-DUTMP_DEFAULT_HELPER_PATH="/usr/lib/utempter/utempter"' -DUTMP_DEL_HAVE_ARGUMENT=1 -fno-asynchronous-unwind-tables -DFOOT_IME_ENABLED=1 -pedantic -fstrict-aliasing -Wstrict-aliasing -fmacro-prefix-map=../= -DFOOT_GRAPHEME_CLUSTERING=1 -O2 -m64 -march=x86-64 -mtune=generic -flto=auto -ffat-lto-objects -fPIC -DUTF8PROC_EXPORTS -MD -MQ libpgolib.a.p/meson-generated_.._viewporter.c.o -MF libpgolib.a.p/meson-generated_.._viewporter.c.o.d -o libpgolib.a.p/meson-generated_.._viewporter.c.o -c viewporter.c
[88/117] cc -Ilibpgolib.a.p -I. -I.. -I/usr/include/pixman-1 -I/usr/include/harfbuzz -I/usr/include/freetype2 -I/usr/include/libpng16 -I/usr/include/glib-2.0 -I/usr/lib/glib-2.0/include -fdiagnostics-color=always -DNDEBUG -D_FILE_OFFSET_BITS=64 -Wall -Winvalid-pch -std=c11 -DMEMFD_CREATE -D_GNU_SOURCE=200809L '-DFOOT_DEFAULT_TERM="foot"' '-DUTMP_ADD="add"' '-DUTMP_DEL="del"' '-DUTMP_DEFAULT_HELPER_PATH="/usr/lib/utempter/utempter"' -DUTMP_DEL_HAVE_ARGUMENT=1 -fno-asynchronous-unwind-tables -DFOOT_IME_ENABLED=1 -pedantic -fstrict-aliasing -Wstrict-aliasing -fmacro-prefix-map=../= -DFOOT_GRAPHEME_CLUSTERING=1 -O2 -m64 -march=x86-64 -mtune=generic -flto=auto -ffat-lto-objects -fPIC -DUTF8PROC_EXPORTS -MD -MQ libpgolib.a.p/meson-generated_.._xdg-activation-v1.c.o -MF libpgolib.a.p/meson-generated_.._xdg-activation-v1.c.o.d -o libpgolib.a.p/meson-generated_.._xdg-activation-v1.c.o -c xdg-activation-v1.c
[89/117] cc -Ilibpgolib.a.p -I. -I.. -I/usr/include/pixman-1 -I/usr/include/harfbuzz -I/usr/include/freetype2 -I/usr/include/libpng16 -I/usr/include/glib-2.0 -I/usr/lib/glib-2.0/include -fdiagnostics-color=always -DNDEBUG -D_FILE_OFFSET_BITS=64 -Wall -Winvalid-pch -std=c11 -DMEMFD_CREATE -D_GNU_SOURCE=200809L '-DFOOT_DEFAULT_TERM="foot"' '-DUTMP_ADD="add"' '-DUTMP_DEL="del"' '-DUTMP_DEFAULT_HELPER_PATH="/usr/lib/utempter/utempter"' -DUTMP_DEL_HAVE_ARGUMENT=1 -fno-asynchronous-unwind-tables -DFOOT_IME_ENABLED=1 -pedantic -fstrict-aliasing -Wstrict-aliasing -fmacro-prefix-map=../= -DFOOT_GRAPHEME_CLUSTERING=1 -O2 -m64 -march=x86-64 -mtune=generic -flto=auto -ffat-lto-objects -fPIC -DUTF8PROC_EXPORTS -MD -MQ libpgolib.a.p/meson-generated_.._text-input-unstable-v3.c.o -MF libpgolib.a.p/meson-generated_.._text-input-unstable-v3.c.o.d -o libpgolib.a.p/meson-generated_.._text-input-unstable-v3.c.o -c text-input-unstable-v3.c
[90/117] cc -Ilibpgolib.a.p -I. -I.. -I/usr/include/pixman-1 -I/usr/include/harfbuzz -I/usr/include/freetype2 -I/usr/include/libpng16 -I/usr/include/glib-2.0 -I/usr/lib/glib-2.0/include -fdiagnostics-color=always -DNDEBUG -D_FILE_OFFSET_BITS=64 -Wall -Winvalid-pch -std=c11 -DMEMFD_CREATE -D_GNU_SOURCE=200809L '-DFOOT_DEFAULT_TERM="foot"' '-DUTMP_ADD="add"' '-DUTMP_DEL="del"' '-DUTMP_DEFAULT_HELPER_PATH="/usr/lib/utempter/utempter"' -DUTMP_DEL_HAVE_ARGUMENT=1 -fno-asynchronous-unwind-tables -DFOOT_IME_ENABLED=1 -pedantic -fstrict-aliasing -Wstrict-aliasing -fmacro-prefix-map=../= -DFOOT_GRAPHEME_CLUSTERING=1 -O2 -m64 -march=x86-64 -mtune=generic -flto=auto -ffat-lto-objects -fPIC -DUTF8PROC_EXPORTS -MD -MQ libpgolib.a.p/meson-generated_.._presentation-time.c.o -MF libpgolib.a.p/meson-generated_.._presentation-time.c.o.d -o libpgolib.a.p/meson-generated_.._presentation-time.c.o -c presentation-time.c
[91/117] cc -Ilibpgolib.a.p -I. -I.. -I/usr/include/pixman-1 -I/usr/include/harfbuzz -I/usr/include/freetype2 -I/usr/include/libpng16 -I/usr/include/glib-2.0 -I/usr/lib/glib-2.0/include -fdiagnostics-color=always -DNDEBUG -D_FILE_OFFSET_BITS=64 -Wall -Winvalid-pch -std=c11 -DMEMFD_CREATE -D_GNU_SOURCE=200809L '-DFOOT_DEFAULT_TERM="foot"' '-DUTMP_ADD="add"' '-DUTMP_DEL="del"' '-DUTMP_DEFAULT_HELPER_PATH="/usr/lib/utempter/utempter"' -DUTMP_DEL_HAVE_ARGUMENT=1 -fno-asynchronous-unwind-tables -DFOOT_IME_ENABLED=1 -pedantic -fstrict-aliasing -Wstrict-aliasing -fmacro-prefix-map=../= -DFOOT_GRAPHEME_CLUSTERING=1 -O2 -m64 -march=x86-64 -mtune=generic -flto=auto -ffat-lto-objects -fPIC -DUTF8PROC_EXPORTS -MD -MQ libpgolib.a.p/meson-generated_.._primary-selection-unstable-v1.c.o -MF libpgolib.a.p/meson-generated_.._primary-selection-unstable-v1.c.o.d -o libpgolib.a.p/meson-generated_.._primary-selection-unstable-v1.c.o -c primary-selection-unstable-v1.c
[92/117] cc -Ilibpgolib.a.p -I. -I.. -I/usr/include/pixman-1 -I/usr/include/harfbuzz -I/usr/include/freetype2 -I/usr/include/libpng16 -I/usr/include/glib-2.0 -I/usr/lib/glib-2.0/include -fdiagnostics-color=always -DNDEBUG -D_FILE_OFFSET_BITS=64 -Wall -Winvalid-pch -std=c11 -DMEMFD_CREATE -D_GNU_SOURCE=200809L '-DFOOT_DEFAULT_TERM="foot"' '-DUTMP_ADD="add"' '-DUTMP_DEL="del"' '-DUTMP_DEFAULT_HELPER_PATH="/usr/lib/utempter/utempter"' -DUTMP_DEL_HAVE_ARGUMENT=1 -fno-asynchronous-unwind-tables -DFOOT_IME_ENABLED=1 -pedantic -fstrict-aliasing -Wstrict-aliasing -fmacro-prefix-map=../= -DFOOT_GRAPHEME_CLUSTERING=1 -O2 -m64 -march=x86-64 -mtune=generic -flto=auto -ffat-lto-objects -fPIC -DUTF8PROC_EXPORTS -MD -MQ libpgolib.a.p/meson-generated_.._xdg-output-unstable-v1.c.o -MF libpgolib.a.p/meson-generated_.._xdg-output-unstable-v1.c.o.d -o libpgolib.a.p/meson-generated_.._xdg-output-unstable-v1.c.o -c xdg-output-unstable-v1.c
[93/117] cc -Ilibpgolib.a.p -I. -I.. -I/usr/include/pixman-1 -I/usr/include/harfbuzz -I/usr/include/freetype2 -I/usr/include/libpng16 -I/usr/include/glib-2.0 -I/usr/lib/glib-2.0/include -fdiagnostics-color=always -DNDEBUG -D_FILE_OFFSET_BITS=64 -Wall -Winvalid-pch -std=c11 -DMEMFD_CREATE -D_GNU_SOURCE=200809L '-DFOOT_DEFAULT_TERM="foot"' '-DUTMP_ADD="add"' '-DUTMP_DEL="del"' '-DUTMP_DEFAULT_HELPER_PATH="/usr/lib/utempter/utempter"' -DUTMP_DEL_HAVE_ARGUMENT=1 -fno-asynchronous-unwind-tables -DFOOT_IME_ENABLED=1 -pedantic -fstrict-aliasing -Wstrict-aliasing -fmacro-prefix-map=../= -DFOOT_GRAPHEME_CLUSTERING=1 -O2 -m64 -march=x86-64 -mtune=generic -flto=auto -ffat-lto-objects -fPIC -DUTF8PROC_EXPORTS -MD -MQ libpgolib.a.p/meson-generated_.._xdg-decoration-unstable-v1.c.o -MF libpgolib.a.p/meson-generated_.._xdg-decoration-unstable-v1.c.o.d -o libpgolib.a.p/meson-generated_.._xdg-decoration-unstable-v1.c.o -c xdg-decoration-unstable-v1.c
[94/117] cc -Ilibpgolib.a.p -I. -I.. -I/usr/include/pixman-1 -I/usr/include/harfbuzz -I/usr/include/freetype2 -I/usr/include/libpng16 -I/usr/include/glib-2.0 -I/usr/lib/glib-2.0/include -fdiagnostics-color=always -DNDEBUG -D_FILE_OFFSET_BITS=64 -Wall -Winvalid-pch -std=c11 -DMEMFD_CREATE -D_GNU_SOURCE=200809L '-DFOOT_DEFAULT_TERM="foot"' '-DUTMP_ADD="add"' '-DUTMP_DEL="del"' '-DUTMP_DEFAULT_HELPER_PATH="/usr/lib/utempter/utempter"' -DUTMP_DEL_HAVE_ARGUMENT=1 -fno-asynchronous-unwind-tables -DFOOT_IME_ENABLED=1 -pedantic -fstrict-aliasing -Wstrict-aliasing -fmacro-prefix-map=../= -DFOOT_GRAPHEME_CLUSTERING=1 -O2 -m64 -march=x86-64 -mtune=generic -flto=auto -ffat-lto-objects -fPIC -DUTF8PROC_EXPORTS -MD -MQ libpgolib.a.p/meson-generated_.._xdg-shell.c.o -MF libpgolib.a.p/meson-generated_.._xdg-shell.c.o.d -o libpgolib.a.p/meson-generated_.._xdg-shell.c.o -c xdg-shell.c
[95/117] cc -Ilibvtlib.a.p -I. -I.. -I/usr/include/pixman-1 -I/usr/include/harfbuzz -I/usr/include/freetype2 -I/usr/include/libpng16 -I/usr/include/glib-2.0 -I/usr/lib/glib-2.0/include -fdiagnostics-color=always -DNDEBUG -D_FILE_OFFSET_BITS=64 -Wall -Winvalid-pch -std=c11 -DMEMFD_CREATE -D_GNU_SOURCE=200809L '-DFOOT_DEFAULT_TERM="foot"' '-DUTMP_ADD="add"' '-DUTMP_DEL="del"' '-DUTMP_DEFAULT_HELPER_PATH="/usr/lib/utempter/utempter"' -DUTMP_DEL_HAVE_ARGUMENT=1 -fno-asynchronous-unwind-tables -DFOOT_IME_ENABLED=1 -pedantic -fstrict-aliasing -Wstrict-aliasing -fmacro-prefix-map=../= -DFOOT_GRAPHEME_CLUSTERING=1 -O2 -m64 -march=x86-64 -mtune=generic -flto=auto -ffat-lto-objects -fPIC -DUTF8PROC_EXPORTS -MD -MQ libvtlib.a.p/vt.c.o -MF libvtlib.a.p/vt.c.o.d -o libvtlib.a.p/vt.c.o -c ../vt.c
[96/117] cc -Ilibvtlib.a.p -I. -I.. -I/usr/include/pixman-1 -I/usr/include/harfbuzz -I/usr/include/freetype2 -I/usr/include/libpng16 -I/usr/include/glib-2.0 -I/usr/lib/glib-2.0/include -fdiagnostics-color=always -DNDEBUG -D_FILE_OFFSET_BITS=64 -Wall -Winvalid-pch -std=c11 -DMEMFD_CREATE -D_GNU_SOURCE=200809L '-DFOOT_DEFAULT_TERM="foot"' '-DUTMP_ADD="add"' '-DUTMP_DEL="del"' '-DUTMP_DEFAULT_HELPER_PATH="/usr/lib/utempter/utempter"' -DUTMP_DEL_HAVE_ARGUMENT=1 -fno-asynchronous-unwind-tables -DFOOT_IME_ENABLED=1 -pedantic -fstrict-aliasing -Wstrict-aliasing -fmacro-prefix-map=../= -DFOOT_GRAPHEME_CLUSTERING=1 -O2 -m64 -march=x86-64 -mtune=generic -flto=auto -ffat-lto-objects -fPIC -DUTF8PROC_EXPORTS -MD -MQ libvtlib.a.p/sixel.c.o -MF libvtlib.a.p/sixel.c.o.d -o libvtlib.a.p/sixel.c.o -c ../sixel.c
[97/117] cc  -o tests/test-config tests/test-config.p/test-config.c.o tests/test-config.p/.._tokenize.c.o -Wl,--as-needed -Wl,--no-undefined -pie -O2 -m64 -march=x86-64 -mtune=generic -flto=auto -ffat-lto-objects -Wl,--start-group libcommon.a /usr/lib/libpixman-1.so /usr/lib/libxkbcommon.so /usr/lib/libfontconfig.so /usr/lib/libfreetype.so /usr/lib/libwayland-client.so /usr/lib/libfcft.so -Wl,--end-group
[98/117] cc -Ilibvtlib.a.p -I. -I.. -I/usr/include/pixman-1 -I/usr/include/harfbuzz -I/usr/include/freetype2 -I/usr/include/libpng16 -I/usr/include/glib-2.0 -I/usr/lib/glib-2.0/include -fdiagnostics-color=always -DNDEBUG -D_FILE_OFFSET_BITS=64 -Wall -Winvalid-pch -std=c11 -DMEMFD_CREATE -D_GNU_SOURCE=200809L '-DFOOT_DEFAULT_TERM="foot"' '-DUTMP_ADD="add"' '-DUTMP_DEL="del"' '-DUTMP_DEFAULT_HELPER_PATH="/usr/lib/utempter/utempter"' -DUTMP_DEL_HAVE_ARGUMENT=1 -fno-asynchronous-unwind-tables -DFOOT_IME_ENABLED=1 -pedantic -fstrict-aliasing -Wstrict-aliasing -fmacro-prefix-map=../= -DFOOT_GRAPHEME_CLUSTERING=1 -O2 -m64 -march=x86-64 -mtune=generic -flto=auto -ffat-lto-objects -fPIC -DUTF8PROC_EXPORTS -MD -MQ libvtlib.a.p/osc.c.o -MF libvtlib.a.p/osc.c.o.d -o libvtlib.a.p/osc.c.o -c ../osc.c
[99/117] cc -Ilibvtlib.a.p -I. -I.. -I/usr/include/pixman-1 -I/usr/include/harfbuzz -I/usr/include/freetype2 -I/usr/include/libpng16 -I/usr/include/glib-2.0 -I/usr/lib/glib-2.0/include -fdiagnostics-color=always -DNDEBUG -D_FILE_OFFSET_BITS=64 -Wall -Winvalid-pch -std=c11 -DMEMFD_CREATE -D_GNU_SOURCE=200809L '-DFOOT_DEFAULT_TERM="foot"' '-DUTMP_ADD="add"' '-DUTMP_DEL="del"' '-DUTMP_DEFAULT_HELPER_PATH="/usr/lib/utempter/utempter"' -DUTMP_DEL_HAVE_ARGUMENT=1 -fno-asynchronous-unwind-tables -DFOOT_IME_ENABLED=1 -pedantic -fstrict-aliasing -Wstrict-aliasing -fmacro-prefix-map=../= -DFOOT_GRAPHEME_CLUSTERING=1 -O2 -m64 -march=x86-64 -mtune=generic -flto=auto -ffat-lto-objects -fPIC -DUTF8PROC_EXPORTS -MD -MQ libvtlib.a.p/dcs.c.o -MF libvtlib.a.p/dcs.c.o.d -o libvtlib.a.p/dcs.c.o -c ../dcs.c
[100/117] cc -Ilibvtlib.a.p -I. -I.. -I/usr/include/pixman-1 -I/usr/include/harfbuzz -I/usr/include/freetype2 -I/usr/include/libpng16 -I/usr/include/glib-2.0 -I/usr/lib/glib-2.0/include -fdiagnostics-color=always -DNDEBUG -D_FILE_OFFSET_BITS=64 -Wall -Winvalid-pch -std=c11 -DMEMFD_CREATE -D_GNU_SOURCE=200809L '-DFOOT_DEFAULT_TERM="foot"' '-DUTMP_ADD="add"' '-DUTMP_DEL="del"' '-DUTMP_DEFAULT_HELPER_PATH="/usr/lib/utempter/utempter"' -DUTMP_DEL_HAVE_ARGUMENT=1 -fno-asynchronous-unwind-tables -DFOOT_IME_ENABLED=1 -pedantic -fstrict-aliasing -Wstrict-aliasing -fmacro-prefix-map=../= -DFOOT_GRAPHEME_CLUSTERING=1 -O2 -m64 -march=x86-64 -mtune=generic -flto=auto -ffat-lto-objects -fPIC -DUTF8PROC_EXPORTS -MD -MQ libvtlib.a.p/csi.c.o -MF libvtlib.a.p/csi.c.o.d -o libvtlib.a.p/csi.c.o -c ../csi.c
[101/117] cc -Ilibvtlib.a.p -I. -I.. -I/usr/include/pixman-1 -I/usr/include/harfbuzz -I/usr/include/freetype2 -I/usr/include/libpng16 -I/usr/include/glib-2.0 -I/usr/lib/glib-2.0/include -fdiagnostics-color=always -DNDEBUG -D_FILE_OFFSET_BITS=64 -Wall -Winvalid-pch -std=c11 -DMEMFD_CREATE -D_GNU_SOURCE=200809L '-DFOOT_DEFAULT_TERM="foot"' '-DUTMP_ADD="add"' '-DUTMP_DEL="del"' '-DUTMP_DEFAULT_HELPER_PATH="/usr/lib/utempter/utempter"' -DUTMP_DEL_HAVE_ARGUMENT=1 -fno-asynchronous-unwind-tables -DFOOT_IME_ENABLED=1 -pedantic -fstrict-aliasing -Wstrict-aliasing -fmacro-prefix-map=../= -DFOOT_GRAPHEME_CLUSTERING=1 -O2 -m64 -march=x86-64 -mtune=generic -flto=auto -ffat-lto-objects -fPIC -DUTF8PROC_EXPORTS -MD -MQ libvtlib.a.p/cursor-shape.c.o -MF libvtlib.a.p/cursor-shape.c.o.d -o libvtlib.a.p/cursor-shape.c.o -c ../cursor-shape.c
[102/117] cc -Ilibvtlib.a.p -I. -I.. -I/usr/include/pixman-1 -I/usr/include/harfbuzz -I/usr/include/freetype2 -I/usr/include/libpng16 -I/usr/include/glib-2.0 -I/usr/lib/glib-2.0/include -fdiagnostics-color=always -DNDEBUG -D_FILE_OFFSET_BITS=64 -Wall -Winvalid-pch -std=c11 -DMEMFD_CREATE -D_GNU_SOURCE=200809L '-DFOOT_DEFAULT_TERM="foot"' '-DUTMP_ADD="add"' '-DUTMP_DEL="del"' '-DUTMP_DEFAULT_HELPER_PATH="/usr/lib/utempter/utempter"' -DUTMP_DEL_HAVE_ARGUMENT=1 -fno-asynchronous-unwind-tables -DFOOT_IME_ENABLED=1 -pedantic -fstrict-aliasing -Wstrict-aliasing -fmacro-prefix-map=../= -DFOOT_GRAPHEME_CLUSTERING=1 -O2 -m64 -march=x86-64 -mtune=generic -flto=auto -ffat-lto-objects -fPIC -DUTF8PROC_EXPORTS -MD -MQ libvtlib.a.p/composed.c.o -MF libvtlib.a.p/composed.c.o.d -o libvtlib.a.p/composed.c.o -c ../composed.c
[103/117] cc -Ilibvtlib.a.p -I. -I.. -I/usr/include/pixman-1 -I/usr/include/harfbuzz -I/usr/include/freetype2 -I/usr/include/libpng16 -I/usr/include/glib-2.0 -I/usr/lib/glib-2.0/include -fdiagnostics-color=always -DNDEBUG -D_FILE_OFFSET_BITS=64 -Wall -Winvalid-pch -std=c11 -DMEMFD_CREATE -D_GNU_SOURCE=200809L '-DFOOT_DEFAULT_TERM="foot"' '-DUTMP_ADD="add"' '-DUTMP_DEL="del"' '-DUTMP_DEFAULT_HELPER_PATH="/usr/lib/utempter/utempter"' -DUTMP_DEL_HAVE_ARGUMENT=1 -fno-asynchronous-unwind-tables -DFOOT_IME_ENABLED=1 -pedantic -fstrict-aliasing -Wstrict-aliasing -fmacro-prefix-map=../= -DFOOT_GRAPHEME_CLUSTERING=1 -O2 -m64 -march=x86-64 -mtune=generic -flto=auto -ffat-lto-objects -fPIC -DUTF8PROC_EXPORTS -MD -MQ libvtlib.a.p/base64.c.o -MF libvtlib.a.p/base64.c.o.d -o libvtlib.a.p/base64.c.o -c ../base64.c
[104/117] cc -Ilibvtlib.a.p -I. -I.. -I/usr/include/pixman-1 -I/usr/include/harfbuzz -I/usr/include/freetype2 -I/usr/include/libpng16 -I/usr/include/glib-2.0 -I/usr/lib/glib-2.0/include -fdiagnostics-color=always -DNDEBUG -D_FILE_OFFSET_BITS=64 -Wall -Winvalid-pch -std=c11 -DMEMFD_CREATE -D_GNU_SOURCE=200809L '-DFOOT_DEFAULT_TERM="foot"' '-DUTMP_ADD="add"' '-DUTMP_DEL="del"' '-DUTMP_DEFAULT_HELPER_PATH="/usr/lib/utempter/utempter"' -DUTMP_DEL_HAVE_ARGUMENT=1 -fno-asynchronous-unwind-tables -DFOOT_IME_ENABLED=1 -pedantic -fstrict-aliasing -Wstrict-aliasing -fmacro-prefix-map=../= -DFOOT_GRAPHEME_CLUSTERING=1 -O2 -m64 -march=x86-64 -mtune=generic -flto=auto -ffat-lto-objects -fPIC -DUTF8PROC_EXPORTS -MD -MQ libvtlib.a.p/meson-generated_.._cursor-shape-v1.c.o -MF libvtlib.a.p/meson-generated_.._cursor-shape-v1.c.o.d -o libvtlib.a.p/meson-generated_.._cursor-shape-v1.c.o -c cursor-shape-v1.c
[105/117] cc -Ilibvtlib.a.p -I. -I.. -I/usr/include/pixman-1 -I/usr/include/harfbuzz -I/usr/include/freetype2 -I/usr/include/libpng16 -I/usr/include/glib-2.0 -I/usr/lib/glib-2.0/include -fdiagnostics-color=always -DNDEBUG -D_FILE_OFFSET_BITS=64 -Wall -Winvalid-pch -std=c11 -DMEMFD_CREATE -D_GNU_SOURCE=200809L '-DFOOT_DEFAULT_TERM="foot"' '-DUTMP_ADD="add"' '-DUTMP_DEL="del"' '-DUTMP_DEFAULT_HELPER_PATH="/usr/lib/utempter/utempter"' -DUTMP_DEL_HAVE_ARGUMENT=1 -fno-asynchronous-unwind-tables -DFOOT_IME_ENABLED=1 -pedantic -fstrict-aliasing -Wstrict-aliasing -fmacro-prefix-map=../= -DFOOT_GRAPHEME_CLUSTERING=1 -O2 -m64 -march=x86-64 -mtune=generic -flto=auto -ffat-lto-objects -fPIC -DUTF8PROC_EXPORTS -MD -MQ libvtlib.a.p/meson-generated_.._tablet-unstable-v2.c.o -MF libvtlib.a.p/meson-generated_.._tablet-unstable-v2.c.o.d -o libvtlib.a.p/meson-generated_.._tablet-unstable-v2.c.o -c tablet-unstable-v2.c
[106/117] cc -Ilibvtlib.a.p -I. -I.. -I/usr/include/pixman-1 -I/usr/include/harfbuzz -I/usr/include/freetype2 -I/usr/include/libpng16 -I/usr/include/glib-2.0 -I/usr/lib/glib-2.0/include -fdiagnostics-color=always -DNDEBUG -D_FILE_OFFSET_BITS=64 -Wall -Winvalid-pch -std=c11 -DMEMFD_CREATE -D_GNU_SOURCE=200809L '-DFOOT_DEFAULT_TERM="foot"' '-DUTMP_ADD="add"' '-DUTMP_DEL="del"' '-DUTMP_DEFAULT_HELPER_PATH="/usr/lib/utempter/utempter"' -DUTMP_DEL_HAVE_ARGUMENT=1 -fno-asynchronous-unwind-tables -DFOOT_IME_ENABLED=1 -pedantic -fstrict-aliasing -Wstrict-aliasing -fmacro-prefix-map=../= -DFOOT_GRAPHEME_CLUSTERING=1 -O2 -m64 -march=x86-64 -mtune=generic -flto=auto -ffat-lto-objects -fPIC -DUTF8PROC_EXPORTS -MD -MQ libvtlib.a.p/meson-generated_.._fractional-scale-v1.c.o -MF libvtlib.a.p/meson-generated_.._fractional-scale-v1.c.o.d -o libvtlib.a.p/meson-generated_.._fractional-scale-v1.c.o -c fractional-scale-v1.c
[107/117] cc -Ilibvtlib.a.p -I. -I.. -I/usr/include/pixman-1 -I/usr/include/harfbuzz -I/usr/include/freetype2 -I/usr/include/libpng16 -I/usr/include/glib-2.0 -I/usr/lib/glib-2.0/include -fdiagnostics-color=always -DNDEBUG -D_FILE_OFFSET_BITS=64 -Wall -Winvalid-pch -std=c11 -DMEMFD_CREATE -D_GNU_SOURCE=200809L '-DFOOT_DEFAULT_TERM="foot"' '-DUTMP_ADD="add"' '-DUTMP_DEL="del"' '-DUTMP_DEFAULT_HELPER_PATH="/usr/lib/utempter/utempter"' -DUTMP_DEL_HAVE_ARGUMENT=1 -fno-asynchronous-unwind-tables -DFOOT_IME_ENABLED=1 -pedantic -fstrict-aliasing -Wstrict-aliasing -fmacro-prefix-map=../= -DFOOT_GRAPHEME_CLUSTERING=1 -O2 -m64 -march=x86-64 -mtune=generic -flto=auto -ffat-lto-objects -fPIC -DUTF8PROC_EXPORTS -MD -MQ libvtlib.a.p/meson-generated_.._viewporter.c.o -MF libvtlib.a.p/meson-generated_.._viewporter.c.o.d -o libvtlib.a.p/meson-generated_.._viewporter.c.o -c viewporter.c
[108/117] cc -Ilibvtlib.a.p -I. -I.. -I/usr/include/pixman-1 -I/usr/include/harfbuzz -I/usr/include/freetype2 -I/usr/include/libpng16 -I/usr/include/glib-2.0 -I/usr/lib/glib-2.0/include -fdiagnostics-color=always -DNDEBUG -D_FILE_OFFSET_BITS=64 -Wall -Winvalid-pch -std=c11 -DMEMFD_CREATE -D_GNU_SOURCE=200809L '-DFOOT_DEFAULT_TERM="foot"' '-DUTMP_ADD="add"' '-DUTMP_DEL="del"' '-DUTMP_DEFAULT_HELPER_PATH="/usr/lib/utempter/utempter"' -DUTMP_DEL_HAVE_ARGUMENT=1 -fno-asynchronous-unwind-tables -DFOOT_IME_ENABLED=1 -pedantic -fstrict-aliasing -Wstrict-aliasing -fmacro-prefix-map=../= -DFOOT_GRAPHEME_CLUSTERING=1 -O2 -m64 -march=x86-64 -mtune=generic -flto=auto -ffat-lto-objects -fPIC -DUTF8PROC_EXPORTS -MD -MQ libvtlib.a.p/meson-generated_.._xdg-activation-v1.c.o -MF libvtlib.a.p/meson-generated_.._xdg-activation-v1.c.o.d -o libvtlib.a.p/meson-generated_.._xdg-activation-v1.c.o -c xdg-activation-v1.c
[109/117] cc -Ilibvtlib.a.p -I. -I.. -I/usr/include/pixman-1 -I/usr/include/harfbuzz -I/usr/include/freetype2 -I/usr/include/libpng16 -I/usr/include/glib-2.0 -I/usr/lib/glib-2.0/include -fdiagnostics-color=always -DNDEBUG -D_FILE_OFFSET_BITS=64 -Wall -Winvalid-pch -std=c11 -DMEMFD_CREATE -D_GNU_SOURCE=200809L '-DFOOT_DEFAULT_TERM="foot"' '-DUTMP_ADD="add"' '-DUTMP_DEL="del"' '-DUTMP_DEFAULT_HELPER_PATH="/usr/lib/utempter/utempter"' -DUTMP_DEL_HAVE_ARGUMENT=1 -fno-asynchronous-unwind-tables -DFOOT_IME_ENABLED=1 -pedantic -fstrict-aliasing -Wstrict-aliasing -fmacro-prefix-map=../= -DFOOT_GRAPHEME_CLUSTERING=1 -O2 -m64 -march=x86-64 -mtune=generic -flto=auto -ffat-lto-objects -fPIC -DUTF8PROC_EXPORTS -MD -MQ libvtlib.a.p/meson-generated_.._text-input-unstable-v3.c.o -MF libvtlib.a.p/meson-generated_.._text-input-unstable-v3.c.o.d -o libvtlib.a.p/meson-generated_.._text-input-unstable-v3.c.o -c text-input-unstable-v3.c
[110/117] cc -Ilibvtlib.a.p -I. -I.. -I/usr/include/pixman-1 -I/usr/include/harfbuzz -I/usr/include/freetype2 -I/usr/include/libpng16 -I/usr/include/glib-2.0 -I/usr/lib/glib-2.0/include -fdiagnostics-color=always -DNDEBUG -D_FILE_OFFSET_BITS=64 -Wall -Winvalid-pch -std=c11 -DMEMFD_CREATE -D_GNU_SOURCE=200809L '-DFOOT_DEFAULT_TERM="foot"' '-DUTMP_ADD="add"' '-DUTMP_DEL="del"' '-DUTMP_DEFAULT_HELPER_PATH="/usr/lib/utempter/utempter"' -DUTMP_DEL_HAVE_ARGUMENT=1 -fno-asynchronous-unwind-tables -DFOOT_IME_ENABLED=1 -pedantic -fstrict-aliasing -Wstrict-aliasing -fmacro-prefix-map=../= -DFOOT_GRAPHEME_CLUSTERING=1 -O2 -m64 -march=x86-64 -mtune=generic -flto=auto -ffat-lto-objects -fPIC -DUTF8PROC_EXPORTS -MD -MQ libvtlib.a.p/meson-generated_.._presentation-time.c.o -MF libvtlib.a.p/meson-generated_.._presentation-time.c.o.d -o libvtlib.a.p/meson-generated_.._presentation-time.c.o -c presentation-time.c
[111/117] cc -Ilibvtlib.a.p -I. -I.. -I/usr/include/pixman-1 -I/usr/include/harfbuzz -I/usr/include/freetype2 -I/usr/include/libpng16 -I/usr/include/glib-2.0 -I/usr/lib/glib-2.0/include -fdiagnostics-color=always -DNDEBUG -D_FILE_OFFSET_BITS=64 -Wall -Winvalid-pch -std=c11 -DMEMFD_CREATE -D_GNU_SOURCE=200809L '-DFOOT_DEFAULT_TERM="foot"' '-DUTMP_ADD="add"' '-DUTMP_DEL="del"' '-DUTMP_DEFAULT_HELPER_PATH="/usr/lib/utempter/utempter"' -DUTMP_DEL_HAVE_ARGUMENT=1 -fno-asynchronous-unwind-tables -DFOOT_IME_ENABLED=1 -pedantic -fstrict-aliasing -Wstrict-aliasing -fmacro-prefix-map=../= -DFOOT_GRAPHEME_CLUSTERING=1 -O2 -m64 -march=x86-64 -mtune=generic -flto=auto -ffat-lto-objects -fPIC -DUTF8PROC_EXPORTS -MD -MQ libvtlib.a.p/meson-generated_.._primary-selection-unstable-v1.c.o -MF libvtlib.a.p/meson-generated_.._primary-selection-unstable-v1.c.o.d -o libvtlib.a.p/meson-generated_.._primary-selection-unstable-v1.c.o -c primary-selection-unstable-v1.c
[112/117] cc -Ilibvtlib.a.p -I. -I.. -I/usr/include/pixman-1 -I/usr/include/harfbuzz -I/usr/include/freetype2 -I/usr/include/libpng16 -I/usr/include/glib-2.0 -I/usr/lib/glib-2.0/include -fdiagnostics-color=always -DNDEBUG -D_FILE_OFFSET_BITS=64 -Wall -Winvalid-pch -std=c11 -DMEMFD_CREATE -D_GNU_SOURCE=200809L '-DFOOT_DEFAULT_TERM="foot"' '-DUTMP_ADD="add"' '-DUTMP_DEL="del"' '-DUTMP_DEFAULT_HELPER_PATH="/usr/lib/utempter/utempter"' -DUTMP_DEL_HAVE_ARGUMENT=1 -fno-asynchronous-unwind-tables -DFOOT_IME_ENABLED=1 -pedantic -fstrict-aliasing -Wstrict-aliasing -fmacro-prefix-map=../= -DFOOT_GRAPHEME_CLUSTERING=1 -O2 -m64 -march=x86-64 -mtune=generic -flto=auto -ffat-lto-objects -fPIC -DUTF8PROC_EXPORTS -MD -MQ libvtlib.a.p/meson-generated_.._xdg-output-unstable-v1.c.o -MF libvtlib.a.p/meson-generated_.._xdg-output-unstable-v1.c.o.d -o libvtlib.a.p/meson-generated_.._xdg-output-unstable-v1.c.o -c xdg-output-unstable-v1.c
[113/117] cc -Ilibvtlib.a.p -I. -I.. -I/usr/include/pixman-1 -I/usr/include/harfbuzz -I/usr/include/freetype2 -I/usr/include/libpng16 -I/usr/include/glib-2.0 -I/usr/lib/glib-2.0/include -fdiagnostics-color=always -DNDEBUG -D_FILE_OFFSET_BITS=64 -Wall -Winvalid-pch -std=c11 -DMEMFD_CREATE -D_GNU_SOURCE=200809L '-DFOOT_DEFAULT_TERM="foot"' '-DUTMP_ADD="add"' '-DUTMP_DEL="del"' '-DUTMP_DEFAULT_HELPER_PATH="/usr/lib/utempter/utempter"' -DUTMP_DEL_HAVE_ARGUMENT=1 -fno-asynchronous-unwind-tables -DFOOT_IME_ENABLED=1 -pedantic -fstrict-aliasing -Wstrict-aliasing -fmacro-prefix-map=../= -DFOOT_GRAPHEME_CLUSTERING=1 -O2 -m64 -march=x86-64 -mtune=generic -flto=auto -ffat-lto-objects -fPIC -DUTF8PROC_EXPORTS -MD -MQ libvtlib.a.p/meson-generated_.._xdg-decoration-unstable-v1.c.o -MF libvtlib.a.p/meson-generated_.._xdg-decoration-unstable-v1.c.o.d -o libvtlib.a.p/meson-generated_.._xdg-decoration-unstable-v1.c.o -c xdg-decoration-unstable-v1.c
[114/117] cc -Ilibvtlib.a.p -I. -I.. -I/usr/include/pixman-1 -I/usr/include/harfbuzz -I/usr/include/freetype2 -I/usr/include/libpng16 -I/usr/include/glib-2.0 -I/usr/lib/glib-2.0/include -fdiagnostics-color=always -DNDEBUG -D_FILE_OFFSET_BITS=64 -Wall -Winvalid-pch -std=c11 -DMEMFD_CREATE -D_GNU_SOURCE=200809L '-DFOOT_DEFAULT_TERM="foot"' '-DUTMP_ADD="add"' '-DUTMP_DEL="del"' '-DUTMP_DEFAULT_HELPER_PATH="/usr/lib/utempter/utempter"' -DUTMP_DEL_HAVE_ARGUMENT=1 -fno-asynchronous-unwind-tables -DFOOT_IME_ENABLED=1 -pedantic -fstrict-aliasing -Wstrict-aliasing -fmacro-prefix-map=../= -DFOOT_GRAPHEME_CLUSTERING=1 -O2 -m64 -march=x86-64 -mtune=generic -flto=auto -ffat-lto-objects -fPIC -DUTF8PROC_EXPORTS -MD -MQ libvtlib.a.p/meson-generated_.._xdg-shell.c.o -MF libvtlib.a.p/meson-generated_.._xdg-shell.c.o.d -o libvtlib.a.p/meson-generated_.._xdg-shell.c.o -c xdg-shell.c
[115/117] rm -f libpgolib.a && gcc-ar csrDT libpgolib.a libpgolib.a.p/meson-generated_.._xdg-shell.c.o libpgolib.a.p/meson-generated_.._xdg-decoration-unstable-v1.c.o libpgolib.a.p/meson-generated_.._xdg-output-unstable-v1.c.o libpgolib.a.p/meson-generated_.._primary-selection-unstable-v1.c.o libpgolib.a.p/meson-generated_.._presentation-time.c.o libpgolib.a.p/meson-generated_.._text-input-unstable-v3.c.o libpgolib.a.p/meson-generated_.._xdg-activation-v1.c.o libpgolib.a.p/meson-generated_.._viewporter.c.o libpgolib.a.p/meson-generated_.._fractional-scale-v1.c.o libpgolib.a.p/meson-generated_.._tablet-unstable-v2.c.o libpgolib.a.p/meson-generated_.._cursor-shape-v1.c.o libpgolib.a.p/grid.c.o libpgolib.a.p/selection.c.o libpgolib.a.p/terminal.c.o
[116/117] rm -f libvtlib.a && gcc-ar csrDT libvtlib.a libvtlib.a.p/meson-generated_.._xdg-shell.c.o libvtlib.a.p/meson-generated_.._xdg-decoration-unstable-v1.c.o libvtlib.a.p/meson-generated_.._xdg-output-unstable-v1.c.o libvtlib.a.p/meson-generated_.._primary-selection-unstable-v1.c.o libvtlib.a.p/meson-generated_.._presentation-time.c.o libvtlib.a.p/meson-generated_.._text-input-unstable-v3.c.o libvtlib.a.p/meson-generated_.._xdg-activation-v1.c.o libvtlib.a.p/meson-generated_.._viewporter.c.o libvtlib.a.p/meson-generated_.._fractional-scale-v1.c.o libvtlib.a.p/meson-generated_.._tablet-unstable-v2.c.o libvtlib.a.p/meson-generated_.._cursor-shape-v1.c.o libvtlib.a.p/base64.c.o libvtlib.a.p/composed.c.o libvtlib.a.p/cursor-shape.c.o libvtlib.a.p/csi.c.o libvtlib.a.p/dcs.c.o libvtlib.a.p/osc.c.o libvtlib.a.p/sixel.c.o libvtlib.a.p/vt.c.o
[117/117] cc  -o foot foot.p/meson-generated_.._xdg-shell.c.o foot.p/meson-generated_.._xdg-decoration-unstable-v1.c.o foot.p/meson-generated_.._xdg-output-unstable-v1.c.o foot.p/meson-generated_.._primary-selection-unstable-v1.c.o foot.p/meson-generated_.._presentation-time.c.o foot.p/meson-generated_.._text-input-unstable-v3.c.o foot.p/meson-generated_.._xdg-activation-v1.c.o foot.p/meson-generated_.._viewporter.c.o foot.p/meson-generated_.._fractional-scale-v1.c.o foot.p/meson-generated_.._tablet-unstable-v2.c.o foot.p/meson-generated_.._cursor-shape-v1.c.o foot.p/async.c.o foot.p/box-drawing.c.o foot.p/config.c.o foot.p/commands.c.o foot.p/extract.c.o foot.p/fdm.c.o foot.p/ime.c.o foot.p/input.c.o foot.p/key-binding.c.o foot.p/main.c.o foot.p/notify.c.o foot.p/quirks.c.o foot.p/reaper.c.o foot.p/render.c.o foot.p/search.c.o foot.p/server.c.o foot.p/shm.c.o foot.p/slave.c.o foot.p/spawn.c.o foot.p/tokenize.c.o foot.p/unicode-mode.c.o foot.p/url-mode.c.o foot.p/user-notification.c.o foot.p/wayland.c.o -Wl,--as-needed -Wl,--no-undefined -pie -O2 -m64 -march=x86-64 -mtune=generic -flto=auto -ffat-lto-objects -Wl,--start-group libpgolib.a libvtlib.a libcommon.a libmisc.a -lm -pthread /usr/lib/libpixman-1.so /usr/lib/libwayland-client.so /usr/lib/libwayland-cursor.so /usr/lib/libxkbcommon.so /usr/lib/libfontconfig.so /usr/lib/libfreetype.so /usr/lib/libutf8proc.so /usr/lib/libfcft.so -Wl,--end-group
INFO: autodetecting backend as ninja
INFO: calculating backend command to run: /usr/bin/ninja -C /home/devel/building/work/src/foot/build -j 8 -v
+ DESTDIR=/home/devel/building/work/pkg
+ meson install --no-rebuild -C build
Installing subdir /home/devel/building/work/src/foot/themes to /home/devel/building/work/pkg/usr/share/foot/themes
Installing /home/devel/building/work/src/foot/themes/aeroroot to /home/devel/building/work/pkg/usr/share/foot/themes
Installing /home/devel/building/work/src/foot/themes/apprentice to /home/devel/building/work/pkg/usr/share/foot/themes
Installing /home/devel/building/work/src/foot/themes/ayu-mirage to /home/devel/building/work/pkg/usr/share/foot/themes
Installing /home/devel/building/work/src/foot/themes/catppuccin to /home/devel/building/work/pkg/usr/share/foot/themes
Installing /home/devel/building/work/src/foot/themes/chiba-dark to /home/devel/building/work/pkg/usr/share/foot/themes
Installing /home/devel/building/work/src/foot/themes/derp to /home/devel/building/work/pkg/usr/share/foot/themes
Installing /home/devel/building/work/src/foot/themes/deus to /home/devel/building/work/pkg/usr/share/foot/themes
Installing /home/devel/building/work/src/foot/themes/dracula to /home/devel/building/work/pkg/usr/share/foot/themes
Installing /home/devel/building/work/src/foot/themes/dracula-iterm to /home/devel/building/work/pkg/usr/share/foot/themes
Installing /home/devel/building/work/src/foot/themes/electrophoretic to /home/devel/building/work/pkg/usr/share/foot/themes
Installing /home/devel/building/work/src/foot/themes/gruvbox-dark to /home/devel/building/work/pkg/usr/share/foot/themes
Installing /home/devel/building/work/src/foot/themes/gruvbox-light to /home/devel/building/work/pkg/usr/share/foot/themes
Installing /home/devel/building/work/src/foot/themes/hacktober to /home/devel/building/work/pkg/usr/share/foot/themes
Installing /home/devel/building/work/src/foot/themes/jetbrains-darcula to /home/devel/building/work/pkg/usr/share/foot/themes
Installing /home/devel/building/work/src/foot/themes/kitty to /home/devel/building/work/pkg/usr/share/foot/themes
Installing /home/devel/building/work/src/foot/themes/material-amber to /home/devel/building/work/pkg/usr/share/foot/themes
Installing /home/devel/building/work/src/foot/themes/material-design to /home/devel/building/work/pkg/usr/share/foot/themes
Installing /home/devel/building/work/src/foot/themes/modus-operandi to /home/devel/building/work/pkg/usr/share/foot/themes
Installing /home/devel/building/work/src/foot/themes/modus-vivendi to /home/devel/building/work/pkg/usr/share/foot/themes
Installing /home/devel/building/work/src/foot/themes/monokai-pro to /home/devel/building/work/pkg/usr/share/foot/themes
Installing /home/devel/building/work/src/foot/themes/moonfly to /home/devel/building/work/pkg/usr/share/foot/themes
Installing /home/devel/building/work/src/foot/themes/neon to /home/devel/building/work/pkg/usr/share/foot/themes
Installing /home/devel/building/work/src/foot/themes/nightfly to /home/devel/building/work/pkg/usr/share/foot/themes
Installing /home/devel/building/work/src/foot/themes/noirblaze to /home/devel/building/work/pkg/usr/share/foot/themes
Installing /home/devel/building/work/src/foot/themes/nord to /home/devel/building/work/pkg/usr/share/foot/themes
Installing /home/devel/building/work/src/foot/themes/nordiq to /home/devel/building/work/pkg/usr/share/foot/themes
Installing /home/devel/building/work/src/foot/themes/onedark to /home/devel/building/work/pkg/usr/share/foot/themes
Installing /home/devel/building/work/src/foot/themes/panda to /home/devel/building/work/pkg/usr/share/foot/themes
Installing /home/devel/building/work/src/foot/themes/paper-color-dark to /home/devel/building/work/pkg/usr/share/foot/themes
Installing /home/devel/building/work/src/foot/themes/paper-color-light to /home/devel/building/work/pkg/usr/share/foot/themes
Installing /home/devel/building/work/src/foot/themes/poimandres to /home/devel/building/work/pkg/usr/share/foot/themes
Installing /home/devel/building/work/src/foot/themes/rezza to /home/devel/building/work/pkg/usr/share/foot/themes
Installing /home/devel/building/work/src/foot/themes/rose-pine to /home/devel/building/work/pkg/usr/share/foot/themes
Installing /home/devel/building/work/src/foot/themes/selenized-black to /home/devel/building/work/pkg/usr/share/foot/themes
Installing /home/devel/building/work/src/foot/themes/selenized-dark to /home/devel/building/work/pkg/usr/share/foot/themes
Installing /home/devel/building/work/src/foot/themes/selenized-light to /home/devel/building/work/pkg/usr/share/foot/themes
Installing /home/devel/building/work/src/foot/themes/selenized-white to /home/devel/building/work/pkg/usr/share/foot/themes
Installing /home/devel/building/work/src/foot/themes/solarized-dark to /home/devel/building/work/pkg/usr/share/foot/themes
Installing /home/devel/building/work/src/foot/themes/solarized-dark-normal-brights to /home/devel/building/work/pkg/usr/share/foot/themes
Installing /home/devel/building/work/src/foot/themes/solarized-light to /home/devel/building/work/pkg/usr/share/foot/themes
Installing /home/devel/building/work/src/foot/themes/srcery to /home/devel/building/work/pkg/usr/share/foot/themes
Installing /home/devel/building/work/src/foot/themes/starlight to /home/devel/building/work/pkg/usr/share/foot/themes
Installing /home/devel/building/work/src/foot/themes/tango to /home/devel/building/work/pkg/usr/share/foot/themes
Installing /home/devel/building/work/src/foot/themes/tempus-autumn to /home/devel/building/work/pkg/usr/share/foot/themes
Installing /home/devel/building/work/src/foot/themes/tempus-classic to /home/devel/building/work/pkg/usr/share/foot/themes
Installing /home/devel/building/work/src/foot/themes/tempus-dawn to /home/devel/building/work/pkg/usr/share/foot/themes
Installing /home/devel/building/work/src/foot/themes/tempus-day to /home/devel/building/work/pkg/usr/share/foot/themes
Installing /home/devel/building/work/src/foot/themes/tempus-dusk to /home/devel/building/work/pkg/usr/share/foot/themes
Installing /home/devel/building/work/src/foot/themes/tempus-fugit to /home/devel/building/work/pkg/usr/share/foot/themes
Installing /home/devel/building/work/src/foot/themes/tempus-future to /home/devel/building/work/pkg/usr/share/foot/themes
Installing /home/devel/building/work/src/foot/themes/tempus-night to /home/devel/building/work/pkg/usr/share/foot/themes
Installing /home/devel/building/work/src/foot/themes/tempus-past to /home/devel/building/work/pkg/usr/share/foot/themes
Installing /home/devel/building/work/src/foot/themes/tempus-rift to /home/devel/building/work/pkg/usr/share/foot/themes
Installing /home/devel/building/work/src/foot/themes/tempus-spring to /home/devel/building/work/pkg/usr/share/foot/themes
Installing /home/devel/building/work/src/foot/themes/tempus-summer to /home/devel/building/work/pkg/usr/share/foot/themes
Installing /home/devel/building/work/src/foot/themes/tempus-tempest to /home/devel/building/work/pkg/usr/share/foot/themes
Installing /home/devel/building/work/src/foot/themes/tempus-totus to /home/devel/building/work/pkg/usr/share/foot/themes
Installing /home/devel/building/work/src/foot/themes/tempus-warp to /home/devel/building/work/pkg/usr/share/foot/themes
Installing /home/devel/building/work/src/foot/themes/tempus-winter to /home/devel/building/work/pkg/usr/share/foot/themes
Installing /home/devel/building/work/src/foot/themes/tokyonight-day to /home/devel/building/work/pkg/usr/share/foot/themes
Installing /home/devel/building/work/src/foot/themes/tokyonight-night to /home/devel/building/work/pkg/usr/share/foot/themes
Installing /home/devel/building/work/src/foot/themes/tokyonight-storm to /home/devel/building/work/pkg/usr/share/foot/themes
Installing /home/devel/building/work/src/foot/themes/visibone to /home/devel/building/work/pkg/usr/share/foot/themes
Installing /home/devel/building/work/src/foot/themes/xterm to /home/devel/building/work/pkg/usr/share/foot/themes
Installing /home/devel/building/work/src/foot/themes/zenburn to /home/devel/building/work/pkg/usr/share/foot/themes
Installing subdir /home/devel/building/work/src/foot/icons/hicolor to /home/devel/building/work/pkg/usr/share/icons/hicolor
Installing /home/devel/building/work/src/foot/icons/hicolor/48x48/apps/foot.png to /home/devel/building/work/pkg/usr/share/icons/hicolor/48x48/apps
Installing /home/devel/building/work/src/foot/icons/hicolor/scalable/apps/foot.svg to /home/devel/building/work/pkg/usr/share/icons/hicolor/scalable/apps
Installing foot to /home/devel/building/work/pkg/usr/bin
Installing footclient to /home/devel/building/work/pkg/usr/bin
Installing doc/foot.1 to /home/devel/building/work/pkg/usr/share/man/man1
Installing doc/foot.ini.5 to /home/devel/building/work/pkg/usr/share/man/man5
Installing doc/footclient.1 to /home/devel/building/work/pkg/usr/share/man/man1
Installing doc/foot-ctlseqs.7 to /home/devel/building/work/pkg/usr/share/man/man7
Installing /home/devel/building/work/src/foot/build/f/foot to /home/devel/building/work/pkg/usr/share/terminfo/f
Installing /home/devel/building/work/src/foot/build/f/foot-direct to /home/devel/building/work/pkg/usr/share/terminfo/f
Installing /home/devel/building/work/src/foot/org.codeberg.dnkl.foot.desktop to /home/devel/building/work/pkg/usr/share/applications
Installing /home/devel/building/work/src/foot/org.codeberg.dnkl.foot-server.desktop to /home/devel/building/work/pkg/usr/share/applications
Installing /home/devel/building/work/src/foot/org.codeberg.dnkl.footclient.desktop to /home/devel/building/work/pkg/usr/share/applications
Installing /home/devel/building/work/src/foot/foot.ini to /home/devel/building/work/pkg/etc/xdg/foot
Installing /home/devel/building/work/src/foot/LICENSE to /home/devel/building/work/pkg/usr/share/doc/foot
Installing /home/devel/building/work/src/foot/README.md to /home/devel/building/work/pkg/usr/share/doc/foot
Installing /home/devel/building/work/src/foot/CHANGELOG.md to /home/devel/building/work/pkg/usr/share/doc/foot
Installing /home/devel/building/work/src/foot/completions/zsh/_foot to /home/devel/building/work/pkg/usr/share/zsh/site-functions
Installing /home/devel/building/work/src/foot/completions/zsh/_footclient to /home/devel/building/work/pkg/usr/share/zsh/site-functions
Installing /home/devel/building/work/src/foot/completions/fish/foot.fish to /home/devel/building/work/pkg/usr/share/fish/vendor_completions.d
Installing /home/devel/building/work/src/foot/completions/fish/footclient.fish to /home/devel/building/work/pkg/usr/share/fish/vendor_completions.d
Installing /home/devel/building/work/src/foot/completions/bash/foot to /home/devel/building/work/pkg/usr/share/bash-completion/completions
Installing /home/devel/building/work/src/foot/completions/bash/footclient to /home/devel/building/work/pkg/usr/share/bash-completion/completions
+ install -d /home/devel/building/work/pkg/usr/share/fonts/misc
+ cp -R /home/devel/building/work/src/terminus /home/devel/building/work/pkg/usr/share/fonts/misc
+ rm -r /home/devel/building/work/pkg/usr/share/bash-completion /home/devel/building/work/pkg/usr/share/doc /home/devel/building/work/pkg/usr/share/fish /home/devel/building/work/pkg/usr/share/zsh
=======> Build result:
drwxr-xr-x  0 root   root        0 May  7 21:15 etc/
drwxr-xr-x  0 root   root        0 May  7 21:15 etc/xdg/
drwxr-xr-x  0 root   root        0 May  7 21:15 etc/xdg/foot/
-rw-r--r--  0 root   root     6366 Apr 17 11:26 etc/xdg/foot/foot.ini
drwxr-xr-x  0 root   root        0 May  7 21:15 usr/
drwxr-xr-x  0 root   root        0 May  7 21:15 usr/share/
drwxr-xr-x  0 root   root        0 May  7 21:15 usr/bin/
-rwxr-xr-x  0 root   root   476512 May  7 21:15 usr/bin/foot
-rwxr-xr-x  0 root   root    27104 May  7 21:15 usr/bin/footclient
drwxr-xr-x  0 root   root        0 May  7 21:15 usr/share/foot/
drwxr-xr-x  0 root   root        0 May  7 21:15 usr/share/icons/
drwxr-xr-x  0 root   root        0 May  7 21:15 usr/share/man/
drwxr-xr-x  0 root   root        0 May  7 21:15 usr/share/terminfo/
drwxr-xr-x  0 root   root        0 May  7 21:15 usr/share/applications/
drwxr-xr-x  0 root   root        0 May  7 21:15 usr/share/fonts/
drwxr-xr-x  0 root   root        0 May  7 21:15 usr/share/fonts/misc/
drwxr-xr-x  0 root   root        0 May  7 21:15 usr/share/fonts/misc/terminus/
-rw-r--r--  0 root   root    29870 May  7 21:15 usr/share/fonts/misc/terminus/ter-x32b.pcf.gz
-rw-r--r--  0 root   root    27225 May  7 21:15 usr/share/fonts/misc/terminus/ter-x22b.pcf.gz
-rw-r--r--  0 root   root    25409 May  7 21:15 usr/share/fonts/misc/terminus/ter-x16b.pcf.gz
-rw-r--r--  0 root   root    25579 May  7 21:15 usr/share/fonts/misc/terminus/ter-x18n.pcf.gz
-rw-r--r--  0 root   root    26771 May  7 21:15 usr/share/fonts/misc/terminus/ter-x20b.pcf.gz
-rw-r--r--  0 root   root    25175 May  7 21:15 usr/share/fonts/misc/terminus/ter-x14n.pcf.gz
-rw-r--r--  0 root   root    27297 May  7 21:15 usr/share/fonts/misc/terminus/ter-x22n.pcf.gz
-rw-r--r--  0 root   root    26575 May  7 21:15 usr/share/fonts/misc/terminus/ter-x18b.pcf.gz
-rw-r--r--  0 root   root    23370 May  7 21:15 usr/share/fonts/misc/terminus/ter-x12b.pcf.gz
-rw-r--r--  0 root   root    23370 May  7 21:15 usr/share/fonts/misc/terminus/ter-x12n.pcf.gz
-rw-r--r--  0 root   root    27153 May  7 21:15 usr/share/fonts/misc/terminus/ter-x24n.pcf.gz
-rw-r--r--  0 root   root    28730 May  7 21:15 usr/share/fonts/misc/terminus/ter-x28b.pcf.gz
-rw-r--r--  0 root   root    27716 May  7 21:15 usr/share/fonts/misc/terminus/ter-x24b.pcf.gz
-rw-r--r--  0 root   root    26103 May  7 21:15 usr/share/fonts/misc/terminus/ter-x20n.pcf.gz
-rw-r--r--  0 root   root    28353 May  7 21:15 usr/share/fonts/misc/terminus/ter-x28n.pcf.gz
-rw-r--r--  0 root   root    29876 May  7 21:15 usr/share/fonts/misc/terminus/ter-x32n.pcf.gz
-rw-r--r--  0 root   root    24851 May  7 21:15 usr/share/fonts/misc/terminus/ter-x14b.pcf.gz
-rw-r--r--  0 root   root    25346 May  7 21:15 usr/share/fonts/misc/terminus/ter-x16n.pcf.gz
-rw-r--r--  0 root   root      242 Apr 17 11:26 usr/share/applications/org.codeberg.dnkl.foot.desktop
-rw-r--r--  0 root   root      247 Apr 17 11:26 usr/share/applications/org.codeberg.dnkl.foot-server.desktop
-rw-r--r--  0 root   root      270 Apr 17 11:26 usr/share/applications/org.codeberg.dnkl.footclient.desktop
drwxr-xr-x  0 root   root        0 May  7 21:15 usr/share/terminfo/f/
-rw-r--r--  0 root   root     3905 May  7 21:15 usr/share/terminfo/f/foot
-rw-r--r--  0 root   root     3969 May  7 21:15 usr/share/terminfo/f/foot-direct
drwxr-xr-x  0 root   root        0 May  7 21:15 usr/share/man/man1/
drwxr-xr-x  0 root   root        0 May  7 21:15 usr/share/man/man5/
drwxr-xr-x  0 root   root        0 May  7 21:15 usr/share/man/man7/
-rw-r--r--  0 root   root     6266 May  7 21:15 usr/share/man/man7/foot-ctlseqs.7.gz
-rw-r--r--  0 root   root    17808 May  7 21:15 usr/share/man/man5/foot.ini.5.gz
-rw-r--r--  0 root   root     8268 May  7 21:15 usr/share/man/man1/foot.1.gz
-rw-r--r--  0 root   root     2787 May  7 21:15 usr/share/man/man1/footclient.1.gz
drwxr-xr-x  0 root   root        0 May  7 21:15 usr/share/icons/hicolor/
drwxr-xr-x  0 root   root        0 May  7 21:15 usr/share/icons/hicolor/48x48/
drwxr-xr-x  0 root   root        0 May  7 21:15 usr/share/icons/hicolor/scalable/
drwxr-xr-x  0 root   root        0 May  7 21:15 usr/share/icons/hicolor/scalable/apps/
-rw-r--r--  0 root   root     3165 Apr 17 11:26 usr/share/icons/hicolor/scalable/apps/foot.svg
drwxr-xr-x  0 root   root        0 May  7 21:15 usr/share/icons/hicolor/48x48/apps/
-rw-r--r--  0 root   root      977 Apr 17 11:26 usr/share/icons/hicolor/48x48/apps/foot.png
drwxr-xr-x  0 root   root        0 May  7 21:15 usr/share/foot/themes/
-rw-r--r--  0 root   root      456 Apr 17 11:26 usr/share/foot/themes/aeroroot
-rw-r--r--  0 root   root      438 Apr 17 11:26 usr/share/foot/themes/apprentice
-rw-r--r--  0 root   root      683 Apr 17 11:26 usr/share/foot/themes/ayu-mirage
-rw-r--r--  0 root   root      558 Apr 17 11:26 usr/share/foot/themes/catppuccin
-rw-r--r--  0 root   root      520 Apr 17 11:26 usr/share/foot/themes/chiba-dark
-rw-r--r--  0 root   root      346 Apr 17 11:26 usr/share/foot/themes/derp
-rw-r--r--  0 root   root      565 Apr 17 11:26 usr/share/foot/themes/deus
-rw-r--r--  0 root   root      554 Apr 17 11:26 usr/share/foot/themes/dracula
-rw-r--r--  0 root   root      570 Apr 17 11:26 usr/share/foot/themes/dracula-iterm
-rw-r--r--  0 root   root      938 Apr 17 11:26 usr/share/foot/themes/electrophoretic
-rw-r--r--  0 root   root      319 Apr 17 11:26 usr/share/foot/themes/gruvbox-dark
-rw-r--r--  0 root   root      327 Apr 17 11:26 usr/share/foot/themes/gruvbox-light
-rw-r--r--  0 root   root      560 Apr 17 11:26 usr/share/foot/themes/hacktober
-rw-r--r--  0 root   root      704 Apr 17 11:26 usr/share/foot/themes/jetbrains-darcula
-rw-r--r--  0 root   root      545 Apr 17 11:26 usr/share/foot/themes/kitty
-rw-r--r--  0 root   root      904 Apr 17 11:26 usr/share/foot/themes/material-amber
-rw-r--r--  0 root   root      648 Apr 17 11:26 usr/share/foot/themes/material-design
-rw-r--r--  0 root   root      379 Apr 17 11:26 usr/share/foot/themes/modus-operandi
-rw-r--r--  0 root   root      379 Apr 17 11:26 usr/share/foot/themes/modus-vivendi
-rw-r--r--  0 root   root      323 Apr 17 11:26 usr/share/foot/themes/monokai-pro
-rw-r--r--  0 root   root      510 Apr 17 11:26 usr/share/foot/themes/moonfly
-rw-r--r--  0 root   root      353 Apr 17 11:26 usr/share/foot/themes/neon
-rw-r--r--  0 root   root      515 Apr 17 11:26 usr/share/foot/themes/nightfly
-rw-r--r--  0 root   root      673 Apr 17 11:26 usr/share/foot/themes/noirblaze
-rw-r--r--  0 root   root      866 Apr 17 11:26 usr/share/foot/themes/nord
-rw-r--r--  0 root   root      349 Apr 17 11:26 usr/share/foot/themes/nordiq
-rw-r--r--  0 root   root      695 Apr 17 11:26 usr/share/foot/themes/onedark
-rw-r--r--  0 root   root      637 Apr 17 11:26 usr/share/foot/themes/panda
-rw-r--r--  0 root   root      687 Apr 17 11:26 usr/share/foot/themes/paper-color-dark
-rw-r--r--  0 root   root      689 Apr 17 11:26 usr/share/foot/themes/paper-color-light
-rw-r--r--  0 root   root      489 Apr 17 11:26 usr/share/foot/themes/poimandres
-rw-r--r--  0 root   root     1068 Apr 17 11:26 usr/share/foot/themes/rezza
-rw-r--r--  0 root   root      561 Apr 17 11:26 usr/share/foot/themes/rose-pine
-rw-r--r--  0 root   root      419 Apr 17 11:26 usr/share/foot/themes/selenized-black
-rw-r--r--  0 root   root      418 Apr 17 11:26 usr/share/foot/themes/selenized-dark
-rw-r--r--  0 root   root      417 Apr 17 11:26 usr/share/foot/themes/selenized-light
-rw-r--r--  0 root   root      417 Apr 17 11:26 usr/share/foot/themes/selenized-white
-rw-r--r--  0 root   root      576 Apr 17 11:26 usr/share/foot/themes/solarized-dark
-rw-r--r--  0 root   root      630 Apr 17 11:26 usr/share/foot/themes/solarized-dark-normal-brights
-rw-r--r--  0 root   root      649 Apr 17 11:26 usr/share/foot/themes/solarized-light
-rw-r--r--  0 root   root      524 Apr 17 11:26 usr/share/foot/themes/srcery
-rw-r--r--  0 root   root      412 Apr 17 11:26 usr/share/foot/themes/starlight
-rw-r--r--  0 root   root      347 Apr 17 11:26 usr/share/foot/themes/tango
-rw-r--r--  0 root   root      611 Apr 17 11:26 usr/share/foot/themes/tempus-autumn
-rw-r--r--  0 root   root      584 Apr 17 11:26 usr/share/foot/themes/tempus-classic
-rw-r--r--  0 root   root      609 Apr 17 11:26 usr/share/foot/themes/tempus-dawn
-rw-r--r--  0 root   root      584 Apr 17 11:26 usr/share/foot/themes/tempus-day
-rw-r--r--  0 root   root      617 Apr 17 11:26 usr/share/foot/themes/tempus-dusk
-rw-r--r--  0 root   root      621 Apr 17 11:26 usr/share/foot/themes/tempus-fugit
-rw-r--r--  0 root   root      621 Apr 17 11:26 usr/share/foot/themes/tempus-future
-rw-r--r--  0 root   root      602 Apr 17 11:26 usr/share/foot/themes/tempus-night
-rw-r--r--  0 root   root      605 Apr 17 11:26 usr/share/foot/themes/tempus-past
-rw-r--r--  0 root   root      623 Apr 17 11:26 usr/share/foot/themes/tempus-rift
-rw-r--r--  0 root   root      616 Apr 17 11:26 usr/share/foot/themes/tempus-spring
-rw-r--r--  0 root   root      620 Apr 17 11:26 usr/share/foot/themes/tempus-summer
-rw-r--r--  0 root   root      610 Apr 17 11:26 usr/share/foot/themes/tempus-tempest
-rw-r--r--  0 root   root      610 Apr 17 11:26 usr/share/foot/themes/tempus-totus
-rw-r--r--  0 root   root      589 Apr 17 11:26 usr/share/foot/themes/tempus-warp
-rw-r--r--  0 root   root      621 Apr 17 11:26 usr/share/foot/themes/tempus-winter
-rw-r--r--  0 root   root      308 Apr 17 11:26 usr/share/foot/themes/tokyonight-day
-rw-r--r--  0 root   root      309 Apr 17 11:26 usr/share/foot/themes/tokyonight-night
-rw-r--r--  0 root   root      309 Apr 17 11:26 usr/share/foot/themes/tokyonight-storm
-rw-r--r--  0 root   root      350 Apr 17 11:26 usr/share/foot/themes/visibone
-rw-r--r--  0 root   root      531 Apr 17 11:26 usr/share/foot/themes/xterm
-rw-r--r--  0 root   root      600 Apr 17 11:26 usr/share/foot/themes/zenburn
=======> Building '/home/devel/packages/foot#1.17.2-1.x86_64.pkg.tar.zst' succeeded.
prt-get: Using PKGMK_PACKAGE_DIR: /home/devel/packages
prt-get: reinstalling foot 1.17.2-1
prt-get: /usr/bin/pkgadd -u foot#1.17.2-1.x86_64.pkg.tar.zst
prt-get: build done Tue May  7 21:15:29 2024

