prt-get: updating /usr/ports/opt-x86_64/freetype
prt-get: starting build Tue May  7 21:15:29 2024
=======> Building '/home/devel/packages/freetype#2.13.2-1.x86_64.pkg.tar.zst'.
bsdtar -p -o -C /home/devel/building/work/src -xf /home/devel/sources/freetype-2.13.2.tar.xz
cp 0001-Enable-table-validation-modules.patch /home/devel/building/work/src
cp 0002-Enable-subpixel-rendering.patch /home/devel/building/work/src
cp 0004-Enable-long-PCF-family-names.patch /home/devel/building/work/src
+ build
+ cd freetype-2.13.2
+ patch -p1 -i /home/devel/building/work/src/0001-Enable-table-validation-modules.patch
patching file modules.cfg
Hunk #1 succeeded at 117 (offset 6 lines).
+ patch -p1 -i /home/devel/building/work/src/0002-Enable-subpixel-rendering.patch
patching file include/freetype/config/ftoption.h
Hunk #1 succeeded at 123 (offset -1 lines).
+ patch -p1 -i /home/devel/building/work/src/0004-Enable-long-PCF-family-names.patch
patching file include/freetype/config/ftoption.h
Hunk #1 succeeded at 887 (offset 26 lines).
+ build-meson -Dharfbuzz=auto -Dbrotli=enabled -Dpng=enabled . build
The Meson build system
Version: 1.4.0
Source dir: /home/devel/building/work/src/freetype-2.13.2
Build dir: /home/devel/building/work/src/freetype-2.13.2/build
Build type: native build
Project name: freetype2
Project version: 2.13.2
C compiler for the host machine: cc (gcc 14.1.0 "cc (SAUX-x86_64) 14.1.0")
C linker for the host machine: cc ld.bfd 2.42
Host machine cpu family: x86_64
Host machine cpu: x86_64
Program python3 found: YES (/usr/bin/python3)
Has header "unistd.h" : YES 
Has header "fcntl.h" : YES 
Has header "sys/mman.h" : YES 
Found pkg-config: YES (/usr/bin/pkg-config) 2.2.0
Run-time dependency zlib found: YES 1.3.1
Dependency zlib found: YES 1.3.1 (cached)
Library bz2 found: YES
Run-time dependency libpng found: YES 1.6.43
Run-time dependency harfbuzz found: YES 8.4.0
Run-time dependency libbrotlidec found: YES 1.1.0
Build targets in project: 5

freetype2 2.13.2

  Operating System
    OS                : linux

  Used Libraries
    Zlib              : system
    Bzip2             : yes
    Png               : yes
    Harfbuzz          : yes
    Brotli            : yes

  User defined options
    auto_features     : auto
    bindir            : /usr/bin
    buildtype         : plain
    datadir           : /usr/share
    includedir        : /usr/include
    libdir            : /usr/lib
    libexecdir        : /usr/lib
    localstatedir     : /var
    mandir            : /usr/share/man
    prefix            : /usr
    sbindir           : /usr/sbin
    sharedstatedir    : /var/lib
    sysconfdir        : /etc
    werror            : false
    wrap_mode         : nodownload
    python.bytecompile: 0
    b_lto             : false
    b_pie             : true
    b_staticpic       : true
    brotli            : enabled
    harfbuzz          : auto
    png               : enabled

Found ninja-1.9 at /usr/bin/ninja
+ meson compile -j 8 -v -C build
ninja: entering directory '/home/devel/building/work/src/freetype-2.13.2/build'
[1/48] /usr/bin/python3 ../builds/meson/process_ftoption_h.py ../builds/unix/ftconfig.h.in --output=ftconfig.h --enable=HAVE_UNISTD_H --enable=HAVE_FCNTL_H
[2/48] /usr/bin/python3 ../builds/meson/process_ftoption_h.py ../include/freetype/config/ftoption.h --output=ftoption.h --enable=FT_CONFIG_OPTION_USE_ZLIB --enable=FT_CONFIG_OPTION_SYSTEM_ZLIB --enable=FT_CONFIG_OPTION_USE_BZIP2 --enable=FT_CONFIG_OPTION_USE_PNG --enable=FT_CONFIG_OPTION_USE_HARFBUZZ --enable=FT_CONFIG_OPTION_USE_BROTLI
[3/48] /usr/bin/python3 ../builds/meson/parse_modules_cfg.py --format=ftmodule.h ../modules.cfg --output ftmodule.h
[4/48] cc -Ilibfreetype.so.6.20.1.p -I. -I.. -I../include -I/usr/include/libpng16 -I/usr/include/harfbuzz -I/usr/include/freetype2 -I/usr/include/glib-2.0 -I/usr/lib/glib-2.0/include -fvisibility=hidden -fdiagnostics-color=always -D_FILE_OFFSET_BITS=64 -Wall -Winvalid-pch -O2 -m64 -march=x86-64 -mtune=generic -flto=auto -ffat-lto-objects -fPIC '-DFT_CONFIG_MODULES_H=<ftmodule.h>' -DFT2_BUILD_LIBRARY=1 '-DFT_CONFIG_OPTIONS_H=<ftoption.h>' '-DFT_CONFIG_CONFIG_H=<ftconfig.h>' -MD -MQ libfreetype.so.6.20.1.p/src_bzip2_ftbzip2.c.o -MF libfreetype.so.6.20.1.p/src_bzip2_ftbzip2.c.o.d -o libfreetype.so.6.20.1.p/src_bzip2_ftbzip2.c.o -c ../src/bzip2/ftbzip2.c
[5/48] cc -Ilibfreetype.so.6.20.1.p -I. -I.. -I../include -I/usr/include/libpng16 -I/usr/include/harfbuzz -I/usr/include/freetype2 -I/usr/include/glib-2.0 -I/usr/lib/glib-2.0/include -fvisibility=hidden -fdiagnostics-color=always -D_FILE_OFFSET_BITS=64 -Wall -Winvalid-pch -O2 -m64 -march=x86-64 -mtune=generic -flto=auto -ffat-lto-objects -fPIC '-DFT_CONFIG_MODULES_H=<ftmodule.h>' -DFT2_BUILD_LIBRARY=1 '-DFT_CONFIG_OPTIONS_H=<ftoption.h>' '-DFT_CONFIG_CONFIG_H=<ftconfig.h>' -MD -MQ libfreetype.so.6.20.1.p/src_base_ftdebug.c.o -MF libfreetype.so.6.20.1.p/src_base_ftdebug.c.o.d -o libfreetype.so.6.20.1.p/src_base_ftdebug.c.o -c ../src/base/ftdebug.c
[6/48] cc -Ilibfreetype.so.6.20.1.p -I. -I.. -I../include -I/usr/include/libpng16 -I/usr/include/harfbuzz -I/usr/include/freetype2 -I/usr/include/glib-2.0 -I/usr/lib/glib-2.0/include -fvisibility=hidden -fdiagnostics-color=always -D_FILE_OFFSET_BITS=64 -Wall -Winvalid-pch -O2 -m64 -march=x86-64 -mtune=generic -flto=auto -ffat-lto-objects -fPIC '-DFT_CONFIG_MODULES_H=<ftmodule.h>' -DFT2_BUILD_LIBRARY=1 '-DFT_CONFIG_OPTIONS_H=<ftoption.h>' '-DFT_CONFIG_CONFIG_H=<ftconfig.h>' -MD -MQ libfreetype.so.6.20.1.p/builds_unix_ftsystem.c.o -MF libfreetype.so.6.20.1.p/builds_unix_ftsystem.c.o.d -o libfreetype.so.6.20.1.p/builds_unix_ftsystem.c.o -c ../builds/unix/ftsystem.c
[7/48] cc -Ilibfreetype.so.6.20.1.p -I. -I.. -I../include -I/usr/include/libpng16 -I/usr/include/harfbuzz -I/usr/include/freetype2 -I/usr/include/glib-2.0 -I/usr/lib/glib-2.0/include -fvisibility=hidden -fdiagnostics-color=always -D_FILE_OFFSET_BITS=64 -Wall -Winvalid-pch -O2 -m64 -march=x86-64 -mtune=generic -flto=auto -ffat-lto-objects -fPIC '-DFT_CONFIG_MODULES_H=<ftmodule.h>' -DFT2_BUILD_LIBRARY=1 '-DFT_CONFIG_OPTIONS_H=<ftoption.h>' '-DFT_CONFIG_CONFIG_H=<ftconfig.h>' -MD -MQ libfreetype.so.6.20.1.p/src_base_ftwinfnt.c.o -MF libfreetype.so.6.20.1.p/src_base_ftwinfnt.c.o.d -o libfreetype.so.6.20.1.p/src_base_ftwinfnt.c.o -c ../src/base/ftwinfnt.c
[8/48] cc -Ilibfreetype.so.6.20.1.p -I. -I.. -I../include -I/usr/include/libpng16 -I/usr/include/harfbuzz -I/usr/include/freetype2 -I/usr/include/glib-2.0 -I/usr/lib/glib-2.0/include -fvisibility=hidden -fdiagnostics-color=always -D_FILE_OFFSET_BITS=64 -Wall -Winvalid-pch -O2 -m64 -march=x86-64 -mtune=generic -flto=auto -ffat-lto-objects -fPIC '-DFT_CONFIG_MODULES_H=<ftmodule.h>' -DFT2_BUILD_LIBRARY=1 '-DFT_CONFIG_OPTIONS_H=<ftoption.h>' '-DFT_CONFIG_CONFIG_H=<ftconfig.h>' -MD -MQ libfreetype.so.6.20.1.p/src_base_fttype1.c.o -MF libfreetype.so.6.20.1.p/src_base_fttype1.c.o.d -o libfreetype.so.6.20.1.p/src_base_fttype1.c.o -c ../src/base/fttype1.c
[9/48] cc -Ilibfreetype.so.6.20.1.p -I. -I.. -I../include -I/usr/include/libpng16 -I/usr/include/harfbuzz -I/usr/include/freetype2 -I/usr/include/glib-2.0 -I/usr/lib/glib-2.0/include -fvisibility=hidden -fdiagnostics-color=always -D_FILE_OFFSET_BITS=64 -Wall -Winvalid-pch -O2 -m64 -march=x86-64 -mtune=generic -flto=auto -ffat-lto-objects -fPIC '-DFT_CONFIG_MODULES_H=<ftmodule.h>' -DFT2_BUILD_LIBRARY=1 '-DFT_CONFIG_OPTIONS_H=<ftoption.h>' '-DFT_CONFIG_CONFIG_H=<ftconfig.h>' -MD -MQ libfreetype.so.6.20.1.p/src_base_ftsynth.c.o -MF libfreetype.so.6.20.1.p/src_base_ftsynth.c.o.d -o libfreetype.so.6.20.1.p/src_base_ftsynth.c.o -c ../src/base/ftsynth.c
[10/48] cc -Ilibfreetype.so.6.20.1.p -I. -I.. -I../include -I/usr/include/libpng16 -I/usr/include/harfbuzz -I/usr/include/freetype2 -I/usr/include/glib-2.0 -I/usr/lib/glib-2.0/include -fvisibility=hidden -fdiagnostics-color=always -D_FILE_OFFSET_BITS=64 -Wall -Winvalid-pch -O2 -m64 -march=x86-64 -mtune=generic -flto=auto -ffat-lto-objects -fPIC '-DFT_CONFIG_MODULES_H=<ftmodule.h>' -DFT2_BUILD_LIBRARY=1 '-DFT_CONFIG_OPTIONS_H=<ftoption.h>' '-DFT_CONFIG_CONFIG_H=<ftconfig.h>' -MD -MQ libfreetype.so.6.20.1.p/src_base_ftstroke.c.o -MF libfreetype.so.6.20.1.p/src_base_ftstroke.c.o.d -o libfreetype.so.6.20.1.p/src_base_ftstroke.c.o -c ../src/base/ftstroke.c
[11/48] cc -Ilibfreetype.so.6.20.1.p -I. -I.. -I../include -I/usr/include/libpng16 -I/usr/include/harfbuzz -I/usr/include/freetype2 -I/usr/include/glib-2.0 -I/usr/lib/glib-2.0/include -fvisibility=hidden -fdiagnostics-color=always -D_FILE_OFFSET_BITS=64 -Wall -Winvalid-pch -O2 -m64 -march=x86-64 -mtune=generic -flto=auto -ffat-lto-objects -fPIC '-DFT_CONFIG_MODULES_H=<ftmodule.h>' -DFT2_BUILD_LIBRARY=1 '-DFT_CONFIG_OPTIONS_H=<ftoption.h>' '-DFT_CONFIG_CONFIG_H=<ftconfig.h>' -MD -MQ libfreetype.so.6.20.1.p/src_base_ftpfr.c.o -MF libfreetype.so.6.20.1.p/src_base_ftpfr.c.o.d -o libfreetype.so.6.20.1.p/src_base_ftpfr.c.o -c ../src/base/ftpfr.c
[12/48] cc -Ilibfreetype.so.6.20.1.p -I. -I.. -I../include -I/usr/include/libpng16 -I/usr/include/harfbuzz -I/usr/include/freetype2 -I/usr/include/glib-2.0 -I/usr/lib/glib-2.0/include -fvisibility=hidden -fdiagnostics-color=always -D_FILE_OFFSET_BITS=64 -Wall -Winvalid-pch -O2 -m64 -march=x86-64 -mtune=generic -flto=auto -ffat-lto-objects -fPIC '-DFT_CONFIG_MODULES_H=<ftmodule.h>' -DFT2_BUILD_LIBRARY=1 '-DFT_CONFIG_OPTIONS_H=<ftoption.h>' '-DFT_CONFIG_CONFIG_H=<ftconfig.h>' -MD -MQ libfreetype.so.6.20.1.p/src_base_ftpatent.c.o -MF libfreetype.so.6.20.1.p/src_base_ftpatent.c.o.d -o libfreetype.so.6.20.1.p/src_base_ftpatent.c.o -c ../src/base/ftpatent.c
[13/48] cc -Ilibfreetype.so.6.20.1.p -I. -I.. -I../include -I/usr/include/libpng16 -I/usr/include/harfbuzz -I/usr/include/freetype2 -I/usr/include/glib-2.0 -I/usr/lib/glib-2.0/include -fvisibility=hidden -fdiagnostics-color=always -D_FILE_OFFSET_BITS=64 -Wall -Winvalid-pch -O2 -m64 -march=x86-64 -mtune=generic -flto=auto -ffat-lto-objects -fPIC '-DFT_CONFIG_MODULES_H=<ftmodule.h>' -DFT2_BUILD_LIBRARY=1 '-DFT_CONFIG_OPTIONS_H=<ftoption.h>' '-DFT_CONFIG_CONFIG_H=<ftconfig.h>' -MD -MQ libfreetype.so.6.20.1.p/src_base_ftotval.c.o -MF libfreetype.so.6.20.1.p/src_base_ftotval.c.o.d -o libfreetype.so.6.20.1.p/src_base_ftotval.c.o -c ../src/base/ftotval.c
[14/48] cc -Ilibfreetype.so.6.20.1.p -I. -I.. -I../include -I/usr/include/libpng16 -I/usr/include/harfbuzz -I/usr/include/freetype2 -I/usr/include/glib-2.0 -I/usr/lib/glib-2.0/include -fvisibility=hidden -fdiagnostics-color=always -D_FILE_OFFSET_BITS=64 -Wall -Winvalid-pch -O2 -m64 -march=x86-64 -mtune=generic -flto=auto -ffat-lto-objects -fPIC '-DFT_CONFIG_MODULES_H=<ftmodule.h>' -DFT2_BUILD_LIBRARY=1 '-DFT_CONFIG_OPTIONS_H=<ftoption.h>' '-DFT_CONFIG_CONFIG_H=<ftconfig.h>' -MD -MQ libfreetype.so.6.20.1.p/src_base_ftmm.c.o -MF libfreetype.so.6.20.1.p/src_base_ftmm.c.o.d -o libfreetype.so.6.20.1.p/src_base_ftmm.c.o -c ../src/base/ftmm.c
[15/48] cc -Ilibfreetype.so.6.20.1.p -I. -I.. -I../include -I/usr/include/libpng16 -I/usr/include/harfbuzz -I/usr/include/freetype2 -I/usr/include/glib-2.0 -I/usr/lib/glib-2.0/include -fvisibility=hidden -fdiagnostics-color=always -D_FILE_OFFSET_BITS=64 -Wall -Winvalid-pch -O2 -m64 -march=x86-64 -mtune=generic -flto=auto -ffat-lto-objects -fPIC '-DFT_CONFIG_MODULES_H=<ftmodule.h>' -DFT2_BUILD_LIBRARY=1 '-DFT_CONFIG_OPTIONS_H=<ftoption.h>' '-DFT_CONFIG_CONFIG_H=<ftconfig.h>' -MD -MQ libfreetype.so.6.20.1.p/src_base_ftgxval.c.o -MF libfreetype.so.6.20.1.p/src_base_ftgxval.c.o.d -o libfreetype.so.6.20.1.p/src_base_ftgxval.c.o -c ../src/base/ftgxval.c
[16/48] cc -Ilibfreetype.so.6.20.1.p -I. -I.. -I../include -I/usr/include/libpng16 -I/usr/include/harfbuzz -I/usr/include/freetype2 -I/usr/include/glib-2.0 -I/usr/lib/glib-2.0/include -fvisibility=hidden -fdiagnostics-color=always -D_FILE_OFFSET_BITS=64 -Wall -Winvalid-pch -O2 -m64 -march=x86-64 -mtune=generic -flto=auto -ffat-lto-objects -fPIC '-DFT_CONFIG_MODULES_H=<ftmodule.h>' -DFT2_BUILD_LIBRARY=1 '-DFT_CONFIG_OPTIONS_H=<ftoption.h>' '-DFT_CONFIG_CONFIG_H=<ftconfig.h>' -MD -MQ libfreetype.so.6.20.1.p/src_base_ftglyph.c.o -MF libfreetype.so.6.20.1.p/src_base_ftglyph.c.o.d -o libfreetype.so.6.20.1.p/src_base_ftglyph.c.o -c ../src/base/ftglyph.c
[17/48] cc -Ilibfreetype.so.6.20.1.p -I. -I.. -I../include -I/usr/include/libpng16 -I/usr/include/harfbuzz -I/usr/include/freetype2 -I/usr/include/glib-2.0 -I/usr/lib/glib-2.0/include -fvisibility=hidden -fdiagnostics-color=always -D_FILE_OFFSET_BITS=64 -Wall -Winvalid-pch -O2 -m64 -march=x86-64 -mtune=generic -flto=auto -ffat-lto-objects -fPIC '-DFT_CONFIG_MODULES_H=<ftmodule.h>' -DFT2_BUILD_LIBRARY=1 '-DFT_CONFIG_OPTIONS_H=<ftoption.h>' '-DFT_CONFIG_CONFIG_H=<ftconfig.h>' -MD -MQ libfreetype.so.6.20.1.p/src_base_ftgasp.c.o -MF libfreetype.so.6.20.1.p/src_base_ftgasp.c.o.d -o libfreetype.so.6.20.1.p/src_base_ftgasp.c.o -c ../src/base/ftgasp.c
[18/48] cc -Ilibfreetype.so.6.20.1.p -I. -I.. -I../include -I/usr/include/libpng16 -I/usr/include/harfbuzz -I/usr/include/freetype2 -I/usr/include/glib-2.0 -I/usr/lib/glib-2.0/include -fvisibility=hidden -fdiagnostics-color=always -D_FILE_OFFSET_BITS=64 -Wall -Winvalid-pch -O2 -m64 -march=x86-64 -mtune=generic -flto=auto -ffat-lto-objects -fPIC '-DFT_CONFIG_MODULES_H=<ftmodule.h>' -DFT2_BUILD_LIBRARY=1 '-DFT_CONFIG_OPTIONS_H=<ftoption.h>' '-DFT_CONFIG_CONFIG_H=<ftconfig.h>' -MD -MQ libfreetype.so.6.20.1.p/src_base_ftfstype.c.o -MF libfreetype.so.6.20.1.p/src_base_ftfstype.c.o.d -o libfreetype.so.6.20.1.p/src_base_ftfstype.c.o -c ../src/base/ftfstype.c
[19/48] cc -Ilibfreetype.so.6.20.1.p -I. -I.. -I../include -I/usr/include/libpng16 -I/usr/include/harfbuzz -I/usr/include/freetype2 -I/usr/include/glib-2.0 -I/usr/lib/glib-2.0/include -fvisibility=hidden -fdiagnostics-color=always -D_FILE_OFFSET_BITS=64 -Wall -Winvalid-pch -O2 -m64 -march=x86-64 -mtune=generic -flto=auto -ffat-lto-objects -fPIC '-DFT_CONFIG_MODULES_H=<ftmodule.h>' -DFT2_BUILD_LIBRARY=1 '-DFT_CONFIG_OPTIONS_H=<ftoption.h>' '-DFT_CONFIG_CONFIG_H=<ftconfig.h>' -MD -MQ libfreetype.so.6.20.1.p/src_base_ftcid.c.o -MF libfreetype.so.6.20.1.p/src_base_ftcid.c.o.d -o libfreetype.so.6.20.1.p/src_base_ftcid.c.o -c ../src/base/ftcid.c
[20/48] cc -Ilibfreetype.so.6.20.1.p -I. -I.. -I../include -I/usr/include/libpng16 -I/usr/include/harfbuzz -I/usr/include/freetype2 -I/usr/include/glib-2.0 -I/usr/lib/glib-2.0/include -fvisibility=hidden -fdiagnostics-color=always -D_FILE_OFFSET_BITS=64 -Wall -Winvalid-pch -O2 -m64 -march=x86-64 -mtune=generic -flto=auto -ffat-lto-objects -fPIC '-DFT_CONFIG_MODULES_H=<ftmodule.h>' -DFT2_BUILD_LIBRARY=1 '-DFT_CONFIG_OPTIONS_H=<ftoption.h>' '-DFT_CONFIG_CONFIG_H=<ftconfig.h>' -MD -MQ libfreetype.so.6.20.1.p/src_base_ftbitmap.c.o -MF libfreetype.so.6.20.1.p/src_base_ftbitmap.c.o.d -o libfreetype.so.6.20.1.p/src_base_ftbitmap.c.o -c ../src/base/ftbitmap.c
[21/48] cc -Ilibfreetype.so.6.20.1.p -I. -I.. -I../include -I/usr/include/libpng16 -I/usr/include/harfbuzz -I/usr/include/freetype2 -I/usr/include/glib-2.0 -I/usr/lib/glib-2.0/include -fvisibility=hidden -fdiagnostics-color=always -D_FILE_OFFSET_BITS=64 -Wall -Winvalid-pch -O2 -m64 -march=x86-64 -mtune=generic -flto=auto -ffat-lto-objects -fPIC '-DFT_CONFIG_MODULES_H=<ftmodule.h>' -DFT2_BUILD_LIBRARY=1 '-DFT_CONFIG_OPTIONS_H=<ftoption.h>' '-DFT_CONFIG_CONFIG_H=<ftconfig.h>' -MD -MQ libfreetype.so.6.20.1.p/src_base_ftbdf.c.o -MF libfreetype.so.6.20.1.p/src_base_ftbdf.c.o.d -o libfreetype.so.6.20.1.p/src_base_ftbdf.c.o -c ../src/base/ftbdf.c
[22/48] cc -Ilibfreetype.so.6.20.1.p -I. -I.. -I../include -I/usr/include/libpng16 -I/usr/include/harfbuzz -I/usr/include/freetype2 -I/usr/include/glib-2.0 -I/usr/lib/glib-2.0/include -fvisibility=hidden -fdiagnostics-color=always -D_FILE_OFFSET_BITS=64 -Wall -Winvalid-pch -O2 -m64 -march=x86-64 -mtune=generic -flto=auto -ffat-lto-objects -fPIC '-DFT_CONFIG_MODULES_H=<ftmodule.h>' -DFT2_BUILD_LIBRARY=1 '-DFT_CONFIG_OPTIONS_H=<ftoption.h>' '-DFT_CONFIG_CONFIG_H=<ftconfig.h>' -MD -MQ libfreetype.so.6.20.1.p/src_base_ftbbox.c.o -MF libfreetype.so.6.20.1.p/src_base_ftbbox.c.o.d -o libfreetype.so.6.20.1.p/src_base_ftbbox.c.o -c ../src/base/ftbbox.c
[23/48] cc -Ilibfreetype.so.6.20.1.p -I. -I.. -I../include -I/usr/include/libpng16 -I/usr/include/harfbuzz -I/usr/include/freetype2 -I/usr/include/glib-2.0 -I/usr/lib/glib-2.0/include -fvisibility=hidden -fdiagnostics-color=always -D_FILE_OFFSET_BITS=64 -Wall -Winvalid-pch -O2 -m64 -march=x86-64 -mtune=generic -flto=auto -ffat-lto-objects -fPIC '-DFT_CONFIG_MODULES_H=<ftmodule.h>' -DFT2_BUILD_LIBRARY=1 '-DFT_CONFIG_OPTIONS_H=<ftoption.h>' '-DFT_CONFIG_CONFIG_H=<ftconfig.h>' -MD -MQ libfreetype.so.6.20.1.p/src_psnames_psnames.c.o -MF libfreetype.so.6.20.1.p/src_psnames_psnames.c.o.d -o libfreetype.so.6.20.1.p/src_psnames_psnames.c.o -c ../src/psnames/psnames.c
[24/48] cc -Ilibfreetype.so.6.20.1.p -I. -I.. -I../include -I/usr/include/libpng16 -I/usr/include/harfbuzz -I/usr/include/freetype2 -I/usr/include/glib-2.0 -I/usr/lib/glib-2.0/include -fvisibility=hidden -fdiagnostics-color=always -D_FILE_OFFSET_BITS=64 -Wall -Winvalid-pch -O2 -m64 -march=x86-64 -mtune=generic -flto=auto -ffat-lto-objects -fPIC '-DFT_CONFIG_MODULES_H=<ftmodule.h>' -DFT2_BUILD_LIBRARY=1 '-DFT_CONFIG_OPTIONS_H=<ftoption.h>' '-DFT_CONFIG_CONFIG_H=<ftconfig.h>' -MD -MQ libfreetype.so.6.20.1.p/src_psaux_psaux.c.o -MF libfreetype.so.6.20.1.p/src_psaux_psaux.c.o.d -o libfreetype.so.6.20.1.p/src_psaux_psaux.c.o -c ../src/psaux/psaux.c
[25/48] cc -Ilibfreetype.so.6.20.1.p -I. -I.. -I../include -I/usr/include/libpng16 -I/usr/include/harfbuzz -I/usr/include/freetype2 -I/usr/include/glib-2.0 -I/usr/lib/glib-2.0/include -fvisibility=hidden -fdiagnostics-color=always -D_FILE_OFFSET_BITS=64 -Wall -Winvalid-pch -O2 -m64 -march=x86-64 -mtune=generic -flto=auto -ffat-lto-objects -fPIC '-DFT_CONFIG_MODULES_H=<ftmodule.h>' -DFT2_BUILD_LIBRARY=1 '-DFT_CONFIG_OPTIONS_H=<ftoption.h>' '-DFT_CONFIG_CONFIG_H=<ftconfig.h>' -MD -MQ libfreetype.so.6.20.1.p/src_otvalid_otvalid.c.o -MF libfreetype.so.6.20.1.p/src_otvalid_otvalid.c.o.d -o libfreetype.so.6.20.1.p/src_otvalid_otvalid.c.o -c ../src/otvalid/otvalid.c
[26/48] cc -Ilibfreetype.so.6.20.1.p -I. -I.. -I../include -I/usr/include/libpng16 -I/usr/include/harfbuzz -I/usr/include/freetype2 -I/usr/include/glib-2.0 -I/usr/lib/glib-2.0/include -fvisibility=hidden -fdiagnostics-color=always -D_FILE_OFFSET_BITS=64 -Wall -Winvalid-pch -O2 -m64 -march=x86-64 -mtune=generic -flto=auto -ffat-lto-objects -fPIC '-DFT_CONFIG_MODULES_H=<ftmodule.h>' -DFT2_BUILD_LIBRARY=1 '-DFT_CONFIG_OPTIONS_H=<ftoption.h>' '-DFT_CONFIG_CONFIG_H=<ftconfig.h>' -MD -MQ libfreetype.so.6.20.1.p/src_lzw_ftlzw.c.o -MF libfreetype.so.6.20.1.p/src_lzw_ftlzw.c.o.d -o libfreetype.so.6.20.1.p/src_lzw_ftlzw.c.o -c ../src/lzw/ftlzw.c
[27/48] cc -Ilibfreetype.so.6.20.1.p -I. -I.. -I../include -I/usr/include/libpng16 -I/usr/include/harfbuzz -I/usr/include/freetype2 -I/usr/include/glib-2.0 -I/usr/lib/glib-2.0/include -fvisibility=hidden -fdiagnostics-color=always -D_FILE_OFFSET_BITS=64 -Wall -Winvalid-pch -O2 -m64 -march=x86-64 -mtune=generic -flto=auto -ffat-lto-objects -fPIC '-DFT_CONFIG_MODULES_H=<ftmodule.h>' -DFT2_BUILD_LIBRARY=1 '-DFT_CONFIG_OPTIONS_H=<ftoption.h>' '-DFT_CONFIG_CONFIG_H=<ftconfig.h>' -MD -MQ libfreetype.so.6.20.1.p/src_gzip_ftgzip.c.o -MF libfreetype.so.6.20.1.p/src_gzip_ftgzip.c.o.d -o libfreetype.so.6.20.1.p/src_gzip_ftgzip.c.o -c ../src/gzip/ftgzip.c
[28/48] cc -Ilibfreetype.so.6.20.1.p -I. -I.. -I../include -I/usr/include/libpng16 -I/usr/include/harfbuzz -I/usr/include/freetype2 -I/usr/include/glib-2.0 -I/usr/lib/glib-2.0/include -fvisibility=hidden -fdiagnostics-color=always -D_FILE_OFFSET_BITS=64 -Wall -Winvalid-pch -O2 -m64 -march=x86-64 -mtune=generic -flto=auto -ffat-lto-objects -fPIC '-DFT_CONFIG_MODULES_H=<ftmodule.h>' -DFT2_BUILD_LIBRARY=1 '-DFT_CONFIG_OPTIONS_H=<ftoption.h>' '-DFT_CONFIG_CONFIG_H=<ftconfig.h>' -MD -MQ libfreetype.so.6.20.1.p/src_gxvalid_gxvalid.c.o -MF libfreetype.so.6.20.1.p/src_gxvalid_gxvalid.c.o.d -o libfreetype.so.6.20.1.p/src_gxvalid_gxvalid.c.o -c ../src/gxvalid/gxvalid.c
[29/48] cc -Ilibfreetype.so.6.20.1.p -I. -I.. -I../include -I/usr/include/libpng16 -I/usr/include/harfbuzz -I/usr/include/freetype2 -I/usr/include/glib-2.0 -I/usr/lib/glib-2.0/include -fvisibility=hidden -fdiagnostics-color=always -D_FILE_OFFSET_BITS=64 -Wall -Winvalid-pch -O2 -m64 -march=x86-64 -mtune=generic -flto=auto -ffat-lto-objects -fPIC '-DFT_CONFIG_MODULES_H=<ftmodule.h>' -DFT2_BUILD_LIBRARY=1 '-DFT_CONFIG_OPTIONS_H=<ftoption.h>' '-DFT_CONFIG_CONFIG_H=<ftconfig.h>' -MD -MQ libfreetype.so.6.20.1.p/src_cache_ftcache.c.o -MF libfreetype.so.6.20.1.p/src_cache_ftcache.c.o.d -o libfreetype.so.6.20.1.p/src_cache_ftcache.c.o -c ../src/cache/ftcache.c
[30/48] cc -Ilibfreetype.so.6.20.1.p -I. -I.. -I../include -I/usr/include/libpng16 -I/usr/include/harfbuzz -I/usr/include/freetype2 -I/usr/include/glib-2.0 -I/usr/lib/glib-2.0/include -fvisibility=hidden -fdiagnostics-color=always -D_FILE_OFFSET_BITS=64 -Wall -Winvalid-pch -O2 -m64 -march=x86-64 -mtune=generic -flto=auto -ffat-lto-objects -fPIC '-DFT_CONFIG_MODULES_H=<ftmodule.h>' -DFT2_BUILD_LIBRARY=1 '-DFT_CONFIG_OPTIONS_H=<ftoption.h>' '-DFT_CONFIG_CONFIG_H=<ftconfig.h>' -MD -MQ libfreetype.so.6.20.1.p/src_sdf_sdf.c.o -MF libfreetype.so.6.20.1.p/src_sdf_sdf.c.o.d -o libfreetype.so.6.20.1.p/src_sdf_sdf.c.o -c ../src/sdf/sdf.c
[31/48] cc -Ilibfreetype.so.6.20.1.p -I. -I.. -I../include -I/usr/include/libpng16 -I/usr/include/harfbuzz -I/usr/include/freetype2 -I/usr/include/glib-2.0 -I/usr/lib/glib-2.0/include -fvisibility=hidden -fdiagnostics-color=always -D_FILE_OFFSET_BITS=64 -Wall -Winvalid-pch -O2 -m64 -march=x86-64 -mtune=generic -flto=auto -ffat-lto-objects -fPIC '-DFT_CONFIG_MODULES_H=<ftmodule.h>' -DFT2_BUILD_LIBRARY=1 '-DFT_CONFIG_OPTIONS_H=<ftoption.h>' '-DFT_CONFIG_CONFIG_H=<ftconfig.h>' -MD -MQ libfreetype.so.6.20.1.p/src_svg_svg.c.o -MF libfreetype.so.6.20.1.p/src_svg_svg.c.o.d -o libfreetype.so.6.20.1.p/src_svg_svg.c.o -c ../src/svg/svg.c
[32/48] cc -Ilibfreetype.so.6.20.1.p -I. -I.. -I../include -I/usr/include/libpng16 -I/usr/include/harfbuzz -I/usr/include/freetype2 -I/usr/include/glib-2.0 -I/usr/lib/glib-2.0/include -fvisibility=hidden -fdiagnostics-color=always -D_FILE_OFFSET_BITS=64 -Wall -Winvalid-pch -O2 -m64 -march=x86-64 -mtune=generic -flto=auto -ffat-lto-objects -fPIC '-DFT_CONFIG_MODULES_H=<ftmodule.h>' -DFT2_BUILD_LIBRARY=1 '-DFT_CONFIG_OPTIONS_H=<ftoption.h>' '-DFT_CONFIG_CONFIG_H=<ftconfig.h>' -MD -MQ libfreetype.so.6.20.1.p/src_raster_raster.c.o -MF libfreetype.so.6.20.1.p/src_raster_raster.c.o.d -o libfreetype.so.6.20.1.p/src_raster_raster.c.o -c ../src/raster/raster.c
[33/48] cc -Ilibfreetype.so.6.20.1.p -I. -I.. -I../include -I/usr/include/libpng16 -I/usr/include/harfbuzz -I/usr/include/freetype2 -I/usr/include/glib-2.0 -I/usr/lib/glib-2.0/include -fvisibility=hidden -fdiagnostics-color=always -D_FILE_OFFSET_BITS=64 -Wall -Winvalid-pch -O2 -m64 -march=x86-64 -mtune=generic -flto=auto -ffat-lto-objects -fPIC '-DFT_CONFIG_MODULES_H=<ftmodule.h>' -DFT2_BUILD_LIBRARY=1 '-DFT_CONFIG_OPTIONS_H=<ftoption.h>' '-DFT_CONFIG_CONFIG_H=<ftconfig.h>' -MD -MQ libfreetype.so.6.20.1.p/src_smooth_smooth.c.o -MF libfreetype.so.6.20.1.p/src_smooth_smooth.c.o.d -o libfreetype.so.6.20.1.p/src_smooth_smooth.c.o -c ../src/smooth/smooth.c
[34/48] cc -Ilibfreetype.so.6.20.1.p -I. -I.. -I../include -I/usr/include/libpng16 -I/usr/include/harfbuzz -I/usr/include/freetype2 -I/usr/include/glib-2.0 -I/usr/lib/glib-2.0/include -fvisibility=hidden -fdiagnostics-color=always -D_FILE_OFFSET_BITS=64 -Wall -Winvalid-pch -O2 -m64 -march=x86-64 -mtune=generic -flto=auto -ffat-lto-objects -fPIC '-DFT_CONFIG_MODULES_H=<ftmodule.h>' -DFT2_BUILD_LIBRARY=1 '-DFT_CONFIG_OPTIONS_H=<ftoption.h>' '-DFT_CONFIG_CONFIG_H=<ftconfig.h>' -MD -MQ libfreetype.so.6.20.1.p/src_pshinter_pshinter.c.o -MF libfreetype.so.6.20.1.p/src_pshinter_pshinter.c.o.d -o libfreetype.so.6.20.1.p/src_pshinter_pshinter.c.o -c ../src/pshinter/pshinter.c
In file included from [01m[K../src/smooth/smooth.c:21[m[K:
[01m[K../src/smooth/ftgrays.c:[m[K In function '[01m[Kgray_convert_glyph[m[K':
[01m[K../src/smooth/ftgrays.c:1979:20:[m[K [01;35m[Kwarning: [m[Kstoring the address of local variable '[01m[Kbuffer[m[K' in '[01m[Kworker_54(D)->ycells[m[K' [[01;35m[K-Wdangling-pointer=[m[K]
 1979 |     ras.ycells     [01;35m[K=[m[K (PCell*)buffer;
      |                    [01;35m[K^[m[K
[01m[K../src/smooth/ftgrays.c:1961:14:[m[K [01;36m[Knote: [m[K'[01m[Kbuffer[m[K' declared here
 1961 |     TCell    [01;36m[Kbuffer[m[K[FT_MAX_GRAY_POOL];
      |              [01;36m[K^~~~~~[m[K
[01m[K../src/smooth/ftgrays.c:316:33:[m[K [01;36m[Knote: [m[K'[01m[Kworker[m[K' declared here
  316 | #define RAS_ARG   [01;36m[Kgray_PWorker  worker[m[K
      |                   [01;36m[K~~~~~~~~~~~~~~^~~~~~[m[K
[01m[K../src/smooth/ftgrays.c:1972:26:[m[K [01;35m[Kwarning: [m[Kstoring the address of local variable '[01m[Kbuffer[m[K' in '[01m[Kworker_39(D)->cell_null[m[K' [[01;35m[K-Wdangling-pointer=[m[K]
 1972 |     ras.cell_null        [01;35m[K=[m[K buffer + FT_MAX_GRAY_POOL - 1;
      |                          [01;35m[K^[m[K
[01m[K../src/smooth/ftgrays.c:1961:14:[m[K [01;36m[Knote: [m[K'[01m[Kbuffer[m[K' declared here
 1961 |     TCell    [01;36m[Kbuffer[m[K[FT_MAX_GRAY_POOL];
      |              [01;36m[K^~~~~~[m[K
[01m[K../src/smooth/ftgrays.c:316:33:[m[K [01;36m[Knote: [m[K'[01m[Kworker[m[K' declared here
  316 | #define RAS_ARG   [01;36m[Kgray_PWorker  worker[m[K
      |                   [01;36m[K~~~~~~~~~~~~~~^~~~~~[m[K
[35/48] cc -Ilibfreetype.so.6.20.1.p -I. -I.. -I../include -I/usr/include/libpng16 -I/usr/include/harfbuzz -I/usr/include/freetype2 -I/usr/include/glib-2.0 -I/usr/lib/glib-2.0/include -fvisibility=hidden -fdiagnostics-color=always -D_FILE_OFFSET_BITS=64 -Wall -Winvalid-pch -O2 -m64 -march=x86-64 -mtune=generic -flto=auto -ffat-lto-objects -fPIC '-DFT_CONFIG_MODULES_H=<ftmodule.h>' -DFT2_BUILD_LIBRARY=1 '-DFT_CONFIG_OPTIONS_H=<ftoption.h>' '-DFT_CONFIG_CONFIG_H=<ftconfig.h>' -MD -MQ libfreetype.so.6.20.1.p/src_autofit_autofit.c.o -MF libfreetype.so.6.20.1.p/src_autofit_autofit.c.o.d -o libfreetype.so.6.20.1.p/src_autofit_autofit.c.o -c ../src/autofit/autofit.c
[36/48] cc -Ilibfreetype.so.6.20.1.p -I. -I.. -I../include -I/usr/include/libpng16 -I/usr/include/harfbuzz -I/usr/include/freetype2 -I/usr/include/glib-2.0 -I/usr/lib/glib-2.0/include -fvisibility=hidden -fdiagnostics-color=always -D_FILE_OFFSET_BITS=64 -Wall -Winvalid-pch -O2 -m64 -march=x86-64 -mtune=generic -flto=auto -ffat-lto-objects -fPIC '-DFT_CONFIG_MODULES_H=<ftmodule.h>' -DFT2_BUILD_LIBRARY=1 '-DFT_CONFIG_OPTIONS_H=<ftoption.h>' '-DFT_CONFIG_CONFIG_H=<ftconfig.h>' -MD -MQ libfreetype.so.6.20.1.p/src_sfnt_sfnt.c.o -MF libfreetype.so.6.20.1.p/src_sfnt_sfnt.c.o.d -o libfreetype.so.6.20.1.p/src_sfnt_sfnt.c.o -c ../src/sfnt/sfnt.c
[37/48] cc -Ilibfreetype.so.6.20.1.p -I. -I.. -I../include -I/usr/include/libpng16 -I/usr/include/harfbuzz -I/usr/include/freetype2 -I/usr/include/glib-2.0 -I/usr/lib/glib-2.0/include -fvisibility=hidden -fdiagnostics-color=always -D_FILE_OFFSET_BITS=64 -Wall -Winvalid-pch -O2 -m64 -march=x86-64 -mtune=generic -flto=auto -ffat-lto-objects -fPIC '-DFT_CONFIG_MODULES_H=<ftmodule.h>' -DFT2_BUILD_LIBRARY=1 '-DFT_CONFIG_OPTIONS_H=<ftoption.h>' '-DFT_CONFIG_CONFIG_H=<ftconfig.h>' -MD -MQ libfreetype.so.6.20.1.p/src_bdf_bdf.c.o -MF libfreetype.so.6.20.1.p/src_bdf_bdf.c.o.d -o libfreetype.so.6.20.1.p/src_bdf_bdf.c.o -c ../src/bdf/bdf.c
[38/48] cc -Ilibfreetype.so.6.20.1.p -I. -I.. -I../include -I/usr/include/libpng16 -I/usr/include/harfbuzz -I/usr/include/freetype2 -I/usr/include/glib-2.0 -I/usr/lib/glib-2.0/include -fvisibility=hidden -fdiagnostics-color=always -D_FILE_OFFSET_BITS=64 -Wall -Winvalid-pch -O2 -m64 -march=x86-64 -mtune=generic -flto=auto -ffat-lto-objects -fPIC '-DFT_CONFIG_MODULES_H=<ftmodule.h>' -DFT2_BUILD_LIBRARY=1 '-DFT_CONFIG_OPTIONS_H=<ftoption.h>' '-DFT_CONFIG_CONFIG_H=<ftconfig.h>' -MD -MQ libfreetype.so.6.20.1.p/src_pcf_pcf.c.o -MF libfreetype.so.6.20.1.p/src_pcf_pcf.c.o.d -o libfreetype.so.6.20.1.p/src_pcf_pcf.c.o -c ../src/pcf/pcf.c
[39/48] cc -Ilibfreetype.so.6.20.1.p -I. -I.. -I../include -I/usr/include/libpng16 -I/usr/include/harfbuzz -I/usr/include/freetype2 -I/usr/include/glib-2.0 -I/usr/lib/glib-2.0/include -fvisibility=hidden -fdiagnostics-color=always -D_FILE_OFFSET_BITS=64 -Wall -Winvalid-pch -O2 -m64 -march=x86-64 -mtune=generic -flto=auto -ffat-lto-objects -fPIC '-DFT_CONFIG_MODULES_H=<ftmodule.h>' -DFT2_BUILD_LIBRARY=1 '-DFT_CONFIG_OPTIONS_H=<ftoption.h>' '-DFT_CONFIG_CONFIG_H=<ftconfig.h>' -MD -MQ libfreetype.so.6.20.1.p/src_winfonts_winfnt.c.o -MF libfreetype.so.6.20.1.p/src_winfonts_winfnt.c.o.d -o libfreetype.so.6.20.1.p/src_winfonts_winfnt.c.o -c ../src/winfonts/winfnt.c
[40/48] cc -Ilibfreetype.so.6.20.1.p -I. -I.. -I../include -I/usr/include/libpng16 -I/usr/include/harfbuzz -I/usr/include/freetype2 -I/usr/include/glib-2.0 -I/usr/lib/glib-2.0/include -fvisibility=hidden -fdiagnostics-color=always -D_FILE_OFFSET_BITS=64 -Wall -Winvalid-pch -O2 -m64 -march=x86-64 -mtune=generic -flto=auto -ffat-lto-objects -fPIC '-DFT_CONFIG_MODULES_H=<ftmodule.h>' -DFT2_BUILD_LIBRARY=1 '-DFT_CONFIG_OPTIONS_H=<ftoption.h>' '-DFT_CONFIG_CONFIG_H=<ftconfig.h>' -MD -MQ libfreetype.so.6.20.1.p/src_type42_type42.c.o -MF libfreetype.so.6.20.1.p/src_type42_type42.c.o.d -o libfreetype.so.6.20.1.p/src_type42_type42.c.o -c ../src/type42/type42.c
[41/48] cc -Ilibfreetype.so.6.20.1.p -I. -I.. -I../include -I/usr/include/libpng16 -I/usr/include/harfbuzz -I/usr/include/freetype2 -I/usr/include/glib-2.0 -I/usr/lib/glib-2.0/include -fvisibility=hidden -fdiagnostics-color=always -D_FILE_OFFSET_BITS=64 -Wall -Winvalid-pch -O2 -m64 -march=x86-64 -mtune=generic -flto=auto -ffat-lto-objects -fPIC '-DFT_CONFIG_MODULES_H=<ftmodule.h>' -DFT2_BUILD_LIBRARY=1 '-DFT_CONFIG_OPTIONS_H=<ftoption.h>' '-DFT_CONFIG_CONFIG_H=<ftconfig.h>' -MD -MQ libfreetype.so.6.20.1.p/src_pfr_pfr.c.o -MF libfreetype.so.6.20.1.p/src_pfr_pfr.c.o.d -o libfreetype.so.6.20.1.p/src_pfr_pfr.c.o -c ../src/pfr/pfr.c
[42/48] cc -Ilibfreetype.so.6.20.1.p -I. -I.. -I../include -I/usr/include/libpng16 -I/usr/include/harfbuzz -I/usr/include/freetype2 -I/usr/include/glib-2.0 -I/usr/lib/glib-2.0/include -fvisibility=hidden -fdiagnostics-color=always -D_FILE_OFFSET_BITS=64 -Wall -Winvalid-pch -O2 -m64 -march=x86-64 -mtune=generic -flto=auto -ffat-lto-objects -fPIC '-DFT_CONFIG_MODULES_H=<ftmodule.h>' -DFT2_BUILD_LIBRARY=1 '-DFT_CONFIG_OPTIONS_H=<ftoption.h>' '-DFT_CONFIG_CONFIG_H=<ftconfig.h>' -MD -MQ libfreetype.so.6.20.1.p/src_cid_type1cid.c.o -MF libfreetype.so.6.20.1.p/src_cid_type1cid.c.o.d -o libfreetype.so.6.20.1.p/src_cid_type1cid.c.o -c ../src/cid/type1cid.c
[43/48] cc -Ilibfreetype.so.6.20.1.p -I. -I.. -I../include -I/usr/include/libpng16 -I/usr/include/harfbuzz -I/usr/include/freetype2 -I/usr/include/glib-2.0 -I/usr/lib/glib-2.0/include -fvisibility=hidden -fdiagnostics-color=always -D_FILE_OFFSET_BITS=64 -Wall -Winvalid-pch -O2 -m64 -march=x86-64 -mtune=generic -flto=auto -ffat-lto-objects -fPIC '-DFT_CONFIG_MODULES_H=<ftmodule.h>' -DFT2_BUILD_LIBRARY=1 '-DFT_CONFIG_OPTIONS_H=<ftoption.h>' '-DFT_CONFIG_CONFIG_H=<ftconfig.h>' -MD -MQ libfreetype.so.6.20.1.p/src_cff_cff.c.o -MF libfreetype.so.6.20.1.p/src_cff_cff.c.o.d -o libfreetype.so.6.20.1.p/src_cff_cff.c.o -c ../src/cff/cff.c
[44/48] cc -Ilibfreetype.so.6.20.1.p -I. -I.. -I../include -I/usr/include/libpng16 -I/usr/include/harfbuzz -I/usr/include/freetype2 -I/usr/include/glib-2.0 -I/usr/lib/glib-2.0/include -fvisibility=hidden -fdiagnostics-color=always -D_FILE_OFFSET_BITS=64 -Wall -Winvalid-pch -O2 -m64 -march=x86-64 -mtune=generic -flto=auto -ffat-lto-objects -fPIC '-DFT_CONFIG_MODULES_H=<ftmodule.h>' -DFT2_BUILD_LIBRARY=1 '-DFT_CONFIG_OPTIONS_H=<ftoption.h>' '-DFT_CONFIG_CONFIG_H=<ftconfig.h>' -MD -MQ libfreetype.so.6.20.1.p/src_type1_type1.c.o -MF libfreetype.so.6.20.1.p/src_type1_type1.c.o.d -o libfreetype.so.6.20.1.p/src_type1_type1.c.o -c ../src/type1/type1.c
[45/48] cc -Ilibfreetype.so.6.20.1.p -I. -I.. -I../include -I/usr/include/libpng16 -I/usr/include/harfbuzz -I/usr/include/freetype2 -I/usr/include/glib-2.0 -I/usr/lib/glib-2.0/include -fvisibility=hidden -fdiagnostics-color=always -D_FILE_OFFSET_BITS=64 -Wall -Winvalid-pch -O2 -m64 -march=x86-64 -mtune=generic -flto=auto -ffat-lto-objects -fPIC '-DFT_CONFIG_MODULES_H=<ftmodule.h>' -DFT2_BUILD_LIBRARY=1 '-DFT_CONFIG_OPTIONS_H=<ftoption.h>' '-DFT_CONFIG_CONFIG_H=<ftconfig.h>' -MD -MQ libfreetype.so.6.20.1.p/src_truetype_truetype.c.o -MF libfreetype.so.6.20.1.p/src_truetype_truetype.c.o.d -o libfreetype.so.6.20.1.p/src_truetype_truetype.c.o -c ../src/truetype/truetype.c
[46/48] cc -Ilibfreetype.so.6.20.1.p -I. -I.. -I../include -I/usr/include/libpng16 -I/usr/include/harfbuzz -I/usr/include/freetype2 -I/usr/include/glib-2.0 -I/usr/lib/glib-2.0/include -fvisibility=hidden -fdiagnostics-color=always -D_FILE_OFFSET_BITS=64 -Wall -Winvalid-pch -O2 -m64 -march=x86-64 -mtune=generic -flto=auto -ffat-lto-objects -fPIC '-DFT_CONFIG_MODULES_H=<ftmodule.h>' -DFT2_BUILD_LIBRARY=1 '-DFT_CONFIG_OPTIONS_H=<ftoption.h>' '-DFT_CONFIG_CONFIG_H=<ftconfig.h>' -MD -MQ libfreetype.so.6.20.1.p/src_base_ftinit.c.o -MF libfreetype.so.6.20.1.p/src_base_ftinit.c.o.d -o libfreetype.so.6.20.1.p/src_base_ftinit.c.o -c ../src/base/ftinit.c
[47/48] cc -Ilibfreetype.so.6.20.1.p -I. -I.. -I../include -I/usr/include/libpng16 -I/usr/include/harfbuzz -I/usr/include/freetype2 -I/usr/include/glib-2.0 -I/usr/lib/glib-2.0/include -fvisibility=hidden -fdiagnostics-color=always -D_FILE_OFFSET_BITS=64 -Wall -Winvalid-pch -O2 -m64 -march=x86-64 -mtune=generic -flto=auto -ffat-lto-objects -fPIC '-DFT_CONFIG_MODULES_H=<ftmodule.h>' -DFT2_BUILD_LIBRARY=1 '-DFT_CONFIG_OPTIONS_H=<ftoption.h>' '-DFT_CONFIG_CONFIG_H=<ftconfig.h>' -MD -MQ libfreetype.so.6.20.1.p/src_base_ftbase.c.o -MF libfreetype.so.6.20.1.p/src_base_ftbase.c.o.d -o libfreetype.so.6.20.1.p/src_base_ftbase.c.o -c ../src/base/ftbase.c
In file included from [01m[K../src/truetype/truetype.c:22[m[K:
[01m[K../src/truetype/ttgload.c:[m[K In function '[01m[Kload_truetype_glyph[m[K':
[01m[K../src/truetype/ttgload.c:1509:22:[m[K [01;35m[Kwarning: [m[Kstoring the address of local variable '[01m[Kinc_stream[m[K' in '[01m[Kloader_332(D)->stream[m[K' [[01;35m[K-Wdangling-pointer=[m[K]
 1509 |       [01;35m[Kloader->stream = &inc_stream[m[K;
      |       [01;35m[K~~~~~~~~~~~~~~~^~~~~~~~~~~~~[m[K
[01m[K../src/truetype/ttgload.c:1442:21:[m[K [01;36m[Knote: [m[K'[01m[Kinc_stream[m[K' declared here
 1442 |     FT_StreamRec    [01;36m[Kinc_stream[m[K;
      |                     [01;36m[K^~~~~~~~~~[m[K
[01m[K../src/truetype/ttgload.c:1428:35:[m[K [01;36m[Knote: [m[K'[01m[Kloader[m[K' declared here
 1428 |   load_truetype_glyph( [01;36m[KTT_Loader  loader[m[K,
      |                        [01;36m[K~~~~~~~~~~~^~~~~~[m[K
[48/48] cc  -o libfreetype.so.6.20.1 libfreetype.so.6.20.1.p/src_base_ftbase.c.o libfreetype.so.6.20.1.p/src_base_ftinit.c.o libfreetype.so.6.20.1.p/src_truetype_truetype.c.o libfreetype.so.6.20.1.p/src_type1_type1.c.o libfreetype.so.6.20.1.p/src_cff_cff.c.o libfreetype.so.6.20.1.p/src_cid_type1cid.c.o libfreetype.so.6.20.1.p/src_pfr_pfr.c.o libfreetype.so.6.20.1.p/src_type42_type42.c.o libfreetype.so.6.20.1.p/src_winfonts_winfnt.c.o libfreetype.so.6.20.1.p/src_pcf_pcf.c.o libfreetype.so.6.20.1.p/src_bdf_bdf.c.o libfreetype.so.6.20.1.p/src_sfnt_sfnt.c.o libfreetype.so.6.20.1.p/src_autofit_autofit.c.o libfreetype.so.6.20.1.p/src_pshinter_pshinter.c.o libfreetype.so.6.20.1.p/src_smooth_smooth.c.o libfreetype.so.6.20.1.p/src_raster_raster.c.o libfreetype.so.6.20.1.p/src_svg_svg.c.o libfreetype.so.6.20.1.p/src_sdf_sdf.c.o libfreetype.so.6.20.1.p/src_cache_ftcache.c.o libfreetype.so.6.20.1.p/src_gxvalid_gxvalid.c.o libfreetype.so.6.20.1.p/src_gzip_ftgzip.c.o libfreetype.so.6.20.1.p/src_lzw_ftlzw.c.o libfreetype.so.6.20.1.p/src_otvalid_otvalid.c.o libfreetype.so.6.20.1.p/src_psaux_psaux.c.o libfreetype.so.6.20.1.p/src_psnames_psnames.c.o libfreetype.so.6.20.1.p/src_base_ftbbox.c.o libfreetype.so.6.20.1.p/src_base_ftbdf.c.o libfreetype.so.6.20.1.p/src_base_ftbitmap.c.o libfreetype.so.6.20.1.p/src_base_ftcid.c.o libfreetype.so.6.20.1.p/src_base_ftfstype.c.o libfreetype.so.6.20.1.p/src_base_ftgasp.c.o libfreetype.so.6.20.1.p/src_base_ftglyph.c.o libfreetype.so.6.20.1.p/src_base_ftgxval.c.o libfreetype.so.6.20.1.p/src_base_ftmm.c.o libfreetype.so.6.20.1.p/src_base_ftotval.c.o libfreetype.so.6.20.1.p/src_base_ftpatent.c.o libfreetype.so.6.20.1.p/src_base_ftpfr.c.o libfreetype.so.6.20.1.p/src_base_ftstroke.c.o libfreetype.so.6.20.1.p/src_base_ftsynth.c.o libfreetype.so.6.20.1.p/src_base_fttype1.c.o libfreetype.so.6.20.1.p/src_base_ftwinfnt.c.o libfreetype.so.6.20.1.p/builds_unix_ftsystem.c.o libfreetype.so.6.20.1.p/src_base_ftdebug.c.o libfreetype.so.6.20.1.p/src_bzip2_ftbzip2.c.o -Wl,--as-needed -Wl,--no-undefined -shared -fPIC -Wl,-soname,libfreetype.so.6 -O2 -m64 -march=x86-64 -mtune=generic -flto=auto -ffat-lto-objects -Wl,--start-group /usr/lib/libz.so -lbz2 /usr/lib/libpng16.so /usr/lib/libharfbuzz.so /usr/lib/libbrotlidec.so -Wl,--end-group
../src/autofit/afglobal.c: In function 'af_face_globals_new':
../src/autofit/afglobal.c:344:5: warning: 'memset' writing 696 bytes into a region of size 0 overflows the destination [-Wstringop-overflow=]
  344 |     FT_ZERO( &globals->metrics );
      |     ^
lto1: note: destination object is likely at address zero
INFO: autodetecting backend as ninja
INFO: calculating backend command to run: /usr/bin/ninja -C /home/devel/building/work/src/freetype-2.13.2/build -j 8 -v
+ DESTDIR=/home/devel/building/work/pkg
+ meson install --no-rebuild -C build
Installing ftmodule.h to /home/devel/building/work/pkg/usr/include/freetype2/freetype/config
Installing ftoption.h to /home/devel/building/work/pkg/usr/include/freetype2/freetype/config
Installing ftconfig.h to /home/devel/building/work/pkg/usr/include/freetype2/freetype/config
Installing libfreetype.so.6.20.1 to /home/devel/building/work/pkg/usr/lib
Installing /home/devel/building/work/src/freetype-2.13.2/include/ft2build.h to /home/devel/building/work/pkg/usr/include/freetype2
Installing /home/devel/building/work/src/freetype-2.13.2/include/freetype/freetype.h to /home/devel/building/work/pkg/usr/include/freetype2/freetype
Installing /home/devel/building/work/src/freetype-2.13.2/include/freetype/ftadvanc.h to /home/devel/building/work/pkg/usr/include/freetype2/freetype
Installing /home/devel/building/work/src/freetype-2.13.2/include/freetype/ftbbox.h to /home/devel/building/work/pkg/usr/include/freetype2/freetype
Installing /home/devel/building/work/src/freetype-2.13.2/include/freetype/ftbdf.h to /home/devel/building/work/pkg/usr/include/freetype2/freetype
Installing /home/devel/building/work/src/freetype-2.13.2/include/freetype/ftbitmap.h to /home/devel/building/work/pkg/usr/include/freetype2/freetype
Installing /home/devel/building/work/src/freetype-2.13.2/include/freetype/ftbzip2.h to /home/devel/building/work/pkg/usr/include/freetype2/freetype
Installing /home/devel/building/work/src/freetype-2.13.2/include/freetype/ftcache.h to /home/devel/building/work/pkg/usr/include/freetype2/freetype
Installing /home/devel/building/work/src/freetype-2.13.2/include/freetype/ftchapters.h to /home/devel/building/work/pkg/usr/include/freetype2/freetype
Installing /home/devel/building/work/src/freetype-2.13.2/include/freetype/ftcid.h to /home/devel/building/work/pkg/usr/include/freetype2/freetype
Installing /home/devel/building/work/src/freetype-2.13.2/include/freetype/ftcolor.h to /home/devel/building/work/pkg/usr/include/freetype2/freetype
Installing /home/devel/building/work/src/freetype-2.13.2/include/freetype/ftdriver.h to /home/devel/building/work/pkg/usr/include/freetype2/freetype
Installing /home/devel/building/work/src/freetype-2.13.2/include/freetype/fterrdef.h to /home/devel/building/work/pkg/usr/include/freetype2/freetype
Installing /home/devel/building/work/src/freetype-2.13.2/include/freetype/fterrors.h to /home/devel/building/work/pkg/usr/include/freetype2/freetype
Installing /home/devel/building/work/src/freetype-2.13.2/include/freetype/ftfntfmt.h to /home/devel/building/work/pkg/usr/include/freetype2/freetype
Installing /home/devel/building/work/src/freetype-2.13.2/include/freetype/ftgasp.h to /home/devel/building/work/pkg/usr/include/freetype2/freetype
Installing /home/devel/building/work/src/freetype-2.13.2/include/freetype/ftglyph.h to /home/devel/building/work/pkg/usr/include/freetype2/freetype
Installing /home/devel/building/work/src/freetype-2.13.2/include/freetype/ftgxval.h to /home/devel/building/work/pkg/usr/include/freetype2/freetype
Installing /home/devel/building/work/src/freetype-2.13.2/include/freetype/ftgzip.h to /home/devel/building/work/pkg/usr/include/freetype2/freetype
Installing /home/devel/building/work/src/freetype-2.13.2/include/freetype/ftimage.h to /home/devel/building/work/pkg/usr/include/freetype2/freetype
Installing /home/devel/building/work/src/freetype-2.13.2/include/freetype/ftincrem.h to /home/devel/building/work/pkg/usr/include/freetype2/freetype
Installing /home/devel/building/work/src/freetype-2.13.2/include/freetype/ftlcdfil.h to /home/devel/building/work/pkg/usr/include/freetype2/freetype
Installing /home/devel/building/work/src/freetype-2.13.2/include/freetype/ftlist.h to /home/devel/building/work/pkg/usr/include/freetype2/freetype
Installing /home/devel/building/work/src/freetype-2.13.2/include/freetype/ftlzw.h to /home/devel/building/work/pkg/usr/include/freetype2/freetype
Installing /home/devel/building/work/src/freetype-2.13.2/include/freetype/ftmac.h to /home/devel/building/work/pkg/usr/include/freetype2/freetype
Installing /home/devel/building/work/src/freetype-2.13.2/include/freetype/ftmm.h to /home/devel/building/work/pkg/usr/include/freetype2/freetype
Installing /home/devel/building/work/src/freetype-2.13.2/include/freetype/ftmodapi.h to /home/devel/building/work/pkg/usr/include/freetype2/freetype
Installing /home/devel/building/work/src/freetype-2.13.2/include/freetype/ftmoderr.h to /home/devel/building/work/pkg/usr/include/freetype2/freetype
Installing /home/devel/building/work/src/freetype-2.13.2/include/freetype/ftotval.h to /home/devel/building/work/pkg/usr/include/freetype2/freetype
Installing /home/devel/building/work/src/freetype-2.13.2/include/freetype/ftoutln.h to /home/devel/building/work/pkg/usr/include/freetype2/freetype
Installing /home/devel/building/work/src/freetype-2.13.2/include/freetype/ftparams.h to /home/devel/building/work/pkg/usr/include/freetype2/freetype
Installing /home/devel/building/work/src/freetype-2.13.2/include/freetype/ftpfr.h to /home/devel/building/work/pkg/usr/include/freetype2/freetype
Installing /home/devel/building/work/src/freetype-2.13.2/include/freetype/ftrender.h to /home/devel/building/work/pkg/usr/include/freetype2/freetype
Installing /home/devel/building/work/src/freetype-2.13.2/include/freetype/ftsizes.h to /home/devel/building/work/pkg/usr/include/freetype2/freetype
Installing /home/devel/building/work/src/freetype-2.13.2/include/freetype/ftsnames.h to /home/devel/building/work/pkg/usr/include/freetype2/freetype
Installing /home/devel/building/work/src/freetype-2.13.2/include/freetype/ftstroke.h to /home/devel/building/work/pkg/usr/include/freetype2/freetype
Installing /home/devel/building/work/src/freetype-2.13.2/include/freetype/ftsynth.h to /home/devel/building/work/pkg/usr/include/freetype2/freetype
Installing /home/devel/building/work/src/freetype-2.13.2/include/freetype/ftsystem.h to /home/devel/building/work/pkg/usr/include/freetype2/freetype
Installing /home/devel/building/work/src/freetype-2.13.2/include/freetype/fttrigon.h to /home/devel/building/work/pkg/usr/include/freetype2/freetype
Installing /home/devel/building/work/src/freetype-2.13.2/include/freetype/fttypes.h to /home/devel/building/work/pkg/usr/include/freetype2/freetype
Installing /home/devel/building/work/src/freetype-2.13.2/include/freetype/ftwinfnt.h to /home/devel/building/work/pkg/usr/include/freetype2/freetype
Installing /home/devel/building/work/src/freetype-2.13.2/include/freetype/otsvg.h to /home/devel/building/work/pkg/usr/include/freetype2/freetype
Installing /home/devel/building/work/src/freetype-2.13.2/include/freetype/t1tables.h to /home/devel/building/work/pkg/usr/include/freetype2/freetype
Installing /home/devel/building/work/src/freetype-2.13.2/include/freetype/ttnameid.h to /home/devel/building/work/pkg/usr/include/freetype2/freetype
Installing /home/devel/building/work/src/freetype-2.13.2/include/freetype/tttables.h to /home/devel/building/work/pkg/usr/include/freetype2/freetype
Installing /home/devel/building/work/src/freetype-2.13.2/include/freetype/tttags.h to /home/devel/building/work/pkg/usr/include/freetype2/freetype
Installing /home/devel/building/work/src/freetype-2.13.2/include/freetype/config/ftconfig.h to /home/devel/building/work/pkg/usr/include/freetype2/freetype/config
Installing /home/devel/building/work/src/freetype-2.13.2/include/freetype/config/ftheader.h to /home/devel/building/work/pkg/usr/include/freetype2/freetype/config
Installing /home/devel/building/work/src/freetype-2.13.2/include/freetype/config/ftstdlib.h to /home/devel/building/work/pkg/usr/include/freetype2/freetype/config
Installing /home/devel/building/work/src/freetype-2.13.2/include/freetype/config/integer-types.h to /home/devel/building/work/pkg/usr/include/freetype2/freetype/config
Installing /home/devel/building/work/src/freetype-2.13.2/include/freetype/config/mac-support.h to /home/devel/building/work/pkg/usr/include/freetype2/freetype/config
Installing /home/devel/building/work/src/freetype-2.13.2/include/freetype/config/public-macros.h to /home/devel/building/work/pkg/usr/include/freetype2/freetype/config
Installing /home/devel/building/work/src/freetype-2.13.2/build/meson-private/freetype2.pc to /home/devel/building/work/pkg/usr/lib/pkgconfig
Installing symlink pointing to libfreetype.so.6.20.1 to /home/devel/building/work/pkg/usr/lib/libfreetype.so.6
Installing symlink pointing to libfreetype.so.6 to /home/devel/building/work/pkg/usr/lib/libfreetype.so
+ find /home/devel/building/work/pkg -type f -name '*.a' -delete
=======> Build result:
drwxr-xr-x  0 root   root        0 May  7 21:15 usr/
drwxr-xr-x  0 root   root        0 May  7 21:15 usr/include/
drwxr-xr-x  0 root   root        0 May  7 21:15 usr/lib/
-rwxr-xr-x  0 root   root   830984 May  7 21:15 usr/lib/libfreetype.so.6.20.1
drwxr-xr-x  0 root   root        0 May  7 21:15 usr/lib/pkgconfig/
lrwxrwxrwx  0 root   root        0 May  7 21:15 usr/lib/libfreetype.so.6 -> libfreetype.so.6.20.1
lrwxrwxrwx  0 root   root        0 May  7 21:15 usr/lib/libfreetype.so -> libfreetype.so.6
-rw-r--r--  0 root   root      332 May  7 21:15 usr/lib/pkgconfig/freetype2.pc
drwxr-xr-x  0 root   root        0 May  7 21:15 usr/include/freetype2/
drwxr-xr-x  0 root   root        0 May  7 21:15 usr/include/freetype2/freetype/
-rw-r--r--  0 root   root      990 Feb 27  2023 usr/include/freetype2/ft2build.h
drwxr-xr-x  0 root   root        0 May  7 21:15 usr/include/freetype2/freetype/config/
-rw-r--r--  0 root   root   178794 Aug 25  2023 usr/include/freetype2/freetype/freetype.h
-rw-r--r--  0 root   root     5470 Feb 27  2023 usr/include/freetype2/freetype/ftadvanc.h
-rw-r--r--  0 root   root     2638 Feb 27  2023 usr/include/freetype2/freetype/ftbbox.h
-rw-r--r--  0 root   root     5322 Feb 27  2023 usr/include/freetype2/freetype/ftbdf.h
-rw-r--r--  0 root   root     9051 Feb 27  2023 usr/include/freetype2/freetype/ftbitmap.h
-rw-r--r--  0 root   root     2786 Feb 27  2023 usr/include/freetype2/freetype/ftbzip2.h
-rw-r--r--  0 root   root    34179 May 12  2023 usr/include/freetype2/freetype/ftcache.h
-rw-r--r--  0 root   root     2933 May  6  2023 usr/include/freetype2/freetype/ftchapters.h
-rw-r--r--  0 root   root     4022 Feb 27  2023 usr/include/freetype2/freetype/ftcid.h
-rw-r--r--  0 root   root    50199 Feb 27  2023 usr/include/freetype2/freetype/ftcolor.h
-rw-r--r--  0 root   root    47533 Apr 30  2023 usr/include/freetype2/freetype/ftdriver.h
-rw-r--r--  0 root   root    12559 Feb 27  2023 usr/include/freetype2/freetype/fterrdef.h
-rw-r--r--  0 root   root     9301 Feb 27  2023 usr/include/freetype2/freetype/fterrors.h
-rw-r--r--  0 root   root     2213 Feb 27  2023 usr/include/freetype2/freetype/ftfntfmt.h
-rw-r--r--  0 root   root     4138 Feb 27  2023 usr/include/freetype2/freetype/ftgasp.h
-rw-r--r--  0 root   root    20912 Feb 27  2023 usr/include/freetype2/freetype/ftglyph.h
-rw-r--r--  0 root   root    10625 Feb 27  2023 usr/include/freetype2/freetype/ftgxval.h
-rw-r--r--  0 root   root     4211 Feb 27  2023 usr/include/freetype2/freetype/ftgzip.h
-rw-r--r--  0 root   root    41833 Apr 30  2023 usr/include/freetype2/freetype/ftimage.h
-rw-r--r--  0 root   root    10696 Feb 27  2023 usr/include/freetype2/freetype/ftincrem.h
-rw-r--r--  0 root   root    11744 Feb 27  2023 usr/include/freetype2/freetype/ftlcdfil.h
-rw-r--r--  0 root   root     7100 Feb 27  2023 usr/include/freetype2/freetype/ftlist.h
-rw-r--r--  0 root   root     2768 Feb 27  2023 usr/include/freetype2/freetype/ftlzw.h
-rw-r--r--  0 root   root     7771 Feb 27  2023 usr/include/freetype2/freetype/ftmac.h
-rw-r--r--  0 root   root    23797 May  6  2023 usr/include/freetype2/freetype/ftmm.h
-rw-r--r--  0 root   root    22544 Feb 27  2023 usr/include/freetype2/freetype/ftmodapi.h
-rw-r--r--  0 root   root     6675 Feb 27  2023 usr/include/freetype2/freetype/ftmoderr.h
-rw-r--r--  0 root   root     5346 Feb 27  2023 usr/include/freetype2/freetype/ftotval.h
-rw-r--r--  0 root   root    17402 Apr 30  2023 usr/include/freetype2/freetype/ftoutln.h
-rw-r--r--  0 root   root     6041 Feb 27  2023 usr/include/freetype2/freetype/ftparams.h
-rw-r--r--  0 root   root     4908 Feb 27  2023 usr/include/freetype2/freetype/ftpfr.h
-rw-r--r--  0 root   root     6625 Aug  3  2023 usr/include/freetype2/freetype/ftrender.h
-rw-r--r--  0 root   root     4288 Feb 27  2023 usr/include/freetype2/freetype/ftsizes.h
-rw-r--r--  0 root   root     7730 Feb 27  2023 usr/include/freetype2/freetype/ftsnames.h
-rw-r--r--  0 root   root    21773 Feb 27  2023 usr/include/freetype2/freetype/ftstroke.h
-rw-r--r--  0 root   root     4483 Mar 16  2023 usr/include/freetype2/freetype/ftsynth.h
-rw-r--r--  0 root   root     8502 Mar 15  2023 usr/include/freetype2/freetype/ftsystem.h
-rw-r--r--  0 root   root     7411 Feb 27  2023 usr/include/freetype2/freetype/fttrigon.h
-rw-r--r--  0 root   root    14735 Feb 27  2023 usr/include/freetype2/freetype/fttypes.h
-rw-r--r--  0 root   root     7965 Feb 27  2023 usr/include/freetype2/freetype/ftwinfnt.h
-rw-r--r--  0 root   root    10457 Feb 27  2023 usr/include/freetype2/freetype/otsvg.h
-rw-r--r--  0 root   root    23188 Feb 27  2023 usr/include/freetype2/freetype/t1tables.h
-rw-r--r--  0 root   root    58769 Feb 27  2023 usr/include/freetype2/freetype/ttnameid.h
-rw-r--r--  0 root   root    25227 Feb 27  2023 usr/include/freetype2/freetype/tttables.h
-rw-r--r--  0 root   root     5145 Feb 27  2023 usr/include/freetype2/freetype/tttags.h
-rw-r--r--  0 root   root     1208 May  7 21:15 usr/include/freetype2/freetype/config/ftmodule.h
-rw-r--r--  0 root   root    39586 May  7 21:15 usr/include/freetype2/freetype/config/ftoption.h
-rw-r--r--  0 root   root     1614 Feb 27  2023 usr/include/freetype2/freetype/config/ftconfig.h
-rw-r--r--  0 root   root    23919 Feb 27  2023 usr/include/freetype2/freetype/config/ftheader.h
-rw-r--r--  0 root   root     4576 Aug  3  2023 usr/include/freetype2/freetype/config/ftstdlib.h
-rw-r--r--  0 root   root     7072 Feb 27  2023 usr/include/freetype2/freetype/config/integer-types.h
-rw-r--r--  0 root   root     1597 Feb 27  2023 usr/include/freetype2/freetype/config/mac-support.h
-rw-r--r--  0 root   root     4207 Feb 27  2023 usr/include/freetype2/freetype/config/public-macros.h
=======> Building '/home/devel/packages/freetype#2.13.2-1.x86_64.pkg.tar.zst' succeeded.
prt-get: Using PKGMK_PACKAGE_DIR: /home/devel/packages
prt-get: reinstalling freetype 2.13.2-1
prt-get: /usr/bin/pkgadd -u freetype#2.13.2-1.x86_64.pkg.tar.zst
prt-get: build done Tue May  7 21:15:35 2024

