prt-get: updating /usr/ports/opt-x86_64/fuse3
prt-get: starting build Thu Feb  1 16:08:01 2024
=======> Building '/home/devel/packages/fuse3#3.16.2-1.x86_64.pkg.tar.zst'.
bsdtar -p -o -C /home/devel/building/work/src -xf /home/devel/sources/fuse-3.16.2.tar.gz
cp fix-realpath.patch /home/devel/building/work/src
+ build
+ cd fuse-3.16.2
+ patch -p1 -i /home/devel/building/work/src/fix-realpath.patch
patching file util/fusermount.c
Hunk #1 succeeded at 1429 with fuzz 2 (offset 229 lines).
+ build-meson . build
The Meson build system
Version: 1.3.1
Source dir: /home/devel/building/work/src/fuse-3.16.2
Build dir: /home/devel/building/work/src/fuse-3.16.2/build
Build type: native build
Project name: libfuse3
Project version: 3.16.2
C compiler for the host machine: cc (gcc 13.2.0 "cc (SAUX-x86_64) 13.2.0")
C linker for the host machine: cc ld.bfd 2.42
Host machine cpu family: x86_64
Host machine cpu: x86_64
Checking for function "fork" : YES 
Checking for function "fstatat" : YES 
Checking for function "openat" : YES 
Checking for function "readlinkat" : YES 
Checking for function "pipe2" : YES 
Checking for function "splice" : YES 
Checking for function "vmsplice" : YES 
Checking for function "posix_fallocate" : YES 
Checking for function "fdatasync" : YES 
Checking for function "utimensat" : YES 
Checking for function "copy_file_range" : YES 
Checking for function "fallocate" : YES 
Checking for function "setxattr" : YES 
Checking for function "iconv" : YES 
Checking whether type "struct stat" has member "st_atim" : YES 
Checking whether type "struct stat" has member "st_atimespec" : NO 
Message: Compiler warns about unused result even when casting to void
Message: Enabling versioned libc symbols
Message: Compiler supports symver attribute
Configuring fuse_config.h using configuration
Configuring libfuse_config.h using configuration
Run-time dependency threads found: YES
Library iconv found: NO
Library dl found: YES
Library rt found: YES
Found pkg-config: YES (/usr/bin/pkg-config) 2.1.0
Run-time dependency udev found: YES 251
C++ compiler for the host machine: c++ (gcc 13.2.0 "c++ (SAUX-x86_64) 13.2.0")
C++ linker for the host machine: c++ ld.bfd 2.42
Build targets in project: 29

libfuse3 3.16.2

  User defined options
    auto_features     : auto
    bindir            : /usr/bin
    buildtype         : plain
    datadir           : /usr/share
    includedir        : /usr/include
    libdir            : /usr/lib
    libexecdir        : /usr/lib
    localstatedir     : /var
    mandir            : /usr/share/man
    prefix            : /usr
    sbindir           : /usr/sbin
    sharedstatedir    : /var/lib
    sysconfdir        : /etc
    werror            : false
    wrap_mode         : nodownload
    python.bytecompile: 0
    b_lto             : false
    b_pie             : true
    b_staticpic       : true

Found ninja-1.9 at /usr/bin/ninja
+ meson compile -j 8 -v -C build
ninja: entering directory '/home/devel/building/work/src/fuse-3.16.2/build'
[1/73] /bin/cp -fPp ../test/conftest.py ../test/pytest.ini ../test/test_examples.py ../test/util.py ../test/test_ctests.py ../test/test_custom_io.py /home/devel/building/work/src/fuse-3.16.2/build/test
[2/73] cc -Itest/release_unlink_race.p -Itest -I../test -Iinclude -I../include -Ilib -I../lib -I. -I.. -fdiagnostics-color=always -Wall -Winvalid-pch -Wextra -D_REENTRANT -DHAVE_LIBFUSE_PRIVATE_CONFIG_H -Wno-sign-compare -D_FILE_OFFSET_BITS=64 -Wstrict-prototypes -Wmissing-declarations -Wwrite-strings -fno-strict-aliasing -Wno-unused-result -DHAVE_SYMVER_ATTRIBUTE -O2 -m64 -march=x86-64 -mtune=generic -flto=auto -ffat-lto-objects -fPIE -pthread -MD -MQ test/release_unlink_race.p/release_unlink_race.c.o -MF test/release_unlink_race.p/release_unlink_race.c.o.d -o test/release_unlink_race.p/release_unlink_race.c.o -c ../test/release_unlink_race.c
[3/73] cc -Itest/readdir_inode.p -Itest -I../test -Iinclude -I../include -Ilib -I../lib -I. -I.. -fdiagnostics-color=always -Wall -Winvalid-pch -Wextra -D_REENTRANT -DHAVE_LIBFUSE_PRIVATE_CONFIG_H -Wno-sign-compare -D_FILE_OFFSET_BITS=64 -Wstrict-prototypes -Wmissing-declarations -Wwrite-strings -fno-strict-aliasing -Wno-unused-result -DHAVE_SYMVER_ATTRIBUTE -O2 -m64 -march=x86-64 -mtune=generic -flto=auto -ffat-lto-objects -fPIE -MD -MQ test/readdir_inode.p/readdir_inode.c.o -MF test/readdir_inode.p/readdir_inode.c.o.d -o test/readdir_inode.p/readdir_inode.c.o -c ../test/readdir_inode.c
[4/73] cc -Itest/test_syscalls.p -Itest -I../test -Iinclude -I../include -Ilib -I../lib -I. -I.. -fdiagnostics-color=always -Wall -Winvalid-pch -Wextra -D_REENTRANT -DHAVE_LIBFUSE_PRIVATE_CONFIG_H -Wno-sign-compare -D_FILE_OFFSET_BITS=64 -Wstrict-prototypes -Wmissing-declarations -Wwrite-strings -fno-strict-aliasing -Wno-unused-result -DHAVE_SYMVER_ATTRIBUTE -O2 -m64 -march=x86-64 -mtune=generic -flto=auto -ffat-lto-objects -fPIE -MD -MQ test/test_syscalls.p/test_syscalls.c.o -MF test/test_syscalls.p/test_syscalls.c.o.d -o test/test_syscalls.p/test_syscalls.c.o -c ../test/test_syscalls.c
[5/73] cc -Itest/test_setattr.p -Itest -I../test -Iinclude -I../include -Ilib -I../lib -I. -I.. -fdiagnostics-color=always -Wall -Winvalid-pch -Wextra -D_REENTRANT -DHAVE_LIBFUSE_PRIVATE_CONFIG_H -Wno-sign-compare -D_FILE_OFFSET_BITS=64 -Wstrict-prototypes -Wmissing-declarations -Wwrite-strings -fno-strict-aliasing -Wno-unused-result -DHAVE_SYMVER_ATTRIBUTE -O2 -m64 -march=x86-64 -mtune=generic -flto=auto -ffat-lto-objects -fPIE -pthread -MD -MQ test/test_setattr.p/test_setattr.c.o -MF test/test_setattr.p/test_setattr.c.o.d -o test/test_setattr.p/test_setattr.c.o -c ../test/test_setattr.c
[6/73] cc -Itest/test_write_cache.p -Itest -I../test -Iinclude -I../include -Ilib -I../lib -I. -I.. -fdiagnostics-color=always -Wall -Winvalid-pch -Wextra -D_REENTRANT -DHAVE_LIBFUSE_PRIVATE_CONFIG_H -Wno-sign-compare -D_FILE_OFFSET_BITS=64 -Wstrict-prototypes -Wmissing-declarations -Wwrite-strings -fno-strict-aliasing -Wno-unused-result -DHAVE_SYMVER_ATTRIBUTE -O2 -m64 -march=x86-64 -mtune=generic -flto=auto -ffat-lto-objects -fPIE -pthread -MD -MQ test/test_write_cache.p/test_write_cache.c.o -MF test/test_write_cache.p/test_write_cache.c.o.d -o test/test_write_cache.p/test_write_cache.c.o -c ../test/test_write_cache.c
[7/73] c++ -Iexample/passthrough_hp.p -Iexample -I../example -Iinclude -I../include -Ilib -I../lib -I. -I.. -fdiagnostics-color=always -Wall -Winvalid-pch -Wextra -std=c++11 -D_REENTRANT -DHAVE_LIBFUSE_PRIVATE_CONFIG_H -D_GNU_SOURCE -D_FILE_OFFSET_BITS=64 -Wno-sign-compare -Wmissing-declarations -Wwrite-strings -fno-strict-aliasing -O2 -m64 -march=x86-64 -mtune=generic -flto=auto -ffat-lto-objects -fPIE -pthread -MD -MQ example/passthrough_hp.p/passthrough_hp.cc.o -MF example/passthrough_hp.p/passthrough_hp.cc.o.d -o example/passthrough_hp.p/passthrough_hp.cc.o -c ../example/passthrough_hp.cc
[8/73] cc -Iexample/poll.p -Iexample -I../example -Iinclude -I../include -Ilib -I../lib -I. -I.. -fdiagnostics-color=always -Wall -Winvalid-pch -Wextra -D_REENTRANT -DHAVE_LIBFUSE_PRIVATE_CONFIG_H -Wno-sign-compare -D_FILE_OFFSET_BITS=64 -Wstrict-prototypes -Wmissing-declarations -Wwrite-strings -fno-strict-aliasing -Wno-unused-result -DHAVE_SYMVER_ATTRIBUTE -O2 -m64 -march=x86-64 -mtune=generic -flto=auto -ffat-lto-objects -fPIE -pthread -MD -MQ example/poll.p/poll.c.o -MF example/poll.p/poll.c.o.d -o example/poll.p/poll.c.o -c ../example/poll.c
[9/73] cc -Iexample/notify_inval_entry.p -Iexample -I../example -Iinclude -I../include -Ilib -I../lib -I. -I.. -fdiagnostics-color=always -Wall -Winvalid-pch -Wextra -D_REENTRANT -DHAVE_LIBFUSE_PRIVATE_CONFIG_H -Wno-sign-compare -D_FILE_OFFSET_BITS=64 -Wstrict-prototypes -Wmissing-declarations -Wwrite-strings -fno-strict-aliasing -Wno-unused-result -DHAVE_SYMVER_ATTRIBUTE -O2 -m64 -march=x86-64 -mtune=generic -flto=auto -ffat-lto-objects -fPIE -pthread -MD -MQ example/notify_inval_entry.p/notify_inval_entry.c.o -MF example/notify_inval_entry.p/notify_inval_entry.c.o.d -o example/notify_inval_entry.p/notify_inval_entry.c.o -c ../example/notify_inval_entry.c
[10/73] cc  -o test/readdir_inode test/readdir_inode.p/readdir_inode.c.o -Wl,--as-needed -Wl,--no-undefined -pie -O2 -m64 -march=x86-64 -mtune=generic -flto=auto -ffat-lto-objects
[11/73] cc -Iexample/notify_store_retrieve.p -Iexample -I../example -Iinclude -I../include -Ilib -I../lib -I. -I.. -fdiagnostics-color=always -Wall -Winvalid-pch -Wextra -D_REENTRANT -DHAVE_LIBFUSE_PRIVATE_CONFIG_H -Wno-sign-compare -D_FILE_OFFSET_BITS=64 -Wstrict-prototypes -Wmissing-declarations -Wwrite-strings -fno-strict-aliasing -Wno-unused-result -DHAVE_SYMVER_ATTRIBUTE -O2 -m64 -march=x86-64 -mtune=generic -flto=auto -ffat-lto-objects -fPIE -pthread -MD -MQ example/notify_store_retrieve.p/notify_store_retrieve.c.o -MF example/notify_store_retrieve.p/notify_store_retrieve.c.o.d -o example/notify_store_retrieve.p/notify_store_retrieve.c.o -c ../example/notify_store_retrieve.c
[12/73] cc -Iexample/invalidate_path.p -Iexample -I../example -Iinclude -I../include -Ilib -I../lib -I. -I.. -fdiagnostics-color=always -Wall -Winvalid-pch -Wextra -D_REENTRANT -DHAVE_LIBFUSE_PRIVATE_CONFIG_H -Wno-sign-compare -D_FILE_OFFSET_BITS=64 -Wstrict-prototypes -Wmissing-declarations -Wwrite-strings -fno-strict-aliasing -Wno-unused-result -DHAVE_SYMVER_ATTRIBUTE -O2 -m64 -march=x86-64 -mtune=generic -flto=auto -ffat-lto-objects -fPIE -pthread -MD -MQ example/invalidate_path.p/invalidate_path.c.o -MF example/invalidate_path.p/invalidate_path.c.o.d -o example/invalidate_path.p/invalidate_path.c.o -c ../example/invalidate_path.c
[13/73] cc -Iexample/notify_inval_inode.p -Iexample -I../example -Iinclude -I../include -Ilib -I../lib -I. -I.. -fdiagnostics-color=always -Wall -Winvalid-pch -Wextra -D_REENTRANT -DHAVE_LIBFUSE_PRIVATE_CONFIG_H -Wno-sign-compare -D_FILE_OFFSET_BITS=64 -Wstrict-prototypes -Wmissing-declarations -Wwrite-strings -fno-strict-aliasing -Wno-unused-result -DHAVE_SYMVER_ATTRIBUTE -O2 -m64 -march=x86-64 -mtune=generic -flto=auto -ffat-lto-objects -fPIE -pthread -MD -MQ example/notify_inval_inode.p/notify_inval_inode.c.o -MF example/notify_inval_inode.p/notify_inval_inode.c.o.d -o example/notify_inval_inode.p/notify_inval_inode.c.o -c ../example/notify_inval_inode.c
[14/73] cc -Iexample/null.p -Iexample -I../example -Iinclude -I../include -Ilib -I../lib -I. -I.. -fdiagnostics-color=always -Wall -Winvalid-pch -Wextra -D_REENTRANT -DHAVE_LIBFUSE_PRIVATE_CONFIG_H -Wno-sign-compare -D_FILE_OFFSET_BITS=64 -Wstrict-prototypes -Wmissing-declarations -Wwrite-strings -fno-strict-aliasing -Wno-unused-result -DHAVE_SYMVER_ATTRIBUTE -O2 -m64 -march=x86-64 -mtune=generic -flto=auto -ffat-lto-objects -fPIE -pthread -MD -MQ example/null.p/null.c.o -MF example/null.p/null.c.o.d -o example/null.p/null.c.o -c ../example/null.c
[15/73] cc -Iexample/passthrough_ll.p -Iexample -I../example -Iinclude -I../include -Ilib -I../lib -I. -I.. -fdiagnostics-color=always -Wall -Winvalid-pch -Wextra -D_REENTRANT -DHAVE_LIBFUSE_PRIVATE_CONFIG_H -Wno-sign-compare -D_FILE_OFFSET_BITS=64 -Wstrict-prototypes -Wmissing-declarations -Wwrite-strings -fno-strict-aliasing -Wno-unused-result -DHAVE_SYMVER_ATTRIBUTE -O2 -m64 -march=x86-64 -mtune=generic -flto=auto -ffat-lto-objects -fPIE -pthread -MD -MQ example/passthrough_ll.p/passthrough_ll.c.o -MF example/passthrough_ll.p/passthrough_ll.c.o.d -o example/passthrough_ll.p/passthrough_ll.c.o -c ../example/passthrough_ll.c
[16/73] cc -Iexample/cuse_client.p -Iexample -I../example -Iinclude -I../include -Ilib -I../lib -I. -I.. -fdiagnostics-color=always -Wall -Winvalid-pch -Wextra -D_REENTRANT -DHAVE_LIBFUSE_PRIVATE_CONFIG_H -Wno-sign-compare -D_FILE_OFFSET_BITS=64 -Wstrict-prototypes -Wmissing-declarations -Wwrite-strings -fno-strict-aliasing -Wno-unused-result -DHAVE_SYMVER_ATTRIBUTE -O2 -m64 -march=x86-64 -mtune=generic -flto=auto -ffat-lto-objects -fPIE -pthread -MD -MQ example/cuse_client.p/cuse_client.c.o -MF example/cuse_client.p/cuse_client.c.o.d -o example/cuse_client.p/cuse_client.c.o -c ../example/cuse_client.c
[17/73] cc -Iexample/cuse.p -Iexample -I../example -Iinclude -I../include -Ilib -I../lib -I. -I.. -fdiagnostics-color=always -Wall -Winvalid-pch -Wextra -D_REENTRANT -DHAVE_LIBFUSE_PRIVATE_CONFIG_H -Wno-sign-compare -D_FILE_OFFSET_BITS=64 -Wstrict-prototypes -Wmissing-declarations -Wwrite-strings -fno-strict-aliasing -Wno-unused-result -DHAVE_SYMVER_ATTRIBUTE -O2 -m64 -march=x86-64 -mtune=generic -flto=auto -ffat-lto-objects -fPIE -pthread -MD -MQ example/cuse.p/cuse.c.o -MF example/cuse.p/cuse.c.o.d -o example/cuse.p/cuse.c.o -c ../example/cuse.c
[18/73] cc -Iexample/ioctl.p -Iexample -I../example -Iinclude -I../include -Ilib -I../lib -I. -I.. -fdiagnostics-color=always -Wall -Winvalid-pch -Wextra -D_REENTRANT -DHAVE_LIBFUSE_PRIVATE_CONFIG_H -Wno-sign-compare -D_FILE_OFFSET_BITS=64 -Wstrict-prototypes -Wmissing-declarations -Wwrite-strings -fno-strict-aliasing -Wno-unused-result -DHAVE_SYMVER_ATTRIBUTE -O2 -m64 -march=x86-64 -mtune=generic -flto=auto -ffat-lto-objects -fPIE -pthread -MD -MQ example/ioctl.p/ioctl.c.o -MF example/ioctl.p/ioctl.c.o.d -o example/ioctl.p/ioctl.c.o -c ../example/ioctl.c
[19/73] cc -Iexample/poll_client.p -Iexample -I../example -Iinclude -I../include -Ilib -I../lib -I. -I.. -fdiagnostics-color=always -Wall -Winvalid-pch -Wextra -D_REENTRANT -DHAVE_LIBFUSE_PRIVATE_CONFIG_H -Wno-sign-compare -D_FILE_OFFSET_BITS=64 -Wstrict-prototypes -Wmissing-declarations -Wwrite-strings -fno-strict-aliasing -Wno-unused-result -DHAVE_SYMVER_ATTRIBUTE -O2 -m64 -march=x86-64 -mtune=generic -flto=auto -ffat-lto-objects -fPIE -pthread -MD -MQ example/poll_client.p/poll_client.c.o -MF example/poll_client.p/poll_client.c.o.d -o example/poll_client.p/poll_client.c.o -c ../example/poll_client.c
[20/73] cc -Iexample/ioctl_client.p -Iexample -I../example -Iinclude -I../include -Ilib -I../lib -I. -I.. -fdiagnostics-color=always -Wall -Winvalid-pch -Wextra -D_REENTRANT -DHAVE_LIBFUSE_PRIVATE_CONFIG_H -Wno-sign-compare -D_FILE_OFFSET_BITS=64 -Wstrict-prototypes -Wmissing-declarations -Wwrite-strings -fno-strict-aliasing -Wno-unused-result -DHAVE_SYMVER_ATTRIBUTE -O2 -m64 -march=x86-64 -mtune=generic -flto=auto -ffat-lto-objects -fPIE -pthread -MD -MQ example/ioctl_client.p/ioctl_client.c.o -MF example/ioctl_client.p/ioctl_client.c.o.d -o example/ioctl_client.p/ioctl_client.c.o -c ../example/ioctl_client.c
[21/73] cc -Iexample/printcap.p -Iexample -I../example -Iinclude -I../include -Ilib -I../lib -I. -I.. -fdiagnostics-color=always -Wall -Winvalid-pch -Wextra -D_REENTRANT -DHAVE_LIBFUSE_PRIVATE_CONFIG_H -Wno-sign-compare -D_FILE_OFFSET_BITS=64 -Wstrict-prototypes -Wmissing-declarations -Wwrite-strings -fno-strict-aliasing -Wno-unused-result -DHAVE_SYMVER_ATTRIBUTE -O2 -m64 -march=x86-64 -mtune=generic -flto=auto -ffat-lto-objects -fPIE -pthread -MD -MQ example/printcap.p/printcap.c.o -MF example/printcap.p/printcap.c.o.d -o example/printcap.p/printcap.c.o -c ../example/printcap.c
[22/73] cc -Iexample/hello_ll_uds.p -Iexample -I../example -Iinclude -I../include -Ilib -I../lib -I. -I.. -fdiagnostics-color=always -Wall -Winvalid-pch -Wextra -D_REENTRANT -DHAVE_LIBFUSE_PRIVATE_CONFIG_H -Wno-sign-compare -D_FILE_OFFSET_BITS=64 -Wstrict-prototypes -Wmissing-declarations -Wwrite-strings -fno-strict-aliasing -Wno-unused-result -DHAVE_SYMVER_ATTRIBUTE -O2 -m64 -march=x86-64 -mtune=generic -flto=auto -ffat-lto-objects -fPIE -pthread -MD -MQ example/hello_ll_uds.p/hello_ll_uds.c.o -MF example/hello_ll_uds.p/hello_ll_uds.c.o.d -o example/hello_ll_uds.p/hello_ll_uds.c.o -c ../example/hello_ll_uds.c
[23/73] cc -Iexample/hello_ll.p -Iexample -I../example -Iinclude -I../include -Ilib -I../lib -I. -I.. -fdiagnostics-color=always -Wall -Winvalid-pch -Wextra -D_REENTRANT -DHAVE_LIBFUSE_PRIVATE_CONFIG_H -Wno-sign-compare -D_FILE_OFFSET_BITS=64 -Wstrict-prototypes -Wmissing-declarations -Wwrite-strings -fno-strict-aliasing -Wno-unused-result -DHAVE_SYMVER_ATTRIBUTE -O2 -m64 -march=x86-64 -mtune=generic -flto=auto -ffat-lto-objects -fPIE -pthread -MD -MQ example/hello_ll.p/hello_ll.c.o -MF example/hello_ll.p/hello_ll.c.o.d -o example/hello_ll.p/hello_ll.c.o -c ../example/hello_ll.c
[24/73] cc -Iexample/hello.p -Iexample -I../example -Iinclude -I../include -Ilib -I../lib -I. -I.. -fdiagnostics-color=always -Wall -Winvalid-pch -Wextra -D_REENTRANT -DHAVE_LIBFUSE_PRIVATE_CONFIG_H -Wno-sign-compare -D_FILE_OFFSET_BITS=64 -Wstrict-prototypes -Wmissing-declarations -Wwrite-strings -fno-strict-aliasing -Wno-unused-result -DHAVE_SYMVER_ATTRIBUTE -O2 -m64 -march=x86-64 -mtune=generic -flto=auto -ffat-lto-objects -fPIE -pthread -MD -MQ example/hello.p/hello.c.o -MF example/hello.p/hello.c.o.d -o example/hello.p/hello.c.o -c ../example/hello.c
[25/73] cc -Iexample/passthrough_fh.p -Iexample -I../example -Iinclude -I../include -Ilib -I../lib -I. -I.. -fdiagnostics-color=always -Wall -Winvalid-pch -Wextra -D_REENTRANT -DHAVE_LIBFUSE_PRIVATE_CONFIG_H -Wno-sign-compare -D_FILE_OFFSET_BITS=64 -Wstrict-prototypes -Wmissing-declarations -Wwrite-strings -fno-strict-aliasing -Wno-unused-result -DHAVE_SYMVER_ATTRIBUTE -O2 -m64 -march=x86-64 -mtune=generic -flto=auto -ffat-lto-objects -fPIE -pthread -MD -MQ example/passthrough_fh.p/passthrough_fh.c.o -MF example/passthrough_fh.p/passthrough_fh.c.o.d -o example/passthrough_fh.p/passthrough_fh.c.o -c ../example/passthrough_fh.c
[26/73] cc -Iexample/passthrough.p -Iexample -I../example -Iinclude -I../include -Ilib -I../lib -I. -I.. -fdiagnostics-color=always -Wall -Winvalid-pch -Wextra -D_REENTRANT -DHAVE_LIBFUSE_PRIVATE_CONFIG_H -Wno-sign-compare -D_FILE_OFFSET_BITS=64 -Wstrict-prototypes -Wmissing-declarations -Wwrite-strings -fno-strict-aliasing -Wno-unused-result -DHAVE_SYMVER_ATTRIBUTE -O2 -m64 -march=x86-64 -mtune=generic -flto=auto -ffat-lto-objects -fPIE -pthread -MD -MQ example/passthrough.p/passthrough.c.o -MF example/passthrough.p/passthrough.c.o.d -o example/passthrough.p/passthrough.c.o -c ../example/passthrough.c
[27/73] cc -Iutil/mount.fuse3.p -Iutil -I../util -Iinclude -I../include -Ilib -I../lib -I. -I.. -fdiagnostics-color=always -Wall -Winvalid-pch -Wextra -D_REENTRANT -DHAVE_LIBFUSE_PRIVATE_CONFIG_H -Wno-sign-compare -D_FILE_OFFSET_BITS=64 -Wstrict-prototypes -Wmissing-declarations -Wwrite-strings -fno-strict-aliasing -Wno-unused-result -DHAVE_SYMVER_ATTRIBUTE -O2 -m64 -march=x86-64 -mtune=generic -flto=auto -ffat-lto-objects -fPIE -DFUSE_USE_VERSION=312 -MD -MQ util/mount.fuse3.p/mount.fuse.c.o -MF util/mount.fuse3.p/mount.fuse.c.o.d -o util/mount.fuse3.p/mount.fuse.c.o -c ../util/mount.fuse.c
[28/73] cc -Iutil/fusermount3.p -Iutil -I../util -Iinclude -I../include -Ilib -I../lib -I. -I.. -fdiagnostics-color=always -Wall -Winvalid-pch -Wextra -D_REENTRANT -DHAVE_LIBFUSE_PRIVATE_CONFIG_H -Wno-sign-compare -D_FILE_OFFSET_BITS=64 -Wstrict-prototypes -Wmissing-declarations -Wwrite-strings -fno-strict-aliasing -Wno-unused-result -DHAVE_SYMVER_ATTRIBUTE -O2 -m64 -march=x86-64 -mtune=generic -flto=auto -ffat-lto-objects -fPIE '-DFUSE_CONF="/etc/fuse.conf"' -MD -MQ util/fusermount3.p/.._lib_mount_util.c.o -MF util/fusermount3.p/.._lib_mount_util.c.o.d -o util/fusermount3.p/.._lib_mount_util.c.o -c ../lib/mount_util.c
[29/73] cc -Iutil/fusermount3.p -Iutil -I../util -Iinclude -I../include -Ilib -I../lib -I. -I.. -fdiagnostics-color=always -Wall -Winvalid-pch -Wextra -D_REENTRANT -DHAVE_LIBFUSE_PRIVATE_CONFIG_H -Wno-sign-compare -D_FILE_OFFSET_BITS=64 -Wstrict-prototypes -Wmissing-declarations -Wwrite-strings -fno-strict-aliasing -Wno-unused-result -DHAVE_SYMVER_ATTRIBUTE -O2 -m64 -march=x86-64 -mtune=generic -flto=auto -ffat-lto-objects -fPIE '-DFUSE_CONF="/etc/fuse.conf"' -MD -MQ util/fusermount3.p/fusermount.c.o -MF util/fusermount3.p/fusermount.c.o.d -o util/fusermount3.p/fusermount.c.o -c ../util/fusermount.c
[30/73] cc -Ilib/libfuse3.so.3.16.2.p -Ilib -I../lib -Iinclude -I../include -I. -I.. -fdiagnostics-color=always -Wall -Winvalid-pch -Wextra -D_REENTRANT -DHAVE_LIBFUSE_PRIVATE_CONFIG_H -Wno-sign-compare -D_FILE_OFFSET_BITS=64 -Wstrict-prototypes -Wmissing-declarations -Wwrite-strings -fno-strict-aliasing -Wno-unused-result -DHAVE_SYMVER_ATTRIBUTE -O2 -m64 -march=x86-64 -mtune=generic -flto=auto -ffat-lto-objects -fPIC -pthread -DFUSE_USE_VERSION=312 '-DFUSERMOUNT_DIR="/usr/bin"' -MD -MQ lib/libfuse3.so.3.16.2.p/modules_iconv.c.o -MF lib/libfuse3.so.3.16.2.p/modules_iconv.c.o.d -o lib/libfuse3.so.3.16.2.p/modules_iconv.c.o -c ../lib/modules/iconv.c
[31/73] cc -Ilib/libfuse3.so.3.16.2.p -Ilib -I../lib -Iinclude -I../include -I. -I.. -fdiagnostics-color=always -Wall -Winvalid-pch -Wextra -D_REENTRANT -DHAVE_LIBFUSE_PRIVATE_CONFIG_H -Wno-sign-compare -D_FILE_OFFSET_BITS=64 -Wstrict-prototypes -Wmissing-declarations -Wwrite-strings -fno-strict-aliasing -Wno-unused-result -DHAVE_SYMVER_ATTRIBUTE -O2 -m64 -march=x86-64 -mtune=generic -flto=auto -ffat-lto-objects -fPIC -pthread -DFUSE_USE_VERSION=312 '-DFUSERMOUNT_DIR="/usr/bin"' -MD -MQ lib/libfuse3.so.3.16.2.p/mount.c.o -MF lib/libfuse3.so.3.16.2.p/mount.c.o.d -o lib/libfuse3.so.3.16.2.p/mount.c.o -c ../lib/mount.c
[32/73] cc -Ilib/libfuse3.so.3.16.2.p -Ilib -I../lib -Iinclude -I../include -I. -I.. -fdiagnostics-color=always -Wall -Winvalid-pch -Wextra -D_REENTRANT -DHAVE_LIBFUSE_PRIVATE_CONFIG_H -Wno-sign-compare -D_FILE_OFFSET_BITS=64 -Wstrict-prototypes -Wmissing-declarations -Wwrite-strings -fno-strict-aliasing -Wno-unused-result -DHAVE_SYMVER_ATTRIBUTE -O2 -m64 -march=x86-64 -mtune=generic -flto=auto -ffat-lto-objects -fPIC -pthread -DFUSE_USE_VERSION=312 '-DFUSERMOUNT_DIR="/usr/bin"' -MD -MQ lib/libfuse3.so.3.16.2.p/compat.c.o -MF lib/libfuse3.so.3.16.2.p/compat.c.o.d -o lib/libfuse3.so.3.16.2.p/compat.c.o -c ../lib/compat.c
[33/73] cc -Ilib/libfuse3.so.3.16.2.p -Ilib -I../lib -Iinclude -I../include -I. -I.. -fdiagnostics-color=always -Wall -Winvalid-pch -Wextra -D_REENTRANT -DHAVE_LIBFUSE_PRIVATE_CONFIG_H -Wno-sign-compare -D_FILE_OFFSET_BITS=64 -Wstrict-prototypes -Wmissing-declarations -Wwrite-strings -fno-strict-aliasing -Wno-unused-result -DHAVE_SYMVER_ATTRIBUTE -O2 -m64 -march=x86-64 -mtune=generic -flto=auto -ffat-lto-objects -fPIC -pthread -DFUSE_USE_VERSION=312 '-DFUSERMOUNT_DIR="/usr/bin"' -MD -MQ lib/libfuse3.so.3.16.2.p/fuse_log.c.o -MF lib/libfuse3.so.3.16.2.p/fuse_log.c.o.d -o lib/libfuse3.so.3.16.2.p/fuse_log.c.o -c ../lib/fuse_log.c
[34/73] cc -Ilib/libfuse3.so.3.16.2.p -Ilib -I../lib -Iinclude -I../include -I. -I.. -fdiagnostics-color=always -Wall -Winvalid-pch -Wextra -D_REENTRANT -DHAVE_LIBFUSE_PRIVATE_CONFIG_H -Wno-sign-compare -D_FILE_OFFSET_BITS=64 -Wstrict-prototypes -Wmissing-declarations -Wwrite-strings -fno-strict-aliasing -Wno-unused-result -DHAVE_SYMVER_ATTRIBUTE -O2 -m64 -march=x86-64 -mtune=generic -flto=auto -ffat-lto-objects -fPIC -pthread -DFUSE_USE_VERSION=312 '-DFUSERMOUNT_DIR="/usr/bin"' -MD -MQ lib/libfuse3.so.3.16.2.p/mount_util.c.o -MF lib/libfuse3.so.3.16.2.p/mount_util.c.o.d -o lib/libfuse3.so.3.16.2.p/mount_util.c.o -c ../lib/mount_util.c
[35/73] cc -Ilib/libfuse3.so.3.16.2.p -Ilib -I../lib -Iinclude -I../include -I. -I.. -fdiagnostics-color=always -Wall -Winvalid-pch -Wextra -D_REENTRANT -DHAVE_LIBFUSE_PRIVATE_CONFIG_H -Wno-sign-compare -D_FILE_OFFSET_BITS=64 -Wstrict-prototypes -Wmissing-declarations -Wwrite-strings -fno-strict-aliasing -Wno-unused-result -DHAVE_SYMVER_ATTRIBUTE -O2 -m64 -march=x86-64 -mtune=generic -flto=auto -ffat-lto-objects -fPIC -pthread -DFUSE_USE_VERSION=312 '-DFUSERMOUNT_DIR="/usr/bin"' -MD -MQ lib/libfuse3.so.3.16.2.p/modules_subdir.c.o -MF lib/libfuse3.so.3.16.2.p/modules_subdir.c.o.d -o lib/libfuse3.so.3.16.2.p/modules_subdir.c.o -c ../lib/modules/subdir.c
[36/73] cc -Ilib/libfuse3.so.3.16.2.p -Ilib -I../lib -Iinclude -I../include -I. -I.. -fdiagnostics-color=always -Wall -Winvalid-pch -Wextra -D_REENTRANT -DHAVE_LIBFUSE_PRIVATE_CONFIG_H -Wno-sign-compare -D_FILE_OFFSET_BITS=64 -Wstrict-prototypes -Wmissing-declarations -Wwrite-strings -fno-strict-aliasing -Wno-unused-result -DHAVE_SYMVER_ATTRIBUTE -O2 -m64 -march=x86-64 -mtune=generic -flto=auto -ffat-lto-objects -fPIC -pthread -DFUSE_USE_VERSION=312 '-DFUSERMOUNT_DIR="/usr/bin"' -MD -MQ lib/libfuse3.so.3.16.2.p/helper.c.o -MF lib/libfuse3.so.3.16.2.p/helper.c.o.d -o lib/libfuse3.so.3.16.2.p/helper.c.o -c ../lib/helper.c
[37/73] cc  -o test/test_syscalls test/test_syscalls.p/test_syscalls.c.o -Wl,--as-needed -Wl,--no-undefined -pie -O2 -m64 -march=x86-64 -mtune=generic -flto=auto -ffat-lto-objects
[38/73] cc -Ilib/libfuse3.so.3.16.2.p -Ilib -I../lib -Iinclude -I../include -I. -I.. -fdiagnostics-color=always -Wall -Winvalid-pch -Wextra -D_REENTRANT -DHAVE_LIBFUSE_PRIVATE_CONFIG_H -Wno-sign-compare -D_FILE_OFFSET_BITS=64 -Wstrict-prototypes -Wmissing-declarations -Wwrite-strings -fno-strict-aliasing -Wno-unused-result -DHAVE_SYMVER_ATTRIBUTE -O2 -m64 -march=x86-64 -mtune=generic -flto=auto -ffat-lto-objects -fPIC -pthread -DFUSE_USE_VERSION=312 '-DFUSERMOUNT_DIR="/usr/bin"' -MD -MQ lib/libfuse3.so.3.16.2.p/cuse_lowlevel.c.o -MF lib/libfuse3.so.3.16.2.p/cuse_lowlevel.c.o.d -o lib/libfuse3.so.3.16.2.p/cuse_lowlevel.c.o -c ../lib/cuse_lowlevel.c
[39/73] cc -Ilib/libfuse3.so.3.16.2.p -Ilib -I../lib -Iinclude -I../include -I. -I.. -fdiagnostics-color=always -Wall -Winvalid-pch -Wextra -D_REENTRANT -DHAVE_LIBFUSE_PRIVATE_CONFIG_H -Wno-sign-compare -D_FILE_OFFSET_BITS=64 -Wstrict-prototypes -Wmissing-declarations -Wwrite-strings -fno-strict-aliasing -Wno-unused-result -DHAVE_SYMVER_ATTRIBUTE -O2 -m64 -march=x86-64 -mtune=generic -flto=auto -ffat-lto-objects -fPIC -pthread -DFUSE_USE_VERSION=312 '-DFUSERMOUNT_DIR="/usr/bin"' -MD -MQ lib/libfuse3.so.3.16.2.p/buffer.c.o -MF lib/libfuse3.so.3.16.2.p/buffer.c.o.d -o lib/libfuse3.so.3.16.2.p/buffer.c.o -c ../lib/buffer.c
[40/73] cc -Ilib/libfuse3.so.3.16.2.p -Ilib -I../lib -Iinclude -I../include -I. -I.. -fdiagnostics-color=always -Wall -Winvalid-pch -Wextra -D_REENTRANT -DHAVE_LIBFUSE_PRIVATE_CONFIG_H -Wno-sign-compare -D_FILE_OFFSET_BITS=64 -Wstrict-prototypes -Wmissing-declarations -Wwrite-strings -fno-strict-aliasing -Wno-unused-result -DHAVE_SYMVER_ATTRIBUTE -O2 -m64 -march=x86-64 -mtune=generic -flto=auto -ffat-lto-objects -fPIC -pthread -DFUSE_USE_VERSION=312 '-DFUSERMOUNT_DIR="/usr/bin"' -MD -MQ lib/libfuse3.so.3.16.2.p/fuse_signals.c.o -MF lib/libfuse3.so.3.16.2.p/fuse_signals.c.o.d -o lib/libfuse3.so.3.16.2.p/fuse_signals.c.o -c ../lib/fuse_signals.c
[41/73] cc -Ilib/libfuse3.so.3.16.2.p -Ilib -I../lib -Iinclude -I../include -I. -I.. -fdiagnostics-color=always -Wall -Winvalid-pch -Wextra -D_REENTRANT -DHAVE_LIBFUSE_PRIVATE_CONFIG_H -Wno-sign-compare -D_FILE_OFFSET_BITS=64 -Wstrict-prototypes -Wmissing-declarations -Wwrite-strings -fno-strict-aliasing -Wno-unused-result -DHAVE_SYMVER_ATTRIBUTE -O2 -m64 -march=x86-64 -mtune=generic -flto=auto -ffat-lto-objects -fPIC -pthread -DFUSE_USE_VERSION=312 '-DFUSERMOUNT_DIR="/usr/bin"' -MD -MQ lib/libfuse3.so.3.16.2.p/fuse_opt.c.o -MF lib/libfuse3.so.3.16.2.p/fuse_opt.c.o.d -o lib/libfuse3.so.3.16.2.p/fuse_opt.c.o -c ../lib/fuse_opt.c
[42/73] cc -Ilib/libfuse3.so.3.16.2.p -Ilib -I../lib -Iinclude -I../include -I. -I.. -fdiagnostics-color=always -Wall -Winvalid-pch -Wextra -D_REENTRANT -DHAVE_LIBFUSE_PRIVATE_CONFIG_H -Wno-sign-compare -D_FILE_OFFSET_BITS=64 -Wstrict-prototypes -Wmissing-declarations -Wwrite-strings -fno-strict-aliasing -Wno-unused-result -DHAVE_SYMVER_ATTRIBUTE -O2 -m64 -march=x86-64 -mtune=generic -flto=auto -ffat-lto-objects -fPIC -pthread -DFUSE_USE_VERSION=312 '-DFUSERMOUNT_DIR="/usr/bin"' -MD -MQ lib/libfuse3.so.3.16.2.p/fuse_lowlevel.c.o -MF lib/libfuse3.so.3.16.2.p/fuse_lowlevel.c.o.d -o lib/libfuse3.so.3.16.2.p/fuse_lowlevel.c.o -c ../lib/fuse_lowlevel.c
[43/73] cc -Ilib/libfuse3.so.3.16.2.p -Ilib -I../lib -Iinclude -I../include -I. -I.. -fdiagnostics-color=always -Wall -Winvalid-pch -Wextra -D_REENTRANT -DHAVE_LIBFUSE_PRIVATE_CONFIG_H -Wno-sign-compare -D_FILE_OFFSET_BITS=64 -Wstrict-prototypes -Wmissing-declarations -Wwrite-strings -fno-strict-aliasing -Wno-unused-result -DHAVE_SYMVER_ATTRIBUTE -O2 -m64 -march=x86-64 -mtune=generic -flto=auto -ffat-lto-objects -fPIC -pthread -DFUSE_USE_VERSION=312 '-DFUSERMOUNT_DIR="/usr/bin"' -MD -MQ lib/libfuse3.so.3.16.2.p/fuse_loop_mt.c.o -MF lib/libfuse3.so.3.16.2.p/fuse_loop_mt.c.o.d -o lib/libfuse3.so.3.16.2.p/fuse_loop_mt.c.o -c ../lib/fuse_loop_mt.c
[44/73] cc -Ilib/libfuse3.so.3.16.2.p -Ilib -I../lib -Iinclude -I../include -I. -I.. -fdiagnostics-color=always -Wall -Winvalid-pch -Wextra -D_REENTRANT -DHAVE_LIBFUSE_PRIVATE_CONFIG_H -Wno-sign-compare -D_FILE_OFFSET_BITS=64 -Wstrict-prototypes -Wmissing-declarations -Wwrite-strings -fno-strict-aliasing -Wno-unused-result -DHAVE_SYMVER_ATTRIBUTE -O2 -m64 -march=x86-64 -mtune=generic -flto=auto -ffat-lto-objects -fPIC -pthread -DFUSE_USE_VERSION=312 '-DFUSERMOUNT_DIR="/usr/bin"' -MD -MQ lib/libfuse3.so.3.16.2.p/fuse_loop.c.o -MF lib/libfuse3.so.3.16.2.p/fuse_loop.c.o.d -o lib/libfuse3.so.3.16.2.p/fuse_loop.c.o -c ../lib/fuse_loop.c
[45/73] cc -Ilib/libfuse3.so.3.16.2.p -Ilib -I../lib -Iinclude -I../include -I. -I.. -fdiagnostics-color=always -Wall -Winvalid-pch -Wextra -D_REENTRANT -DHAVE_LIBFUSE_PRIVATE_CONFIG_H -Wno-sign-compare -D_FILE_OFFSET_BITS=64 -Wstrict-prototypes -Wmissing-declarations -Wwrite-strings -fno-strict-aliasing -Wno-unused-result -DHAVE_SYMVER_ATTRIBUTE -O2 -m64 -march=x86-64 -mtune=generic -flto=auto -ffat-lto-objects -fPIC -pthread -DFUSE_USE_VERSION=312 '-DFUSERMOUNT_DIR="/usr/bin"' -MD -MQ lib/libfuse3.so.3.16.2.p/fuse.c.o -MF lib/libfuse3.so.3.16.2.p/fuse.c.o.d -o lib/libfuse3.so.3.16.2.p/fuse.c.o -c ../lib/fuse.c
[46/73] cc -Itest/wrong_command.p -Itest -I../test -fdiagnostics-color=always -Wall -Winvalid-pch -Wextra -D_REENTRANT -DHAVE_LIBFUSE_PRIVATE_CONFIG_H -Wno-sign-compare -D_FILE_OFFSET_BITS=64 -Wstrict-prototypes -Wmissing-declarations -Wwrite-strings -fno-strict-aliasing -Wno-unused-result -DHAVE_SYMVER_ATTRIBUTE -O2 -m64 -march=x86-64 -mtune=generic -flto=auto -ffat-lto-objects -fPIE -MD -MQ test/wrong_command.p/wrong_command.c.o -MF test/wrong_command.p/wrong_command.c.o.d -o test/wrong_command.p/wrong_command.c.o -c ../test/wrong_command.c
[47/73] cc  -o test/wrong_command test/wrong_command.p/wrong_command.c.o -Wl,--as-needed -Wl,--no-undefined -pie -O2 -m64 -march=x86-64 -mtune=generic -flto=auto -ffat-lto-objects
[48/73] cc  -o util/fusermount3 util/fusermount3.p/fusermount.c.o util/fusermount3.p/.._lib_mount_util.c.o -Wl,--as-needed -Wl,--no-undefined -pie -O2 -m64 -march=x86-64 -mtune=generic -flto=auto -ffat-lto-objects
[49/73] cc  -o lib/libfuse3.so.3.16.2 lib/libfuse3.so.3.16.2.p/fuse.c.o lib/libfuse3.so.3.16.2.p/fuse_loop.c.o lib/libfuse3.so.3.16.2.p/fuse_loop_mt.c.o lib/libfuse3.so.3.16.2.p/fuse_lowlevel.c.o lib/libfuse3.so.3.16.2.p/fuse_opt.c.o lib/libfuse3.so.3.16.2.p/fuse_signals.c.o lib/libfuse3.so.3.16.2.p/buffer.c.o lib/libfuse3.so.3.16.2.p/cuse_lowlevel.c.o lib/libfuse3.so.3.16.2.p/helper.c.o lib/libfuse3.so.3.16.2.p/modules_subdir.c.o lib/libfuse3.so.3.16.2.p/mount_util.c.o lib/libfuse3.so.3.16.2.p/fuse_log.c.o lib/libfuse3.so.3.16.2.p/compat.c.o lib/libfuse3.so.3.16.2.p/mount.c.o lib/libfuse3.so.3.16.2.p/modules_iconv.c.o -Wl,--as-needed -Wl,--no-undefined -shared -fPIC -Wl,--start-group -Wl,-soname,libfuse3.so.3 -O2 -m64 -march=x86-64 -mtune=generic -flto=auto -ffat-lto-objects -Wl,--version-script,/home/devel/building/work/src/fuse-3.16.2/lib/fuse_versionscript -pthread -ldl -lrt -Wl,--end-group
[50/73] /usr/bin/meson --internal symbolextractor /home/devel/building/work/src/fuse-3.16.2/build lib/libfuse3.so.3.16.2 lib/libfuse3.so.3.16.2 lib/libfuse3.so.3.16.2.p/libfuse3.so.3.16.2.symbols 
[51/73] cc  -o test/release_unlink_race test/release_unlink_race.p/release_unlink_race.c.o -Wl,--as-needed -Wl,--no-undefined -pie -O2 -m64 -march=x86-64 -mtune=generic -flto=auto -ffat-lto-objects '-Wl,-rpath,$ORIGIN/../lib' -Wl,-rpath-link,/home/devel/building/work/src/fuse-3.16.2/build/lib -Wl,--start-group lib/libfuse3.so.3.16.2 -pthread -ldl -lrt -Wl,--end-group
[52/73] cc  -o test/test_setattr test/test_setattr.p/test_setattr.c.o -Wl,--as-needed -Wl,--no-undefined -pie -O2 -m64 -march=x86-64 -mtune=generic -flto=auto -ffat-lto-objects '-Wl,-rpath,$ORIGIN/../lib' -Wl,-rpath-link,/home/devel/building/work/src/fuse-3.16.2/build/lib -Wl,--start-group lib/libfuse3.so.3.16.2 -Wl,--end-group -pthread
[53/73] cc  -o test/test_write_cache test/test_write_cache.p/test_write_cache.c.o -Wl,--as-needed -Wl,--no-undefined -pie -O2 -m64 -march=x86-64 -mtune=generic -flto=auto -ffat-lto-objects '-Wl,-rpath,$ORIGIN/../lib' -Wl,-rpath-link,/home/devel/building/work/src/fuse-3.16.2/build/lib -Wl,--start-group lib/libfuse3.so.3.16.2 -Wl,--end-group -pthread
[54/73] cc  -o example/poll example/poll.p/poll.c.o -Wl,--as-needed -Wl,--no-undefined -pie -O2 -m64 -march=x86-64 -mtune=generic -flto=auto -ffat-lto-objects '-Wl,-rpath,$ORIGIN/../lib' -Wl,-rpath-link,/home/devel/building/work/src/fuse-3.16.2/build/lib -Wl,--start-group lib/libfuse3.so.3.16.2 -pthread -ldl -lrt -Wl,--end-group
[55/73] cc  -o example/notify_inval_entry example/notify_inval_entry.p/notify_inval_entry.c.o -Wl,--as-needed -Wl,--no-undefined -pie -O2 -m64 -march=x86-64 -mtune=generic -flto=auto -ffat-lto-objects '-Wl,-rpath,$ORIGIN/../lib' -Wl,-rpath-link,/home/devel/building/work/src/fuse-3.16.2/build/lib -Wl,--start-group lib/libfuse3.so.3.16.2 -pthread -ldl -lrt -Wl,--end-group
[56/73] cc  -o example/notify_store_retrieve example/notify_store_retrieve.p/notify_store_retrieve.c.o -Wl,--as-needed -Wl,--no-undefined -pie -O2 -m64 -march=x86-64 -mtune=generic -flto=auto -ffat-lto-objects '-Wl,-rpath,$ORIGIN/../lib' -Wl,-rpath-link,/home/devel/building/work/src/fuse-3.16.2/build/lib -Wl,--start-group lib/libfuse3.so.3.16.2 -pthread -ldl -lrt -Wl,--end-group
[57/73] cc  -o example/invalidate_path example/invalidate_path.p/invalidate_path.c.o -Wl,--as-needed -Wl,--no-undefined -pie -O2 -m64 -march=x86-64 -mtune=generic -flto=auto -ffat-lto-objects '-Wl,-rpath,$ORIGIN/../lib' -Wl,-rpath-link,/home/devel/building/work/src/fuse-3.16.2/build/lib -Wl,--start-group lib/libfuse3.so.3.16.2 -pthread -ldl -lrt -Wl,--end-group
[58/73] cc  -o example/notify_inval_inode example/notify_inval_inode.p/notify_inval_inode.c.o -Wl,--as-needed -Wl,--no-undefined -pie -O2 -m64 -march=x86-64 -mtune=generic -flto=auto -ffat-lto-objects '-Wl,-rpath,$ORIGIN/../lib' -Wl,-rpath-link,/home/devel/building/work/src/fuse-3.16.2/build/lib -Wl,--start-group lib/libfuse3.so.3.16.2 -pthread -ldl -lrt -Wl,--end-group
[59/73] cc  -o example/null example/null.p/null.c.o -Wl,--as-needed -Wl,--no-undefined -pie -O2 -m64 -march=x86-64 -mtune=generic -flto=auto -ffat-lto-objects '-Wl,-rpath,$ORIGIN/../lib' -Wl,-rpath-link,/home/devel/building/work/src/fuse-3.16.2/build/lib -Wl,--start-group lib/libfuse3.so.3.16.2 -pthread -ldl -lrt -Wl,--end-group
[60/73] cc  -o example/passthrough_ll example/passthrough_ll.p/passthrough_ll.c.o -Wl,--as-needed -Wl,--no-undefined -pie -O2 -m64 -march=x86-64 -mtune=generic -flto=auto -ffat-lto-objects '-Wl,-rpath,$ORIGIN/../lib' -Wl,-rpath-link,/home/devel/building/work/src/fuse-3.16.2/build/lib -Wl,--start-group lib/libfuse3.so.3.16.2 -pthread -ldl -lrt -Wl,--end-group
[61/73] cc  -o example/cuse_client example/cuse_client.p/cuse_client.c.o -Wl,--as-needed -Wl,--no-undefined -pie -O2 -m64 -march=x86-64 -mtune=generic -flto=auto -ffat-lto-objects '-Wl,-rpath,$ORIGIN/../lib' -Wl,-rpath-link,/home/devel/building/work/src/fuse-3.16.2/build/lib -Wl,--start-group lib/libfuse3.so.3.16.2 -pthread -ldl -lrt -Wl,--end-group
[62/73] cc  -o example/cuse example/cuse.p/cuse.c.o -Wl,--as-needed -Wl,--no-undefined -pie -O2 -m64 -march=x86-64 -mtune=generic -flto=auto -ffat-lto-objects '-Wl,-rpath,$ORIGIN/../lib' -Wl,-rpath-link,/home/devel/building/work/src/fuse-3.16.2/build/lib -Wl,--start-group lib/libfuse3.so.3.16.2 -pthread -ldl -lrt -Wl,--end-group
[63/73] cc  -o example/ioctl example/ioctl.p/ioctl.c.o -Wl,--as-needed -Wl,--no-undefined -pie -O2 -m64 -march=x86-64 -mtune=generic -flto=auto -ffat-lto-objects '-Wl,-rpath,$ORIGIN/../lib' -Wl,-rpath-link,/home/devel/building/work/src/fuse-3.16.2/build/lib -Wl,--start-group lib/libfuse3.so.3.16.2 -pthread -ldl -lrt -Wl,--end-group
[64/73] cc  -o example/poll_client example/poll_client.p/poll_client.c.o -Wl,--as-needed -Wl,--no-undefined -pie -O2 -m64 -march=x86-64 -mtune=generic -flto=auto -ffat-lto-objects '-Wl,-rpath,$ORIGIN/../lib' -Wl,-rpath-link,/home/devel/building/work/src/fuse-3.16.2/build/lib -Wl,--start-group lib/libfuse3.so.3.16.2 -pthread -ldl -lrt -Wl,--end-group
[65/73] cc  -o example/ioctl_client example/ioctl_client.p/ioctl_client.c.o -Wl,--as-needed -Wl,--no-undefined -pie -O2 -m64 -march=x86-64 -mtune=generic -flto=auto -ffat-lto-objects '-Wl,-rpath,$ORIGIN/../lib' -Wl,-rpath-link,/home/devel/building/work/src/fuse-3.16.2/build/lib -Wl,--start-group lib/libfuse3.so.3.16.2 -pthread -ldl -lrt -Wl,--end-group
[66/73] cc  -o example/printcap example/printcap.p/printcap.c.o -Wl,--as-needed -Wl,--no-undefined -pie -O2 -m64 -march=x86-64 -mtune=generic -flto=auto -ffat-lto-objects '-Wl,-rpath,$ORIGIN/../lib' -Wl,-rpath-link,/home/devel/building/work/src/fuse-3.16.2/build/lib -Wl,--start-group lib/libfuse3.so.3.16.2 -pthread -ldl -lrt -Wl,--end-group
[67/73] cc  -o example/hello_ll_uds example/hello_ll_uds.p/hello_ll_uds.c.o -Wl,--as-needed -Wl,--no-undefined -pie -O2 -m64 -march=x86-64 -mtune=generic -flto=auto -ffat-lto-objects '-Wl,-rpath,$ORIGIN/../lib' -Wl,-rpath-link,/home/devel/building/work/src/fuse-3.16.2/build/lib -Wl,--start-group lib/libfuse3.so.3.16.2 -pthread -ldl -lrt -Wl,--end-group
[68/73] cc  -o example/hello_ll example/hello_ll.p/hello_ll.c.o -Wl,--as-needed -Wl,--no-undefined -pie -O2 -m64 -march=x86-64 -mtune=generic -flto=auto -ffat-lto-objects '-Wl,-rpath,$ORIGIN/../lib' -Wl,-rpath-link,/home/devel/building/work/src/fuse-3.16.2/build/lib -Wl,--start-group lib/libfuse3.so.3.16.2 -pthread -ldl -lrt -Wl,--end-group
[69/73] cc  -o example/hello example/hello.p/hello.c.o -Wl,--as-needed -Wl,--no-undefined -pie -O2 -m64 -march=x86-64 -mtune=generic -flto=auto -ffat-lto-objects '-Wl,-rpath,$ORIGIN/../lib' -Wl,-rpath-link,/home/devel/building/work/src/fuse-3.16.2/build/lib -Wl,--start-group lib/libfuse3.so.3.16.2 -pthread -ldl -lrt -Wl,--end-group
[70/73] cc  -o example/passthrough_fh example/passthrough_fh.p/passthrough_fh.c.o -Wl,--as-needed -Wl,--no-undefined -pie -O2 -m64 -march=x86-64 -mtune=generic -flto=auto -ffat-lto-objects '-Wl,-rpath,$ORIGIN/../lib' -Wl,-rpath-link,/home/devel/building/work/src/fuse-3.16.2/build/lib -Wl,--start-group lib/libfuse3.so.3.16.2 -pthread -ldl -lrt -Wl,--end-group
[71/73] cc  -o example/passthrough example/passthrough.p/passthrough.c.o -Wl,--as-needed -Wl,--no-undefined -pie -O2 -m64 -march=x86-64 -mtune=generic -flto=auto -ffat-lto-objects '-Wl,-rpath,$ORIGIN/../lib' -Wl,-rpath-link,/home/devel/building/work/src/fuse-3.16.2/build/lib -Wl,--start-group lib/libfuse3.so.3.16.2 -pthread -ldl -lrt -Wl,--end-group
[72/73] cc  -o util/mount.fuse3 util/mount.fuse3.p/mount.fuse.c.o -Wl,--as-needed -Wl,--no-undefined -pie -O2 -m64 -march=x86-64 -mtune=generic -flto=auto -ffat-lto-objects '-Wl,-rpath,$ORIGIN/../lib' -Wl,-rpath-link,/home/devel/building/work/src/fuse-3.16.2/build/lib -Wl,--start-group lib/libfuse3.so.3.16.2 -Wl,--end-group
[73/73] c++  -o example/passthrough_hp example/passthrough_hp.p/passthrough_hp.cc.o -Wl,--as-needed -Wl,--no-undefined -pie -O2 -m64 -march=x86-64 -mtune=generic -flto=auto -ffat-lto-objects '-Wl,-rpath,$ORIGIN/../lib' -Wl,-rpath-link,/home/devel/building/work/src/fuse-3.16.2/build/lib -Wl,--start-group lib/libfuse3.so.3.16.2 -pthread -ldl -lrt -Wl,--end-group
INFO: autodetecting backend as ninja
INFO: calculating backend command to run: /usr/bin/ninja -C /home/devel/building/work/src/fuse-3.16.2/build -j 8 -v
+ DESTDIR=/home/devel/building/work/pkg
+ meson install --no-rebuild -C build
== FURTHER ACTION REQUIRED ==
Make sure that your init system will start the /home/devel/building/work/pkg/etc/init.d//init.d/fuse3 init script
Installing lib/libfuse3.so.3.16.2 to /home/devel/building/work/pkg/usr/lib
Installing util/fusermount3 to /home/devel/building/work/pkg/usr/bin
Installing util/mount.fuse3 to /home/devel/building/work/pkg/usr/sbin
Installing /home/devel/building/work/src/fuse-3.16.2/include/fuse.h to /home/devel/building/work/pkg/usr/include/fuse3
Installing /home/devel/building/work/src/fuse-3.16.2/include/fuse_common.h to /home/devel/building/work/pkg/usr/include/fuse3
Installing /home/devel/building/work/src/fuse-3.16.2/include/fuse_lowlevel.h to /home/devel/building/work/pkg/usr/include/fuse3
Installing /home/devel/building/work/src/fuse-3.16.2/include/fuse_opt.h to /home/devel/building/work/pkg/usr/include/fuse3
Installing /home/devel/building/work/src/fuse-3.16.2/include/cuse_lowlevel.h to /home/devel/building/work/pkg/usr/include/fuse3
Installing /home/devel/building/work/src/fuse-3.16.2/include/fuse_log.h to /home/devel/building/work/pkg/usr/include/fuse3
Installing /home/devel/building/work/src/fuse-3.16.2/doc/fusermount3.1 to /home/devel/building/work/pkg/usr/share/man/man1
Installing /home/devel/building/work/src/fuse-3.16.2/doc/mount.fuse3.8 to /home/devel/building/work/pkg/usr/share/man/man8
Installing /home/devel/building/work/src/fuse-3.16.2/build/libfuse_config.h to /home/devel/building/work/pkg/usr/include/fuse3
Installing /home/devel/building/work/src/fuse-3.16.2/build/meson-private/fuse3.pc to /home/devel/building/work/pkg/usr/lib/pkgconfig
Installing symlink pointing to libfuse3.so.3.16.2 to /home/devel/building/work/pkg/usr/lib/libfuse3.so.3
Installing symlink pointing to libfuse3.so.3 to /home/devel/building/work/pkg/usr/lib/libfuse3.so
Running custom install script '/home/devel/building/work/src/fuse-3.16.2/util/install_helper.sh /etc /usr/bin /lib/udev/rules.d true /etc/init.d/'
+ install -d /home/devel/building/work/pkg/etc
+ cat
+ rm -r /home/devel/building/work/pkg/dev /home/devel/building/work/pkg/etc/init.d
=======> Build result:
drwxr-xr-x  0 root   root        0 Feb  1 16:08 etc/
-rw-r--r--  0 root   root      216 Feb  1 16:08 etc/fuse.conf
drwxr-xr-x  0 root   root        0 Feb  1 16:08 lib/
drwxr-xr-x  0 root   root        0 Feb  1 16:08 lib/udev/
drwxr-xr-x  0 root   root        0 Feb  1 16:08 lib/udev/rules.d/
-rw-r--r--  0 root   root       28 Feb  1 16:08 lib/udev/rules.d/99-fuse3.rules
drwxr-xr-x  0 root   root        0 Feb  1 16:08 usr/
drwxr-xr-x  0 root   root        0 Feb  1 16:08 usr/lib/
drwxr-xr-x  0 root   root        0 Feb  1 16:08 usr/bin/
drwxr-xr-x  0 root   root        0 Feb  1 16:08 usr/sbin/
drwxr-xr-x  0 root   root        0 Feb  1 16:08 usr/include/
drwxr-xr-x  0 root   root        0 Feb  1 16:08 usr/share/
drwxr-xr-x  0 root   root        0 Feb  1 16:08 usr/share/man/
drwxr-xr-x  0 root   root        0 Feb  1 16:08 usr/share/man/man1/
drwxr-xr-x  0 root   root        0 Feb  1 16:08 usr/share/man/man8/
-rw-r--r--  0 root   root     4752 Oct 10 09:38 usr/share/man/man8/mount.fuse3.8.gz
-rw-r--r--  0 root   root      738 Oct 10 09:38 usr/share/man/man1/fusermount3.1.gz
drwxr-xr-x  0 root   root        0 Feb  1 16:08 usr/include/fuse3/
-rw-r--r--  0 root   root    47119 Oct 10 09:38 usr/include/fuse3/fuse.h
-rw-r--r--  0 root   root    29824 Oct 10 09:38 usr/include/fuse3/fuse_common.h
-rw-r--r--  0 root   root    73162 Oct 10 09:38 usr/include/fuse3/fuse_lowlevel.h
-rw-r--r--  0 root   root     7549 Oct 10 09:38 usr/include/fuse3/fuse_opt.h
-rw-r--r--  0 root   root     2573 Oct 10 09:38 usr/include/fuse3/cuse_lowlevel.h
-rw-r--r--  0 root   root     1968 Oct 10 09:38 usr/include/fuse3/fuse_log.h
-rw-r--r--  0 root   root      157 Feb  1 16:08 usr/include/fuse3/libfuse_config.h
-rwxr-xr-x  0 root   root    14672 Feb  1 16:08 usr/sbin/mount.fuse3
-rwsr-xr-x  0 root   root    35576 Feb  1 16:08 usr/bin/fusermount3
-rwxr-xr-x  0 root   root   253976 Feb  1 16:08 usr/lib/libfuse3.so.3.16.2
drwxr-xr-x  0 root   root        0 Feb  1 16:08 usr/lib/pkgconfig/
lrwxrwxrwx  0 root   root        0 Feb  1 16:08 usr/lib/libfuse3.so.3 -> libfuse3.so.3.16.2
lrwxrwxrwx  0 root   root        0 Feb  1 16:08 usr/lib/libfuse3.so -> libfuse3.so.3
-rw-r--r--  0 root   root      227 Feb  1 16:08 usr/lib/pkgconfig/fuse3.pc
=======> Building '/home/devel/packages/fuse3#3.16.2-1.x86_64.pkg.tar.zst' succeeded.
prt-get: Using PKGMK_PACKAGE_DIR: /home/devel/packages
prt-get: reinstalling fuse3 3.16.2-1
prt-get: /usr/bin/pkgadd -u fuse3#3.16.2-1.x86_64.pkg.tar.zst
prt-get: build done Thu Feb  1 16:08:09 2024

