prt-get: updating /usr/ports/wayland-x86_64/gtk-session-lock
prt-get: starting build Tue May  7 23:15:24 2024
=======> Building '/home/devel/packages/gtk-session-lock#0.2.0-1.x86_64.pkg.tar.zst'.
bsdtar -p -o -C /home/devel/building/work/src -xf /home/devel/sources/gtk-session-lock-v0.2.0.tar.gz
+ build
+ cd gtk-session-lock-0.2.0
+ build-meson -Dvapi=false . build
The Meson build system
Version: 1.4.0
Source dir: /home/devel/building/work/src/gtk-session-lock-0.2.0
Build dir: /home/devel/building/work/src/gtk-session-lock-0.2.0/build
Build type: native build
Project name: gtk-session-lock
Project version: 0.2.0
C compiler for the host machine: cc (gcc 14.1.0 "cc (SAUX-x86_64) 14.1.0")
C linker for the host machine: cc ld.bfd 2.42
Host machine cpu family: x86_64
Host machine cpu: x86_64
Found pkg-config: YES (/usr/bin/pkg-config) 2.2.0
Run-time dependency gtk+-3.0 found: YES 3.24.41
Run-time dependency wayland-client found: YES 1.22.0
Run-time dependency wayland-server found: YES 1.22.0
Build-time dependency wayland-scanner found: YES 1.22.0
Run-time dependency wayland-protocols found: YES 1.36
Program /usr/bin/wayland-scanner found: YES (/usr/bin/wayland-scanner)
Run-time dependency gobject-introspection-1.0 found: YES 1.78.1
Dependency gobject-introspection-1.0 found: YES 1.78.1 (cached)
Program /usr/bin/g-ir-scanner found: YES (/usr/bin/g-ir-scanner)
Dependency gobject-introspection-1.0 found: YES 1.78.1 (cached)
Program /usr/bin/g-ir-compiler found: YES (/usr/bin/g-ir-compiler)
Program python3 found: YES (/usr/bin/python3)
Build targets in project: 4
NOTICE: Future-deprecated features used:
 * 0.56.0: {'dependency.get_pkgconfig_variable'}

gtk-session-lock 0.2.0

  User defined options
    auto_features     : auto
    bindir            : /usr/bin
    buildtype         : plain
    datadir           : /usr/share
    includedir        : /usr/include
    libdir            : /usr/lib
    libexecdir        : /usr/lib
    localstatedir     : /var
    mandir            : /usr/share/man
    prefix            : /usr
    sbindir           : /usr/sbin
    sharedstatedir    : /var/lib
    sysconfdir        : /etc
    werror            : false
    wrap_mode         : nodownload
    python.bytecompile: 0
    b_lto             : false
    b_pie             : true
    b_staticpic       : true
    vapi              : false

Found ninja-1.9 at /usr/bin/ninja
+ meson compile -j 8 -v -C build
ninja: entering directory '/home/devel/building/work/src/gtk-session-lock-0.2.0/build'
[1/12] /usr/bin/wayland-scanner -c client-header //usr/share/wayland-protocols/staging/ext-session-lock/ext-session-lock-v1.xml src/libgtk-session-lock.so.0.2.0.p/ext-session-lock-v1-client.h
[2/12] /usr/bin/wayland-scanner -c code //usr/share/wayland-protocols/staging/ext-session-lock/ext-session-lock-v1.xml src/libgtk-session-lock.so.0.2.0.p/ext-session-lock-v1.c
Using "code" is deprecated - use private-code or public-code.
See the help page for details.
[3/12] cc -Isrc/libgtk-session-lock.so.0.2.0.p -Isrc -I../src -Iinclude -I../include -I../gtk-priv/h -I/usr/include/gtk-3.0 -I/usr/include/pango-1.0 -I/usr/include/cairo -I/usr/include/gdk-pixbuf-2.0 -I/usr/include/atk-1.0 -I/usr/include/libdrm -I/usr/include/fribidi -I/usr/include/pixman-1 -I/usr/include/harfbuzz -I/usr/include/freetype2 -I/usr/include/libpng16 -I/usr/include/gio-unix-2.0 -I/usr/include/glib-2.0 -I/usr/lib/glib-2.0/include -I/usr/include/libmount -I/usr/include/blkid -fdiagnostics-color=always -D_FILE_OFFSET_BITS=64 -Wall -Winvalid-pch -Wextra -Wpedantic -std=gnu11 -Wno-pedantic -Werror=unused-function -fvisibility=hidden -O2 -m64 -march=x86-64 -mtune=generic -flto=auto -ffat-lto-objects -fPIC -pthread -DGTK_SESSION_LOCK_MAJOR=0 -DGTK_SESSION_LOCK_MINOR=2 -DGTK_SESSION_LOCK_MICRO=0 -MD -MQ src/libgtk-session-lock.so.0.2.0.p/session-lock.c.o -MF src/libgtk-session-lock.so.0.2.0.p/session-lock.c.o.d -o src/libgtk-session-lock.so.0.2.0.p/session-lock.c.o -c ../src/session-lock.c
[4/12] cc -Isrc/libgtk-session-lock.so.0.2.0.p -Isrc -I../src -Iinclude -I../include -I../gtk-priv/h -I/usr/include/gtk-3.0 -I/usr/include/pango-1.0 -I/usr/include/cairo -I/usr/include/gdk-pixbuf-2.0 -I/usr/include/atk-1.0 -I/usr/include/libdrm -I/usr/include/fribidi -I/usr/include/pixman-1 -I/usr/include/harfbuzz -I/usr/include/freetype2 -I/usr/include/libpng16 -I/usr/include/gio-unix-2.0 -I/usr/include/glib-2.0 -I/usr/lib/glib-2.0/include -I/usr/include/libmount -I/usr/include/blkid -fdiagnostics-color=always -D_FILE_OFFSET_BITS=64 -Wall -Winvalid-pch -Wextra -Wpedantic -std=gnu11 -Wno-pedantic -Werror=unused-function -fvisibility=hidden -O2 -m64 -march=x86-64 -mtune=generic -flto=auto -ffat-lto-objects -fPIC -pthread -DGTK_SESSION_LOCK_MAJOR=0 -DGTK_SESSION_LOCK_MINOR=2 -DGTK_SESSION_LOCK_MICRO=0 -MD -MQ src/libgtk-session-lock.so.0.2.0.p/gtk-priv-access.c.o -MF src/libgtk-session-lock.so.0.2.0.p/gtk-priv-access.c.o.d -o src/libgtk-session-lock.so.0.2.0.p/gtk-priv-access.c.o -c ../src/gtk-priv-access.c
[5/12] cc -Isrc/libgtk-session-lock.so.0.2.0.p -Isrc -I../src -Iinclude -I../include -I../gtk-priv/h -I/usr/include/gtk-3.0 -I/usr/include/pango-1.0 -I/usr/include/cairo -I/usr/include/gdk-pixbuf-2.0 -I/usr/include/atk-1.0 -I/usr/include/libdrm -I/usr/include/fribidi -I/usr/include/pixman-1 -I/usr/include/harfbuzz -I/usr/include/freetype2 -I/usr/include/libpng16 -I/usr/include/gio-unix-2.0 -I/usr/include/glib-2.0 -I/usr/lib/glib-2.0/include -I/usr/include/libmount -I/usr/include/blkid -fdiagnostics-color=always -D_FILE_OFFSET_BITS=64 -Wall -Winvalid-pch -Wextra -Wpedantic -std=gnu11 -Wno-pedantic -Werror=unused-function -fvisibility=hidden -O2 -m64 -march=x86-64 -mtune=generic -flto=auto -ffat-lto-objects -fPIC -pthread -DGTK_SESSION_LOCK_MAJOR=0 -DGTK_SESSION_LOCK_MINOR=2 -DGTK_SESSION_LOCK_MICRO=0 -MD -MQ src/libgtk-session-lock.so.0.2.0.p/lock-surface.c.o -MF src/libgtk-session-lock.so.0.2.0.p/lock-surface.c.o.d -o src/libgtk-session-lock.so.0.2.0.p/lock-surface.c.o -c ../src/lock-surface.c
[6/12] cc -Isrc/libgtk-session-lock.so.0.2.0.p -Isrc -I../src -Iinclude -I../include -I../gtk-priv/h -I/usr/include/gtk-3.0 -I/usr/include/pango-1.0 -I/usr/include/cairo -I/usr/include/gdk-pixbuf-2.0 -I/usr/include/atk-1.0 -I/usr/include/libdrm -I/usr/include/fribidi -I/usr/include/pixman-1 -I/usr/include/harfbuzz -I/usr/include/freetype2 -I/usr/include/libpng16 -I/usr/include/gio-unix-2.0 -I/usr/include/glib-2.0 -I/usr/lib/glib-2.0/include -I/usr/include/libmount -I/usr/include/blkid -fdiagnostics-color=always -D_FILE_OFFSET_BITS=64 -Wall -Winvalid-pch -Wextra -Wpedantic -std=gnu11 -Wno-pedantic -Werror=unused-function -fvisibility=hidden -O2 -m64 -march=x86-64 -mtune=generic -flto=auto -ffat-lto-objects -fPIC -pthread -DGTK_SESSION_LOCK_MAJOR=0 -DGTK_SESSION_LOCK_MINOR=2 -DGTK_SESSION_LOCK_MICRO=0 -MD -MQ src/libgtk-session-lock.so.0.2.0.p/custom-shell-surface.c.o -MF src/libgtk-session-lock.so.0.2.0.p/custom-shell-surface.c.o.d -o src/libgtk-session-lock.so.0.2.0.p/custom-shell-surface.c.o -c ../src/custom-shell-surface.c
[7/12] cc -Isrc/libgtk-session-lock.so.0.2.0.p -Isrc -I../src -Iinclude -I../include -I../gtk-priv/h -I/usr/include/gtk-3.0 -I/usr/include/pango-1.0 -I/usr/include/cairo -I/usr/include/gdk-pixbuf-2.0 -I/usr/include/atk-1.0 -I/usr/include/libdrm -I/usr/include/fribidi -I/usr/include/pixman-1 -I/usr/include/harfbuzz -I/usr/include/freetype2 -I/usr/include/libpng16 -I/usr/include/gio-unix-2.0 -I/usr/include/glib-2.0 -I/usr/lib/glib-2.0/include -I/usr/include/libmount -I/usr/include/blkid -fdiagnostics-color=always -D_FILE_OFFSET_BITS=64 -Wall -Winvalid-pch -Wextra -Wpedantic -std=gnu11 -Wno-pedantic -Werror=unused-function -fvisibility=hidden -O2 -m64 -march=x86-64 -mtune=generic -flto=auto -ffat-lto-objects -fPIC -pthread -DGTK_SESSION_LOCK_MAJOR=0 -DGTK_SESSION_LOCK_MINOR=2 -DGTK_SESSION_LOCK_MICRO=0 -MD -MQ src/libgtk-session-lock.so.0.2.0.p/gtk-wayland.c.o -MF src/libgtk-session-lock.so.0.2.0.p/gtk-wayland.c.o.d -o src/libgtk-session-lock.so.0.2.0.p/gtk-wayland.c.o -c ../src/gtk-wayland.c
[8/12] cc -Isrc/libgtk-session-lock.so.0.2.0.p -Isrc -I../src -Iinclude -I../include -I../gtk-priv/h -I/usr/include/gtk-3.0 -I/usr/include/pango-1.0 -I/usr/include/cairo -I/usr/include/gdk-pixbuf-2.0 -I/usr/include/atk-1.0 -I/usr/include/libdrm -I/usr/include/fribidi -I/usr/include/pixman-1 -I/usr/include/harfbuzz -I/usr/include/freetype2 -I/usr/include/libpng16 -I/usr/include/gio-unix-2.0 -I/usr/include/glib-2.0 -I/usr/lib/glib-2.0/include -I/usr/include/libmount -I/usr/include/blkid -fdiagnostics-color=always -D_FILE_OFFSET_BITS=64 -Wall -Winvalid-pch -Wextra -Wpedantic -std=gnu11 -Wno-pedantic -Werror=unused-function -fvisibility=hidden -O2 -m64 -march=x86-64 -mtune=generic -flto=auto -ffat-lto-objects -fPIC -pthread -DGTK_SESSION_LOCK_MAJOR=0 -DGTK_SESSION_LOCK_MINOR=2 -DGTK_SESSION_LOCK_MICRO=0 -MD -MQ src/libgtk-session-lock.so.0.2.0.p/api.c.o -MF src/libgtk-session-lock.so.0.2.0.p/api.c.o.d -o src/libgtk-session-lock.so.0.2.0.p/api.c.o -c ../src/api.c
[9/12] cc -Isrc/libgtk-session-lock.so.0.2.0.p -Isrc -I../src -Iinclude -I../include -I../gtk-priv/h -I/usr/include/gtk-3.0 -I/usr/include/pango-1.0 -I/usr/include/cairo -I/usr/include/gdk-pixbuf-2.0 -I/usr/include/atk-1.0 -I/usr/include/libdrm -I/usr/include/fribidi -I/usr/include/pixman-1 -I/usr/include/harfbuzz -I/usr/include/freetype2 -I/usr/include/libpng16 -I/usr/include/gio-unix-2.0 -I/usr/include/glib-2.0 -I/usr/lib/glib-2.0/include -I/usr/include/libmount -I/usr/include/blkid -fdiagnostics-color=always -D_FILE_OFFSET_BITS=64 -Wall -Winvalid-pch -Wextra -Wpedantic -std=gnu11 -Wno-pedantic -Werror=unused-function -fvisibility=hidden -O2 -m64 -march=x86-64 -mtune=generic -flto=auto -ffat-lto-objects -fPIC -pthread -DGTK_SESSION_LOCK_MAJOR=0 -DGTK_SESSION_LOCK_MINOR=2 -DGTK_SESSION_LOCK_MICRO=0 -MD -MQ src/libgtk-session-lock.so.0.2.0.p/meson-generated_ext-session-lock-v1.c.o -MF src/libgtk-session-lock.so.0.2.0.p/meson-generated_ext-session-lock-v1.c.o.d -o src/libgtk-session-lock.so.0.2.0.p/meson-generated_ext-session-lock-v1.c.o -c src/libgtk-session-lock.so.0.2.0.p/ext-session-lock-v1.c
[01m[K../src/lock-surface.c:[m[K In function '[01m[Klock_surface_finalize[m[K':
[01m[K../src/lock-surface.c:107:18:[m[K [01;35m[Kwarning: [m[Kunused variable '[01m[Kself[m[K' [[01;35m[K-Wunused-variable[m[K]
  107 |     LockSurface *[01;35m[Kself[m[K = (LockSurface *)super;
      |                  [01;35m[K^~~~[m[K
[01m[K../src/session-lock.c:[m[K In function '[01m[Ksession_lock_lock_handle_locked[m[K':
[01m[K../src/session-lock.c:150:74:[m[K [01;35m[Kwarning: [m[Kunused parameter '[01m[Klock_obj[m[K' [[01;35m[K-Wunused-parameter[m[K]
  150 | session_lock_lock_handle_locked (void *data, [01;35m[Kstruct ext_session_lock_v1 *lock_obj[m[K)
      |                                              [01;35m[K~~~~~~~~~~~~~~~~~~~~~~~~~~~~^~~~~~~~[m[K
[01m[K../src/session-lock.c:[m[K In function '[01m[Ksession_lock_lock_handle_finished[m[K':
[01m[K../src/session-lock.c:157:76:[m[K [01;35m[Kwarning: [m[Kunused parameter '[01m[Klock_obj[m[K' [[01;35m[K-Wunused-parameter[m[K]
  157 | session_lock_lock_handle_finished (void *data, [01;35m[Kstruct ext_session_lock_v1 *lock_obj[m[K)
      |                                                [01;35m[K~~~~~~~~~~~~~~~~~~~~~~~~~~~~^~~~~~~~[m[K
[10/12] cc  -o src/libgtk-session-lock.so.0.2.0 src/libgtk-session-lock.so.0.2.0.p/meson-generated_ext-session-lock-v1.c.o src/libgtk-session-lock.so.0.2.0.p/api.c.o src/libgtk-session-lock.so.0.2.0.p/gtk-wayland.c.o src/libgtk-session-lock.so.0.2.0.p/custom-shell-surface.c.o src/libgtk-session-lock.so.0.2.0.p/lock-surface.c.o src/libgtk-session-lock.so.0.2.0.p/gtk-priv-access.c.o src/libgtk-session-lock.so.0.2.0.p/session-lock.c.o -Wl,--as-needed -Wl,--no-undefined -shared -fPIC -Wl,-soname,libgtk-session-lock.so.0 -O2 -m64 -march=x86-64 -mtune=generic -flto=auto -ffat-lto-objects -Wl,--start-group /usr/lib/libgtk-3.so /usr/lib/libgdk-3.so /usr/lib/libpangocairo-1.0.so /usr/lib/libpango-1.0.so /usr/lib/libharfbuzz.so /usr/lib/libatk-1.0.so /usr/lib/libcairo-gobject.so /usr/lib/libcairo.so /usr/lib/libgdk_pixbuf-2.0.so /usr/lib/libgio-2.0.so /usr/lib/libgobject-2.0.so /usr/lib/libglib-2.0.so /usr/lib/libwayland-client.so -Wl,--end-group
[11/12] env PKG_CONFIG_PATH=/usr/lib/pkgconfig:/usr/share/pkgconfig:/home/devel/building/work/src/gtk-session-lock-0.2.0/build/meson-uninstalled PKG_CONFIG=/usr/bin/pkg-config CC=cc /usr/bin/g-ir-scanner --quiet --no-libtool --namespace=GtkSessionLock --nsversion=0.1 --warn-all --output src/GtkSessionLock-0.1.gir --c-include=gtk-session-lock/gtk-session-lock.h -I/home/devel/building/work/src/gtk-session-lock-0.2.0/src -I/home/devel/building/work/src/gtk-session-lock-0.2.0/build/src -I/home/devel/building/work/src/gtk-session-lock-0.2.0/include/. -I/home/devel/building/work/src/gtk-session-lock-0.2.0/build/include/. -I/home/devel/building/work/src/gtk-session-lock-0.2.0/gtk-priv/h -I/home/devel/building/work/src/gtk-session-lock-0.2.0/build/gtk-priv/h --filelist=/home/devel/building/work/src/gtk-session-lock-0.2.0/build/src/libgtk-session-lock.so.0.2.0.p/GtkSessionLock_0.1_gir_filelist --include=Gtk-3.0 --symbol-prefix=gtk_session_lock --identifier-prefix=GtkSessionLock --pkg-export=gtk-session-lock-0 --cflags-begin -I/home/devel/building/work/src/gtk-session-lock-0.2.0/include/. -I/home/devel/building/work/src/gtk-session-lock-0.2.0/build/include/. -I/home/devel/building/work/src/gtk-session-lock-0.2.0/gtk-priv/h -I/home/devel/building/work/src/gtk-session-lock-0.2.0/build/gtk-priv/h -I/usr/include/gtk-3.0 -I/usr/include/pango-1.0 -I/usr/include/cairo -I/usr/include/gdk-pixbuf-2.0 -I/usr/include/atk-1.0 -I/usr/include/libdrm -I/usr/include/fribidi -I/usr/include/pixman-1 -I/usr/include/harfbuzz -I/usr/include/freetype2 -I/usr/include/libpng16 -I/usr/include/gio-unix-2.0 -I/usr/include/glib-2.0 -I/usr/lib/glib-2.0/include -I/usr/include/libmount -I/usr/include/blkid -I/usr/include/gobject-introspection-1.0 --cflags-end --add-include-path=/usr/share/gir-1.0 -L/home/devel/building/work/src/gtk-session-lock-0.2.0/build/src --library gtk-session-lock --extra-library=gtk-3 --extra-library=gdk-3 --extra-library=pangocairo-1.0 --extra-library=pango-1.0 --extra-library=harfbuzz --extra-library=atk-1.0 --extra-library=cairo-gobject --extra-library=cairo --extra-library=gdk_pixbuf-2.0 --extra-library=gio-2.0 --extra-library=gobject-2.0 --extra-library=glib-2.0 --extra-library=wayland-client --extra-library=girepository-1.0 --sources-top-dirs /home/devel/building/work/src/gtk-session-lock-0.2.0/ --sources-top-dirs /home/devel/building/work/src/gtk-session-lock-0.2.0/build/
[12/12] /usr/bin/g-ir-compiler src/GtkSessionLock-0.1.gir --output src/GtkSessionLock-0.1.typelib --includedir=/usr/share/gir-1.0
INFO: autodetecting backend as ninja
INFO: calculating backend command to run: /usr/bin/ninja -C /home/devel/building/work/src/gtk-session-lock-0.2.0/build -j 8 -v
+ DESTDIR=/home/devel/building/work/pkg
+ meson install --no-rebuild -C build
Installing src/libgtk-session-lock.so.0.2.0 to /home/devel/building/work/pkg/usr/lib
Installing src/GtkSessionLock-0.1.gir to /home/devel/building/work/pkg/usr/share/gir-1.0
Installing src/GtkSessionLock-0.1.typelib to /home/devel/building/work/pkg/usr/lib/girepository-1.0
Installing /home/devel/building/work/src/gtk-session-lock-0.2.0/include/gtk-session-lock.h to /home/devel/building/work/pkg/usr/include/gtk-session-lock
Installing /home/devel/building/work/src/gtk-session-lock-0.2.0/build/meson-private/gtk-session-lock-0.pc to /home/devel/building/work/pkg/usr/lib/pkgconfig
Installing symlink pointing to libgtk-session-lock.so.0.2.0 to /home/devel/building/work/pkg/usr/lib/libgtk-session-lock.so.0
Installing symlink pointing to libgtk-session-lock.so.0 to /home/devel/building/work/pkg/usr/lib/libgtk-session-lock.so
=======> Build result:
drwxr-xr-x  0 root   root        0 May  7 23:15 usr/
drwxr-xr-x  0 root   root        0 May  7 23:15 usr/lib/
drwxr-xr-x  0 root   root        0 May  7 23:15 usr/share/
drwxr-xr-x  0 root   root        0 May  7 23:15 usr/include/
drwxr-xr-x  0 root   root        0 May  7 23:15 usr/include/gtk-session-lock/
-rw-r--r--  0 root   root     3853 Apr 10 21:53 usr/include/gtk-session-lock/gtk-session-lock.h
drwxr-xr-x  0 root   root        0 May  7 23:15 usr/share/gir-1.0/
-rw-r--r--  0 root   root    11591 May  7 23:15 usr/share/gir-1.0/GtkSessionLock-0.1.gir
-rwxr-xr-x  0 root   root    27096 May  7 23:15 usr/lib/libgtk-session-lock.so.0.2.0
drwxr-xr-x  0 root   root        0 May  7 23:15 usr/lib/girepository-1.0/
drwxr-xr-x  0 root   root        0 May  7 23:15 usr/lib/pkgconfig/
lrwxrwxrwx  0 root   root        0 May  7 23:15 usr/lib/libgtk-session-lock.so.0 -> libgtk-session-lock.so.0.2.0
lrwxrwxrwx  0 root   root        0 May  7 23:15 usr/lib/libgtk-session-lock.so -> libgtk-session-lock.so.0
-rw-r--r--  0 root   root      358 May  7 23:15 usr/lib/pkgconfig/gtk-session-lock-0.pc
-rw-r--r--  0 root   root     2052 May  7 23:15 usr/lib/girepository-1.0/GtkSessionLock-0.1.typelib
=======> Building '/home/devel/packages/gtk-session-lock#0.2.0-1.x86_64.pkg.tar.zst' succeeded.
prt-get: Using PKGMK_PACKAGE_DIR: /home/devel/packages
prt-get: reinstalling gtk-session-lock 0.2.0-1
prt-get: /usr/bin/pkgadd -u gtk-session-lock#0.2.0-1.x86_64.pkg.tar.zst
prt-get: build done Tue May  7 23:15:29 2024

