prt-get: updating /usr/ports/wayland-x86_64/gtklock
prt-get: starting build Tue May  7 23:16:17 2024
=======> Building '/home/devel/packages/gtklock#3.0.0-1.x86_64.pkg.tar.zst'.
bsdtar -p -o -C /home/devel/building/work/src -xf /home/devel/sources/gtklock-v3.0.0.tar.gz
+ build
+ cd gtklock-3.0.0
+ build-meson . build
The Meson build system
Version: 1.4.0
Source dir: /home/devel/building/work/src/gtklock-3.0.0
Build dir: /home/devel/building/work/src/gtklock-3.0.0/build
Build type: native build
Project name: gtklock
Project version: 3.0.0
C compiler for the host machine: cc (gcc 14.1.0 "cc (SAUX-x86_64) 14.1.0")
C linker for the host machine: cc ld.bfd 2.42
Host machine cpu family: x86_64
Host machine cpu: x86_64
Found pkg-config: YES (/usr/bin/pkg-config) 2.2.0
Run-time dependency gtk+-3.0 found: YES 3.24.41
Run-time dependency gtk-session-lock-0 found: YES 0.2.0
Run-time dependency gmodule-export-2.0 found: YES 2.80.0
Run-time dependency pam found: YES 1.6.1
Program scdoc found: YES (/usr/bin/scdoc)
Build-time dependency gio-2.0 found: YES 2.80.0
Program /usr/bin/glib-compile-resources found: YES (/usr/bin/glib-compile-resources)
Build targets in project: 4

gtklock 3.0.0

  User defined options
    auto_features     : auto
    bindir            : /usr/bin
    buildtype         : plain
    datadir           : /usr/share
    includedir        : /usr/include
    libdir            : /usr/lib
    libexecdir        : /usr/lib
    localstatedir     : /var
    mandir            : /usr/share/man
    prefix            : /usr
    sbindir           : /usr/sbin
    sharedstatedir    : /var/lib
    sysconfdir        : /etc
    werror            : false
    wrap_mode         : nodownload
    python.bytecompile: 0
    b_lto             : false
    b_pie             : true
    b_staticpic       : true

Found ninja-1.9 at /usr/bin/ninja
+ meson compile -j 8 -v -C build
ninja: entering directory '/home/devel/building/work/src/gtklock-3.0.0/build'
[1/13] /usr/bin/glib-compile-resources ../res/ui.gresource.xml --sourcedir ../res --c-name ui --internal --generate --target res/ui-resources.h
[2/13] /usr/bin/glib-compile-resources ../res/ui.gresource.xml --sourcedir ../res --c-name ui --internal --generate --target res/ui-resources.c --dependency-file res/ui-resources.c.d
[3/13] /usr/bin/meson --internal exe --capture man/gtklock.1 --feed ../man/gtklock.1.scd -- /usr/bin/scdoc
[4/13] cc -Igtklock.p -I. -I.. -I../include -Ires -I/usr/include/gtk-3.0 -I/usr/include/pango-1.0 -I/usr/include/cairo -I/usr/include/gdk-pixbuf-2.0 -I/usr/include/atk-1.0 -I/usr/include/libdrm -I/usr/include/fribidi -I/usr/include/pixman-1 -I/usr/include/harfbuzz -I/usr/include/freetype2 -I/usr/include/libpng16 -I/usr/include/gio-unix-2.0 -I/usr/include/glib-2.0 -I/usr/lib/glib-2.0/include -I/usr/include/libmount -I/usr/include/blkid -I/usr/include/gtk-session-lock -I/usr/include/security -fdiagnostics-color=always -D_FILE_OFFSET_BITS=64 -Wall -Winvalid-pch -std=c11 -O2 -m64 -march=x86-64 -mtune=generic -flto=auto -ffat-lto-objects -fPIE -pthread -DPREFIX=/usr -DMAJOR_VERSION=3 -DMINOR_VERSION=0 -DMICRO_VERSION=0 -MD -MQ gtklock.p/src_xdg.c.o -MF gtklock.p/src_xdg.c.o.d -o gtklock.p/src_xdg.c.o -c ../src/xdg.c
[5/13] cc -Igtklock.p -I. -I.. -I../include -Ires -I/usr/include/gtk-3.0 -I/usr/include/pango-1.0 -I/usr/include/cairo -I/usr/include/gdk-pixbuf-2.0 -I/usr/include/atk-1.0 -I/usr/include/libdrm -I/usr/include/fribidi -I/usr/include/pixman-1 -I/usr/include/harfbuzz -I/usr/include/freetype2 -I/usr/include/libpng16 -I/usr/include/gio-unix-2.0 -I/usr/include/glib-2.0 -I/usr/lib/glib-2.0/include -I/usr/include/libmount -I/usr/include/blkid -I/usr/include/gtk-session-lock -I/usr/include/security -fdiagnostics-color=always -D_FILE_OFFSET_BITS=64 -Wall -Winvalid-pch -std=c11 -O2 -m64 -march=x86-64 -mtune=generic -flto=auto -ffat-lto-objects -fPIE -pthread -DPREFIX=/usr -DMAJOR_VERSION=3 -DMINOR_VERSION=0 -DMICRO_VERSION=0 -MD -MQ gtklock.p/src_window.c.o -MF gtklock.p/src_window.c.o.d -o gtklock.p/src_window.c.o -c ../src/window.c
[6/13] cc -Igtklock.p -I. -I.. -I../include -Ires -I/usr/include/gtk-3.0 -I/usr/include/pango-1.0 -I/usr/include/cairo -I/usr/include/gdk-pixbuf-2.0 -I/usr/include/atk-1.0 -I/usr/include/libdrm -I/usr/include/fribidi -I/usr/include/pixman-1 -I/usr/include/harfbuzz -I/usr/include/freetype2 -I/usr/include/libpng16 -I/usr/include/gio-unix-2.0 -I/usr/include/glib-2.0 -I/usr/lib/glib-2.0/include -I/usr/include/libmount -I/usr/include/blkid -I/usr/include/gtk-session-lock -I/usr/include/security -fdiagnostics-color=always -D_FILE_OFFSET_BITS=64 -Wall -Winvalid-pch -std=c11 -O2 -m64 -march=x86-64 -mtune=generic -flto=auto -ffat-lto-objects -fPIE -pthread -DPREFIX=/usr -DMAJOR_VERSION=3 -DMINOR_VERSION=0 -DMICRO_VERSION=0 -MD -MQ gtklock.p/src_util.c.o -MF gtklock.p/src_util.c.o.d -o gtklock.p/src_util.c.o -c ../src/util.c
[7/13] cc -Igtklock.p -I. -I.. -I../include -Ires -I/usr/include/gtk-3.0 -I/usr/include/pango-1.0 -I/usr/include/cairo -I/usr/include/gdk-pixbuf-2.0 -I/usr/include/atk-1.0 -I/usr/include/libdrm -I/usr/include/fribidi -I/usr/include/pixman-1 -I/usr/include/harfbuzz -I/usr/include/freetype2 -I/usr/include/libpng16 -I/usr/include/gio-unix-2.0 -I/usr/include/glib-2.0 -I/usr/lib/glib-2.0/include -I/usr/include/libmount -I/usr/include/blkid -I/usr/include/gtk-session-lock -I/usr/include/security -fdiagnostics-color=always -D_FILE_OFFSET_BITS=64 -Wall -Winvalid-pch -std=c11 -O2 -m64 -march=x86-64 -mtune=generic -flto=auto -ffat-lto-objects -fPIE -pthread -DPREFIX=/usr -DMAJOR_VERSION=3 -DMINOR_VERSION=0 -DMICRO_VERSION=0 -MD -MQ gtklock.p/src_source.c.o -MF gtklock.p/src_source.c.o.d -o gtklock.p/src_source.c.o -c ../src/source.c
[8/13] cc -Igtklock.p -I. -I.. -I../include -Ires -I/usr/include/gtk-3.0 -I/usr/include/pango-1.0 -I/usr/include/cairo -I/usr/include/gdk-pixbuf-2.0 -I/usr/include/atk-1.0 -I/usr/include/libdrm -I/usr/include/fribidi -I/usr/include/pixman-1 -I/usr/include/harfbuzz -I/usr/include/freetype2 -I/usr/include/libpng16 -I/usr/include/gio-unix-2.0 -I/usr/include/glib-2.0 -I/usr/lib/glib-2.0/include -I/usr/include/libmount -I/usr/include/blkid -I/usr/include/gtk-session-lock -I/usr/include/security -fdiagnostics-color=always -D_FILE_OFFSET_BITS=64 -Wall -Winvalid-pch -std=c11 -O2 -m64 -march=x86-64 -mtune=generic -flto=auto -ffat-lto-objects -fPIE -pthread -DPREFIX=/usr -DMAJOR_VERSION=3 -DMINOR_VERSION=0 -DMICRO_VERSION=0 -MD -MQ gtklock.p/src_module.c.o -MF gtklock.p/src_module.c.o.d -o gtklock.p/src_module.c.o -c ../src/module.c
[9/13] cc -Igtklock.p -I. -I.. -I../include -Ires -I/usr/include/gtk-3.0 -I/usr/include/pango-1.0 -I/usr/include/cairo -I/usr/include/gdk-pixbuf-2.0 -I/usr/include/atk-1.0 -I/usr/include/libdrm -I/usr/include/fribidi -I/usr/include/pixman-1 -I/usr/include/harfbuzz -I/usr/include/freetype2 -I/usr/include/libpng16 -I/usr/include/gio-unix-2.0 -I/usr/include/glib-2.0 -I/usr/lib/glib-2.0/include -I/usr/include/libmount -I/usr/include/blkid -I/usr/include/gtk-session-lock -I/usr/include/security -fdiagnostics-color=always -D_FILE_OFFSET_BITS=64 -Wall -Winvalid-pch -std=c11 -O2 -m64 -march=x86-64 -mtune=generic -flto=auto -ffat-lto-objects -fPIE -pthread -DPREFIX=/usr -DMAJOR_VERSION=3 -DMINOR_VERSION=0 -DMICRO_VERSION=0 -MD -MQ gtklock.p/src_gtklock.c.o -MF gtklock.p/src_gtklock.c.o.d -o gtklock.p/src_gtklock.c.o -c ../src/gtklock.c
[10/13] cc -Igtklock.p -I. -I.. -I../include -Ires -I/usr/include/gtk-3.0 -I/usr/include/pango-1.0 -I/usr/include/cairo -I/usr/include/gdk-pixbuf-2.0 -I/usr/include/atk-1.0 -I/usr/include/libdrm -I/usr/include/fribidi -I/usr/include/pixman-1 -I/usr/include/harfbuzz -I/usr/include/freetype2 -I/usr/include/libpng16 -I/usr/include/gio-unix-2.0 -I/usr/include/glib-2.0 -I/usr/lib/glib-2.0/include -I/usr/include/libmount -I/usr/include/blkid -I/usr/include/gtk-session-lock -I/usr/include/security -fdiagnostics-color=always -D_FILE_OFFSET_BITS=64 -Wall -Winvalid-pch -std=c11 -O2 -m64 -march=x86-64 -mtune=generic -flto=auto -ffat-lto-objects -fPIE -pthread -DPREFIX=/usr -DMAJOR_VERSION=3 -DMINOR_VERSION=0 -DMICRO_VERSION=0 -MD -MQ gtklock.p/meson-generated_.._res_ui-resources.c.o -MF gtklock.p/meson-generated_.._res_ui-resources.c.o.d -o gtklock.p/meson-generated_.._res_ui-resources.c.o -c res/ui-resources.c
[11/13] cc -Igtklock.p -I. -I.. -I../include -Ires -I/usr/include/gtk-3.0 -I/usr/include/pango-1.0 -I/usr/include/cairo -I/usr/include/gdk-pixbuf-2.0 -I/usr/include/atk-1.0 -I/usr/include/libdrm -I/usr/include/fribidi -I/usr/include/pixman-1 -I/usr/include/harfbuzz -I/usr/include/freetype2 -I/usr/include/libpng16 -I/usr/include/gio-unix-2.0 -I/usr/include/glib-2.0 -I/usr/lib/glib-2.0/include -I/usr/include/libmount -I/usr/include/blkid -I/usr/include/gtk-session-lock -I/usr/include/security -fdiagnostics-color=always -D_FILE_OFFSET_BITS=64 -Wall -Winvalid-pch -std=c11 -O2 -m64 -march=x86-64 -mtune=generic -flto=auto -ffat-lto-objects -fPIE -pthread -DPREFIX=/usr -DMAJOR_VERSION=3 -DMINOR_VERSION=0 -DMICRO_VERSION=0 -MD -MQ gtklock.p/src_config.c.o -MF gtklock.p/src_config.c.o.d -o gtklock.p/src_config.c.o -c ../src/config.c
[12/13] cc -Igtklock.p -I. -I.. -I../include -Ires -I/usr/include/gtk-3.0 -I/usr/include/pango-1.0 -I/usr/include/cairo -I/usr/include/gdk-pixbuf-2.0 -I/usr/include/atk-1.0 -I/usr/include/libdrm -I/usr/include/fribidi -I/usr/include/pixman-1 -I/usr/include/harfbuzz -I/usr/include/freetype2 -I/usr/include/libpng16 -I/usr/include/gio-unix-2.0 -I/usr/include/glib-2.0 -I/usr/lib/glib-2.0/include -I/usr/include/libmount -I/usr/include/blkid -I/usr/include/gtk-session-lock -I/usr/include/security -fdiagnostics-color=always -D_FILE_OFFSET_BITS=64 -Wall -Winvalid-pch -std=c11 -O2 -m64 -march=x86-64 -mtune=generic -flto=auto -ffat-lto-objects -fPIE -pthread -DPREFIX=/usr -DMAJOR_VERSION=3 -DMINOR_VERSION=0 -DMICRO_VERSION=0 -MD -MQ gtklock.p/src_auth.c.o -MF gtklock.p/src_auth.c.o.d -o gtklock.p/src_auth.c.o -c ../src/auth.c
[13/13] cc  -o gtklock gtklock.p/meson-generated_.._res_ui-resources.c.o gtklock.p/src_auth.c.o gtklock.p/src_config.c.o gtklock.p/src_gtklock.c.o gtklock.p/src_module.c.o gtklock.p/src_source.c.o gtklock.p/src_util.c.o gtklock.p/src_window.c.o gtklock.p/src_xdg.c.o -Wl,--as-needed -Wl,--no-undefined -pie -O2 -m64 -march=x86-64 -mtune=generic -flto=auto -ffat-lto-objects -Wl,--start-group /usr/lib/libgtk-3.so /usr/lib/libgdk-3.so /usr/lib/libpangocairo-1.0.so /usr/lib/libpango-1.0.so /usr/lib/libharfbuzz.so /usr/lib/libatk-1.0.so /usr/lib/libcairo-gobject.so /usr/lib/libcairo.so /usr/lib/libgdk_pixbuf-2.0.so /usr/lib/libgio-2.0.so /usr/lib/libgobject-2.0.so /usr/lib/libglib-2.0.so /usr/lib/libgtk-session-lock.so -Wl,--export-dynamic /usr/lib/libgmodule-2.0.so -pthread /lib/libpam.so -Wl,--end-group
INFO: autodetecting backend as ninja
INFO: calculating backend command to run: /usr/bin/ninja -C /home/devel/building/work/src/gtklock-3.0.0/build -j 8 -v
+ DESTDIR=/home/devel/building/work/pkg
+ meson install --no-rebuild -C build
Installing man/gtklock.1 to /home/devel/building/work/pkg/usr/share/man/man1
Installing gtklock to /home/devel/building/work/pkg/usr/bin
Installing /home/devel/building/work/src/gtklock-3.0.0/pam/gtklock to /home/devel/building/work/pkg/etc/pam.d
=======> Build result:
drwxr-xr-x  0 root   root        0 May  7 23:16 etc/
drwxr-xr-x  0 root   root        0 May  7 23:16 etc/pam.d/
-rw-r--r--  0 root   root       19 Apr 18 20:31 etc/pam.d/gtklock
drwxr-xr-x  0 root   root        0 May  7 23:16 usr/
drwxr-xr-x  0 root   root        0 May  7 23:16 usr/share/
drwxr-xr-x  0 root   root        0 May  7 23:16 usr/bin/
-rwxr-xr-x  0 root   root    53600 May  7 23:16 usr/bin/gtklock
drwxr-xr-x  0 root   root        0 May  7 23:16 usr/share/man/
drwxr-xr-x  0 root   root        0 May  7 23:16 usr/share/man/man1/
-rw-r--r--  0 root   root     1293 May  7 23:16 usr/share/man/man1/gtklock.1.gz
=======> Building '/home/devel/packages/gtklock#3.0.0-1.x86_64.pkg.tar.zst' succeeded.
prt-get: Using PKGMK_PACKAGE_DIR: /home/devel/packages
prt-get: reinstalling gtklock 3.0.0-1
prt-get: /usr/bin/pkgadd -u gtklock#3.0.0-1.x86_64.pkg.tar.zst
prt-get: build done Tue May  7 23:16:18 2024

