prt-get: updating /usr/ports/wayland-x86_64/hicolor-icon-theme
prt-get: starting build Thu Feb  1 18:03:39 2024
=======> Building '/home/devel/packages/hicolor-icon-theme#0.17-1.x86_64.pkg.tar.zst'.
bsdtar -p -o -C /home/devel/building/work/src -xf /home/devel/sources/hicolor-icon-theme-0.17.tar.xz
+ build
+ cd hicolor-icon-theme-0.17
+ ./configure --prefix=/usr
checking for a BSD-compatible install... /usr/bin/install -c
checking whether build environment is sane... yes
checking for a thread-safe mkdir -p... /bin/mkdir -p
checking for gawk... gawk
checking whether make sets $(MAKE)... yes
checking whether make supports nested variables... yes
checking whether UID '0' is supported by ustar format... yes
checking whether GID '0' is supported by ustar format... yes
checking how to create a ustar tar archive... gnutar
checking that generated files are newer than configure... done
configure: creating ./config.status
config.status: creating Makefile
+ make DESTDIR=/home/devel/building/work/pkg install
make[1]: Entering directory '/home/devel/building/work/src/hicolor-icon-theme-0.17'
make[1]: Nothing to be done for 'install-exec-am'.
 /bin/mkdir -p '/home/devel/building/work/pkg/usr/share/icons/hicolor'
 /usr/bin/install -c -m 644 index.theme '/home/devel/building/work/pkg/usr/share/icons/hicolor'
make  install-data-hook
make[2]: Entering directory '/home/devel/building/work/src/hicolor-icon-theme-0.17'
mkdir -p /home/devel/building/work/pkg/usr/share/icons/hicolor
for dir in 16x16 22x22 24x24 32x32 36x36 48x48 64x64 72x72 96x96 128x128 192x192 256x256 512x512 scalable; do \
  for ctxt in actions animations apps categories devices emblems emotes filesystems intl mimetypes places status stock; do \
    mkdir -p /home/devel/building/work/pkg/usr/share/icons/hicolor/$dir/$ctxt; \
    if [ "$ctxt" = "stock" ]; then \
      for sub in chart code data form image io media navigation net object table text; do \
        mkdir -p /home/devel/building/work/pkg/usr/share/icons/hicolor/$dir/$ctxt/$sub; \
      done \
    fi \
  done \
done
mkdir -p /home/devel/building/work/pkg/usr/share/icons/hicolor/symbolic/apps
make[2]: Leaving directory '/home/devel/building/work/src/hicolor-icon-theme-0.17'
make[1]: Leaving directory '/home/devel/building/work/src/hicolor-icon-theme-0.17'
=======> Build result:
drwxr-xr-x  0 root   root        0 Feb  1 18:03 usr/
drwxr-xr-x  0 root   root        0 Feb  1 18:03 usr/share/
drwxr-xr-x  0 root   root        0 Feb  1 18:03 usr/share/icons/
drwxr-xr-x  0 root   root        0 Feb  1 18:03 usr/share/icons/hicolor/
-rw-r--r--  0 root   root    55507 Feb  1 18:03 usr/share/icons/hicolor/index.theme
drwxr-xr-x  0 root   root        0 Feb  1 18:03 usr/share/icons/hicolor/16x16/
drwxr-xr-x  0 root   root        0 Feb  1 18:03 usr/share/icons/hicolor/22x22/
drwxr-xr-x  0 root   root        0 Feb  1 18:03 usr/share/icons/hicolor/24x24/
drwxr-xr-x  0 root   root        0 Feb  1 18:03 usr/share/icons/hicolor/32x32/
drwxr-xr-x  0 root   root        0 Feb  1 18:03 usr/share/icons/hicolor/36x36/
drwxr-xr-x  0 root   root        0 Feb  1 18:03 usr/share/icons/hicolor/48x48/
drwxr-xr-x  0 root   root        0 Feb  1 18:03 usr/share/icons/hicolor/64x64/
drwxr-xr-x  0 root   root        0 Feb  1 18:03 usr/share/icons/hicolor/72x72/
drwxr-xr-x  0 root   root        0 Feb  1 18:03 usr/share/icons/hicolor/96x96/
drwxr-xr-x  0 root   root        0 Feb  1 18:03 usr/share/icons/hicolor/128x128/
drwxr-xr-x  0 root   root        0 Feb  1 18:03 usr/share/icons/hicolor/192x192/
drwxr-xr-x  0 root   root        0 Feb  1 18:03 usr/share/icons/hicolor/256x256/
drwxr-xr-x  0 root   root        0 Feb  1 18:03 usr/share/icons/hicolor/512x512/
drwxr-xr-x  0 root   root        0 Feb  1 18:03 usr/share/icons/hicolor/scalable/
drwxr-xr-x  0 root   root        0 Feb  1 18:03 usr/share/icons/hicolor/symbolic/
drwxr-xr-x  0 root   root        0 Feb  1 18:03 usr/share/icons/hicolor/symbolic/apps/
drwxr-xr-x  0 root   root        0 Feb  1 18:03 usr/share/icons/hicolor/scalable/actions/
drwxr-xr-x  0 root   root        0 Feb  1 18:03 usr/share/icons/hicolor/scalable/animations/
drwxr-xr-x  0 root   root        0 Feb  1 18:03 usr/share/icons/hicolor/scalable/apps/
drwxr-xr-x  0 root   root        0 Feb  1 18:03 usr/share/icons/hicolor/scalable/categories/
drwxr-xr-x  0 root   root        0 Feb  1 18:03 usr/share/icons/hicolor/scalable/devices/
drwxr-xr-x  0 root   root        0 Feb  1 18:03 usr/share/icons/hicolor/scalable/emblems/
drwxr-xr-x  0 root   root        0 Feb  1 18:03 usr/share/icons/hicolor/scalable/emotes/
drwxr-xr-x  0 root   root        0 Feb  1 18:03 usr/share/icons/hicolor/scalable/filesystems/
drwxr-xr-x  0 root   root        0 Feb  1 18:03 usr/share/icons/hicolor/scalable/intl/
drwxr-xr-x  0 root   root        0 Feb  1 18:03 usr/share/icons/hicolor/scalable/mimetypes/
drwxr-xr-x  0 root   root        0 Feb  1 18:03 usr/share/icons/hicolor/scalable/places/
drwxr-xr-x  0 root   root        0 Feb  1 18:03 usr/share/icons/hicolor/scalable/status/
drwxr-xr-x  0 root   root        0 Feb  1 18:03 usr/share/icons/hicolor/scalable/stock/
drwxr-xr-x  0 root   root        0 Feb  1 18:03 usr/share/icons/hicolor/scalable/stock/chart/
drwxr-xr-x  0 root   root        0 Feb  1 18:03 usr/share/icons/hicolor/scalable/stock/code/
drwxr-xr-x  0 root   root        0 Feb  1 18:03 usr/share/icons/hicolor/scalable/stock/data/
drwxr-xr-x  0 root   root        0 Feb  1 18:03 usr/share/icons/hicolor/scalable/stock/form/
drwxr-xr-x  0 root   root        0 Feb  1 18:03 usr/share/icons/hicolor/scalable/stock/image/
drwxr-xr-x  0 root   root        0 Feb  1 18:03 usr/share/icons/hicolor/scalable/stock/io/
drwxr-xr-x  0 root   root        0 Feb  1 18:03 usr/share/icons/hicolor/scalable/stock/media/
drwxr-xr-x  0 root   root        0 Feb  1 18:03 usr/share/icons/hicolor/scalable/stock/navigation/
drwxr-xr-x  0 root   root        0 Feb  1 18:03 usr/share/icons/hicolor/scalable/stock/net/
drwxr-xr-x  0 root   root        0 Feb  1 18:03 usr/share/icons/hicolor/scalable/stock/object/
drwxr-xr-x  0 root   root        0 Feb  1 18:03 usr/share/icons/hicolor/scalable/stock/table/
drwxr-xr-x  0 root   root        0 Feb  1 18:03 usr/share/icons/hicolor/scalable/stock/text/
drwxr-xr-x  0 root   root        0 Feb  1 18:03 usr/share/icons/hicolor/512x512/actions/
drwxr-xr-x  0 root   root        0 Feb  1 18:03 usr/share/icons/hicolor/512x512/animations/
drwxr-xr-x  0 root   root        0 Feb  1 18:03 usr/share/icons/hicolor/512x512/apps/
drwxr-xr-x  0 root   root        0 Feb  1 18:03 usr/share/icons/hicolor/512x512/categories/
drwxr-xr-x  0 root   root        0 Feb  1 18:03 usr/share/icons/hicolor/512x512/devices/
drwxr-xr-x  0 root   root        0 Feb  1 18:03 usr/share/icons/hicolor/512x512/emblems/
drwxr-xr-x  0 root   root        0 Feb  1 18:03 usr/share/icons/hicolor/512x512/emotes/
drwxr-xr-x  0 root   root        0 Feb  1 18:03 usr/share/icons/hicolor/512x512/filesystems/
drwxr-xr-x  0 root   root        0 Feb  1 18:03 usr/share/icons/hicolor/512x512/intl/
drwxr-xr-x  0 root   root        0 Feb  1 18:03 usr/share/icons/hicolor/512x512/mimetypes/
drwxr-xr-x  0 root   root        0 Feb  1 18:03 usr/share/icons/hicolor/512x512/places/
drwxr-xr-x  0 root   root        0 Feb  1 18:03 usr/share/icons/hicolor/512x512/status/
drwxr-xr-x  0 root   root        0 Feb  1 18:03 usr/share/icons/hicolor/512x512/stock/
drwxr-xr-x  0 root   root        0 Feb  1 18:03 usr/share/icons/hicolor/512x512/stock/chart/
drwxr-xr-x  0 root   root        0 Feb  1 18:03 usr/share/icons/hicolor/512x512/stock/code/
drwxr-xr-x  0 root   root        0 Feb  1 18:03 usr/share/icons/hicolor/512x512/stock/data/
drwxr-xr-x  0 root   root        0 Feb  1 18:03 usr/share/icons/hicolor/512x512/stock/form/
drwxr-xr-x  0 root   root        0 Feb  1 18:03 usr/share/icons/hicolor/512x512/stock/image/
drwxr-xr-x  0 root   root        0 Feb  1 18:03 usr/share/icons/hicolor/512x512/stock/io/
drwxr-xr-x  0 root   root        0 Feb  1 18:03 usr/share/icons/hicolor/512x512/stock/media/
drwxr-xr-x  0 root   root        0 Feb  1 18:03 usr/share/icons/hicolor/512x512/stock/navigation/
drwxr-xr-x  0 root   root        0 Feb  1 18:03 usr/share/icons/hicolor/512x512/stock/net/
drwxr-xr-x  0 root   root        0 Feb  1 18:03 usr/share/icons/hicolor/512x512/stock/object/
drwxr-xr-x  0 root   root        0 Feb  1 18:03 usr/share/icons/hicolor/512x512/stock/table/
drwxr-xr-x  0 root   root        0 Feb  1 18:03 usr/share/icons/hicolor/512x512/stock/text/
drwxr-xr-x  0 root   root        0 Feb  1 18:03 usr/share/icons/hicolor/256x256/actions/
drwxr-xr-x  0 root   root        0 Feb  1 18:03 usr/share/icons/hicolor/256x256/animations/
drwxr-xr-x  0 root   root        0 Feb  1 18:03 usr/share/icons/hicolor/256x256/apps/
drwxr-xr-x  0 root   root        0 Feb  1 18:03 usr/share/icons/hicolor/256x256/categories/
drwxr-xr-x  0 root   root        0 Feb  1 18:03 usr/share/icons/hicolor/256x256/devices/
drwxr-xr-x  0 root   root        0 Feb  1 18:03 usr/share/icons/hicolor/256x256/emblems/
drwxr-xr-x  0 root   root        0 Feb  1 18:03 usr/share/icons/hicolor/256x256/emotes/
drwxr-xr-x  0 root   root        0 Feb  1 18:03 usr/share/icons/hicolor/256x256/filesystems/
drwxr-xr-x  0 root   root        0 Feb  1 18:03 usr/share/icons/hicolor/256x256/intl/
drwxr-xr-x  0 root   root        0 Feb  1 18:03 usr/share/icons/hicolor/256x256/mimetypes/
drwxr-xr-x  0 root   root        0 Feb  1 18:03 usr/share/icons/hicolor/256x256/places/
drwxr-xr-x  0 root   root        0 Feb  1 18:03 usr/share/icons/hicolor/256x256/status/
drwxr-xr-x  0 root   root        0 Feb  1 18:03 usr/share/icons/hicolor/256x256/stock/
drwxr-xr-x  0 root   root        0 Feb  1 18:03 usr/share/icons/hicolor/256x256/stock/chart/
drwxr-xr-x  0 root   root        0 Feb  1 18:03 usr/share/icons/hicolor/256x256/stock/code/
drwxr-xr-x  0 root   root        0 Feb  1 18:03 usr/share/icons/hicolor/256x256/stock/data/
drwxr-xr-x  0 root   root        0 Feb  1 18:03 usr/share/icons/hicolor/256x256/stock/form/
drwxr-xr-x  0 root   root        0 Feb  1 18:03 usr/share/icons/hicolor/256x256/stock/image/
drwxr-xr-x  0 root   root        0 Feb  1 18:03 usr/share/icons/hicolor/256x256/stock/io/
drwxr-xr-x  0 root   root        0 Feb  1 18:03 usr/share/icons/hicolor/256x256/stock/media/
drwxr-xr-x  0 root   root        0 Feb  1 18:03 usr/share/icons/hicolor/256x256/stock/navigation/
drwxr-xr-x  0 root   root        0 Feb  1 18:03 usr/share/icons/hicolor/256x256/stock/net/
drwxr-xr-x  0 root   root        0 Feb  1 18:03 usr/share/icons/hicolor/256x256/stock/object/
drwxr-xr-x  0 root   root        0 Feb  1 18:03 usr/share/icons/hicolor/256x256/stock/table/
drwxr-xr-x  0 root   root        0 Feb  1 18:03 usr/share/icons/hicolor/256x256/stock/text/
drwxr-xr-x  0 root   root        0 Feb  1 18:03 usr/share/icons/hicolor/192x192/actions/
drwxr-xr-x  0 root   root        0 Feb  1 18:03 usr/share/icons/hicolor/192x192/animations/
drwxr-xr-x  0 root   root        0 Feb  1 18:03 usr/share/icons/hicolor/192x192/apps/
drwxr-xr-x  0 root   root        0 Feb  1 18:03 usr/share/icons/hicolor/192x192/categories/
drwxr-xr-x  0 root   root        0 Feb  1 18:03 usr/share/icons/hicolor/192x192/devices/
drwxr-xr-x  0 root   root        0 Feb  1 18:03 usr/share/icons/hicolor/192x192/emblems/
drwxr-xr-x  0 root   root        0 Feb  1 18:03 usr/share/icons/hicolor/192x192/emotes/
drwxr-xr-x  0 root   root        0 Feb  1 18:03 usr/share/icons/hicolor/192x192/filesystems/
drwxr-xr-x  0 root   root        0 Feb  1 18:03 usr/share/icons/hicolor/192x192/intl/
drwxr-xr-x  0 root   root        0 Feb  1 18:03 usr/share/icons/hicolor/192x192/mimetypes/
drwxr-xr-x  0 root   root        0 Feb  1 18:03 usr/share/icons/hicolor/192x192/places/
drwxr-xr-x  0 root   root        0 Feb  1 18:03 usr/share/icons/hicolor/192x192/status/
drwxr-xr-x  0 root   root        0 Feb  1 18:03 usr/share/icons/hicolor/192x192/stock/
drwxr-xr-x  0 root   root        0 Feb  1 18:03 usr/share/icons/hicolor/192x192/stock/chart/
drwxr-xr-x  0 root   root        0 Feb  1 18:03 usr/share/icons/hicolor/192x192/stock/code/
drwxr-xr-x  0 root   root        0 Feb  1 18:03 usr/share/icons/hicolor/192x192/stock/data/
drwxr-xr-x  0 root   root        0 Feb  1 18:03 usr/share/icons/hicolor/192x192/stock/form/
drwxr-xr-x  0 root   root        0 Feb  1 18:03 usr/share/icons/hicolor/192x192/stock/image/
drwxr-xr-x  0 root   root        0 Feb  1 18:03 usr/share/icons/hicolor/192x192/stock/io/
drwxr-xr-x  0 root   root        0 Feb  1 18:03 usr/share/icons/hicolor/192x192/stock/media/
drwxr-xr-x  0 root   root        0 Feb  1 18:03 usr/share/icons/hicolor/192x192/stock/navigation/
drwxr-xr-x  0 root   root        0 Feb  1 18:03 usr/share/icons/hicolor/192x192/stock/net/
drwxr-xr-x  0 root   root        0 Feb  1 18:03 usr/share/icons/hicolor/192x192/stock/object/
drwxr-xr-x  0 root   root        0 Feb  1 18:03 usr/share/icons/hicolor/192x192/stock/table/
drwxr-xr-x  0 root   root        0 Feb  1 18:03 usr/share/icons/hicolor/192x192/stock/text/
drwxr-xr-x  0 root   root        0 Feb  1 18:03 usr/share/icons/hicolor/128x128/actions/
drwxr-xr-x  0 root   root        0 Feb  1 18:03 usr/share/icons/hicolor/128x128/animations/
drwxr-xr-x  0 root   root        0 Feb  1 18:03 usr/share/icons/hicolor/128x128/apps/
drwxr-xr-x  0 root   root        0 Feb  1 18:03 usr/share/icons/hicolor/128x128/categories/
drwxr-xr-x  0 root   root        0 Feb  1 18:03 usr/share/icons/hicolor/128x128/devices/
drwxr-xr-x  0 root   root        0 Feb  1 18:03 usr/share/icons/hicolor/128x128/emblems/
drwxr-xr-x  0 root   root        0 Feb  1 18:03 usr/share/icons/hicolor/128x128/emotes/
drwxr-xr-x  0 root   root        0 Feb  1 18:03 usr/share/icons/hicolor/128x128/filesystems/
drwxr-xr-x  0 root   root        0 Feb  1 18:03 usr/share/icons/hicolor/128x128/intl/
drwxr-xr-x  0 root   root        0 Feb  1 18:03 usr/share/icons/hicolor/128x128/mimetypes/
drwxr-xr-x  0 root   root        0 Feb  1 18:03 usr/share/icons/hicolor/128x128/places/
drwxr-xr-x  0 root   root        0 Feb  1 18:03 usr/share/icons/hicolor/128x128/status/
drwxr-xr-x  0 root   root        0 Feb  1 18:03 usr/share/icons/hicolor/128x128/stock/
drwxr-xr-x  0 root   root        0 Feb  1 18:03 usr/share/icons/hicolor/128x128/stock/chart/
drwxr-xr-x  0 root   root        0 Feb  1 18:03 usr/share/icons/hicolor/128x128/stock/code/
drwxr-xr-x  0 root   root        0 Feb  1 18:03 usr/share/icons/hicolor/128x128/stock/data/
drwxr-xr-x  0 root   root        0 Feb  1 18:03 usr/share/icons/hicolor/128x128/stock/form/
drwxr-xr-x  0 root   root        0 Feb  1 18:03 usr/share/icons/hicolor/128x128/stock/image/
drwxr-xr-x  0 root   root        0 Feb  1 18:03 usr/share/icons/hicolor/128x128/stock/io/
drwxr-xr-x  0 root   root        0 Feb  1 18:03 usr/share/icons/hicolor/128x128/stock/media/
drwxr-xr-x  0 root   root        0 Feb  1 18:03 usr/share/icons/hicolor/128x128/stock/navigation/
drwxr-xr-x  0 root   root        0 Feb  1 18:03 usr/share/icons/hicolor/128x128/stock/net/
drwxr-xr-x  0 root   root        0 Feb  1 18:03 usr/share/icons/hicolor/128x128/stock/object/
drwxr-xr-x  0 root   root        0 Feb  1 18:03 usr/share/icons/hicolor/128x128/stock/table/
drwxr-xr-x  0 root   root        0 Feb  1 18:03 usr/share/icons/hicolor/128x128/stock/text/
drwxr-xr-x  0 root   root        0 Feb  1 18:03 usr/share/icons/hicolor/96x96/actions/
drwxr-xr-x  0 root   root        0 Feb  1 18:03 usr/share/icons/hicolor/96x96/animations/
drwxr-xr-x  0 root   root        0 Feb  1 18:03 usr/share/icons/hicolor/96x96/apps/
drwxr-xr-x  0 root   root        0 Feb  1 18:03 usr/share/icons/hicolor/96x96/categories/
drwxr-xr-x  0 root   root        0 Feb  1 18:03 usr/share/icons/hicolor/96x96/devices/
drwxr-xr-x  0 root   root        0 Feb  1 18:03 usr/share/icons/hicolor/96x96/emblems/
drwxr-xr-x  0 root   root        0 Feb  1 18:03 usr/share/icons/hicolor/96x96/emotes/
drwxr-xr-x  0 root   root        0 Feb  1 18:03 usr/share/icons/hicolor/96x96/filesystems/
drwxr-xr-x  0 root   root        0 Feb  1 18:03 usr/share/icons/hicolor/96x96/intl/
drwxr-xr-x  0 root   root        0 Feb  1 18:03 usr/share/icons/hicolor/96x96/mimetypes/
drwxr-xr-x  0 root   root        0 Feb  1 18:03 usr/share/icons/hicolor/96x96/places/
drwxr-xr-x  0 root   root        0 Feb  1 18:03 usr/share/icons/hicolor/96x96/status/
drwxr-xr-x  0 root   root        0 Feb  1 18:03 usr/share/icons/hicolor/96x96/stock/
drwxr-xr-x  0 root   root        0 Feb  1 18:03 usr/share/icons/hicolor/96x96/stock/chart/
drwxr-xr-x  0 root   root        0 Feb  1 18:03 usr/share/icons/hicolor/96x96/stock/code/
drwxr-xr-x  0 root   root        0 Feb  1 18:03 usr/share/icons/hicolor/96x96/stock/data/
drwxr-xr-x  0 root   root        0 Feb  1 18:03 usr/share/icons/hicolor/96x96/stock/form/
drwxr-xr-x  0 root   root        0 Feb  1 18:03 usr/share/icons/hicolor/96x96/stock/image/
drwxr-xr-x  0 root   root        0 Feb  1 18:03 usr/share/icons/hicolor/96x96/stock/io/
drwxr-xr-x  0 root   root        0 Feb  1 18:03 usr/share/icons/hicolor/96x96/stock/media/
drwxr-xr-x  0 root   root        0 Feb  1 18:03 usr/share/icons/hicolor/96x96/stock/navigation/
drwxr-xr-x  0 root   root        0 Feb  1 18:03 usr/share/icons/hicolor/96x96/stock/net/
drwxr-xr-x  0 root   root        0 Feb  1 18:03 usr/share/icons/hicolor/96x96/stock/object/
drwxr-xr-x  0 root   root        0 Feb  1 18:03 usr/share/icons/hicolor/96x96/stock/table/
drwxr-xr-x  0 root   root        0 Feb  1 18:03 usr/share/icons/hicolor/96x96/stock/text/
drwxr-xr-x  0 root   root        0 Feb  1 18:03 usr/share/icons/hicolor/72x72/actions/
drwxr-xr-x  0 root   root        0 Feb  1 18:03 usr/share/icons/hicolor/72x72/animations/
drwxr-xr-x  0 root   root        0 Feb  1 18:03 usr/share/icons/hicolor/72x72/apps/
drwxr-xr-x  0 root   root        0 Feb  1 18:03 usr/share/icons/hicolor/72x72/categories/
drwxr-xr-x  0 root   root        0 Feb  1 18:03 usr/share/icons/hicolor/72x72/devices/
drwxr-xr-x  0 root   root        0 Feb  1 18:03 usr/share/icons/hicolor/72x72/emblems/
drwxr-xr-x  0 root   root        0 Feb  1 18:03 usr/share/icons/hicolor/72x72/emotes/
drwxr-xr-x  0 root   root        0 Feb  1 18:03 usr/share/icons/hicolor/72x72/filesystems/
drwxr-xr-x  0 root   root        0 Feb  1 18:03 usr/share/icons/hicolor/72x72/intl/
drwxr-xr-x  0 root   root        0 Feb  1 18:03 usr/share/icons/hicolor/72x72/mimetypes/
drwxr-xr-x  0 root   root        0 Feb  1 18:03 usr/share/icons/hicolor/72x72/places/
drwxr-xr-x  0 root   root        0 Feb  1 18:03 usr/share/icons/hicolor/72x72/status/
drwxr-xr-x  0 root   root        0 Feb  1 18:03 usr/share/icons/hicolor/72x72/stock/
drwxr-xr-x  0 root   root        0 Feb  1 18:03 usr/share/icons/hicolor/72x72/stock/chart/
drwxr-xr-x  0 root   root        0 Feb  1 18:03 usr/share/icons/hicolor/72x72/stock/code/
drwxr-xr-x  0 root   root        0 Feb  1 18:03 usr/share/icons/hicolor/72x72/stock/data/
drwxr-xr-x  0 root   root        0 Feb  1 18:03 usr/share/icons/hicolor/72x72/stock/form/
drwxr-xr-x  0 root   root        0 Feb  1 18:03 usr/share/icons/hicolor/72x72/stock/image/
drwxr-xr-x  0 root   root        0 Feb  1 18:03 usr/share/icons/hicolor/72x72/stock/io/
drwxr-xr-x  0 root   root        0 Feb  1 18:03 usr/share/icons/hicolor/72x72/stock/media/
drwxr-xr-x  0 root   root        0 Feb  1 18:03 usr/share/icons/hicolor/72x72/stock/navigation/
drwxr-xr-x  0 root   root        0 Feb  1 18:03 usr/share/icons/hicolor/72x72/stock/net/
drwxr-xr-x  0 root   root        0 Feb  1 18:03 usr/share/icons/hicolor/72x72/stock/object/
drwxr-xr-x  0 root   root        0 Feb  1 18:03 usr/share/icons/hicolor/72x72/stock/table/
drwxr-xr-x  0 root   root        0 Feb  1 18:03 usr/share/icons/hicolor/72x72/stock/text/
drwxr-xr-x  0 root   root        0 Feb  1 18:03 usr/share/icons/hicolor/64x64/actions/
drwxr-xr-x  0 root   root        0 Feb  1 18:03 usr/share/icons/hicolor/64x64/animations/
drwxr-xr-x  0 root   root        0 Feb  1 18:03 usr/share/icons/hicolor/64x64/apps/
drwxr-xr-x  0 root   root        0 Feb  1 18:03 usr/share/icons/hicolor/64x64/categories/
drwxr-xr-x  0 root   root        0 Feb  1 18:03 usr/share/icons/hicolor/64x64/devices/
drwxr-xr-x  0 root   root        0 Feb  1 18:03 usr/share/icons/hicolor/64x64/emblems/
drwxr-xr-x  0 root   root        0 Feb  1 18:03 usr/share/icons/hicolor/64x64/emotes/
drwxr-xr-x  0 root   root        0 Feb  1 18:03 usr/share/icons/hicolor/64x64/filesystems/
drwxr-xr-x  0 root   root        0 Feb  1 18:03 usr/share/icons/hicolor/64x64/intl/
drwxr-xr-x  0 root   root        0 Feb  1 18:03 usr/share/icons/hicolor/64x64/mimetypes/
drwxr-xr-x  0 root   root        0 Feb  1 18:03 usr/share/icons/hicolor/64x64/places/
drwxr-xr-x  0 root   root        0 Feb  1 18:03 usr/share/icons/hicolor/64x64/status/
drwxr-xr-x  0 root   root        0 Feb  1 18:03 usr/share/icons/hicolor/64x64/stock/
drwxr-xr-x  0 root   root        0 Feb  1 18:03 usr/share/icons/hicolor/64x64/stock/chart/
drwxr-xr-x  0 root   root        0 Feb  1 18:03 usr/share/icons/hicolor/64x64/stock/code/
drwxr-xr-x  0 root   root        0 Feb  1 18:03 usr/share/icons/hicolor/64x64/stock/data/
drwxr-xr-x  0 root   root        0 Feb  1 18:03 usr/share/icons/hicolor/64x64/stock/form/
drwxr-xr-x  0 root   root        0 Feb  1 18:03 usr/share/icons/hicolor/64x64/stock/image/
drwxr-xr-x  0 root   root        0 Feb  1 18:03 usr/share/icons/hicolor/64x64/stock/io/
drwxr-xr-x  0 root   root        0 Feb  1 18:03 usr/share/icons/hicolor/64x64/stock/media/
drwxr-xr-x  0 root   root        0 Feb  1 18:03 usr/share/icons/hicolor/64x64/stock/navigation/
drwxr-xr-x  0 root   root        0 Feb  1 18:03 usr/share/icons/hicolor/64x64/stock/net/
drwxr-xr-x  0 root   root        0 Feb  1 18:03 usr/share/icons/hicolor/64x64/stock/object/
drwxr-xr-x  0 root   root        0 Feb  1 18:03 usr/share/icons/hicolor/64x64/stock/table/
drwxr-xr-x  0 root   root        0 Feb  1 18:03 usr/share/icons/hicolor/64x64/stock/text/
drwxr-xr-x  0 root   root        0 Feb  1 18:03 usr/share/icons/hicolor/48x48/actions/
drwxr-xr-x  0 root   root        0 Feb  1 18:03 usr/share/icons/hicolor/48x48/animations/
drwxr-xr-x  0 root   root        0 Feb  1 18:03 usr/share/icons/hicolor/48x48/apps/
drwxr-xr-x  0 root   root        0 Feb  1 18:03 usr/share/icons/hicolor/48x48/categories/
drwxr-xr-x  0 root   root        0 Feb  1 18:03 usr/share/icons/hicolor/48x48/devices/
drwxr-xr-x  0 root   root        0 Feb  1 18:03 usr/share/icons/hicolor/48x48/emblems/
drwxr-xr-x  0 root   root        0 Feb  1 18:03 usr/share/icons/hicolor/48x48/emotes/
drwxr-xr-x  0 root   root        0 Feb  1 18:03 usr/share/icons/hicolor/48x48/filesystems/
drwxr-xr-x  0 root   root        0 Feb  1 18:03 usr/share/icons/hicolor/48x48/intl/
drwxr-xr-x  0 root   root        0 Feb  1 18:03 usr/share/icons/hicolor/48x48/mimetypes/
drwxr-xr-x  0 root   root        0 Feb  1 18:03 usr/share/icons/hicolor/48x48/places/
drwxr-xr-x  0 root   root        0 Feb  1 18:03 usr/share/icons/hicolor/48x48/status/
drwxr-xr-x  0 root   root        0 Feb  1 18:03 usr/share/icons/hicolor/48x48/stock/
drwxr-xr-x  0 root   root        0 Feb  1 18:03 usr/share/icons/hicolor/48x48/stock/chart/
drwxr-xr-x  0 root   root        0 Feb  1 18:03 usr/share/icons/hicolor/48x48/stock/code/
drwxr-xr-x  0 root   root        0 Feb  1 18:03 usr/share/icons/hicolor/48x48/stock/data/
drwxr-xr-x  0 root   root        0 Feb  1 18:03 usr/share/icons/hicolor/48x48/stock/form/
drwxr-xr-x  0 root   root        0 Feb  1 18:03 usr/share/icons/hicolor/48x48/stock/image/
drwxr-xr-x  0 root   root        0 Feb  1 18:03 usr/share/icons/hicolor/48x48/stock/io/
drwxr-xr-x  0 root   root        0 Feb  1 18:03 usr/share/icons/hicolor/48x48/stock/media/
drwxr-xr-x  0 root   root        0 Feb  1 18:03 usr/share/icons/hicolor/48x48/stock/navigation/
drwxr-xr-x  0 root   root        0 Feb  1 18:03 usr/share/icons/hicolor/48x48/stock/net/
drwxr-xr-x  0 root   root        0 Feb  1 18:03 usr/share/icons/hicolor/48x48/stock/object/
drwxr-xr-x  0 root   root        0 Feb  1 18:03 usr/share/icons/hicolor/48x48/stock/table/
drwxr-xr-x  0 root   root        0 Feb  1 18:03 usr/share/icons/hicolor/48x48/stock/text/
drwxr-xr-x  0 root   root        0 Feb  1 18:03 usr/share/icons/hicolor/36x36/actions/
drwxr-xr-x  0 root   root        0 Feb  1 18:03 usr/share/icons/hicolor/36x36/animations/
drwxr-xr-x  0 root   root        0 Feb  1 18:03 usr/share/icons/hicolor/36x36/apps/
drwxr-xr-x  0 root   root        0 Feb  1 18:03 usr/share/icons/hicolor/36x36/categories/
drwxr-xr-x  0 root   root        0 Feb  1 18:03 usr/share/icons/hicolor/36x36/devices/
drwxr-xr-x  0 root   root        0 Feb  1 18:03 usr/share/icons/hicolor/36x36/emblems/
drwxr-xr-x  0 root   root        0 Feb  1 18:03 usr/share/icons/hicolor/36x36/emotes/
drwxr-xr-x  0 root   root        0 Feb  1 18:03 usr/share/icons/hicolor/36x36/filesystems/
drwxr-xr-x  0 root   root        0 Feb  1 18:03 usr/share/icons/hicolor/36x36/intl/
drwxr-xr-x  0 root   root        0 Feb  1 18:03 usr/share/icons/hicolor/36x36/mimetypes/
drwxr-xr-x  0 root   root        0 Feb  1 18:03 usr/share/icons/hicolor/36x36/places/
drwxr-xr-x  0 root   root        0 Feb  1 18:03 usr/share/icons/hicolor/36x36/status/
drwxr-xr-x  0 root   root        0 Feb  1 18:03 usr/share/icons/hicolor/36x36/stock/
drwxr-xr-x  0 root   root        0 Feb  1 18:03 usr/share/icons/hicolor/36x36/stock/chart/
drwxr-xr-x  0 root   root        0 Feb  1 18:03 usr/share/icons/hicolor/36x36/stock/code/
drwxr-xr-x  0 root   root        0 Feb  1 18:03 usr/share/icons/hicolor/36x36/stock/data/
drwxr-xr-x  0 root   root        0 Feb  1 18:03 usr/share/icons/hicolor/36x36/stock/form/
drwxr-xr-x  0 root   root        0 Feb  1 18:03 usr/share/icons/hicolor/36x36/stock/image/
drwxr-xr-x  0 root   root        0 Feb  1 18:03 usr/share/icons/hicolor/36x36/stock/io/
drwxr-xr-x  0 root   root        0 Feb  1 18:03 usr/share/icons/hicolor/36x36/stock/media/
drwxr-xr-x  0 root   root        0 Feb  1 18:03 usr/share/icons/hicolor/36x36/stock/navigation/
drwxr-xr-x  0 root   root        0 Feb  1 18:03 usr/share/icons/hicolor/36x36/stock/net/
drwxr-xr-x  0 root   root        0 Feb  1 18:03 usr/share/icons/hicolor/36x36/stock/object/
drwxr-xr-x  0 root   root        0 Feb  1 18:03 usr/share/icons/hicolor/36x36/stock/table/
drwxr-xr-x  0 root   root        0 Feb  1 18:03 usr/share/icons/hicolor/36x36/stock/text/
drwxr-xr-x  0 root   root        0 Feb  1 18:03 usr/share/icons/hicolor/32x32/actions/
drwxr-xr-x  0 root   root        0 Feb  1 18:03 usr/share/icons/hicolor/32x32/animations/
drwxr-xr-x  0 root   root        0 Feb  1 18:03 usr/share/icons/hicolor/32x32/apps/
drwxr-xr-x  0 root   root        0 Feb  1 18:03 usr/share/icons/hicolor/32x32/categories/
drwxr-xr-x  0 root   root        0 Feb  1 18:03 usr/share/icons/hicolor/32x32/devices/
drwxr-xr-x  0 root   root        0 Feb  1 18:03 usr/share/icons/hicolor/32x32/emblems/
drwxr-xr-x  0 root   root        0 Feb  1 18:03 usr/share/icons/hicolor/32x32/emotes/
drwxr-xr-x  0 root   root        0 Feb  1 18:03 usr/share/icons/hicolor/32x32/filesystems/
drwxr-xr-x  0 root   root        0 Feb  1 18:03 usr/share/icons/hicolor/32x32/intl/
drwxr-xr-x  0 root   root        0 Feb  1 18:03 usr/share/icons/hicolor/32x32/mimetypes/
drwxr-xr-x  0 root   root        0 Feb  1 18:03 usr/share/icons/hicolor/32x32/places/
drwxr-xr-x  0 root   root        0 Feb  1 18:03 usr/share/icons/hicolor/32x32/status/
drwxr-xr-x  0 root   root        0 Feb  1 18:03 usr/share/icons/hicolor/32x32/stock/
drwxr-xr-x  0 root   root        0 Feb  1 18:03 usr/share/icons/hicolor/32x32/stock/chart/
drwxr-xr-x  0 root   root        0 Feb  1 18:03 usr/share/icons/hicolor/32x32/stock/code/
drwxr-xr-x  0 root   root        0 Feb  1 18:03 usr/share/icons/hicolor/32x32/stock/data/
drwxr-xr-x  0 root   root        0 Feb  1 18:03 usr/share/icons/hicolor/32x32/stock/form/
drwxr-xr-x  0 root   root        0 Feb  1 18:03 usr/share/icons/hicolor/32x32/stock/image/
drwxr-xr-x  0 root   root        0 Feb  1 18:03 usr/share/icons/hicolor/32x32/stock/io/
drwxr-xr-x  0 root   root        0 Feb  1 18:03 usr/share/icons/hicolor/32x32/stock/media/
drwxr-xr-x  0 root   root        0 Feb  1 18:03 usr/share/icons/hicolor/32x32/stock/navigation/
drwxr-xr-x  0 root   root        0 Feb  1 18:03 usr/share/icons/hicolor/32x32/stock/net/
drwxr-xr-x  0 root   root        0 Feb  1 18:03 usr/share/icons/hicolor/32x32/stock/object/
drwxr-xr-x  0 root   root        0 Feb  1 18:03 usr/share/icons/hicolor/32x32/stock/table/
drwxr-xr-x  0 root   root        0 Feb  1 18:03 usr/share/icons/hicolor/32x32/stock/text/
drwxr-xr-x  0 root   root        0 Feb  1 18:03 usr/share/icons/hicolor/24x24/actions/
drwxr-xr-x  0 root   root        0 Feb  1 18:03 usr/share/icons/hicolor/24x24/animations/
drwxr-xr-x  0 root   root        0 Feb  1 18:03 usr/share/icons/hicolor/24x24/apps/
drwxr-xr-x  0 root   root        0 Feb  1 18:03 usr/share/icons/hicolor/24x24/categories/
drwxr-xr-x  0 root   root        0 Feb  1 18:03 usr/share/icons/hicolor/24x24/devices/
drwxr-xr-x  0 root   root        0 Feb  1 18:03 usr/share/icons/hicolor/24x24/emblems/
drwxr-xr-x  0 root   root        0 Feb  1 18:03 usr/share/icons/hicolor/24x24/emotes/
drwxr-xr-x  0 root   root        0 Feb  1 18:03 usr/share/icons/hicolor/24x24/filesystems/
drwxr-xr-x  0 root   root        0 Feb  1 18:03 usr/share/icons/hicolor/24x24/intl/
drwxr-xr-x  0 root   root        0 Feb  1 18:03 usr/share/icons/hicolor/24x24/mimetypes/
drwxr-xr-x  0 root   root        0 Feb  1 18:03 usr/share/icons/hicolor/24x24/places/
drwxr-xr-x  0 root   root        0 Feb  1 18:03 usr/share/icons/hicolor/24x24/status/
drwxr-xr-x  0 root   root        0 Feb  1 18:03 usr/share/icons/hicolor/24x24/stock/
drwxr-xr-x  0 root   root        0 Feb  1 18:03 usr/share/icons/hicolor/24x24/stock/chart/
drwxr-xr-x  0 root   root        0 Feb  1 18:03 usr/share/icons/hicolor/24x24/stock/code/
drwxr-xr-x  0 root   root        0 Feb  1 18:03 usr/share/icons/hicolor/24x24/stock/data/
drwxr-xr-x  0 root   root        0 Feb  1 18:03 usr/share/icons/hicolor/24x24/stock/form/
drwxr-xr-x  0 root   root        0 Feb  1 18:03 usr/share/icons/hicolor/24x24/stock/image/
drwxr-xr-x  0 root   root        0 Feb  1 18:03 usr/share/icons/hicolor/24x24/stock/io/
drwxr-xr-x  0 root   root        0 Feb  1 18:03 usr/share/icons/hicolor/24x24/stock/media/
drwxr-xr-x  0 root   root        0 Feb  1 18:03 usr/share/icons/hicolor/24x24/stock/navigation/
drwxr-xr-x  0 root   root        0 Feb  1 18:03 usr/share/icons/hicolor/24x24/stock/net/
drwxr-xr-x  0 root   root        0 Feb  1 18:03 usr/share/icons/hicolor/24x24/stock/object/
drwxr-xr-x  0 root   root        0 Feb  1 18:03 usr/share/icons/hicolor/24x24/stock/table/
drwxr-xr-x  0 root   root        0 Feb  1 18:03 usr/share/icons/hicolor/24x24/stock/text/
drwxr-xr-x  0 root   root        0 Feb  1 18:03 usr/share/icons/hicolor/22x22/actions/
drwxr-xr-x  0 root   root        0 Feb  1 18:03 usr/share/icons/hicolor/22x22/animations/
drwxr-xr-x  0 root   root        0 Feb  1 18:03 usr/share/icons/hicolor/22x22/apps/
drwxr-xr-x  0 root   root        0 Feb  1 18:03 usr/share/icons/hicolor/22x22/categories/
drwxr-xr-x  0 root   root        0 Feb  1 18:03 usr/share/icons/hicolor/22x22/devices/
drwxr-xr-x  0 root   root        0 Feb  1 18:03 usr/share/icons/hicolor/22x22/emblems/
drwxr-xr-x  0 root   root        0 Feb  1 18:03 usr/share/icons/hicolor/22x22/emotes/
drwxr-xr-x  0 root   root        0 Feb  1 18:03 usr/share/icons/hicolor/22x22/filesystems/
drwxr-xr-x  0 root   root        0 Feb  1 18:03 usr/share/icons/hicolor/22x22/intl/
drwxr-xr-x  0 root   root        0 Feb  1 18:03 usr/share/icons/hicolor/22x22/mimetypes/
drwxr-xr-x  0 root   root        0 Feb  1 18:03 usr/share/icons/hicolor/22x22/places/
drwxr-xr-x  0 root   root        0 Feb  1 18:03 usr/share/icons/hicolor/22x22/status/
drwxr-xr-x  0 root   root        0 Feb  1 18:03 usr/share/icons/hicolor/22x22/stock/
drwxr-xr-x  0 root   root        0 Feb  1 18:03 usr/share/icons/hicolor/22x22/stock/chart/
drwxr-xr-x  0 root   root        0 Feb  1 18:03 usr/share/icons/hicolor/22x22/stock/code/
drwxr-xr-x  0 root   root        0 Feb  1 18:03 usr/share/icons/hicolor/22x22/stock/data/
drwxr-xr-x  0 root   root        0 Feb  1 18:03 usr/share/icons/hicolor/22x22/stock/form/
drwxr-xr-x  0 root   root        0 Feb  1 18:03 usr/share/icons/hicolor/22x22/stock/image/
drwxr-xr-x  0 root   root        0 Feb  1 18:03 usr/share/icons/hicolor/22x22/stock/io/
drwxr-xr-x  0 root   root        0 Feb  1 18:03 usr/share/icons/hicolor/22x22/stock/media/
drwxr-xr-x  0 root   root        0 Feb  1 18:03 usr/share/icons/hicolor/22x22/stock/navigation/
drwxr-xr-x  0 root   root        0 Feb  1 18:03 usr/share/icons/hicolor/22x22/stock/net/
drwxr-xr-x  0 root   root        0 Feb  1 18:03 usr/share/icons/hicolor/22x22/stock/object/
drwxr-xr-x  0 root   root        0 Feb  1 18:03 usr/share/icons/hicolor/22x22/stock/table/
drwxr-xr-x  0 root   root        0 Feb  1 18:03 usr/share/icons/hicolor/22x22/stock/text/
drwxr-xr-x  0 root   root        0 Feb  1 18:03 usr/share/icons/hicolor/16x16/actions/
drwxr-xr-x  0 root   root        0 Feb  1 18:03 usr/share/icons/hicolor/16x16/animations/
drwxr-xr-x  0 root   root        0 Feb  1 18:03 usr/share/icons/hicolor/16x16/apps/
drwxr-xr-x  0 root   root        0 Feb  1 18:03 usr/share/icons/hicolor/16x16/categories/
drwxr-xr-x  0 root   root        0 Feb  1 18:03 usr/share/icons/hicolor/16x16/devices/
drwxr-xr-x  0 root   root        0 Feb  1 18:03 usr/share/icons/hicolor/16x16/emblems/
drwxr-xr-x  0 root   root        0 Feb  1 18:03 usr/share/icons/hicolor/16x16/emotes/
drwxr-xr-x  0 root   root        0 Feb  1 18:03 usr/share/icons/hicolor/16x16/filesystems/
drwxr-xr-x  0 root   root        0 Feb  1 18:03 usr/share/icons/hicolor/16x16/intl/
drwxr-xr-x  0 root   root        0 Feb  1 18:03 usr/share/icons/hicolor/16x16/mimetypes/
drwxr-xr-x  0 root   root        0 Feb  1 18:03 usr/share/icons/hicolor/16x16/places/
drwxr-xr-x  0 root   root        0 Feb  1 18:03 usr/share/icons/hicolor/16x16/status/
drwxr-xr-x  0 root   root        0 Feb  1 18:03 usr/share/icons/hicolor/16x16/stock/
drwxr-xr-x  0 root   root        0 Feb  1 18:03 usr/share/icons/hicolor/16x16/stock/chart/
drwxr-xr-x  0 root   root        0 Feb  1 18:03 usr/share/icons/hicolor/16x16/stock/code/
drwxr-xr-x  0 root   root        0 Feb  1 18:03 usr/share/icons/hicolor/16x16/stock/data/
drwxr-xr-x  0 root   root        0 Feb  1 18:03 usr/share/icons/hicolor/16x16/stock/form/
drwxr-xr-x  0 root   root        0 Feb  1 18:03 usr/share/icons/hicolor/16x16/stock/image/
drwxr-xr-x  0 root   root        0 Feb  1 18:03 usr/share/icons/hicolor/16x16/stock/io/
drwxr-xr-x  0 root   root        0 Feb  1 18:03 usr/share/icons/hicolor/16x16/stock/media/
drwxr-xr-x  0 root   root        0 Feb  1 18:03 usr/share/icons/hicolor/16x16/stock/navigation/
drwxr-xr-x  0 root   root        0 Feb  1 18:03 usr/share/icons/hicolor/16x16/stock/net/
drwxr-xr-x  0 root   root        0 Feb  1 18:03 usr/share/icons/hicolor/16x16/stock/object/
drwxr-xr-x  0 root   root        0 Feb  1 18:03 usr/share/icons/hicolor/16x16/stock/table/
drwxr-xr-x  0 root   root        0 Feb  1 18:03 usr/share/icons/hicolor/16x16/stock/text/
=======> Building '/home/devel/packages/hicolor-icon-theme#0.17-1.x86_64.pkg.tar.zst' succeeded.
prt-get: Using PKGMK_PACKAGE_DIR: /home/devel/packages
prt-get: reinstalling hicolor-icon-theme 0.17-1
prt-get: /usr/bin/pkgadd -u hicolor-icon-theme#0.17-1.x86_64.pkg.tar.zst
prt-get: build done Thu Feb  1 18:03:40 2024

