prt-get: updating /usr/ports/opt-x86_64/hwdata
prt-get: starting build Thu Feb  1 18:03:42 2024
=======> Building '/home/devel/packages/hwdata#0.378-1.x86_64.pkg.tar.zst'.
bsdtar -p -o -C /home/devel/building/work/src -xf /home/devel/sources/hwdata-0.378.tar.gz
+ build
+ cd hwdata-0.378
+ ./configure --prefix=/usr --sysconfdir=/etc --datadir=/usr/share --disable-blacklist
+ make V=1
make: Nothing to be done for 'all'.
+ make DESTDIR=/home/devel/building/work/pkg install
datadir="/usr/share"; \
if [ "${datadir#/usr}" != "$datadir" ]; then \
	datadir="\${prefix}${datadir#/usr}"; \
fi; \
sed -e 's|@prefix@|/usr|g' \
	-e "s|@datadir@|$datadir|g" \
	-e 's|@pkgdatadir@|${datadir}/hwdata|g' \
	-e 's|@VERSION@|0.378|g' \
	-e 's|@NAME@|hwdata|g' \
	hwdata.pc.in > hwdata.pc
mkdir -p -m 755 /home/devel/building/work/pkg/usr/share/hwdata
for foo in pci.ids usb.ids oui.txt iab.txt pnp.ids ; do \
	install -m 644 $foo /home/devel/building/work/pkg/usr/share/hwdata ;\
done
mkdir -p -m 755 /home/devel/building/work/pkg/usr/share/pkgconfig
install -m 644 hwdata.pc /home/devel/building/work/pkg/usr/share/pkgconfig/
+ rm /home/devel/building/work/pkg/usr/share/hwdata/pci.ids /home/devel/building/work/pkg/usr/share/hwdata/usb.ids
=======> Build result:
drwxr-xr-x  0 root   root        0 Feb  1 18:03 usr/
drwxr-xr-x  0 root   root        0 Feb  1 18:03 usr/share/
drwxr-xr-x  0 root   root        0 Feb  1 18:03 usr/share/hwdata/
drwxr-xr-x  0 root   root        0 Feb  1 18:03 usr/share/pkgconfig/
-rw-r--r--  0 root   root      210 Feb  1 18:03 usr/share/pkgconfig/hwdata.pc
-rw-r--r--  0 root   root  5441246 Feb  1 18:03 usr/share/hwdata/oui.txt
-rw-r--r--  0 root   root  1779239 Feb  1 18:03 usr/share/hwdata/iab.txt
-rw-r--r--  0 root   root    62895 Feb  1 18:03 usr/share/hwdata/pnp.ids
=======> Building '/home/devel/packages/hwdata#0.378-1.x86_64.pkg.tar.zst' succeeded.
prt-get: Using PKGMK_PACKAGE_DIR: /home/devel/packages
prt-get: reinstalling hwdata 0.378-1
prt-get: /usr/bin/pkgadd -u hwdata#0.378-1.x86_64.pkg.tar.zst
prt-get: build done Thu Feb  1 18:03:42 2024

