prt-get: updating /usr/ports/opt-x86_64/inih
prt-get: starting build Thu Feb  1 18:07:12 2024
=======> Building '/home/devel/packages/inih#57-1.x86_64.pkg.tar.zst'.
bsdtar -p -o -C /home/devel/building/work/src -xf /home/devel/sources/inih-57.tar.gz
+ build
+ cd inih-r57
+ build-meson -Ddistro_install=true -Dwith_INIReader=true . build
The Meson build system
Version: 1.3.1
Source dir: /home/devel/building/work/src/inih-r57
Build dir: /home/devel/building/work/src/inih-r57/build
Build type: native build
Project name: inih
Project version: 56
C compiler for the host machine: cc (gcc 13.2.0 "cc (SAUX-x86_64) 13.2.0")
C linker for the host machine: cc ld.bfd 2.42
Host machine cpu family: x86_64
Host machine cpu: x86_64
Found pkg-config: YES (/usr/bin/pkg-config) 2.1.0
C++ compiler for the host machine: c++ (gcc 13.2.0 "c++ (SAUX-x86_64) 13.2.0")
C++ linker for the host machine: c++ ld.bfd 2.42
Build targets in project: 2

inih 56

  User defined options
    auto_features     : auto
    bindir            : /usr/bin
    buildtype         : plain
    datadir           : /usr/share
    includedir        : /usr/include
    libdir            : /usr/lib
    libexecdir        : /usr/lib
    localstatedir     : /var
    mandir            : /usr/share/man
    prefix            : /usr
    sbindir           : /usr/sbin
    sharedstatedir    : /var/lib
    sysconfdir        : /etc
    werror            : false
    wrap_mode         : nodownload
    python.bytecompile: 0
    b_lto             : false
    b_pie             : true
    b_staticpic       : true
    distro_install    : true
    with_INIReader    : true

Found ninja-1.9 at /usr/bin/ninja
+ meson compile -j 8 -v -C build
ninja: entering directory '/home/devel/building/work/src/inih-r57/build'
[1/5] c++ -IlibINIReader.so.0.p -I. -I.. -I../cpp -fvisibility=hidden -fdiagnostics-color=always -D_FILE_OFFSET_BITS=64 -Wall -Winvalid-pch -O2 -m64 -march=x86-64 -mtune=generic -flto=auto -ffat-lto-objects -fPIC -MD -MQ libINIReader.so.0.p/cpp_INIReader.cpp.o -MF libINIReader.so.0.p/cpp_INIReader.cpp.o.d -o libINIReader.so.0.p/cpp_INIReader.cpp.o -c ../cpp/INIReader.cpp
[2/5] cc -Ilibinih.so.0.p -I. -I.. -fvisibility=hidden -fdiagnostics-color=always -D_FILE_OFFSET_BITS=64 -Wall -Winvalid-pch -O2 -m64 -march=x86-64 -mtune=generic -flto=auto -ffat-lto-objects -fPIC -MD -MQ libinih.so.0.p/ini.c.o -MF libinih.so.0.p/ini.c.o.d -o libinih.so.0.p/ini.c.o -c ../ini.c
[3/5] cc  -o libinih.so.0 libinih.so.0.p/ini.c.o -Wl,--as-needed -Wl,--no-undefined -shared -fPIC -Wl,--start-group -Wl,-soname,libinih.so.0 -Wl,--end-group -O2 -m64 -march=x86-64 -mtune=generic -flto=auto -ffat-lto-objects
[4/5] /usr/bin/meson --internal symbolextractor /home/devel/building/work/src/inih-r57/build libinih.so.0 libinih.so.0 libinih.so.0.p/libinih.so.0.symbols 
[5/5] c++  -o libINIReader.so.0 libINIReader.so.0.p/cpp_INIReader.cpp.o -Wl,--as-needed -Wl,--no-undefined -shared -fPIC -Wl,--start-group -Wl,-soname,libINIReader.so.0 -O2 -m64 -march=x86-64 -mtune=generic -flto=auto -ffat-lto-objects '-Wl,-rpath,$ORIGIN/' -Wl,-rpath-link,/home/devel/building/work/src/inih-r57/build/ libinih.so.0 -Wl,--end-group
INFO: autodetecting backend as ninja
INFO: calculating backend command to run: /usr/bin/ninja -C /home/devel/building/work/src/inih-r57/build -j 8 -v
+ DESTDIR=/home/devel/building/work/pkg
+ meson install --no-rebuild -C build
Installing libinih.so.0 to /home/devel/building/work/pkg/usr/lib
Installing libINIReader.so.0 to /home/devel/building/work/pkg/usr/lib
Installing /home/devel/building/work/src/inih-r57/ini.h to /home/devel/building/work/pkg/usr/include
Installing /home/devel/building/work/src/inih-r57/cpp/INIReader.h to /home/devel/building/work/pkg/usr/include
Installing /home/devel/building/work/src/inih-r57/build/meson-private/inih.pc to /home/devel/building/work/pkg/usr/lib/pkgconfig
Installing /home/devel/building/work/src/inih-r57/build/meson-private/INIReader.pc to /home/devel/building/work/pkg/usr/lib/pkgconfig
Installing symlink pointing to libinih.so.0 to /home/devel/building/work/pkg/usr/lib/libinih.so
Installing symlink pointing to libINIReader.so.0 to /home/devel/building/work/pkg/usr/lib/libINIReader.so
=======> Build result:
drwxr-xr-x  0 root   root        0 Feb  1 18:07 usr/
drwxr-xr-x  0 root   root        0 Feb  1 18:07 usr/lib/
drwxr-xr-x  0 root   root        0 Feb  1 18:07 usr/include/
-rw-r--r--  0 root   root     5825 Jul  7  2023 usr/include/ini.h
-rw-r--r--  0 root   root     4483 Jul  7  2023 usr/include/INIReader.h
-rwxr-xr-x  0 root   root    14352 Feb  1 18:07 usr/lib/libinih.so.0
-rwxr-xr-x  0 root   root    26896 Feb  1 18:07 usr/lib/libINIReader.so.0
drwxr-xr-x  0 root   root        0 Feb  1 18:07 usr/lib/pkgconfig/
lrwxrwxrwx  0 root   root        0 Feb  1 18:07 usr/lib/libinih.so -> libinih.so.0
lrwxrwxrwx  0 root   root        0 Feb  1 18:07 usr/lib/libINIReader.so -> libINIReader.so.0
-rw-r--r--  0 root   root      172 Feb  1 18:07 usr/lib/pkgconfig/inih.pc
-rw-r--r--  0 root   root      213 Feb  1 18:07 usr/lib/pkgconfig/INIReader.pc
=======> Building '/home/devel/packages/inih#57-1.x86_64.pkg.tar.zst' succeeded.
prt-get: Using PKGMK_PACKAGE_DIR: /home/devel/packages
prt-get: reinstalling inih 57-1
prt-get: /usr/bin/pkgadd -u inih#57-1.x86_64.pkg.tar.zst
prt-get: build done Thu Feb  1 18:07:14 2024

