prt-get: updating /usr/ports/opt-x86_64/itstool
prt-get: starting build Thu Feb  1 18:08:28 2024
=======> Building '/home/devel/packages/itstool#2.0.7-2.x86_64.pkg.tar.zst'.
bsdtar -p -o -C /home/devel/building/work/src -xf /home/devel/sources/itstool-2.0.7.tar.bz2
+ build
+ cd itstool-2.0.7
+ PYTHON=/usr/bin/python3
+ ./configure --prefix=/usr
checking for a BSD-compatible install... /usr/bin/install -c
checking whether build environment is sane... yes
checking for a thread-safe mkdir -p... /bin/mkdir -p
checking for gawk... gawk
checking whether make sets $(MAKE)... yes
checking whether make supports nested variables... yes
checking whether /usr/bin/python3 version is >= 2.6... yes
checking for /usr/bin/python3 version... 3.12
checking for /usr/bin/python3 platform... linux
checking for /usr/bin/python3 script directory... ${prefix}/lib/python3.12/site-packages
checking for /usr/bin/python3 extension module directory... ${exec_prefix}/lib/python3.12/site-packages
checking for python module libxml2... found
checking that generated files are newer than configure... done
configure: creating ./config.status
config.status: creating Makefile
config.status: creating itstool
config.status: creating itstool.1
config.status: creating its/Makefile
config.status: creating setup.py
+ make V=1
Making all in its
make[1]: Entering directory '/home/devel/building/work/src/itstool-2.0.7/its'
make[1]: Nothing to be done for 'all'.
make[1]: Leaving directory '/home/devel/building/work/src/itstool-2.0.7/its'
make[1]: Entering directory '/home/devel/building/work/src/itstool-2.0.7'
make[1]: Nothing to be done for 'all-am'.
make[1]: Leaving directory '/home/devel/building/work/src/itstool-2.0.7'
+ make DESTDIR=/home/devel/building/work/pkg install
Making install in its
make[1]: Entering directory '/home/devel/building/work/src/itstool-2.0.7/its'
make[2]: Entering directory '/home/devel/building/work/src/itstool-2.0.7/its'
make[2]: Nothing to be done for 'install-exec-am'.
 /bin/mkdir -p '/home/devel/building/work/pkg/usr/share/itstool/its'
 /usr/bin/install -c -m 644 docbook.its docbook5.its its.its mallard.its ttml.its xhtml.its '/home/devel/building/work/pkg/usr/share/itstool/its'
make[2]: Leaving directory '/home/devel/building/work/src/itstool-2.0.7/its'
make[1]: Leaving directory '/home/devel/building/work/src/itstool-2.0.7/its'
make[1]: Entering directory '/home/devel/building/work/src/itstool-2.0.7'
make[2]: Entering directory '/home/devel/building/work/src/itstool-2.0.7'
 /bin/mkdir -p '/home/devel/building/work/pkg/usr/bin'
 /bin/mkdir -p '/home/devel/building/work/pkg/usr/share/man/man1'
 /usr/bin/install -c itstool '/home/devel/building/work/pkg/usr/bin'
 /usr/bin/install -c -m 644 itstool.1 '/home/devel/building/work/pkg/usr/share/man/man1'
make[2]: Leaving directory '/home/devel/building/work/src/itstool-2.0.7'
make[1]: Leaving directory '/home/devel/building/work/src/itstool-2.0.7'
=======> Build result:
drwxr-xr-x  0 root   root        0 Feb  1 18:08 usr/
drwxr-xr-x  0 root   root        0 Feb  1 18:08 usr/share/
drwxr-xr-x  0 root   root        0 Feb  1 18:08 usr/bin/
-rwxr-xr-x  0 root   root    70184 Feb  1 18:08 usr/bin/itstool
drwxr-xr-x  0 root   root        0 Feb  1 18:08 usr/share/itstool/
drwxr-xr-x  0 root   root        0 Feb  1 18:08 usr/share/man/
drwxr-xr-x  0 root   root        0 Feb  1 18:08 usr/share/man/man1/
-rw-r--r--  0 root   root     1241 Feb  1 18:08 usr/share/man/man1/itstool.1.gz
drwxr-xr-x  0 root   root        0 Feb  1 18:08 usr/share/itstool/its/
-rw-r--r--  0 root   root    12126 Feb  1 18:08 usr/share/itstool/its/docbook.its
-rw-r--r--  0 root   root     9503 Feb  1 18:08 usr/share/itstool/its/docbook5.its
-rw-r--r--  0 root   root      166 Feb  1 18:08 usr/share/itstool/its/its.its
-rw-r--r--  0 root   root     1923 Feb  1 18:08 usr/share/itstool/its/mallard.its
-rw-r--r--  0 root   root      192 Feb  1 18:08 usr/share/itstool/its/ttml.its
-rw-r--r--  0 root   root     2515 Feb  1 18:08 usr/share/itstool/its/xhtml.its
=======> Building '/home/devel/packages/itstool#2.0.7-2.x86_64.pkg.tar.zst' succeeded.
prt-get: Using PKGMK_PACKAGE_DIR: /home/devel/packages
prt-get: reinstalling itstool 2.0.7-2
prt-get: /usr/bin/pkgadd -u itstool#2.0.7-2.x86_64.pkg.tar.zst
prt-get: build done Thu Feb  1 18:08:29 2024

