prt-get: updating /usr/ports/opt-x86_64/libass
prt-get: starting build Thu Feb  1 18:10:22 2024
=======> Building '/home/devel/packages/libass#0.17.1-1.x86_64.pkg.tar.zst'.
bsdtar -p -o -C /home/devel/building/work/src -xf /home/devel/sources/libass-0.17.1.tar.xz
+ build
+ cd libass-0.17.1
+ ./configure --prefix=/usr --disable-static
checking for a BSD-compatible install... /usr/bin/install -c
checking whether build environment is sane... yes
checking for a race-free mkdir -p... /bin/mkdir -p
checking for gawk... gawk
checking whether make sets $(MAKE)... yes
checking whether make supports nested variables... yes
checking build system type... x86_64-pc-linux-gnu
checking host system type... x86_64-pc-linux-gnu
checking how to print strings... printf
checking whether make supports the include directive... yes (GNU style)
checking for gcc... gcc
checking whether the C compiler works... yes
checking for C compiler default output file name... a.out
checking for suffix of executables... 
checking whether we are cross compiling... no
checking for suffix of object files... o
checking whether the compiler supports GNU C... yes
checking whether gcc accepts -g... yes
checking for gcc option to enable C11 features... none needed
checking whether gcc understands -c and -o together... yes
checking dependency style of gcc... gcc3
checking for a sed that does not truncate output... /bin/sed
checking for grep that handles long lines and -e... /usr/bin/grep
checking for egrep... /usr/bin/grep -E
checking for fgrep... /usr/bin/grep -F
checking for ld used by gcc... /usr/bin/ld
checking if the linker (/usr/bin/ld) is GNU ld... yes
checking for BSD- or MS-compatible name lister (nm)... /usr/bin/nm -B
checking the name lister (/usr/bin/nm -B) interface... BSD nm
checking whether ln -s works... yes
checking the maximum length of command line arguments... 1572864
checking how to convert x86_64-pc-linux-gnu file names to x86_64-pc-linux-gnu format... func_convert_file_noop
checking how to convert x86_64-pc-linux-gnu file names to toolchain format... func_convert_file_noop
checking for /usr/bin/ld option to reload object files... -r
checking for file... file
checking for objdump... objdump
checking how to recognize dependent libraries... pass_all
checking for dlltool... no
checking how to associate runtime and link libraries... printf %s\n
checking for ar... ar
checking for archiver @FILE support... @
checking for strip... strip
checking for ranlib... ranlib
checking command to parse /usr/bin/nm -B output from gcc object... ok
checking for sysroot... no
checking for a working dd... /bin/dd
checking how to truncate binary pipes... /bin/dd bs=4096 count=1
checking for mt... no
checking if : is a manifest tool... no
checking for stdio.h... yes
checking for stdlib.h... yes
checking for string.h... yes
checking for inttypes.h... yes
checking for stdint.h... yes
checking for strings.h... yes
checking for sys/stat.h... yes
checking for sys/types.h... yes
checking for unistd.h... yes
checking for iconv.h... yes
checking for dlfcn.h... yes
checking for objdir... .libs
checking if gcc supports -fno-rtti -fno-exceptions... no
checking for gcc option to produce PIC... -fPIC -DPIC
checking if gcc PIC flag -fPIC -DPIC works... yes
checking if gcc static flag -static works... yes
checking if gcc supports -c -o file.o... yes
checking if gcc supports -c -o file.o... (cached) yes
checking whether the gcc linker (/usr/bin/ld -m elf_x86_64) supports shared libraries... yes
checking whether -lc should be explicitly linked in... no
checking dynamic linker characteristics... GNU/Linux ld.so
checking how to hardcode library paths into programs... immediate
checking whether stripping libraries is possible... yes
checking if libtool supports shared libraries... yes
checking whether to build shared libraries... yes
checking whether to build static libraries... no
checking for gcc... (cached) gcc
checking whether the compiler supports GNU C... (cached) yes
checking whether gcc accepts -g... (cached) yes
checking for gcc option to enable C11 features... (cached) none needed
checking whether gcc understands -c and -o together... (cached) yes
checking dependency style of gcc... (cached) gcc3
checking for strdup... yes
checking for strndup... yes
checking for library containing libiconv_open... no
checking for library containing iconv_open... none required
checking for library containing lrint... -lm
checking for pkg-config... /usr/bin/pkg-config
checking pkg-config is at least version 0.9.0... yes
checking for FREETYPE... yes
checking for FRIBIDI... yes
checking for HARFBUZZ... yes
checking for LIBUNIBREAK... no
checking for FONTCONFIG... yes
checking for CORETEXT... no
checking for DIRECTWRITE... no
checking for nasm... yes
checking if nasm supports vpmovzxwd... yes
checking whether make supports nested variables... (cached) yes
checking that generated files are newer than configure... done
configure: creating ./config.status
config.status: creating Makefile
config.status: creating libass.pc
config.status: creating config.h
config.status: executing depfiles commands
config.status: executing libtool commands
+ make V=1
make  all-am
make[1]: Entering directory '/home/devel/building/work/src/libass-0.17.1'
depbase=`echo libass/ass.lo | sed 's|[^/]*$|.deps/&|;s|\.lo$||'`;\
/bin/sh ./libtool  --tag=CC   --mode=compile gcc -DHAVE_CONFIG_H -I.    -std=gnu99 -Wall -Wextra -Wno-sign-compare -Wno-unused-parameter -Werror-implicit-function-declaration -Wstrict-prototypes -Wpointer-arith -Wredundant-decls -Wno-missing-field-initializers -D_GNU_SOURCE -O2 -m64 -march=x86-64 -mtune=generic -flto=auto -ffat-lto-objects -I/usr/include/freetype2 -I/usr/include/libpng16 -I/usr/include/harfbuzz -I/usr/include/glib-2.0 -I/usr/lib/glib-2.0/include -I/usr/include/fribidi -I/usr/include/harfbuzz -I/usr/include/freetype2 -I/usr/include/libpng16 -I/usr/include/glib-2.0 -I/usr/lib/glib-2.0/include -I/usr/include/freetype2 -I/usr/include/libpng16 -I/usr/include/harfbuzz -I/usr/include/glib-2.0 -I/usr/lib/glib-2.0/include -MT libass/ass.lo -MD -MP -MF $depbase.Tpo -c -o libass/ass.lo libass/ass.c &&\
mv -f $depbase.Tpo $depbase.Plo
depbase=`echo libass/ass_bitmap.lo | sed 's|[^/]*$|.deps/&|;s|\.lo$||'`;\
/bin/sh ./libtool  --tag=CC   --mode=compile gcc -DHAVE_CONFIG_H -I.    -std=gnu99 -Wall -Wextra -Wno-sign-compare -Wno-unused-parameter -Werror-implicit-function-declaration -Wstrict-prototypes -Wpointer-arith -Wredundant-decls -Wno-missing-field-initializers -D_GNU_SOURCE -O2 -m64 -march=x86-64 -mtune=generic -flto=auto -ffat-lto-objects -I/usr/include/freetype2 -I/usr/include/libpng16 -I/usr/include/harfbuzz -I/usr/include/glib-2.0 -I/usr/lib/glib-2.0/include -I/usr/include/fribidi -I/usr/include/harfbuzz -I/usr/include/freetype2 -I/usr/include/libpng16 -I/usr/include/glib-2.0 -I/usr/lib/glib-2.0/include -I/usr/include/freetype2 -I/usr/include/libpng16 -I/usr/include/harfbuzz -I/usr/include/glib-2.0 -I/usr/lib/glib-2.0/include -MT libass/ass_bitmap.lo -MD -MP -MF $depbase.Tpo -c -o libass/ass_bitmap.lo libass/ass_bitmap.c &&\
mv -f $depbase.Tpo $depbase.Plo
depbase=`echo libass/ass_blur.lo | sed 's|[^/]*$|.deps/&|;s|\.lo$||'`;\
/bin/sh ./libtool  --tag=CC   --mode=compile gcc -DHAVE_CONFIG_H -I.    -std=gnu99 -Wall -Wextra -Wno-sign-compare -Wno-unused-parameter -Werror-implicit-function-declaration -Wstrict-prototypes -Wpointer-arith -Wredundant-decls -Wno-missing-field-initializers -D_GNU_SOURCE -O2 -m64 -march=x86-64 -mtune=generic -flto=auto -ffat-lto-objects -I/usr/include/freetype2 -I/usr/include/libpng16 -I/usr/include/harfbuzz -I/usr/include/glib-2.0 -I/usr/lib/glib-2.0/include -I/usr/include/fribidi -I/usr/include/harfbuzz -I/usr/include/freetype2 -I/usr/include/libpng16 -I/usr/include/glib-2.0 -I/usr/lib/glib-2.0/include -I/usr/include/freetype2 -I/usr/include/libpng16 -I/usr/include/harfbuzz -I/usr/include/glib-2.0 -I/usr/lib/glib-2.0/include -MT libass/ass_blur.lo -MD -MP -MF $depbase.Tpo -c -o libass/ass_blur.lo libass/ass_blur.c &&\
mv -f $depbase.Tpo $depbase.Plo
depbase=`echo libass/ass_cache.lo | sed 's|[^/]*$|.deps/&|;s|\.lo$||'`;\
/bin/sh ./libtool  --tag=CC   --mode=compile gcc -DHAVE_CONFIG_H -I.    -std=gnu99 -Wall -Wextra -Wno-sign-compare -Wno-unused-parameter -Werror-implicit-function-declaration -Wstrict-prototypes -Wpointer-arith -Wredundant-decls -Wno-missing-field-initializers -D_GNU_SOURCE -O2 -m64 -march=x86-64 -mtune=generic -flto=auto -ffat-lto-objects -I/usr/include/freetype2 -I/usr/include/libpng16 -I/usr/include/harfbuzz -I/usr/include/glib-2.0 -I/usr/lib/glib-2.0/include -I/usr/include/fribidi -I/usr/include/harfbuzz -I/usr/include/freetype2 -I/usr/include/libpng16 -I/usr/include/glib-2.0 -I/usr/lib/glib-2.0/include -I/usr/include/freetype2 -I/usr/include/libpng16 -I/usr/include/harfbuzz -I/usr/include/glib-2.0 -I/usr/lib/glib-2.0/include -MT libass/ass_cache.lo -MD -MP -MF $depbase.Tpo -c -o libass/ass_cache.lo libass/ass_cache.c &&\
mv -f $depbase.Tpo $depbase.Plo
depbase=`echo libass/ass_drawing.lo | sed 's|[^/]*$|.deps/&|;s|\.lo$||'`;\
/bin/sh ./libtool  --tag=CC   --mode=compile gcc -DHAVE_CONFIG_H -I.    -std=gnu99 -Wall -Wextra -Wno-sign-compare -Wno-unused-parameter -Werror-implicit-function-declaration -Wstrict-prototypes -Wpointer-arith -Wredundant-decls -Wno-missing-field-initializers -D_GNU_SOURCE -O2 -m64 -march=x86-64 -mtune=generic -flto=auto -ffat-lto-objects -I/usr/include/freetype2 -I/usr/include/libpng16 -I/usr/include/harfbuzz -I/usr/include/glib-2.0 -I/usr/lib/glib-2.0/include -I/usr/include/fribidi -I/usr/include/harfbuzz -I/usr/include/freetype2 -I/usr/include/libpng16 -I/usr/include/glib-2.0 -I/usr/lib/glib-2.0/include -I/usr/include/freetype2 -I/usr/include/libpng16 -I/usr/include/harfbuzz -I/usr/include/glib-2.0 -I/usr/lib/glib-2.0/include -MT libass/ass_drawing.lo -MD -MP -MF $depbase.Tpo -c -o libass/ass_drawing.lo libass/ass_drawing.c &&\
mv -f $depbase.Tpo $depbase.Plo
depbase=`echo libass/ass_filesystem.lo | sed 's|[^/]*$|.deps/&|;s|\.lo$||'`;\
/bin/sh ./libtool  --tag=CC   --mode=compile gcc -DHAVE_CONFIG_H -I.    -std=gnu99 -Wall -Wextra -Wno-sign-compare -Wno-unused-parameter -Werror-implicit-function-declaration -Wstrict-prototypes -Wpointer-arith -Wredundant-decls -Wno-missing-field-initializers -D_GNU_SOURCE -O2 -m64 -march=x86-64 -mtune=generic -flto=auto -ffat-lto-objects -I/usr/include/freetype2 -I/usr/include/libpng16 -I/usr/include/harfbuzz -I/usr/include/glib-2.0 -I/usr/lib/glib-2.0/include -I/usr/include/fribidi -I/usr/include/harfbuzz -I/usr/include/freetype2 -I/usr/include/libpng16 -I/usr/include/glib-2.0 -I/usr/lib/glib-2.0/include -I/usr/include/freetype2 -I/usr/include/libpng16 -I/usr/include/harfbuzz -I/usr/include/glib-2.0 -I/usr/lib/glib-2.0/include -MT libass/ass_filesystem.lo -MD -MP -MF $depbase.Tpo -c -o libass/ass_filesystem.lo libass/ass_filesystem.c &&\
mv -f $depbase.Tpo $depbase.Plo
depbase=`echo libass/ass_font.lo | sed 's|[^/]*$|.deps/&|;s|\.lo$||'`;\
/bin/sh ./libtool  --tag=CC   --mode=compile gcc -DHAVE_CONFIG_H -I.    -std=gnu99 -Wall -Wextra -Wno-sign-compare -Wno-unused-parameter -Werror-implicit-function-declaration -Wstrict-prototypes -Wpointer-arith -Wredundant-decls -Wno-missing-field-initializers -D_GNU_SOURCE -O2 -m64 -march=x86-64 -mtune=generic -flto=auto -ffat-lto-objects -I/usr/include/freetype2 -I/usr/include/libpng16 -I/usr/include/harfbuzz -I/usr/include/glib-2.0 -I/usr/lib/glib-2.0/include -I/usr/include/fribidi -I/usr/include/harfbuzz -I/usr/include/freetype2 -I/usr/include/libpng16 -I/usr/include/glib-2.0 -I/usr/lib/glib-2.0/include -I/usr/include/freetype2 -I/usr/include/libpng16 -I/usr/include/harfbuzz -I/usr/include/glib-2.0 -I/usr/lib/glib-2.0/include -MT libass/ass_font.lo -MD -MP -MF $depbase.Tpo -c -o libass/ass_font.lo libass/ass_font.c &&\
mv -f $depbase.Tpo $depbase.Plo
depbase=`echo libass/ass_fontselect.lo | sed 's|[^/]*$|.deps/&|;s|\.lo$||'`;\
/bin/sh ./libtool  --tag=CC   --mode=compile gcc -DHAVE_CONFIG_H -I.    -std=gnu99 -Wall -Wextra -Wno-sign-compare -Wno-unused-parameter -Werror-implicit-function-declaration -Wstrict-prototypes -Wpointer-arith -Wredundant-decls -Wno-missing-field-initializers -D_GNU_SOURCE -O2 -m64 -march=x86-64 -mtune=generic -flto=auto -ffat-lto-objects -I/usr/include/freetype2 -I/usr/include/libpng16 -I/usr/include/harfbuzz -I/usr/include/glib-2.0 -I/usr/lib/glib-2.0/include -I/usr/include/fribidi -I/usr/include/harfbuzz -I/usr/include/freetype2 -I/usr/include/libpng16 -I/usr/include/glib-2.0 -I/usr/lib/glib-2.0/include -I/usr/include/freetype2 -I/usr/include/libpng16 -I/usr/include/harfbuzz -I/usr/include/glib-2.0 -I/usr/lib/glib-2.0/include -MT libass/ass_fontselect.lo -MD -MP -MF $depbase.Tpo -c -o libass/ass_fontselect.lo libass/ass_fontselect.c &&\
mv -f $depbase.Tpo $depbase.Plo
libtool: compile:  gcc -DHAVE_CONFIG_H -I. -std=gnu99 -Wall -Wextra -Wno-sign-compare -Wno-unused-parameter -Werror-implicit-function-declaration -Wstrict-prototypes -Wpointer-arith -Wredundant-decls -Wno-missing-field-initializers -D_GNU_SOURCE -O2 -m64 -march=x86-64 -mtune=generic -flto=auto -ffat-lto-objects -I/usr/include/freetype2 -I/usr/include/libpng16 -I/usr/include/harfbuzz -I/usr/include/glib-2.0 -I/usr/lib/glib-2.0/include -I/usr/include/fribidi -I/usr/include/harfbuzz -I/usr/include/freetype2 -I/usr/include/libpng16 -I/usr/include/glib-2.0 -I/usr/lib/glib-2.0/include -I/usr/include/freetype2 -I/usr/include/libpng16 -I/usr/include/harfbuzz -I/usr/include/glib-2.0 -I/usr/lib/glib-2.0/include -MT libass/ass.lo -MD -MP -MF libass/.deps/ass.Tpo -c libass/ass.c  -fPIC -DPIC -o libass/.libs/ass.o
libtool: compile:  gcc -DHAVE_CONFIG_H -I. -std=gnu99 -Wall -Wextra -Wno-sign-compare -Wno-unused-parameter -Werror-implicit-function-declaration -Wstrict-prototypes -Wpointer-arith -Wredundant-decls -Wno-missing-field-initializers -D_GNU_SOURCE -O2 -m64 -march=x86-64 -mtune=generic -flto=auto -ffat-lto-objects -I/usr/include/freetype2 -I/usr/include/libpng16 -I/usr/include/harfbuzz -I/usr/include/glib-2.0 -I/usr/lib/glib-2.0/include -I/usr/include/fribidi -I/usr/include/harfbuzz -I/usr/include/freetype2 -I/usr/include/libpng16 -I/usr/include/glib-2.0 -I/usr/lib/glib-2.0/include -I/usr/include/freetype2 -I/usr/include/libpng16 -I/usr/include/harfbuzz -I/usr/include/glib-2.0 -I/usr/lib/glib-2.0/include -MT libass/ass_blur.lo -MD -MP -MF libass/.deps/ass_blur.Tpo -c libass/ass_blur.c  -fPIC -DPIC -o libass/.libs/ass_blur.o
libtool: compile:  gcc -DHAVE_CONFIG_H -I. -std=gnu99 -Wall -Wextra -Wno-sign-compare -Wno-unused-parameter -Werror-implicit-function-declaration -Wstrict-prototypes -Wpointer-arith -Wredundant-decls -Wno-missing-field-initializers -D_GNU_SOURCE -O2 -m64 -march=x86-64 -mtune=generic -flto=auto -ffat-lto-objects -I/usr/include/freetype2 -I/usr/include/libpng16 -I/usr/include/harfbuzz -I/usr/include/glib-2.0 -I/usr/lib/glib-2.0/include -I/usr/include/fribidi -I/usr/include/harfbuzz -I/usr/include/freetype2 -I/usr/include/libpng16 -I/usr/include/glib-2.0 -I/usr/lib/glib-2.0/include -I/usr/include/freetype2 -I/usr/include/libpng16 -I/usr/include/harfbuzz -I/usr/include/glib-2.0 -I/usr/lib/glib-2.0/include -MT libass/ass_filesystem.lo -MD -MP -MF libass/.deps/ass_filesystem.Tpo -c libass/ass_filesystem.c  -fPIC -DPIC -o libass/.libs/ass_filesystem.o
libtool: compile:  gcc -DHAVE_CONFIG_H -I. -std=gnu99 -Wall -Wextra -Wno-sign-compare -Wno-unused-parameter -Werror-implicit-function-declaration -Wstrict-prototypes -Wpointer-arith -Wredundant-decls -Wno-missing-field-initializers -D_GNU_SOURCE -O2 -m64 -march=x86-64 -mtune=generic -flto=auto -ffat-lto-objects -I/usr/include/freetype2 -I/usr/include/libpng16 -I/usr/include/harfbuzz -I/usr/include/glib-2.0 -I/usr/lib/glib-2.0/include -I/usr/include/fribidi -I/usr/include/harfbuzz -I/usr/include/freetype2 -I/usr/include/libpng16 -I/usr/include/glib-2.0 -I/usr/lib/glib-2.0/include -I/usr/include/freetype2 -I/usr/include/libpng16 -I/usr/include/harfbuzz -I/usr/include/glib-2.0 -I/usr/lib/glib-2.0/include -MT libass/ass_bitmap.lo -MD -MP -MF libass/.deps/ass_bitmap.Tpo -c libass/ass_bitmap.c  -fPIC -DPIC -o libass/.libs/ass_bitmap.o
libtool: compile:  gcc -DHAVE_CONFIG_H -I. -std=gnu99 -Wall -Wextra -Wno-sign-compare -Wno-unused-parameter -Werror-implicit-function-declaration -Wstrict-prototypes -Wpointer-arith -Wredundant-decls -Wno-missing-field-initializers -D_GNU_SOURCE -O2 -m64 -march=x86-64 -mtune=generic -flto=auto -ffat-lto-objects -I/usr/include/freetype2 -I/usr/include/libpng16 -I/usr/include/harfbuzz -I/usr/include/glib-2.0 -I/usr/lib/glib-2.0/include -I/usr/include/fribidi -I/usr/include/harfbuzz -I/usr/include/freetype2 -I/usr/include/libpng16 -I/usr/include/glib-2.0 -I/usr/lib/glib-2.0/include -I/usr/include/freetype2 -I/usr/include/libpng16 -I/usr/include/harfbuzz -I/usr/include/glib-2.0 -I/usr/lib/glib-2.0/include -MT libass/ass_cache.lo -MD -MP -MF libass/.deps/ass_cache.Tpo -c libass/ass_cache.c  -fPIC -DPIC -o libass/.libs/ass_cache.o
libtool: compile:  gcc -DHAVE_CONFIG_H -I. -std=gnu99 -Wall -Wextra -Wno-sign-compare -Wno-unused-parameter -Werror-implicit-function-declaration -Wstrict-prototypes -Wpointer-arith -Wredundant-decls -Wno-missing-field-initializers -D_GNU_SOURCE -O2 -m64 -march=x86-64 -mtune=generic -flto=auto -ffat-lto-objects -I/usr/include/freetype2 -I/usr/include/libpng16 -I/usr/include/harfbuzz -I/usr/include/glib-2.0 -I/usr/lib/glib-2.0/include -I/usr/include/fribidi -I/usr/include/harfbuzz -I/usr/include/freetype2 -I/usr/include/libpng16 -I/usr/include/glib-2.0 -I/usr/lib/glib-2.0/include -I/usr/include/freetype2 -I/usr/include/libpng16 -I/usr/include/harfbuzz -I/usr/include/glib-2.0 -I/usr/lib/glib-2.0/include -MT libass/ass_font.lo -MD -MP -MF libass/.deps/ass_font.Tpo -c libass/ass_font.c  -fPIC -DPIC -o libass/.libs/ass_font.o
libtool: compile:  gcc -DHAVE_CONFIG_H -I. -std=gnu99 -Wall -Wextra -Wno-sign-compare -Wno-unused-parameter -Werror-implicit-function-declaration -Wstrict-prototypes -Wpointer-arith -Wredundant-decls -Wno-missing-field-initializers -D_GNU_SOURCE -O2 -m64 -march=x86-64 -mtune=generic -flto=auto -ffat-lto-objects -I/usr/include/freetype2 -I/usr/include/libpng16 -I/usr/include/harfbuzz -I/usr/include/glib-2.0 -I/usr/lib/glib-2.0/include -I/usr/include/fribidi -I/usr/include/harfbuzz -I/usr/include/freetype2 -I/usr/include/libpng16 -I/usr/include/glib-2.0 -I/usr/lib/glib-2.0/include -I/usr/include/freetype2 -I/usr/include/libpng16 -I/usr/include/harfbuzz -I/usr/include/glib-2.0 -I/usr/lib/glib-2.0/include -MT libass/ass_fontselect.lo -MD -MP -MF libass/.deps/ass_fontselect.Tpo -c libass/ass_fontselect.c  -fPIC -DPIC -o libass/.libs/ass_fontselect.o
libtool: compile:  gcc -DHAVE_CONFIG_H -I. -std=gnu99 -Wall -Wextra -Wno-sign-compare -Wno-unused-parameter -Werror-implicit-function-declaration -Wstrict-prototypes -Wpointer-arith -Wredundant-decls -Wno-missing-field-initializers -D_GNU_SOURCE -O2 -m64 -march=x86-64 -mtune=generic -flto=auto -ffat-lto-objects -I/usr/include/freetype2 -I/usr/include/libpng16 -I/usr/include/harfbuzz -I/usr/include/glib-2.0 -I/usr/lib/glib-2.0/include -I/usr/include/fribidi -I/usr/include/harfbuzz -I/usr/include/freetype2 -I/usr/include/libpng16 -I/usr/include/glib-2.0 -I/usr/lib/glib-2.0/include -I/usr/include/freetype2 -I/usr/include/libpng16 -I/usr/include/harfbuzz -I/usr/include/glib-2.0 -I/usr/lib/glib-2.0/include -MT libass/ass_drawing.lo -MD -MP -MF libass/.deps/ass_drawing.Tpo -c libass/ass_drawing.c  -fPIC -DPIC -o libass/.libs/ass_drawing.o
depbase=`echo libass/ass_library.lo | sed 's|[^/]*$|.deps/&|;s|\.lo$||'`;\
/bin/sh ./libtool  --tag=CC   --mode=compile gcc -DHAVE_CONFIG_H -I.    -std=gnu99 -Wall -Wextra -Wno-sign-compare -Wno-unused-parameter -Werror-implicit-function-declaration -Wstrict-prototypes -Wpointer-arith -Wredundant-decls -Wno-missing-field-initializers -D_GNU_SOURCE -O2 -m64 -march=x86-64 -mtune=generic -flto=auto -ffat-lto-objects -I/usr/include/freetype2 -I/usr/include/libpng16 -I/usr/include/harfbuzz -I/usr/include/glib-2.0 -I/usr/lib/glib-2.0/include -I/usr/include/fribidi -I/usr/include/harfbuzz -I/usr/include/freetype2 -I/usr/include/libpng16 -I/usr/include/glib-2.0 -I/usr/lib/glib-2.0/include -I/usr/include/freetype2 -I/usr/include/libpng16 -I/usr/include/harfbuzz -I/usr/include/glib-2.0 -I/usr/lib/glib-2.0/include -MT libass/ass_library.lo -MD -MP -MF $depbase.Tpo -c -o libass/ass_library.lo libass/ass_library.c &&\
mv -f $depbase.Tpo $depbase.Plo
libtool: compile:  gcc -DHAVE_CONFIG_H -I. -std=gnu99 -Wall -Wextra -Wno-sign-compare -Wno-unused-parameter -Werror-implicit-function-declaration -Wstrict-prototypes -Wpointer-arith -Wredundant-decls -Wno-missing-field-initializers -D_GNU_SOURCE -O2 -m64 -march=x86-64 -mtune=generic -flto=auto -ffat-lto-objects -I/usr/include/freetype2 -I/usr/include/libpng16 -I/usr/include/harfbuzz -I/usr/include/glib-2.0 -I/usr/lib/glib-2.0/include -I/usr/include/fribidi -I/usr/include/harfbuzz -I/usr/include/freetype2 -I/usr/include/libpng16 -I/usr/include/glib-2.0 -I/usr/lib/glib-2.0/include -I/usr/include/freetype2 -I/usr/include/libpng16 -I/usr/include/harfbuzz -I/usr/include/glib-2.0 -I/usr/lib/glib-2.0/include -MT libass/ass_library.lo -MD -MP -MF libass/.deps/ass_library.Tpo -c libass/ass_library.c  -fPIC -DPIC -o libass/.libs/ass_library.o
depbase=`echo libass/ass_outline.lo | sed 's|[^/]*$|.deps/&|;s|\.lo$||'`;\
/bin/sh ./libtool  --tag=CC   --mode=compile gcc -DHAVE_CONFIG_H -I.    -std=gnu99 -Wall -Wextra -Wno-sign-compare -Wno-unused-parameter -Werror-implicit-function-declaration -Wstrict-prototypes -Wpointer-arith -Wredundant-decls -Wno-missing-field-initializers -D_GNU_SOURCE -O2 -m64 -march=x86-64 -mtune=generic -flto=auto -ffat-lto-objects -I/usr/include/freetype2 -I/usr/include/libpng16 -I/usr/include/harfbuzz -I/usr/include/glib-2.0 -I/usr/lib/glib-2.0/include -I/usr/include/fribidi -I/usr/include/harfbuzz -I/usr/include/freetype2 -I/usr/include/libpng16 -I/usr/include/glib-2.0 -I/usr/lib/glib-2.0/include -I/usr/include/freetype2 -I/usr/include/libpng16 -I/usr/include/harfbuzz -I/usr/include/glib-2.0 -I/usr/lib/glib-2.0/include -MT libass/ass_outline.lo -MD -MP -MF $depbase.Tpo -c -o libass/ass_outline.lo libass/ass_outline.c &&\
mv -f $depbase.Tpo $depbase.Plo
depbase=`echo libass/ass_parse.lo | sed 's|[^/]*$|.deps/&|;s|\.lo$||'`;\
/bin/sh ./libtool  --tag=CC   --mode=compile gcc -DHAVE_CONFIG_H -I.    -std=gnu99 -Wall -Wextra -Wno-sign-compare -Wno-unused-parameter -Werror-implicit-function-declaration -Wstrict-prototypes -Wpointer-arith -Wredundant-decls -Wno-missing-field-initializers -D_GNU_SOURCE -O2 -m64 -march=x86-64 -mtune=generic -flto=auto -ffat-lto-objects -I/usr/include/freetype2 -I/usr/include/libpng16 -I/usr/include/harfbuzz -I/usr/include/glib-2.0 -I/usr/lib/glib-2.0/include -I/usr/include/fribidi -I/usr/include/harfbuzz -I/usr/include/freetype2 -I/usr/include/libpng16 -I/usr/include/glib-2.0 -I/usr/lib/glib-2.0/include -I/usr/include/freetype2 -I/usr/include/libpng16 -I/usr/include/harfbuzz -I/usr/include/glib-2.0 -I/usr/lib/glib-2.0/include -MT libass/ass_parse.lo -MD -MP -MF $depbase.Tpo -c -o libass/ass_parse.lo libass/ass_parse.c &&\
mv -f $depbase.Tpo $depbase.Plo
depbase=`echo libass/ass_rasterizer.lo | sed 's|[^/]*$|.deps/&|;s|\.lo$||'`;\
/bin/sh ./libtool  --tag=CC   --mode=compile gcc -DHAVE_CONFIG_H -I.    -std=gnu99 -Wall -Wextra -Wno-sign-compare -Wno-unused-parameter -Werror-implicit-function-declaration -Wstrict-prototypes -Wpointer-arith -Wredundant-decls -Wno-missing-field-initializers -D_GNU_SOURCE -O2 -m64 -march=x86-64 -mtune=generic -flto=auto -ffat-lto-objects -I/usr/include/freetype2 -I/usr/include/libpng16 -I/usr/include/harfbuzz -I/usr/include/glib-2.0 -I/usr/lib/glib-2.0/include -I/usr/include/fribidi -I/usr/include/harfbuzz -I/usr/include/freetype2 -I/usr/include/libpng16 -I/usr/include/glib-2.0 -I/usr/lib/glib-2.0/include -I/usr/include/freetype2 -I/usr/include/libpng16 -I/usr/include/harfbuzz -I/usr/include/glib-2.0 -I/usr/lib/glib-2.0/include -MT libass/ass_rasterizer.lo -MD -MP -MF $depbase.Tpo -c -o libass/ass_rasterizer.lo libass/ass_rasterizer.c &&\
mv -f $depbase.Tpo $depbase.Plo
depbase=`echo libass/ass_rasterizer_c.lo | sed 's|[^/]*$|.deps/&|;s|\.lo$||'`;\
/bin/sh ./libtool  --tag=CC   --mode=compile gcc -DHAVE_CONFIG_H -I.    -std=gnu99 -Wall -Wextra -Wno-sign-compare -Wno-unused-parameter -Werror-implicit-function-declaration -Wstrict-prototypes -Wpointer-arith -Wredundant-decls -Wno-missing-field-initializers -D_GNU_SOURCE -O2 -m64 -march=x86-64 -mtune=generic -flto=auto -ffat-lto-objects -I/usr/include/freetype2 -I/usr/include/libpng16 -I/usr/include/harfbuzz -I/usr/include/glib-2.0 -I/usr/lib/glib-2.0/include -I/usr/include/fribidi -I/usr/include/harfbuzz -I/usr/include/freetype2 -I/usr/include/libpng16 -I/usr/include/glib-2.0 -I/usr/lib/glib-2.0/include -I/usr/include/freetype2 -I/usr/include/libpng16 -I/usr/include/harfbuzz -I/usr/include/glib-2.0 -I/usr/lib/glib-2.0/include -MT libass/ass_rasterizer_c.lo -MD -MP -MF $depbase.Tpo -c -o libass/ass_rasterizer_c.lo libass/ass_rasterizer_c.c &&\
mv -f $depbase.Tpo $depbase.Plo
libtool: compile:  gcc -DHAVE_CONFIG_H -I. -std=gnu99 -Wall -Wextra -Wno-sign-compare -Wno-unused-parameter -Werror-implicit-function-declaration -Wstrict-prototypes -Wpointer-arith -Wredundant-decls -Wno-missing-field-initializers -D_GNU_SOURCE -O2 -m64 -march=x86-64 -mtune=generic -flto=auto -ffat-lto-objects -I/usr/include/freetype2 -I/usr/include/libpng16 -I/usr/include/harfbuzz -I/usr/include/glib-2.0 -I/usr/lib/glib-2.0/include -I/usr/include/fribidi -I/usr/include/harfbuzz -I/usr/include/freetype2 -I/usr/include/libpng16 -I/usr/include/glib-2.0 -I/usr/lib/glib-2.0/include -I/usr/include/freetype2 -I/usr/include/libpng16 -I/usr/include/harfbuzz -I/usr/include/glib-2.0 -I/usr/lib/glib-2.0/include -MT libass/ass_rasterizer.lo -MD -MP -MF libass/.deps/ass_rasterizer.Tpo -c libass/ass_rasterizer.c  -fPIC -DPIC -o libass/.libs/ass_rasterizer.o
libtool: compile:  gcc -DHAVE_CONFIG_H -I. -std=gnu99 -Wall -Wextra -Wno-sign-compare -Wno-unused-parameter -Werror-implicit-function-declaration -Wstrict-prototypes -Wpointer-arith -Wredundant-decls -Wno-missing-field-initializers -D_GNU_SOURCE -O2 -m64 -march=x86-64 -mtune=generic -flto=auto -ffat-lto-objects -I/usr/include/freetype2 -I/usr/include/libpng16 -I/usr/include/harfbuzz -I/usr/include/glib-2.0 -I/usr/lib/glib-2.0/include -I/usr/include/fribidi -I/usr/include/harfbuzz -I/usr/include/freetype2 -I/usr/include/libpng16 -I/usr/include/glib-2.0 -I/usr/lib/glib-2.0/include -I/usr/include/freetype2 -I/usr/include/libpng16 -I/usr/include/harfbuzz -I/usr/include/glib-2.0 -I/usr/lib/glib-2.0/include -MT libass/ass_parse.lo -MD -MP -MF libass/.deps/ass_parse.Tpo -c libass/ass_parse.c  -fPIC -DPIC -o libass/.libs/ass_parse.o
libtool: compile:  gcc -DHAVE_CONFIG_H -I. -std=gnu99 -Wall -Wextra -Wno-sign-compare -Wno-unused-parameter -Werror-implicit-function-declaration -Wstrict-prototypes -Wpointer-arith -Wredundant-decls -Wno-missing-field-initializers -D_GNU_SOURCE -O2 -m64 -march=x86-64 -mtune=generic -flto=auto -ffat-lto-objects -I/usr/include/freetype2 -I/usr/include/libpng16 -I/usr/include/harfbuzz -I/usr/include/glib-2.0 -I/usr/lib/glib-2.0/include -I/usr/include/fribidi -I/usr/include/harfbuzz -I/usr/include/freetype2 -I/usr/include/libpng16 -I/usr/include/glib-2.0 -I/usr/lib/glib-2.0/include -I/usr/include/freetype2 -I/usr/include/libpng16 -I/usr/include/harfbuzz -I/usr/include/glib-2.0 -I/usr/lib/glib-2.0/include -MT libass/ass_outline.lo -MD -MP -MF libass/.deps/ass_outline.Tpo -c libass/ass_outline.c  -fPIC -DPIC -o libass/.libs/ass_outline.o
depbase=`echo libass/ass_render_api.lo | sed 's|[^/]*$|.deps/&|;s|\.lo$||'`;\
/bin/sh ./libtool  --tag=CC   --mode=compile gcc -DHAVE_CONFIG_H -I.    -std=gnu99 -Wall -Wextra -Wno-sign-compare -Wno-unused-parameter -Werror-implicit-function-declaration -Wstrict-prototypes -Wpointer-arith -Wredundant-decls -Wno-missing-field-initializers -D_GNU_SOURCE -O2 -m64 -march=x86-64 -mtune=generic -flto=auto -ffat-lto-objects -I/usr/include/freetype2 -I/usr/include/libpng16 -I/usr/include/harfbuzz -I/usr/include/glib-2.0 -I/usr/lib/glib-2.0/include -I/usr/include/fribidi -I/usr/include/harfbuzz -I/usr/include/freetype2 -I/usr/include/libpng16 -I/usr/include/glib-2.0 -I/usr/lib/glib-2.0/include -I/usr/include/freetype2 -I/usr/include/libpng16 -I/usr/include/harfbuzz -I/usr/include/glib-2.0 -I/usr/lib/glib-2.0/include -MT libass/ass_render_api.lo -MD -MP -MF $depbase.Tpo -c -o libass/ass_render_api.lo libass/ass_render_api.c &&\
mv -f $depbase.Tpo $depbase.Plo
libtool: compile:  gcc -DHAVE_CONFIG_H -I. -std=gnu99 -Wall -Wextra -Wno-sign-compare -Wno-unused-parameter -Werror-implicit-function-declaration -Wstrict-prototypes -Wpointer-arith -Wredundant-decls -Wno-missing-field-initializers -D_GNU_SOURCE -O2 -m64 -march=x86-64 -mtune=generic -flto=auto -ffat-lto-objects -I/usr/include/freetype2 -I/usr/include/libpng16 -I/usr/include/harfbuzz -I/usr/include/glib-2.0 -I/usr/lib/glib-2.0/include -I/usr/include/fribidi -I/usr/include/harfbuzz -I/usr/include/freetype2 -I/usr/include/libpng16 -I/usr/include/glib-2.0 -I/usr/lib/glib-2.0/include -I/usr/include/freetype2 -I/usr/include/libpng16 -I/usr/include/harfbuzz -I/usr/include/glib-2.0 -I/usr/lib/glib-2.0/include -MT libass/ass_rasterizer_c.lo -MD -MP -MF libass/.deps/ass_rasterizer_c.Tpo -c libass/ass_rasterizer_c.c  -fPIC -DPIC -o libass/.libs/ass_rasterizer_c.o
depbase=`echo libass/ass_render.lo | sed 's|[^/]*$|.deps/&|;s|\.lo$||'`;\
/bin/sh ./libtool  --tag=CC   --mode=compile gcc -DHAVE_CONFIG_H -I.    -std=gnu99 -Wall -Wextra -Wno-sign-compare -Wno-unused-parameter -Werror-implicit-function-declaration -Wstrict-prototypes -Wpointer-arith -Wredundant-decls -Wno-missing-field-initializers -D_GNU_SOURCE -O2 -m64 -march=x86-64 -mtune=generic -flto=auto -ffat-lto-objects -I/usr/include/freetype2 -I/usr/include/libpng16 -I/usr/include/harfbuzz -I/usr/include/glib-2.0 -I/usr/lib/glib-2.0/include -I/usr/include/fribidi -I/usr/include/harfbuzz -I/usr/include/freetype2 -I/usr/include/libpng16 -I/usr/include/glib-2.0 -I/usr/lib/glib-2.0/include -I/usr/include/freetype2 -I/usr/include/libpng16 -I/usr/include/harfbuzz -I/usr/include/glib-2.0 -I/usr/lib/glib-2.0/include -MT libass/ass_render.lo -MD -MP -MF $depbase.Tpo -c -o libass/ass_render.lo libass/ass_render.c &&\
mv -f $depbase.Tpo $depbase.Plo
libtool: compile:  gcc -DHAVE_CONFIG_H -I. -std=gnu99 -Wall -Wextra -Wno-sign-compare -Wno-unused-parameter -Werror-implicit-function-declaration -Wstrict-prototypes -Wpointer-arith -Wredundant-decls -Wno-missing-field-initializers -D_GNU_SOURCE -O2 -m64 -march=x86-64 -mtune=generic -flto=auto -ffat-lto-objects -I/usr/include/freetype2 -I/usr/include/libpng16 -I/usr/include/harfbuzz -I/usr/include/glib-2.0 -I/usr/lib/glib-2.0/include -I/usr/include/fribidi -I/usr/include/harfbuzz -I/usr/include/freetype2 -I/usr/include/libpng16 -I/usr/include/glib-2.0 -I/usr/lib/glib-2.0/include -I/usr/include/freetype2 -I/usr/include/libpng16 -I/usr/include/harfbuzz -I/usr/include/glib-2.0 -I/usr/lib/glib-2.0/include -MT libass/ass_render.lo -MD -MP -MF libass/.deps/ass_render.Tpo -c libass/ass_render.c  -fPIC -DPIC -o libass/.libs/ass_render.o
libtool: compile:  gcc -DHAVE_CONFIG_H -I. -std=gnu99 -Wall -Wextra -Wno-sign-compare -Wno-unused-parameter -Werror-implicit-function-declaration -Wstrict-prototypes -Wpointer-arith -Wredundant-decls -Wno-missing-field-initializers -D_GNU_SOURCE -O2 -m64 -march=x86-64 -mtune=generic -flto=auto -ffat-lto-objects -I/usr/include/freetype2 -I/usr/include/libpng16 -I/usr/include/harfbuzz -I/usr/include/glib-2.0 -I/usr/lib/glib-2.0/include -I/usr/include/fribidi -I/usr/include/harfbuzz -I/usr/include/freetype2 -I/usr/include/libpng16 -I/usr/include/glib-2.0 -I/usr/lib/glib-2.0/include -I/usr/include/freetype2 -I/usr/include/libpng16 -I/usr/include/harfbuzz -I/usr/include/glib-2.0 -I/usr/lib/glib-2.0/include -MT libass/ass_render_api.lo -MD -MP -MF libass/.deps/ass_render_api.Tpo -c libass/ass_render_api.c  -fPIC -DPIC -o libass/.libs/ass_render_api.o
depbase=`echo libass/ass_shaper.lo | sed 's|[^/]*$|.deps/&|;s|\.lo$||'`;\
/bin/sh ./libtool  --tag=CC   --mode=compile gcc -DHAVE_CONFIG_H -I.    -std=gnu99 -Wall -Wextra -Wno-sign-compare -Wno-unused-parameter -Werror-implicit-function-declaration -Wstrict-prototypes -Wpointer-arith -Wredundant-decls -Wno-missing-field-initializers -D_GNU_SOURCE -O2 -m64 -march=x86-64 -mtune=generic -flto=auto -ffat-lto-objects -I/usr/include/freetype2 -I/usr/include/libpng16 -I/usr/include/harfbuzz -I/usr/include/glib-2.0 -I/usr/lib/glib-2.0/include -I/usr/include/fribidi -I/usr/include/harfbuzz -I/usr/include/freetype2 -I/usr/include/libpng16 -I/usr/include/glib-2.0 -I/usr/lib/glib-2.0/include -I/usr/include/freetype2 -I/usr/include/libpng16 -I/usr/include/harfbuzz -I/usr/include/glib-2.0 -I/usr/lib/glib-2.0/include -MT libass/ass_shaper.lo -MD -MP -MF $depbase.Tpo -c -o libass/ass_shaper.lo libass/ass_shaper.c &&\
mv -f $depbase.Tpo $depbase.Plo
depbase=`echo libass/ass_string.lo | sed 's|[^/]*$|.deps/&|;s|\.lo$||'`;\
/bin/sh ./libtool  --tag=CC   --mode=compile gcc -DHAVE_CONFIG_H -I.    -std=gnu99 -Wall -Wextra -Wno-sign-compare -Wno-unused-parameter -Werror-implicit-function-declaration -Wstrict-prototypes -Wpointer-arith -Wredundant-decls -Wno-missing-field-initializers -D_GNU_SOURCE -O2 -m64 -march=x86-64 -mtune=generic -flto=auto -ffat-lto-objects -I/usr/include/freetype2 -I/usr/include/libpng16 -I/usr/include/harfbuzz -I/usr/include/glib-2.0 -I/usr/lib/glib-2.0/include -I/usr/include/fribidi -I/usr/include/harfbuzz -I/usr/include/freetype2 -I/usr/include/libpng16 -I/usr/include/glib-2.0 -I/usr/lib/glib-2.0/include -I/usr/include/freetype2 -I/usr/include/libpng16 -I/usr/include/harfbuzz -I/usr/include/glib-2.0 -I/usr/lib/glib-2.0/include -MT libass/ass_string.lo -MD -MP -MF $depbase.Tpo -c -o libass/ass_string.lo libass/ass_string.c &&\
mv -f $depbase.Tpo $depbase.Plo
depbase=`echo libass/ass_strtod.lo | sed 's|[^/]*$|.deps/&|;s|\.lo$||'`;\
/bin/sh ./libtool  --tag=CC   --mode=compile gcc -DHAVE_CONFIG_H -I.    -std=gnu99 -Wall -Wextra -Wno-sign-compare -Wno-unused-parameter -Werror-implicit-function-declaration -Wstrict-prototypes -Wpointer-arith -Wredundant-decls -Wno-missing-field-initializers -D_GNU_SOURCE -O2 -m64 -march=x86-64 -mtune=generic -flto=auto -ffat-lto-objects -I/usr/include/freetype2 -I/usr/include/libpng16 -I/usr/include/harfbuzz -I/usr/include/glib-2.0 -I/usr/lib/glib-2.0/include -I/usr/include/fribidi -I/usr/include/harfbuzz -I/usr/include/freetype2 -I/usr/include/libpng16 -I/usr/include/glib-2.0 -I/usr/lib/glib-2.0/include -I/usr/include/freetype2 -I/usr/include/libpng16 -I/usr/include/harfbuzz -I/usr/include/glib-2.0 -I/usr/lib/glib-2.0/include -MT libass/ass_strtod.lo -MD -MP -MF $depbase.Tpo -c -o libass/ass_strtod.lo libass/ass_strtod.c &&\
mv -f $depbase.Tpo $depbase.Plo
libtool: compile:  gcc -DHAVE_CONFIG_H -I. -std=gnu99 -Wall -Wextra -Wno-sign-compare -Wno-unused-parameter -Werror-implicit-function-declaration -Wstrict-prototypes -Wpointer-arith -Wredundant-decls -Wno-missing-field-initializers -D_GNU_SOURCE -O2 -m64 -march=x86-64 -mtune=generic -flto=auto -ffat-lto-objects -I/usr/include/freetype2 -I/usr/include/libpng16 -I/usr/include/harfbuzz -I/usr/include/glib-2.0 -I/usr/lib/glib-2.0/include -I/usr/include/fribidi -I/usr/include/harfbuzz -I/usr/include/freetype2 -I/usr/include/libpng16 -I/usr/include/glib-2.0 -I/usr/lib/glib-2.0/include -I/usr/include/freetype2 -I/usr/include/libpng16 -I/usr/include/harfbuzz -I/usr/include/glib-2.0 -I/usr/lib/glib-2.0/include -MT libass/ass_string.lo -MD -MP -MF libass/.deps/ass_string.Tpo -c libass/ass_string.c  -fPIC -DPIC -o libass/.libs/ass_string.o
depbase=`echo libass/ass_utils.lo | sed 's|[^/]*$|.deps/&|;s|\.lo$||'`;\
/bin/sh ./libtool  --tag=CC   --mode=compile gcc -DHAVE_CONFIG_H -I.    -std=gnu99 -Wall -Wextra -Wno-sign-compare -Wno-unused-parameter -Werror-implicit-function-declaration -Wstrict-prototypes -Wpointer-arith -Wredundant-decls -Wno-missing-field-initializers -D_GNU_SOURCE -O2 -m64 -march=x86-64 -mtune=generic -flto=auto -ffat-lto-objects -I/usr/include/freetype2 -I/usr/include/libpng16 -I/usr/include/harfbuzz -I/usr/include/glib-2.0 -I/usr/lib/glib-2.0/include -I/usr/include/fribidi -I/usr/include/harfbuzz -I/usr/include/freetype2 -I/usr/include/libpng16 -I/usr/include/glib-2.0 -I/usr/lib/glib-2.0/include -I/usr/include/freetype2 -I/usr/include/libpng16 -I/usr/include/harfbuzz -I/usr/include/glib-2.0 -I/usr/lib/glib-2.0/include -MT libass/ass_utils.lo -MD -MP -MF $depbase.Tpo -c -o libass/ass_utils.lo libass/ass_utils.c &&\
mv -f $depbase.Tpo $depbase.Plo
depbase=`echo libass/ass_fontconfig.lo | sed 's|[^/]*$|.deps/&|;s|\.lo$||'`;\
/bin/sh ./libtool  --tag=CC   --mode=compile gcc -DHAVE_CONFIG_H -I.    -std=gnu99 -Wall -Wextra -Wno-sign-compare -Wno-unused-parameter -Werror-implicit-function-declaration -Wstrict-prototypes -Wpointer-arith -Wredundant-decls -Wno-missing-field-initializers -D_GNU_SOURCE -O2 -m64 -march=x86-64 -mtune=generic -flto=auto -ffat-lto-objects -I/usr/include/freetype2 -I/usr/include/libpng16 -I/usr/include/harfbuzz -I/usr/include/glib-2.0 -I/usr/lib/glib-2.0/include -I/usr/include/fribidi -I/usr/include/harfbuzz -I/usr/include/freetype2 -I/usr/include/libpng16 -I/usr/include/glib-2.0 -I/usr/lib/glib-2.0/include -I/usr/include/freetype2 -I/usr/include/libpng16 -I/usr/include/harfbuzz -I/usr/include/glib-2.0 -I/usr/lib/glib-2.0/include -MT libass/ass_fontconfig.lo -MD -MP -MF $depbase.Tpo -c -o libass/ass_fontconfig.lo libass/ass_fontconfig.c &&\
mv -f $depbase.Tpo $depbase.Plo
libtool: compile:  gcc -DHAVE_CONFIG_H -I. -std=gnu99 -Wall -Wextra -Wno-sign-compare -Wno-unused-parameter -Werror-implicit-function-declaration -Wstrict-prototypes -Wpointer-arith -Wredundant-decls -Wno-missing-field-initializers -D_GNU_SOURCE -O2 -m64 -march=x86-64 -mtune=generic -flto=auto -ffat-lto-objects -I/usr/include/freetype2 -I/usr/include/libpng16 -I/usr/include/harfbuzz -I/usr/include/glib-2.0 -I/usr/lib/glib-2.0/include -I/usr/include/fribidi -I/usr/include/harfbuzz -I/usr/include/freetype2 -I/usr/include/libpng16 -I/usr/include/glib-2.0 -I/usr/lib/glib-2.0/include -I/usr/include/freetype2 -I/usr/include/libpng16 -I/usr/include/harfbuzz -I/usr/include/glib-2.0 -I/usr/lib/glib-2.0/include -MT libass/ass_shaper.lo -MD -MP -MF libass/.deps/ass_shaper.Tpo -c libass/ass_shaper.c  -fPIC -DPIC -o libass/.libs/ass_shaper.o
/bin/sh ./libtool  --tag=CC --mode=compile ./ltnasm.sh nasm -DARCH_X86_64=1 -f elf64 -DSTACK_ALIGNMENT=16 -I./libass/ -Dprivate_prefix=ass -o libass/x86/rasterizer.lo libass/x86/rasterizer.asm
libtool: compile:  gcc -DHAVE_CONFIG_H -I. -std=gnu99 -Wall -Wextra -Wno-sign-compare -Wno-unused-parameter -Werror-implicit-function-declaration -Wstrict-prototypes -Wpointer-arith -Wredundant-decls -Wno-missing-field-initializers -D_GNU_SOURCE -O2 -m64 -march=x86-64 -mtune=generic -flto=auto -ffat-lto-objects -I/usr/include/freetype2 -I/usr/include/libpng16 -I/usr/include/harfbuzz -I/usr/include/glib-2.0 -I/usr/lib/glib-2.0/include -I/usr/include/fribidi -I/usr/include/harfbuzz -I/usr/include/freetype2 -I/usr/include/libpng16 -I/usr/include/glib-2.0 -I/usr/lib/glib-2.0/include -I/usr/include/freetype2 -I/usr/include/libpng16 -I/usr/include/harfbuzz -I/usr/include/glib-2.0 -I/usr/lib/glib-2.0/include -MT libass/ass_strtod.lo -MD -MP -MF libass/.deps/ass_strtod.Tpo -c libass/ass_strtod.c  -fPIC -DPIC -o libass/.libs/ass_strtod.o
libtool: compile:  gcc -DHAVE_CONFIG_H -I. -std=gnu99 -Wall -Wextra -Wno-sign-compare -Wno-unused-parameter -Werror-implicit-function-declaration -Wstrict-prototypes -Wpointer-arith -Wredundant-decls -Wno-missing-field-initializers -D_GNU_SOURCE -O2 -m64 -march=x86-64 -mtune=generic -flto=auto -ffat-lto-objects -I/usr/include/freetype2 -I/usr/include/libpng16 -I/usr/include/harfbuzz -I/usr/include/glib-2.0 -I/usr/lib/glib-2.0/include -I/usr/include/fribidi -I/usr/include/harfbuzz -I/usr/include/freetype2 -I/usr/include/libpng16 -I/usr/include/glib-2.0 -I/usr/lib/glib-2.0/include -I/usr/include/freetype2 -I/usr/include/libpng16 -I/usr/include/harfbuzz -I/usr/include/glib-2.0 -I/usr/lib/glib-2.0/include -MT libass/ass_fontconfig.lo -MD -MP -MF libass/.deps/ass_fontconfig.Tpo -c libass/ass_fontconfig.c  -fPIC -DPIC -o libass/.libs/ass_fontconfig.o
libtool: compile:  gcc -DHAVE_CONFIG_H -I. -std=gnu99 -Wall -Wextra -Wno-sign-compare -Wno-unused-parameter -Werror-implicit-function-declaration -Wstrict-prototypes -Wpointer-arith -Wredundant-decls -Wno-missing-field-initializers -D_GNU_SOURCE -O2 -m64 -march=x86-64 -mtune=generic -flto=auto -ffat-lto-objects -I/usr/include/freetype2 -I/usr/include/libpng16 -I/usr/include/harfbuzz -I/usr/include/glib-2.0 -I/usr/lib/glib-2.0/include -I/usr/include/fribidi -I/usr/include/harfbuzz -I/usr/include/freetype2 -I/usr/include/libpng16 -I/usr/include/glib-2.0 -I/usr/lib/glib-2.0/include -I/usr/include/freetype2 -I/usr/include/libpng16 -I/usr/include/harfbuzz -I/usr/include/glib-2.0 -I/usr/lib/glib-2.0/include -MT libass/ass_utils.lo -MD -MP -MF libass/.deps/ass_utils.Tpo -c libass/ass_utils.c  -fPIC -DPIC -o libass/.libs/ass_utils.o
libtool: compile:  ./ltnasm.sh nasm -DARCH_X86_64=1 -f elf64 -DSTACK_ALIGNMENT=16 -I./libass/ -Dprivate_prefix=ass libass/x86/rasterizer.asm  -fPIC -DPIC -o libass/x86/.libs/rasterizer.o
/bin/sh ./libtool  --tag=CC --mode=compile ./ltnasm.sh nasm -DARCH_X86_64=1 -f elf64 -DSTACK_ALIGNMENT=16 -I./libass/ -Dprivate_prefix=ass -o libass/x86/blend_bitmaps.lo libass/x86/blend_bitmaps.asm
/bin/sh ./libtool  --tag=CC --mode=compile ./ltnasm.sh nasm -DARCH_X86_64=1 -f elf64 -DSTACK_ALIGNMENT=16 -I./libass/ -Dprivate_prefix=ass -o libass/x86/be_blur.lo libass/x86/be_blur.asm
libtool: compile:  ./ltnasm.sh nasm -DARCH_X86_64=1 -f elf64 -DSTACK_ALIGNMENT=16 -I./libass/ -Dprivate_prefix=ass libass/x86/blend_bitmaps.asm  -fPIC -DPIC -o libass/x86/.libs/blend_bitmaps.o
/bin/sh ./libtool  --tag=CC --mode=compile ./ltnasm.sh nasm -DARCH_X86_64=1 -f elf64 -DSTACK_ALIGNMENT=16 -I./libass/ -Dprivate_prefix=ass -o libass/x86/blur.lo libass/x86/blur.asm
/bin/sh ./libtool  --tag=CC --mode=compile ./ltnasm.sh nasm -DARCH_X86_64=1 -f elf64 -DSTACK_ALIGNMENT=16 -I./libass/ -Dprivate_prefix=ass -o libass/x86/cpuid.lo libass/x86/cpuid.asm
libtool: compile:  ./ltnasm.sh nasm -DARCH_X86_64=1 -f elf64 -DSTACK_ALIGNMENT=16 -I./libass/ -Dprivate_prefix=ass libass/x86/blur.asm  -fPIC -DPIC -o libass/x86/.libs/blur.o
libtool: compile:  ./ltnasm.sh nasm -DARCH_X86_64=1 -f elf64 -DSTACK_ALIGNMENT=16 -I./libass/ -Dprivate_prefix=ass libass/x86/be_blur.asm  -fPIC -DPIC -o libass/x86/.libs/be_blur.o
libtool: compile:  ./ltnasm.sh nasm -DARCH_X86_64=1 -f elf64 -DSTACK_ALIGNMENT=16 -I./libass/ -Dprivate_prefix=ass libass/x86/cpuid.asm  -fPIC -DPIC -o libass/x86/.libs/cpuid.o
/bin/sh ./libtool  --tag=CC   --mode=link gcc -std=gnu99 -Wall -Wextra -Wno-sign-compare -Wno-unused-parameter -Werror-implicit-function-declaration -Wstrict-prototypes -Wpointer-arith -Wredundant-decls -Wno-missing-field-initializers -D_GNU_SOURCE -O2 -m64 -march=x86-64 -mtune=generic -flto=auto -ffat-lto-objects -I/usr/include/freetype2 -I/usr/include/libpng16 -I/usr/include/harfbuzz -I/usr/include/glib-2.0 -I/usr/lib/glib-2.0/include -I/usr/include/fribidi -I/usr/include/harfbuzz -I/usr/include/freetype2 -I/usr/include/libpng16 -I/usr/include/glib-2.0 -I/usr/lib/glib-2.0/include -I/usr/include/freetype2 -I/usr/include/libpng16 -I/usr/include/harfbuzz -I/usr/include/glib-2.0 -I/usr/lib/glib-2.0/include -no-undefined -version-info 11:1:2 -export-symbols ./libass/libass.sym  -o libass/libass.la -rpath /usr/lib libass/ass.lo libass/ass_bitmap.lo libass/ass_blur.lo libass/ass_cache.lo libass/ass_drawing.lo libass/ass_filesystem.lo libass/ass_font.lo libass/ass_fontselect.lo libass/ass_library.lo libass/ass_outline.lo libass/ass_parse.lo libass/ass_rasterizer.lo libass/ass_rasterizer_c.lo libass/ass_render_api.lo libass/ass_render.lo libass/ass_shaper.lo libass/ass_string.lo libass/ass_strtod.lo libass/ass_utils.lo libass/ass_fontconfig.lo   libass/x86/rasterizer.lo libass/x86/blend_bitmaps.lo libass/x86/be_blur.lo libass/x86/blur.lo libass/x86/cpuid.lo  -lm  -lfreetype -lfribidi -lharfbuzz -lfontconfig -lfreetype
libtool: link: echo "{ global:" > libass/.libs/libass.ver
libtool: link:  cat ./libass/libass.sym | /bin/sed -e "s/\(.*\)/\1;/" >> libass/.libs/libass.ver
libtool: link:  echo "local: *; };" >> libass/.libs/libass.ver
libtool: link:  gcc -shared  -fPIC -DPIC  libass/.libs/ass.o libass/.libs/ass_bitmap.o libass/.libs/ass_blur.o libass/.libs/ass_cache.o libass/.libs/ass_drawing.o libass/.libs/ass_filesystem.o libass/.libs/ass_font.o libass/.libs/ass_fontselect.o libass/.libs/ass_library.o libass/.libs/ass_outline.o libass/.libs/ass_parse.o libass/.libs/ass_rasterizer.o libass/.libs/ass_rasterizer_c.o libass/.libs/ass_render_api.o libass/.libs/ass_render.o libass/.libs/ass_shaper.o libass/.libs/ass_string.o libass/.libs/ass_strtod.o libass/.libs/ass_utils.o libass/.libs/ass_fontconfig.o libass/x86/.libs/rasterizer.o libass/x86/.libs/blend_bitmaps.o libass/x86/.libs/be_blur.o libass/x86/.libs/blur.o libass/x86/.libs/cpuid.o   -lm -lfribidi -lharfbuzz -lfontconfig -lfreetype  -O2 -m64 -march=x86-64 -mtune=generic -flto=auto   -Wl,-soname -Wl,libass.so.9 -Wl,-version-script -Wl,libass/.libs/libass.ver -o libass/.libs/libass.so.9.2.1
libtool: link: (cd "libass/.libs" && rm -f "libass.so.9" && ln -s "libass.so.9.2.1" "libass.so.9")
libtool: link: (cd "libass/.libs" && rm -f "libass.so" && ln -s "libass.so.9.2.1" "libass.so")
libtool: link: ( cd "libass/.libs" && rm -f "libass.la" && ln -s "../libass.la" "libass.la" )
make[1]: Leaving directory '/home/devel/building/work/src/libass-0.17.1'
+ make DESTDIR=/home/devel/building/work/pkg install
make[1]: Entering directory '/home/devel/building/work/src/libass-0.17.1'
 /bin/mkdir -p '/home/devel/building/work/pkg/usr/include/ass'
 /bin/mkdir -p '/home/devel/building/work/pkg/usr/lib/pkgconfig'
 /bin/mkdir -p '/home/devel/building/work/pkg/usr/lib'
 /bin/sh ./libtool   --mode=install /usr/bin/install -c   libass/libass.la '/home/devel/building/work/pkg/usr/lib'
 /usr/bin/install -c -m 644 libass/ass.h libass/ass_types.h '/home/devel/building/work/pkg/usr/include/ass'
 /usr/bin/install -c -m 644 libass.pc '/home/devel/building/work/pkg/usr/lib/pkgconfig'
libtool: install: /usr/bin/install -c libass/.libs/libass.so.9.2.1 /home/devel/building/work/pkg/usr/lib/libass.so.9.2.1
libtool: install: (cd /home/devel/building/work/pkg/usr/lib && { ln -s -f libass.so.9.2.1 libass.so.9 || { rm -f libass.so.9 && ln -s libass.so.9.2.1 libass.so.9; }; })
libtool: install: (cd /home/devel/building/work/pkg/usr/lib && { ln -s -f libass.so.9.2.1 libass.so || { rm -f libass.so && ln -s libass.so.9.2.1 libass.so; }; })
libtool: install: /usr/bin/install -c libass/.libs/libass.lai /home/devel/building/work/pkg/usr/lib/libass.la
libtool: warning: remember to run 'libtool --finish /usr/lib'
make[1]: Leaving directory '/home/devel/building/work/src/libass-0.17.1'
+ find /home/devel/building/work/pkg -type f -name '*.la' -delete
=======> Build result:
drwxr-xr-x  0 root   root        0 Feb  1 18:10 usr/
drwxr-xr-x  0 root   root        0 Feb  1 18:10 usr/include/
drwxr-xr-x  0 root   root        0 Feb  1 18:10 usr/lib/
drwxr-xr-x  0 root   root        0 Feb  1 18:10 usr/lib/pkgconfig/
-rwxr-xr-x  0 root   root   224488 Feb  1 18:10 usr/lib/libass.so.9.2.1
lrwxrwxrwx  0 root   root        0 Feb  1 18:10 usr/lib/libass.so.9 -> libass.so.9.2.1
lrwxrwxrwx  0 root   root        0 Feb  1 18:10 usr/lib/libass.so -> libass.so.9.2.1
-rw-r--r--  0 root   root      359 Feb  1 18:10 usr/lib/pkgconfig/libass.pc
drwxr-xr-x  0 root   root        0 Feb  1 18:10 usr/include/ass/
-rw-r--r--  0 root   root    30811 Feb  1 18:10 usr/include/ass/ass.h
-rw-r--r--  0 root   root    12339 Feb  1 18:10 usr/include/ass/ass_types.h
=======> Building '/home/devel/packages/libass#0.17.1-1.x86_64.pkg.tar.zst' succeeded.
prt-get: Using PKGMK_PACKAGE_DIR: /home/devel/packages
prt-get: reinstalling libass 0.17.1-1
prt-get: /usr/bin/pkgadd -u libass#0.17.1-1.x86_64.pkg.tar.zst
prt-get: build done Thu Feb  1 18:10:27 2024

