prt-get: updating /usr/ports/opt-x86_64/libasyncns
prt-get: starting build Tue May  7 23:25:30 2024
=======> Building '/home/devel/packages/libasyncns#0.8-1.x86_64.pkg.tar.zst'.
bsdtar -p -o -C /home/devel/building/work/src -xf /home/devel/sources/libasyncns-0.8.tar.gz
+ build
+ cd libasyncns-0.8
+ ./configure --build=x86_64-unknown-linux-gnu --prefix=/usr --disable-static
checking for a BSD-compatible install... /usr/bin/install -c
checking whether build environment is sane... yes
checking for a thread-safe mkdir -p... /bin/mkdir -p
checking for gawk... gawk
checking whether make sets $(MAKE)... yes
checking for gcc... gcc
checking for C compiler default output file name... a.out
checking whether the C compiler works... yes
checking whether we are cross compiling... no
checking for suffix of executables... 
checking for suffix of object files... o
checking whether we are using the GNU C compiler... yes
checking whether gcc accepts -g... yes
checking for gcc option to accept ISO C89... none needed
checking for style of include used by make... GNU
checking dependency style of gcc... gcc3
checking for gcc option to accept ISO C99... none needed
checking whether gcc and cc understand -c and -o together... yes
checking how to run the C preprocessor... gcc -E
checking for grep that handles long lines and -e... /usr/bin/grep
checking for egrep... /usr/bin/grep -E
checking for ANSI C header files... yes
checking for sys/types.h... yes
checking for sys/stat.h... yes
checking for stdlib.h... yes
checking for string.h... yes
checking for memory.h... yes
checking for strings.h... yes
checking for inttypes.h... yes
checking for stdint.h... yes
checking for unistd.h... yes
checking minix/config.h usability... no
checking minix/config.h presence... no
checking for minix/config.h... no
checking whether it is safe to define __EXTENSIONS__... yes
checking for a BSD-compatible install... /usr/bin/install -c
checking whether ln -s works... yes
checking whether make sets $(MAKE)... (cached) yes
checking build system type... x86_64-unknown-linux-gnu
checking host system type... x86_64-unknown-linux-gnu
checking for a sed that does not truncate output... /bin/sed
checking for fgrep... /usr/bin/grep -F
checking for ld used by gcc... /usr/bin/ld
checking if the linker (/usr/bin/ld) is GNU ld... yes
checking for BSD- or MS-compatible name lister (nm)... /usr/bin/nm -B
checking the name lister (/usr/bin/nm -B) interface... BSD nm
checking the maximum length of command line arguments... 1572864
checking whether the shell understands some XSI constructs... yes
checking whether the shell understands "+="... no
checking for /usr/bin/ld option to reload object files... -r
checking for objdump... objdump
checking how to recognize dependent libraries... pass_all
checking for ar... ar
checking for strip... strip
checking for ranlib... ranlib
checking command to parse /usr/bin/nm -B output from gcc object... ok
checking for dlfcn.h... yes
checking for objdir... .libs
checking if gcc supports -fno-rtti -fno-exceptions... no
checking for gcc option to produce PIC... -fPIC -DPIC
checking if gcc PIC flag -fPIC -DPIC works... yes
checking if gcc static flag -static works... yes
checking if gcc supports -c -o file.o... yes
checking if gcc supports -c -o file.o... (cached) yes
checking whether the gcc linker (/usr/bin/ld -m elf_x86_64) supports shared libraries... yes
checking whether -lc should be explicitly linked in... no
checking dynamic linker characteristics... GNU/Linux ld.so
checking how to hardcode library paths into programs... immediate
checking whether stripping libraries is possible... yes
checking if libtool supports shared libraries... yes
checking whether to build shared libraries... yes
checking whether to build static libraries... no
checking if gcc supports -pipe flag... yes
checking if gcc supports -Wall flag... yes
checking if gcc supports -W flag... yes
checking if gcc supports -Wextra flag... yes
checking if gcc supports -pedantic flag... yes
checking if gcc supports -Wformat flag... yes
checking if gcc supports -Wold-style-definition flag... yes
checking if gcc supports -Wdeclaration-after-statement flag... yes
checking if gcc supports -Wfloat-equal flag... yes
checking if gcc supports -Wmissing-declarations flag... yes
checking if gcc supports -Wmissing-prototypes flag... yes
checking if gcc supports -Wstrict-prototypes flag... yes
checking if gcc supports -Wredundant-decls flag... yes
checking if gcc supports -Wmissing-noreturn flag... yes
checking if gcc supports -Wshadow flag... yes
checking if gcc supports -Wendif-labels flag... yes
checking if gcc supports -Wpointer-arith flag... yes
checking if gcc supports -Wbad-function-cast flag... yes
checking if gcc supports -Wcast-qual flag... yes
checking if gcc supports -Wcast-align flag... yes
checking if gcc supports -Wwrite-strings flag... yes
checking if gcc supports -Winline flag... yes
checking if gcc supports -Wno-unused-parameter flag... yes
checking if gcc supports -Wstrict-aliasing flag... yes
checking whether to enable assertions... yes
checking for ANSI C header files... (cached) yes
checking for sys/wait.h that is POSIX.1 compatible... yes
checking arpa/inet.h usability... yes
checking arpa/inet.h presence... yes
checking for arpa/inet.h... yes
checking fcntl.h usability... yes
checking fcntl.h presence... yes
checking for fcntl.h... yes
checking netdb.h usability... yes
checking netdb.h presence... yes
checking for netdb.h... yes
checking for stdlib.h... (cached) yes
checking for string.h... (cached) yes
checking sys/socket.h usability... yes
checking sys/socket.h presence... yes
checking for sys/socket.h... yes
checking for unistd.h... (cached) yes
checking sys/prctl.h usability... yes
checking sys/prctl.h presence... yes
checking for sys/prctl.h... yes
checking netinet/in.h usability... yes
checking netinet/in.h presence... yes
checking for netinet/in.h... yes
checking arpa/nameser_compat.h usability... yes
checking arpa/nameser_compat.h presence... yes
checking for arpa/nameser_compat.h... yes
checking for an ANSI C-conforming const... yes
checking for pid_t... yes
checking for size_t... yes
checking for ssize_t... yes
checking for uint16_t... yes
checking for uint8_t... yes
checking whether time.h and sys/time.h may both be included... yes
checking vfork.h usability... no
checking vfork.h presence... no
checking for vfork.h... no
checking for fork... yes
checking for vfork... yes
checking for working fork... yes
checking for working vfork... (cached) yes
checking for stdlib.h... (cached) yes
checking for GNU libc compatible malloc... yes
checking sys/select.h usability... yes
checking sys/select.h presence... yes
checking for sys/select.h... yes
checking for sys/socket.h... (cached) yes
checking types of arguments for select... int,fd_set *,struct timeval *
checking return type of signal handlers... void
checking for memset... yes
checking for select... yes
checking for strndup... yes
checking for setresuid... yes
checking for setreuid... yes
checking for strerror... yes
checking for special C compiler options needed for large files... no
checking for _FILE_OFFSET_BITS value needed for large files... no
checking for gethostbyname in -lnsl... yes
checking for connect in -lsocket... no
checking for library containing res_query...  
checking for the pthreads library -lpthreads... no
checking whether pthreads work without any flags... yes
checking for joinable pthread attribute... PTHREAD_CREATE_JOINABLE
checking if more special flags are required for pthreads... no
checking for cc_r... gcc
checking if gcc supports -Wl,--no-undefined flag... yes
checking for lynx... yes
configure: creating ./config.status
config.status: creating Makefile
config.status: creating libasyncns/Makefile
config.status: creating doc/Makefile
config.status: creating doc/README.html
config.status: creating doxygen/Makefile
config.status: creating doxygen/doxygen.conf
config.status: creating libasyncns.pc
config.status: creating config.h
config.status: executing depfiles commands
config.status: executing libtool commands
+ make V=1
make  all-recursive
make[1]: Entering directory '/home/devel/building/work/src/libasyncns-0.8'
Making all in libasyncns
make[2]: Entering directory '/home/devel/building/work/src/libasyncns-0.8/libasyncns'
/bin/sh ../libtool  --tag=CC   --mode=compile gcc -DHAVE_CONFIG_H -I. -I..    -D__EXTENSIONS__  -O2 -m64 -march=x86-64 -mtune=generic -flto=auto -ffat-lto-objects -pipe -Wall -W -Wextra -pedantic -Wformat -Wold-style-definition -Wdeclaration-after-statement -Wfloat-equal -Wmissing-declarations -Wmissing-prototypes -Wstrict-prototypes -Wredundant-decls -Wmissing-noreturn -Wshadow -Wendif-labels -Wpointer-arith -Wbad-function-cast -Wcast-qual -Wcast-align -Wwrite-strings -Winline -Wno-unused-parameter -Wstrict-aliasing -MT asyncns.lo -MD -MP -MF .deps/asyncns.Tpo -c -o asyncns.lo asyncns.c
libtool: compile:  gcc -DHAVE_CONFIG_H -I. -I.. -D__EXTENSIONS__ -O2 -m64 -march=x86-64 -mtune=generic -flto=auto -ffat-lto-objects -pipe -Wall -W -Wextra -pedantic -Wformat -Wold-style-definition -Wdeclaration-after-statement -Wfloat-equal -Wmissing-declarations -Wmissing-prototypes -Wstrict-prototypes -Wredundant-decls -Wmissing-noreturn -Wshadow -Wendif-labels -Wpointer-arith -Wbad-function-cast -Wcast-qual -Wcast-align -Wwrite-strings -Winline -Wno-unused-parameter -Wstrict-aliasing -MT asyncns.lo -MD -MP -MF .deps/asyncns.Tpo -c asyncns.c  -fPIC -DPIC -o .libs/asyncns.o
In file included from asyncns.c:27:
asyncns.c: In function 'asyncns_setuserdata':
asyncns.c:1509:12: warning: suggest parentheses around assignment used as truth value [-Wparentheses]
 1509 |     assert(q->asyncns = asyncns);
      |            ^
asyncns.c: In function 'asyncns_getuserdata':
asyncns.c:1517:12: warning: suggest parentheses around assignment used as truth value [-Wparentheses]
 1517 |     assert(q->asyncns = asyncns);
      |            ^
mv -f .deps/asyncns.Tpo .deps/asyncns.Plo
/bin/sh ../libtool  --tag=CC   --mode=link gcc -D__EXTENSIONS__  -O2 -m64 -march=x86-64 -mtune=generic -flto=auto -ffat-lto-objects -pipe -Wall -W -Wextra -pedantic -Wformat -Wold-style-definition -Wdeclaration-after-statement -Wfloat-equal -Wmissing-declarations -Wmissing-prototypes -Wstrict-prototypes -Wredundant-decls -Wmissing-noreturn -Wshadow -Wendif-labels -Wpointer-arith -Wbad-function-cast -Wcast-qual -Wcast-align -Wwrite-strings -Winline -Wno-unused-parameter -Wstrict-aliasing -version-info 3:1:3 -Wl,--no-undefined  -o libasyncns.la -rpath /usr/lib asyncns.lo  -lnsl   
libtool: link: gcc -shared  .libs/asyncns.o   -lnsl  -m64 -march=x86-64 -mtune=generic -Wl,--no-undefined   -Wl,-soname -Wl,libasyncns.so.0 -o .libs/libasyncns.so.0.3.1
libtool: link: (cd ".libs" && rm -f "libasyncns.so.0" && ln -s "libasyncns.so.0.3.1" "libasyncns.so.0")
libtool: link: (cd ".libs" && rm -f "libasyncns.so" && ln -s "libasyncns.so.0.3.1" "libasyncns.so")
libtool: link: ( cd ".libs" && rm -f "libasyncns.la" && ln -s "../libasyncns.la" "libasyncns.la" )
make[2]: Leaving directory '/home/devel/building/work/src/libasyncns-0.8/libasyncns'
Making all in doc
make[2]: Entering directory '/home/devel/building/work/src/libasyncns-0.8/doc'
lynx --dump README.html | sed 's,file://localhost/.*/doc/README.html,README,' > README
make[2]: Leaving directory '/home/devel/building/work/src/libasyncns-0.8/doc'
Making all in doxygen
make[2]: Entering directory '/home/devel/building/work/src/libasyncns-0.8/doxygen'
make[2]: Nothing to be done for 'all'.
make[2]: Leaving directory '/home/devel/building/work/src/libasyncns-0.8/doxygen'
make[2]: Entering directory '/home/devel/building/work/src/libasyncns-0.8'
make[2]: Leaving directory '/home/devel/building/work/src/libasyncns-0.8'
make[1]: Leaving directory '/home/devel/building/work/src/libasyncns-0.8'
+ make DESTDIR=/home/devel/building/work/pkg install
Making install in libasyncns
make[1]: Entering directory '/home/devel/building/work/src/libasyncns-0.8/libasyncns'
make[2]: Entering directory '/home/devel/building/work/src/libasyncns-0.8/libasyncns'
test -z "/usr/lib" || /bin/mkdir -p "/home/devel/building/work/pkg/usr/lib"
test -z "/usr/include" || /bin/mkdir -p "/home/devel/building/work/pkg/usr/include"
 /bin/sh ../libtool   --mode=install /usr/bin/install -c   libasyncns.la '/home/devel/building/work/pkg/usr/lib'
 /usr/bin/install -c -m 644 asyncns.h '/home/devel/building/work/pkg/usr/include'
libtool: install: /usr/bin/install -c .libs/libasyncns.so.0.3.1 /home/devel/building/work/pkg/usr/lib/libasyncns.so.0.3.1
libtool: install: (cd /home/devel/building/work/pkg/usr/lib && { ln -s -f libasyncns.so.0.3.1 libasyncns.so.0 || { rm -f libasyncns.so.0 && ln -s libasyncns.so.0.3.1 libasyncns.so.0; }; })
libtool: install: (cd /home/devel/building/work/pkg/usr/lib && { ln -s -f libasyncns.so.0.3.1 libasyncns.so || { rm -f libasyncns.so && ln -s libasyncns.so.0.3.1 libasyncns.so; }; })
libtool: install: /usr/bin/install -c .libs/libasyncns.lai /home/devel/building/work/pkg/usr/lib/libasyncns.la
libtool: install: warning: remember to run `libtool --finish /usr/lib'
make[2]: Leaving directory '/home/devel/building/work/src/libasyncns-0.8/libasyncns'
make[1]: Leaving directory '/home/devel/building/work/src/libasyncns-0.8/libasyncns'
Making install in doc
make[1]: Entering directory '/home/devel/building/work/src/libasyncns-0.8/doc'
make[2]: Entering directory '/home/devel/building/work/src/libasyncns-0.8/doc'
make[2]: Nothing to be done for 'install-exec-am'.
test -z "/usr/share/doc/libasyncns" || /bin/mkdir -p "/home/devel/building/work/pkg/usr/share/doc/libasyncns"
test -z "/usr/share/doc/libasyncns" || /bin/mkdir -p "/home/devel/building/work/pkg/usr/share/doc/libasyncns"
 /usr/bin/install -c -m 644 README '/home/devel/building/work/pkg/usr/share/doc/libasyncns'
 /usr/bin/install -c -m 644 README.html style.css '/home/devel/building/work/pkg/usr/share/doc/libasyncns'
make[2]: Leaving directory '/home/devel/building/work/src/libasyncns-0.8/doc'
make[1]: Leaving directory '/home/devel/building/work/src/libasyncns-0.8/doc'
Making install in doxygen
make[1]: Entering directory '/home/devel/building/work/src/libasyncns-0.8/doxygen'
make[2]: Entering directory '/home/devel/building/work/src/libasyncns-0.8/doxygen'
make[2]: Nothing to be done for 'install-exec-am'.
make[2]: Nothing to be done for 'install-data-am'.
make[2]: Leaving directory '/home/devel/building/work/src/libasyncns-0.8/doxygen'
make[1]: Leaving directory '/home/devel/building/work/src/libasyncns-0.8/doxygen'
make[1]: Entering directory '/home/devel/building/work/src/libasyncns-0.8'
make[2]: Entering directory '/home/devel/building/work/src/libasyncns-0.8'
make[2]: Nothing to be done for 'install-exec-am'.
test -z "/usr/lib/pkgconfig" || /bin/mkdir -p "/home/devel/building/work/pkg/usr/lib/pkgconfig"
 /usr/bin/install -c -m 644 libasyncns.pc '/home/devel/building/work/pkg/usr/lib/pkgconfig'
make[2]: Leaving directory '/home/devel/building/work/src/libasyncns-0.8'
make[1]: Leaving directory '/home/devel/building/work/src/libasyncns-0.8'
+ rm -r /home/devel/building/work/pkg/usr/share/doc
+ find /home/devel/building/work/pkg -type f -name '*.la' -delete
=======> Build result:
drwxr-xr-x  0 root   root        0 May  7 23:25 usr/
drwxr-xr-x  0 root   root        0 May  7 23:25 usr/lib/
drwxr-xr-x  0 root   root        0 May  7 23:25 usr/include/
drwxr-xr-x  0 root   root        0 May  7 23:25 usr/share/
-rw-r--r--  0 root   root     6985 May  7 23:25 usr/include/asyncns.h
-rwxr-xr-x  0 root   root    22720 May  7 23:25 usr/lib/libasyncns.so.0.3.1
lrwxrwxrwx  0 root   root        0 May  7 23:25 usr/lib/libasyncns.so.0 -> libasyncns.so.0.3.1
lrwxrwxrwx  0 root   root        0 May  7 23:25 usr/lib/libasyncns.so -> libasyncns.so.0.3.1
drwxr-xr-x  0 root   root        0 May  7 23:25 usr/lib/pkgconfig/
-rw-r--r--  0 root   root      211 May  7 23:25 usr/lib/pkgconfig/libasyncns.pc
=======> Building '/home/devel/packages/libasyncns#0.8-1.x86_64.pkg.tar.zst' succeeded.
prt-get: Using PKGMK_PACKAGE_DIR: /home/devel/packages
prt-get: reinstalling libasyncns 0.8-1
prt-get: /usr/bin/pkgadd -u libasyncns#0.8-1.x86_64.pkg.tar.zst
prt-get: build done Tue May  7 23:25:38 2024

