prt-get: updating /usr/ports/opt-x86_64/libburn
prt-get: starting build Tue May  7 23:25:47 2024
=======> Building '/home/devel/packages/libburn#1.5.6-1.x86_64.pkg.tar.zst'.
bsdtar -p -o -C /home/devel/building/work/src -xf /home/devel/sources/libburn-1.5.6.tar.gz
+ build
+ cd libburn-1.5.6
+ ./configure --build=x86_64-unknown-linux-gnu --host=x86_64-unknown-linux-gnu --prefix=/usr --disable-static
checking build system type... x86_64-unknown-linux-gnu
checking host system type... x86_64-unknown-linux-gnu
checking target system type... x86_64-unknown-linux-gnu
checking for a BSD-compatible install... /usr/bin/install -c
checking whether build environment is sane... yes
checking for a thread-safe mkdir -p... /bin/mkdir -p
checking for gawk... gawk
checking whether make sets $(MAKE)... yes
checking whether make supports nested variables... yes
checking for style of include used by make... GNU
checking for x86_64-unknown-linux-gnu-gcc... x86_64-unknown-linux-gnu-gcc
checking whether the C compiler works... yes
checking for C compiler default output file name... a.out
checking for suffix of executables... 
checking whether we are cross compiling... no
checking for suffix of object files... o
checking whether we are using the GNU C compiler... yes
checking whether x86_64-unknown-linux-gnu-gcc accepts -g... yes
checking for x86_64-unknown-linux-gnu-gcc option to accept ISO C89... none needed
checking whether x86_64-unknown-linux-gnu-gcc understands -c and -o together... yes
checking dependency style of x86_64-unknown-linux-gnu-gcc... gcc3
checking for an ANSI C-conforming const... yes
checking for inline... inline
checking for special C compiler options needed for large files... no
checking for _FILE_OFFSET_BITS value needed for large files... no
checking for _LARGEFILE_SOURCE value needed for large files... no
checking for fseeko... yes
checking how to print strings... printf
checking for a sed that does not truncate output... /bin/sed
checking for grep that handles long lines and -e... /usr/bin/grep
checking for egrep... /usr/bin/grep -E
checking for fgrep... /usr/bin/grep -F
checking for ld used by x86_64-unknown-linux-gnu-gcc... /usr/bin/ld
checking if the linker (/usr/bin/ld) is GNU ld... yes
checking for BSD- or MS-compatible name lister (nm)... /usr/bin/nm -B
checking the name lister (/usr/bin/nm -B) interface... BSD nm
checking whether ln -s works... yes
checking the maximum length of command line arguments... 1572864
checking whether the shell understands some XSI constructs... yes
checking whether the shell understands "+="... no
checking how to convert x86_64-unknown-linux-gnu file names to x86_64-unknown-linux-gnu format... func_convert_file_noop
checking how to convert x86_64-unknown-linux-gnu file names to toolchain format... func_convert_file_noop
checking for /usr/bin/ld option to reload object files... -r
checking for x86_64-unknown-linux-gnu-objdump... x86_64-unknown-linux-gnu-objdump
checking how to recognize dependent libraries... pass_all
checking for x86_64-unknown-linux-gnu-dlltool... no
checking for dlltool... no
checking how to associate runtime and link libraries... printf %s\n
checking for x86_64-unknown-linux-gnu-ar... x86_64-unknown-linux-gnu-ar
checking for archiver @FILE support... @
checking for x86_64-unknown-linux-gnu-strip... x86_64-unknown-linux-gnu-strip
checking for x86_64-unknown-linux-gnu-ranlib... x86_64-unknown-linux-gnu-ranlib
checking command to parse /usr/bin/nm -B output from x86_64-unknown-linux-gnu-gcc object... ok
checking for sysroot... no
checking for x86_64-unknown-linux-gnu-mt... no
checking for mt... no
checking if : is a manifest tool... no
checking how to run the C preprocessor... x86_64-unknown-linux-gnu-gcc -E
checking for ANSI C header files... yes
checking for sys/types.h... yes
checking for sys/stat.h... yes
checking for stdlib.h... yes
checking for string.h... yes
checking for memory.h... yes
checking for strings.h... yes
checking for inttypes.h... yes
checking for stdint.h... yes
checking for unistd.h... yes
checking for dlfcn.h... yes
checking for objdir... .libs
checking if x86_64-unknown-linux-gnu-gcc supports -fno-rtti -fno-exceptions... no
checking for x86_64-unknown-linux-gnu-gcc option to produce PIC... -fPIC -DPIC
checking if x86_64-unknown-linux-gnu-gcc PIC flag -fPIC -DPIC works... yes
checking if x86_64-unknown-linux-gnu-gcc static flag -static works... yes
checking if x86_64-unknown-linux-gnu-gcc supports -c -o file.o... yes
checking if x86_64-unknown-linux-gnu-gcc supports -c -o file.o... (cached) yes
checking whether the x86_64-unknown-linux-gnu-gcc linker (/usr/bin/ld -m elf_x86_64) supports shared libraries... yes
checking whether -lc should be explicitly linked in... no
checking dynamic linker characteristics... GNU/Linux ld.so
checking how to hardcode library paths into programs... immediate
checking whether stripping libraries is possible... yes
checking if libtool supports shared libraries... yes
checking whether to build shared libraries... yes
checking whether to build static libraries... no
checking dummy usability... no
checking dummy presence... no
checking for dummy... no
checking mt usability... no
checking mt presence... no
checking for mt... no
checking target operating system... linux
checking sys/statvfs.h usability... yes
checking sys/statvfs.h presence... yes
checking for sys/statvfs.h... yes
checking for statvfs... yes
disabled use of O_DIRECT with track input
disabled write size default 64 KB on DVD
disabled padding of DVD DAO sessions to 32 or 64 KB
checking for x86_64-unknown-linux-gnu-pkg-config... /usr/bin/x86_64-unknown-linux-gnu-pkg-config
checking pkg-config is at least version 0.9.0... yes
checking for missing scsi/scsi.h on Linux... no
enabled  strict symbol encapsulation
checking for overridden pkgconfig directory path... no
checking that generated files are newer than configure... done
configure: creating ./config.status
config.status: creating Makefile
config.status: creating doc/doxygen.conf
config.status: creating version.h
config.status: creating libburn-1.pc
config.status: executing depfiles commands
config.status: executing libtool commands
+ make V=1
depbase=`echo libburn/async.lo | sed 's|[^/]*$|.deps/&|;s|\.lo$||'`;\
/bin/sh ./libtool  --tag=CC   --mode=compile x86_64-unknown-linux-gnu-gcc -DPACKAGE_NAME=\"libburn\" -DPACKAGE_TARNAME=\"libburn\" -DPACKAGE_VERSION=\"1.5.6\" -DPACKAGE_STRING=\"libburn\ 1.5.6\" -DPACKAGE_BUGREPORT=\"http://libburnia-project.org\" -DPACKAGE_URL=\"\" -DPACKAGE=\"libburn\" -DVERSION=\"1.5.6\" -DHAVE_FSEEKO=1 -DSTDC_HEADERS=1 -DHAVE_SYS_TYPES_H=1 -DHAVE_SYS_STAT_H=1 -DHAVE_STDLIB_H=1 -DHAVE_STRING_H=1 -DHAVE_MEMORY_H=1 -DHAVE_STRINGS_H=1 -DHAVE_INTTYPES_H=1 -DHAVE_STDINT_H=1 -DHAVE_UNISTD_H=1 -DHAVE_DLFCN_H=1 -DLT_OBJDIR=\".libs/\" -I.     -DDEBUG -g -pedantic -Wall -Wextra -Wno-unused-parameter -Wno-char-subscripts    -DLibburn_os_has_statvfS -O2 -m64 -march=x86-64 -mtune=generic -flto=auto -ffat-lto-objects -MT libburn/async.lo -MD -MP -MF $depbase.Tpo -c -o libburn/async.lo libburn/async.c &&\
mv -f $depbase.Tpo $depbase.Plo
depbase=`echo libburn/cdtext.lo | sed 's|[^/]*$|.deps/&|;s|\.lo$||'`;\
/bin/sh ./libtool  --tag=CC   --mode=compile x86_64-unknown-linux-gnu-gcc -DPACKAGE_NAME=\"libburn\" -DPACKAGE_TARNAME=\"libburn\" -DPACKAGE_VERSION=\"1.5.6\" -DPACKAGE_STRING=\"libburn\ 1.5.6\" -DPACKAGE_BUGREPORT=\"http://libburnia-project.org\" -DPACKAGE_URL=\"\" -DPACKAGE=\"libburn\" -DVERSION=\"1.5.6\" -DHAVE_FSEEKO=1 -DSTDC_HEADERS=1 -DHAVE_SYS_TYPES_H=1 -DHAVE_SYS_STAT_H=1 -DHAVE_STDLIB_H=1 -DHAVE_STRING_H=1 -DHAVE_MEMORY_H=1 -DHAVE_STRINGS_H=1 -DHAVE_INTTYPES_H=1 -DHAVE_STDINT_H=1 -DHAVE_UNISTD_H=1 -DHAVE_DLFCN_H=1 -DLT_OBJDIR=\".libs/\" -I.     -DDEBUG -g -pedantic -Wall -Wextra -Wno-unused-parameter -Wno-char-subscripts    -DLibburn_os_has_statvfS -O2 -m64 -march=x86-64 -mtune=generic -flto=auto -ffat-lto-objects -MT libburn/cdtext.lo -MD -MP -MF $depbase.Tpo -c -o libburn/cdtext.lo libburn/cdtext.c &&\
mv -f $depbase.Tpo $depbase.Plo
depbase=`echo libburn/cleanup.lo | sed 's|[^/]*$|.deps/&|;s|\.lo$||'`;\
/bin/sh ./libtool  --tag=CC   --mode=compile x86_64-unknown-linux-gnu-gcc -DPACKAGE_NAME=\"libburn\" -DPACKAGE_TARNAME=\"libburn\" -DPACKAGE_VERSION=\"1.5.6\" -DPACKAGE_STRING=\"libburn\ 1.5.6\" -DPACKAGE_BUGREPORT=\"http://libburnia-project.org\" -DPACKAGE_URL=\"\" -DPACKAGE=\"libburn\" -DVERSION=\"1.5.6\" -DHAVE_FSEEKO=1 -DSTDC_HEADERS=1 -DHAVE_SYS_TYPES_H=1 -DHAVE_SYS_STAT_H=1 -DHAVE_STDLIB_H=1 -DHAVE_STRING_H=1 -DHAVE_MEMORY_H=1 -DHAVE_STRINGS_H=1 -DHAVE_INTTYPES_H=1 -DHAVE_STDINT_H=1 -DHAVE_UNISTD_H=1 -DHAVE_DLFCN_H=1 -DLT_OBJDIR=\".libs/\" -I.     -DDEBUG -g -pedantic -Wall -Wextra -Wno-unused-parameter -Wno-char-subscripts    -DLibburn_os_has_statvfS -O2 -m64 -march=x86-64 -mtune=generic -flto=auto -ffat-lto-objects -MT libburn/cleanup.lo -MD -MP -MF $depbase.Tpo -c -o libburn/cleanup.lo libburn/cleanup.c &&\
mv -f $depbase.Tpo $depbase.Plo
depbase=`echo libburn/crc.lo | sed 's|[^/]*$|.deps/&|;s|\.lo$||'`;\
/bin/sh ./libtool  --tag=CC   --mode=compile x86_64-unknown-linux-gnu-gcc -DPACKAGE_NAME=\"libburn\" -DPACKAGE_TARNAME=\"libburn\" -DPACKAGE_VERSION=\"1.5.6\" -DPACKAGE_STRING=\"libburn\ 1.5.6\" -DPACKAGE_BUGREPORT=\"http://libburnia-project.org\" -DPACKAGE_URL=\"\" -DPACKAGE=\"libburn\" -DVERSION=\"1.5.6\" -DHAVE_FSEEKO=1 -DSTDC_HEADERS=1 -DHAVE_SYS_TYPES_H=1 -DHAVE_SYS_STAT_H=1 -DHAVE_STDLIB_H=1 -DHAVE_STRING_H=1 -DHAVE_MEMORY_H=1 -DHAVE_STRINGS_H=1 -DHAVE_INTTYPES_H=1 -DHAVE_STDINT_H=1 -DHAVE_UNISTD_H=1 -DHAVE_DLFCN_H=1 -DLT_OBJDIR=\".libs/\" -I.     -DDEBUG -g -pedantic -Wall -Wextra -Wno-unused-parameter -Wno-char-subscripts    -DLibburn_os_has_statvfS -O2 -m64 -march=x86-64 -mtune=generic -flto=auto -ffat-lto-objects -MT libburn/crc.lo -MD -MP -MF $depbase.Tpo -c -o libburn/crc.lo libburn/crc.c &&\
mv -f $depbase.Tpo $depbase.Plo
depbase=`echo libburn/debug.lo | sed 's|[^/]*$|.deps/&|;s|\.lo$||'`;\
/bin/sh ./libtool  --tag=CC   --mode=compile x86_64-unknown-linux-gnu-gcc -DPACKAGE_NAME=\"libburn\" -DPACKAGE_TARNAME=\"libburn\" -DPACKAGE_VERSION=\"1.5.6\" -DPACKAGE_STRING=\"libburn\ 1.5.6\" -DPACKAGE_BUGREPORT=\"http://libburnia-project.org\" -DPACKAGE_URL=\"\" -DPACKAGE=\"libburn\" -DVERSION=\"1.5.6\" -DHAVE_FSEEKO=1 -DSTDC_HEADERS=1 -DHAVE_SYS_TYPES_H=1 -DHAVE_SYS_STAT_H=1 -DHAVE_STDLIB_H=1 -DHAVE_STRING_H=1 -DHAVE_MEMORY_H=1 -DHAVE_STRINGS_H=1 -DHAVE_INTTYPES_H=1 -DHAVE_STDINT_H=1 -DHAVE_UNISTD_H=1 -DHAVE_DLFCN_H=1 -DLT_OBJDIR=\".libs/\" -I.     -DDEBUG -g -pedantic -Wall -Wextra -Wno-unused-parameter -Wno-char-subscripts    -DLibburn_os_has_statvfS -O2 -m64 -march=x86-64 -mtune=generic -flto=auto -ffat-lto-objects -MT libburn/debug.lo -MD -MP -MF $depbase.Tpo -c -o libburn/debug.lo libburn/debug.c &&\
mv -f $depbase.Tpo $depbase.Plo
depbase=`echo libburn/drive.lo | sed 's|[^/]*$|.deps/&|;s|\.lo$||'`;\
/bin/sh ./libtool  --tag=CC   --mode=compile x86_64-unknown-linux-gnu-gcc -DPACKAGE_NAME=\"libburn\" -DPACKAGE_TARNAME=\"libburn\" -DPACKAGE_VERSION=\"1.5.6\" -DPACKAGE_STRING=\"libburn\ 1.5.6\" -DPACKAGE_BUGREPORT=\"http://libburnia-project.org\" -DPACKAGE_URL=\"\" -DPACKAGE=\"libburn\" -DVERSION=\"1.5.6\" -DHAVE_FSEEKO=1 -DSTDC_HEADERS=1 -DHAVE_SYS_TYPES_H=1 -DHAVE_SYS_STAT_H=1 -DHAVE_STDLIB_H=1 -DHAVE_STRING_H=1 -DHAVE_MEMORY_H=1 -DHAVE_STRINGS_H=1 -DHAVE_INTTYPES_H=1 -DHAVE_STDINT_H=1 -DHAVE_UNISTD_H=1 -DHAVE_DLFCN_H=1 -DLT_OBJDIR=\".libs/\" -I.     -DDEBUG -g -pedantic -Wall -Wextra -Wno-unused-parameter -Wno-char-subscripts    -DLibburn_os_has_statvfS -O2 -m64 -march=x86-64 -mtune=generic -flto=auto -ffat-lto-objects -MT libburn/drive.lo -MD -MP -MF $depbase.Tpo -c -o libburn/drive.lo libburn/drive.c &&\
mv -f $depbase.Tpo $depbase.Plo
depbase=`echo libburn/ecma130ab.lo | sed 's|[^/]*$|.deps/&|;s|\.lo$||'`;\
/bin/sh ./libtool  --tag=CC   --mode=compile x86_64-unknown-linux-gnu-gcc -DPACKAGE_NAME=\"libburn\" -DPACKAGE_TARNAME=\"libburn\" -DPACKAGE_VERSION=\"1.5.6\" -DPACKAGE_STRING=\"libburn\ 1.5.6\" -DPACKAGE_BUGREPORT=\"http://libburnia-project.org\" -DPACKAGE_URL=\"\" -DPACKAGE=\"libburn\" -DVERSION=\"1.5.6\" -DHAVE_FSEEKO=1 -DSTDC_HEADERS=1 -DHAVE_SYS_TYPES_H=1 -DHAVE_SYS_STAT_H=1 -DHAVE_STDLIB_H=1 -DHAVE_STRING_H=1 -DHAVE_MEMORY_H=1 -DHAVE_STRINGS_H=1 -DHAVE_INTTYPES_H=1 -DHAVE_STDINT_H=1 -DHAVE_UNISTD_H=1 -DHAVE_DLFCN_H=1 -DLT_OBJDIR=\".libs/\" -I.     -DDEBUG -g -pedantic -Wall -Wextra -Wno-unused-parameter -Wno-char-subscripts    -DLibburn_os_has_statvfS -O2 -m64 -march=x86-64 -mtune=generic -flto=auto -ffat-lto-objects -MT libburn/ecma130ab.lo -MD -MP -MF $depbase.Tpo -c -o libburn/ecma130ab.lo libburn/ecma130ab.c &&\
mv -f $depbase.Tpo $depbase.Plo
depbase=`echo libburn/file.lo | sed 's|[^/]*$|.deps/&|;s|\.lo$||'`;\
/bin/sh ./libtool  --tag=CC   --mode=compile x86_64-unknown-linux-gnu-gcc -DPACKAGE_NAME=\"libburn\" -DPACKAGE_TARNAME=\"libburn\" -DPACKAGE_VERSION=\"1.5.6\" -DPACKAGE_STRING=\"libburn\ 1.5.6\" -DPACKAGE_BUGREPORT=\"http://libburnia-project.org\" -DPACKAGE_URL=\"\" -DPACKAGE=\"libburn\" -DVERSION=\"1.5.6\" -DHAVE_FSEEKO=1 -DSTDC_HEADERS=1 -DHAVE_SYS_TYPES_H=1 -DHAVE_SYS_STAT_H=1 -DHAVE_STDLIB_H=1 -DHAVE_STRING_H=1 -DHAVE_MEMORY_H=1 -DHAVE_STRINGS_H=1 -DHAVE_INTTYPES_H=1 -DHAVE_STDINT_H=1 -DHAVE_UNISTD_H=1 -DHAVE_DLFCN_H=1 -DLT_OBJDIR=\".libs/\" -I.     -DDEBUG -g -pedantic -Wall -Wextra -Wno-unused-parameter -Wno-char-subscripts    -DLibburn_os_has_statvfS -O2 -m64 -march=x86-64 -mtune=generic -flto=auto -ffat-lto-objects -MT libburn/file.lo -MD -MP -MF $depbase.Tpo -c -o libburn/file.lo libburn/file.c &&\
mv -f $depbase.Tpo $depbase.Plo
libtool: compile:  x86_64-unknown-linux-gnu-gcc -DPACKAGE_NAME=\"libburn\" -DPACKAGE_TARNAME=\"libburn\" -DPACKAGE_VERSION=\"1.5.6\" "-DPACKAGE_STRING=\"libburn 1.5.6\"" -DPACKAGE_BUGREPORT=\"http://libburnia-project.org\" -DPACKAGE_URL=\"\" -DPACKAGE=\"libburn\" -DVERSION=\"1.5.6\" -DHAVE_FSEEKO=1 -DSTDC_HEADERS=1 -DHAVE_SYS_TYPES_H=1 -DHAVE_SYS_STAT_H=1 -DHAVE_STDLIB_H=1 -DHAVE_STRING_H=1 -DHAVE_MEMORY_H=1 -DHAVE_STRINGS_H=1 -DHAVE_INTTYPES_H=1 -DHAVE_STDINT_H=1 -DHAVE_UNISTD_H=1 -DHAVE_DLFCN_H=1 -DLT_OBJDIR=\".libs/\" -I. -DDEBUG -g -pedantic -Wall -Wextra -Wno-unused-parameter -Wno-char-subscripts -DLibburn_os_has_statvfS -O2 -m64 -march=x86-64 -mtune=generic -flto=auto -ffat-lto-objects -MT libburn/crc.lo -MD -MP -MF libburn/.deps/crc.Tpo -c libburn/crc.c  -fPIC -DPIC -o libburn/.libs/crc.o
libtool: compile:  x86_64-unknown-linux-gnu-gcc -DPACKAGE_NAME=\"libburn\" -DPACKAGE_TARNAME=\"libburn\" -DPACKAGE_VERSION=\"1.5.6\" "-DPACKAGE_STRING=\"libburn 1.5.6\"" -DPACKAGE_BUGREPORT=\"http://libburnia-project.org\" -DPACKAGE_URL=\"\" -DPACKAGE=\"libburn\" -DVERSION=\"1.5.6\" -DHAVE_FSEEKO=1 -DSTDC_HEADERS=1 -DHAVE_SYS_TYPES_H=1 -DHAVE_SYS_STAT_H=1 -DHAVE_STDLIB_H=1 -DHAVE_STRING_H=1 -DHAVE_MEMORY_H=1 -DHAVE_STRINGS_H=1 -DHAVE_INTTYPES_H=1 -DHAVE_STDINT_H=1 -DHAVE_UNISTD_H=1 -DHAVE_DLFCN_H=1 -DLT_OBJDIR=\".libs/\" -I. -DDEBUG -g -pedantic -Wall -Wextra -Wno-unused-parameter -Wno-char-subscripts -DLibburn_os_has_statvfS -O2 -m64 -march=x86-64 -mtune=generic -flto=auto -ffat-lto-objects -MT libburn/cleanup.lo -MD -MP -MF libburn/.deps/cleanup.Tpo -c libburn/cleanup.c  -fPIC -DPIC -o libburn/.libs/cleanup.o
libtool: compile:  x86_64-unknown-linux-gnu-gcc -DPACKAGE_NAME=\"libburn\" -DPACKAGE_TARNAME=\"libburn\" -DPACKAGE_VERSION=\"1.5.6\" "-DPACKAGE_STRING=\"libburn 1.5.6\"" -DPACKAGE_BUGREPORT=\"http://libburnia-project.org\" -DPACKAGE_URL=\"\" -DPACKAGE=\"libburn\" -DVERSION=\"1.5.6\" -DHAVE_FSEEKO=1 -DSTDC_HEADERS=1 -DHAVE_SYS_TYPES_H=1 -DHAVE_SYS_STAT_H=1 -DHAVE_STDLIB_H=1 -DHAVE_STRING_H=1 -DHAVE_MEMORY_H=1 -DHAVE_STRINGS_H=1 -DHAVE_INTTYPES_H=1 -DHAVE_STDINT_H=1 -DHAVE_UNISTD_H=1 -DHAVE_DLFCN_H=1 -DLT_OBJDIR=\".libs/\" -I. -DDEBUG -g -pedantic -Wall -Wextra -Wno-unused-parameter -Wno-char-subscripts -DLibburn_os_has_statvfS -O2 -m64 -march=x86-64 -mtune=generic -flto=auto -ffat-lto-objects -MT libburn/cdtext.lo -MD -MP -MF libburn/.deps/cdtext.Tpo -c libburn/cdtext.c  -fPIC -DPIC -o libburn/.libs/cdtext.o
libtool: compile:  x86_64-unknown-linux-gnu-gcc -DPACKAGE_NAME=\"libburn\" -DPACKAGE_TARNAME=\"libburn\" -DPACKAGE_VERSION=\"1.5.6\" "-DPACKAGE_STRING=\"libburn 1.5.6\"" -DPACKAGE_BUGREPORT=\"http://libburnia-project.org\" -DPACKAGE_URL=\"\" -DPACKAGE=\"libburn\" -DVERSION=\"1.5.6\" -DHAVE_FSEEKO=1 -DSTDC_HEADERS=1 -DHAVE_SYS_TYPES_H=1 -DHAVE_SYS_STAT_H=1 -DHAVE_STDLIB_H=1 -DHAVE_STRING_H=1 -DHAVE_MEMORY_H=1 -DHAVE_STRINGS_H=1 -DHAVE_INTTYPES_H=1 -DHAVE_STDINT_H=1 -DHAVE_UNISTD_H=1 -DHAVE_DLFCN_H=1 -DLT_OBJDIR=\".libs/\" -I. -DDEBUG -g -pedantic -Wall -Wextra -Wno-unused-parameter -Wno-char-subscripts -DLibburn_os_has_statvfS -O2 -m64 -march=x86-64 -mtune=generic -flto=auto -ffat-lto-objects -MT libburn/debug.lo -MD -MP -MF libburn/.deps/debug.Tpo -c libburn/debug.c  -fPIC -DPIC -o libburn/.libs/debug.o
libtool: compile:  x86_64-unknown-linux-gnu-gcc -DPACKAGE_NAME=\"libburn\" -DPACKAGE_TARNAME=\"libburn\" -DPACKAGE_VERSION=\"1.5.6\" "-DPACKAGE_STRING=\"libburn 1.5.6\"" -DPACKAGE_BUGREPORT=\"http://libburnia-project.org\" -DPACKAGE_URL=\"\" -DPACKAGE=\"libburn\" -DVERSION=\"1.5.6\" -DHAVE_FSEEKO=1 -DSTDC_HEADERS=1 -DHAVE_SYS_TYPES_H=1 -DHAVE_SYS_STAT_H=1 -DHAVE_STDLIB_H=1 -DHAVE_STRING_H=1 -DHAVE_MEMORY_H=1 -DHAVE_STRINGS_H=1 -DHAVE_INTTYPES_H=1 -DHAVE_STDINT_H=1 -DHAVE_UNISTD_H=1 -DHAVE_DLFCN_H=1 -DLT_OBJDIR=\".libs/\" -I. -DDEBUG -g -pedantic -Wall -Wextra -Wno-unused-parameter -Wno-char-subscripts -DLibburn_os_has_statvfS -O2 -m64 -march=x86-64 -mtune=generic -flto=auto -ffat-lto-objects -MT libburn/drive.lo -MD -MP -MF libburn/.deps/drive.Tpo -c libburn/drive.c  -fPIC -DPIC -o libburn/.libs/drive.o
libtool: compile:  x86_64-unknown-linux-gnu-gcc -DPACKAGE_NAME=\"libburn\" -DPACKAGE_TARNAME=\"libburn\" -DPACKAGE_VERSION=\"1.5.6\" "-DPACKAGE_STRING=\"libburn 1.5.6\"" -DPACKAGE_BUGREPORT=\"http://libburnia-project.org\" -DPACKAGE_URL=\"\" -DPACKAGE=\"libburn\" -DVERSION=\"1.5.6\" -DHAVE_FSEEKO=1 -DSTDC_HEADERS=1 -DHAVE_SYS_TYPES_H=1 -DHAVE_SYS_STAT_H=1 -DHAVE_STDLIB_H=1 -DHAVE_STRING_H=1 -DHAVE_MEMORY_H=1 -DHAVE_STRINGS_H=1 -DHAVE_INTTYPES_H=1 -DHAVE_STDINT_H=1 -DHAVE_UNISTD_H=1 -DHAVE_DLFCN_H=1 -DLT_OBJDIR=\".libs/\" -I. -DDEBUG -g -pedantic -Wall -Wextra -Wno-unused-parameter -Wno-char-subscripts -DLibburn_os_has_statvfS -O2 -m64 -march=x86-64 -mtune=generic -flto=auto -ffat-lto-objects -MT libburn/async.lo -MD -MP -MF libburn/.deps/async.Tpo -c libburn/async.c  -fPIC -DPIC -o libburn/.libs/async.o
libtool: compile:  x86_64-unknown-linux-gnu-gcc -DPACKAGE_NAME=\"libburn\" -DPACKAGE_TARNAME=\"libburn\" -DPACKAGE_VERSION=\"1.5.6\" "-DPACKAGE_STRING=\"libburn 1.5.6\"" -DPACKAGE_BUGREPORT=\"http://libburnia-project.org\" -DPACKAGE_URL=\"\" -DPACKAGE=\"libburn\" -DVERSION=\"1.5.6\" -DHAVE_FSEEKO=1 -DSTDC_HEADERS=1 -DHAVE_SYS_TYPES_H=1 -DHAVE_SYS_STAT_H=1 -DHAVE_STDLIB_H=1 -DHAVE_STRING_H=1 -DHAVE_MEMORY_H=1 -DHAVE_STRINGS_H=1 -DHAVE_INTTYPES_H=1 -DHAVE_STDINT_H=1 -DHAVE_UNISTD_H=1 -DHAVE_DLFCN_H=1 -DLT_OBJDIR=\".libs/\" -I. -DDEBUG -g -pedantic -Wall -Wextra -Wno-unused-parameter -Wno-char-subscripts -DLibburn_os_has_statvfS -O2 -m64 -march=x86-64 -mtune=generic -flto=auto -ffat-lto-objects -MT libburn/file.lo -MD -MP -MF libburn/.deps/file.Tpo -c libburn/file.c  -fPIC -DPIC -o libburn/.libs/file.o
libtool: compile:  x86_64-unknown-linux-gnu-gcc -DPACKAGE_NAME=\"libburn\" -DPACKAGE_TARNAME=\"libburn\" -DPACKAGE_VERSION=\"1.5.6\" "-DPACKAGE_STRING=\"libburn 1.5.6\"" -DPACKAGE_BUGREPORT=\"http://libburnia-project.org\" -DPACKAGE_URL=\"\" -DPACKAGE=\"libburn\" -DVERSION=\"1.5.6\" -DHAVE_FSEEKO=1 -DSTDC_HEADERS=1 -DHAVE_SYS_TYPES_H=1 -DHAVE_SYS_STAT_H=1 -DHAVE_STDLIB_H=1 -DHAVE_STRING_H=1 -DHAVE_MEMORY_H=1 -DHAVE_STRINGS_H=1 -DHAVE_INTTYPES_H=1 -DHAVE_STDINT_H=1 -DHAVE_UNISTD_H=1 -DHAVE_DLFCN_H=1 -DLT_OBJDIR=\".libs/\" -I. -DDEBUG -g -pedantic -Wall -Wextra -Wno-unused-parameter -Wno-char-subscripts -DLibburn_os_has_statvfS -O2 -m64 -march=x86-64 -mtune=generic -flto=auto -ffat-lto-objects -MT libburn/ecma130ab.lo -MD -MP -MF libburn/.deps/ecma130ab.Tpo -c libburn/ecma130ab.c  -fPIC -DPIC -o libburn/.libs/ecma130ab.o
depbase=`echo libburn/init.lo | sed 's|[^/]*$|.deps/&|;s|\.lo$||'`;\
/bin/sh ./libtool  --tag=CC   --mode=compile x86_64-unknown-linux-gnu-gcc -DPACKAGE_NAME=\"libburn\" -DPACKAGE_TARNAME=\"libburn\" -DPACKAGE_VERSION=\"1.5.6\" -DPACKAGE_STRING=\"libburn\ 1.5.6\" -DPACKAGE_BUGREPORT=\"http://libburnia-project.org\" -DPACKAGE_URL=\"\" -DPACKAGE=\"libburn\" -DVERSION=\"1.5.6\" -DHAVE_FSEEKO=1 -DSTDC_HEADERS=1 -DHAVE_SYS_TYPES_H=1 -DHAVE_SYS_STAT_H=1 -DHAVE_STDLIB_H=1 -DHAVE_STRING_H=1 -DHAVE_MEMORY_H=1 -DHAVE_STRINGS_H=1 -DHAVE_INTTYPES_H=1 -DHAVE_STDINT_H=1 -DHAVE_UNISTD_H=1 -DHAVE_DLFCN_H=1 -DLT_OBJDIR=\".libs/\" -I.     -DDEBUG -g -pedantic -Wall -Wextra -Wno-unused-parameter -Wno-char-subscripts    -DLibburn_os_has_statvfS -O2 -m64 -march=x86-64 -mtune=generic -flto=auto -ffat-lto-objects -MT libburn/init.lo -MD -MP -MF $depbase.Tpo -c -o libburn/init.lo libburn/init.c &&\
mv -f $depbase.Tpo $depbase.Plo
depbase=`echo libburn/libdax_audioxtr.lo | sed 's|[^/]*$|.deps/&|;s|\.lo$||'`;\
/bin/sh ./libtool  --tag=CC   --mode=compile x86_64-unknown-linux-gnu-gcc -DPACKAGE_NAME=\"libburn\" -DPACKAGE_TARNAME=\"libburn\" -DPACKAGE_VERSION=\"1.5.6\" -DPACKAGE_STRING=\"libburn\ 1.5.6\" -DPACKAGE_BUGREPORT=\"http://libburnia-project.org\" -DPACKAGE_URL=\"\" -DPACKAGE=\"libburn\" -DVERSION=\"1.5.6\" -DHAVE_FSEEKO=1 -DSTDC_HEADERS=1 -DHAVE_SYS_TYPES_H=1 -DHAVE_SYS_STAT_H=1 -DHAVE_STDLIB_H=1 -DHAVE_STRING_H=1 -DHAVE_MEMORY_H=1 -DHAVE_STRINGS_H=1 -DHAVE_INTTYPES_H=1 -DHAVE_STDINT_H=1 -DHAVE_UNISTD_H=1 -DHAVE_DLFCN_H=1 -DLT_OBJDIR=\".libs/\" -I.     -DDEBUG -g -pedantic -Wall -Wextra -Wno-unused-parameter -Wno-char-subscripts    -DLibburn_os_has_statvfS -O2 -m64 -march=x86-64 -mtune=generic -flto=auto -ffat-lto-objects -MT libburn/libdax_audioxtr.lo -MD -MP -MF $depbase.Tpo -c -o libburn/libdax_audioxtr.lo libburn/libdax_audioxtr.c &&\
mv -f $depbase.Tpo $depbase.Plo
depbase=`echo libburn/libdax_msgs.lo | sed 's|[^/]*$|.deps/&|;s|\.lo$||'`;\
/bin/sh ./libtool  --tag=CC   --mode=compile x86_64-unknown-linux-gnu-gcc -DPACKAGE_NAME=\"libburn\" -DPACKAGE_TARNAME=\"libburn\" -DPACKAGE_VERSION=\"1.5.6\" -DPACKAGE_STRING=\"libburn\ 1.5.6\" -DPACKAGE_BUGREPORT=\"http://libburnia-project.org\" -DPACKAGE_URL=\"\" -DPACKAGE=\"libburn\" -DVERSION=\"1.5.6\" -DHAVE_FSEEKO=1 -DSTDC_HEADERS=1 -DHAVE_SYS_TYPES_H=1 -DHAVE_SYS_STAT_H=1 -DHAVE_STDLIB_H=1 -DHAVE_STRING_H=1 -DHAVE_MEMORY_H=1 -DHAVE_STRINGS_H=1 -DHAVE_INTTYPES_H=1 -DHAVE_STDINT_H=1 -DHAVE_UNISTD_H=1 -DHAVE_DLFCN_H=1 -DLT_OBJDIR=\".libs/\" -I.     -DDEBUG -g -pedantic -Wall -Wextra -Wno-unused-parameter -Wno-char-subscripts    -DLibburn_os_has_statvfS -O2 -m64 -march=x86-64 -mtune=generic -flto=auto -ffat-lto-objects -MT libburn/libdax_msgs.lo -MD -MP -MF $depbase.Tpo -c -o libburn/libdax_msgs.lo libburn/libdax_msgs.c &&\
mv -f $depbase.Tpo $depbase.Plo
libtool: compile:  x86_64-unknown-linux-gnu-gcc -DPACKAGE_NAME=\"libburn\" -DPACKAGE_TARNAME=\"libburn\" -DPACKAGE_VERSION=\"1.5.6\" "-DPACKAGE_STRING=\"libburn 1.5.6\"" -DPACKAGE_BUGREPORT=\"http://libburnia-project.org\" -DPACKAGE_URL=\"\" -DPACKAGE=\"libburn\" -DVERSION=\"1.5.6\" -DHAVE_FSEEKO=1 -DSTDC_HEADERS=1 -DHAVE_SYS_TYPES_H=1 -DHAVE_SYS_STAT_H=1 -DHAVE_STDLIB_H=1 -DHAVE_STRING_H=1 -DHAVE_MEMORY_H=1 -DHAVE_STRINGS_H=1 -DHAVE_INTTYPES_H=1 -DHAVE_STDINT_H=1 -DHAVE_UNISTD_H=1 -DHAVE_DLFCN_H=1 -DLT_OBJDIR=\".libs/\" -I. -DDEBUG -g -pedantic -Wall -Wextra -Wno-unused-parameter -Wno-char-subscripts -DLibburn_os_has_statvfS -O2 -m64 -march=x86-64 -mtune=generic -flto=auto -ffat-lto-objects -MT libburn/init.lo -MD -MP -MF libburn/.deps/init.Tpo -c libburn/init.c  -fPIC -DPIC -o libburn/.libs/init.o
depbase=`echo libburn/mmc.lo | sed 's|[^/]*$|.deps/&|;s|\.lo$||'`;\
/bin/sh ./libtool  --tag=CC   --mode=compile x86_64-unknown-linux-gnu-gcc -DPACKAGE_NAME=\"libburn\" -DPACKAGE_TARNAME=\"libburn\" -DPACKAGE_VERSION=\"1.5.6\" -DPACKAGE_STRING=\"libburn\ 1.5.6\" -DPACKAGE_BUGREPORT=\"http://libburnia-project.org\" -DPACKAGE_URL=\"\" -DPACKAGE=\"libburn\" -DVERSION=\"1.5.6\" -DHAVE_FSEEKO=1 -DSTDC_HEADERS=1 -DHAVE_SYS_TYPES_H=1 -DHAVE_SYS_STAT_H=1 -DHAVE_STDLIB_H=1 -DHAVE_STRING_H=1 -DHAVE_MEMORY_H=1 -DHAVE_STRINGS_H=1 -DHAVE_INTTYPES_H=1 -DHAVE_STDINT_H=1 -DHAVE_UNISTD_H=1 -DHAVE_DLFCN_H=1 -DLT_OBJDIR=\".libs/\" -I.     -DDEBUG -g -pedantic -Wall -Wextra -Wno-unused-parameter -Wno-char-subscripts    -DLibburn_os_has_statvfS -O2 -m64 -march=x86-64 -mtune=generic -flto=auto -ffat-lto-objects -MT libburn/mmc.lo -MD -MP -MF $depbase.Tpo -c -o libburn/mmc.lo libburn/mmc.c &&\
mv -f $depbase.Tpo $depbase.Plo
libtool: compile:  x86_64-unknown-linux-gnu-gcc -DPACKAGE_NAME=\"libburn\" -DPACKAGE_TARNAME=\"libburn\" -DPACKAGE_VERSION=\"1.5.6\" "-DPACKAGE_STRING=\"libburn 1.5.6\"" -DPACKAGE_BUGREPORT=\"http://libburnia-project.org\" -DPACKAGE_URL=\"\" -DPACKAGE=\"libburn\" -DVERSION=\"1.5.6\" -DHAVE_FSEEKO=1 -DSTDC_HEADERS=1 -DHAVE_SYS_TYPES_H=1 -DHAVE_SYS_STAT_H=1 -DHAVE_STDLIB_H=1 -DHAVE_STRING_H=1 -DHAVE_MEMORY_H=1 -DHAVE_STRINGS_H=1 -DHAVE_INTTYPES_H=1 -DHAVE_STDINT_H=1 -DHAVE_UNISTD_H=1 -DHAVE_DLFCN_H=1 -DLT_OBJDIR=\".libs/\" -I. -DDEBUG -g -pedantic -Wall -Wextra -Wno-unused-parameter -Wno-char-subscripts -DLibburn_os_has_statvfS -O2 -m64 -march=x86-64 -mtune=generic -flto=auto -ffat-lto-objects -MT libburn/libdax_audioxtr.lo -MD -MP -MF libburn/.deps/libdax_audioxtr.Tpo -c libburn/libdax_audioxtr.c  -fPIC -DPIC -o libburn/.libs/libdax_audioxtr.o
libtool: compile:  x86_64-unknown-linux-gnu-gcc -DPACKAGE_NAME=\"libburn\" -DPACKAGE_TARNAME=\"libburn\" -DPACKAGE_VERSION=\"1.5.6\" "-DPACKAGE_STRING=\"libburn 1.5.6\"" -DPACKAGE_BUGREPORT=\"http://libburnia-project.org\" -DPACKAGE_URL=\"\" -DPACKAGE=\"libburn\" -DVERSION=\"1.5.6\" -DHAVE_FSEEKO=1 -DSTDC_HEADERS=1 -DHAVE_SYS_TYPES_H=1 -DHAVE_SYS_STAT_H=1 -DHAVE_STDLIB_H=1 -DHAVE_STRING_H=1 -DHAVE_MEMORY_H=1 -DHAVE_STRINGS_H=1 -DHAVE_INTTYPES_H=1 -DHAVE_STDINT_H=1 -DHAVE_UNISTD_H=1 -DHAVE_DLFCN_H=1 -DLT_OBJDIR=\".libs/\" -I. -DDEBUG -g -pedantic -Wall -Wextra -Wno-unused-parameter -Wno-char-subscripts -DLibburn_os_has_statvfS -O2 -m64 -march=x86-64 -mtune=generic -flto=auto -ffat-lto-objects -MT libburn/libdax_msgs.lo -MD -MP -MF libburn/.deps/libdax_msgs.Tpo -c libburn/libdax_msgs.c  -fPIC -DPIC -o libburn/.libs/libdax_msgs.o
libtool: compile:  x86_64-unknown-linux-gnu-gcc -DPACKAGE_NAME=\"libburn\" -DPACKAGE_TARNAME=\"libburn\" -DPACKAGE_VERSION=\"1.5.6\" "-DPACKAGE_STRING=\"libburn 1.5.6\"" -DPACKAGE_BUGREPORT=\"http://libburnia-project.org\" -DPACKAGE_URL=\"\" -DPACKAGE=\"libburn\" -DVERSION=\"1.5.6\" -DHAVE_FSEEKO=1 -DSTDC_HEADERS=1 -DHAVE_SYS_TYPES_H=1 -DHAVE_SYS_STAT_H=1 -DHAVE_STDLIB_H=1 -DHAVE_STRING_H=1 -DHAVE_MEMORY_H=1 -DHAVE_STRINGS_H=1 -DHAVE_INTTYPES_H=1 -DHAVE_STDINT_H=1 -DHAVE_UNISTD_H=1 -DHAVE_DLFCN_H=1 -DLT_OBJDIR=\".libs/\" -I. -DDEBUG -g -pedantic -Wall -Wextra -Wno-unused-parameter -Wno-char-subscripts -DLibburn_os_has_statvfS -O2 -m64 -march=x86-64 -mtune=generic -flto=auto -ffat-lto-objects -MT libburn/mmc.lo -MD -MP -MF libburn/.deps/mmc.Tpo -c libburn/mmc.c  -fPIC -DPIC -o libburn/.libs/mmc.o
depbase=`echo libburn/null.lo | sed 's|[^/]*$|.deps/&|;s|\.lo$||'`;\
/bin/sh ./libtool  --tag=CC   --mode=compile x86_64-unknown-linux-gnu-gcc -DPACKAGE_NAME=\"libburn\" -DPACKAGE_TARNAME=\"libburn\" -DPACKAGE_VERSION=\"1.5.6\" -DPACKAGE_STRING=\"libburn\ 1.5.6\" -DPACKAGE_BUGREPORT=\"http://libburnia-project.org\" -DPACKAGE_URL=\"\" -DPACKAGE=\"libburn\" -DVERSION=\"1.5.6\" -DHAVE_FSEEKO=1 -DSTDC_HEADERS=1 -DHAVE_SYS_TYPES_H=1 -DHAVE_SYS_STAT_H=1 -DHAVE_STDLIB_H=1 -DHAVE_STRING_H=1 -DHAVE_MEMORY_H=1 -DHAVE_STRINGS_H=1 -DHAVE_INTTYPES_H=1 -DHAVE_STDINT_H=1 -DHAVE_UNISTD_H=1 -DHAVE_DLFCN_H=1 -DLT_OBJDIR=\".libs/\" -I.     -DDEBUG -g -pedantic -Wall -Wextra -Wno-unused-parameter -Wno-char-subscripts    -DLibburn_os_has_statvfS -O2 -m64 -march=x86-64 -mtune=generic -flto=auto -ffat-lto-objects -MT libburn/null.lo -MD -MP -MF $depbase.Tpo -c -o libburn/null.lo libburn/null.c &&\
mv -f $depbase.Tpo $depbase.Plo
libtool: compile:  x86_64-unknown-linux-gnu-gcc -DPACKAGE_NAME=\"libburn\" -DPACKAGE_TARNAME=\"libburn\" -DPACKAGE_VERSION=\"1.5.6\" "-DPACKAGE_STRING=\"libburn 1.5.6\"" -DPACKAGE_BUGREPORT=\"http://libburnia-project.org\" -DPACKAGE_URL=\"\" -DPACKAGE=\"libburn\" -DVERSION=\"1.5.6\" -DHAVE_FSEEKO=1 -DSTDC_HEADERS=1 -DHAVE_SYS_TYPES_H=1 -DHAVE_SYS_STAT_H=1 -DHAVE_STDLIB_H=1 -DHAVE_STRING_H=1 -DHAVE_MEMORY_H=1 -DHAVE_STRINGS_H=1 -DHAVE_INTTYPES_H=1 -DHAVE_STDINT_H=1 -DHAVE_UNISTD_H=1 -DHAVE_DLFCN_H=1 -DLT_OBJDIR=\".libs/\" -I. -DDEBUG -g -pedantic -Wall -Wextra -Wno-unused-parameter -Wno-char-subscripts -DLibburn_os_has_statvfS -O2 -m64 -march=x86-64 -mtune=generic -flto=auto -ffat-lto-objects -MT libburn/null.lo -MD -MP -MF libburn/.deps/null.Tpo -c libburn/null.c  -fPIC -DPIC -o libburn/.libs/null.o
depbase=`echo libburn/options.lo | sed 's|[^/]*$|.deps/&|;s|\.lo$||'`;\
/bin/sh ./libtool  --tag=CC   --mode=compile x86_64-unknown-linux-gnu-gcc -DPACKAGE_NAME=\"libburn\" -DPACKAGE_TARNAME=\"libburn\" -DPACKAGE_VERSION=\"1.5.6\" -DPACKAGE_STRING=\"libburn\ 1.5.6\" -DPACKAGE_BUGREPORT=\"http://libburnia-project.org\" -DPACKAGE_URL=\"\" -DPACKAGE=\"libburn\" -DVERSION=\"1.5.6\" -DHAVE_FSEEKO=1 -DSTDC_HEADERS=1 -DHAVE_SYS_TYPES_H=1 -DHAVE_SYS_STAT_H=1 -DHAVE_STDLIB_H=1 -DHAVE_STRING_H=1 -DHAVE_MEMORY_H=1 -DHAVE_STRINGS_H=1 -DHAVE_INTTYPES_H=1 -DHAVE_STDINT_H=1 -DHAVE_UNISTD_H=1 -DHAVE_DLFCN_H=1 -DLT_OBJDIR=\".libs/\" -I.     -DDEBUG -g -pedantic -Wall -Wextra -Wno-unused-parameter -Wno-char-subscripts    -DLibburn_os_has_statvfS -O2 -m64 -march=x86-64 -mtune=generic -flto=auto -ffat-lto-objects -MT libburn/options.lo -MD -MP -MF $depbase.Tpo -c -o libburn/options.lo libburn/options.c &&\
mv -f $depbase.Tpo $depbase.Plo
depbase=`echo libburn/read.lo | sed 's|[^/]*$|.deps/&|;s|\.lo$||'`;\
/bin/sh ./libtool  --tag=CC   --mode=compile x86_64-unknown-linux-gnu-gcc -DPACKAGE_NAME=\"libburn\" -DPACKAGE_TARNAME=\"libburn\" -DPACKAGE_VERSION=\"1.5.6\" -DPACKAGE_STRING=\"libburn\ 1.5.6\" -DPACKAGE_BUGREPORT=\"http://libburnia-project.org\" -DPACKAGE_URL=\"\" -DPACKAGE=\"libburn\" -DVERSION=\"1.5.6\" -DHAVE_FSEEKO=1 -DSTDC_HEADERS=1 -DHAVE_SYS_TYPES_H=1 -DHAVE_SYS_STAT_H=1 -DHAVE_STDLIB_H=1 -DHAVE_STRING_H=1 -DHAVE_MEMORY_H=1 -DHAVE_STRINGS_H=1 -DHAVE_INTTYPES_H=1 -DHAVE_STDINT_H=1 -DHAVE_UNISTD_H=1 -DHAVE_DLFCN_H=1 -DLT_OBJDIR=\".libs/\" -I.     -DDEBUG -g -pedantic -Wall -Wextra -Wno-unused-parameter -Wno-char-subscripts    -DLibburn_os_has_statvfS -O2 -m64 -march=x86-64 -mtune=generic -flto=auto -ffat-lto-objects -MT libburn/read.lo -MD -MP -MF $depbase.Tpo -c -o libburn/read.lo libburn/read.c &&\
mv -f $depbase.Tpo $depbase.Plo
depbase=`echo libburn/sbc.lo | sed 's|[^/]*$|.deps/&|;s|\.lo$||'`;\
/bin/sh ./libtool  --tag=CC   --mode=compile x86_64-unknown-linux-gnu-gcc -DPACKAGE_NAME=\"libburn\" -DPACKAGE_TARNAME=\"libburn\" -DPACKAGE_VERSION=\"1.5.6\" -DPACKAGE_STRING=\"libburn\ 1.5.6\" -DPACKAGE_BUGREPORT=\"http://libburnia-project.org\" -DPACKAGE_URL=\"\" -DPACKAGE=\"libburn\" -DVERSION=\"1.5.6\" -DHAVE_FSEEKO=1 -DSTDC_HEADERS=1 -DHAVE_SYS_TYPES_H=1 -DHAVE_SYS_STAT_H=1 -DHAVE_STDLIB_H=1 -DHAVE_STRING_H=1 -DHAVE_MEMORY_H=1 -DHAVE_STRINGS_H=1 -DHAVE_INTTYPES_H=1 -DHAVE_STDINT_H=1 -DHAVE_UNISTD_H=1 -DHAVE_DLFCN_H=1 -DLT_OBJDIR=\".libs/\" -I.     -DDEBUG -g -pedantic -Wall -Wextra -Wno-unused-parameter -Wno-char-subscripts    -DLibburn_os_has_statvfS -O2 -m64 -march=x86-64 -mtune=generic -flto=auto -ffat-lto-objects -MT libburn/sbc.lo -MD -MP -MF $depbase.Tpo -c -o libburn/sbc.lo libburn/sbc.c &&\
mv -f $depbase.Tpo $depbase.Plo
depbase=`echo libburn/sector.lo | sed 's|[^/]*$|.deps/&|;s|\.lo$||'`;\
/bin/sh ./libtool  --tag=CC   --mode=compile x86_64-unknown-linux-gnu-gcc -DPACKAGE_NAME=\"libburn\" -DPACKAGE_TARNAME=\"libburn\" -DPACKAGE_VERSION=\"1.5.6\" -DPACKAGE_STRING=\"libburn\ 1.5.6\" -DPACKAGE_BUGREPORT=\"http://libburnia-project.org\" -DPACKAGE_URL=\"\" -DPACKAGE=\"libburn\" -DVERSION=\"1.5.6\" -DHAVE_FSEEKO=1 -DSTDC_HEADERS=1 -DHAVE_SYS_TYPES_H=1 -DHAVE_SYS_STAT_H=1 -DHAVE_STDLIB_H=1 -DHAVE_STRING_H=1 -DHAVE_MEMORY_H=1 -DHAVE_STRINGS_H=1 -DHAVE_INTTYPES_H=1 -DHAVE_STDINT_H=1 -DHAVE_UNISTD_H=1 -DHAVE_DLFCN_H=1 -DLT_OBJDIR=\".libs/\" -I.     -DDEBUG -g -pedantic -Wall -Wextra -Wno-unused-parameter -Wno-char-subscripts    -DLibburn_os_has_statvfS -O2 -m64 -march=x86-64 -mtune=generic -flto=auto -ffat-lto-objects -MT libburn/sector.lo -MD -MP -MF $depbase.Tpo -c -o libburn/sector.lo libburn/sector.c &&\
mv -f $depbase.Tpo $depbase.Plo
libtool: compile:  x86_64-unknown-linux-gnu-gcc -DPACKAGE_NAME=\"libburn\" -DPACKAGE_TARNAME=\"libburn\" -DPACKAGE_VERSION=\"1.5.6\" "-DPACKAGE_STRING=\"libburn 1.5.6\"" -DPACKAGE_BUGREPORT=\"http://libburnia-project.org\" -DPACKAGE_URL=\"\" -DPACKAGE=\"libburn\" -DVERSION=\"1.5.6\" -DHAVE_FSEEKO=1 -DSTDC_HEADERS=1 -DHAVE_SYS_TYPES_H=1 -DHAVE_SYS_STAT_H=1 -DHAVE_STDLIB_H=1 -DHAVE_STRING_H=1 -DHAVE_MEMORY_H=1 -DHAVE_STRINGS_H=1 -DHAVE_INTTYPES_H=1 -DHAVE_STDINT_H=1 -DHAVE_UNISTD_H=1 -DHAVE_DLFCN_H=1 -DLT_OBJDIR=\".libs/\" -I. -DDEBUG -g -pedantic -Wall -Wextra -Wno-unused-parameter -Wno-char-subscripts -DLibburn_os_has_statvfS -O2 -m64 -march=x86-64 -mtune=generic -flto=auto -ffat-lto-objects -MT libburn/read.lo -MD -MP -MF libburn/.deps/read.Tpo -c libburn/read.c  -fPIC -DPIC -o libburn/.libs/read.o
libtool: compile:  x86_64-unknown-linux-gnu-gcc -DPACKAGE_NAME=\"libburn\" -DPACKAGE_TARNAME=\"libburn\" -DPACKAGE_VERSION=\"1.5.6\" "-DPACKAGE_STRING=\"libburn 1.5.6\"" -DPACKAGE_BUGREPORT=\"http://libburnia-project.org\" -DPACKAGE_URL=\"\" -DPACKAGE=\"libburn\" -DVERSION=\"1.5.6\" -DHAVE_FSEEKO=1 -DSTDC_HEADERS=1 -DHAVE_SYS_TYPES_H=1 -DHAVE_SYS_STAT_H=1 -DHAVE_STDLIB_H=1 -DHAVE_STRING_H=1 -DHAVE_MEMORY_H=1 -DHAVE_STRINGS_H=1 -DHAVE_INTTYPES_H=1 -DHAVE_STDINT_H=1 -DHAVE_UNISTD_H=1 -DHAVE_DLFCN_H=1 -DLT_OBJDIR=\".libs/\" -I. -DDEBUG -g -pedantic -Wall -Wextra -Wno-unused-parameter -Wno-char-subscripts -DLibburn_os_has_statvfS -O2 -m64 -march=x86-64 -mtune=generic -flto=auto -ffat-lto-objects -MT libburn/options.lo -MD -MP -MF libburn/.deps/options.Tpo -c libburn/options.c  -fPIC -DPIC -o libburn/.libs/options.o
libtool: compile:  x86_64-unknown-linux-gnu-gcc -DPACKAGE_NAME=\"libburn\" -DPACKAGE_TARNAME=\"libburn\" -DPACKAGE_VERSION=\"1.5.6\" "-DPACKAGE_STRING=\"libburn 1.5.6\"" -DPACKAGE_BUGREPORT=\"http://libburnia-project.org\" -DPACKAGE_URL=\"\" -DPACKAGE=\"libburn\" -DVERSION=\"1.5.6\" -DHAVE_FSEEKO=1 -DSTDC_HEADERS=1 -DHAVE_SYS_TYPES_H=1 -DHAVE_SYS_STAT_H=1 -DHAVE_STDLIB_H=1 -DHAVE_STRING_H=1 -DHAVE_MEMORY_H=1 -DHAVE_STRINGS_H=1 -DHAVE_INTTYPES_H=1 -DHAVE_STDINT_H=1 -DHAVE_UNISTD_H=1 -DHAVE_DLFCN_H=1 -DLT_OBJDIR=\".libs/\" -I. -DDEBUG -g -pedantic -Wall -Wextra -Wno-unused-parameter -Wno-char-subscripts -DLibburn_os_has_statvfS -O2 -m64 -march=x86-64 -mtune=generic -flto=auto -ffat-lto-objects -MT libburn/sbc.lo -MD -MP -MF libburn/.deps/sbc.Tpo -c libburn/sbc.c  -fPIC -DPIC -o libburn/.libs/sbc.o
libtool: compile:  x86_64-unknown-linux-gnu-gcc -DPACKAGE_NAME=\"libburn\" -DPACKAGE_TARNAME=\"libburn\" -DPACKAGE_VERSION=\"1.5.6\" "-DPACKAGE_STRING=\"libburn 1.5.6\"" -DPACKAGE_BUGREPORT=\"http://libburnia-project.org\" -DPACKAGE_URL=\"\" -DPACKAGE=\"libburn\" -DVERSION=\"1.5.6\" -DHAVE_FSEEKO=1 -DSTDC_HEADERS=1 -DHAVE_SYS_TYPES_H=1 -DHAVE_SYS_STAT_H=1 -DHAVE_STDLIB_H=1 -DHAVE_STRING_H=1 -DHAVE_MEMORY_H=1 -DHAVE_STRINGS_H=1 -DHAVE_INTTYPES_H=1 -DHAVE_STDINT_H=1 -DHAVE_UNISTD_H=1 -DHAVE_DLFCN_H=1 -DLT_OBJDIR=\".libs/\" -I. -DDEBUG -g -pedantic -Wall -Wextra -Wno-unused-parameter -Wno-char-subscripts -DLibburn_os_has_statvfS -O2 -m64 -march=x86-64 -mtune=generic -flto=auto -ffat-lto-objects -MT libburn/sector.lo -MD -MP -MF libburn/.deps/sector.Tpo -c libburn/sector.c  -fPIC -DPIC -o libburn/.libs/sector.o
depbase=`echo libburn/sg.lo | sed 's|[^/]*$|.deps/&|;s|\.lo$||'`;\
/bin/sh ./libtool  --tag=CC   --mode=compile x86_64-unknown-linux-gnu-gcc -DPACKAGE_NAME=\"libburn\" -DPACKAGE_TARNAME=\"libburn\" -DPACKAGE_VERSION=\"1.5.6\" -DPACKAGE_STRING=\"libburn\ 1.5.6\" -DPACKAGE_BUGREPORT=\"http://libburnia-project.org\" -DPACKAGE_URL=\"\" -DPACKAGE=\"libburn\" -DVERSION=\"1.5.6\" -DHAVE_FSEEKO=1 -DSTDC_HEADERS=1 -DHAVE_SYS_TYPES_H=1 -DHAVE_SYS_STAT_H=1 -DHAVE_STDLIB_H=1 -DHAVE_STRING_H=1 -DHAVE_MEMORY_H=1 -DHAVE_STRINGS_H=1 -DHAVE_INTTYPES_H=1 -DHAVE_STDINT_H=1 -DHAVE_UNISTD_H=1 -DHAVE_DLFCN_H=1 -DLT_OBJDIR=\".libs/\" -I.     -DDEBUG -g -pedantic -Wall -Wextra -Wno-unused-parameter -Wno-char-subscripts    -DLibburn_os_has_statvfS -O2 -m64 -march=x86-64 -mtune=generic -flto=auto -ffat-lto-objects -MT libburn/sg.lo -MD -MP -MF $depbase.Tpo -c -o libburn/sg.lo libburn/sg.c &&\
mv -f $depbase.Tpo $depbase.Plo
depbase=`echo libburn/source.lo | sed 's|[^/]*$|.deps/&|;s|\.lo$||'`;\
/bin/sh ./libtool  --tag=CC   --mode=compile x86_64-unknown-linux-gnu-gcc -DPACKAGE_NAME=\"libburn\" -DPACKAGE_TARNAME=\"libburn\" -DPACKAGE_VERSION=\"1.5.6\" -DPACKAGE_STRING=\"libburn\ 1.5.6\" -DPACKAGE_BUGREPORT=\"http://libburnia-project.org\" -DPACKAGE_URL=\"\" -DPACKAGE=\"libburn\" -DVERSION=\"1.5.6\" -DHAVE_FSEEKO=1 -DSTDC_HEADERS=1 -DHAVE_SYS_TYPES_H=1 -DHAVE_SYS_STAT_H=1 -DHAVE_STDLIB_H=1 -DHAVE_STRING_H=1 -DHAVE_MEMORY_H=1 -DHAVE_STRINGS_H=1 -DHAVE_INTTYPES_H=1 -DHAVE_STDINT_H=1 -DHAVE_UNISTD_H=1 -DHAVE_DLFCN_H=1 -DLT_OBJDIR=\".libs/\" -I.     -DDEBUG -g -pedantic -Wall -Wextra -Wno-unused-parameter -Wno-char-subscripts    -DLibburn_os_has_statvfS -O2 -m64 -march=x86-64 -mtune=generic -flto=auto -ffat-lto-objects -MT libburn/source.lo -MD -MP -MF $depbase.Tpo -c -o libburn/source.lo libburn/source.c &&\
mv -f $depbase.Tpo $depbase.Plo
libtool: compile:  x86_64-unknown-linux-gnu-gcc -DPACKAGE_NAME=\"libburn\" -DPACKAGE_TARNAME=\"libburn\" -DPACKAGE_VERSION=\"1.5.6\" "-DPACKAGE_STRING=\"libburn 1.5.6\"" -DPACKAGE_BUGREPORT=\"http://libburnia-project.org\" -DPACKAGE_URL=\"\" -DPACKAGE=\"libburn\" -DVERSION=\"1.5.6\" -DHAVE_FSEEKO=1 -DSTDC_HEADERS=1 -DHAVE_SYS_TYPES_H=1 -DHAVE_SYS_STAT_H=1 -DHAVE_STDLIB_H=1 -DHAVE_STRING_H=1 -DHAVE_MEMORY_H=1 -DHAVE_STRINGS_H=1 -DHAVE_INTTYPES_H=1 -DHAVE_STDINT_H=1 -DHAVE_UNISTD_H=1 -DHAVE_DLFCN_H=1 -DLT_OBJDIR=\".libs/\" -I. -DDEBUG -g -pedantic -Wall -Wextra -Wno-unused-parameter -Wno-char-subscripts -DLibburn_os_has_statvfS -O2 -m64 -march=x86-64 -mtune=generic -flto=auto -ffat-lto-objects -MT libburn/source.lo -MD -MP -MF libburn/.deps/source.Tpo -c libburn/source.c  -fPIC -DPIC -o libburn/.libs/source.o
libtool: compile:  x86_64-unknown-linux-gnu-gcc -DPACKAGE_NAME=\"libburn\" -DPACKAGE_TARNAME=\"libburn\" -DPACKAGE_VERSION=\"1.5.6\" "-DPACKAGE_STRING=\"libburn 1.5.6\"" -DPACKAGE_BUGREPORT=\"http://libburnia-project.org\" -DPACKAGE_URL=\"\" -DPACKAGE=\"libburn\" -DVERSION=\"1.5.6\" -DHAVE_FSEEKO=1 -DSTDC_HEADERS=1 -DHAVE_SYS_TYPES_H=1 -DHAVE_SYS_STAT_H=1 -DHAVE_STDLIB_H=1 -DHAVE_STRING_H=1 -DHAVE_MEMORY_H=1 -DHAVE_STRINGS_H=1 -DHAVE_INTTYPES_H=1 -DHAVE_STDINT_H=1 -DHAVE_UNISTD_H=1 -DHAVE_DLFCN_H=1 -DLT_OBJDIR=\".libs/\" -I. -DDEBUG -g -pedantic -Wall -Wextra -Wno-unused-parameter -Wno-char-subscripts -DLibburn_os_has_statvfS -O2 -m64 -march=x86-64 -mtune=generic -flto=auto -ffat-lto-objects -MT libburn/sg.lo -MD -MP -MF libburn/.deps/sg.Tpo -c libburn/sg.c  -fPIC -DPIC -o libburn/.libs/sg.o
depbase=`echo libburn/spc.lo | sed 's|[^/]*$|.deps/&|;s|\.lo$||'`;\
/bin/sh ./libtool  --tag=CC   --mode=compile x86_64-unknown-linux-gnu-gcc -DPACKAGE_NAME=\"libburn\" -DPACKAGE_TARNAME=\"libburn\" -DPACKAGE_VERSION=\"1.5.6\" -DPACKAGE_STRING=\"libburn\ 1.5.6\" -DPACKAGE_BUGREPORT=\"http://libburnia-project.org\" -DPACKAGE_URL=\"\" -DPACKAGE=\"libburn\" -DVERSION=\"1.5.6\" -DHAVE_FSEEKO=1 -DSTDC_HEADERS=1 -DHAVE_SYS_TYPES_H=1 -DHAVE_SYS_STAT_H=1 -DHAVE_STDLIB_H=1 -DHAVE_STRING_H=1 -DHAVE_MEMORY_H=1 -DHAVE_STRINGS_H=1 -DHAVE_INTTYPES_H=1 -DHAVE_STDINT_H=1 -DHAVE_UNISTD_H=1 -DHAVE_DLFCN_H=1 -DLT_OBJDIR=\".libs/\" -I.     -DDEBUG -g -pedantic -Wall -Wextra -Wno-unused-parameter -Wno-char-subscripts    -DLibburn_os_has_statvfS -O2 -m64 -march=x86-64 -mtune=generic -flto=auto -ffat-lto-objects -MT libburn/spc.lo -MD -MP -MF $depbase.Tpo -c -o libburn/spc.lo libburn/spc.c &&\
mv -f $depbase.Tpo $depbase.Plo
libtool: compile:  x86_64-unknown-linux-gnu-gcc -DPACKAGE_NAME=\"libburn\" -DPACKAGE_TARNAME=\"libburn\" -DPACKAGE_VERSION=\"1.5.6\" "-DPACKAGE_STRING=\"libburn 1.5.6\"" -DPACKAGE_BUGREPORT=\"http://libburnia-project.org\" -DPACKAGE_URL=\"\" -DPACKAGE=\"libburn\" -DVERSION=\"1.5.6\" -DHAVE_FSEEKO=1 -DSTDC_HEADERS=1 -DHAVE_SYS_TYPES_H=1 -DHAVE_SYS_STAT_H=1 -DHAVE_STDLIB_H=1 -DHAVE_STRING_H=1 -DHAVE_MEMORY_H=1 -DHAVE_STRINGS_H=1 -DHAVE_INTTYPES_H=1 -DHAVE_STDINT_H=1 -DHAVE_UNISTD_H=1 -DHAVE_DLFCN_H=1 -DLT_OBJDIR=\".libs/\" -I. -DDEBUG -g -pedantic -Wall -Wextra -Wno-unused-parameter -Wno-char-subscripts -DLibburn_os_has_statvfS -O2 -m64 -march=x86-64 -mtune=generic -flto=auto -ffat-lto-objects -MT libburn/spc.lo -MD -MP -MF libburn/.deps/spc.Tpo -c libburn/spc.c  -fPIC -DPIC -o libburn/.libs/spc.o
depbase=`echo libburn/structure.lo | sed 's|[^/]*$|.deps/&|;s|\.lo$||'`;\
/bin/sh ./libtool  --tag=CC   --mode=compile x86_64-unknown-linux-gnu-gcc -DPACKAGE_NAME=\"libburn\" -DPACKAGE_TARNAME=\"libburn\" -DPACKAGE_VERSION=\"1.5.6\" -DPACKAGE_STRING=\"libburn\ 1.5.6\" -DPACKAGE_BUGREPORT=\"http://libburnia-project.org\" -DPACKAGE_URL=\"\" -DPACKAGE=\"libburn\" -DVERSION=\"1.5.6\" -DHAVE_FSEEKO=1 -DSTDC_HEADERS=1 -DHAVE_SYS_TYPES_H=1 -DHAVE_SYS_STAT_H=1 -DHAVE_STDLIB_H=1 -DHAVE_STRING_H=1 -DHAVE_MEMORY_H=1 -DHAVE_STRINGS_H=1 -DHAVE_INTTYPES_H=1 -DHAVE_STDINT_H=1 -DHAVE_UNISTD_H=1 -DHAVE_DLFCN_H=1 -DLT_OBJDIR=\".libs/\" -I.     -DDEBUG -g -pedantic -Wall -Wextra -Wno-unused-parameter -Wno-char-subscripts    -DLibburn_os_has_statvfS -O2 -m64 -march=x86-64 -mtune=generic -flto=auto -ffat-lto-objects -MT libburn/structure.lo -MD -MP -MF $depbase.Tpo -c -o libburn/structure.lo libburn/structure.c &&\
mv -f $depbase.Tpo $depbase.Plo
depbase=`echo libburn/toc.lo | sed 's|[^/]*$|.deps/&|;s|\.lo$||'`;\
/bin/sh ./libtool  --tag=CC   --mode=compile x86_64-unknown-linux-gnu-gcc -DPACKAGE_NAME=\"libburn\" -DPACKAGE_TARNAME=\"libburn\" -DPACKAGE_VERSION=\"1.5.6\" -DPACKAGE_STRING=\"libburn\ 1.5.6\" -DPACKAGE_BUGREPORT=\"http://libburnia-project.org\" -DPACKAGE_URL=\"\" -DPACKAGE=\"libburn\" -DVERSION=\"1.5.6\" -DHAVE_FSEEKO=1 -DSTDC_HEADERS=1 -DHAVE_SYS_TYPES_H=1 -DHAVE_SYS_STAT_H=1 -DHAVE_STDLIB_H=1 -DHAVE_STRING_H=1 -DHAVE_MEMORY_H=1 -DHAVE_STRINGS_H=1 -DHAVE_INTTYPES_H=1 -DHAVE_STDINT_H=1 -DHAVE_UNISTD_H=1 -DHAVE_DLFCN_H=1 -DLT_OBJDIR=\".libs/\" -I.     -DDEBUG -g -pedantic -Wall -Wextra -Wno-unused-parameter -Wno-char-subscripts    -DLibburn_os_has_statvfS -O2 -m64 -march=x86-64 -mtune=generic -flto=auto -ffat-lto-objects -MT libburn/toc.lo -MD -MP -MF $depbase.Tpo -c -o libburn/toc.lo libburn/toc.c &&\
mv -f $depbase.Tpo $depbase.Plo
libtool: compile:  x86_64-unknown-linux-gnu-gcc -DPACKAGE_NAME=\"libburn\" -DPACKAGE_TARNAME=\"libburn\" -DPACKAGE_VERSION=\"1.5.6\" "-DPACKAGE_STRING=\"libburn 1.5.6\"" -DPACKAGE_BUGREPORT=\"http://libburnia-project.org\" -DPACKAGE_URL=\"\" -DPACKAGE=\"libburn\" -DVERSION=\"1.5.6\" -DHAVE_FSEEKO=1 -DSTDC_HEADERS=1 -DHAVE_SYS_TYPES_H=1 -DHAVE_SYS_STAT_H=1 -DHAVE_STDLIB_H=1 -DHAVE_STRING_H=1 -DHAVE_MEMORY_H=1 -DHAVE_STRINGS_H=1 -DHAVE_INTTYPES_H=1 -DHAVE_STDINT_H=1 -DHAVE_UNISTD_H=1 -DHAVE_DLFCN_H=1 -DLT_OBJDIR=\".libs/\" -I. -DDEBUG -g -pedantic -Wall -Wextra -Wno-unused-parameter -Wno-char-subscripts -DLibburn_os_has_statvfS -O2 -m64 -march=x86-64 -mtune=generic -flto=auto -ffat-lto-objects -MT libburn/structure.lo -MD -MP -MF libburn/.deps/structure.Tpo -c libburn/structure.c  -fPIC -DPIC -o libburn/.libs/structure.o
libtool: compile:  x86_64-unknown-linux-gnu-gcc -DPACKAGE_NAME=\"libburn\" -DPACKAGE_TARNAME=\"libburn\" -DPACKAGE_VERSION=\"1.5.6\" "-DPACKAGE_STRING=\"libburn 1.5.6\"" -DPACKAGE_BUGREPORT=\"http://libburnia-project.org\" -DPACKAGE_URL=\"\" -DPACKAGE=\"libburn\" -DVERSION=\"1.5.6\" -DHAVE_FSEEKO=1 -DSTDC_HEADERS=1 -DHAVE_SYS_TYPES_H=1 -DHAVE_SYS_STAT_H=1 -DHAVE_STDLIB_H=1 -DHAVE_STRING_H=1 -DHAVE_MEMORY_H=1 -DHAVE_STRINGS_H=1 -DHAVE_INTTYPES_H=1 -DHAVE_STDINT_H=1 -DHAVE_UNISTD_H=1 -DHAVE_DLFCN_H=1 -DLT_OBJDIR=\".libs/\" -I. -DDEBUG -g -pedantic -Wall -Wextra -Wno-unused-parameter -Wno-char-subscripts -DLibburn_os_has_statvfS -O2 -m64 -march=x86-64 -mtune=generic -flto=auto -ffat-lto-objects -MT libburn/toc.lo -MD -MP -MF libburn/.deps/toc.Tpo -c libburn/toc.c  -fPIC -DPIC -o libburn/.libs/toc.o
depbase=`echo libburn/util.lo | sed 's|[^/]*$|.deps/&|;s|\.lo$||'`;\
/bin/sh ./libtool  --tag=CC   --mode=compile x86_64-unknown-linux-gnu-gcc -DPACKAGE_NAME=\"libburn\" -DPACKAGE_TARNAME=\"libburn\" -DPACKAGE_VERSION=\"1.5.6\" -DPACKAGE_STRING=\"libburn\ 1.5.6\" -DPACKAGE_BUGREPORT=\"http://libburnia-project.org\" -DPACKAGE_URL=\"\" -DPACKAGE=\"libburn\" -DVERSION=\"1.5.6\" -DHAVE_FSEEKO=1 -DSTDC_HEADERS=1 -DHAVE_SYS_TYPES_H=1 -DHAVE_SYS_STAT_H=1 -DHAVE_STDLIB_H=1 -DHAVE_STRING_H=1 -DHAVE_MEMORY_H=1 -DHAVE_STRINGS_H=1 -DHAVE_INTTYPES_H=1 -DHAVE_STDINT_H=1 -DHAVE_UNISTD_H=1 -DHAVE_DLFCN_H=1 -DLT_OBJDIR=\".libs/\" -I.     -DDEBUG -g -pedantic -Wall -Wextra -Wno-unused-parameter -Wno-char-subscripts    -DLibburn_os_has_statvfS -O2 -m64 -march=x86-64 -mtune=generic -flto=auto -ffat-lto-objects -MT libburn/util.lo -MD -MP -MF $depbase.Tpo -c -o libburn/util.lo libburn/util.c &&\
mv -f $depbase.Tpo $depbase.Plo
depbase=`echo libburn/write.lo | sed 's|[^/]*$|.deps/&|;s|\.lo$||'`;\
/bin/sh ./libtool  --tag=CC   --mode=compile x86_64-unknown-linux-gnu-gcc -DPACKAGE_NAME=\"libburn\" -DPACKAGE_TARNAME=\"libburn\" -DPACKAGE_VERSION=\"1.5.6\" -DPACKAGE_STRING=\"libburn\ 1.5.6\" -DPACKAGE_BUGREPORT=\"http://libburnia-project.org\" -DPACKAGE_URL=\"\" -DPACKAGE=\"libburn\" -DVERSION=\"1.5.6\" -DHAVE_FSEEKO=1 -DSTDC_HEADERS=1 -DHAVE_SYS_TYPES_H=1 -DHAVE_SYS_STAT_H=1 -DHAVE_STDLIB_H=1 -DHAVE_STRING_H=1 -DHAVE_MEMORY_H=1 -DHAVE_STRINGS_H=1 -DHAVE_INTTYPES_H=1 -DHAVE_STDINT_H=1 -DHAVE_UNISTD_H=1 -DHAVE_DLFCN_H=1 -DLT_OBJDIR=\".libs/\" -I.     -DDEBUG -g -pedantic -Wall -Wextra -Wno-unused-parameter -Wno-char-subscripts    -DLibburn_os_has_statvfS -O2 -m64 -march=x86-64 -mtune=generic -flto=auto -ffat-lto-objects -MT libburn/write.lo -MD -MP -MF $depbase.Tpo -c -o libburn/write.lo libburn/write.c &&\
mv -f $depbase.Tpo $depbase.Plo
libtool: compile:  x86_64-unknown-linux-gnu-gcc -DPACKAGE_NAME=\"libburn\" -DPACKAGE_TARNAME=\"libburn\" -DPACKAGE_VERSION=\"1.5.6\" "-DPACKAGE_STRING=\"libburn 1.5.6\"" -DPACKAGE_BUGREPORT=\"http://libburnia-project.org\" -DPACKAGE_URL=\"\" -DPACKAGE=\"libburn\" -DVERSION=\"1.5.6\" -DHAVE_FSEEKO=1 -DSTDC_HEADERS=1 -DHAVE_SYS_TYPES_H=1 -DHAVE_SYS_STAT_H=1 -DHAVE_STDLIB_H=1 -DHAVE_STRING_H=1 -DHAVE_MEMORY_H=1 -DHAVE_STRINGS_H=1 -DHAVE_INTTYPES_H=1 -DHAVE_STDINT_H=1 -DHAVE_UNISTD_H=1 -DHAVE_DLFCN_H=1 -DLT_OBJDIR=\".libs/\" -I. -DDEBUG -g -pedantic -Wall -Wextra -Wno-unused-parameter -Wno-char-subscripts -DLibburn_os_has_statvfS -O2 -m64 -march=x86-64 -mtune=generic -flto=auto -ffat-lto-objects -MT libburn/util.lo -MD -MP -MF libburn/.deps/util.Tpo -c libburn/util.c  -fPIC -DPIC -o libburn/.libs/util.o
libtool: compile:  x86_64-unknown-linux-gnu-gcc -DPACKAGE_NAME=\"libburn\" -DPACKAGE_TARNAME=\"libburn\" -DPACKAGE_VERSION=\"1.5.6\" "-DPACKAGE_STRING=\"libburn 1.5.6\"" -DPACKAGE_BUGREPORT=\"http://libburnia-project.org\" -DPACKAGE_URL=\"\" -DPACKAGE=\"libburn\" -DVERSION=\"1.5.6\" -DHAVE_FSEEKO=1 -DSTDC_HEADERS=1 -DHAVE_SYS_TYPES_H=1 -DHAVE_SYS_STAT_H=1 -DHAVE_STDLIB_H=1 -DHAVE_STRING_H=1 -DHAVE_MEMORY_H=1 -DHAVE_STRINGS_H=1 -DHAVE_INTTYPES_H=1 -DHAVE_STDINT_H=1 -DHAVE_UNISTD_H=1 -DHAVE_DLFCN_H=1 -DLT_OBJDIR=\".libs/\" -I. -DDEBUG -g -pedantic -Wall -Wextra -Wno-unused-parameter -Wno-char-subscripts -DLibburn_os_has_statvfS -O2 -m64 -march=x86-64 -mtune=generic -flto=auto -ffat-lto-objects -MT libburn/write.lo -MD -MP -MF libburn/.deps/write.Tpo -c libburn/write.c  -fPIC -DPIC -o libburn/.libs/write.o
x86_64-unknown-linux-gnu-gcc -DPACKAGE_NAME=\"libburn\" -DPACKAGE_TARNAME=\"libburn\" -DPACKAGE_VERSION=\"1.5.6\" -DPACKAGE_STRING=\"libburn\ 1.5.6\" -DPACKAGE_BUGREPORT=\"http://libburnia-project.org\" -DPACKAGE_URL=\"\" -DPACKAGE=\"libburn\" -DVERSION=\"1.5.6\" -DHAVE_FSEEKO=1 -DSTDC_HEADERS=1 -DHAVE_SYS_TYPES_H=1 -DHAVE_SYS_STAT_H=1 -DHAVE_STDLIB_H=1 -DHAVE_STRING_H=1 -DHAVE_MEMORY_H=1 -DHAVE_STRINGS_H=1 -DHAVE_INTTYPES_H=1 -DHAVE_STDINT_H=1 -DHAVE_UNISTD_H=1 -DHAVE_DLFCN_H=1 -DLT_OBJDIR=\".libs/\" -I.  -Ilibburn  -DCdrskin_libburn_1_5_6 -DDEBUG -g -pedantic -Wall -Wextra -Wno-unused-parameter -Wno-char-subscripts    -DLibburn_os_has_statvfS -O2 -m64 -march=x86-64 -mtune=generic -flto=auto -ffat-lto-objects -MT cdrskin/cdrskin_cdrskin-cdrskin.o -MD -MP -MF cdrskin/.deps/cdrskin_cdrskin-cdrskin.Tpo -c -o cdrskin/cdrskin_cdrskin-cdrskin.o `test -f 'cdrskin/cdrskin.c' || echo './'`cdrskin/cdrskin.c
x86_64-unknown-linux-gnu-gcc -DPACKAGE_NAME=\"libburn\" -DPACKAGE_TARNAME=\"libburn\" -DPACKAGE_VERSION=\"1.5.6\" -DPACKAGE_STRING=\"libburn\ 1.5.6\" -DPACKAGE_BUGREPORT=\"http://libburnia-project.org\" -DPACKAGE_URL=\"\" -DPACKAGE=\"libburn\" -DVERSION=\"1.5.6\" -DHAVE_FSEEKO=1 -DSTDC_HEADERS=1 -DHAVE_SYS_TYPES_H=1 -DHAVE_SYS_STAT_H=1 -DHAVE_STDLIB_H=1 -DHAVE_STRING_H=1 -DHAVE_MEMORY_H=1 -DHAVE_STRINGS_H=1 -DHAVE_INTTYPES_H=1 -DHAVE_STDINT_H=1 -DHAVE_UNISTD_H=1 -DHAVE_DLFCN_H=1 -DLT_OBJDIR=\".libs/\" -I.  -Ilibburn  -DCdrskin_libburn_1_5_6 -DDEBUG -g -pedantic -Wall -Wextra -Wno-unused-parameter -Wno-char-subscripts    -DLibburn_os_has_statvfS -O2 -m64 -march=x86-64 -mtune=generic -flto=auto -ffat-lto-objects -MT cdrskin/cdrskin_cdrskin-cdrfifo.o -MD -MP -MF cdrskin/.deps/cdrskin_cdrskin-cdrfifo.Tpo -c -o cdrskin/cdrskin_cdrskin-cdrfifo.o `test -f 'cdrskin/cdrfifo.c' || echo './'`cdrskin/cdrfifo.c
x86_64-unknown-linux-gnu-gcc -DPACKAGE_NAME=\"libburn\" -DPACKAGE_TARNAME=\"libburn\" -DPACKAGE_VERSION=\"1.5.6\" -DPACKAGE_STRING=\"libburn\ 1.5.6\" -DPACKAGE_BUGREPORT=\"http://libburnia-project.org\" -DPACKAGE_URL=\"\" -DPACKAGE=\"libburn\" -DVERSION=\"1.5.6\" -DHAVE_FSEEKO=1 -DSTDC_HEADERS=1 -DHAVE_SYS_TYPES_H=1 -DHAVE_SYS_STAT_H=1 -DHAVE_STDLIB_H=1 -DHAVE_STRING_H=1 -DHAVE_MEMORY_H=1 -DHAVE_STRINGS_H=1 -DHAVE_INTTYPES_H=1 -DHAVE_STDINT_H=1 -DHAVE_UNISTD_H=1 -DHAVE_DLFCN_H=1 -DLT_OBJDIR=\".libs/\" -I.  -Ilibburn   -DDEBUG -g -pedantic -Wall -Wextra -Wno-unused-parameter -Wno-char-subscripts    -DLibburn_os_has_statvfS -O2 -m64 -march=x86-64 -mtune=generic -flto=auto -ffat-lto-objects -MT test/test_libburner-libburner.o -MD -MP -MF test/.deps/test_libburner-libburner.Tpo -c -o test/test_libburner-libburner.o `test -f 'test/libburner.c' || echo './'`test/libburner.c
x86_64-unknown-linux-gnu-gcc -DPACKAGE_NAME=\"libburn\" -DPACKAGE_TARNAME=\"libburn\" -DPACKAGE_VERSION=\"1.5.6\" -DPACKAGE_STRING=\"libburn\ 1.5.6\" -DPACKAGE_BUGREPORT=\"http://libburnia-project.org\" -DPACKAGE_URL=\"\" -DPACKAGE=\"libburn\" -DVERSION=\"1.5.6\" -DHAVE_FSEEKO=1 -DSTDC_HEADERS=1 -DHAVE_SYS_TYPES_H=1 -DHAVE_SYS_STAT_H=1 -DHAVE_STDLIB_H=1 -DHAVE_STRING_H=1 -DHAVE_MEMORY_H=1 -DHAVE_STRINGS_H=1 -DHAVE_INTTYPES_H=1 -DHAVE_STDINT_H=1 -DHAVE_UNISTD_H=1 -DHAVE_DLFCN_H=1 -DLT_OBJDIR=\".libs/\" -I.  -Ilibburn   -DDEBUG -g -pedantic -Wall -Wextra -Wno-unused-parameter -Wno-char-subscripts    -DLibburn_os_has_statvfS -O2 -m64 -march=x86-64 -mtune=generic -flto=auto -ffat-lto-objects -MT test/test_offst_source-offst_source.o -MD -MP -MF test/.deps/test_offst_source-offst_source.Tpo -c -o test/test_offst_source-offst_source.o `test -f 'test/offst_source.c' || echo './'`test/offst_source.c
x86_64-unknown-linux-gnu-gcc -DPACKAGE_NAME=\"libburn\" -DPACKAGE_TARNAME=\"libburn\" -DPACKAGE_VERSION=\"1.5.6\" -DPACKAGE_STRING=\"libburn\ 1.5.6\" -DPACKAGE_BUGREPORT=\"http://libburnia-project.org\" -DPACKAGE_URL=\"\" -DPACKAGE=\"libburn\" -DVERSION=\"1.5.6\" -DHAVE_FSEEKO=1 -DSTDC_HEADERS=1 -DHAVE_SYS_TYPES_H=1 -DHAVE_SYS_STAT_H=1 -DHAVE_STDLIB_H=1 -DHAVE_STRING_H=1 -DHAVE_MEMORY_H=1 -DHAVE_STRINGS_H=1 -DHAVE_INTTYPES_H=1 -DHAVE_STDINT_H=1 -DHAVE_UNISTD_H=1 -DHAVE_DLFCN_H=1 -DLT_OBJDIR=\".libs/\" -I.  -Ilibburn   -DDEBUG -g -pedantic -Wall -Wextra -Wno-unused-parameter -Wno-char-subscripts    -DLibburn_os_has_statvfS -O2 -m64 -march=x86-64 -mtune=generic -flto=auto -ffat-lto-objects -MT test/test_telltoc-telltoc.o -MD -MP -MF test/.deps/test_telltoc-telltoc.Tpo -c -o test/test_telltoc-telltoc.o `test -f 'test/telltoc.c' || echo './'`test/telltoc.c
mv -f cdrskin/.deps/cdrskin_cdrskin-cdrfifo.Tpo cdrskin/.deps/cdrskin_cdrskin-cdrfifo.Po
x86_64-unknown-linux-gnu-gcc -DPACKAGE_NAME=\"libburn\" -DPACKAGE_TARNAME=\"libburn\" -DPACKAGE_VERSION=\"1.5.6\" -DPACKAGE_STRING=\"libburn\ 1.5.6\" -DPACKAGE_BUGREPORT=\"http://libburnia-project.org\" -DPACKAGE_URL=\"\" -DPACKAGE=\"libburn\" -DVERSION=\"1.5.6\" -DHAVE_FSEEKO=1 -DSTDC_HEADERS=1 -DHAVE_SYS_TYPES_H=1 -DHAVE_SYS_STAT_H=1 -DHAVE_STDLIB_H=1 -DHAVE_STRING_H=1 -DHAVE_MEMORY_H=1 -DHAVE_STRINGS_H=1 -DHAVE_INTTYPES_H=1 -DHAVE_STDINT_H=1 -DHAVE_UNISTD_H=1 -DHAVE_DLFCN_H=1 -DLT_OBJDIR=\".libs/\" -I.  -Ilibburn   -DDEBUG -g -pedantic -Wall -Wextra -Wno-unused-parameter -Wno-char-subscripts    -DLibburn_os_has_statvfS -O2 -m64 -march=x86-64 -mtune=generic -flto=auto -ffat-lto-objects -MT test/test_dewav-dewav.o -MD -MP -MF test/.deps/test_dewav-dewav.Tpo -c -o test/test_dewav-dewav.o `test -f 'test/dewav.c' || echo './'`test/dewav.c
mv -f test/.deps/test_offst_source-offst_source.Tpo test/.deps/test_offst_source-offst_source.Po
x86_64-unknown-linux-gnu-gcc -DPACKAGE_NAME=\"libburn\" -DPACKAGE_TARNAME=\"libburn\" -DPACKAGE_VERSION=\"1.5.6\" -DPACKAGE_STRING=\"libburn\ 1.5.6\" -DPACKAGE_BUGREPORT=\"http://libburnia-project.org\" -DPACKAGE_URL=\"\" -DPACKAGE=\"libburn\" -DVERSION=\"1.5.6\" -DHAVE_FSEEKO=1 -DSTDC_HEADERS=1 -DHAVE_SYS_TYPES_H=1 -DHAVE_SYS_STAT_H=1 -DHAVE_STDLIB_H=1 -DHAVE_STRING_H=1 -DHAVE_MEMORY_H=1 -DHAVE_STRINGS_H=1 -DHAVE_INTTYPES_H=1 -DHAVE_STDINT_H=1 -DHAVE_UNISTD_H=1 -DHAVE_DLFCN_H=1 -DLT_OBJDIR=\".libs/\" -I.     -DDEBUG -g -pedantic -Wall -Wextra -Wno-unused-parameter -Wno-char-subscripts    -DLibburn_os_has_statvfS -O2 -m64 -march=x86-64 -mtune=generic -flto=auto -ffat-lto-objects -MT test/test_fake_au-fake_au.o -MD -MP -MF test/.deps/test_fake_au-fake_au.Tpo -c -o test/test_fake_au-fake_au.o `test -f 'test/fake_au.c' || echo './'`test/fake_au.c
mv -f test/.deps/test_dewav-dewav.Tpo test/.deps/test_dewav-dewav.Po
x86_64-unknown-linux-gnu-gcc -DPACKAGE_NAME=\"libburn\" -DPACKAGE_TARNAME=\"libburn\" -DPACKAGE_VERSION=\"1.5.6\" -DPACKAGE_STRING=\"libburn\ 1.5.6\" -DPACKAGE_BUGREPORT=\"http://libburnia-project.org\" -DPACKAGE_URL=\"\" -DPACKAGE=\"libburn\" -DVERSION=\"1.5.6\" -DHAVE_FSEEKO=1 -DSTDC_HEADERS=1 -DHAVE_SYS_TYPES_H=1 -DHAVE_SYS_STAT_H=1 -DHAVE_STDLIB_H=1 -DHAVE_STRING_H=1 -DHAVE_MEMORY_H=1 -DHAVE_STRINGS_H=1 -DHAVE_INTTYPES_H=1 -DHAVE_STDINT_H=1 -DHAVE_UNISTD_H=1 -DHAVE_DLFCN_H=1 -DLT_OBJDIR=\".libs/\" -I.  -Ilibburn   -DDEBUG -g -pedantic -Wall -Wextra -Wno-unused-parameter -Wno-char-subscripts    -DLibburn_os_has_statvfS -O2 -m64 -march=x86-64 -mtune=generic -flto=auto -ffat-lto-objects -MT test/test_poll-poll.o -MD -MP -MF test/.deps/test_poll-poll.Tpo -c -o test/test_poll-poll.o `test -f 'test/poll.c' || echo './'`test/poll.c
mv -f test/.deps/test_libburner-libburner.Tpo test/.deps/test_libburner-libburner.Po
mv -f test/.deps/test_fake_au-fake_au.Tpo test/.deps/test_fake_au-fake_au.Po
/bin/sh ./libtool  --tag=CC   --mode=link x86_64-unknown-linux-gnu-gcc  -DDEBUG -g -pedantic -Wall -Wextra -Wno-unused-parameter -Wno-char-subscripts    -DLibburn_os_has_statvfS -O2 -m64 -march=x86-64 -mtune=generic -flto=auto -ffat-lto-objects   -o test/fake_au test/test_fake_au-fake_au.o  
libtool: link: x86_64-unknown-linux-gnu-gcc -DDEBUG -g -pedantic -Wall -Wextra -Wno-unused-parameter -Wno-char-subscripts -DLibburn_os_has_statvfS -O2 -m64 -march=x86-64 -mtune=generic -flto=auto -ffat-lto-objects -o test/fake_au test/test_fake_au-fake_au.o 
mv -f test/.deps/test_poll-poll.Tpo test/.deps/test_poll-poll.Po
mv -f test/.deps/test_telltoc-telltoc.Tpo test/.deps/test_telltoc-telltoc.Po
/bin/sh ./libtool  --tag=CC   --mode=link x86_64-unknown-linux-gnu-gcc  -DDEBUG -g -pedantic -Wall -Wextra -Wno-unused-parameter -Wno-char-subscripts    -DLibburn_os_has_statvfS -O2 -m64 -march=x86-64 -mtune=generic -flto=auto -ffat-lto-objects -version-info 113:0:109 -Wl,--version-script=./libburn/libburn.ver  -o libburn/libburn.la -rpath /usr/lib libburn/async.lo libburn/cdtext.lo libburn/cleanup.lo libburn/crc.lo libburn/debug.lo libburn/drive.lo libburn/ecma130ab.lo libburn/file.lo libburn/init.lo libburn/libdax_audioxtr.lo libburn/libdax_msgs.lo libburn/mmc.lo libburn/null.lo libburn/options.lo libburn/read.lo libburn/sbc.lo libburn/sector.lo libburn/sg.lo libburn/source.lo libburn/spc.lo libburn/structure.lo libburn/toc.lo libburn/util.lo libburn/write.lo  -lpthread 
/bin/sh ./libtool  --tag=CC   --mode=link x86_64-unknown-linux-gnu-gcc  -DDEBUG -g -pedantic -Wall -Wextra -Wno-unused-parameter -Wno-char-subscripts    -DLibburn_os_has_statvfS -O2 -m64 -march=x86-64 -mtune=generic -flto=auto -ffat-lto-objects   -o test/libburner test/test_libburner-libburner.o libburn/async.lo libburn/cdtext.lo libburn/cleanup.lo libburn/crc.lo libburn/debug.lo libburn/drive.lo libburn/ecma130ab.lo libburn/file.lo libburn/init.lo libburn/libdax_audioxtr.lo libburn/libdax_msgs.lo libburn/mmc.lo libburn/null.lo libburn/options.lo libburn/read.lo libburn/sbc.lo libburn/sector.lo libburn/sg.lo libburn/source.lo libburn/spc.lo libburn/structure.lo libburn/toc.lo libburn/util.lo libburn/write.lo  -lpthread 
/bin/sh ./libtool  --tag=CC   --mode=link x86_64-unknown-linux-gnu-gcc  -DDEBUG -g -pedantic -Wall -Wextra -Wno-unused-parameter -Wno-char-subscripts    -DLibburn_os_has_statvfS -O2 -m64 -march=x86-64 -mtune=generic -flto=auto -ffat-lto-objects   -o test/offst_source test/test_offst_source-offst_source.o libburn/async.lo libburn/cdtext.lo libburn/cleanup.lo libburn/crc.lo libburn/debug.lo libburn/drive.lo libburn/ecma130ab.lo libburn/file.lo libburn/init.lo libburn/libdax_audioxtr.lo libburn/libdax_msgs.lo libburn/mmc.lo libburn/null.lo libburn/options.lo libburn/read.lo libburn/sbc.lo libburn/sector.lo libburn/sg.lo libburn/source.lo libburn/spc.lo libburn/structure.lo libburn/toc.lo libburn/util.lo libburn/write.lo  -lpthread 
/bin/sh ./libtool  --tag=CC   --mode=link x86_64-unknown-linux-gnu-gcc  -DDEBUG -g -pedantic -Wall -Wextra -Wno-unused-parameter -Wno-char-subscripts    -DLibburn_os_has_statvfS -O2 -m64 -march=x86-64 -mtune=generic -flto=auto -ffat-lto-objects   -o test/telltoc test/test_telltoc-telltoc.o libburn/async.lo libburn/cdtext.lo libburn/cleanup.lo libburn/crc.lo libburn/debug.lo libburn/drive.lo libburn/ecma130ab.lo libburn/file.lo libburn/init.lo libburn/libdax_audioxtr.lo libburn/libdax_msgs.lo libburn/mmc.lo libburn/null.lo libburn/options.lo libburn/read.lo libburn/sbc.lo libburn/sector.lo libburn/sg.lo libburn/source.lo libburn/spc.lo libburn/structure.lo libburn/toc.lo libburn/util.lo libburn/write.lo  -lpthread 
/bin/sh ./libtool  --tag=CC   --mode=link x86_64-unknown-linux-gnu-gcc  -DDEBUG -g -pedantic -Wall -Wextra -Wno-unused-parameter -Wno-char-subscripts    -DLibburn_os_has_statvfS -O2 -m64 -march=x86-64 -mtune=generic -flto=auto -ffat-lto-objects   -o test/dewav test/test_dewav-dewav.o libburn/async.lo libburn/cdtext.lo libburn/cleanup.lo libburn/crc.lo libburn/debug.lo libburn/drive.lo libburn/ecma130ab.lo libburn/file.lo libburn/init.lo libburn/libdax_audioxtr.lo libburn/libdax_msgs.lo libburn/mmc.lo libburn/null.lo libburn/options.lo libburn/read.lo libburn/sbc.lo libburn/sector.lo libburn/sg.lo libburn/source.lo libburn/spc.lo libburn/structure.lo libburn/toc.lo libburn/util.lo libburn/write.lo  -lpthread 
/bin/sh ./libtool  --tag=CC   --mode=link x86_64-unknown-linux-gnu-gcc  -DDEBUG -g -pedantic -Wall -Wextra -Wno-unused-parameter -Wno-char-subscripts    -DLibburn_os_has_statvfS -O2 -m64 -march=x86-64 -mtune=generic -flto=auto -ffat-lto-objects   -o test/poll test/test_poll-poll.o libburn/async.lo libburn/cdtext.lo libburn/cleanup.lo libburn/crc.lo libburn/debug.lo libburn/drive.lo libburn/ecma130ab.lo libburn/file.lo libburn/init.lo libburn/libdax_audioxtr.lo libburn/libdax_msgs.lo libburn/mmc.lo libburn/null.lo libburn/options.lo libburn/read.lo libburn/sbc.lo libburn/sector.lo libburn/sg.lo libburn/source.lo libburn/spc.lo libburn/structure.lo libburn/toc.lo libburn/util.lo libburn/write.lo  -lpthread 
libtool: link: x86_64-unknown-linux-gnu-gcc -shared  -fPIC -DPIC  libburn/.libs/async.o libburn/.libs/cdtext.o libburn/.libs/cleanup.o libburn/.libs/crc.o libburn/.libs/debug.o libburn/.libs/drive.o libburn/.libs/ecma130ab.o libburn/.libs/file.o libburn/.libs/init.o libburn/.libs/libdax_audioxtr.o libburn/.libs/libdax_msgs.o libburn/.libs/mmc.o libburn/.libs/null.o libburn/.libs/options.o libburn/.libs/read.o libburn/.libs/sbc.o libburn/.libs/sector.o libburn/.libs/sg.o libburn/.libs/source.o libburn/.libs/spc.o libburn/.libs/structure.o libburn/.libs/toc.o libburn/.libs/util.o libburn/.libs/write.o   -lpthread  -O2 -m64 -march=x86-64 -mtune=generic -flto=auto -Wl,--version-script=./libburn/libburn.ver   -Wl,-soname -Wl,libburn.so.4 -o libburn/.libs/libburn.so.4.109.0
libtool: link: x86_64-unknown-linux-gnu-gcc -DDEBUG -g -pedantic -Wall -Wextra -Wno-unused-parameter -Wno-char-subscripts -DLibburn_os_has_statvfS -O2 -m64 -march=x86-64 -mtune=generic -flto=auto -ffat-lto-objects -o test/libburner test/test_libburner-libburner.o libburn/.libs/async.o libburn/.libs/cdtext.o libburn/.libs/cleanup.o libburn/.libs/crc.o libburn/.libs/debug.o libburn/.libs/drive.o libburn/.libs/ecma130ab.o libburn/.libs/file.o libburn/.libs/init.o libburn/.libs/libdax_audioxtr.o libburn/.libs/libdax_msgs.o libburn/.libs/mmc.o libburn/.libs/null.o libburn/.libs/options.o libburn/.libs/read.o libburn/.libs/sbc.o libburn/.libs/sector.o libburn/.libs/sg.o libburn/.libs/source.o libburn/.libs/spc.o libburn/.libs/structure.o libburn/.libs/toc.o libburn/.libs/util.o libburn/.libs/write.o  -lpthread
libtool: link: x86_64-unknown-linux-gnu-gcc -DDEBUG -g -pedantic -Wall -Wextra -Wno-unused-parameter -Wno-char-subscripts -DLibburn_os_has_statvfS -O2 -m64 -march=x86-64 -mtune=generic -flto=auto -ffat-lto-objects -o test/offst_source test/test_offst_source-offst_source.o libburn/.libs/async.o libburn/.libs/cdtext.o libburn/.libs/cleanup.o libburn/.libs/crc.o libburn/.libs/debug.o libburn/.libs/drive.o libburn/.libs/ecma130ab.o libburn/.libs/file.o libburn/.libs/init.o libburn/.libs/libdax_audioxtr.o libburn/.libs/libdax_msgs.o libburn/.libs/mmc.o libburn/.libs/null.o libburn/.libs/options.o libburn/.libs/read.o libburn/.libs/sbc.o libburn/.libs/sector.o libburn/.libs/sg.o libburn/.libs/source.o libburn/.libs/spc.o libburn/.libs/structure.o libburn/.libs/toc.o libburn/.libs/util.o libburn/.libs/write.o  -lpthread
libtool: link: x86_64-unknown-linux-gnu-gcc -DDEBUG -g -pedantic -Wall -Wextra -Wno-unused-parameter -Wno-char-subscripts -DLibburn_os_has_statvfS -O2 -m64 -march=x86-64 -mtune=generic -flto=auto -ffat-lto-objects -o test/telltoc test/test_telltoc-telltoc.o libburn/.libs/async.o libburn/.libs/cdtext.o libburn/.libs/cleanup.o libburn/.libs/crc.o libburn/.libs/debug.o libburn/.libs/drive.o libburn/.libs/ecma130ab.o libburn/.libs/file.o libburn/.libs/init.o libburn/.libs/libdax_audioxtr.o libburn/.libs/libdax_msgs.o libburn/.libs/mmc.o libburn/.libs/null.o libburn/.libs/options.o libburn/.libs/read.o libburn/.libs/sbc.o libburn/.libs/sector.o libburn/.libs/sg.o libburn/.libs/source.o libburn/.libs/spc.o libburn/.libs/structure.o libburn/.libs/toc.o libburn/.libs/util.o libburn/.libs/write.o  -lpthread
libtool: link: x86_64-unknown-linux-gnu-gcc -DDEBUG -g -pedantic -Wall -Wextra -Wno-unused-parameter -Wno-char-subscripts -DLibburn_os_has_statvfS -O2 -m64 -march=x86-64 -mtune=generic -flto=auto -ffat-lto-objects -o test/dewav test/test_dewav-dewav.o libburn/.libs/async.o libburn/.libs/cdtext.o libburn/.libs/cleanup.o libburn/.libs/crc.o libburn/.libs/debug.o libburn/.libs/drive.o libburn/.libs/ecma130ab.o libburn/.libs/file.o libburn/.libs/init.o libburn/.libs/libdax_audioxtr.o libburn/.libs/libdax_msgs.o libburn/.libs/mmc.o libburn/.libs/null.o libburn/.libs/options.o libburn/.libs/read.o libburn/.libs/sbc.o libburn/.libs/sector.o libburn/.libs/sg.o libburn/.libs/source.o libburn/.libs/spc.o libburn/.libs/structure.o libburn/.libs/toc.o libburn/.libs/util.o libburn/.libs/write.o  -lpthread
libtool: link: x86_64-unknown-linux-gnu-gcc -DDEBUG -g -pedantic -Wall -Wextra -Wno-unused-parameter -Wno-char-subscripts -DLibburn_os_has_statvfS -O2 -m64 -march=x86-64 -mtune=generic -flto=auto -ffat-lto-objects -o test/poll test/test_poll-poll.o libburn/.libs/async.o libburn/.libs/cdtext.o libburn/.libs/cleanup.o libburn/.libs/crc.o libburn/.libs/debug.o libburn/.libs/drive.o libburn/.libs/ecma130ab.o libburn/.libs/file.o libburn/.libs/init.o libburn/.libs/libdax_audioxtr.o libburn/.libs/libdax_msgs.o libburn/.libs/mmc.o libburn/.libs/null.o libburn/.libs/options.o libburn/.libs/read.o libburn/.libs/sbc.o libburn/.libs/sector.o libburn/.libs/sg.o libburn/.libs/source.o libburn/.libs/spc.o libburn/.libs/structure.o libburn/.libs/toc.o libburn/.libs/util.o libburn/.libs/write.o  -lpthread
cdrskin/cdrskin.c: In function 'Cdrskin_driveno_to_btldev':
cdrskin/cdrskin.c:4464:26: warning: '%s' directive writing up to 1023 bytes into a region of size 1018 [-Wformat-overflow=]
 4464 |    sprintf(btldev,"stdio:%s",adr);
      |                          ^~  ~~~
cdrskin/cdrskin.c:4464:4: note: 'sprintf' output between 7 and 1030 bytes into a destination of size 1024
 4464 |    sprintf(btldev,"stdio:%s",adr);
      |    ^~~~~~~~~~~~~~~~~~~~~~~~~~~~~~
In function 'scsi_error',
    inlined from 'scsi_eval_cmd_outcome' at libburn/spc.c:2126:12,
    inlined from 'sg_issue_command' at libburn/sg-linux.c:2335:24:
libburn/spc.c:1678:16: warning: 'scsi_error_msg' accessing 161 bytes in a region of size 160 [-Wstringop-overflow=]
 1678 |         resp = scsi_error_msg(d, sense, senselen, msg, &key, &asc, &ascq);
      |                ^
libburn/spc.c:1678:16: note: referencing argument 4 of type 'char[161]'
libburn/spc.c: In function 'sg_issue_command':
libburn/spc.c:1267:15: note: in a call to function 'scsi_error_msg'
 1267 | enum response scsi_error_msg(struct burn_drive *d, unsigned char *sense,
      |               ^
libburn/spc.c: In function 'scsi_notify_error.isra':
libburn/spc.c:1843:9: warning: 'scsi_error_msg' accessing 161 bytes in a region of size 160 [-Wstringop-overflow=]
 1843 |         scsi_error_msg(d, sense, senselen, scsi_msg, &key, &asc, &ascq);
      |         ^
libburn/spc.c:1843:9: note: referencing argument 4 of type 'char[161]'
libburn/spc.c:1267:15: note: in a call to function 'scsi_error_msg'
 1267 | enum response scsi_error_msg(struct burn_drive *d, unsigned char *sense,
      |               ^
In function 'scsi_error',
    inlined from 'scsi_eval_cmd_outcome' at libburn/spc.c:2126:12,
    inlined from 'sg_issue_command' at libburn/sg-linux.c:2335:24:
libburn/spc.c:1678:16: warning: 'scsi_error_msg' accessing 161 bytes in a region of size 160 [-Wstringop-overflow=]
 1678 |         resp = scsi_error_msg(d, sense, senselen, msg, &key, &asc, &ascq);
      |                ^
libburn/spc.c:1678:16: note: referencing argument 4 of type 'char[161]'
libburn/spc.c: In function 'sg_issue_command':
libburn/spc.c:1267:15: note: in a call to function 'scsi_error_msg'
 1267 | enum response scsi_error_msg(struct burn_drive *d, unsigned char *sense,
      |               ^
libburn/spc.c: In function 'scsi_notify_error.isra':
libburn/spc.c:1843:9: warning: 'scsi_error_msg' accessing 161 bytes in a region of size 160 [-Wstringop-overflow=]
 1843 |         scsi_error_msg(d, sense, senselen, scsi_msg, &key, &asc, &ascq);
      |         ^
libburn/spc.c:1843:9: note: referencing argument 4 of type 'char[161]'
libburn/spc.c:1267:15: note: in a call to function 'scsi_error_msg'
 1267 | enum response scsi_error_msg(struct burn_drive *d, unsigned char *sense,
      |               ^
In function 'scsi_error',
    inlined from 'scsi_eval_cmd_outcome' at libburn/spc.c:2126:12,
    inlined from 'sg_issue_command' at libburn/sg-linux.c:2335:24:
libburn/spc.c:1678:16: warning: 'scsi_error_msg' accessing 161 bytes in a region of size 160 [-Wstringop-overflow=]
 1678 |         resp = scsi_error_msg(d, sense, senselen, msg, &key, &asc, &ascq);
      |                ^
libburn/spc.c:1678:16: note: referencing argument 4 of type 'char[161]'
libburn/spc.c: In function 'sg_issue_command':
libburn/spc.c:1267:15: note: in a call to function 'scsi_error_msg'
 1267 | enum response scsi_error_msg(struct burn_drive *d, unsigned char *sense,
      |               ^
libburn/spc.c: In function 'scsi_notify_error.isra':
libburn/spc.c:1843:9: warning: 'scsi_error_msg' accessing 161 bytes in a region of size 160 [-Wstringop-overflow=]
 1843 |         scsi_error_msg(d, sense, senselen, scsi_msg, &key, &asc, &ascq);
      |         ^
libburn/spc.c:1843:9: note: referencing argument 4 of type 'char[161]'
libburn/spc.c:1267:15: note: in a call to function 'scsi_error_msg'
 1267 | enum response scsi_error_msg(struct burn_drive *d, unsigned char *sense,
      |               ^
mv -f cdrskin/.deps/cdrskin_cdrskin-cdrskin.Tpo cdrskin/.deps/cdrskin_cdrskin-cdrskin.Po
libburn/spc.c: In function 'scsi_notify_error.isra':
libburn/spc.c:1843:9: warning: 'scsi_error_msg' accessing 161 bytes in a region of size 160 [-Wstringop-overflow=]
 1843 |         scsi_error_msg(d, sense, senselen, scsi_msg, &key, &asc, &ascq);
      |         ^
libburn/spc.c:1843:9: note: referencing argument 4 of type 'char[161]'
libburn/spc.c:1267:15: note: in a call to function 'scsi_error_msg'
 1267 | enum response scsi_error_msg(struct burn_drive *d, unsigned char *sense,
      |               ^
In function 'scsi_error',
    inlined from 'scsi_eval_cmd_outcome' at libburn/spc.c:2126:12,
    inlined from 'sg_issue_command' at libburn/sg-linux.c:2335:24:
libburn/spc.c:1678:16: warning: 'scsi_error_msg' accessing 161 bytes in a region of size 160 [-Wstringop-overflow=]
 1678 |         resp = scsi_error_msg(d, sense, senselen, msg, &key, &asc, &ascq);
      |                ^
libburn/spc.c:1678:16: note: referencing argument 4 of type 'char[161]'
libburn/spc.c: In function 'sg_issue_command':
libburn/spc.c:1267:15: note: in a call to function 'scsi_error_msg'
 1267 | enum response scsi_error_msg(struct burn_drive *d, unsigned char *sense,
      |               ^
libtool: link: (cd "libburn/.libs" && rm -f "libburn.so.4" && ln -s "libburn.so.4.109.0" "libburn.so.4")
libtool: link: (cd "libburn/.libs" && rm -f "libburn.so" && ln -s "libburn.so.4.109.0" "libburn.so")
libtool: link: ( cd "libburn/.libs" && rm -f "libburn.la" && ln -s "../libburn.la" "libburn.la" )
/bin/sh ./libtool  --tag=CC   --mode=link x86_64-unknown-linux-gnu-gcc -DCdrskin_libburn_1_5_6 -DDEBUG -g -pedantic -Wall -Wextra -Wno-unused-parameter -Wno-char-subscripts    -DLibburn_os_has_statvfS -O2 -m64 -march=x86-64 -mtune=generic -flto=auto -ffat-lto-objects   -o cdrskin/cdrskin cdrskin/cdrskin_cdrskin-cdrskin.o cdrskin/cdrskin_cdrskin-cdrfifo.o libburn/libburn.la  -lpthread 
libtool: link: x86_64-unknown-linux-gnu-gcc -DCdrskin_libburn_1_5_6 -DDEBUG -g -pedantic -Wall -Wextra -Wno-unused-parameter -Wno-char-subscripts -DLibburn_os_has_statvfS -O2 -m64 -march=x86-64 -mtune=generic -flto=auto -ffat-lto-objects -o cdrskin/.libs/cdrskin cdrskin/cdrskin_cdrskin-cdrskin.o cdrskin/cdrskin_cdrskin-cdrfifo.o  libburn/.libs/libburn.so -lpthread
+ make DESTDIR=/home/devel/building/work/pkg install
make[1]: Entering directory '/home/devel/building/work/src/libburn-1.5.6'
if [ -f ./doc/doc.lock ]; then \
	/bin/sh /home/devel/building/work/src/libburn-1.5.6/install-sh -d /home/devel/building/work/pkg/usr/share/doc/libburn-1.5.6/html; \
	/usr/bin/install -c -m 644 doc/html/* /home/devel/building/work/pkg/usr/share/doc/libburn-1.5.6/html; \
fi
 /bin/mkdir -p '/home/devel/building/work/pkg/usr/lib'
 /bin/mkdir -p '/home/devel/building/work/pkg/usr/include/libburn'
 /bin/sh ./libtool   --mode=install /usr/bin/install -c   libburn/libburn.la '/home/devel/building/work/pkg/usr/lib'
 /bin/mkdir -p '/home/devel/building/work/pkg/usr/lib/pkgconfig'
 /bin/mkdir -p '/home/devel/building/work/pkg/usr/share/man/man1'
 /usr/bin/install -c -m 644 libburn/libburn.h '/home/devel/building/work/pkg/usr/include/libburn'
 /usr/bin/install -c -m 644 libburn-1.pc '/home/devel/building/work/pkg/usr/lib/pkgconfig'
libtool: install: /usr/bin/install -c libburn/.libs/libburn.so.4.109.0 /home/devel/building/work/pkg/usr/lib/libburn.so.4.109.0
libtool: install: (cd /home/devel/building/work/pkg/usr/lib && { ln -s -f libburn.so.4.109.0 libburn.so.4 || { rm -f libburn.so.4 && ln -s libburn.so.4.109.0 libburn.so.4; }; })
 /usr/bin/install -c -m 644 cdrskin/cdrskin.1 '/home/devel/building/work/pkg/usr/share/man/man1'
libtool: install: (cd /home/devel/building/work/pkg/usr/lib && { ln -s -f libburn.so.4.109.0 libburn.so || { rm -f libburn.so && ln -s libburn.so.4.109.0 libburn.so; }; })
libtool: install: /usr/bin/install -c libburn/.libs/libburn.lai /home/devel/building/work/pkg/usr/lib/libburn.la
libtool: install: warning: remember to run `libtool --finish /usr/lib'
 /bin/mkdir -p '/home/devel/building/work/pkg/usr/bin'
  /bin/sh ./libtool   --mode=install /usr/bin/install -c cdrskin/cdrskin '/home/devel/building/work/pkg/usr/bin'
libtool: install: warning: `libburn/libburn.la' has not been installed in `/usr/lib'
libtool: install: /usr/bin/install -c cdrskin/.libs/cdrskin /home/devel/building/work/pkg/usr/bin/cdrskin
make  install-exec-hook
make[2]: Entering directory '/home/devel/building/work/src/libburn-1.5.6'
ldconfig "/home/devel/building/work/pkg/usr/lib" || echo 'NOTE: Explicit dynamic library configuration failed. If needed, configure manually for:' "/home/devel/building/work/pkg/usr/lib"
make[2]: Leaving directory '/home/devel/building/work/src/libburn-1.5.6'
make[1]: Leaving directory '/home/devel/building/work/src/libburn-1.5.6'
+ find /home/devel/building/work/pkg -type f -name '*.la' -delete
=======> Build result:
drwxr-xr-x  0 root   root        0 May  7 23:25 usr/
drwxr-xr-x  0 root   root        0 May  7 23:25 usr/lib/
drwxr-xr-x  0 root   root        0 May  7 23:25 usr/include/
drwxr-xr-x  0 root   root        0 May  7 23:25 usr/share/
drwxr-xr-x  0 root   root        0 May  7 23:25 usr/bin/
-rwxr-xr-x  0 root   root   161336 May  7 23:25 usr/bin/cdrskin
drwxr-xr-x  0 root   root        0 May  7 23:25 usr/share/man/
drwxr-xr-x  0 root   root        0 May  7 23:25 usr/share/man/man1/
-rw-r--r--  0 root   root    26690 May  7 23:25 usr/share/man/man1/cdrskin.1.gz
drwxr-xr-x  0 root   root        0 May  7 23:25 usr/include/libburn/
-rw-r--r--  0 root   root   202075 May  7 23:25 usr/include/libburn/libburn.h
drwxr-xr-x  0 root   root        0 May  7 23:25 usr/lib/pkgconfig/
-rwxr-xr-x  0 root   root   307208 May  7 23:25 usr/lib/libburn.so.4.109.0
lrwxrwxrwx  0 root   root        0 May  7 23:25 usr/lib/libburn.so.4 -> libburn.so.4.109.0
lrwxrwxrwx  0 root   root        0 May  7 23:25 usr/lib/libburn.so -> libburn.so.4.109.0
-rw-r--r--  0 root   root      261 May  7 23:25 usr/lib/pkgconfig/libburn-1.pc
=======> Building '/home/devel/packages/libburn#1.5.6-1.x86_64.pkg.tar.zst' succeeded.
prt-get: Using PKGMK_PACKAGE_DIR: /home/devel/packages
prt-get: reinstalling libburn 1.5.6-1
prt-get: /usr/bin/pkgadd -u libburn#1.5.6-1.x86_64.pkg.tar.zst
prt-get: build done Tue May  7 23:25:55 2024

