prt-get: updating /usr/ports/wayland-x86_64/libdrm
prt-get: starting build Thu Feb  1 18:11:18 2024
=======> Building '/home/devel/packages/libdrm#2.4.120-1.x86_64.pkg.tar.zst'.
bsdtar -p -o -C /home/devel/building/work/src -xf /home/devel/sources/libdrm-2.4.120.tar.xz
+ build
+ cd libdrm-2.4.120
+ build-meson -Dudev=true -Detnaviv=disabled -Dexynos=disabled -Dfreedreno=disabled -Domap=disabled -Dtegra=disabled -Dman-pages=disabled -Dvalgrind=disabled -Dcairo-tests=disabled . build
The Meson build system
Version: 1.3.1
Source dir: /home/devel/building/work/src/libdrm-2.4.120
Build dir: /home/devel/building/work/src/libdrm-2.4.120/build
Build type: native build
Project name: libdrm
Project version: 2.4.120
C compiler for the host machine: cc (gcc 13.2.0 "cc (SAUX-x86_64) 13.2.0")
C linker for the host machine: cc ld.bfd 2.42
Host machine cpu family: x86_64
Host machine cpu: x86_64
Run-time dependency threads found: YES
Program symbols-check.py found: YES (/usr/bin/python3 /home/devel/building/work/src/libdrm-2.4.120/symbols-check.py)
Program nm found: YES (/usr/bin/nm)
Program python3 found: YES (/usr/bin/python3)
Found pkg-config: YES (/usr/bin/pkg-config) 2.1.0
Found CMake: /usr/bin/cmake (3.28.1)
Run-time dependency atomic_ops found: NO (tried pkgconfig and cmake)
Checking if "Intel Atomics" : links: YES 
Run-time dependency pciaccess found: NO (tried pkgconfig and cmake)
Checking for function "dlsym" : YES 
Checking for function "clock_gettime" : YES 
Library m found: YES
Check usable header "sys/select.h" : YES 
Check usable header "alloca.h" : YES 
Header "sys/sysmacros.h" has symbol "major" : YES 
Header "sys/sysmacros.h" has symbol "minor" : YES 
Header "sys/sysmacros.h" has symbol "makedev" : YES 
Header "sys/mkdev.h" has symbol "major" : NO 
Checking for function "open_memstream" : YES 
Compiler for C supports arguments -Wsign-compare: YES 
Compiler for C supports arguments -Werror=undef: YES 
Compiler for C supports arguments -Werror=implicit-function-declaration: YES 
Compiler for C supports arguments -Wpointer-arith: YES 
Compiler for C supports arguments -Wwrite-strings: YES 
Compiler for C supports arguments -Wstrict-prototypes: YES 
Compiler for C supports arguments -Wmissing-prototypes: YES 
Compiler for C supports arguments -Wmissing-declarations: YES 
Compiler for C supports arguments -Wnested-externs: YES 
Compiler for C supports arguments -Wpacked: YES 
Compiler for C supports arguments -Wswitch-enum: YES 
Compiler for C supports arguments -Wmissing-format-attribute: YES 
Compiler for C supports arguments -Wstrict-aliasing=2: YES 
Compiler for C supports arguments -Winit-self: YES 
Compiler for C supports arguments -Winline: YES 
Compiler for C supports arguments -Wshadow: YES 
Compiler for C supports arguments -Wdeclaration-after-statement: YES 
Compiler for C supports arguments -Wold-style-definition: YES 
Compiler for C supports arguments -Wno-unused-parameter: YES 
Compiler for C supports arguments -Wno-attributes: YES 
Compiler for C supports arguments -Wno-long-long: YES 
Compiler for C supports arguments -Wno-missing-field-initializers: YES 
Run-time dependency cunit found: NO (tried pkgconfig and cmake)
Dependency cairo skipped: feature cairo-tests disabled
Dependency valgrind skipped: feature valgrind disabled
Program rst2man rst2man.py skipped: feature man-pages disabled
Compiler for C supports function attribute visibility:hidden: YES 
Configuring config.h using configuration
meson.build:238: DEPRECATION: Project uses feature that was always broken, and is now deprecated since '1.3.0': str.format: Value other than strings, integers, bools, options, dictionaries and lists thereof..
Build targets in project: 16
WARNING: Broken features used:
 * 1.3.0: {'str.format: Value other than strings, integers, bools, options, dictionaries and lists thereof.'}

libdrm 2.4.120

    Intel             : false
    Radeon            : true
    AMDGPU            : true
    Nouveau           : true
    vmwgfx            : true
    OMAP              : false
    Freedreno         : false
    Freedreon-kgsl    : false
    Tegra             : false
    Etnaviv           : false
    EXYNOS            : false
    VC4               : false

  User defined options
    auto_features     : auto
    bindir            : /usr/bin
    buildtype         : plain
    datadir           : /usr/share
    includedir        : /usr/include
    libdir            : /usr/lib
    libexecdir        : /usr/lib
    localstatedir     : /var
    mandir            : /usr/share/man
    prefix            : /usr
    sbindir           : /usr/sbin
    sharedstatedir    : /var/lib
    sysconfdir        : /etc
    werror            : false
    wrap_mode         : nodownload
    python.bytecompile: 0
    b_lto             : false
    b_pie             : true
    b_staticpic       : true
    cairo-tests       : disabled
    etnaviv           : disabled
    exynos            : disabled
    freedreno         : disabled
    man-pages         : disabled
    omap              : disabled
    tegra             : disabled
    udev              : true
    valgrind          : disabled

Found ninja-1.9 at /usr/bin/ninja
+ meson compile -j 8 -v -C build
ninja: entering directory '/home/devel/building/work/src/libdrm-2.4.120/build'
[1/58] cc -Itests/amdgpu/amdgpu_stress.p -Itests/amdgpu -I../tests/amdgpu -I. -I.. -I../include/drm -Iamdgpu -I../amdgpu -fdiagnostics-color=always -D_FILE_OFFSET_BITS=64 -Wall -Winvalid-pch -std=c11 -include config.h -O2 -m64 -march=x86-64 -mtune=generic -flto=auto -ffat-lto-objects -fPIE -pthread -MD -MQ tests/amdgpu/amdgpu_stress.p/amdgpu_stress.c.o -MF tests/amdgpu/amdgpu_stress.p/amdgpu_stress.c.o.d -o tests/amdgpu/amdgpu_stress.p/amdgpu_stress.c.o -c ../tests/amdgpu/amdgpu_stress.c
[2/58] cc -Itests/radeon/radeon_ttm.p -Itests/radeon -I../tests/radeon -I. -I.. -I../include/drm -fdiagnostics-color=always -D_FILE_OFFSET_BITS=64 -Wall -Winvalid-pch -std=c11 -include config.h -O2 -m64 -march=x86-64 -mtune=generic -flto=auto -ffat-lto-objects -fPIE -Wsign-compare -Werror=undef -Werror=implicit-function-declaration -Wpointer-arith -Wwrite-strings -Wstrict-prototypes -Wmissing-prototypes -Wmissing-declarations -Wnested-externs -Wpacked -Wswitch-enum -Wmissing-format-attribute -Wstrict-aliasing=2 -Winit-self -Winline -Wshadow -Wdeclaration-after-statement -Wold-style-definition -Wno-unused-parameter -Wno-attributes -Wno-long-long -Wno-missing-field-initializers -MD -MQ tests/radeon/radeon_ttm.p/radeon_ttm.c.o -MF tests/radeon/radeon_ttm.p/radeon_ttm.c.o.d -o tests/radeon/radeon_ttm.p/radeon_ttm.c.o -c ../tests/radeon/radeon_ttm.c
[3/58] cc -Itests/radeon/radeon_ttm.p -Itests/radeon -I../tests/radeon -I. -I.. -I../include/drm -fdiagnostics-color=always -D_FILE_OFFSET_BITS=64 -Wall -Winvalid-pch -std=c11 -include config.h -O2 -m64 -march=x86-64 -mtune=generic -flto=auto -ffat-lto-objects -fPIE -Wsign-compare -Werror=undef -Werror=implicit-function-declaration -Wpointer-arith -Wwrite-strings -Wstrict-prototypes -Wmissing-prototypes -Wmissing-declarations -Wnested-externs -Wpacked -Wswitch-enum -Wmissing-format-attribute -Wstrict-aliasing=2 -Winit-self -Winline -Wshadow -Wdeclaration-after-statement -Wold-style-definition -Wno-unused-parameter -Wno-attributes -Wno-long-long -Wno-missing-field-initializers -MD -MQ tests/radeon/radeon_ttm.p/rbo.c.o -MF tests/radeon/radeon_ttm.p/rbo.c.o.d -o tests/radeon/radeon_ttm.p/rbo.c.o -c ../tests/radeon/rbo.c
[4/58] cc -Itests/vbltest/vbltest.p -Itests/vbltest -I../tests/vbltest -I. -I.. -Itests -I../tests -I../include/drm -fdiagnostics-color=always -D_FILE_OFFSET_BITS=64 -Wall -Winvalid-pch -std=c11 -include config.h -O2 -m64 -march=x86-64 -mtune=generic -flto=auto -ffat-lto-objects -fPIE -Wsign-compare -Werror=undef -Werror=implicit-function-declaration -Wpointer-arith -Wwrite-strings -Wstrict-prototypes -Wmissing-prototypes -Wmissing-declarations -Wnested-externs -Wpacked -Wswitch-enum -Wmissing-format-attribute -Wstrict-aliasing=2 -Winit-self -Winline -Wshadow -Wdeclaration-after-statement -Wold-style-definition -Wno-unused-parameter -Wno-attributes -Wno-long-long -Wno-missing-field-initializers -MD -MQ tests/vbltest/vbltest.p/vbltest.c.o -MF tests/vbltest/vbltest.p/vbltest.c.o.d -o tests/vbltest/vbltest.p/vbltest.c.o -c ../tests/vbltest/vbltest.c
[5/58] cc -Itests/modetest/modetest.p -Itests/modetest -I../tests/modetest -I. -I.. -Itests -I../tests -I../include/drm -fdiagnostics-color=always -D_FILE_OFFSET_BITS=64 -Wall -Winvalid-pch -std=c11 -include config.h -O2 -m64 -march=x86-64 -mtune=generic -flto=auto -ffat-lto-objects -fPIE -pthread -Wsign-compare -Werror=undef -Werror=implicit-function-declaration -Wpointer-arith -Wwrite-strings -Wstrict-prototypes -Wmissing-prototypes -Wmissing-declarations -Wnested-externs -Wpacked -Wswitch-enum -Wmissing-format-attribute -Wstrict-aliasing=2 -Winit-self -Winline -Wshadow -Wdeclaration-after-statement -Wold-style-definition -Wno-unused-parameter -Wno-attributes -Wno-long-long -Wno-missing-field-initializers -Wno-pointer-arith -MD -MQ tests/modetest/modetest.p/modetest.c.o -MF tests/modetest/modetest.p/modetest.c.o.d -o tests/modetest/modetest.p/modetest.c.o -c ../tests/modetest/modetest.c
[6/58] cc -Itests/modetest/modetest.p -Itests/modetest -I../tests/modetest -I. -I.. -Itests -I../tests -I../include/drm -fdiagnostics-color=always -D_FILE_OFFSET_BITS=64 -Wall -Winvalid-pch -std=c11 -include config.h -O2 -m64 -march=x86-64 -mtune=generic -flto=auto -ffat-lto-objects -fPIE -pthread -Wsign-compare -Werror=undef -Werror=implicit-function-declaration -Wpointer-arith -Wwrite-strings -Wstrict-prototypes -Wmissing-prototypes -Wmissing-declarations -Wnested-externs -Wpacked -Wswitch-enum -Wmissing-format-attribute -Wstrict-aliasing=2 -Winit-self -Winline -Wshadow -Wdeclaration-after-statement -Wold-style-definition -Wno-unused-parameter -Wno-attributes -Wno-long-long -Wno-missing-field-initializers -Wno-pointer-arith -MD -MQ tests/modetest/modetest.p/cursor.c.o -MF tests/modetest/modetest.p/cursor.c.o.d -o tests/modetest/modetest.p/cursor.c.o -c ../tests/modetest/cursor.c
[7/58] cc -Itests/modetest/modetest.p -Itests/modetest -I../tests/modetest -I. -I.. -Itests -I../tests -I../include/drm -fdiagnostics-color=always -D_FILE_OFFSET_BITS=64 -Wall -Winvalid-pch -std=c11 -include config.h -O2 -m64 -march=x86-64 -mtune=generic -flto=auto -ffat-lto-objects -fPIE -pthread -Wsign-compare -Werror=undef -Werror=implicit-function-declaration -Wpointer-arith -Wwrite-strings -Wstrict-prototypes -Wmissing-prototypes -Wmissing-declarations -Wnested-externs -Wpacked -Wswitch-enum -Wmissing-format-attribute -Wstrict-aliasing=2 -Winit-self -Winline -Wshadow -Wdeclaration-after-statement -Wold-style-definition -Wno-unused-parameter -Wno-attributes -Wno-long-long -Wno-missing-field-initializers -Wno-pointer-arith -MD -MQ tests/modetest/modetest.p/buffers.c.o -MF tests/modetest/modetest.p/buffers.c.o.d -o tests/modetest/modetest.p/buffers.c.o -c ../tests/modetest/buffers.c
[8/58] cc -Itests/proptest/proptest.p -Itests/proptest -I../tests/proptest -I. -I.. -Itests -I../tests -I../include/drm -fdiagnostics-color=always -D_FILE_OFFSET_BITS=64 -Wall -Winvalid-pch -std=c11 -include config.h -O2 -m64 -march=x86-64 -mtune=generic -flto=auto -ffat-lto-objects -fPIE -Wsign-compare -Werror=undef -Werror=implicit-function-declaration -Wpointer-arith -Wwrite-strings -Wstrict-prototypes -Wmissing-prototypes -Wmissing-declarations -Wnested-externs -Wpacked -Wswitch-enum -Wmissing-format-attribute -Wstrict-aliasing=2 -Winit-self -Winline -Wshadow -Wdeclaration-after-statement -Wold-style-definition -Wno-unused-parameter -Wno-attributes -Wno-long-long -Wno-missing-field-initializers -MD -MQ tests/proptest/proptest.p/proptest.c.o -MF tests/proptest/proptest.p/proptest.c.o.d -o tests/proptest/proptest.p/proptest.c.o -c ../tests/proptest/proptest.c
[9/58] cc -Itests/modeprint/modeprint.p -Itests/modeprint -I../tests/modeprint -I. -I.. -Itests -I../tests -I../include/drm -fdiagnostics-color=always -D_FILE_OFFSET_BITS=64 -Wall -Winvalid-pch -std=c11 -include config.h -O2 -m64 -march=x86-64 -mtune=generic -flto=auto -ffat-lto-objects -fPIE -pthread -Wsign-compare -Werror=undef -Werror=implicit-function-declaration -Wpointer-arith -Wwrite-strings -Wstrict-prototypes -Wmissing-prototypes -Wmissing-declarations -Wnested-externs -Wpacked -Wswitch-enum -Wmissing-format-attribute -Wstrict-aliasing=2 -Winit-self -Winline -Wshadow -Wdeclaration-after-statement -Wold-style-definition -Wno-unused-parameter -Wno-attributes -Wno-long-long -Wno-missing-field-initializers -MD -MQ tests/modeprint/modeprint.p/modeprint.c.o -MF tests/modeprint/modeprint.p/modeprint.c.o.d -o tests/modeprint/modeprint.p/modeprint.c.o -c ../tests/modeprint/modeprint.c
[10/58] cc -Itests/util/libutil.a.p -Itests/util -I../tests/util -I. -I.. -I../include/drm -fdiagnostics-color=always -D_FILE_OFFSET_BITS=64 -Wall -Winvalid-pch -std=c11 -include config.h -O2 -m64 -march=x86-64 -mtune=generic -flto=auto -ffat-lto-objects -fPIC -MD -MQ tests/util/libutil.a.p/pattern.c.o -MF tests/util/libutil.a.p/pattern.c.o.d -o tests/util/libutil.a.p/pattern.c.o -c ../tests/util/pattern.c
[11/58] cc -Itests/util/libutil.a.p -Itests/util -I../tests/util -I. -I.. -I../include/drm -fdiagnostics-color=always -D_FILE_OFFSET_BITS=64 -Wall -Winvalid-pch -std=c11 -include config.h -O2 -m64 -march=x86-64 -mtune=generic -flto=auto -ffat-lto-objects -fPIC -MD -MQ tests/util/libutil.a.p/kms.c.o -MF tests/util/libutil.a.p/kms.c.o.d -o tests/util/libutil.a.p/kms.c.o -c ../tests/util/kms.c
[12/58] cc -Itests/util/libutil.a.p -Itests/util -I../tests/util -I. -I.. -I../include/drm -fdiagnostics-color=always -D_FILE_OFFSET_BITS=64 -Wall -Winvalid-pch -std=c11 -include config.h -O2 -m64 -march=x86-64 -mtune=generic -flto=auto -ffat-lto-objects -fPIC -MD -MQ tests/util/libutil.a.p/format.c.o -MF tests/util/libutil.a.p/format.c.o.d -o tests/util/libutil.a.p/format.c.o -c ../tests/util/format.c
[13/58] cc -Itests/drmdevice.p -Itests -I../tests -I. -I.. -I../include/drm -fdiagnostics-color=always -D_FILE_OFFSET_BITS=64 -Wall -Winvalid-pch -std=c11 -include config.h -O2 -m64 -march=x86-64 -mtune=generic -flto=auto -ffat-lto-objects -fPIE -Wsign-compare -Werror=undef -Werror=implicit-function-declaration -Wpointer-arith -Wwrite-strings -Wstrict-prototypes -Wmissing-prototypes -Wmissing-declarations -Wnested-externs -Wpacked -Wswitch-enum -Wmissing-format-attribute -Wstrict-aliasing=2 -Winit-self -Winline -Wshadow -Wdeclaration-after-statement -Wold-style-definition -Wno-unused-parameter -Wno-attributes -Wno-long-long -Wno-missing-field-initializers -MD -MQ tests/drmdevice.p/drmdevice.c.o -MF tests/drmdevice.p/drmdevice.c.o.d -o tests/drmdevice.p/drmdevice.c.o -c ../tests/drmdevice.c
[14/58] cc -Itests/drmsl.p -Itests -I../tests -I. -I.. -I../include/drm -fdiagnostics-color=always -D_FILE_OFFSET_BITS=64 -Wall -Winvalid-pch -std=c11 -include config.h -O2 -m64 -march=x86-64 -mtune=generic -flto=auto -ffat-lto-objects -fPIE -Wsign-compare -Werror=undef -Werror=implicit-function-declaration -Wpointer-arith -Wwrite-strings -Wstrict-prototypes -Wmissing-prototypes -Wmissing-declarations -Wnested-externs -Wpacked -Wswitch-enum -Wmissing-format-attribute -Wstrict-aliasing=2 -Winit-self -Winline -Wshadow -Wdeclaration-after-statement -Wold-style-definition -Wno-unused-parameter -Wno-attributes -Wno-long-long -Wno-missing-field-initializers -MD -MQ tests/drmsl.p/drmsl.c.o -MF tests/drmsl.p/drmsl.c.o.d -o tests/drmsl.p/drmsl.c.o -c ../tests/drmsl.c
[15/58] cc -Itests/hash.p -Itests -I../tests -I. -I.. -I../include/drm -fdiagnostics-color=always -D_FILE_OFFSET_BITS=64 -Wall -Winvalid-pch -std=c11 -include config.h -O2 -m64 -march=x86-64 -mtune=generic -flto=auto -ffat-lto-objects -fPIE -Wsign-compare -Werror=undef -Werror=implicit-function-declaration -Wpointer-arith -Wwrite-strings -Wstrict-prototypes -Wmissing-prototypes -Wmissing-declarations -Wnested-externs -Wpacked -Wswitch-enum -Wmissing-format-attribute -Wstrict-aliasing=2 -Winit-self -Winline -Wshadow -Wdeclaration-after-statement -Wold-style-definition -Wno-unused-parameter -Wno-attributes -Wno-long-long -Wno-missing-field-initializers -MD -MQ tests/hash.p/hash.c.o -MF tests/hash.p/hash.c.o.d -o tests/hash.p/hash.c.o -c ../tests/hash.c
[16/58] cc -Itests/nouveau/threaded.p -Itests/nouveau -I../tests/nouveau -I. -I.. -I../include/drm -Inouveau -I../nouveau -fdiagnostics-color=always -D_FILE_OFFSET_BITS=64 -Wall -Winvalid-pch -std=c11 -include config.h -O2 -m64 -march=x86-64 -mtune=generic -flto=auto -ffat-lto-objects -fPIE -pthread -Wsign-compare -Werror=undef -Werror=implicit-function-declaration -Wpointer-arith -Wwrite-strings -Wstrict-prototypes -Wmissing-prototypes -Wmissing-declarations -Wnested-externs -Wpacked -Wswitch-enum -Wmissing-format-attribute -Wstrict-aliasing=2 -Winit-self -Winline -Wshadow -Wdeclaration-after-statement -Wold-style-definition -Wno-unused-parameter -Wno-attributes -Wno-long-long -Wno-missing-field-initializers -MD -MQ tests/nouveau/threaded.p/threaded.c.o -MF tests/nouveau/threaded.p/threaded.c.o.d -o tests/nouveau/threaded.p/threaded.c.o -c ../tests/nouveau/threaded.c
[17/58] cc -Iamdgpu/libdrm_amdgpu.so.1.0.0.p -Iamdgpu -I../amdgpu -I. -I.. -I../include/drm -fdiagnostics-color=always -D_FILE_OFFSET_BITS=64 -Wall -Winvalid-pch -std=c11 -include config.h -O2 -m64 -march=x86-64 -mtune=generic -flto=auto -ffat-lto-objects -fPIC -pthread -Wsign-compare -Werror=undef -Werror=implicit-function-declaration -Wpointer-arith -Wwrite-strings -Wstrict-prototypes -Wmissing-prototypes -Wmissing-declarations -Wnested-externs -Wpacked -Wswitch-enum -Wmissing-format-attribute -Wstrict-aliasing=2 -Winit-self -Winline -Wshadow -Wdeclaration-after-statement -Wold-style-definition -Wno-unused-parameter -Wno-attributes -Wno-long-long -Wno-missing-field-initializers '-DAMDGPU_ASIC_ID_TABLE="/usr/share/libdrm/amdgpu.ids"' -MD -MQ amdgpu/libdrm_amdgpu.so.1.0.0.p/handle_table.c.o -MF amdgpu/libdrm_amdgpu.so.1.0.0.p/handle_table.c.o.d -o amdgpu/libdrm_amdgpu.so.1.0.0.p/handle_table.c.o -c ../amdgpu/handle_table.c
[18/58] cc -Iamdgpu/libdrm_amdgpu.so.1.0.0.p -Iamdgpu -I../amdgpu -I. -I.. -I../include/drm -fdiagnostics-color=always -D_FILE_OFFSET_BITS=64 -Wall -Winvalid-pch -std=c11 -include config.h -O2 -m64 -march=x86-64 -mtune=generic -flto=auto -ffat-lto-objects -fPIC -pthread -Wsign-compare -Werror=undef -Werror=implicit-function-declaration -Wpointer-arith -Wwrite-strings -Wstrict-prototypes -Wmissing-prototypes -Wmissing-declarations -Wnested-externs -Wpacked -Wswitch-enum -Wmissing-format-attribute -Wstrict-aliasing=2 -Winit-self -Winline -Wshadow -Wdeclaration-after-statement -Wold-style-definition -Wno-unused-parameter -Wno-attributes -Wno-long-long -Wno-missing-field-initializers '-DAMDGPU_ASIC_ID_TABLE="/usr/share/libdrm/amdgpu.ids"' -MD -MQ amdgpu/libdrm_amdgpu.so.1.0.0.p/amdgpu_vm.c.o -MF amdgpu/libdrm_amdgpu.so.1.0.0.p/amdgpu_vm.c.o.d -o amdgpu/libdrm_amdgpu.so.1.0.0.p/amdgpu_vm.c.o -c ../amdgpu/amdgpu_vm.c
[19/58] cc -Iamdgpu/libdrm_amdgpu.so.1.0.0.p -Iamdgpu -I../amdgpu -I. -I.. -I../include/drm -fdiagnostics-color=always -D_FILE_OFFSET_BITS=64 -Wall -Winvalid-pch -std=c11 -include config.h -O2 -m64 -march=x86-64 -mtune=generic -flto=auto -ffat-lto-objects -fPIC -pthread -Wsign-compare -Werror=undef -Werror=implicit-function-declaration -Wpointer-arith -Wwrite-strings -Wstrict-prototypes -Wmissing-prototypes -Wmissing-declarations -Wnested-externs -Wpacked -Wswitch-enum -Wmissing-format-attribute -Wstrict-aliasing=2 -Winit-self -Winline -Wshadow -Wdeclaration-after-statement -Wold-style-definition -Wno-unused-parameter -Wno-attributes -Wno-long-long -Wno-missing-field-initializers '-DAMDGPU_ASIC_ID_TABLE="/usr/share/libdrm/amdgpu.ids"' -MD -MQ amdgpu/libdrm_amdgpu.so.1.0.0.p/amdgpu_vamgr.c.o -MF amdgpu/libdrm_amdgpu.so.1.0.0.p/amdgpu_vamgr.c.o.d -o amdgpu/libdrm_amdgpu.so.1.0.0.p/amdgpu_vamgr.c.o -c ../amdgpu/amdgpu_vamgr.c
[20/58] cc -Iamdgpu/libdrm_amdgpu.so.1.0.0.p -Iamdgpu -I../amdgpu -I. -I.. -I../include/drm -fdiagnostics-color=always -D_FILE_OFFSET_BITS=64 -Wall -Winvalid-pch -std=c11 -include config.h -O2 -m64 -march=x86-64 -mtune=generic -flto=auto -ffat-lto-objects -fPIC -pthread -Wsign-compare -Werror=undef -Werror=implicit-function-declaration -Wpointer-arith -Wwrite-strings -Wstrict-prototypes -Wmissing-prototypes -Wmissing-declarations -Wnested-externs -Wpacked -Wswitch-enum -Wmissing-format-attribute -Wstrict-aliasing=2 -Winit-self -Winline -Wshadow -Wdeclaration-after-statement -Wold-style-definition -Wno-unused-parameter -Wno-attributes -Wno-long-long -Wno-missing-field-initializers '-DAMDGPU_ASIC_ID_TABLE="/usr/share/libdrm/amdgpu.ids"' -MD -MQ amdgpu/libdrm_amdgpu.so.1.0.0.p/amdgpu_gpu_info.c.o -MF amdgpu/libdrm_amdgpu.so.1.0.0.p/amdgpu_gpu_info.c.o.d -o amdgpu/libdrm_amdgpu.so.1.0.0.p/amdgpu_gpu_info.c.o -c ../amdgpu/amdgpu_gpu_info.c
[21/58] cc -Iamdgpu/libdrm_amdgpu.so.1.0.0.p -Iamdgpu -I../amdgpu -I. -I.. -I../include/drm -fdiagnostics-color=always -D_FILE_OFFSET_BITS=64 -Wall -Winvalid-pch -std=c11 -include config.h -O2 -m64 -march=x86-64 -mtune=generic -flto=auto -ffat-lto-objects -fPIC -pthread -Wsign-compare -Werror=undef -Werror=implicit-function-declaration -Wpointer-arith -Wwrite-strings -Wstrict-prototypes -Wmissing-prototypes -Wmissing-declarations -Wnested-externs -Wpacked -Wswitch-enum -Wmissing-format-attribute -Wstrict-aliasing=2 -Winit-self -Winline -Wshadow -Wdeclaration-after-statement -Wold-style-definition -Wno-unused-parameter -Wno-attributes -Wno-long-long -Wno-missing-field-initializers '-DAMDGPU_ASIC_ID_TABLE="/usr/share/libdrm/amdgpu.ids"' -MD -MQ amdgpu/libdrm_amdgpu.so.1.0.0.p/amdgpu_device.c.o -MF amdgpu/libdrm_amdgpu.so.1.0.0.p/amdgpu_device.c.o.d -o amdgpu/libdrm_amdgpu.so.1.0.0.p/amdgpu_device.c.o -c ../amdgpu/amdgpu_device.c
[22/58] cc -Iamdgpu/libdrm_amdgpu.so.1.0.0.p -Iamdgpu -I../amdgpu -I. -I.. -I../include/drm -fdiagnostics-color=always -D_FILE_OFFSET_BITS=64 -Wall -Winvalid-pch -std=c11 -include config.h -O2 -m64 -march=x86-64 -mtune=generic -flto=auto -ffat-lto-objects -fPIC -pthread -Wsign-compare -Werror=undef -Werror=implicit-function-declaration -Wpointer-arith -Wwrite-strings -Wstrict-prototypes -Wmissing-prototypes -Wmissing-declarations -Wnested-externs -Wpacked -Wswitch-enum -Wmissing-format-attribute -Wstrict-aliasing=2 -Winit-self -Winline -Wshadow -Wdeclaration-after-statement -Wold-style-definition -Wno-unused-parameter -Wno-attributes -Wno-long-long -Wno-missing-field-initializers '-DAMDGPU_ASIC_ID_TABLE="/usr/share/libdrm/amdgpu.ids"' -MD -MQ amdgpu/libdrm_amdgpu.so.1.0.0.p/amdgpu_cs.c.o -MF amdgpu/libdrm_amdgpu.so.1.0.0.p/amdgpu_cs.c.o.d -o amdgpu/libdrm_amdgpu.so.1.0.0.p/amdgpu_cs.c.o -c ../amdgpu/amdgpu_cs.c
[23/58] cc -Iamdgpu/libdrm_amdgpu.so.1.0.0.p -Iamdgpu -I../amdgpu -I. -I.. -I../include/drm -fdiagnostics-color=always -D_FILE_OFFSET_BITS=64 -Wall -Winvalid-pch -std=c11 -include config.h -O2 -m64 -march=x86-64 -mtune=generic -flto=auto -ffat-lto-objects -fPIC -pthread -Wsign-compare -Werror=undef -Werror=implicit-function-declaration -Wpointer-arith -Wwrite-strings -Wstrict-prototypes -Wmissing-prototypes -Wmissing-declarations -Wnested-externs -Wpacked -Wswitch-enum -Wmissing-format-attribute -Wstrict-aliasing=2 -Winit-self -Winline -Wshadow -Wdeclaration-after-statement -Wold-style-definition -Wno-unused-parameter -Wno-attributes -Wno-long-long -Wno-missing-field-initializers '-DAMDGPU_ASIC_ID_TABLE="/usr/share/libdrm/amdgpu.ids"' -MD -MQ amdgpu/libdrm_amdgpu.so.1.0.0.p/amdgpu_bo.c.o -MF amdgpu/libdrm_amdgpu.so.1.0.0.p/amdgpu_bo.c.o.d -o amdgpu/libdrm_amdgpu.so.1.0.0.p/amdgpu_bo.c.o -c ../amdgpu/amdgpu_bo.c
[24/58] cc -Iamdgpu/libdrm_amdgpu.so.1.0.0.p -Iamdgpu -I../amdgpu -I. -I.. -I../include/drm -fdiagnostics-color=always -D_FILE_OFFSET_BITS=64 -Wall -Winvalid-pch -std=c11 -include config.h -O2 -m64 -march=x86-64 -mtune=generic -flto=auto -ffat-lto-objects -fPIC -pthread -Wsign-compare -Werror=undef -Werror=implicit-function-declaration -Wpointer-arith -Wwrite-strings -Wstrict-prototypes -Wmissing-prototypes -Wmissing-declarations -Wnested-externs -Wpacked -Wswitch-enum -Wmissing-format-attribute -Wstrict-aliasing=2 -Winit-self -Winline -Wshadow -Wdeclaration-after-statement -Wold-style-definition -Wno-unused-parameter -Wno-attributes -Wno-long-long -Wno-missing-field-initializers '-DAMDGPU_ASIC_ID_TABLE="/usr/share/libdrm/amdgpu.ids"' -MD -MQ amdgpu/libdrm_amdgpu.so.1.0.0.p/amdgpu_asic_id.c.o -MF amdgpu/libdrm_amdgpu.so.1.0.0.p/amdgpu_asic_id.c.o.d -o amdgpu/libdrm_amdgpu.so.1.0.0.p/amdgpu_asic_id.c.o -c ../amdgpu/amdgpu_asic_id.c
[25/58] cc -Iradeon/libdrm_radeon.so.1.0.1.p -Iradeon -I../radeon -I. -I.. -I../include/drm -fvisibility=hidden -fdiagnostics-color=always -D_FILE_OFFSET_BITS=64 -Wall -Winvalid-pch -std=c11 -include config.h -O2 -m64 -march=x86-64 -mtune=generic -flto=auto -ffat-lto-objects -fPIC -pthread -Wsign-compare -Werror=undef -Werror=implicit-function-declaration -Wpointer-arith -Wwrite-strings -Wstrict-prototypes -Wmissing-prototypes -Wmissing-declarations -Wnested-externs -Wpacked -Wswitch-enum -Wmissing-format-attribute -Wstrict-aliasing=2 -Winit-self -Winline -Wshadow -Wdeclaration-after-statement -Wold-style-definition -Wno-unused-parameter -Wno-attributes -Wno-long-long -Wno-missing-field-initializers -MD -MQ radeon/libdrm_radeon.so.1.0.1.p/radeon_surface.c.o -MF radeon/libdrm_radeon.so.1.0.1.p/radeon_surface.c.o.d -o radeon/libdrm_radeon.so.1.0.1.p/radeon_surface.c.o -c ../radeon/radeon_surface.c
[26/58] cc -Iradeon/libdrm_radeon.so.1.0.1.p -Iradeon -I../radeon -I. -I.. -I../include/drm -fvisibility=hidden -fdiagnostics-color=always -D_FILE_OFFSET_BITS=64 -Wall -Winvalid-pch -std=c11 -include config.h -O2 -m64 -march=x86-64 -mtune=generic -flto=auto -ffat-lto-objects -fPIC -pthread -Wsign-compare -Werror=undef -Werror=implicit-function-declaration -Wpointer-arith -Wwrite-strings -Wstrict-prototypes -Wmissing-prototypes -Wmissing-declarations -Wnested-externs -Wpacked -Wswitch-enum -Wmissing-format-attribute -Wstrict-aliasing=2 -Winit-self -Winline -Wshadow -Wdeclaration-after-statement -Wold-style-definition -Wno-unused-parameter -Wno-attributes -Wno-long-long -Wno-missing-field-initializers -MD -MQ radeon/libdrm_radeon.so.1.0.1.p/radeon_cs.c.o -MF radeon/libdrm_radeon.so.1.0.1.p/radeon_cs.c.o.d -o radeon/libdrm_radeon.so.1.0.1.p/radeon_cs.c.o -c ../radeon/radeon_cs.c
[27/58] cc -Iradeon/libdrm_radeon.so.1.0.1.p -Iradeon -I../radeon -I. -I.. -I../include/drm -fvisibility=hidden -fdiagnostics-color=always -D_FILE_OFFSET_BITS=64 -Wall -Winvalid-pch -std=c11 -include config.h -O2 -m64 -march=x86-64 -mtune=generic -flto=auto -ffat-lto-objects -fPIC -pthread -Wsign-compare -Werror=undef -Werror=implicit-function-declaration -Wpointer-arith -Wwrite-strings -Wstrict-prototypes -Wmissing-prototypes -Wmissing-declarations -Wnested-externs -Wpacked -Wswitch-enum -Wmissing-format-attribute -Wstrict-aliasing=2 -Winit-self -Winline -Wshadow -Wdeclaration-after-statement -Wold-style-definition -Wno-unused-parameter -Wno-attributes -Wno-long-long -Wno-missing-field-initializers -MD -MQ radeon/libdrm_radeon.so.1.0.1.p/radeon_bo.c.o -MF radeon/libdrm_radeon.so.1.0.1.p/radeon_bo.c.o.d -o radeon/libdrm_radeon.so.1.0.1.p/radeon_bo.c.o -c ../radeon/radeon_bo.c
[28/58] cc -Iradeon/libdrm_radeon.so.1.0.1.p -Iradeon -I../radeon -I. -I.. -I../include/drm -fvisibility=hidden -fdiagnostics-color=always -D_FILE_OFFSET_BITS=64 -Wall -Winvalid-pch -std=c11 -include config.h -O2 -m64 -march=x86-64 -mtune=generic -flto=auto -ffat-lto-objects -fPIC -pthread -Wsign-compare -Werror=undef -Werror=implicit-function-declaration -Wpointer-arith -Wwrite-strings -Wstrict-prototypes -Wmissing-prototypes -Wmissing-declarations -Wnested-externs -Wpacked -Wswitch-enum -Wmissing-format-attribute -Wstrict-aliasing=2 -Winit-self -Winline -Wshadow -Wdeclaration-after-statement -Wold-style-definition -Wno-unused-parameter -Wno-attributes -Wno-long-long -Wno-missing-field-initializers -MD -MQ radeon/libdrm_radeon.so.1.0.1.p/radeon_cs_space.c.o -MF radeon/libdrm_radeon.so.1.0.1.p/radeon_cs_space.c.o.d -o radeon/libdrm_radeon.so.1.0.1.p/radeon_cs_space.c.o -c ../radeon/radeon_cs_space.c
[29/58] cc -Iradeon/libdrm_radeon.so.1.0.1.p -Iradeon -I../radeon -I. -I.. -I../include/drm -fvisibility=hidden -fdiagnostics-color=always -D_FILE_OFFSET_BITS=64 -Wall -Winvalid-pch -std=c11 -include config.h -O2 -m64 -march=x86-64 -mtune=generic -flto=auto -ffat-lto-objects -fPIC -pthread -Wsign-compare -Werror=undef -Werror=implicit-function-declaration -Wpointer-arith -Wwrite-strings -Wstrict-prototypes -Wmissing-prototypes -Wmissing-declarations -Wnested-externs -Wpacked -Wswitch-enum -Wmissing-format-attribute -Wstrict-aliasing=2 -Winit-self -Winline -Wshadow -Wdeclaration-after-statement -Wold-style-definition -Wno-unused-parameter -Wno-attributes -Wno-long-long -Wno-missing-field-initializers -MD -MQ radeon/libdrm_radeon.so.1.0.1.p/radeon_cs_gem.c.o -MF radeon/libdrm_radeon.so.1.0.1.p/radeon_cs_gem.c.o.d -o radeon/libdrm_radeon.so.1.0.1.p/radeon_cs_gem.c.o -c ../radeon/radeon_cs_gem.c
[30/58] cc -Iradeon/libdrm_radeon.so.1.0.1.p -Iradeon -I../radeon -I. -I.. -I../include/drm -fvisibility=hidden -fdiagnostics-color=always -D_FILE_OFFSET_BITS=64 -Wall -Winvalid-pch -std=c11 -include config.h -O2 -m64 -march=x86-64 -mtune=generic -flto=auto -ffat-lto-objects -fPIC -pthread -Wsign-compare -Werror=undef -Werror=implicit-function-declaration -Wpointer-arith -Wwrite-strings -Wstrict-prototypes -Wmissing-prototypes -Wmissing-declarations -Wnested-externs -Wpacked -Wswitch-enum -Wmissing-format-attribute -Wstrict-aliasing=2 -Winit-self -Winline -Wshadow -Wdeclaration-after-statement -Wold-style-definition -Wno-unused-parameter -Wno-attributes -Wno-long-long -Wno-missing-field-initializers -MD -MQ radeon/libdrm_radeon.so.1.0.1.p/radeon_bo_gem.c.o -MF radeon/libdrm_radeon.so.1.0.1.p/radeon_bo_gem.c.o.d -o radeon/libdrm_radeon.so.1.0.1.p/radeon_bo_gem.c.o -c ../radeon/radeon_bo_gem.c
[31/58] cc -Inouveau/libdrm_nouveau.so.2.0.0.p -Inouveau -I../nouveau -I. -I.. -I../include/drm -fvisibility=hidden -fdiagnostics-color=always -D_FILE_OFFSET_BITS=64 -Wall -Winvalid-pch -std=c11 -include config.h -O2 -m64 -march=x86-64 -mtune=generic -flto=auto -ffat-lto-objects -fPIC -pthread -Wsign-compare -Werror=undef -Werror=implicit-function-declaration -Wpointer-arith -Wwrite-strings -Wstrict-prototypes -Wmissing-prototypes -Wmissing-declarations -Wnested-externs -Wpacked -Wswitch-enum -Wmissing-format-attribute -Wstrict-aliasing=2 -Winit-self -Winline -Wshadow -Wdeclaration-after-statement -Wold-style-definition -Wno-unused-parameter -Wno-attributes -Wno-long-long -Wno-missing-field-initializers -MD -MQ nouveau/libdrm_nouveau.so.2.0.0.p/abi16.c.o -MF nouveau/libdrm_nouveau.so.2.0.0.p/abi16.c.o.d -o nouveau/libdrm_nouveau.so.2.0.0.p/abi16.c.o -c ../nouveau/abi16.c
[32/58] cc -Inouveau/libdrm_nouveau.so.2.0.0.p -Inouveau -I../nouveau -I. -I.. -I../include/drm -fvisibility=hidden -fdiagnostics-color=always -D_FILE_OFFSET_BITS=64 -Wall -Winvalid-pch -std=c11 -include config.h -O2 -m64 -march=x86-64 -mtune=generic -flto=auto -ffat-lto-objects -fPIC -pthread -Wsign-compare -Werror=undef -Werror=implicit-function-declaration -Wpointer-arith -Wwrite-strings -Wstrict-prototypes -Wmissing-prototypes -Wmissing-declarations -Wnested-externs -Wpacked -Wswitch-enum -Wmissing-format-attribute -Wstrict-aliasing=2 -Winit-self -Winline -Wshadow -Wdeclaration-after-statement -Wold-style-definition -Wno-unused-parameter -Wno-attributes -Wno-long-long -Wno-missing-field-initializers -MD -MQ nouveau/libdrm_nouveau.so.2.0.0.p/bufctx.c.o -MF nouveau/libdrm_nouveau.so.2.0.0.p/bufctx.c.o.d -o nouveau/libdrm_nouveau.so.2.0.0.p/bufctx.c.o -c ../nouveau/bufctx.c
[33/58] cc -Inouveau/libdrm_nouveau.so.2.0.0.p -Inouveau -I../nouveau -I. -I.. -I../include/drm -fvisibility=hidden -fdiagnostics-color=always -D_FILE_OFFSET_BITS=64 -Wall -Winvalid-pch -std=c11 -include config.h -O2 -m64 -march=x86-64 -mtune=generic -flto=auto -ffat-lto-objects -fPIC -pthread -Wsign-compare -Werror=undef -Werror=implicit-function-declaration -Wpointer-arith -Wwrite-strings -Wstrict-prototypes -Wmissing-prototypes -Wmissing-declarations -Wnested-externs -Wpacked -Wswitch-enum -Wmissing-format-attribute -Wstrict-aliasing=2 -Winit-self -Winline -Wshadow -Wdeclaration-after-statement -Wold-style-definition -Wno-unused-parameter -Wno-attributes -Wno-long-long -Wno-missing-field-initializers -MD -MQ nouveau/libdrm_nouveau.so.2.0.0.p/pushbuf.c.o -MF nouveau/libdrm_nouveau.so.2.0.0.p/pushbuf.c.o.d -o nouveau/libdrm_nouveau.so.2.0.0.p/pushbuf.c.o -c ../nouveau/pushbuf.c
[34/58] cc -Inouveau/libdrm_nouveau.so.2.0.0.p -Inouveau -I../nouveau -I. -I.. -I../include/drm -fvisibility=hidden -fdiagnostics-color=always -D_FILE_OFFSET_BITS=64 -Wall -Winvalid-pch -std=c11 -include config.h -O2 -m64 -march=x86-64 -mtune=generic -flto=auto -ffat-lto-objects -fPIC -pthread -Wsign-compare -Werror=undef -Werror=implicit-function-declaration -Wpointer-arith -Wwrite-strings -Wstrict-prototypes -Wmissing-prototypes -Wmissing-declarations -Wnested-externs -Wpacked -Wswitch-enum -Wmissing-format-attribute -Wstrict-aliasing=2 -Winit-self -Winline -Wshadow -Wdeclaration-after-statement -Wold-style-definition -Wno-unused-parameter -Wno-attributes -Wno-long-long -Wno-missing-field-initializers -MD -MQ nouveau/libdrm_nouveau.so.2.0.0.p/nouveau.c.o -MF nouveau/libdrm_nouveau.so.2.0.0.p/nouveau.c.o.d -o nouveau/libdrm_nouveau.so.2.0.0.p/nouveau.c.o -c ../nouveau/nouveau.c
[35/58] /usr/bin/python3 ../gen_table_fourcc.py ../include/drm/drm_fourcc.h generated_static_table_fourcc.h
[36/58] cc -Ilibdrm.so.2.4.0.p -I. -I.. -I../include/drm -fvisibility=hidden -fdiagnostics-color=always -D_FILE_OFFSET_BITS=64 -Wall -Winvalid-pch -std=c11 -include config.h -O2 -m64 -march=x86-64 -mtune=generic -flto=auto -ffat-lto-objects -fPIC -Wsign-compare -Werror=undef -Werror=implicit-function-declaration -Wpointer-arith -Wwrite-strings -Wstrict-prototypes -Wmissing-prototypes -Wmissing-declarations -Wnested-externs -Wpacked -Wswitch-enum -Wmissing-format-attribute -Wstrict-aliasing=2 -Winit-self -Winline -Wshadow -Wdeclaration-after-statement -Wold-style-definition -Wno-unused-parameter -Wno-attributes -Wno-long-long -Wno-missing-field-initializers -MD -MQ libdrm.so.2.4.0.p/xf86drmMode.c.o -MF libdrm.so.2.4.0.p/xf86drmMode.c.o.d -o libdrm.so.2.4.0.p/xf86drmMode.c.o -c ../xf86drmMode.c
[37/58] cc -Ilibdrm.so.2.4.0.p -I. -I.. -I../include/drm -fvisibility=hidden -fdiagnostics-color=always -D_FILE_OFFSET_BITS=64 -Wall -Winvalid-pch -std=c11 -include config.h -O2 -m64 -march=x86-64 -mtune=generic -flto=auto -ffat-lto-objects -fPIC -Wsign-compare -Werror=undef -Werror=implicit-function-declaration -Wpointer-arith -Wwrite-strings -Wstrict-prototypes -Wmissing-prototypes -Wmissing-declarations -Wnested-externs -Wpacked -Wswitch-enum -Wmissing-format-attribute -Wstrict-aliasing=2 -Winit-self -Winline -Wshadow -Wdeclaration-after-statement -Wold-style-definition -Wno-unused-parameter -Wno-attributes -Wno-long-long -Wno-missing-field-initializers -MD -MQ libdrm.so.2.4.0.p/xf86drmSL.c.o -MF libdrm.so.2.4.0.p/xf86drmSL.c.o.d -o libdrm.so.2.4.0.p/xf86drmSL.c.o -c ../xf86drmSL.c
[38/58] cc -Ilibdrm.so.2.4.0.p -I. -I.. -I../include/drm -fvisibility=hidden -fdiagnostics-color=always -D_FILE_OFFSET_BITS=64 -Wall -Winvalid-pch -std=c11 -include config.h -O2 -m64 -march=x86-64 -mtune=generic -flto=auto -ffat-lto-objects -fPIC -Wsign-compare -Werror=undef -Werror=implicit-function-declaration -Wpointer-arith -Wwrite-strings -Wstrict-prototypes -Wmissing-prototypes -Wmissing-declarations -Wnested-externs -Wpacked -Wswitch-enum -Wmissing-format-attribute -Wstrict-aliasing=2 -Winit-self -Winline -Wshadow -Wdeclaration-after-statement -Wold-style-definition -Wno-unused-parameter -Wno-attributes -Wno-long-long -Wno-missing-field-initializers -MD -MQ libdrm.so.2.4.0.p/xf86drmRandom.c.o -MF libdrm.so.2.4.0.p/xf86drmRandom.c.o.d -o libdrm.so.2.4.0.p/xf86drmRandom.c.o -c ../xf86drmRandom.c
[39/58] cc -Ilibdrm.so.2.4.0.p -I. -I.. -I../include/drm -fvisibility=hidden -fdiagnostics-color=always -D_FILE_OFFSET_BITS=64 -Wall -Winvalid-pch -std=c11 -include config.h -O2 -m64 -march=x86-64 -mtune=generic -flto=auto -ffat-lto-objects -fPIC -Wsign-compare -Werror=undef -Werror=implicit-function-declaration -Wpointer-arith -Wwrite-strings -Wstrict-prototypes -Wmissing-prototypes -Wmissing-declarations -Wnested-externs -Wpacked -Wswitch-enum -Wmissing-format-attribute -Wstrict-aliasing=2 -Winit-self -Winline -Wshadow -Wdeclaration-after-statement -Wold-style-definition -Wno-unused-parameter -Wno-attributes -Wno-long-long -Wno-missing-field-initializers -MD -MQ libdrm.so.2.4.0.p/xf86drmHash.c.o -MF libdrm.so.2.4.0.p/xf86drmHash.c.o.d -o libdrm.so.2.4.0.p/xf86drmHash.c.o -c ../xf86drmHash.c
[40/58] cc -Ilibdrm.so.2.4.0.p -I. -I.. -I../include/drm -fvisibility=hidden -fdiagnostics-color=always -D_FILE_OFFSET_BITS=64 -Wall -Winvalid-pch -std=c11 -include config.h -O2 -m64 -march=x86-64 -mtune=generic -flto=auto -ffat-lto-objects -fPIC -Wsign-compare -Werror=undef -Werror=implicit-function-declaration -Wpointer-arith -Wwrite-strings -Wstrict-prototypes -Wmissing-prototypes -Wmissing-declarations -Wnested-externs -Wpacked -Wswitch-enum -Wmissing-format-attribute -Wstrict-aliasing=2 -Winit-self -Winline -Wshadow -Wdeclaration-after-statement -Wold-style-definition -Wno-unused-parameter -Wno-attributes -Wno-long-long -Wno-missing-field-initializers -MD -MQ libdrm.so.2.4.0.p/xf86drm.c.o -MF libdrm.so.2.4.0.p/xf86drm.c.o.d -o libdrm.so.2.4.0.p/xf86drm.c.o -c ../xf86drm.c
[41/58] rm -f tests/util/libutil.a && gcc-ar csrDT tests/util/libutil.a tests/util/libutil.a.p/format.c.o tests/util/libutil.a.p/kms.c.o tests/util/libutil.a.p/pattern.c.o
[42/58] cc  -o libdrm.so.2.4.0 libdrm.so.2.4.0.p/xf86drm.c.o libdrm.so.2.4.0.p/xf86drmHash.c.o libdrm.so.2.4.0.p/xf86drmRandom.c.o libdrm.so.2.4.0.p/xf86drmSL.c.o libdrm.so.2.4.0.p/xf86drmMode.c.o -Wl,--as-needed -Wl,--no-undefined -shared -fPIC -Wl,--start-group -Wl,-soname,libdrm.so.2 -O2 -m64 -march=x86-64 -mtune=generic -flto=auto -ffat-lto-objects -lm -Wl,--end-group
[43/58] /usr/bin/meson --internal symbolextractor /home/devel/building/work/src/libdrm-2.4.120/build libdrm.so.2.4.0 libdrm.so.2.4.0 libdrm.so.2.4.0.p/libdrm.so.2.4.0.symbols 
[44/58] cc  -o tests/drmdevice tests/drmdevice.p/drmdevice.c.o -Wl,--as-needed -Wl,--no-undefined -pie -O2 -m64 -march=x86-64 -mtune=generic -flto=auto -ffat-lto-objects '-Wl,-rpath,$ORIGIN/..' -Wl,-rpath-link,/home/devel/building/work/src/libdrm-2.4.120/build/ -Wl,--start-group libdrm.so.2.4.0 -Wl,--end-group
[45/58] cc  -o tests/hash tests/hash.p/hash.c.o -Wl,--as-needed -Wl,--no-undefined -pie -O2 -m64 -march=x86-64 -mtune=generic -flto=auto -ffat-lto-objects '-Wl,-rpath,$ORIGIN/..' -Wl,-rpath-link,/home/devel/building/work/src/libdrm-2.4.120/build/ -Wl,--start-group libdrm.so.2.4.0 -Wl,--end-group
[46/58] cc  -o tests/drmsl tests/drmsl.p/drmsl.c.o -Wl,--as-needed -Wl,--no-undefined -pie -O2 -m64 -march=x86-64 -mtune=generic -flto=auto -ffat-lto-objects '-Wl,-rpath,$ORIGIN/..' -Wl,-rpath-link,/home/devel/building/work/src/libdrm-2.4.120/build/ -Wl,--start-group libdrm.so.2.4.0 -Wl,--end-group
[47/58] cc  -o tests/radeon/radeon_ttm tests/radeon/radeon_ttm.p/rbo.c.o tests/radeon/radeon_ttm.p/radeon_ttm.c.o -Wl,--as-needed -Wl,--no-undefined -pie -O2 -m64 -march=x86-64 -mtune=generic -flto=auto -ffat-lto-objects '-Wl,-rpath,$ORIGIN/../..' -Wl,-rpath-link,/home/devel/building/work/src/libdrm-2.4.120/build/ -Wl,--start-group libdrm.so.2.4.0 -Wl,--end-group
[48/58] cc  -o tests/vbltest/vbltest tests/vbltest/vbltest.p/vbltest.c.o -Wl,--as-needed -Wl,--no-undefined -pie -O2 -m64 -march=x86-64 -mtune=generic -flto=auto -ffat-lto-objects '-Wl,-rpath,$ORIGIN/../..' -Wl,-rpath-link,/home/devel/building/work/src/libdrm-2.4.120/build/ -Wl,--start-group libdrm.so.2.4.0 tests/util/libutil.a -Wl,--end-group
[49/58] cc  -o tests/modetest/modetest tests/modetest/modetest.p/buffers.c.o tests/modetest/modetest.p/cursor.c.o tests/modetest/modetest.p/modetest.c.o -Wl,--as-needed -Wl,--no-undefined -pie -O2 -m64 -march=x86-64 -mtune=generic -flto=auto -ffat-lto-objects '-Wl,-rpath,$ORIGIN/../..' -Wl,-rpath-link,/home/devel/building/work/src/libdrm-2.4.120/build/ -Wl,--start-group libdrm.so.2.4.0 tests/util/libutil.a -lm -Wl,--end-group -pthread
[50/58] cc  -o tests/proptest/proptest tests/proptest/proptest.p/proptest.c.o -Wl,--as-needed -Wl,--no-undefined -pie -O2 -m64 -march=x86-64 -mtune=generic -flto=auto -ffat-lto-objects '-Wl,-rpath,$ORIGIN/../..' -Wl,-rpath-link,/home/devel/building/work/src/libdrm-2.4.120/build/ -Wl,--start-group libdrm.so.2.4.0 tests/util/libutil.a -Wl,--end-group
[51/58] cc  -o tests/modeprint/modeprint tests/modeprint/modeprint.p/modeprint.c.o -Wl,--as-needed -Wl,--no-undefined -pie -O2 -m64 -march=x86-64 -mtune=generic -flto=auto -ffat-lto-objects '-Wl,-rpath,$ORIGIN/../..' -Wl,-rpath-link,/home/devel/building/work/src/libdrm-2.4.120/build/ -Wl,--start-group libdrm.so.2.4.0 tests/util/libutil.a -Wl,--end-group -pthread
[52/58] cc  -o amdgpu/libdrm_amdgpu.so.1.0.0 amdgpu/libdrm_amdgpu.so.1.0.0.p/amdgpu_asic_id.c.o amdgpu/libdrm_amdgpu.so.1.0.0.p/amdgpu_bo.c.o amdgpu/libdrm_amdgpu.so.1.0.0.p/amdgpu_cs.c.o amdgpu/libdrm_amdgpu.so.1.0.0.p/amdgpu_device.c.o amdgpu/libdrm_amdgpu.so.1.0.0.p/amdgpu_gpu_info.c.o amdgpu/libdrm_amdgpu.so.1.0.0.p/amdgpu_vamgr.c.o amdgpu/libdrm_amdgpu.so.1.0.0.p/amdgpu_vm.c.o amdgpu/libdrm_amdgpu.so.1.0.0.p/handle_table.c.o -Wl,--as-needed -Wl,--no-undefined -shared -fPIC -Wl,--start-group -Wl,-soname,libdrm_amdgpu.so.1 -O2 -m64 -march=x86-64 -mtune=generic -flto=auto -ffat-lto-objects '-Wl,-rpath,$ORIGIN/..' -Wl,-rpath-link,/home/devel/building/work/src/libdrm-2.4.120/build/ libdrm.so.2.4.0 -Wl,--end-group -pthread
[53/58] cc  -o radeon/libdrm_radeon.so.1.0.1 radeon/libdrm_radeon.so.1.0.1.p/radeon_bo_gem.c.o radeon/libdrm_radeon.so.1.0.1.p/radeon_cs_gem.c.o radeon/libdrm_radeon.so.1.0.1.p/radeon_cs_space.c.o radeon/libdrm_radeon.so.1.0.1.p/radeon_bo.c.o radeon/libdrm_radeon.so.1.0.1.p/radeon_cs.c.o radeon/libdrm_radeon.so.1.0.1.p/radeon_surface.c.o -Wl,--as-needed -Wl,--no-undefined -shared -fPIC -Wl,--start-group -Wl,-soname,libdrm_radeon.so.1 -O2 -m64 -march=x86-64 -mtune=generic -flto=auto -ffat-lto-objects '-Wl,-rpath,$ORIGIN/..' -Wl,-rpath-link,/home/devel/building/work/src/libdrm-2.4.120/build/ libdrm.so.2.4.0 -Wl,--end-group -pthread
[54/58] cc  -o nouveau/libdrm_nouveau.so.2.0.0 nouveau/libdrm_nouveau.so.2.0.0.p/nouveau.c.o nouveau/libdrm_nouveau.so.2.0.0.p/pushbuf.c.o nouveau/libdrm_nouveau.so.2.0.0.p/bufctx.c.o nouveau/libdrm_nouveau.so.2.0.0.p/abi16.c.o -Wl,--as-needed -Wl,--no-undefined -shared -fPIC -Wl,--start-group -Wl,-soname,libdrm_nouveau.so.2 -O2 -m64 -march=x86-64 -mtune=generic -flto=auto -ffat-lto-objects '-Wl,-rpath,$ORIGIN/..' -Wl,-rpath-link,/home/devel/building/work/src/libdrm-2.4.120/build/ libdrm.so.2.4.0 -Wl,--end-group -pthread
[55/58] /usr/bin/meson --internal symbolextractor /home/devel/building/work/src/libdrm-2.4.120/build nouveau/libdrm_nouveau.so.2.0.0 nouveau/libdrm_nouveau.so.2.0.0 nouveau/libdrm_nouveau.so.2.0.0.p/libdrm_nouveau.so.2.0.0.symbols 
[56/58] /usr/bin/meson --internal symbolextractor /home/devel/building/work/src/libdrm-2.4.120/build amdgpu/libdrm_amdgpu.so.1.0.0 amdgpu/libdrm_amdgpu.so.1.0.0 amdgpu/libdrm_amdgpu.so.1.0.0.p/libdrm_amdgpu.so.1.0.0.symbols 
[57/58] cc  -o tests/nouveau/threaded tests/nouveau/threaded.p/threaded.c.o -Wl,--as-needed -Wl,--no-undefined -pie -O2 -m64 -march=x86-64 -mtune=generic -flto=auto -ffat-lto-objects '-Wl,-rpath,$ORIGIN/../..:$ORIGIN/../../nouveau' -Wl,-rpath-link,/home/devel/building/work/src/libdrm-2.4.120/build/ -Wl,-rpath-link,/home/devel/building/work/src/libdrm-2.4.120/build/nouveau -Wl,--start-group libdrm.so.2.4.0 nouveau/libdrm_nouveau.so.2.0.0 -Wl,--end-group -pthread
[58/58] cc  -o tests/amdgpu/amdgpu_stress tests/amdgpu/amdgpu_stress.p/amdgpu_stress.c.o -Wl,--as-needed -Wl,--no-undefined -pie -O2 -m64 -march=x86-64 -mtune=generic -flto=auto -ffat-lto-objects '-Wl,-rpath,$ORIGIN/../..:$ORIGIN/../../amdgpu' -Wl,-rpath-link,/home/devel/building/work/src/libdrm-2.4.120/build/ -Wl,-rpath-link,/home/devel/building/work/src/libdrm-2.4.120/build/amdgpu -Wl,--start-group libdrm.so.2.4.0 amdgpu/libdrm_amdgpu.so.1.0.0 -Wl,--end-group -pthread
INFO: autodetecting backend as ninja
INFO: calculating backend command to run: /usr/bin/ninja -C /home/devel/building/work/src/libdrm-2.4.120/build -j 8 -v
+ DESTDIR=/home/devel/building/work/pkg
+ meson install --no-rebuild -C build
Installing libdrm.so.2.4.0 to /home/devel/building/work/pkg/usr/lib
Installing nouveau/libdrm_nouveau.so.2.0.0 to /home/devel/building/work/pkg/usr/lib
Installing radeon/libdrm_radeon.so.1.0.1 to /home/devel/building/work/pkg/usr/lib
Installing amdgpu/libdrm_amdgpu.so.1.0.0 to /home/devel/building/work/pkg/usr/lib
Installing /home/devel/building/work/src/libdrm-2.4.120/libsync.h to /home/devel/building/work/pkg/usr/include
Installing /home/devel/building/work/src/libdrm-2.4.120/xf86drm.h to /home/devel/building/work/pkg/usr/include
Installing /home/devel/building/work/src/libdrm-2.4.120/xf86drmMode.h to /home/devel/building/work/pkg/usr/include
Installing /home/devel/building/work/src/libdrm-2.4.120/include/drm/drm.h to /home/devel/building/work/pkg/usr/include/libdrm
Installing /home/devel/building/work/src/libdrm-2.4.120/include/drm/drm_fourcc.h to /home/devel/building/work/pkg/usr/include/libdrm
Installing /home/devel/building/work/src/libdrm-2.4.120/include/drm/drm_mode.h to /home/devel/building/work/pkg/usr/include/libdrm
Installing /home/devel/building/work/src/libdrm-2.4.120/include/drm/drm_sarea.h to /home/devel/building/work/pkg/usr/include/libdrm
Installing /home/devel/building/work/src/libdrm-2.4.120/include/drm/i915_drm.h to /home/devel/building/work/pkg/usr/include/libdrm
Installing /home/devel/building/work/src/libdrm-2.4.120/include/drm/mach64_drm.h to /home/devel/building/work/pkg/usr/include/libdrm
Installing /home/devel/building/work/src/libdrm-2.4.120/include/drm/mga_drm.h to /home/devel/building/work/pkg/usr/include/libdrm
Installing /home/devel/building/work/src/libdrm-2.4.120/include/drm/msm_drm.h to /home/devel/building/work/pkg/usr/include/libdrm
Installing /home/devel/building/work/src/libdrm-2.4.120/include/drm/nouveau_drm.h to /home/devel/building/work/pkg/usr/include/libdrm
Installing /home/devel/building/work/src/libdrm-2.4.120/include/drm/qxl_drm.h to /home/devel/building/work/pkg/usr/include/libdrm
Installing /home/devel/building/work/src/libdrm-2.4.120/include/drm/r128_drm.h to /home/devel/building/work/pkg/usr/include/libdrm
Installing /home/devel/building/work/src/libdrm-2.4.120/include/drm/radeon_drm.h to /home/devel/building/work/pkg/usr/include/libdrm
Installing /home/devel/building/work/src/libdrm-2.4.120/include/drm/amdgpu_drm.h to /home/devel/building/work/pkg/usr/include/libdrm
Installing /home/devel/building/work/src/libdrm-2.4.120/include/drm/savage_drm.h to /home/devel/building/work/pkg/usr/include/libdrm
Installing /home/devel/building/work/src/libdrm-2.4.120/include/drm/sis_drm.h to /home/devel/building/work/pkg/usr/include/libdrm
Installing /home/devel/building/work/src/libdrm-2.4.120/include/drm/tegra_drm.h to /home/devel/building/work/pkg/usr/include/libdrm
Installing /home/devel/building/work/src/libdrm-2.4.120/include/drm/vc4_drm.h to /home/devel/building/work/pkg/usr/include/libdrm
Installing /home/devel/building/work/src/libdrm-2.4.120/include/drm/via_drm.h to /home/devel/building/work/pkg/usr/include/libdrm
Installing /home/devel/building/work/src/libdrm-2.4.120/include/drm/virtgpu_drm.h to /home/devel/building/work/pkg/usr/include/libdrm
Installing /home/devel/building/work/src/libdrm-2.4.120/include/drm/vmwgfx_drm.h to /home/devel/building/work/pkg/usr/include/libdrm
Installing /home/devel/building/work/src/libdrm-2.4.120/nouveau/nouveau.h to /home/devel/building/work/pkg/usr/include/libdrm/nouveau
Installing /home/devel/building/work/src/libdrm-2.4.120/nouveau/nvif/class.h to /home/devel/building/work/pkg/usr/include/libdrm/nouveau/nvif
Installing /home/devel/building/work/src/libdrm-2.4.120/nouveau/nvif/cl0080.h to /home/devel/building/work/pkg/usr/include/libdrm/nouveau/nvif
Installing /home/devel/building/work/src/libdrm-2.4.120/nouveau/nvif/cl9097.h to /home/devel/building/work/pkg/usr/include/libdrm/nouveau/nvif
Installing /home/devel/building/work/src/libdrm-2.4.120/nouveau/nvif/if0002.h to /home/devel/building/work/pkg/usr/include/libdrm/nouveau/nvif
Installing /home/devel/building/work/src/libdrm-2.4.120/nouveau/nvif/if0003.h to /home/devel/building/work/pkg/usr/include/libdrm/nouveau/nvif
Installing /home/devel/building/work/src/libdrm-2.4.120/nouveau/nvif/ioctl.h to /home/devel/building/work/pkg/usr/include/libdrm/nouveau/nvif
Installing /home/devel/building/work/src/libdrm-2.4.120/nouveau/nvif/unpack.h to /home/devel/building/work/pkg/usr/include/libdrm/nouveau/nvif
Installing /home/devel/building/work/src/libdrm-2.4.120/radeon/radeon_bo.h to /home/devel/building/work/pkg/usr/include/libdrm
Installing /home/devel/building/work/src/libdrm-2.4.120/radeon/radeon_cs.h to /home/devel/building/work/pkg/usr/include/libdrm
Installing /home/devel/building/work/src/libdrm-2.4.120/radeon/radeon_surface.h to /home/devel/building/work/pkg/usr/include/libdrm
Installing /home/devel/building/work/src/libdrm-2.4.120/radeon/radeon_bo_gem.h to /home/devel/building/work/pkg/usr/include/libdrm
Installing /home/devel/building/work/src/libdrm-2.4.120/radeon/radeon_cs_gem.h to /home/devel/building/work/pkg/usr/include/libdrm
Installing /home/devel/building/work/src/libdrm-2.4.120/radeon/radeon_bo_int.h to /home/devel/building/work/pkg/usr/include/libdrm
Installing /home/devel/building/work/src/libdrm-2.4.120/radeon/radeon_cs_int.h to /home/devel/building/work/pkg/usr/include/libdrm
Installing /home/devel/building/work/src/libdrm-2.4.120/radeon/r600_pci_ids.h to /home/devel/building/work/pkg/usr/include/libdrm
Installing /home/devel/building/work/src/libdrm-2.4.120/amdgpu/amdgpu.h to /home/devel/building/work/pkg/usr/include/libdrm
Installing /home/devel/building/work/src/libdrm-2.4.120/build/meson-private/libdrm.pc to /home/devel/building/work/pkg/usr/lib/pkgconfig
Installing /home/devel/building/work/src/libdrm-2.4.120/build/meson-private/libdrm_nouveau.pc to /home/devel/building/work/pkg/usr/lib/pkgconfig
Installing /home/devel/building/work/src/libdrm-2.4.120/build/meson-private/libdrm_radeon.pc to /home/devel/building/work/pkg/usr/lib/pkgconfig
Installing /home/devel/building/work/src/libdrm-2.4.120/build/meson-private/libdrm_amdgpu.pc to /home/devel/building/work/pkg/usr/lib/pkgconfig
Installing /home/devel/building/work/src/libdrm-2.4.120/data/amdgpu.ids to /home/devel/building/work/pkg/usr/share/libdrm
Installing symlink pointing to libdrm.so.2.4.0 to /home/devel/building/work/pkg/usr/lib/libdrm.so.2
Installing symlink pointing to libdrm.so.2 to /home/devel/building/work/pkg/usr/lib/libdrm.so
Installing symlink pointing to libdrm_nouveau.so.2.0.0 to /home/devel/building/work/pkg/usr/lib/libdrm_nouveau.so.2
Installing symlink pointing to libdrm_nouveau.so.2 to /home/devel/building/work/pkg/usr/lib/libdrm_nouveau.so
Installing symlink pointing to libdrm_radeon.so.1.0.1 to /home/devel/building/work/pkg/usr/lib/libdrm_radeon.so.1
Installing symlink pointing to libdrm_radeon.so.1 to /home/devel/building/work/pkg/usr/lib/libdrm_radeon.so
Installing symlink pointing to libdrm_amdgpu.so.1.0.0 to /home/devel/building/work/pkg/usr/lib/libdrm_amdgpu.so.1
Installing symlink pointing to libdrm_amdgpu.so.1 to /home/devel/building/work/pkg/usr/lib/libdrm_amdgpu.so
=======> Build result:
drwxr-xr-x  0 root   root        0 Feb  1 18:11 usr/
drwxr-xr-x  0 root   root        0 Feb  1 18:11 usr/lib/
drwxr-xr-x  0 root   root        0 Feb  1 18:11 usr/include/
drwxr-xr-x  0 root   root        0 Feb  1 18:11 usr/share/
drwxr-xr-x  0 root   root        0 Feb  1 18:11 usr/share/libdrm/
-rw-r--r--  0 root   root    17212 Jan 13 10:37 usr/share/libdrm/amdgpu.ids
-rw-r--r--  0 root   root     3466 Jan 13 10:37 usr/include/libsync.h
-rw-r--r--  0 root   root    37266 Jan 13 10:37 usr/include/xf86drm.h
-rw-r--r--  0 root   root    16557 Jan 13 10:37 usr/include/xf86drmMode.h
drwxr-xr-x  0 root   root        0 Feb  1 18:11 usr/include/libdrm/
-rw-r--r--  0 root   root    45668 Jan 13 10:37 usr/include/libdrm/drm.h
-rw-r--r--  0 root   root    68975 Jan 13 10:37 usr/include/libdrm/drm_fourcc.h
-rw-r--r--  0 root   root    41019 Jan 13 10:37 usr/include/libdrm/drm_mode.h
-rw-r--r--  0 root   root     2782 Jan 13 10:37 usr/include/libdrm/drm_sarea.h
-rw-r--r--  0 root   root   124881 Jan 13 10:37 usr/include/libdrm/i915_drm.h
-rw-r--r--  0 root   root     7895 Jan 13 10:37 usr/include/libdrm/mach64_drm.h
-rw-r--r--  0 root   root    13010 Jan 13 10:37 usr/include/libdrm/mga_drm.h
-rw-r--r--  0 root   root    12105 Jan 13 10:37 usr/include/libdrm/msm_drm.h
-rw-r--r--  0 root   root     7000 Jan 13 10:37 usr/include/libdrm/nouveau_drm.h
-rw-r--r--  0 root   root     4131 Jan 13 10:37 usr/include/libdrm/qxl_drm.h
-rw-r--r--  0 root   root    10000 Jan 13 10:37 usr/include/libdrm/r128_drm.h
-rw-r--r--  0 root   root    38317 Jan 13 10:37 usr/include/libdrm/radeon_drm.h
-rw-r--r--  0 root   root    39283 Jan 13 10:37 usr/include/libdrm/amdgpu_drm.h
-rw-r--r--  0 root   root     7170 Jan 13 10:37 usr/include/libdrm/savage_drm.h
-rw-r--r--  0 root   root     2633 Jan 13 10:37 usr/include/libdrm/sis_drm.h
-rw-r--r--  0 root   root    21651 Jan 13 10:37 usr/include/libdrm/tegra_drm.h
-rw-r--r--  0 root   root    14457 Jan 13 10:37 usr/include/libdrm/vc4_drm.h
-rw-r--r--  0 root   root     8372 Jan 13 10:37 usr/include/libdrm/via_drm.h
-rw-r--r--  0 root   root     5010 Jan 13 10:37 usr/include/libdrm/virtgpu_drm.h
-rw-r--r--  0 root   root    32085 Jan 13 10:37 usr/include/libdrm/vmwgfx_drm.h
drwxr-xr-x  0 root   root        0 Feb  1 18:11 usr/include/libdrm/nouveau/
-rw-r--r--  0 root   root     2813 Jan 13 10:37 usr/include/libdrm/radeon_bo.h
-rw-r--r--  0 root   root     5121 Jan 13 10:37 usr/include/libdrm/radeon_cs.h
-rw-r--r--  0 root   root     5968 Jan 13 10:37 usr/include/libdrm/radeon_surface.h
-rw-r--r--  0 root   root     1991 Jan 13 10:37 usr/include/libdrm/radeon_bo_gem.h
-rw-r--r--  0 root   root     1601 Jan 13 10:37 usr/include/libdrm/radeon_cs_gem.h
-rw-r--r--  0 root   root     1678 Jan 13 10:37 usr/include/libdrm/radeon_bo_int.h
-rw-r--r--  0 root   root     2179 Jan 13 10:37 usr/include/libdrm/radeon_cs_int.h
-rw-r--r--  0 root   root    16388 Jan 13 10:37 usr/include/libdrm/r600_pci_ids.h
-rw-r--r--  0 root   root    57299 Jan 13 10:37 usr/include/libdrm/amdgpu.h
-rw-r--r--  0 root   root     7902 Jan 13 10:37 usr/include/libdrm/nouveau/nouveau.h
drwxr-xr-x  0 root   root        0 Feb  1 18:11 usr/include/libdrm/nouveau/nvif/
-rw-r--r--  0 root   root     8789 Jan 13 10:37 usr/include/libdrm/nouveau/nvif/class.h
-rw-r--r--  0 root   root     1785 Jan 13 10:37 usr/include/libdrm/nouveau/nvif/cl0080.h
-rw-r--r--  0 root   root     2062 Jan 13 10:37 usr/include/libdrm/nouveau/nvif/cl9097.h
-rw-r--r--  0 root   root      769 Jan 13 10:37 usr/include/libdrm/nouveau/nvif/if0002.h
-rw-r--r--  0 root   root      645 Jan 13 10:37 usr/include/libdrm/nouveau/nvif/if0003.h
-rw-r--r--  0 root   root     3174 Jan 13 10:37 usr/include/libdrm/nouveau/nvif/ioctl.h
-rw-r--r--  0 root   root     1551 Jan 13 10:37 usr/include/libdrm/nouveau/nvif/unpack.h
-rwxr-xr-x  0 root   root    84728 Feb  1 18:11 usr/lib/libdrm.so.2.4.0
-rwxr-xr-x  0 root   root    35160 Feb  1 18:11 usr/lib/libdrm_nouveau.so.2.0.0
-rwxr-xr-x  0 root   root    51424 Feb  1 18:11 usr/lib/libdrm_radeon.so.1.0.1
-rwxr-xr-x  0 root   root    43488 Feb  1 18:11 usr/lib/libdrm_amdgpu.so.1.0.0
drwxr-xr-x  0 root   root        0 Feb  1 18:11 usr/lib/pkgconfig/
lrwxrwxrwx  0 root   root        0 Feb  1 18:11 usr/lib/libdrm.so.2 -> libdrm.so.2.4.0
lrwxrwxrwx  0 root   root        0 Feb  1 18:11 usr/lib/libdrm.so -> libdrm.so.2
lrwxrwxrwx  0 root   root        0 Feb  1 18:11 usr/lib/libdrm_nouveau.so.2 -> libdrm_nouveau.so.2.0.0
lrwxrwxrwx  0 root   root        0 Feb  1 18:11 usr/lib/libdrm_nouveau.so -> libdrm_nouveau.so.2
lrwxrwxrwx  0 root   root        0 Feb  1 18:11 usr/lib/libdrm_radeon.so.1 -> libdrm_radeon.so.1.0.1
lrwxrwxrwx  0 root   root        0 Feb  1 18:11 usr/lib/libdrm_radeon.so -> libdrm_radeon.so.1
lrwxrwxrwx  0 root   root        0 Feb  1 18:11 usr/lib/libdrm_amdgpu.so.1 -> libdrm_amdgpu.so.1.0.0
lrwxrwxrwx  0 root   root        0 Feb  1 18:11 usr/lib/libdrm_amdgpu.so -> libdrm_amdgpu.so.1
-rw-r--r--  0 root   root      238 Feb  1 18:11 usr/lib/pkgconfig/libdrm.pc
-rw-r--r--  0 root   root      323 Feb  1 18:11 usr/lib/pkgconfig/libdrm_nouveau.pc
-rw-r--r--  0 root   root      293 Feb  1 18:11 usr/lib/pkgconfig/libdrm_radeon.pc
-rw-r--r--  0 root   root      293 Feb  1 18:11 usr/lib/pkgconfig/libdrm_amdgpu.pc
=======> Building '/home/devel/packages/libdrm#2.4.120-1.x86_64.pkg.tar.zst' succeeded.
prt-get: Using PKGMK_PACKAGE_DIR: /home/devel/packages
prt-get: reinstalling libdrm 2.4.120-1
prt-get: /usr/bin/pkgadd -u libdrm#2.4.120-1.x86_64.pkg.tar.zst
prt-get: build done Thu Feb  1 18:11:23 2024

