prt-get: updating /usr/ports/wayland-x86_64/libepoxy
prt-get: starting build Thu Feb  1 18:11:31 2024
=======> Building '/home/devel/packages/libepoxy#1.5.10-1.x86_64.pkg.tar.zst'.
bsdtar -p -o -C /home/devel/building/work/src -xf /home/devel/sources/libepoxy-1.5.10.tar.gz
+ build
+ cd libepoxy-1.5.10
+ build-meson -Degl=yes -Dglx=no -Dx11=false -Ddocs=false -Dtests=false . build
The Meson build system
Version: 1.3.1
Source dir: /home/devel/building/work/src/libepoxy-1.5.10
Build dir: /home/devel/building/work/src/libepoxy-1.5.10/build
Build type: native build
Project name: libepoxy
Project version: 1.5.10
C compiler for the host machine: cc (gcc 13.2.0 "cc (SAUX-x86_64) 13.2.0")
C linker for the host machine: cc ld.bfd 2.42
Host machine cpu family: x86_64
Host machine cpu: x86_64
Has header "KHR/khrplatform.h" : YES 
Compiler for C supports arguments -Wpointer-arith: YES 
Compiler for C supports arguments -Wmissing-declarations: YES 
Compiler for C supports arguments -Wformat=2: YES 
Compiler for C supports arguments -Wstrict-prototypes: YES 
Compiler for C supports arguments -Wmissing-prototypes: YES 
Compiler for C supports arguments -Wnested-externs: YES 
Compiler for C supports arguments -Wbad-function-cast: YES 
Compiler for C supports arguments -Wold-style-definition: YES 
Compiler for C supports arguments -Wdeclaration-after-statement: YES 
Compiler for C supports arguments -Wunused: YES 
Compiler for C supports arguments -Wuninitialized: YES 
Compiler for C supports arguments -Wshadow: YES 
Compiler for C supports arguments -Wmissing-noreturn: YES 
Compiler for C supports arguments -Wmissing-format-attribute: YES 
Compiler for C supports arguments -Wredundant-decls: YES 
Compiler for C supports arguments -Wlogical-op: YES 
Compiler for C supports arguments -Werror=implicit: YES 
Compiler for C supports arguments -Werror=nonnull: YES 
Compiler for C supports arguments -Werror=init-self: YES 
Compiler for C supports arguments -Werror=main: YES 
Compiler for C supports arguments -Werror=missing-braces: YES 
Compiler for C supports arguments -Werror=sequence-point: YES 
Compiler for C supports arguments -Werror=return-type: YES 
Compiler for C supports arguments -Werror=trigraphs: YES 
Compiler for C supports arguments -Werror=array-bounds: YES 
Compiler for C supports arguments -Werror=write-strings: YES 
Compiler for C supports arguments -Werror=address: YES 
Compiler for C supports arguments -Werror=int-to-pointer-cast: YES 
Compiler for C supports arguments -Werror=pointer-to-int-cast: YES 
Compiler for C supports arguments -fno-strict-aliasing: YES 
Compiler for C supports arguments -Wno-int-conversion: YES 
Library dl found: YES
Found pkg-config: YES (/usr/bin/pkg-config) 2.1.0
Run-time dependency gl found: NO (tried pkgconfig and system)
Run-time dependency egl found: YES 23.3.3
Found CMake: /usr/bin/cmake (3.28.1)
Run-time dependency x11 found: NO (tried pkgconfig and cmake)
Run-time dependency glesv2 found: YES 23.3.3
Run-time dependency glesv1_cm found: YES 23.3.3
Program src/gen_dispatch.py found: YES (/home/devel/building/work/src/libepoxy-1.5.10/src/gen_dispatch.py)
Configuring config.h using configuration
Compiler for C supports link arguments -Wl,-Bsymbolic-functions: YES 
Compiler for C supports link arguments -Wl,-z,relro: YES 
Build targets in project: 5

libepoxy 1.5.10

  User defined options
    auto_features     : auto
    bindir            : /usr/bin
    buildtype         : plain
    datadir           : /usr/share
    includedir        : /usr/include
    libdir            : /usr/lib
    libexecdir        : /usr/lib
    localstatedir     : /var
    mandir            : /usr/share/man
    prefix            : /usr
    sbindir           : /usr/sbin
    sharedstatedir    : /var/lib
    sysconfdir        : /etc
    werror            : false
    wrap_mode         : nodownload
    python.bytecompile: 0
    b_lto             : false
    b_pie             : true
    b_staticpic       : true
    docs              : false
    egl               : yes
    glx               : no
    tests             : false
    x11               : false

Found ninja-1.9 at /usr/bin/ninja
+ meson compile -j 8 -v -C build
ninja: entering directory '/home/devel/building/work/src/libepoxy-1.5.10/build'
[1/9] /home/devel/building/work/src/libepoxy-1.5.10/src/gen_dispatch.py --source --no-header --outputdir=src ../registry/egl.xml
[2/9] /home/devel/building/work/src/libepoxy-1.5.10/src/gen_dispatch.py --source --no-header --outputdir=src ../registry/gl.xml
[3/9] /home/devel/building/work/src/libepoxy-1.5.10/src/gen_dispatch.py --header --no-source --outputdir=include/epoxy ../registry/egl.xml
[4/9] /home/devel/building/work/src/libepoxy-1.5.10/src/gen_dispatch.py --header --no-source --outputdir=include/epoxy ../registry/gl.xml
[5/9] cc -Isrc/libepoxy.so.0.0.0.p -Isrc -I../src -Iinclude -I../include -Iinclude/epoxy -I/usr/include/libdrm -fdiagnostics-color=always -D_FILE_OFFSET_BITS=64 -Wall -Winvalid-pch -std=gnu99 -O2 -m64 -march=x86-64 -mtune=generic -flto=auto -ffat-lto-objects -fPIC -Wpointer-arith -Wmissing-declarations -Wformat=2 -Wstrict-prototypes -Wmissing-prototypes -Wnested-externs -Wbad-function-cast -Wold-style-definition -Wdeclaration-after-statement -Wunused -Wuninitialized -Wshadow -Wmissing-noreturn -Wmissing-format-attribute -Wredundant-decls -Wlogical-op -Werror=implicit -Werror=nonnull -Werror=init-self -Werror=main -Werror=missing-braces -Werror=sequence-point -Werror=return-type -Werror=trigraphs -Werror=array-bounds -Werror=write-strings -Werror=address -Werror=int-to-pointer-cast -Werror=pointer-to-int-cast -fno-strict-aliasing -Wno-int-conversion -fvisibility=hidden -MD -MQ src/libepoxy.so.0.0.0.p/dispatch_egl.c.o -MF src/libepoxy.so.0.0.0.p/dispatch_egl.c.o.d -o src/libepoxy.so.0.0.0.p/dispatch_egl.c.o -c ../src/dispatch_egl.c
[6/9] cc -Isrc/libepoxy.so.0.0.0.p -Isrc -I../src -Iinclude -I../include -Iinclude/epoxy -I/usr/include/libdrm -fdiagnostics-color=always -D_FILE_OFFSET_BITS=64 -Wall -Winvalid-pch -std=gnu99 -O2 -m64 -march=x86-64 -mtune=generic -flto=auto -ffat-lto-objects -fPIC -Wpointer-arith -Wmissing-declarations -Wformat=2 -Wstrict-prototypes -Wmissing-prototypes -Wnested-externs -Wbad-function-cast -Wold-style-definition -Wdeclaration-after-statement -Wunused -Wuninitialized -Wshadow -Wmissing-noreturn -Wmissing-format-attribute -Wredundant-decls -Wlogical-op -Werror=implicit -Werror=nonnull -Werror=init-self -Werror=main -Werror=missing-braces -Werror=sequence-point -Werror=return-type -Werror=trigraphs -Werror=array-bounds -Werror=write-strings -Werror=address -Werror=int-to-pointer-cast -Werror=pointer-to-int-cast -fno-strict-aliasing -Wno-int-conversion -fvisibility=hidden -MD -MQ src/libepoxy.so.0.0.0.p/dispatch_common.c.o -MF src/libepoxy.so.0.0.0.p/dispatch_common.c.o.d -o src/libepoxy.so.0.0.0.p/dispatch_common.c.o -c ../src/dispatch_common.c
[7/9] cc -Isrc/libepoxy.so.0.0.0.p -Isrc -I../src -Iinclude -I../include -Iinclude/epoxy -I/usr/include/libdrm -fdiagnostics-color=always -D_FILE_OFFSET_BITS=64 -Wall -Winvalid-pch -std=gnu99 -O2 -m64 -march=x86-64 -mtune=generic -flto=auto -ffat-lto-objects -fPIC -Wpointer-arith -Wmissing-declarations -Wformat=2 -Wstrict-prototypes -Wmissing-prototypes -Wnested-externs -Wbad-function-cast -Wold-style-definition -Wdeclaration-after-statement -Wunused -Wuninitialized -Wshadow -Wmissing-noreturn -Wmissing-format-attribute -Wredundant-decls -Wlogical-op -Werror=implicit -Werror=nonnull -Werror=init-self -Werror=main -Werror=missing-braces -Werror=sequence-point -Werror=return-type -Werror=trigraphs -Werror=array-bounds -Werror=write-strings -Werror=address -Werror=int-to-pointer-cast -Werror=pointer-to-int-cast -fno-strict-aliasing -Wno-int-conversion -fvisibility=hidden -MD -MQ src/libepoxy.so.0.0.0.p/meson-generated_.._egl_generated_dispatch.c.o -MF src/libepoxy.so.0.0.0.p/meson-generated_.._egl_generated_dispatch.c.o.d -o src/libepoxy.so.0.0.0.p/meson-generated_.._egl_generated_dispatch.c.o -c src/egl_generated_dispatch.c
[8/9] cc -Isrc/libepoxy.so.0.0.0.p -Isrc -I../src -Iinclude -I../include -Iinclude/epoxy -I/usr/include/libdrm -fdiagnostics-color=always -D_FILE_OFFSET_BITS=64 -Wall -Winvalid-pch -std=gnu99 -O2 -m64 -march=x86-64 -mtune=generic -flto=auto -ffat-lto-objects -fPIC -Wpointer-arith -Wmissing-declarations -Wformat=2 -Wstrict-prototypes -Wmissing-prototypes -Wnested-externs -Wbad-function-cast -Wold-style-definition -Wdeclaration-after-statement -Wunused -Wuninitialized -Wshadow -Wmissing-noreturn -Wmissing-format-attribute -Wredundant-decls -Wlogical-op -Werror=implicit -Werror=nonnull -Werror=init-self -Werror=main -Werror=missing-braces -Werror=sequence-point -Werror=return-type -Werror=trigraphs -Werror=array-bounds -Werror=write-strings -Werror=address -Werror=int-to-pointer-cast -Werror=pointer-to-int-cast -fno-strict-aliasing -Wno-int-conversion -fvisibility=hidden -MD -MQ src/libepoxy.so.0.0.0.p/meson-generated_.._gl_generated_dispatch.c.o -MF src/libepoxy.so.0.0.0.p/meson-generated_.._gl_generated_dispatch.c.o.d -o src/libepoxy.so.0.0.0.p/meson-generated_.._gl_generated_dispatch.c.o -c src/gl_generated_dispatch.c
[9/9] cc  -o src/libepoxy.so.0.0.0 src/libepoxy.so.0.0.0.p/meson-generated_.._gl_generated_dispatch.c.o src/libepoxy.so.0.0.0.p/meson-generated_.._egl_generated_dispatch.c.o src/libepoxy.so.0.0.0.p/dispatch_common.c.o src/libepoxy.so.0.0.0.p/dispatch_egl.c.o -Wl,--as-needed -Wl,--no-undefined -shared -fPIC -Wl,--start-group -Wl,-soname,libepoxy.so.0 -O2 -m64 -march=x86-64 -mtune=generic -flto=auto -ffat-lto-objects -Wl,-Bsymbolic-functions -Wl,-z,relro -ldl -Wl,--end-group
INFO: autodetecting backend as ninja
INFO: calculating backend command to run: /usr/bin/ninja -C /home/devel/building/work/src/libepoxy-1.5.10/build -j 8 -v
+ DESTDIR=/home/devel/building/work/pkg
+ meson install --no-rebuild -C build
Installing include/epoxy/gl_generated.h to /home/devel/building/work/pkg/usr/include/epoxy
Installing include/epoxy/egl_generated.h to /home/devel/building/work/pkg/usr/include/epoxy
Installing src/libepoxy.so.0.0.0 to /home/devel/building/work/pkg/usr/lib
Installing /home/devel/building/work/src/libepoxy-1.5.10/include/epoxy/common.h to /home/devel/building/work/pkg/usr/include/epoxy
Installing /home/devel/building/work/src/libepoxy-1.5.10/include/epoxy/gl.h to /home/devel/building/work/pkg/usr/include/epoxy
Installing /home/devel/building/work/src/libepoxy-1.5.10/include/epoxy/egl.h to /home/devel/building/work/pkg/usr/include/epoxy
Installing /home/devel/building/work/src/libepoxy-1.5.10/build/meson-private/epoxy.pc to /home/devel/building/work/pkg/usr/lib/pkgconfig
Installing symlink pointing to libepoxy.so.0.0.0 to /home/devel/building/work/pkg/usr/lib/libepoxy.so.0
Installing symlink pointing to libepoxy.so.0 to /home/devel/building/work/pkg/usr/lib/libepoxy.so
=======> Build result:
drwxr-xr-x  0 root   root        0 Feb  1 18:11 usr/
drwxr-xr-x  0 root   root        0 Feb  1 18:11 usr/include/
drwxr-xr-x  0 root   root        0 Feb  1 18:11 usr/lib/
-rwxr-xr-x  0 root   root  1217320 Feb  1 18:11 usr/lib/libepoxy.so.0.0.0
drwxr-xr-x  0 root   root        0 Feb  1 18:11 usr/lib/pkgconfig/
lrwxrwxrwx  0 root   root        0 Feb  1 18:11 usr/lib/libepoxy.so.0 -> libepoxy.so.0.0.0
lrwxrwxrwx  0 root   root        0 Feb  1 18:11 usr/lib/libepoxy.so -> libepoxy.so.0
-rw-r--r--  0 root   root      264 Feb  1 18:11 usr/lib/pkgconfig/epoxy.pc
drwxr-xr-x  0 root   root        0 Feb  1 18:11 usr/include/epoxy/
-rw-r--r--  0 root   root  1492422 Feb  1 18:11 usr/include/epoxy/gl_generated.h
-rw-r--r--  0 root   root    96768 Feb  1 18:11 usr/include/epoxy/egl_generated.h
-rw-r--r--  0 root   root     1990 Feb 17  2022 usr/include/epoxy/common.h
-rw-r--r--  0 root   root     3104 Feb 17  2022 usr/include/epoxy/gl.h
-rw-r--r--  0 root   root     1840 Feb 17  2022 usr/include/epoxy/egl.h
=======> Building '/home/devel/packages/libepoxy#1.5.10-1.x86_64.pkg.tar.zst' succeeded.
prt-get: Using PKGMK_PACKAGE_DIR: /home/devel/packages
prt-get: reinstalling libepoxy 1.5.10-1
prt-get: /usr/bin/pkgadd -u libepoxy#1.5.10-1.x86_64.pkg.tar.zst
prt-get: build done Thu Feb  1 18:11:40 2024

