prt-get: updating /usr/ports/opt-x86_64/libgudev
prt-get: starting build Tue May  7 23:28:07 2024
=======> Building '/home/devel/packages/libgudev#238-1.x86_64.pkg.tar.zst'.
bsdtar -p -o -C /home/devel/building/work/src -xf /home/devel/sources/libgudev-238.tar.xz
+ build
+ cd libgudev-238
+ build-meson -Dvapi=disabled . build
The Meson build system
Version: 1.4.0
Source dir: /home/devel/building/work/src/libgudev-238
Build dir: /home/devel/building/work/src/libgudev-238/build
Build type: native build
Project name: libgudev
Project version: 238
C compiler for the host machine: cc (gcc 14.1.0 "cc (SAUX-x86_64) 14.1.0")
C linker for the host machine: cc ld.bfd 2.42
Host machine cpu family: x86_64
Host machine cpu: x86_64
Found pkg-config: YES (/usr/bin/pkg-config) 2.2.0
Run-time dependency glib-2.0 found: YES 2.80.0
Run-time dependency gobject-2.0 found: YES 2.80.0
Run-time dependency libudev found: YES 251
Run-time dependency gio-2.0 found: YES 2.80.0
Found CMake: /usr/bin/cmake (3.29.2)
Run-time dependency umockdev-1.0 found: NO (tried pkgconfig and cmake)
Program g-ir-scanner found: YES (/usr/bin/g-ir-scanner)
Program vapigen skipped: feature vapi disabled
Configuring config.h using configuration
Dependency glib-2.0 found: YES 2.80.0 (cached)
Program /usr/bin/glib-mkenums found: YES (/usr/bin/glib-mkenums)
Dependency glib-2.0 found: YES 2.80.0 (cached)
Program /usr/bin/glib-mkenums found: YES (/usr/bin/glib-mkenums)
Run-time dependency gobject-introspection-1.0 found: YES 1.78.1
Dependency gobject-introspection-1.0 found: YES 1.78.1 (cached)
Program /usr/bin/g-ir-scanner found: YES (/usr/bin/g-ir-scanner)
Dependency gobject-introspection-1.0 found: YES 1.78.1 (cached)
Program /usr/bin/g-ir-compiler found: YES (/usr/bin/g-ir-compiler)
Build targets in project: 5
NOTICE: Future-deprecated features used:
 * 0.56.0: {'meson.build_root', 'meson.source_root'}

libgudev 238

  Build
    Documentation     : false
    Introspection     : true
    Vala API          : false
    Tests             : false

  Directories
    prefix            : /usr
    includedir        : /usr/include
    libdir            : /usr/lib
    datadir           : /usr/share

  User defined options
    auto_features     : auto
    bindir            : /usr/bin
    buildtype         : plain
    datadir           : /usr/share
    includedir        : /usr/include
    libdir            : /usr/lib
    libexecdir        : /usr/lib
    localstatedir     : /var
    mandir            : /usr/share/man
    prefix            : /usr
    sbindir           : /usr/sbin
    sharedstatedir    : /var/lib
    sysconfdir        : /etc
    werror            : false
    wrap_mode         : nodownload
    python.bytecompile: 0
    b_lto             : false
    b_pie             : true
    b_staticpic       : true
    vapi              : disabled

Found ninja-1.9 at /usr/bin/ninja
+ meson compile -j 8 -C build
ninja: entering directory '/home/devel/building/work/src/libgudev-238/build'
[1/9] Generating GObject enum file gudev/gudevenumtypes.h (wrapped by meson to capture output)
[2/9] Compiling C object gudev/libgudev-1.0.so.0.3.0.p/gudevenumerator.c.o
[3/9] Compiling C object gudev/libgudev-1.0.so.0.3.0.p/gudevdevice.c.o
[4/9] Compiling C object gudev/libgudev-1.0.so.0.3.0.p/gudevclient.c.o
[5/9] Generating GObject enum file gudev/gudevenumtypes.c (wrapped by meson to capture output)
[6/9] Compiling C object gudev/libgudev-1.0.so.0.3.0.p/meson-generated_.._gudevenumtypes.c.o
[7/9] Linking target gudev/libgudev-1.0.so.0.3.0
[8/9] Generating gudev/GUdev-1.0.gir with a custom command (wrapped by meson to set env)
[9/9] Generating gudev/GUdev-1.0.typelib with a custom command
INFO: autodetecting backend as ninja
INFO: calculating backend command to run: /usr/bin/ninja -C /home/devel/building/work/src/libgudev-238/build -j 8
+ DESTDIR=/home/devel/building/work/pkg
+ meson install --no-rebuild -C build
Installing gudev/gudevenumtypes.h to /home/devel/building/work/pkg/usr/include/gudev-1.0/gudev
Installing gudev/libgudev-1.0.so.0.3.0 to /home/devel/building/work/pkg/usr/lib
Installing gudev/GUdev-1.0.gir to /home/devel/building/work/pkg/usr/share/gir-1.0
Installing gudev/GUdev-1.0.typelib to /home/devel/building/work/pkg/usr/lib/girepository-1.0
Installing /home/devel/building/work/src/libgudev-238/gudev/gudev.h to /home/devel/building/work/pkg/usr/include/gudev-1.0/gudev
Installing /home/devel/building/work/src/libgudev-238/gudev/gudevclient.h to /home/devel/building/work/pkg/usr/include/gudev-1.0/gudev
Installing /home/devel/building/work/src/libgudev-238/gudev/gudevdevice.h to /home/devel/building/work/pkg/usr/include/gudev-1.0/gudev
Installing /home/devel/building/work/src/libgudev-238/gudev/gudevenumerator.h to /home/devel/building/work/pkg/usr/include/gudev-1.0/gudev
Installing /home/devel/building/work/src/libgudev-238/gudev/gudevenums.h to /home/devel/building/work/pkg/usr/include/gudev-1.0/gudev
Installing /home/devel/building/work/src/libgudev-238/gudev/gudevtypes.h to /home/devel/building/work/pkg/usr/include/gudev-1.0/gudev
Installing /home/devel/building/work/src/libgudev-238/build/meson-private/gudev-1.0.pc to /home/devel/building/work/pkg/usr/lib/pkgconfig
Installing symlink pointing to libgudev-1.0.so.0.3.0 to /home/devel/building/work/pkg/usr/lib/libgudev-1.0.so.0
Installing symlink pointing to libgudev-1.0.so.0 to /home/devel/building/work/pkg/usr/lib/libgudev-1.0.so
=======> Build result:
drwxr-xr-x  0 root   root        0 May  7 23:28 usr/
drwxr-xr-x  0 root   root        0 May  7 23:28 usr/include/
drwxr-xr-x  0 root   root        0 May  7 23:28 usr/lib/
drwxr-xr-x  0 root   root        0 May  7 23:28 usr/share/
drwxr-xr-x  0 root   root        0 May  7 23:28 usr/share/gir-1.0/
-rw-r--r--  0 root   root   102443 May  7 23:28 usr/share/gir-1.0/GUdev-1.0.gir
-rwxr-xr-x  0 root   root    48104 May  7 23:28 usr/lib/libgudev-1.0.so.0.3.0
drwxr-xr-x  0 root   root        0 May  7 23:28 usr/lib/girepository-1.0/
drwxr-xr-x  0 root   root        0 May  7 23:28 usr/lib/pkgconfig/
lrwxrwxrwx  0 root   root        0 May  7 23:28 usr/lib/libgudev-1.0.so.0 -> libgudev-1.0.so.0.3.0
lrwxrwxrwx  0 root   root        0 May  7 23:28 usr/lib/libgudev-1.0.so -> libgudev-1.0.so.0
-rw-r--r--  0 root   root      313 May  7 23:28 usr/lib/pkgconfig/gudev-1.0.pc
-rw-r--r--  0 root   root     8460 May  7 23:28 usr/lib/girepository-1.0/GUdev-1.0.typelib
drwxr-xr-x  0 root   root        0 May  7 23:28 usr/include/gudev-1.0/
drwxr-xr-x  0 root   root        0 May  7 23:28 usr/include/gudev-1.0/gudev/
-rw-r--r--  0 root   root      557 May  7 23:28 usr/include/gudev-1.0/gudev/gudevenumtypes.h
-rw-r--r--  0 root   root      504 Jul  4  2023 usr/include/gudev-1.0/gudev/gudev.h
-rw-r--r--  0 root   root     3325 Jul  4  2023 usr/include/gudev-1.0/gudev/gudevclient.h
-rw-r--r--  0 root   root     7441 Jul  4  2023 usr/include/gudev-1.0/gudev/gudevdevice.h
-rw-r--r--  0 root   root     4221 Jul  4  2023 usr/include/gudev-1.0/gudev/gudevenumerator.h
-rw-r--r--  0 root   root      901 Jul  4  2023 usr/include/gudev-1.0/gudev/gudevenums.h
-rw-r--r--  0 root   root      957 Jul  4  2023 usr/include/gudev-1.0/gudev/gudevtypes.h
=======> Building '/home/devel/packages/libgudev#238-1.x86_64.pkg.tar.zst' succeeded.
prt-get: Using PKGMK_PACKAGE_DIR: /home/devel/packages
prt-get: reinstalling libgudev 238-1
prt-get: /usr/bin/pkgadd -u libgudev#238-1.x86_64.pkg.tar.zst
prt-get: build done Tue May  7 23:28:10 2024

