prt-get: updating /usr/ports/opt-x86_64/libisoburn
prt-get: starting build Thu Feb  1 18:13:33 2024
=======> Building '/home/devel/packages/libisoburn#1.5.6-1.x86_64.pkg.tar.zst'.
bsdtar -p -o -C /home/devel/building/work/src -xf /home/devel/sources/libisoburn-1.5.6.tar.gz
+ build
+ cd libisoburn-1.5.6
+ ./configure --build=x86_64-unknown-linux-gnu --host=x86_64-unknown-linux-gnu --prefix=/usr --sysconfdir=/etc --enable-libacl --enable-libedit --enable-xattr --enable-zlib --disable-static
checking build system type... x86_64-unknown-linux-gnu
checking host system type... x86_64-unknown-linux-gnu
checking target system type... x86_64-unknown-linux-gnu
checking for a BSD-compatible install... /usr/bin/install -c
checking whether build environment is sane... yes
checking for a thread-safe mkdir -p... /bin/mkdir -p
checking for gawk... gawk
checking whether make sets $(MAKE)... yes
checking whether make supports nested variables... yes
checking for style of include used by make... GNU
checking for x86_64-unknown-linux-gnu-gcc... x86_64-unknown-linux-gnu-gcc
checking whether the C compiler works... yes
checking for C compiler default output file name... a.out
checking for suffix of executables... 
checking whether we are cross compiling... no
checking for suffix of object files... o
checking whether we are using the GNU C compiler... yes
checking whether x86_64-unknown-linux-gnu-gcc accepts -g... yes
checking for x86_64-unknown-linux-gnu-gcc option to accept ISO C89... none needed
checking whether x86_64-unknown-linux-gnu-gcc understands -c and -o together... yes
checking dependency style of x86_64-unknown-linux-gnu-gcc... gcc3
checking for an ANSI C-conforming const... yes
checking for inline... inline
checking for special C compiler options needed for large files... no
checking for _FILE_OFFSET_BITS value needed for large files... no
checking for _LARGEFILE_SOURCE value needed for large files... no
checking for fseeko... yes
checking for iconv() in separate -liconv ... no
checking for libiconv in -liconv... no
checking for const qualifier with iconv() ... no
checking how to print strings... printf
checking for a sed that does not truncate output... /bin/sed
checking for grep that handles long lines and -e... /usr/bin/grep
checking for egrep... /usr/bin/grep -E
checking for fgrep... /usr/bin/grep -F
checking for ld used by x86_64-unknown-linux-gnu-gcc... /usr/bin/ld
checking if the linker (/usr/bin/ld) is GNU ld... yes
checking for BSD- or MS-compatible name lister (nm)... /usr/bin/nm -B
checking the name lister (/usr/bin/nm -B) interface... BSD nm
checking whether ln -s works... yes
checking the maximum length of command line arguments... 1572864
checking whether the shell understands some XSI constructs... yes
checking whether the shell understands "+="... no
checking how to convert x86_64-unknown-linux-gnu file names to x86_64-unknown-linux-gnu format... func_convert_file_noop
checking how to convert x86_64-unknown-linux-gnu file names to toolchain format... func_convert_file_noop
checking for /usr/bin/ld option to reload object files... -r
checking for x86_64-unknown-linux-gnu-objdump... x86_64-unknown-linux-gnu-objdump
checking how to recognize dependent libraries... pass_all
checking for x86_64-unknown-linux-gnu-dlltool... no
checking for dlltool... no
checking how to associate runtime and link libraries... printf %s\n
checking for x86_64-unknown-linux-gnu-ar... x86_64-unknown-linux-gnu-ar
checking for archiver @FILE support... @
checking for x86_64-unknown-linux-gnu-strip... x86_64-unknown-linux-gnu-strip
checking for x86_64-unknown-linux-gnu-ranlib... x86_64-unknown-linux-gnu-ranlib
checking command to parse /usr/bin/nm -B output from x86_64-unknown-linux-gnu-gcc object... ok
checking for sysroot... no
checking for x86_64-unknown-linux-gnu-mt... no
checking for mt... no
checking if : is a manifest tool... no
checking how to run the C preprocessor... x86_64-unknown-linux-gnu-gcc -E
checking for ANSI C header files... yes
checking for sys/types.h... yes
checking for sys/stat.h... yes
checking for stdlib.h... yes
checking for string.h... yes
checking for memory.h... yes
checking for strings.h... yes
checking for inttypes.h... yes
checking for stdint.h... yes
checking for unistd.h... yes
checking for dlfcn.h... yes
checking for objdir... .libs
checking if x86_64-unknown-linux-gnu-gcc supports -fno-rtti -fno-exceptions... no
checking for x86_64-unknown-linux-gnu-gcc option to produce PIC... -fPIC -DPIC
checking if x86_64-unknown-linux-gnu-gcc PIC flag -fPIC -DPIC works... yes
checking if x86_64-unknown-linux-gnu-gcc static flag -static works... yes
checking if x86_64-unknown-linux-gnu-gcc supports -c -o file.o... yes
checking if x86_64-unknown-linux-gnu-gcc supports -c -o file.o... (cached) yes
checking whether the x86_64-unknown-linux-gnu-gcc linker (/usr/bin/ld -m elf_x86_64) supports shared libraries... yes
checking whether -lc should be explicitly linked in... no
checking dynamic linker characteristics... GNU/Linux ld.so
checking how to hardcode library paths into programs... immediate
checking whether stripping libraries is possible... yes
checking if libtool supports shared libraries... yes
checking whether to build shared libraries... yes
checking whether to build static libraries... no
checking dummy usability... no
checking dummy presence... no
checking for dummy... no
checking mt usability... no
checking mt presence... no
checking for mt... no
checking for struct tm.tm_gmtoff... yes
checking for timezone variable ... timezone
checking target operating system... linux
checking for overridden pkgconfig directory path... no
enabled  installation of xorriso-dd-target/xorriso-dd-target
checking for desired functions in libreadline... yes 
checking sys/acl.h usability... yes
checking sys/acl.h presence... yes
checking for sys/acl.h... yes
checking for acl_to_text in -lacl... yes
enabled  libacl, local processing of ACL
checking attr/xattr.h usability... no
checking attr/xattr.h presence... no
checking for attr/xattr.h... no
disabled local processing of extended file attributes
checking zlib.h usability... yes
checking zlib.h presence... yes
checking for zlib.h... yes
checking for compressBound in -lz... yes
checking libjte/libjte.h usability... no
checking libjte/libjte.h presence... no
checking for libjte/libjte.h... no
enabled  xorriso external filter programs
disabled xorriso external filter programs under setuid
enabled  xorriso command -launch_frontend
disabled xorriso command -launch_frontend under setuid
disabled xorriso write size default 64 KB on DVD
enabled  strict symbol encapsulation
checking libburn/libburn.h usability... yes
checking libburn/libburn.h presence... yes
checking for libburn/libburn.h... yes
checking libisofs/libisofs.h usability... yes
checking libisofs/libisofs.h presence... yes
checking for libisofs/libisofs.h... yes
checking for LIBBURN... skipped, no --enable-pkg-check-modules
checking for LIBISOFS... skipped, no --enable-pkg-check-modules
checking that generated files are newer than configure... done
configure: creating ./config.status
config.status: creating Makefile
config.status: creating doc/doxygen.conf
config.status: creating version.h
config.status: creating libisoburn-1.pc
config.status: executing depfiles commands
config.status: executing libtool commands
+ make V=1
depbase=`echo libisoburn/burn_wrap.lo | sed 's|[^/]*$|.deps/&|;s|\.lo$||'`;\
/bin/sh ./libtool  --tag=CC   --mode=compile x86_64-unknown-linux-gnu-gcc -DPACKAGE_NAME=\"libisoburn\" -DPACKAGE_TARNAME=\"libisoburn\" -DPACKAGE_VERSION=\"1.5.6\" -DPACKAGE_STRING=\"libisoburn\ 1.5.6\" -DPACKAGE_BUGREPORT=\"http://libburnia-project.org\" -DPACKAGE_URL=\"\" -DPACKAGE=\"libisoburn\" -DVERSION=\"1.5.6\" -DHAVE_FSEEKO=1 -DICONV_CONST=/\*\*/ -DSTDC_HEADERS=1 -DHAVE_SYS_TYPES_H=1 -DHAVE_SYS_STAT_H=1 -DHAVE_STDLIB_H=1 -DHAVE_STRING_H=1 -DHAVE_MEMORY_H=1 -DHAVE_STRINGS_H=1 -DHAVE_INTTYPES_H=1 -DHAVE_STDINT_H=1 -DHAVE_UNISTD_H=1 -DHAVE_DLFCN_H=1 -DLT_OBJDIR=\".libs/\" -DHAVE_TM_GMTOFF=1 -DLibburnia_timezonE=timezone -DHAVE_LIBACL=1 -DHAVE_LIBZ=1 -I.     -DXorriso_with_readlinE -DLibisofs_with_aaip_acL  -DXorriso_allow_external_filterS  -DXorriso_allow_launch_frontenD  -DLibisofs_with_zliB   -DDEBUG -g -pedantic -Wall -Wextra -Wno-unused-parameter -Wno-char-subscripts -O2 -m64 -march=x86-64 -mtune=generic -flto=auto -ffat-lto-objects -MT libisoburn/burn_wrap.lo -MD -MP -MF $depbase.Tpo -c -o libisoburn/burn_wrap.lo libisoburn/burn_wrap.c &&\
mv -f $depbase.Tpo $depbase.Plo
depbase=`echo libisoburn/data_source.lo | sed 's|[^/]*$|.deps/&|;s|\.lo$||'`;\
/bin/sh ./libtool  --tag=CC   --mode=compile x86_64-unknown-linux-gnu-gcc -DPACKAGE_NAME=\"libisoburn\" -DPACKAGE_TARNAME=\"libisoburn\" -DPACKAGE_VERSION=\"1.5.6\" -DPACKAGE_STRING=\"libisoburn\ 1.5.6\" -DPACKAGE_BUGREPORT=\"http://libburnia-project.org\" -DPACKAGE_URL=\"\" -DPACKAGE=\"libisoburn\" -DVERSION=\"1.5.6\" -DHAVE_FSEEKO=1 -DICONV_CONST=/\*\*/ -DSTDC_HEADERS=1 -DHAVE_SYS_TYPES_H=1 -DHAVE_SYS_STAT_H=1 -DHAVE_STDLIB_H=1 -DHAVE_STRING_H=1 -DHAVE_MEMORY_H=1 -DHAVE_STRINGS_H=1 -DHAVE_INTTYPES_H=1 -DHAVE_STDINT_H=1 -DHAVE_UNISTD_H=1 -DHAVE_DLFCN_H=1 -DLT_OBJDIR=\".libs/\" -DHAVE_TM_GMTOFF=1 -DLibburnia_timezonE=timezone -DHAVE_LIBACL=1 -DHAVE_LIBZ=1 -I.     -DXorriso_with_readlinE -DLibisofs_with_aaip_acL  -DXorriso_allow_external_filterS  -DXorriso_allow_launch_frontenD  -DLibisofs_with_zliB   -DDEBUG -g -pedantic -Wall -Wextra -Wno-unused-parameter -Wno-char-subscripts -O2 -m64 -march=x86-64 -mtune=generic -flto=auto -ffat-lto-objects -MT libisoburn/data_source.lo -MD -MP -MF $depbase.Tpo -c -o libisoburn/data_source.lo libisoburn/data_source.c &&\
mv -f $depbase.Tpo $depbase.Plo
depbase=`echo libisoburn/isoburn.lo | sed 's|[^/]*$|.deps/&|;s|\.lo$||'`;\
/bin/sh ./libtool  --tag=CC   --mode=compile x86_64-unknown-linux-gnu-gcc -DPACKAGE_NAME=\"libisoburn\" -DPACKAGE_TARNAME=\"libisoburn\" -DPACKAGE_VERSION=\"1.5.6\" -DPACKAGE_STRING=\"libisoburn\ 1.5.6\" -DPACKAGE_BUGREPORT=\"http://libburnia-project.org\" -DPACKAGE_URL=\"\" -DPACKAGE=\"libisoburn\" -DVERSION=\"1.5.6\" -DHAVE_FSEEKO=1 -DICONV_CONST=/\*\*/ -DSTDC_HEADERS=1 -DHAVE_SYS_TYPES_H=1 -DHAVE_SYS_STAT_H=1 -DHAVE_STDLIB_H=1 -DHAVE_STRING_H=1 -DHAVE_MEMORY_H=1 -DHAVE_STRINGS_H=1 -DHAVE_INTTYPES_H=1 -DHAVE_STDINT_H=1 -DHAVE_UNISTD_H=1 -DHAVE_DLFCN_H=1 -DLT_OBJDIR=\".libs/\" -DHAVE_TM_GMTOFF=1 -DLibburnia_timezonE=timezone -DHAVE_LIBACL=1 -DHAVE_LIBZ=1 -I.     -DXorriso_with_readlinE -DLibisofs_with_aaip_acL  -DXorriso_allow_external_filterS  -DXorriso_allow_launch_frontenD  -DLibisofs_with_zliB   -DDEBUG -g -pedantic -Wall -Wextra -Wno-unused-parameter -Wno-char-subscripts -O2 -m64 -march=x86-64 -mtune=generic -flto=auto -ffat-lto-objects -MT libisoburn/isoburn.lo -MD -MP -MF $depbase.Tpo -c -o libisoburn/isoburn.lo libisoburn/isoburn.c &&\
mv -f $depbase.Tpo $depbase.Plo
depbase=`echo libisoburn/isofs_wrap.lo | sed 's|[^/]*$|.deps/&|;s|\.lo$||'`;\
/bin/sh ./libtool  --tag=CC   --mode=compile x86_64-unknown-linux-gnu-gcc -DPACKAGE_NAME=\"libisoburn\" -DPACKAGE_TARNAME=\"libisoburn\" -DPACKAGE_VERSION=\"1.5.6\" -DPACKAGE_STRING=\"libisoburn\ 1.5.6\" -DPACKAGE_BUGREPORT=\"http://libburnia-project.org\" -DPACKAGE_URL=\"\" -DPACKAGE=\"libisoburn\" -DVERSION=\"1.5.6\" -DHAVE_FSEEKO=1 -DICONV_CONST=/\*\*/ -DSTDC_HEADERS=1 -DHAVE_SYS_TYPES_H=1 -DHAVE_SYS_STAT_H=1 -DHAVE_STDLIB_H=1 -DHAVE_STRING_H=1 -DHAVE_MEMORY_H=1 -DHAVE_STRINGS_H=1 -DHAVE_INTTYPES_H=1 -DHAVE_STDINT_H=1 -DHAVE_UNISTD_H=1 -DHAVE_DLFCN_H=1 -DLT_OBJDIR=\".libs/\" -DHAVE_TM_GMTOFF=1 -DLibburnia_timezonE=timezone -DHAVE_LIBACL=1 -DHAVE_LIBZ=1 -I.     -DXorriso_with_readlinE -DLibisofs_with_aaip_acL  -DXorriso_allow_external_filterS  -DXorriso_allow_launch_frontenD  -DLibisofs_with_zliB   -DDEBUG -g -pedantic -Wall -Wextra -Wno-unused-parameter -Wno-char-subscripts -O2 -m64 -march=x86-64 -mtune=generic -flto=auto -ffat-lto-objects -MT libisoburn/isofs_wrap.lo -MD -MP -MF $depbase.Tpo -c -o libisoburn/isofs_wrap.lo libisoburn/isofs_wrap.c &&\
mv -f $depbase.Tpo $depbase.Plo
depbase=`echo xorriso/sfile.lo | sed 's|[^/]*$|.deps/&|;s|\.lo$||'`;\
/bin/sh ./libtool  --tag=CC   --mode=compile x86_64-unknown-linux-gnu-gcc -DPACKAGE_NAME=\"libisoburn\" -DPACKAGE_TARNAME=\"libisoburn\" -DPACKAGE_VERSION=\"1.5.6\" -DPACKAGE_STRING=\"libisoburn\ 1.5.6\" -DPACKAGE_BUGREPORT=\"http://libburnia-project.org\" -DPACKAGE_URL=\"\" -DPACKAGE=\"libisoburn\" -DVERSION=\"1.5.6\" -DHAVE_FSEEKO=1 -DICONV_CONST=/\*\*/ -DSTDC_HEADERS=1 -DHAVE_SYS_TYPES_H=1 -DHAVE_SYS_STAT_H=1 -DHAVE_STDLIB_H=1 -DHAVE_STRING_H=1 -DHAVE_MEMORY_H=1 -DHAVE_STRINGS_H=1 -DHAVE_INTTYPES_H=1 -DHAVE_STDINT_H=1 -DHAVE_UNISTD_H=1 -DHAVE_DLFCN_H=1 -DLT_OBJDIR=\".libs/\" -DHAVE_TM_GMTOFF=1 -DLibburnia_timezonE=timezone -DHAVE_LIBACL=1 -DHAVE_LIBZ=1 -I.     -DXorriso_with_readlinE -DLibisofs_with_aaip_acL  -DXorriso_allow_external_filterS  -DXorriso_allow_launch_frontenD  -DLibisofs_with_zliB   -DDEBUG -g -pedantic -Wall -Wextra -Wno-unused-parameter -Wno-char-subscripts -O2 -m64 -march=x86-64 -mtune=generic -flto=auto -ffat-lto-objects -MT xorriso/sfile.lo -MD -MP -MF $depbase.Tpo -c -o xorriso/sfile.lo xorriso/sfile.c &&\
mv -f $depbase.Tpo $depbase.Plo
depbase=`echo xorriso/aux_objects.lo | sed 's|[^/]*$|.deps/&|;s|\.lo$||'`;\
/bin/sh ./libtool  --tag=CC   --mode=compile x86_64-unknown-linux-gnu-gcc -DPACKAGE_NAME=\"libisoburn\" -DPACKAGE_TARNAME=\"libisoburn\" -DPACKAGE_VERSION=\"1.5.6\" -DPACKAGE_STRING=\"libisoburn\ 1.5.6\" -DPACKAGE_BUGREPORT=\"http://libburnia-project.org\" -DPACKAGE_URL=\"\" -DPACKAGE=\"libisoburn\" -DVERSION=\"1.5.6\" -DHAVE_FSEEKO=1 -DICONV_CONST=/\*\*/ -DSTDC_HEADERS=1 -DHAVE_SYS_TYPES_H=1 -DHAVE_SYS_STAT_H=1 -DHAVE_STDLIB_H=1 -DHAVE_STRING_H=1 -DHAVE_MEMORY_H=1 -DHAVE_STRINGS_H=1 -DHAVE_INTTYPES_H=1 -DHAVE_STDINT_H=1 -DHAVE_UNISTD_H=1 -DHAVE_DLFCN_H=1 -DLT_OBJDIR=\".libs/\" -DHAVE_TM_GMTOFF=1 -DLibburnia_timezonE=timezone -DHAVE_LIBACL=1 -DHAVE_LIBZ=1 -I.     -DXorriso_with_readlinE -DLibisofs_with_aaip_acL  -DXorriso_allow_external_filterS  -DXorriso_allow_launch_frontenD  -DLibisofs_with_zliB   -DDEBUG -g -pedantic -Wall -Wextra -Wno-unused-parameter -Wno-char-subscripts -O2 -m64 -march=x86-64 -mtune=generic -flto=auto -ffat-lto-objects -MT xorriso/aux_objects.lo -MD -MP -MF $depbase.Tpo -c -o xorriso/aux_objects.lo xorriso/aux_objects.c &&\
mv -f $depbase.Tpo $depbase.Plo
depbase=`echo xorriso/findjob.lo | sed 's|[^/]*$|.deps/&|;s|\.lo$||'`;\
/bin/sh ./libtool  --tag=CC   --mode=compile x86_64-unknown-linux-gnu-gcc -DPACKAGE_NAME=\"libisoburn\" -DPACKAGE_TARNAME=\"libisoburn\" -DPACKAGE_VERSION=\"1.5.6\" -DPACKAGE_STRING=\"libisoburn\ 1.5.6\" -DPACKAGE_BUGREPORT=\"http://libburnia-project.org\" -DPACKAGE_URL=\"\" -DPACKAGE=\"libisoburn\" -DVERSION=\"1.5.6\" -DHAVE_FSEEKO=1 -DICONV_CONST=/\*\*/ -DSTDC_HEADERS=1 -DHAVE_SYS_TYPES_H=1 -DHAVE_SYS_STAT_H=1 -DHAVE_STDLIB_H=1 -DHAVE_STRING_H=1 -DHAVE_MEMORY_H=1 -DHAVE_STRINGS_H=1 -DHAVE_INTTYPES_H=1 -DHAVE_STDINT_H=1 -DHAVE_UNISTD_H=1 -DHAVE_DLFCN_H=1 -DLT_OBJDIR=\".libs/\" -DHAVE_TM_GMTOFF=1 -DLibburnia_timezonE=timezone -DHAVE_LIBACL=1 -DHAVE_LIBZ=1 -I.     -DXorriso_with_readlinE -DLibisofs_with_aaip_acL  -DXorriso_allow_external_filterS  -DXorriso_allow_launch_frontenD  -DLibisofs_with_zliB   -DDEBUG -g -pedantic -Wall -Wextra -Wno-unused-parameter -Wno-char-subscripts -O2 -m64 -march=x86-64 -mtune=generic -flto=auto -ffat-lto-objects -MT xorriso/findjob.lo -MD -MP -MF $depbase.Tpo -c -o xorriso/findjob.lo xorriso/findjob.c &&\
mv -f $depbase.Tpo $depbase.Plo
depbase=`echo xorriso/check_media.lo | sed 's|[^/]*$|.deps/&|;s|\.lo$||'`;\
/bin/sh ./libtool  --tag=CC   --mode=compile x86_64-unknown-linux-gnu-gcc -DPACKAGE_NAME=\"libisoburn\" -DPACKAGE_TARNAME=\"libisoburn\" -DPACKAGE_VERSION=\"1.5.6\" -DPACKAGE_STRING=\"libisoburn\ 1.5.6\" -DPACKAGE_BUGREPORT=\"http://libburnia-project.org\" -DPACKAGE_URL=\"\" -DPACKAGE=\"libisoburn\" -DVERSION=\"1.5.6\" -DHAVE_FSEEKO=1 -DICONV_CONST=/\*\*/ -DSTDC_HEADERS=1 -DHAVE_SYS_TYPES_H=1 -DHAVE_SYS_STAT_H=1 -DHAVE_STDLIB_H=1 -DHAVE_STRING_H=1 -DHAVE_MEMORY_H=1 -DHAVE_STRINGS_H=1 -DHAVE_INTTYPES_H=1 -DHAVE_STDINT_H=1 -DHAVE_UNISTD_H=1 -DHAVE_DLFCN_H=1 -DLT_OBJDIR=\".libs/\" -DHAVE_TM_GMTOFF=1 -DLibburnia_timezonE=timezone -DHAVE_LIBACL=1 -DHAVE_LIBZ=1 -I.     -DXorriso_with_readlinE -DLibisofs_with_aaip_acL  -DXorriso_allow_external_filterS  -DXorriso_allow_launch_frontenD  -DLibisofs_with_zliB   -DDEBUG -g -pedantic -Wall -Wextra -Wno-unused-parameter -Wno-char-subscripts -O2 -m64 -march=x86-64 -mtune=generic -flto=auto -ffat-lto-objects -MT xorriso/check_media.lo -MD -MP -MF $depbase.Tpo -c -o xorriso/check_media.lo xorriso/check_media.c &&\
mv -f $depbase.Tpo $depbase.Plo
libtool: compile:  x86_64-unknown-linux-gnu-gcc -DPACKAGE_NAME=\"libisoburn\" -DPACKAGE_TARNAME=\"libisoburn\" -DPACKAGE_VERSION=\"1.5.6\" "-DPACKAGE_STRING=\"libisoburn 1.5.6\"" -DPACKAGE_BUGREPORT=\"http://libburnia-project.org\" -DPACKAGE_URL=\"\" -DPACKAGE=\"libisoburn\" -DVERSION=\"1.5.6\" -DHAVE_FSEEKO=1 "-DICONV_CONST=/**/" -DSTDC_HEADERS=1 -DHAVE_SYS_TYPES_H=1 -DHAVE_SYS_STAT_H=1 -DHAVE_STDLIB_H=1 -DHAVE_STRING_H=1 -DHAVE_MEMORY_H=1 -DHAVE_STRINGS_H=1 -DHAVE_INTTYPES_H=1 -DHAVE_STDINT_H=1 -DHAVE_UNISTD_H=1 -DHAVE_DLFCN_H=1 -DLT_OBJDIR=\".libs/\" -DHAVE_TM_GMTOFF=1 -DLibburnia_timezonE=timezone -DHAVE_LIBACL=1 -DHAVE_LIBZ=1 -I. -DXorriso_with_readlinE -DLibisofs_with_aaip_acL -DXorriso_allow_external_filterS -DXorriso_allow_launch_frontenD -DLibisofs_with_zliB -DDEBUG -g -pedantic -Wall -Wextra -Wno-unused-parameter -Wno-char-subscripts -O2 -m64 -march=x86-64 -mtune=generic -flto=auto -ffat-lto-objects -MT libisoburn/isofs_wrap.lo -MD -MP -MF libisoburn/.deps/isofs_wrap.Tpo -c libisoburn/isofs_wrap.c  -fPIC -DPIC -o libisoburn/.libs/isofs_wrap.o
libtool: compile:  x86_64-unknown-linux-gnu-gcc -DPACKAGE_NAME=\"libisoburn\" -DPACKAGE_TARNAME=\"libisoburn\" -DPACKAGE_VERSION=\"1.5.6\" "-DPACKAGE_STRING=\"libisoburn 1.5.6\"" -DPACKAGE_BUGREPORT=\"http://libburnia-project.org\" -DPACKAGE_URL=\"\" -DPACKAGE=\"libisoburn\" -DVERSION=\"1.5.6\" -DHAVE_FSEEKO=1 "-DICONV_CONST=/**/" -DSTDC_HEADERS=1 -DHAVE_SYS_TYPES_H=1 -DHAVE_SYS_STAT_H=1 -DHAVE_STDLIB_H=1 -DHAVE_STRING_H=1 -DHAVE_MEMORY_H=1 -DHAVE_STRINGS_H=1 -DHAVE_INTTYPES_H=1 -DHAVE_STDINT_H=1 -DHAVE_UNISTD_H=1 -DHAVE_DLFCN_H=1 -DLT_OBJDIR=\".libs/\" -DHAVE_TM_GMTOFF=1 -DLibburnia_timezonE=timezone -DHAVE_LIBACL=1 -DHAVE_LIBZ=1 -I. -DXorriso_with_readlinE -DLibisofs_with_aaip_acL -DXorriso_allow_external_filterS -DXorriso_allow_launch_frontenD -DLibisofs_with_zliB -DDEBUG -g -pedantic -Wall -Wextra -Wno-unused-parameter -Wno-char-subscripts -O2 -m64 -march=x86-64 -mtune=generic -flto=auto -ffat-lto-objects -MT libisoburn/data_source.lo -MD -MP -MF libisoburn/.deps/data_source.Tpo -c libisoburn/data_source.c  -fPIC -DPIC -o libisoburn/.libs/data_source.o
libtool: compile:  x86_64-unknown-linux-gnu-gcc -DPACKAGE_NAME=\"libisoburn\" -DPACKAGE_TARNAME=\"libisoburn\" -DPACKAGE_VERSION=\"1.5.6\" "-DPACKAGE_STRING=\"libisoburn 1.5.6\"" -DPACKAGE_BUGREPORT=\"http://libburnia-project.org\" -DPACKAGE_URL=\"\" -DPACKAGE=\"libisoburn\" -DVERSION=\"1.5.6\" -DHAVE_FSEEKO=1 "-DICONV_CONST=/**/" -DSTDC_HEADERS=1 -DHAVE_SYS_TYPES_H=1 -DHAVE_SYS_STAT_H=1 -DHAVE_STDLIB_H=1 -DHAVE_STRING_H=1 -DHAVE_MEMORY_H=1 -DHAVE_STRINGS_H=1 -DHAVE_INTTYPES_H=1 -DHAVE_STDINT_H=1 -DHAVE_UNISTD_H=1 -DHAVE_DLFCN_H=1 -DLT_OBJDIR=\".libs/\" -DHAVE_TM_GMTOFF=1 -DLibburnia_timezonE=timezone -DHAVE_LIBACL=1 -DHAVE_LIBZ=1 -I. -DXorriso_with_readlinE -DLibisofs_with_aaip_acL -DXorriso_allow_external_filterS -DXorriso_allow_launch_frontenD -DLibisofs_with_zliB -DDEBUG -g -pedantic -Wall -Wextra -Wno-unused-parameter -Wno-char-subscripts -O2 -m64 -march=x86-64 -mtune=generic -flto=auto -ffat-lto-objects -MT libisoburn/burn_wrap.lo -MD -MP -MF libisoburn/.deps/burn_wrap.Tpo -c libisoburn/burn_wrap.c  -fPIC -DPIC -o libisoburn/.libs/burn_wrap.o
libtool: compile:  x86_64-unknown-linux-gnu-gcc -DPACKAGE_NAME=\"libisoburn\" -DPACKAGE_TARNAME=\"libisoburn\" -DPACKAGE_VERSION=\"1.5.6\" "-DPACKAGE_STRING=\"libisoburn 1.5.6\"" -DPACKAGE_BUGREPORT=\"http://libburnia-project.org\" -DPACKAGE_URL=\"\" -DPACKAGE=\"libisoburn\" -DVERSION=\"1.5.6\" -DHAVE_FSEEKO=1 "-DICONV_CONST=/**/" -DSTDC_HEADERS=1 -DHAVE_SYS_TYPES_H=1 -DHAVE_SYS_STAT_H=1 -DHAVE_STDLIB_H=1 -DHAVE_STRING_H=1 -DHAVE_MEMORY_H=1 -DHAVE_STRINGS_H=1 -DHAVE_INTTYPES_H=1 -DHAVE_STDINT_H=1 -DHAVE_UNISTD_H=1 -DHAVE_DLFCN_H=1 -DLT_OBJDIR=\".libs/\" -DHAVE_TM_GMTOFF=1 -DLibburnia_timezonE=timezone -DHAVE_LIBACL=1 -DHAVE_LIBZ=1 -I. -DXorriso_with_readlinE -DLibisofs_with_aaip_acL -DXorriso_allow_external_filterS -DXorriso_allow_launch_frontenD -DLibisofs_with_zliB -DDEBUG -g -pedantic -Wall -Wextra -Wno-unused-parameter -Wno-char-subscripts -O2 -m64 -march=x86-64 -mtune=generic -flto=auto -ffat-lto-objects -MT xorriso/sfile.lo -MD -MP -MF xorriso/.deps/sfile.Tpo -c xorriso/sfile.c  -fPIC -DPIC -o xorriso/.libs/sfile.o
libtool: compile:  x86_64-unknown-linux-gnu-gcc -DPACKAGE_NAME=\"libisoburn\" -DPACKAGE_TARNAME=\"libisoburn\" -DPACKAGE_VERSION=\"1.5.6\" "-DPACKAGE_STRING=\"libisoburn 1.5.6\"" -DPACKAGE_BUGREPORT=\"http://libburnia-project.org\" -DPACKAGE_URL=\"\" -DPACKAGE=\"libisoburn\" -DVERSION=\"1.5.6\" -DHAVE_FSEEKO=1 "-DICONV_CONST=/**/" -DSTDC_HEADERS=1 -DHAVE_SYS_TYPES_H=1 -DHAVE_SYS_STAT_H=1 -DHAVE_STDLIB_H=1 -DHAVE_STRING_H=1 -DHAVE_MEMORY_H=1 -DHAVE_STRINGS_H=1 -DHAVE_INTTYPES_H=1 -DHAVE_STDINT_H=1 -DHAVE_UNISTD_H=1 -DHAVE_DLFCN_H=1 -DLT_OBJDIR=\".libs/\" -DHAVE_TM_GMTOFF=1 -DLibburnia_timezonE=timezone -DHAVE_LIBACL=1 -DHAVE_LIBZ=1 -I. -DXorriso_with_readlinE -DLibisofs_with_aaip_acL -DXorriso_allow_external_filterS -DXorriso_allow_launch_frontenD -DLibisofs_with_zliB -DDEBUG -g -pedantic -Wall -Wextra -Wno-unused-parameter -Wno-char-subscripts -O2 -m64 -march=x86-64 -mtune=generic -flto=auto -ffat-lto-objects -MT libisoburn/isoburn.lo -MD -MP -MF libisoburn/.deps/isoburn.Tpo -c libisoburn/isoburn.c  -fPIC -DPIC -o libisoburn/.libs/isoburn.o
libtool: compile:  x86_64-unknown-linux-gnu-gcc -DPACKAGE_NAME=\"libisoburn\" -DPACKAGE_TARNAME=\"libisoburn\" -DPACKAGE_VERSION=\"1.5.6\" "-DPACKAGE_STRING=\"libisoburn 1.5.6\"" -DPACKAGE_BUGREPORT=\"http://libburnia-project.org\" -DPACKAGE_URL=\"\" -DPACKAGE=\"libisoburn\" -DVERSION=\"1.5.6\" -DHAVE_FSEEKO=1 "-DICONV_CONST=/**/" -DSTDC_HEADERS=1 -DHAVE_SYS_TYPES_H=1 -DHAVE_SYS_STAT_H=1 -DHAVE_STDLIB_H=1 -DHAVE_STRING_H=1 -DHAVE_MEMORY_H=1 -DHAVE_STRINGS_H=1 -DHAVE_INTTYPES_H=1 -DHAVE_STDINT_H=1 -DHAVE_UNISTD_H=1 -DHAVE_DLFCN_H=1 -DLT_OBJDIR=\".libs/\" -DHAVE_TM_GMTOFF=1 -DLibburnia_timezonE=timezone -DHAVE_LIBACL=1 -DHAVE_LIBZ=1 -I. -DXorriso_with_readlinE -DLibisofs_with_aaip_acL -DXorriso_allow_external_filterS -DXorriso_allow_launch_frontenD -DLibisofs_with_zliB -DDEBUG -g -pedantic -Wall -Wextra -Wno-unused-parameter -Wno-char-subscripts -O2 -m64 -march=x86-64 -mtune=generic -flto=auto -ffat-lto-objects -MT xorriso/check_media.lo -MD -MP -MF xorriso/.deps/check_media.Tpo -c xorriso/check_media.c  -fPIC -DPIC -o xorriso/.libs/check_media.o
libtool: compile:  x86_64-unknown-linux-gnu-gcc -DPACKAGE_NAME=\"libisoburn\" -DPACKAGE_TARNAME=\"libisoburn\" -DPACKAGE_VERSION=\"1.5.6\" "-DPACKAGE_STRING=\"libisoburn 1.5.6\"" -DPACKAGE_BUGREPORT=\"http://libburnia-project.org\" -DPACKAGE_URL=\"\" -DPACKAGE=\"libisoburn\" -DVERSION=\"1.5.6\" -DHAVE_FSEEKO=1 "-DICONV_CONST=/**/" -DSTDC_HEADERS=1 -DHAVE_SYS_TYPES_H=1 -DHAVE_SYS_STAT_H=1 -DHAVE_STDLIB_H=1 -DHAVE_STRING_H=1 -DHAVE_MEMORY_H=1 -DHAVE_STRINGS_H=1 -DHAVE_INTTYPES_H=1 -DHAVE_STDINT_H=1 -DHAVE_UNISTD_H=1 -DHAVE_DLFCN_H=1 -DLT_OBJDIR=\".libs/\" -DHAVE_TM_GMTOFF=1 -DLibburnia_timezonE=timezone -DHAVE_LIBACL=1 -DHAVE_LIBZ=1 -I. -DXorriso_with_readlinE -DLibisofs_with_aaip_acL -DXorriso_allow_external_filterS -DXorriso_allow_launch_frontenD -DLibisofs_with_zliB -DDEBUG -g -pedantic -Wall -Wextra -Wno-unused-parameter -Wno-char-subscripts -O2 -m64 -march=x86-64 -mtune=generic -flto=auto -ffat-lto-objects -MT xorriso/aux_objects.lo -MD -MP -MF xorriso/.deps/aux_objects.Tpo -c xorriso/aux_objects.c  -fPIC -DPIC -o xorriso/.libs/aux_objects.o
libtool: compile:  x86_64-unknown-linux-gnu-gcc -DPACKAGE_NAME=\"libisoburn\" -DPACKAGE_TARNAME=\"libisoburn\" -DPACKAGE_VERSION=\"1.5.6\" "-DPACKAGE_STRING=\"libisoburn 1.5.6\"" -DPACKAGE_BUGREPORT=\"http://libburnia-project.org\" -DPACKAGE_URL=\"\" -DPACKAGE=\"libisoburn\" -DVERSION=\"1.5.6\" -DHAVE_FSEEKO=1 "-DICONV_CONST=/**/" -DSTDC_HEADERS=1 -DHAVE_SYS_TYPES_H=1 -DHAVE_SYS_STAT_H=1 -DHAVE_STDLIB_H=1 -DHAVE_STRING_H=1 -DHAVE_MEMORY_H=1 -DHAVE_STRINGS_H=1 -DHAVE_INTTYPES_H=1 -DHAVE_STDINT_H=1 -DHAVE_UNISTD_H=1 -DHAVE_DLFCN_H=1 -DLT_OBJDIR=\".libs/\" -DHAVE_TM_GMTOFF=1 -DLibburnia_timezonE=timezone -DHAVE_LIBACL=1 -DHAVE_LIBZ=1 -I. -DXorriso_with_readlinE -DLibisofs_with_aaip_acL -DXorriso_allow_external_filterS -DXorriso_allow_launch_frontenD -DLibisofs_with_zliB -DDEBUG -g -pedantic -Wall -Wextra -Wno-unused-parameter -Wno-char-subscripts -O2 -m64 -march=x86-64 -mtune=generic -flto=auto -ffat-lto-objects -MT xorriso/findjob.lo -MD -MP -MF xorriso/.deps/findjob.Tpo -c xorriso/findjob.c  -fPIC -DPIC -o xorriso/.libs/findjob.o
depbase=`echo xorriso/misc_funct.lo | sed 's|[^/]*$|.deps/&|;s|\.lo$||'`;\
/bin/sh ./libtool  --tag=CC   --mode=compile x86_64-unknown-linux-gnu-gcc -DPACKAGE_NAME=\"libisoburn\" -DPACKAGE_TARNAME=\"libisoburn\" -DPACKAGE_VERSION=\"1.5.6\" -DPACKAGE_STRING=\"libisoburn\ 1.5.6\" -DPACKAGE_BUGREPORT=\"http://libburnia-project.org\" -DPACKAGE_URL=\"\" -DPACKAGE=\"libisoburn\" -DVERSION=\"1.5.6\" -DHAVE_FSEEKO=1 -DICONV_CONST=/\*\*/ -DSTDC_HEADERS=1 -DHAVE_SYS_TYPES_H=1 -DHAVE_SYS_STAT_H=1 -DHAVE_STDLIB_H=1 -DHAVE_STRING_H=1 -DHAVE_MEMORY_H=1 -DHAVE_STRINGS_H=1 -DHAVE_INTTYPES_H=1 -DHAVE_STDINT_H=1 -DHAVE_UNISTD_H=1 -DHAVE_DLFCN_H=1 -DLT_OBJDIR=\".libs/\" -DHAVE_TM_GMTOFF=1 -DLibburnia_timezonE=timezone -DHAVE_LIBACL=1 -DHAVE_LIBZ=1 -I.     -DXorriso_with_readlinE -DLibisofs_with_aaip_acL  -DXorriso_allow_external_filterS  -DXorriso_allow_launch_frontenD  -DLibisofs_with_zliB   -DDEBUG -g -pedantic -Wall -Wextra -Wno-unused-parameter -Wno-char-subscripts -O2 -m64 -march=x86-64 -mtune=generic -flto=auto -ffat-lto-objects -MT xorriso/misc_funct.lo -MD -MP -MF $depbase.Tpo -c -o xorriso/misc_funct.lo xorriso/misc_funct.c &&\
mv -f $depbase.Tpo $depbase.Plo
libtool: compile:  x86_64-unknown-linux-gnu-gcc -DPACKAGE_NAME=\"libisoburn\" -DPACKAGE_TARNAME=\"libisoburn\" -DPACKAGE_VERSION=\"1.5.6\" "-DPACKAGE_STRING=\"libisoburn 1.5.6\"" -DPACKAGE_BUGREPORT=\"http://libburnia-project.org\" -DPACKAGE_URL=\"\" -DPACKAGE=\"libisoburn\" -DVERSION=\"1.5.6\" -DHAVE_FSEEKO=1 "-DICONV_CONST=/**/" -DSTDC_HEADERS=1 -DHAVE_SYS_TYPES_H=1 -DHAVE_SYS_STAT_H=1 -DHAVE_STDLIB_H=1 -DHAVE_STRING_H=1 -DHAVE_MEMORY_H=1 -DHAVE_STRINGS_H=1 -DHAVE_INTTYPES_H=1 -DHAVE_STDINT_H=1 -DHAVE_UNISTD_H=1 -DHAVE_DLFCN_H=1 -DLT_OBJDIR=\".libs/\" -DHAVE_TM_GMTOFF=1 -DLibburnia_timezonE=timezone -DHAVE_LIBACL=1 -DHAVE_LIBZ=1 -I. -DXorriso_with_readlinE -DLibisofs_with_aaip_acL -DXorriso_allow_external_filterS -DXorriso_allow_launch_frontenD -DLibisofs_with_zliB -DDEBUG -g -pedantic -Wall -Wextra -Wno-unused-parameter -Wno-char-subscripts -O2 -m64 -march=x86-64 -mtune=generic -flto=auto -ffat-lto-objects -MT xorriso/misc_funct.lo -MD -MP -MF xorriso/.deps/misc_funct.Tpo -c xorriso/misc_funct.c  -fPIC -DPIC -o xorriso/.libs/misc_funct.o
depbase=`echo xorriso/text_io.lo | sed 's|[^/]*$|.deps/&|;s|\.lo$||'`;\
/bin/sh ./libtool  --tag=CC   --mode=compile x86_64-unknown-linux-gnu-gcc -DPACKAGE_NAME=\"libisoburn\" -DPACKAGE_TARNAME=\"libisoburn\" -DPACKAGE_VERSION=\"1.5.6\" -DPACKAGE_STRING=\"libisoburn\ 1.5.6\" -DPACKAGE_BUGREPORT=\"http://libburnia-project.org\" -DPACKAGE_URL=\"\" -DPACKAGE=\"libisoburn\" -DVERSION=\"1.5.6\" -DHAVE_FSEEKO=1 -DICONV_CONST=/\*\*/ -DSTDC_HEADERS=1 -DHAVE_SYS_TYPES_H=1 -DHAVE_SYS_STAT_H=1 -DHAVE_STDLIB_H=1 -DHAVE_STRING_H=1 -DHAVE_MEMORY_H=1 -DHAVE_STRINGS_H=1 -DHAVE_INTTYPES_H=1 -DHAVE_STDINT_H=1 -DHAVE_UNISTD_H=1 -DHAVE_DLFCN_H=1 -DLT_OBJDIR=\".libs/\" -DHAVE_TM_GMTOFF=1 -DLibburnia_timezonE=timezone -DHAVE_LIBACL=1 -DHAVE_LIBZ=1 -I.     -DXorriso_with_readlinE -DLibisofs_with_aaip_acL  -DXorriso_allow_external_filterS  -DXorriso_allow_launch_frontenD  -DLibisofs_with_zliB   -DDEBUG -g -pedantic -Wall -Wextra -Wno-unused-parameter -Wno-char-subscripts -O2 -m64 -march=x86-64 -mtune=generic -flto=auto -ffat-lto-objects -MT xorriso/text_io.lo -MD -MP -MF $depbase.Tpo -c -o xorriso/text_io.lo xorriso/text_io.c &&\
mv -f $depbase.Tpo $depbase.Plo
libtool: compile:  x86_64-unknown-linux-gnu-gcc -DPACKAGE_NAME=\"libisoburn\" -DPACKAGE_TARNAME=\"libisoburn\" -DPACKAGE_VERSION=\"1.5.6\" "-DPACKAGE_STRING=\"libisoburn 1.5.6\"" -DPACKAGE_BUGREPORT=\"http://libburnia-project.org\" -DPACKAGE_URL=\"\" -DPACKAGE=\"libisoburn\" -DVERSION=\"1.5.6\" -DHAVE_FSEEKO=1 "-DICONV_CONST=/**/" -DSTDC_HEADERS=1 -DHAVE_SYS_TYPES_H=1 -DHAVE_SYS_STAT_H=1 -DHAVE_STDLIB_H=1 -DHAVE_STRING_H=1 -DHAVE_MEMORY_H=1 -DHAVE_STRINGS_H=1 -DHAVE_INTTYPES_H=1 -DHAVE_STDINT_H=1 -DHAVE_UNISTD_H=1 -DHAVE_DLFCN_H=1 -DLT_OBJDIR=\".libs/\" -DHAVE_TM_GMTOFF=1 -DLibburnia_timezonE=timezone -DHAVE_LIBACL=1 -DHAVE_LIBZ=1 -I. -DXorriso_with_readlinE -DLibisofs_with_aaip_acL -DXorriso_allow_external_filterS -DXorriso_allow_launch_frontenD -DLibisofs_with_zliB -DDEBUG -g -pedantic -Wall -Wextra -Wno-unused-parameter -Wno-char-subscripts -O2 -m64 -march=x86-64 -mtune=generic -flto=auto -ffat-lto-objects -MT xorriso/text_io.lo -MD -MP -MF xorriso/.deps/text_io.Tpo -c xorriso/text_io.c  -fPIC -DPIC -o xorriso/.libs/text_io.o
depbase=`echo xorriso/match.lo | sed 's|[^/]*$|.deps/&|;s|\.lo$||'`;\
/bin/sh ./libtool  --tag=CC   --mode=compile x86_64-unknown-linux-gnu-gcc -DPACKAGE_NAME=\"libisoburn\" -DPACKAGE_TARNAME=\"libisoburn\" -DPACKAGE_VERSION=\"1.5.6\" -DPACKAGE_STRING=\"libisoburn\ 1.5.6\" -DPACKAGE_BUGREPORT=\"http://libburnia-project.org\" -DPACKAGE_URL=\"\" -DPACKAGE=\"libisoburn\" -DVERSION=\"1.5.6\" -DHAVE_FSEEKO=1 -DICONV_CONST=/\*\*/ -DSTDC_HEADERS=1 -DHAVE_SYS_TYPES_H=1 -DHAVE_SYS_STAT_H=1 -DHAVE_STDLIB_H=1 -DHAVE_STRING_H=1 -DHAVE_MEMORY_H=1 -DHAVE_STRINGS_H=1 -DHAVE_INTTYPES_H=1 -DHAVE_STDINT_H=1 -DHAVE_UNISTD_H=1 -DHAVE_DLFCN_H=1 -DLT_OBJDIR=\".libs/\" -DHAVE_TM_GMTOFF=1 -DLibburnia_timezonE=timezone -DHAVE_LIBACL=1 -DHAVE_LIBZ=1 -I.     -DXorriso_with_readlinE -DLibisofs_with_aaip_acL  -DXorriso_allow_external_filterS  -DXorriso_allow_launch_frontenD  -DLibisofs_with_zliB   -DDEBUG -g -pedantic -Wall -Wextra -Wno-unused-parameter -Wno-char-subscripts -O2 -m64 -march=x86-64 -mtune=generic -flto=auto -ffat-lto-objects -MT xorriso/match.lo -MD -MP -MF $depbase.Tpo -c -o xorriso/match.lo xorriso/match.c &&\
mv -f $depbase.Tpo $depbase.Plo
depbase=`echo xorriso/emulators.lo | sed 's|[^/]*$|.deps/&|;s|\.lo$||'`;\
/bin/sh ./libtool  --tag=CC   --mode=compile x86_64-unknown-linux-gnu-gcc -DPACKAGE_NAME=\"libisoburn\" -DPACKAGE_TARNAME=\"libisoburn\" -DPACKAGE_VERSION=\"1.5.6\" -DPACKAGE_STRING=\"libisoburn\ 1.5.6\" -DPACKAGE_BUGREPORT=\"http://libburnia-project.org\" -DPACKAGE_URL=\"\" -DPACKAGE=\"libisoburn\" -DVERSION=\"1.5.6\" -DHAVE_FSEEKO=1 -DICONV_CONST=/\*\*/ -DSTDC_HEADERS=1 -DHAVE_SYS_TYPES_H=1 -DHAVE_SYS_STAT_H=1 -DHAVE_STDLIB_H=1 -DHAVE_STRING_H=1 -DHAVE_MEMORY_H=1 -DHAVE_STRINGS_H=1 -DHAVE_INTTYPES_H=1 -DHAVE_STDINT_H=1 -DHAVE_UNISTD_H=1 -DHAVE_DLFCN_H=1 -DLT_OBJDIR=\".libs/\" -DHAVE_TM_GMTOFF=1 -DLibburnia_timezonE=timezone -DHAVE_LIBACL=1 -DHAVE_LIBZ=1 -I.     -DXorriso_with_readlinE -DLibisofs_with_aaip_acL  -DXorriso_allow_external_filterS  -DXorriso_allow_launch_frontenD  -DLibisofs_with_zliB   -DDEBUG -g -pedantic -Wall -Wextra -Wno-unused-parameter -Wno-char-subscripts -O2 -m64 -march=x86-64 -mtune=generic -flto=auto -ffat-lto-objects -MT xorriso/emulators.lo -MD -MP -MF $depbase.Tpo -c -o xorriso/emulators.lo xorriso/emulators.c &&\
mv -f $depbase.Tpo $depbase.Plo
depbase=`echo xorriso/disk_ops.lo | sed 's|[^/]*$|.deps/&|;s|\.lo$||'`;\
/bin/sh ./libtool  --tag=CC   --mode=compile x86_64-unknown-linux-gnu-gcc -DPACKAGE_NAME=\"libisoburn\" -DPACKAGE_TARNAME=\"libisoburn\" -DPACKAGE_VERSION=\"1.5.6\" -DPACKAGE_STRING=\"libisoburn\ 1.5.6\" -DPACKAGE_BUGREPORT=\"http://libburnia-project.org\" -DPACKAGE_URL=\"\" -DPACKAGE=\"libisoburn\" -DVERSION=\"1.5.6\" -DHAVE_FSEEKO=1 -DICONV_CONST=/\*\*/ -DSTDC_HEADERS=1 -DHAVE_SYS_TYPES_H=1 -DHAVE_SYS_STAT_H=1 -DHAVE_STDLIB_H=1 -DHAVE_STRING_H=1 -DHAVE_MEMORY_H=1 -DHAVE_STRINGS_H=1 -DHAVE_INTTYPES_H=1 -DHAVE_STDINT_H=1 -DHAVE_UNISTD_H=1 -DHAVE_DLFCN_H=1 -DLT_OBJDIR=\".libs/\" -DHAVE_TM_GMTOFF=1 -DLibburnia_timezonE=timezone -DHAVE_LIBACL=1 -DHAVE_LIBZ=1 -I.     -DXorriso_with_readlinE -DLibisofs_with_aaip_acL  -DXorriso_allow_external_filterS  -DXorriso_allow_launch_frontenD  -DLibisofs_with_zliB   -DDEBUG -g -pedantic -Wall -Wextra -Wno-unused-parameter -Wno-char-subscripts -O2 -m64 -march=x86-64 -mtune=generic -flto=auto -ffat-lto-objects -MT xorriso/disk_ops.lo -MD -MP -MF $depbase.Tpo -c -o xorriso/disk_ops.lo xorriso/disk_ops.c &&\
mv -f $depbase.Tpo $depbase.Plo
libtool: compile:  x86_64-unknown-linux-gnu-gcc -DPACKAGE_NAME=\"libisoburn\" -DPACKAGE_TARNAME=\"libisoburn\" -DPACKAGE_VERSION=\"1.5.6\" "-DPACKAGE_STRING=\"libisoburn 1.5.6\"" -DPACKAGE_BUGREPORT=\"http://libburnia-project.org\" -DPACKAGE_URL=\"\" -DPACKAGE=\"libisoburn\" -DVERSION=\"1.5.6\" -DHAVE_FSEEKO=1 "-DICONV_CONST=/**/" -DSTDC_HEADERS=1 -DHAVE_SYS_TYPES_H=1 -DHAVE_SYS_STAT_H=1 -DHAVE_STDLIB_H=1 -DHAVE_STRING_H=1 -DHAVE_MEMORY_H=1 -DHAVE_STRINGS_H=1 -DHAVE_INTTYPES_H=1 -DHAVE_STDINT_H=1 -DHAVE_UNISTD_H=1 -DHAVE_DLFCN_H=1 -DLT_OBJDIR=\".libs/\" -DHAVE_TM_GMTOFF=1 -DLibburnia_timezonE=timezone -DHAVE_LIBACL=1 -DHAVE_LIBZ=1 -I. -DXorriso_with_readlinE -DLibisofs_with_aaip_acL -DXorriso_allow_external_filterS -DXorriso_allow_launch_frontenD -DLibisofs_with_zliB -DDEBUG -g -pedantic -Wall -Wextra -Wno-unused-parameter -Wno-char-subscripts -O2 -m64 -march=x86-64 -mtune=generic -flto=auto -ffat-lto-objects -MT xorriso/match.lo -MD -MP -MF xorriso/.deps/match.Tpo -c xorriso/match.c  -fPIC -DPIC -o xorriso/.libs/match.o
libtool: compile:  x86_64-unknown-linux-gnu-gcc -DPACKAGE_NAME=\"libisoburn\" -DPACKAGE_TARNAME=\"libisoburn\" -DPACKAGE_VERSION=\"1.5.6\" "-DPACKAGE_STRING=\"libisoburn 1.5.6\"" -DPACKAGE_BUGREPORT=\"http://libburnia-project.org\" -DPACKAGE_URL=\"\" -DPACKAGE=\"libisoburn\" -DVERSION=\"1.5.6\" -DHAVE_FSEEKO=1 "-DICONV_CONST=/**/" -DSTDC_HEADERS=1 -DHAVE_SYS_TYPES_H=1 -DHAVE_SYS_STAT_H=1 -DHAVE_STDLIB_H=1 -DHAVE_STRING_H=1 -DHAVE_MEMORY_H=1 -DHAVE_STRINGS_H=1 -DHAVE_INTTYPES_H=1 -DHAVE_STDINT_H=1 -DHAVE_UNISTD_H=1 -DHAVE_DLFCN_H=1 -DLT_OBJDIR=\".libs/\" -DHAVE_TM_GMTOFF=1 -DLibburnia_timezonE=timezone -DHAVE_LIBACL=1 -DHAVE_LIBZ=1 -I. -DXorriso_with_readlinE -DLibisofs_with_aaip_acL -DXorriso_allow_external_filterS -DXorriso_allow_launch_frontenD -DLibisofs_with_zliB -DDEBUG -g -pedantic -Wall -Wextra -Wno-unused-parameter -Wno-char-subscripts -O2 -m64 -march=x86-64 -mtune=generic -flto=auto -ffat-lto-objects -MT xorriso/emulators.lo -MD -MP -MF xorriso/.deps/emulators.Tpo -c xorriso/emulators.c  -fPIC -DPIC -o xorriso/.libs/emulators.o
libtool: compile:  x86_64-unknown-linux-gnu-gcc -DPACKAGE_NAME=\"libisoburn\" -DPACKAGE_TARNAME=\"libisoburn\" -DPACKAGE_VERSION=\"1.5.6\" "-DPACKAGE_STRING=\"libisoburn 1.5.6\"" -DPACKAGE_BUGREPORT=\"http://libburnia-project.org\" -DPACKAGE_URL=\"\" -DPACKAGE=\"libisoburn\" -DVERSION=\"1.5.6\" -DHAVE_FSEEKO=1 "-DICONV_CONST=/**/" -DSTDC_HEADERS=1 -DHAVE_SYS_TYPES_H=1 -DHAVE_SYS_STAT_H=1 -DHAVE_STDLIB_H=1 -DHAVE_STRING_H=1 -DHAVE_MEMORY_H=1 -DHAVE_STRINGS_H=1 -DHAVE_INTTYPES_H=1 -DHAVE_STDINT_H=1 -DHAVE_UNISTD_H=1 -DHAVE_DLFCN_H=1 -DLT_OBJDIR=\".libs/\" -DHAVE_TM_GMTOFF=1 -DLibburnia_timezonE=timezone -DHAVE_LIBACL=1 -DHAVE_LIBZ=1 -I. -DXorriso_with_readlinE -DLibisofs_with_aaip_acL -DXorriso_allow_external_filterS -DXorriso_allow_launch_frontenD -DLibisofs_with_zliB -DDEBUG -g -pedantic -Wall -Wextra -Wno-unused-parameter -Wno-char-subscripts -O2 -m64 -march=x86-64 -mtune=generic -flto=auto -ffat-lto-objects -MT xorriso/disk_ops.lo -MD -MP -MF xorriso/.deps/disk_ops.Tpo -c xorriso/disk_ops.c  -fPIC -DPIC -o xorriso/.libs/disk_ops.o
depbase=`echo xorriso/cmp_update.lo | sed 's|[^/]*$|.deps/&|;s|\.lo$||'`;\
/bin/sh ./libtool  --tag=CC   --mode=compile x86_64-unknown-linux-gnu-gcc -DPACKAGE_NAME=\"libisoburn\" -DPACKAGE_TARNAME=\"libisoburn\" -DPACKAGE_VERSION=\"1.5.6\" -DPACKAGE_STRING=\"libisoburn\ 1.5.6\" -DPACKAGE_BUGREPORT=\"http://libburnia-project.org\" -DPACKAGE_URL=\"\" -DPACKAGE=\"libisoburn\" -DVERSION=\"1.5.6\" -DHAVE_FSEEKO=1 -DICONV_CONST=/\*\*/ -DSTDC_HEADERS=1 -DHAVE_SYS_TYPES_H=1 -DHAVE_SYS_STAT_H=1 -DHAVE_STDLIB_H=1 -DHAVE_STRING_H=1 -DHAVE_MEMORY_H=1 -DHAVE_STRINGS_H=1 -DHAVE_INTTYPES_H=1 -DHAVE_STDINT_H=1 -DHAVE_UNISTD_H=1 -DHAVE_DLFCN_H=1 -DLT_OBJDIR=\".libs/\" -DHAVE_TM_GMTOFF=1 -DLibburnia_timezonE=timezone -DHAVE_LIBACL=1 -DHAVE_LIBZ=1 -I.     -DXorriso_with_readlinE -DLibisofs_with_aaip_acL  -DXorriso_allow_external_filterS  -DXorriso_allow_launch_frontenD  -DLibisofs_with_zliB   -DDEBUG -g -pedantic -Wall -Wextra -Wno-unused-parameter -Wno-char-subscripts -O2 -m64 -march=x86-64 -mtune=generic -flto=auto -ffat-lto-objects -MT xorriso/cmp_update.lo -MD -MP -MF $depbase.Tpo -c -o xorriso/cmp_update.lo xorriso/cmp_update.c &&\
mv -f $depbase.Tpo $depbase.Plo
libtool: compile:  x86_64-unknown-linux-gnu-gcc -DPACKAGE_NAME=\"libisoburn\" -DPACKAGE_TARNAME=\"libisoburn\" -DPACKAGE_VERSION=\"1.5.6\" "-DPACKAGE_STRING=\"libisoburn 1.5.6\"" -DPACKAGE_BUGREPORT=\"http://libburnia-project.org\" -DPACKAGE_URL=\"\" -DPACKAGE=\"libisoburn\" -DVERSION=\"1.5.6\" -DHAVE_FSEEKO=1 "-DICONV_CONST=/**/" -DSTDC_HEADERS=1 -DHAVE_SYS_TYPES_H=1 -DHAVE_SYS_STAT_H=1 -DHAVE_STDLIB_H=1 -DHAVE_STRING_H=1 -DHAVE_MEMORY_H=1 -DHAVE_STRINGS_H=1 -DHAVE_INTTYPES_H=1 -DHAVE_STDINT_H=1 -DHAVE_UNISTD_H=1 -DHAVE_DLFCN_H=1 -DLT_OBJDIR=\".libs/\" -DHAVE_TM_GMTOFF=1 -DLibburnia_timezonE=timezone -DHAVE_LIBACL=1 -DHAVE_LIBZ=1 -I. -DXorriso_with_readlinE -DLibisofs_with_aaip_acL -DXorriso_allow_external_filterS -DXorriso_allow_launch_frontenD -DLibisofs_with_zliB -DDEBUG -g -pedantic -Wall -Wextra -Wno-unused-parameter -Wno-char-subscripts -O2 -m64 -march=x86-64 -mtune=generic -flto=auto -ffat-lto-objects -MT xorriso/cmp_update.lo -MD -MP -MF xorriso/.deps/cmp_update.Tpo -c xorriso/cmp_update.c  -fPIC -DPIC -o xorriso/.libs/cmp_update.o
depbase=`echo xorriso/parse_exec.lo | sed 's|[^/]*$|.deps/&|;s|\.lo$||'`;\
/bin/sh ./libtool  --tag=CC   --mode=compile x86_64-unknown-linux-gnu-gcc -DPACKAGE_NAME=\"libisoburn\" -DPACKAGE_TARNAME=\"libisoburn\" -DPACKAGE_VERSION=\"1.5.6\" -DPACKAGE_STRING=\"libisoburn\ 1.5.6\" -DPACKAGE_BUGREPORT=\"http://libburnia-project.org\" -DPACKAGE_URL=\"\" -DPACKAGE=\"libisoburn\" -DVERSION=\"1.5.6\" -DHAVE_FSEEKO=1 -DICONV_CONST=/\*\*/ -DSTDC_HEADERS=1 -DHAVE_SYS_TYPES_H=1 -DHAVE_SYS_STAT_H=1 -DHAVE_STDLIB_H=1 -DHAVE_STRING_H=1 -DHAVE_MEMORY_H=1 -DHAVE_STRINGS_H=1 -DHAVE_INTTYPES_H=1 -DHAVE_STDINT_H=1 -DHAVE_UNISTD_H=1 -DHAVE_DLFCN_H=1 -DLT_OBJDIR=\".libs/\" -DHAVE_TM_GMTOFF=1 -DLibburnia_timezonE=timezone -DHAVE_LIBACL=1 -DHAVE_LIBZ=1 -I.     -DXorriso_with_readlinE -DLibisofs_with_aaip_acL  -DXorriso_allow_external_filterS  -DXorriso_allow_launch_frontenD  -DLibisofs_with_zliB   -DDEBUG -g -pedantic -Wall -Wextra -Wno-unused-parameter -Wno-char-subscripts -O2 -m64 -march=x86-64 -mtune=generic -flto=auto -ffat-lto-objects -MT xorriso/parse_exec.lo -MD -MP -MF $depbase.Tpo -c -o xorriso/parse_exec.lo xorriso/parse_exec.c &&\
mv -f $depbase.Tpo $depbase.Plo
depbase=`echo xorriso/opts_a_c.lo | sed 's|[^/]*$|.deps/&|;s|\.lo$||'`;\
/bin/sh ./libtool  --tag=CC   --mode=compile x86_64-unknown-linux-gnu-gcc -DPACKAGE_NAME=\"libisoburn\" -DPACKAGE_TARNAME=\"libisoburn\" -DPACKAGE_VERSION=\"1.5.6\" -DPACKAGE_STRING=\"libisoburn\ 1.5.6\" -DPACKAGE_BUGREPORT=\"http://libburnia-project.org\" -DPACKAGE_URL=\"\" -DPACKAGE=\"libisoburn\" -DVERSION=\"1.5.6\" -DHAVE_FSEEKO=1 -DICONV_CONST=/\*\*/ -DSTDC_HEADERS=1 -DHAVE_SYS_TYPES_H=1 -DHAVE_SYS_STAT_H=1 -DHAVE_STDLIB_H=1 -DHAVE_STRING_H=1 -DHAVE_MEMORY_H=1 -DHAVE_STRINGS_H=1 -DHAVE_INTTYPES_H=1 -DHAVE_STDINT_H=1 -DHAVE_UNISTD_H=1 -DHAVE_DLFCN_H=1 -DLT_OBJDIR=\".libs/\" -DHAVE_TM_GMTOFF=1 -DLibburnia_timezonE=timezone -DHAVE_LIBACL=1 -DHAVE_LIBZ=1 -I.     -DXorriso_with_readlinE -DLibisofs_with_aaip_acL  -DXorriso_allow_external_filterS  -DXorriso_allow_launch_frontenD  -DLibisofs_with_zliB   -DDEBUG -g -pedantic -Wall -Wextra -Wno-unused-parameter -Wno-char-subscripts -O2 -m64 -march=x86-64 -mtune=generic -flto=auto -ffat-lto-objects -MT xorriso/opts_a_c.lo -MD -MP -MF $depbase.Tpo -c -o xorriso/opts_a_c.lo xorriso/opts_a_c.c &&\
mv -f $depbase.Tpo $depbase.Plo
libtool: compile:  x86_64-unknown-linux-gnu-gcc -DPACKAGE_NAME=\"libisoburn\" -DPACKAGE_TARNAME=\"libisoburn\" -DPACKAGE_VERSION=\"1.5.6\" "-DPACKAGE_STRING=\"libisoburn 1.5.6\"" -DPACKAGE_BUGREPORT=\"http://libburnia-project.org\" -DPACKAGE_URL=\"\" -DPACKAGE=\"libisoburn\" -DVERSION=\"1.5.6\" -DHAVE_FSEEKO=1 "-DICONV_CONST=/**/" -DSTDC_HEADERS=1 -DHAVE_SYS_TYPES_H=1 -DHAVE_SYS_STAT_H=1 -DHAVE_STDLIB_H=1 -DHAVE_STRING_H=1 -DHAVE_MEMORY_H=1 -DHAVE_STRINGS_H=1 -DHAVE_INTTYPES_H=1 -DHAVE_STDINT_H=1 -DHAVE_UNISTD_H=1 -DHAVE_DLFCN_H=1 -DLT_OBJDIR=\".libs/\" -DHAVE_TM_GMTOFF=1 -DLibburnia_timezonE=timezone -DHAVE_LIBACL=1 -DHAVE_LIBZ=1 -I. -DXorriso_with_readlinE -DLibisofs_with_aaip_acL -DXorriso_allow_external_filterS -DXorriso_allow_launch_frontenD -DLibisofs_with_zliB -DDEBUG -g -pedantic -Wall -Wextra -Wno-unused-parameter -Wno-char-subscripts -O2 -m64 -march=x86-64 -mtune=generic -flto=auto -ffat-lto-objects -MT xorriso/parse_exec.lo -MD -MP -MF xorriso/.deps/parse_exec.Tpo -c xorriso/parse_exec.c  -fPIC -DPIC -o xorriso/.libs/parse_exec.o
libtool: compile:  x86_64-unknown-linux-gnu-gcc -DPACKAGE_NAME=\"libisoburn\" -DPACKAGE_TARNAME=\"libisoburn\" -DPACKAGE_VERSION=\"1.5.6\" "-DPACKAGE_STRING=\"libisoburn 1.5.6\"" -DPACKAGE_BUGREPORT=\"http://libburnia-project.org\" -DPACKAGE_URL=\"\" -DPACKAGE=\"libisoburn\" -DVERSION=\"1.5.6\" -DHAVE_FSEEKO=1 "-DICONV_CONST=/**/" -DSTDC_HEADERS=1 -DHAVE_SYS_TYPES_H=1 -DHAVE_SYS_STAT_H=1 -DHAVE_STDLIB_H=1 -DHAVE_STRING_H=1 -DHAVE_MEMORY_H=1 -DHAVE_STRINGS_H=1 -DHAVE_INTTYPES_H=1 -DHAVE_STDINT_H=1 -DHAVE_UNISTD_H=1 -DHAVE_DLFCN_H=1 -DLT_OBJDIR=\".libs/\" -DHAVE_TM_GMTOFF=1 -DLibburnia_timezonE=timezone -DHAVE_LIBACL=1 -DHAVE_LIBZ=1 -I. -DXorriso_with_readlinE -DLibisofs_with_aaip_acL -DXorriso_allow_external_filterS -DXorriso_allow_launch_frontenD -DLibisofs_with_zliB -DDEBUG -g -pedantic -Wall -Wextra -Wno-unused-parameter -Wno-char-subscripts -O2 -m64 -march=x86-64 -mtune=generic -flto=auto -ffat-lto-objects -MT xorriso/opts_a_c.lo -MD -MP -MF xorriso/.deps/opts_a_c.Tpo -c xorriso/opts_a_c.c  -fPIC -DPIC -o xorriso/.libs/opts_a_c.o
depbase=`echo xorriso/opts_d_h.lo | sed 's|[^/]*$|.deps/&|;s|\.lo$||'`;\
/bin/sh ./libtool  --tag=CC   --mode=compile x86_64-unknown-linux-gnu-gcc -DPACKAGE_NAME=\"libisoburn\" -DPACKAGE_TARNAME=\"libisoburn\" -DPACKAGE_VERSION=\"1.5.6\" -DPACKAGE_STRING=\"libisoburn\ 1.5.6\" -DPACKAGE_BUGREPORT=\"http://libburnia-project.org\" -DPACKAGE_URL=\"\" -DPACKAGE=\"libisoburn\" -DVERSION=\"1.5.6\" -DHAVE_FSEEKO=1 -DICONV_CONST=/\*\*/ -DSTDC_HEADERS=1 -DHAVE_SYS_TYPES_H=1 -DHAVE_SYS_STAT_H=1 -DHAVE_STDLIB_H=1 -DHAVE_STRING_H=1 -DHAVE_MEMORY_H=1 -DHAVE_STRINGS_H=1 -DHAVE_INTTYPES_H=1 -DHAVE_STDINT_H=1 -DHAVE_UNISTD_H=1 -DHAVE_DLFCN_H=1 -DLT_OBJDIR=\".libs/\" -DHAVE_TM_GMTOFF=1 -DLibburnia_timezonE=timezone -DHAVE_LIBACL=1 -DHAVE_LIBZ=1 -I.     -DXorriso_with_readlinE -DLibisofs_with_aaip_acL  -DXorriso_allow_external_filterS  -DXorriso_allow_launch_frontenD  -DLibisofs_with_zliB   -DDEBUG -g -pedantic -Wall -Wextra -Wno-unused-parameter -Wno-char-subscripts -O2 -m64 -march=x86-64 -mtune=generic -flto=auto -ffat-lto-objects -MT xorriso/opts_d_h.lo -MD -MP -MF $depbase.Tpo -c -o xorriso/opts_d_h.lo xorriso/opts_d_h.c &&\
mv -f $depbase.Tpo $depbase.Plo
xorriso/opts_a_c.c: In function 'Xorriso_option_abort_on':
xorriso/opts_a_c.c:56:5: warning: 'Sfile_str' accessing 4096 bytes in a region of size 20 [-Wstringop-overflow=]
   56 |  if(Sfile_str(xorriso->abort_on_text, official, 0) <= 0)
      |     ^~~~~~~~~~~~~~~~~~~~~~~~~~~~~~~~~~~~~~~~~~~~~~
xorriso/opts_a_c.c:56:5: note: referencing argument 1 of type 'char[4096]'
In file included from xorriso/xorriso_private.h:56,
                 from xorriso/opts_a_c.c:34:
xorriso/sfile.h:36:5: note: in a call to function 'Sfile_str'
   36 | int Sfile_str(char target[SfileadrL], char *source, int flag);
      |     ^~~~~~~~~
depbase=`echo xorriso/opts_i_o.lo | sed 's|[^/]*$|.deps/&|;s|\.lo$||'`;\
/bin/sh ./libtool  --tag=CC   --mode=compile x86_64-unknown-linux-gnu-gcc -DPACKAGE_NAME=\"libisoburn\" -DPACKAGE_TARNAME=\"libisoburn\" -DPACKAGE_VERSION=\"1.5.6\" -DPACKAGE_STRING=\"libisoburn\ 1.5.6\" -DPACKAGE_BUGREPORT=\"http://libburnia-project.org\" -DPACKAGE_URL=\"\" -DPACKAGE=\"libisoburn\" -DVERSION=\"1.5.6\" -DHAVE_FSEEKO=1 -DICONV_CONST=/\*\*/ -DSTDC_HEADERS=1 -DHAVE_SYS_TYPES_H=1 -DHAVE_SYS_STAT_H=1 -DHAVE_STDLIB_H=1 -DHAVE_STRING_H=1 -DHAVE_MEMORY_H=1 -DHAVE_STRINGS_H=1 -DHAVE_INTTYPES_H=1 -DHAVE_STDINT_H=1 -DHAVE_UNISTD_H=1 -DHAVE_DLFCN_H=1 -DLT_OBJDIR=\".libs/\" -DHAVE_TM_GMTOFF=1 -DLibburnia_timezonE=timezone -DHAVE_LIBACL=1 -DHAVE_LIBZ=1 -I.     -DXorriso_with_readlinE -DLibisofs_with_aaip_acL  -DXorriso_allow_external_filterS  -DXorriso_allow_launch_frontenD  -DLibisofs_with_zliB   -DDEBUG -g -pedantic -Wall -Wextra -Wno-unused-parameter -Wno-char-subscripts -O2 -m64 -march=x86-64 -mtune=generic -flto=auto -ffat-lto-objects -MT xorriso/opts_i_o.lo -MD -MP -MF $depbase.Tpo -c -o xorriso/opts_i_o.lo xorriso/opts_i_o.c &&\
mv -f $depbase.Tpo $depbase.Plo
libtool: compile:  x86_64-unknown-linux-gnu-gcc -DPACKAGE_NAME=\"libisoburn\" -DPACKAGE_TARNAME=\"libisoburn\" -DPACKAGE_VERSION=\"1.5.6\" "-DPACKAGE_STRING=\"libisoburn 1.5.6\"" -DPACKAGE_BUGREPORT=\"http://libburnia-project.org\" -DPACKAGE_URL=\"\" -DPACKAGE=\"libisoburn\" -DVERSION=\"1.5.6\" -DHAVE_FSEEKO=1 "-DICONV_CONST=/**/" -DSTDC_HEADERS=1 -DHAVE_SYS_TYPES_H=1 -DHAVE_SYS_STAT_H=1 -DHAVE_STDLIB_H=1 -DHAVE_STRING_H=1 -DHAVE_MEMORY_H=1 -DHAVE_STRINGS_H=1 -DHAVE_INTTYPES_H=1 -DHAVE_STDINT_H=1 -DHAVE_UNISTD_H=1 -DHAVE_DLFCN_H=1 -DLT_OBJDIR=\".libs/\" -DHAVE_TM_GMTOFF=1 -DLibburnia_timezonE=timezone -DHAVE_LIBACL=1 -DHAVE_LIBZ=1 -I. -DXorriso_with_readlinE -DLibisofs_with_aaip_acL -DXorriso_allow_external_filterS -DXorriso_allow_launch_frontenD -DLibisofs_with_zliB -DDEBUG -g -pedantic -Wall -Wextra -Wno-unused-parameter -Wno-char-subscripts -O2 -m64 -march=x86-64 -mtune=generic -flto=auto -ffat-lto-objects -MT xorriso/opts_i_o.lo -MD -MP -MF xorriso/.deps/opts_i_o.Tpo -c xorriso/opts_i_o.c  -fPIC -DPIC -o xorriso/.libs/opts_i_o.o
libtool: compile:  x86_64-unknown-linux-gnu-gcc -DPACKAGE_NAME=\"libisoburn\" -DPACKAGE_TARNAME=\"libisoburn\" -DPACKAGE_VERSION=\"1.5.6\" "-DPACKAGE_STRING=\"libisoburn 1.5.6\"" -DPACKAGE_BUGREPORT=\"http://libburnia-project.org\" -DPACKAGE_URL=\"\" -DPACKAGE=\"libisoburn\" -DVERSION=\"1.5.6\" -DHAVE_FSEEKO=1 "-DICONV_CONST=/**/" -DSTDC_HEADERS=1 -DHAVE_SYS_TYPES_H=1 -DHAVE_SYS_STAT_H=1 -DHAVE_STDLIB_H=1 -DHAVE_STRING_H=1 -DHAVE_MEMORY_H=1 -DHAVE_STRINGS_H=1 -DHAVE_INTTYPES_H=1 -DHAVE_STDINT_H=1 -DHAVE_UNISTD_H=1 -DHAVE_DLFCN_H=1 -DLT_OBJDIR=\".libs/\" -DHAVE_TM_GMTOFF=1 -DLibburnia_timezonE=timezone -DHAVE_LIBACL=1 -DHAVE_LIBZ=1 -I. -DXorriso_with_readlinE -DLibisofs_with_aaip_acL -DXorriso_allow_external_filterS -DXorriso_allow_launch_frontenD -DLibisofs_with_zliB -DDEBUG -g -pedantic -Wall -Wextra -Wno-unused-parameter -Wno-char-subscripts -O2 -m64 -march=x86-64 -mtune=generic -flto=auto -ffat-lto-objects -MT xorriso/opts_d_h.lo -MD -MP -MF xorriso/.deps/opts_d_h.Tpo -c xorriso/opts_d_h.c  -fPIC -DPIC -o xorriso/.libs/opts_d_h.o
depbase=`echo xorriso/opts_p_z.lo | sed 's|[^/]*$|.deps/&|;s|\.lo$||'`;\
/bin/sh ./libtool  --tag=CC   --mode=compile x86_64-unknown-linux-gnu-gcc -DPACKAGE_NAME=\"libisoburn\" -DPACKAGE_TARNAME=\"libisoburn\" -DPACKAGE_VERSION=\"1.5.6\" -DPACKAGE_STRING=\"libisoburn\ 1.5.6\" -DPACKAGE_BUGREPORT=\"http://libburnia-project.org\" -DPACKAGE_URL=\"\" -DPACKAGE=\"libisoburn\" -DVERSION=\"1.5.6\" -DHAVE_FSEEKO=1 -DICONV_CONST=/\*\*/ -DSTDC_HEADERS=1 -DHAVE_SYS_TYPES_H=1 -DHAVE_SYS_STAT_H=1 -DHAVE_STDLIB_H=1 -DHAVE_STRING_H=1 -DHAVE_MEMORY_H=1 -DHAVE_STRINGS_H=1 -DHAVE_INTTYPES_H=1 -DHAVE_STDINT_H=1 -DHAVE_UNISTD_H=1 -DHAVE_DLFCN_H=1 -DLT_OBJDIR=\".libs/\" -DHAVE_TM_GMTOFF=1 -DLibburnia_timezonE=timezone -DHAVE_LIBACL=1 -DHAVE_LIBZ=1 -I.     -DXorriso_with_readlinE -DLibisofs_with_aaip_acL  -DXorriso_allow_external_filterS  -DXorriso_allow_launch_frontenD  -DLibisofs_with_zliB   -DDEBUG -g -pedantic -Wall -Wextra -Wno-unused-parameter -Wno-char-subscripts -O2 -m64 -march=x86-64 -mtune=generic -flto=auto -ffat-lto-objects -MT xorriso/opts_p_z.lo -MD -MP -MF $depbase.Tpo -c -o xorriso/opts_p_z.lo xorriso/opts_p_z.c &&\
mv -f $depbase.Tpo $depbase.Plo
libtool: compile:  x86_64-unknown-linux-gnu-gcc -DPACKAGE_NAME=\"libisoburn\" -DPACKAGE_TARNAME=\"libisoburn\" -DPACKAGE_VERSION=\"1.5.6\" "-DPACKAGE_STRING=\"libisoburn 1.5.6\"" -DPACKAGE_BUGREPORT=\"http://libburnia-project.org\" -DPACKAGE_URL=\"\" -DPACKAGE=\"libisoburn\" -DVERSION=\"1.5.6\" -DHAVE_FSEEKO=1 "-DICONV_CONST=/**/" -DSTDC_HEADERS=1 -DHAVE_SYS_TYPES_H=1 -DHAVE_SYS_STAT_H=1 -DHAVE_STDLIB_H=1 -DHAVE_STRING_H=1 -DHAVE_MEMORY_H=1 -DHAVE_STRINGS_H=1 -DHAVE_INTTYPES_H=1 -DHAVE_STDINT_H=1 -DHAVE_UNISTD_H=1 -DHAVE_DLFCN_H=1 -DLT_OBJDIR=\".libs/\" -DHAVE_TM_GMTOFF=1 -DLibburnia_timezonE=timezone -DHAVE_LIBACL=1 -DHAVE_LIBZ=1 -I. -DXorriso_with_readlinE -DLibisofs_with_aaip_acL -DXorriso_allow_external_filterS -DXorriso_allow_launch_frontenD -DLibisofs_with_zliB -DDEBUG -g -pedantic -Wall -Wextra -Wno-unused-parameter -Wno-char-subscripts -O2 -m64 -march=x86-64 -mtune=generic -flto=auto -ffat-lto-objects -MT xorriso/opts_p_z.lo -MD -MP -MF xorriso/.deps/opts_p_z.Tpo -c xorriso/opts_p_z.c  -fPIC -DPIC -o xorriso/.libs/opts_p_z.o
xorriso/opts_p_z.c: In function 'Xorriso_option_report_about':
xorriso/opts_p_z.c:528:5: warning: 'Sfile_str' accessing 4096 bytes in a region of size 20 [-Wstringop-overflow=]
  528 |  if(Sfile_str(xorriso->report_about_text, official, 0) <= 0)
      |     ^~~~~~~~~~~~~~~~~~~~~~~~~~~~~~~~~~~~~~~~~~~~~~~~~~
xorriso/opts_p_z.c:528:5: note: referencing argument 1 of type 'char[4096]'
In file included from xorriso/xorriso_private.h:56,
                 from xorriso/opts_p_z.c:29:
xorriso/sfile.h:36:5: note: in a call to function 'Sfile_str'
   36 | int Sfile_str(char target[SfileadrL], char *source, int flag);
      |     ^~~~~~~~~
xorriso/opts_p_z.c: In function 'Xorriso_option_return_with':
xorriso/opts_p_z.c:582:5: warning: 'Sfile_str' accessing 4096 bytes in a region of size 20 [-Wstringop-overflow=]
  582 |  if(Sfile_str(xorriso->return_with_text, official, 0) <= 0)
      |     ^~~~~~~~~~~~~~~~~~~~~~~~~~~~~~~~~~~~~~~~~~~~~~~~~
xorriso/opts_p_z.c:582:5: note: referencing argument 1 of type 'char[4096]'
xorriso/sfile.h:36:5: note: in a call to function 'Sfile_str'
   36 | int Sfile_str(char target[SfileadrL], char *source, int flag);
      |     ^~~~~~~~~
depbase=`echo xorriso/base_obj.lo | sed 's|[^/]*$|.deps/&|;s|\.lo$||'`;\
/bin/sh ./libtool  --tag=CC   --mode=compile x86_64-unknown-linux-gnu-gcc -DPACKAGE_NAME=\"libisoburn\" -DPACKAGE_TARNAME=\"libisoburn\" -DPACKAGE_VERSION=\"1.5.6\" -DPACKAGE_STRING=\"libisoburn\ 1.5.6\" -DPACKAGE_BUGREPORT=\"http://libburnia-project.org\" -DPACKAGE_URL=\"\" -DPACKAGE=\"libisoburn\" -DVERSION=\"1.5.6\" -DHAVE_FSEEKO=1 -DICONV_CONST=/\*\*/ -DSTDC_HEADERS=1 -DHAVE_SYS_TYPES_H=1 -DHAVE_SYS_STAT_H=1 -DHAVE_STDLIB_H=1 -DHAVE_STRING_H=1 -DHAVE_MEMORY_H=1 -DHAVE_STRINGS_H=1 -DHAVE_INTTYPES_H=1 -DHAVE_STDINT_H=1 -DHAVE_UNISTD_H=1 -DHAVE_DLFCN_H=1 -DLT_OBJDIR=\".libs/\" -DHAVE_TM_GMTOFF=1 -DLibburnia_timezonE=timezone -DHAVE_LIBACL=1 -DHAVE_LIBZ=1 -I.     -DXorriso_with_readlinE -DLibisofs_with_aaip_acL  -DXorriso_allow_external_filterS  -DXorriso_allow_launch_frontenD  -DLibisofs_with_zliB   -DDEBUG -g -pedantic -Wall -Wextra -Wno-unused-parameter -Wno-char-subscripts -O2 -m64 -march=x86-64 -mtune=generic -flto=auto -ffat-lto-objects -MT xorriso/base_obj.lo -MD -MP -MF $depbase.Tpo -c -o xorriso/base_obj.lo xorriso/base_obj.c &&\
mv -f $depbase.Tpo $depbase.Plo
libtool: compile:  x86_64-unknown-linux-gnu-gcc -DPACKAGE_NAME=\"libisoburn\" -DPACKAGE_TARNAME=\"libisoburn\" -DPACKAGE_VERSION=\"1.5.6\" "-DPACKAGE_STRING=\"libisoburn 1.5.6\"" -DPACKAGE_BUGREPORT=\"http://libburnia-project.org\" -DPACKAGE_URL=\"\" -DPACKAGE=\"libisoburn\" -DVERSION=\"1.5.6\" -DHAVE_FSEEKO=1 "-DICONV_CONST=/**/" -DSTDC_HEADERS=1 -DHAVE_SYS_TYPES_H=1 -DHAVE_SYS_STAT_H=1 -DHAVE_STDLIB_H=1 -DHAVE_STRING_H=1 -DHAVE_MEMORY_H=1 -DHAVE_STRINGS_H=1 -DHAVE_INTTYPES_H=1 -DHAVE_STDINT_H=1 -DHAVE_UNISTD_H=1 -DHAVE_DLFCN_H=1 -DLT_OBJDIR=\".libs/\" -DHAVE_TM_GMTOFF=1 -DLibburnia_timezonE=timezone -DHAVE_LIBACL=1 -DHAVE_LIBZ=1 -I. -DXorriso_with_readlinE -DLibisofs_with_aaip_acL -DXorriso_allow_external_filterS -DXorriso_allow_launch_frontenD -DLibisofs_with_zliB -DDEBUG -g -pedantic -Wall -Wextra -Wno-unused-parameter -Wno-char-subscripts -O2 -m64 -march=x86-64 -mtune=generic -flto=auto -ffat-lto-objects -MT xorriso/base_obj.lo -MD -MP -MF xorriso/.deps/base_obj.Tpo -c xorriso/base_obj.c  -fPIC -DPIC -o xorriso/.libs/base_obj.o
depbase=`echo xorriso/lib_mgt.lo | sed 's|[^/]*$|.deps/&|;s|\.lo$||'`;\
/bin/sh ./libtool  --tag=CC   --mode=compile x86_64-unknown-linux-gnu-gcc -DPACKAGE_NAME=\"libisoburn\" -DPACKAGE_TARNAME=\"libisoburn\" -DPACKAGE_VERSION=\"1.5.6\" -DPACKAGE_STRING=\"libisoburn\ 1.5.6\" -DPACKAGE_BUGREPORT=\"http://libburnia-project.org\" -DPACKAGE_URL=\"\" -DPACKAGE=\"libisoburn\" -DVERSION=\"1.5.6\" -DHAVE_FSEEKO=1 -DICONV_CONST=/\*\*/ -DSTDC_HEADERS=1 -DHAVE_SYS_TYPES_H=1 -DHAVE_SYS_STAT_H=1 -DHAVE_STDLIB_H=1 -DHAVE_STRING_H=1 -DHAVE_MEMORY_H=1 -DHAVE_STRINGS_H=1 -DHAVE_INTTYPES_H=1 -DHAVE_STDINT_H=1 -DHAVE_UNISTD_H=1 -DHAVE_DLFCN_H=1 -DLT_OBJDIR=\".libs/\" -DHAVE_TM_GMTOFF=1 -DLibburnia_timezonE=timezone -DHAVE_LIBACL=1 -DHAVE_LIBZ=1 -I.     -DXorriso_with_readlinE -DLibisofs_with_aaip_acL  -DXorriso_allow_external_filterS  -DXorriso_allow_launch_frontenD  -DLibisofs_with_zliB   -DDEBUG -g -pedantic -Wall -Wextra -Wno-unused-parameter -Wno-char-subscripts -O2 -m64 -march=x86-64 -mtune=generic -flto=auto -ffat-lto-objects -MT xorriso/lib_mgt.lo -MD -MP -MF $depbase.Tpo -c -o xorriso/lib_mgt.lo xorriso/lib_mgt.c &&\
mv -f $depbase.Tpo $depbase.Plo
xorriso/opts_d_h.c: In function 'Xorriso_option_help':
xorriso/opts_d_h.c:2630:34: warning: '%s' directive writing up to 60159 bytes into a region of size 40960 [-Wformat-overflow=]
 2630 |    sprintf(xorriso->result_line,"%s\n",tpt);
      |                                  ^~
xorriso/opts_d_h.c:2630:4: note: 'sprintf' output between 2 and 60161 bytes into a destination of size 40960
 2630 |    sprintf(xorriso->result_line,"%s\n",tpt);
      |    ^~~~~~~~~~~~~~~~~~~~~~~~~~~~~~~~~~~~~~~~
libtool: compile:  x86_64-unknown-linux-gnu-gcc -DPACKAGE_NAME=\"libisoburn\" -DPACKAGE_TARNAME=\"libisoburn\" -DPACKAGE_VERSION=\"1.5.6\" "-DPACKAGE_STRING=\"libisoburn 1.5.6\"" -DPACKAGE_BUGREPORT=\"http://libburnia-project.org\" -DPACKAGE_URL=\"\" -DPACKAGE=\"libisoburn\" -DVERSION=\"1.5.6\" -DHAVE_FSEEKO=1 "-DICONV_CONST=/**/" -DSTDC_HEADERS=1 -DHAVE_SYS_TYPES_H=1 -DHAVE_SYS_STAT_H=1 -DHAVE_STDLIB_H=1 -DHAVE_STRING_H=1 -DHAVE_MEMORY_H=1 -DHAVE_STRINGS_H=1 -DHAVE_INTTYPES_H=1 -DHAVE_STDINT_H=1 -DHAVE_UNISTD_H=1 -DHAVE_DLFCN_H=1 -DLT_OBJDIR=\".libs/\" -DHAVE_TM_GMTOFF=1 -DLibburnia_timezonE=timezone -DHAVE_LIBACL=1 -DHAVE_LIBZ=1 -I. -DXorriso_with_readlinE -DLibisofs_with_aaip_acL -DXorriso_allow_external_filterS -DXorriso_allow_launch_frontenD -DLibisofs_with_zliB -DDEBUG -g -pedantic -Wall -Wextra -Wno-unused-parameter -Wno-char-subscripts -O2 -m64 -march=x86-64 -mtune=generic -flto=auto -ffat-lto-objects -MT xorriso/lib_mgt.lo -MD -MP -MF xorriso/.deps/lib_mgt.Tpo -c xorriso/lib_mgt.c  -fPIC -DPIC -o xorriso/.libs/lib_mgt.o
depbase=`echo xorriso/sort_cmp.lo | sed 's|[^/]*$|.deps/&|;s|\.lo$||'`;\
/bin/sh ./libtool  --tag=CC   --mode=compile x86_64-unknown-linux-gnu-gcc -DPACKAGE_NAME=\"libisoburn\" -DPACKAGE_TARNAME=\"libisoburn\" -DPACKAGE_VERSION=\"1.5.6\" -DPACKAGE_STRING=\"libisoburn\ 1.5.6\" -DPACKAGE_BUGREPORT=\"http://libburnia-project.org\" -DPACKAGE_URL=\"\" -DPACKAGE=\"libisoburn\" -DVERSION=\"1.5.6\" -DHAVE_FSEEKO=1 -DICONV_CONST=/\*\*/ -DSTDC_HEADERS=1 -DHAVE_SYS_TYPES_H=1 -DHAVE_SYS_STAT_H=1 -DHAVE_STDLIB_H=1 -DHAVE_STRING_H=1 -DHAVE_MEMORY_H=1 -DHAVE_STRINGS_H=1 -DHAVE_INTTYPES_H=1 -DHAVE_STDINT_H=1 -DHAVE_UNISTD_H=1 -DHAVE_DLFCN_H=1 -DLT_OBJDIR=\".libs/\" -DHAVE_TM_GMTOFF=1 -DLibburnia_timezonE=timezone -DHAVE_LIBACL=1 -DHAVE_LIBZ=1 -I.     -DXorriso_with_readlinE -DLibisofs_with_aaip_acL  -DXorriso_allow_external_filterS  -DXorriso_allow_launch_frontenD  -DLibisofs_with_zliB   -DDEBUG -g -pedantic -Wall -Wextra -Wno-unused-parameter -Wno-char-subscripts -O2 -m64 -march=x86-64 -mtune=generic -flto=auto -ffat-lto-objects -MT xorriso/sort_cmp.lo -MD -MP -MF $depbase.Tpo -c -o xorriso/sort_cmp.lo xorriso/sort_cmp.c &&\
mv -f $depbase.Tpo $depbase.Plo
depbase=`echo xorriso/drive_mgt.lo | sed 's|[^/]*$|.deps/&|;s|\.lo$||'`;\
/bin/sh ./libtool  --tag=CC   --mode=compile x86_64-unknown-linux-gnu-gcc -DPACKAGE_NAME=\"libisoburn\" -DPACKAGE_TARNAME=\"libisoburn\" -DPACKAGE_VERSION=\"1.5.6\" -DPACKAGE_STRING=\"libisoburn\ 1.5.6\" -DPACKAGE_BUGREPORT=\"http://libburnia-project.org\" -DPACKAGE_URL=\"\" -DPACKAGE=\"libisoburn\" -DVERSION=\"1.5.6\" -DHAVE_FSEEKO=1 -DICONV_CONST=/\*\*/ -DSTDC_HEADERS=1 -DHAVE_SYS_TYPES_H=1 -DHAVE_SYS_STAT_H=1 -DHAVE_STDLIB_H=1 -DHAVE_STRING_H=1 -DHAVE_MEMORY_H=1 -DHAVE_STRINGS_H=1 -DHAVE_INTTYPES_H=1 -DHAVE_STDINT_H=1 -DHAVE_UNISTD_H=1 -DHAVE_DLFCN_H=1 -DLT_OBJDIR=\".libs/\" -DHAVE_TM_GMTOFF=1 -DLibburnia_timezonE=timezone -DHAVE_LIBACL=1 -DHAVE_LIBZ=1 -I.     -DXorriso_with_readlinE -DLibisofs_with_aaip_acL  -DXorriso_allow_external_filterS  -DXorriso_allow_launch_frontenD  -DLibisofs_with_zliB   -DDEBUG -g -pedantic -Wall -Wextra -Wno-unused-parameter -Wno-char-subscripts -O2 -m64 -march=x86-64 -mtune=generic -flto=auto -ffat-lto-objects -MT xorriso/drive_mgt.lo -MD -MP -MF $depbase.Tpo -c -o xorriso/drive_mgt.lo xorriso/drive_mgt.c &&\
mv -f $depbase.Tpo $depbase.Plo
depbase=`echo xorriso/iso_img.lo | sed 's|[^/]*$|.deps/&|;s|\.lo$||'`;\
/bin/sh ./libtool  --tag=CC   --mode=compile x86_64-unknown-linux-gnu-gcc -DPACKAGE_NAME=\"libisoburn\" -DPACKAGE_TARNAME=\"libisoburn\" -DPACKAGE_VERSION=\"1.5.6\" -DPACKAGE_STRING=\"libisoburn\ 1.5.6\" -DPACKAGE_BUGREPORT=\"http://libburnia-project.org\" -DPACKAGE_URL=\"\" -DPACKAGE=\"libisoburn\" -DVERSION=\"1.5.6\" -DHAVE_FSEEKO=1 -DICONV_CONST=/\*\*/ -DSTDC_HEADERS=1 -DHAVE_SYS_TYPES_H=1 -DHAVE_SYS_STAT_H=1 -DHAVE_STDLIB_H=1 -DHAVE_STRING_H=1 -DHAVE_MEMORY_H=1 -DHAVE_STRINGS_H=1 -DHAVE_INTTYPES_H=1 -DHAVE_STDINT_H=1 -DHAVE_UNISTD_H=1 -DHAVE_DLFCN_H=1 -DLT_OBJDIR=\".libs/\" -DHAVE_TM_GMTOFF=1 -DLibburnia_timezonE=timezone -DHAVE_LIBACL=1 -DHAVE_LIBZ=1 -I.     -DXorriso_with_readlinE -DLibisofs_with_aaip_acL  -DXorriso_allow_external_filterS  -DXorriso_allow_launch_frontenD  -DLibisofs_with_zliB   -DDEBUG -g -pedantic -Wall -Wextra -Wno-unused-parameter -Wno-char-subscripts -O2 -m64 -march=x86-64 -mtune=generic -flto=auto -ffat-lto-objects -MT xorriso/iso_img.lo -MD -MP -MF $depbase.Tpo -c -o xorriso/iso_img.lo xorriso/iso_img.c &&\
mv -f $depbase.Tpo $depbase.Plo
libtool: compile:  x86_64-unknown-linux-gnu-gcc -DPACKAGE_NAME=\"libisoburn\" -DPACKAGE_TARNAME=\"libisoburn\" -DPACKAGE_VERSION=\"1.5.6\" "-DPACKAGE_STRING=\"libisoburn 1.5.6\"" -DPACKAGE_BUGREPORT=\"http://libburnia-project.org\" -DPACKAGE_URL=\"\" -DPACKAGE=\"libisoburn\" -DVERSION=\"1.5.6\" -DHAVE_FSEEKO=1 "-DICONV_CONST=/**/" -DSTDC_HEADERS=1 -DHAVE_SYS_TYPES_H=1 -DHAVE_SYS_STAT_H=1 -DHAVE_STDLIB_H=1 -DHAVE_STRING_H=1 -DHAVE_MEMORY_H=1 -DHAVE_STRINGS_H=1 -DHAVE_INTTYPES_H=1 -DHAVE_STDINT_H=1 -DHAVE_UNISTD_H=1 -DHAVE_DLFCN_H=1 -DLT_OBJDIR=\".libs/\" -DHAVE_TM_GMTOFF=1 -DLibburnia_timezonE=timezone -DHAVE_LIBACL=1 -DHAVE_LIBZ=1 -I. -DXorriso_with_readlinE -DLibisofs_with_aaip_acL -DXorriso_allow_external_filterS -DXorriso_allow_launch_frontenD -DLibisofs_with_zliB -DDEBUG -g -pedantic -Wall -Wextra -Wno-unused-parameter -Wno-char-subscripts -O2 -m64 -march=x86-64 -mtune=generic -flto=auto -ffat-lto-objects -MT xorriso/sort_cmp.lo -MD -MP -MF xorriso/.deps/sort_cmp.Tpo -c xorriso/sort_cmp.c  -fPIC -DPIC -o xorriso/.libs/sort_cmp.o
libtool: compile:  x86_64-unknown-linux-gnu-gcc -DPACKAGE_NAME=\"libisoburn\" -DPACKAGE_TARNAME=\"libisoburn\" -DPACKAGE_VERSION=\"1.5.6\" "-DPACKAGE_STRING=\"libisoburn 1.5.6\"" -DPACKAGE_BUGREPORT=\"http://libburnia-project.org\" -DPACKAGE_URL=\"\" -DPACKAGE=\"libisoburn\" -DVERSION=\"1.5.6\" -DHAVE_FSEEKO=1 "-DICONV_CONST=/**/" -DSTDC_HEADERS=1 -DHAVE_SYS_TYPES_H=1 -DHAVE_SYS_STAT_H=1 -DHAVE_STDLIB_H=1 -DHAVE_STRING_H=1 -DHAVE_MEMORY_H=1 -DHAVE_STRINGS_H=1 -DHAVE_INTTYPES_H=1 -DHAVE_STDINT_H=1 -DHAVE_UNISTD_H=1 -DHAVE_DLFCN_H=1 -DLT_OBJDIR=\".libs/\" -DHAVE_TM_GMTOFF=1 -DLibburnia_timezonE=timezone -DHAVE_LIBACL=1 -DHAVE_LIBZ=1 -I. -DXorriso_with_readlinE -DLibisofs_with_aaip_acL -DXorriso_allow_external_filterS -DXorriso_allow_launch_frontenD -DLibisofs_with_zliB -DDEBUG -g -pedantic -Wall -Wextra -Wno-unused-parameter -Wno-char-subscripts -O2 -m64 -march=x86-64 -mtune=generic -flto=auto -ffat-lto-objects -MT xorriso/drive_mgt.lo -MD -MP -MF xorriso/.deps/drive_mgt.Tpo -c xorriso/drive_mgt.c  -fPIC -DPIC -o xorriso/.libs/drive_mgt.o
libtool: compile:  x86_64-unknown-linux-gnu-gcc -DPACKAGE_NAME=\"libisoburn\" -DPACKAGE_TARNAME=\"libisoburn\" -DPACKAGE_VERSION=\"1.5.6\" "-DPACKAGE_STRING=\"libisoburn 1.5.6\"" -DPACKAGE_BUGREPORT=\"http://libburnia-project.org\" -DPACKAGE_URL=\"\" -DPACKAGE=\"libisoburn\" -DVERSION=\"1.5.6\" -DHAVE_FSEEKO=1 "-DICONV_CONST=/**/" -DSTDC_HEADERS=1 -DHAVE_SYS_TYPES_H=1 -DHAVE_SYS_STAT_H=1 -DHAVE_STDLIB_H=1 -DHAVE_STRING_H=1 -DHAVE_MEMORY_H=1 -DHAVE_STRINGS_H=1 -DHAVE_INTTYPES_H=1 -DHAVE_STDINT_H=1 -DHAVE_UNISTD_H=1 -DHAVE_DLFCN_H=1 -DLT_OBJDIR=\".libs/\" -DHAVE_TM_GMTOFF=1 -DLibburnia_timezonE=timezone -DHAVE_LIBACL=1 -DHAVE_LIBZ=1 -I. -DXorriso_with_readlinE -DLibisofs_with_aaip_acL -DXorriso_allow_external_filterS -DXorriso_allow_launch_frontenD -DLibisofs_with_zliB -DDEBUG -g -pedantic -Wall -Wextra -Wno-unused-parameter -Wno-char-subscripts -O2 -m64 -march=x86-64 -mtune=generic -flto=auto -ffat-lto-objects -MT xorriso/iso_img.lo -MD -MP -MF xorriso/.deps/iso_img.Tpo -c xorriso/iso_img.c  -fPIC -DPIC -o xorriso/.libs/iso_img.o
depbase=`echo xorriso/iso_tree.lo | sed 's|[^/]*$|.deps/&|;s|\.lo$||'`;\
/bin/sh ./libtool  --tag=CC   --mode=compile x86_64-unknown-linux-gnu-gcc -DPACKAGE_NAME=\"libisoburn\" -DPACKAGE_TARNAME=\"libisoburn\" -DPACKAGE_VERSION=\"1.5.6\" -DPACKAGE_STRING=\"libisoburn\ 1.5.6\" -DPACKAGE_BUGREPORT=\"http://libburnia-project.org\" -DPACKAGE_URL=\"\" -DPACKAGE=\"libisoburn\" -DVERSION=\"1.5.6\" -DHAVE_FSEEKO=1 -DICONV_CONST=/\*\*/ -DSTDC_HEADERS=1 -DHAVE_SYS_TYPES_H=1 -DHAVE_SYS_STAT_H=1 -DHAVE_STDLIB_H=1 -DHAVE_STRING_H=1 -DHAVE_MEMORY_H=1 -DHAVE_STRINGS_H=1 -DHAVE_INTTYPES_H=1 -DHAVE_STDINT_H=1 -DHAVE_UNISTD_H=1 -DHAVE_DLFCN_H=1 -DLT_OBJDIR=\".libs/\" -DHAVE_TM_GMTOFF=1 -DLibburnia_timezonE=timezone -DHAVE_LIBACL=1 -DHAVE_LIBZ=1 -I.     -DXorriso_with_readlinE -DLibisofs_with_aaip_acL  -DXorriso_allow_external_filterS  -DXorriso_allow_launch_frontenD  -DLibisofs_with_zliB   -DDEBUG -g -pedantic -Wall -Wextra -Wno-unused-parameter -Wno-char-subscripts -O2 -m64 -march=x86-64 -mtune=generic -flto=auto -ffat-lto-objects -MT xorriso/iso_tree.lo -MD -MP -MF $depbase.Tpo -c -o xorriso/iso_tree.lo xorriso/iso_tree.c &&\
mv -f $depbase.Tpo $depbase.Plo
depbase=`echo xorriso/iso_manip.lo | sed 's|[^/]*$|.deps/&|;s|\.lo$||'`;\
/bin/sh ./libtool  --tag=CC   --mode=compile x86_64-unknown-linux-gnu-gcc -DPACKAGE_NAME=\"libisoburn\" -DPACKAGE_TARNAME=\"libisoburn\" -DPACKAGE_VERSION=\"1.5.6\" -DPACKAGE_STRING=\"libisoburn\ 1.5.6\" -DPACKAGE_BUGREPORT=\"http://libburnia-project.org\" -DPACKAGE_URL=\"\" -DPACKAGE=\"libisoburn\" -DVERSION=\"1.5.6\" -DHAVE_FSEEKO=1 -DICONV_CONST=/\*\*/ -DSTDC_HEADERS=1 -DHAVE_SYS_TYPES_H=1 -DHAVE_SYS_STAT_H=1 -DHAVE_STDLIB_H=1 -DHAVE_STRING_H=1 -DHAVE_MEMORY_H=1 -DHAVE_STRINGS_H=1 -DHAVE_INTTYPES_H=1 -DHAVE_STDINT_H=1 -DHAVE_UNISTD_H=1 -DHAVE_DLFCN_H=1 -DLT_OBJDIR=\".libs/\" -DHAVE_TM_GMTOFF=1 -DLibburnia_timezonE=timezone -DHAVE_LIBACL=1 -DHAVE_LIBZ=1 -I.     -DXorriso_with_readlinE -DLibisofs_with_aaip_acL  -DXorriso_allow_external_filterS  -DXorriso_allow_launch_frontenD  -DLibisofs_with_zliB   -DDEBUG -g -pedantic -Wall -Wextra -Wno-unused-parameter -Wno-char-subscripts -O2 -m64 -march=x86-64 -mtune=generic -flto=auto -ffat-lto-objects -MT xorriso/iso_manip.lo -MD -MP -MF $depbase.Tpo -c -o xorriso/iso_manip.lo xorriso/iso_manip.c &&\
mv -f $depbase.Tpo $depbase.Plo
libtool: compile:  x86_64-unknown-linux-gnu-gcc -DPACKAGE_NAME=\"libisoburn\" -DPACKAGE_TARNAME=\"libisoburn\" -DPACKAGE_VERSION=\"1.5.6\" "-DPACKAGE_STRING=\"libisoburn 1.5.6\"" -DPACKAGE_BUGREPORT=\"http://libburnia-project.org\" -DPACKAGE_URL=\"\" -DPACKAGE=\"libisoburn\" -DVERSION=\"1.5.6\" -DHAVE_FSEEKO=1 "-DICONV_CONST=/**/" -DSTDC_HEADERS=1 -DHAVE_SYS_TYPES_H=1 -DHAVE_SYS_STAT_H=1 -DHAVE_STDLIB_H=1 -DHAVE_STRING_H=1 -DHAVE_MEMORY_H=1 -DHAVE_STRINGS_H=1 -DHAVE_INTTYPES_H=1 -DHAVE_STDINT_H=1 -DHAVE_UNISTD_H=1 -DHAVE_DLFCN_H=1 -DLT_OBJDIR=\".libs/\" -DHAVE_TM_GMTOFF=1 -DLibburnia_timezonE=timezone -DHAVE_LIBACL=1 -DHAVE_LIBZ=1 -I. -DXorriso_with_readlinE -DLibisofs_with_aaip_acL -DXorriso_allow_external_filterS -DXorriso_allow_launch_frontenD -DLibisofs_with_zliB -DDEBUG -g -pedantic -Wall -Wextra -Wno-unused-parameter -Wno-char-subscripts -O2 -m64 -march=x86-64 -mtune=generic -flto=auto -ffat-lto-objects -MT xorriso/iso_manip.lo -MD -MP -MF xorriso/.deps/iso_manip.Tpo -c xorriso/iso_manip.c  -fPIC -DPIC -o xorriso/.libs/iso_manip.o
libtool: compile:  x86_64-unknown-linux-gnu-gcc -DPACKAGE_NAME=\"libisoburn\" -DPACKAGE_TARNAME=\"libisoburn\" -DPACKAGE_VERSION=\"1.5.6\" "-DPACKAGE_STRING=\"libisoburn 1.5.6\"" -DPACKAGE_BUGREPORT=\"http://libburnia-project.org\" -DPACKAGE_URL=\"\" -DPACKAGE=\"libisoburn\" -DVERSION=\"1.5.6\" -DHAVE_FSEEKO=1 "-DICONV_CONST=/**/" -DSTDC_HEADERS=1 -DHAVE_SYS_TYPES_H=1 -DHAVE_SYS_STAT_H=1 -DHAVE_STDLIB_H=1 -DHAVE_STRING_H=1 -DHAVE_MEMORY_H=1 -DHAVE_STRINGS_H=1 -DHAVE_INTTYPES_H=1 -DHAVE_STDINT_H=1 -DHAVE_UNISTD_H=1 -DHAVE_DLFCN_H=1 -DLT_OBJDIR=\".libs/\" -DHAVE_TM_GMTOFF=1 -DLibburnia_timezonE=timezone -DHAVE_LIBACL=1 -DHAVE_LIBZ=1 -I. -DXorriso_with_readlinE -DLibisofs_with_aaip_acL -DXorriso_allow_external_filterS -DXorriso_allow_launch_frontenD -DLibisofs_with_zliB -DDEBUG -g -pedantic -Wall -Wextra -Wno-unused-parameter -Wno-char-subscripts -O2 -m64 -march=x86-64 -mtune=generic -flto=auto -ffat-lto-objects -MT xorriso/iso_tree.lo -MD -MP -MF xorriso/.deps/iso_tree.Tpo -c xorriso/iso_tree.c  -fPIC -DPIC -o xorriso/.libs/iso_tree.o
depbase=`echo xorriso/write_run.lo | sed 's|[^/]*$|.deps/&|;s|\.lo$||'`;\
/bin/sh ./libtool  --tag=CC   --mode=compile x86_64-unknown-linux-gnu-gcc -DPACKAGE_NAME=\"libisoburn\" -DPACKAGE_TARNAME=\"libisoburn\" -DPACKAGE_VERSION=\"1.5.6\" -DPACKAGE_STRING=\"libisoburn\ 1.5.6\" -DPACKAGE_BUGREPORT=\"http://libburnia-project.org\" -DPACKAGE_URL=\"\" -DPACKAGE=\"libisoburn\" -DVERSION=\"1.5.6\" -DHAVE_FSEEKO=1 -DICONV_CONST=/\*\*/ -DSTDC_HEADERS=1 -DHAVE_SYS_TYPES_H=1 -DHAVE_SYS_STAT_H=1 -DHAVE_STDLIB_H=1 -DHAVE_STRING_H=1 -DHAVE_MEMORY_H=1 -DHAVE_STRINGS_H=1 -DHAVE_INTTYPES_H=1 -DHAVE_STDINT_H=1 -DHAVE_UNISTD_H=1 -DHAVE_DLFCN_H=1 -DLT_OBJDIR=\".libs/\" -DHAVE_TM_GMTOFF=1 -DLibburnia_timezonE=timezone -DHAVE_LIBACL=1 -DHAVE_LIBZ=1 -I.     -DXorriso_with_readlinE -DLibisofs_with_aaip_acL  -DXorriso_allow_external_filterS  -DXorriso_allow_launch_frontenD  -DLibisofs_with_zliB   -DDEBUG -g -pedantic -Wall -Wextra -Wno-unused-parameter -Wno-char-subscripts -O2 -m64 -march=x86-64 -mtune=generic -flto=auto -ffat-lto-objects -MT xorriso/write_run.lo -MD -MP -MF $depbase.Tpo -c -o xorriso/write_run.lo xorriso/write_run.c &&\
mv -f $depbase.Tpo $depbase.Plo
depbase=`echo xorriso/read_run.lo | sed 's|[^/]*$|.deps/&|;s|\.lo$||'`;\
/bin/sh ./libtool  --tag=CC   --mode=compile x86_64-unknown-linux-gnu-gcc -DPACKAGE_NAME=\"libisoburn\" -DPACKAGE_TARNAME=\"libisoburn\" -DPACKAGE_VERSION=\"1.5.6\" -DPACKAGE_STRING=\"libisoburn\ 1.5.6\" -DPACKAGE_BUGREPORT=\"http://libburnia-project.org\" -DPACKAGE_URL=\"\" -DPACKAGE=\"libisoburn\" -DVERSION=\"1.5.6\" -DHAVE_FSEEKO=1 -DICONV_CONST=/\*\*/ -DSTDC_HEADERS=1 -DHAVE_SYS_TYPES_H=1 -DHAVE_SYS_STAT_H=1 -DHAVE_STDLIB_H=1 -DHAVE_STRING_H=1 -DHAVE_MEMORY_H=1 -DHAVE_STRINGS_H=1 -DHAVE_INTTYPES_H=1 -DHAVE_STDINT_H=1 -DHAVE_UNISTD_H=1 -DHAVE_DLFCN_H=1 -DLT_OBJDIR=\".libs/\" -DHAVE_TM_GMTOFF=1 -DLibburnia_timezonE=timezone -DHAVE_LIBACL=1 -DHAVE_LIBZ=1 -I.     -DXorriso_with_readlinE -DLibisofs_with_aaip_acL  -DXorriso_allow_external_filterS  -DXorriso_allow_launch_frontenD  -DLibisofs_with_zliB   -DDEBUG -g -pedantic -Wall -Wextra -Wno-unused-parameter -Wno-char-subscripts -O2 -m64 -march=x86-64 -mtune=generic -flto=auto -ffat-lto-objects -MT xorriso/read_run.lo -MD -MP -MF $depbase.Tpo -c -o xorriso/read_run.lo xorriso/read_run.c &&\
mv -f $depbase.Tpo $depbase.Plo
depbase=`echo xorriso/filters.lo | sed 's|[^/]*$|.deps/&|;s|\.lo$||'`;\
/bin/sh ./libtool  --tag=CC   --mode=compile x86_64-unknown-linux-gnu-gcc -DPACKAGE_NAME=\"libisoburn\" -DPACKAGE_TARNAME=\"libisoburn\" -DPACKAGE_VERSION=\"1.5.6\" -DPACKAGE_STRING=\"libisoburn\ 1.5.6\" -DPACKAGE_BUGREPORT=\"http://libburnia-project.org\" -DPACKAGE_URL=\"\" -DPACKAGE=\"libisoburn\" -DVERSION=\"1.5.6\" -DHAVE_FSEEKO=1 -DICONV_CONST=/\*\*/ -DSTDC_HEADERS=1 -DHAVE_SYS_TYPES_H=1 -DHAVE_SYS_STAT_H=1 -DHAVE_STDLIB_H=1 -DHAVE_STRING_H=1 -DHAVE_MEMORY_H=1 -DHAVE_STRINGS_H=1 -DHAVE_INTTYPES_H=1 -DHAVE_STDINT_H=1 -DHAVE_UNISTD_H=1 -DHAVE_DLFCN_H=1 -DLT_OBJDIR=\".libs/\" -DHAVE_TM_GMTOFF=1 -DLibburnia_timezonE=timezone -DHAVE_LIBACL=1 -DHAVE_LIBZ=1 -I.     -DXorriso_with_readlinE -DLibisofs_with_aaip_acL  -DXorriso_allow_external_filterS  -DXorriso_allow_launch_frontenD  -DLibisofs_with_zliB   -DDEBUG -g -pedantic -Wall -Wextra -Wno-unused-parameter -Wno-char-subscripts -O2 -m64 -march=x86-64 -mtune=generic -flto=auto -ffat-lto-objects -MT xorriso/filters.lo -MD -MP -MF $depbase.Tpo -c -o xorriso/filters.lo xorriso/filters.c &&\
mv -f $depbase.Tpo $depbase.Plo
libtool: compile:  x86_64-unknown-linux-gnu-gcc -DPACKAGE_NAME=\"libisoburn\" -DPACKAGE_TARNAME=\"libisoburn\" -DPACKAGE_VERSION=\"1.5.6\" "-DPACKAGE_STRING=\"libisoburn 1.5.6\"" -DPACKAGE_BUGREPORT=\"http://libburnia-project.org\" -DPACKAGE_URL=\"\" -DPACKAGE=\"libisoburn\" -DVERSION=\"1.5.6\" -DHAVE_FSEEKO=1 "-DICONV_CONST=/**/" -DSTDC_HEADERS=1 -DHAVE_SYS_TYPES_H=1 -DHAVE_SYS_STAT_H=1 -DHAVE_STDLIB_H=1 -DHAVE_STRING_H=1 -DHAVE_MEMORY_H=1 -DHAVE_STRINGS_H=1 -DHAVE_INTTYPES_H=1 -DHAVE_STDINT_H=1 -DHAVE_UNISTD_H=1 -DHAVE_DLFCN_H=1 -DLT_OBJDIR=\".libs/\" -DHAVE_TM_GMTOFF=1 -DLibburnia_timezonE=timezone -DHAVE_LIBACL=1 -DHAVE_LIBZ=1 -I. -DXorriso_with_readlinE -DLibisofs_with_aaip_acL -DXorriso_allow_external_filterS -DXorriso_allow_launch_frontenD -DLibisofs_with_zliB -DDEBUG -g -pedantic -Wall -Wextra -Wno-unused-parameter -Wno-char-subscripts -O2 -m64 -march=x86-64 -mtune=generic -flto=auto -ffat-lto-objects -MT xorriso/write_run.lo -MD -MP -MF xorriso/.deps/write_run.Tpo -c xorriso/write_run.c  -fPIC -DPIC -o xorriso/.libs/write_run.o
libtool: compile:  x86_64-unknown-linux-gnu-gcc -DPACKAGE_NAME=\"libisoburn\" -DPACKAGE_TARNAME=\"libisoburn\" -DPACKAGE_VERSION=\"1.5.6\" "-DPACKAGE_STRING=\"libisoburn 1.5.6\"" -DPACKAGE_BUGREPORT=\"http://libburnia-project.org\" -DPACKAGE_URL=\"\" -DPACKAGE=\"libisoburn\" -DVERSION=\"1.5.6\" -DHAVE_FSEEKO=1 "-DICONV_CONST=/**/" -DSTDC_HEADERS=1 -DHAVE_SYS_TYPES_H=1 -DHAVE_SYS_STAT_H=1 -DHAVE_STDLIB_H=1 -DHAVE_STRING_H=1 -DHAVE_MEMORY_H=1 -DHAVE_STRINGS_H=1 -DHAVE_INTTYPES_H=1 -DHAVE_STDINT_H=1 -DHAVE_UNISTD_H=1 -DHAVE_DLFCN_H=1 -DLT_OBJDIR=\".libs/\" -DHAVE_TM_GMTOFF=1 -DLibburnia_timezonE=timezone -DHAVE_LIBACL=1 -DHAVE_LIBZ=1 -I. -DXorriso_with_readlinE -DLibisofs_with_aaip_acL -DXorriso_allow_external_filterS -DXorriso_allow_launch_frontenD -DLibisofs_with_zliB -DDEBUG -g -pedantic -Wall -Wextra -Wno-unused-parameter -Wno-char-subscripts -O2 -m64 -march=x86-64 -mtune=generic -flto=auto -ffat-lto-objects -MT xorriso/read_run.lo -MD -MP -MF xorriso/.deps/read_run.Tpo -c xorriso/read_run.c  -fPIC -DPIC -o xorriso/.libs/read_run.o
libtool: compile:  x86_64-unknown-linux-gnu-gcc -DPACKAGE_NAME=\"libisoburn\" -DPACKAGE_TARNAME=\"libisoburn\" -DPACKAGE_VERSION=\"1.5.6\" "-DPACKAGE_STRING=\"libisoburn 1.5.6\"" -DPACKAGE_BUGREPORT=\"http://libburnia-project.org\" -DPACKAGE_URL=\"\" -DPACKAGE=\"libisoburn\" -DVERSION=\"1.5.6\" -DHAVE_FSEEKO=1 "-DICONV_CONST=/**/" -DSTDC_HEADERS=1 -DHAVE_SYS_TYPES_H=1 -DHAVE_SYS_STAT_H=1 -DHAVE_STDLIB_H=1 -DHAVE_STRING_H=1 -DHAVE_MEMORY_H=1 -DHAVE_STRINGS_H=1 -DHAVE_INTTYPES_H=1 -DHAVE_STDINT_H=1 -DHAVE_UNISTD_H=1 -DHAVE_DLFCN_H=1 -DLT_OBJDIR=\".libs/\" -DHAVE_TM_GMTOFF=1 -DLibburnia_timezonE=timezone -DHAVE_LIBACL=1 -DHAVE_LIBZ=1 -I. -DXorriso_with_readlinE -DLibisofs_with_aaip_acL -DXorriso_allow_external_filterS -DXorriso_allow_launch_frontenD -DLibisofs_with_zliB -DDEBUG -g -pedantic -Wall -Wextra -Wno-unused-parameter -Wno-char-subscripts -O2 -m64 -march=x86-64 -mtune=generic -flto=auto -ffat-lto-objects -MT xorriso/filters.lo -MD -MP -MF xorriso/.deps/filters.Tpo -c xorriso/filters.c  -fPIC -DPIC -o xorriso/.libs/filters.o
xorriso/write_run.c: In function 'Xorriso_make_iso_write_opts':
xorriso/write_run.c:943:2: warning: 'Ftimetxt' accessing 40 bytes in a region of size 19 [-Wstringop-overflow=]
  943 |  Ftimetxt(time(NULL), xorriso->scdbackup_tag_time, 8);
      |  ^~~~~~~~~~~~~~~~~~~~~~~~~~~~~~~~~~~~~~~~~~~~~~~~~~~~
xorriso/write_run.c:943:2: note: referencing argument 2 of type 'char[40]'
In file included from xorriso/xorriso_private.h:57,
                 from xorriso/write_run.c:58:
xorriso/misc_funct.h:37:7: note: in a call to function 'Ftimetxt'
   37 | char *Ftimetxt(time_t t, char timetext[40], int flag);
      |       ^~~~~~~~
x86_64-unknown-linux-gnu-gcc -DPACKAGE_NAME=\"libisoburn\" -DPACKAGE_TARNAME=\"libisoburn\" -DPACKAGE_VERSION=\"1.5.6\" -DPACKAGE_STRING=\"libisoburn\ 1.5.6\" -DPACKAGE_BUGREPORT=\"http://libburnia-project.org\" -DPACKAGE_URL=\"\" -DPACKAGE=\"libisoburn\" -DVERSION=\"1.5.6\" -DHAVE_FSEEKO=1 -DICONV_CONST=/\*\*/ -DSTDC_HEADERS=1 -DHAVE_SYS_TYPES_H=1 -DHAVE_SYS_STAT_H=1 -DHAVE_STDLIB_H=1 -DHAVE_STRING_H=1 -DHAVE_MEMORY_H=1 -DHAVE_STRINGS_H=1 -DHAVE_INTTYPES_H=1 -DHAVE_STDINT_H=1 -DHAVE_UNISTD_H=1 -DHAVE_DLFCN_H=1 -DLT_OBJDIR=\".libs/\" -DHAVE_TM_GMTOFF=1 -DLibburnia_timezonE=timezone -DHAVE_LIBACL=1 -DHAVE_LIBZ=1 -I.  -Ilibisoburn   -DXorriso_with_readlinE -DLibisofs_with_aaip_acL  -DXorriso_allow_external_filterS  -DXorriso_allow_launch_frontenD  -DLibisofs_with_zliB   -DDEBUG -g -pedantic -Wall -Wextra -Wno-unused-parameter -Wno-char-subscripts -O2 -m64 -march=x86-64 -mtune=generic -flto=auto -ffat-lto-objects -MT xorriso/xorriso_xorriso-xorriso_main.o -MD -MP -MF xorriso/.deps/xorriso_xorriso-xorriso_main.Tpo -c -o xorriso/xorriso_xorriso-xorriso_main.o `test -f 'xorriso/xorriso_main.c' || echo './'`xorriso/xorriso_main.c
mv -f xorriso/.deps/xorriso_xorriso-xorriso_main.Tpo xorriso/.deps/xorriso_xorriso-xorriso_main.Po
x86_64-unknown-linux-gnu-gcc -DPACKAGE_NAME=\"libisoburn\" -DPACKAGE_TARNAME=\"libisoburn\" -DPACKAGE_VERSION=\"1.5.6\" -DPACKAGE_STRING=\"libisoburn\ 1.5.6\" -DPACKAGE_BUGREPORT=\"http://libburnia-project.org\" -DPACKAGE_URL=\"\" -DPACKAGE=\"libisoburn\" -DVERSION=\"1.5.6\" -DHAVE_FSEEKO=1 -DICONV_CONST=/\*\*/ -DSTDC_HEADERS=1 -DHAVE_SYS_TYPES_H=1 -DHAVE_SYS_STAT_H=1 -DHAVE_STDLIB_H=1 -DHAVE_STRING_H=1 -DHAVE_MEMORY_H=1 -DHAVE_STRINGS_H=1 -DHAVE_INTTYPES_H=1 -DHAVE_STDINT_H=1 -DHAVE_UNISTD_H=1 -DHAVE_DLFCN_H=1 -DLT_OBJDIR=\".libs/\" -DHAVE_TM_GMTOFF=1 -DLibburnia_timezonE=timezone -DHAVE_LIBACL=1 -DHAVE_LIBZ=1 -I.     -DXorriso_with_readlinE -DLibisofs_with_aaip_acL  -DXorriso_allow_external_filterS  -DXorriso_allow_launch_frontenD  -DLibisofs_with_zliB   -DDEBUG -g -pedantic -Wall -Wextra -Wno-unused-parameter -Wno-char-subscripts -O2 -m64 -march=x86-64 -mtune=generic -flto=auto -ffat-lto-objects -MT test/test_compare_file-compare_file.o -MD -MP -MF test/.deps/test_compare_file-compare_file.Tpo -c -o test/test_compare_file-compare_file.o `test -f 'test/compare_file.c' || echo './'`test/compare_file.c
x86_64-unknown-linux-gnu-gcc -DPACKAGE_NAME=\"libisoburn\" -DPACKAGE_TARNAME=\"libisoburn\" -DPACKAGE_VERSION=\"1.5.6\" -DPACKAGE_STRING=\"libisoburn\ 1.5.6\" -DPACKAGE_BUGREPORT=\"http://libburnia-project.org\" -DPACKAGE_URL=\"\" -DPACKAGE=\"libisoburn\" -DVERSION=\"1.5.6\" -DHAVE_FSEEKO=1 -DICONV_CONST=/\*\*/ -DSTDC_HEADERS=1 -DHAVE_SYS_TYPES_H=1 -DHAVE_SYS_STAT_H=1 -DHAVE_STDLIB_H=1 -DHAVE_STRING_H=1 -DHAVE_MEMORY_H=1 -DHAVE_STRINGS_H=1 -DHAVE_INTTYPES_H=1 -DHAVE_STDINT_H=1 -DHAVE_UNISTD_H=1 -DHAVE_DLFCN_H=1 -DLT_OBJDIR=\".libs/\" -DHAVE_TM_GMTOFF=1 -DLibburnia_timezonE=timezone -DHAVE_LIBACL=1 -DHAVE_LIBZ=1 -I.     -DXorriso_with_readlinE -DLibisofs_with_aaip_acL  -DXorriso_allow_external_filterS  -DXorriso_allow_launch_frontenD  -DLibisofs_with_zliB   -DDEBUG -g -pedantic -Wall -Wextra -Wno-unused-parameter -Wno-char-subscripts -O2 -m64 -march=x86-64 -mtune=generic -flto=auto -ffat-lto-objects -MT xorriso/xorriso_make_xorriso_1-make_xorriso_1.o -MD -MP -MF xorriso/.deps/xorriso_make_xorriso_1-make_xorriso_1.Tpo -c -o xorriso/xorriso_make_xorriso_1-make_xorriso_1.o `test -f 'xorriso/make_xorriso_1.c' || echo './'`xorriso/make_xorriso_1.c
mv -f test/.deps/test_compare_file-compare_file.Tpo test/.deps/test_compare_file-compare_file.Po
/bin/sh ./libtool  --tag=CC   --mode=link x86_64-unknown-linux-gnu-gcc  -DXorriso_with_readlinE -DLibisofs_with_aaip_acL  -DXorriso_allow_external_filterS  -DXorriso_allow_launch_frontenD  -DLibisofs_with_zliB   -DDEBUG -g -pedantic -Wall -Wextra -Wno-unused-parameter -Wno-char-subscripts -O2 -m64 -march=x86-64 -mtune=generic -flto=auto -ffat-lto-objects   -o test/compare_file test/test_compare_file-compare_file.o  -lz -lacl  -lreadline
libtool: link: x86_64-unknown-linux-gnu-gcc -DXorriso_with_readlinE -DLibisofs_with_aaip_acL -DXorriso_allow_external_filterS -DXorriso_allow_launch_frontenD -DLibisofs_with_zliB -DDEBUG -g -pedantic -Wall -Wextra -Wno-unused-parameter -Wno-char-subscripts -O2 -m64 -march=x86-64 -mtune=generic -flto=auto -ffat-lto-objects -o test/compare_file test/test_compare_file-compare_file.o  -lz -lacl -lreadline
mv -f xorriso/.deps/xorriso_make_xorriso_1-make_xorriso_1.Tpo xorriso/.deps/xorriso_make_xorriso_1-make_xorriso_1.Po
/bin/sh ./libtool  --tag=CC   --mode=link x86_64-unknown-linux-gnu-gcc  -DXorriso_with_readlinE -DLibisofs_with_aaip_acL  -DXorriso_allow_external_filterS  -DXorriso_allow_launch_frontenD  -DLibisofs_with_zliB   -DDEBUG -g -pedantic -Wall -Wextra -Wno-unused-parameter -Wno-char-subscripts -O2 -m64 -march=x86-64 -mtune=generic -flto=auto -ffat-lto-objects   -o xorriso/make_xorriso_1 xorriso/xorriso_make_xorriso_1-make_xorriso_1.o  -lz -lacl  -lreadline
libtool: link: x86_64-unknown-linux-gnu-gcc -DXorriso_with_readlinE -DLibisofs_with_aaip_acL -DXorriso_allow_external_filterS -DXorriso_allow_launch_frontenD -DLibisofs_with_zliB -DDEBUG -g -pedantic -Wall -Wextra -Wno-unused-parameter -Wno-char-subscripts -O2 -m64 -march=x86-64 -mtune=generic -flto=auto -ffat-lto-objects -o xorriso/make_xorriso_1 xorriso/xorriso_make_xorriso_1-make_xorriso_1.o  -lz -lacl -lreadline
xorriso/drive_mgt.c: In function 'Xorriso_atip':
xorriso/drive_mgt.c:2235:34: warning: '%s' directive argument is null [-Wformat-overflow=]
 2235 |    sprintf(respt, "Manufacturer: %s\n", manuf);
      |                                  ^~
/bin/sh ./libtool  --tag=CC   --mode=link x86_64-unknown-linux-gnu-gcc  -DXorriso_with_readlinE -DLibisofs_with_aaip_acL  -DXorriso_allow_external_filterS  -DXorriso_allow_launch_frontenD  -DLibisofs_with_zliB   -DDEBUG -g -pedantic -Wall -Wextra -Wno-unused-parameter -Wno-char-subscripts -O2 -m64 -march=x86-64 -mtune=generic -flto=auto -ffat-lto-objects -version-info 114:0:113 -Wl,--version-script=./libisoburn/libisoburn.ver  -o libisoburn/libisoburn.la -rpath /usr/lib libisoburn/burn_wrap.lo libisoburn/data_source.lo libisoburn/isoburn.lo libisoburn/isofs_wrap.lo xorriso/sfile.lo xorriso/aux_objects.lo xorriso/findjob.lo xorriso/check_media.lo xorriso/misc_funct.lo xorriso/text_io.lo xorriso/match.lo xorriso/emulators.lo xorriso/disk_ops.lo xorriso/cmp_update.lo xorriso/parse_exec.lo xorriso/opts_a_c.lo xorriso/opts_d_h.lo xorriso/opts_i_o.lo xorriso/opts_p_z.lo xorriso/base_obj.lo xorriso/lib_mgt.lo xorriso/sort_cmp.lo xorriso/drive_mgt.lo xorriso/iso_img.lo xorriso/iso_tree.lo xorriso/iso_manip.lo xorriso/write_run.lo xorriso/read_run.lo xorriso/filters.lo -lpthread -lisofs -lburn -lz -lacl  -lreadline
libtool: link: x86_64-unknown-linux-gnu-gcc -shared  -fPIC -DPIC  libisoburn/.libs/burn_wrap.o libisoburn/.libs/data_source.o libisoburn/.libs/isoburn.o libisoburn/.libs/isofs_wrap.o xorriso/.libs/sfile.o xorriso/.libs/aux_objects.o xorriso/.libs/findjob.o xorriso/.libs/check_media.o xorriso/.libs/misc_funct.o xorriso/.libs/text_io.o xorriso/.libs/match.o xorriso/.libs/emulators.o xorriso/.libs/disk_ops.o xorriso/.libs/cmp_update.o xorriso/.libs/parse_exec.o xorriso/.libs/opts_a_c.o xorriso/.libs/opts_d_h.o xorriso/.libs/opts_i_o.o xorriso/.libs/opts_p_z.o xorriso/.libs/base_obj.o xorriso/.libs/lib_mgt.o xorriso/.libs/sort_cmp.o xorriso/.libs/drive_mgt.o xorriso/.libs/iso_img.o xorriso/.libs/iso_tree.o xorriso/.libs/iso_manip.o xorriso/.libs/write_run.o xorriso/.libs/read_run.o xorriso/.libs/filters.o   -lpthread -lisofs -lburn -lz -lacl -lreadline  -O2 -m64 -march=x86-64 -mtune=generic -flto=auto -Wl,--version-script=./libisoburn/libisoburn.ver   -Wl,-soname -Wl,libisoburn.so.1 -o libisoburn/.libs/libisoburn.so.1.113.0
libtool: link: (cd "libisoburn/.libs" && rm -f "libisoburn.so.1" && ln -s "libisoburn.so.1.113.0" "libisoburn.so.1")
libtool: link: (cd "libisoburn/.libs" && rm -f "libisoburn.so" && ln -s "libisoburn.so.1.113.0" "libisoburn.so")
libtool: link: ( cd "libisoburn/.libs" && rm -f "libisoburn.la" && ln -s "../libisoburn.la" "libisoburn.la" )
/bin/sh ./libtool  --tag=CC   --mode=link x86_64-unknown-linux-gnu-gcc  -DXorriso_with_readlinE -DLibisofs_with_aaip_acL  -DXorriso_allow_external_filterS  -DXorriso_allow_launch_frontenD  -DLibisofs_with_zliB   -DDEBUG -g -pedantic -Wall -Wextra -Wno-unused-parameter -Wno-char-subscripts -O2 -m64 -march=x86-64 -mtune=generic -flto=auto -ffat-lto-objects   -o xorriso/xorriso xorriso/xorriso_xorriso-xorriso_main.o libisoburn/libisoburn.la -lisofs -lburn -lpthread  -lz -lacl  -lreadline
libtool: link: x86_64-unknown-linux-gnu-gcc -DXorriso_with_readlinE -DLibisofs_with_aaip_acL -DXorriso_allow_external_filterS -DXorriso_allow_launch_frontenD -DLibisofs_with_zliB -DDEBUG -g -pedantic -Wall -Wextra -Wno-unused-parameter -Wno-char-subscripts -O2 -m64 -march=x86-64 -mtune=generic -flto=auto -ffat-lto-objects -o xorriso/.libs/xorriso xorriso/xorriso_xorriso-xorriso_main.o  libisoburn/.libs/libisoburn.so -lisofs -lburn -lpthread -lz -lacl -lreadline
+ make DESTDIR=/home/devel/building/work/pkg install
make[1]: Entering directory '/home/devel/building/work/src/libisoburn-1.5.6'
 /bin/mkdir -p '/home/devel/building/work/pkg/usr/lib'
if [ -f ./doc/doc.lock ]; then \
	/bin/sh /home/devel/building/work/src/libisoburn-1.5.6/install-sh -d /home/devel/building/work/pkg/usr/share/doc/libisoburn-1.5.6/html; \
	/usr/bin/install -c -m 644 doc/html/* /home/devel/building/work/pkg/usr/share/doc/libisoburn-1.5.6/html; \
fi
 /bin/mkdir -p '/home/devel/building/work/pkg/usr/bin'
 /bin/sh ./libtool   --mode=install /usr/bin/install -c   libisoburn/libisoburn.la '/home/devel/building/work/pkg/usr/lib'
 /bin/mkdir -p '/home/devel/building/work/pkg/usr/include/libisoburn'
 /bin/mkdir -p '/home/devel/building/work/pkg/usr/share/info'
 /usr/bin/install -c frontend/xorriso-tcltk xorriso-dd-target/xorriso-dd-target '/home/devel/building/work/pkg/usr/bin'
 /usr/bin/install -c -m 644 libisoburn/libisoburn.h xorriso/xorriso.h '/home/devel/building/work/pkg/usr/include/libisoburn'
libtool: install: /usr/bin/install -c libisoburn/.libs/libisoburn.so.1.113.0 /home/devel/building/work/pkg/usr/lib/libisoburn.so.1.113.0
 /bin/mkdir -p '/home/devel/building/work/pkg/usr/share/man/man1'
 /bin/mkdir -p '/home/devel/building/work/pkg/usr/lib/pkgconfig'
libtool: install: (cd /home/devel/building/work/pkg/usr/lib && { ln -s -f libisoburn.so.1.113.0 libisoburn.so.1 || { rm -f libisoburn.so.1 && ln -s libisoburn.so.1.113.0 libisoburn.so.1; }; })
libtool: install: (cd /home/devel/building/work/pkg/usr/lib && { ln -s -f libisoburn.so.1.113.0 libisoburn.so || { rm -f libisoburn.so && ln -s libisoburn.so.1.113.0 libisoburn.so; }; })
libtool: install: /usr/bin/install -c libisoburn/.libs/libisoburn.lai /home/devel/building/work/pkg/usr/lib/libisoburn.la
libtool: install: warning: remember to run `libtool --finish /usr/lib'
 /bin/mkdir -p '/home/devel/building/work/pkg/usr/bin'
 /usr/bin/install -c -m 644 libisoburn-1.pc '/home/devel/building/work/pkg/usr/lib/pkgconfig'
 /usr/bin/install -c -m 644 xorriso/xorriso.1 xorriso/xorrisofs.1 xorriso/xorrecord.1 xorriso/xorriso-tcltk.1 xorriso-dd-target/xorriso-dd-target.1 '/home/devel/building/work/pkg/usr/share/man/man1'
  /bin/sh ./libtool   --mode=install /usr/bin/install -c xorriso/xorriso '/home/devel/building/work/pkg/usr/bin'
libtool: install: warning: `libisoburn/libisoburn.la' has not been installed in `/usr/lib'
libtool: install: /usr/bin/install -c xorriso/.libs/xorriso /home/devel/building/work/pkg/usr/bin/xorriso
make  install-exec-hook
 /usr/bin/install -c -m 644 ./xorriso/xorriso.info ./xorriso/xorrisofs.info ./xorriso/xorrecord.info ./xorriso/xorriso-tcltk.info ./xorriso-dd-target/xorriso-dd-target.info '/home/devel/building/work/pkg/usr/share/info'
make[2]: Entering directory '/home/devel/building/work/src/libisoburn-1.5.6'
if test -e "/home/devel/building/work/pkg/usr/bin"/xorrisofs ; then rm "/home/devel/building/work/pkg/usr/bin"/xorrisofs ; else echo ; fi

ln -s xorriso "/home/devel/building/work/pkg/usr/bin"/xorrisofs
if test -e "/home/devel/building/work/pkg/usr/bin"/osirrox ; then rm "/home/devel/building/work/pkg/usr/bin"/osirrox ; else echo ; fi

ln -s xorriso "/home/devel/building/work/pkg/usr/bin"/osirrox
if test -e "/home/devel/building/work/pkg/usr/bin"/xorrecord ; then rm "/home/devel/building/work/pkg/usr/bin"/xorrecord ; else echo ; fi

ln -s xorriso "/home/devel/building/work/pkg/usr/bin"/xorrecord
 install-info --info-dir='/home/devel/building/work/pkg/usr/share/info' '/home/devel/building/work/pkg/usr/share/info/xorriso.info'
ldconfig "/home/devel/building/work/pkg/usr/lib" || echo 'NOTE: Explicit dynamic library configuration failed. If needed, configure manually for:' "/home/devel/building/work/pkg/usr/lib"
 install-info --info-dir='/home/devel/building/work/pkg/usr/share/info' '/home/devel/building/work/pkg/usr/share/info/xorrisofs.info'
 install-info --info-dir='/home/devel/building/work/pkg/usr/share/info' '/home/devel/building/work/pkg/usr/share/info/xorrecord.info'
 install-info --info-dir='/home/devel/building/work/pkg/usr/share/info' '/home/devel/building/work/pkg/usr/share/info/xorriso-tcltk.info'
 install-info --info-dir='/home/devel/building/work/pkg/usr/share/info' '/home/devel/building/work/pkg/usr/share/info/xorriso-dd-target.info'
make[2]: Leaving directory '/home/devel/building/work/src/libisoburn-1.5.6'
make[1]: Leaving directory '/home/devel/building/work/src/libisoburn-1.5.6'
+ ln -s xorriso /home/devel/building/work/pkg/usr/bin/mkisofs
+ rm /home/devel/building/work/pkg/usr/bin/xorriso-tcltk
+ find /home/devel/building/work/pkg -type f -name '*.la' -delete
=======> Build result:
drwxr-xr-x  0 root   root        0 Feb  1 18:13 usr/
drwxr-xr-x  0 root   root        0 Feb  1 18:13 usr/lib/
drwxr-xr-x  0 root   root        0 Feb  1 18:13 usr/bin/
drwxr-xr-x  0 root   root        0 Feb  1 18:13 usr/include/
drwxr-xr-x  0 root   root        0 Feb  1 18:13 usr/share/
drwxr-xr-x  0 root   root        0 Feb  1 18:13 usr/share/info/
drwxr-xr-x  0 root   root        0 Feb  1 18:13 usr/share/man/
drwxr-xr-x  0 root   root        0 Feb  1 18:13 usr/share/man/man1/
-rw-r--r--  0 root   root    92001 Feb  1 18:13 usr/share/man/man1/xorriso.1.gz
-rw-r--r--  0 root   root    28455 Feb  1 18:13 usr/share/man/man1/xorrisofs.1.gz
-rw-r--r--  0 root   root    13274 Feb  1 18:13 usr/share/man/man1/xorrecord.1.gz
-rw-r--r--  0 root   root     2217 Feb  1 18:13 usr/share/man/man1/xorriso-tcltk.1.gz
-rw-r--r--  0 root   root     6625 Feb  1 18:13 usr/share/man/man1/xorriso-dd-target.1.gz
-rw-r--r--  0 root   root   339694 Feb  1 18:13 usr/share/info/xorriso.info
-rw-r--r--  0 root   root   126438 Feb  1 18:13 usr/share/info/xorrisofs.info
-rw-r--r--  0 root   root    49458 Feb  1 18:13 usr/share/info/xorrecord.info
-rw-r--r--  0 root   root     6703 Feb  1 18:13 usr/share/info/xorriso-tcltk.info
-rw-r--r--  0 root   root    22823 Feb  1 18:13 usr/share/info/xorriso-dd-target.info
-rw-r--r--  0 root   root     1014 Feb  1 18:13 usr/share/info/dir
drwxr-xr-x  0 root   root        0 Feb  1 18:13 usr/include/libisoburn/
-rw-r--r--  0 root   root   132354 Feb  1 18:13 usr/include/libisoburn/libisoburn.h
-rw-r--r--  0 root   root    94174 Feb  1 18:13 usr/include/libisoburn/xorriso.h
-rwxr-xr-x  0 root   root    29582 Feb  1 18:13 usr/bin/xorriso-dd-target
-rwxr-xr-x  0 root   root    14552 Feb  1 18:13 usr/bin/xorriso
lrwxrwxrwx  0 root   root        0 Feb  1 18:13 usr/bin/xorrisofs -> xorriso
lrwxrwxrwx  0 root   root        0 Feb  1 18:13 usr/bin/osirrox -> xorriso
lrwxrwxrwx  0 root   root        0 Feb  1 18:13 usr/bin/xorrecord -> xorriso
lrwxrwxrwx  0 root   root        0 Feb  1 18:13 usr/bin/mkisofs -> xorriso
-rwxr-xr-x  0 root   root   993040 Feb  1 18:13 usr/lib/libisoburn.so.1.113.0
drwxr-xr-x  0 root   root        0 Feb  1 18:13 usr/lib/pkgconfig/
lrwxrwxrwx  0 root   root        0 Feb  1 18:13 usr/lib/libisoburn.so.1 -> libisoburn.so.1.113.0
lrwxrwxrwx  0 root   root        0 Feb  1 18:13 usr/lib/libisoburn.so -> libisoburn.so.1.113.0
-rw-r--r--  0 root   root      267 Feb  1 18:13 usr/lib/pkgconfig/libisoburn-1.pc
=======> Building '/home/devel/packages/libisoburn#1.5.6-1.x86_64.pkg.tar.zst' succeeded.
prt-get: Using PKGMK_PACKAGE_DIR: /home/devel/packages
prt-get: reinstalling libisoburn 1.5.6-1
prt-get: /usr/bin/pkgadd -u libisoburn#1.5.6-1.x86_64.pkg.tar.zst
prt-get: build done Thu Feb  1 18:13:41 2024

