prt-get: updating /usr/ports/wayland-x86_64/libinput
prt-get: starting build Thu Feb  1 18:13:28 2024
=======> Building '/home/devel/packages/libinput#1.25.0-1.x86_64.pkg.tar.zst'.
bsdtar -p -o -C /home/devel/building/work/src -xf /home/devel/sources/libinput-1.25.0.tar.bz2
+ build
+ cd libinput-1.25.0
+ build-meson -Ddebug-gui=false -Ddocumentation=false -Dtests=false -Dlibwacom=false -Dudev-dir=/lib/udev -Dzshcompletiondir=no . build
The Meson build system
Version: 1.3.1
Source dir: /home/devel/building/work/src/libinput-1.25.0
Build dir: /home/devel/building/work/src/libinput-1.25.0/build
Build type: native build
Project name: libinput
Project version: 1.25.0
C compiler for the host machine: cc (gcc 13.2.0 "cc (SAUX-x86_64) 13.2.0")
C linker for the host machine: cc ld.bfd 2.42
Host machine cpu family: x86_64
Host machine cpu: x86_64
Compiler for C supports arguments -Wno-unused-parameter: YES 
Compiler for C supports arguments -Wmissing-prototypes: YES 
Compiler for C supports arguments -Wstrict-prototypes: YES 
Compiler for C supports arguments -Wundef: YES 
Compiler for C supports arguments -Wlogical-op: YES 
Compiler for C supports arguments -Wpointer-arith: YES 
Compiler for C supports arguments -Wuninitialized: YES 
Compiler for C supports arguments -Winit-self: YES 
Compiler for C supports arguments -Wstrict-prototypes: YES (cached)
Compiler for C supports arguments -Wimplicit-fallthrough: YES 
Compiler for C supports arguments -Wredundant-decls: YES 
Compiler for C supports arguments -Wincompatible-pointer-types: YES 
Compiler for C supports arguments -Wformat=2: YES 
Compiler for C supports arguments -Wno-missing-field-initializers: YES 
Compiler for C supports arguments -Wmissing-declarations: YES 
Compiler for C supports arguments -fvisibility=hidden: YES 
Fetching value of define "static_assert" : _Static_assert 
Header "dirent.h" has symbol "versionsort" : YES 
Header "errno.h" has symbol "program_invocation_short_name" : YES 
Has header "xlocale.h" : NO 
Checking if "locale.h" : links: YES 
Header "sys/ptrace.h" has symbol "PTRACE_ATTACH" : YES 
Found pkg-config: YES (/usr/bin/pkg-config) 2.1.0
Run-time dependency libudev found: YES 251
Run-time dependency mtdev found: YES 1.1.6
Run-time dependency libevdev found: YES 1.13.0
Library m found: YES
Library rt found: YES
Configuring 80-libinput-device-groups.rules using configuration
Configuring 90-libinput-fuzz-override.rules using configuration
Configuring 80-libinput-device-groups-litest.rules using configuration
Configuring 90-libinput-fuzz-override-litest.rules using configuration
Header "sys/epoll.h" has symbol "epoll_create1" : YES 
Configuring test-util-includes-util-bits.h.c using configuration
Configuring test-util-includes-util-input-event.h.c using configuration
Configuring test-util-includes-util-list.h.c using configuration
Configuring test-util-includes-util-macros.h.c using configuration
Configuring test-util-includes-util-matrix.h.c using configuration
Configuring test-util-includes-util-prop-parsers.h.c using configuration
Configuring test-util-includes-util-ratelimit.h.c using configuration
Configuring test-util-includes-util-strings.h.c using configuration
Configuring test-util-includes-util-time.h.c using configuration
Configuring libinput-version.h using configuration
Program test/test_quirks_files.py found: YES (/home/devel/building/work/src/libinput-1.25.0/test/test_quirks_files.py)
Program test/helper-copy-and-exec-from-tmp.sh found: YES (/home/devel/building/work/src/libinput-1.25.0/test/helper-copy-and-exec-from-tmp.sh)
Program test/symbols-leak-test found: YES (/home/devel/building/work/src/libinput-1.25.0/test/symbols-leak-test)
C++ compiler for the host machine: c++ (gcc 13.2.0 "c++ (SAUX-x86_64) 13.2.0")
C++ linker for the host machine: c++ ld.bfd 2.42
Configuring libinput.1 using configuration
Configuring libinput-analyze.1 using configuration
Configuring libinput-analyze-per-slot-delta.1 using configuration
Configuring libinput-analyze-recording.1 using configuration
Configuring libinput-analyze-touch-down-state.1 using configuration
Configuring libinput-debug-events.1 using configuration
Configuring libinput-debug-tablet.1 using configuration
Configuring libinput-list-devices.1 using configuration
Configuring libinput-list-kernel-devices.1 using configuration
Configuring libinput-measure.1 using configuration
Configuring libinput-measure-fuzz.1 using configuration
Configuring libinput-measure-touchpad-size.1 using configuration
Configuring libinput-measure-touchpad-tap.1 using configuration
Configuring libinput-measure-touchpad-pressure.1 using configuration
Configuring libinput-measure-touch-size.1 using configuration
Configuring libinput-quirks.1 using configuration
Configuring libinput-record.1 using configuration
Configuring libinput-replay.1 using configuration
Configuring libinput-test.1 using configuration
Configuring libinput-quirks-list.1 using configuration
Configuring libinput-quirks-validate.1 using configuration
Configuring config.h using configuration
Build targets in project: 33
NOTICE: Future-deprecated features used:
 * 0.64.0: {'copy arg in configure_file'}

libinput 1.25.0

  User defined options
    auto_features     : auto
    bindir            : /usr/bin
    buildtype         : plain
    datadir           : /usr/share
    includedir        : /usr/include
    libdir            : /usr/lib
    libexecdir        : /usr/lib
    localstatedir     : /var
    mandir            : /usr/share/man
    prefix            : /usr
    sbindir           : /usr/sbin
    sharedstatedir    : /var/lib
    sysconfdir        : /etc
    werror            : false
    wrap_mode         : nodownload
    python.bytecompile: 0
    b_lto             : false
    b_pie             : true
    b_staticpic       : true
    debug-gui         : false
    documentation     : false
    libwacom          : false
    tests             : false
    udev-dir          : /lib/udev
    zshcompletiondir  : no

Found ninja-1.9 at /usr/bin/ninja
+ meson compile -j 8 -v -C build
ninja: entering directory '/home/devel/building/work/src/libinput-1.25.0/build'
[1/111] cc -Ilibinput-test.p -I. -I.. -I../src -I../include -I/usr/include/libevdev-1.0 -fdiagnostics-color=always -D_FILE_OFFSET_BITS=64 -Wall -Winvalid-pch -Wextra -std=gnu99 -Wno-unused-parameter -Wmissing-prototypes -Wstrict-prototypes -Wundef -Wlogical-op -Wpointer-arith -Wuninitialized -Winit-self -Wstrict-prototypes -Wimplicit-fallthrough -Wredundant-decls -Wincompatible-pointer-types -Wformat=2 -Wno-missing-field-initializers -Wmissing-declarations -fvisibility=hidden -O2 -m64 -march=x86-64 -mtune=generic -flto=auto -ffat-lto-objects -fPIE -MD -MQ libinput-test.p/tools_libinput-test.c.o -MF libinput-test.p/tools_libinput-test.c.o.d -o libinput-test.p/tools_libinput-test.c.o -c ../tools/libinput-test.c
[2/111] c++ -Itest-build-cxx.p -I. -I.. -I../src -I../include -fdiagnostics-color=always -D_FILE_OFFSET_BITS=64 -Wall -Winvalid-pch -Wextra -O2 -m64 -march=x86-64 -mtune=generic -flto=auto -ffat-lto-objects -fPIE -MD -MQ test-build-cxx.p/test_build-cxx.cc.o -MF test-build-cxx.p/test_build-cxx.cc.o.d -o test-build-cxx.p/test_build-cxx.cc.o -c ../test/build-cxx.cc
[3/111] cc -Itest-build-linker.p -I. -I.. -I../src -I../include -I/usr/include/libevdev-1.0 -fdiagnostics-color=always -D_FILE_OFFSET_BITS=64 -Wall -Winvalid-pch -Wextra -std=gnu99 -Wno-unused-parameter -Wmissing-prototypes -Wstrict-prototypes -Wundef -Wlogical-op -Wpointer-arith -Wuninitialized -Winit-self -Wstrict-prototypes -Wimplicit-fallthrough -Wredundant-decls -Wincompatible-pointer-types -Wformat=2 -Wno-missing-field-initializers -Wmissing-declarations -fvisibility=hidden -O2 -m64 -march=x86-64 -mtune=generic -flto=auto -ffat-lto-objects -fPIE -MD -MQ test-build-linker.p/test_build-pedantic.c.o -MF test-build-linker.p/test_build-pedantic.c.o.d -o test-build-linker.p/test_build-pedantic.c.o -c ../test/build-pedantic.c
[4/111] cc -Itest-build-std-gnuc90.p -I. -I.. -I../src -I../include -fdiagnostics-color=always -D_FILE_OFFSET_BITS=64 -Wall -Winvalid-pch -Wextra -std=gnu99 -Wno-unused-parameter -Wmissing-prototypes -Wstrict-prototypes -Wundef -Wlogical-op -Wpointer-arith -Wuninitialized -Winit-self -Wstrict-prototypes -Wimplicit-fallthrough -Wredundant-decls -Wincompatible-pointer-types -Wformat=2 -Wno-missing-field-initializers -Wmissing-declarations -fvisibility=hidden -O2 -m64 -march=x86-64 -mtune=generic -flto=auto -ffat-lto-objects -fPIE -std=gnu89 -Werror -MD -MQ test-build-std-gnuc90.p/test_build-pedantic.c.o -MF test-build-std-gnuc90.p/test_build-pedantic.c.o.d -o test-build-std-gnuc90.p/test_build-pedantic.c.o -c ../test/build-pedantic.c
[5/111] cc -Itest-build-pedantic.p -I. -I.. -I../src -I../include -fdiagnostics-color=always -D_FILE_OFFSET_BITS=64 -Wall -Winvalid-pch -Wextra -std=gnu99 -Wno-unused-parameter -Wmissing-prototypes -Wstrict-prototypes -Wundef -Wlogical-op -Wpointer-arith -Wuninitialized -Winit-self -Wstrict-prototypes -Wimplicit-fallthrough -Wredundant-decls -Wincompatible-pointer-types -Wformat=2 -Wno-missing-field-initializers -Wmissing-declarations -fvisibility=hidden -O2 -m64 -march=x86-64 -mtune=generic -flto=auto -ffat-lto-objects -fPIE -std=c99 -pedantic -Werror -MD -MQ test-build-pedantic.p/test_build-pedantic.c.o -MF test-build-pedantic.p/test_build-pedantic.c.o.d -o test-build-pedantic.p/test_build-pedantic.c.o -c ../test/build-pedantic.c
[6/111] cc -Iptraccel-debug.p -I. -I.. -I../src -I../include -I/usr/include/libevdev-1.0 -fdiagnostics-color=always -D_FILE_OFFSET_BITS=64 -Wall -Winvalid-pch -Wextra -std=gnu99 -Wno-unused-parameter -Wmissing-prototypes -Wstrict-prototypes -Wundef -Wlogical-op -Wpointer-arith -Wuninitialized -Winit-self -Wstrict-prototypes -Wimplicit-fallthrough -Wredundant-decls -Wincompatible-pointer-types -Wformat=2 -Wno-missing-field-initializers -Wmissing-declarations -fvisibility=hidden -O2 -m64 -march=x86-64 -mtune=generic -flto=auto -ffat-lto-objects -fPIE -MD -MQ ptraccel-debug.p/tools_ptraccel-debug.c.o -MF ptraccel-debug.p/tools_ptraccel-debug.c.o.d -o ptraccel-debug.p/tools_ptraccel-debug.c.o -c ../tools/ptraccel-debug.c
[7/111] cc -Ilibinput.p -I. -I.. -I../src -I../include -I/usr/include/libevdev-1.0 -fdiagnostics-color=always -D_FILE_OFFSET_BITS=64 -Wall -Winvalid-pch -Wextra -std=gnu99 -Wno-unused-parameter -Wmissing-prototypes -Wstrict-prototypes -Wundef -Wlogical-op -Wpointer-arith -Wuninitialized -Winit-self -Wstrict-prototypes -Wimplicit-fallthrough -Wredundant-decls -Wincompatible-pointer-types -Wformat=2 -Wno-missing-field-initializers -Wmissing-declarations -fvisibility=hidden -O2 -m64 -march=x86-64 -mtune=generic -flto=auto -ffat-lto-objects -fPIE -MD -MQ libinput.p/tools_libinput-tool.c.o -MF libinput.p/tools_libinput-tool.c.o.d -o libinput.p/tools_libinput-tool.c.o -c ../tools/libinput-tool.c
[8/111] cc -Ilibinput-analyze.p -I. -I.. -I../src -I../include -I/usr/include/libevdev-1.0 -fdiagnostics-color=always -D_FILE_OFFSET_BITS=64 -Wall -Winvalid-pch -Wextra -std=gnu99 -Wno-unused-parameter -Wmissing-prototypes -Wstrict-prototypes -Wundef -Wlogical-op -Wpointer-arith -Wuninitialized -Winit-self -Wstrict-prototypes -Wimplicit-fallthrough -Wredundant-decls -Wincompatible-pointer-types -Wformat=2 -Wno-missing-field-initializers -Wmissing-declarations -fvisibility=hidden -O2 -m64 -march=x86-64 -mtune=generic -flto=auto -ffat-lto-objects -fPIE -MD -MQ libinput-analyze.p/tools_libinput-analyze.c.o -MF libinput-analyze.p/tools_libinput-analyze.c.o.d -o libinput-analyze.p/tools_libinput-analyze.c.o -c ../tools/libinput-analyze.c
[9/111] cc  -o test-build-std-gnuc90 test-build-std-gnuc90.p/test_build-pedantic.c.o -Wl,--as-needed -Wl,--no-undefined -pie -O2 -m64 -march=x86-64 -mtune=generic -flto=auto -ffat-lto-objects -Wl,--start-group /usr/lib/libudev.so -lrt -Wl,--end-group
[10/111] cc -Ilibinput-measure.p -I. -I.. -I../src -I../include -I/usr/include/libevdev-1.0 -fdiagnostics-color=always -D_FILE_OFFSET_BITS=64 -Wall -Winvalid-pch -Wextra -std=gnu99 -Wno-unused-parameter -Wmissing-prototypes -Wstrict-prototypes -Wundef -Wlogical-op -Wpointer-arith -Wuninitialized -Winit-self -Wstrict-prototypes -Wimplicit-fallthrough -Wredundant-decls -Wincompatible-pointer-types -Wformat=2 -Wno-missing-field-initializers -Wmissing-declarations -fvisibility=hidden -O2 -m64 -march=x86-64 -mtune=generic -flto=auto -ffat-lto-objects -fPIE -MD -MQ libinput-measure.p/tools_libinput-measure.c.o -MF libinput-measure.p/tools_libinput-measure.c.o.d -o libinput-measure.p/tools_libinput-measure.c.o -c ../tools/libinput-measure.c
[11/111] c++  -o test-build-cxx test-build-cxx.p/test_build-cxx.cc.o -Wl,--as-needed -Wl,--no-undefined -pie -O2 -m64 -march=x86-64 -mtune=generic -flto=auto -ffat-lto-objects -Wl,--start-group /usr/lib/libudev.so -lrt -Wl,--end-group
[12/111] cc  -o test-build-pedantic test-build-pedantic.p/test_build-pedantic.c.o -Wl,--as-needed -Wl,--no-undefined -pie -O2 -m64 -march=x86-64 -mtune=generic -flto=auto -ffat-lto-objects -Wl,--start-group /usr/lib/libudev.so -lrt -Wl,--end-group
[13/111] cc -Ilibinput-debug-tablet.p -I. -I.. -I../src -I../include -I/usr/include/libevdev-1.0 -fdiagnostics-color=always -D_FILE_OFFSET_BITS=64 -Wall -Winvalid-pch -Wextra -std=gnu99 -Wno-unused-parameter -Wmissing-prototypes -Wstrict-prototypes -Wundef -Wlogical-op -Wpointer-arith -Wuninitialized -Winit-self -Wstrict-prototypes -Wimplicit-fallthrough -Wredundant-decls -Wincompatible-pointer-types -Wformat=2 -Wno-missing-field-initializers -Wmissing-declarations -fvisibility=hidden -O2 -m64 -march=x86-64 -mtune=generic -flto=auto -ffat-lto-objects -fPIE -MD -MQ libinput-debug-tablet.p/tools_libinput-debug-tablet.c.o -MF libinput-debug-tablet.p/tools_libinput-debug-tablet.c.o.d -o libinput-debug-tablet.p/tools_libinput-debug-tablet.c.o -c ../tools/libinput-debug-tablet.c
[14/111] cc -Ilibinput-debug-events.p -I. -I.. -I../src -I../include -I/usr/include/libevdev-1.0 -fdiagnostics-color=always -D_FILE_OFFSET_BITS=64 -Wall -Winvalid-pch -Wextra -std=gnu99 -Wno-unused-parameter -Wmissing-prototypes -Wstrict-prototypes -Wundef -Wlogical-op -Wpointer-arith -Wuninitialized -Winit-self -Wstrict-prototypes -Wimplicit-fallthrough -Wredundant-decls -Wincompatible-pointer-types -Wformat=2 -Wno-missing-field-initializers -Wmissing-declarations -fvisibility=hidden -O2 -m64 -march=x86-64 -mtune=generic -flto=auto -ffat-lto-objects -fPIE -MD -MQ libinput-debug-events.p/tools_libinput-debug-events.c.o -MF libinput-debug-events.p/tools_libinput-debug-events.c.o.d -o libinput-debug-events.p/tools_libinput-debug-events.c.o -c ../tools/libinput-debug-events.c
[15/111] /usr/bin/meson --internal vcstagger ../src/libinput-git-version.h.in libinput-git-version.h unknown /home/devel/building/work/src/libinput-1.25.0 @VCS_TAG@ '(.*)' /usr/bin/git describe
[16/111] cc -Ilibfilter.a.p -I. -I.. -I../include -fdiagnostics-color=always -D_FILE_OFFSET_BITS=64 -Wall -Winvalid-pch -Wextra -std=gnu99 -Wno-unused-parameter -Wmissing-prototypes -Wstrict-prototypes -Wundef -Wlogical-op -Wpointer-arith -Wuninitialized -Winit-self -Wstrict-prototypes -Wimplicit-fallthrough -Wredundant-decls -Wincompatible-pointer-types -Wformat=2 -Wno-missing-field-initializers -Wmissing-declarations -fvisibility=hidden -O2 -m64 -march=x86-64 -mtune=generic -flto=auto -ffat-lto-objects -fPIC -MD -MQ libfilter.a.p/src_filter-trackpoint-flat.c.o -MF libfilter.a.p/src_filter-trackpoint-flat.c.o.d -o libfilter.a.p/src_filter-trackpoint-flat.c.o -c ../src/filter-trackpoint-flat.c
[17/111] cc -Ilibfilter.a.p -I. -I.. -I../include -fdiagnostics-color=always -D_FILE_OFFSET_BITS=64 -Wall -Winvalid-pch -Wextra -std=gnu99 -Wno-unused-parameter -Wmissing-prototypes -Wstrict-prototypes -Wundef -Wlogical-op -Wpointer-arith -Wuninitialized -Winit-self -Wstrict-prototypes -Wimplicit-fallthrough -Wredundant-decls -Wincompatible-pointer-types -Wformat=2 -Wno-missing-field-initializers -Wmissing-declarations -fvisibility=hidden -O2 -m64 -march=x86-64 -mtune=generic -flto=auto -ffat-lto-objects -fPIC -MD -MQ libfilter.a.p/src_filter-trackpoint.c.o -MF libfilter.a.p/src_filter-trackpoint.c.o.d -o libfilter.a.p/src_filter-trackpoint.c.o -c ../src/filter-trackpoint.c
[18/111] cc -Ilibfilter.a.p -I. -I.. -I../include -fdiagnostics-color=always -D_FILE_OFFSET_BITS=64 -Wall -Winvalid-pch -Wextra -std=gnu99 -Wno-unused-parameter -Wmissing-prototypes -Wstrict-prototypes -Wundef -Wlogical-op -Wpointer-arith -Wuninitialized -Winit-self -Wstrict-prototypes -Wimplicit-fallthrough -Wredundant-decls -Wincompatible-pointer-types -Wformat=2 -Wno-missing-field-initializers -Wmissing-declarations -fvisibility=hidden -O2 -m64 -march=x86-64 -mtune=generic -flto=auto -ffat-lto-objects -fPIC -MD -MQ libfilter.a.p/src_filter-tablet.c.o -MF libfilter.a.p/src_filter-tablet.c.o.d -o libfilter.a.p/src_filter-tablet.c.o -c ../src/filter-tablet.c
fatal: not a git repository (or any parent up to mount point /home/devel)
Stopping at filesystem boundary (GIT_DISCOVERY_ACROSS_FILESYSTEM not set).
[19/111] cc -Ilibinput-record.p -I. -I.. -I../src -I../include -I/usr/include/libevdev-1.0 -fdiagnostics-color=always -D_FILE_OFFSET_BITS=64 -Wall -Winvalid-pch -Wextra -std=gnu99 -Wno-unused-parameter -Wmissing-prototypes -Wstrict-prototypes -Wundef -Wlogical-op -Wpointer-arith -Wuninitialized -Winit-self -Wstrict-prototypes -Wimplicit-fallthrough -Wredundant-decls -Wincompatible-pointer-types -Wformat=2 -Wno-missing-field-initializers -Wmissing-declarations -fvisibility=hidden -O2 -m64 -march=x86-64 -mtune=generic -flto=auto -ffat-lto-objects -fPIE -MD -MQ libinput-record.p/tools_libinput-record.c.o -MF libinput-record.p/tools_libinput-record.c.o.d -o libinput-record.p/tools_libinput-record.c.o -c ../tools/libinput-record.c
[20/111] cc -Ilibfilter.a.p -I. -I.. -I../include -fdiagnostics-color=always -D_FILE_OFFSET_BITS=64 -Wall -Winvalid-pch -Wextra -std=gnu99 -Wno-unused-parameter -Wmissing-prototypes -Wstrict-prototypes -Wundef -Wlogical-op -Wpointer-arith -Wuninitialized -Winit-self -Wstrict-prototypes -Wimplicit-fallthrough -Wredundant-decls -Wincompatible-pointer-types -Wformat=2 -Wno-missing-field-initializers -Wmissing-declarations -fvisibility=hidden -O2 -m64 -march=x86-64 -mtune=generic -flto=auto -ffat-lto-objects -fPIC -MD -MQ libfilter.a.p/src_filter-touchpad-x230.c.o -MF libfilter.a.p/src_filter-touchpad-x230.c.o.d -o libfilter.a.p/src_filter-touchpad-x230.c.o -c ../src/filter-touchpad-x230.c
[21/111] cc -Ilibfilter.a.p -I. -I.. -I../include -fdiagnostics-color=always -D_FILE_OFFSET_BITS=64 -Wall -Winvalid-pch -Wextra -std=gnu99 -Wno-unused-parameter -Wmissing-prototypes -Wstrict-prototypes -Wundef -Wlogical-op -Wpointer-arith -Wuninitialized -Winit-self -Wstrict-prototypes -Wimplicit-fallthrough -Wredundant-decls -Wincompatible-pointer-types -Wformat=2 -Wno-missing-field-initializers -Wmissing-declarations -fvisibility=hidden -O2 -m64 -march=x86-64 -mtune=generic -flto=auto -ffat-lto-objects -fPIC -MD -MQ libfilter.a.p/src_filter-touchpad-flat.c.o -MF libfilter.a.p/src_filter-touchpad-flat.c.o.d -o libfilter.a.p/src_filter-touchpad-flat.c.o -c ../src/filter-touchpad-flat.c
[22/111] cc -Ilibfilter.a.p -I. -I.. -I../include -fdiagnostics-color=always -D_FILE_OFFSET_BITS=64 -Wall -Winvalid-pch -Wextra -std=gnu99 -Wno-unused-parameter -Wmissing-prototypes -Wstrict-prototypes -Wundef -Wlogical-op -Wpointer-arith -Wuninitialized -Winit-self -Wstrict-prototypes -Wimplicit-fallthrough -Wredundant-decls -Wincompatible-pointer-types -Wformat=2 -Wno-missing-field-initializers -Wmissing-declarations -fvisibility=hidden -O2 -m64 -march=x86-64 -mtune=generic -flto=auto -ffat-lto-objects -fPIC -MD -MQ libfilter.a.p/src_filter-touchpad.c.o -MF libfilter.a.p/src_filter-touchpad.c.o.d -o libfilter.a.p/src_filter-touchpad.c.o -c ../src/filter-touchpad.c
[23/111] cc -Ilibfilter.a.p -I. -I.. -I../include -fdiagnostics-color=always -D_FILE_OFFSET_BITS=64 -Wall -Winvalid-pch -Wextra -std=gnu99 -Wno-unused-parameter -Wmissing-prototypes -Wstrict-prototypes -Wundef -Wlogical-op -Wpointer-arith -Wuninitialized -Winit-self -Wstrict-prototypes -Wimplicit-fallthrough -Wredundant-decls -Wincompatible-pointer-types -Wformat=2 -Wno-missing-field-initializers -Wmissing-declarations -fvisibility=hidden -O2 -m64 -march=x86-64 -mtune=generic -flto=auto -ffat-lto-objects -fPIC -MD -MQ libfilter.a.p/src_filter-mouse.c.o -MF libfilter.a.p/src_filter-mouse.c.o.d -o libfilter.a.p/src_filter-mouse.c.o -c ../src/filter-mouse.c
[24/111] cc -Ilibfilter.a.p -I. -I.. -I../include -fdiagnostics-color=always -D_FILE_OFFSET_BITS=64 -Wall -Winvalid-pch -Wextra -std=gnu99 -Wno-unused-parameter -Wmissing-prototypes -Wstrict-prototypes -Wundef -Wlogical-op -Wpointer-arith -Wuninitialized -Winit-self -Wstrict-prototypes -Wimplicit-fallthrough -Wredundant-decls -Wincompatible-pointer-types -Wformat=2 -Wno-missing-field-initializers -Wmissing-declarations -fvisibility=hidden -O2 -m64 -march=x86-64 -mtune=generic -flto=auto -ffat-lto-objects -fPIC -MD -MQ libfilter.a.p/src_filter-low-dpi.c.o -MF libfilter.a.p/src_filter-low-dpi.c.o.d -o libfilter.a.p/src_filter-low-dpi.c.o -c ../src/filter-low-dpi.c
[25/111] cc -Ilibfilter.a.p -I. -I.. -I../include -fdiagnostics-color=always -D_FILE_OFFSET_BITS=64 -Wall -Winvalid-pch -Wextra -std=gnu99 -Wno-unused-parameter -Wmissing-prototypes -Wstrict-prototypes -Wundef -Wlogical-op -Wpointer-arith -Wuninitialized -Winit-self -Wstrict-prototypes -Wimplicit-fallthrough -Wredundant-decls -Wincompatible-pointer-types -Wformat=2 -Wno-missing-field-initializers -Wmissing-declarations -fvisibility=hidden -O2 -m64 -march=x86-64 -mtune=generic -flto=auto -ffat-lto-objects -fPIC -MD -MQ libfilter.a.p/src_filter-flat.c.o -MF libfilter.a.p/src_filter-flat.c.o.d -o libfilter.a.p/src_filter-flat.c.o -c ../src/filter-flat.c
[26/111] cc -Ilibfilter.a.p -I. -I.. -I../include -fdiagnostics-color=always -D_FILE_OFFSET_BITS=64 -Wall -Winvalid-pch -Wextra -std=gnu99 -Wno-unused-parameter -Wmissing-prototypes -Wstrict-prototypes -Wundef -Wlogical-op -Wpointer-arith -Wuninitialized -Winit-self -Wstrict-prototypes -Wimplicit-fallthrough -Wredundant-decls -Wincompatible-pointer-types -Wformat=2 -Wno-missing-field-initializers -Wmissing-declarations -fvisibility=hidden -O2 -m64 -march=x86-64 -mtune=generic -flto=auto -ffat-lto-objects -fPIC -MD -MQ libfilter.a.p/src_filter-custom.c.o -MF libfilter.a.p/src_filter-custom.c.o.d -o libfilter.a.p/src_filter-custom.c.o -c ../src/filter-custom.c
[27/111] cc -Ilibfilter.a.p -I. -I.. -I../include -fdiagnostics-color=always -D_FILE_OFFSET_BITS=64 -Wall -Winvalid-pch -Wextra -std=gnu99 -Wno-unused-parameter -Wmissing-prototypes -Wstrict-prototypes -Wundef -Wlogical-op -Wpointer-arith -Wuninitialized -Winit-self -Wstrict-prototypes -Wimplicit-fallthrough -Wredundant-decls -Wincompatible-pointer-types -Wformat=2 -Wno-missing-field-initializers -Wmissing-declarations -fvisibility=hidden -O2 -m64 -march=x86-64 -mtune=generic -flto=auto -ffat-lto-objects -fPIC -MD -MQ libfilter.a.p/src_filter.c.o -MF libfilter.a.p/src_filter.c.o.d -o libfilter.a.p/src_filter.c.o -c ../src/filter.c
[28/111] cc -Itest-build-util-time.h.p -I. -I.. -I../src -I../include -fdiagnostics-color=always -D_FILE_OFFSET_BITS=64 -Wall -Winvalid-pch -Wextra -std=gnu99 -Wno-unused-parameter -Wmissing-prototypes -Wstrict-prototypes -Wundef -Wlogical-op -Wpointer-arith -Wuninitialized -Winit-self -Wstrict-prototypes -Wimplicit-fallthrough -Wredundant-decls -Wincompatible-pointer-types -Wformat=2 -Wno-missing-field-initializers -Wmissing-declarations -fvisibility=hidden -O2 -m64 -march=x86-64 -mtune=generic -flto=auto -ffat-lto-objects -fPIE -MD -MQ test-build-util-time.h.p/meson-generated_.._test-util-includes-util-time.h.c.o -MF test-build-util-time.h.p/meson-generated_.._test-util-includes-util-time.h.c.o.d -o test-build-util-time.h.p/meson-generated_.._test-util-includes-util-time.h.c.o -c test-util-includes-util-time.h.c
[29/111] cc -Itest-build-util-strings.h.p -I. -I.. -I../src -I../include -fdiagnostics-color=always -D_FILE_OFFSET_BITS=64 -Wall -Winvalid-pch -Wextra -std=gnu99 -Wno-unused-parameter -Wmissing-prototypes -Wstrict-prototypes -Wundef -Wlogical-op -Wpointer-arith -Wuninitialized -Winit-self -Wstrict-prototypes -Wimplicit-fallthrough -Wredundant-decls -Wincompatible-pointer-types -Wformat=2 -Wno-missing-field-initializers -Wmissing-declarations -fvisibility=hidden -O2 -m64 -march=x86-64 -mtune=generic -flto=auto -ffat-lto-objects -fPIE -MD -MQ test-build-util-strings.h.p/meson-generated_.._test-util-includes-util-strings.h.c.o -MF test-build-util-strings.h.p/meson-generated_.._test-util-includes-util-strings.h.c.o.d -o test-build-util-strings.h.p/meson-generated_.._test-util-includes-util-strings.h.c.o -c test-util-includes-util-strings.h.c
[30/111] cc -Itest-build-util-ratelimit.h.p -I. -I.. -I../src -I../include -fdiagnostics-color=always -D_FILE_OFFSET_BITS=64 -Wall -Winvalid-pch -Wextra -std=gnu99 -Wno-unused-parameter -Wmissing-prototypes -Wstrict-prototypes -Wundef -Wlogical-op -Wpointer-arith -Wuninitialized -Winit-self -Wstrict-prototypes -Wimplicit-fallthrough -Wredundant-decls -Wincompatible-pointer-types -Wformat=2 -Wno-missing-field-initializers -Wmissing-declarations -fvisibility=hidden -O2 -m64 -march=x86-64 -mtune=generic -flto=auto -ffat-lto-objects -fPIE -MD -MQ test-build-util-ratelimit.h.p/meson-generated_.._test-util-includes-util-ratelimit.h.c.o -MF test-build-util-ratelimit.h.p/meson-generated_.._test-util-includes-util-ratelimit.h.c.o.d -o test-build-util-ratelimit.h.p/meson-generated_.._test-util-includes-util-ratelimit.h.c.o -c test-util-includes-util-ratelimit.h.c
[31/111] cc  -o test-build-util-time.h test-build-util-time.h.p/meson-generated_.._test-util-includes-util-time.h.c.o -Wl,--as-needed -Wl,--no-undefined -pie -O2 -m64 -march=x86-64 -mtune=generic -flto=auto -ffat-lto-objects
[32/111] cc  -o test-build-util-ratelimit.h test-build-util-ratelimit.h.p/meson-generated_.._test-util-includes-util-ratelimit.h.c.o -Wl,--as-needed -Wl,--no-undefined -pie -O2 -m64 -march=x86-64 -mtune=generic -flto=auto -ffat-lto-objects
[33/111] cc -Itest-build-util-prop-parsers.h.p -I. -I.. -I../src -I../include -fdiagnostics-color=always -D_FILE_OFFSET_BITS=64 -Wall -Winvalid-pch -Wextra -std=gnu99 -Wno-unused-parameter -Wmissing-prototypes -Wstrict-prototypes -Wundef -Wlogical-op -Wpointer-arith -Wuninitialized -Winit-self -Wstrict-prototypes -Wimplicit-fallthrough -Wredundant-decls -Wincompatible-pointer-types -Wformat=2 -Wno-missing-field-initializers -Wmissing-declarations -fvisibility=hidden -O2 -m64 -march=x86-64 -mtune=generic -flto=auto -ffat-lto-objects -fPIE -MD -MQ test-build-util-prop-parsers.h.p/meson-generated_.._test-util-includes-util-prop-parsers.h.c.o -MF test-build-util-prop-parsers.h.p/meson-generated_.._test-util-includes-util-prop-parsers.h.c.o.d -o test-build-util-prop-parsers.h.p/meson-generated_.._test-util-includes-util-prop-parsers.h.c.o -c test-util-includes-util-prop-parsers.h.c
[34/111] cc -Itest-build-util-matrix.h.p -I. -I.. -I../src -I../include -fdiagnostics-color=always -D_FILE_OFFSET_BITS=64 -Wall -Winvalid-pch -Wextra -std=gnu99 -Wno-unused-parameter -Wmissing-prototypes -Wstrict-prototypes -Wundef -Wlogical-op -Wpointer-arith -Wuninitialized -Winit-self -Wstrict-prototypes -Wimplicit-fallthrough -Wredundant-decls -Wincompatible-pointer-types -Wformat=2 -Wno-missing-field-initializers -Wmissing-declarations -fvisibility=hidden -O2 -m64 -march=x86-64 -mtune=generic -flto=auto -ffat-lto-objects -fPIE -MD -MQ test-build-util-matrix.h.p/meson-generated_.._test-util-includes-util-matrix.h.c.o -MF test-build-util-matrix.h.p/meson-generated_.._test-util-includes-util-matrix.h.c.o.d -o test-build-util-matrix.h.p/meson-generated_.._test-util-includes-util-matrix.h.c.o -c test-util-includes-util-matrix.h.c
[35/111] cc  -o test-build-util-strings.h test-build-util-strings.h.p/meson-generated_.._test-util-includes-util-strings.h.c.o -Wl,--as-needed -Wl,--no-undefined -pie -O2 -m64 -march=x86-64 -mtune=generic -flto=auto -ffat-lto-objects
[36/111] cc  -o test-build-util-prop-parsers.h test-build-util-prop-parsers.h.p/meson-generated_.._test-util-includes-util-prop-parsers.h.c.o -Wl,--as-needed -Wl,--no-undefined -pie -O2 -m64 -march=x86-64 -mtune=generic -flto=auto -ffat-lto-objects
[37/111] cc -Itest-build-util-macros.h.p -I. -I.. -I../src -I../include -fdiagnostics-color=always -D_FILE_OFFSET_BITS=64 -Wall -Winvalid-pch -Wextra -std=gnu99 -Wno-unused-parameter -Wmissing-prototypes -Wstrict-prototypes -Wundef -Wlogical-op -Wpointer-arith -Wuninitialized -Winit-self -Wstrict-prototypes -Wimplicit-fallthrough -Wredundant-decls -Wincompatible-pointer-types -Wformat=2 -Wno-missing-field-initializers -Wmissing-declarations -fvisibility=hidden -O2 -m64 -march=x86-64 -mtune=generic -flto=auto -ffat-lto-objects -fPIE -MD -MQ test-build-util-macros.h.p/meson-generated_.._test-util-includes-util-macros.h.c.o -MF test-build-util-macros.h.p/meson-generated_.._test-util-includes-util-macros.h.c.o.d -o test-build-util-macros.h.p/meson-generated_.._test-util-includes-util-macros.h.c.o -c test-util-includes-util-macros.h.c
[38/111] cc  -o test-build-util-matrix.h test-build-util-matrix.h.p/meson-generated_.._test-util-includes-util-matrix.h.c.o -Wl,--as-needed -Wl,--no-undefined -pie -O2 -m64 -march=x86-64 -mtune=generic -flto=auto -ffat-lto-objects
[39/111] cc -Itest-build-util-list.h.p -I. -I.. -I../src -I../include -fdiagnostics-color=always -D_FILE_OFFSET_BITS=64 -Wall -Winvalid-pch -Wextra -std=gnu99 -Wno-unused-parameter -Wmissing-prototypes -Wstrict-prototypes -Wundef -Wlogical-op -Wpointer-arith -Wuninitialized -Winit-self -Wstrict-prototypes -Wimplicit-fallthrough -Wredundant-decls -Wincompatible-pointer-types -Wformat=2 -Wno-missing-field-initializers -Wmissing-declarations -fvisibility=hidden -O2 -m64 -march=x86-64 -mtune=generic -flto=auto -ffat-lto-objects -fPIE -MD -MQ test-build-util-list.h.p/meson-generated_.._test-util-includes-util-list.h.c.o -MF test-build-util-list.h.p/meson-generated_.._test-util-includes-util-list.h.c.o.d -o test-build-util-list.h.p/meson-generated_.._test-util-includes-util-list.h.c.o -c test-util-includes-util-list.h.c
[40/111] cc  -o test-build-util-macros.h test-build-util-macros.h.p/meson-generated_.._test-util-includes-util-macros.h.c.o -Wl,--as-needed -Wl,--no-undefined -pie -O2 -m64 -march=x86-64 -mtune=generic -flto=auto -ffat-lto-objects
[41/111] cc  -o test-build-util-list.h test-build-util-list.h.p/meson-generated_.._test-util-includes-util-list.h.c.o -Wl,--as-needed -Wl,--no-undefined -pie -O2 -m64 -march=x86-64 -mtune=generic -flto=auto -ffat-lto-objects
[42/111] cc -Itest-build-util-input-event.h.p -I. -I.. -I../src -I../include -fdiagnostics-color=always -D_FILE_OFFSET_BITS=64 -Wall -Winvalid-pch -Wextra -std=gnu99 -Wno-unused-parameter -Wmissing-prototypes -Wstrict-prototypes -Wundef -Wlogical-op -Wpointer-arith -Wuninitialized -Winit-self -Wstrict-prototypes -Wimplicit-fallthrough -Wredundant-decls -Wincompatible-pointer-types -Wformat=2 -Wno-missing-field-initializers -Wmissing-declarations -fvisibility=hidden -O2 -m64 -march=x86-64 -mtune=generic -flto=auto -ffat-lto-objects -fPIE -MD -MQ test-build-util-input-event.h.p/meson-generated_.._test-util-includes-util-input-event.h.c.o -MF test-build-util-input-event.h.p/meson-generated_.._test-util-includes-util-input-event.h.c.o.d -o test-build-util-input-event.h.p/meson-generated_.._test-util-includes-util-input-event.h.c.o -c test-util-includes-util-input-event.h.c
[43/111] cc -Itest-build-util-bits.h.p -I. -I.. -I../src -I../include -fdiagnostics-color=always -D_FILE_OFFSET_BITS=64 -Wall -Winvalid-pch -Wextra -std=gnu99 -Wno-unused-parameter -Wmissing-prototypes -Wstrict-prototypes -Wundef -Wlogical-op -Wpointer-arith -Wuninitialized -Winit-self -Wstrict-prototypes -Wimplicit-fallthrough -Wredundant-decls -Wincompatible-pointer-types -Wformat=2 -Wno-missing-field-initializers -Wmissing-declarations -fvisibility=hidden -O2 -m64 -march=x86-64 -mtune=generic -flto=auto -ffat-lto-objects -fPIE -MD -MQ test-build-util-bits.h.p/meson-generated_.._test-util-includes-util-bits.h.c.o -MF test-build-util-bits.h.p/meson-generated_.._test-util-includes-util-bits.h.c.o.d -o test-build-util-bits.h.p/meson-generated_.._test-util-includes-util-bits.h.c.o -c test-util-includes-util-bits.h.c
[44/111] rm -f libfilter.a && gcc-ar csrDT libfilter.a libfilter.a.p/src_filter.c.o libfilter.a.p/src_filter-custom.c.o libfilter.a.p/src_filter-flat.c.o libfilter.a.p/src_filter-low-dpi.c.o libfilter.a.p/src_filter-mouse.c.o libfilter.a.p/src_filter-touchpad.c.o libfilter.a.p/src_filter-touchpad-flat.c.o libfilter.a.p/src_filter-touchpad-x230.c.o libfilter.a.p/src_filter-tablet.c.o libfilter.a.p/src_filter-trackpoint.c.o libfilter.a.p/src_filter-trackpoint-flat.c.o
[45/111] cc  -o test-build-util-input-event.h test-build-util-input-event.h.p/meson-generated_.._test-util-includes-util-input-event.h.c.o -Wl,--as-needed -Wl,--no-undefined -pie -O2 -m64 -march=x86-64 -mtune=generic -flto=auto -ffat-lto-objects
[46/111] cc  -o test-build-util-bits.h test-build-util-bits.h.p/meson-generated_.._test-util-includes-util-bits.h.c.o -Wl,--as-needed -Wl,--no-undefined -pie -O2 -m64 -march=x86-64 -mtune=generic -flto=auto -ffat-lto-objects
[47/111] cc -Ilibinput-fuzz-to-zero.p -I. -I.. -I../src -I../include -I/usr/include/libevdev-1.0 -fdiagnostics-color=always -D_FILE_OFFSET_BITS=64 -Wall -Winvalid-pch -Wextra -std=gnu99 -Wno-unused-parameter -Wmissing-prototypes -Wstrict-prototypes -Wundef -Wlogical-op -Wpointer-arith -Wuninitialized -Winit-self -Wstrict-prototypes -Wimplicit-fallthrough -Wredundant-decls -Wincompatible-pointer-types -Wformat=2 -Wno-missing-field-initializers -Wmissing-declarations -fvisibility=hidden -O2 -m64 -march=x86-64 -mtune=generic -flto=auto -ffat-lto-objects -fPIE -MD -MQ libinput-fuzz-to-zero.p/udev_libinput-fuzz-to-zero.c.o -MF libinput-fuzz-to-zero.p/udev_libinput-fuzz-to-zero.c.o.d -o libinput-fuzz-to-zero.p/udev_libinput-fuzz-to-zero.c.o -c ../udev/libinput-fuzz-to-zero.c
[48/111] cc -Ilibinput-fuzz-extract.p -I. -I.. -I../src -I../include -I/usr/include/libevdev-1.0 -fdiagnostics-color=always -D_FILE_OFFSET_BITS=64 -Wall -Winvalid-pch -Wextra -std=gnu99 -Wno-unused-parameter -Wmissing-prototypes -Wstrict-prototypes -Wundef -Wlogical-op -Wpointer-arith -Wuninitialized -Winit-self -Wstrict-prototypes -Wimplicit-fallthrough -Wredundant-decls -Wincompatible-pointer-types -Wformat=2 -Wno-missing-field-initializers -Wmissing-declarations -fvisibility=hidden -O2 -m64 -march=x86-64 -mtune=generic -flto=auto -ffat-lto-objects -fPIE -MD -MQ libinput-fuzz-extract.p/src_util-prop-parsers.c.o -MF libinput-fuzz-extract.p/src_util-prop-parsers.c.o.d -o libinput-fuzz-extract.p/src_util-prop-parsers.c.o -c ../src/util-prop-parsers.c
[49/111] cc -Ilibinput-fuzz-extract.p -I. -I.. -I../src -I../include -I/usr/include/libevdev-1.0 -fdiagnostics-color=always -D_FILE_OFFSET_BITS=64 -Wall -Winvalid-pch -Wextra -std=gnu99 -Wno-unused-parameter -Wmissing-prototypes -Wstrict-prototypes -Wundef -Wlogical-op -Wpointer-arith -Wuninitialized -Winit-self -Wstrict-prototypes -Wimplicit-fallthrough -Wredundant-decls -Wincompatible-pointer-types -Wformat=2 -Wno-missing-field-initializers -Wmissing-declarations -fvisibility=hidden -O2 -m64 -march=x86-64 -mtune=generic -flto=auto -ffat-lto-objects -fPIE -MD -MQ libinput-fuzz-extract.p/src_util-strings.c.o -MF libinput-fuzz-extract.p/src_util-strings.c.o.d -o libinput-fuzz-extract.p/src_util-strings.c.o -c ../src/util-strings.c
[50/111] cc -Ilibinput-fuzz-extract.p -I. -I.. -I../src -I../include -I/usr/include/libevdev-1.0 -fdiagnostics-color=always -D_FILE_OFFSET_BITS=64 -Wall -Winvalid-pch -Wextra -std=gnu99 -Wno-unused-parameter -Wmissing-prototypes -Wstrict-prototypes -Wundef -Wlogical-op -Wpointer-arith -Wuninitialized -Winit-self -Wstrict-prototypes -Wimplicit-fallthrough -Wredundant-decls -Wincompatible-pointer-types -Wformat=2 -Wno-missing-field-initializers -Wmissing-declarations -fvisibility=hidden -O2 -m64 -march=x86-64 -mtune=generic -flto=auto -ffat-lto-objects -fPIE -MD -MQ libinput-fuzz-extract.p/udev_libinput-fuzz-extract.c.o -MF libinput-fuzz-extract.p/udev_libinput-fuzz-extract.c.o.d -o libinput-fuzz-extract.p/udev_libinput-fuzz-extract.c.o -c ../udev/libinput-fuzz-extract.c
[51/111] cc  -o libinput-fuzz-to-zero libinput-fuzz-to-zero.p/udev_libinput-fuzz-to-zero.c.o -Wl,--as-needed -Wl,--no-undefined -pie -O2 -m64 -march=x86-64 -mtune=generic -flto=auto -ffat-lto-objects -Wl,--start-group /usr/lib/libudev.so -lrt /usr/lib/libevdev.so -Wl,--end-group
[52/111] cc -Ilibinput-device-group.p -I. -I.. -I../src -I../include -fdiagnostics-color=always -D_FILE_OFFSET_BITS=64 -Wall -Winvalid-pch -Wextra -std=gnu99 -Wno-unused-parameter -Wmissing-prototypes -Wstrict-prototypes -Wundef -Wlogical-op -Wpointer-arith -Wuninitialized -Winit-self -Wstrict-prototypes -Wimplicit-fallthrough -Wredundant-decls -Wincompatible-pointer-types -Wformat=2 -Wno-missing-field-initializers -Wmissing-declarations -fvisibility=hidden -O2 -m64 -march=x86-64 -mtune=generic -flto=auto -ffat-lto-objects -fPIE -MD -MQ libinput-device-group.p/udev_libinput-device-group.c.o -MF libinput-device-group.p/udev_libinput-device-group.c.o.d -o libinput-device-group.p/udev_libinput-device-group.c.o -c ../udev/libinput-device-group.c
[53/111] cc -Itest-builddir-lookup.p -I. -I.. -I../src -I../include -I/usr/include/libevdev-1.0 -fdiagnostics-color=always -D_FILE_OFFSET_BITS=64 -Wall -Winvalid-pch -Wextra -std=gnu99 -Wno-unused-parameter -Wmissing-prototypes -Wstrict-prototypes -Wundef -Wlogical-op -Wpointer-arith -Wuninitialized -Winit-self -Wstrict-prototypes -Wimplicit-fallthrough -Wredundant-decls -Wincompatible-pointer-types -Wformat=2 -Wno-missing-field-initializers -Wmissing-declarations -fvisibility=hidden -O2 -m64 -march=x86-64 -mtune=generic -flto=auto -ffat-lto-objects -fPIE -MD -MQ test-builddir-lookup.p/test_test-builddir-lookup.c.o -MF test-builddir-lookup.p/test_test-builddir-lookup.c.o.d -o test-builddir-lookup.p/test_test-builddir-lookup.c.o -c ../test/test-builddir-lookup.c
[54/111] cc -Ilibinput-list-devices.p -I. -I.. -I../src -I../include -I/usr/include/libevdev-1.0 -fdiagnostics-color=always -D_FILE_OFFSET_BITS=64 -Wall -Winvalid-pch -Wextra -std=gnu99 -Wno-unused-parameter -Wmissing-prototypes -Wstrict-prototypes -Wundef -Wlogical-op -Wpointer-arith -Wuninitialized -Winit-self -Wstrict-prototypes -Wimplicit-fallthrough -Wredundant-decls -Wincompatible-pointer-types -Wformat=2 -Wno-missing-field-initializers -Wmissing-declarations -fvisibility=hidden -O2 -m64 -march=x86-64 -mtune=generic -flto=auto -ffat-lto-objects -fPIE -MD -MQ libinput-list-devices.p/tools_libinput-list-devices.c.o -MF libinput-list-devices.p/tools_libinput-list-devices.c.o.d -o libinput-list-devices.p/tools_libinput-list-devices.c.o -c ../tools/libinput-list-devices.c
[55/111] cc -Ilibtools_shared.a.p -I. -I.. -I../src -I../include -I/usr/include/libevdev-1.0 -fdiagnostics-color=always -D_FILE_OFFSET_BITS=64 -Wall -Winvalid-pch -Wextra -std=gnu99 -Wno-unused-parameter -Wmissing-prototypes -Wstrict-prototypes -Wundef -Wlogical-op -Wpointer-arith -Wuninitialized -Winit-self -Wstrict-prototypes -Wimplicit-fallthrough -Wredundant-decls -Wincompatible-pointer-types -Wformat=2 -Wno-missing-field-initializers -Wmissing-declarations -fvisibility=hidden -O2 -m64 -march=x86-64 -mtune=generic -flto=auto -ffat-lto-objects -fPIC -MD -MQ libtools_shared.a.p/tools_shared.c.o -MF libtools_shared.a.p/tools_shared.c.o.d -o libtools_shared.a.p/tools_shared.c.o -c ../tools/shared.c
[56/111] cc  -o libinput-device-group libinput-device-group.p/udev_libinput-device-group.c.o -Wl,--as-needed -Wl,--no-undefined -pie -O2 -m64 -march=x86-64 -mtune=generic -flto=auto -ffat-lto-objects -Wl,--start-group /usr/lib/libudev.so -lrt -Wl,--end-group
[57/111] cc -Ilibquirks.a.p -I. -I.. -I../include -fdiagnostics-color=always -D_FILE_OFFSET_BITS=64 -Wall -Winvalid-pch -Wextra -std=gnu99 -Wno-unused-parameter -Wmissing-prototypes -Wstrict-prototypes -Wundef -Wlogical-op -Wpointer-arith -Wuninitialized -Winit-self -Wstrict-prototypes -Wimplicit-fallthrough -Wredundant-decls -Wincompatible-pointer-types -Wformat=2 -Wno-missing-field-initializers -Wmissing-declarations -fvisibility=hidden -O2 -m64 -march=x86-64 -mtune=generic -flto=auto -ffat-lto-objects -fPIC -MD -MQ libquirks.a.p/src_quirks.c.o -MF libquirks.a.p/src_quirks.c.o.d -o libquirks.a.p/src_quirks.c.o -c ../src/quirks.c
[58/111] cc -Iliblibinput-util.a.p -I. -I.. -I../include -I/usr/include/libevdev-1.0 -fdiagnostics-color=always -D_FILE_OFFSET_BITS=64 -Wall -Winvalid-pch -Wextra -std=gnu99 -Wno-unused-parameter -Wmissing-prototypes -Wstrict-prototypes -Wundef -Wlogical-op -Wpointer-arith -Wuninitialized -Winit-self -Wstrict-prototypes -Wimplicit-fallthrough -Wredundant-decls -Wincompatible-pointer-types -Wformat=2 -Wno-missing-field-initializers -Wmissing-declarations -fvisibility=hidden -O2 -m64 -march=x86-64 -mtune=generic -flto=auto -ffat-lto-objects -fPIC -MD -MQ liblibinput-util.a.p/src_util-prop-parsers.c.o -MF liblibinput-util.a.p/src_util-prop-parsers.c.o.d -o liblibinput-util.a.p/src_util-prop-parsers.c.o -c ../src/util-prop-parsers.c
[59/111] cc  -o libinput-fuzz-extract libinput-fuzz-extract.p/udev_libinput-fuzz-extract.c.o libinput-fuzz-extract.p/src_util-strings.c.o libinput-fuzz-extract.p/src_util-prop-parsers.c.o -Wl,--as-needed -Wl,--no-undefined -pie -O2 -m64 -march=x86-64 -mtune=generic -flto=auto -ffat-lto-objects -Wl,--start-group /usr/lib/libudev.so -lrt /usr/lib/libevdev.so -lm -Wl,--end-group
[60/111] cc -Iliblibinput-util.a.p -I. -I.. -I../include -I/usr/include/libevdev-1.0 -fdiagnostics-color=always -D_FILE_OFFSET_BITS=64 -Wall -Winvalid-pch -Wextra -std=gnu99 -Wno-unused-parameter -Wmissing-prototypes -Wstrict-prototypes -Wundef -Wlogical-op -Wpointer-arith -Wuninitialized -Winit-self -Wstrict-prototypes -Wimplicit-fallthrough -Wredundant-decls -Wincompatible-pointer-types -Wformat=2 -Wno-missing-field-initializers -Wmissing-declarations -fvisibility=hidden -O2 -m64 -march=x86-64 -mtune=generic -flto=auto -ffat-lto-objects -fPIC -MD -MQ liblibinput-util.a.p/src_util-strings.c.o -MF liblibinput-util.a.p/src_util-strings.c.o.d -o liblibinput-util.a.p/src_util-strings.c.o -c ../src/util-strings.c
[61/111] cc -Iliblibinput-util.a.p -I. -I.. -I../include -I/usr/include/libevdev-1.0 -fdiagnostics-color=always -D_FILE_OFFSET_BITS=64 -Wall -Winvalid-pch -Wextra -std=gnu99 -Wno-unused-parameter -Wmissing-prototypes -Wstrict-prototypes -Wundef -Wlogical-op -Wpointer-arith -Wuninitialized -Winit-self -Wstrict-prototypes -Wimplicit-fallthrough -Wredundant-decls -Wincompatible-pointer-types -Wformat=2 -Wno-missing-field-initializers -Wmissing-declarations -fvisibility=hidden -O2 -m64 -march=x86-64 -mtune=generic -flto=auto -ffat-lto-objects -fPIC -MD -MQ liblibinput-util.a.p/src_util-ratelimit.c.o -MF liblibinput-util.a.p/src_util-ratelimit.c.o.d -o liblibinput-util.a.p/src_util-ratelimit.c.o -c ../src/util-ratelimit.c
[62/111] cc -Iliblibinput-util.a.p -I. -I.. -I../include -I/usr/include/libevdev-1.0 -fdiagnostics-color=always -D_FILE_OFFSET_BITS=64 -Wall -Winvalid-pch -Wextra -std=gnu99 -Wno-unused-parameter -Wmissing-prototypes -Wstrict-prototypes -Wundef -Wlogical-op -Wpointer-arith -Wuninitialized -Winit-self -Wstrict-prototypes -Wimplicit-fallthrough -Wredundant-decls -Wincompatible-pointer-types -Wformat=2 -Wno-missing-field-initializers -Wmissing-declarations -fvisibility=hidden -O2 -m64 -march=x86-64 -mtune=generic -flto=auto -ffat-lto-objects -fPIC -MD -MQ liblibinput-util.a.p/src_util-list.c.o -MF liblibinput-util.a.p/src_util-list.c.o.d -o liblibinput-util.a.p/src_util-list.c.o -c ../src/util-list.c
[63/111] cc -Ilibinput.so.10.13.0.p -I. -I.. -I../include -I/usr/include/libevdev-1.0 -fdiagnostics-color=always -D_FILE_OFFSET_BITS=64 -Wall -Winvalid-pch -Wextra -std=gnu99 -Wno-unused-parameter -Wmissing-prototypes -Wstrict-prototypes -Wundef -Wlogical-op -Wpointer-arith -Wuninitialized -Winit-self -Wstrict-prototypes -Wimplicit-fallthrough -Wredundant-decls -Wincompatible-pointer-types -Wformat=2 -Wno-missing-field-initializers -Wmissing-declarations -fvisibility=hidden -O2 -m64 -march=x86-64 -mtune=generic -flto=auto -ffat-lto-objects -fPIC -MD -MQ libinput.so.10.13.0.p/src_timer.c.o -MF libinput.so.10.13.0.p/src_timer.c.o.d -o libinput.so.10.13.0.p/src_timer.c.o -c ../src/timer.c
[64/111] rm -f libtools_shared.a && gcc-ar csrDT libtools_shared.a libtools_shared.a.p/tools_shared.c.o
[65/111] cc -Ilibinput.so.10.13.0.p -I. -I.. -I../include -I/usr/include/libevdev-1.0 -fdiagnostics-color=always -D_FILE_OFFSET_BITS=64 -Wall -Winvalid-pch -Wextra -std=gnu99 -Wno-unused-parameter -Wmissing-prototypes -Wstrict-prototypes -Wundef -Wlogical-op -Wpointer-arith -Wuninitialized -Winit-self -Wstrict-prototypes -Wimplicit-fallthrough -Wredundant-decls -Wincompatible-pointer-types -Wformat=2 -Wno-missing-field-initializers -Wmissing-declarations -fvisibility=hidden -O2 -m64 -march=x86-64 -mtune=generic -flto=auto -ffat-lto-objects -fPIC -MD -MQ libinput.so.10.13.0.p/src_udev-seat.c.o -MF libinput.so.10.13.0.p/src_udev-seat.c.o.d -o libinput.so.10.13.0.p/src_udev-seat.c.o -c ../src/udev-seat.c
[66/111] cc -Ilibinput.so.10.13.0.p -I. -I.. -I../include -I/usr/include/libevdev-1.0 -fdiagnostics-color=always -D_FILE_OFFSET_BITS=64 -Wall -Winvalid-pch -Wextra -std=gnu99 -Wno-unused-parameter -Wmissing-prototypes -Wstrict-prototypes -Wundef -Wlogical-op -Wpointer-arith -Wuninitialized -Winit-self -Wstrict-prototypes -Wimplicit-fallthrough -Wredundant-decls -Wincompatible-pointer-types -Wformat=2 -Wno-missing-field-initializers -Wmissing-declarations -fvisibility=hidden -O2 -m64 -march=x86-64 -mtune=generic -flto=auto -ffat-lto-objects -fPIC -MD -MQ libinput.so.10.13.0.p/src_path-seat.c.o -MF libinput.so.10.13.0.p/src_path-seat.c.o.d -o libinput.so.10.13.0.p/src_path-seat.c.o -c ../src/path-seat.c
[67/111] rm -f liblibinput-util.a && gcc-ar csrDT liblibinput-util.a liblibinput-util.a.p/src_util-list.c.o liblibinput-util.a.p/src_util-ratelimit.c.o liblibinput-util.a.p/src_util-strings.c.o liblibinput-util.a.p/src_util-prop-parsers.c.o
[68/111] cc -Ilibinput.so.10.13.0.p -I. -I.. -I../include -I/usr/include/libevdev-1.0 -fdiagnostics-color=always -D_FILE_OFFSET_BITS=64 -Wall -Winvalid-pch -Wextra -std=gnu99 -Wno-unused-parameter -Wmissing-prototypes -Wstrict-prototypes -Wundef -Wlogical-op -Wpointer-arith -Wuninitialized -Winit-self -Wstrict-prototypes -Wimplicit-fallthrough -Wredundant-decls -Wincompatible-pointer-types -Wformat=2 -Wno-missing-field-initializers -Wmissing-declarations -fvisibility=hidden -O2 -m64 -march=x86-64 -mtune=generic -flto=auto -ffat-lto-objects -fPIC -MD -MQ libinput.so.10.13.0.p/src_evdev-wheel.c.o -MF libinput.so.10.13.0.p/src_evdev-wheel.c.o.d -o libinput.so.10.13.0.p/src_evdev-wheel.c.o -c ../src/evdev-wheel.c
[69/111] cc -Ilibinput.so.10.13.0.p -I. -I.. -I../include -I/usr/include/libevdev-1.0 -fdiagnostics-color=always -D_FILE_OFFSET_BITS=64 -Wall -Winvalid-pch -Wextra -std=gnu99 -Wno-unused-parameter -Wmissing-prototypes -Wstrict-prototypes -Wundef -Wlogical-op -Wpointer-arith -Wuninitialized -Winit-self -Wstrict-prototypes -Wimplicit-fallthrough -Wredundant-decls -Wincompatible-pointer-types -Wformat=2 -Wno-missing-field-initializers -Wmissing-declarations -fvisibility=hidden -O2 -m64 -march=x86-64 -mtune=generic -flto=auto -ffat-lto-objects -fPIC -MD -MQ libinput.so.10.13.0.p/src_evdev-tablet-pad-leds.c.o -MF libinput.so.10.13.0.p/src_evdev-tablet-pad-leds.c.o.d -o libinput.so.10.13.0.p/src_evdev-tablet-pad-leds.c.o -c ../src/evdev-tablet-pad-leds.c
[70/111] cc -Ilibinput.so.10.13.0.p -I. -I.. -I../include -I/usr/include/libevdev-1.0 -fdiagnostics-color=always -D_FILE_OFFSET_BITS=64 -Wall -Winvalid-pch -Wextra -std=gnu99 -Wno-unused-parameter -Wmissing-prototypes -Wstrict-prototypes -Wundef -Wlogical-op -Wpointer-arith -Wuninitialized -Winit-self -Wstrict-prototypes -Wimplicit-fallthrough -Wredundant-decls -Wincompatible-pointer-types -Wformat=2 -Wno-missing-field-initializers -Wmissing-declarations -fvisibility=hidden -O2 -m64 -march=x86-64 -mtune=generic -flto=auto -ffat-lto-objects -fPIC -MD -MQ libinput.so.10.13.0.p/src_evdev-tablet-pad.c.o -MF libinput.so.10.13.0.p/src_evdev-tablet-pad.c.o.d -o libinput.so.10.13.0.p/src_evdev-tablet-pad.c.o -c ../src/evdev-tablet-pad.c
[71/111] cc -Ilibinput.so.10.13.0.p -I. -I.. -I../include -I/usr/include/libevdev-1.0 -fdiagnostics-color=always -D_FILE_OFFSET_BITS=64 -Wall -Winvalid-pch -Wextra -std=gnu99 -Wno-unused-parameter -Wmissing-prototypes -Wstrict-prototypes -Wundef -Wlogical-op -Wpointer-arith -Wuninitialized -Winit-self -Wstrict-prototypes -Wimplicit-fallthrough -Wredundant-decls -Wincompatible-pointer-types -Wformat=2 -Wno-missing-field-initializers -Wmissing-declarations -fvisibility=hidden -O2 -m64 -march=x86-64 -mtune=generic -flto=auto -ffat-lto-objects -fPIC -MD -MQ libinput.so.10.13.0.p/src_evdev-tablet.c.o -MF libinput.so.10.13.0.p/src_evdev-tablet.c.o.d -o libinput.so.10.13.0.p/src_evdev-tablet.c.o -c ../src/evdev-tablet.c
[72/111] cc -Ilibinput.so.10.13.0.p -I. -I.. -I../include -I/usr/include/libevdev-1.0 -fdiagnostics-color=always -D_FILE_OFFSET_BITS=64 -Wall -Winvalid-pch -Wextra -std=gnu99 -Wno-unused-parameter -Wmissing-prototypes -Wstrict-prototypes -Wundef -Wlogical-op -Wpointer-arith -Wuninitialized -Winit-self -Wstrict-prototypes -Wimplicit-fallthrough -Wredundant-decls -Wincompatible-pointer-types -Wformat=2 -Wno-missing-field-initializers -Wmissing-declarations -fvisibility=hidden -O2 -m64 -march=x86-64 -mtune=generic -flto=auto -ffat-lto-objects -fPIC -MD -MQ libinput.so.10.13.0.p/src_evdev-mt-touchpad-gestures.c.o -MF libinput.so.10.13.0.p/src_evdev-mt-touchpad-gestures.c.o.d -o libinput.so.10.13.0.p/src_evdev-mt-touchpad-gestures.c.o -c ../src/evdev-mt-touchpad-gestures.c
[73/111] cc -Ilibinput.so.10.13.0.p -I. -I.. -I../include -I/usr/include/libevdev-1.0 -fdiagnostics-color=always -D_FILE_OFFSET_BITS=64 -Wall -Winvalid-pch -Wextra -std=gnu99 -Wno-unused-parameter -Wmissing-prototypes -Wstrict-prototypes -Wundef -Wlogical-op -Wpointer-arith -Wuninitialized -Winit-self -Wstrict-prototypes -Wimplicit-fallthrough -Wredundant-decls -Wincompatible-pointer-types -Wformat=2 -Wno-missing-field-initializers -Wmissing-declarations -fvisibility=hidden -O2 -m64 -march=x86-64 -mtune=generic -flto=auto -ffat-lto-objects -fPIC -MD -MQ libinput.so.10.13.0.p/src_evdev-mt-touchpad-edge-scroll.c.o -MF libinput.so.10.13.0.p/src_evdev-mt-touchpad-edge-scroll.c.o.d -o libinput.so.10.13.0.p/src_evdev-mt-touchpad-edge-scroll.c.o -c ../src/evdev-mt-touchpad-edge-scroll.c
[74/111] cc -Ilibinput.so.10.13.0.p -I. -I.. -I../include -I/usr/include/libevdev-1.0 -fdiagnostics-color=always -D_FILE_OFFSET_BITS=64 -Wall -Winvalid-pch -Wextra -std=gnu99 -Wno-unused-parameter -Wmissing-prototypes -Wstrict-prototypes -Wundef -Wlogical-op -Wpointer-arith -Wuninitialized -Winit-self -Wstrict-prototypes -Wimplicit-fallthrough -Wredundant-decls -Wincompatible-pointer-types -Wformat=2 -Wno-missing-field-initializers -Wmissing-declarations -fvisibility=hidden -O2 -m64 -march=x86-64 -mtune=generic -flto=auto -ffat-lto-objects -fPIC -MD -MQ libinput.so.10.13.0.p/src_evdev-mt-touchpad-buttons.c.o -MF libinput.so.10.13.0.p/src_evdev-mt-touchpad-buttons.c.o.d -o libinput.so.10.13.0.p/src_evdev-mt-touchpad-buttons.c.o -c ../src/evdev-mt-touchpad-buttons.c
[75/111] cc -Ilibinput.so.10.13.0.p -I. -I.. -I../include -I/usr/include/libevdev-1.0 -fdiagnostics-color=always -D_FILE_OFFSET_BITS=64 -Wall -Winvalid-pch -Wextra -std=gnu99 -Wno-unused-parameter -Wmissing-prototypes -Wstrict-prototypes -Wundef -Wlogical-op -Wpointer-arith -Wuninitialized -Winit-self -Wstrict-prototypes -Wimplicit-fallthrough -Wredundant-decls -Wincompatible-pointer-types -Wformat=2 -Wno-missing-field-initializers -Wmissing-declarations -fvisibility=hidden -O2 -m64 -march=x86-64 -mtune=generic -flto=auto -ffat-lto-objects -fPIC -MD -MQ libinput.so.10.13.0.p/src_evdev-mt-touchpad-thumb.c.o -MF libinput.so.10.13.0.p/src_evdev-mt-touchpad-thumb.c.o.d -o libinput.so.10.13.0.p/src_evdev-mt-touchpad-thumb.c.o -c ../src/evdev-mt-touchpad-thumb.c
[76/111] cc -Ilibinput.so.10.13.0.p -I. -I.. -I../include -I/usr/include/libevdev-1.0 -fdiagnostics-color=always -D_FILE_OFFSET_BITS=64 -Wall -Winvalid-pch -Wextra -std=gnu99 -Wno-unused-parameter -Wmissing-prototypes -Wstrict-prototypes -Wundef -Wlogical-op -Wpointer-arith -Wuninitialized -Winit-self -Wstrict-prototypes -Wimplicit-fallthrough -Wredundant-decls -Wincompatible-pointer-types -Wformat=2 -Wno-missing-field-initializers -Wmissing-declarations -fvisibility=hidden -O2 -m64 -march=x86-64 -mtune=generic -flto=auto -ffat-lto-objects -fPIC -MD -MQ libinput.so.10.13.0.p/src_evdev-mt-touchpad-tap.c.o -MF libinput.so.10.13.0.p/src_evdev-mt-touchpad-tap.c.o.d -o libinput.so.10.13.0.p/src_evdev-mt-touchpad-tap.c.o -c ../src/evdev-mt-touchpad-tap.c
[77/111] cc -Ilibinput.so.10.13.0.p -I. -I.. -I../include -I/usr/include/libevdev-1.0 -fdiagnostics-color=always -D_FILE_OFFSET_BITS=64 -Wall -Winvalid-pch -Wextra -std=gnu99 -Wno-unused-parameter -Wmissing-prototypes -Wstrict-prototypes -Wundef -Wlogical-op -Wpointer-arith -Wuninitialized -Winit-self -Wstrict-prototypes -Wimplicit-fallthrough -Wredundant-decls -Wincompatible-pointer-types -Wformat=2 -Wno-missing-field-initializers -Wmissing-declarations -fvisibility=hidden -O2 -m64 -march=x86-64 -mtune=generic -flto=auto -ffat-lto-objects -fPIC -MD -MQ libinput.so.10.13.0.p/src_evdev-mt-touchpad.c.o -MF libinput.so.10.13.0.p/src_evdev-mt-touchpad.c.o.d -o libinput.so.10.13.0.p/src_evdev-mt-touchpad.c.o -c ../src/evdev-mt-touchpad.c
[78/111] cc -Ilibinput.so.10.13.0.p -I. -I.. -I../include -I/usr/include/libevdev-1.0 -fdiagnostics-color=always -D_FILE_OFFSET_BITS=64 -Wall -Winvalid-pch -Wextra -std=gnu99 -Wno-unused-parameter -Wmissing-prototypes -Wstrict-prototypes -Wundef -Wlogical-op -Wpointer-arith -Wuninitialized -Winit-self -Wstrict-prototypes -Wimplicit-fallthrough -Wredundant-decls -Wincompatible-pointer-types -Wformat=2 -Wno-missing-field-initializers -Wmissing-declarations -fvisibility=hidden -O2 -m64 -march=x86-64 -mtune=generic -flto=auto -ffat-lto-objects -fPIC -MD -MQ libinput.so.10.13.0.p/src_evdev-middle-button.c.o -MF libinput.so.10.13.0.p/src_evdev-middle-button.c.o.d -o libinput.so.10.13.0.p/src_evdev-middle-button.c.o -c ../src/evdev-middle-button.c
[79/111] rm -f libquirks.a && gcc-ar csrDT libquirks.a libquirks.a.p/src_quirks.c.o
[80/111] cc -Ilibinput.so.10.13.0.p -I. -I.. -I../include -I/usr/include/libevdev-1.0 -fdiagnostics-color=always -D_FILE_OFFSET_BITS=64 -Wall -Winvalid-pch -Wextra -std=gnu99 -Wno-unused-parameter -Wmissing-prototypes -Wstrict-prototypes -Wundef -Wlogical-op -Wpointer-arith -Wuninitialized -Winit-self -Wstrict-prototypes -Wimplicit-fallthrough -Wredundant-decls -Wincompatible-pointer-types -Wformat=2 -Wno-missing-field-initializers -Wmissing-declarations -fvisibility=hidden -O2 -m64 -march=x86-64 -mtune=generic -flto=auto -ffat-lto-objects -fPIC -MD -MQ libinput.so.10.13.0.p/src_evdev-totem.c.o -MF libinput.so.10.13.0.p/src_evdev-totem.c.o.d -o libinput.so.10.13.0.p/src_evdev-totem.c.o -c ../src/evdev-totem.c
[81/111] cc -Ilibinput.so.10.13.0.p -I. -I.. -I../include -I/usr/include/libevdev-1.0 -fdiagnostics-color=always -D_FILE_OFFSET_BITS=64 -Wall -Winvalid-pch -Wextra -std=gnu99 -Wno-unused-parameter -Wmissing-prototypes -Wstrict-prototypes -Wundef -Wlogical-op -Wpointer-arith -Wuninitialized -Winit-self -Wstrict-prototypes -Wimplicit-fallthrough -Wredundant-decls -Wincompatible-pointer-types -Wformat=2 -Wno-missing-field-initializers -Wmissing-declarations -fvisibility=hidden -O2 -m64 -march=x86-64 -mtune=generic -flto=auto -ffat-lto-objects -fPIC -MD -MQ libinput.so.10.13.0.p/src_evdev-fallback.c.o -MF libinput.so.10.13.0.p/src_evdev-fallback.c.o.d -o libinput.so.10.13.0.p/src_evdev-fallback.c.o -c ../src/evdev-fallback.c
[82/111] cc -Ilibinput.so.10.13.0.p -I. -I.. -I../include -I/usr/include/libevdev-1.0 -fdiagnostics-color=always -D_FILE_OFFSET_BITS=64 -Wall -Winvalid-pch -Wextra -std=gnu99 -Wno-unused-parameter -Wmissing-prototypes -Wstrict-prototypes -Wundef -Wlogical-op -Wpointer-arith -Wuninitialized -Winit-self -Wstrict-prototypes -Wimplicit-fallthrough -Wredundant-decls -Wincompatible-pointer-types -Wformat=2 -Wno-missing-field-initializers -Wmissing-declarations -fvisibility=hidden -O2 -m64 -march=x86-64 -mtune=generic -flto=auto -ffat-lto-objects -fPIC -MD -MQ libinput.so.10.13.0.p/src_evdev-debounce.c.o -MF libinput.so.10.13.0.p/src_evdev-debounce.c.o.d -o libinput.so.10.13.0.p/src_evdev-debounce.c.o -c ../src/evdev-debounce.c
[83/111] cc -Ilibinput.so.10.13.0.p -I. -I.. -I../include -I/usr/include/libevdev-1.0 -fdiagnostics-color=always -D_FILE_OFFSET_BITS=64 -Wall -Winvalid-pch -Wextra -std=gnu99 -Wno-unused-parameter -Wmissing-prototypes -Wstrict-prototypes -Wundef -Wlogical-op -Wpointer-arith -Wuninitialized -Winit-self -Wstrict-prototypes -Wimplicit-fallthrough -Wredundant-decls -Wincompatible-pointer-types -Wformat=2 -Wno-missing-field-initializers -Wmissing-declarations -fvisibility=hidden -O2 -m64 -march=x86-64 -mtune=generic -flto=auto -ffat-lto-objects -fPIC -MD -MQ libinput.so.10.13.0.p/src_evdev.c.o -MF libinput.so.10.13.0.p/src_evdev.c.o.d -o libinput.so.10.13.0.p/src_evdev.c.o -c ../src/evdev.c
[84/111] cc -Ilibinput.so.10.13.0.p -I. -I.. -I../include -I/usr/include/libevdev-1.0 -fdiagnostics-color=always -D_FILE_OFFSET_BITS=64 -Wall -Winvalid-pch -Wextra -std=gnu99 -Wno-unused-parameter -Wmissing-prototypes -Wstrict-prototypes -Wundef -Wlogical-op -Wpointer-arith -Wuninitialized -Winit-self -Wstrict-prototypes -Wimplicit-fallthrough -Wredundant-decls -Wincompatible-pointer-types -Wformat=2 -Wno-missing-field-initializers -Wmissing-declarations -fvisibility=hidden -O2 -m64 -march=x86-64 -mtune=generic -flto=auto -ffat-lto-objects -fPIC -MD -MQ libinput.so.10.13.0.p/src_libinput-private-config.c.o -MF libinput.so.10.13.0.p/src_libinput-private-config.c.o.d -o libinput.so.10.13.0.p/src_libinput-private-config.c.o -c ../src/libinput-private-config.c
[85/111] cc -Ilibinput.so.10.13.0.p -I. -I.. -I../include -I/usr/include/libevdev-1.0 -fdiagnostics-color=always -D_FILE_OFFSET_BITS=64 -Wall -Winvalid-pch -Wextra -std=gnu99 -Wno-unused-parameter -Wmissing-prototypes -Wstrict-prototypes -Wundef -Wlogical-op -Wpointer-arith -Wuninitialized -Winit-self -Wstrict-prototypes -Wimplicit-fallthrough -Wredundant-decls -Wincompatible-pointer-types -Wformat=2 -Wno-missing-field-initializers -Wmissing-declarations -fvisibility=hidden -O2 -m64 -march=x86-64 -mtune=generic -flto=auto -ffat-lto-objects -fPIC -MD -MQ libinput.so.10.13.0.p/src_libinput.c.o -MF libinput.so.10.13.0.p/src_libinput.c.o.d -o libinput.so.10.13.0.p/src_libinput.c.o -c ../src/libinput.c
[86/111] cc -Ilibinput.so.10.13.0.p -I. -I.. -I../include -I/usr/include/libevdev-1.0 -fdiagnostics-color=always -D_FILE_OFFSET_BITS=64 -Wall -Winvalid-pch -Wextra -std=gnu99 -Wno-unused-parameter -Wmissing-prototypes -Wstrict-prototypes -Wundef -Wlogical-op -Wpointer-arith -Wuninitialized -Winit-self -Wstrict-prototypes -Wimplicit-fallthrough -Wredundant-decls -Wincompatible-pointer-types -Wformat=2 -Wno-missing-field-initializers -Wmissing-declarations -fvisibility=hidden -O2 -m64 -march=x86-64 -mtune=generic -flto=auto -ffat-lto-objects -fPIC -MD -MQ libinput.so.10.13.0.p/src_filter-trackpoint-flat.c.o -MF libinput.so.10.13.0.p/src_filter-trackpoint-flat.c.o.d -o libinput.so.10.13.0.p/src_filter-trackpoint-flat.c.o -c ../src/filter-trackpoint-flat.c
[87/111] cc -Ilibinput.so.10.13.0.p -I. -I.. -I../include -I/usr/include/libevdev-1.0 -fdiagnostics-color=always -D_FILE_OFFSET_BITS=64 -Wall -Winvalid-pch -Wextra -std=gnu99 -Wno-unused-parameter -Wmissing-prototypes -Wstrict-prototypes -Wundef -Wlogical-op -Wpointer-arith -Wuninitialized -Winit-self -Wstrict-prototypes -Wimplicit-fallthrough -Wredundant-decls -Wincompatible-pointer-types -Wformat=2 -Wno-missing-field-initializers -Wmissing-declarations -fvisibility=hidden -O2 -m64 -march=x86-64 -mtune=generic -flto=auto -ffat-lto-objects -fPIC -MD -MQ libinput.so.10.13.0.p/src_filter-trackpoint.c.o -MF libinput.so.10.13.0.p/src_filter-trackpoint.c.o.d -o libinput.so.10.13.0.p/src_filter-trackpoint.c.o -c ../src/filter-trackpoint.c
[88/111] cc -Ilibinput.so.10.13.0.p -I. -I.. -I../include -I/usr/include/libevdev-1.0 -fdiagnostics-color=always -D_FILE_OFFSET_BITS=64 -Wall -Winvalid-pch -Wextra -std=gnu99 -Wno-unused-parameter -Wmissing-prototypes -Wstrict-prototypes -Wundef -Wlogical-op -Wpointer-arith -Wuninitialized -Winit-self -Wstrict-prototypes -Wimplicit-fallthrough -Wredundant-decls -Wincompatible-pointer-types -Wformat=2 -Wno-missing-field-initializers -Wmissing-declarations -fvisibility=hidden -O2 -m64 -march=x86-64 -mtune=generic -flto=auto -ffat-lto-objects -fPIC -MD -MQ libinput.so.10.13.0.p/src_filter-tablet.c.o -MF libinput.so.10.13.0.p/src_filter-tablet.c.o.d -o libinput.so.10.13.0.p/src_filter-tablet.c.o -c ../src/filter-tablet.c
[89/111] cc -Ilibinput.so.10.13.0.p -I. -I.. -I../include -I/usr/include/libevdev-1.0 -fdiagnostics-color=always -D_FILE_OFFSET_BITS=64 -Wall -Winvalid-pch -Wextra -std=gnu99 -Wno-unused-parameter -Wmissing-prototypes -Wstrict-prototypes -Wundef -Wlogical-op -Wpointer-arith -Wuninitialized -Winit-self -Wstrict-prototypes -Wimplicit-fallthrough -Wredundant-decls -Wincompatible-pointer-types -Wformat=2 -Wno-missing-field-initializers -Wmissing-declarations -fvisibility=hidden -O2 -m64 -march=x86-64 -mtune=generic -flto=auto -ffat-lto-objects -fPIC -MD -MQ libinput.so.10.13.0.p/src_filter-touchpad-x230.c.o -MF libinput.so.10.13.0.p/src_filter-touchpad-x230.c.o.d -o libinput.so.10.13.0.p/src_filter-touchpad-x230.c.o -c ../src/filter-touchpad-x230.c
[90/111] cc -Ilibinput.so.10.13.0.p -I. -I.. -I../include -I/usr/include/libevdev-1.0 -fdiagnostics-color=always -D_FILE_OFFSET_BITS=64 -Wall -Winvalid-pch -Wextra -std=gnu99 -Wno-unused-parameter -Wmissing-prototypes -Wstrict-prototypes -Wundef -Wlogical-op -Wpointer-arith -Wuninitialized -Winit-self -Wstrict-prototypes -Wimplicit-fallthrough -Wredundant-decls -Wincompatible-pointer-types -Wformat=2 -Wno-missing-field-initializers -Wmissing-declarations -fvisibility=hidden -O2 -m64 -march=x86-64 -mtune=generic -flto=auto -ffat-lto-objects -fPIC -MD -MQ libinput.so.10.13.0.p/src_filter-touchpad-flat.c.o -MF libinput.so.10.13.0.p/src_filter-touchpad-flat.c.o.d -o libinput.so.10.13.0.p/src_filter-touchpad-flat.c.o -c ../src/filter-touchpad-flat.c
[91/111] cc -Ilibinput.so.10.13.0.p -I. -I.. -I../include -I/usr/include/libevdev-1.0 -fdiagnostics-color=always -D_FILE_OFFSET_BITS=64 -Wall -Winvalid-pch -Wextra -std=gnu99 -Wno-unused-parameter -Wmissing-prototypes -Wstrict-prototypes -Wundef -Wlogical-op -Wpointer-arith -Wuninitialized -Winit-self -Wstrict-prototypes -Wimplicit-fallthrough -Wredundant-decls -Wincompatible-pointer-types -Wformat=2 -Wno-missing-field-initializers -Wmissing-declarations -fvisibility=hidden -O2 -m64 -march=x86-64 -mtune=generic -flto=auto -ffat-lto-objects -fPIC -MD -MQ libinput.so.10.13.0.p/src_filter-touchpad.c.o -MF libinput.so.10.13.0.p/src_filter-touchpad.c.o.d -o libinput.so.10.13.0.p/src_filter-touchpad.c.o -c ../src/filter-touchpad.c
[92/111] cc -Ilibinput.so.10.13.0.p -I. -I.. -I../include -I/usr/include/libevdev-1.0 -fdiagnostics-color=always -D_FILE_OFFSET_BITS=64 -Wall -Winvalid-pch -Wextra -std=gnu99 -Wno-unused-parameter -Wmissing-prototypes -Wstrict-prototypes -Wundef -Wlogical-op -Wpointer-arith -Wuninitialized -Winit-self -Wstrict-prototypes -Wimplicit-fallthrough -Wredundant-decls -Wincompatible-pointer-types -Wformat=2 -Wno-missing-field-initializers -Wmissing-declarations -fvisibility=hidden -O2 -m64 -march=x86-64 -mtune=generic -flto=auto -ffat-lto-objects -fPIC -MD -MQ libinput.so.10.13.0.p/src_filter-mouse.c.o -MF libinput.so.10.13.0.p/src_filter-mouse.c.o.d -o libinput.so.10.13.0.p/src_filter-mouse.c.o -c ../src/filter-mouse.c
[93/111] cc -Ilibinput.so.10.13.0.p -I. -I.. -I../include -I/usr/include/libevdev-1.0 -fdiagnostics-color=always -D_FILE_OFFSET_BITS=64 -Wall -Winvalid-pch -Wextra -std=gnu99 -Wno-unused-parameter -Wmissing-prototypes -Wstrict-prototypes -Wundef -Wlogical-op -Wpointer-arith -Wuninitialized -Winit-self -Wstrict-prototypes -Wimplicit-fallthrough -Wredundant-decls -Wincompatible-pointer-types -Wformat=2 -Wno-missing-field-initializers -Wmissing-declarations -fvisibility=hidden -O2 -m64 -march=x86-64 -mtune=generic -flto=auto -ffat-lto-objects -fPIC -MD -MQ libinput.so.10.13.0.p/src_filter-low-dpi.c.o -MF libinput.so.10.13.0.p/src_filter-low-dpi.c.o.d -o libinput.so.10.13.0.p/src_filter-low-dpi.c.o -c ../src/filter-low-dpi.c
[94/111] cc -Ilibinput.so.10.13.0.p -I. -I.. -I../include -I/usr/include/libevdev-1.0 -fdiagnostics-color=always -D_FILE_OFFSET_BITS=64 -Wall -Winvalid-pch -Wextra -std=gnu99 -Wno-unused-parameter -Wmissing-prototypes -Wstrict-prototypes -Wundef -Wlogical-op -Wpointer-arith -Wuninitialized -Winit-self -Wstrict-prototypes -Wimplicit-fallthrough -Wredundant-decls -Wincompatible-pointer-types -Wformat=2 -Wno-missing-field-initializers -Wmissing-declarations -fvisibility=hidden -O2 -m64 -march=x86-64 -mtune=generic -flto=auto -ffat-lto-objects -fPIC -MD -MQ libinput.so.10.13.0.p/src_filter-flat.c.o -MF libinput.so.10.13.0.p/src_filter-flat.c.o.d -o libinput.so.10.13.0.p/src_filter-flat.c.o -c ../src/filter-flat.c
[95/111] cc -Ilibinput.so.10.13.0.p -I. -I.. -I../include -I/usr/include/libevdev-1.0 -fdiagnostics-color=always -D_FILE_OFFSET_BITS=64 -Wall -Winvalid-pch -Wextra -std=gnu99 -Wno-unused-parameter -Wmissing-prototypes -Wstrict-prototypes -Wundef -Wlogical-op -Wpointer-arith -Wuninitialized -Winit-self -Wstrict-prototypes -Wimplicit-fallthrough -Wredundant-decls -Wincompatible-pointer-types -Wformat=2 -Wno-missing-field-initializers -Wmissing-declarations -fvisibility=hidden -O2 -m64 -march=x86-64 -mtune=generic -flto=auto -ffat-lto-objects -fPIC -MD -MQ libinput.so.10.13.0.p/src_filter-custom.c.o -MF libinput.so.10.13.0.p/src_filter-custom.c.o.d -o libinput.so.10.13.0.p/src_filter-custom.c.o -c ../src/filter-custom.c
[96/111] cc -Ilibinput.so.10.13.0.p -I. -I.. -I../include -I/usr/include/libevdev-1.0 -fdiagnostics-color=always -D_FILE_OFFSET_BITS=64 -Wall -Winvalid-pch -Wextra -std=gnu99 -Wno-unused-parameter -Wmissing-prototypes -Wstrict-prototypes -Wundef -Wlogical-op -Wpointer-arith -Wuninitialized -Winit-self -Wstrict-prototypes -Wimplicit-fallthrough -Wredundant-decls -Wincompatible-pointer-types -Wformat=2 -Wno-missing-field-initializers -Wmissing-declarations -fvisibility=hidden -O2 -m64 -march=x86-64 -mtune=generic -flto=auto -ffat-lto-objects -fPIC -MD -MQ libinput.so.10.13.0.p/src_filter.c.o -MF libinput.so.10.13.0.p/src_filter.c.o.d -o libinput.so.10.13.0.p/src_filter.c.o -c ../src/filter.c
[97/111] cc -Ilibinput-quirks.p -I. -I.. -I../src -I../include -I/usr/include/libevdev-1.0 -fdiagnostics-color=always -D_FILE_OFFSET_BITS=64 -Wall -Winvalid-pch -Wextra -std=gnu99 -Wno-unused-parameter -Wmissing-prototypes -Wstrict-prototypes -Wundef -Wlogical-op -Wpointer-arith -Wuninitialized -Winit-self -Wstrict-prototypes -Wimplicit-fallthrough -Wredundant-decls -Wincompatible-pointer-types -Wformat=2 -Wno-missing-field-initializers -Wmissing-declarations -fvisibility=hidden -O2 -m64 -march=x86-64 -mtune=generic -flto=auto -ffat-lto-objects -fPIE -MD -MQ libinput-quirks.p/tools_libinput-quirks.c.o -MF libinput-quirks.p/tools_libinput-quirks.c.o.d -o libinput-quirks.p/tools_libinput-quirks.c.o -c ../tools/libinput-quirks.c
[98/111] cc  -o libinput.so.10.13.0 libinput.so.10.13.0.p/src_filter.c.o libinput.so.10.13.0.p/src_filter-custom.c.o libinput.so.10.13.0.p/src_filter-flat.c.o libinput.so.10.13.0.p/src_filter-low-dpi.c.o libinput.so.10.13.0.p/src_filter-mouse.c.o libinput.so.10.13.0.p/src_filter-touchpad.c.o libinput.so.10.13.0.p/src_filter-touchpad-flat.c.o libinput.so.10.13.0.p/src_filter-touchpad-x230.c.o libinput.so.10.13.0.p/src_filter-tablet.c.o libinput.so.10.13.0.p/src_filter-trackpoint.c.o libinput.so.10.13.0.p/src_filter-trackpoint-flat.c.o libinput.so.10.13.0.p/src_libinput.c.o libinput.so.10.13.0.p/src_libinput-private-config.c.o libinput.so.10.13.0.p/src_evdev.c.o libinput.so.10.13.0.p/src_evdev-debounce.c.o libinput.so.10.13.0.p/src_evdev-fallback.c.o libinput.so.10.13.0.p/src_evdev-totem.c.o libinput.so.10.13.0.p/src_evdev-middle-button.c.o libinput.so.10.13.0.p/src_evdev-mt-touchpad.c.o libinput.so.10.13.0.p/src_evdev-mt-touchpad-tap.c.o libinput.so.10.13.0.p/src_evdev-mt-touchpad-thumb.c.o libinput.so.10.13.0.p/src_evdev-mt-touchpad-buttons.c.o libinput.so.10.13.0.p/src_evdev-mt-touchpad-edge-scroll.c.o libinput.so.10.13.0.p/src_evdev-mt-touchpad-gestures.c.o libinput.so.10.13.0.p/src_evdev-tablet.c.o libinput.so.10.13.0.p/src_evdev-tablet-pad.c.o libinput.so.10.13.0.p/src_evdev-tablet-pad-leds.c.o libinput.so.10.13.0.p/src_evdev-wheel.c.o libinput.so.10.13.0.p/src_path-seat.c.o libinput.so.10.13.0.p/src_udev-seat.c.o libinput.so.10.13.0.p/src_timer.c.o -Wl,--as-needed -Wl,--no-undefined -shared -fPIC -Wl,--start-group -Wl,-soname,libinput.so.10 -O2 -m64 -march=x86-64 -mtune=generic -flto=auto -ffat-lto-objects liblibinput-util.a libquirks.a -Wl,--version-script,/home/devel/building/work/src/libinput-1.25.0/src/libinput.sym /usr/lib/libmtdev.so /usr/lib/libudev.so -lrt /usr/lib/libevdev.so -lm -Wl,--end-group
[99/111] /usr/bin/meson --internal symbolextractor /home/devel/building/work/src/libinput-1.25.0/build libinput.so.10.13.0 libinput.so.10.13.0 libinput.so.10.13.0.p/libinput.so.10.13.0.symbols 
[100/111] cc  -o libinput-test libinput-test.p/tools_libinput-test.c.o -Wl,--as-needed -Wl,--no-undefined -pie -O2 -m64 -march=x86-64 -mtune=generic -flto=auto -ffat-lto-objects '-Wl,-rpath,$ORIGIN/' -Wl,-rpath-link,/home/devel/building/work/src/libinput-1.25.0/build/ -Wl,--start-group libtools_shared.a libinput.so.10.13.0 liblibinput-util.a libquirks.a /usr/lib/libmtdev.so /usr/lib/libudev.so -lrt /usr/lib/libevdev.so -lm -Wl,--end-group
[101/111] cc  -o test-build-linker test-build-linker.p/test_build-pedantic.c.o -Wl,--as-needed -Wl,--no-undefined -pie -O2 -m64 -march=x86-64 -mtune=generic -flto=auto -ffat-lto-objects '-Wl,-rpath,$ORIGIN/' -Wl,-rpath-link,/home/devel/building/work/src/libinput-1.25.0/build/ -Wl,--start-group libinput.so.10.13.0 liblibinput-util.a libquirks.a /usr/lib/libmtdev.so /usr/lib/libudev.so -lrt /usr/lib/libevdev.so -lm -Wl,--end-group
[102/111] cc  -o test-builddir-lookup test-builddir-lookup.p/test_test-builddir-lookup.c.o -Wl,--as-needed -Wl,--no-undefined -pie -O2 -m64 -march=x86-64 -mtune=generic -flto=auto -ffat-lto-objects '-Wl,-rpath,$ORIGIN/' -Wl,-rpath-link,/home/devel/building/work/src/libinput-1.25.0/build/ -Wl,--start-group libtools_shared.a libinput.so.10.13.0 liblibinput-util.a libquirks.a /usr/lib/libmtdev.so /usr/lib/libudev.so -lrt /usr/lib/libevdev.so -lm -Wl,--end-group
[103/111] cc  -o ptraccel-debug ptraccel-debug.p/tools_ptraccel-debug.c.o -Wl,--as-needed -Wl,--no-undefined -pie -O2 -m64 -march=x86-64 -mtune=generic -flto=auto -ffat-lto-objects '-Wl,-rpath,$ORIGIN/' -Wl,-rpath-link,/home/devel/building/work/src/libinput-1.25.0/build/ -Wl,--start-group libfilter.a libinput.so.10.13.0 liblibinput-util.a libquirks.a /usr/lib/libmtdev.so /usr/lib/libudev.so -lrt /usr/lib/libevdev.so -lm -Wl,--end-group
[104/111] cc  -o libinput libinput.p/tools_libinput-tool.c.o -Wl,--as-needed -Wl,--no-undefined -pie -O2 -m64 -march=x86-64 -mtune=generic -flto=auto -ffat-lto-objects '-Wl,-rpath,$ORIGIN/' -Wl,-rpath-link,/home/devel/building/work/src/libinput-1.25.0/build/ -Wl,--start-group libtools_shared.a libinput.so.10.13.0 liblibinput-util.a libquirks.a /usr/lib/libmtdev.so /usr/lib/libudev.so -lrt /usr/lib/libevdev.so -lm -Wl,--end-group
[105/111] cc  -o libinput-record libinput-record.p/tools_libinput-record.c.o -Wl,--as-needed -Wl,--no-undefined -pie -O2 -m64 -march=x86-64 -mtune=generic -flto=auto -ffat-lto-objects '-Wl,-rpath,$ORIGIN/' -Wl,-rpath-link,/home/devel/building/work/src/libinput-1.25.0/build/ -Wl,--start-group libtools_shared.a libinput.so.10.13.0 liblibinput-util.a libquirks.a /usr/lib/libmtdev.so /usr/lib/libudev.so -lrt /usr/lib/libevdev.so -lm -Wl,--end-group
[106/111] cc  -o libinput-analyze libinput-analyze.p/tools_libinput-analyze.c.o -Wl,--as-needed -Wl,--no-undefined -pie -O2 -m64 -march=x86-64 -mtune=generic -flto=auto -ffat-lto-objects '-Wl,-rpath,$ORIGIN/' -Wl,-rpath-link,/home/devel/building/work/src/libinput-1.25.0/build/ -Wl,--start-group libtools_shared.a libinput.so.10.13.0 liblibinput-util.a libquirks.a /usr/lib/libmtdev.so /usr/lib/libudev.so -lrt /usr/lib/libevdev.so -lm -Wl,--end-group
[107/111] cc  -o libinput-measure libinput-measure.p/tools_libinput-measure.c.o -Wl,--as-needed -Wl,--no-undefined -pie -O2 -m64 -march=x86-64 -mtune=generic -flto=auto -ffat-lto-objects '-Wl,-rpath,$ORIGIN/' -Wl,-rpath-link,/home/devel/building/work/src/libinput-1.25.0/build/ -Wl,--start-group libtools_shared.a libinput.so.10.13.0 liblibinput-util.a libquirks.a /usr/lib/libmtdev.so /usr/lib/libudev.so -lrt /usr/lib/libevdev.so -lm -Wl,--end-group
[108/111] cc  -o libinput-list-devices libinput-list-devices.p/tools_libinput-list-devices.c.o -Wl,--as-needed -Wl,--no-undefined -pie -O2 -m64 -march=x86-64 -mtune=generic -flto=auto -ffat-lto-objects '-Wl,-rpath,$ORIGIN/' -Wl,-rpath-link,/home/devel/building/work/src/libinput-1.25.0/build/ -Wl,--start-group libtools_shared.a libinput.so.10.13.0 liblibinput-util.a libquirks.a /usr/lib/libmtdev.so /usr/lib/libudev.so -lrt /usr/lib/libevdev.so -lm -Wl,--end-group
[109/111] cc  -o libinput-quirks libinput-quirks.p/tools_libinput-quirks.c.o -Wl,--as-needed -Wl,--no-undefined -pie -O2 -m64 -march=x86-64 -mtune=generic -flto=auto -ffat-lto-objects '-Wl,-rpath,$ORIGIN/' -Wl,-rpath-link,/home/devel/building/work/src/libinput-1.25.0/build/ -Wl,--start-group libquirks.a liblibinput-util.a libtools_shared.a libinput.so.10.13.0 /usr/lib/libmtdev.so /usr/lib/libudev.so -lrt /usr/lib/libevdev.so -lm -Wl,--end-group
[110/111] cc  -o libinput-debug-tablet libinput-debug-tablet.p/tools_libinput-debug-tablet.c.o -Wl,--as-needed -Wl,--no-undefined -pie -O2 -m64 -march=x86-64 -mtune=generic -flto=auto -ffat-lto-objects '-Wl,-rpath,$ORIGIN/' -Wl,-rpath-link,/home/devel/building/work/src/libinput-1.25.0/build/ -Wl,--start-group libtools_shared.a libinput.so.10.13.0 liblibinput-util.a libquirks.a /usr/lib/libmtdev.so /usr/lib/libudev.so -lrt /usr/lib/libevdev.so -lm -Wl,--end-group
[111/111] cc  -o libinput-debug-events libinput-debug-events.p/tools_libinput-debug-events.c.o -Wl,--as-needed -Wl,--no-undefined -pie -O2 -m64 -march=x86-64 -mtune=generic -flto=auto -ffat-lto-objects '-Wl,-rpath,$ORIGIN/' -Wl,-rpath-link,/home/devel/building/work/src/libinput-1.25.0/build/ -Wl,--start-group libtools_shared.a libinput.so.10.13.0 liblibinput-util.a libquirks.a /usr/lib/libmtdev.so /usr/lib/libudev.so -lrt /usr/lib/libevdev.so -lm -Wl,--end-group
INFO: autodetecting backend as ninja
INFO: calculating backend command to run: /usr/bin/ninja -C /home/devel/building/work/src/libinput-1.25.0/build -j 8 -v
+ DESTDIR=/home/devel/building/work/pkg
+ meson install --no-rebuild -C build
Installing subdir /home/devel/building/work/src/libinput-1.25.0/quirks to /home/devel/building/work/pkg/usr/share/libinput
Installing /home/devel/building/work/src/libinput-1.25.0/quirks/10-generic-keyboard.quirks to /home/devel/building/work/pkg/usr/share/libinput
Installing /home/devel/building/work/src/libinput-1.25.0/quirks/10-generic-mouse.quirks to /home/devel/building/work/pkg/usr/share/libinput
Installing /home/devel/building/work/src/libinput-1.25.0/quirks/10-generic-trackball.quirks to /home/devel/building/work/pkg/usr/share/libinput
Installing /home/devel/building/work/src/libinput-1.25.0/quirks/30-vendor-a4tech.quirks to /home/devel/building/work/pkg/usr/share/libinput
Installing /home/devel/building/work/src/libinput-1.25.0/quirks/30-vendor-aiptek.quirks to /home/devel/building/work/pkg/usr/share/libinput
Installing /home/devel/building/work/src/libinput-1.25.0/quirks/30-vendor-alps.quirks to /home/devel/building/work/pkg/usr/share/libinput
Installing /home/devel/building/work/src/libinput-1.25.0/quirks/30-vendor-contour.quirks to /home/devel/building/work/pkg/usr/share/libinput
Installing /home/devel/building/work/src/libinput-1.25.0/quirks/30-vendor-cypress.quirks to /home/devel/building/work/pkg/usr/share/libinput
Installing /home/devel/building/work/src/libinput-1.25.0/quirks/30-vendor-elantech.quirks to /home/devel/building/work/pkg/usr/share/libinput
Installing /home/devel/building/work/src/libinput-1.25.0/quirks/30-vendor-glorious.quirks to /home/devel/building/work/pkg/usr/share/libinput
Installing /home/devel/building/work/src/libinput-1.25.0/quirks/30-vendor-ibm.quirks to /home/devel/building/work/pkg/usr/share/libinput
Installing /home/devel/building/work/src/libinput-1.25.0/quirks/30-vendor-kensington.quirks to /home/devel/building/work/pkg/usr/share/libinput
Installing /home/devel/building/work/src/libinput-1.25.0/quirks/30-vendor-logitech.quirks to /home/devel/building/work/pkg/usr/share/libinput
Installing /home/devel/building/work/src/libinput-1.25.0/quirks/30-vendor-madcatz.quirks to /home/devel/building/work/pkg/usr/share/libinput
Installing /home/devel/building/work/src/libinput-1.25.0/quirks/30-vendor-microsoft.quirks to /home/devel/building/work/pkg/usr/share/libinput
Installing /home/devel/building/work/src/libinput-1.25.0/quirks/30-vendor-oracle.quirks to /home/devel/building/work/pkg/usr/share/libinput
Installing /home/devel/building/work/src/libinput-1.25.0/quirks/30-vendor-qemu.quirks to /home/devel/building/work/pkg/usr/share/libinput
Installing /home/devel/building/work/src/libinput-1.25.0/quirks/30-vendor-razer.quirks to /home/devel/building/work/pkg/usr/share/libinput
Installing /home/devel/building/work/src/libinput-1.25.0/quirks/30-vendor-synaptics.quirks to /home/devel/building/work/pkg/usr/share/libinput
Installing /home/devel/building/work/src/libinput-1.25.0/quirks/30-vendor-trust.quirks to /home/devel/building/work/pkg/usr/share/libinput
Installing /home/devel/building/work/src/libinput-1.25.0/quirks/30-vendor-vmware.quirks to /home/devel/building/work/pkg/usr/share/libinput
Installing /home/devel/building/work/src/libinput-1.25.0/quirks/30-vendor-wacom.quirks to /home/devel/building/work/pkg/usr/share/libinput
Installing /home/devel/building/work/src/libinput-1.25.0/quirks/50-system-acer.quirks to /home/devel/building/work/pkg/usr/share/libinput
Installing /home/devel/building/work/src/libinput-1.25.0/quirks/50-system-apple.quirks to /home/devel/building/work/pkg/usr/share/libinput
Installing /home/devel/building/work/src/libinput-1.25.0/quirks/50-system-asus.quirks to /home/devel/building/work/pkg/usr/share/libinput
Installing /home/devel/building/work/src/libinput-1.25.0/quirks/50-system-chicony.quirks to /home/devel/building/work/pkg/usr/share/libinput
Installing /home/devel/building/work/src/libinput-1.25.0/quirks/50-system-chuwi.quirks to /home/devel/building/work/pkg/usr/share/libinput
Installing /home/devel/building/work/src/libinput-1.25.0/quirks/50-system-cyborg.quirks to /home/devel/building/work/pkg/usr/share/libinput
Installing /home/devel/building/work/src/libinput-1.25.0/quirks/50-system-dell.quirks to /home/devel/building/work/pkg/usr/share/libinput
Installing /home/devel/building/work/src/libinput-1.25.0/quirks/50-system-framework.quirks to /home/devel/building/work/pkg/usr/share/libinput
Installing /home/devel/building/work/src/libinput-1.25.0/quirks/50-system-gigabyte.quirks to /home/devel/building/work/pkg/usr/share/libinput
Installing /home/devel/building/work/src/libinput-1.25.0/quirks/50-system-google.quirks to /home/devel/building/work/pkg/usr/share/libinput
Installing /home/devel/building/work/src/libinput-1.25.0/quirks/50-system-gpd.quirks to /home/devel/building/work/pkg/usr/share/libinput
Installing /home/devel/building/work/src/libinput-1.25.0/quirks/50-system-graviton.quirks to /home/devel/building/work/pkg/usr/share/libinput
Installing /home/devel/building/work/src/libinput-1.25.0/quirks/50-system-hp.quirks to /home/devel/building/work/pkg/usr/share/libinput
Installing /home/devel/building/work/src/libinput-1.25.0/quirks/50-system-huawei.quirks to /home/devel/building/work/pkg/usr/share/libinput
Installing /home/devel/building/work/src/libinput-1.25.0/quirks/50-system-lenovo.quirks to /home/devel/building/work/pkg/usr/share/libinput
Installing /home/devel/building/work/src/libinput-1.25.0/quirks/50-system-pine64.quirks to /home/devel/building/work/pkg/usr/share/libinput
Installing /home/devel/building/work/src/libinput-1.25.0/quirks/50-system-sony.quirks to /home/devel/building/work/pkg/usr/share/libinput
Installing /home/devel/building/work/src/libinput-1.25.0/quirks/50-system-starlabs.quirks to /home/devel/building/work/pkg/usr/share/libinput
Installing /home/devel/building/work/src/libinput-1.25.0/quirks/50-system-system76.quirks to /home/devel/building/work/pkg/usr/share/libinput
Installing /home/devel/building/work/src/libinput-1.25.0/quirks/50-system-toshiba.quirks to /home/devel/building/work/pkg/usr/share/libinput
Installing /home/devel/building/work/src/libinput-1.25.0/quirks/50-system-vaio.quirks to /home/devel/building/work/pkg/usr/share/libinput
Installing libinput-device-group to /home/devel/building/work/pkg/lib/udev
Installing libinput-fuzz-extract to /home/devel/building/work/pkg/lib/udev
Installing libinput-fuzz-to-zero to /home/devel/building/work/pkg/lib/udev
Installing libinput.so.10.13.0 to /home/devel/building/work/pkg/usr/lib
Installing libinput-debug-events to /home/devel/building/work/pkg/usr/lib/libinput
Installing libinput-debug-tablet to /home/devel/building/work/pkg/usr/lib/libinput
Installing libinput-quirks to /home/devel/building/work/pkg/usr/lib/libinput
Installing libinput-list-devices to /home/devel/building/work/pkg/usr/lib/libinput
Installing libinput-measure to /home/devel/building/work/pkg/usr/lib/libinput
Installing libinput-analyze to /home/devel/building/work/pkg/usr/lib/libinput
Installing libinput-record to /home/devel/building/work/pkg/usr/lib/libinput
Installing libinput to /home/devel/building/work/pkg/usr/bin
Installing libinput-test to /home/devel/building/work/pkg/usr/lib/libinput
Installing /home/devel/building/work/src/libinput-1.25.0/src/libinput.h to /home/devel/building/work/pkg/usr/include
Installing new directory /home/devel/building/work/pkg/etc/libinput
Installing /home/devel/building/work/src/libinput-1.25.0/build/80-libinput-device-groups.rules to /home/devel/building/work/pkg/lib/udev/rules.d
Installing /home/devel/building/work/src/libinput-1.25.0/build/90-libinput-fuzz-override.rules to /home/devel/building/work/pkg/lib/udev/rules.d
Installing /home/devel/building/work/src/libinput-1.25.0/build/meson-private/libinput.pc to /home/devel/building/work/pkg/usr/lib/pkgconfig
Installing /home/devel/building/work/src/libinput-1.25.0/build/libinput-analyze-per-slot-delta to /home/devel/building/work/pkg/usr/lib/libinput
Installing /home/devel/building/work/src/libinput-1.25.0/build/libinput-analyze-recording to /home/devel/building/work/pkg/usr/lib/libinput
Installing /home/devel/building/work/src/libinput-1.25.0/build/libinput-analyze-touch-down-state to /home/devel/building/work/pkg/usr/lib/libinput
Installing /home/devel/building/work/src/libinput-1.25.0/build/libinput-list-kernel-devices to /home/devel/building/work/pkg/usr/lib/libinput
Installing /home/devel/building/work/src/libinput-1.25.0/build/libinput-measure-fuzz to /home/devel/building/work/pkg/usr/lib/libinput
Installing /home/devel/building/work/src/libinput-1.25.0/build/libinput-measure-touchpad-size to /home/devel/building/work/pkg/usr/lib/libinput
Installing /home/devel/building/work/src/libinput-1.25.0/build/libinput-measure-touchpad-tap to /home/devel/building/work/pkg/usr/lib/libinput
Installing /home/devel/building/work/src/libinput-1.25.0/build/libinput-measure-touchpad-pressure to /home/devel/building/work/pkg/usr/lib/libinput
Installing /home/devel/building/work/src/libinput-1.25.0/build/libinput-measure-touch-size to /home/devel/building/work/pkg/usr/lib/libinput
Installing /home/devel/building/work/src/libinput-1.25.0/build/libinput-replay to /home/devel/building/work/pkg/usr/lib/libinput
Installing /home/devel/building/work/src/libinput-1.25.0/build/libinput.1 to /home/devel/building/work/pkg/usr/share/man/man1
Installing /home/devel/building/work/src/libinput-1.25.0/build/libinput-analyze.1 to /home/devel/building/work/pkg/usr/share/man/man1
Installing /home/devel/building/work/src/libinput-1.25.0/build/libinput-analyze-per-slot-delta.1 to /home/devel/building/work/pkg/usr/share/man/man1
Installing /home/devel/building/work/src/libinput-1.25.0/build/libinput-analyze-recording.1 to /home/devel/building/work/pkg/usr/share/man/man1
Installing /home/devel/building/work/src/libinput-1.25.0/build/libinput-analyze-touch-down-state.1 to /home/devel/building/work/pkg/usr/share/man/man1
Installing /home/devel/building/work/src/libinput-1.25.0/build/libinput-debug-events.1 to /home/devel/building/work/pkg/usr/share/man/man1
Installing /home/devel/building/work/src/libinput-1.25.0/build/libinput-debug-tablet.1 to /home/devel/building/work/pkg/usr/share/man/man1
Installing /home/devel/building/work/src/libinput-1.25.0/build/libinput-list-devices.1 to /home/devel/building/work/pkg/usr/share/man/man1
Installing /home/devel/building/work/src/libinput-1.25.0/build/libinput-list-kernel-devices.1 to /home/devel/building/work/pkg/usr/share/man/man1
Installing /home/devel/building/work/src/libinput-1.25.0/build/libinput-measure.1 to /home/devel/building/work/pkg/usr/share/man/man1
Installing /home/devel/building/work/src/libinput-1.25.0/build/libinput-measure-fuzz.1 to /home/devel/building/work/pkg/usr/share/man/man1
Installing /home/devel/building/work/src/libinput-1.25.0/build/libinput-measure-touchpad-size.1 to /home/devel/building/work/pkg/usr/share/man/man1
Installing /home/devel/building/work/src/libinput-1.25.0/build/libinput-measure-touchpad-tap.1 to /home/devel/building/work/pkg/usr/share/man/man1
Installing /home/devel/building/work/src/libinput-1.25.0/build/libinput-measure-touchpad-pressure.1 to /home/devel/building/work/pkg/usr/share/man/man1
Installing /home/devel/building/work/src/libinput-1.25.0/build/libinput-measure-touch-size.1 to /home/devel/building/work/pkg/usr/share/man/man1
Installing /home/devel/building/work/src/libinput-1.25.0/build/libinput-quirks.1 to /home/devel/building/work/pkg/usr/share/man/man1
Installing /home/devel/building/work/src/libinput-1.25.0/build/libinput-record.1 to /home/devel/building/work/pkg/usr/share/man/man1
Installing /home/devel/building/work/src/libinput-1.25.0/build/libinput-replay.1 to /home/devel/building/work/pkg/usr/share/man/man1
Installing /home/devel/building/work/src/libinput-1.25.0/build/libinput-test.1 to /home/devel/building/work/pkg/usr/share/man/man1
Installing /home/devel/building/work/src/libinput-1.25.0/build/libinput-quirks-list.1 to /home/devel/building/work/pkg/usr/share/man/man1
Installing /home/devel/building/work/src/libinput-1.25.0/build/libinput-quirks-validate.1 to /home/devel/building/work/pkg/usr/share/man/man1
Installing symlink pointing to libinput.so.10.13.0 to /home/devel/building/work/pkg/usr/lib/libinput.so.10
Installing symlink pointing to libinput.so.10 to /home/devel/building/work/pkg/usr/lib/libinput.so
=======> Build result:
drwxr-xr-x  0 root   root        0 Feb  1 18:13 etc/
drwxr-xr-x  0 root   root        0 Feb  1 18:13 etc/libinput/
drwxr-xr-x  0 root   root        0 Feb  1 18:13 lib/
drwxr-xr-x  0 root   root        0 Feb  1 18:13 lib/udev/
-rwxr-xr-x  0 root   root    14560 Feb  1 18:13 lib/udev/libinput-device-group
-rwxr-xr-x  0 root   root    14624 Feb  1 18:13 lib/udev/libinput-fuzz-extract
-rwxr-xr-x  0 root   root    14560 Feb  1 18:13 lib/udev/libinput-fuzz-to-zero
drwxr-xr-x  0 root   root        0 Feb  1 18:13 lib/udev/rules.d/
-rw-r--r--  0 root   root      207 Feb  1 18:13 lib/udev/rules.d/80-libinput-device-groups.rules
-rw-r--r--  0 root   root     1098 Feb  1 18:13 lib/udev/rules.d/90-libinput-fuzz-override.rules
drwxr-xr-x  0 root   root        0 Feb  1 18:13 usr/
drwxr-xr-x  0 root   root        0 Feb  1 18:13 usr/share/
drwxr-xr-x  0 root   root        0 Feb  1 18:13 usr/lib/
drwxr-xr-x  0 root   root        0 Feb  1 18:13 usr/bin/
drwxr-xr-x  0 root   root        0 Feb  1 18:13 usr/include/
-rw-r--r--  0 root   root   209107 Jan 15 09:53 usr/include/libinput.h
-rwxr-xr-x  0 root   root    14664 Feb  1 18:13 usr/bin/libinput
-rwxr-xr-x  0 root   root   323928 Feb  1 18:13 usr/lib/libinput.so.10.13.0
drwxr-xr-x  0 root   root        0 Feb  1 18:13 usr/lib/libinput/
drwxr-xr-x  0 root   root        0 Feb  1 18:13 usr/lib/pkgconfig/
lrwxrwxrwx  0 root   root        0 Feb  1 18:13 usr/lib/libinput.so.10 -> libinput.so.10.13.0
lrwxrwxrwx  0 root   root        0 Feb  1 18:13 usr/lib/libinput.so -> libinput.so.10
-rw-r--r--  0 root   root      178 Feb  1 18:13 usr/lib/pkgconfig/libinput.pc
-rwxr-xr-x  0 root   root    54264 Feb  1 18:13 usr/lib/libinput/libinput-debug-events
-rwxr-xr-x  0 root   root    28728 Feb  1 18:13 usr/lib/libinput/libinput-debug-tablet
-rwxr-xr-x  0 root   root    39592 Feb  1 18:13 usr/lib/libinput/libinput-quirks
-rwxr-xr-x  0 root   root    23288 Feb  1 18:13 usr/lib/libinput/libinput-list-devices
-rwxr-xr-x  0 root   root    14632 Feb  1 18:13 usr/lib/libinput/libinput-measure
-rwxr-xr-x  0 root   root    14632 Feb  1 18:13 usr/lib/libinput/libinput-analyze
-rwxr-xr-x  0 root   root    82072 Feb  1 18:13 usr/lib/libinput/libinput-record
-rwxr-xr-x  0 root   root    14632 Feb  1 18:13 usr/lib/libinput/libinput-test
-rwxr-xr-x  0 root   root    13903 Jan 15 09:53 usr/lib/libinput/libinput-analyze-per-slot-delta
-rwxr-xr-x  0 root   root     7840 Jan 15 09:53 usr/lib/libinput/libinput-analyze-recording
-rwxr-xr-x  0 root   root     6644 Jan 15 09:53 usr/lib/libinput/libinput-analyze-touch-down-state
-rwxr-xr-x  0 root   root     4182 Jan 15 09:53 usr/lib/libinput/libinput-list-kernel-devices
-rwxr-xr-x  0 root   root    16611 Jan 15 09:53 usr/lib/libinput/libinput-measure-fuzz
-rwxr-xr-x  0 root   root    13836 Jan 15 09:53 usr/lib/libinput/libinput-measure-touchpad-size
-rwxr-xr-x  0 root   root     8529 Jan 15 09:53 usr/lib/libinput/libinput-measure-touchpad-tap
-rwxr-xr-x  0 root   root    12812 Jan 15 09:53 usr/lib/libinput/libinput-measure-touchpad-pressure
-rwxr-xr-x  0 root   root    11669 Jan 15 09:53 usr/lib/libinput/libinput-measure-touch-size
-rwxr-xr-x  0 root   root    12107 Jan 15 09:53 usr/lib/libinput/libinput-replay
drwxr-xr-x  0 root   root        0 Feb  1 18:13 usr/share/libinput/
drwxr-xr-x  0 root   root        0 Feb  1 18:13 usr/share/man/
drwxr-xr-x  0 root   root        0 Feb  1 18:13 usr/share/man/man1/
-rw-r--r--  0 root   root      856 Feb  1 18:13 usr/share/man/man1/libinput.1.gz
-rw-r--r--  0 root   root      510 Feb  1 18:13 usr/share/man/man1/libinput-analyze.1.gz
-rw-r--r--  0 root   root     1221 Feb  1 18:13 usr/share/man/man1/libinput-analyze-per-slot-delta.1.gz
-rw-r--r--  0 root   root      563 Feb  1 18:13 usr/share/man/man1/libinput-analyze-recording.1.gz
-rw-r--r--  0 root   root      682 Feb  1 18:13 usr/share/man/man1/libinput-analyze-touch-down-state.1.gz
-rw-r--r--  0 root   root     1624 Feb  1 18:13 usr/share/man/man1/libinput-debug-events.1.gz
-rw-r--r--  0 root   root      593 Feb  1 18:13 usr/share/man/man1/libinput-debug-tablet.1.gz
-rw-r--r--  0 root   root      691 Feb  1 18:13 usr/share/man/man1/libinput-list-devices.1.gz
-rw-r--r--  0 root   root      434 Feb  1 18:13 usr/share/man/man1/libinput-list-kernel-devices.1.gz
-rw-r--r--  0 root   root      548 Feb  1 18:13 usr/share/man/man1/libinput-measure.1.gz
-rw-r--r--  0 root   root      521 Feb  1 18:13 usr/share/man/man1/libinput-measure-fuzz.1.gz
-rw-r--r--  0 root   root      761 Feb  1 18:13 usr/share/man/man1/libinput-measure-touchpad-size.1.gz
-rw-r--r--  0 root   root     1366 Feb  1 18:13 usr/share/man/man1/libinput-measure-touchpad-tap.1.gz
-rw-r--r--  0 root   root      982 Feb  1 18:13 usr/share/man/man1/libinput-measure-touchpad-pressure.1.gz
-rw-r--r--  0 root   root      845 Feb  1 18:13 usr/share/man/man1/libinput-measure-touch-size.1.gz
-rw-r--r--  0 root   root      549 Feb  1 18:13 usr/share/man/man1/libinput-quirks.1.gz
-rw-r--r--  0 root   root     4236 Feb  1 18:13 usr/share/man/man1/libinput-record.1.gz
-rw-r--r--  0 root   root      593 Feb  1 18:13 usr/share/man/man1/libinput-replay.1.gz
-rw-r--r--  0 root   root      556 Feb  1 18:13 usr/share/man/man1/libinput-test.1.gz
-rw-r--r--  0 root   root      554 Feb  1 18:13 usr/share/man/man1/libinput-quirks-list.1.gz
-rw-r--r--  0 root   root      558 Feb  1 18:13 usr/share/man/man1/libinput-quirks-validate.1.gz
-rw-r--r--  0 root   root      245 Jan 15 09:53 usr/share/libinput/10-generic-keyboard.quirks
-rw-r--r--  0 root   root      197 Jan 15 09:53 usr/share/libinput/10-generic-mouse.quirks
-rw-r--r--  0 root   root      110 Jan 15 09:53 usr/share/libinput/10-generic-trackball.quirks
-rw-r--r--  0 root   root      100 Jan 15 09:53 usr/share/libinput/30-vendor-a4tech.quirks
-rw-r--r--  0 root   root      307 Jan 15 09:53 usr/share/libinput/30-vendor-aiptek.quirks
-rw-r--r--  0 root   root      894 Jan 15 09:53 usr/share/libinput/30-vendor-alps.quirks
-rw-r--r--  0 root   root      575 Jan 15 09:53 usr/share/libinput/30-vendor-contour.quirks
-rw-r--r--  0 root   root      272 Jan 15 09:53 usr/share/libinput/30-vendor-cypress.quirks
-rw-r--r--  0 root   root      250 Jan 15 09:53 usr/share/libinput/30-vendor-elantech.quirks
-rw-r--r--  0 root   root      111 Jan 15 09:53 usr/share/libinput/30-vendor-glorious.quirks
-rw-r--r--  0 root   root     1099 Jan 15 09:53 usr/share/libinput/30-vendor-ibm.quirks
-rw-r--r--  0 root   root      187 Jan 15 09:53 usr/share/libinput/30-vendor-kensington.quirks
-rw-r--r--  0 root   root     2382 Jan 15 09:53 usr/share/libinput/30-vendor-logitech.quirks
-rw-r--r--  0 root   root     1952 Jan 15 09:53 usr/share/libinput/30-vendor-madcatz.quirks
-rw-r--r--  0 root   root     1207 Jan 15 09:53 usr/share/libinput/30-vendor-microsoft.quirks
-rw-r--r--  0 root   root       92 Jan 15 09:53 usr/share/libinput/30-vendor-oracle.quirks
-rw-r--r--  0 root   root       82 Jan 15 09:53 usr/share/libinput/30-vendor-qemu.quirks
-rw-r--r--  0 root   root     5685 Jan 15 09:53 usr/share/libinput/30-vendor-razer.quirks
-rw-r--r--  0 root   root      510 Jan 15 09:53 usr/share/libinput/30-vendor-synaptics.quirks
-rw-r--r--  0 root   root      120 Jan 15 09:53 usr/share/libinput/30-vendor-trust.quirks
-rw-r--r--  0 root   root      246 Jan 15 09:53 usr/share/libinput/30-vendor-vmware.quirks
-rw-r--r--  0 root   root      676 Jan 15 09:53 usr/share/libinput/30-vendor-wacom.quirks
-rw-r--r--  0 root   root      265 Jan 15 09:53 usr/share/libinput/50-system-acer.quirks
-rw-r--r--  0 root   root     3165 Jan 15 09:53 usr/share/libinput/50-system-apple.quirks
-rw-r--r--  0 root   root     1535 Jan 15 09:53 usr/share/libinput/50-system-asus.quirks
-rw-r--r--  0 root   root      425 Jan 15 09:53 usr/share/libinput/50-system-chicony.quirks
-rw-r--r--  0 root   root      218 Jan 15 09:53 usr/share/libinput/50-system-chuwi.quirks
-rw-r--r--  0 root   root     1522 Jan 15 09:53 usr/share/libinput/50-system-cyborg.quirks
-rw-r--r--  0 root   root     3515 Jan 15 09:53 usr/share/libinput/50-system-dell.quirks
-rw-r--r--  0 root   root      162 Jan 15 09:53 usr/share/libinput/50-system-framework.quirks
-rw-r--r--  0 root   root      159 Jan 15 09:53 usr/share/libinput/50-system-gigabyte.quirks
-rw-r--r--  0 root   root     3090 Jan 15 09:53 usr/share/libinput/50-system-google.quirks
-rw-r--r--  0 root   root      158 Jan 15 09:53 usr/share/libinput/50-system-gpd.quirks
-rw-r--r--  0 root   root      229 Jan 15 09:53 usr/share/libinput/50-system-graviton.quirks
-rw-r--r--  0 root   root     3380 Jan 15 09:53 usr/share/libinput/50-system-hp.quirks
-rw-r--r--  0 root   root      426 Jan 15 09:53 usr/share/libinput/50-system-huawei.quirks
-rw-r--r--  0 root   root    10135 Jan 15 09:53 usr/share/libinput/50-system-lenovo.quirks
-rw-r--r--  0 root   root      132 Jan 15 09:53 usr/share/libinput/50-system-pine64.quirks
-rw-r--r--  0 root   root      247 Jan 15 09:53 usr/share/libinput/50-system-sony.quirks
-rw-r--r--  0 root   root      161 Jan 15 09:53 usr/share/libinput/50-system-starlabs.quirks
-rw-r--r--  0 root   root      575 Jan 15 09:53 usr/share/libinput/50-system-system76.quirks
-rw-r--r--  0 root   root      149 Jan 15 09:53 usr/share/libinput/50-system-toshiba.quirks
-rw-r--r--  0 root   root      173 Jan 15 09:53 usr/share/libinput/50-system-vaio.quirks
=======> Building '/home/devel/packages/libinput#1.25.0-1.x86_64.pkg.tar.zst' succeeded.
prt-get: Using PKGMK_PACKAGE_DIR: /home/devel/packages
prt-get: reinstalling libinput 1.25.0-1
prt-get: /usr/bin/pkgadd -u libinput#1.25.0-1.x86_64.pkg.tar.zst
prt-get: build done Thu Feb  1 18:13:33 2024

