prt-get: updating /usr/ports/opt-x86_64/libidl
prt-get: starting build Thu Feb  1 18:12:59 2024
=======> Building '/home/devel/packages/libidl#0.8.14-1.x86_64.pkg.tar.zst'.
bsdtar -p -o -C /home/devel/building/work/src -xf /home/devel/sources/libIDL-0.8.14.tar.bz2
+ build
+ cd libIDL-0.8.14
+ ./configure --build=x86_64-unknown-linux-gnu --prefix=/usr --disable-static
checking for a BSD-compatible install... /usr/bin/install -c
checking whether build environment is sane... yes
checking for a thread-safe mkdir -p... /bin/mkdir -p
checking for gawk... gawk
checking whether make sets $(MAKE)... yes
checking for style of include used by make... GNU
checking for gcc... gcc
checking for C compiler default output file name... a.out
checking whether the C compiler works... yes
checking whether we are cross compiling... no
checking for suffix of executables... 
checking for suffix of object files... o
checking whether we are using the GNU C compiler... yes
checking whether gcc accepts -g... yes
checking for gcc option to accept ISO C89... none needed
checking dependency style of gcc... gcc3
checking for library containing strerror... none required
checking for gcc... (cached) gcc
checking whether we are using the GNU C compiler... (cached) yes
checking whether gcc accepts -g... (cached) yes
checking for gcc option to accept ISO C89... (cached) none needed
checking dependency style of gcc... (cached) gcc3
checking how to run the C preprocessor... gcc -E
checking if C preprocessor likes IDL... yes
checking if C preprocessor can read from stdin... yes
checking for flex... flex
checking lex output file root... lex.yy
checking lex library... -lfl
checking whether yytext is a pointer... yes
checking for bison... bison -y
checking for bison... yes
checking build system type... x86_64-unknown-linux-gnu
checking host system type... x86_64-unknown-linux-gnu
checking for a sed that does not truncate output... /bin/sed
checking for grep that handles long lines and -e... /usr/bin/grep
checking for egrep... /usr/bin/grep -E
checking for fgrep... /usr/bin/grep -F
checking for ld used by gcc... /usr/bin/ld
checking if the linker (/usr/bin/ld) is GNU ld... yes
checking for BSD- or MS-compatible name lister (nm)... /usr/bin/nm -B
checking the name lister (/usr/bin/nm -B) interface... BSD nm
checking whether ln -s works... yes
checking the maximum length of command line arguments... 1572864
checking whether the shell understands some XSI constructs... yes
checking whether the shell understands "+="... no
checking for /usr/bin/ld option to reload object files... -r
checking for objdump... objdump
checking how to recognize dependent libraries... pass_all
checking for ar... ar
checking for strip... strip
checking for ranlib... ranlib
checking command to parse /usr/bin/nm -B output from gcc object... ok
checking for ANSI C header files... yes
checking for sys/types.h... yes
checking for sys/stat.h... yes
checking for stdlib.h... yes
checking for string.h... yes
checking for memory.h... yes
checking for strings.h... yes
checking for inttypes.h... yes
checking for stdint.h... yes
checking for unistd.h... yes
checking for dlfcn.h... yes
checking for objdir... .libs
checking if gcc supports -fno-rtti -fno-exceptions... no
checking for gcc option to produce PIC... -fPIC -DPIC
checking if gcc PIC flag -fPIC -DPIC works... yes
checking if gcc static flag -static works... yes
checking if gcc supports -c -o file.o... yes
checking if gcc supports -c -o file.o... (cached) yes
checking whether the gcc linker (/usr/bin/ld -m elf_x86_64) supports shared libraries... yes
checking whether -lc should be explicitly linked in... no
checking dynamic linker characteristics... GNU/Linux ld.so
checking how to hardcode library paths into programs... immediate
checking whether stripping libraries is possible... yes
checking if libtool supports shared libraries... yes
checking whether to build shared libraries... yes
checking whether to build static libraries... no
checking whether to enable maintainer-specific portions of Makefiles... no
checking for Win32... no
checking for pkg-config... /usr/bin/pkg-config
checking pkg-config is at least version 0.9.0... yes
checking for LIBIDL... yes
checking for ANSI C header files... (cached) yes
checking stddef.h usability... yes
checking stddef.h presence... yes
checking for stddef.h... yes
checking for unistd.h... (cached) yes
checking wchar.h usability... yes
checking wchar.h presence... yes
checking for wchar.h... yes
checking wcstr.h usability... no
checking wcstr.h presence... no
checking for wcstr.h... no
checking for popen... yes
checking for symlink... yes
checking for access... yes
checking size of long long... 8
checking for format to printf and scanf a guint64... %llu
checking what warning flags to pass to the C compiler... -Wall -Wunused -Wmissing-prototypes -Wmissing-declarations
configure: creating ./config.status
config.status: creating Makefile
config.status: creating Makefile.msc
config.status: creating libIDL-zip
config.status: creating include/Makefile
config.status: creating include/libIDL/Makefile
config.status: creating include/libIDL/IDL.h
config.status: creating libIDL-config-2
config.status: creating libIDL.m4
config.status: creating libIDL.spec
config.status: creating libIDL-2.0.pc
config.status: creating libIDL-2.0-uninstalled.pc
config.status: executing depfiles commands
config.status: executing libtool commands

libIDL 0.8.14 configuration complete

  C Preprocessor: "gcc -E"
  Standard input supported.

+ make V=1
bison -y -d -v 2>/dev/null ./parser.y
test -f y.tab.h && mv -f y.tab.h parser.h || touch parser.h
test -f y.tab.c && mv -f y.tab.c parser.c || touch parser.c
flex -8 -t ./lexer.l | sed -e 's/yy/__IDL_/g' >lexer.c
make  all-recursive
make[1]: Entering directory '/home/devel/building/work/src/libIDL-0.8.14'
Making all in include
make[2]: Entering directory '/home/devel/building/work/src/libIDL-0.8.14/include'
Making all in libIDL
make[3]: Entering directory '/home/devel/building/work/src/libIDL-0.8.14/include/libIDL'
make  all-am
make[4]: Entering directory '/home/devel/building/work/src/libIDL-0.8.14/include/libIDL'
make[4]: Nothing to be done for 'all-am'.
make[4]: Leaving directory '/home/devel/building/work/src/libIDL-0.8.14/include/libIDL'
make[3]: Leaving directory '/home/devel/building/work/src/libIDL-0.8.14/include/libIDL'
make[3]: Entering directory '/home/devel/building/work/src/libIDL-0.8.14/include'
make[3]: Nothing to be done for 'all-am'.
make[3]: Leaving directory '/home/devel/building/work/src/libIDL-0.8.14/include'
make[2]: Leaving directory '/home/devel/building/work/src/libIDL-0.8.14/include'
make[2]: Entering directory '/home/devel/building/work/src/libIDL-0.8.14'
/bin/sh ./libtool  --tag=CC   --mode=compile gcc -DPACKAGE_NAME=\"libIDL\" -DPACKAGE_TARNAME=\"libIDL\" -DPACKAGE_VERSION=\"0.8.14\" -DPACKAGE_STRING=\"libIDL\ 0.8.14\" -DPACKAGE_BUGREPORT=\"http://bugzilla.gnome.org/enter_bug.cgi\?product=libIDL\" -DLIBIDL_VERSION=\"0.8.14\" -DHAVE_CPP_PIPE_STDIN=1 -DCPP_PROGRAM=\"gcc\ -E\" -DYYTEXT_POINTER=1 -DSTDC_HEADERS=1 -DHAVE_SYS_TYPES_H=1 -DHAVE_SYS_STAT_H=1 -DHAVE_STDLIB_H=1 -DHAVE_STRING_H=1 -DHAVE_MEMORY_H=1 -DHAVE_STRINGS_H=1 -DHAVE_INTTYPES_H=1 -DHAVE_STDINT_H=1 -DHAVE_UNISTD_H=1 -DHAVE_DLFCN_H=1 -DLT_OBJDIR=\".libs/\" -DSTDC_HEADERS=1 -DHAVE_STDDEF_H=1 -DHAVE_UNISTD_H=1 -DHAVE_WCHAR_H=1 -DHAVE_POPEN=1 -DHAVE_SYMLINK=1 -DHAVE_ACCESS=1 -DSIZEOF_LONG_LONG=8 -I. -DYYDEBUG=1 -DYYERROR_VERBOSE=1 -I./include -I/usr/include/glib-2.0 -I/usr/lib/glib-2.0/include -DG_LOG_DOMAIN=\"libIDL\" -Wall -Wunused -Wmissing-prototypes -Wmissing-declarations   -DLIBIDL_COMPILATION -O2 -m64 -march=x86-64 -mtune=generic -flto=auto -ffat-lto-objects -MT libIDL_2_la-parser.lo -MD -MP -MF .deps/libIDL_2_la-parser.Tpo -c -o libIDL_2_la-parser.lo `test -f 'parser.c' || echo './'`parser.c
test -f y.tab.h && mv -f y.tab.h parser.h || touch parser.h
/bin/sh ./libtool  --tag=CC   --mode=compile gcc -DPACKAGE_NAME=\"libIDL\" -DPACKAGE_TARNAME=\"libIDL\" -DPACKAGE_VERSION=\"0.8.14\" -DPACKAGE_STRING=\"libIDL\ 0.8.14\" -DPACKAGE_BUGREPORT=\"http://bugzilla.gnome.org/enter_bug.cgi\?product=libIDL\" -DLIBIDL_VERSION=\"0.8.14\" -DHAVE_CPP_PIPE_STDIN=1 -DCPP_PROGRAM=\"gcc\ -E\" -DYYTEXT_POINTER=1 -DSTDC_HEADERS=1 -DHAVE_SYS_TYPES_H=1 -DHAVE_SYS_STAT_H=1 -DHAVE_STDLIB_H=1 -DHAVE_STRING_H=1 -DHAVE_MEMORY_H=1 -DHAVE_STRINGS_H=1 -DHAVE_INTTYPES_H=1 -DHAVE_STDINT_H=1 -DHAVE_UNISTD_H=1 -DHAVE_DLFCN_H=1 -DLT_OBJDIR=\".libs/\" -DSTDC_HEADERS=1 -DHAVE_STDDEF_H=1 -DHAVE_UNISTD_H=1 -DHAVE_WCHAR_H=1 -DHAVE_POPEN=1 -DHAVE_SYMLINK=1 -DHAVE_ACCESS=1 -DSIZEOF_LONG_LONG=8 -I. -DYYDEBUG=1 -DYYERROR_VERBOSE=1 -I./include -I/usr/include/glib-2.0 -I/usr/lib/glib-2.0/include -DG_LOG_DOMAIN=\"libIDL\" -Wall -Wunused -Wmissing-prototypes -Wmissing-declarations   -DLIBIDL_COMPILATION -O2 -m64 -march=x86-64 -mtune=generic -flto=auto -ffat-lto-objects -MT libIDL_2_la-ns.lo -MD -MP -MF .deps/libIDL_2_la-ns.Tpo -c -o libIDL_2_la-ns.lo `test -f 'ns.c' || echo './'`ns.c
/bin/sh ./libtool  --tag=CC   --mode=compile gcc -DPACKAGE_NAME=\"libIDL\" -DPACKAGE_TARNAME=\"libIDL\" -DPACKAGE_VERSION=\"0.8.14\" -DPACKAGE_STRING=\"libIDL\ 0.8.14\" -DPACKAGE_BUGREPORT=\"http://bugzilla.gnome.org/enter_bug.cgi\?product=libIDL\" -DLIBIDL_VERSION=\"0.8.14\" -DHAVE_CPP_PIPE_STDIN=1 -DCPP_PROGRAM=\"gcc\ -E\" -DYYTEXT_POINTER=1 -DSTDC_HEADERS=1 -DHAVE_SYS_TYPES_H=1 -DHAVE_SYS_STAT_H=1 -DHAVE_STDLIB_H=1 -DHAVE_STRING_H=1 -DHAVE_MEMORY_H=1 -DHAVE_STRINGS_H=1 -DHAVE_INTTYPES_H=1 -DHAVE_STDINT_H=1 -DHAVE_UNISTD_H=1 -DHAVE_DLFCN_H=1 -DLT_OBJDIR=\".libs/\" -DSTDC_HEADERS=1 -DHAVE_STDDEF_H=1 -DHAVE_UNISTD_H=1 -DHAVE_WCHAR_H=1 -DHAVE_POPEN=1 -DHAVE_SYMLINK=1 -DHAVE_ACCESS=1 -DSIZEOF_LONG_LONG=8 -I. -DYYDEBUG=1 -DYYERROR_VERBOSE=1 -I./include -I/usr/include/glib-2.0 -I/usr/lib/glib-2.0/include -DG_LOG_DOMAIN=\"libIDL\" -Wall -Wunused -Wmissing-prototypes -Wmissing-declarations   -DLIBIDL_COMPILATION -O2 -m64 -march=x86-64 -mtune=generic -flto=auto -ffat-lto-objects -MT libIDL_2_la-util.lo -MD -MP -MF .deps/libIDL_2_la-util.Tpo -c -o libIDL_2_la-util.lo `test -f 'util.c' || echo './'`util.c
gcc -DPACKAGE_NAME=\"libIDL\" -DPACKAGE_TARNAME=\"libIDL\" -DPACKAGE_VERSION=\"0.8.14\" -DPACKAGE_STRING=\"libIDL\ 0.8.14\" -DPACKAGE_BUGREPORT=\"http://bugzilla.gnome.org/enter_bug.cgi\?product=libIDL\" -DLIBIDL_VERSION=\"0.8.14\" -DHAVE_CPP_PIPE_STDIN=1 -DCPP_PROGRAM=\"gcc\ -E\" -DYYTEXT_POINTER=1 -DSTDC_HEADERS=1 -DHAVE_SYS_TYPES_H=1 -DHAVE_SYS_STAT_H=1 -DHAVE_STDLIB_H=1 -DHAVE_STRING_H=1 -DHAVE_MEMORY_H=1 -DHAVE_STRINGS_H=1 -DHAVE_INTTYPES_H=1 -DHAVE_STDINT_H=1 -DHAVE_UNISTD_H=1 -DHAVE_DLFCN_H=1 -DLT_OBJDIR=\".libs/\" -DSTDC_HEADERS=1 -DHAVE_STDDEF_H=1 -DHAVE_UNISTD_H=1 -DHAVE_WCHAR_H=1 -DHAVE_POPEN=1 -DHAVE_SYMLINK=1 -DHAVE_ACCESS=1 -DSIZEOF_LONG_LONG=8 -I. -DYYDEBUG=1 -DYYERROR_VERBOSE=1 -I./include -I/usr/include/glib-2.0 -I/usr/lib/glib-2.0/include -DG_LOG_DOMAIN=\"libIDL\" -Wall -Wunused -Wmissing-prototypes -Wmissing-declarations    -O2 -m64 -march=x86-64 -mtune=generic -flto=auto -ffat-lto-objects -MT tstidl.o -MD -MP -MF .deps/tstidl.Tpo -c -o tstidl.o tstidl.c
flex -8 -t ./lexer.l | sed -e 's/yy/__IDL_/g' >lexer.c
/bin/sh ./libtool  --tag=CC   --mode=compile gcc -DPACKAGE_NAME=\"libIDL\" -DPACKAGE_TARNAME=\"libIDL\" -DPACKAGE_VERSION=\"0.8.14\" -DPACKAGE_STRING=\"libIDL\ 0.8.14\" -DPACKAGE_BUGREPORT=\"http://bugzilla.gnome.org/enter_bug.cgi\?product=libIDL\" -DLIBIDL_VERSION=\"0.8.14\" -DHAVE_CPP_PIPE_STDIN=1 -DCPP_PROGRAM=\"gcc\ -E\" -DYYTEXT_POINTER=1 -DSTDC_HEADERS=1 -DHAVE_SYS_TYPES_H=1 -DHAVE_SYS_STAT_H=1 -DHAVE_STDLIB_H=1 -DHAVE_STRING_H=1 -DHAVE_MEMORY_H=1 -DHAVE_STRINGS_H=1 -DHAVE_INTTYPES_H=1 -DHAVE_STDINT_H=1 -DHAVE_UNISTD_H=1 -DHAVE_DLFCN_H=1 -DLT_OBJDIR=\".libs/\" -DSTDC_HEADERS=1 -DHAVE_STDDEF_H=1 -DHAVE_UNISTD_H=1 -DHAVE_WCHAR_H=1 -DHAVE_POPEN=1 -DHAVE_SYMLINK=1 -DHAVE_ACCESS=1 -DSIZEOF_LONG_LONG=8 -I. -DYYDEBUG=1 -DYYERROR_VERBOSE=1 -I./include -I/usr/include/glib-2.0 -I/usr/lib/glib-2.0/include -DG_LOG_DOMAIN=\"libIDL\" -Wall -Wunused -Wmissing-prototypes -Wmissing-declarations   -DLIBIDL_COMPILATION -O2 -m64 -march=x86-64 -mtune=generic -flto=auto -ffat-lto-objects -MT libIDL_2_la-lexer.lo -MD -MP -MF .deps/libIDL_2_la-lexer.Tpo -c -o libIDL_2_la-lexer.lo `test -f 'lexer.c' || echo './'`lexer.c
libtool: compile:  gcc -DPACKAGE_NAME=\"libIDL\" -DPACKAGE_TARNAME=\"libIDL\" -DPACKAGE_VERSION=\"0.8.14\" "-DPACKAGE_STRING=\"libIDL 0.8.14\"" "-DPACKAGE_BUGREPORT=\"http://bugzilla.gnome.org/enter_bug.cgi?product=libIDL\"" -DLIBIDL_VERSION=\"0.8.14\" -DHAVE_CPP_PIPE_STDIN=1 "-DCPP_PROGRAM=\"gcc -E\"" -DYYTEXT_POINTER=1 -DSTDC_HEADERS=1 -DHAVE_SYS_TYPES_H=1 -DHAVE_SYS_STAT_H=1 -DHAVE_STDLIB_H=1 -DHAVE_STRING_H=1 -DHAVE_MEMORY_H=1 -DHAVE_STRINGS_H=1 -DHAVE_INTTYPES_H=1 -DHAVE_STDINT_H=1 -DHAVE_UNISTD_H=1 -DHAVE_DLFCN_H=1 -DLT_OBJDIR=\".libs/\" -DSTDC_HEADERS=1 -DHAVE_STDDEF_H=1 -DHAVE_UNISTD_H=1 -DHAVE_WCHAR_H=1 -DHAVE_POPEN=1 -DHAVE_SYMLINK=1 -DHAVE_ACCESS=1 -DSIZEOF_LONG_LONG=8 -I. -DYYDEBUG=1 -DYYERROR_VERBOSE=1 -I./include -I/usr/include/glib-2.0 -I/usr/lib/glib-2.0/include -DG_LOG_DOMAIN=\"libIDL\" -Wall -Wunused -Wmissing-prototypes -Wmissing-declarations -DLIBIDL_COMPILATION -O2 -m64 -march=x86-64 -mtune=generic -flto=auto -ffat-lto-objects -MT libIDL_2_la-ns.lo -MD -MP -MF .deps/libIDL_2_la-ns.Tpo -c ns.c  -fPIC -DPIC -o .libs/libIDL_2_la-ns.o
libtool: compile:  gcc -DPACKAGE_NAME=\"libIDL\" -DPACKAGE_TARNAME=\"libIDL\" -DPACKAGE_VERSION=\"0.8.14\" "-DPACKAGE_STRING=\"libIDL 0.8.14\"" "-DPACKAGE_BUGREPORT=\"http://bugzilla.gnome.org/enter_bug.cgi?product=libIDL\"" -DLIBIDL_VERSION=\"0.8.14\" -DHAVE_CPP_PIPE_STDIN=1 "-DCPP_PROGRAM=\"gcc -E\"" -DYYTEXT_POINTER=1 -DSTDC_HEADERS=1 -DHAVE_SYS_TYPES_H=1 -DHAVE_SYS_STAT_H=1 -DHAVE_STDLIB_H=1 -DHAVE_STRING_H=1 -DHAVE_MEMORY_H=1 -DHAVE_STRINGS_H=1 -DHAVE_INTTYPES_H=1 -DHAVE_STDINT_H=1 -DHAVE_UNISTD_H=1 -DHAVE_DLFCN_H=1 -DLT_OBJDIR=\".libs/\" -DSTDC_HEADERS=1 -DHAVE_STDDEF_H=1 -DHAVE_UNISTD_H=1 -DHAVE_WCHAR_H=1 -DHAVE_POPEN=1 -DHAVE_SYMLINK=1 -DHAVE_ACCESS=1 -DSIZEOF_LONG_LONG=8 -I. -DYYDEBUG=1 -DYYERROR_VERBOSE=1 -I./include -I/usr/include/glib-2.0 -I/usr/lib/glib-2.0/include -DG_LOG_DOMAIN=\"libIDL\" -Wall -Wunused -Wmissing-prototypes -Wmissing-declarations -DLIBIDL_COMPILATION -O2 -m64 -march=x86-64 -mtune=generic -flto=auto -ffat-lto-objects -MT libIDL_2_la-util.lo -MD -MP -MF .deps/libIDL_2_la-util.Tpo -c util.c  -fPIC -DPIC -o .libs/libIDL_2_la-util.o
libtool: compile:  gcc -DPACKAGE_NAME=\"libIDL\" -DPACKAGE_TARNAME=\"libIDL\" -DPACKAGE_VERSION=\"0.8.14\" "-DPACKAGE_STRING=\"libIDL 0.8.14\"" "-DPACKAGE_BUGREPORT=\"http://bugzilla.gnome.org/enter_bug.cgi?product=libIDL\"" -DLIBIDL_VERSION=\"0.8.14\" -DHAVE_CPP_PIPE_STDIN=1 "-DCPP_PROGRAM=\"gcc -E\"" -DYYTEXT_POINTER=1 -DSTDC_HEADERS=1 -DHAVE_SYS_TYPES_H=1 -DHAVE_SYS_STAT_H=1 -DHAVE_STDLIB_H=1 -DHAVE_STRING_H=1 -DHAVE_MEMORY_H=1 -DHAVE_STRINGS_H=1 -DHAVE_INTTYPES_H=1 -DHAVE_STDINT_H=1 -DHAVE_UNISTD_H=1 -DHAVE_DLFCN_H=1 -DLT_OBJDIR=\".libs/\" -DSTDC_HEADERS=1 -DHAVE_STDDEF_H=1 -DHAVE_UNISTD_H=1 -DHAVE_WCHAR_H=1 -DHAVE_POPEN=1 -DHAVE_SYMLINK=1 -DHAVE_ACCESS=1 -DSIZEOF_LONG_LONG=8 -I. -DYYDEBUG=1 -DYYERROR_VERBOSE=1 -I./include -I/usr/include/glib-2.0 -I/usr/lib/glib-2.0/include -DG_LOG_DOMAIN=\"libIDL\" -Wall -Wunused -Wmissing-prototypes -Wmissing-declarations -DLIBIDL_COMPILATION -O2 -m64 -march=x86-64 -mtune=generic -flto=auto -ffat-lto-objects -MT libIDL_2_la-parser.lo -MD -MP -MF .deps/libIDL_2_la-parser.Tpo -c parser.c  -fPIC -DPIC -o .libs/libIDL_2_la-parser.o
libtool: compile:  gcc -DPACKAGE_NAME=\"libIDL\" -DPACKAGE_TARNAME=\"libIDL\" -DPACKAGE_VERSION=\"0.8.14\" "-DPACKAGE_STRING=\"libIDL 0.8.14\"" "-DPACKAGE_BUGREPORT=\"http://bugzilla.gnome.org/enter_bug.cgi?product=libIDL\"" -DLIBIDL_VERSION=\"0.8.14\" -DHAVE_CPP_PIPE_STDIN=1 "-DCPP_PROGRAM=\"gcc -E\"" -DYYTEXT_POINTER=1 -DSTDC_HEADERS=1 -DHAVE_SYS_TYPES_H=1 -DHAVE_SYS_STAT_H=1 -DHAVE_STDLIB_H=1 -DHAVE_STRING_H=1 -DHAVE_MEMORY_H=1 -DHAVE_STRINGS_H=1 -DHAVE_INTTYPES_H=1 -DHAVE_STDINT_H=1 -DHAVE_UNISTD_H=1 -DHAVE_DLFCN_H=1 -DLT_OBJDIR=\".libs/\" -DSTDC_HEADERS=1 -DHAVE_STDDEF_H=1 -DHAVE_UNISTD_H=1 -DHAVE_WCHAR_H=1 -DHAVE_POPEN=1 -DHAVE_SYMLINK=1 -DHAVE_ACCESS=1 -DSIZEOF_LONG_LONG=8 -I. -DYYDEBUG=1 -DYYERROR_VERBOSE=1 -I./include -I/usr/include/glib-2.0 -I/usr/lib/glib-2.0/include -DG_LOG_DOMAIN=\"libIDL\" -Wall -Wunused -Wmissing-prototypes -Wmissing-declarations -DLIBIDL_COMPILATION -O2 -m64 -march=x86-64 -mtune=generic -flto=auto -ffat-lto-objects -MT libIDL_2_la-lexer.lo -MD -MP -MF .deps/libIDL_2_la-lexer.Tpo -c lexer.c  -fPIC -DPIC -o .libs/libIDL_2_la-lexer.o
./parser.y: In function '__IDL_parse':
./parser.y:901:18: warning: variable 'p' set but not used [-Wunused-but-set-variable]
  901 |         IDL_tree p, literal;
      |                  ^
./lexer.l: In function '__IDL_lex':
./lexer.l:273:29: warning: format '%llo' expects argument of type 'long long unsigned int *', but argument 3 has type 'IDL_longlong_t *' {aka 'long int *'} [-Wformat=]
  273 |         tokreturn (TOK_INTEGER);
      |                             ^~~                                
      |                                             |
      |                                             IDL_longlong_t * {aka long int *}
./lexer.l:278:29: warning: format '%llu' expects argument of type 'long long unsigned int *', but argument 3 has type 'IDL_longlong_t *' {aka 'long int *'} [-Wformat=]
  278 |         tokreturn (TOK_INTEGER);
      |                             ^~~                                
      |                                             |
      |                                             IDL_longlong_t * {aka long int *}
./lexer.l:283:33: warning: format '%llx' expects argument of type 'long long unsigned int *', but argument 3 has type 'IDL_longlong_t *' {aka 'long int *'} [-Wformat=]
  283 |         tokreturn (TOK_INTEGER);
      |                                 ^                                  
      |                                                 |
      |                                                 IDL_longlong_t * {aka long int *}
./parser.y:1355:43: warning: format '%lld' expects argument of type 'long long int', but argument 3 has type 'IDL_longlong_t' {aka 'long int'} [-Wformat=]
 1355 |                 yywarningv (IDL_WARNING1, "Cannot use negative value %"
      |                                           ^~~~~~~~~~~~~~~~~~~~~~~~~~~~~
 1356 |                             IDL_LL "d, using %" IDL_LL "d",
 1357 |                            value, -value);
      |                            ~~~~~           
      |                            |
      |                            IDL_longlong_t {aka long int}
./parser.y:1355:43: warning: format '%lld' expects argument of type 'long long int', but argument 4 has type 'IDL_longlong_t' {aka 'long int'} [-Wformat=]
 1355 |                 yywarningv (IDL_WARNING1, "Cannot use negative value %"
      |                                           ^~~~~~~~~~~~~~~~~~~~~~~~~~~~~
 1356 |                             IDL_LL "d, using %" IDL_LL "d",
 1357 |                            value, -value);
      |                                   ~~~~~~   
      |                                   |
      |                                   IDL_longlong_t {aka long int}
util.c: In function 'IDL_emit_IDL_literal':
util.c:2821:30: warning: format '%lld' expects argument of type 'long long int', but argument 3 has type 'IDL_longlong_t' {aka 'long int'} [-Wformat=]
 2821 |                 dataf (data, "%" IDL_LL "d", IDL_INTEGER (p).value);
      |                              ^~~
util.c:2821:42: note: format string is defined here
 2821 |                 dataf (data, "%" IDL_LL "d", IDL_INTEGER (p).value);
      |                               ~~~~~~~~~~~^
      |                                          |
      |                                          long long int
In file included from /usr/include/glib-2.0/glib/giochannel.h:36,
                 from /usr/include/glib-2.0/glib.h:56,
                 from util.h:35,
                 from ./parser.y:33:
./parser.y: In function 'IDL_ns_ident_make_repo_id':
/usr/include/glib-2.0/glib/gstring.h:74:5: warning: ignoring return value of 'g_string_free_and_steal' declared with attribute 'warn_unused_result' [-Wunused-result]
   70 |   (__builtin_constant_p (free_segment) ?        \
      |   ~~~~~~~~~~~~~~~~~~~~~~~~~~~~~~~~~~~~~~~~~~~~~~~
   71 |     ((free_segment) ?                           \
      |     ~~~~~~~~~~~~~~~~~~~~~~~~~~~~~~~~~~~~~~~~~~~~~
   72 |       (g_string_free) ((str), (free_segment)) : \
      |       ~~~~~~~~~~~~~~~~~~~~~~~~~~~~~~~~~~~~~~~~~~~
   73 |       g_string_free_and_steal (str))            \
      |       ~~~~~~~~~~~~~~~~~~~~~~~~~~~~~~~~~~~~~~~~~~~
   74 |     :                                           \
      |     ^~~~~~~~~~~~~~~~~~~~~~~~~~~~~~~~~~~~~~~~~~~~~
   75 |     (g_string_free) ((str), (free_segment)))
      |     ~~~~~~~~~~~~~~~~~~~~~~~~~~~~~~~~~~~~~~~~
./parser.y:1488:9: note: in expansion of macro 'g_string_free'
 1488 |         g_string_free (s, FALSE);
      |         ^~~~~~~~~~~~~
./parser.y: In function 'IDL_ns_version':
/usr/include/glib-2.0/glib/gstring.h:74:5: warning: ignoring return value of 'g_string_free_and_steal' declared with attribute 'warn_unused_result' [-Wunused-result]
   70 |   (__builtin_constant_p (free_segment) ?        \
      |   ~~~~~~~~~~~~~~~~~~~~~~~~~~~~~~~~~~~~~~~~~~~~~~~
   71 |     ((free_segment) ?                           \
      |     ~~~~~~~~~~~~~~~~~~~~~~~~~~~~~~~~~~~~~~~~~~~~~
   72 |       (g_string_free) ((str), (free_segment)) : \
      |       ~~~~~~~~~~~~~~~~~~~~~~~~~~~~~~~~~~~~~~~~~~~
   73 |       g_string_free_and_steal (str))            \
      |       ~~~~~~~~~~~~~~~~~~~~~~~~~~~~~~~~~~~~~~~~~~~
   74 |     :                                           \
      |     ^~~~~~~~~~~~~~~~~~~~~~~~~~~~~~~~~~~~~~~~~~~~~
   75 |     (g_string_free) ((str), (free_segment)))
      |     ~~~~~~~~~~~~~~~~~~~~~~~~~~~~~~~~~~~~~~~~
./parser.y:1638:25: note: in expansion of macro 'g_string_free'
 1638 |                         g_string_free (s, FALSE);
      |                         ^~~~~~~~~~~~~
mv -f .deps/tstidl.Tpo .deps/tstidl.Po
mv -f .deps/libIDL_2_la-ns.Tpo .deps/libIDL_2_la-ns.Plo
mv -f .deps/libIDL_2_la-lexer.Tpo .deps/libIDL_2_la-lexer.Plo
mv -f .deps/libIDL_2_la-parser.Tpo .deps/libIDL_2_la-parser.Plo
mv -f .deps/libIDL_2_la-util.Tpo .deps/libIDL_2_la-util.Plo
/bin/sh ./libtool  --tag=CC   --mode=link gcc -DLIBIDL_COMPILATION -O2 -m64 -march=x86-64 -mtune=generic -flto=auto -ffat-lto-objects -version-info 0:0:0 -lglib-2.0 -no-undefined   -o libIDL-2.la -rpath /usr/lib libIDL_2_la-parser.lo libIDL_2_la-lexer.lo libIDL_2_la-ns.lo libIDL_2_la-util.lo  
libtool: link: gcc -shared  .libs/libIDL_2_la-parser.o .libs/libIDL_2_la-lexer.o .libs/libIDL_2_la-ns.o .libs/libIDL_2_la-util.o   -lglib-2.0  -m64 -march=x86-64 -mtune=generic   -Wl,-soname -Wl,libIDL-2.so.0 -o .libs/libIDL-2.so.0.0.0
libtool: link: (cd ".libs" && rm -f "libIDL-2.so.0" && ln -s "libIDL-2.so.0.0.0" "libIDL-2.so.0")
libtool: link: (cd ".libs" && rm -f "libIDL-2.so" && ln -s "libIDL-2.so.0.0.0" "libIDL-2.so")
libtool: link: ( cd ".libs" && rm -f "libIDL-2.la" && ln -s "../libIDL-2.la" "libIDL-2.la" )
/bin/sh ./libtool  --tag=CC   --mode=link gcc  -O2 -m64 -march=x86-64 -mtune=generic -flto=auto -ffat-lto-objects   -o tstidl tstidl.o libIDL-2.la -lglib-2.0 
libtool: link: gcc -O2 -m64 -march=x86-64 -mtune=generic -flto=auto -ffat-lto-objects -o .libs/tstidl tstidl.o  ./.libs/libIDL-2.so -lglib-2.0
make[2]: Leaving directory '/home/devel/building/work/src/libIDL-0.8.14'
make[1]: Leaving directory '/home/devel/building/work/src/libIDL-0.8.14'
+ make DESTDIR=/home/devel/building/work/pkg install
make  install-recursive
make[1]: Entering directory '/home/devel/building/work/src/libIDL-0.8.14'
Making install in include
make[2]: Entering directory '/home/devel/building/work/src/libIDL-0.8.14/include'
Making install in libIDL
make[3]: Entering directory '/home/devel/building/work/src/libIDL-0.8.14/include/libIDL'
make  install-am
make[4]: Entering directory '/home/devel/building/work/src/libIDL-0.8.14/include/libIDL'
make[5]: Entering directory '/home/devel/building/work/src/libIDL-0.8.14/include/libIDL'
make[5]: Nothing to be done for 'install-exec-am'.
test -z "/usr/include/libIDL-2.0/libIDL" || /bin/mkdir -p "/home/devel/building/work/pkg/usr/include/libIDL-2.0/libIDL"
 /usr/bin/install -c -m 644 IDL.h '/home/devel/building/work/pkg/usr/include/libIDL-2.0/libIDL'
make[5]: Leaving directory '/home/devel/building/work/src/libIDL-0.8.14/include/libIDL'
make[4]: Leaving directory '/home/devel/building/work/src/libIDL-0.8.14/include/libIDL'
make[3]: Leaving directory '/home/devel/building/work/src/libIDL-0.8.14/include/libIDL'
make[3]: Entering directory '/home/devel/building/work/src/libIDL-0.8.14/include'
make[4]: Entering directory '/home/devel/building/work/src/libIDL-0.8.14/include'
make[4]: Nothing to be done for 'install-exec-am'.
make[4]: Nothing to be done for 'install-data-am'.
make[4]: Leaving directory '/home/devel/building/work/src/libIDL-0.8.14/include'
make[3]: Leaving directory '/home/devel/building/work/src/libIDL-0.8.14/include'
make[2]: Leaving directory '/home/devel/building/work/src/libIDL-0.8.14/include'
make[2]: Entering directory '/home/devel/building/work/src/libIDL-0.8.14'
make[3]: Entering directory '/home/devel/building/work/src/libIDL-0.8.14'
test -z "/usr/bin" || /bin/mkdir -p "/home/devel/building/work/pkg/usr/bin"
test -z "/usr/lib" || /bin/mkdir -p "/home/devel/building/work/pkg/usr/lib"
test -z "/usr/share/info" || /bin/mkdir -p "/home/devel/building/work/pkg/usr/share/info"
test -z "/usr/lib/pkgconfig" || /bin/mkdir -p "/home/devel/building/work/pkg/usr/lib/pkgconfig"
 /bin/sh ./libtool   --mode=install /usr/bin/install -c   libIDL-2.la '/home/devel/building/work/pkg/usr/lib'
 /usr/bin/install -c libIDL-config-2 '/home/devel/building/work/pkg/usr/bin'
 /usr/bin/install -c -m 644 libIDL-2.0.pc '/home/devel/building/work/pkg/usr/lib/pkgconfig'
libtool: install: /usr/bin/install -c .libs/libIDL-2.so.0.0.0 /home/devel/building/work/pkg/usr/lib/libIDL-2.so.0.0.0
libtool: install: (cd /home/devel/building/work/pkg/usr/lib && { ln -s -f libIDL-2.so.0.0.0 libIDL-2.so.0 || { rm -f libIDL-2.so.0 && ln -s libIDL-2.so.0.0.0 libIDL-2.so.0; }; })
libtool: install: (cd /home/devel/building/work/pkg/usr/lib && { ln -s -f libIDL-2.so.0.0.0 libIDL-2.so || { rm -f libIDL-2.so && ln -s libIDL-2.so.0.0.0 libIDL-2.so; }; })
libtool: install: /usr/bin/install -c .libs/libIDL-2.lai /home/devel/building/work/pkg/usr/lib/libIDL-2.la
 /usr/bin/install -c -m 644 ./libIDL2.info '/home/devel/building/work/pkg/usr/share/info'
libtool: install: warning: remember to run `libtool --finish /usr/lib'
 install-info --info-dir='/home/devel/building/work/pkg/usr/share/info' '/home/devel/building/work/pkg/usr/share/info/libIDL2.info'
make[3]: Leaving directory '/home/devel/building/work/src/libIDL-0.8.14'
make[2]: Leaving directory '/home/devel/building/work/src/libIDL-0.8.14'
make[1]: Leaving directory '/home/devel/building/work/src/libIDL-0.8.14'
+ rm -r /home/devel/building/work/pkg/usr/share
+ find /home/devel/building/work/pkg -type f -name '*.la' -delete
=======> Build result:
drwxr-xr-x  0 root   root        0 Feb  1 18:13 usr/
drwxr-xr-x  0 root   root        0 Feb  1 18:13 usr/include/
drwxr-xr-x  0 root   root        0 Feb  1 18:13 usr/bin/
drwxr-xr-x  0 root   root        0 Feb  1 18:13 usr/lib/
drwxr-xr-x  0 root   root        0 Feb  1 18:13 usr/lib/pkgconfig/
-rwxr-xr-x  0 root   root   175944 Feb  1 18:13 usr/lib/libIDL-2.so.0.0.0
lrwxrwxrwx  0 root   root        0 Feb  1 18:13 usr/lib/libIDL-2.so.0 -> libIDL-2.so.0.0.0
lrwxrwxrwx  0 root   root        0 Feb  1 18:13 usr/lib/libIDL-2.so -> libIDL-2.so.0.0.0
-rw-r--r--  0 root   root      233 Feb  1 18:13 usr/lib/pkgconfig/libIDL-2.0.pc
-rwxr-xr-x  0 root   root     1946 Feb  1 18:13 usr/bin/libIDL-config-2
drwxr-xr-x  0 root   root        0 Feb  1 18:13 usr/include/libIDL-2.0/
drwxr-xr-x  0 root   root        0 Feb  1 18:13 usr/include/libIDL-2.0/libIDL/
-rw-r--r--  0 root   root    24681 Feb  1 18:13 usr/include/libIDL-2.0/libIDL/IDL.h
=======> Building '/home/devel/packages/libidl#0.8.14-1.x86_64.pkg.tar.zst' succeeded.
prt-get: Using PKGMK_PACKAGE_DIR: /home/devel/packages
prt-get: reinstalling libidl 0.8.14-1
prt-get: /usr/bin/pkgadd -u libidl#0.8.14-1.x86_64.pkg.tar.zst
prt-get: build done Thu Feb  1 18:13:06 2024

