prt-get: updating /usr/ports/wayland-x86_64/libliftoff
prt-get: starting build Tue May  7 23:29:33 2024
=======> Building '/home/devel/packages/libliftoff#0.4.1-1.x86_64.pkg.tar.zst'.
bsdtar -p -o -C /home/devel/building/work/src -xf /home/devel/sources/libliftoff-v0.4.1.tar.gz
cp no-werror.patch /home/devel/building/work/src
+ build
+ cd libliftoff-v0.4.1
+ patch -p1 -i /home/devel/building/work/src/no-werror.patch
patching file meson.build
+ build-meson . build
The Meson build system
Version: 1.4.0
Source dir: /home/devel/building/work/src/libliftoff-v0.4.1
Build dir: /home/devel/building/work/src/libliftoff-v0.4.1/build
Build type: native build
Project name: libliftoff
Project version: 0.4.1
C compiler for the host machine: cc (gcc 14.1.0 "cc (SAUX-x86_64) 14.1.0")
C linker for the host machine: cc ld.bfd 2.42
Host machine cpu family: x86_64
Host machine cpu: x86_64
Compiler for C supports arguments -Wundef: YES 
Compiler for C supports arguments -Wmissing-prototypes: YES 
Compiler for C supports arguments -Walloca: YES 
Compiler for C supports arguments -Wdeclaration-after-statement: YES 
Compiler for C supports arguments -Wfloat-conversion: YES 
Compiler for C supports arguments -Wsign-conversion: YES 
Compiler for C supports arguments -Wno-missing-braces: YES 
Compiler for C supports arguments -Wno-unused-parameter: YES 
Found pkg-config: YES (/usr/bin/pkg-config) 2.2.0
Run-time dependency libdrm found: YES 2.4.120
Build targets in project: 13

libliftoff 0.4.1

  User defined options
    auto_features     : auto
    bindir            : /usr/bin
    buildtype         : plain
    datadir           : /usr/share
    includedir        : /usr/include
    libdir            : /usr/lib
    libexecdir        : /usr/lib
    localstatedir     : /var
    mandir            : /usr/share/man
    prefix            : /usr
    sbindir           : /usr/sbin
    sharedstatedir    : /var/lib
    sysconfdir        : /etc
    werror            : false
    wrap_mode         : nodownload
    python.bytecompile: 0
    b_lto             : false
    b_pie             : true
    b_staticpic       : true

Found ninja-1.9 at /usr/bin/ninja
+ meson compile -j 8 -v -C build
ninja: entering directory '/home/devel/building/work/src/libliftoff-v0.4.1/build'
[1/38] cc -Itest/test-priority.p -Itest -I../test -I../include -fdiagnostics-color=always -D_FILE_OFFSET_BITS=64 -Wall -Winvalid-pch -Wextra -Wpedantic -std=c11 -Wundef -Wmissing-prototypes -Walloca -Wdeclaration-after-statement -Wfloat-conversion -Wsign-conversion -Wno-missing-braces -Wno-unused-parameter -O2 -m64 -march=x86-64 -mtune=generic -flto=auto -ffat-lto-objects -fPIE -isystem/usr/include/libdrm -MD -MQ test/test-priority.p/test_priority.c.o -MF test/test-priority.p/test_priority.c.o.d -o test/test-priority.p/test_priority.c.o -c ../test/test_priority.c
[2/38] cc -Itest/bench.p -Itest -I../test -I../include -fdiagnostics-color=always -D_FILE_OFFSET_BITS=64 -Wall -Winvalid-pch -Wextra -Wpedantic -std=c11 -Wundef -Wmissing-prototypes -Walloca -Wdeclaration-after-statement -Wfloat-conversion -Wsign-conversion -Wno-missing-braces -Wno-unused-parameter -O2 -m64 -march=x86-64 -mtune=generic -flto=auto -ffat-lto-objects -fPIE -isystem/usr/include/libdrm -MD -MQ test/bench.p/bench.c.o -MF test/bench.p/bench.c.o.d -o test/bench.p/bench.c.o -c ../test/bench.c
[3/38] cc -Iexample/multi-output.p -Iexample -I../example -I../include -fdiagnostics-color=always -D_FILE_OFFSET_BITS=64 -Wall -Winvalid-pch -Wextra -Wpedantic -std=c11 -Wundef -Wmissing-prototypes -Walloca -Wdeclaration-after-statement -Wfloat-conversion -Wsign-conversion -Wno-missing-braces -Wno-unused-parameter -O2 -m64 -march=x86-64 -mtune=generic -flto=auto -ffat-lto-objects -fPIE -isystem/usr/include/libdrm -MD -MQ example/multi-output.p/multi-output.c.o -MF example/multi-output.p/multi-output.c.o.d -o example/multi-output.p/multi-output.c.o -c ../example/multi-output.c
[4/38] cc -Iexample/multi-output.p -Iexample -I../example -I../include -fdiagnostics-color=always -D_FILE_OFFSET_BITS=64 -Wall -Winvalid-pch -Wextra -Wpedantic -std=c11 -Wundef -Wmissing-prototypes -Walloca -Wdeclaration-after-statement -Wfloat-conversion -Wsign-conversion -Wno-missing-braces -Wno-unused-parameter -O2 -m64 -march=x86-64 -mtune=generic -flto=auto -ffat-lto-objects -fPIE -isystem/usr/include/libdrm -MD -MQ example/multi-output.p/common.c.o -MF example/multi-output.p/common.c.o.d -o example/multi-output.p/common.c.o -c ../example/common.c
[5/38] cc -Iexample/dynamic.p -Iexample -I../example -I../include -fdiagnostics-color=always -D_FILE_OFFSET_BITS=64 -Wall -Winvalid-pch -Wextra -Wpedantic -std=c11 -Wundef -Wmissing-prototypes -Walloca -Wdeclaration-after-statement -Wfloat-conversion -Wsign-conversion -Wno-missing-braces -Wno-unused-parameter -O2 -m64 -march=x86-64 -mtune=generic -flto=auto -ffat-lto-objects -fPIE -isystem/usr/include/libdrm -MD -MQ example/dynamic.p/dynamic.c.o -MF example/dynamic.p/dynamic.c.o.d -o example/dynamic.p/dynamic.c.o -c ../example/dynamic.c
[6/38] cc -Iexample/dynamic.p -Iexample -I../example -I../include -fdiagnostics-color=always -D_FILE_OFFSET_BITS=64 -Wall -Winvalid-pch -Wextra -Wpedantic -std=c11 -Wundef -Wmissing-prototypes -Walloca -Wdeclaration-after-statement -Wfloat-conversion -Wsign-conversion -Wno-missing-braces -Wno-unused-parameter -O2 -m64 -march=x86-64 -mtune=generic -flto=auto -ffat-lto-objects -fPIE -isystem/usr/include/libdrm -MD -MQ example/dynamic.p/common.c.o -MF example/dynamic.p/common.c.o.d -o example/dynamic.p/common.c.o -c ../example/common.c
[7/38] cc -Iexample/compositor.p -Iexample -I../example -I../include -fdiagnostics-color=always -D_FILE_OFFSET_BITS=64 -Wall -Winvalid-pch -Wextra -Wpedantic -std=c11 -Wundef -Wmissing-prototypes -Walloca -Wdeclaration-after-statement -Wfloat-conversion -Wsign-conversion -Wno-missing-braces -Wno-unused-parameter -O2 -m64 -march=x86-64 -mtune=generic -flto=auto -ffat-lto-objects -fPIE -isystem/usr/include/libdrm -MD -MQ example/compositor.p/compositor.c.o -MF example/compositor.p/compositor.c.o.d -o example/compositor.p/compositor.c.o -c ../example/compositor.c
[8/38] cc -Iexample/compositor.p -Iexample -I../example -I../include -fdiagnostics-color=always -D_FILE_OFFSET_BITS=64 -Wall -Winvalid-pch -Wextra -Wpedantic -std=c11 -Wundef -Wmissing-prototypes -Walloca -Wdeclaration-after-statement -Wfloat-conversion -Wsign-conversion -Wno-missing-braces -Wno-unused-parameter -O2 -m64 -march=x86-64 -mtune=generic -flto=auto -ffat-lto-objects -fPIE -isystem/usr/include/libdrm -MD -MQ example/compositor.p/common.c.o -MF example/compositor.p/common.c.o.d -o example/compositor.p/common.c.o -c ../example/common.c
[9/38] cc -Iexample/simple.p -Iexample -I../example -I../include -fdiagnostics-color=always -D_FILE_OFFSET_BITS=64 -Wall -Winvalid-pch -Wextra -Wpedantic -std=c11 -Wundef -Wmissing-prototypes -Walloca -Wdeclaration-after-statement -Wfloat-conversion -Wsign-conversion -Wno-missing-braces -Wno-unused-parameter -O2 -m64 -march=x86-64 -mtune=generic -flto=auto -ffat-lto-objects -fPIE -isystem/usr/include/libdrm -MD -MQ example/simple.p/simple.c.o -MF example/simple.p/simple.c.o.d -o example/simple.p/simple.c.o -c ../example/simple.c
[10/38] cc -Iexample/simple.p -Iexample -I../example -I../include -fdiagnostics-color=always -D_FILE_OFFSET_BITS=64 -Wall -Winvalid-pch -Wextra -Wpedantic -std=c11 -Wundef -Wmissing-prototypes -Walloca -Wdeclaration-after-statement -Wfloat-conversion -Wsign-conversion -Wno-missing-braces -Wno-unused-parameter -O2 -m64 -march=x86-64 -mtune=generic -flto=auto -ffat-lto-objects -fPIE -isystem/usr/include/libdrm -MD -MQ example/simple.p/common.c.o -MF example/simple.p/common.c.o.d -o example/simple.p/common.c.o -c ../example/common.c
[11/38] cc -Itest/test-candidate.p -Itest -I../test -I../include -fdiagnostics-color=always -D_FILE_OFFSET_BITS=64 -Wall -Winvalid-pch -Wextra -Wpedantic -std=c11 -Wundef -Wmissing-prototypes -Walloca -Wdeclaration-after-statement -Wfloat-conversion -Wsign-conversion -Wno-missing-braces -Wno-unused-parameter -O2 -m64 -march=x86-64 -mtune=generic -flto=auto -ffat-lto-objects -fPIE -isystem/usr/include/libdrm -MD -MQ test/test-candidate.p/test_candidate.c.o -MF test/test-candidate.p/test_candidate.c.o.d -o test/test-candidate.p/test_candidate.c.o -c ../test/test_candidate.c
[12/38] cc -Itest/test-prop.p -Itest -I../test -I../include -fdiagnostics-color=always -D_FILE_OFFSET_BITS=64 -Wall -Winvalid-pch -Wextra -Wpedantic -std=c11 -Wundef -Wmissing-prototypes -Walloca -Wdeclaration-after-statement -Wfloat-conversion -Wsign-conversion -Wno-missing-braces -Wno-unused-parameter -O2 -m64 -march=x86-64 -mtune=generic -flto=auto -ffat-lto-objects -fPIE -isystem/usr/include/libdrm -MD -MQ test/test-prop.p/test_prop.c.o -MF test/test-prop.p/test_prop.c.o.d -o test/test-prop.p/test_prop.c.o -c ../test/test_prop.c
[13/38] cc -Itest/test-dynamic.p -Itest -I../test -I../include -fdiagnostics-color=always -D_FILE_OFFSET_BITS=64 -Wall -Winvalid-pch -Wextra -Wpedantic -std=c11 -Wundef -Wmissing-prototypes -Walloca -Wdeclaration-after-statement -Wfloat-conversion -Wsign-conversion -Wno-missing-braces -Wno-unused-parameter -O2 -m64 -march=x86-64 -mtune=generic -flto=auto -ffat-lto-objects -fPIE -isystem/usr/include/libdrm -MD -MQ test/test-dynamic.p/test_dynamic.c.o -MF test/test-dynamic.p/test_dynamic.c.o.d -o test/test-dynamic.p/test_dynamic.c.o -c ../test/test_dynamic.c
[14/38] cc -Itest/libdrm.so.2.p -Itest -I../test -fdiagnostics-color=always -D_FILE_OFFSET_BITS=64 -Wall -Winvalid-pch -Wextra -Wpedantic -std=c11 -Wundef -Wmissing-prototypes -Walloca -Wdeclaration-after-statement -Wfloat-conversion -Wsign-conversion -Wno-missing-braces -Wno-unused-parameter -O2 -m64 -march=x86-64 -mtune=generic -flto=auto -ffat-lto-objects -fPIC -isystem/usr/include/libdrm -MD -MQ test/libdrm.so.2.p/libdrm_mock.c.o -MF test/libdrm.so.2.p/libdrm_mock.c.o.d -o test/libdrm.so.2.p/libdrm_mock.c.o -c ../test/libdrm_mock.c
[15/38] cc -Ilibliftoff.so.0.4.1.p -I. -I.. -I../include -fdiagnostics-color=always -D_FILE_OFFSET_BITS=64 -Wall -Winvalid-pch -Wextra -Wpedantic -std=c11 -Wundef -Wmissing-prototypes -Walloca -Wdeclaration-after-statement -Wfloat-conversion -Wsign-conversion -Wno-missing-braces -Wno-unused-parameter -O2 -m64 -march=x86-64 -mtune=generic -flto=auto -ffat-lto-objects -fPIC -isystem/usr/include/libdrm -MD -MQ libliftoff.so.0.4.1.p/plane.c.o -MF libliftoff.so.0.4.1.p/plane.c.o.d -o libliftoff.so.0.4.1.p/plane.c.o -c ../plane.c
[16/38] cc -Ilibliftoff.so.0.4.1.p -I. -I.. -I../include -fdiagnostics-color=always -D_FILE_OFFSET_BITS=64 -Wall -Winvalid-pch -Wextra -Wpedantic -std=c11 -Wundef -Wmissing-prototypes -Walloca -Wdeclaration-after-statement -Wfloat-conversion -Wsign-conversion -Wno-missing-braces -Wno-unused-parameter -O2 -m64 -march=x86-64 -mtune=generic -flto=auto -ffat-lto-objects -fPIC -isystem/usr/include/libdrm -MD -MQ libliftoff.so.0.4.1.p/output.c.o -MF libliftoff.so.0.4.1.p/output.c.o.d -o libliftoff.so.0.4.1.p/output.c.o -c ../output.c
[17/38] cc -Ilibliftoff.so.0.4.1.p -I. -I.. -I../include -fdiagnostics-color=always -D_FILE_OFFSET_BITS=64 -Wall -Winvalid-pch -Wextra -Wpedantic -std=c11 -Wundef -Wmissing-prototypes -Walloca -Wdeclaration-after-statement -Wfloat-conversion -Wsign-conversion -Wno-missing-braces -Wno-unused-parameter -O2 -m64 -march=x86-64 -mtune=generic -flto=auto -ffat-lto-objects -fPIC -isystem/usr/include/libdrm -MD -MQ libliftoff.so.0.4.1.p/log.c.o -MF libliftoff.so.0.4.1.p/log.c.o.d -o libliftoff.so.0.4.1.p/log.c.o -c ../log.c
[18/38] cc -Ilibliftoff.so.0.4.1.p -I. -I.. -I../include -fdiagnostics-color=always -D_FILE_OFFSET_BITS=64 -Wall -Winvalid-pch -Wextra -Wpedantic -std=c11 -Wundef -Wmissing-prototypes -Walloca -Wdeclaration-after-statement -Wfloat-conversion -Wsign-conversion -Wno-missing-braces -Wno-unused-parameter -O2 -m64 -march=x86-64 -mtune=generic -flto=auto -ffat-lto-objects -fPIC -isystem/usr/include/libdrm -MD -MQ libliftoff.so.0.4.1.p/list.c.o -MF libliftoff.so.0.4.1.p/list.c.o.d -o libliftoff.so.0.4.1.p/list.c.o -c ../list.c
[19/38] cc -Ilibliftoff.so.0.4.1.p -I. -I.. -I../include -fdiagnostics-color=always -D_FILE_OFFSET_BITS=64 -Wall -Winvalid-pch -Wextra -Wpedantic -std=c11 -Wundef -Wmissing-prototypes -Walloca -Wdeclaration-after-statement -Wfloat-conversion -Wsign-conversion -Wno-missing-braces -Wno-unused-parameter -O2 -m64 -march=x86-64 -mtune=generic -flto=auto -ffat-lto-objects -fPIC -isystem/usr/include/libdrm -MD -MQ libliftoff.so.0.4.1.p/layer.c.o -MF libliftoff.so.0.4.1.p/layer.c.o.d -o libliftoff.so.0.4.1.p/layer.c.o -c ../layer.c
[20/38] cc -Ilibliftoff.so.0.4.1.p -I. -I.. -I../include -fdiagnostics-color=always -D_FILE_OFFSET_BITS=64 -Wall -Winvalid-pch -Wextra -Wpedantic -std=c11 -Wundef -Wmissing-prototypes -Walloca -Wdeclaration-after-statement -Wfloat-conversion -Wsign-conversion -Wno-missing-braces -Wno-unused-parameter -O2 -m64 -march=x86-64 -mtune=generic -flto=auto -ffat-lto-objects -fPIC -isystem/usr/include/libdrm -MD -MQ libliftoff.so.0.4.1.p/device.c.o -MF libliftoff.so.0.4.1.p/device.c.o.d -o libliftoff.so.0.4.1.p/device.c.o -c ../device.c
[21/38] cc -Ilibliftoff.so.0.4.1.p -I. -I.. -I../include -fdiagnostics-color=always -D_FILE_OFFSET_BITS=64 -Wall -Winvalid-pch -Wextra -Wpedantic -std=c11 -Wundef -Wmissing-prototypes -Walloca -Wdeclaration-after-statement -Wfloat-conversion -Wsign-conversion -Wno-missing-braces -Wno-unused-parameter -O2 -m64 -march=x86-64 -mtune=generic -flto=auto -ffat-lto-objects -fPIC -isystem/usr/include/libdrm -MD -MQ libliftoff.so.0.4.1.p/alloc.c.o -MF libliftoff.so.0.4.1.p/alloc.c.o.d -o libliftoff.so.0.4.1.p/alloc.c.o -c ../alloc.c
[22/38] cc -Itest/test-alloc.p -Itest -I../test -I../include -fdiagnostics-color=always -D_FILE_OFFSET_BITS=64 -Wall -Winvalid-pch -Wextra -Wpedantic -std=c11 -Wundef -Wmissing-prototypes -Walloca -Wdeclaration-after-statement -Wfloat-conversion -Wsign-conversion -Wno-missing-braces -Wno-unused-parameter -O2 -m64 -march=x86-64 -mtune=generic -flto=auto -ffat-lto-objects -fPIE -isystem/usr/include/libdrm -MD -MQ test/test-alloc.p/test_alloc.c.o -MF test/test-alloc.p/test_alloc.c.o.d -o test/test-alloc.p/test_alloc.c.o -c ../test/test_alloc.c
[23/38] cc -Itest/check_ndebug.p -Itest -I../test -fdiagnostics-color=always -D_FILE_OFFSET_BITS=64 -Wall -Winvalid-pch -Wextra -Wpedantic -std=c11 -Wundef -Wmissing-prototypes -Walloca -Wdeclaration-after-statement -Wfloat-conversion -Wsign-conversion -Wno-missing-braces -Wno-unused-parameter -O2 -m64 -march=x86-64 -mtune=generic -flto=auto -ffat-lto-objects -fPIE -MD -MQ test/check_ndebug.p/check_ndebug.c.o -MF test/check_ndebug.p/check_ndebug.c.o.d -o test/check_ndebug.p/check_ndebug.c.o -c ../test/check_ndebug.c
[24/38] cc  -o test/check_ndebug test/check_ndebug.p/check_ndebug.c.o -Wl,--as-needed -Wl,--no-undefined -pie -O2 -m64 -march=x86-64 -mtune=generic -flto=auto -ffat-lto-objects
[01m[K../layer.c:[m[K In function '[01m[Kliftoff_layer_create[m[K':
[01m[K../layer.c:20:48:[m[K [01;35m[Kwarning: [m[K'[01m[Kcalloc[m[K' sizes specified with '[01m[Ksizeof[m[K' in the earlier argument and not in the later argument [[01;35m[K-Wcalloc-transposed-args[m[K]
   20 |         layer->candidate_planes = calloc(sizeof[01;35m[K([m[Klayer->candidate_planes[0]),
      |                                                [01;35m[K^[m[K
[01m[K../layer.c:20:48:[m[K [01;36m[Knote: [m[Kearlier argument should specify number of elements, later size of each element
[25/38] cc  -o test/libdrm.so.2 test/libdrm.so.2.p/libdrm_mock.c.o -Wl,--as-needed -Wl,--no-undefined -shared -fPIC -Wl,-soname,libdrm.so.2 -O2 -m64 -march=x86-64 -mtune=generic -flto=auto -ffat-lto-objects
[26/38] cc  -o libliftoff.so.0.4.1 libliftoff.so.0.4.1.p/alloc.c.o libliftoff.so.0.4.1.p/device.c.o libliftoff.so.0.4.1.p/layer.c.o libliftoff.so.0.4.1.p/list.c.o libliftoff.so.0.4.1.p/log.c.o libliftoff.so.0.4.1.p/output.c.o libliftoff.so.0.4.1.p/plane.c.o -Wl,--as-needed -Wl,--no-undefined -shared -fPIC -Wl,-soname,libliftoff.so.0 -O2 -m64 -march=x86-64 -mtune=generic -flto=auto -ffat-lto-objects /usr/lib/libdrm.so
[27/38] /usr/bin/meson --internal symbolextractor /home/devel/building/work/src/libliftoff-v0.4.1/build test/libdrm.so.2 test/libdrm.so.2 test/libdrm.so.2.p/libdrm.so.2.symbols 
[28/38] /usr/bin/meson --internal symbolextractor /home/devel/building/work/src/libliftoff-v0.4.1/build libliftoff.so.0.4.1 libliftoff.so.0.4.1 libliftoff.so.0.4.1.p/libliftoff.so.0.4.1.symbols 
[29/38] cc  -o test/test-candidate test/test-candidate.p/test_candidate.c.o -Wl,--as-needed -Wl,--no-undefined -pie -O2 -m64 -march=x86-64 -mtune=generic -flto=auto -ffat-lto-objects '-Wl,-rpath,$ORIGIN/:$ORIGIN/..' -Wl,-rpath-link,/home/devel/building/work/src/libliftoff-v0.4.1/build/test -Wl,-rpath-link,/home/devel/building/work/src/libliftoff-v0.4.1/build/ -Wl,--start-group test/libdrm.so.2 libliftoff.so.0.4.1 -Wl,--end-group
[30/38] cc  -o test/test-prop test/test-prop.p/test_prop.c.o -Wl,--as-needed -Wl,--no-undefined -pie -O2 -m64 -march=x86-64 -mtune=generic -flto=auto -ffat-lto-objects '-Wl,-rpath,$ORIGIN/:$ORIGIN/..' -Wl,-rpath-link,/home/devel/building/work/src/libliftoff-v0.4.1/build/test -Wl,-rpath-link,/home/devel/building/work/src/libliftoff-v0.4.1/build/ -Wl,--start-group test/libdrm.so.2 libliftoff.so.0.4.1 -Wl,--end-group
[31/38] cc  -o test/test-priority test/test-priority.p/test_priority.c.o -Wl,--as-needed -Wl,--no-undefined -pie -O2 -m64 -march=x86-64 -mtune=generic -flto=auto -ffat-lto-objects '-Wl,-rpath,$ORIGIN/:$ORIGIN/..' -Wl,-rpath-link,/home/devel/building/work/src/libliftoff-v0.4.1/build/test -Wl,-rpath-link,/home/devel/building/work/src/libliftoff-v0.4.1/build/ -Wl,--start-group test/libdrm.so.2 libliftoff.so.0.4.1 -Wl,--end-group
[32/38] cc  -o test/test-dynamic test/test-dynamic.p/test_dynamic.c.o -Wl,--as-needed -Wl,--no-undefined -pie -O2 -m64 -march=x86-64 -mtune=generic -flto=auto -ffat-lto-objects '-Wl,-rpath,$ORIGIN/:$ORIGIN/..' -Wl,-rpath-link,/home/devel/building/work/src/libliftoff-v0.4.1/build/test -Wl,-rpath-link,/home/devel/building/work/src/libliftoff-v0.4.1/build/ -Wl,--start-group test/libdrm.so.2 libliftoff.so.0.4.1 -Wl,--end-group
[33/38] cc  -o test/test-alloc test/test-alloc.p/test_alloc.c.o -Wl,--as-needed -Wl,--no-undefined -pie -O2 -m64 -march=x86-64 -mtune=generic -flto=auto -ffat-lto-objects '-Wl,-rpath,$ORIGIN/:$ORIGIN/..' -Wl,-rpath-link,/home/devel/building/work/src/libliftoff-v0.4.1/build/test -Wl,-rpath-link,/home/devel/building/work/src/libliftoff-v0.4.1/build/ -Wl,--start-group test/libdrm.so.2 libliftoff.so.0.4.1 -Wl,--end-group
[34/38] cc  -o test/bench test/bench.p/bench.c.o -Wl,--as-needed -Wl,--no-undefined -pie -O2 -m64 -march=x86-64 -mtune=generic -flto=auto -ffat-lto-objects '-Wl,-rpath,$ORIGIN/:$ORIGIN/..' -Wl,-rpath-link,/home/devel/building/work/src/libliftoff-v0.4.1/build/test -Wl,-rpath-link,/home/devel/building/work/src/libliftoff-v0.4.1/build/ -Wl,--start-group test/libdrm.so.2 libliftoff.so.0.4.1 -Wl,--end-group
[35/38] cc  -o example/multi-output example/multi-output.p/common.c.o example/multi-output.p/multi-output.c.o -Wl,--as-needed -Wl,--no-undefined -pie -O2 -m64 -march=x86-64 -mtune=generic -flto=auto -ffat-lto-objects '-Wl,-rpath,$ORIGIN/..' -Wl,-rpath-link,/home/devel/building/work/src/libliftoff-v0.4.1/build/ -Wl,--start-group libliftoff.so.0.4.1 /usr/lib/libdrm.so -Wl,--end-group
[36/38] cc  -o example/dynamic example/dynamic.p/common.c.o example/dynamic.p/dynamic.c.o -Wl,--as-needed -Wl,--no-undefined -pie -O2 -m64 -march=x86-64 -mtune=generic -flto=auto -ffat-lto-objects '-Wl,-rpath,$ORIGIN/..' -Wl,-rpath-link,/home/devel/building/work/src/libliftoff-v0.4.1/build/ -Wl,--start-group libliftoff.so.0.4.1 /usr/lib/libdrm.so -Wl,--end-group
[37/38] cc  -o example/compositor example/compositor.p/common.c.o example/compositor.p/compositor.c.o -Wl,--as-needed -Wl,--no-undefined -pie -O2 -m64 -march=x86-64 -mtune=generic -flto=auto -ffat-lto-objects '-Wl,-rpath,$ORIGIN/..' -Wl,-rpath-link,/home/devel/building/work/src/libliftoff-v0.4.1/build/ -Wl,--start-group libliftoff.so.0.4.1 /usr/lib/libdrm.so -Wl,--end-group
[38/38] cc  -o example/simple example/simple.p/common.c.o example/simple.p/simple.c.o -Wl,--as-needed -Wl,--no-undefined -pie -O2 -m64 -march=x86-64 -mtune=generic -flto=auto -ffat-lto-objects '-Wl,-rpath,$ORIGIN/..' -Wl,-rpath-link,/home/devel/building/work/src/libliftoff-v0.4.1/build/ -Wl,--start-group libliftoff.so.0.4.1 /usr/lib/libdrm.so -Wl,--end-group
INFO: autodetecting backend as ninja
INFO: calculating backend command to run: /usr/bin/ninja -C /home/devel/building/work/src/libliftoff-v0.4.1/build -j 8 -v
+ DESTDIR=/home/devel/building/work/pkg
+ meson install --no-rebuild -C build
Installing libliftoff.so.0.4.1 to /home/devel/building/work/pkg/usr/lib
Installing /home/devel/building/work/src/libliftoff-v0.4.1/include/libliftoff.h to /home/devel/building/work/pkg/usr/include
Installing /home/devel/building/work/src/libliftoff-v0.4.1/build/meson-private/libliftoff.pc to /home/devel/building/work/pkg/usr/lib/pkgconfig
Installing symlink pointing to libliftoff.so.0.4.1 to /home/devel/building/work/pkg/usr/lib/libliftoff.so.0
Installing symlink pointing to libliftoff.so.0 to /home/devel/building/work/pkg/usr/lib/libliftoff.so
=======> Build result:
drwxr-xr-x  0 root   root        0 May  7 23:29 usr/
drwxr-xr-x  0 root   root        0 May  7 23:29 usr/lib/
drwxr-xr-x  0 root   root        0 May  7 23:29 usr/include/
-rw-r--r--  0 root   root     6091 Mar  5  2023 usr/include/libliftoff.h
-rwxr-xr-x  0 root   root    31192 May  7 23:29 usr/lib/libliftoff.so.0.4.1
drwxr-xr-x  0 root   root        0 May  7 23:29 usr/lib/pkgconfig/
lrwxrwxrwx  0 root   root        0 May  7 23:29 usr/lib/libliftoff.so.0 -> libliftoff.so.0.4.1
lrwxrwxrwx  0 root   root        0 May  7 23:29 usr/lib/libliftoff.so -> libliftoff.so.0
-rw-r--r--  0 root   root      271 May  7 23:29 usr/lib/pkgconfig/libliftoff.pc
=======> Building '/home/devel/packages/libliftoff#0.4.1-1.x86_64.pkg.tar.zst' succeeded.
prt-get: Using PKGMK_PACKAGE_DIR: /home/devel/packages
prt-get: reinstalling libliftoff 0.4.1-1
prt-get: /usr/bin/pkgadd -u libliftoff#0.4.1-1.x86_64.pkg.tar.zst
prt-get: build done Tue May  7 23:29:34 2024

