prt-get: updating /usr/ports/wayland-x86_64/libnotify
prt-get: starting build Tue May  7 23:30:21 2024
=======> Building '/home/devel/packages/libnotify#0.8.3-1.x86_64.pkg.tar.zst'.
bsdtar -p -o -C /home/devel/building/work/src -xf /home/devel/sources/libnotify-0.8.3.tar.xz
+ build
+ cd libnotify-0.8.3
+ build-meson -Dtests=false -Dintrospection=auto -Dman=false -Dgtk_doc=false -Ddocbook_docs=disabled . build
The Meson build system
Version: 1.4.0
Source dir: /home/devel/building/work/src/libnotify-0.8.3
Build dir: /home/devel/building/work/src/libnotify-0.8.3/build
Build type: native build
Project name: libnotify
Project version: 0.8.3
C compiler for the host machine: cc (gcc 14.1.0 "cc (SAUX-x86_64) 14.1.0")
C linker for the host machine: cc ld.bfd 2.42
Host machine cpu family: x86_64
Host machine cpu: x86_64
Found pkg-config: YES (/usr/bin/pkg-config) 2.2.0
Run-time dependency gdk-pixbuf-2.0 found: YES 2.42.11
Run-time dependency glib-2.0 found: YES 2.80.0
Run-time dependency gio-2.0 found: YES 2.80.0
Run-time dependency gtk+-3.0 found: YES 3.24.41
Configuring config.h using configuration
Configuring notify-features.h using configuration
Dependency glib-2.0 found: YES 2.80.0 (cached)
Program /usr/bin/glib-mkenums found: YES (/usr/bin/glib-mkenums)
Dependency glib-2.0 found: YES 2.80.0 (cached)
Program /usr/bin/glib-mkenums found: YES (/usr/bin/glib-mkenums)
Dependency glib-2.0 found: YES 2.80.0 (cached)
Program /usr/bin/glib-genmarshal found: YES (/usr/bin/glib-genmarshal)
Compiler for C supports link arguments -Wl,--version-script,/home/devel/building/work/src/libnotify-0.8.3/libnotify/libnotify.map: YES 
Program g-ir-scanner found: YES (/usr/bin/g-ir-scanner)
Run-time dependency gobject-introspection-1.0 found: YES 1.78.1
Dependency gobject-introspection-1.0 found: YES 1.78.1 (cached)
Program /usr/bin/g-ir-scanner found: YES (/usr/bin/g-ir-scanner)
Dependency gobject-introspection-1.0 found: YES 1.78.1 (cached)
Program /usr/bin/g-ir-compiler found: YES (/usr/bin/g-ir-compiler)
Build targets in project: 8

libnotify 0.8.3

  User defined options
    auto_features     : auto
    bindir            : /usr/bin
    buildtype         : plain
    datadir           : /usr/share
    includedir        : /usr/include
    libdir            : /usr/lib
    libexecdir        : /usr/lib
    localstatedir     : /var
    mandir            : /usr/share/man
    prefix            : /usr
    sbindir           : /usr/sbin
    sharedstatedir    : /var/lib
    sysconfdir        : /etc
    werror            : false
    wrap_mode         : nodownload
    python.bytecompile: 0
    b_lto             : false
    b_pie             : true
    b_staticpic       : true
    docbook_docs      : disabled
    gtk_doc           : false
    introspection     : auto
    man               : false
    tests             : false

Found ninja-1.9 at /usr/bin/ninja
+ meson compile -j 8 -v -C build
ninja: entering directory '/home/devel/building/work/src/libnotify-0.8.3/build'
[1/14] /usr/bin/glib-genmarshal --prefix notify_marshal --output libnotify/notify-marshal.h --header ../libnotify/notify-marshal.list --pragma-once
[2/14] /usr/bin/meson --internal exe --unpickle /home/devel/building/work/src/libnotify-0.8.3/build/meson-private/meson_exe_glib-mkenums_3beb1ce9a74facb8d846d8ae44005726426d1859.dat
[3/14] /usr/bin/meson --internal exe --unpickle /home/devel/building/work/src/libnotify-0.8.3/build/meson-private/meson_exe_glib-mkenums_2d75ff0464710ec283d8857aa9764a24371e265f.dat
INFO: Reading ../libnotify/notify-marshal.list...
[4/14] /usr/bin/glib-genmarshal --prefix notify_marshal --output libnotify/notify-marshal.c --body ../libnotify/notify-marshal.list --include-header notify-marshal.h
INFO: Reading ../libnotify/notify-marshal.list...
[5/14] cc -Itools/notify-send.p -Itools -I../tools -I. -I.. -Ilibnotify -I/usr/include/gdk-pixbuf-2.0 -I/usr/include/libpng16 -I/usr/include/glib-2.0 -I/usr/lib/glib-2.0/include -I/usr/include/libmount -I/usr/include/blkid -fdiagnostics-color=always -D_FILE_OFFSET_BITS=64 -Wall -Winvalid-pch -O2 -m64 -march=x86-64 -mtune=generic -flto=auto -ffat-lto-objects -fPIE -pthread '-DG_LOG_DOMAIN="libnotify"' -MD -MQ tools/notify-send.p/notify-send.c.o -MF tools/notify-send.p/notify-send.c.o.d -o tools/notify-send.p/notify-send.c.o -c ../tools/notify-send.c
[6/14] cc -Ilibnotify/libnotify.so.4.0.0.p -Ilibnotify -I../libnotify -I. -I.. -I/usr/include/gdk-pixbuf-2.0 -I/usr/include/libpng16 -I/usr/include/glib-2.0 -I/usr/lib/glib-2.0/include -I/usr/include/libmount -I/usr/include/blkid -fdiagnostics-color=always -D_FILE_OFFSET_BITS=64 -Wall -Winvalid-pch -O2 -m64 -march=x86-64 -mtune=generic -flto=auto -ffat-lto-objects -fPIC -pthread '-DG_LOG_DOMAIN="libnotify"' -MD -MQ libnotify/libnotify.so.4.0.0.p/notification.c.o -MF libnotify/libnotify.so.4.0.0.p/notification.c.o.d -o libnotify/libnotify.so.4.0.0.p/notification.c.o -c ../libnotify/notification.c
[7/14] cc -Ilibnotify/libnotify.so.4.0.0.p -Ilibnotify -I../libnotify -I. -I.. -I/usr/include/gdk-pixbuf-2.0 -I/usr/include/libpng16 -I/usr/include/glib-2.0 -I/usr/lib/glib-2.0/include -I/usr/include/libmount -I/usr/include/blkid -fdiagnostics-color=always -D_FILE_OFFSET_BITS=64 -Wall -Winvalid-pch -O2 -m64 -march=x86-64 -mtune=generic -flto=auto -ffat-lto-objects -fPIC -pthread '-DG_LOG_DOMAIN="libnotify"' -MD -MQ libnotify/libnotify.so.4.0.0.p/notify.c.o -MF libnotify/libnotify.so.4.0.0.p/notify.c.o.d -o libnotify/libnotify.so.4.0.0.p/notify.c.o -c ../libnotify/notify.c
[8/14] cc -Ilibnotify/libnotify.so.4.0.0.p -Ilibnotify -I../libnotify -I. -I.. -I/usr/include/gdk-pixbuf-2.0 -I/usr/include/libpng16 -I/usr/include/glib-2.0 -I/usr/lib/glib-2.0/include -I/usr/include/libmount -I/usr/include/blkid -fdiagnostics-color=always -D_FILE_OFFSET_BITS=64 -Wall -Winvalid-pch -O2 -m64 -march=x86-64 -mtune=generic -flto=auto -ffat-lto-objects -fPIC -pthread '-DG_LOG_DOMAIN="libnotify"' -MD -MQ libnotify/libnotify.so.4.0.0.p/meson-generated_.._notify-marshal.c.o -MF libnotify/libnotify.so.4.0.0.p/meson-generated_.._notify-marshal.c.o.d -o libnotify/libnotify.so.4.0.0.p/meson-generated_.._notify-marshal.c.o -c libnotify/notify-marshal.c
[9/14] cc -Ilibnotify/libnotify.so.4.0.0.p -Ilibnotify -I../libnotify -I. -I.. -I/usr/include/gdk-pixbuf-2.0 -I/usr/include/libpng16 -I/usr/include/glib-2.0 -I/usr/lib/glib-2.0/include -I/usr/include/libmount -I/usr/include/blkid -fdiagnostics-color=always -D_FILE_OFFSET_BITS=64 -Wall -Winvalid-pch -O2 -m64 -march=x86-64 -mtune=generic -flto=auto -ffat-lto-objects -fPIC -pthread '-DG_LOG_DOMAIN="libnotify"' -MD -MQ libnotify/libnotify.so.4.0.0.p/meson-generated_.._notify-enum-types.c.o -MF libnotify/libnotify.so.4.0.0.p/meson-generated_.._notify-enum-types.c.o.d -o libnotify/libnotify.so.4.0.0.p/meson-generated_.._notify-enum-types.c.o -c libnotify/notify-enum-types.c
[10/14] cc  -o libnotify/libnotify.so.4.0.0 libnotify/libnotify.so.4.0.0.p/meson-generated_.._notify-enum-types.c.o libnotify/libnotify.so.4.0.0.p/meson-generated_.._notify-marshal.c.o libnotify/libnotify.so.4.0.0.p/notify.c.o libnotify/libnotify.so.4.0.0.p/notification.c.o -Wl,--as-needed -Wl,--no-undefined -shared -fPIC -Wl,-soname,libnotify.so.4 -O2 -m64 -march=x86-64 -mtune=generic -flto=auto -ffat-lto-objects -Wl,--version-script,/home/devel/building/work/src/libnotify-0.8.3/libnotify/libnotify.map -Wl,--start-group /usr/lib/libgdk_pixbuf-2.0.so /usr/lib/libgobject-2.0.so /usr/lib/libglib-2.0.so /usr/lib/libgio-2.0.so -Wl,--end-group
[11/14] env PKG_CONFIG_PATH=/usr/lib/pkgconfig:/usr/share/pkgconfig:/home/devel/building/work/src/libnotify-0.8.3/build/meson-uninstalled PKG_CONFIG=/usr/bin/pkg-config CC=cc /usr/bin/g-ir-scanner --quiet --no-libtool --namespace=Notify --nsversion=0.7 --warn-all --output libnotify/Notify-0.7.gir --c-include=libnotify/notify.h -I/home/devel/building/work/src/libnotify-0.8.3/libnotify -I/home/devel/building/work/src/libnotify-0.8.3/build/libnotify -I/home/devel/building/work/src/libnotify-0.8.3/. -I/home/devel/building/work/src/libnotify-0.8.3/build/. --filelist=/home/devel/building/work/src/libnotify-0.8.3/build/libnotify/libnotify.so.4.0.0.p/Notify_0.7_gir_filelist --include=GLib-2.0 --include=GdkPixbuf-2.0 --pkg-export=libnotify --cflags-begin -I/home/devel/building/work/src/libnotify-0.8.3/. -I/home/devel/building/work/src/libnotify-0.8.3/build/. '-DG_LOG_DOMAIN="libnotify"' -I/usr/include/gdk-pixbuf-2.0 -I/usr/include/libpng16 -I/usr/include/glib-2.0 -I/usr/lib/glib-2.0/include -I/usr/include/libmount -I/usr/include/blkid -I/usr/include/gobject-introspection-1.0 --cflags-end --add-include-path=/usr/share/gir-1.0 -L/home/devel/building/work/src/libnotify-0.8.3/build/libnotify --library notify --extra-library=gdk_pixbuf-2.0 --extra-library=gobject-2.0 --extra-library=glib-2.0 --extra-library=gio-2.0 --extra-library=girepository-1.0 --sources-top-dirs /home/devel/building/work/src/libnotify-0.8.3/ --sources-top-dirs /home/devel/building/work/src/libnotify-0.8.3/build/
[12/14] /usr/bin/meson --internal symbolextractor /home/devel/building/work/src/libnotify-0.8.3/build libnotify/libnotify.so.4.0.0 libnotify/libnotify.so.4.0.0 libnotify/libnotify.so.4.0.0.p/libnotify.so.4.0.0.symbols 
[13/14] cc  -o tools/notify-send tools/notify-send.p/notify-send.c.o -Wl,--as-needed -Wl,--no-undefined -pie -O2 -m64 -march=x86-64 -mtune=generic -flto=auto -ffat-lto-objects '-Wl,-rpath,$ORIGIN/../libnotify' -Wl,-rpath-link,/home/devel/building/work/src/libnotify-0.8.3/build/libnotify -Wl,--start-group libnotify/libnotify.so.4.0.0 -Wl,--version-script,/home/devel/building/work/src/libnotify-0.8.3/libnotify/libnotify.map /usr/lib/libgdk_pixbuf-2.0.so /usr/lib/libgobject-2.0.so /usr/lib/libglib-2.0.so /usr/lib/libgio-2.0.so -Wl,--end-group
[14/14] /usr/bin/g-ir-compiler libnotify/Notify-0.7.gir --output libnotify/Notify-0.7.typelib --includedir=/usr/share/gir-1.0
INFO: autodetecting backend as ninja
INFO: calculating backend command to run: /usr/bin/ninja -C /home/devel/building/work/src/libnotify-0.8.3/build -j 8 -v
+ DESTDIR=/home/devel/building/work/pkg
+ meson install --no-rebuild -C build
Installing libnotify/notify-enum-types.h to /home/devel/building/work/pkg/usr/include/libnotify
Installing libnotify/libnotify.so.4.0.0 to /home/devel/building/work/pkg/usr/lib
Installing libnotify/Notify-0.7.gir to /home/devel/building/work/pkg/usr/share/gir-1.0
Installing libnotify/Notify-0.7.typelib to /home/devel/building/work/pkg/usr/lib/girepository-1.0
Installing tools/notify-send to /home/devel/building/work/pkg/usr/bin
Installing /home/devel/building/work/src/libnotify-0.8.3/libnotify/notify.h to /home/devel/building/work/pkg/usr/include/libnotify
Installing /home/devel/building/work/src/libnotify-0.8.3/libnotify/notification.h to /home/devel/building/work/pkg/usr/include/libnotify
Installing /home/devel/building/work/src/libnotify-0.8.3/build/libnotify/notify-features.h to /home/devel/building/work/pkg/usr/include/libnotify
Installing /home/devel/building/work/src/libnotify-0.8.3/build/meson-private/libnotify.pc to /home/devel/building/work/pkg/usr/lib/pkgconfig
Installing symlink pointing to libnotify.so.4.0.0 to /home/devel/building/work/pkg/usr/lib/libnotify.so.4
Installing symlink pointing to libnotify.so.4 to /home/devel/building/work/pkg/usr/lib/libnotify.so
=======> Build result:
drwxr-xr-x  0 root   root        0 May  7 23:30 usr/
drwxr-xr-x  0 root   root        0 May  7 23:30 usr/include/
drwxr-xr-x  0 root   root        0 May  7 23:30 usr/lib/
drwxr-xr-x  0 root   root        0 May  7 23:30 usr/share/
drwxr-xr-x  0 root   root        0 May  7 23:30 usr/bin/
-rwxr-xr-x  0 root   root    19136 May  7 23:30 usr/bin/notify-send
drwxr-xr-x  0 root   root        0 May  7 23:30 usr/share/gir-1.0/
-rw-r--r--  0 root   root    55445 May  7 23:30 usr/share/gir-1.0/Notify-0.7.gir
-rwxr-xr-x  0 root   root    52248 May  7 23:30 usr/lib/libnotify.so.4.0.0
drwxr-xr-x  0 root   root        0 May  7 23:30 usr/lib/girepository-1.0/
drwxr-xr-x  0 root   root        0 May  7 23:30 usr/lib/pkgconfig/
lrwxrwxrwx  0 root   root        0 May  7 23:30 usr/lib/libnotify.so.4 -> libnotify.so.4.0.0
lrwxrwxrwx  0 root   root        0 May  7 23:30 usr/lib/libnotify.so -> libnotify.so.4
-rw-r--r--  0 root   root      246 May  7 23:30 usr/lib/pkgconfig/libnotify.pc
-rw-r--r--  0 root   root     5204 May  7 23:30 usr/lib/girepository-1.0/Notify-0.7.typelib
drwxr-xr-x  0 root   root        0 May  7 23:30 usr/include/libnotify/
-rw-r--r--  0 root   root      589 May  7 23:30 usr/include/libnotify/notify-enum-types.h
-rw-r--r--  0 root   root     1694 Oct  9  2023 usr/include/libnotify/notify.h
-rw-r--r--  0 root   root    10233 Oct  9  2023 usr/include/libnotify/notification.h
-rw-r--r--  0 root   root     1922 May  7 23:30 usr/include/libnotify/notify-features.h
=======> Building '/home/devel/packages/libnotify#0.8.3-1.x86_64.pkg.tar.zst' succeeded.
prt-get: Using PKGMK_PACKAGE_DIR: /home/devel/packages
prt-get: reinstalling libnotify 0.8.3-1
prt-get: /usr/bin/pkgadd -u libnotify#0.8.3-1.x86_64.pkg.tar.zst
prt-get: build done Tue May  7 23:30:24 2024

