prt-get: updating /usr/ports/opt-x86_64/libogg
prt-get: starting build Thu Feb  1 18:15:08 2024
=======> Building '/home/devel/packages/libogg#1.3.5-1.x86_64.pkg.tar.zst'.
bsdtar -p -o -C /home/devel/building/work/src -xf /home/devel/sources/libogg-1.3.5.tar.xz
+ build
+ cd libogg-1.3.5
+ ./configure --prefix=/usr --disable-static
checking build system type... x86_64-pc-linux-gnu
checking host system type... x86_64-pc-linux-gnu
checking how to print strings... printf
checking for gcc... gcc
checking whether the C compiler works... yes
checking for C compiler default output file name... a.out
checking for suffix of executables... 
checking whether we are cross compiling... no
checking for suffix of object files... o
checking whether we are using the GNU C compiler... yes
checking whether gcc accepts -g... yes
checking for gcc option to accept ISO C89... none needed
checking whether gcc understands -c and -o together... yes
checking for a sed that does not truncate output... /bin/sed
checking for grep that handles long lines and -e... /usr/bin/grep
checking for egrep... /usr/bin/grep -E
checking for fgrep... /usr/bin/grep -F
checking for ld used by gcc... /usr/bin/ld
checking if the linker (/usr/bin/ld) is GNU ld... yes
checking for BSD- or MS-compatible name lister (nm)... /usr/bin/nm -B
checking the name lister (/usr/bin/nm -B) interface... BSD nm
checking whether ln -s works... yes
checking the maximum length of command line arguments... 1572864
checking how to convert x86_64-pc-linux-gnu file names to x86_64-pc-linux-gnu format... func_convert_file_noop
checking how to convert x86_64-pc-linux-gnu file names to toolchain format... func_convert_file_noop
checking for /usr/bin/ld option to reload object files... -r
checking for objdump... objdump
checking how to recognize dependent libraries... pass_all
checking for dlltool... no
checking how to associate runtime and link libraries... printf %s\n
checking for ar... ar
checking for archiver @FILE support... @
checking for strip... strip
checking for ranlib... ranlib
checking for gawk... gawk
checking command to parse /usr/bin/nm -B output from gcc object... ok
checking for sysroot... no
checking for a working dd... /bin/dd
checking how to truncate binary pipes... /bin/dd bs=4096 count=1
checking for mt... no
checking if : is a manifest tool... no
checking how to run the C preprocessor... gcc -E
checking for ANSI C header files... yes
checking for sys/types.h... yes
checking for sys/stat.h... yes
checking for stdlib.h... yes
checking for string.h... yes
checking for memory.h... yes
checking for strings.h... yes
checking for inttypes.h... yes
checking for stdint.h... yes
checking for unistd.h... yes
checking for dlfcn.h... yes
checking for objdir... .libs
checking if gcc supports -fno-rtti -fno-exceptions... no
checking for gcc option to produce PIC... -fPIC -DPIC
checking if gcc PIC flag -fPIC -DPIC works... yes
checking if gcc static flag -static works... yes
checking if gcc supports -c -o file.o... yes
checking if gcc supports -c -o file.o... (cached) yes
checking whether the gcc linker (/usr/bin/ld -m elf_x86_64) supports shared libraries... yes
checking whether -lc should be explicitly linked in... no
checking dynamic linker characteristics... GNU/Linux ld.so
checking how to hardcode library paths into programs... immediate
checking whether stripping libraries is possible... yes
checking if libtool supports shared libraries... yes
checking whether to build shared libraries... yes
checking whether to build static libraries... no
checking for a BSD-compatible install... /usr/bin/install -c
checking whether build environment is sane... yes
checking for a thread-safe mkdir -p... /bin/mkdir -p
checking whether make sets $(MAKE)... yes
checking whether make supports the include directive... yes (GNU style)
checking whether make supports nested variables... yes
checking dependency style of gcc... gcc3
checking whether to enable maintainer-specific portions of Makefiles... yes
checking for gcc... (cached) gcc
checking whether we are using the GNU C compiler... (cached) yes
checking whether gcc accepts -g... (cached) yes
checking for gcc option to accept ISO C89... (cached) none needed
checking whether gcc understands -c and -o together... (cached) yes
checking for ANSI C header files... (cached) yes
checking for inttypes.h... (cached) yes
checking for stdint.h... (cached) yes
checking for sys/types.h... (cached) yes
checking for an ANSI C-conforming const... yes
checking size of int16_t... 2
checking size of uint16_t... 2
checking size of u_int16_t... 2
checking size of int32_t... 4
checking size of uint32_t... 4
checking size of u_int32_t... 4
checking size of int64_t... 8
checking size of uint64_t... 8
checking size of short... 2
checking size of int... 4
checking size of long... 8
checking size of long long... 8
checking for working memcmp... yes
checking that generated files are newer than configure... done
configure: creating ./config.status
config.status: creating Makefile
config.status: creating src/Makefile
config.status: creating doc/Makefile
config.status: creating doc/libogg/Makefile
config.status: creating include/Makefile
config.status: creating include/ogg/Makefile
config.status: creating include/ogg/config_types.h
config.status: creating libogg.spec
config.status: creating ogg.pc
config.status: creating ogg-uninstalled.pc
config.status: creating config.h
config.status: executing libtool commands
config.status: executing depfiles commands
+ make V=1
make  all-recursive
make[1]: Entering directory '/home/devel/building/work/src/libogg-1.3.5'
Making all in src
make[2]: Entering directory '/home/devel/building/work/src/libogg-1.3.5/src'
gcc -DHAVE_CONFIG_H -I. -I..  -I../include -I../include  -D_V_SELFTEST -O2 -Wall -ffast-math -fsigned-char -O2 -m64 -march=x86-64 -mtune=generic -flto=auto -ffat-lto-objects -MT test_bitwise-bitwise.o -MD -MP -MF .deps/test_bitwise-bitwise.Tpo -c -o test_bitwise-bitwise.o `test -f 'bitwise.c' || echo './'`bitwise.c
gcc -DHAVE_CONFIG_H -I. -I..  -I../include -I../include  -D_V_SELFTEST -O2 -Wall -ffast-math -fsigned-char -O2 -m64 -march=x86-64 -mtune=generic -flto=auto -ffat-lto-objects -MT test_framing-framing.o -MD -MP -MF .deps/test_framing-framing.Tpo -c -o test_framing-framing.o `test -f 'framing.c' || echo './'`framing.c
/bin/sh ../libtool  --tag=CC   --mode=compile gcc -DHAVE_CONFIG_H -I. -I..  -I../include -I../include   -O2 -Wall -ffast-math -fsigned-char -O2 -m64 -march=x86-64 -mtune=generic -flto=auto -ffat-lto-objects -MT framing.lo -MD -MP -MF .deps/framing.Tpo -c -o framing.lo framing.c
/bin/sh ../libtool  --tag=CC   --mode=compile gcc -DHAVE_CONFIG_H -I. -I..  -I../include -I../include   -O2 -Wall -ffast-math -fsigned-char -O2 -m64 -march=x86-64 -mtune=generic -flto=auto -ffat-lto-objects -MT bitwise.lo -MD -MP -MF .deps/bitwise.Tpo -c -o bitwise.lo bitwise.c
libtool: compile:  gcc -DHAVE_CONFIG_H -I. -I.. -I../include -I../include -O2 -Wall -ffast-math -fsigned-char -O2 -m64 -march=x86-64 -mtune=generic -flto=auto -ffat-lto-objects -MT bitwise.lo -MD -MP -MF .deps/bitwise.Tpo -c bitwise.c  -fPIC -DPIC -o .libs/bitwise.o
libtool: compile:  gcc -DHAVE_CONFIG_H -I. -I.. -I../include -I../include -O2 -Wall -ffast-math -fsigned-char -O2 -m64 -march=x86-64 -mtune=generic -flto=auto -ffat-lto-objects -MT framing.lo -MD -MP -MF .deps/framing.Tpo -c framing.c  -fPIC -DPIC -o .libs/framing.o
mv -f .deps/bitwise.Tpo .deps/bitwise.Plo
mv -f .deps/framing.Tpo .deps/framing.Plo
/bin/sh ../libtool  --tag=CC   --mode=link gcc  -O2 -Wall -ffast-math -fsigned-char -O2 -m64 -march=x86-64 -mtune=generic -flto=auto -ffat-lto-objects -no-undefined -version-info 8:5:8  -o libogg.la -rpath /usr/lib framing.lo bitwise.lo  
libtool: link: gcc -shared  -fPIC -DPIC  .libs/framing.o .libs/bitwise.o    -O2 -O2 -m64 -march=x86-64 -mtune=generic -flto=auto   -Wl,-soname -Wl,libogg.so.0 -o .libs/libogg.so.0.8.5
mv -f .deps/test_bitwise-bitwise.Tpo .deps/test_bitwise-bitwise.Po
/bin/sh ../libtool  --tag=CC   --mode=link gcc -D_V_SELFTEST -O2 -Wall -ffast-math -fsigned-char -O2 -m64 -march=x86-64 -mtune=generic -flto=auto -ffat-lto-objects   -o test_bitwise test_bitwise-bitwise.o  
libtool: link: gcc -D_V_SELFTEST -O2 -Wall -ffast-math -fsigned-char -O2 -m64 -march=x86-64 -mtune=generic -flto=auto -ffat-lto-objects -o test_bitwise test_bitwise-bitwise.o 
mv -f .deps/test_framing-framing.Tpo .deps/test_framing-framing.Po
/bin/sh ../libtool  --tag=CC   --mode=link gcc -D_V_SELFTEST -O2 -Wall -ffast-math -fsigned-char -O2 -m64 -march=x86-64 -mtune=generic -flto=auto -ffat-lto-objects   -o test_framing test_framing-framing.o  
libtool: link: gcc -D_V_SELFTEST -O2 -Wall -ffast-math -fsigned-char -O2 -m64 -march=x86-64 -mtune=generic -flto=auto -ffat-lto-objects -o test_framing test_framing-framing.o 
libtool: link: (cd ".libs" && rm -f "libogg.so.0" && ln -s "libogg.so.0.8.5" "libogg.so.0")
libtool: link: (cd ".libs" && rm -f "libogg.so" && ln -s "libogg.so.0.8.5" "libogg.so")
libtool: link: ( cd ".libs" && rm -f "libogg.la" && ln -s "../libogg.la" "libogg.la" )
make[2]: Leaving directory '/home/devel/building/work/src/libogg-1.3.5/src'
Making all in include
make[2]: Entering directory '/home/devel/building/work/src/libogg-1.3.5/include'
Making all in ogg
make[3]: Entering directory '/home/devel/building/work/src/libogg-1.3.5/include/ogg'
make[3]: Nothing to be done for 'all'.
make[3]: Leaving directory '/home/devel/building/work/src/libogg-1.3.5/include/ogg'
make[3]: Entering directory '/home/devel/building/work/src/libogg-1.3.5/include'
make[3]: Nothing to be done for 'all-am'.
make[3]: Leaving directory '/home/devel/building/work/src/libogg-1.3.5/include'
make[2]: Leaving directory '/home/devel/building/work/src/libogg-1.3.5/include'
Making all in doc
make[2]: Entering directory '/home/devel/building/work/src/libogg-1.3.5/doc'
Making all in libogg
make[3]: Entering directory '/home/devel/building/work/src/libogg-1.3.5/doc/libogg'
make[3]: Nothing to be done for 'all'.
make[3]: Leaving directory '/home/devel/building/work/src/libogg-1.3.5/doc/libogg'
make[3]: Entering directory '/home/devel/building/work/src/libogg-1.3.5/doc'
make[3]: Nothing to be done for 'all-am'.
make[3]: Leaving directory '/home/devel/building/work/src/libogg-1.3.5/doc'
make[2]: Leaving directory '/home/devel/building/work/src/libogg-1.3.5/doc'
make[2]: Entering directory '/home/devel/building/work/src/libogg-1.3.5'
make[2]: Leaving directory '/home/devel/building/work/src/libogg-1.3.5'
make[1]: Leaving directory '/home/devel/building/work/src/libogg-1.3.5'
+ make DESTDIR=/home/devel/building/work/pkg install
Making install in src
make[1]: Entering directory '/home/devel/building/work/src/libogg-1.3.5/src'
make[2]: Entering directory '/home/devel/building/work/src/libogg-1.3.5/src'
make[2]: Nothing to be done for 'install-data-am'.
 /bin/mkdir -p '/home/devel/building/work/pkg/usr/lib'
 /bin/sh ../libtool   --mode=install /usr/bin/install -c   libogg.la '/home/devel/building/work/pkg/usr/lib'
libtool: install: /usr/bin/install -c .libs/libogg.so.0.8.5 /home/devel/building/work/pkg/usr/lib/libogg.so.0.8.5
libtool: install: (cd /home/devel/building/work/pkg/usr/lib && { ln -s -f libogg.so.0.8.5 libogg.so.0 || { rm -f libogg.so.0 && ln -s libogg.so.0.8.5 libogg.so.0; }; })
libtool: install: (cd /home/devel/building/work/pkg/usr/lib && { ln -s -f libogg.so.0.8.5 libogg.so || { rm -f libogg.so && ln -s libogg.so.0.8.5 libogg.so; }; })
libtool: install: /usr/bin/install -c .libs/libogg.lai /home/devel/building/work/pkg/usr/lib/libogg.la
libtool: warning: remember to run 'libtool --finish /usr/lib'
make[2]: Leaving directory '/home/devel/building/work/src/libogg-1.3.5/src'
make[1]: Leaving directory '/home/devel/building/work/src/libogg-1.3.5/src'
Making install in include
make[1]: Entering directory '/home/devel/building/work/src/libogg-1.3.5/include'
Making install in ogg
make[2]: Entering directory '/home/devel/building/work/src/libogg-1.3.5/include/ogg'
make[3]: Entering directory '/home/devel/building/work/src/libogg-1.3.5/include/ogg'
make[3]: Nothing to be done for 'install-exec-am'.
 /bin/mkdir -p '/home/devel/building/work/pkg/usr/include/ogg'
 /bin/mkdir -p '/home/devel/building/work/pkg/usr/include/ogg'
 /usr/bin/install -c -m 644 config_types.h '/home/devel/building/work/pkg/usr/include/ogg'
 /usr/bin/install -c -m 644 ogg.h os_types.h '/home/devel/building/work/pkg/usr/include/ogg'
make[3]: Leaving directory '/home/devel/building/work/src/libogg-1.3.5/include/ogg'
make[2]: Leaving directory '/home/devel/building/work/src/libogg-1.3.5/include/ogg'
make[2]: Entering directory '/home/devel/building/work/src/libogg-1.3.5/include'
make[3]: Entering directory '/home/devel/building/work/src/libogg-1.3.5/include'
make[3]: Nothing to be done for 'install-exec-am'.
make[3]: Nothing to be done for 'install-data-am'.
make[3]: Leaving directory '/home/devel/building/work/src/libogg-1.3.5/include'
make[2]: Leaving directory '/home/devel/building/work/src/libogg-1.3.5/include'
make[1]: Leaving directory '/home/devel/building/work/src/libogg-1.3.5/include'
Making install in doc
make[1]: Entering directory '/home/devel/building/work/src/libogg-1.3.5/doc'
Making install in libogg
make[2]: Entering directory '/home/devel/building/work/src/libogg-1.3.5/doc/libogg'
make[3]: Entering directory '/home/devel/building/work/src/libogg-1.3.5/doc/libogg'
make[3]: Nothing to be done for 'install-exec-am'.
 /bin/mkdir -p '/home/devel/building/work/pkg/usr/share/doc/libogg/libogg'
 /usr/bin/install -c -m 644 bitpacking.html datastructures.html decoding.html encoding.html general.html index.html ogg_iovec_t.html ogg_packet.html ogg_packet_clear.html ogg_page.html ogg_page_bos.html ogg_page_checksum_set.html ogg_page_continued.html ogg_page_eos.html ogg_page_granulepos.html ogg_page_packets.html ogg_page_pageno.html ogg_page_serialno.html ogg_page_version.html ogg_stream_check.html ogg_stream_clear.html ogg_stream_destroy.html ogg_stream_eos.html ogg_stream_flush.html ogg_stream_flush_fill.html ogg_stream_init.html ogg_stream_iovecin.html ogg_stream_packetin.html ogg_stream_packetout.html ogg_stream_packetpeek.html ogg_stream_pagein.html ogg_stream_pageout.html ogg_stream_pageout_fill.html ogg_stream_reset.html ogg_stream_reset_serialno.html ogg_stream_state.html ogg_sync_buffer.html ogg_sync_check.html ogg_sync_clear.html ogg_sync_destroy.html '/home/devel/building/work/pkg/usr/share/doc/libogg/libogg'
 /usr/bin/install -c -m 644 ogg_sync_init.html ogg_sync_pageout.html ogg_sync_pageseek.html ogg_sync_reset.html ogg_sync_state.html ogg_sync_wrote.html oggpack_adv.html oggpack_adv1.html oggpack_bits.html oggpack_buffer.html oggpack_bytes.html oggpack_get_buffer.html oggpack_look.html oggpack_look1.html oggpack_read.html oggpack_read1.html oggpack_readinit.html oggpack_reset.html oggpack_write.html oggpack_writealign.html oggpack_writecheck.html oggpack_writeclear.html oggpack_writecopy.html oggpack_writeinit.html oggpack_writetrunc.html overview.html reference.html style.css '/home/devel/building/work/pkg/usr/share/doc/libogg/libogg'
make[3]: Leaving directory '/home/devel/building/work/src/libogg-1.3.5/doc/libogg'
make[2]: Leaving directory '/home/devel/building/work/src/libogg-1.3.5/doc/libogg'
make[2]: Entering directory '/home/devel/building/work/src/libogg-1.3.5/doc'
make[3]: Entering directory '/home/devel/building/work/src/libogg-1.3.5/doc'
make[3]: Nothing to be done for 'install-exec-am'.
 /bin/mkdir -p '/home/devel/building/work/pkg/usr/share/doc/libogg'
 /usr/bin/install -c -m 644 framing.html index.html oggstream.html ogg-multiplex.html fish_xiph_org.png multiplex1.png packets.png pages.png stream.png vorbisword2.png white-ogg.png white-xifish.png rfc3533.txt rfc5334.txt skeleton.html '/home/devel/building/work/pkg/usr/share/doc/libogg'
make[3]: Leaving directory '/home/devel/building/work/src/libogg-1.3.5/doc'
make[2]: Leaving directory '/home/devel/building/work/src/libogg-1.3.5/doc'
make[1]: Leaving directory '/home/devel/building/work/src/libogg-1.3.5/doc'
make[1]: Entering directory '/home/devel/building/work/src/libogg-1.3.5'
make[2]: Entering directory '/home/devel/building/work/src/libogg-1.3.5'
make[2]: Nothing to be done for 'install-exec-am'.
 /bin/mkdir -p '/home/devel/building/work/pkg/usr/share/aclocal'
 /bin/mkdir -p '/home/devel/building/work/pkg/usr/lib/pkgconfig'
 /usr/bin/install -c -m 644 ogg.m4 '/home/devel/building/work/pkg/usr/share/aclocal'
 /usr/bin/install -c -m 644 ogg.pc '/home/devel/building/work/pkg/usr/lib/pkgconfig'
make[2]: Leaving directory '/home/devel/building/work/src/libogg-1.3.5'
make[1]: Leaving directory '/home/devel/building/work/src/libogg-1.3.5'
+ rm -r /home/devel/building/work/pkg/usr/share/doc
+ find /home/devel/building/work/pkg -type f -name '*.la' -delete
=======> Build result:
drwxr-xr-x  0 root   root        0 Feb  1 18:15 usr/
drwxr-xr-x  0 root   root        0 Feb  1 18:15 usr/lib/
drwxr-xr-x  0 root   root        0 Feb  1 18:15 usr/include/
drwxr-xr-x  0 root   root        0 Feb  1 18:15 usr/share/
drwxr-xr-x  0 root   root        0 Feb  1 18:15 usr/share/aclocal/
-rw-r--r--  0 root   root     3958 Feb  1 18:15 usr/share/aclocal/ogg.m4
drwxr-xr-x  0 root   root        0 Feb  1 18:15 usr/include/ogg/
-rw-r--r--  0 root   root      538 Feb  1 18:15 usr/include/ogg/config_types.h
-rw-r--r--  0 root   root     8373 Feb  1 18:15 usr/include/ogg/ogg.h
-rw-r--r--  0 root   root     4781 Feb  1 18:15 usr/include/ogg/os_types.h
-rwxr-xr-x  0 root   root    39120 Feb  1 18:15 usr/lib/libogg.so.0.8.5
lrwxrwxrwx  0 root   root        0 Feb  1 18:15 usr/lib/libogg.so.0 -> libogg.so.0.8.5
lrwxrwxrwx  0 root   root        0 Feb  1 18:15 usr/lib/libogg.so -> libogg.so.0.8.5
drwxr-xr-x  0 root   root        0 Feb  1 18:15 usr/lib/pkgconfig/
-rw-r--r--  0 root   root      269 Feb  1 18:15 usr/lib/pkgconfig/ogg.pc
=======> Building '/home/devel/packages/libogg#1.3.5-1.x86_64.pkg.tar.zst' succeeded.
prt-get: Using PKGMK_PACKAGE_DIR: /home/devel/packages
prt-get: reinstalling libogg 1.3.5-1
prt-get: /usr/bin/pkgadd -u libogg#1.3.5-1.x86_64.pkg.tar.zst
prt-get: build done Thu Feb  1 18:15:12 2024

