prt-get: updating /usr/ports/opt-x86_64/libpng
prt-get: starting build Thu Feb  1 18:15:53 2024
=======> Building '/home/devel/packages/libpng#1.6.40-1.x86_64.pkg.tar.zst'.
bsdtar -p -o -C /home/devel/building/work/src -xf /home/devel/sources/libpng-1.6.40.tar.gz
cp libpng-apng.patch /home/devel/building/work/src
+ build
+ cd libpng-1.6.40
+ patch -p1 -i /home/devel/building/work/src/libpng-apng.patch
patching file png.h
Hunk #1 succeeded at 330 (offset -31 lines).
Hunk #2 succeeded at 429 (offset -31 lines).
Hunk #3 succeeded at 761 (offset -31 lines).
Hunk #4 succeeded at 802 (offset -31 lines).
Hunk #5 succeeded at 3249 (offset -31 lines).
Hunk #6 succeeded at 3326 (offset -31 lines).
patching file pngget.c
Hunk #1 succeeded at 1257 (offset 12 lines).
patching file pnginfo.h
patching file pngpread.c
patching file pngpriv.h
Hunk #1 succeeded at 628 with fuzz 2.
patching file pngread.c
patching file pngrutil.c
Hunk #1 succeeded at 864 (offset -1 lines).
Hunk #2 succeeded at 2863 (offset 18 lines).
Hunk #3 succeeded at 4344 (offset 21 lines).
Hunk #4 succeeded at 4387 (offset 21 lines).
Hunk #5 succeeded at 4450 (offset 21 lines).
Hunk #6 succeeded at 4890 (offset 20 lines).
patching file pngset.c
Hunk #1 succeeded at 280 (offset -8 lines).
Hunk #2 succeeded at 1154 (offset -9 lines).
patching file pngstruct.h
Hunk #1 succeeded at 399 (offset -4 lines).
patching file pngtest.c
Hunk #2 succeeded at 1387 (offset 2 lines).
Hunk #3 succeeded at 1483 (offset 2 lines).
patching file pngwrite.c
Hunk #2 succeeded at 377 (offset 3 lines).
Hunk #3 succeeded at 1484 (offset 14 lines).
patching file pngwutil.c
Hunk #1 succeeded at 821 with fuzz 2 (offset -1 lines).
Hunk #2 succeeded at 1007 (offset -1 lines).
Hunk #3 succeeded at 1064 (offset -1 lines).
Hunk #4 succeeded at 1909 (offset -2 lines).
Hunk #5 succeeded at 2878 (offset -3 lines).
patching file scripts/symbols.def
Hunk #1 succeeded at 253 (offset -1 lines).
+ ./configure --prefix=/usr --disable-static
checking for a BSD-compatible install... /usr/bin/install -c
checking whether build environment is sane... yes
checking for a race-free mkdir -p... /bin/mkdir -p
checking for gawk... gawk
checking whether make sets $(MAKE)... yes
checking whether make supports nested variables... yes
checking whether to enable maintainer-specific portions of Makefiles... no
checking for gcc... gcc
checking whether the C compiler works... yes
checking for C compiler default output file name... a.out
checking for suffix of executables... 
checking whether we are cross compiling... no
checking for suffix of object files... o
checking whether the compiler supports GNU C... yes
checking whether gcc accepts -g... yes
checking for gcc option to enable C11 features... none needed
checking whether gcc understands -c and -o together... yes
checking whether make supports the include directive... yes (GNU style)
checking dependency style of gcc... gcc3
checking dependency style of gcc... gcc3
checking build system type... x86_64-pc-linux-gnu
checking host system type... x86_64-pc-linux-gnu
checking for a sed that does not truncate output... /bin/sed
checking for grep that handles long lines and -e... /usr/bin/grep
checking for egrep... /usr/bin/grep -E
checking for fgrep... /usr/bin/grep -F
checking how to print strings... printf
checking for ld used by gcc... /usr/bin/ld
checking if the linker (/usr/bin/ld) is GNU ld... yes
checking how to run the C preprocessor... gcc -E
checking for gawk... (cached) gawk
checking whether ln -s works... yes
checking whether make sets $(MAKE)... (cached) yes
checking for BSD- or MS-compatible name lister (nm)... /usr/bin/nm -B
checking the name lister (/usr/bin/nm -B) interface... BSD nm
checking the maximum length of command line arguments... 1572864
checking how to convert x86_64-pc-linux-gnu file names to x86_64-pc-linux-gnu format... func_convert_file_noop
checking how to convert x86_64-pc-linux-gnu file names to toolchain format... func_convert_file_noop
checking for /usr/bin/ld option to reload object files... -r
checking for file... file
checking for objdump... objdump
checking how to recognize dependent libraries... pass_all
checking for dlltool... no
checking how to associate runtime and link libraries... printf %s\n
checking for ar... ar
checking for archiver @FILE support... @
checking for strip... strip
checking for ranlib... ranlib
checking command to parse /usr/bin/nm -B output from gcc object... ok
checking for sysroot... no
checking for a working dd... /bin/dd
checking how to truncate binary pipes... /bin/dd bs=4096 count=1
checking for mt... no
checking if : is a manifest tool... no
checking for stdio.h... yes
checking for stdlib.h... yes
checking for string.h... yes
checking for inttypes.h... yes
checking for stdint.h... yes
checking for strings.h... yes
checking for sys/stat.h... yes
checking for sys/types.h... yes
checking for unistd.h... yes
checking for dlfcn.h... yes
checking for objdir... .libs
checking if gcc supports -fno-rtti -fno-exceptions... no
checking for gcc option to produce PIC... -fPIC -DPIC
checking if gcc PIC flag -fPIC -DPIC works... yes
checking if gcc static flag -static works... yes
checking if gcc supports -c -o file.o... yes
checking if gcc supports -c -o file.o... (cached) yes
checking whether the gcc linker (/usr/bin/ld -m elf_x86_64) supports shared libraries... yes
checking whether -lc should be explicitly linked in... no
checking dynamic linker characteristics... GNU/Linux ld.so
checking how to hardcode library paths into programs... immediate
checking whether stripping libraries is possible... yes
checking if libtool supports shared libraries... yes
checking whether to build shared libraries... yes
checking whether to build static libraries... no
checking that AWK works... ok
checking if we need to force back C standard to C89... no
checking whether struct tm is in sys/time.h or time.h... time.h
checking for C/C++ restrict keyword... __restrict__
checking for pow... no
checking for pow in -lm... yes
checking for clock_gettime... yes
checking for zlibVersion in -lz... yes
checking for feenableexcept in -lm... yes
checking for feenableexcept... yes
checking if using Solaris linker... no
checking if libraries can be versioned... yes
checking for symbol prefix... 
configure: pkgconfig directory is ${libdir}/pkgconfig
configure: Extra options for compiler: 
checking that generated files are newer than configure... done
configure: creating ./config.status
config.status: creating Makefile
config.status: creating libpng.pc
config.status: creating libpng-config
config.status: creating config.h
config.status: executing depfiles commands
config.status: executing libtool commands
+ make V=1
rm -f pnglibconf.c pnglibconf.tf[45]
gawk -f ./scripts/options.awk out=pnglibconf.tf4 version=search\
    ./pngconf.h ./scripts/pnglibconf.dfa\
    ./pngusr.dfa  1>&2
gawk -f ./scripts/options.awk out=pnglibconf.tf5 pnglibconf.tf4 1>&2
rm pnglibconf.tf4
mv pnglibconf.tf5 pnglibconf.c
rm -f pnglibconf.out pnglibconf.tf[12]
test -d scripts || mkdir scripts || test -d scripts
gcc -E -DHAVE_CONFIG_H -I. \
     -DPNGLIB_LIBNAME='PNG16_0' -DPNGLIB_VERSION='1.6.40' -DSYMBOL_PREFIX='' -DPNG_NO_USE_READ_MACROS -DPNG_BUILDING_SYMBOL_TABLE  pnglibconf.c > pnglibconf.tf1
gawk -f "./scripts/dfn.awk" out="pnglibconf.tf2" pnglibconf.tf1 1>&2
rm -f pnglibconf.tf1
mv pnglibconf.tf2 pnglibconf.out
rm -f pnglibconf.h
cp pnglibconf.out pnglibconf.h
make  all-am
make[1]: Entering directory '/home/devel/building/work/src/libpng-1.6.40'
:>pngprefix.h
rm -f scripts/vers.out scripts/vers.tf[12]
depbase=`echo contrib/tools/png-fix-itxt.o | sed 's|[^/]*$|.deps/&|;s|\.o$||'`;\
gcc -DHAVE_CONFIG_H -I.     -O2 -m64 -march=x86-64 -mtune=generic -flto=auto -ffat-lto-objects -MT contrib/tools/png-fix-itxt.o -MD -MP -MF $depbase.Tpo -c -o contrib/tools/png-fix-itxt.o contrib/tools/png-fix-itxt.c &&\
mv -f $depbase.Tpo $depbase.Po
cp libpng-config libpng16-config
cp libpng.pc libpng16.pc
test -d scripts || mkdir scripts || test -d scripts
depbase=`echo pngtest.o | sed 's|[^/]*$|.deps/&|;s|\.o$||'`;\
gcc -DHAVE_CONFIG_H -I.     -O2 -m64 -march=x86-64 -mtune=generic -flto=auto -ffat-lto-objects -MT pngtest.o -MD -MP -MF $depbase.Tpo -c -o pngtest.o pngtest.c &&\
mv -f $depbase.Tpo $depbase.Po
gcc -E -DHAVE_CONFIG_H -I. \
     -DPNGLIB_LIBNAME='PNG16_0' -DPNGLIB_VERSION='1.6.40' -DSYMBOL_PREFIX='' -DPNG_NO_USE_READ_MACROS -DPNG_BUILDING_SYMBOL_TABLE  scripts/vers.c > scripts/vers.tf1
depbase=`echo contrib/tools/pngcp.o | sed 's|[^/]*$|.deps/&|;s|\.o$||'`;\
gcc -DHAVE_CONFIG_H -I.     -O2 -m64 -march=x86-64 -mtune=generic -flto=auto -ffat-lto-objects -MT contrib/tools/pngcp.o -MD -MP -MF $depbase.Tpo -c -o contrib/tools/pngcp.o contrib/tools/pngcp.c &&\
mv -f $depbase.Tpo $depbase.Po
depbase=`echo contrib/tools/pngfix.o | sed 's|[^/]*$|.deps/&|;s|\.o$||'`;\
gcc -DHAVE_CONFIG_H -I.     -O2 -m64 -march=x86-64 -mtune=generic -flto=auto -ffat-lto-objects -MT contrib/tools/pngfix.o -MD -MP -MF $depbase.Tpo -c -o contrib/tools/pngfix.o contrib/tools/pngfix.c &&\
mv -f $depbase.Tpo $depbase.Po
depbase=`echo png.lo | sed 's|[^/]*$|.deps/&|;s|\.lo$||'`;\
/bin/sh ./libtool  --tag=CC   --mode=compile gcc -DHAVE_CONFIG_H -I.     -O2 -m64 -march=x86-64 -mtune=generic -flto=auto -ffat-lto-objects -MT png.lo -MD -MP -MF $depbase.Tpo -c -o png.lo png.c &&\
mv -f $depbase.Tpo $depbase.Plo
depbase=`echo pngerror.lo | sed 's|[^/]*$|.deps/&|;s|\.lo$||'`;\
/bin/sh ./libtool  --tag=CC   --mode=compile gcc -DHAVE_CONFIG_H -I.     -O2 -m64 -march=x86-64 -mtune=generic -flto=auto -ffat-lto-objects -MT pngerror.lo -MD -MP -MF $depbase.Tpo -c -o pngerror.lo pngerror.c &&\
mv -f $depbase.Tpo $depbase.Plo
gawk -f "./scripts/dfn.awk" out="scripts/vers.tf2" scripts/vers.tf1 1>&2
depbase=`echo pngget.lo | sed 's|[^/]*$|.deps/&|;s|\.lo$||'`;\
/bin/sh ./libtool  --tag=CC   --mode=compile gcc -DHAVE_CONFIG_H -I.     -O2 -m64 -march=x86-64 -mtune=generic -flto=auto -ffat-lto-objects -MT pngget.lo -MD -MP -MF $depbase.Tpo -c -o pngget.lo pngget.c &&\
mv -f $depbase.Tpo $depbase.Plo
pngtest.c: In function 'test_one_file':
pngtest.c:1607: warning: "pass_height" redefined
 1607 | #        define pass_height height
      | 
pngtest.c:1544: note: this is the location of the previous definition
 1544 | #              define pass_height frame_height
      | 
libtool: compile:  gcc -DHAVE_CONFIG_H -I. -O2 -m64 -march=x86-64 -mtune=generic -flto=auto -ffat-lto-objects -MT png.lo -MD -MP -MF .deps/png.Tpo -c png.c  -fPIC -DPIC -o .libs/png.o
rm -f scripts/vers.tf1
mv scripts/vers.tf2 scripts/vers.out
depbase=`echo pngmem.lo | sed 's|[^/]*$|.deps/&|;s|\.lo$||'`;\
/bin/sh ./libtool  --tag=CC   --mode=compile gcc -DHAVE_CONFIG_H -I.     -O2 -m64 -march=x86-64 -mtune=generic -flto=auto -ffat-lto-objects -MT pngmem.lo -MD -MP -MF $depbase.Tpo -c -o pngmem.lo pngmem.c &&\
mv -f $depbase.Tpo $depbase.Plo
libtool: compile:  gcc -DHAVE_CONFIG_H -I. -O2 -m64 -march=x86-64 -mtune=generic -flto=auto -ffat-lto-objects -MT pngerror.lo -MD -MP -MF .deps/pngerror.Tpo -c pngerror.c  -fPIC -DPIC -o .libs/pngerror.o
libtool: compile:  gcc -DHAVE_CONFIG_H -I. -O2 -m64 -march=x86-64 -mtune=generic -flto=auto -ffat-lto-objects -MT pngget.lo -MD -MP -MF .deps/pngget.Tpo -c pngget.c  -fPIC -DPIC -o .libs/pngget.o
depbase=`echo pngpread.lo | sed 's|[^/]*$|.deps/&|;s|\.lo$||'`;\
/bin/sh ./libtool  --tag=CC   --mode=compile gcc -DHAVE_CONFIG_H -I.     -O2 -m64 -march=x86-64 -mtune=generic -flto=auto -ffat-lto-objects -MT pngpread.lo -MD -MP -MF $depbase.Tpo -c -o pngpread.lo pngpread.c &&\
mv -f $depbase.Tpo $depbase.Plo
libtool: compile:  gcc -DHAVE_CONFIG_H -I. -O2 -m64 -march=x86-64 -mtune=generic -flto=auto -ffat-lto-objects -MT pngmem.lo -MD -MP -MF .deps/pngmem.Tpo -c pngmem.c  -fPIC -DPIC -o .libs/pngmem.o
libtool: compile:  gcc -DHAVE_CONFIG_H -I. -O2 -m64 -march=x86-64 -mtune=generic -flto=auto -ffat-lto-objects -MT pngpread.lo -MD -MP -MF .deps/pngpread.Tpo -c pngpread.c  -fPIC -DPIC -o .libs/pngpread.o
depbase=`echo pngread.lo | sed 's|[^/]*$|.deps/&|;s|\.lo$||'`;\
/bin/sh ./libtool  --tag=CC   --mode=compile gcc -DHAVE_CONFIG_H -I.     -O2 -m64 -march=x86-64 -mtune=generic -flto=auto -ffat-lto-objects -MT pngread.lo -MD -MP -MF $depbase.Tpo -c -o pngread.lo pngread.c &&\
mv -f $depbase.Tpo $depbase.Plo
depbase=`echo pngrio.lo | sed 's|[^/]*$|.deps/&|;s|\.lo$||'`;\
/bin/sh ./libtool  --tag=CC   --mode=compile gcc -DHAVE_CONFIG_H -I.     -O2 -m64 -march=x86-64 -mtune=generic -flto=auto -ffat-lto-objects -MT pngrio.lo -MD -MP -MF $depbase.Tpo -c -o pngrio.lo pngrio.c &&\
mv -f $depbase.Tpo $depbase.Plo
libtool: compile:  gcc -DHAVE_CONFIG_H -I. -O2 -m64 -march=x86-64 -mtune=generic -flto=auto -ffat-lto-objects -MT pngread.lo -MD -MP -MF .deps/pngread.Tpo -c pngread.c  -fPIC -DPIC -o .libs/pngread.o
depbase=`echo pngrtran.lo | sed 's|[^/]*$|.deps/&|;s|\.lo$||'`;\
/bin/sh ./libtool  --tag=CC   --mode=compile gcc -DHAVE_CONFIG_H -I.     -O2 -m64 -march=x86-64 -mtune=generic -flto=auto -ffat-lto-objects -MT pngrtran.lo -MD -MP -MF $depbase.Tpo -c -o pngrtran.lo pngrtran.c &&\
mv -f $depbase.Tpo $depbase.Plo
libtool: compile:  gcc -DHAVE_CONFIG_H -I. -O2 -m64 -march=x86-64 -mtune=generic -flto=auto -ffat-lto-objects -MT pngrio.lo -MD -MP -MF .deps/pngrio.Tpo -c pngrio.c  -fPIC -DPIC -o .libs/pngrio.o
libtool: compile:  gcc -DHAVE_CONFIG_H -I. -O2 -m64 -march=x86-64 -mtune=generic -flto=auto -ffat-lto-objects -MT pngrtran.lo -MD -MP -MF .deps/pngrtran.Tpo -c pngrtran.c  -fPIC -DPIC -o .libs/pngrtran.o
depbase=`echo pngrutil.lo | sed 's|[^/]*$|.deps/&|;s|\.lo$||'`;\
/bin/sh ./libtool  --tag=CC   --mode=compile gcc -DHAVE_CONFIG_H -I.     -O2 -m64 -march=x86-64 -mtune=generic -flto=auto -ffat-lto-objects -MT pngrutil.lo -MD -MP -MF $depbase.Tpo -c -o pngrutil.lo pngrutil.c &&\
mv -f $depbase.Tpo $depbase.Plo
depbase=`echo pngset.lo | sed 's|[^/]*$|.deps/&|;s|\.lo$||'`;\
/bin/sh ./libtool  --tag=CC   --mode=compile gcc -DHAVE_CONFIG_H -I.     -O2 -m64 -march=x86-64 -mtune=generic -flto=auto -ffat-lto-objects -MT pngset.lo -MD -MP -MF $depbase.Tpo -c -o pngset.lo pngset.c &&\
mv -f $depbase.Tpo $depbase.Plo
libtool: compile:  gcc -DHAVE_CONFIG_H -I. -O2 -m64 -march=x86-64 -mtune=generic -flto=auto -ffat-lto-objects -MT pngset.lo -MD -MP -MF .deps/pngset.Tpo -c pngset.c  -fPIC -DPIC -o .libs/pngset.o
libtool: compile:  gcc -DHAVE_CONFIG_H -I. -O2 -m64 -march=x86-64 -mtune=generic -flto=auto -ffat-lto-objects -MT pngrutil.lo -MD -MP -MF .deps/pngrutil.Tpo -c pngrutil.c  -fPIC -DPIC -o .libs/pngrutil.o
depbase=`echo pngtrans.lo | sed 's|[^/]*$|.deps/&|;s|\.lo$||'`;\
/bin/sh ./libtool  --tag=CC   --mode=compile gcc -DHAVE_CONFIG_H -I.     -O2 -m64 -march=x86-64 -mtune=generic -flto=auto -ffat-lto-objects -MT pngtrans.lo -MD -MP -MF $depbase.Tpo -c -o pngtrans.lo pngtrans.c &&\
mv -f $depbase.Tpo $depbase.Plo
depbase=`echo pngwio.lo | sed 's|[^/]*$|.deps/&|;s|\.lo$||'`;\
/bin/sh ./libtool  --tag=CC   --mode=compile gcc -DHAVE_CONFIG_H -I.     -O2 -m64 -march=x86-64 -mtune=generic -flto=auto -ffat-lto-objects -MT pngwio.lo -MD -MP -MF $depbase.Tpo -c -o pngwio.lo pngwio.c &&\
mv -f $depbase.Tpo $depbase.Plo
libtool: compile:  gcc -DHAVE_CONFIG_H -I. -O2 -m64 -march=x86-64 -mtune=generic -flto=auto -ffat-lto-objects -MT pngtrans.lo -MD -MP -MF .deps/pngtrans.Tpo -c pngtrans.c  -fPIC -DPIC -o .libs/pngtrans.o
libtool: compile:  gcc -DHAVE_CONFIG_H -I. -O2 -m64 -march=x86-64 -mtune=generic -flto=auto -ffat-lto-objects -MT pngwio.lo -MD -MP -MF .deps/pngwio.Tpo -c pngwio.c  -fPIC -DPIC -o .libs/pngwio.o
depbase=`echo pngwrite.lo | sed 's|[^/]*$|.deps/&|;s|\.lo$||'`;\
/bin/sh ./libtool  --tag=CC   --mode=compile gcc -DHAVE_CONFIG_H -I.     -O2 -m64 -march=x86-64 -mtune=generic -flto=auto -ffat-lto-objects -MT pngwrite.lo -MD -MP -MF $depbase.Tpo -c -o pngwrite.lo pngwrite.c &&\
mv -f $depbase.Tpo $depbase.Plo
libtool: compile:  gcc -DHAVE_CONFIG_H -I. -O2 -m64 -march=x86-64 -mtune=generic -flto=auto -ffat-lto-objects -MT pngwrite.lo -MD -MP -MF .deps/pngwrite.Tpo -c pngwrite.c  -fPIC -DPIC -o .libs/pngwrite.o
depbase=`echo pngwtran.lo | sed 's|[^/]*$|.deps/&|;s|\.lo$||'`;\
/bin/sh ./libtool  --tag=CC   --mode=compile gcc -DHAVE_CONFIG_H -I.     -O2 -m64 -march=x86-64 -mtune=generic -flto=auto -ffat-lto-objects -MT pngwtran.lo -MD -MP -MF $depbase.Tpo -c -o pngwtran.lo pngwtran.c &&\
mv -f $depbase.Tpo $depbase.Plo
depbase=`echo pngwutil.lo | sed 's|[^/]*$|.deps/&|;s|\.lo$||'`;\
/bin/sh ./libtool  --tag=CC   --mode=compile gcc -DHAVE_CONFIG_H -I.     -O2 -m64 -march=x86-64 -mtune=generic -flto=auto -ffat-lto-objects -MT pngwutil.lo -MD -MP -MF $depbase.Tpo -c -o pngwutil.lo pngwutil.c &&\
mv -f $depbase.Tpo $depbase.Plo
depbase=`echo mips/mips_init.lo | sed 's|[^/]*$|.deps/&|;s|\.lo$||'`;\
/bin/sh ./libtool  --tag=CC   --mode=compile gcc -DHAVE_CONFIG_H -I.     -O2 -m64 -march=x86-64 -mtune=generic -flto=auto -ffat-lto-objects -MT mips/mips_init.lo -MD -MP -MF $depbase.Tpo -c -o mips/mips_init.lo mips/mips_init.c &&\
mv -f $depbase.Tpo $depbase.Plo
libtool: compile:  gcc -DHAVE_CONFIG_H -I. -O2 -m64 -march=x86-64 -mtune=generic -flto=auto -ffat-lto-objects -MT pngwtran.lo -MD -MP -MF .deps/pngwtran.Tpo -c pngwtran.c  -fPIC -DPIC -o .libs/pngwtran.o
libtool: compile:  gcc -DHAVE_CONFIG_H -I. -O2 -m64 -march=x86-64 -mtune=generic -flto=auto -ffat-lto-objects -MT pngwutil.lo -MD -MP -MF .deps/pngwutil.Tpo -c pngwutil.c  -fPIC -DPIC -o .libs/pngwutil.o
libtool: compile:  gcc -DHAVE_CONFIG_H -I. -O2 -m64 -march=x86-64 -mtune=generic -flto=auto -ffat-lto-objects -MT mips/mips_init.lo -MD -MP -MF mips/.deps/mips_init.Tpo -c mips/mips_init.c  -fPIC -DPIC -o mips/.libs/mips_init.o
depbase=`echo mips/filter_msa_intrinsics.lo | sed 's|[^/]*$|.deps/&|;s|\.lo$||'`;\
/bin/sh ./libtool  --tag=CC   --mode=compile gcc -DHAVE_CONFIG_H -I.     -O2 -m64 -march=x86-64 -mtune=generic -flto=auto -ffat-lto-objects -MT mips/filter_msa_intrinsics.lo -MD -MP -MF $depbase.Tpo -c -o mips/filter_msa_intrinsics.lo mips/filter_msa_intrinsics.c &&\
mv -f $depbase.Tpo $depbase.Plo
depbase=`echo intel/intel_init.lo | sed 's|[^/]*$|.deps/&|;s|\.lo$||'`;\
/bin/sh ./libtool  --tag=CC   --mode=compile gcc -DHAVE_CONFIG_H -I.     -O2 -m64 -march=x86-64 -mtune=generic -flto=auto -ffat-lto-objects -MT intel/intel_init.lo -MD -MP -MF $depbase.Tpo -c -o intel/intel_init.lo intel/intel_init.c &&\
mv -f $depbase.Tpo $depbase.Plo
depbase=`echo intel/filter_sse2_intrinsics.lo | sed 's|[^/]*$|.deps/&|;s|\.lo$||'`;\
/bin/sh ./libtool  --tag=CC   --mode=compile gcc -DHAVE_CONFIG_H -I.     -O2 -m64 -march=x86-64 -mtune=generic -flto=auto -ffat-lto-objects -MT intel/filter_sse2_intrinsics.lo -MD -MP -MF $depbase.Tpo -c -o intel/filter_sse2_intrinsics.lo intel/filter_sse2_intrinsics.c &&\
mv -f $depbase.Tpo $depbase.Plo
libtool: compile:  gcc -DHAVE_CONFIG_H -I. -O2 -m64 -march=x86-64 -mtune=generic -flto=auto -ffat-lto-objects -MT mips/filter_msa_intrinsics.lo -MD -MP -MF mips/.deps/filter_msa_intrinsics.Tpo -c mips/filter_msa_intrinsics.c  -fPIC -DPIC -o mips/.libs/filter_msa_intrinsics.o
libtool: compile:  gcc -DHAVE_CONFIG_H -I. -O2 -m64 -march=x86-64 -mtune=generic -flto=auto -ffat-lto-objects -MT intel/intel_init.lo -MD -MP -MF intel/.deps/intel_init.Tpo -c intel/intel_init.c  -fPIC -DPIC -o intel/.libs/intel_init.o
depbase=`echo powerpc/powerpc_init.lo | sed 's|[^/]*$|.deps/&|;s|\.lo$||'`;\
/bin/sh ./libtool  --tag=CC   --mode=compile gcc -DHAVE_CONFIG_H -I.     -O2 -m64 -march=x86-64 -mtune=generic -flto=auto -ffat-lto-objects -MT powerpc/powerpc_init.lo -MD -MP -MF $depbase.Tpo -c -o powerpc/powerpc_init.lo powerpc/powerpc_init.c &&\
mv -f $depbase.Tpo $depbase.Plo
libtool: compile:  gcc -DHAVE_CONFIG_H -I. -O2 -m64 -march=x86-64 -mtune=generic -flto=auto -ffat-lto-objects -MT intel/filter_sse2_intrinsics.lo -MD -MP -MF intel/.deps/filter_sse2_intrinsics.Tpo -c intel/filter_sse2_intrinsics.c  -fPIC -DPIC -o intel/.libs/filter_sse2_intrinsics.o
depbase=`echo powerpc/filter_vsx_intrinsics.lo | sed 's|[^/]*$|.deps/&|;s|\.lo$||'`;\
/bin/sh ./libtool  --tag=CC   --mode=compile gcc -DHAVE_CONFIG_H -I.     -O2 -m64 -march=x86-64 -mtune=generic -flto=auto -ffat-lto-objects -MT powerpc/filter_vsx_intrinsics.lo -MD -MP -MF $depbase.Tpo -c -o powerpc/filter_vsx_intrinsics.lo powerpc/filter_vsx_intrinsics.c &&\
mv -f $depbase.Tpo $depbase.Plo
rm -f libpng.vers
cp scripts/vers.out libpng.vers
/bin/sh ./libtool  --tag=CC   --mode=link gcc  -O2 -m64 -march=x86-64 -mtune=generic -flto=auto -ffat-lto-objects   -o png-fix-itxt contrib/tools/png-fix-itxt.o  -lm -lz -lm 
depbase=`echo contrib/libtests/pngunknown.o | sed 's|[^/]*$|.deps/&|;s|\.o$||'`;\
gcc -DHAVE_CONFIG_H -I.     -O2 -m64 -march=x86-64 -mtune=generic -flto=auto -ffat-lto-objects -MT contrib/libtests/pngunknown.o -MD -MP -MF $depbase.Tpo -c -o contrib/libtests/pngunknown.o contrib/libtests/pngunknown.c &&\
mv -f $depbase.Tpo $depbase.Po
libtool: compile:  gcc -DHAVE_CONFIG_H -I. -O2 -m64 -march=x86-64 -mtune=generic -flto=auto -ffat-lto-objects -MT powerpc/powerpc_init.lo -MD -MP -MF powerpc/.deps/powerpc_init.Tpo -c powerpc/powerpc_init.c  -fPIC -DPIC -o powerpc/.libs/powerpc_init.o
libtool: compile:  gcc -DHAVE_CONFIG_H -I. -O2 -m64 -march=x86-64 -mtune=generic -flto=auto -ffat-lto-objects -MT powerpc/filter_vsx_intrinsics.lo -MD -MP -MF powerpc/.deps/filter_vsx_intrinsics.Tpo -c powerpc/filter_vsx_intrinsics.c  -fPIC -DPIC -o powerpc/.libs/filter_vsx_intrinsics.o
depbase=`echo contrib/libtests/pngstest.o | sed 's|[^/]*$|.deps/&|;s|\.o$||'`;\
gcc -DHAVE_CONFIG_H -I.     -O2 -m64 -march=x86-64 -mtune=generic -flto=auto -ffat-lto-objects -MT contrib/libtests/pngstest.o -MD -MP -MF $depbase.Tpo -c -o contrib/libtests/pngstest.o contrib/libtests/pngstest.c &&\
mv -f $depbase.Tpo $depbase.Po
libtool: link: gcc -O2 -m64 -march=x86-64 -mtune=generic -flto=auto -ffat-lto-objects -o png-fix-itxt contrib/tools/png-fix-itxt.o  -lz -lm
depbase=`echo contrib/libtests/pngvalid.o | sed 's|[^/]*$|.deps/&|;s|\.o$||'`;\
gcc -DHAVE_CONFIG_H -I.     -O2 -m64 -march=x86-64 -mtune=generic -flto=auto -ffat-lto-objects -MT contrib/libtests/pngvalid.o -MD -MP -MF $depbase.Tpo -c -o contrib/libtests/pngvalid.o contrib/libtests/pngvalid.c &&\
mv -f $depbase.Tpo $depbase.Po
depbase=`echo contrib/libtests/pngimage.o | sed 's|[^/]*$|.deps/&|;s|\.o$||'`;\
gcc -DHAVE_CONFIG_H -I.     -O2 -m64 -march=x86-64 -mtune=generic -flto=auto -ffat-lto-objects -MT contrib/libtests/pngimage.o -MD -MP -MF $depbase.Tpo -c -o contrib/libtests/pngimage.o contrib/libtests/pngimage.c &&\
mv -f $depbase.Tpo $depbase.Po
depbase=`echo contrib/libtests/timepng.o | sed 's|[^/]*$|.deps/&|;s|\.o$||'`;\
gcc -DHAVE_CONFIG_H -I.     -O2 -m64 -march=x86-64 -mtune=generic -flto=auto -ffat-lto-objects -MT contrib/libtests/timepng.o -MD -MP -MF $depbase.Tpo -c -o contrib/libtests/timepng.o contrib/libtests/timepng.c &&\
mv -f $depbase.Tpo $depbase.Po
/bin/sh ./libtool  --tag=CC   --mode=link gcc  -O2 -m64 -march=x86-64 -mtune=generic -flto=auto -ffat-lto-objects -no-undefined -export-dynamic -version-number 16:40:0  -Wl,--version-script=libpng.vers   -o libpng16.la -rpath /usr/lib png.lo pngerror.lo pngget.lo pngmem.lo pngpread.lo pngread.lo pngrio.lo pngrtran.lo pngrutil.lo pngset.lo pngtrans.lo pngwio.lo pngwrite.lo pngwtran.lo pngwutil.lo  mips/mips_init.lo mips/filter_msa_intrinsics.lo intel/intel_init.lo intel/filter_sse2_intrinsics.lo powerpc/powerpc_init.lo powerpc/filter_vsx_intrinsics.lo   -lm -lz -lm 
libtool: link: gcc -shared  -fPIC -DPIC  .libs/png.o .libs/pngerror.o .libs/pngget.o .libs/pngmem.o .libs/pngpread.o .libs/pngread.o .libs/pngrio.o .libs/pngrtran.o .libs/pngrutil.o .libs/pngset.o .libs/pngtrans.o .libs/pngwio.o .libs/pngwrite.o .libs/pngwtran.o .libs/pngwutil.o mips/.libs/mips_init.o mips/.libs/filter_msa_intrinsics.o intel/.libs/intel_init.o intel/.libs/filter_sse2_intrinsics.o powerpc/.libs/powerpc_init.o powerpc/.libs/filter_vsx_intrinsics.o   -lz -lm  -O2 -m64 -march=x86-64 -mtune=generic -flto=auto -Wl,--version-script=libpng.vers   -Wl,-soname -Wl,libpng16.so.16 -o .libs/libpng16.so.16.40.0
libtool: link: (cd ".libs" && rm -f "libpng16.so.16" && ln -s "libpng16.so.16.40.0" "libpng16.so.16")
libtool: link: (cd ".libs" && rm -f "libpng16.so" && ln -s "libpng16.so.16.40.0" "libpng16.so")
libtool: link: ( cd ".libs" && rm -f "libpng16.la" && ln -s "../libpng16.la" "libpng16.la" )
/bin/sh ./libtool  --tag=CC   --mode=link gcc  -O2 -m64 -march=x86-64 -mtune=generic -flto=auto -ffat-lto-objects   -o pngfix contrib/tools/pngfix.o libpng16.la -lm -lz -lm 
/bin/sh ./libtool  --tag=CC   --mode=link gcc  -O2 -m64 -march=x86-64 -mtune=generic -flto=auto -ffat-lto-objects   -o pngtest pngtest.o libpng16.la -lm -lz -lm 
/bin/sh ./libtool  --tag=CC   --mode=link gcc  -O2 -m64 -march=x86-64 -mtune=generic -flto=auto -ffat-lto-objects   -o pngunknown contrib/libtests/pngunknown.o libpng16.la -lm -lz -lm 
/bin/sh ./libtool  --tag=CC   --mode=link gcc  -O2 -m64 -march=x86-64 -mtune=generic -flto=auto -ffat-lto-objects   -o pngstest contrib/libtests/pngstest.o libpng16.la -lm -lz -lm 
/bin/sh ./libtool  --tag=CC   --mode=link gcc  -O2 -m64 -march=x86-64 -mtune=generic -flto=auto -ffat-lto-objects   -o pngimage contrib/libtests/pngimage.o libpng16.la -lm -lz -lm 
/bin/sh ./libtool  --tag=CC   --mode=link gcc  -O2 -m64 -march=x86-64 -mtune=generic -flto=auto -ffat-lto-objects   -o pngcp contrib/tools/pngcp.o libpng16.la -lm -lz -lm 
/bin/sh ./libtool  --tag=CC   --mode=link gcc  -O2 -m64 -march=x86-64 -mtune=generic -flto=auto -ffat-lto-objects   -o timepng contrib/libtests/timepng.o libpng16.la -lm -lz -lm 
libtool: link: gcc -O2 -m64 -march=x86-64 -mtune=generic -flto=auto -ffat-lto-objects -o .libs/pngimage contrib/libtests/pngimage.o  ./.libs/libpng16.so -lz -lm
libtool: link: gcc -O2 -m64 -march=x86-64 -mtune=generic -flto=auto -ffat-lto-objects -o .libs/pngfix contrib/tools/pngfix.o  ./.libs/libpng16.so -lz -lm
libtool: link: gcc -O2 -m64 -march=x86-64 -mtune=generic -flto=auto -ffat-lto-objects -o .libs/timepng contrib/libtests/timepng.o  ./.libs/libpng16.so -lz -lm
libtool: link: gcc -O2 -m64 -march=x86-64 -mtune=generic -flto=auto -ffat-lto-objects -o .libs/pngstest contrib/libtests/pngstest.o  ./.libs/libpng16.so -lz -lm
libtool: link: gcc -O2 -m64 -march=x86-64 -mtune=generic -flto=auto -ffat-lto-objects -o .libs/pngunknown contrib/libtests/pngunknown.o  ./.libs/libpng16.so -lz -lm
libtool: link: gcc -O2 -m64 -march=x86-64 -mtune=generic -flto=auto -ffat-lto-objects -o .libs/pngtest pngtest.o  ./.libs/libpng16.so -lz -lm
libtool: link: gcc -O2 -m64 -march=x86-64 -mtune=generic -flto=auto -ffat-lto-objects -o .libs/pngcp contrib/tools/pngcp.o  ./.libs/libpng16.so -lz -lm
/bin/sh ./libtool  --tag=CC   --mode=link gcc  -O2 -m64 -march=x86-64 -mtune=generic -flto=auto -ffat-lto-objects   -o pngvalid contrib/libtests/pngvalid.o libpng16.la -lm -lz -lm 
libtool: link: gcc -O2 -m64 -march=x86-64 -mtune=generic -flto=auto -ffat-lto-objects -o .libs/pngvalid contrib/libtests/pngvalid.o  ./.libs/libpng16.so -lz -lm
make[1]: Leaving directory '/home/devel/building/work/src/libpng-1.6.40'
+ make DESTDIR=/home/devel/building/work/pkg install
make  install-am
make[1]: Entering directory '/home/devel/building/work/src/libpng-1.6.40'
make[2]: Entering directory '/home/devel/building/work/src/libpng-1.6.40'
 /bin/mkdir -p '/home/devel/building/work/pkg/usr/lib'
 /bin/mkdir -p '/home/devel/building/work/pkg/usr/bin'
 /bin/sh ./libtool   --mode=install /usr/bin/install -c   libpng16.la '/home/devel/building/work/pkg/usr/lib'
 /bin/mkdir -p '/home/devel/building/work/pkg/usr/share/man/man3'
 /bin/mkdir -p '/home/devel/building/work/pkg/usr/include/libpng16'
 /bin/mkdir -p '/home/devel/building/work/pkg/usr/share/man/man5'
 /bin/mkdir -p '/home/devel/building/work/pkg/usr/lib/pkgconfig'
 /bin/mkdir -p '/home/devel/building/work/pkg/usr/include/libpng16'
 /usr/bin/install -c -m 644 libpng16.pc '/home/devel/building/work/pkg/usr/lib/pkgconfig'
 /usr/bin/install -c -m 644 pnglibconf.h '/home/devel/building/work/pkg/usr/include/libpng16'
 /usr/bin/install -c -m 644 png.h pngconf.h '/home/devel/building/work/pkg/usr/include/libpng16'
 /usr/bin/install -c libpng16-config '/home/devel/building/work/pkg/usr/bin'
 /usr/bin/install -c -m 644 png.5 '/home/devel/building/work/pkg/usr/share/man/man5'
 /usr/bin/install -c -m 644 libpng.3 libpngpf.3 '/home/devel/building/work/pkg/usr/share/man/man3'
make  install-data-hook
make[3]: Entering directory '/home/devel/building/work/src/libpng-1.6.40'
+ cd /home/devel/building/work/pkg/usr/include
+ rm -f pnglibconf.h
+ cd /home/devel/building/work/pkg/usr/lib/pkgconfig
+ rm -f libpng.pc
+ ln -s libpng16/pnglibconf.h pnglibconf.h
+ ln -s libpng16.pc libpng.pc
+ rm -f png.h
+ ln -s libpng16/png.h png.h
+ rm -f pngconf.h
+ ln -s libpng16/pngconf.h pngconf.h
make[3]: Leaving directory '/home/devel/building/work/src/libpng-1.6.40'
libtool: install: /usr/bin/install -c .libs/libpng16.so.16.40.0 /home/devel/building/work/pkg/usr/lib/libpng16.so.16.40.0
libtool: install: (cd /home/devel/building/work/pkg/usr/lib && { ln -s -f libpng16.so.16.40.0 libpng16.so.16 || { rm -f libpng16.so.16 && ln -s libpng16.so.16.40.0 libpng16.so.16; }; })
libtool: install: (cd /home/devel/building/work/pkg/usr/lib && { ln -s -f libpng16.so.16.40.0 libpng16.so || { rm -f libpng16.so && ln -s libpng16.so.16.40.0 libpng16.so; }; })
libtool: install: /usr/bin/install -c .libs/libpng16.lai /home/devel/building/work/pkg/usr/lib/libpng16.la
libtool: warning: remember to run 'libtool --finish /usr/lib'
 /bin/mkdir -p '/home/devel/building/work/pkg/usr/bin'
  /bin/sh ./libtool   --mode=install /usr/bin/install -c pngfix png-fix-itxt '/home/devel/building/work/pkg/usr/bin'
libtool: warning: 'libpng16.la' has not been installed in '/usr/lib'
libtool: install: /usr/bin/install -c .libs/pngfix /home/devel/building/work/pkg/usr/bin/pngfix
libtool: install: /usr/bin/install -c png-fix-itxt /home/devel/building/work/pkg/usr/bin/png-fix-itxt
make  install-exec-hook
make[3]: Entering directory '/home/devel/building/work/src/libpng-1.6.40'
+ cd /home/devel/building/work/pkg/usr/lib
+ rm -f libpng.a
+ cd /home/devel/building/work/pkg/usr/bin
+ rm -f libpng-config
+ test -f libpng16.a
+ rm -f libpng.dll.a
+ ln -s libpng16-config libpng-config
+ test -f libpng16.dll.a
+ rm -f libpng.so
+ test -f libpng16.so
+ ln -s libpng16.so libpng.so
+ rm -f libpng.so.16.40
+ test -f libpng16.so.16.40
+ rm -f libpng.la
+ test -f libpng16.la
+ ln -s libpng16.la libpng.la
+ rm -f libpng.sl
+ test -f libpng16.sl
+ rm -f libpng.dylib
+ test -f libpng16.dylib
make[3]: Leaving directory '/home/devel/building/work/src/libpng-1.6.40'
make[2]: Leaving directory '/home/devel/building/work/src/libpng-1.6.40'
make[1]: Leaving directory '/home/devel/building/work/src/libpng-1.6.40'
+ find /home/devel/building/work/pkg -name '*.la' -delete
=======> Build result:
drwxr-xr-x  0 root   root        0 Feb  1 18:15 usr/
drwxr-xr-x  0 root   root        0 Feb  1 18:15 usr/lib/
drwxr-xr-x  0 root   root        0 Feb  1 18:15 usr/bin/
drwxr-xr-x  0 root   root        0 Feb  1 18:15 usr/share/
drwxr-xr-x  0 root   root        0 Feb  1 18:15 usr/include/
drwxr-xr-x  0 root   root        0 Feb  1 18:15 usr/include/libpng16/
lrwxrwxrwx  0 root   root        0 Feb  1 18:15 usr/include/pnglibconf.h -> libpng16/pnglibconf.h
lrwxrwxrwx  0 root   root        0 Feb  1 18:15 usr/include/png.h -> libpng16/png.h
lrwxrwxrwx  0 root   root        0 Feb  1 18:15 usr/include/pngconf.h -> libpng16/pngconf.h
-rw-r--r--  0 root   root     7602 Feb  1 18:15 usr/include/libpng16/pnglibconf.h
-rw-r--r--  0 root   root   146614 Feb  1 18:15 usr/include/libpng16/png.h
-rw-r--r--  0 root   root    22806 Feb  1 18:15 usr/include/libpng16/pngconf.h
drwxr-xr-x  0 root   root        0 Feb  1 18:15 usr/share/man/
drwxr-xr-x  0 root   root        0 Feb  1 18:15 usr/share/man/man3/
drwxr-xr-x  0 root   root        0 Feb  1 18:15 usr/share/man/man5/
-rw-r--r--  0 root   root      967 Feb  1 18:15 usr/share/man/man5/png.5.gz
-rw-r--r--  0 root   root    77056 Feb  1 18:15 usr/share/man/man3/libpng.3.gz
-rw-r--r--  0 root   root      494 Feb  1 18:15 usr/share/man/man3/libpngpf.3.gz
-rwxr-xr-x  0 root   root     2321 Feb  1 18:15 usr/bin/libpng16-config
-rwxr-xr-x  0 root   root    51648 Feb  1 18:15 usr/bin/pngfix
-rwxr-xr-x  0 root   root    14408 Feb  1 18:15 usr/bin/png-fix-itxt
lrwxrwxrwx  0 root   root        0 Feb  1 18:15 usr/bin/libpng-config -> libpng16-config
drwxr-xr-x  0 root   root        0 Feb  1 18:15 usr/lib/pkgconfig/
-rwxr-xr-x  0 root   root   232616 Feb  1 18:15 usr/lib/libpng16.so.16.40.0
lrwxrwxrwx  0 root   root        0 Feb  1 18:15 usr/lib/libpng16.so.16 -> libpng16.so.16.40.0
lrwxrwxrwx  0 root   root        0 Feb  1 18:15 usr/lib/libpng16.so -> libpng16.so.16.40.0
lrwxrwxrwx  0 root   root        0 Feb  1 18:15 usr/lib/libpng.so -> libpng16.so
-rw-r--r--  0 root   root      267 Feb  1 18:15 usr/lib/pkgconfig/libpng16.pc
lrwxrwxrwx  0 root   root        0 Feb  1 18:15 usr/lib/pkgconfig/libpng.pc -> libpng16.pc
=======> Building '/home/devel/packages/libpng#1.6.40-1.x86_64.pkg.tar.zst' succeeded.
prt-get: Using PKGMK_PACKAGE_DIR: /home/devel/packages
prt-get: reinstalling libpng 1.6.40-1
prt-get: /usr/bin/pkgadd -u libpng#1.6.40-1.x86_64.pkg.tar.zst
prt-get: build done Thu Feb  1 18:15:59 2024

