prt-get: updating /usr/ports/opt-x86_64/libsigc++3
prt-get: starting build Tue May  7 23:32:57 2024
=======> Building '/home/devel/packages/libsigc++3#3.2.0-1.x86_64.pkg.tar.zst'.
bsdtar -p -o -C /home/devel/building/work/src -xf /home/devel/sources/libsigc++-3.2.0.tar.xz
+ build
+ cd libsigc++-3.2.0
+ build-meson . build
The Meson build system
Version: 1.4.0
Source dir: /home/devel/building/work/src/libsigc++-3.2.0
Build dir: /home/devel/building/work/src/libsigc++-3.2.0/build
Build type: native build
Project name: libsigc++
Project version: 3.2.0
C++ compiler for the host machine: c++ (gcc 14.1.0 "c++ (SAUX-x86_64) 14.1.0")
C++ linker for the host machine: c++ ld.bfd 2.42
Host machine cpu family: x86_64
Host machine cpu: x86_64
Program python3 found: YES (/usr/bin/python3)
Found pkg-config: YES (/usr/bin/pkg-config) 2.2.0
Run-time dependency Boost (found: system, timer) found: YES 1.85.0 (/usr)
Program mm-common-get found: YES (/usr/bin/mm-common-get)
Program doxygen found: NO
Program dot found: NO
Program xsltproc found: YES (/usr/bin/xsltproc)
Compiler for C++ supports arguments -Wall: YES 
meson.build:185: WARNING: Consider using the built-in warning_level option instead of using "-Wall".
Configuring sigc++-3.0.pc using configuration
Configuring sigc++-3.0-uninstalled.pc using configuration
Configuring sigc++config.h using configuration
Configuring sigc.rc using configuration
Run-time dependency mm-common-libstdc++ found: YES 1.0.5
Configuring Doxyfile using configuration
Program xmllint found: YES (/usr/bin/xmllint)
Program dblatex found: NO
Program fop found: NO
Message: 
------
libsigc++ 3.2.0

         Maintainer mode: if-git-build (false)
       Compiler warnings: min
    Build deprecated API: true
Build HTML documentation: if-maintainer-mode (false)
          XML validation: true
               Build PDF: false
  Build example programs: true
               Benchmark: false
Directories:
                  prefix: /usr
              includedir: /usr/include
        includesigcxxdir: /usr/include/sigc++-3.0
                  libdir: /usr/lib
        includeconfigdir: /usr/lib/sigc++-3.0/include
            pkgconfigdir: /usr/lib/pkgconfig
                 datadir: /usr/share
                  docdir: /usr/share/doc/libsigc++-3.0
              devhelpdir: /usr/share/devhelp/books/libsigc++-3.0
             tutorialdir: /usr/share/doc/libsigc++-3.0/tutorial
------
Build targets in project: 44
NOTICE: Future-deprecated features used:
 * 0.64.0: {'copy arg in configure_file'}

libsigc++ 3.2.0

  User defined options
    auto_features     : auto
    bindir            : /usr/bin
    buildtype         : plain
    datadir           : /usr/share
    includedir        : /usr/include
    libdir            : /usr/lib
    libexecdir        : /usr/lib
    localstatedir     : /var
    mandir            : /usr/share/man
    prefix            : /usr
    sbindir           : /usr/sbin
    sharedstatedir    : /var/lib
    sysconfdir        : /etc
    werror            : false
    wrap_mode         : nodownload
    python.bytecompile: 0
    b_lto             : false
    b_pie             : true
    b_staticpic       : true

Found ninja-1.9 at /usr/bin/ninja
+ meson compile -j 8 -v -C build
ninja: entering directory '/home/devel/building/work/src/libsigc++-3.2.0/build'
[1/130] c++ -Iexamples/member_method.p -I. -I.. -fdiagnostics-color=always -D_GLIBCXX_ASSERTIONS=1 -D_FILE_OFFSET_BITS=64 -std=c++17 -Wall -O2 -m64 -march=x86-64 -mtune=generic -flto=auto -ffat-lto-objects -fPIE -DSIGCXX_DISABLE_DEPRECATED -MD -MQ examples/member_method.p/member_method.cc.o -MF examples/member_method.p/member_method.cc.o.d -o examples/member_method.p/member_method.cc.o -c ../examples/member_method.cc
[2/130] c++ -Iexamples/hello_world.p -I. -I.. -fdiagnostics-color=always -D_GLIBCXX_ASSERTIONS=1 -D_FILE_OFFSET_BITS=64 -std=c++17 -Wall -O2 -m64 -march=x86-64 -mtune=generic -flto=auto -ffat-lto-objects -fPIE -DSIGCXX_DISABLE_DEPRECATED -MD -MQ examples/hello_world.p/hello_world.cc.o -MF examples/hello_world.p/hello_world.cc.o.d -o examples/hello_world.p/hello_world.cc.o -c ../examples/hello_world.cc
[3/130] c++ -Itests/test_weak_raw_ptr.p -I. -I.. -fdiagnostics-color=always -D_GLIBCXX_ASSERTIONS=1 -D_FILE_OFFSET_BITS=64 -std=c++17 -Wall -O2 -m64 -march=x86-64 -mtune=generic -flto=auto -ffat-lto-objects -fPIE -MD -MQ tests/test_weak_raw_ptr.p/testutilities.cc.o -MF tests/test_weak_raw_ptr.p/testutilities.cc.o.d -o tests/test_weak_raw_ptr.p/testutilities.cc.o -c ../tests/testutilities.cc
[4/130] c++ -Itests/test_weak_raw_ptr.p -I. -I.. -fdiagnostics-color=always -D_GLIBCXX_ASSERTIONS=1 -D_FILE_OFFSET_BITS=64 -std=c++17 -Wall -O2 -m64 -march=x86-64 -mtune=generic -flto=auto -ffat-lto-objects -fPIE -MD -MQ tests/test_weak_raw_ptr.p/test_weak_raw_ptr.cc.o -MF tests/test_weak_raw_ptr.p/test_weak_raw_ptr.cc.o.d -o tests/test_weak_raw_ptr.p/test_weak_raw_ptr.cc.o -c ../tests/test_weak_raw_ptr.cc
[5/130] c++ -Itests/test_visit_each_trackable.p -I. -I.. -fdiagnostics-color=always -D_GLIBCXX_ASSERTIONS=1 -D_FILE_OFFSET_BITS=64 -std=c++17 -Wall -O2 -m64 -march=x86-64 -mtune=generic -flto=auto -ffat-lto-objects -fPIE -MD -MQ tests/test_visit_each_trackable.p/testutilities.cc.o -MF tests/test_visit_each_trackable.p/testutilities.cc.o.d -o tests/test_visit_each_trackable.p/testutilities.cc.o -c ../tests/testutilities.cc
[6/130] c++ -Itests/test_visit_each_trackable.p -I. -I.. -fdiagnostics-color=always -D_GLIBCXX_ASSERTIONS=1 -D_FILE_OFFSET_BITS=64 -std=c++17 -Wall -O2 -m64 -march=x86-64 -mtune=generic -flto=auto -ffat-lto-objects -fPIE -MD -MQ tests/test_visit_each_trackable.p/test_visit_each_trackable.cc.o -MF tests/test_visit_each_trackable.p/test_visit_each_trackable.cc.o.d -o tests/test_visit_each_trackable.p/test_visit_each_trackable.cc.o -c ../tests/test_visit_each_trackable.cc
[7/130] c++ -Itests/test_visit_each.p -I. -I.. -fdiagnostics-color=always -D_GLIBCXX_ASSERTIONS=1 -D_FILE_OFFSET_BITS=64 -std=c++17 -Wall -O2 -m64 -march=x86-64 -mtune=generic -flto=auto -ffat-lto-objects -fPIE -MD -MQ tests/test_visit_each.p/testutilities.cc.o -MF tests/test_visit_each.p/testutilities.cc.o.d -o tests/test_visit_each.p/testutilities.cc.o -c ../tests/testutilities.cc
[8/130] c++ -Itests/test_visit_each.p -I. -I.. -fdiagnostics-color=always -D_GLIBCXX_ASSERTIONS=1 -D_FILE_OFFSET_BITS=64 -std=c++17 -Wall -O2 -m64 -march=x86-64 -mtune=generic -flto=auto -ffat-lto-objects -fPIE -MD -MQ tests/test_visit_each.p/test_visit_each.cc.o -MF tests/test_visit_each.p/test_visit_each.cc.o.d -o tests/test_visit_each.p/test_visit_each.cc.o -c ../tests/test_visit_each.cc
[9/130] c++ -Itests/test_tuple_transform_each.p -I. -I.. -fdiagnostics-color=always -D_GLIBCXX_ASSERTIONS=1 -D_FILE_OFFSET_BITS=64 -std=c++17 -Wall -O2 -m64 -march=x86-64 -mtune=generic -flto=auto -ffat-lto-objects -fPIE -MD -MQ tests/test_tuple_transform_each.p/testutilities.cc.o -MF tests/test_tuple_transform_each.p/testutilities.cc.o.d -o tests/test_tuple_transform_each.p/testutilities.cc.o -c ../tests/testutilities.cc
[10/130] c++ -Itests/test_tuple_transform_each.p -I. -I.. -fdiagnostics-color=always -D_GLIBCXX_ASSERTIONS=1 -D_FILE_OFFSET_BITS=64 -std=c++17 -Wall -O2 -m64 -march=x86-64 -mtune=generic -flto=auto -ffat-lto-objects -fPIE -MD -MQ tests/test_tuple_transform_each.p/test_tuple_transform_each.cc.o -MF tests/test_tuple_transform_each.p/test_tuple_transform_each.cc.o.d -o tests/test_tuple_transform_each.p/test_tuple_transform_each.cc.o -c ../tests/test_tuple_transform_each.cc
[11/130] c++ -Itests/test_tuple_start.p -I. -I.. -fdiagnostics-color=always -D_GLIBCXX_ASSERTIONS=1 -D_FILE_OFFSET_BITS=64 -std=c++17 -Wall -O2 -m64 -march=x86-64 -mtune=generic -flto=auto -ffat-lto-objects -fPIE -MD -MQ tests/test_tuple_start.p/testutilities.cc.o -MF tests/test_tuple_start.p/testutilities.cc.o.d -o tests/test_tuple_start.p/testutilities.cc.o -c ../tests/testutilities.cc
[12/130] c++ -Itests/test_tuple_start.p -I. -I.. -fdiagnostics-color=always -D_GLIBCXX_ASSERTIONS=1 -D_FILE_OFFSET_BITS=64 -std=c++17 -Wall -O2 -m64 -march=x86-64 -mtune=generic -flto=auto -ffat-lto-objects -fPIE -MD -MQ tests/test_tuple_start.p/test_tuple_start.cc.o -MF tests/test_tuple_start.p/test_tuple_start.cc.o.d -o tests/test_tuple_start.p/test_tuple_start.cc.o -c ../tests/test_tuple_start.cc
[13/130] c++ -Itests/test_tuple_for_each.p -I. -I.. -fdiagnostics-color=always -D_GLIBCXX_ASSERTIONS=1 -D_FILE_OFFSET_BITS=64 -std=c++17 -Wall -O2 -m64 -march=x86-64 -mtune=generic -flto=auto -ffat-lto-objects -fPIE -MD -MQ tests/test_tuple_for_each.p/testutilities.cc.o -MF tests/test_tuple_for_each.p/testutilities.cc.o.d -o tests/test_tuple_for_each.p/testutilities.cc.o -c ../tests/testutilities.cc
[14/130] c++ -Itests/test_tuple_for_each.p -I. -I.. -fdiagnostics-color=always -D_GLIBCXX_ASSERTIONS=1 -D_FILE_OFFSET_BITS=64 -std=c++17 -Wall -O2 -m64 -march=x86-64 -mtune=generic -flto=auto -ffat-lto-objects -fPIE -MD -MQ tests/test_tuple_for_each.p/test_tuple_for_each.cc.o -MF tests/test_tuple_for_each.p/test_tuple_for_each.cc.o.d -o tests/test_tuple_for_each.p/test_tuple_for_each.cc.o -c ../tests/test_tuple_for_each.cc
[15/130] c++ -Itests/test_tuple_end.p -I. -I.. -fdiagnostics-color=always -D_GLIBCXX_ASSERTIONS=1 -D_FILE_OFFSET_BITS=64 -std=c++17 -Wall -O2 -m64 -march=x86-64 -mtune=generic -flto=auto -ffat-lto-objects -fPIE -MD -MQ tests/test_tuple_end.p/testutilities.cc.o -MF tests/test_tuple_end.p/testutilities.cc.o.d -o tests/test_tuple_end.p/testutilities.cc.o -c ../tests/testutilities.cc
[16/130] c++ -Itests/test_tuple_end.p -I. -I.. -fdiagnostics-color=always -D_GLIBCXX_ASSERTIONS=1 -D_FILE_OFFSET_BITS=64 -std=c++17 -Wall -O2 -m64 -march=x86-64 -mtune=generic -flto=auto -ffat-lto-objects -fPIE -MD -MQ tests/test_tuple_end.p/test_tuple_end.cc.o -MF tests/test_tuple_end.p/test_tuple_end.cc.o.d -o tests/test_tuple_end.p/test_tuple_end.cc.o -c ../tests/test_tuple_end.cc
[17/130] c++ -Itests/test_tuple_cdr.p -I. -I.. -fdiagnostics-color=always -D_GLIBCXX_ASSERTIONS=1 -D_FILE_OFFSET_BITS=64 -std=c++17 -Wall -O2 -m64 -march=x86-64 -mtune=generic -flto=auto -ffat-lto-objects -fPIE -MD -MQ tests/test_tuple_cdr.p/testutilities.cc.o -MF tests/test_tuple_cdr.p/testutilities.cc.o.d -o tests/test_tuple_cdr.p/testutilities.cc.o -c ../tests/testutilities.cc
[18/130] c++ -Itests/test_tuple_cdr.p -I. -I.. -fdiagnostics-color=always -D_GLIBCXX_ASSERTIONS=1 -D_FILE_OFFSET_BITS=64 -std=c++17 -Wall -O2 -m64 -march=x86-64 -mtune=generic -flto=auto -ffat-lto-objects -fPIE -MD -MQ tests/test_tuple_cdr.p/test_tuple_cdr.cc.o -MF tests/test_tuple_cdr.p/test_tuple_cdr.cc.o.d -o tests/test_tuple_cdr.p/test_tuple_cdr.cc.o -c ../tests/test_tuple_cdr.cc
[19/130] c++ -Itests/test_track_obj.p -I. -I.. -fdiagnostics-color=always -D_GLIBCXX_ASSERTIONS=1 -D_FILE_OFFSET_BITS=64 -std=c++17 -Wall -O2 -m64 -march=x86-64 -mtune=generic -flto=auto -ffat-lto-objects -fPIE -MD -MQ tests/test_track_obj.p/testutilities.cc.o -MF tests/test_track_obj.p/testutilities.cc.o.d -o tests/test_track_obj.p/testutilities.cc.o -c ../tests/testutilities.cc
[20/130] c++ -Itests/test_track_obj.p -I. -I.. -fdiagnostics-color=always -D_GLIBCXX_ASSERTIONS=1 -D_FILE_OFFSET_BITS=64 -std=c++17 -Wall -O2 -m64 -march=x86-64 -mtune=generic -flto=auto -ffat-lto-objects -fPIE -MD -MQ tests/test_track_obj.p/test_track_obj.cc.o -MF tests/test_track_obj.p/test_track_obj.cc.o.d -o tests/test_track_obj.p/test_track_obj.cc.o -c ../tests/test_track_obj.cc
[21/130] c++ -Itests/test_trackable_move.p -I. -I.. -fdiagnostics-color=always -D_GLIBCXX_ASSERTIONS=1 -D_FILE_OFFSET_BITS=64 -std=c++17 -Wall -O2 -m64 -march=x86-64 -mtune=generic -flto=auto -ffat-lto-objects -fPIE -MD -MQ tests/test_trackable_move.p/testutilities.cc.o -MF tests/test_trackable_move.p/testutilities.cc.o.d -o tests/test_trackable_move.p/testutilities.cc.o -c ../tests/testutilities.cc
[22/130] c++ -Itests/test_trackable_move.p -I. -I.. -fdiagnostics-color=always -D_GLIBCXX_ASSERTIONS=1 -D_FILE_OFFSET_BITS=64 -std=c++17 -Wall -O2 -m64 -march=x86-64 -mtune=generic -flto=auto -ffat-lto-objects -fPIE -MD -MQ tests/test_trackable_move.p/test_trackable_move.cc.o -MF tests/test_trackable_move.p/test_trackable_move.cc.o.d -o tests/test_trackable_move.p/test_trackable_move.cc.o -c ../tests/test_trackable_move.cc
[23/130] c++ -Itests/test_trackable.p -I. -I.. -fdiagnostics-color=always -D_GLIBCXX_ASSERTIONS=1 -D_FILE_OFFSET_BITS=64 -std=c++17 -Wall -O2 -m64 -march=x86-64 -mtune=generic -flto=auto -ffat-lto-objects -fPIE -MD -MQ tests/test_trackable.p/testutilities.cc.o -MF tests/test_trackable.p/testutilities.cc.o.d -o tests/test_trackable.p/testutilities.cc.o -c ../tests/testutilities.cc
[24/130] c++ -Itests/test_trackable.p -I. -I.. -fdiagnostics-color=always -D_GLIBCXX_ASSERTIONS=1 -D_FILE_OFFSET_BITS=64 -std=c++17 -Wall -O2 -m64 -march=x86-64 -mtune=generic -flto=auto -ffat-lto-objects -fPIE -MD -MQ tests/test_trackable.p/test_trackable.cc.o -MF tests/test_trackable.p/test_trackable.cc.o.d -o tests/test_trackable.p/test_trackable.cc.o -c ../tests/test_trackable.cc
[25/130] c++ -Itests/test_slot_move.p -I. -I.. -fdiagnostics-color=always -D_GLIBCXX_ASSERTIONS=1 -D_FILE_OFFSET_BITS=64 -std=c++17 -Wall -O2 -m64 -march=x86-64 -mtune=generic -flto=auto -ffat-lto-objects -fPIE -MD -MQ tests/test_slot_move.p/testutilities.cc.o -MF tests/test_slot_move.p/testutilities.cc.o.d -o tests/test_slot_move.p/testutilities.cc.o -c ../tests/testutilities.cc
[26/130] c++ -Itests/test_slot_move.p -I. -I.. -fdiagnostics-color=always -D_GLIBCXX_ASSERTIONS=1 -D_FILE_OFFSET_BITS=64 -std=c++17 -Wall -O2 -m64 -march=x86-64 -mtune=generic -flto=auto -ffat-lto-objects -fPIE -MD -MQ tests/test_slot_move.p/test_slot_move.cc.o -MF tests/test_slot_move.p/test_slot_move.cc.o.d -o tests/test_slot_move.p/test_slot_move.cc.o -c ../tests/test_slot_move.cc
[27/130] c++ -Itests/test_slot_disconnect.p -I. -I.. -fdiagnostics-color=always -D_GLIBCXX_ASSERTIONS=1 -D_FILE_OFFSET_BITS=64 -std=c++17 -Wall -O2 -m64 -march=x86-64 -mtune=generic -flto=auto -ffat-lto-objects -fPIE -MD -MQ tests/test_slot_disconnect.p/testutilities.cc.o -MF tests/test_slot_disconnect.p/testutilities.cc.o.d -o tests/test_slot_disconnect.p/testutilities.cc.o -c ../tests/testutilities.cc
[28/130] c++ -Itests/test_slot_disconnect.p -I. -I.. -fdiagnostics-color=always -D_GLIBCXX_ASSERTIONS=1 -D_FILE_OFFSET_BITS=64 -std=c++17 -Wall -O2 -m64 -march=x86-64 -mtune=generic -flto=auto -ffat-lto-objects -fPIE -MD -MQ tests/test_slot_disconnect.p/test_slot_disconnect.cc.o -MF tests/test_slot_disconnect.p/test_slot_disconnect.cc.o.d -o tests/test_slot_disconnect.p/test_slot_disconnect.cc.o -c ../tests/test_slot_disconnect.cc
[29/130] c++ -Itests/test_slot.p -I. -I.. -fdiagnostics-color=always -D_GLIBCXX_ASSERTIONS=1 -D_FILE_OFFSET_BITS=64 -std=c++17 -Wall -O2 -m64 -march=x86-64 -mtune=generic -flto=auto -ffat-lto-objects -fPIE -MD -MQ tests/test_slot.p/testutilities.cc.o -MF tests/test_slot.p/testutilities.cc.o.d -o tests/test_slot.p/testutilities.cc.o -c ../tests/testutilities.cc
[30/130] c++ -Itests/test_slot.p -I. -I.. -fdiagnostics-color=always -D_GLIBCXX_ASSERTIONS=1 -D_FILE_OFFSET_BITS=64 -std=c++17 -Wall -O2 -m64 -march=x86-64 -mtune=generic -flto=auto -ffat-lto-objects -fPIE -MD -MQ tests/test_slot.p/test_slot.cc.o -MF tests/test_slot.p/test_slot.cc.o.d -o tests/test_slot.p/test_slot.cc.o -c ../tests/test_slot.cc
[31/130] c++ -Itests/test_size.p -I. -I.. -fdiagnostics-color=always -D_GLIBCXX_ASSERTIONS=1 -D_FILE_OFFSET_BITS=64 -std=c++17 -Wall -O2 -m64 -march=x86-64 -mtune=generic -flto=auto -ffat-lto-objects -fPIE -MD -MQ tests/test_size.p/testutilities.cc.o -MF tests/test_size.p/testutilities.cc.o.d -o tests/test_size.p/testutilities.cc.o -c ../tests/testutilities.cc
[32/130] c++ -Itests/test_size.p -I. -I.. -fdiagnostics-color=always -D_GLIBCXX_ASSERTIONS=1 -D_FILE_OFFSET_BITS=64 -std=c++17 -Wall -O2 -m64 -march=x86-64 -mtune=generic -flto=auto -ffat-lto-objects -fPIE -MD -MQ tests/test_size.p/test_size.cc.o -MF tests/test_size.p/test_size.cc.o.d -o tests/test_size.p/test_size.cc.o -c ../tests/test_size.cc
[33/130] c++ -Itests/test_signal_move.p -I. -I.. -fdiagnostics-color=always -D_GLIBCXX_ASSERTIONS=1 -D_FILE_OFFSET_BITS=64 -std=c++17 -Wall -O2 -m64 -march=x86-64 -mtune=generic -flto=auto -ffat-lto-objects -fPIE -MD -MQ tests/test_signal_move.p/testutilities.cc.o -MF tests/test_signal_move.p/testutilities.cc.o.d -o tests/test_signal_move.p/testutilities.cc.o -c ../tests/testutilities.cc
[34/130] c++ -Itests/test_signal_move.p -I. -I.. -fdiagnostics-color=always -D_GLIBCXX_ASSERTIONS=1 -D_FILE_OFFSET_BITS=64 -std=c++17 -Wall -O2 -m64 -march=x86-64 -mtune=generic -flto=auto -ffat-lto-objects -fPIE -MD -MQ tests/test_signal_move.p/test_signal_move.cc.o -MF tests/test_signal_move.p/test_signal_move.cc.o.d -o tests/test_signal_move.p/test_signal_move.cc.o -c ../tests/test_signal_move.cc
[35/130] c++ -Itests/test_signal.p -I. -I.. -fdiagnostics-color=always -D_GLIBCXX_ASSERTIONS=1 -D_FILE_OFFSET_BITS=64 -std=c++17 -Wall -O2 -m64 -march=x86-64 -mtune=generic -flto=auto -ffat-lto-objects -fPIE -MD -MQ tests/test_signal.p/testutilities.cc.o -MF tests/test_signal.p/testutilities.cc.o.d -o tests/test_signal.p/testutilities.cc.o -c ../tests/testutilities.cc
[36/130] c++ -Itests/test_signal.p -I. -I.. -fdiagnostics-color=always -D_GLIBCXX_ASSERTIONS=1 -D_FILE_OFFSET_BITS=64 -std=c++17 -Wall -O2 -m64 -march=x86-64 -mtune=generic -flto=auto -ffat-lto-objects -fPIE -MD -MQ tests/test_signal.p/test_signal.cc.o -MF tests/test_signal.p/test_signal.cc.o.d -o tests/test_signal.p/test_signal.cc.o -c ../tests/test_signal.cc
[37/130] c++ -Itests/test_rvalue_ref.p -I. -I.. -fdiagnostics-color=always -D_GLIBCXX_ASSERTIONS=1 -D_FILE_OFFSET_BITS=64 -std=c++17 -Wall -O2 -m64 -march=x86-64 -mtune=generic -flto=auto -ffat-lto-objects -fPIE -MD -MQ tests/test_rvalue_ref.p/testutilities.cc.o -MF tests/test_rvalue_ref.p/testutilities.cc.o.d -o tests/test_rvalue_ref.p/testutilities.cc.o -c ../tests/testutilities.cc
[38/130] c++ -Itests/test_rvalue_ref.p -I. -I.. -fdiagnostics-color=always -D_GLIBCXX_ASSERTIONS=1 -D_FILE_OFFSET_BITS=64 -std=c++17 -Wall -O2 -m64 -march=x86-64 -mtune=generic -flto=auto -ffat-lto-objects -fPIE -MD -MQ tests/test_rvalue_ref.p/test_rvalue_ref.cc.o -MF tests/test_rvalue_ref.p/test_rvalue_ref.cc.o.d -o tests/test_rvalue_ref.p/test_rvalue_ref.cc.o -c ../tests/test_rvalue_ref.cc
[39/130] c++ -Itests/test_retype_return.p -I. -I.. -fdiagnostics-color=always -D_GLIBCXX_ASSERTIONS=1 -D_FILE_OFFSET_BITS=64 -std=c++17 -Wall -O2 -m64 -march=x86-64 -mtune=generic -flto=auto -ffat-lto-objects -fPIE -MD -MQ tests/test_retype_return.p/testutilities.cc.o -MF tests/test_retype_return.p/testutilities.cc.o.d -o tests/test_retype_return.p/testutilities.cc.o -c ../tests/testutilities.cc
[40/130] c++ -Itests/test_retype_return.p -I. -I.. -fdiagnostics-color=always -D_GLIBCXX_ASSERTIONS=1 -D_FILE_OFFSET_BITS=64 -std=c++17 -Wall -O2 -m64 -march=x86-64 -mtune=generic -flto=auto -ffat-lto-objects -fPIE -MD -MQ tests/test_retype_return.p/test_retype_return.cc.o -MF tests/test_retype_return.p/test_retype_return.cc.o.d -o tests/test_retype_return.p/test_retype_return.cc.o -c ../tests/test_retype_return.cc
[41/130] c++ -Itests/test_retype.p -I. -I.. -fdiagnostics-color=always -D_GLIBCXX_ASSERTIONS=1 -D_FILE_OFFSET_BITS=64 -std=c++17 -Wall -O2 -m64 -march=x86-64 -mtune=generic -flto=auto -ffat-lto-objects -fPIE -MD -MQ tests/test_retype.p/testutilities.cc.o -MF tests/test_retype.p/testutilities.cc.o.d -o tests/test_retype.p/testutilities.cc.o -c ../tests/testutilities.cc
[42/130] c++ -Itests/test_retype.p -I. -I.. -fdiagnostics-color=always -D_GLIBCXX_ASSERTIONS=1 -D_FILE_OFFSET_BITS=64 -std=c++17 -Wall -O2 -m64 -march=x86-64 -mtune=generic -flto=auto -ffat-lto-objects -fPIE -MD -MQ tests/test_retype.p/test_retype.cc.o -MF tests/test_retype.p/test_retype.cc.o.d -o tests/test_retype.p/test_retype.cc.o -c ../tests/test_retype.cc
[43/130] c++ -Itests/test_ptr_fun.p -I. -I.. -fdiagnostics-color=always -D_GLIBCXX_ASSERTIONS=1 -D_FILE_OFFSET_BITS=64 -std=c++17 -Wall -O2 -m64 -march=x86-64 -mtune=generic -flto=auto -ffat-lto-objects -fPIE -MD -MQ tests/test_ptr_fun.p/testutilities.cc.o -MF tests/test_ptr_fun.p/testutilities.cc.o.d -o tests/test_ptr_fun.p/testutilities.cc.o -c ../tests/testutilities.cc
[44/130] c++ -Itests/test_ptr_fun.p -I. -I.. -fdiagnostics-color=always -D_GLIBCXX_ASSERTIONS=1 -D_FILE_OFFSET_BITS=64 -std=c++17 -Wall -O2 -m64 -march=x86-64 -mtune=generic -flto=auto -ffat-lto-objects -fPIE -MD -MQ tests/test_ptr_fun.p/test_ptr_fun.cc.o -MF tests/test_ptr_fun.p/test_ptr_fun.cc.o.d -o tests/test_ptr_fun.p/test_ptr_fun.cc.o -c ../tests/test_ptr_fun.cc
[45/130] c++ -Itests/test_mem_fun.p -I. -I.. -fdiagnostics-color=always -D_GLIBCXX_ASSERTIONS=1 -D_FILE_OFFSET_BITS=64 -std=c++17 -Wall -O2 -m64 -march=x86-64 -mtune=generic -flto=auto -ffat-lto-objects -fPIE -MD -MQ tests/test_mem_fun.p/testutilities.cc.o -MF tests/test_mem_fun.p/testutilities.cc.o.d -o tests/test_mem_fun.p/testutilities.cc.o -c ../tests/testutilities.cc
[46/130] c++ -Itests/test_mem_fun.p -I. -I.. -fdiagnostics-color=always -D_GLIBCXX_ASSERTIONS=1 -D_FILE_OFFSET_BITS=64 -std=c++17 -Wall -O2 -m64 -march=x86-64 -mtune=generic -flto=auto -ffat-lto-objects -fPIE -MD -MQ tests/test_mem_fun.p/test_mem_fun.cc.o -MF tests/test_mem_fun.p/test_mem_fun.cc.o.d -o tests/test_mem_fun.p/test_mem_fun.cc.o -c ../tests/test_mem_fun.cc
[47/130] c++ -Itests/test_member_method_trait.p -I. -I.. -fdiagnostics-color=always -D_GLIBCXX_ASSERTIONS=1 -D_FILE_OFFSET_BITS=64 -std=c++17 -Wall -O2 -m64 -march=x86-64 -mtune=generic -flto=auto -ffat-lto-objects -fPIE -MD -MQ tests/test_member_method_trait.p/testutilities.cc.o -MF tests/test_member_method_trait.p/testutilities.cc.o.d -o tests/test_member_method_trait.p/testutilities.cc.o -c ../tests/testutilities.cc
[48/130] c++ -Itests/test_member_method_trait.p -I. -I.. -fdiagnostics-color=always -D_GLIBCXX_ASSERTIONS=1 -D_FILE_OFFSET_BITS=64 -std=c++17 -Wall -O2 -m64 -march=x86-64 -mtune=generic -flto=auto -ffat-lto-objects -fPIE -MD -MQ tests/test_member_method_trait.p/test_member_method_trait.cc.o -MF tests/test_member_method_trait.p/test_member_method_trait.cc.o.d -o tests/test_member_method_trait.p/test_member_method_trait.cc.o -c ../tests/test_member_method_trait.cc
[49/130] c++ -Itests/test_limit_reference.p -I. -I.. -fdiagnostics-color=always -D_GLIBCXX_ASSERTIONS=1 -D_FILE_OFFSET_BITS=64 -std=c++17 -Wall -O2 -m64 -march=x86-64 -mtune=generic -flto=auto -ffat-lto-objects -fPIE -MD -MQ tests/test_limit_reference.p/testutilities.cc.o -MF tests/test_limit_reference.p/testutilities.cc.o.d -o tests/test_limit_reference.p/testutilities.cc.o -c ../tests/testutilities.cc
[50/130] c++ -Itests/test_limit_reference.p -I. -I.. -fdiagnostics-color=always -D_GLIBCXX_ASSERTIONS=1 -D_FILE_OFFSET_BITS=64 -std=c++17 -Wall -O2 -m64 -march=x86-64 -mtune=generic -flto=auto -ffat-lto-objects -fPIE -MD -MQ tests/test_limit_reference.p/test_limit_reference.cc.o -MF tests/test_limit_reference.p/test_limit_reference.cc.o.d -o tests/test_limit_reference.p/test_limit_reference.cc.o -c ../tests/test_limit_reference.cc
[51/130] c++ -Itests/test_hide.p -I. -I.. -fdiagnostics-color=always -D_GLIBCXX_ASSERTIONS=1 -D_FILE_OFFSET_BITS=64 -std=c++17 -Wall -O2 -m64 -march=x86-64 -mtune=generic -flto=auto -ffat-lto-objects -fPIE -MD -MQ tests/test_hide.p/testutilities.cc.o -MF tests/test_hide.p/testutilities.cc.o.d -o tests/test_hide.p/testutilities.cc.o -c ../tests/testutilities.cc
[52/130] c++ -Itests/test_hide.p -I. -I.. -fdiagnostics-color=always -D_GLIBCXX_ASSERTIONS=1 -D_FILE_OFFSET_BITS=64 -std=c++17 -Wall -O2 -m64 -march=x86-64 -mtune=generic -flto=auto -ffat-lto-objects -fPIE -MD -MQ tests/test_hide.p/test_hide.cc.o -MF tests/test_hide.p/test_hide.cc.o.d -o tests/test_hide.p/test_hide.cc.o -c ../tests/test_hide.cc
[53/130] c++ -Itests/test_exception_catch.p -I. -I.. -fdiagnostics-color=always -D_GLIBCXX_ASSERTIONS=1 -D_FILE_OFFSET_BITS=64 -std=c++17 -Wall -O2 -m64 -march=x86-64 -mtune=generic -flto=auto -ffat-lto-objects -fPIE -MD -MQ tests/test_exception_catch.p/testutilities.cc.o -MF tests/test_exception_catch.p/testutilities.cc.o.d -o tests/test_exception_catch.p/testutilities.cc.o -c ../tests/testutilities.cc
[54/130] c++ -Itests/test_exception_catch.p -I. -I.. -fdiagnostics-color=always -D_GLIBCXX_ASSERTIONS=1 -D_FILE_OFFSET_BITS=64 -std=c++17 -Wall -O2 -m64 -march=x86-64 -mtune=generic -flto=auto -ffat-lto-objects -fPIE -MD -MQ tests/test_exception_catch.p/test_exception_catch.cc.o -MF tests/test_exception_catch.p/test_exception_catch.cc.o.d -o tests/test_exception_catch.p/test_exception_catch.cc.o -c ../tests/test_exception_catch.cc
[55/130] c++ -Itests/test_disconnect_during_emit.p -I. -I.. -fdiagnostics-color=always -D_GLIBCXX_ASSERTIONS=1 -D_FILE_OFFSET_BITS=64 -std=c++17 -Wall -O2 -m64 -march=x86-64 -mtune=generic -flto=auto -ffat-lto-objects -fPIE -MD -MQ tests/test_disconnect_during_emit.p/testutilities.cc.o -MF tests/test_disconnect_during_emit.p/testutilities.cc.o.d -o tests/test_disconnect_during_emit.p/testutilities.cc.o -c ../tests/testutilities.cc
[56/130] c++ -Itests/test_disconnect_during_emit.p -I. -I.. -fdiagnostics-color=always -D_GLIBCXX_ASSERTIONS=1 -D_FILE_OFFSET_BITS=64 -std=c++17 -Wall -O2 -m64 -march=x86-64 -mtune=generic -flto=auto -ffat-lto-objects -fPIE -MD -MQ tests/test_disconnect_during_emit.p/test_disconnect_during_emit.cc.o -MF tests/test_disconnect_during_emit.p/test_disconnect_during_emit.cc.o.d -o tests/test_disconnect_during_emit.p/test_disconnect_during_emit.cc.o -c ../tests/test_disconnect_during_emit.cc
[57/130] c++ -Itests/test_disconnect.p -I. -I.. -fdiagnostics-color=always -D_GLIBCXX_ASSERTIONS=1 -D_FILE_OFFSET_BITS=64 -std=c++17 -Wall -O2 -m64 -march=x86-64 -mtune=generic -flto=auto -ffat-lto-objects -fPIE -MD -MQ tests/test_disconnect.p/testutilities.cc.o -MF tests/test_disconnect.p/testutilities.cc.o.d -o tests/test_disconnect.p/testutilities.cc.o -c ../tests/testutilities.cc
[58/130] c++ -Itests/test_disconnect.p -I. -I.. -fdiagnostics-color=always -D_GLIBCXX_ASSERTIONS=1 -D_FILE_OFFSET_BITS=64 -std=c++17 -Wall -O2 -m64 -march=x86-64 -mtune=generic -flto=auto -ffat-lto-objects -fPIE -MD -MQ tests/test_disconnect.p/test_disconnect.cc.o -MF tests/test_disconnect.p/test_disconnect.cc.o.d -o tests/test_disconnect.p/test_disconnect.cc.o -c ../tests/test_disconnect.cc
[59/130] c++ -Itests/test_custom.p -I. -I.. -fdiagnostics-color=always -D_GLIBCXX_ASSERTIONS=1 -D_FILE_OFFSET_BITS=64 -std=c++17 -Wall -O2 -m64 -march=x86-64 -mtune=generic -flto=auto -ffat-lto-objects -fPIE -MD -MQ tests/test_custom.p/testutilities.cc.o -MF tests/test_custom.p/testutilities.cc.o.d -o tests/test_custom.p/testutilities.cc.o -c ../tests/testutilities.cc
[60/130] c++ -Itests/test_custom.p -I. -I.. -fdiagnostics-color=always -D_GLIBCXX_ASSERTIONS=1 -D_FILE_OFFSET_BITS=64 -std=c++17 -Wall -O2 -m64 -march=x86-64 -mtune=generic -flto=auto -ffat-lto-objects -fPIE -MD -MQ tests/test_custom.p/test_custom.cc.o -MF tests/test_custom.p/test_custom.cc.o.d -o tests/test_custom.p/test_custom.cc.o -c ../tests/test_custom.cc
[61/130] c++ -Itests/test_cpp11_lambda.p -I. -I.. -fdiagnostics-color=always -D_GLIBCXX_ASSERTIONS=1 -D_FILE_OFFSET_BITS=64 -std=c++17 -Wall -O2 -m64 -march=x86-64 -mtune=generic -flto=auto -ffat-lto-objects -fPIE -MD -MQ tests/test_cpp11_lambda.p/testutilities.cc.o -MF tests/test_cpp11_lambda.p/testutilities.cc.o.d -o tests/test_cpp11_lambda.p/testutilities.cc.o -c ../tests/testutilities.cc
[62/130] c++ -Itests/test_cpp11_lambda.p -I. -I.. -fdiagnostics-color=always -D_GLIBCXX_ASSERTIONS=1 -D_FILE_OFFSET_BITS=64 -std=c++17 -Wall -O2 -m64 -march=x86-64 -mtune=generic -flto=auto -ffat-lto-objects -fPIE -MD -MQ tests/test_cpp11_lambda.p/test_cpp11_lambda.cc.o -MF tests/test_cpp11_lambda.p/test_cpp11_lambda.cc.o.d -o tests/test_cpp11_lambda.p/test_cpp11_lambda.cc.o -c ../tests/test_cpp11_lambda.cc
[63/130] c++ -Itests/test_copy_invalid_slot.p -I. -I.. -fdiagnostics-color=always -D_GLIBCXX_ASSERTIONS=1 -D_FILE_OFFSET_BITS=64 -std=c++17 -Wall -O2 -m64 -march=x86-64 -mtune=generic -flto=auto -ffat-lto-objects -fPIE -MD -MQ tests/test_copy_invalid_slot.p/testutilities.cc.o -MF tests/test_copy_invalid_slot.p/testutilities.cc.o.d -o tests/test_copy_invalid_slot.p/testutilities.cc.o -c ../tests/testutilities.cc
[64/130] c++ -Itests/test_copy_invalid_slot.p -I. -I.. -fdiagnostics-color=always -D_GLIBCXX_ASSERTIONS=1 -D_FILE_OFFSET_BITS=64 -std=c++17 -Wall -O2 -m64 -march=x86-64 -mtune=generic -flto=auto -ffat-lto-objects -fPIE -MD -MQ tests/test_copy_invalid_slot.p/test_copy_invalid_slot.cc.o -MF tests/test_copy_invalid_slot.p/test_copy_invalid_slot.cc.o.d -o tests/test_copy_invalid_slot.p/test_copy_invalid_slot.cc.o -c ../tests/test_copy_invalid_slot.cc
[65/130] c++ -Itests/test_connection.p -I. -I.. -fdiagnostics-color=always -D_GLIBCXX_ASSERTIONS=1 -D_FILE_OFFSET_BITS=64 -std=c++17 -Wall -O2 -m64 -march=x86-64 -mtune=generic -flto=auto -ffat-lto-objects -fPIE -MD -MQ tests/test_connection.p/testutilities.cc.o -MF tests/test_connection.p/testutilities.cc.o.d -o tests/test_connection.p/testutilities.cc.o -c ../tests/testutilities.cc
[66/130] c++ -Itests/test_connection.p -I. -I.. -fdiagnostics-color=always -D_GLIBCXX_ASSERTIONS=1 -D_FILE_OFFSET_BITS=64 -std=c++17 -Wall -O2 -m64 -march=x86-64 -mtune=generic -flto=auto -ffat-lto-objects -fPIE -MD -MQ tests/test_connection.p/test_connection.cc.o -MF tests/test_connection.p/test_connection.cc.o.d -o tests/test_connection.p/test_connection.cc.o -c ../tests/test_connection.cc
[67/130] c++ -Itests/test_compose.p -I. -I.. -fdiagnostics-color=always -D_GLIBCXX_ASSERTIONS=1 -D_FILE_OFFSET_BITS=64 -std=c++17 -Wall -O2 -m64 -march=x86-64 -mtune=generic -flto=auto -ffat-lto-objects -fPIE -MD -MQ tests/test_compose.p/testutilities.cc.o -MF tests/test_compose.p/testutilities.cc.o.d -o tests/test_compose.p/testutilities.cc.o -c ../tests/testutilities.cc
[68/130] c++ -Itests/test_compose.p -I. -I.. -fdiagnostics-color=always -D_GLIBCXX_ASSERTIONS=1 -D_FILE_OFFSET_BITS=64 -std=c++17 -Wall -O2 -m64 -march=x86-64 -mtune=generic -flto=auto -ffat-lto-objects -fPIE -MD -MQ tests/test_compose.p/test_compose.cc.o -MF tests/test_compose.p/test_compose.cc.o.d -o tests/test_compose.p/test_compose.cc.o -c ../tests/test_compose.cc
[69/130] c++ -Itests/test_bind_return.p -I. -I.. -fdiagnostics-color=always -D_GLIBCXX_ASSERTIONS=1 -D_FILE_OFFSET_BITS=64 -std=c++17 -Wall -O2 -m64 -march=x86-64 -mtune=generic -flto=auto -ffat-lto-objects -fPIE -MD -MQ tests/test_bind_return.p/testutilities.cc.o -MF tests/test_bind_return.p/testutilities.cc.o.d -o tests/test_bind_return.p/testutilities.cc.o -c ../tests/testutilities.cc
[70/130] c++ -Itests/test_bind_return.p -I. -I.. -fdiagnostics-color=always -D_GLIBCXX_ASSERTIONS=1 -D_FILE_OFFSET_BITS=64 -std=c++17 -Wall -O2 -m64 -march=x86-64 -mtune=generic -flto=auto -ffat-lto-objects -fPIE -MD -MQ tests/test_bind_return.p/test_bind_return.cc.o -MF tests/test_bind_return.p/test_bind_return.cc.o.d -o tests/test_bind_return.p/test_bind_return.cc.o -c ../tests/test_bind_return.cc
[71/130] c++ -Itests/test_bind_refptr.p -I. -I.. -fdiagnostics-color=always -D_GLIBCXX_ASSERTIONS=1 -D_FILE_OFFSET_BITS=64 -std=c++17 -Wall -O2 -m64 -march=x86-64 -mtune=generic -flto=auto -ffat-lto-objects -fPIE -MD -MQ tests/test_bind_refptr.p/testutilities.cc.o -MF tests/test_bind_refptr.p/testutilities.cc.o.d -o tests/test_bind_refptr.p/testutilities.cc.o -c ../tests/testutilities.cc
[72/130] c++ -Itests/test_bind_refptr.p -I. -I.. -fdiagnostics-color=always -D_GLIBCXX_ASSERTIONS=1 -D_FILE_OFFSET_BITS=64 -std=c++17 -Wall -O2 -m64 -march=x86-64 -mtune=generic -flto=auto -ffat-lto-objects -fPIE -MD -MQ tests/test_bind_refptr.p/test_bind_refptr.cc.o -MF tests/test_bind_refptr.p/test_bind_refptr.cc.o.d -o tests/test_bind_refptr.p/test_bind_refptr.cc.o -c ../tests/test_bind_refptr.cc
[73/130] c++ -Itests/test_bind_ref.p -I. -I.. -fdiagnostics-color=always -D_GLIBCXX_ASSERTIONS=1 -D_FILE_OFFSET_BITS=64 -std=c++17 -Wall -O2 -m64 -march=x86-64 -mtune=generic -flto=auto -ffat-lto-objects -fPIE -MD -MQ tests/test_bind_ref.p/testutilities.cc.o -MF tests/test_bind_ref.p/testutilities.cc.o.d -o tests/test_bind_ref.p/testutilities.cc.o -c ../tests/testutilities.cc
[74/130] c++ -Itests/test_bind_ref.p -I. -I.. -fdiagnostics-color=always -D_GLIBCXX_ASSERTIONS=1 -D_FILE_OFFSET_BITS=64 -std=c++17 -Wall -O2 -m64 -march=x86-64 -mtune=generic -flto=auto -ffat-lto-objects -fPIE -MD -MQ tests/test_bind_ref.p/test_bind_ref.cc.o -MF tests/test_bind_ref.p/test_bind_ref.cc.o.d -o tests/test_bind_ref.p/test_bind_ref.cc.o -c ../tests/test_bind_ref.cc
[75/130] c++ -Itests/test_bind_as_slot.p -I. -I.. -fdiagnostics-color=always -D_GLIBCXX_ASSERTIONS=1 -D_FILE_OFFSET_BITS=64 -std=c++17 -Wall -O2 -m64 -march=x86-64 -mtune=generic -flto=auto -ffat-lto-objects -fPIE -MD -MQ tests/test_bind_as_slot.p/testutilities.cc.o -MF tests/test_bind_as_slot.p/testutilities.cc.o.d -o tests/test_bind_as_slot.p/testutilities.cc.o -c ../tests/testutilities.cc
[76/130] c++ -Itests/test_bind_as_slot.p -I. -I.. -fdiagnostics-color=always -D_GLIBCXX_ASSERTIONS=1 -D_FILE_OFFSET_BITS=64 -std=c++17 -Wall -O2 -m64 -march=x86-64 -mtune=generic -flto=auto -ffat-lto-objects -fPIE -MD -MQ tests/test_bind_as_slot.p/test_bind_as_slot.cc.o -MF tests/test_bind_as_slot.p/test_bind_as_slot.cc.o.d -o tests/test_bind_as_slot.p/test_bind_as_slot.cc.o -c ../tests/test_bind_as_slot.cc
[77/130] c++ -Itests/test_bind.p -I. -I.. -fdiagnostics-color=always -D_GLIBCXX_ASSERTIONS=1 -D_FILE_OFFSET_BITS=64 -std=c++17 -Wall -O2 -m64 -march=x86-64 -mtune=generic -flto=auto -ffat-lto-objects -fPIE -MD -MQ tests/test_bind.p/testutilities.cc.o -MF tests/test_bind.p/testutilities.cc.o.d -o tests/test_bind.p/testutilities.cc.o -c ../tests/testutilities.cc
[78/130] c++ -Itests/test_bind.p -I. -I.. -fdiagnostics-color=always -D_GLIBCXX_ASSERTIONS=1 -D_FILE_OFFSET_BITS=64 -std=c++17 -Wall -O2 -m64 -march=x86-64 -mtune=generic -flto=auto -ffat-lto-objects -fPIE -MD -MQ tests/test_bind.p/test_bind.cc.o -MF tests/test_bind.p/test_bind.cc.o.d -o tests/test_bind.p/test_bind.cc.o -c ../tests/test_bind.cc
[79/130] c++ -Itests/test_accumulated.p -I. -I.. -fdiagnostics-color=always -D_GLIBCXX_ASSERTIONS=1 -D_FILE_OFFSET_BITS=64 -std=c++17 -Wall -O2 -m64 -march=x86-64 -mtune=generic -flto=auto -ffat-lto-objects -fPIE -MD -MQ tests/test_accumulated.p/testutilities.cc.o -MF tests/test_accumulated.p/testutilities.cc.o.d -o tests/test_accumulated.p/testutilities.cc.o -c ../tests/testutilities.cc
[80/130] c++ -Itests/test_accumulated.p -I. -I.. -fdiagnostics-color=always -D_GLIBCXX_ASSERTIONS=1 -D_FILE_OFFSET_BITS=64 -std=c++17 -Wall -O2 -m64 -march=x86-64 -mtune=generic -flto=auto -ffat-lto-objects -fPIE -MD -MQ tests/test_accumulated.p/test_accumulated.cc.o -MF tests/test_accumulated.p/test_accumulated.cc.o.d -o tests/test_accumulated.p/test_accumulated.cc.o -c ../tests/test_accumulated.cc
[81/130] c++ -Isigc++/libsigc-3.0.so.0.0.0.p -I. -I.. -fdiagnostics-color=always -D_GLIBCXX_ASSERTIONS=1 -D_FILE_OFFSET_BITS=64 -std=c++17 -Wall -O2 -m64 -march=x86-64 -mtune=generic -flto=auto -ffat-lto-objects -fPIC -MD -MQ sigc++/libsigc-3.0.so.0.0.0.p/functors_slot_base.cc.o -MF sigc++/libsigc-3.0.so.0.0.0.p/functors_slot_base.cc.o.d -o sigc++/libsigc-3.0.so.0.0.0.p/functors_slot_base.cc.o -c ../sigc++/functors/slot_base.cc
[82/130] c++ -Isigc++/libsigc-3.0.so.0.0.0.p -I. -I.. -fdiagnostics-color=always -D_GLIBCXX_ASSERTIONS=1 -D_FILE_OFFSET_BITS=64 -std=c++17 -Wall -O2 -m64 -march=x86-64 -mtune=generic -flto=auto -ffat-lto-objects -fPIC -MD -MQ sigc++/libsigc-3.0.so.0.0.0.p/trackable.cc.o -MF sigc++/libsigc-3.0.so.0.0.0.p/trackable.cc.o.d -o sigc++/libsigc-3.0.so.0.0.0.p/trackable.cc.o -c ../sigc++/trackable.cc
[83/130] c++ -Isigc++/libsigc-3.0.so.0.0.0.p -I. -I.. -fdiagnostics-color=always -D_GLIBCXX_ASSERTIONS=1 -D_FILE_OFFSET_BITS=64 -std=c++17 -Wall -O2 -m64 -march=x86-64 -mtune=generic -flto=auto -ffat-lto-objects -fPIC -MD -MQ sigc++/libsigc-3.0.so.0.0.0.p/signal_base.cc.o -MF sigc++/libsigc-3.0.so.0.0.0.p/signal_base.cc.o.d -o sigc++/libsigc-3.0.so.0.0.0.p/signal_base.cc.o -c ../sigc++/signal_base.cc
[84/130] c++ -Isigc++/libsigc-3.0.so.0.0.0.p -I. -I.. -fdiagnostics-color=always -D_GLIBCXX_ASSERTIONS=1 -D_FILE_OFFSET_BITS=64 -std=c++17 -Wall -O2 -m64 -march=x86-64 -mtune=generic -flto=auto -ffat-lto-objects -fPIC -MD -MQ sigc++/libsigc-3.0.so.0.0.0.p/connection.cc.o -MF sigc++/libsigc-3.0.so.0.0.0.p/connection.cc.o.d -o sigc++/libsigc-3.0.so.0.0.0.p/connection.cc.o -c ../sigc++/connection.cc
[85/130] c++ -Itests/test_accum_iter.p -I. -I.. -fdiagnostics-color=always -D_GLIBCXX_ASSERTIONS=1 -D_FILE_OFFSET_BITS=64 -std=c++17 -Wall -O2 -m64 -march=x86-64 -mtune=generic -flto=auto -ffat-lto-objects -fPIE -MD -MQ tests/test_accum_iter.p/testutilities.cc.o -MF tests/test_accum_iter.p/testutilities.cc.o.d -o tests/test_accum_iter.p/testutilities.cc.o -c ../tests/testutilities.cc
[86/130] c++ -Itests/test_accum_iter.p -I. -I.. -fdiagnostics-color=always -D_GLIBCXX_ASSERTIONS=1 -D_FILE_OFFSET_BITS=64 -std=c++17 -Wall -O2 -m64 -march=x86-64 -mtune=generic -flto=auto -ffat-lto-objects -fPIE -MD -MQ tests/test_accum_iter.p/test_accum_iter.cc.o -MF tests/test_accum_iter.p/test_accum_iter.cc.o.d -o tests/test_accum_iter.p/test_accum_iter.cc.o -c ../tests/test_accum_iter.cc
[87/130] c++  -o sigc++/libsigc-3.0.so.0.0.0 sigc++/libsigc-3.0.so.0.0.0.p/connection.cc.o sigc++/libsigc-3.0.so.0.0.0.p/signal_base.cc.o sigc++/libsigc-3.0.so.0.0.0.p/trackable.cc.o sigc++/libsigc-3.0.so.0.0.0.p/functors_slot_base.cc.o -Wl,--as-needed -Wl,--no-undefined -shared -fPIC -Wl,-soname,libsigc-3.0.so.0 -O2 -m64 -march=x86-64 -mtune=generic -flto=auto -ffat-lto-objects
[88/130] /usr/bin/meson --internal symbolextractor /home/devel/building/work/src/libsigc++-3.2.0/build sigc++/libsigc-3.0.so.0.0.0 sigc++/libsigc-3.0.so.0.0.0 sigc++/libsigc-3.0.so.0.0.0.p/libsigc-3.0.so.0.0.0.symbols 
[89/130] c++  -o tests/test_weak_raw_ptr tests/test_weak_raw_ptr.p/test_weak_raw_ptr.cc.o tests/test_weak_raw_ptr.p/testutilities.cc.o -Wl,--as-needed -Wl,--no-undefined -pie -O2 -m64 -march=x86-64 -mtune=generic -flto=auto -ffat-lto-objects '-Wl,-rpath,$ORIGIN/../sigc++' -Wl,-rpath-link,/home/devel/building/work/src/libsigc++-3.2.0/build/sigc++ sigc++/libsigc-3.0.so.0.0.0
[90/130] c++  -o tests/test_visit_each_trackable tests/test_visit_each_trackable.p/test_visit_each_trackable.cc.o tests/test_visit_each_trackable.p/testutilities.cc.o -Wl,--as-needed -Wl,--no-undefined -pie -O2 -m64 -march=x86-64 -mtune=generic -flto=auto -ffat-lto-objects '-Wl,-rpath,$ORIGIN/../sigc++' -Wl,-rpath-link,/home/devel/building/work/src/libsigc++-3.2.0/build/sigc++ sigc++/libsigc-3.0.so.0.0.0
[91/130] c++  -o tests/test_visit_each tests/test_visit_each.p/test_visit_each.cc.o tests/test_visit_each.p/testutilities.cc.o -Wl,--as-needed -Wl,--no-undefined -pie -O2 -m64 -march=x86-64 -mtune=generic -flto=auto -ffat-lto-objects '-Wl,-rpath,$ORIGIN/../sigc++' -Wl,-rpath-link,/home/devel/building/work/src/libsigc++-3.2.0/build/sigc++ sigc++/libsigc-3.0.so.0.0.0
[92/130] c++  -o tests/test_tuple_transform_each tests/test_tuple_transform_each.p/test_tuple_transform_each.cc.o tests/test_tuple_transform_each.p/testutilities.cc.o -Wl,--as-needed -Wl,--no-undefined -pie -O2 -m64 -march=x86-64 -mtune=generic -flto=auto -ffat-lto-objects '-Wl,-rpath,$ORIGIN/../sigc++' -Wl,-rpath-link,/home/devel/building/work/src/libsigc++-3.2.0/build/sigc++ sigc++/libsigc-3.0.so.0.0.0
[93/130] c++  -o tests/test_tuple_start tests/test_tuple_start.p/test_tuple_start.cc.o tests/test_tuple_start.p/testutilities.cc.o -Wl,--as-needed -Wl,--no-undefined -pie -O2 -m64 -march=x86-64 -mtune=generic -flto=auto -ffat-lto-objects '-Wl,-rpath,$ORIGIN/../sigc++' -Wl,-rpath-link,/home/devel/building/work/src/libsigc++-3.2.0/build/sigc++ sigc++/libsigc-3.0.so.0.0.0
[94/130] c++  -o tests/test_tuple_for_each tests/test_tuple_for_each.p/test_tuple_for_each.cc.o tests/test_tuple_for_each.p/testutilities.cc.o -Wl,--as-needed -Wl,--no-undefined -pie -O2 -m64 -march=x86-64 -mtune=generic -flto=auto -ffat-lto-objects '-Wl,-rpath,$ORIGIN/../sigc++' -Wl,-rpath-link,/home/devel/building/work/src/libsigc++-3.2.0/build/sigc++ sigc++/libsigc-3.0.so.0.0.0
[95/130] c++  -o tests/test_tuple_end tests/test_tuple_end.p/test_tuple_end.cc.o tests/test_tuple_end.p/testutilities.cc.o -Wl,--as-needed -Wl,--no-undefined -pie -O2 -m64 -march=x86-64 -mtune=generic -flto=auto -ffat-lto-objects '-Wl,-rpath,$ORIGIN/../sigc++' -Wl,-rpath-link,/home/devel/building/work/src/libsigc++-3.2.0/build/sigc++ sigc++/libsigc-3.0.so.0.0.0
[96/130] c++  -o tests/test_tuple_cdr tests/test_tuple_cdr.p/test_tuple_cdr.cc.o tests/test_tuple_cdr.p/testutilities.cc.o -Wl,--as-needed -Wl,--no-undefined -pie -O2 -m64 -march=x86-64 -mtune=generic -flto=auto -ffat-lto-objects '-Wl,-rpath,$ORIGIN/../sigc++' -Wl,-rpath-link,/home/devel/building/work/src/libsigc++-3.2.0/build/sigc++ sigc++/libsigc-3.0.so.0.0.0
[97/130] c++  -o tests/test_track_obj tests/test_track_obj.p/test_track_obj.cc.o tests/test_track_obj.p/testutilities.cc.o -Wl,--as-needed -Wl,--no-undefined -pie -O2 -m64 -march=x86-64 -mtune=generic -flto=auto -ffat-lto-objects '-Wl,-rpath,$ORIGIN/../sigc++' -Wl,-rpath-link,/home/devel/building/work/src/libsigc++-3.2.0/build/sigc++ sigc++/libsigc-3.0.so.0.0.0
[98/130] c++  -o tests/test_trackable_move tests/test_trackable_move.p/test_trackable_move.cc.o tests/test_trackable_move.p/testutilities.cc.o -Wl,--as-needed -Wl,--no-undefined -pie -O2 -m64 -march=x86-64 -mtune=generic -flto=auto -ffat-lto-objects '-Wl,-rpath,$ORIGIN/../sigc++' -Wl,-rpath-link,/home/devel/building/work/src/libsigc++-3.2.0/build/sigc++ sigc++/libsigc-3.0.so.0.0.0
[99/130] c++  -o tests/test_trackable tests/test_trackable.p/test_trackable.cc.o tests/test_trackable.p/testutilities.cc.o -Wl,--as-needed -Wl,--no-undefined -pie -O2 -m64 -march=x86-64 -mtune=generic -flto=auto -ffat-lto-objects '-Wl,-rpath,$ORIGIN/../sigc++' -Wl,-rpath-link,/home/devel/building/work/src/libsigc++-3.2.0/build/sigc++ sigc++/libsigc-3.0.so.0.0.0
[100/130] c++  -o tests/test_slot_move tests/test_slot_move.p/test_slot_move.cc.o tests/test_slot_move.p/testutilities.cc.o -Wl,--as-needed -Wl,--no-undefined -pie -O2 -m64 -march=x86-64 -mtune=generic -flto=auto -ffat-lto-objects '-Wl,-rpath,$ORIGIN/../sigc++' -Wl,-rpath-link,/home/devel/building/work/src/libsigc++-3.2.0/build/sigc++ sigc++/libsigc-3.0.so.0.0.0
[101/130] c++  -o tests/test_slot_disconnect tests/test_slot_disconnect.p/test_slot_disconnect.cc.o tests/test_slot_disconnect.p/testutilities.cc.o -Wl,--as-needed -Wl,--no-undefined -pie -O2 -m64 -march=x86-64 -mtune=generic -flto=auto -ffat-lto-objects '-Wl,-rpath,$ORIGIN/../sigc++' -Wl,-rpath-link,/home/devel/building/work/src/libsigc++-3.2.0/build/sigc++ sigc++/libsigc-3.0.so.0.0.0
[102/130] c++  -o tests/test_slot tests/test_slot.p/test_slot.cc.o tests/test_slot.p/testutilities.cc.o -Wl,--as-needed -Wl,--no-undefined -pie -O2 -m64 -march=x86-64 -mtune=generic -flto=auto -ffat-lto-objects '-Wl,-rpath,$ORIGIN/../sigc++' -Wl,-rpath-link,/home/devel/building/work/src/libsigc++-3.2.0/build/sigc++ sigc++/libsigc-3.0.so.0.0.0
[103/130] c++  -o tests/test_size tests/test_size.p/test_size.cc.o tests/test_size.p/testutilities.cc.o -Wl,--as-needed -Wl,--no-undefined -pie -O2 -m64 -march=x86-64 -mtune=generic -flto=auto -ffat-lto-objects '-Wl,-rpath,$ORIGIN/../sigc++' -Wl,-rpath-link,/home/devel/building/work/src/libsigc++-3.2.0/build/sigc++ sigc++/libsigc-3.0.so.0.0.0
[104/130] c++  -o tests/test_signal_move tests/test_signal_move.p/test_signal_move.cc.o tests/test_signal_move.p/testutilities.cc.o -Wl,--as-needed -Wl,--no-undefined -pie -O2 -m64 -march=x86-64 -mtune=generic -flto=auto -ffat-lto-objects '-Wl,-rpath,$ORIGIN/../sigc++' -Wl,-rpath-link,/home/devel/building/work/src/libsigc++-3.2.0/build/sigc++ sigc++/libsigc-3.0.so.0.0.0
[105/130] c++  -o tests/test_signal tests/test_signal.p/test_signal.cc.o tests/test_signal.p/testutilities.cc.o -Wl,--as-needed -Wl,--no-undefined -pie -O2 -m64 -march=x86-64 -mtune=generic -flto=auto -ffat-lto-objects '-Wl,-rpath,$ORIGIN/../sigc++' -Wl,-rpath-link,/home/devel/building/work/src/libsigc++-3.2.0/build/sigc++ sigc++/libsigc-3.0.so.0.0.0
[106/130] c++  -o tests/test_rvalue_ref tests/test_rvalue_ref.p/test_rvalue_ref.cc.o tests/test_rvalue_ref.p/testutilities.cc.o -Wl,--as-needed -Wl,--no-undefined -pie -O2 -m64 -march=x86-64 -mtune=generic -flto=auto -ffat-lto-objects '-Wl,-rpath,$ORIGIN/../sigc++' -Wl,-rpath-link,/home/devel/building/work/src/libsigc++-3.2.0/build/sigc++ sigc++/libsigc-3.0.so.0.0.0
[107/130] c++  -o tests/test_retype_return tests/test_retype_return.p/test_retype_return.cc.o tests/test_retype_return.p/testutilities.cc.o -Wl,--as-needed -Wl,--no-undefined -pie -O2 -m64 -march=x86-64 -mtune=generic -flto=auto -ffat-lto-objects '-Wl,-rpath,$ORIGIN/../sigc++' -Wl,-rpath-link,/home/devel/building/work/src/libsigc++-3.2.0/build/sigc++ sigc++/libsigc-3.0.so.0.0.0
[108/130] c++  -o tests/test_retype tests/test_retype.p/test_retype.cc.o tests/test_retype.p/testutilities.cc.o -Wl,--as-needed -Wl,--no-undefined -pie -O2 -m64 -march=x86-64 -mtune=generic -flto=auto -ffat-lto-objects '-Wl,-rpath,$ORIGIN/../sigc++' -Wl,-rpath-link,/home/devel/building/work/src/libsigc++-3.2.0/build/sigc++ sigc++/libsigc-3.0.so.0.0.0
[109/130] c++  -o tests/test_ptr_fun tests/test_ptr_fun.p/test_ptr_fun.cc.o tests/test_ptr_fun.p/testutilities.cc.o -Wl,--as-needed -Wl,--no-undefined -pie -O2 -m64 -march=x86-64 -mtune=generic -flto=auto -ffat-lto-objects '-Wl,-rpath,$ORIGIN/../sigc++' -Wl,-rpath-link,/home/devel/building/work/src/libsigc++-3.2.0/build/sigc++ sigc++/libsigc-3.0.so.0.0.0
[110/130] c++  -o tests/test_mem_fun tests/test_mem_fun.p/test_mem_fun.cc.o tests/test_mem_fun.p/testutilities.cc.o -Wl,--as-needed -Wl,--no-undefined -pie -O2 -m64 -march=x86-64 -mtune=generic -flto=auto -ffat-lto-objects '-Wl,-rpath,$ORIGIN/../sigc++' -Wl,-rpath-link,/home/devel/building/work/src/libsigc++-3.2.0/build/sigc++ sigc++/libsigc-3.0.so.0.0.0
[111/130] c++  -o tests/test_member_method_trait tests/test_member_method_trait.p/test_member_method_trait.cc.o tests/test_member_method_trait.p/testutilities.cc.o -Wl,--as-needed -Wl,--no-undefined -pie -O2 -m64 -march=x86-64 -mtune=generic -flto=auto -ffat-lto-objects '-Wl,-rpath,$ORIGIN/../sigc++' -Wl,-rpath-link,/home/devel/building/work/src/libsigc++-3.2.0/build/sigc++ sigc++/libsigc-3.0.so.0.0.0
[112/130] c++  -o tests/test_limit_reference tests/test_limit_reference.p/test_limit_reference.cc.o tests/test_limit_reference.p/testutilities.cc.o -Wl,--as-needed -Wl,--no-undefined -pie -O2 -m64 -march=x86-64 -mtune=generic -flto=auto -ffat-lto-objects '-Wl,-rpath,$ORIGIN/../sigc++' -Wl,-rpath-link,/home/devel/building/work/src/libsigc++-3.2.0/build/sigc++ sigc++/libsigc-3.0.so.0.0.0
[113/130] c++  -o tests/test_hide tests/test_hide.p/test_hide.cc.o tests/test_hide.p/testutilities.cc.o -Wl,--as-needed -Wl,--no-undefined -pie -O2 -m64 -march=x86-64 -mtune=generic -flto=auto -ffat-lto-objects '-Wl,-rpath,$ORIGIN/../sigc++' -Wl,-rpath-link,/home/devel/building/work/src/libsigc++-3.2.0/build/sigc++ sigc++/libsigc-3.0.so.0.0.0
[114/130] c++  -o tests/test_exception_catch tests/test_exception_catch.p/test_exception_catch.cc.o tests/test_exception_catch.p/testutilities.cc.o -Wl,--as-needed -Wl,--no-undefined -pie -O2 -m64 -march=x86-64 -mtune=generic -flto=auto -ffat-lto-objects '-Wl,-rpath,$ORIGIN/../sigc++' -Wl,-rpath-link,/home/devel/building/work/src/libsigc++-3.2.0/build/sigc++ sigc++/libsigc-3.0.so.0.0.0
[115/130] c++  -o tests/test_disconnect_during_emit tests/test_disconnect_during_emit.p/test_disconnect_during_emit.cc.o tests/test_disconnect_during_emit.p/testutilities.cc.o -Wl,--as-needed -Wl,--no-undefined -pie -O2 -m64 -march=x86-64 -mtune=generic -flto=auto -ffat-lto-objects '-Wl,-rpath,$ORIGIN/../sigc++' -Wl,-rpath-link,/home/devel/building/work/src/libsigc++-3.2.0/build/sigc++ sigc++/libsigc-3.0.so.0.0.0
[116/130] c++  -o tests/test_disconnect tests/test_disconnect.p/test_disconnect.cc.o tests/test_disconnect.p/testutilities.cc.o -Wl,--as-needed -Wl,--no-undefined -pie -O2 -m64 -march=x86-64 -mtune=generic -flto=auto -ffat-lto-objects '-Wl,-rpath,$ORIGIN/../sigc++' -Wl,-rpath-link,/home/devel/building/work/src/libsigc++-3.2.0/build/sigc++ sigc++/libsigc-3.0.so.0.0.0
[117/130] c++  -o tests/test_custom tests/test_custom.p/test_custom.cc.o tests/test_custom.p/testutilities.cc.o -Wl,--as-needed -Wl,--no-undefined -pie -O2 -m64 -march=x86-64 -mtune=generic -flto=auto -ffat-lto-objects '-Wl,-rpath,$ORIGIN/../sigc++' -Wl,-rpath-link,/home/devel/building/work/src/libsigc++-3.2.0/build/sigc++ sigc++/libsigc-3.0.so.0.0.0
[118/130] c++  -o tests/test_cpp11_lambda tests/test_cpp11_lambda.p/test_cpp11_lambda.cc.o tests/test_cpp11_lambda.p/testutilities.cc.o -Wl,--as-needed -Wl,--no-undefined -pie -O2 -m64 -march=x86-64 -mtune=generic -flto=auto -ffat-lto-objects '-Wl,-rpath,$ORIGIN/../sigc++' -Wl,-rpath-link,/home/devel/building/work/src/libsigc++-3.2.0/build/sigc++ sigc++/libsigc-3.0.so.0.0.0
[119/130] c++  -o tests/test_copy_invalid_slot tests/test_copy_invalid_slot.p/test_copy_invalid_slot.cc.o tests/test_copy_invalid_slot.p/testutilities.cc.o -Wl,--as-needed -Wl,--no-undefined -pie -O2 -m64 -march=x86-64 -mtune=generic -flto=auto -ffat-lto-objects '-Wl,-rpath,$ORIGIN/../sigc++' -Wl,-rpath-link,/home/devel/building/work/src/libsigc++-3.2.0/build/sigc++ sigc++/libsigc-3.0.so.0.0.0
[120/130] c++  -o tests/test_connection tests/test_connection.p/test_connection.cc.o tests/test_connection.p/testutilities.cc.o -Wl,--as-needed -Wl,--no-undefined -pie -O2 -m64 -march=x86-64 -mtune=generic -flto=auto -ffat-lto-objects '-Wl,-rpath,$ORIGIN/../sigc++' -Wl,-rpath-link,/home/devel/building/work/src/libsigc++-3.2.0/build/sigc++ sigc++/libsigc-3.0.so.0.0.0
[121/130] c++  -o tests/test_compose tests/test_compose.p/test_compose.cc.o tests/test_compose.p/testutilities.cc.o -Wl,--as-needed -Wl,--no-undefined -pie -O2 -m64 -march=x86-64 -mtune=generic -flto=auto -ffat-lto-objects '-Wl,-rpath,$ORIGIN/../sigc++' -Wl,-rpath-link,/home/devel/building/work/src/libsigc++-3.2.0/build/sigc++ sigc++/libsigc-3.0.so.0.0.0
[122/130] c++  -o tests/test_bind_return tests/test_bind_return.p/test_bind_return.cc.o tests/test_bind_return.p/testutilities.cc.o -Wl,--as-needed -Wl,--no-undefined -pie -O2 -m64 -march=x86-64 -mtune=generic -flto=auto -ffat-lto-objects '-Wl,-rpath,$ORIGIN/../sigc++' -Wl,-rpath-link,/home/devel/building/work/src/libsigc++-3.2.0/build/sigc++ sigc++/libsigc-3.0.so.0.0.0
[123/130] c++  -o tests/test_bind_refptr tests/test_bind_refptr.p/test_bind_refptr.cc.o tests/test_bind_refptr.p/testutilities.cc.o -Wl,--as-needed -Wl,--no-undefined -pie -O2 -m64 -march=x86-64 -mtune=generic -flto=auto -ffat-lto-objects '-Wl,-rpath,$ORIGIN/../sigc++' -Wl,-rpath-link,/home/devel/building/work/src/libsigc++-3.2.0/build/sigc++ sigc++/libsigc-3.0.so.0.0.0
[124/130] c++  -o tests/test_bind_ref tests/test_bind_ref.p/test_bind_ref.cc.o tests/test_bind_ref.p/testutilities.cc.o -Wl,--as-needed -Wl,--no-undefined -pie -O2 -m64 -march=x86-64 -mtune=generic -flto=auto -ffat-lto-objects '-Wl,-rpath,$ORIGIN/../sigc++' -Wl,-rpath-link,/home/devel/building/work/src/libsigc++-3.2.0/build/sigc++ sigc++/libsigc-3.0.so.0.0.0
[125/130] c++  -o tests/test_bind_as_slot tests/test_bind_as_slot.p/test_bind_as_slot.cc.o tests/test_bind_as_slot.p/testutilities.cc.o -Wl,--as-needed -Wl,--no-undefined -pie -O2 -m64 -march=x86-64 -mtune=generic -flto=auto -ffat-lto-objects '-Wl,-rpath,$ORIGIN/../sigc++' -Wl,-rpath-link,/home/devel/building/work/src/libsigc++-3.2.0/build/sigc++ sigc++/libsigc-3.0.so.0.0.0
[126/130] c++  -o tests/test_bind tests/test_bind.p/test_bind.cc.o tests/test_bind.p/testutilities.cc.o -Wl,--as-needed -Wl,--no-undefined -pie -O2 -m64 -march=x86-64 -mtune=generic -flto=auto -ffat-lto-objects '-Wl,-rpath,$ORIGIN/../sigc++' -Wl,-rpath-link,/home/devel/building/work/src/libsigc++-3.2.0/build/sigc++ sigc++/libsigc-3.0.so.0.0.0
[127/130] c++  -o tests/test_accumulated tests/test_accumulated.p/test_accumulated.cc.o tests/test_accumulated.p/testutilities.cc.o -Wl,--as-needed -Wl,--no-undefined -pie -O2 -m64 -march=x86-64 -mtune=generic -flto=auto -ffat-lto-objects '-Wl,-rpath,$ORIGIN/../sigc++' -Wl,-rpath-link,/home/devel/building/work/src/libsigc++-3.2.0/build/sigc++ sigc++/libsigc-3.0.so.0.0.0
[128/130] c++  -o tests/test_accum_iter tests/test_accum_iter.p/test_accum_iter.cc.o tests/test_accum_iter.p/testutilities.cc.o -Wl,--as-needed -Wl,--no-undefined -pie -O2 -m64 -march=x86-64 -mtune=generic -flto=auto -ffat-lto-objects '-Wl,-rpath,$ORIGIN/../sigc++' -Wl,-rpath-link,/home/devel/building/work/src/libsigc++-3.2.0/build/sigc++ sigc++/libsigc-3.0.so.0.0.0
[129/130] c++  -o examples/member_method examples/member_method.p/member_method.cc.o -Wl,--as-needed -Wl,--no-undefined -pie -O2 -m64 -march=x86-64 -mtune=generic -flto=auto -ffat-lto-objects '-Wl,-rpath,$ORIGIN/../sigc++' -Wl,-rpath-link,/home/devel/building/work/src/libsigc++-3.2.0/build/sigc++ sigc++/libsigc-3.0.so.0.0.0
[130/130] c++  -o examples/hello_world examples/hello_world.p/hello_world.cc.o -Wl,--as-needed -Wl,--no-undefined -pie -O2 -m64 -march=x86-64 -mtune=generic -flto=auto -ffat-lto-objects '-Wl,-rpath,$ORIGIN/../sigc++' -Wl,-rpath-link,/home/devel/building/work/src/libsigc++-3.2.0/build/sigc++ sigc++/libsigc-3.0.so.0.0.0
INFO: autodetecting backend as ninja
INFO: calculating backend command to run: /usr/bin/ninja -C /home/devel/building/work/src/libsigc++-3.2.0/build -j 8 -v
+ DESTDIR=/home/devel/building/work/pkg
+ meson install --no-rebuild -C build
Installing sigc++/libsigc-3.0.so.0.0.0 to /home/devel/building/work/pkg/usr/lib
Installing /home/devel/building/work/src/libsigc++-3.2.0/sigc++/sigc++.h to /home/devel/building/work/pkg/usr/include/sigc++-3.0/sigc++
Installing /home/devel/building/work/src/libsigc++-3.2.0/sigc++/bind.h to /home/devel/building/work/pkg/usr/include/sigc++-3.0/sigc++
Installing /home/devel/building/work/src/libsigc++-3.2.0/sigc++/bind_return.h to /home/devel/building/work/pkg/usr/include/sigc++-3.0/sigc++
Installing /home/devel/building/work/src/libsigc++-3.2.0/sigc++/connection.h to /home/devel/building/work/pkg/usr/include/sigc++-3.0/sigc++
Installing /home/devel/building/work/src/libsigc++-3.2.0/sigc++/limit_reference.h to /home/devel/building/work/pkg/usr/include/sigc++-3.0/sigc++
Installing /home/devel/building/work/src/libsigc++-3.2.0/sigc++/member_method_trait.h to /home/devel/building/work/pkg/usr/include/sigc++-3.0/sigc++
Installing /home/devel/building/work/src/libsigc++-3.2.0/sigc++/reference_wrapper.h to /home/devel/building/work/pkg/usr/include/sigc++-3.0/sigc++
Installing /home/devel/building/work/src/libsigc++-3.2.0/sigc++/retype_return.h to /home/devel/building/work/pkg/usr/include/sigc++-3.0/sigc++
Installing /home/devel/building/work/src/libsigc++-3.2.0/sigc++/signal.h to /home/devel/building/work/pkg/usr/include/sigc++-3.0/sigc++
Installing /home/devel/building/work/src/libsigc++-3.2.0/sigc++/signal_base.h to /home/devel/building/work/pkg/usr/include/sigc++-3.0/sigc++
Installing /home/devel/building/work/src/libsigc++-3.2.0/sigc++/slot.h to /home/devel/building/work/pkg/usr/include/sigc++-3.0/sigc++
Installing /home/devel/building/work/src/libsigc++-3.2.0/sigc++/trackable.h to /home/devel/building/work/pkg/usr/include/sigc++-3.0/sigc++
Installing /home/devel/building/work/src/libsigc++-3.2.0/sigc++/type_traits.h to /home/devel/building/work/pkg/usr/include/sigc++-3.0/sigc++
Installing /home/devel/building/work/src/libsigc++-3.2.0/sigc++/visit_each.h to /home/devel/building/work/pkg/usr/include/sigc++-3.0/sigc++
Installing /home/devel/building/work/src/libsigc++-3.2.0/sigc++/weak_raw_ptr.h to /home/devel/building/work/pkg/usr/include/sigc++-3.0/sigc++
Installing /home/devel/building/work/src/libsigc++-3.2.0/sigc++/adaptors/adaptor_base.h to /home/devel/building/work/pkg/usr/include/sigc++-3.0/sigc++/adaptors
Installing /home/devel/building/work/src/libsigc++-3.2.0/sigc++/adaptors/adaptors.h to /home/devel/building/work/pkg/usr/include/sigc++-3.0/sigc++/adaptors
Installing /home/devel/building/work/src/libsigc++-3.2.0/sigc++/adaptors/adaptor_trait.h to /home/devel/building/work/pkg/usr/include/sigc++-3.0/sigc++/adaptors
Installing /home/devel/building/work/src/libsigc++-3.2.0/sigc++/adaptors/adapts.h to /home/devel/building/work/pkg/usr/include/sigc++-3.0/sigc++/adaptors
Installing /home/devel/building/work/src/libsigc++-3.2.0/sigc++/adaptors/bind.h to /home/devel/building/work/pkg/usr/include/sigc++-3.0/sigc++/adaptors
Installing /home/devel/building/work/src/libsigc++-3.2.0/sigc++/adaptors/bind_return.h to /home/devel/building/work/pkg/usr/include/sigc++-3.0/sigc++/adaptors
Installing /home/devel/building/work/src/libsigc++-3.2.0/sigc++/adaptors/bound_argument.h to /home/devel/building/work/pkg/usr/include/sigc++-3.0/sigc++/adaptors
Installing /home/devel/building/work/src/libsigc++-3.2.0/sigc++/adaptors/compose.h to /home/devel/building/work/pkg/usr/include/sigc++-3.0/sigc++/adaptors
Installing /home/devel/building/work/src/libsigc++-3.2.0/sigc++/adaptors/exception_catch.h to /home/devel/building/work/pkg/usr/include/sigc++-3.0/sigc++/adaptors
Installing /home/devel/building/work/src/libsigc++-3.2.0/sigc++/adaptors/hide.h to /home/devel/building/work/pkg/usr/include/sigc++-3.0/sigc++/adaptors
Installing /home/devel/building/work/src/libsigc++-3.2.0/sigc++/adaptors/retype.h to /home/devel/building/work/pkg/usr/include/sigc++-3.0/sigc++/adaptors
Installing /home/devel/building/work/src/libsigc++-3.2.0/sigc++/adaptors/retype_return.h to /home/devel/building/work/pkg/usr/include/sigc++-3.0/sigc++/adaptors
Installing /home/devel/building/work/src/libsigc++-3.2.0/sigc++/adaptors/track_obj.h to /home/devel/building/work/pkg/usr/include/sigc++-3.0/sigc++/adaptors
Installing /home/devel/building/work/src/libsigc++-3.2.0/sigc++/adaptors/tuple_visitor_visit_each.h to /home/devel/building/work/pkg/usr/include/sigc++-3.0/sigc++/adaptors
Installing /home/devel/building/work/src/libsigc++-3.2.0/sigc++/functors/functor_trait.h to /home/devel/building/work/pkg/usr/include/sigc++-3.0/sigc++/functors
Installing /home/devel/building/work/src/libsigc++-3.2.0/sigc++/functors/functors.h to /home/devel/building/work/pkg/usr/include/sigc++-3.0/sigc++/functors
Installing /home/devel/building/work/src/libsigc++-3.2.0/sigc++/functors/mem_fun.h to /home/devel/building/work/pkg/usr/include/sigc++-3.0/sigc++/functors
Installing /home/devel/building/work/src/libsigc++-3.2.0/sigc++/functors/ptr_fun.h to /home/devel/building/work/pkg/usr/include/sigc++-3.0/sigc++/functors
Installing /home/devel/building/work/src/libsigc++-3.2.0/sigc++/functors/slot.h to /home/devel/building/work/pkg/usr/include/sigc++-3.0/sigc++/functors
Installing /home/devel/building/work/src/libsigc++-3.2.0/sigc++/functors/slot_base.h to /home/devel/building/work/pkg/usr/include/sigc++-3.0/sigc++/functors
Installing /home/devel/building/work/src/libsigc++-3.2.0/sigc++/tuple-utils/tuple_cdr.h to /home/devel/building/work/pkg/usr/include/sigc++-3.0/sigc++/tuple-utils
Installing /home/devel/building/work/src/libsigc++-3.2.0/sigc++/tuple-utils/tuple_end.h to /home/devel/building/work/pkg/usr/include/sigc++-3.0/sigc++/tuple-utils
Installing /home/devel/building/work/src/libsigc++-3.2.0/sigc++/tuple-utils/tuple_for_each.h to /home/devel/building/work/pkg/usr/include/sigc++-3.0/sigc++/tuple-utils
Installing /home/devel/building/work/src/libsigc++-3.2.0/sigc++/tuple-utils/tuple_start.h to /home/devel/building/work/pkg/usr/include/sigc++-3.0/sigc++/tuple-utils
Installing /home/devel/building/work/src/libsigc++-3.2.0/sigc++/tuple-utils/tuple_transform_each.h to /home/devel/building/work/pkg/usr/include/sigc++-3.0/sigc++/tuple-utils
Installing /home/devel/building/work/src/libsigc++-3.2.0/build/sigc++-3.0.pc to /home/devel/building/work/pkg/usr/lib/pkgconfig
Installing /home/devel/building/work/src/libsigc++-3.2.0/build/sigc++config.h to /home/devel/building/work/pkg/usr/lib/sigc++-3.0/include
Installing symlink pointing to libsigc-3.0.so.0.0.0 to /home/devel/building/work/pkg/usr/lib/libsigc-3.0.so.0
Installing symlink pointing to libsigc-3.0.so.0 to /home/devel/building/work/pkg/usr/lib/libsigc-3.0.so
=======> Build result:
drwxr-xr-x  0 root   root        0 May  7 23:33 usr/
drwxr-xr-x  0 root   root        0 May  7 23:33 usr/lib/
drwxr-xr-x  0 root   root        0 May  7 23:33 usr/include/
drwxr-xr-x  0 root   root        0 May  7 23:33 usr/include/sigc++-3.0/
drwxr-xr-x  0 root   root        0 May  7 23:33 usr/include/sigc++-3.0/sigc++/
-rw-r--r--  0 root   root     4468 Feb 11  2022 usr/include/sigc++-3.0/sigc++/sigc++.h
-rw-r--r--  0 root   root      921 Feb 11  2022 usr/include/sigc++-3.0/sigc++/bind.h
-rw-r--r--  0 root   root      949 Feb 11  2022 usr/include/sigc++-3.0/sigc++/bind_return.h
-rw-r--r--  0 root   root     3368 Feb 11  2022 usr/include/sigc++-3.0/sigc++/connection.h
-rw-r--r--  0 root   root     5123 Feb 11  2022 usr/include/sigc++-3.0/sigc++/limit_reference.h
-rw-r--r--  0 root   root     4046 Feb 11  2022 usr/include/sigc++-3.0/sigc++/member_method_trait.h
-rw-r--r--  0 root   root     1509 Feb 11  2022 usr/include/sigc++-3.0/sigc++/reference_wrapper.h
-rw-r--r--  0 root   root      957 Feb 11  2022 usr/include/sigc++-3.0/sigc++/retype_return.h
-rw-r--r--  0 root   root    19386 Feb 11  2022 usr/include/sigc++-3.0/sigc++/signal.h
-rw-r--r--  0 root   root    14022 Feb 11  2022 usr/include/sigc++-3.0/sigc++/signal_base.h
-rw-r--r--  0 root   root      831 Feb 11  2022 usr/include/sigc++-3.0/sigc++/slot.h
-rw-r--r--  0 root   root     5746 Feb 11  2022 usr/include/sigc++-3.0/sigc++/trackable.h
-rw-r--r--  0 root   root     1776 Feb 11  2022 usr/include/sigc++-3.0/sigc++/type_traits.h
-rw-r--r--  0 root   root     5340 Feb 11  2022 usr/include/sigc++-3.0/sigc++/visit_each.h
-rw-r--r--  0 root   root     2477 Feb 11  2022 usr/include/sigc++-3.0/sigc++/weak_raw_ptr.h
drwxr-xr-x  0 root   root        0 May  7 23:33 usr/include/sigc++-3.0/sigc++/adaptors/
drwxr-xr-x  0 root   root        0 May  7 23:33 usr/include/sigc++-3.0/sigc++/functors/
drwxr-xr-x  0 root   root        0 May  7 23:33 usr/include/sigc++-3.0/sigc++/tuple-utils/
-rw-r--r--  0 root   root     2083 Feb 11  2022 usr/include/sigc++-3.0/sigc++/tuple-utils/tuple_cdr.h
-rw-r--r--  0 root   root     2487 Feb 11  2022 usr/include/sigc++-3.0/sigc++/tuple-utils/tuple_end.h
-rw-r--r--  0 root   root     3962 Feb 11  2022 usr/include/sigc++-3.0/sigc++/tuple-utils/tuple_for_each.h
-rw-r--r--  0 root   root     2615 Feb 11  2022 usr/include/sigc++-3.0/sigc++/tuple-utils/tuple_start.h
-rw-r--r--  0 root   root     4381 Feb 11  2022 usr/include/sigc++-3.0/sigc++/tuple-utils/tuple_transform_each.h
-rw-r--r--  0 root   root     3063 Feb 11  2022 usr/include/sigc++-3.0/sigc++/functors/functor_trait.h
-rw-r--r--  0 root   root     1002 Feb 11  2022 usr/include/sigc++-3.0/sigc++/functors/functors.h
-rw-r--r--  0 root   root    10294 Feb 11  2022 usr/include/sigc++-3.0/sigc++/functors/mem_fun.h
-rw-r--r--  0 root   root     3472 Feb 11  2022 usr/include/sigc++-3.0/sigc++/functors/ptr_fun.h
-rw-r--r--  0 root   root    11820 Feb 11  2022 usr/include/sigc++-3.0/sigc++/functors/slot.h
-rw-r--r--  0 root   root    13329 Feb 11  2022 usr/include/sigc++-3.0/sigc++/functors/slot_base.h
-rw-r--r--  0 root   root     1443 Feb 11  2022 usr/include/sigc++-3.0/sigc++/adaptors/adaptor_base.h
-rw-r--r--  0 root   root     1202 Feb 11  2022 usr/include/sigc++-3.0/sigc++/adaptors/adaptors.h
-rw-r--r--  0 root   root     6510 Feb 11  2022 usr/include/sigc++-3.0/sigc++/adaptors/adaptor_trait.h
-rw-r--r--  0 root   root     3880 Feb 11  2022 usr/include/sigc++-3.0/sigc++/adaptors/adapts.h
-rw-r--r--  0 root   root    10577 Feb 11  2022 usr/include/sigc++-3.0/sigc++/adaptors/bind.h
-rw-r--r--  0 root   root     4048 Feb 11  2022 usr/include/sigc++-3.0/sigc++/adaptors/bind_return.h
-rw-r--r--  0 root   root     5361 Feb 11  2022 usr/include/sigc++-3.0/sigc++/adaptors/bound_argument.h
-rw-r--r--  0 root   root     6944 Feb 11  2022 usr/include/sigc++-3.0/sigc++/adaptors/compose.h
-rw-r--r--  0 root   root     3811 Feb 11  2022 usr/include/sigc++-3.0/sigc++/adaptors/exception_catch.h
-rw-r--r--  0 root   root     6075 Feb 11  2022 usr/include/sigc++-3.0/sigc++/adaptors/hide.h
-rw-r--r--  0 root   root     5448 Feb 11  2022 usr/include/sigc++-3.0/sigc++/adaptors/retype.h
-rw-r--r--  0 root   root     4431 Feb 11  2022 usr/include/sigc++-3.0/sigc++/adaptors/retype_return.h
-rw-r--r--  0 root   root     4823 Feb 11  2022 usr/include/sigc++-3.0/sigc++/adaptors/track_obj.h
-rw-r--r--  0 root   root     1381 Feb 11  2022 usr/include/sigc++-3.0/sigc++/adaptors/tuple_visitor_visit_each.h
-rwxr-xr-x  0 root   root    39408 May  7 23:33 usr/lib/libsigc-3.0.so.0.0.0
drwxr-xr-x  0 root   root        0 May  7 23:33 usr/lib/pkgconfig/
drwxr-xr-x  0 root   root        0 May  7 23:33 usr/lib/sigc++-3.0/
lrwxrwxrwx  0 root   root        0 May  7 23:33 usr/lib/libsigc-3.0.so.0 -> libsigc-3.0.so.0.0.0
lrwxrwxrwx  0 root   root        0 May  7 23:33 usr/lib/libsigc-3.0.so -> libsigc-3.0.so.0
drwxr-xr-x  0 root   root        0 May  7 23:33 usr/lib/sigc++-3.0/include/
-rw-r--r--  0 root   root     1992 May  7 23:32 usr/lib/sigc++-3.0/include/sigc++config.h
-rw-r--r--  0 root   root      569 May  7 23:32 usr/lib/pkgconfig/sigc++-3.0.pc
=======> Building '/home/devel/packages/libsigc++3#3.2.0-1.x86_64.pkg.tar.zst' succeeded.
prt-get: Using PKGMK_PACKAGE_DIR: /home/devel/packages
prt-get: reinstalling libsigc++3 3.2.0-1
prt-get: /usr/bin/pkgadd -u libsigc++3#3.2.0-1.x86_64.pkg.tar.zst
prt-get: build done Tue May  7 23:33:04 2024

