prt-get: updating /usr/ports/core-x86_64/liburing
prt-get: starting build Thu Feb  1 18:19:57 2024
=======> Building '/home/devel/packages/liburing#2.5-1.x86_64.pkg.tar.zst'.
bsdtar -p -o -C /home/devel/building/work/src -xf /home/devel/sources/liburing-2.5.tar.bz2
+ build
+ cd liburing-2.5
+ ./configure --prefix=/usr --mandir=/usr/share/man
prefix                        /usr
includedir                    /usr/include
libdir                        /usr/lib
libdevdir                     /usr/lib
relativelibdir                
mandir                        /usr/share/man
datadir                       /usr/share
stringop_overflow             yes
array_bounds                  yes
__kernel_rwf_t                yes
__kernel_timespec             yes
open_how                      yes
statx                         yes
glibc_statx                   yes
C++                           yes
has_ucontext                  yes
NVMe uring command support    yes
nolibc                        yes
has_fanotify                  yes
CC                            gcc
CXX                           g++
+ make V=1
make[1]: Entering directory '/home/devel/building/work/src/liburing-2.5/src'
gcc -D_GNU_SOURCE -Iinclude/ -include ../config-host.h -D_LARGEFILE_SOURCE -D_FILE_OFFSET_BITS=64 -nostdlib -nodefaultlibs -ffreestanding -fno-builtin -fno-stack-protector -MT "setup.ol" -MMD -MP -MF "setup.ol.d" -O2 -m64 -march=x86-64 -mtune=generic -flto=auto -ffat-lto-objects -Wno-unused-parameter -DLIBURING_INTERNAL  -nostdlib -nodefaultlibs -ffreestanding -fno-builtin -fno-stack-protector -c -o setup.ol setup.c
gcc -D_GNU_SOURCE -Iinclude/ -include ../config-host.h -D_LARGEFILE_SOURCE -D_FILE_OFFSET_BITS=64 -nostdlib -nodefaultlibs -ffreestanding -fno-builtin -fno-stack-protector -MT "queue.ol" -MMD -MP -MF "queue.ol.d" -O2 -m64 -march=x86-64 -mtune=generic -flto=auto -ffat-lto-objects -Wno-unused-parameter -DLIBURING_INTERNAL  -nostdlib -nodefaultlibs -ffreestanding -fno-builtin -fno-stack-protector -c -o queue.ol queue.c
gcc -D_GNU_SOURCE -Iinclude/ -include ../config-host.h -D_LARGEFILE_SOURCE -D_FILE_OFFSET_BITS=64 -nostdlib -nodefaultlibs -ffreestanding -fno-builtin -fno-stack-protector -MT "register.ol" -MMD -MP -MF "register.ol.d" -O2 -m64 -march=x86-64 -mtune=generic -flto=auto -ffat-lto-objects -Wno-unused-parameter -DLIBURING_INTERNAL  -nostdlib -nodefaultlibs -ffreestanding -fno-builtin -fno-stack-protector -c -o register.ol register.c
gcc -D_GNU_SOURCE -Iinclude/ -include ../config-host.h -D_LARGEFILE_SOURCE -D_FILE_OFFSET_BITS=64 -nostdlib -nodefaultlibs -ffreestanding -fno-builtin -fno-stack-protector -MT "syscall.ol" -MMD -MP -MF "syscall.ol.d" -O2 -m64 -march=x86-64 -mtune=generic -flto=auto -ffat-lto-objects -Wno-unused-parameter -DLIBURING_INTERNAL  -nostdlib -nodefaultlibs -ffreestanding -fno-builtin -fno-stack-protector -c -o syscall.ol syscall.c
gcc -D_GNU_SOURCE -Iinclude/ -include ../config-host.h -D_LARGEFILE_SOURCE -D_FILE_OFFSET_BITS=64 -nostdlib -nodefaultlibs -ffreestanding -fno-builtin -fno-stack-protector -MT "version.ol" -MMD -MP -MF "version.ol.d" -O2 -m64 -march=x86-64 -mtune=generic -flto=auto -ffat-lto-objects -Wno-unused-parameter -DLIBURING_INTERNAL  -nostdlib -nodefaultlibs -ffreestanding -fno-builtin -fno-stack-protector -c -o version.ol version.c
gcc -D_GNU_SOURCE -Iinclude/ -include ../config-host.h -D_LARGEFILE_SOURCE -D_FILE_OFFSET_BITS=64 -nostdlib -nodefaultlibs -ffreestanding -fno-builtin -fno-stack-protector -MT "nolibc.ol" -MMD -MP -MF "nolibc.ol.d" -O2 -m64 -march=x86-64 -mtune=generic -flto=auto -ffat-lto-objects -Wno-unused-parameter -DLIBURING_INTERNAL  -nostdlib -nodefaultlibs -ffreestanding -fno-builtin -fno-stack-protector -c -o nolibc.ol nolibc.c
gcc -D_GNU_SOURCE -Iinclude/ -include ../config-host.h -D_LARGEFILE_SOURCE -D_FILE_OFFSET_BITS=64 -nostdlib -nodefaultlibs -ffreestanding -fno-builtin -fno-stack-protector -MT "ffi.ol" -MMD -MP -MF "ffi.ol.d" -O2 -m64 -march=x86-64 -mtune=generic -flto=auto -ffat-lto-objects -Wno-unused-parameter -DLIBURING_INTERNAL  -nostdlib -nodefaultlibs -ffreestanding -fno-builtin -fno-stack-protector -c -o ffi.ol ffi.c
gcc -D_GNU_SOURCE -Iinclude/ -include ../config-host.h -D_LARGEFILE_SOURCE -D_FILE_OFFSET_BITS=64 -nostdlib -nodefaultlibs -ffreestanding -fno-builtin -fno-stack-protector -MT "setup.os" -MMD -MP -MF "setup.os.d" -fPIC -O2 -m64 -march=x86-64 -mtune=generic -flto=auto -ffat-lto-objects -Wno-unused-parameter -DLIBURING_INTERNAL  -nostdlib -nodefaultlibs -ffreestanding -fno-builtin -fno-stack-protector -c -o setup.os setup.c
gcc -D_GNU_SOURCE -Iinclude/ -include ../config-host.h -D_LARGEFILE_SOURCE -D_FILE_OFFSET_BITS=64 -nostdlib -nodefaultlibs -ffreestanding -fno-builtin -fno-stack-protector -MT "queue.os" -MMD -MP -MF "queue.os.d" -fPIC -O2 -m64 -march=x86-64 -mtune=generic -flto=auto -ffat-lto-objects -Wno-unused-parameter -DLIBURING_INTERNAL  -nostdlib -nodefaultlibs -ffreestanding -fno-builtin -fno-stack-protector -c -o queue.os queue.c
gcc -D_GNU_SOURCE -Iinclude/ -include ../config-host.h -D_LARGEFILE_SOURCE -D_FILE_OFFSET_BITS=64 -nostdlib -nodefaultlibs -ffreestanding -fno-builtin -fno-stack-protector -MT "register.os" -MMD -MP -MF "register.os.d" -fPIC -O2 -m64 -march=x86-64 -mtune=generic -flto=auto -ffat-lto-objects -Wno-unused-parameter -DLIBURING_INTERNAL  -nostdlib -nodefaultlibs -ffreestanding -fno-builtin -fno-stack-protector -c -o register.os register.c
gcc -D_GNU_SOURCE -Iinclude/ -include ../config-host.h -D_LARGEFILE_SOURCE -D_FILE_OFFSET_BITS=64 -nostdlib -nodefaultlibs -ffreestanding -fno-builtin -fno-stack-protector -MT "syscall.os" -MMD -MP -MF "syscall.os.d" -fPIC -O2 -m64 -march=x86-64 -mtune=generic -flto=auto -ffat-lto-objects -Wno-unused-parameter -DLIBURING_INTERNAL  -nostdlib -nodefaultlibs -ffreestanding -fno-builtin -fno-stack-protector -c -o syscall.os syscall.c
gcc -D_GNU_SOURCE -Iinclude/ -include ../config-host.h -D_LARGEFILE_SOURCE -D_FILE_OFFSET_BITS=64 -nostdlib -nodefaultlibs -ffreestanding -fno-builtin -fno-stack-protector -MT "version.os" -MMD -MP -MF "version.os.d" -fPIC -O2 -m64 -march=x86-64 -mtune=generic -flto=auto -ffat-lto-objects -Wno-unused-parameter -DLIBURING_INTERNAL  -nostdlib -nodefaultlibs -ffreestanding -fno-builtin -fno-stack-protector -c -o version.os version.c
gcc -D_GNU_SOURCE -Iinclude/ -include ../config-host.h -D_LARGEFILE_SOURCE -D_FILE_OFFSET_BITS=64 -nostdlib -nodefaultlibs -ffreestanding -fno-builtin -fno-stack-protector -MT "nolibc.os" -MMD -MP -MF "nolibc.os.d" -fPIC -O2 -m64 -march=x86-64 -mtune=generic -flto=auto -ffat-lto-objects -Wno-unused-parameter -DLIBURING_INTERNAL  -nostdlib -nodefaultlibs -ffreestanding -fno-builtin -fno-stack-protector -c -o nolibc.os nolibc.c
gcc -D_GNU_SOURCE -Iinclude/ -include ../config-host.h -D_LARGEFILE_SOURCE -D_FILE_OFFSET_BITS=64 -nostdlib -nodefaultlibs -ffreestanding -fno-builtin -fno-stack-protector -MT "ffi.os" -MMD -MP -MF "ffi.os.d" -fPIC -O2 -m64 -march=x86-64 -mtune=generic -flto=auto -ffat-lto-objects -Wno-unused-parameter -DLIBURING_INTERNAL  -nostdlib -nodefaultlibs -ffreestanding -fno-builtin -fno-stack-protector -c -o ffi.os ffi.c
ar r liburing.a setup.ol queue.ol register.ol syscall.ol version.ol nolibc.ol
ar: creating liburing.a
ranlib liburing.a
gcc -fPIC -O2 -m64 -march=x86-64 -mtune=generic -flto=auto -ffat-lto-objects -Wno-unused-parameter -DLIBURING_INTERNAL  -nostdlib -nodefaultlibs -ffreestanding -fno-builtin -fno-stack-protector -shared -Wl,--version-script=liburing.map -Wl,-soname=liburing.so.2 -o liburing.so.2.5 setup.os queue.os register.os syscall.os version.os nolibc.os -Wl,-z,defs  -nostdlib -nodefaultlibs -lgcc
ar r liburing-ffi.a setup.ol queue.ol register.ol syscall.ol version.ol nolibc.ol ffi.ol
ar: creating liburing-ffi.a
ranlib liburing-ffi.a
gcc -fPIC -O2 -m64 -march=x86-64 -mtune=generic -flto=auto -ffat-lto-objects -Wno-unused-parameter -DLIBURING_INTERNAL  -nostdlib -nodefaultlibs -ffreestanding -fno-builtin -fno-stack-protector -shared -Wl,--version-script=liburing-ffi.map -Wl,-soname=liburing-ffi.so.2 -o liburing-ffi.so.2.5 setup.os queue.os register.os syscall.os version.os nolibc.os ffi.os -Wl,-z,defs  -nostdlib -nodefaultlibs -lgcc
make[1]: Leaving directory '/home/devel/building/work/src/liburing-2.5/src'
make[1]: Entering directory '/home/devel/building/work/src/liburing-2.5/test'
gcc -D_GNU_SOURCE -D__SANE_USERSPACE_TYPES__ -I../src/include/ -include ../config-host.h -D_LARGEFILE_SOURCE -D_FILE_OFFSET_BITS=64 -O2 -m64 -march=x86-64 -mtune=generic -flto=auto -ffat-lto-objects -Wno-unused-parameter -Wno-sign-compare -Wstringop-overflow=0 -Warray-bounds=0 -DLIBURING_BUILD_TEST -o helpers.o -c helpers.c
gcc -D_GNU_SOURCE -D__SANE_USERSPACE_TYPES__ -I../src/include/ -include ../config-host.h -D_LARGEFILE_SOURCE -D_FILE_OFFSET_BITS=64 -O2 -m64 -march=x86-64 -mtune=generic -flto=auto -ffat-lto-objects -Wno-unused-parameter -Wno-sign-compare -Wstringop-overflow=0 -Warray-bounds=0 -DLIBURING_BUILD_TEST -o 232c93d07b74.t 232c93d07b74.c helpers.o -L../src/ -luring -lpthread
gcc -D_GNU_SOURCE -D__SANE_USERSPACE_TYPES__ -I../src/include/ -include ../config-host.h -D_LARGEFILE_SOURCE -D_FILE_OFFSET_BITS=64 -O2 -m64 -march=x86-64 -mtune=generic -flto=auto -ffat-lto-objects -Wno-unused-parameter -Wno-sign-compare -Wstringop-overflow=0 -Warray-bounds=0 -DLIBURING_BUILD_TEST -o 35fa71a030ca.t 35fa71a030ca.c helpers.o -L../src/ -luring -lpthread
gcc -D_GNU_SOURCE -D__SANE_USERSPACE_TYPES__ -I../src/include/ -include ../config-host.h -D_LARGEFILE_SOURCE -D_FILE_OFFSET_BITS=64 -O2 -m64 -march=x86-64 -mtune=generic -flto=auto -ffat-lto-objects -Wno-unused-parameter -Wno-sign-compare -Wstringop-overflow=0 -Warray-bounds=0 -DLIBURING_BUILD_TEST -o 500f9fbadef8.t 500f9fbadef8.c helpers.o -L../src/ -luring -lpthread
gcc -D_GNU_SOURCE -D__SANE_USERSPACE_TYPES__ -I../src/include/ -include ../config-host.h -D_LARGEFILE_SOURCE -D_FILE_OFFSET_BITS=64 -O2 -m64 -march=x86-64 -mtune=generic -flto=auto -ffat-lto-objects -Wno-unused-parameter -Wno-sign-compare -Wstringop-overflow=0 -Warray-bounds=0 -DLIBURING_BUILD_TEST -o 7ad0e4b2f83c.t 7ad0e4b2f83c.c helpers.o -L../src/ -luring -lpthread
gcc -D_GNU_SOURCE -D__SANE_USERSPACE_TYPES__ -I../src/include/ -include ../config-host.h -D_LARGEFILE_SOURCE -D_FILE_OFFSET_BITS=64 -O2 -m64 -march=x86-64 -mtune=generic -flto=auto -ffat-lto-objects -Wno-unused-parameter -Wno-sign-compare -Wstringop-overflow=0 -Warray-bounds=0 -DLIBURING_BUILD_TEST -o 8a9973408177.t 8a9973408177.c helpers.o -L../src/ -luring -lpthread
gcc -D_GNU_SOURCE -D__SANE_USERSPACE_TYPES__ -I../src/include/ -include ../config-host.h -D_LARGEFILE_SOURCE -D_FILE_OFFSET_BITS=64 -O2 -m64 -march=x86-64 -mtune=generic -flto=auto -ffat-lto-objects -Wno-unused-parameter -Wno-sign-compare -Wstringop-overflow=0 -Warray-bounds=0 -DLIBURING_BUILD_TEST -o 917257daa0fe.t 917257daa0fe.c helpers.o -L../src/ -luring -lpthread
gcc -D_GNU_SOURCE -D__SANE_USERSPACE_TYPES__ -I../src/include/ -include ../config-host.h -D_LARGEFILE_SOURCE -D_FILE_OFFSET_BITS=64 -O2 -m64 -march=x86-64 -mtune=generic -flto=auto -ffat-lto-objects -Wno-unused-parameter -Wno-sign-compare -Wstringop-overflow=0 -Warray-bounds=0 -DLIBURING_BUILD_TEST -o a0908ae19763.t a0908ae19763.c helpers.o -L../src/ -luring -lpthread
gcc -D_GNU_SOURCE -D__SANE_USERSPACE_TYPES__ -I../src/include/ -include ../config-host.h -D_LARGEFILE_SOURCE -D_FILE_OFFSET_BITS=64 -O2 -m64 -march=x86-64 -mtune=generic -flto=auto -ffat-lto-objects -Wno-unused-parameter -Wno-sign-compare -Wstringop-overflow=0 -Warray-bounds=0 -DLIBURING_BUILD_TEST -o a4c0b3decb33.t a4c0b3decb33.c helpers.o -L../src/ -luring -lpthread
gcc -D_GNU_SOURCE -D__SANE_USERSPACE_TYPES__ -I../src/include/ -include ../config-host.h -D_LARGEFILE_SOURCE -D_FILE_OFFSET_BITS=64 -O2 -m64 -march=x86-64 -mtune=generic -flto=auto -ffat-lto-objects -Wno-unused-parameter -Wno-sign-compare -Wstringop-overflow=0 -Warray-bounds=0 -DLIBURING_BUILD_TEST -o accept.t accept.c helpers.o -L../src/ -luring -lpthread
gcc -D_GNU_SOURCE -D__SANE_USERSPACE_TYPES__ -I../src/include/ -include ../config-host.h -D_LARGEFILE_SOURCE -D_FILE_OFFSET_BITS=64 -O2 -m64 -march=x86-64 -mtune=generic -flto=auto -ffat-lto-objects -Wno-unused-parameter -Wno-sign-compare -Wstringop-overflow=0 -Warray-bounds=0 -DLIBURING_BUILD_TEST -o accept-link.t accept-link.c helpers.o -L../src/ -luring -lpthread
gcc -D_GNU_SOURCE -D__SANE_USERSPACE_TYPES__ -I../src/include/ -include ../config-host.h -D_LARGEFILE_SOURCE -D_FILE_OFFSET_BITS=64 -O2 -m64 -march=x86-64 -mtune=generic -flto=auto -ffat-lto-objects -Wno-unused-parameter -Wno-sign-compare -Wstringop-overflow=0 -Warray-bounds=0 -DLIBURING_BUILD_TEST -o accept-reuse.t accept-reuse.c helpers.o -L../src/ -luring -lpthread
gcc -D_GNU_SOURCE -D__SANE_USERSPACE_TYPES__ -I../src/include/ -include ../config-host.h -D_LARGEFILE_SOURCE -D_FILE_OFFSET_BITS=64 -O2 -m64 -march=x86-64 -mtune=generic -flto=auto -ffat-lto-objects -Wno-unused-parameter -Wno-sign-compare -Wstringop-overflow=0 -Warray-bounds=0 -DLIBURING_BUILD_TEST -o accept-test.t accept-test.c helpers.o -L../src/ -luring -lpthread
gcc -D_GNU_SOURCE -D__SANE_USERSPACE_TYPES__ -I../src/include/ -include ../config-host.h -D_LARGEFILE_SOURCE -D_FILE_OFFSET_BITS=64 -O2 -m64 -march=x86-64 -mtune=generic -flto=auto -ffat-lto-objects -Wno-unused-parameter -Wno-sign-compare -Wstringop-overflow=0 -Warray-bounds=0 -DLIBURING_BUILD_TEST -o across-fork.t across-fork.c helpers.o -L../src/ -luring -lpthread
gcc -D_GNU_SOURCE -D__SANE_USERSPACE_TYPES__ -I../src/include/ -include ../config-host.h -D_LARGEFILE_SOURCE -D_FILE_OFFSET_BITS=64 -O2 -m64 -march=x86-64 -mtune=generic -flto=auto -ffat-lto-objects -Wno-unused-parameter -Wno-sign-compare -Wstringop-overflow=0 -Warray-bounds=0 -DLIBURING_BUILD_TEST -o b19062a56726.t b19062a56726.c helpers.o -L../src/ -luring -lpthread
gcc -D_GNU_SOURCE -D__SANE_USERSPACE_TYPES__ -I../src/include/ -include ../config-host.h -D_LARGEFILE_SOURCE -D_FILE_OFFSET_BITS=64 -O2 -m64 -march=x86-64 -mtune=generic -flto=auto -ffat-lto-objects -Wno-unused-parameter -Wno-sign-compare -Wstringop-overflow=0 -Warray-bounds=0 -DLIBURING_BUILD_TEST -o b5837bd5311d.t b5837bd5311d.c helpers.o -L../src/ -luring -lpthread
gcc -D_GNU_SOURCE -D__SANE_USERSPACE_TYPES__ -I../src/include/ -include ../config-host.h -D_LARGEFILE_SOURCE -D_FILE_OFFSET_BITS=64 -O2 -m64 -march=x86-64 -mtune=generic -flto=auto -ffat-lto-objects -Wno-unused-parameter -Wno-sign-compare -Wstringop-overflow=0 -Warray-bounds=0 -DLIBURING_BUILD_TEST -o buf-ring.t buf-ring.c helpers.o -L../src/ -luring -lpthread
gcc -D_GNU_SOURCE -D__SANE_USERSPACE_TYPES__ -I../src/include/ -include ../config-host.h -D_LARGEFILE_SOURCE -D_FILE_OFFSET_BITS=64 -O2 -m64 -march=x86-64 -mtune=generic -flto=auto -ffat-lto-objects -Wno-unused-parameter -Wno-sign-compare -Wstringop-overflow=0 -Warray-bounds=0 -DLIBURING_BUILD_TEST -o ce593a6c480a.t ce593a6c480a.c helpers.o -L../src/ -luring -lpthread
gcc -D_GNU_SOURCE -D__SANE_USERSPACE_TYPES__ -I../src/include/ -include ../config-host.h -D_LARGEFILE_SOURCE -D_FILE_OFFSET_BITS=64 -O2 -m64 -march=x86-64 -mtune=generic -flto=auto -ffat-lto-objects -Wno-unused-parameter -Wno-sign-compare -Wstringop-overflow=0 -Warray-bounds=0 -DLIBURING_BUILD_TEST -o close-opath.t close-opath.c helpers.o -L../src/ -luring -lpthread
gcc -D_GNU_SOURCE -D__SANE_USERSPACE_TYPES__ -I../src/include/ -include ../config-host.h -D_LARGEFILE_SOURCE -D_FILE_OFFSET_BITS=64 -O2 -m64 -march=x86-64 -mtune=generic -flto=auto -ffat-lto-objects -Wno-unused-parameter -Wno-sign-compare -Wstringop-overflow=0 -Warray-bounds=0 -DLIBURING_BUILD_TEST -o connect.t connect.c helpers.o -L../src/ -luring -lpthread
gcc -D_GNU_SOURCE -D__SANE_USERSPACE_TYPES__ -I../src/include/ -include ../config-host.h -D_LARGEFILE_SOURCE -D_FILE_OFFSET_BITS=64 -O2 -m64 -march=x86-64 -mtune=generic -flto=auto -ffat-lto-objects -Wno-unused-parameter -Wno-sign-compare -Wstringop-overflow=0 -Warray-bounds=0 -DLIBURING_BUILD_TEST -o connect-rep.t connect-rep.c helpers.o -L../src/ -luring -lpthread
gcc -D_GNU_SOURCE -D__SANE_USERSPACE_TYPES__ -I../src/include/ -include ../config-host.h -D_LARGEFILE_SOURCE -D_FILE_OFFSET_BITS=64 -O2 -m64 -march=x86-64 -mtune=generic -flto=auto -ffat-lto-objects -Wno-unused-parameter -Wno-sign-compare -Wstringop-overflow=0 -Warray-bounds=0 -DLIBURING_BUILD_TEST -o coredump.t coredump.c helpers.o -L../src/ -luring -lpthread
gcc -D_GNU_SOURCE -D__SANE_USERSPACE_TYPES__ -I../src/include/ -include ../config-host.h -D_LARGEFILE_SOURCE -D_FILE_OFFSET_BITS=64 -O2 -m64 -march=x86-64 -mtune=generic -flto=auto -ffat-lto-objects -Wno-unused-parameter -Wno-sign-compare -Wstringop-overflow=0 -Warray-bounds=0 -DLIBURING_BUILD_TEST -o cq-full.t cq-full.c helpers.o -L../src/ -luring -lpthread
gcc -D_GNU_SOURCE -D__SANE_USERSPACE_TYPES__ -I../src/include/ -include ../config-host.h -D_LARGEFILE_SOURCE -D_FILE_OFFSET_BITS=64 -O2 -m64 -march=x86-64 -mtune=generic -flto=auto -ffat-lto-objects -Wno-unused-parameter -Wno-sign-compare -Wstringop-overflow=0 -Warray-bounds=0 -DLIBURING_BUILD_TEST -o cq-overflow.t cq-overflow.c helpers.o -L../src/ -luring -lpthread
gcc -D_GNU_SOURCE -D__SANE_USERSPACE_TYPES__ -I../src/include/ -include ../config-host.h -D_LARGEFILE_SOURCE -D_FILE_OFFSET_BITS=64 -O2 -m64 -march=x86-64 -mtune=generic -flto=auto -ffat-lto-objects -Wno-unused-parameter -Wno-sign-compare -Wstringop-overflow=0 -Warray-bounds=0 -DLIBURING_BUILD_TEST -o cq-peek-batch.t cq-peek-batch.c helpers.o -L../src/ -luring -lpthread
gcc -D_GNU_SOURCE -D__SANE_USERSPACE_TYPES__ -I../src/include/ -include ../config-host.h -D_LARGEFILE_SOURCE -D_FILE_OFFSET_BITS=64 -O2 -m64 -march=x86-64 -mtune=generic -flto=auto -ffat-lto-objects -Wno-unused-parameter -Wno-sign-compare -Wstringop-overflow=0 -Warray-bounds=0 -DLIBURING_BUILD_TEST -o cq-ready.t cq-ready.c helpers.o -L../src/ -luring -lpthread
gcc -D_GNU_SOURCE -D__SANE_USERSPACE_TYPES__ -I../src/include/ -include ../config-host.h -D_LARGEFILE_SOURCE -D_FILE_OFFSET_BITS=64 -O2 -m64 -march=x86-64 -mtune=generic -flto=auto -ffat-lto-objects -Wno-unused-parameter -Wno-sign-compare -Wstringop-overflow=0 -Warray-bounds=0 -DLIBURING_BUILD_TEST -o cq-size.t cq-size.c helpers.o -L../src/ -luring -lpthread
gcc -D_GNU_SOURCE -D__SANE_USERSPACE_TYPES__ -I../src/include/ -include ../config-host.h -D_LARGEFILE_SOURCE -D_FILE_OFFSET_BITS=64 -O2 -m64 -march=x86-64 -mtune=generic -flto=auto -ffat-lto-objects -Wno-unused-parameter -Wno-sign-compare -Wstringop-overflow=0 -Warray-bounds=0 -DLIBURING_BUILD_TEST -o d4ae271dfaae.t d4ae271dfaae.c helpers.o -L../src/ -luring -lpthread
gcc -D_GNU_SOURCE -D__SANE_USERSPACE_TYPES__ -I../src/include/ -include ../config-host.h -D_LARGEFILE_SOURCE -D_FILE_OFFSET_BITS=64 -O2 -m64 -march=x86-64 -mtune=generic -flto=auto -ffat-lto-objects -Wno-unused-parameter -Wno-sign-compare -Wstringop-overflow=0 -Warray-bounds=0 -DLIBURING_BUILD_TEST -o d77a67ed5f27.t d77a67ed5f27.c helpers.o -L../src/ -luring -lpthread
gcc -D_GNU_SOURCE -D__SANE_USERSPACE_TYPES__ -I../src/include/ -include ../config-host.h -D_LARGEFILE_SOURCE -D_FILE_OFFSET_BITS=64 -O2 -m64 -march=x86-64 -mtune=generic -flto=auto -ffat-lto-objects -Wno-unused-parameter -Wno-sign-compare -Wstringop-overflow=0 -Warray-bounds=0 -DLIBURING_BUILD_TEST -o defer.t defer.c helpers.o -L../src/ -luring -lpthread
gcc -D_GNU_SOURCE -D__SANE_USERSPACE_TYPES__ -I../src/include/ -include ../config-host.h -D_LARGEFILE_SOURCE -D_FILE_OFFSET_BITS=64 -O2 -m64 -march=x86-64 -mtune=generic -flto=auto -ffat-lto-objects -Wno-unused-parameter -Wno-sign-compare -Wstringop-overflow=0 -Warray-bounds=0 -DLIBURING_BUILD_TEST -o defer-taskrun.t defer-taskrun.c helpers.o -L../src/ -luring -lpthread
gcc -D_GNU_SOURCE -D__SANE_USERSPACE_TYPES__ -I../src/include/ -include ../config-host.h -D_LARGEFILE_SOURCE -D_FILE_OFFSET_BITS=64 -O2 -m64 -march=x86-64 -mtune=generic -flto=auto -ffat-lto-objects -Wno-unused-parameter -Wno-sign-compare -Wstringop-overflow=0 -Warray-bounds=0 -DLIBURING_BUILD_TEST -o double-poll-crash.t double-poll-crash.c helpers.o -L../src/ -luring -lpthread
gcc -D_GNU_SOURCE -D__SANE_USERSPACE_TYPES__ -I../src/include/ -include ../config-host.h -D_LARGEFILE_SOURCE -D_FILE_OFFSET_BITS=64 -O2 -m64 -march=x86-64 -mtune=generic -flto=auto -ffat-lto-objects -Wno-unused-parameter -Wno-sign-compare -Wstringop-overflow=0 -Warray-bounds=0 -DLIBURING_BUILD_TEST -o drop-submit.t drop-submit.c helpers.o -L../src/ -luring -lpthread
gcc -D_GNU_SOURCE -D__SANE_USERSPACE_TYPES__ -I../src/include/ -include ../config-host.h -D_LARGEFILE_SOURCE -D_FILE_OFFSET_BITS=64 -O2 -m64 -march=x86-64 -mtune=generic -flto=auto -ffat-lto-objects -Wno-unused-parameter -Wno-sign-compare -Wstringop-overflow=0 -Warray-bounds=0 -DLIBURING_BUILD_TEST -o eeed8b54e0df.t eeed8b54e0df.c helpers.o -L../src/ -luring -lpthread
gcc -D_GNU_SOURCE -D__SANE_USERSPACE_TYPES__ -I../src/include/ -include ../config-host.h -D_LARGEFILE_SOURCE -D_FILE_OFFSET_BITS=64 -O2 -m64 -march=x86-64 -mtune=generic -flto=auto -ffat-lto-objects -Wno-unused-parameter -Wno-sign-compare -Wstringop-overflow=0 -Warray-bounds=0 -DLIBURING_BUILD_TEST -o empty-eownerdead.t empty-eownerdead.c helpers.o -L../src/ -luring -lpthread
gcc -D_GNU_SOURCE -D__SANE_USERSPACE_TYPES__ -I../src/include/ -include ../config-host.h -D_LARGEFILE_SOURCE -D_FILE_OFFSET_BITS=64 -O2 -m64 -march=x86-64 -mtune=generic -flto=auto -ffat-lto-objects -Wno-unused-parameter -Wno-sign-compare -Wstringop-overflow=0 -Warray-bounds=0 -DLIBURING_BUILD_TEST -o eploop.t eploop.c helpers.o -L../src/ -luring -lpthread
gcc -D_GNU_SOURCE -D__SANE_USERSPACE_TYPES__ -I../src/include/ -include ../config-host.h -D_LARGEFILE_SOURCE -D_FILE_OFFSET_BITS=64 -O2 -m64 -march=x86-64 -mtune=generic -flto=auto -ffat-lto-objects -Wno-unused-parameter -Wno-sign-compare -Wstringop-overflow=0 -Warray-bounds=0 -DLIBURING_BUILD_TEST -o eventfd.t eventfd.c helpers.o -L../src/ -luring -lpthread
gcc -D_GNU_SOURCE -D__SANE_USERSPACE_TYPES__ -I../src/include/ -include ../config-host.h -D_LARGEFILE_SOURCE -D_FILE_OFFSET_BITS=64 -O2 -m64 -march=x86-64 -mtune=generic -flto=auto -ffat-lto-objects -Wno-unused-parameter -Wno-sign-compare -Wstringop-overflow=0 -Warray-bounds=0 -DLIBURING_BUILD_TEST -o eventfd-disable.t eventfd-disable.c helpers.o -L../src/ -luring -lpthread
gcc -D_GNU_SOURCE -D__SANE_USERSPACE_TYPES__ -I../src/include/ -include ../config-host.h -D_LARGEFILE_SOURCE -D_FILE_OFFSET_BITS=64 -O2 -m64 -march=x86-64 -mtune=generic -flto=auto -ffat-lto-objects -Wno-unused-parameter -Wno-sign-compare -Wstringop-overflow=0 -Warray-bounds=0 -DLIBURING_BUILD_TEST -o eventfd-reg.t eventfd-reg.c helpers.o -L../src/ -luring -lpthread
gcc -D_GNU_SOURCE -D__SANE_USERSPACE_TYPES__ -I../src/include/ -include ../config-host.h -D_LARGEFILE_SOURCE -D_FILE_OFFSET_BITS=64 -O2 -m64 -march=x86-64 -mtune=generic -flto=auto -ffat-lto-objects -Wno-unused-parameter -Wno-sign-compare -Wstringop-overflow=0 -Warray-bounds=0 -DLIBURING_BUILD_TEST -o eventfd-ring.t eventfd-ring.c helpers.o -L../src/ -luring -lpthread
gcc -D_GNU_SOURCE -D__SANE_USERSPACE_TYPES__ -I../src/include/ -include ../config-host.h -D_LARGEFILE_SOURCE -D_FILE_OFFSET_BITS=64 -O2 -m64 -march=x86-64 -mtune=generic -flto=auto -ffat-lto-objects -Wno-unused-parameter -Wno-sign-compare -Wstringop-overflow=0 -Warray-bounds=0 -DLIBURING_BUILD_TEST -o evloop.t evloop.c helpers.o -L../src/ -luring -lpthread
gcc -D_GNU_SOURCE -D__SANE_USERSPACE_TYPES__ -I../src/include/ -include ../config-host.h -D_LARGEFILE_SOURCE -D_FILE_OFFSET_BITS=64 -O2 -m64 -march=x86-64 -mtune=generic -flto=auto -ffat-lto-objects -Wno-unused-parameter -Wno-sign-compare -Wstringop-overflow=0 -Warray-bounds=0 -DLIBURING_BUILD_TEST -o exec-target.t exec-target.c helpers.o -L../src/ -luring -lpthread
gcc -D_GNU_SOURCE -D__SANE_USERSPACE_TYPES__ -I../src/include/ -include ../config-host.h -D_LARGEFILE_SOURCE -D_FILE_OFFSET_BITS=64 -O2 -m64 -march=x86-64 -mtune=generic -flto=auto -ffat-lto-objects -Wno-unused-parameter -Wno-sign-compare -Wstringop-overflow=0 -Warray-bounds=0 -DLIBURING_BUILD_TEST -o exit-no-cleanup.t exit-no-cleanup.c helpers.o -L../src/ -luring -lpthread
gcc -D_GNU_SOURCE -D__SANE_USERSPACE_TYPES__ -I../src/include/ -include ../config-host.h -D_LARGEFILE_SOURCE -D_FILE_OFFSET_BITS=64 -O2 -m64 -march=x86-64 -mtune=generic -flto=auto -ffat-lto-objects -Wno-unused-parameter -Wno-sign-compare -Wstringop-overflow=0 -Warray-bounds=0 -DLIBURING_BUILD_TEST -o fadvise.t fadvise.c helpers.o -L../src/ -luring -lpthread
gcc -D_GNU_SOURCE -D__SANE_USERSPACE_TYPES__ -I../src/include/ -include ../config-host.h -D_LARGEFILE_SOURCE -D_FILE_OFFSET_BITS=64 -O2 -m64 -march=x86-64 -mtune=generic -flto=auto -ffat-lto-objects -Wno-unused-parameter -Wno-sign-compare -Wstringop-overflow=0 -Warray-bounds=0 -DLIBURING_BUILD_TEST -o fallocate.t fallocate.c helpers.o -L../src/ -luring -lpthread
gcc -D_GNU_SOURCE -D__SANE_USERSPACE_TYPES__ -I../src/include/ -include ../config-host.h -D_LARGEFILE_SOURCE -D_FILE_OFFSET_BITS=64 -O2 -m64 -march=x86-64 -mtune=generic -flto=auto -ffat-lto-objects -Wno-unused-parameter -Wno-sign-compare -Wstringop-overflow=0 -Warray-bounds=0 -DLIBURING_BUILD_TEST -o fc2a85cb02ef.t fc2a85cb02ef.c helpers.o -L../src/ -luring -lpthread
gcc -D_GNU_SOURCE -D__SANE_USERSPACE_TYPES__ -I../src/include/ -include ../config-host.h -D_LARGEFILE_SOURCE -D_FILE_OFFSET_BITS=64 -O2 -m64 -march=x86-64 -mtune=generic -flto=auto -ffat-lto-objects -Wno-unused-parameter -Wno-sign-compare -Wstringop-overflow=0 -Warray-bounds=0 -DLIBURING_BUILD_TEST -o fd-pass.t fd-pass.c helpers.o -L../src/ -luring -lpthread
gcc -D_GNU_SOURCE -D__SANE_USERSPACE_TYPES__ -I../src/include/ -include ../config-host.h -D_LARGEFILE_SOURCE -D_FILE_OFFSET_BITS=64 -O2 -m64 -march=x86-64 -mtune=generic -flto=auto -ffat-lto-objects -Wno-unused-parameter -Wno-sign-compare -Wstringop-overflow=0 -Warray-bounds=0 -DLIBURING_BUILD_TEST -o file-register.t file-register.c helpers.o -L../src/ -luring -lpthread
gcc -D_GNU_SOURCE -D__SANE_USERSPACE_TYPES__ -I../src/include/ -include ../config-host.h -D_LARGEFILE_SOURCE -D_FILE_OFFSET_BITS=64 -O2 -m64 -march=x86-64 -mtune=generic -flto=auto -ffat-lto-objects -Wno-unused-parameter -Wno-sign-compare -Wstringop-overflow=0 -Warray-bounds=0 -DLIBURING_BUILD_TEST -o files-exit-hang-poll.t files-exit-hang-poll.c helpers.o -L../src/ -luring -lpthread
gcc -D_GNU_SOURCE -D__SANE_USERSPACE_TYPES__ -I../src/include/ -include ../config-host.h -D_LARGEFILE_SOURCE -D_FILE_OFFSET_BITS=64 -O2 -m64 -march=x86-64 -mtune=generic -flto=auto -ffat-lto-objects -Wno-unused-parameter -Wno-sign-compare -Wstringop-overflow=0 -Warray-bounds=0 -DLIBURING_BUILD_TEST -o files-exit-hang-timeout.t files-exit-hang-timeout.c helpers.o -L../src/ -luring -lpthread
gcc -D_GNU_SOURCE -D__SANE_USERSPACE_TYPES__ -I../src/include/ -include ../config-host.h -D_LARGEFILE_SOURCE -D_FILE_OFFSET_BITS=64 -O2 -m64 -march=x86-64 -mtune=generic -flto=auto -ffat-lto-objects -Wno-unused-parameter -Wno-sign-compare -Wstringop-overflow=0 -Warray-bounds=0 -DLIBURING_BUILD_TEST -o file-update.t file-update.c helpers.o -L../src/ -luring -lpthread
gcc -D_GNU_SOURCE -D__SANE_USERSPACE_TYPES__ -I../src/include/ -include ../config-host.h -D_LARGEFILE_SOURCE -D_FILE_OFFSET_BITS=64 -O2 -m64 -march=x86-64 -mtune=generic -flto=auto -ffat-lto-objects -Wno-unused-parameter -Wno-sign-compare -Wstringop-overflow=0 -Warray-bounds=0 -DLIBURING_BUILD_TEST -o file-verify.t file-verify.c helpers.o -L../src/ -luring -lpthread
gcc -D_GNU_SOURCE -D__SANE_USERSPACE_TYPES__ -I../src/include/ -include ../config-host.h -D_LARGEFILE_SOURCE -D_FILE_OFFSET_BITS=64 -O2 -m64 -march=x86-64 -mtune=generic -flto=auto -ffat-lto-objects -Wno-unused-parameter -Wno-sign-compare -Wstringop-overflow=0 -Warray-bounds=0 -DLIBURING_BUILD_TEST -o fixed-buf-iter.t fixed-buf-iter.c helpers.o -L../src/ -luring -lpthread
gcc -D_GNU_SOURCE -D__SANE_USERSPACE_TYPES__ -I../src/include/ -include ../config-host.h -D_LARGEFILE_SOURCE -D_FILE_OFFSET_BITS=64 -O2 -m64 -march=x86-64 -mtune=generic -flto=auto -ffat-lto-objects -Wno-unused-parameter -Wno-sign-compare -Wstringop-overflow=0 -Warray-bounds=0 -DLIBURING_BUILD_TEST -o fixed-link.t fixed-link.c helpers.o -L../src/ -luring -lpthread
gcc -D_GNU_SOURCE -D__SANE_USERSPACE_TYPES__ -I../src/include/ -include ../config-host.h -D_LARGEFILE_SOURCE -D_FILE_OFFSET_BITS=64 -O2 -m64 -march=x86-64 -mtune=generic -flto=auto -ffat-lto-objects -Wno-unused-parameter -Wno-sign-compare -Wstringop-overflow=0 -Warray-bounds=0 -DLIBURING_BUILD_TEST -o fixed-reuse.t fixed-reuse.c helpers.o -L../src/ -luring -lpthread
gcc -D_GNU_SOURCE -D__SANE_USERSPACE_TYPES__ -I../src/include/ -include ../config-host.h -D_LARGEFILE_SOURCE -D_FILE_OFFSET_BITS=64 -O2 -m64 -march=x86-64 -mtune=generic -flto=auto -ffat-lto-objects -Wno-unused-parameter -Wno-sign-compare -Wstringop-overflow=0 -Warray-bounds=0 -DLIBURING_BUILD_TEST -o fpos.t fpos.c helpers.o -L../src/ -luring -lpthread
gcc -D_GNU_SOURCE -D__SANE_USERSPACE_TYPES__ -I../src/include/ -include ../config-host.h -D_LARGEFILE_SOURCE -D_FILE_OFFSET_BITS=64 -O2 -m64 -march=x86-64 -mtune=generic -flto=auto -ffat-lto-objects -Wno-unused-parameter -Wno-sign-compare -Wstringop-overflow=0 -Warray-bounds=0 -DLIBURING_BUILD_TEST -o fsnotify.t fsnotify.c helpers.o -L../src/ -luring -lpthread
gcc -D_GNU_SOURCE -D__SANE_USERSPACE_TYPES__ -I../src/include/ -include ../config-host.h -D_LARGEFILE_SOURCE -D_FILE_OFFSET_BITS=64 -O2 -m64 -march=x86-64 -mtune=generic -flto=auto -ffat-lto-objects -Wno-unused-parameter -Wno-sign-compare -Wstringop-overflow=0 -Warray-bounds=0 -DLIBURING_BUILD_TEST -o fsync.t fsync.c helpers.o -L../src/ -luring -lpthread
gcc -D_GNU_SOURCE -D__SANE_USERSPACE_TYPES__ -I../src/include/ -include ../config-host.h -D_LARGEFILE_SOURCE -D_FILE_OFFSET_BITS=64 -O2 -m64 -march=x86-64 -mtune=generic -flto=auto -ffat-lto-objects -Wno-unused-parameter -Wno-sign-compare -Wstringop-overflow=0 -Warray-bounds=0 -DLIBURING_BUILD_TEST -o hardlink.t hardlink.c helpers.o -L../src/ -luring -lpthread
gcc -D_GNU_SOURCE -D__SANE_USERSPACE_TYPES__ -I../src/include/ -include ../config-host.h -D_LARGEFILE_SOURCE -D_FILE_OFFSET_BITS=64 -O2 -m64 -march=x86-64 -mtune=generic -flto=auto -ffat-lto-objects -Wno-unused-parameter -Wno-sign-compare -Wstringop-overflow=0 -Warray-bounds=0 -DLIBURING_BUILD_TEST -o io-cancel.t io-cancel.c helpers.o -L../src/ -luring -lpthread
gcc -D_GNU_SOURCE -D__SANE_USERSPACE_TYPES__ -I../src/include/ -include ../config-host.h -D_LARGEFILE_SOURCE -D_FILE_OFFSET_BITS=64 -O2 -m64 -march=x86-64 -mtune=generic -flto=auto -ffat-lto-objects -Wno-unused-parameter -Wno-sign-compare -Wstringop-overflow=0 -Warray-bounds=0 -DLIBURING_BUILD_TEST -o iopoll.t iopoll.c helpers.o -L../src/ -luring -lpthread
gcc -D_GNU_SOURCE -D__SANE_USERSPACE_TYPES__ -I../src/include/ -include ../config-host.h -D_LARGEFILE_SOURCE -D_FILE_OFFSET_BITS=64 -O2 -m64 -march=x86-64 -mtune=generic -flto=auto -ffat-lto-objects -Wno-unused-parameter -Wno-sign-compare -Wstringop-overflow=0 -Warray-bounds=0 -DLIBURING_BUILD_TEST -o iopoll-leak.t iopoll-leak.c helpers.o -L../src/ -luring -lpthread
gcc -D_GNU_SOURCE -D__SANE_USERSPACE_TYPES__ -I../src/include/ -include ../config-host.h -D_LARGEFILE_SOURCE -D_FILE_OFFSET_BITS=64 -O2 -m64 -march=x86-64 -mtune=generic -flto=auto -ffat-lto-objects -Wno-unused-parameter -Wno-sign-compare -Wstringop-overflow=0 -Warray-bounds=0 -DLIBURING_BUILD_TEST -o iopoll-overflow.t iopoll-overflow.c helpers.o -L../src/ -luring -lpthread
gcc -D_GNU_SOURCE -D__SANE_USERSPACE_TYPES__ -I../src/include/ -include ../config-host.h -D_LARGEFILE_SOURCE -D_FILE_OFFSET_BITS=64 -O2 -m64 -march=x86-64 -mtune=generic -flto=auto -ffat-lto-objects -Wno-unused-parameter -Wno-sign-compare -Wstringop-overflow=0 -Warray-bounds=0 -DLIBURING_BUILD_TEST -o io_uring_enter.t io_uring_enter.c helpers.o -L../src/ -luring -lpthread
gcc -D_GNU_SOURCE -D__SANE_USERSPACE_TYPES__ -I../src/include/ -include ../config-host.h -D_LARGEFILE_SOURCE -D_FILE_OFFSET_BITS=64 -O2 -m64 -march=x86-64 -mtune=generic -flto=auto -ffat-lto-objects -Wno-unused-parameter -Wno-sign-compare -Wstringop-overflow=0 -Warray-bounds=0 -DLIBURING_BUILD_TEST -o io_uring_passthrough.t io_uring_passthrough.c helpers.o -L../src/ -luring -lpthread
gcc -D_GNU_SOURCE -D__SANE_USERSPACE_TYPES__ -I../src/include/ -include ../config-host.h -D_LARGEFILE_SOURCE -D_FILE_OFFSET_BITS=64 -O2 -m64 -march=x86-64 -mtune=generic -flto=auto -ffat-lto-objects -Wno-unused-parameter -Wno-sign-compare -Wstringop-overflow=0 -Warray-bounds=0 -DLIBURING_BUILD_TEST -o io_uring_register.t io_uring_register.c helpers.o -L../src/ -luring -lpthread
gcc -D_GNU_SOURCE -D__SANE_USERSPACE_TYPES__ -I../src/include/ -include ../config-host.h -D_LARGEFILE_SOURCE -D_FILE_OFFSET_BITS=64 -O2 -m64 -march=x86-64 -mtune=generic -flto=auto -ffat-lto-objects -Wno-unused-parameter -Wno-sign-compare -Wstringop-overflow=0 -Warray-bounds=0 -DLIBURING_BUILD_TEST -o io_uring_setup.t io_uring_setup.c helpers.o -L../src/ -luring -lpthread
gcc -D_GNU_SOURCE -D__SANE_USERSPACE_TYPES__ -I../src/include/ -include ../config-host.h -D_LARGEFILE_SOURCE -D_FILE_OFFSET_BITS=64 -O2 -m64 -march=x86-64 -mtune=generic -flto=auto -ffat-lto-objects -Wno-unused-parameter -Wno-sign-compare -Wstringop-overflow=0 -Warray-bounds=0 -DLIBURING_BUILD_TEST -o lfs-openat.t lfs-openat.c helpers.o -L../src/ -luring -lpthread
gcc -D_GNU_SOURCE -D__SANE_USERSPACE_TYPES__ -I../src/include/ -include ../config-host.h -D_LARGEFILE_SOURCE -D_FILE_OFFSET_BITS=64 -O2 -m64 -march=x86-64 -mtune=generic -flto=auto -ffat-lto-objects -Wno-unused-parameter -Wno-sign-compare -Wstringop-overflow=0 -Warray-bounds=0 -DLIBURING_BUILD_TEST -o lfs-openat-write.t lfs-openat-write.c helpers.o -L../src/ -luring -lpthread
gcc -D_GNU_SOURCE -D__SANE_USERSPACE_TYPES__ -I../src/include/ -include ../config-host.h -D_LARGEFILE_SOURCE -D_FILE_OFFSET_BITS=64 -O2 -m64 -march=x86-64 -mtune=generic -flto=auto -ffat-lto-objects -Wno-unused-parameter -Wno-sign-compare -Wstringop-overflow=0 -Warray-bounds=0 -DLIBURING_BUILD_TEST -o link.t link.c helpers.o -L../src/ -luring -lpthread
gcc -D_GNU_SOURCE -D__SANE_USERSPACE_TYPES__ -I../src/include/ -include ../config-host.h -D_LARGEFILE_SOURCE -D_FILE_OFFSET_BITS=64 -O2 -m64 -march=x86-64 -mtune=generic -flto=auto -ffat-lto-objects -Wno-unused-parameter -Wno-sign-compare -Wstringop-overflow=0 -Warray-bounds=0 -DLIBURING_BUILD_TEST -o link_drain.t link_drain.c helpers.o -L../src/ -luring -lpthread
gcc -D_GNU_SOURCE -D__SANE_USERSPACE_TYPES__ -I../src/include/ -include ../config-host.h -D_LARGEFILE_SOURCE -D_FILE_OFFSET_BITS=64 -O2 -m64 -march=x86-64 -mtune=generic -flto=auto -ffat-lto-objects -Wno-unused-parameter -Wno-sign-compare -Wstringop-overflow=0 -Warray-bounds=0 -DLIBURING_BUILD_TEST -o link-timeout.t link-timeout.c helpers.o -L../src/ -luring -lpthread
gcc -D_GNU_SOURCE -D__SANE_USERSPACE_TYPES__ -I../src/include/ -include ../config-host.h -D_LARGEFILE_SOURCE -D_FILE_OFFSET_BITS=64 -O2 -m64 -march=x86-64 -mtune=generic -flto=auto -ffat-lto-objects -Wno-unused-parameter -Wno-sign-compare -Wstringop-overflow=0 -Warray-bounds=0 -DLIBURING_BUILD_TEST -o madvise.t madvise.c helpers.o -L../src/ -luring -lpthread
gcc -D_GNU_SOURCE -D__SANE_USERSPACE_TYPES__ -I../src/include/ -include ../config-host.h -D_LARGEFILE_SOURCE -D_FILE_OFFSET_BITS=64 -O2 -m64 -march=x86-64 -mtune=generic -flto=auto -ffat-lto-objects -Wno-unused-parameter -Wno-sign-compare -Wstringop-overflow=0 -Warray-bounds=0 -DLIBURING_BUILD_TEST -o mkdir.t mkdir.c helpers.o -L../src/ -luring -lpthread
gcc -D_GNU_SOURCE -D__SANE_USERSPACE_TYPES__ -I../src/include/ -include ../config-host.h -D_LARGEFILE_SOURCE -D_FILE_OFFSET_BITS=64 -O2 -m64 -march=x86-64 -mtune=generic -flto=auto -ffat-lto-objects -Wno-unused-parameter -Wno-sign-compare -Wstringop-overflow=0 -Warray-bounds=0 -DLIBURING_BUILD_TEST -o msg-ring.t msg-ring.c helpers.o -L../src/ -luring -lpthread
gcc -D_GNU_SOURCE -D__SANE_USERSPACE_TYPES__ -I../src/include/ -include ../config-host.h -D_LARGEFILE_SOURCE -D_FILE_OFFSET_BITS=64 -O2 -m64 -march=x86-64 -mtune=generic -flto=auto -ffat-lto-objects -Wno-unused-parameter -Wno-sign-compare -Wstringop-overflow=0 -Warray-bounds=0 -DLIBURING_BUILD_TEST -o msg-ring-flags.t msg-ring-flags.c helpers.o -L../src/ -luring -lpthread
gcc -D_GNU_SOURCE -D__SANE_USERSPACE_TYPES__ -I../src/include/ -include ../config-host.h -D_LARGEFILE_SOURCE -D_FILE_OFFSET_BITS=64 -O2 -m64 -march=x86-64 -mtune=generic -flto=auto -ffat-lto-objects -Wno-unused-parameter -Wno-sign-compare -Wstringop-overflow=0 -Warray-bounds=0 -DLIBURING_BUILD_TEST -o msg-ring-overflow.t msg-ring-overflow.c helpers.o -L../src/ -luring -lpthread
gcc -D_GNU_SOURCE -D__SANE_USERSPACE_TYPES__ -I../src/include/ -include ../config-host.h -D_LARGEFILE_SOURCE -D_FILE_OFFSET_BITS=64 -O2 -m64 -march=x86-64 -mtune=generic -flto=auto -ffat-lto-objects -Wno-unused-parameter -Wno-sign-compare -Wstringop-overflow=0 -Warray-bounds=0 -DLIBURING_BUILD_TEST -o multicqes_drain.t multicqes_drain.c helpers.o -L../src/ -luring -lpthread
gcc -D_GNU_SOURCE -D__SANE_USERSPACE_TYPES__ -I../src/include/ -include ../config-host.h -D_LARGEFILE_SOURCE -D_FILE_OFFSET_BITS=64 -O2 -m64 -march=x86-64 -mtune=generic -flto=auto -ffat-lto-objects -Wno-unused-parameter -Wno-sign-compare -Wstringop-overflow=0 -Warray-bounds=0 -DLIBURING_BUILD_TEST -o no-mmap-inval.t no-mmap-inval.c helpers.o -L../src/ -luring -lpthread
gcc -D_GNU_SOURCE -D__SANE_USERSPACE_TYPES__ -I../src/include/ -include ../config-host.h -D_LARGEFILE_SOURCE -D_FILE_OFFSET_BITS=64 -O2 -m64 -march=x86-64 -mtune=generic -flto=auto -ffat-lto-objects -Wno-unused-parameter -Wno-sign-compare -Wstringop-overflow=0 -Warray-bounds=0 -DLIBURING_BUILD_TEST -o nolibc.t nolibc.c helpers.o -L../src/ -luring -lpthread
gcc -D_GNU_SOURCE -D__SANE_USERSPACE_TYPES__ -I../src/include/ -include ../config-host.h -D_LARGEFILE_SOURCE -D_FILE_OFFSET_BITS=64 -O2 -m64 -march=x86-64 -mtune=generic -flto=auto -ffat-lto-objects -Wno-unused-parameter -Wno-sign-compare -Wstringop-overflow=0 -Warray-bounds=0 -DLIBURING_BUILD_TEST -o nop-all-sizes.t nop-all-sizes.c helpers.o -L../src/ -luring -lpthread
gcc -D_GNU_SOURCE -D__SANE_USERSPACE_TYPES__ -I../src/include/ -include ../config-host.h -D_LARGEFILE_SOURCE -D_FILE_OFFSET_BITS=64 -O2 -m64 -march=x86-64 -mtune=generic -flto=auto -ffat-lto-objects -Wno-unused-parameter -Wno-sign-compare -Wstringop-overflow=0 -Warray-bounds=0 -DLIBURING_BUILD_TEST -o nop.t nop.c helpers.o -L../src/ -luring -lpthread
gcc -D_GNU_SOURCE -D__SANE_USERSPACE_TYPES__ -I../src/include/ -include ../config-host.h -D_LARGEFILE_SOURCE -D_FILE_OFFSET_BITS=64 -O2 -m64 -march=x86-64 -mtune=generic -flto=auto -ffat-lto-objects -Wno-unused-parameter -Wno-sign-compare -Wstringop-overflow=0 -Warray-bounds=0 -DLIBURING_BUILD_TEST -o openat2.t openat2.c helpers.o -L../src/ -luring -lpthread
gcc -D_GNU_SOURCE -D__SANE_USERSPACE_TYPES__ -I../src/include/ -include ../config-host.h -D_LARGEFILE_SOURCE -D_FILE_OFFSET_BITS=64 -O2 -m64 -march=x86-64 -mtune=generic -flto=auto -ffat-lto-objects -Wno-unused-parameter -Wno-sign-compare -Wstringop-overflow=0 -Warray-bounds=0 -DLIBURING_BUILD_TEST -o open-close.t open-close.c helpers.o -L../src/ -luring -lpthread
gcc -D_GNU_SOURCE -D__SANE_USERSPACE_TYPES__ -I../src/include/ -include ../config-host.h -D_LARGEFILE_SOURCE -D_FILE_OFFSET_BITS=64 -O2 -m64 -march=x86-64 -mtune=generic -flto=auto -ffat-lto-objects -Wno-unused-parameter -Wno-sign-compare -Wstringop-overflow=0 -Warray-bounds=0 -DLIBURING_BUILD_TEST -o open-direct-link.t open-direct-link.c helpers.o -L../src/ -luring -lpthread
gcc -D_GNU_SOURCE -D__SANE_USERSPACE_TYPES__ -I../src/include/ -include ../config-host.h -D_LARGEFILE_SOURCE -D_FILE_OFFSET_BITS=64 -O2 -m64 -march=x86-64 -mtune=generic -flto=auto -ffat-lto-objects -Wno-unused-parameter -Wno-sign-compare -Wstringop-overflow=0 -Warray-bounds=0 -DLIBURING_BUILD_TEST -o open-direct-pick.t open-direct-pick.c helpers.o -L../src/ -luring -lpthread
gcc -D_GNU_SOURCE -D__SANE_USERSPACE_TYPES__ -I../src/include/ -include ../config-host.h -D_LARGEFILE_SOURCE -D_FILE_OFFSET_BITS=64 -O2 -m64 -march=x86-64 -mtune=generic -flto=auto -ffat-lto-objects -Wno-unused-parameter -Wno-sign-compare -Wstringop-overflow=0 -Warray-bounds=0 -DLIBURING_BUILD_TEST -o personality.t personality.c helpers.o -L../src/ -luring -lpthread
gcc -D_GNU_SOURCE -D__SANE_USERSPACE_TYPES__ -I../src/include/ -include ../config-host.h -D_LARGEFILE_SOURCE -D_FILE_OFFSET_BITS=64 -O2 -m64 -march=x86-64 -mtune=generic -flto=auto -ffat-lto-objects -Wno-unused-parameter -Wno-sign-compare -Wstringop-overflow=0 -Warray-bounds=0 -DLIBURING_BUILD_TEST -o pipe-bug.t pipe-bug.c helpers.o -L../src/ -luring -lpthread
gcc -D_GNU_SOURCE -D__SANE_USERSPACE_TYPES__ -I../src/include/ -include ../config-host.h -D_LARGEFILE_SOURCE -D_FILE_OFFSET_BITS=64 -O2 -m64 -march=x86-64 -mtune=generic -flto=auto -ffat-lto-objects -Wno-unused-parameter -Wno-sign-compare -Wstringop-overflow=0 -Warray-bounds=0 -DLIBURING_BUILD_TEST -o pipe-eof.t pipe-eof.c helpers.o -L../src/ -luring -lpthread
gcc -D_GNU_SOURCE -D__SANE_USERSPACE_TYPES__ -I../src/include/ -include ../config-host.h -D_LARGEFILE_SOURCE -D_FILE_OFFSET_BITS=64 -O2 -m64 -march=x86-64 -mtune=generic -flto=auto -ffat-lto-objects -Wno-unused-parameter -Wno-sign-compare -Wstringop-overflow=0 -Warray-bounds=0 -DLIBURING_BUILD_TEST -o pipe-reuse.t pipe-reuse.c helpers.o -L../src/ -luring -lpthread
gcc -D_GNU_SOURCE -D__SANE_USERSPACE_TYPES__ -I../src/include/ -include ../config-host.h -D_LARGEFILE_SOURCE -D_FILE_OFFSET_BITS=64 -O2 -m64 -march=x86-64 -mtune=generic -flto=auto -ffat-lto-objects -Wno-unused-parameter -Wno-sign-compare -Wstringop-overflow=0 -Warray-bounds=0 -DLIBURING_BUILD_TEST -o poll.t poll.c helpers.o -L../src/ -luring -lpthread
gcc -D_GNU_SOURCE -D__SANE_USERSPACE_TYPES__ -I../src/include/ -include ../config-host.h -D_LARGEFILE_SOURCE -D_FILE_OFFSET_BITS=64 -O2 -m64 -march=x86-64 -mtune=generic -flto=auto -ffat-lto-objects -Wno-unused-parameter -Wno-sign-compare -Wstringop-overflow=0 -Warray-bounds=0 -DLIBURING_BUILD_TEST -o poll-cancel.t poll-cancel.c helpers.o -L../src/ -luring -lpthread
gcc -D_GNU_SOURCE -D__SANE_USERSPACE_TYPES__ -I../src/include/ -include ../config-host.h -D_LARGEFILE_SOURCE -D_FILE_OFFSET_BITS=64 -O2 -m64 -march=x86-64 -mtune=generic -flto=auto -ffat-lto-objects -Wno-unused-parameter -Wno-sign-compare -Wstringop-overflow=0 -Warray-bounds=0 -DLIBURING_BUILD_TEST -o poll-cancel-all.t poll-cancel-all.c helpers.o -L../src/ -luring -lpthread
gcc -D_GNU_SOURCE -D__SANE_USERSPACE_TYPES__ -I../src/include/ -include ../config-host.h -D_LARGEFILE_SOURCE -D_FILE_OFFSET_BITS=64 -O2 -m64 -march=x86-64 -mtune=generic -flto=auto -ffat-lto-objects -Wno-unused-parameter -Wno-sign-compare -Wstringop-overflow=0 -Warray-bounds=0 -DLIBURING_BUILD_TEST -o poll-cancel-ton.t poll-cancel-ton.c helpers.o -L../src/ -luring -lpthread
gcc -D_GNU_SOURCE -D__SANE_USERSPACE_TYPES__ -I../src/include/ -include ../config-host.h -D_LARGEFILE_SOURCE -D_FILE_OFFSET_BITS=64 -O2 -m64 -march=x86-64 -mtune=generic -flto=auto -ffat-lto-objects -Wno-unused-parameter -Wno-sign-compare -Wstringop-overflow=0 -Warray-bounds=0 -DLIBURING_BUILD_TEST -o poll-link.t poll-link.c helpers.o -L../src/ -luring -lpthread
gcc -D_GNU_SOURCE -D__SANE_USERSPACE_TYPES__ -I../src/include/ -include ../config-host.h -D_LARGEFILE_SOURCE -D_FILE_OFFSET_BITS=64 -O2 -m64 -march=x86-64 -mtune=generic -flto=auto -ffat-lto-objects -Wno-unused-parameter -Wno-sign-compare -Wstringop-overflow=0 -Warray-bounds=0 -DLIBURING_BUILD_TEST -o poll-many.t poll-many.c helpers.o -L../src/ -luring -lpthread
gcc -D_GNU_SOURCE -D__SANE_USERSPACE_TYPES__ -I../src/include/ -include ../config-host.h -D_LARGEFILE_SOURCE -D_FILE_OFFSET_BITS=64 -O2 -m64 -march=x86-64 -mtune=generic -flto=auto -ffat-lto-objects -Wno-unused-parameter -Wno-sign-compare -Wstringop-overflow=0 -Warray-bounds=0 -DLIBURING_BUILD_TEST -o poll-mshot-overflow.t poll-mshot-overflow.c helpers.o -L../src/ -luring -lpthread
gcc -D_GNU_SOURCE -D__SANE_USERSPACE_TYPES__ -I../src/include/ -include ../config-host.h -D_LARGEFILE_SOURCE -D_FILE_OFFSET_BITS=64 -O2 -m64 -march=x86-64 -mtune=generic -flto=auto -ffat-lto-objects -Wno-unused-parameter -Wno-sign-compare -Wstringop-overflow=0 -Warray-bounds=0 -DLIBURING_BUILD_TEST -o poll-mshot-update.t poll-mshot-update.c helpers.o -L../src/ -luring -lpthread
gcc -D_GNU_SOURCE -D__SANE_USERSPACE_TYPES__ -I../src/include/ -include ../config-host.h -D_LARGEFILE_SOURCE -D_FILE_OFFSET_BITS=64 -O2 -m64 -march=x86-64 -mtune=generic -flto=auto -ffat-lto-objects -Wno-unused-parameter -Wno-sign-compare -Wstringop-overflow=0 -Warray-bounds=0 -DLIBURING_BUILD_TEST -o poll-race.t poll-race.c helpers.o -L../src/ -luring -lpthread
gcc -D_GNU_SOURCE -D__SANE_USERSPACE_TYPES__ -I../src/include/ -include ../config-host.h -D_LARGEFILE_SOURCE -D_FILE_OFFSET_BITS=64 -O2 -m64 -march=x86-64 -mtune=generic -flto=auto -ffat-lto-objects -Wno-unused-parameter -Wno-sign-compare -Wstringop-overflow=0 -Warray-bounds=0 -DLIBURING_BUILD_TEST -o poll-race-mshot.t poll-race-mshot.c helpers.o -L../src/ -luring -lpthread
gcc -D_GNU_SOURCE -D__SANE_USERSPACE_TYPES__ -I../src/include/ -include ../config-host.h -D_LARGEFILE_SOURCE -D_FILE_OFFSET_BITS=64 -O2 -m64 -march=x86-64 -mtune=generic -flto=auto -ffat-lto-objects -Wno-unused-parameter -Wno-sign-compare -Wstringop-overflow=0 -Warray-bounds=0 -DLIBURING_BUILD_TEST -o poll-ring.t poll-ring.c helpers.o -L../src/ -luring -lpthread
gcc -D_GNU_SOURCE -D__SANE_USERSPACE_TYPES__ -I../src/include/ -include ../config-host.h -D_LARGEFILE_SOURCE -D_FILE_OFFSET_BITS=64 -O2 -m64 -march=x86-64 -mtune=generic -flto=auto -ffat-lto-objects -Wno-unused-parameter -Wno-sign-compare -Wstringop-overflow=0 -Warray-bounds=0 -DLIBURING_BUILD_TEST -o poll-v-poll.t poll-v-poll.c helpers.o -L../src/ -luring -lpthread
gcc -D_GNU_SOURCE -D__SANE_USERSPACE_TYPES__ -I../src/include/ -include ../config-host.h -D_LARGEFILE_SOURCE -D_FILE_OFFSET_BITS=64 -O2 -m64 -march=x86-64 -mtune=generic -flto=auto -ffat-lto-objects -Wno-unused-parameter -Wno-sign-compare -Wstringop-overflow=0 -Warray-bounds=0 -DLIBURING_BUILD_TEST -o pollfree.t pollfree.c helpers.o -L../src/ -luring -lpthread
gcc -D_GNU_SOURCE -D__SANE_USERSPACE_TYPES__ -I../src/include/ -include ../config-host.h -D_LARGEFILE_SOURCE -D_FILE_OFFSET_BITS=64 -O2 -m64 -march=x86-64 -mtune=generic -flto=auto -ffat-lto-objects -Wno-unused-parameter -Wno-sign-compare -Wstringop-overflow=0 -Warray-bounds=0 -DLIBURING_BUILD_TEST -o probe.t probe.c helpers.o -L../src/ -luring -lpthread
gcc -D_GNU_SOURCE -D__SANE_USERSPACE_TYPES__ -I../src/include/ -include ../config-host.h -D_LARGEFILE_SOURCE -D_FILE_OFFSET_BITS=64 -O2 -m64 -march=x86-64 -mtune=generic -flto=auto -ffat-lto-objects -Wno-unused-parameter -Wno-sign-compare -Wstringop-overflow=0 -Warray-bounds=0 -DLIBURING_BUILD_TEST -o read-before-exit.t read-before-exit.c helpers.o -L../src/ -luring -lpthread
gcc -D_GNU_SOURCE -D__SANE_USERSPACE_TYPES__ -I../src/include/ -include ../config-host.h -D_LARGEFILE_SOURCE -D_FILE_OFFSET_BITS=64 -O2 -m64 -march=x86-64 -mtune=generic -flto=auto -ffat-lto-objects -Wno-unused-parameter -Wno-sign-compare -Wstringop-overflow=0 -Warray-bounds=0 -DLIBURING_BUILD_TEST -o read-write.t read-write.c helpers.o -L../src/ -luring -lpthread
gcc -D_GNU_SOURCE -D__SANE_USERSPACE_TYPES__ -I../src/include/ -include ../config-host.h -D_LARGEFILE_SOURCE -D_FILE_OFFSET_BITS=64 -O2 -m64 -march=x86-64 -mtune=generic -flto=auto -ffat-lto-objects -Wno-unused-parameter -Wno-sign-compare -Wstringop-overflow=0 -Warray-bounds=0 -DLIBURING_BUILD_TEST -o recv-msgall.t recv-msgall.c helpers.o -L../src/ -luring -lpthread
gcc -D_GNU_SOURCE -D__SANE_USERSPACE_TYPES__ -I../src/include/ -include ../config-host.h -D_LARGEFILE_SOURCE -D_FILE_OFFSET_BITS=64 -O2 -m64 -march=x86-64 -mtune=generic -flto=auto -ffat-lto-objects -Wno-unused-parameter -Wno-sign-compare -Wstringop-overflow=0 -Warray-bounds=0 -DLIBURING_BUILD_TEST -o recv-msgall-stream.t recv-msgall-stream.c helpers.o -L../src/ -luring -lpthread
gcc -D_GNU_SOURCE -D__SANE_USERSPACE_TYPES__ -I../src/include/ -include ../config-host.h -D_LARGEFILE_SOURCE -D_FILE_OFFSET_BITS=64 -O2 -m64 -march=x86-64 -mtune=generic -flto=auto -ffat-lto-objects -Wno-unused-parameter -Wno-sign-compare -Wstringop-overflow=0 -Warray-bounds=0 -DLIBURING_BUILD_TEST -o recv-multishot.t recv-multishot.c helpers.o -L../src/ -luring -lpthread
gcc -D_GNU_SOURCE -D__SANE_USERSPACE_TYPES__ -I../src/include/ -include ../config-host.h -D_LARGEFILE_SOURCE -D_FILE_OFFSET_BITS=64 -O2 -m64 -march=x86-64 -mtune=generic -flto=auto -ffat-lto-objects -Wno-unused-parameter -Wno-sign-compare -Wstringop-overflow=0 -Warray-bounds=0 -DLIBURING_BUILD_TEST -o reg-fd-only.t reg-fd-only.c helpers.o -L../src/ -luring -lpthread
gcc -D_GNU_SOURCE -D__SANE_USERSPACE_TYPES__ -I../src/include/ -include ../config-host.h -D_LARGEFILE_SOURCE -D_FILE_OFFSET_BITS=64 -O2 -m64 -march=x86-64 -mtune=generic -flto=auto -ffat-lto-objects -Wno-unused-parameter -Wno-sign-compare -Wstringop-overflow=0 -Warray-bounds=0 -DLIBURING_BUILD_TEST -o reg-hint.t reg-hint.c helpers.o -L../src/ -luring -lpthread
gcc -D_GNU_SOURCE -D__SANE_USERSPACE_TYPES__ -I../src/include/ -include ../config-host.h -D_LARGEFILE_SOURCE -D_FILE_OFFSET_BITS=64 -O2 -m64 -march=x86-64 -mtune=generic -flto=auto -ffat-lto-objects -Wno-unused-parameter -Wno-sign-compare -Wstringop-overflow=0 -Warray-bounds=0 -DLIBURING_BUILD_TEST -o reg-reg-ring.t reg-reg-ring.c helpers.o -L../src/ -luring -lpthread
gcc -D_GNU_SOURCE -D__SANE_USERSPACE_TYPES__ -I../src/include/ -include ../config-host.h -D_LARGEFILE_SOURCE -D_FILE_OFFSET_BITS=64 -O2 -m64 -march=x86-64 -mtune=generic -flto=auto -ffat-lto-objects -Wno-unused-parameter -Wno-sign-compare -Wstringop-overflow=0 -Warray-bounds=0 -DLIBURING_BUILD_TEST -o regbuf-merge.t regbuf-merge.c helpers.o -L../src/ -luring -lpthread
gcc -D_GNU_SOURCE -D__SANE_USERSPACE_TYPES__ -I../src/include/ -include ../config-host.h -D_LARGEFILE_SOURCE -D_FILE_OFFSET_BITS=64 -O2 -m64 -march=x86-64 -mtune=generic -flto=auto -ffat-lto-objects -Wno-unused-parameter -Wno-sign-compare -Wstringop-overflow=0 -Warray-bounds=0 -DLIBURING_BUILD_TEST -o register-restrictions.t register-restrictions.c helpers.o -L../src/ -luring -lpthread
gcc -D_GNU_SOURCE -D__SANE_USERSPACE_TYPES__ -I../src/include/ -include ../config-host.h -D_LARGEFILE_SOURCE -D_FILE_OFFSET_BITS=64 -O2 -m64 -march=x86-64 -mtune=generic -flto=auto -ffat-lto-objects -Wno-unused-parameter -Wno-sign-compare -Wstringop-overflow=0 -Warray-bounds=0 -DLIBURING_BUILD_TEST -o rename.t rename.c helpers.o -L../src/ -luring -lpthread
gcc -D_GNU_SOURCE -D__SANE_USERSPACE_TYPES__ -I../src/include/ -include ../config-host.h -D_LARGEFILE_SOURCE -D_FILE_OFFSET_BITS=64 -O2 -m64 -march=x86-64 -mtune=generic -flto=auto -ffat-lto-objects -Wno-unused-parameter -Wno-sign-compare -Wstringop-overflow=0 -Warray-bounds=0 -DLIBURING_BUILD_TEST -o ringbuf-read.t ringbuf-read.c helpers.o -L../src/ -luring -lpthread
gcc -D_GNU_SOURCE -D__SANE_USERSPACE_TYPES__ -I../src/include/ -include ../config-host.h -D_LARGEFILE_SOURCE -D_FILE_OFFSET_BITS=64 -O2 -m64 -march=x86-64 -mtune=generic -flto=auto -ffat-lto-objects -Wno-unused-parameter -Wno-sign-compare -Wstringop-overflow=0 -Warray-bounds=0 -DLIBURING_BUILD_TEST -o ring-leak2.t ring-leak2.c helpers.o -L../src/ -luring -lpthread
gcc -D_GNU_SOURCE -D__SANE_USERSPACE_TYPES__ -I../src/include/ -include ../config-host.h -D_LARGEFILE_SOURCE -D_FILE_OFFSET_BITS=64 -O2 -m64 -march=x86-64 -mtune=generic -flto=auto -ffat-lto-objects -Wno-unused-parameter -Wno-sign-compare -Wstringop-overflow=0 -Warray-bounds=0 -DLIBURING_BUILD_TEST -o ring-leak.t ring-leak.c helpers.o -L../src/ -luring -lpthread
gcc -D_GNU_SOURCE -D__SANE_USERSPACE_TYPES__ -I../src/include/ -include ../config-host.h -D_LARGEFILE_SOURCE -D_FILE_OFFSET_BITS=64 -O2 -m64 -march=x86-64 -mtune=generic -flto=auto -ffat-lto-objects -Wno-unused-parameter -Wno-sign-compare -Wstringop-overflow=0 -Warray-bounds=0 -DLIBURING_BUILD_TEST -o rsrc_tags.t rsrc_tags.c helpers.o -L../src/ -luring -lpthread
gcc -D_GNU_SOURCE -D__SANE_USERSPACE_TYPES__ -I../src/include/ -include ../config-host.h -D_LARGEFILE_SOURCE -D_FILE_OFFSET_BITS=64 -O2 -m64 -march=x86-64 -mtune=generic -flto=auto -ffat-lto-objects -Wno-unused-parameter -Wno-sign-compare -Wstringop-overflow=0 -Warray-bounds=0 -DLIBURING_BUILD_TEST -o rw_merge_test.t rw_merge_test.c helpers.o -L../src/ -luring -lpthread
gcc -D_GNU_SOURCE -D__SANE_USERSPACE_TYPES__ -I../src/include/ -include ../config-host.h -D_LARGEFILE_SOURCE -D_FILE_OFFSET_BITS=64 -O2 -m64 -march=x86-64 -mtune=generic -flto=auto -ffat-lto-objects -Wno-unused-parameter -Wno-sign-compare -Wstringop-overflow=0 -Warray-bounds=0 -DLIBURING_BUILD_TEST -o self.t self.c helpers.o -L../src/ -luring -lpthread
gcc -D_GNU_SOURCE -D__SANE_USERSPACE_TYPES__ -I../src/include/ -include ../config-host.h -D_LARGEFILE_SOURCE -D_FILE_OFFSET_BITS=64 -O2 -m64 -march=x86-64 -mtune=generic -flto=auto -ffat-lto-objects -Wno-unused-parameter -Wno-sign-compare -Wstringop-overflow=0 -Warray-bounds=0 -DLIBURING_BUILD_TEST -o send_recv.t send_recv.c helpers.o -L../src/ -luring -lpthread
gcc -D_GNU_SOURCE -D__SANE_USERSPACE_TYPES__ -I../src/include/ -include ../config-host.h -D_LARGEFILE_SOURCE -D_FILE_OFFSET_BITS=64 -O2 -m64 -march=x86-64 -mtune=generic -flto=auto -ffat-lto-objects -Wno-unused-parameter -Wno-sign-compare -Wstringop-overflow=0 -Warray-bounds=0 -DLIBURING_BUILD_TEST -o send_recvmsg.t send_recvmsg.c helpers.o -L../src/ -luring -lpthread
gcc -D_GNU_SOURCE -D__SANE_USERSPACE_TYPES__ -I../src/include/ -include ../config-host.h -D_LARGEFILE_SOURCE -D_FILE_OFFSET_BITS=64 -O2 -m64 -march=x86-64 -mtune=generic -flto=auto -ffat-lto-objects -Wno-unused-parameter -Wno-sign-compare -Wstringop-overflow=0 -Warray-bounds=0 -DLIBURING_BUILD_TEST -o send-zerocopy.t send-zerocopy.c helpers.o -L../src/ -luring -lpthread
gcc -D_GNU_SOURCE -D__SANE_USERSPACE_TYPES__ -I../src/include/ -include ../config-host.h -D_LARGEFILE_SOURCE -D_FILE_OFFSET_BITS=64 -O2 -m64 -march=x86-64 -mtune=generic -flto=auto -ffat-lto-objects -Wno-unused-parameter -Wno-sign-compare -Wstringop-overflow=0 -Warray-bounds=0 -DLIBURING_BUILD_TEST -o shared-wq.t shared-wq.c helpers.o -L../src/ -luring -lpthread
gcc -D_GNU_SOURCE -D__SANE_USERSPACE_TYPES__ -I../src/include/ -include ../config-host.h -D_LARGEFILE_SOURCE -D_FILE_OFFSET_BITS=64 -O2 -m64 -march=x86-64 -mtune=generic -flto=auto -ffat-lto-objects -Wno-unused-parameter -Wno-sign-compare -Wstringop-overflow=0 -Warray-bounds=0 -DLIBURING_BUILD_TEST -o short-read.t short-read.c helpers.o -L../src/ -luring -lpthread
gcc -D_GNU_SOURCE -D__SANE_USERSPACE_TYPES__ -I../src/include/ -include ../config-host.h -D_LARGEFILE_SOURCE -D_FILE_OFFSET_BITS=64 -O2 -m64 -march=x86-64 -mtune=generic -flto=auto -ffat-lto-objects -Wno-unused-parameter -Wno-sign-compare -Wstringop-overflow=0 -Warray-bounds=0 -DLIBURING_BUILD_TEST -o shutdown.t shutdown.c helpers.o -L../src/ -luring -lpthread
gcc -D_GNU_SOURCE -D__SANE_USERSPACE_TYPES__ -I../src/include/ -include ../config-host.h -D_LARGEFILE_SOURCE -D_FILE_OFFSET_BITS=64 -O2 -m64 -march=x86-64 -mtune=generic -flto=auto -ffat-lto-objects -Wno-unused-parameter -Wno-sign-compare -Wstringop-overflow=0 -Warray-bounds=0 -DLIBURING_BUILD_TEST -o sigfd-deadlock.t sigfd-deadlock.c helpers.o -L../src/ -luring -lpthread
gcc -D_GNU_SOURCE -D__SANE_USERSPACE_TYPES__ -I../src/include/ -include ../config-host.h -D_LARGEFILE_SOURCE -D_FILE_OFFSET_BITS=64 -O2 -m64 -march=x86-64 -mtune=generic -flto=auto -ffat-lto-objects -Wno-unused-parameter -Wno-sign-compare -Wstringop-overflow=0 -Warray-bounds=0 -DLIBURING_BUILD_TEST -o single-issuer.t single-issuer.c helpers.o -L../src/ -luring -lpthread
gcc -D_GNU_SOURCE -D__SANE_USERSPACE_TYPES__ -I../src/include/ -include ../config-host.h -D_LARGEFILE_SOURCE -D_FILE_OFFSET_BITS=64 -O2 -m64 -march=x86-64 -mtune=generic -flto=auto -ffat-lto-objects -Wno-unused-parameter -Wno-sign-compare -Wstringop-overflow=0 -Warray-bounds=0 -DLIBURING_BUILD_TEST -o skip-cqe.t skip-cqe.c helpers.o -L../src/ -luring -lpthread
gcc -D_GNU_SOURCE -D__SANE_USERSPACE_TYPES__ -I../src/include/ -include ../config-host.h -D_LARGEFILE_SOURCE -D_FILE_OFFSET_BITS=64 -O2 -m64 -march=x86-64 -mtune=generic -flto=auto -ffat-lto-objects -Wno-unused-parameter -Wno-sign-compare -Wstringop-overflow=0 -Warray-bounds=0 -DLIBURING_BUILD_TEST -o socket.t socket.c helpers.o -L../src/ -luring -lpthread
gcc -D_GNU_SOURCE -D__SANE_USERSPACE_TYPES__ -I../src/include/ -include ../config-host.h -D_LARGEFILE_SOURCE -D_FILE_OFFSET_BITS=64 -O2 -m64 -march=x86-64 -mtune=generic -flto=auto -ffat-lto-objects -Wno-unused-parameter -Wno-sign-compare -Wstringop-overflow=0 -Warray-bounds=0 -DLIBURING_BUILD_TEST -o socket-io-cmd.t socket-io-cmd.c helpers.o -L../src/ -luring -lpthread
gcc -D_GNU_SOURCE -D__SANE_USERSPACE_TYPES__ -I../src/include/ -include ../config-host.h -D_LARGEFILE_SOURCE -D_FILE_OFFSET_BITS=64 -O2 -m64 -march=x86-64 -mtune=generic -flto=auto -ffat-lto-objects -Wno-unused-parameter -Wno-sign-compare -Wstringop-overflow=0 -Warray-bounds=0 -DLIBURING_BUILD_TEST -o socket-rw.t socket-rw.c helpers.o -L../src/ -luring -lpthread
gcc -D_GNU_SOURCE -D__SANE_USERSPACE_TYPES__ -I../src/include/ -include ../config-host.h -D_LARGEFILE_SOURCE -D_FILE_OFFSET_BITS=64 -O2 -m64 -march=x86-64 -mtune=generic -flto=auto -ffat-lto-objects -Wno-unused-parameter -Wno-sign-compare -Wstringop-overflow=0 -Warray-bounds=0 -DLIBURING_BUILD_TEST -o socket-rw-eagain.t socket-rw-eagain.c helpers.o -L../src/ -luring -lpthread
gcc -D_GNU_SOURCE -D__SANE_USERSPACE_TYPES__ -I../src/include/ -include ../config-host.h -D_LARGEFILE_SOURCE -D_FILE_OFFSET_BITS=64 -O2 -m64 -march=x86-64 -mtune=generic -flto=auto -ffat-lto-objects -Wno-unused-parameter -Wno-sign-compare -Wstringop-overflow=0 -Warray-bounds=0 -DLIBURING_BUILD_TEST -o socket-rw-offset.t socket-rw-offset.c helpers.o -L../src/ -luring -lpthread
gcc -D_GNU_SOURCE -D__SANE_USERSPACE_TYPES__ -I../src/include/ -include ../config-host.h -D_LARGEFILE_SOURCE -D_FILE_OFFSET_BITS=64 -O2 -m64 -march=x86-64 -mtune=generic -flto=auto -ffat-lto-objects -Wno-unused-parameter -Wno-sign-compare -Wstringop-overflow=0 -Warray-bounds=0 -DLIBURING_BUILD_TEST -o splice.t splice.c helpers.o -L../src/ -luring -lpthread
gcc -D_GNU_SOURCE -D__SANE_USERSPACE_TYPES__ -I../src/include/ -include ../config-host.h -D_LARGEFILE_SOURCE -D_FILE_OFFSET_BITS=64 -O2 -m64 -march=x86-64 -mtune=generic -flto=auto -ffat-lto-objects -Wno-unused-parameter -Wno-sign-compare -Wstringop-overflow=0 -Warray-bounds=0 -DLIBURING_BUILD_TEST -o sq-full.t sq-full.c helpers.o -L../src/ -luring -lpthread
g++ \
-D_GNU_SOURCE -D__SANE_USERSPACE_TYPES__ -I../src/include/ -include ../config-host.h -D_LARGEFILE_SOURCE -D_FILE_OFFSET_BITS=64 \
-O2 -m64 -march=x86-64 -mtune=generic -flto=auto -ffat-lto-objects -Wno-unused-parameter -Wno-sign-compare -Wstringop-overflow=0 -Warray-bounds=0 -std=c++11 -DLIBURING_BUILD_TEST \
-o sq-full-cpp.t sq-full-cpp.cc helpers.o -L../src/ -luring -lpthread
gcc -D_GNU_SOURCE -D__SANE_USERSPACE_TYPES__ -I../src/include/ -include ../config-host.h -D_LARGEFILE_SOURCE -D_FILE_OFFSET_BITS=64 -O2 -m64 -march=x86-64 -mtune=generic -flto=auto -ffat-lto-objects -Wno-unused-parameter -Wno-sign-compare -Wstringop-overflow=0 -Warray-bounds=0 -DLIBURING_BUILD_TEST -o sqpoll-cancel-hang.t sqpoll-cancel-hang.c helpers.o -L../src/ -luring -lpthread
gcc -D_GNU_SOURCE -D__SANE_USERSPACE_TYPES__ -I../src/include/ -include ../config-host.h -D_LARGEFILE_SOURCE -D_FILE_OFFSET_BITS=64 -O2 -m64 -march=x86-64 -mtune=generic -flto=auto -ffat-lto-objects -Wno-unused-parameter -Wno-sign-compare -Wstringop-overflow=0 -Warray-bounds=0 -DLIBURING_BUILD_TEST -o sqpoll-disable-exit.t sqpoll-disable-exit.c helpers.o -L../src/ -luring -lpthread
gcc -D_GNU_SOURCE -D__SANE_USERSPACE_TYPES__ -I../src/include/ -include ../config-host.h -D_LARGEFILE_SOURCE -D_FILE_OFFSET_BITS=64 -O2 -m64 -march=x86-64 -mtune=generic -flto=auto -ffat-lto-objects -Wno-unused-parameter -Wno-sign-compare -Wstringop-overflow=0 -Warray-bounds=0 -DLIBURING_BUILD_TEST -o sq-poll-dup.t sq-poll-dup.c helpers.o -L../src/ -luring -lpthread
gcc -D_GNU_SOURCE -D__SANE_USERSPACE_TYPES__ -I../src/include/ -include ../config-host.h -D_LARGEFILE_SOURCE -D_FILE_OFFSET_BITS=64 -O2 -m64 -march=x86-64 -mtune=generic -flto=auto -ffat-lto-objects -Wno-unused-parameter -Wno-sign-compare -Wstringop-overflow=0 -Warray-bounds=0 -DLIBURING_BUILD_TEST -o sqpoll-exit-hang.t sqpoll-exit-hang.c helpers.o -L../src/ -luring -lpthread
gcc -D_GNU_SOURCE -D__SANE_USERSPACE_TYPES__ -I../src/include/ -include ../config-host.h -D_LARGEFILE_SOURCE -D_FILE_OFFSET_BITS=64 -O2 -m64 -march=x86-64 -mtune=generic -flto=auto -ffat-lto-objects -Wno-unused-parameter -Wno-sign-compare -Wstringop-overflow=0 -Warray-bounds=0 -DLIBURING_BUILD_TEST -o sq-poll-kthread.t sq-poll-kthread.c helpers.o -L../src/ -luring -lpthread
gcc -D_GNU_SOURCE -D__SANE_USERSPACE_TYPES__ -I../src/include/ -include ../config-host.h -D_LARGEFILE_SOURCE -D_FILE_OFFSET_BITS=64 -O2 -m64 -march=x86-64 -mtune=generic -flto=auto -ffat-lto-objects -Wno-unused-parameter -Wno-sign-compare -Wstringop-overflow=0 -Warray-bounds=0 -DLIBURING_BUILD_TEST -o sq-poll-share.t sq-poll-share.c helpers.o -L../src/ -luring -lpthread
gcc -D_GNU_SOURCE -D__SANE_USERSPACE_TYPES__ -I../src/include/ -include ../config-host.h -D_LARGEFILE_SOURCE -D_FILE_OFFSET_BITS=64 -O2 -m64 -march=x86-64 -mtune=generic -flto=auto -ffat-lto-objects -Wno-unused-parameter -Wno-sign-compare -Wstringop-overflow=0 -Warray-bounds=0 -DLIBURING_BUILD_TEST -o sqpoll-sleep.t sqpoll-sleep.c helpers.o -L../src/ -luring -lpthread
gcc -D_GNU_SOURCE -D__SANE_USERSPACE_TYPES__ -I../src/include/ -include ../config-host.h -D_LARGEFILE_SOURCE -D_FILE_OFFSET_BITS=64 -O2 -m64 -march=x86-64 -mtune=generic -flto=auto -ffat-lto-objects -Wno-unused-parameter -Wno-sign-compare -Wstringop-overflow=0 -Warray-bounds=0 -DLIBURING_BUILD_TEST -o sq-space_left.t sq-space_left.c helpers.o -L../src/ -luring -lpthread
gcc -D_GNU_SOURCE -D__SANE_USERSPACE_TYPES__ -I../src/include/ -include ../config-host.h -D_LARGEFILE_SOURCE -D_FILE_OFFSET_BITS=64 -O2 -m64 -march=x86-64 -mtune=generic -flto=auto -ffat-lto-objects -Wno-unused-parameter -Wno-sign-compare -Wstringop-overflow=0 -Warray-bounds=0 -DLIBURING_BUILD_TEST -o stdout.t stdout.c helpers.o -L../src/ -luring -lpthread
gcc -D_GNU_SOURCE -D__SANE_USERSPACE_TYPES__ -I../src/include/ -include ../config-host.h -D_LARGEFILE_SOURCE -D_FILE_OFFSET_BITS=64 -O2 -m64 -march=x86-64 -mtune=generic -flto=auto -ffat-lto-objects -Wno-unused-parameter -Wno-sign-compare -Wstringop-overflow=0 -Warray-bounds=0 -DLIBURING_BUILD_TEST -o submit-and-wait.t submit-and-wait.c helpers.o -L../src/ -luring -lpthread
gcc -D_GNU_SOURCE -D__SANE_USERSPACE_TYPES__ -I../src/include/ -include ../config-host.h -D_LARGEFILE_SOURCE -D_FILE_OFFSET_BITS=64 -O2 -m64 -march=x86-64 -mtune=generic -flto=auto -ffat-lto-objects -Wno-unused-parameter -Wno-sign-compare -Wstringop-overflow=0 -Warray-bounds=0 -DLIBURING_BUILD_TEST -o submit-link-fail.t submit-link-fail.c helpers.o -L../src/ -luring -lpthread
gcc -D_GNU_SOURCE -D__SANE_USERSPACE_TYPES__ -I../src/include/ -include ../config-host.h -D_LARGEFILE_SOURCE -D_FILE_OFFSET_BITS=64 -O2 -m64 -march=x86-64 -mtune=generic -flto=auto -ffat-lto-objects -Wno-unused-parameter -Wno-sign-compare -Wstringop-overflow=0 -Warray-bounds=0 -DLIBURING_BUILD_TEST -o submit-reuse.t submit-reuse.c helpers.o -L../src/ -luring -lpthread
gcc -D_GNU_SOURCE -D__SANE_USERSPACE_TYPES__ -I../src/include/ -include ../config-host.h -D_LARGEFILE_SOURCE -D_FILE_OFFSET_BITS=64 -O2 -m64 -march=x86-64 -mtune=generic -flto=auto -ffat-lto-objects -Wno-unused-parameter -Wno-sign-compare -Wstringop-overflow=0 -Warray-bounds=0 -DLIBURING_BUILD_TEST -o symlink.t symlink.c helpers.o -L../src/ -luring -lpthread
gcc -D_GNU_SOURCE -D__SANE_USERSPACE_TYPES__ -I../src/include/ -include ../config-host.h -D_LARGEFILE_SOURCE -D_FILE_OFFSET_BITS=64 -O2 -m64 -march=x86-64 -mtune=generic -flto=auto -ffat-lto-objects -Wno-unused-parameter -Wno-sign-compare -Wstringop-overflow=0 -Warray-bounds=0 -DLIBURING_BUILD_TEST -o sync-cancel.t sync-cancel.c helpers.o -L../src/ -luring -lpthread
gcc -D_GNU_SOURCE -D__SANE_USERSPACE_TYPES__ -I../src/include/ -include ../config-host.h -D_LARGEFILE_SOURCE -D_FILE_OFFSET_BITS=64 -O2 -m64 -march=x86-64 -mtune=generic -flto=auto -ffat-lto-objects -Wno-unused-parameter -Wno-sign-compare -Wstringop-overflow=0 -Warray-bounds=0 -DLIBURING_BUILD_TEST -o teardowns.t teardowns.c helpers.o -L../src/ -luring -lpthread
gcc -D_GNU_SOURCE -D__SANE_USERSPACE_TYPES__ -I../src/include/ -include ../config-host.h -D_LARGEFILE_SOURCE -D_FILE_OFFSET_BITS=64 -O2 -m64 -march=x86-64 -mtune=generic -flto=auto -ffat-lto-objects -Wno-unused-parameter -Wno-sign-compare -Wstringop-overflow=0 -Warray-bounds=0 -DLIBURING_BUILD_TEST -o thread-exit.t thread-exit.c helpers.o -L../src/ -luring -lpthread
gcc -D_GNU_SOURCE -D__SANE_USERSPACE_TYPES__ -I../src/include/ -include ../config-host.h -D_LARGEFILE_SOURCE -D_FILE_OFFSET_BITS=64 -O2 -m64 -march=x86-64 -mtune=generic -flto=auto -ffat-lto-objects -Wno-unused-parameter -Wno-sign-compare -Wstringop-overflow=0 -Warray-bounds=0 -DLIBURING_BUILD_TEST -o timeout.t timeout.c helpers.o -L../src/ -luring -lpthread
gcc -D_GNU_SOURCE -D__SANE_USERSPACE_TYPES__ -I../src/include/ -include ../config-host.h -D_LARGEFILE_SOURCE -D_FILE_OFFSET_BITS=64 -O2 -m64 -march=x86-64 -mtune=generic -flto=auto -ffat-lto-objects -Wno-unused-parameter -Wno-sign-compare -Wstringop-overflow=0 -Warray-bounds=0 -DLIBURING_BUILD_TEST -o timeout-new.t timeout-new.c helpers.o -L../src/ -luring -lpthread
gcc -D_GNU_SOURCE -D__SANE_USERSPACE_TYPES__ -I../src/include/ -include ../config-host.h -D_LARGEFILE_SOURCE -D_FILE_OFFSET_BITS=64 -O2 -m64 -march=x86-64 -mtune=generic -flto=auto -ffat-lto-objects -Wno-unused-parameter -Wno-sign-compare -Wstringop-overflow=0 -Warray-bounds=0 -DLIBURING_BUILD_TEST -o tty-write-dpoll.t tty-write-dpoll.c helpers.o -L../src/ -luring -lpthread
gcc -D_GNU_SOURCE -D__SANE_USERSPACE_TYPES__ -I../src/include/ -include ../config-host.h -D_LARGEFILE_SOURCE -D_FILE_OFFSET_BITS=64 -O2 -m64 -march=x86-64 -mtune=generic -flto=auto -ffat-lto-objects -Wno-unused-parameter -Wno-sign-compare -Wstringop-overflow=0 -Warray-bounds=0 -DLIBURING_BUILD_TEST -o unlink.t unlink.c helpers.o -L../src/ -luring -lpthread
gcc -D_GNU_SOURCE -D__SANE_USERSPACE_TYPES__ -I../src/include/ -include ../config-host.h -D_LARGEFILE_SOURCE -D_FILE_OFFSET_BITS=64 -O2 -m64 -march=x86-64 -mtune=generic -flto=auto -ffat-lto-objects -Wno-unused-parameter -Wno-sign-compare -Wstringop-overflow=0 -Warray-bounds=0 -DLIBURING_BUILD_TEST -o version.t version.c helpers.o -L../src/ -luring -lpthread
gcc -D_GNU_SOURCE -D__SANE_USERSPACE_TYPES__ -I../src/include/ -include ../config-host.h -D_LARGEFILE_SOURCE -D_FILE_OFFSET_BITS=64 -O2 -m64 -march=x86-64 -mtune=generic -flto=auto -ffat-lto-objects -Wno-unused-parameter -Wno-sign-compare -Wstringop-overflow=0 -Warray-bounds=0 -DLIBURING_BUILD_TEST -o wakeup-hang.t wakeup-hang.c helpers.o -L../src/ -luring -lpthread
gcc -D_GNU_SOURCE -D__SANE_USERSPACE_TYPES__ -I../src/include/ -include ../config-host.h -D_LARGEFILE_SOURCE -D_FILE_OFFSET_BITS=64 -O2 -m64 -march=x86-64 -mtune=generic -flto=auto -ffat-lto-objects -Wno-unused-parameter -Wno-sign-compare -Wstringop-overflow=0 -Warray-bounds=0 -DLIBURING_BUILD_TEST -o wq-aff.t wq-aff.c helpers.o -L../src/ -luring -lpthread
gcc -D_GNU_SOURCE -D__SANE_USERSPACE_TYPES__ -I../src/include/ -include ../config-host.h -D_LARGEFILE_SOURCE -D_FILE_OFFSET_BITS=64 -O2 -m64 -march=x86-64 -mtune=generic -flto=auto -ffat-lto-objects -Wno-unused-parameter -Wno-sign-compare -Wstringop-overflow=0 -Warray-bounds=0 -DLIBURING_BUILD_TEST -o xattr.t xattr.c helpers.o -L../src/ -luring -lpthread
gcc -D_GNU_SOURCE -D__SANE_USERSPACE_TYPES__ -I../src/include/ -include ../config-host.h -D_LARGEFILE_SOURCE -D_FILE_OFFSET_BITS=64 -O2 -m64 -march=x86-64 -mtune=generic -flto=auto -ffat-lto-objects -Wno-unused-parameter -Wno-sign-compare -Wstringop-overflow=0 -Warray-bounds=0 -DLIBURING_BUILD_TEST -o statx.t statx.c helpers.o -L../src/ -luring -lpthread
make[1]: Leaving directory '/home/devel/building/work/src/liburing-2.5/test'
make[1]: Entering directory '/home/devel/building/work/src/liburing-2.5/examples'
gcc -D_GNU_SOURCE -I../src/include/ -O2 -m64 -march=x86-64 -mtune=generic -flto=auto -ffat-lto-objects -o io_uring-close-test io_uring-close-test.c -L../src/ -luring -L../src/ -luring -lpthread
gcc -D_GNU_SOURCE -I../src/include/ -O2 -m64 -march=x86-64 -mtune=generic -flto=auto -ffat-lto-objects -o io_uring-cp io_uring-cp.c -L../src/ -luring -L../src/ -luring -lpthread
gcc -D_GNU_SOURCE -I../src/include/ -O2 -m64 -march=x86-64 -mtune=generic -flto=auto -ffat-lto-objects -o io_uring-test io_uring-test.c -L../src/ -luring -L../src/ -luring -lpthread
gcc -D_GNU_SOURCE -I../src/include/ -O2 -m64 -march=x86-64 -mtune=generic -flto=auto -ffat-lto-objects -o io_uring-udp io_uring-udp.c -L../src/ -luring -L../src/ -luring -lpthread
gcc -D_GNU_SOURCE -I../src/include/ -O2 -m64 -march=x86-64 -mtune=generic -flto=auto -ffat-lto-objects -o link-cp link-cp.c -L../src/ -luring -L../src/ -luring -lpthread
gcc -D_GNU_SOURCE -I../src/include/ -O2 -m64 -march=x86-64 -mtune=generic -flto=auto -ffat-lto-objects -o poll-bench poll-bench.c -L../src/ -luring -L../src/ -luring -lpthread
gcc -D_GNU_SOURCE -I../src/include/ -O2 -m64 -march=x86-64 -mtune=generic -flto=auto -ffat-lto-objects -o send-zerocopy send-zerocopy.c -L../src/ -luring -L../src/ -luring -lpthread
gcc -D_GNU_SOURCE -I../src/include/ -O2 -m64 -march=x86-64 -mtune=generic -flto=auto -ffat-lto-objects -o rsrc-update-bench rsrc-update-bench.c -L../src/ -luring -L../src/ -luring -lpthread
gcc -D_GNU_SOURCE -I../src/include/ -O2 -m64 -march=x86-64 -mtune=generic -flto=auto -ffat-lto-objects -o ucontext-cp ucontext-cp.c -L../src/ -luring -L../src/ -luring -lpthread
make[1]: Leaving directory '/home/devel/building/work/src/liburing-2.5/examples'
+ make DESTDIR=/home/devel/building/work/pkg install
sed -e "s%@prefix@%/usr%g" \
    -e "s%@libdir@%/usr/lib%g" \
    -e "s%@includedir@%/usr/include%g" \
    -e "s%@NAME@%liburing%g" \
    -e "s%@VERSION@%2.5%g" \
    liburing.pc.in >liburing.pc
sed -e "s%@prefix@%/usr%g" \
    -e "s%@libdir@%/usr/lib%g" \
    -e "s%@includedir@%/usr/include%g" \
    -e "s%@NAME@%liburing%g" \
    -e "s%@VERSION@%2.5%g" \
    liburing-ffi.pc.in >liburing-ffi.pc
make[1]: Entering directory '/home/devel/building/work/src/liburing-2.5/src'
install -D -m 644 include/liburing/io_uring.h /home/devel/building/work/pkg/usr/include/liburing/io_uring.h
install -D -m 644 include/liburing.h /home/devel/building/work/pkg/usr/include/liburing.h
install -D -m 644 include/liburing/compat.h /home/devel/building/work/pkg/usr/include/liburing/compat.h
install -D -m 644 include/liburing/barrier.h /home/devel/building/work/pkg/usr/include/liburing/barrier.h
install -D -m 644 include/liburing/io_uring_version.h /home/devel/building/work/pkg/usr/include/liburing/io_uring_version.h
install -D -m 644 liburing.a /home/devel/building/work/pkg/usr/lib/liburing.a
install -D -m 644 liburing-ffi.a /home/devel/building/work/pkg/usr/lib/liburing-ffi.a
install -D -m 755 liburing.so.2.5 /home/devel/building/work/pkg/usr/lib/liburing.so.2.5
install -D -m 755 liburing-ffi.so.2.5 /home/devel/building/work/pkg/usr/lib/liburing-ffi.so.2.5
ln -sf liburing.so.2.5 /home/devel/building/work/pkg/usr/lib/liburing.so.2
ln -sf liburing.so.2.5 /home/devel/building/work/pkg/usr/lib/liburing.so
ln -sf liburing-ffi.so.2.5 /home/devel/building/work/pkg/usr/lib/liburing-ffi.so.2
ln -sf liburing-ffi.so.2.5 /home/devel/building/work/pkg/usr/lib/liburing-ffi.so
make[1]: Leaving directory '/home/devel/building/work/src/liburing-2.5/src'
install -D -m 644 liburing.pc /home/devel/building/work/pkg/usr/lib/pkgconfig/liburing.pc
install -D -m 644 liburing-ffi.pc /home/devel/building/work/pkg/usr/lib/pkgconfig/liburing-ffi.pc
install -m 755 -d /home/devel/building/work/pkg/usr/share/man/man2
install -m 644 man/*.2 /home/devel/building/work/pkg/usr/share/man/man2
install -m 755 -d /home/devel/building/work/pkg/usr/share/man/man3
install -m 644 man/*.3 /home/devel/building/work/pkg/usr/share/man/man3
install -m 755 -d /home/devel/building/work/pkg/usr/share/man/man7
install -m 644 man/*.7 /home/devel/building/work/pkg/usr/share/man/man7
+ find /home/devel/building/work/pkg -type f -name '*.a' -delete
=======> Build result:
drwxr-xr-x  0 root   root        0 Feb  1 18:20 usr/
drwxr-xr-x  0 root   root        0 Feb  1 18:20 usr/include/
drwxr-xr-x  0 root   root        0 Feb  1 18:20 usr/lib/
drwxr-xr-x  0 root   root        0 Feb  1 18:20 usr/share/
drwxr-xr-x  0 root   root        0 Feb  1 18:20 usr/share/man/
drwxr-xr-x  0 root   root        0 Feb  1 18:20 usr/share/man/man2/
drwxr-xr-x  0 root   root        0 Feb  1 18:20 usr/share/man/man3/
drwxr-xr-x  0 root   root        0 Feb  1 18:20 usr/share/man/man7/
-rw-r--r--  0 root   root     8340 Feb  1 18:20 usr/share/man/man7/io_uring.7.gz
-rw-r--r--  0 root   root      559 Feb  1 18:20 usr/share/man/man3/IO_URING_CHECK_VERSION.3.gz
-rw-r--r--  0 root   root      559 Feb  1 18:20 usr/share/man/man3/IO_URING_VERSION_MAJOR.3.gz
-rw-r--r--  0 root   root      559 Feb  1 18:20 usr/share/man/man3/IO_URING_VERSION_MINOR.3.gz
-rw-r--r--  0 root   root      754 Feb  1 18:20 usr/share/man/man3/__io_uring_buf_ring_cq_advance.3.gz
-rw-r--r--  0 root   root      679 Feb  1 18:20 usr/share/man/man3/io_uring_buf_ring_add.3.gz
-rw-r--r--  0 root   root      477 Feb  1 18:20 usr/share/man/man3/io_uring_buf_ring_advance.3.gz
-rw-r--r--  0 root   root      752 Feb  1 18:20 usr/share/man/man3/io_uring_buf_ring_cq_advance.3.gz
-rw-r--r--  0 root   root      439 Feb  1 18:20 usr/share/man/man3/io_uring_buf_ring_init.3.gz
-rw-r--r--  0 root   root      405 Feb  1 18:20 usr/share/man/man3/io_uring_buf_ring_mask.3.gz
-rw-r--r--  0 root   root      559 Feb  1 18:20 usr/share/man/man3/io_uring_check_version.3.gz
-rw-r--r--  0 root   root      777 Feb  1 18:20 usr/share/man/man3/io_uring_close_ring_fd.3.gz
-rw-r--r--  0 root   root      639 Feb  1 18:20 usr/share/man/man3/io_uring_cq_advance.3.gz
-rw-r--r--  0 root   root      626 Feb  1 18:20 usr/share/man/man3/io_uring_cq_has_overflow.3.gz
-rw-r--r--  0 root   root      417 Feb  1 18:20 usr/share/man/man3/io_uring_cq_ready.3.gz
-rw-r--r--  0 root   root      612 Feb  1 18:20 usr/share/man/man3/io_uring_cqe_get_data.3.gz
-rw-r--r--  0 root   root      614 Feb  1 18:20 usr/share/man/man3/io_uring_cqe_get_data64.3.gz
-rw-r--r--  0 root   root      556 Feb  1 18:20 usr/share/man/man3/io_uring_cqe_seen.3.gz
-rw-r--r--  0 root   root      784 Feb  1 18:20 usr/share/man/man3/io_uring_for_each_cqe.3.gz
-rw-r--r--  0 root   root      704 Feb  1 18:20 usr/share/man/man3/io_uring_free_buf_ring.3.gz
-rw-r--r--  0 root   root      366 Feb  1 18:20 usr/share/man/man3/io_uring_free_probe.3.gz
-rw-r--r--  0 root   root      556 Feb  1 18:20 usr/share/man/man3/io_uring_get_events.3.gz
-rw-r--r--  0 root   root      485 Feb  1 18:20 usr/share/man/man3/io_uring_get_probe.3.gz
-rw-r--r--  0 root   root      747 Feb  1 18:20 usr/share/man/man3/io_uring_get_sqe.3.gz
-rw-r--r--  0 root   root      559 Feb  1 18:20 usr/share/man/man3/io_uring_major_version.3.gz
-rw-r--r--  0 root   root      559 Feb  1 18:20 usr/share/man/man3/io_uring_minor_version.3.gz
-rw-r--r--  0 root   root      478 Feb  1 18:20 usr/share/man/man3/io_uring_opcode_supported.3.gz
-rw-r--r--  0 root   root      581 Feb  1 18:20 usr/share/man/man3/io_uring_peek_cqe.3.gz
-rw-r--r--  0 root   root     2330 Feb  1 18:20 usr/share/man/man3/io_uring_prep_accept.3.gz
-rw-r--r--  0 root   root     2337 Feb  1 18:20 usr/share/man/man3/io_uring_prep_accept_direct.3.gz
-rw-r--r--  0 root   root     1536 Feb  1 18:20 usr/share/man/man3/io_uring_prep_cancel.3.gz
-rw-r--r--  0 root   root     1538 Feb  1 18:20 usr/share/man/man3/io_uring_prep_cancel64.3.gz
-rw-r--r--  0 root   root     1539 Feb  1 18:20 usr/share/man/man3/io_uring_prep_cancel_fd.3.gz
-rw-r--r--  0 root   root      761 Feb  1 18:20 usr/share/man/man3/io_uring_prep_close.3.gz
-rw-r--r--  0 root   root      768 Feb  1 18:20 usr/share/man/man3/io_uring_prep_close_direct.3.gz
-rw-r--r--  0 root   root      932 Feb  1 18:20 usr/share/man/man3/io_uring_prep_cmd.3.gz
-rw-r--r--  0 root   root      979 Feb  1 18:20 usr/share/man/man3/io_uring_prep_connect.3.gz
-rw-r--r--  0 root   root      743 Feb  1 18:20 usr/share/man/man3/io_uring_prep_fadvise.3.gz
-rw-r--r--  0 root   root      718 Feb  1 18:20 usr/share/man/man3/io_uring_prep_fallocate.3.gz
-rw-r--r--  0 root   root      680 Feb  1 18:20 usr/share/man/man3/io_uring_prep_fgetxattr.3.gz
-rw-r--r--  0 root   root     1289 Feb  1 18:20 usr/share/man/man3/io_uring_prep_files_update.3.gz
-rw-r--r--  0 root   root      701 Feb  1 18:20 usr/share/man/man3/io_uring_prep_fsetxattr.3.gz
-rw-r--r--  0 root   root      960 Feb  1 18:20 usr/share/man/man3/io_uring_prep_fsync.3.gz
-rw-r--r--  0 root   root      679 Feb  1 18:20 usr/share/man/man3/io_uring_prep_getxattr.3.gz
-rw-r--r--  0 root   root     1063 Feb  1 18:20 usr/share/man/man3/io_uring_prep_link.3.gz
-rw-r--r--  0 root   root     1142 Feb  1 18:20 usr/share/man/man3/io_uring_prep_link_timeout.3.gz
-rw-r--r--  0 root   root     1065 Feb  1 18:20 usr/share/man/man3/io_uring_prep_linkat.3.gz
-rw-r--r--  0 root   root      720 Feb  1 18:20 usr/share/man/man3/io_uring_prep_madvise.3.gz
-rw-r--r--  0 root   root     1026 Feb  1 18:20 usr/share/man/man3/io_uring_prep_mkdir.3.gz
-rw-r--r--  0 root   root     1028 Feb  1 18:20 usr/share/man/man3/io_uring_prep_mkdirat.3.gz
-rw-r--r--  0 root   root     1145 Feb  1 18:20 usr/share/man/man3/io_uring_prep_msg_ring.3.gz
-rw-r--r--  0 root   root     1155 Feb  1 18:20 usr/share/man/man3/io_uring_prep_msg_ring_cqe_flags.3.gz
-rw-r--r--  0 root   root     1001 Feb  1 18:20 usr/share/man/man3/io_uring_prep_msg_ring_fd.3.gz
-rw-r--r--  0 root   root     1007 Feb  1 18:20 usr/share/man/man3/io_uring_prep_msg_ring_fd_alloc.3.gz
-rw-r--r--  0 root   root     2340 Feb  1 18:20 usr/share/man/man3/io_uring_prep_multishot_accept.3.gz
-rw-r--r--  0 root   root     2347 Feb  1 18:20 usr/share/man/man3/io_uring_prep_multishot_accept_direct.3.gz
-rw-r--r--  0 root   root      398 Feb  1 18:20 usr/share/man/man3/io_uring_prep_nop.3.gz
-rw-r--r--  0 root   root     1650 Feb  1 18:20 usr/share/man/man3/io_uring_prep_openat.3.gz
-rw-r--r--  0 root   root     1677 Feb  1 18:20 usr/share/man/man3/io_uring_prep_openat2.3.gz
-rw-r--r--  0 root   root     1684 Feb  1 18:20 usr/share/man/man3/io_uring_prep_openat2_direct.3.gz
-rw-r--r--  0 root   root     1657 Feb  1 18:20 usr/share/man/man3/io_uring_prep_openat_direct.3.gz
-rw-r--r--  0 root   root     1071 Feb  1 18:20 usr/share/man/man3/io_uring_prep_poll_add.3.gz
-rw-r--r--  0 root   root     1077 Feb  1 18:20 usr/share/man/man3/io_uring_prep_poll_multishot.3.gz
-rw-r--r--  0 root   root      810 Feb  1 18:20 usr/share/man/man3/io_uring_prep_poll_remove.3.gz
-rw-r--r--  0 root   root     1196 Feb  1 18:20 usr/share/man/man3/io_uring_prep_poll_update.3.gz
-rw-r--r--  0 root   root     1759 Feb  1 18:20 usr/share/man/man3/io_uring_prep_provide_buffers.3.gz
-rw-r--r--  0 root   root      980 Feb  1 18:20 usr/share/man/man3/io_uring_prep_read.3.gz
-rw-r--r--  0 root   root      909 Feb  1 18:20 usr/share/man/man3/io_uring_prep_read_fixed.3.gz
-rw-r--r--  0 root   root     1312 Feb  1 18:20 usr/share/man/man3/io_uring_prep_readv.3.gz
-rw-r--r--  0 root   root     1468 Feb  1 18:20 usr/share/man/man3/io_uring_prep_readv2.3.gz
-rw-r--r--  0 root   root     1462 Feb  1 18:20 usr/share/man/man3/io_uring_prep_recv.3.gz
-rw-r--r--  0 root   root     1472 Feb  1 18:20 usr/share/man/man3/io_uring_prep_recv_multishot.3.gz
-rw-r--r--  0 root   root     1774 Feb  1 18:20 usr/share/man/man3/io_uring_prep_recvmsg.3.gz
-rw-r--r--  0 root   root     1784 Feb  1 18:20 usr/share/man/man3/io_uring_prep_recvmsg_multishot.3.gz
-rw-r--r--  0 root   root      697 Feb  1 18:20 usr/share/man/man3/io_uring_prep_remove_buffers.3.gz
-rw-r--r--  0 root   root     1117 Feb  1 18:20 usr/share/man/man3/io_uring_prep_rename.3.gz
-rw-r--r--  0 root   root     1119 Feb  1 18:20 usr/share/man/man3/io_uring_prep_renameat.3.gz
-rw-r--r--  0 root   root      937 Feb  1 18:20 usr/share/man/man3/io_uring_prep_send.3.gz
-rw-r--r--  0 root   root      543 Feb  1 18:20 usr/share/man/man3/io_uring_prep_send_set_addr.3.gz
-rw-r--r--  0 root   root     1076 Feb  1 18:20 usr/share/man/man3/io_uring_prep_send_zc.3.gz
-rw-r--r--  0 root   root     1082 Feb  1 18:20 usr/share/man/man3/io_uring_prep_send_zc_fixed.3.gz
-rw-r--r--  0 root   root     1126 Feb  1 18:20 usr/share/man/man3/io_uring_prep_sendmsg.3.gz
-rw-r--r--  0 root   root     1129 Feb  1 18:20 usr/share/man/man3/io_uring_prep_sendmsg_zc.3.gz
-rw-r--r--  0 root   root      939 Feb  1 18:20 usr/share/man/man3/io_uring_prep_sendto.3.gz
-rw-r--r--  0 root   root      700 Feb  1 18:20 usr/share/man/man3/io_uring_prep_setxattr.3.gz
-rw-r--r--  0 root   root      681 Feb  1 18:20 usr/share/man/man3/io_uring_prep_shutdown.3.gz
-rw-r--r--  0 root   root     1326 Feb  1 18:20 usr/share/man/man3/io_uring_prep_socket.3.gz
-rw-r--r--  0 root   root     1333 Feb  1 18:20 usr/share/man/man3/io_uring_prep_socket_direct.3.gz
-rw-r--r--  0 root   root     1339 Feb  1 18:20 usr/share/man/man3/io_uring_prep_socket_direct_alloc.3.gz
-rw-r--r--  0 root   root     1163 Feb  1 18:20 usr/share/man/man3/io_uring_prep_splice.3.gz
-rw-r--r--  0 root   root     1035 Feb  1 18:20 usr/share/man/man3/io_uring_prep_statx.3.gz
-rw-r--r--  0 root   root     1032 Feb  1 18:20 usr/share/man/man3/io_uring_prep_symlink.3.gz
-rw-r--r--  0 root   root     1034 Feb  1 18:20 usr/share/man/man3/io_uring_prep_symlinkat.3.gz
-rw-r--r--  0 root   root      751 Feb  1 18:20 usr/share/man/man3/io_uring_prep_sync_file_range.3.gz
-rw-r--r--  0 root   root      857 Feb  1 18:20 usr/share/man/man3/io_uring_prep_tee.3.gz
-rw-r--r--  0 root   root     1391 Feb  1 18:20 usr/share/man/man3/io_uring_prep_timeout.3.gz
-rw-r--r--  0 root   root     1330 Feb  1 18:20 usr/share/man/man3/io_uring_prep_timeout_remove.3.gz
-rw-r--r--  0 root   root     1330 Feb  1 18:20 usr/share/man/man3/io_uring_prep_timeout_update.3.gz
-rw-r--r--  0 root   root     1029 Feb  1 18:20 usr/share/man/man3/io_uring_prep_unlink.3.gz
-rw-r--r--  0 root   root     1031 Feb  1 18:20 usr/share/man/man3/io_uring_prep_unlinkat.3.gz
-rw-r--r--  0 root   root      984 Feb  1 18:20 usr/share/man/man3/io_uring_prep_write.3.gz
-rw-r--r--  0 root   root      917 Feb  1 18:20 usr/share/man/man3/io_uring_prep_write_fixed.3.gz
-rw-r--r--  0 root   root     1318 Feb  1 18:20 usr/share/man/man3/io_uring_prep_writev.3.gz
-rw-r--r--  0 root   root     1474 Feb  1 18:20 usr/share/man/man3/io_uring_prep_writev2.3.gz
-rw-r--r--  0 root   root      473 Feb  1 18:20 usr/share/man/man3/io_uring_queue_exit.3.gz
-rw-r--r--  0 root   root     1630 Feb  1 18:20 usr/share/man/man3/io_uring_queue_init.3.gz
-rw-r--r--  0 root   root     1634 Feb  1 18:20 usr/share/man/man3/io_uring_queue_init_mem.3.gz
-rw-r--r--  0 root   root     1637 Feb  1 18:20 usr/share/man/man3/io_uring_queue_init_params.3.gz
-rw-r--r--  0 root   root      858 Feb  1 18:20 usr/share/man/man3/io_uring_recvmsg_cmsg_firsthdr.3.gz
-rw-r--r--  0 root   root      857 Feb  1 18:20 usr/share/man/man3/io_uring_recvmsg_cmsg_nexthdr.3.gz
-rw-r--r--  0 root   root      849 Feb  1 18:20 usr/share/man/man3/io_uring_recvmsg_name.3.gz
-rw-r--r--  0 root   root      848 Feb  1 18:20 usr/share/man/man3/io_uring_recvmsg_out.3.gz
-rw-r--r--  0 root   root      852 Feb  1 18:20 usr/share/man/man3/io_uring_recvmsg_payload.3.gz
-rw-r--r--  0 root   root      859 Feb  1 18:20 usr/share/man/man3/io_uring_recvmsg_payload_length.3.gz
-rw-r--r--  0 root   root      853 Feb  1 18:20 usr/share/man/man3/io_uring_recvmsg_validate.3.gz
-rw-r--r--  0 root   root     1454 Feb  1 18:20 usr/share/man/man3/io_uring_register_buf_ring.3.gz
-rw-r--r--  0 root   root     1071 Feb  1 18:20 usr/share/man/man3/io_uring_register_buffers.3.gz
-rw-r--r--  0 root   root     1078 Feb  1 18:20 usr/share/man/man3/io_uring_register_buffers_sparse.3.gz
-rw-r--r--  0 root   root     1076 Feb  1 18:20 usr/share/man/man3/io_uring_register_buffers_tags.3.gz
-rw-r--r--  0 root   root     1082 Feb  1 18:20 usr/share/man/man3/io_uring_register_buffers_update_tag.3.gz
-rw-r--r--  0 root   root      812 Feb  1 18:20 usr/share/man/man3/io_uring_register_eventfd.3.gz
-rw-r--r--  0 root   root      818 Feb  1 18:20 usr/share/man/man3/io_uring_register_eventfd_async.3.gz
-rw-r--r--  0 root   root      839 Feb  1 18:20 usr/share/man/man3/io_uring_register_file_alloc_range.3.gz
-rw-r--r--  0 root   root     1069 Feb  1 18:20 usr/share/man/man3/io_uring_register_files.3.gz
-rw-r--r--  0 root   root     1076 Feb  1 18:20 usr/share/man/man3/io_uring_register_files_sparse.3.gz
-rw-r--r--  0 root   root     1074 Feb  1 18:20 usr/share/man/man3/io_uring_register_files_tags.3.gz
-rw-r--r--  0 root   root     1076 Feb  1 18:20 usr/share/man/man3/io_uring_register_files_update.3.gz
-rw-r--r--  0 root   root     1080 Feb  1 18:20 usr/share/man/man3/io_uring_register_files_update_tag.3.gz
-rw-r--r--  0 root   root      827 Feb  1 18:20 usr/share/man/man3/io_uring_register_iowq_aff.3.gz
-rw-r--r--  0 root   root     1132 Feb  1 18:20 usr/share/man/man3/io_uring_register_iowq_max_workers.3.gz
-rw-r--r--  0 root   root      851 Feb  1 18:20 usr/share/man/man3/io_uring_register_ring_fd.3.gz
-rw-r--r--  0 root   root      877 Feb  1 18:20 usr/share/man/man3/io_uring_register_sync_cancel.3.gz
-rw-r--r--  0 root   root     1136 Feb  1 18:20 usr/share/man/man3/io_uring_setup_buf_ring.3.gz
-rw-r--r--  0 root   root      528 Feb  1 18:20 usr/share/man/man3/io_uring_sq_ready.3.gz
-rw-r--r--  0 root   root      421 Feb  1 18:20 usr/share/man/man3/io_uring_sq_space_left.3.gz
-rw-r--r--  0 root   root      573 Feb  1 18:20 usr/share/man/man3/io_uring_sqe_set_data.3.gz
-rw-r--r--  0 root   root      575 Feb  1 18:20 usr/share/man/man3/io_uring_sqe_set_data64.3.gz
-rw-r--r--  0 root   root     1660 Feb  1 18:20 usr/share/man/man3/io_uring_sqe_set_flags.3.gz
-rw-r--r--  0 root   root      615 Feb  1 18:20 usr/share/man/man3/io_uring_sqring_wait.3.gz
-rw-r--r--  0 root   root      970 Feb  1 18:20 usr/share/man/man3/io_uring_submit.3.gz
-rw-r--r--  0 root   root      521 Feb  1 18:20 usr/share/man/man3/io_uring_submit_and_get_events.3.gz
-rw-r--r--  0 root   root      556 Feb  1 18:20 usr/share/man/man3/io_uring_submit_and_wait.3.gz
-rw-r--r--  0 root   root      821 Feb  1 18:20 usr/share/man/man3/io_uring_submit_and_wait_timeout.3.gz
-rw-r--r--  0 root   root      438 Feb  1 18:20 usr/share/man/man3/io_uring_unregister_buf_ring.3.gz
-rw-r--r--  0 root   root      419 Feb  1 18:20 usr/share/man/man3/io_uring_unregister_buffers.3.gz
-rw-r--r--  0 root   root      814 Feb  1 18:20 usr/share/man/man3/io_uring_unregister_eventfd.3.gz
-rw-r--r--  0 root   root      409 Feb  1 18:20 usr/share/man/man3/io_uring_unregister_files.3.gz
-rw-r--r--  0 root   root      829 Feb  1 18:20 usr/share/man/man3/io_uring_unregister_iowq_aff.3.gz
-rw-r--r--  0 root   root      536 Feb  1 18:20 usr/share/man/man3/io_uring_unregister_ring_fd.3.gz
-rw-r--r--  0 root   root      641 Feb  1 18:20 usr/share/man/man3/io_uring_wait_cqe.3.gz
-rw-r--r--  0 root   root      666 Feb  1 18:20 usr/share/man/man3/io_uring_wait_cqe_nr.3.gz
-rw-r--r--  0 root   root      771 Feb  1 18:20 usr/share/man/man3/io_uring_wait_cqe_timeout.3.gz
-rw-r--r--  0 root   root      812 Feb  1 18:20 usr/share/man/man3/io_uring_wait_cqes.3.gz
-rw-r--r--  0 root   root    12869 Feb  1 18:20 usr/share/man/man2/io_uring_enter.2.gz
-rw-r--r--  0 root   root    12870 Feb  1 18:20 usr/share/man/man2/io_uring_enter2.2.gz
-rw-r--r--  0 root   root     7021 Feb  1 18:20 usr/share/man/man2/io_uring_register.2.gz
-rw-r--r--  0 root   root     7974 Feb  1 18:20 usr/share/man/man2/io_uring_setup.2.gz
-rwxr-xr-x  0 root   root    26072 Feb  1 18:20 usr/lib/liburing.so.2.5
-rwxr-xr-x  0 root   root    38616 Feb  1 18:20 usr/lib/liburing-ffi.so.2.5
lrwxrwxrwx  0 root   root        0 Feb  1 18:20 usr/lib/liburing.so.2 -> liburing.so.2.5
lrwxrwxrwx  0 root   root        0 Feb  1 18:20 usr/lib/liburing.so -> liburing.so.2.5
lrwxrwxrwx  0 root   root        0 Feb  1 18:20 usr/lib/liburing-ffi.so.2 -> liburing-ffi.so.2.5
lrwxrwxrwx  0 root   root        0 Feb  1 18:20 usr/lib/liburing-ffi.so -> liburing-ffi.so.2.5
drwxr-xr-x  0 root   root        0 Feb  1 18:20 usr/lib/pkgconfig/
-rw-r--r--  0 root   root      226 Feb  1 18:20 usr/lib/pkgconfig/liburing.pc
-rw-r--r--  0 root   root      234 Feb  1 18:20 usr/lib/pkgconfig/liburing-ffi.pc
drwxr-xr-x  0 root   root        0 Feb  1 18:20 usr/include/liburing/
-rw-r--r--  0 root   root    42837 Feb  1 18:20 usr/include/liburing.h
-rw-r--r--  0 root   root    18461 Feb  1 18:20 usr/include/liburing/io_uring.h
-rw-r--r--  0 root   root      276 Feb  1 18:20 usr/include/liburing/compat.h
-rw-r--r--  0 root   root     2495 Feb  1 18:20 usr/include/liburing/barrier.h
-rw-r--r--  0 root   root      164 Feb  1 18:20 usr/include/liburing/io_uring_version.h
=======> Building '/home/devel/packages/liburing#2.5-1.x86_64.pkg.tar.zst' succeeded.
prt-get: Using PKGMK_PACKAGE_DIR: /home/devel/packages
prt-get: reinstalling liburing 2.5-1
prt-get: /usr/bin/pkgadd -u liburing#2.5-1.x86_64.pkg.tar.zst
prt-get: build done Thu Feb  1 18:20:04 2024

