prt-get: updating /usr/ports/wayland-x86_64/libxau
prt-get: starting build Thu Feb  1 18:21:21 2024
=======> Building '/home/devel/packages/libxau#1.0.11-1.x86_64.pkg.tar.zst'.
bsdtar -p -o -C /home/devel/building/work/src -xf /home/devel/sources/libXau-1.0.11.tar.xz
+ build
+ cd libXau-1.0.11
+ ./configure --prefix=/usr --disable-static
checking for gcc... gcc
checking whether the C compiler works... yes
checking for C compiler default output file name... a.out
checking for suffix of executables... 
checking whether we are cross compiling... no
checking for suffix of object files... o
checking whether the compiler supports GNU C... yes
checking whether gcc accepts -g... yes
checking for gcc option to enable C11 features... none needed
checking whether gcc understands -c and -o together... yes
checking for stdio.h... yes
checking for stdlib.h... yes
checking for string.h... yes
checking for inttypes.h... yes
checking for stdint.h... yes
checking for strings.h... yes
checking for sys/stat.h... yes
checking for sys/types.h... yes
checking for unistd.h... yes
checking for wchar.h... yes
checking for minix/config.h... no
checking whether it is safe to define __EXTENSIONS__... yes
checking whether _XOPEN_SOURCE should be defined... no
checking for a BSD-compatible install... /usr/bin/install -c
checking whether build environment is sane... yes
checking for a race-free mkdir -p... /bin/mkdir -p
checking for gawk... gawk
checking whether make sets $(MAKE)... yes
checking whether make supports the include directive... yes (GNU style)
checking whether make supports nested variables... yes
checking dependency style of gcc... gcc3
checking build system type... x86_64-pc-linux-gnu
checking host system type... x86_64-pc-linux-gnu
checking how to print strings... printf
checking for a sed that does not truncate output... /bin/sed
checking for grep that handles long lines and -e... /usr/bin/grep
checking for egrep... /usr/bin/grep -E
checking for fgrep... /usr/bin/grep -F
checking for ld used by gcc... /usr/bin/ld
checking if the linker (/usr/bin/ld) is GNU ld... yes
checking for BSD- or MS-compatible name lister (nm)... /usr/bin/nm -B
checking the name lister (/usr/bin/nm -B) interface... BSD nm
checking whether ln -s works... yes
checking the maximum length of command line arguments... 1572864
checking how to convert x86_64-pc-linux-gnu file names to x86_64-pc-linux-gnu format... func_convert_file_noop
checking how to convert x86_64-pc-linux-gnu file names to toolchain format... func_convert_file_noop
checking for /usr/bin/ld option to reload object files... -r
checking for file... file
checking for objdump... objdump
checking how to recognize dependent libraries... pass_all
checking for dlltool... dlltool
checking how to associate runtime and link libraries... printf %s\n
checking for ar... ar
checking for archiver @FILE support... @
checking for strip... strip
checking for ranlib... ranlib
checking command to parse /usr/bin/nm -B output from gcc object... ok
checking for sysroot... no
checking for a working dd... /bin/dd
checking how to truncate binary pipes... /bin/dd bs=4096 count=1
checking for mt... no
checking if : is a manifest tool... no
checking for dlfcn.h... yes
checking for objdir... .libs
checking if gcc supports -fno-rtti -fno-exceptions... no
checking for gcc option to produce PIC... -fPIC -DPIC
checking if gcc PIC flag -fPIC -DPIC works... yes
checking if gcc static flag -static works... yes
checking if gcc supports -c -o file.o... yes
checking if gcc supports -c -o file.o... (cached) yes
checking whether the gcc linker (/usr/bin/ld -m elf_x86_64) supports shared libraries... yes
checking whether -lc should be explicitly linked in... no
checking dynamic linker characteristics... GNU/Linux ld.so
checking how to hardcode library paths into programs... immediate
checking whether stripping libraries is possible... yes
checking if libtool supports shared libraries... yes
checking whether to build shared libraries... yes
checking whether to build static libraries... no
checking for gcc options needed to detect all undeclared functions... none needed
checking whether __clang__ is declared... no
checking whether __INTEL_COMPILER is declared... no
checking whether __SUNPRO_C is declared... no
checking for pkg-config... /usr/bin/pkg-config
checking pkg-config is at least version 0.9.0... yes
checking if gcc supports -Werror=unknown-warning-option... no
checking if gcc supports -Werror=unused-command-line-argument... no
checking if gcc supports -Wall... yes
checking if gcc supports -Wpointer-arith... yes
checking if gcc supports -Wmissing-declarations... yes
checking if gcc supports -Wformat=2... yes
checking if gcc supports -Wstrict-prototypes... yes
checking if gcc supports -Wmissing-prototypes... yes
checking if gcc supports -Wnested-externs... yes
checking if gcc supports -Wbad-function-cast... yes
checking if gcc supports -Wold-style-definition... yes
checking if gcc supports -Wdeclaration-after-statement... yes
checking if gcc supports -Wunused... yes
checking if gcc supports -Wuninitialized... yes
checking if gcc supports -Wshadow... yes
checking if gcc supports -Wmissing-noreturn... yes
checking if gcc supports -Wmissing-format-attribute... yes
checking if gcc supports -Wredundant-decls... yes
checking if gcc supports -Wlogical-op... yes
checking if gcc supports -Werror=implicit... yes
checking if gcc supports -Werror=nonnull... yes
checking if gcc supports -Werror=init-self... yes
checking if gcc supports -Werror=main... yes
checking if gcc supports -Werror=missing-braces... yes
checking if gcc supports -Werror=sequence-point... yes
checking if gcc supports -Werror=return-type... yes
checking if gcc supports -Werror=trigraphs... yes
checking if gcc supports -Werror=array-bounds... yes
checking if gcc supports -Werror=write-strings... yes
checking if gcc supports -Werror=address... yes
checking if gcc supports -Werror=int-to-pointer-cast... yes
checking if gcc supports -Werror=pointer-to-int-cast... yes
checking if gcc supports -pedantic... yes
checking if gcc supports -Werror... yes
checking if gcc supports -Werror=attributes... yes
Package xorg-macros was not found in the pkg-config search path.
Perhaps you should add the directory containing `xorg-macros.pc'
to the PKG_CONFIG_PATH environment variable
Package 'xorg-macros', required by 'virtual:world', not found
checking whether make supports nested variables... (cached) yes
checking whether ln -s works... yes
checking for explicit_bzero... yes
checking for pathconf... yes
checking for XAU... yes
checking for special C compiler options needed for large files... no
checking for _FILE_OFFSET_BITS value needed for large files... no
checking for gethostbyname_r in -lc... yes
checking that generated files are newer than configure... done
configure: creating ./config.status
config.status: creating Makefile
config.status: creating man/Makefile
config.status: creating xau.pc
config.status: creating config.h
config.status: executing depfiles commands
config.status: executing libtool commands
+ make V=1
make  all-recursive
make[1]: Entering directory '/home/devel/building/work/src/libXau-1.0.11'
Making all in man
make[2]: Entering directory '/home/devel/building/work/src/libXau-1.0.11/man'
/bin/sed -e 's|__vendorversion__|"libXau 1.0.11" "X Version 11"|' 	-e 's|__xorgversion__|"libXau 1.0.11" "X Version 11"|' 	-e 's|__xservername__|Xorg|g' 	-e 's|__xconfigfile__|xorg.conf|g' 	-e 's|__projectroot__|/usr|g' 	-e 's|__apploaddir__||g' 	-e 's|__appmansuffix__|1|g' 	-e 's|__drivermansuffix__|4|g' 	-e 's|__adminmansuffix__|8|g' 	-e 's|__libmansuffix__|3|g' 	-e 's|__miscmansuffix__|7|g' 	-e 's|__filemansuffix__|5|g' < Xau.man > Xau.3
/bin/sed -e 's|__vendorversion__|"libXau 1.0.11" "X Version 11"|' 	-e 's|__xorgversion__|"libXau 1.0.11" "X Version 11"|' 	-e 's|__xservername__|Xorg|g' 	-e 's|__xconfigfile__|xorg.conf|g' 	-e 's|__projectroot__|/usr|g' 	-e 's|__apploaddir__||g' 	-e 's|__appmansuffix__|1|g' 	-e 's|__drivermansuffix__|4|g' 	-e 's|__adminmansuffix__|8|g' 	-e 's|__libmansuffix__|3|g' 	-e 's|__miscmansuffix__|7|g' 	-e 's|__filemansuffix__|5|g' < XauDisposeAuth.man > XauDisposeAuth.3
/bin/sed -e 's|__vendorversion__|"libXau 1.0.11" "X Version 11"|' 	-e 's|__xorgversion__|"libXau 1.0.11" "X Version 11"|' 	-e 's|__xservername__|Xorg|g' 	-e 's|__xconfigfile__|xorg.conf|g' 	-e 's|__projectroot__|/usr|g' 	-e 's|__apploaddir__||g' 	-e 's|__appmansuffix__|1|g' 	-e 's|__drivermansuffix__|4|g' 	-e 's|__adminmansuffix__|8|g' 	-e 's|__libmansuffix__|3|g' 	-e 's|__miscmansuffix__|7|g' 	-e 's|__filemansuffix__|5|g' < XauFileName.man > XauFileName.3
/bin/sed -e 's|__vendorversion__|"libXau 1.0.11" "X Version 11"|' 	-e 's|__xorgversion__|"libXau 1.0.11" "X Version 11"|' 	-e 's|__xservername__|Xorg|g' 	-e 's|__xconfigfile__|xorg.conf|g' 	-e 's|__projectroot__|/usr|g' 	-e 's|__apploaddir__||g' 	-e 's|__appmansuffix__|1|g' 	-e 's|__drivermansuffix__|4|g' 	-e 's|__adminmansuffix__|8|g' 	-e 's|__libmansuffix__|3|g' 	-e 's|__miscmansuffix__|7|g' 	-e 's|__filemansuffix__|5|g' < XauGetAuthByAddr.man > XauGetAuthByAddr.3
/bin/sed -e 's|__vendorversion__|"libXau 1.0.11" "X Version 11"|' 	-e 's|__xorgversion__|"libXau 1.0.11" "X Version 11"|' 	-e 's|__xservername__|Xorg|g' 	-e 's|__xconfigfile__|xorg.conf|g' 	-e 's|__projectroot__|/usr|g' 	-e 's|__apploaddir__||g' 	-e 's|__appmansuffix__|1|g' 	-e 's|__drivermansuffix__|4|g' 	-e 's|__adminmansuffix__|8|g' 	-e 's|__libmansuffix__|3|g' 	-e 's|__miscmansuffix__|7|g' 	-e 's|__filemansuffix__|5|g' < XauGetBestAuthByAddr.man > XauGetBestAuthByAddr.3
/bin/sed -e 's|__vendorversion__|"libXau 1.0.11" "X Version 11"|' 	-e 's|__xorgversion__|"libXau 1.0.11" "X Version 11"|' 	-e 's|__xservername__|Xorg|g' 	-e 's|__xconfigfile__|xorg.conf|g' 	-e 's|__projectroot__|/usr|g' 	-e 's|__apploaddir__||g' 	-e 's|__appmansuffix__|1|g' 	-e 's|__drivermansuffix__|4|g' 	-e 's|__adminmansuffix__|8|g' 	-e 's|__libmansuffix__|3|g' 	-e 's|__miscmansuffix__|7|g' 	-e 's|__filemansuffix__|5|g' < XauLockAuth.man > XauLockAuth.3
/bin/sed -e 's|__vendorversion__|"libXau 1.0.11" "X Version 11"|' 	-e 's|__xorgversion__|"libXau 1.0.11" "X Version 11"|' 	-e 's|__xservername__|Xorg|g' 	-e 's|__xconfigfile__|xorg.conf|g' 	-e 's|__projectroot__|/usr|g' 	-e 's|__apploaddir__||g' 	-e 's|__appmansuffix__|1|g' 	-e 's|__drivermansuffix__|4|g' 	-e 's|__adminmansuffix__|8|g' 	-e 's|__libmansuffix__|3|g' 	-e 's|__miscmansuffix__|7|g' 	-e 's|__filemansuffix__|5|g' < XauReadAuth.man > XauReadAuth.3
/bin/sed -e 's|__vendorversion__|"libXau 1.0.11" "X Version 11"|' 	-e 's|__xorgversion__|"libXau 1.0.11" "X Version 11"|' 	-e 's|__xservername__|Xorg|g' 	-e 's|__xconfigfile__|xorg.conf|g' 	-e 's|__projectroot__|/usr|g' 	-e 's|__apploaddir__||g' 	-e 's|__appmansuffix__|1|g' 	-e 's|__drivermansuffix__|4|g' 	-e 's|__adminmansuffix__|8|g' 	-e 's|__libmansuffix__|3|g' 	-e 's|__miscmansuffix__|7|g' 	-e 's|__filemansuffix__|5|g' < XauUnlockAuth.man > XauUnlockAuth.3
/bin/sed -e 's|__vendorversion__|"libXau 1.0.11" "X Version 11"|' 	-e 's|__xorgversion__|"libXau 1.0.11" "X Version 11"|' 	-e 's|__xservername__|Xorg|g' 	-e 's|__xconfigfile__|xorg.conf|g' 	-e 's|__projectroot__|/usr|g' 	-e 's|__apploaddir__||g' 	-e 's|__appmansuffix__|1|g' 	-e 's|__drivermansuffix__|4|g' 	-e 's|__adminmansuffix__|8|g' 	-e 's|__libmansuffix__|3|g' 	-e 's|__miscmansuffix__|7|g' 	-e 's|__filemansuffix__|5|g' < XauWriteAuth.man > XauWriteAuth.3
make[2]: Leaving directory '/home/devel/building/work/src/libXau-1.0.11/man'
make[2]: Entering directory '/home/devel/building/work/src/libXau-1.0.11'
/bin/sh ./libtool  --tag=CC   --mode=compile gcc -DHAVE_CONFIG_H -I.  -I./include   -Wall -Wpointer-arith -Wmissing-declarations -Wformat=2 -Wstrict-prototypes -Wmissing-prototypes -Wnested-externs -Wbad-function-cast -Wold-style-definition -Wdeclaration-after-statement -Wunused -Wuninitialized -Wshadow -Wmissing-noreturn -Wmissing-format-attribute -Wredundant-decls -Wlogical-op -Werror=implicit -Werror=nonnull -Werror=init-self -Werror=main -Werror=missing-braces -Werror=sequence-point -Werror=return-type -Werror=trigraphs -Werror=array-bounds -Werror=write-strings -Werror=address -Werror=int-to-pointer-cast -Werror=pointer-to-int-cast -fno-strict-aliasing -O2 -m64 -march=x86-64 -mtune=generic -flto=auto -ffat-lto-objects -MT AuDispose.lo -MD -MP -MF .deps/AuDispose.Tpo -c -o AuDispose.lo AuDispose.c
/bin/sh ./libtool  --tag=CC   --mode=compile gcc -DHAVE_CONFIG_H -I.  -I./include   -Wall -Wpointer-arith -Wmissing-declarations -Wformat=2 -Wstrict-prototypes -Wmissing-prototypes -Wnested-externs -Wbad-function-cast -Wold-style-definition -Wdeclaration-after-statement -Wunused -Wuninitialized -Wshadow -Wmissing-noreturn -Wmissing-format-attribute -Wredundant-decls -Wlogical-op -Werror=implicit -Werror=nonnull -Werror=init-self -Werror=main -Werror=missing-braces -Werror=sequence-point -Werror=return-type -Werror=trigraphs -Werror=array-bounds -Werror=write-strings -Werror=address -Werror=int-to-pointer-cast -Werror=pointer-to-int-cast -fno-strict-aliasing -O2 -m64 -march=x86-64 -mtune=generic -flto=auto -ffat-lto-objects -MT AuFileName.lo -MD -MP -MF .deps/AuFileName.Tpo -c -o AuFileName.lo AuFileName.c
/bin/sh ./libtool  --tag=CC   --mode=compile gcc -DHAVE_CONFIG_H -I.  -I./include   -Wall -Wpointer-arith -Wmissing-declarations -Wformat=2 -Wstrict-prototypes -Wmissing-prototypes -Wnested-externs -Wbad-function-cast -Wold-style-definition -Wdeclaration-after-statement -Wunused -Wuninitialized -Wshadow -Wmissing-noreturn -Wmissing-format-attribute -Wredundant-decls -Wlogical-op -Werror=implicit -Werror=nonnull -Werror=init-self -Werror=main -Werror=missing-braces -Werror=sequence-point -Werror=return-type -Werror=trigraphs -Werror=array-bounds -Werror=write-strings -Werror=address -Werror=int-to-pointer-cast -Werror=pointer-to-int-cast -fno-strict-aliasing -O2 -m64 -march=x86-64 -mtune=generic -flto=auto -ffat-lto-objects -MT AuGetAddr.lo -MD -MP -MF .deps/AuGetAddr.Tpo -c -o AuGetAddr.lo AuGetAddr.c
/bin/sh ./libtool  --tag=CC   --mode=compile gcc -DHAVE_CONFIG_H -I.  -I./include   -Wall -Wpointer-arith -Wmissing-declarations -Wformat=2 -Wstrict-prototypes -Wmissing-prototypes -Wnested-externs -Wbad-function-cast -Wold-style-definition -Wdeclaration-after-statement -Wunused -Wuninitialized -Wshadow -Wmissing-noreturn -Wmissing-format-attribute -Wredundant-decls -Wlogical-op -Werror=implicit -Werror=nonnull -Werror=init-self -Werror=main -Werror=missing-braces -Werror=sequence-point -Werror=return-type -Werror=trigraphs -Werror=array-bounds -Werror=write-strings -Werror=address -Werror=int-to-pointer-cast -Werror=pointer-to-int-cast -fno-strict-aliasing -O2 -m64 -march=x86-64 -mtune=generic -flto=auto -ffat-lto-objects -MT AuGetBest.lo -MD -MP -MF .deps/AuGetBest.Tpo -c -o AuGetBest.lo AuGetBest.c
/bin/sh ./libtool  --tag=CC   --mode=compile gcc -DHAVE_CONFIG_H -I.  -I./include   -Wall -Wpointer-arith -Wmissing-declarations -Wformat=2 -Wstrict-prototypes -Wmissing-prototypes -Wnested-externs -Wbad-function-cast -Wold-style-definition -Wdeclaration-after-statement -Wunused -Wuninitialized -Wshadow -Wmissing-noreturn -Wmissing-format-attribute -Wredundant-decls -Wlogical-op -Werror=implicit -Werror=nonnull -Werror=init-self -Werror=main -Werror=missing-braces -Werror=sequence-point -Werror=return-type -Werror=trigraphs -Werror=array-bounds -Werror=write-strings -Werror=address -Werror=int-to-pointer-cast -Werror=pointer-to-int-cast -fno-strict-aliasing -O2 -m64 -march=x86-64 -mtune=generic -flto=auto -ffat-lto-objects -MT AuLock.lo -MD -MP -MF .deps/AuLock.Tpo -c -o AuLock.lo AuLock.c
/bin/sh ./libtool  --tag=CC   --mode=compile gcc -DHAVE_CONFIG_H -I.  -I./include   -Wall -Wpointer-arith -Wmissing-declarations -Wformat=2 -Wstrict-prototypes -Wmissing-prototypes -Wnested-externs -Wbad-function-cast -Wold-style-definition -Wdeclaration-after-statement -Wunused -Wuninitialized -Wshadow -Wmissing-noreturn -Wmissing-format-attribute -Wredundant-decls -Wlogical-op -Werror=implicit -Werror=nonnull -Werror=init-self -Werror=main -Werror=missing-braces -Werror=sequence-point -Werror=return-type -Werror=trigraphs -Werror=array-bounds -Werror=write-strings -Werror=address -Werror=int-to-pointer-cast -Werror=pointer-to-int-cast -fno-strict-aliasing -O2 -m64 -march=x86-64 -mtune=generic -flto=auto -ffat-lto-objects -MT AuRead.lo -MD -MP -MF .deps/AuRead.Tpo -c -o AuRead.lo AuRead.c
/bin/sh ./libtool  --tag=CC   --mode=compile gcc -DHAVE_CONFIG_H -I.  -I./include   -Wall -Wpointer-arith -Wmissing-declarations -Wformat=2 -Wstrict-prototypes -Wmissing-prototypes -Wnested-externs -Wbad-function-cast -Wold-style-definition -Wdeclaration-after-statement -Wunused -Wuninitialized -Wshadow -Wmissing-noreturn -Wmissing-format-attribute -Wredundant-decls -Wlogical-op -Werror=implicit -Werror=nonnull -Werror=init-self -Werror=main -Werror=missing-braces -Werror=sequence-point -Werror=return-type -Werror=trigraphs -Werror=array-bounds -Werror=write-strings -Werror=address -Werror=int-to-pointer-cast -Werror=pointer-to-int-cast -fno-strict-aliasing -O2 -m64 -march=x86-64 -mtune=generic -flto=auto -ffat-lto-objects -MT AuUnlock.lo -MD -MP -MF .deps/AuUnlock.Tpo -c -o AuUnlock.lo AuUnlock.c
/bin/sh ./libtool  --tag=CC   --mode=compile gcc -DHAVE_CONFIG_H -I.  -I./include   -Wall -Wpointer-arith -Wmissing-declarations -Wformat=2 -Wstrict-prototypes -Wmissing-prototypes -Wnested-externs -Wbad-function-cast -Wold-style-definition -Wdeclaration-after-statement -Wunused -Wuninitialized -Wshadow -Wmissing-noreturn -Wmissing-format-attribute -Wredundant-decls -Wlogical-op -Werror=implicit -Werror=nonnull -Werror=init-self -Werror=main -Werror=missing-braces -Werror=sequence-point -Werror=return-type -Werror=trigraphs -Werror=array-bounds -Werror=write-strings -Werror=address -Werror=int-to-pointer-cast -Werror=pointer-to-int-cast -fno-strict-aliasing -O2 -m64 -march=x86-64 -mtune=generic -flto=auto -ffat-lto-objects -MT AuWrite.lo -MD -MP -MF .deps/AuWrite.Tpo -c -o AuWrite.lo AuWrite.c
libtool: compile:  gcc -DHAVE_CONFIG_H -I. -I./include -Wall -Wpointer-arith -Wmissing-declarations -Wformat=2 -Wstrict-prototypes -Wmissing-prototypes -Wnested-externs -Wbad-function-cast -Wold-style-definition -Wdeclaration-after-statement -Wunused -Wuninitialized -Wshadow -Wmissing-noreturn -Wmissing-format-attribute -Wredundant-decls -Wlogical-op -Werror=implicit -Werror=nonnull -Werror=init-self -Werror=main -Werror=missing-braces -Werror=sequence-point -Werror=return-type -Werror=trigraphs -Werror=array-bounds -Werror=write-strings -Werror=address -Werror=int-to-pointer-cast -Werror=pointer-to-int-cast -fno-strict-aliasing -O2 -m64 -march=x86-64 -mtune=generic -flto=auto -ffat-lto-objects -MT AuLock.lo -MD -MP -MF .deps/AuLock.Tpo -c AuLock.c  -fPIC -DPIC -o .libs/AuLock.o
libtool: compile:  gcc -DHAVE_CONFIG_H -I. -I./include -Wall -Wpointer-arith -Wmissing-declarations -Wformat=2 -Wstrict-prototypes -Wmissing-prototypes -Wnested-externs -Wbad-function-cast -Wold-style-definition -Wdeclaration-after-statement -Wunused -Wuninitialized -Wshadow -Wmissing-noreturn -Wmissing-format-attribute -Wredundant-decls -Wlogical-op -Werror=implicit -Werror=nonnull -Werror=init-self -Werror=main -Werror=missing-braces -Werror=sequence-point -Werror=return-type -Werror=trigraphs -Werror=array-bounds -Werror=write-strings -Werror=address -Werror=int-to-pointer-cast -Werror=pointer-to-int-cast -fno-strict-aliasing -O2 -m64 -march=x86-64 -mtune=generic -flto=auto -ffat-lto-objects -MT AuRead.lo -MD -MP -MF .deps/AuRead.Tpo -c AuRead.c  -fPIC -DPIC -o .libs/AuRead.o
libtool: compile:  gcc -DHAVE_CONFIG_H -I. -I./include -Wall -Wpointer-arith -Wmissing-declarations -Wformat=2 -Wstrict-prototypes -Wmissing-prototypes -Wnested-externs -Wbad-function-cast -Wold-style-definition -Wdeclaration-after-statement -Wunused -Wuninitialized -Wshadow -Wmissing-noreturn -Wmissing-format-attribute -Wredundant-decls -Wlogical-op -Werror=implicit -Werror=nonnull -Werror=init-self -Werror=main -Werror=missing-braces -Werror=sequence-point -Werror=return-type -Werror=trigraphs -Werror=array-bounds -Werror=write-strings -Werror=address -Werror=int-to-pointer-cast -Werror=pointer-to-int-cast -fno-strict-aliasing -O2 -m64 -march=x86-64 -mtune=generic -flto=auto -ffat-lto-objects -MT AuGetBest.lo -MD -MP -MF .deps/AuGetBest.Tpo -c AuGetBest.c  -fPIC -DPIC -o .libs/AuGetBest.o
libtool: compile:  gcc -DHAVE_CONFIG_H -I. -I./include -Wall -Wpointer-arith -Wmissing-declarations -Wformat=2 -Wstrict-prototypes -Wmissing-prototypes -Wnested-externs -Wbad-function-cast -Wold-style-definition -Wdeclaration-after-statement -Wunused -Wuninitialized -Wshadow -Wmissing-noreturn -Wmissing-format-attribute -Wredundant-decls -Wlogical-op -Werror=implicit -Werror=nonnull -Werror=init-self -Werror=main -Werror=missing-braces -Werror=sequence-point -Werror=return-type -Werror=trigraphs -Werror=array-bounds -Werror=write-strings -Werror=address -Werror=int-to-pointer-cast -Werror=pointer-to-int-cast -fno-strict-aliasing -O2 -m64 -march=x86-64 -mtune=generic -flto=auto -ffat-lto-objects -MT AuGetAddr.lo -MD -MP -MF .deps/AuGetAddr.Tpo -c AuGetAddr.c  -fPIC -DPIC -o .libs/AuGetAddr.o
libtool: compile:  gcc -DHAVE_CONFIG_H -I. -I./include -Wall -Wpointer-arith -Wmissing-declarations -Wformat=2 -Wstrict-prototypes -Wmissing-prototypes -Wnested-externs -Wbad-function-cast -Wold-style-definition -Wdeclaration-after-statement -Wunused -Wuninitialized -Wshadow -Wmissing-noreturn -Wmissing-format-attribute -Wredundant-decls -Wlogical-op -Werror=implicit -Werror=nonnull -Werror=init-self -Werror=main -Werror=missing-braces -Werror=sequence-point -Werror=return-type -Werror=trigraphs -Werror=array-bounds -Werror=write-strings -Werror=address -Werror=int-to-pointer-cast -Werror=pointer-to-int-cast -fno-strict-aliasing -O2 -m64 -march=x86-64 -mtune=generic -flto=auto -ffat-lto-objects -MT AuFileName.lo -MD -MP -MF .deps/AuFileName.Tpo -c AuFileName.c  -fPIC -DPIC -o .libs/AuFileName.o
libtool: compile:  gcc -DHAVE_CONFIG_H -I. -I./include -Wall -Wpointer-arith -Wmissing-declarations -Wformat=2 -Wstrict-prototypes -Wmissing-prototypes -Wnested-externs -Wbad-function-cast -Wold-style-definition -Wdeclaration-after-statement -Wunused -Wuninitialized -Wshadow -Wmissing-noreturn -Wmissing-format-attribute -Wredundant-decls -Wlogical-op -Werror=implicit -Werror=nonnull -Werror=init-self -Werror=main -Werror=missing-braces -Werror=sequence-point -Werror=return-type -Werror=trigraphs -Werror=array-bounds -Werror=write-strings -Werror=address -Werror=int-to-pointer-cast -Werror=pointer-to-int-cast -fno-strict-aliasing -O2 -m64 -march=x86-64 -mtune=generic -flto=auto -ffat-lto-objects -MT AuUnlock.lo -MD -MP -MF .deps/AuUnlock.Tpo -c AuUnlock.c  -fPIC -DPIC -o .libs/AuUnlock.o
libtool: compile:  gcc -DHAVE_CONFIG_H -I. -I./include -Wall -Wpointer-arith -Wmissing-declarations -Wformat=2 -Wstrict-prototypes -Wmissing-prototypes -Wnested-externs -Wbad-function-cast -Wold-style-definition -Wdeclaration-after-statement -Wunused -Wuninitialized -Wshadow -Wmissing-noreturn -Wmissing-format-attribute -Wredundant-decls -Wlogical-op -Werror=implicit -Werror=nonnull -Werror=init-self -Werror=main -Werror=missing-braces -Werror=sequence-point -Werror=return-type -Werror=trigraphs -Werror=array-bounds -Werror=write-strings -Werror=address -Werror=int-to-pointer-cast -Werror=pointer-to-int-cast -fno-strict-aliasing -O2 -m64 -march=x86-64 -mtune=generic -flto=auto -ffat-lto-objects -MT AuDispose.lo -MD -MP -MF .deps/AuDispose.Tpo -c AuDispose.c  -fPIC -DPIC -o .libs/AuDispose.o
libtool: compile:  gcc -DHAVE_CONFIG_H -I. -I./include -Wall -Wpointer-arith -Wmissing-declarations -Wformat=2 -Wstrict-prototypes -Wmissing-prototypes -Wnested-externs -Wbad-function-cast -Wold-style-definition -Wdeclaration-after-statement -Wunused -Wuninitialized -Wshadow -Wmissing-noreturn -Wmissing-format-attribute -Wredundant-decls -Wlogical-op -Werror=implicit -Werror=nonnull -Werror=init-self -Werror=main -Werror=missing-braces -Werror=sequence-point -Werror=return-type -Werror=trigraphs -Werror=array-bounds -Werror=write-strings -Werror=address -Werror=int-to-pointer-cast -Werror=pointer-to-int-cast -fno-strict-aliasing -O2 -m64 -march=x86-64 -mtune=generic -flto=auto -ffat-lto-objects -MT AuWrite.lo -MD -MP -MF .deps/AuWrite.Tpo -c AuWrite.c  -fPIC -DPIC -o .libs/AuWrite.o
mv -f .deps/AuRead.Tpo .deps/AuRead.Plo
mv -f .deps/AuLock.Tpo .deps/AuLock.Plo
mv -f .deps/AuFileName.Tpo .deps/AuFileName.Plo
mv -f .deps/AuUnlock.Tpo .deps/AuUnlock.Plo
mv -f .deps/AuGetAddr.Tpo .deps/AuGetAddr.Plo
mv -f .deps/AuGetBest.Tpo .deps/AuGetBest.Plo
mv -f .deps/AuDispose.Tpo .deps/AuDispose.Plo
mv -f .deps/AuWrite.Tpo .deps/AuWrite.Plo
/bin/sh ./libtool  --tag=CC   --mode=link gcc  -Wall -Wpointer-arith -Wmissing-declarations -Wformat=2 -Wstrict-prototypes -Wmissing-prototypes -Wnested-externs -Wbad-function-cast -Wold-style-definition -Wdeclaration-after-statement -Wunused -Wuninitialized -Wshadow -Wmissing-noreturn -Wmissing-format-attribute -Wredundant-decls -Wlogical-op -Werror=implicit -Werror=nonnull -Werror=init-self -Werror=main -Werror=missing-braces -Werror=sequence-point -Werror=return-type -Werror=trigraphs -Werror=array-bounds -Werror=write-strings -Werror=address -Werror=int-to-pointer-cast -Werror=pointer-to-int-cast -fno-strict-aliasing -O2 -m64 -march=x86-64 -mtune=generic -flto=auto -ffat-lto-objects -version-number 6:0:0 -no-undefined  -o libXau.la -rpath /usr/lib AuDispose.lo AuFileName.lo AuGetAddr.lo AuGetBest.lo AuLock.lo AuRead.lo AuUnlock.lo AuWrite.lo  
libtool: link: gcc -shared  -fPIC -DPIC  .libs/AuDispose.o .libs/AuFileName.o .libs/AuGetAddr.o .libs/AuGetBest.o .libs/AuLock.o .libs/AuRead.o .libs/AuUnlock.o .libs/AuWrite.o    -O2 -m64 -march=x86-64 -mtune=generic -flto=auto   -Wl,-soname -Wl,libXau.so.6 -o .libs/libXau.so.6.0.0
libtool: link: (cd ".libs" && rm -f "libXau.so.6" && ln -s "libXau.so.6.0.0" "libXau.so.6")
libtool: link: (cd ".libs" && rm -f "libXau.so" && ln -s "libXau.so.6.0.0" "libXau.so")
libtool: link: ( cd ".libs" && rm -f "libXau.la" && ln -s "../libXau.la" "libXau.la" )
make[2]: Leaving directory '/home/devel/building/work/src/libXau-1.0.11'
make[1]: Leaving directory '/home/devel/building/work/src/libXau-1.0.11'
+ make DESTDIR=/home/devel/building/work/pkg install
Making install in man
make[1]: Entering directory '/home/devel/building/work/src/libXau-1.0.11/man'
make[2]: Entering directory '/home/devel/building/work/src/libXau-1.0.11/man'
make[2]: Nothing to be done for 'install-exec-am'.
 /bin/mkdir -p '/home/devel/building/work/pkg/usr/share/man/man3'
 /usr/bin/install -c -m 644 Xau.3 XauDisposeAuth.3 XauFileName.3 XauGetAuthByAddr.3 XauGetBestAuthByAddr.3 XauLockAuth.3 XauReadAuth.3 XauUnlockAuth.3 XauWriteAuth.3 '/home/devel/building/work/pkg/usr/share/man/man3'
make[2]: Leaving directory '/home/devel/building/work/src/libXau-1.0.11/man'
make[1]: Leaving directory '/home/devel/building/work/src/libXau-1.0.11/man'
make[1]: Entering directory '/home/devel/building/work/src/libXau-1.0.11'
make[2]: Entering directory '/home/devel/building/work/src/libXau-1.0.11'
 /bin/mkdir -p '/home/devel/building/work/pkg/usr/lib/pkgconfig'
 /bin/mkdir -p '/home/devel/building/work/pkg/usr/include/X11'
 /bin/mkdir -p '/home/devel/building/work/pkg/usr/lib'
 /bin/sh ./libtool   --mode=install /usr/bin/install -c   libXau.la '/home/devel/building/work/pkg/usr/lib'
 /usr/bin/install -c -m 644 xau.pc '/home/devel/building/work/pkg/usr/lib/pkgconfig'
 /usr/bin/install -c -m 644 include/X11/Xauth.h '/home/devel/building/work/pkg/usr/include/X11'
libtool: install: /usr/bin/install -c .libs/libXau.so.6.0.0 /home/devel/building/work/pkg/usr/lib/libXau.so.6.0.0
libtool: install: (cd /home/devel/building/work/pkg/usr/lib && { ln -s -f libXau.so.6.0.0 libXau.so.6 || { rm -f libXau.so.6 && ln -s libXau.so.6.0.0 libXau.so.6; }; })
libtool: install: (cd /home/devel/building/work/pkg/usr/lib && { ln -s -f libXau.so.6.0.0 libXau.so || { rm -f libXau.so && ln -s libXau.so.6.0.0 libXau.so; }; })
libtool: install: /usr/bin/install -c .libs/libXau.lai /home/devel/building/work/pkg/usr/lib/libXau.la
libtool: warning: remember to run 'libtool --finish /usr/lib'
make[2]: Leaving directory '/home/devel/building/work/src/libXau-1.0.11'
make[1]: Leaving directory '/home/devel/building/work/src/libXau-1.0.11'
+ find /home/devel/building/work/pkg -type f -name '*.la' -delete
=======> Build result:
drwxr-xr-x  0 root   root        0 Feb  1 18:21 usr/
drwxr-xr-x  0 root   root        0 Feb  1 18:21 usr/share/
drwxr-xr-x  0 root   root        0 Feb  1 18:21 usr/lib/
drwxr-xr-x  0 root   root        0 Feb  1 18:21 usr/include/
drwxr-xr-x  0 root   root        0 Feb  1 18:21 usr/include/X11/
-rw-r--r--  0 root   root     3818 Feb  1 18:21 usr/include/X11/Xauth.h
drwxr-xr-x  0 root   root        0 Feb  1 18:21 usr/lib/pkgconfig/
-rwxr-xr-x  0 root   root    14512 Feb  1 18:21 usr/lib/libXau.so.6.0.0
lrwxrwxrwx  0 root   root        0 Feb  1 18:21 usr/lib/libXau.so.6 -> libXau.so.6.0.0
lrwxrwxrwx  0 root   root        0 Feb  1 18:21 usr/lib/libXau.so -> libXau.so.6.0.0
-rw-r--r--  0 root   root      234 Feb  1 18:21 usr/lib/pkgconfig/xau.pc
drwxr-xr-x  0 root   root        0 Feb  1 18:21 usr/share/man/
drwxr-xr-x  0 root   root        0 Feb  1 18:21 usr/share/man/man3/
-rw-r--r--  0 root   root     2213 Feb  1 18:21 usr/share/man/man3/Xau.3.gz
-rw-r--r--  0 root   root       52 Feb  1 18:21 usr/share/man/man3/XauDisposeAuth.3.gz
-rw-r--r--  0 root   root       49 Feb  1 18:21 usr/share/man/man3/XauFileName.3.gz
-rw-r--r--  0 root   root       54 Feb  1 18:21 usr/share/man/man3/XauGetAuthByAddr.3.gz
-rw-r--r--  0 root   root       58 Feb  1 18:21 usr/share/man/man3/XauGetBestAuthByAddr.3.gz
-rw-r--r--  0 root   root       49 Feb  1 18:21 usr/share/man/man3/XauLockAuth.3.gz
-rw-r--r--  0 root   root       49 Feb  1 18:21 usr/share/man/man3/XauReadAuth.3.gz
-rw-r--r--  0 root   root       51 Feb  1 18:21 usr/share/man/man3/XauUnlockAuth.3.gz
-rw-r--r--  0 root   root       50 Feb  1 18:21 usr/share/man/man3/XauWriteAuth.3.gz
=======> Building '/home/devel/packages/libxau#1.0.11-1.x86_64.pkg.tar.zst' succeeded.
prt-get: Using PKGMK_PACKAGE_DIR: /home/devel/packages
prt-get: reinstalling libxau 1.0.11-1
prt-get: /usr/bin/pkgadd -u libxau#1.0.11-1.x86_64.pkg.tar.zst
prt-get: build done Thu Feb  1 18:21:26 2024

