prt-get: updating /usr/ports/wayland-x86_64/lswt
prt-get: starting build Wed May  8 00:14:14 2024
=======> Building '/home/devel/packages/lswt#1.0.4-1.x86_64.pkg.tar.zst'.
bsdtar -p -o -C /home/devel/building/work/src -xf /home/devel/sources/lswt-v1.0.4.tar.gz
+ build
+ cd lswt-v1.0.4
+ make V=1
wayland-scanner private-code < wlr-foreign-toplevel-management-unstable-v1.xml > wlr-foreign-toplevel-management-unstable-v1.c
wayland-scanner client-header < wlr-foreign-toplevel-management-unstable-v1.xml > wlr-foreign-toplevel-management-unstable-v1.h
cc -Wall -Werror -Wextra -Wpedantic -Wno-unused-parameter -Wconversion -Wformat-security -Wformat -Wsign-conversion -Wfloat-conversion -Wunused-result   -c -o lswt.o lswt.c
cc -Wall -Werror -Wextra -Wpedantic -Wno-unused-parameter -Wconversion -Wformat-security -Wformat -Wsign-conversion -Wfloat-conversion -Wunused-result   -c -o wlr-foreign-toplevel-management-unstable-v1.o wlr-foreign-toplevel-management-unstable-v1.c
cc  -o lswt lswt.o wlr-foreign-toplevel-management-unstable-v1.o -lwayland-client
+ make DESTDIR=/home/devel/building/work/pkg PREFIX=/usr install
install        -D lswt            /home/devel/building/work/pkg/usr/bin/lswt
install -m 644 -D lswt.1          /home/devel/building/work/pkg/usr/share/man/man1/lswt.1
install        -D bash-completion /home/devel/building/work/pkg/usr/share/bash-completion/completions/lswt
=======> Build result:
drwxr-xr-x  0 root   root        0 May  8 00:14 usr/
drwxr-xr-x  0 root   root        0 May  8 00:14 usr/bin/
drwxr-xr-x  0 root   root        0 May  8 00:14 usr/share/
drwxr-xr-x  0 root   root        0 May  8 00:14 usr/share/man/
drwxr-xr-x  0 root   root        0 May  8 00:14 usr/share/bash-completion/
drwxr-xr-x  0 root   root        0 May  8 00:14 usr/share/bash-completion/completions/
-rwxr-xr-x  0 root   root       61 May  8 00:14 usr/share/bash-completion/completions/lswt
drwxr-xr-x  0 root   root        0 May  8 00:14 usr/share/man/man1/
-rw-r--r--  0 root   root      901 May  8 00:14 usr/share/man/man1/lswt.1.gz
-rwxr-xr-x  0 root   root    22992 May  8 00:14 usr/bin/lswt
=======> Building '/home/devel/packages/lswt#1.0.4-1.x86_64.pkg.tar.zst' succeeded.
prt-get: Using PKGMK_PACKAGE_DIR: /home/devel/packages
prt-get: reinstalling lswt 1.0.4-1
prt-get: /usr/bin/pkgadd -u lswt#1.0.4-1.x86_64.pkg.tar.zst
prt-get: build done Wed May  8 00:14:14 2024

