prt-get: updating /usr/ports/opt-x86_64/make-ca
prt-get: starting build Wed May  8 00:15:32 2024
=======> Building '/home/devel/packages/make-ca#1.13-1.x86_64.pkg.tar.zst'.
bsdtar -p -o -C /home/devel/building/work/src -xf /home/devel/sources/make-ca-1.13.tar.gz
+ build
+ cd make-ca-1.13
+ sed -i -e 's|^\(LIBEXECDIR=\).*|\1/usr/lib/make-ca|' Makefile
+ make V=1
chmod 755 make-ca
chmod 755 help2man
./help2man -s 8 -N ./make-ca -i include.h2m -o make-ca.8
+ make DESTDIR=/home/devel/building/work/pkg install
chmod 755 make-ca
install -vdm755 /home/devel/building/work/pkg/usr/sbin
if test -x /usr/sbin/systemctl -o -x /usr/bin/systemctl; then \
    if test -d /usr/lib/systemd/system; then \
        install -vdm755 /home/devel/building/work/pkg/usr/lib/systemd/system; \
        install -vm644  systemd/* /home/devel/building/work/pkg/usr/lib/systemd/system; \
    elif test -d /lib/systemd/system; then \
        install -vdm755 /home/devel/building/work/pkg/lib/systemd/system; \
        install -vm644  systemd/* /home/devel/building/work/pkg/lib/systemd/system; \
    fi; \
fi
install -vdm755 /home/devel/building/work/pkg/etc/make-ca
install -vdm755 /home/devel/building/work/pkg/etc/make-ca
install: creating directory '/home/devel/building/work/pkg/usr'
install: creating directory '/home/devel/building/work/pkg/usr/sbin'
install -vm755  make-ca /home/devel/building/work/pkg/usr/sbin
install -vdm755 /home/devel/building/work/pkg/etc/make-ca
install: creating directory '/home/devel/building/work/pkg/etc'
install: creating directory '/home/devel/building/work/pkg/etc/make-ca'
chmod 755 help2man
install -vm644 make-ca.conf.dist /home/devel/building/work/pkg/etc/make-ca
'make-ca' -> '/home/devel/building/work/pkg/usr/sbin/make-ca'
install -vm644  CS.txt /home/devel/building/work/pkg/etc/make-ca
install -vdm755 /home/devel/building/work/pkg/usr/lib/make-ca
install -vm644 mozilla-ca-root.pem /home/devel/building/work/pkg/etc/make-ca
./help2man -s 8 -N ./make-ca -i include.h2m -o make-ca.8
'make-ca.conf.dist' -> '/home/devel/building/work/pkg/etc/make-ca/make-ca.conf.dist'
'CS.txt' -> '/home/devel/building/work/pkg/etc/make-ca/CS.txt'
install: creating directory '/home/devel/building/work/pkg/usr/lib'
install: creating directory '/home/devel/building/work/pkg/usr/lib/make-ca'
install -vm700  copy-trust-modifications /home/devel/building/work/pkg/usr/lib/make-ca
'mozilla-ca-root.pem' -> '/home/devel/building/work/pkg/etc/make-ca/mozilla-ca-root.pem'
'copy-trust-modifications' -> '/home/devel/building/work/pkg/usr/lib/make-ca/copy-trust-modifications'
install -vdm755 /home/devel/building/work/pkg/usr/share/man/man8
install: creating directory '/home/devel/building/work/pkg/usr/share'
install: creating directory '/home/devel/building/work/pkg/usr/share/man'
install: creating directory '/home/devel/building/work/pkg/usr/share/man/man8'
install -vm644 make-ca.8 /home/devel/building/work/pkg/usr/share/man/man8
'make-ca.8' -> '/home/devel/building/work/pkg/usr/share/man/man8/make-ca.8'
=======> Build result:
drwxr-xr-x  0 root   root        0 May  8 00:15 etc/
drwxr-xr-x  0 root   root        0 May  8 00:15 etc/make-ca/
-rw-r--r--  0 root   root     1179 May  8 00:15 etc/make-ca/make-ca.conf.dist
-rw-r--r--  0 root   root     2097 May  8 00:15 etc/make-ca/CS.txt
-rw-r--r--  0 root   root     1375 May  8 00:15 etc/make-ca/mozilla-ca-root.pem
drwxr-xr-x  0 root   root        0 May  8 00:15 usr/
drwxr-xr-x  0 root   root        0 May  8 00:15 usr/sbin/
drwxr-xr-x  0 root   root        0 May  8 00:15 usr/lib/
drwxr-xr-x  0 root   root        0 May  8 00:15 usr/share/
drwxr-xr-x  0 root   root        0 May  8 00:15 usr/share/man/
drwxr-xr-x  0 root   root        0 May  8 00:15 usr/share/man/man8/
-rw-r--r--  0 root   root     2542 May  8 00:15 usr/share/man/man8/make-ca.8.gz
drwxr-xr-x  0 root   root        0 May  8 00:15 usr/lib/make-ca/
-rwx------  0 root   root     1881 May  8 00:15 usr/lib/make-ca/copy-trust-modifications
-rwxr-xr-x  0 root   root    32329 May  8 00:15 usr/sbin/make-ca
=======> Building '/home/devel/packages/make-ca#1.13-1.x86_64.pkg.tar.zst' succeeded.
prt-get: Using PKGMK_PACKAGE_DIR: /home/devel/packages
prt-get: reinstalling make-ca 1.13-1
prt-get: /usr/bin/pkgadd -u make-ca#1.13-1.x86_64.pkg.tar.zst
prt-get: build done Wed May  8 00:15:32 2024

