prt-get: updating /usr/ports/core-x86_64/meson
prt-get: starting build Thu Feb  1 18:59:33 2024
=======> Building '/home/devel/packages/meson#1.3.1-1.x86_64.pkg.tar.zst'.
bsdtar -p -o -C /home/devel/building/work/src -xf /home/devel/sources/meson-1.3.1.tar.gz
cp build-meson /home/devel/building/work/src
+ build
+ cd meson-1.3.1
+ /usr/bin/pip3 wheel -w dist --no-cache-dir --no-build-isolation --no-deps /home/devel/building/work/src/meson-1.3.1
Processing /home/devel/building/work/src/meson-1.3.1
  Preparing metadata (pyproject.toml): started
  Preparing metadata (pyproject.toml): finished with status 'done'
Building wheels for collected packages: meson
  Building wheel for meson (pyproject.toml): started
  Building wheel for meson (pyproject.toml): finished with status 'done'
  Created wheel for meson: filename=meson-1.3.1-py3-none-any.whl size=976853 sha256=1ac9fadd808f7bb8d7f6fa02ea13d7d155101be67d4995bd3fd3871797ee0866
  Stored in directory: /tmp/pip-ephem-wheel-cache-37_s34fw/wheels/23/ea/ec/db6b2da6de598873a6f7efbdf4bf23e8168b2ff4d02e7c817b
Successfully built meson
+ PIP_CONFIG_FILE=/dev/null
+ /usr/bin/pip3 install --root-user-action=ignore --no-warn-script-location --ignore-installed --no-deps dist/meson-1.3.1-py3-none-any.whl --no-cache-dir --no-index --isolated --root=/home/devel/building/work/pkg
Processing ./dist/meson-1.3.1-py3-none-any.whl
Installing collected packages: meson
Successfully installed meson-1.3.1
+ install -D -m 0755 /home/devel/building/work/src/build-meson -t /home/devel/building/work/pkg/usr/bin
+ install -d /home/devel/building/work/pkg/usr/share/vim/vimfiles
+ cp -rt /home/devel/building/work/pkg/usr/share/vim/vimfiles data/syntax-highlighting/vim/ftdetect/ data/syntax-highlighting/vim/ftplugin/ data/syntax-highlighting/vim/indent/ data/syntax-highlighting/vim/syntax/
+ install -m 0644 -Dt /home/devel/building/work/pkg/usr/share/bash-completion/completions data/shell-completions/bash/meson
=======> Build result:
drwxr-xr-x  0 root   root        0 Feb  1 18:59 usr/
drwxr-xr-x  0 root   root        0 Feb  1 18:59 usr/lib/
drwxr-xr-x  0 root   root        0 Feb  1 18:59 usr/share/
drwxr-xr-x  0 root   root        0 Feb  1 18:59 usr/bin/
-rwxr-xr-x  0 root   root      219 Feb  1 18:59 usr/bin/meson
-rwxr-xr-x  0 root   root      598 Feb  1 18:59 usr/bin/build-meson
drwxr-xr-x  0 root   root        0 Feb  1 18:59 usr/share/man/
drwxr-xr-x  0 root   root        0 Feb  1 18:59 usr/share/polkit-1/
drwxr-xr-x  0 root   root        0 Feb  1 18:59 usr/share/vim/
drwxr-xr-x  0 root   root        0 Feb  1 18:59 usr/share/bash-completion/
drwxr-xr-x  0 root   root        0 Feb  1 18:59 usr/share/bash-completion/completions/
-rw-r--r--  0 root   root    11405 Feb  1 18:59 usr/share/bash-completion/completions/meson
drwxr-xr-x  0 root   root        0 Feb  1 18:59 usr/share/vim/vimfiles/
drwxr-xr-x  0 root   root        0 Feb  1 18:59 usr/share/vim/vimfiles/ftdetect/
drwxr-xr-x  0 root   root        0 Feb  1 18:59 usr/share/vim/vimfiles/ftplugin/
drwxr-xr-x  0 root   root        0 Feb  1 18:59 usr/share/vim/vimfiles/indent/
drwxr-xr-x  0 root   root        0 Feb  1 18:59 usr/share/vim/vimfiles/syntax/
-rw-r--r--  0 root   root     4030 Feb  1 18:59 usr/share/vim/vimfiles/syntax/meson.vim
-rw-r--r--  0 root   root     5319 Feb  1 18:59 usr/share/vim/vimfiles/indent/meson.vim
-rw-r--r--  0 root   root     1146 Feb  1 18:59 usr/share/vim/vimfiles/ftplugin/meson.vim
-rw-r--r--  0 root   root      216 Feb  1 18:59 usr/share/vim/vimfiles/ftdetect/meson.vim
drwxr-xr-x  0 root   root        0 Feb  1 18:59 usr/share/polkit-1/actions/
-rw-r--r--  0 root   root      896 Feb  1 18:59 usr/share/polkit-1/actions/com.mesonbuild.install.policy
drwxr-xr-x  0 root   root        0 Feb  1 18:59 usr/share/man/man1/
-rw-r--r--  0 root   root     2089 Feb  1 18:59 usr/share/man/man1/meson.1.gz
drwxr-xr-x  0 root   root        0 Feb  1 18:59 usr/lib/python3.12/
drwxr-xr-x  0 root   root        0 Feb  1 18:59 usr/lib/python3.12/site-packages/
drwxr-xr-x  0 root   root        0 Feb  1 18:59 usr/lib/python3.12/site-packages/mesonbuild/
drwxr-xr-x  0 root   root        0 Feb  1 18:59 usr/lib/python3.12/site-packages/meson-1.3.1.dist-info/
-rw-r--r--  0 root   root    11358 Feb  1 18:59 usr/lib/python3.12/site-packages/meson-1.3.1.dist-info/COPYING
-rw-r--r--  0 root   root     1763 Feb  1 18:59 usr/lib/python3.12/site-packages/meson-1.3.1.dist-info/METADATA
-rw-r--r--  0 root   root       92 Feb  1 18:59 usr/lib/python3.12/site-packages/meson-1.3.1.dist-info/WHEEL
-rw-r--r--  0 root   root       52 Feb  1 18:59 usr/lib/python3.12/site-packages/meson-1.3.1.dist-info/entry_points.txt
-rw-r--r--  0 root   root       11 Feb  1 18:59 usr/lib/python3.12/site-packages/meson-1.3.1.dist-info/top_level.txt
-rw-r--r--  0 root   root        4 Feb  1 18:59 usr/lib/python3.12/site-packages/meson-1.3.1.dist-info/INSTALLER
-rw-r--r--  0 root   root      284 Feb  1 18:59 usr/lib/python3.12/site-packages/meson-1.3.1.dist-info/direct_url.json
-rw-r--r--  0 root   root        0 Feb  1 18:59 usr/lib/python3.12/site-packages/meson-1.3.1.dist-info/REQUESTED
-rw-r--r--  0 root   root    35277 Feb  1 18:59 usr/lib/python3.12/site-packages/meson-1.3.1.dist-info/RECORD
-rw-r--r--  0 root   root        0 Feb  1 18:59 usr/lib/python3.12/site-packages/mesonbuild/__init__.py
-rw-r--r--  0 root   root     2419 Feb  1 18:59 usr/lib/python3.12/site-packages/mesonbuild/_pathlib.py
-rw-r--r--  0 root   root     2402 Feb  1 18:59 usr/lib/python3.12/site-packages/mesonbuild/_typing.py
-rw-r--r--  0 root   root    13190 Feb  1 18:59 usr/lib/python3.12/site-packages/mesonbuild/arglist.py
-rw-r--r--  0 root   root   134129 Feb  1 18:59 usr/lib/python3.12/site-packages/mesonbuild/build.py
-rw-r--r--  0 root   root    64374 Feb  1 18:59 usr/lib/python3.12/site-packages/mesonbuild/coredata.py
-rw-r--r--  0 root   root     2885 Feb  1 18:59 usr/lib/python3.12/site-packages/mesonbuild/depfile.py
-rw-r--r--  0 root   root    15597 Feb  1 18:59 usr/lib/python3.12/site-packages/mesonbuild/envconfig.py
-rw-r--r--  0 root   root    40546 Feb  1 18:59 usr/lib/python3.12/site-packages/mesonbuild/environment.py
-rw-r--r--  0 root   root    14707 Feb  1 18:59 usr/lib/python3.12/site-packages/mesonbuild/mcompile.py
-rw-r--r--  0 root   root    15788 Feb  1 18:59 usr/lib/python3.12/site-packages/mesonbuild/mconf.py
-rw-r--r--  0 root   root    10373 Feb  1 18:59 usr/lib/python3.12/site-packages/mesonbuild/mdevenv.py
-rw-r--r--  0 root   root    16082 Feb  1 18:59 usr/lib/python3.12/site-packages/mesonbuild/mdist.py
-rw-r--r--  0 root   root     1762 Feb  1 18:59 usr/lib/python3.12/site-packages/mesonbuild/mesondata.py
-rw-r--r--  0 root   root     1087 Feb  1 18:59 usr/lib/python3.12/site-packages/mesonbuild/mesonlib.py
-rw-r--r--  0 root   root    13409 Feb  1 18:59 usr/lib/python3.12/site-packages/mesonbuild/mesonmain.py
-rw-r--r--  0 root   root     8769 Feb  1 18:59 usr/lib/python3.12/site-packages/mesonbuild/minit.py
-rw-r--r--  0 root   root    39404 Feb  1 18:59 usr/lib/python3.12/site-packages/mesonbuild/minstall.py
-rw-r--r--  0 root   root    30923 Feb  1 18:59 usr/lib/python3.12/site-packages/mesonbuild/mintro.py
-rw-r--r--  0 root   root    20215 Feb  1 18:59 usr/lib/python3.12/site-packages/mesonbuild/mlog.py
-rw-r--r--  0 root   root    41545 Feb  1 18:59 usr/lib/python3.12/site-packages/mesonbuild/mparser.py
-rw-r--r--  0 root   root    19798 Feb  1 18:59 usr/lib/python3.12/site-packages/mesonbuild/msetup.py
-rw-r--r--  0 root   root    33383 Feb  1 18:59 usr/lib/python3.12/site-packages/mesonbuild/msubprojects.py
-rw-r--r--  0 root   root    89118 Feb  1 18:59 usr/lib/python3.12/site-packages/mesonbuild/mtest.py
-rw-r--r--  0 root   root     4739 Feb  1 18:59 usr/lib/python3.12/site-packages/mesonbuild/munstable_coredata.py
-rw-r--r--  0 root   root    11939 Feb  1 18:59 usr/lib/python3.12/site-packages/mesonbuild/optinterpreter.py
-rw-r--r--  0 root   root    17056 Feb  1 18:59 usr/lib/python3.12/site-packages/mesonbuild/programs.py
-rw-r--r--  0 root   root    43979 Feb  1 18:59 usr/lib/python3.12/site-packages/mesonbuild/rewriter.py
drwxr-xr-x  0 root   root        0 Feb  1 18:59 usr/lib/python3.12/site-packages/mesonbuild/ast/
drwxr-xr-x  0 root   root        0 Feb  1 18:59 usr/lib/python3.12/site-packages/mesonbuild/backend/
drwxr-xr-x  0 root   root        0 Feb  1 18:59 usr/lib/python3.12/site-packages/mesonbuild/cargo/
drwxr-xr-x  0 root   root        0 Feb  1 18:59 usr/lib/python3.12/site-packages/mesonbuild/cmake/
drwxr-xr-x  0 root   root        0 Feb  1 18:59 usr/lib/python3.12/site-packages/mesonbuild/compilers/
drwxr-xr-x  0 root   root        0 Feb  1 18:59 usr/lib/python3.12/site-packages/mesonbuild/dependencies/
drwxr-xr-x  0 root   root        0 Feb  1 18:59 usr/lib/python3.12/site-packages/mesonbuild/interpreter/
drwxr-xr-x  0 root   root        0 Feb  1 18:59 usr/lib/python3.12/site-packages/mesonbuild/interpreterbase/
drwxr-xr-x  0 root   root        0 Feb  1 18:59 usr/lib/python3.12/site-packages/mesonbuild/linkers/
drwxr-xr-x  0 root   root        0 Feb  1 18:59 usr/lib/python3.12/site-packages/mesonbuild/modules/
drwxr-xr-x  0 root   root        0 Feb  1 18:59 usr/lib/python3.12/site-packages/mesonbuild/scripts/
drwxr-xr-x  0 root   root        0 Feb  1 18:59 usr/lib/python3.12/site-packages/mesonbuild/templates/
drwxr-xr-x  0 root   root        0 Feb  1 18:59 usr/lib/python3.12/site-packages/mesonbuild/utils/
drwxr-xr-x  0 root   root        0 Feb  1 18:59 usr/lib/python3.12/site-packages/mesonbuild/wrap/
drwxr-xr-x  0 root   root        0 Feb  1 18:59 usr/lib/python3.12/site-packages/mesonbuild/__pycache__/
-rw-r--r--  0 root   root      182 Feb  1 18:59 usr/lib/python3.12/site-packages/mesonbuild/__pycache__/__init__.cpython-312.pyc
-rw-r--r--  0 root   root     2396 Feb  1 18:59 usr/lib/python3.12/site-packages/mesonbuild/__pycache__/_pathlib.cpython-312.pyc
-rw-r--r--  0 root   root     4413 Feb  1 18:59 usr/lib/python3.12/site-packages/mesonbuild/__pycache__/_typing.cpython-312.pyc
-rw-r--r--  0 root   root    15259 Feb  1 18:59 usr/lib/python3.12/site-packages/mesonbuild/__pycache__/arglist.cpython-312.pyc
-rw-r--r--  0 root   root   162684 Feb  1 18:59 usr/lib/python3.12/site-packages/mesonbuild/__pycache__/build.cpython-312.pyc
-rw-r--r--  0 root   root    82137 Feb  1 18:59 usr/lib/python3.12/site-packages/mesonbuild/__pycache__/coredata.cpython-312.pyc
-rw-r--r--  0 root   root     2969 Feb  1 18:59 usr/lib/python3.12/site-packages/mesonbuild/__pycache__/depfile.cpython-312.pyc
-rw-r--r--  0 root   root    19671 Feb  1 18:59 usr/lib/python3.12/site-packages/mesonbuild/__pycache__/envconfig.cpython-312.pyc
-rw-r--r--  0 root   root    43022 Feb  1 18:59 usr/lib/python3.12/site-packages/mesonbuild/__pycache__/environment.cpython-312.pyc
-rw-r--r--  0 root   root    17545 Feb  1 18:59 usr/lib/python3.12/site-packages/mesonbuild/__pycache__/mcompile.cpython-312.pyc
-rw-r--r--  0 root   root    22390 Feb  1 18:59 usr/lib/python3.12/site-packages/mesonbuild/__pycache__/mconf.cpython-312.pyc
-rw-r--r--  0 root   root    15067 Feb  1 18:59 usr/lib/python3.12/site-packages/mesonbuild/__pycache__/mdevenv.cpython-312.pyc
-rw-r--r--  0 root   root    23104 Feb  1 18:59 usr/lib/python3.12/site-packages/mesonbuild/__pycache__/mdist.cpython-312.pyc
-rw-r--r--  0 root   root     2325 Feb  1 18:59 usr/lib/python3.12/site-packages/mesonbuild/__pycache__/mesondata.cpython-312.pyc
-rw-r--r--  0 root   root      526 Feb  1 18:59 usr/lib/python3.12/site-packages/mesonbuild/__pycache__/mesonlib.cpython-312.pyc
-rw-r--r--  0 root   root    16449 Feb  1 18:59 usr/lib/python3.12/site-packages/mesonbuild/__pycache__/mesonmain.cpython-312.pyc
-rw-r--r--  0 root   root    11202 Feb  1 18:59 usr/lib/python3.12/site-packages/mesonbuild/__pycache__/minit.cpython-312.pyc
-rw-r--r--  0 root   root    50952 Feb  1 18:59 usr/lib/python3.12/site-packages/mesonbuild/__pycache__/minstall.cpython-312.pyc
-rw-r--r--  0 root   root    43844 Feb  1 18:59 usr/lib/python3.12/site-packages/mesonbuild/__pycache__/mintro.cpython-312.pyc
-rw-r--r--  0 root   root    27748 Feb  1 18:59 usr/lib/python3.12/site-packages/mesonbuild/__pycache__/mlog.cpython-312.pyc
-rw-r--r--  0 root   root    64277 Feb  1 18:59 usr/lib/python3.12/site-packages/mesonbuild/__pycache__/mparser.cpython-312.pyc
-rw-r--r--  0 root   root    24714 Feb  1 18:59 usr/lib/python3.12/site-packages/mesonbuild/__pycache__/msetup.cpython-312.pyc
-rw-r--r--  0 root   root    45801 Feb  1 18:59 usr/lib/python3.12/site-packages/mesonbuild/__pycache__/msubprojects.cpython-312.pyc
-rw-r--r--  0 root   root   129398 Feb  1 18:59 usr/lib/python3.12/site-packages/mesonbuild/__pycache__/mtest.cpython-312.pyc
-rw-r--r--  0 root   root     6202 Feb  1 18:59 usr/lib/python3.12/site-packages/mesonbuild/__pycache__/munstable_coredata.cpython-312.pyc
-rw-r--r--  0 root   root    15838 Feb  1 18:59 usr/lib/python3.12/site-packages/mesonbuild/__pycache__/optinterpreter.cpython-312.pyc
-rw-r--r--  0 root   root    17612 Feb  1 18:59 usr/lib/python3.12/site-packages/mesonbuild/__pycache__/programs.cpython-312.pyc
-rw-r--r--  0 root   root    58821 Feb  1 18:59 usr/lib/python3.12/site-packages/mesonbuild/__pycache__/rewriter.cpython-312.pyc
-rw-r--r--  0 root   root     2070 Feb  1 18:59 usr/lib/python3.12/site-packages/mesonbuild/wrap/__init__.py
-rw-r--r--  0 root   root    39128 Feb  1 18:59 usr/lib/python3.12/site-packages/mesonbuild/wrap/wrap.py
-rw-r--r--  0 root   root    10300 Feb  1 18:59 usr/lib/python3.12/site-packages/mesonbuild/wrap/wraptool.py
drwxr-xr-x  0 root   root        0 Feb  1 18:59 usr/lib/python3.12/site-packages/mesonbuild/wrap/__pycache__/
-rw-r--r--  0 root   root     1081 Feb  1 18:59 usr/lib/python3.12/site-packages/mesonbuild/wrap/__pycache__/__init__.cpython-312.pyc
-rw-r--r--  0 root   root    53140 Feb  1 18:59 usr/lib/python3.12/site-packages/mesonbuild/wrap/__pycache__/wrap.cpython-312.pyc
-rw-r--r--  0 root   root    13608 Feb  1 18:59 usr/lib/python3.12/site-packages/mesonbuild/wrap/__pycache__/wraptool.cpython-312.pyc
-rw-r--r--  0 root   root        0 Feb  1 18:59 usr/lib/python3.12/site-packages/mesonbuild/utils/__init__.py
-rw-r--r--  0 root   root     6321 Feb  1 18:59 usr/lib/python3.12/site-packages/mesonbuild/utils/core.py
-rw-r--r--  0 root   root     1231 Feb  1 18:59 usr/lib/python3.12/site-packages/mesonbuild/utils/platform.py
-rw-r--r--  0 root   root     1615 Feb  1 18:59 usr/lib/python3.12/site-packages/mesonbuild/utils/posix.py
-rw-r--r--  0 root   root    85258 Feb  1 18:59 usr/lib/python3.12/site-packages/mesonbuild/utils/universal.py
-rw-r--r--  0 root   root     4059 Feb  1 18:59 usr/lib/python3.12/site-packages/mesonbuild/utils/vsenv.py
-rw-r--r--  0 root   root     1487 Feb  1 18:59 usr/lib/python3.12/site-packages/mesonbuild/utils/win32.py
drwxr-xr-x  0 root   root        0 Feb  1 18:59 usr/lib/python3.12/site-packages/mesonbuild/utils/__pycache__/
-rw-r--r--  0 root   root      188 Feb  1 18:59 usr/lib/python3.12/site-packages/mesonbuild/utils/__pycache__/__init__.cpython-312.pyc
-rw-r--r--  0 root   root     9650 Feb  1 18:59 usr/lib/python3.12/site-packages/mesonbuild/utils/__pycache__/core.cpython-312.pyc
-rw-r--r--  0 root   root     1229 Feb  1 18:59 usr/lib/python3.12/site-packages/mesonbuild/utils/__pycache__/platform.cpython-312.pyc
-rw-r--r--  0 root   root     1950 Feb  1 18:59 usr/lib/python3.12/site-packages/mesonbuild/utils/__pycache__/posix.cpython-312.pyc
-rw-r--r--  0 root   root   108158 Feb  1 18:59 usr/lib/python3.12/site-packages/mesonbuild/utils/__pycache__/universal.cpython-312.pyc
-rw-r--r--  0 root   root     4686 Feb  1 18:59 usr/lib/python3.12/site-packages/mesonbuild/utils/__pycache__/vsenv.cpython-312.pyc
-rw-r--r--  0 root   root     1762 Feb  1 18:59 usr/lib/python3.12/site-packages/mesonbuild/utils/__pycache__/win32.cpython-312.pyc
-rw-r--r--  0 root   root        0 Feb  1 18:59 usr/lib/python3.12/site-packages/mesonbuild/templates/__init__.py
-rw-r--r--  0 root   root     3647 Feb  1 18:59 usr/lib/python3.12/site-packages/mesonbuild/templates/cpptemplates.py
-rw-r--r--  0 root   root     2597 Feb  1 18:59 usr/lib/python3.12/site-packages/mesonbuild/templates/cstemplates.py
-rw-r--r--  0 root   root     3449 Feb  1 18:59 usr/lib/python3.12/site-packages/mesonbuild/templates/ctemplates.py
-rw-r--r--  0 root   root     3654 Feb  1 18:59 usr/lib/python3.12/site-packages/mesonbuild/templates/cudatemplates.py
-rw-r--r--  0 root   root     3080 Feb  1 18:59 usr/lib/python3.12/site-packages/mesonbuild/templates/dlangtemplates.py
-rw-r--r--  0 root   root     2785 Feb  1 18:59 usr/lib/python3.12/site-packages/mesonbuild/templates/fortrantemplates.py
-rw-r--r--  0 root   root     2688 Feb  1 18:59 usr/lib/python3.12/site-packages/mesonbuild/templates/javatemplates.py
-rw-r--r--  0 root   root     3576 Feb  1 18:59 usr/lib/python3.12/site-packages/mesonbuild/templates/mesontemplates.py
-rw-r--r--  0 root   root     3569 Feb  1 18:59 usr/lib/python3.12/site-packages/mesonbuild/templates/objcpptemplates.py
-rw-r--r--  0 root   root     3487 Feb  1 18:59 usr/lib/python3.12/site-packages/mesonbuild/templates/objctemplates.py
-rw-r--r--  0 root   root     2401 Feb  1 18:59 usr/lib/python3.12/site-packages/mesonbuild/templates/rusttemplates.py
-rw-r--r--  0 root   root     1904 Feb  1 18:59 usr/lib/python3.12/site-packages/mesonbuild/templates/samplefactory.py
-rw-r--r--  0 root   root     6322 Feb  1 18:59 usr/lib/python3.12/site-packages/mesonbuild/templates/sampleimpl.py
-rw-r--r--  0 root   root     2522 Feb  1 18:59 usr/lib/python3.12/site-packages/mesonbuild/templates/valatemplates.py
drwxr-xr-x  0 root   root        0 Feb  1 18:59 usr/lib/python3.12/site-packages/mesonbuild/templates/__pycache__/
-rw-r--r--  0 root   root      192 Feb  1 18:59 usr/lib/python3.12/site-packages/mesonbuild/templates/__pycache__/__init__.cpython-312.pyc
-rw-r--r--  0 root   root     3400 Feb  1 18:59 usr/lib/python3.12/site-packages/mesonbuild/templates/__pycache__/cpptemplates.cpython-312.pyc
-rw-r--r--  0 root   root     2358 Feb  1 18:59 usr/lib/python3.12/site-packages/mesonbuild/templates/__pycache__/cstemplates.cpython-312.pyc
-rw-r--r--  0 root   root     3209 Feb  1 18:59 usr/lib/python3.12/site-packages/mesonbuild/templates/__pycache__/ctemplates.cpython-312.pyc
-rw-r--r--  0 root   root     3404 Feb  1 18:59 usr/lib/python3.12/site-packages/mesonbuild/templates/__pycache__/cudatemplates.cpython-312.pyc
-rw-r--r--  0 root   root     3035 Feb  1 18:59 usr/lib/python3.12/site-packages/mesonbuild/templates/__pycache__/dlangtemplates.cpython-312.pyc
-rw-r--r--  0 root   root     2527 Feb  1 18:59 usr/lib/python3.12/site-packages/mesonbuild/templates/__pycache__/fortrantemplates.cpython-312.pyc
-rw-r--r--  0 root   root     2442 Feb  1 18:59 usr/lib/python3.12/site-packages/mesonbuild/templates/__pycache__/javatemplates.cpython-312.pyc
-rw-r--r--  0 root   root     3482 Feb  1 18:59 usr/lib/python3.12/site-packages/mesonbuild/templates/__pycache__/mesontemplates.cpython-312.pyc
-rw-r--r--  0 root   root     3313 Feb  1 18:59 usr/lib/python3.12/site-packages/mesonbuild/templates/__pycache__/objcpptemplates.cpython-312.pyc
-rw-r--r--  0 root   root     3236 Feb  1 18:59 usr/lib/python3.12/site-packages/mesonbuild/templates/__pycache__/objctemplates.cpython-312.pyc
-rw-r--r--  0 root   root     2337 Feb  1 18:59 usr/lib/python3.12/site-packages/mesonbuild/templates/__pycache__/rusttemplates.cpython-312.pyc
-rw-r--r--  0 root   root     1756 Feb  1 18:59 usr/lib/python3.12/site-packages/mesonbuild/templates/__pycache__/samplefactory.cpython-312.pyc
-rw-r--r--  0 root   root    10253 Feb  1 18:59 usr/lib/python3.12/site-packages/mesonbuild/templates/__pycache__/sampleimpl.cpython-312.pyc
-rw-r--r--  0 root   root     2266 Feb  1 18:59 usr/lib/python3.12/site-packages/mesonbuild/templates/__pycache__/valatemplates.cpython-312.pyc
-rw-r--r--  0 root   root      808 Feb  1 18:59 usr/lib/python3.12/site-packages/mesonbuild/scripts/__init__.py
-rw-r--r--  0 root   root     2352 Feb  1 18:59 usr/lib/python3.12/site-packages/mesonbuild/scripts/clangformat.py
-rw-r--r--  0 root   root     1540 Feb  1 18:59 usr/lib/python3.12/site-packages/mesonbuild/scripts/clangtidy.py
-rw-r--r--  0 root   root     1508 Feb  1 18:59 usr/lib/python3.12/site-packages/mesonbuild/scripts/cleantrees.py
-rw-r--r--  0 root   root     3264 Feb  1 18:59 usr/lib/python3.12/site-packages/mesonbuild/scripts/cmake_run_ctgt.py
-rw-r--r--  0 root   root      510 Feb  1 18:59 usr/lib/python3.12/site-packages/mesonbuild/scripts/cmd_or_ps.ps1
-rw-r--r--  0 root   root      414 Feb  1 18:59 usr/lib/python3.12/site-packages/mesonbuild/scripts/copy.py
-rw-r--r--  0 root   root    10499 Feb  1 18:59 usr/lib/python3.12/site-packages/mesonbuild/scripts/coverage.py
-rw-r--r--  0 root   root     1168 Feb  1 18:59 usr/lib/python3.12/site-packages/mesonbuild/scripts/delwithsuffix.py
-rw-r--r--  0 root   root    20423 Feb  1 18:59 usr/lib/python3.12/site-packages/mesonbuild/scripts/depfixer.py
-rw-r--r--  0 root   root     9654 Feb  1 18:59 usr/lib/python3.12/site-packages/mesonbuild/scripts/depscan.py
-rw-r--r--  0 root   root      977 Feb  1 18:59 usr/lib/python3.12/site-packages/mesonbuild/scripts/dirchanger.py
-rw-r--r--  0 root   root    16304 Feb  1 18:59 usr/lib/python3.12/site-packages/mesonbuild/scripts/env2mfile.py
-rw-r--r--  0 root   root     4161 Feb  1 18:59 usr/lib/python3.12/site-packages/mesonbuild/scripts/externalproject.py
-rw-r--r--  0 root   root     3957 Feb  1 18:59 usr/lib/python3.12/site-packages/mesonbuild/scripts/gettext.py
-rw-r--r--  0 root   root    11626 Feb  1 18:59 usr/lib/python3.12/site-packages/mesonbuild/scripts/gtkdochelper.py
-rw-r--r--  0 root   root     1111 Feb  1 18:59 usr/lib/python3.12/site-packages/mesonbuild/scripts/hotdochelper.py
-rw-r--r--  0 root   root     3118 Feb  1 18:59 usr/lib/python3.12/site-packages/mesonbuild/scripts/itstool.py
-rw-r--r--  0 root   root     4663 Feb  1 18:59 usr/lib/python3.12/site-packages/mesonbuild/scripts/meson_exe.py
-rw-r--r--  0 root   root     1441 Feb  1 18:59 usr/lib/python3.12/site-packages/mesonbuild/scripts/msgfmthelper.py
-rw-r--r--  0 root   root     2327 Feb  1 18:59 usr/lib/python3.12/site-packages/mesonbuild/scripts/pycompile.py
-rw-r--r--  0 root   root     4237 Feb  1 18:59 usr/lib/python3.12/site-packages/mesonbuild/scripts/python_info.py
-rw-r--r--  0 root   root     2651 Feb  1 18:59 usr/lib/python3.12/site-packages/mesonbuild/scripts/regen_checker.py
-rw-r--r--  0 root   root     2497 Feb  1 18:59 usr/lib/python3.12/site-packages/mesonbuild/scripts/run_tool.py
-rw-r--r--  0 root   root     2567 Feb  1 18:59 usr/lib/python3.12/site-packages/mesonbuild/scripts/scanbuild.py
-rw-r--r--  0 root   root    13046 Feb  1 18:59 usr/lib/python3.12/site-packages/mesonbuild/scripts/symbolextractor.py
-rw-r--r--  0 root   root     1743 Feb  1 18:59 usr/lib/python3.12/site-packages/mesonbuild/scripts/tags.py
-rw-r--r--  0 root   root      343 Feb  1 18:59 usr/lib/python3.12/site-packages/mesonbuild/scripts/test_loaded_modules.py
-rw-r--r--  0 root   root     1675 Feb  1 18:59 usr/lib/python3.12/site-packages/mesonbuild/scripts/uninstall.py
-rw-r--r--  0 root   root     1735 Feb  1 18:59 usr/lib/python3.12/site-packages/mesonbuild/scripts/vcstagger.py
-rw-r--r--  0 root   root      604 Feb  1 18:59 usr/lib/python3.12/site-packages/mesonbuild/scripts/yasm.py
drwxr-xr-x  0 root   root        0 Feb  1 18:59 usr/lib/python3.12/site-packages/mesonbuild/scripts/__pycache__/
-rw-r--r--  0 root   root      561 Feb  1 18:59 usr/lib/python3.12/site-packages/mesonbuild/scripts/__pycache__/__init__.cpython-312.pyc
-rw-r--r--  0 root   root     2618 Feb  1 18:59 usr/lib/python3.12/site-packages/mesonbuild/scripts/__pycache__/clangformat.cpython-312.pyc
-rw-r--r--  0 root   root     1792 Feb  1 18:59 usr/lib/python3.12/site-packages/mesonbuild/scripts/__pycache__/clangtidy.cpython-312.pyc
-rw-r--r--  0 root   root     1746 Feb  1 18:59 usr/lib/python3.12/site-packages/mesonbuild/scripts/__pycache__/cleantrees.cpython-312.pyc
-rw-r--r--  0 root   root     4378 Feb  1 18:59 usr/lib/python3.12/site-packages/mesonbuild/scripts/__pycache__/cmake_run_ctgt.cpython-312.pyc
-rw-r--r--  0 root   root      603 Feb  1 18:59 usr/lib/python3.12/site-packages/mesonbuild/scripts/__pycache__/copy.cpython-312.pyc
-rw-r--r--  0 root   root     9434 Feb  1 18:59 usr/lib/python3.12/site-packages/mesonbuild/scripts/__pycache__/coverage.cpython-312.pyc
-rw-r--r--  0 root   root     1262 Feb  1 18:59 usr/lib/python3.12/site-packages/mesonbuild/scripts/__pycache__/delwithsuffix.cpython-312.pyc
-rw-r--r--  0 root   root    28346 Feb  1 18:59 usr/lib/python3.12/site-packages/mesonbuild/scripts/__pycache__/depfixer.cpython-312.pyc
-rw-r--r--  0 root   root    10178 Feb  1 18:59 usr/lib/python3.12/site-packages/mesonbuild/scripts/__pycache__/depscan.cpython-312.pyc
-rw-r--r--  0 root   root      825 Feb  1 18:59 usr/lib/python3.12/site-packages/mesonbuild/scripts/__pycache__/dirchanger.cpython-312.pyc
-rw-r--r--  0 root   root    20862 Feb  1 18:59 usr/lib/python3.12/site-packages/mesonbuild/scripts/__pycache__/env2mfile.cpython-312.pyc
-rw-r--r--  0 root   root     6468 Feb  1 18:59 usr/lib/python3.12/site-packages/mesonbuild/scripts/__pycache__/externalproject.cpython-312.pyc
-rw-r--r--  0 root   root     5397 Feb  1 18:59 usr/lib/python3.12/site-packages/mesonbuild/scripts/__pycache__/gettext.cpython-312.pyc
-rw-r--r--  0 root   root    14131 Feb  1 18:59 usr/lib/python3.12/site-packages/mesonbuild/scripts/__pycache__/gtkdochelper.cpython-312.pyc
-rw-r--r--  0 root   root     2212 Feb  1 18:59 usr/lib/python3.12/site-packages/mesonbuild/scripts/__pycache__/hotdochelper.cpython-312.pyc
-rw-r--r--  0 root   root     3930 Feb  1 18:59 usr/lib/python3.12/site-packages/mesonbuild/scripts/__pycache__/itstool.cpython-312.pyc
-rw-r--r--  0 root   root     6423 Feb  1 18:59 usr/lib/python3.12/site-packages/mesonbuild/scripts/__pycache__/meson_exe.cpython-312.pyc
-rw-r--r--  0 root   root     1735 Feb  1 18:59 usr/lib/python3.12/site-packages/mesonbuild/scripts/__pycache__/msgfmthelper.cpython-312.pyc
-rw-r--r--  0 root   root     2851 Feb  1 18:59 usr/lib/python3.12/site-packages/mesonbuild/scripts/__pycache__/pycompile.cpython-312.pyc
-rw-r--r--  0 root   root     4534 Feb  1 18:59 usr/lib/python3.12/site-packages/mesonbuild/scripts/__pycache__/python_info.cpython-312.pyc
-rw-r--r--  0 root   root     3135 Feb  1 18:59 usr/lib/python3.12/site-packages/mesonbuild/scripts/__pycache__/regen_checker.cpython-312.pyc
-rw-r--r--  0 root   root     3692 Feb  1 18:59 usr/lib/python3.12/site-packages/mesonbuild/scripts/__pycache__/run_tool.cpython-312.pyc
-rw-r--r--  0 root   root     3058 Feb  1 18:59 usr/lib/python3.12/site-packages/mesonbuild/scripts/__pycache__/scanbuild.cpython-312.pyc
-rw-r--r--  0 root   root    14615 Feb  1 18:59 usr/lib/python3.12/site-packages/mesonbuild/scripts/__pycache__/symbolextractor.cpython-312.pyc
-rw-r--r--  0 root   root     2854 Feb  1 18:59 usr/lib/python3.12/site-packages/mesonbuild/scripts/__pycache__/tags.cpython-312.pyc
-rw-r--r--  0 root   root      762 Feb  1 18:59 usr/lib/python3.12/site-packages/mesonbuild/scripts/__pycache__/test_loaded_modules.cpython-312.pyc
-rw-r--r--  0 root   root     1993 Feb  1 18:59 usr/lib/python3.12/site-packages/mesonbuild/scripts/__pycache__/uninstall.cpython-312.pyc
-rw-r--r--  0 root   root     2251 Feb  1 18:59 usr/lib/python3.12/site-packages/mesonbuild/scripts/__pycache__/vcstagger.cpython-312.pyc
-rw-r--r--  0 root   root     1245 Feb  1 18:59 usr/lib/python3.12/site-packages/mesonbuild/scripts/__pycache__/yasm.cpython-312.pyc
-rw-r--r--  0 root   root    11557 Feb  1 18:59 usr/lib/python3.12/site-packages/mesonbuild/modules/__init__.py
-rw-r--r--  0 root   root    18723 Feb  1 18:59 usr/lib/python3.12/site-packages/mesonbuild/modules/cmake.py
-rw-r--r--  0 root   root    18759 Feb  1 18:59 usr/lib/python3.12/site-packages/mesonbuild/modules/cuda.py
-rw-r--r--  0 root   root     5147 Feb  1 18:59 usr/lib/python3.12/site-packages/mesonbuild/modules/dlang.py
-rw-r--r--  0 root   root    13871 Feb  1 18:59 usr/lib/python3.12/site-packages/mesonbuild/modules/external_project.py
-rw-r--r--  0 root   root    13900 Feb  1 18:59 usr/lib/python3.12/site-packages/mesonbuild/modules/fs.py
-rw-r--r--  0 root   root   104926 Feb  1 18:59 usr/lib/python3.12/site-packages/mesonbuild/modules/gnome.py
-rw-r--r--  0 root   root    21645 Feb  1 18:59 usr/lib/python3.12/site-packages/mesonbuild/modules/hotdoc.py
-rw-r--r--  0 root   root    16275 Feb  1 18:59 usr/lib/python3.12/site-packages/mesonbuild/modules/i18n.py
-rw-r--r--  0 root   root     4604 Feb  1 18:59 usr/lib/python3.12/site-packages/mesonbuild/modules/icestorm.py
-rw-r--r--  0 root   root     5012 Feb  1 18:59 usr/lib/python3.12/site-packages/mesonbuild/modules/java.py
-rw-r--r--  0 root   root     2610 Feb  1 18:59 usr/lib/python3.12/site-packages/mesonbuild/modules/keyval.py
-rw-r--r--  0 root   root     1413 Feb  1 18:59 usr/lib/python3.12/site-packages/mesonbuild/modules/modtest.py
-rw-r--r--  0 root   root    38466 Feb  1 18:59 usr/lib/python3.12/site-packages/mesonbuild/modules/pkgconfig.py
-rw-r--r--  0 root   root    26520 Feb  1 18:59 usr/lib/python3.12/site-packages/mesonbuild/modules/python.py
-rw-r--r--  0 root   root     3889 Feb  1 18:59 usr/lib/python3.12/site-packages/mesonbuild/modules/python3.py
-rw-r--r--  0 root   root    30589 Feb  1 18:59 usr/lib/python3.12/site-packages/mesonbuild/modules/qt.py
-rw-r--r--  0 root   root     1018 Feb  1 18:59 usr/lib/python3.12/site-packages/mesonbuild/modules/qt4.py
-rw-r--r--  0 root   root     1018 Feb  1 18:59 usr/lib/python3.12/site-packages/mesonbuild/modules/qt5.py
-rw-r--r--  0 root   root     1027 Feb  1 18:59 usr/lib/python3.12/site-packages/mesonbuild/modules/qt6.py
-rw-r--r--  0 root   root    12222 Feb  1 18:59 usr/lib/python3.12/site-packages/mesonbuild/modules/rust.py
-rw-r--r--  0 root   root     4488 Feb  1 18:59 usr/lib/python3.12/site-packages/mesonbuild/modules/simd.py
-rw-r--r--  0 root   root    11953 Feb  1 18:59 usr/lib/python3.12/site-packages/mesonbuild/modules/sourceset.py
-rw-r--r--  0 root   root     6130 Feb  1 18:59 usr/lib/python3.12/site-packages/mesonbuild/modules/wayland.py
-rw-r--r--  0 root   root     9906 Feb  1 18:59 usr/lib/python3.12/site-packages/mesonbuild/modules/windows.py
drwxr-xr-x  0 root   root        0 Feb  1 18:59 usr/lib/python3.12/site-packages/mesonbuild/modules/__pycache__/
-rw-r--r--  0 root   root    15571 Feb  1 18:59 usr/lib/python3.12/site-packages/mesonbuild/modules/__pycache__/__init__.cpython-312.pyc
-rw-r--r--  0 root   root    25971 Feb  1 18:59 usr/lib/python3.12/site-packages/mesonbuild/modules/__pycache__/cmake.cpython-312.pyc
-rw-r--r--  0 root   root    14062 Feb  1 18:59 usr/lib/python3.12/site-packages/mesonbuild/modules/__pycache__/cuda.cpython-312.pyc
-rw-r--r--  0 root   root     6312 Feb  1 18:59 usr/lib/python3.12/site-packages/mesonbuild/modules/__pycache__/dlang.cpython-312.pyc
-rw-r--r--  0 root   root    18182 Feb  1 18:59 usr/lib/python3.12/site-packages/mesonbuild/modules/__pycache__/external_project.cpython-312.pyc
-rw-r--r--  0 root   root    19216 Feb  1 18:59 usr/lib/python3.12/site-packages/mesonbuild/modules/__pycache__/fs.cpython-312.pyc
-rw-r--r--  0 root   root   109104 Feb  1 18:59 usr/lib/python3.12/site-packages/mesonbuild/modules/__pycache__/gnome.cpython-312.pyc
-rw-r--r--  0 root   root    31277 Feb  1 18:59 usr/lib/python3.12/site-packages/mesonbuild/modules/__pycache__/hotdoc.cpython-312.pyc
-rw-r--r--  0 root   root    17823 Feb  1 18:59 usr/lib/python3.12/site-packages/mesonbuild/modules/__pycache__/i18n.cpython-312.pyc
-rw-r--r--  0 root   root     5584 Feb  1 18:59 usr/lib/python3.12/site-packages/mesonbuild/modules/__pycache__/icestorm.cpython-312.pyc
-rw-r--r--  0 root   root     5787 Feb  1 18:59 usr/lib/python3.12/site-packages/mesonbuild/modules/__pycache__/java.cpython-312.pyc
-rw-r--r--  0 root   root     3689 Feb  1 18:59 usr/lib/python3.12/site-packages/mesonbuild/modules/__pycache__/keyval.cpython-312.pyc
-rw-r--r--  0 root   root     1735 Feb  1 18:59 usr/lib/python3.12/site-packages/mesonbuild/modules/__pycache__/modtest.cpython-312.pyc
-rw-r--r--  0 root   root    43579 Feb  1 18:59 usr/lib/python3.12/site-packages/mesonbuild/modules/__pycache__/pkgconfig.cpython-312.pyc
-rw-r--r--  0 root   root    33304 Feb  1 18:59 usr/lib/python3.12/site-packages/mesonbuild/modules/__pycache__/python.cpython-312.pyc
-rw-r--r--  0 root   root     4802 Feb  1 18:59 usr/lib/python3.12/site-packages/mesonbuild/modules/__pycache__/python3.cpython-312.pyc
-rw-r--r--  0 root   root    33883 Feb  1 18:59 usr/lib/python3.12/site-packages/mesonbuild/modules/__pycache__/qt.cpython-312.pyc
-rw-r--r--  0 root   root     1054 Feb  1 18:59 usr/lib/python3.12/site-packages/mesonbuild/modules/__pycache__/qt4.cpython-312.pyc
-rw-r--r--  0 root   root     1054 Feb  1 18:59 usr/lib/python3.12/site-packages/mesonbuild/modules/__pycache__/qt5.cpython-312.pyc
-rw-r--r--  0 root   root     1066 Feb  1 18:59 usr/lib/python3.12/site-packages/mesonbuild/modules/__pycache__/qt6.cpython-312.pyc
-rw-r--r--  0 root   root    14295 Feb  1 18:59 usr/lib/python3.12/site-packages/mesonbuild/modules/__pycache__/rust.cpython-312.pyc
-rw-r--r--  0 root   root     5333 Feb  1 18:59 usr/lib/python3.12/site-packages/mesonbuild/modules/__pycache__/simd.cpython-312.pyc
-rw-r--r--  0 root   root    15687 Feb  1 18:59 usr/lib/python3.12/site-packages/mesonbuild/modules/__pycache__/sourceset.cpython-312.pyc
-rw-r--r--  0 root   root     6910 Feb  1 18:59 usr/lib/python3.12/site-packages/mesonbuild/modules/__pycache__/wayland.cpython-312.pyc
-rw-r--r--  0 root   root    11230 Feb  1 18:59 usr/lib/python3.12/site-packages/mesonbuild/modules/__pycache__/windows.cpython-312.pyc
-rw-r--r--  0 root   root      873 Feb  1 18:59 usr/lib/python3.12/site-packages/mesonbuild/linkers/__init__.py
-rw-r--r--  0 root   root     1473 Feb  1 18:59 usr/lib/python3.12/site-packages/mesonbuild/linkers/base.py
-rw-r--r--  0 root   root    10722 Feb  1 18:59 usr/lib/python3.12/site-packages/mesonbuild/linkers/detect.py
-rw-r--r--  0 root   root    58014 Feb  1 18:59 usr/lib/python3.12/site-packages/mesonbuild/linkers/linkers.py
drwxr-xr-x  0 root   root        0 Feb  1 18:59 usr/lib/python3.12/site-packages/mesonbuild/linkers/__pycache__/
-rw-r--r--  0 root   root      412 Feb  1 18:59 usr/lib/python3.12/site-packages/mesonbuild/linkers/__pycache__/__init__.cpython-312.pyc
-rw-r--r--  0 root   root     1795 Feb  1 18:59 usr/lib/python3.12/site-packages/mesonbuild/linkers/__pycache__/base.cpython-312.pyc
-rw-r--r--  0 root   root    10951 Feb  1 18:59 usr/lib/python3.12/site-packages/mesonbuild/linkers/__pycache__/detect.cpython-312.pyc
-rw-r--r--  0 root   root    76843 Feb  1 18:59 usr/lib/python3.12/site-packages/mesonbuild/linkers/__pycache__/linkers.cpython-312.pyc
-rw-r--r--  0 root   root     2919 Feb  1 18:59 usr/lib/python3.12/site-packages/mesonbuild/interpreterbase/__init__.py
-rw-r--r--  0 root   root     1569 Feb  1 18:59 usr/lib/python3.12/site-packages/mesonbuild/interpreterbase/_unholder.py
-rw-r--r--  0 root   root     8293 Feb  1 18:59 usr/lib/python3.12/site-packages/mesonbuild/interpreterbase/baseobjects.py
-rw-r--r--  0 root   root    37514 Feb  1 18:59 usr/lib/python3.12/site-packages/mesonbuild/interpreterbase/decorators.py
-rw-r--r--  0 root   root     1484 Feb  1 18:59 usr/lib/python3.12/site-packages/mesonbuild/interpreterbase/disabler.py
-rw-r--r--  0 root   root      935 Feb  1 18:59 usr/lib/python3.12/site-packages/mesonbuild/interpreterbase/exceptions.py
-rw-r--r--  0 root   root     3237 Feb  1 18:59 usr/lib/python3.12/site-packages/mesonbuild/interpreterbase/helpers.py
-rw-r--r--  0 root   root    31542 Feb  1 18:59 usr/lib/python3.12/site-packages/mesonbuild/interpreterbase/interpreterbase.py
-rw-r--r--  0 root   root      554 Feb  1 18:59 usr/lib/python3.12/site-packages/mesonbuild/interpreterbase/operator.py
drwxr-xr-x  0 root   root        0 Feb  1 18:59 usr/lib/python3.12/site-packages/mesonbuild/interpreterbase/__pycache__/
-rw-r--r--  0 root   root     1975 Feb  1 18:59 usr/lib/python3.12/site-packages/mesonbuild/interpreterbase/__pycache__/__init__.cpython-312.pyc
-rw-r--r--  0 root   root     1587 Feb  1 18:59 usr/lib/python3.12/site-packages/mesonbuild/interpreterbase/__pycache__/_unholder.cpython-312.pyc
-rw-r--r--  0 root   root    11249 Feb  1 18:59 usr/lib/python3.12/site-packages/mesonbuild/interpreterbase/__pycache__/baseobjects.cpython-312.pyc
-rw-r--r--  0 root   root    45825 Feb  1 18:59 usr/lib/python3.12/site-packages/mesonbuild/interpreterbase/__pycache__/decorators.cpython-312.pyc
-rw-r--r--  0 root   root     1578 Feb  1 18:59 usr/lib/python3.12/site-packages/mesonbuild/interpreterbase/__pycache__/disabler.cpython-312.pyc
-rw-r--r--  0 root   root     1184 Feb  1 18:59 usr/lib/python3.12/site-packages/mesonbuild/interpreterbase/__pycache__/exceptions.cpython-312.pyc
-rw-r--r--  0 root   root     4523 Feb  1 18:59 usr/lib/python3.12/site-packages/mesonbuild/interpreterbase/__pycache__/helpers.cpython-312.pyc
-rw-r--r--  0 root   root    40880 Feb  1 18:59 usr/lib/python3.12/site-packages/mesonbuild/interpreterbase/__pycache__/interpreterbase.cpython-312.pyc
-rw-r--r--  0 root   root      782 Feb  1 18:59 usr/lib/python3.12/site-packages/mesonbuild/interpreterbase/__pycache__/operator.cpython-312.pyc
-rw-r--r--  0 root   root     1810 Feb  1 18:59 usr/lib/python3.12/site-packages/mesonbuild/interpreter/__init__.py
-rw-r--r--  0 root   root    43296 Feb  1 18:59 usr/lib/python3.12/site-packages/mesonbuild/interpreter/compiler.py
-rw-r--r--  0 root   root    19615 Feb  1 18:59 usr/lib/python3.12/site-packages/mesonbuild/interpreter/dependencyfallbacks.py
-rw-r--r--  0 root   root   179219 Feb  1 18:59 usr/lib/python3.12/site-packages/mesonbuild/interpreter/interpreter.py
-rw-r--r--  0 root   root    46716 Feb  1 18:59 usr/lib/python3.12/site-packages/mesonbuild/interpreter/interpreterobjects.py
-rw-r--r--  0 root   root    13271 Feb  1 18:59 usr/lib/python3.12/site-packages/mesonbuild/interpreter/kwargs.py
-rw-r--r--  0 root   root    22869 Feb  1 18:59 usr/lib/python3.12/site-packages/mesonbuild/interpreter/mesonmain.py
-rw-r--r--  0 root   root    31684 Feb  1 18:59 usr/lib/python3.12/site-packages/mesonbuild/interpreter/type_checking.py
drwxr-xr-x  0 root   root        0 Feb  1 18:59 usr/lib/python3.12/site-packages/mesonbuild/interpreter/primitives/
drwxr-xr-x  0 root   root        0 Feb  1 18:59 usr/lib/python3.12/site-packages/mesonbuild/interpreter/__pycache__/
-rw-r--r--  0 root   root     1033 Feb  1 18:59 usr/lib/python3.12/site-packages/mesonbuild/interpreter/__pycache__/__init__.cpython-312.pyc
-rw-r--r--  0 root   root    56132 Feb  1 18:59 usr/lib/python3.12/site-packages/mesonbuild/interpreter/__pycache__/compiler.cpython-312.pyc
-rw-r--r--  0 root   root    21722 Feb  1 18:59 usr/lib/python3.12/site-packages/mesonbuild/interpreter/__pycache__/dependencyfallbacks.cpython-312.pyc
-rw-r--r--  0 root   root   211751 Feb  1 18:59 usr/lib/python3.12/site-packages/mesonbuild/interpreter/__pycache__/interpreter.cpython-312.pyc
-rw-r--r--  0 root   root    68731 Feb  1 18:59 usr/lib/python3.12/site-packages/mesonbuild/interpreter/__pycache__/interpreterobjects.cpython-312.pyc
-rw-r--r--  0 root   root    18371 Feb  1 18:59 usr/lib/python3.12/site-packages/mesonbuild/interpreter/__pycache__/kwargs.cpython-312.pyc
-rw-r--r--  0 root   root    29524 Feb  1 18:59 usr/lib/python3.12/site-packages/mesonbuild/interpreter/__pycache__/mesonmain.cpython-312.pyc
-rw-r--r--  0 root   root    34415 Feb  1 18:59 usr/lib/python3.12/site-packages/mesonbuild/interpreter/__pycache__/type_checking.cpython-312.pyc
-rw-r--r--  0 root   root      743 Feb  1 18:59 usr/lib/python3.12/site-packages/mesonbuild/interpreter/primitives/__init__.py
-rw-r--r--  0 root   root     3769 Feb  1 18:59 usr/lib/python3.12/site-packages/mesonbuild/interpreter/primitives/array.py
-rw-r--r--  0 root   root     1871 Feb  1 18:59 usr/lib/python3.12/site-packages/mesonbuild/interpreter/primitives/boolean.py
-rw-r--r--  0 root   root     2820 Feb  1 18:59 usr/lib/python3.12/site-packages/mesonbuild/interpreter/primitives/dict.py
-rw-r--r--  0 root   root     3355 Feb  1 18:59 usr/lib/python3.12/site-packages/mesonbuild/interpreter/primitives/integer.py
-rw-r--r--  0 root   root     1063 Feb  1 18:59 usr/lib/python3.12/site-packages/mesonbuild/interpreter/primitives/range.py
-rw-r--r--  0 root   root     9085 Feb  1 18:59 usr/lib/python3.12/site-packages/mesonbuild/interpreter/primitives/string.py
drwxr-xr-x  0 root   root        0 Feb  1 18:59 usr/lib/python3.12/site-packages/mesonbuild/interpreter/primitives/__pycache__/
-rw-r--r--  0 root   root      759 Feb  1 18:59 usr/lib/python3.12/site-packages/mesonbuild/interpreter/primitives/__pycache__/__init__.cpython-312.pyc
-rw-r--r--  0 root   root     6568 Feb  1 18:59 usr/lib/python3.12/site-packages/mesonbuild/interpreter/primitives/__pycache__/array.cpython-312.pyc
-rw-r--r--  0 root   root     3960 Feb  1 18:59 usr/lib/python3.12/site-packages/mesonbuild/interpreter/primitives/__pycache__/boolean.cpython-312.pyc
-rw-r--r--  0 root   root     5312 Feb  1 18:59 usr/lib/python3.12/site-packages/mesonbuild/interpreter/primitives/__pycache__/dict.cpython-312.pyc
-rw-r--r--  0 root   root     6568 Feb  1 18:59 usr/lib/python3.12/site-packages/mesonbuild/interpreter/primitives/__pycache__/integer.cpython-312.pyc
-rw-r--r--  0 root   root     2169 Feb  1 18:59 usr/lib/python3.12/site-packages/mesonbuild/interpreter/primitives/__pycache__/range.cpython-312.pyc
-rw-r--r--  0 root   root    15906 Feb  1 18:59 usr/lib/python3.12/site-packages/mesonbuild/interpreter/primitives/__pycache__/string.cpython-312.pyc
-rw-r--r--  0 root   root     8716 Feb  1 18:59 usr/lib/python3.12/site-packages/mesonbuild/dependencies/__init__.py
-rw-r--r--  0 root   root    28189 Feb  1 18:59 usr/lib/python3.12/site-packages/mesonbuild/dependencies/base.py
-rw-r--r--  0 root   root    39505 Feb  1 18:59 usr/lib/python3.12/site-packages/mesonbuild/dependencies/boost.py
-rw-r--r--  0 root   root    30142 Feb  1 18:59 usr/lib/python3.12/site-packages/mesonbuild/dependencies/cmake.py
-rw-r--r--  0 root   root     3690 Feb  1 18:59 usr/lib/python3.12/site-packages/mesonbuild/dependencies/coarrays.py
-rw-r--r--  0 root   root     7577 Feb  1 18:59 usr/lib/python3.12/site-packages/mesonbuild/dependencies/configtool.py
-rw-r--r--  0 root   root    14044 Feb  1 18:59 usr/lib/python3.12/site-packages/mesonbuild/dependencies/cuda.py
-rw-r--r--  0 root   root     9770 Feb  1 18:59 usr/lib/python3.12/site-packages/mesonbuild/dependencies/detect.py
-rw-r--r--  0 root   root    30264 Feb  1 18:59 usr/lib/python3.12/site-packages/mesonbuild/dependencies/dev.py
-rw-r--r--  0 root   root    18047 Feb  1 18:59 usr/lib/python3.12/site-packages/mesonbuild/dependencies/dub.py
-rw-r--r--  0 root   root     7008 Feb  1 18:59 usr/lib/python3.12/site-packages/mesonbuild/dependencies/factory.py
-rw-r--r--  0 root   root     5568 Feb  1 18:59 usr/lib/python3.12/site-packages/mesonbuild/dependencies/framework.py
-rw-r--r--  0 root   root     6997 Feb  1 18:59 usr/lib/python3.12/site-packages/mesonbuild/dependencies/hdf5.py
-rw-r--r--  0 root   root    25549 Feb  1 18:59 usr/lib/python3.12/site-packages/mesonbuild/dependencies/misc.py
-rw-r--r--  0 root   root     8969 Feb  1 18:59 usr/lib/python3.12/site-packages/mesonbuild/dependencies/mpi.py
-rw-r--r--  0 root   root    27114 Feb  1 18:59 usr/lib/python3.12/site-packages/mesonbuild/dependencies/pkgconfig.py
-rw-r--r--  0 root   root     2377 Feb  1 18:59 usr/lib/python3.12/site-packages/mesonbuild/dependencies/platform.py
-rw-r--r--  0 root   root    18826 Feb  1 18:59 usr/lib/python3.12/site-packages/mesonbuild/dependencies/python.py
-rw-r--r--  0 root   root    20059 Feb  1 18:59 usr/lib/python3.12/site-packages/mesonbuild/dependencies/qt.py
-rw-r--r--  0 root   root     5887 Feb  1 18:59 usr/lib/python3.12/site-packages/mesonbuild/dependencies/scalapack.py
-rw-r--r--  0 root   root    11966 Feb  1 18:59 usr/lib/python3.12/site-packages/mesonbuild/dependencies/ui.py
drwxr-xr-x  0 root   root        0 Feb  1 18:59 usr/lib/python3.12/site-packages/mesonbuild/dependencies/data/
drwxr-xr-x  0 root   root        0 Feb  1 18:59 usr/lib/python3.12/site-packages/mesonbuild/dependencies/__pycache__/
-rw-r--r--  0 root   root     2038 Feb  1 18:59 usr/lib/python3.12/site-packages/mesonbuild/dependencies/__pycache__/__init__.cpython-312.pyc
-rw-r--r--  0 root   root    35068 Feb  1 18:59 usr/lib/python3.12/site-packages/mesonbuild/dependencies/__pycache__/base.cpython-312.pyc
-rw-r--r--  0 root   root    41793 Feb  1 18:59 usr/lib/python3.12/site-packages/mesonbuild/dependencies/__pycache__/boost.cpython-312.pyc
-rw-r--r--  0 root   root    35144 Feb  1 18:59 usr/lib/python3.12/site-packages/mesonbuild/dependencies/__pycache__/cmake.cpython-312.pyc
-rw-r--r--  0 root   root     3653 Feb  1 18:59 usr/lib/python3.12/site-packages/mesonbuild/dependencies/__pycache__/coarrays.cpython-312.pyc
-rw-r--r--  0 root   root     8419 Feb  1 18:59 usr/lib/python3.12/site-packages/mesonbuild/dependencies/__pycache__/configtool.cpython-312.pyc
-rw-r--r--  0 root   root    19480 Feb  1 18:59 usr/lib/python3.12/site-packages/mesonbuild/dependencies/__pycache__/cuda.cpython-312.pyc
-rw-r--r--  0 root   root     9830 Feb  1 18:59 usr/lib/python3.12/site-packages/mesonbuild/dependencies/__pycache__/detect.cpython-312.pyc
-rw-r--r--  0 root   root    36392 Feb  1 18:59 usr/lib/python3.12/site-packages/mesonbuild/dependencies/__pycache__/dev.cpython-312.pyc
-rw-r--r--  0 root   root    18905 Feb  1 18:59 usr/lib/python3.12/site-packages/mesonbuild/dependencies/__pycache__/dub.cpython-312.pyc
-rw-r--r--  0 root   root     7465 Feb  1 18:59 usr/lib/python3.12/site-packages/mesonbuild/dependencies/__pycache__/factory.cpython-312.pyc
-rw-r--r--  0 root   root     5364 Feb  1 18:59 usr/lib/python3.12/site-packages/mesonbuild/dependencies/__pycache__/framework.cpython-312.pyc
-rw-r--r--  0 root   root     7607 Feb  1 18:59 usr/lib/python3.12/site-packages/mesonbuild/dependencies/__pycache__/hdf5.cpython-312.pyc
-rw-r--r--  0 root   root    29353 Feb  1 18:59 usr/lib/python3.12/site-packages/mesonbuild/dependencies/__pycache__/misc.cpython-312.pyc
-rw-r--r--  0 root   root    10674 Feb  1 18:59 usr/lib/python3.12/site-packages/mesonbuild/dependencies/__pycache__/mpi.cpython-312.pyc
-rw-r--r--  0 root   root    29749 Feb  1 18:59 usr/lib/python3.12/site-packages/mesonbuild/dependencies/__pycache__/pkgconfig.cpython-312.pyc
-rw-r--r--  0 root   root     2504 Feb  1 18:59 usr/lib/python3.12/site-packages/mesonbuild/dependencies/__pycache__/platform.cpython-312.pyc
-rw-r--r--  0 root   root    20972 Feb  1 18:59 usr/lib/python3.12/site-packages/mesonbuild/dependencies/__pycache__/python.cpython-312.pyc
-rw-r--r--  0 root   root    24907 Feb  1 18:59 usr/lib/python3.12/site-packages/mesonbuild/dependencies/__pycache__/qt.cpython-312.pyc
-rw-r--r--  0 root   root     6880 Feb  1 18:59 usr/lib/python3.12/site-packages/mesonbuild/dependencies/__pycache__/scalapack.cpython-312.pyc
-rw-r--r--  0 root   root    13869 Feb  1 18:59 usr/lib/python3.12/site-packages/mesonbuild/dependencies/__pycache__/ui.cpython-312.pyc
-rw-r--r--  0 root   root     3033 Feb  1 18:59 usr/lib/python3.12/site-packages/mesonbuild/dependencies/data/CMakeLists.txt
-rw-r--r--  0 root   root     6178 Feb  1 18:59 usr/lib/python3.12/site-packages/mesonbuild/dependencies/data/CMakeListsLLVM.txt
-rw-r--r--  0 root   root     1170 Feb  1 18:59 usr/lib/python3.12/site-packages/mesonbuild/dependencies/data/CMakePathInfo.txt
-rw-r--r--  0 root   root        0 Feb  1 18:59 usr/lib/python3.12/site-packages/mesonbuild/dependencies/data/__init__.py
drwxr-xr-x  0 root   root        0 Feb  1 18:59 usr/lib/python3.12/site-packages/mesonbuild/dependencies/data/__pycache__/
-rw-r--r--  0 root   root      200 Feb  1 18:59 usr/lib/python3.12/site-packages/mesonbuild/dependencies/data/__pycache__/__init__.cpython-312.pyc
-rw-r--r--  0 root   root     2420 Feb  1 18:59 usr/lib/python3.12/site-packages/mesonbuild/compilers/__init__.py
-rw-r--r--  0 root   root    11368 Feb  1 18:59 usr/lib/python3.12/site-packages/mesonbuild/compilers/asm.py
-rw-r--r--  0 root   root    35413 Feb  1 18:59 usr/lib/python3.12/site-packages/mesonbuild/compilers/c.py
-rw-r--r--  0 root   root     5608 Feb  1 18:59 usr/lib/python3.12/site-packages/mesonbuild/compilers/c_function_attributes.py
-rw-r--r--  0 root   root    59423 Feb  1 18:59 usr/lib/python3.12/site-packages/mesonbuild/compilers/compilers.py
-rw-r--r--  0 root   root    44380 Feb  1 18:59 usr/lib/python3.12/site-packages/mesonbuild/compilers/cpp.py
-rw-r--r--  0 root   root     5236 Feb  1 18:59 usr/lib/python3.12/site-packages/mesonbuild/compilers/cs.py
-rw-r--r--  0 root   root    41951 Feb  1 18:59 usr/lib/python3.12/site-packages/mesonbuild/compilers/cuda.py
-rw-r--r--  0 root   root     3226 Feb  1 18:59 usr/lib/python3.12/site-packages/mesonbuild/compilers/cython.py
-rw-r--r--  0 root   root    36692 Feb  1 18:59 usr/lib/python3.12/site-packages/mesonbuild/compilers/d.py
-rw-r--r--  0 root   root    65900 Feb  1 18:59 usr/lib/python3.12/site-packages/mesonbuild/compilers/detect.py
-rw-r--r--  0 root   root    23818 Feb  1 18:59 usr/lib/python3.12/site-packages/mesonbuild/compilers/fortran.py
-rw-r--r--  0 root   root     4690 Feb  1 18:59 usr/lib/python3.12/site-packages/mesonbuild/compilers/java.py
-rw-r--r--  0 root   root     5207 Feb  1 18:59 usr/lib/python3.12/site-packages/mesonbuild/compilers/objc.py
-rw-r--r--  0 root   root     5346 Feb  1 18:59 usr/lib/python3.12/site-packages/mesonbuild/compilers/objcpp.py
-rw-r--r--  0 root   root     9671 Feb  1 18:59 usr/lib/python3.12/site-packages/mesonbuild/compilers/rust.py
-rw-r--r--  0 root   root     4910 Feb  1 18:59 usr/lib/python3.12/site-packages/mesonbuild/compilers/swift.py
-rw-r--r--  0 root   root     5609 Feb  1 18:59 usr/lib/python3.12/site-packages/mesonbuild/compilers/vala.py
drwxr-xr-x  0 root   root        0 Feb  1 18:59 usr/lib/python3.12/site-packages/mesonbuild/compilers/mixins/
drwxr-xr-x  0 root   root        0 Feb  1 18:59 usr/lib/python3.12/site-packages/mesonbuild/compilers/__pycache__/
-rw-r--r--  0 root   root     1446 Feb  1 18:59 usr/lib/python3.12/site-packages/mesonbuild/compilers/__pycache__/__init__.cpython-312.pyc
-rw-r--r--  0 root   root    16710 Feb  1 18:59 usr/lib/python3.12/site-packages/mesonbuild/compilers/__pycache__/asm.cpython-312.pyc
-rw-r--r--  0 root   root    41330 Feb  1 18:59 usr/lib/python3.12/site-packages/mesonbuild/compilers/__pycache__/c.cpython-312.pyc
-rw-r--r--  0 root   root     5191 Feb  1 18:59 usr/lib/python3.12/site-packages/mesonbuild/compilers/__pycache__/c_function_attributes.cpython-312.pyc
-rw-r--r--  0 root   root    72843 Feb  1 18:59 usr/lib/python3.12/site-packages/mesonbuild/compilers/__pycache__/compilers.cpython-312.pyc
-rw-r--r--  0 root   root    48260 Feb  1 18:59 usr/lib/python3.12/site-packages/mesonbuild/compilers/__pycache__/cpp.cpython-312.pyc
-rw-r--r--  0 root   root     7989 Feb  1 18:59 usr/lib/python3.12/site-packages/mesonbuild/compilers/__pycache__/cs.cpython-312.pyc
-rw-r--r--  0 root   root    35381 Feb  1 18:59 usr/lib/python3.12/site-packages/mesonbuild/compilers/__pycache__/cuda.cpython-312.pyc
-rw-r--r--  0 root   root     5053 Feb  1 18:59 usr/lib/python3.12/site-packages/mesonbuild/compilers/__pycache__/cython.cpython-312.pyc
-rw-r--r--  0 root   root    40572 Feb  1 18:59 usr/lib/python3.12/site-packages/mesonbuild/compilers/__pycache__/d.cpython-312.pyc
-rw-r--r--  0 root   root    59506 Feb  1 18:59 usr/lib/python3.12/site-packages/mesonbuild/compilers/__pycache__/detect.cpython-312.pyc
-rw-r--r--  0 root   root    25818 Feb  1 18:59 usr/lib/python3.12/site-packages/mesonbuild/compilers/__pycache__/fortran.cpython-312.pyc
-rw-r--r--  0 root   root     6580 Feb  1 18:59 usr/lib/python3.12/site-packages/mesonbuild/compilers/__pycache__/java.cpython-312.pyc
-rw-r--r--  0 root   root     5627 Feb  1 18:59 usr/lib/python3.12/site-packages/mesonbuild/compilers/__pycache__/objc.cpython-312.pyc
-rw-r--r--  0 root   root     5727 Feb  1 18:59 usr/lib/python3.12/site-packages/mesonbuild/compilers/__pycache__/objcpp.cpython-312.pyc
-rw-r--r--  0 root   root    12012 Feb  1 18:59 usr/lib/python3.12/site-packages/mesonbuild/compilers/__pycache__/rust.cpython-312.pyc
-rw-r--r--  0 root   root     7489 Feb  1 18:59 usr/lib/python3.12/site-packages/mesonbuild/compilers/__pycache__/swift.cpython-312.pyc
-rw-r--r--  0 root   root     8304 Feb  1 18:59 usr/lib/python3.12/site-packages/mesonbuild/compilers/__pycache__/vala.cpython-312.pyc
-rw-r--r--  0 root   root        0 Feb  1 18:59 usr/lib/python3.12/site-packages/mesonbuild/compilers/mixins/__init__.py
-rw-r--r--  0 root   root     7292 Feb  1 18:59 usr/lib/python3.12/site-packages/mesonbuild/compilers/mixins/arm.py
-rw-r--r--  0 root   root     4374 Feb  1 18:59 usr/lib/python3.12/site-packages/mesonbuild/compilers/mixins/ccrx.py
-rw-r--r--  0 root   root     8204 Feb  1 18:59 usr/lib/python3.12/site-packages/mesonbuild/compilers/mixins/clang.py
-rw-r--r--  0 root   root    63590 Feb  1 18:59 usr/lib/python3.12/site-packages/mesonbuild/compilers/mixins/clike.py
-rw-r--r--  0 root   root     4426 Feb  1 18:59 usr/lib/python3.12/site-packages/mesonbuild/compilers/mixins/compcert.py
-rw-r--r--  0 root   root     4393 Feb  1 18:59 usr/lib/python3.12/site-packages/mesonbuild/compilers/mixins/elbrus.py
-rw-r--r--  0 root   root     4170 Feb  1 18:59 usr/lib/python3.12/site-packages/mesonbuild/compilers/mixins/emscripten.py
-rw-r--r--  0 root   root    21422 Feb  1 18:59 usr/lib/python3.12/site-packages/mesonbuild/compilers/mixins/gnu.py
-rw-r--r--  0 root   root     7017 Feb  1 18:59 usr/lib/python3.12/site-packages/mesonbuild/compilers/mixins/intel.py
-rw-r--r--  0 root   root     4762 Feb  1 18:59 usr/lib/python3.12/site-packages/mesonbuild/compilers/mixins/islinker.py
-rw-r--r--  0 root   root     9645 Feb  1 18:59 usr/lib/python3.12/site-packages/mesonbuild/compilers/mixins/metrowerks.py
-rw-r--r--  0 root   root     3736 Feb  1 18:59 usr/lib/python3.12/site-packages/mesonbuild/compilers/mixins/pgi.py
-rw-r--r--  0 root   root     4948 Feb  1 18:59 usr/lib/python3.12/site-packages/mesonbuild/compilers/mixins/ti.py
-rw-r--r--  0 root   root    18434 Feb  1 18:59 usr/lib/python3.12/site-packages/mesonbuild/compilers/mixins/visualstudio.py
-rw-r--r--  0 root   root     4236 Feb  1 18:59 usr/lib/python3.12/site-packages/mesonbuild/compilers/mixins/xc16.py
drwxr-xr-x  0 root   root        0 Feb  1 18:59 usr/lib/python3.12/site-packages/mesonbuild/compilers/mixins/__pycache__/
-rw-r--r--  0 root   root      199 Feb  1 18:59 usr/lib/python3.12/site-packages/mesonbuild/compilers/mixins/__pycache__/__init__.cpython-312.pyc
-rw-r--r--  0 root   root     8046 Feb  1 18:59 usr/lib/python3.12/site-packages/mesonbuild/compilers/mixins/__pycache__/arm.cpython-312.pyc
-rw-r--r--  0 root   root     5125 Feb  1 18:59 usr/lib/python3.12/site-packages/mesonbuild/compilers/mixins/__pycache__/ccrx.cpython-312.pyc
-rw-r--r--  0 root   root     8935 Feb  1 18:59 usr/lib/python3.12/site-packages/mesonbuild/compilers/mixins/__pycache__/clang.cpython-312.pyc
-rw-r--r--  0 root   root    66115 Feb  1 18:59 usr/lib/python3.12/site-packages/mesonbuild/compilers/mixins/__pycache__/clike.cpython-312.pyc
-rw-r--r--  0 root   root     5383 Feb  1 18:59 usr/lib/python3.12/site-packages/mesonbuild/compilers/mixins/__pycache__/compcert.cpython-312.pyc
-rw-r--r--  0 root   root     6056 Feb  1 18:59 usr/lib/python3.12/site-packages/mesonbuild/compilers/mixins/__pycache__/elbrus.cpython-312.pyc
-rw-r--r--  0 root   root     4871 Feb  1 18:59 usr/lib/python3.12/site-packages/mesonbuild/compilers/mixins/__pycache__/emscripten.cpython-312.pyc
-rw-r--r--  0 root   root    23962 Feb  1 18:59 usr/lib/python3.12/site-packages/mesonbuild/compilers/mixins/__pycache__/gnu.cpython-312.pyc
-rw-r--r--  0 root   root     6858 Feb  1 18:59 usr/lib/python3.12/site-packages/mesonbuild/compilers/mixins/__pycache__/intel.cpython-312.pyc
-rw-r--r--  0 root   root     7000 Feb  1 18:59 usr/lib/python3.12/site-packages/mesonbuild/compilers/mixins/__pycache__/islinker.cpython-312.pyc
-rw-r--r--  0 root   root    11641 Feb  1 18:59 usr/lib/python3.12/site-packages/mesonbuild/compilers/mixins/__pycache__/metrowerks.cpython-312.pyc
-rw-r--r--  0 root   root     4571 Feb  1 18:59 usr/lib/python3.12/site-packages/mesonbuild/compilers/mixins/__pycache__/pgi.cpython-312.pyc
-rw-r--r--  0 root   root     6275 Feb  1 18:59 usr/lib/python3.12/site-packages/mesonbuild/compilers/mixins/__pycache__/ti.cpython-312.pyc
-rw-r--r--  0 root   root    21534 Feb  1 18:59 usr/lib/python3.12/site-packages/mesonbuild/compilers/mixins/__pycache__/visualstudio.cpython-312.pyc
-rw-r--r--  0 root   root     5051 Feb  1 18:59 usr/lib/python3.12/site-packages/mesonbuild/compilers/mixins/__pycache__/xc16.cpython-312.pyc
-rw-r--r--  0 root   root     1379 Feb  1 18:59 usr/lib/python3.12/site-packages/mesonbuild/cmake/__init__.py
-rw-r--r--  0 root   root    13712 Feb  1 18:59 usr/lib/python3.12/site-packages/mesonbuild/cmake/common.py
-rw-r--r--  0 root   root    11248 Feb  1 18:59 usr/lib/python3.12/site-packages/mesonbuild/cmake/executor.py
-rw-r--r--  0 root   root    12976 Feb  1 18:59 usr/lib/python3.12/site-packages/mesonbuild/cmake/fileapi.py
-rw-r--r--  0 root   root     6559 Feb  1 18:59 usr/lib/python3.12/site-packages/mesonbuild/cmake/generator.py
-rw-r--r--  0 root   root    56639 Feb  1 18:59 usr/lib/python3.12/site-packages/mesonbuild/cmake/interpreter.py
-rw-r--r--  0 root   root    10099 Feb  1 18:59 usr/lib/python3.12/site-packages/mesonbuild/cmake/toolchain.py
-rw-r--r--  0 root   root    33917 Feb  1 18:59 usr/lib/python3.12/site-packages/mesonbuild/cmake/traceparser.py
-rw-r--r--  0 root   root     5087 Feb  1 18:59 usr/lib/python3.12/site-packages/mesonbuild/cmake/tracetargets.py
drwxr-xr-x  0 root   root        0 Feb  1 18:59 usr/lib/python3.12/site-packages/mesonbuild/cmake/data/
drwxr-xr-x  0 root   root        0 Feb  1 18:59 usr/lib/python3.12/site-packages/mesonbuild/cmake/__pycache__/
-rw-r--r--  0 root   root      778 Feb  1 18:59 usr/lib/python3.12/site-packages/mesonbuild/cmake/__pycache__/__init__.cpython-312.pyc
-rw-r--r--  0 root   root    22741 Feb  1 18:59 usr/lib/python3.12/site-packages/mesonbuild/cmake/__pycache__/common.cpython-312.pyc
-rw-r--r--  0 root   root    14672 Feb  1 18:59 usr/lib/python3.12/site-packages/mesonbuild/cmake/__pycache__/executor.cpython-312.pyc
-rw-r--r--  0 root   root    13789 Feb  1 18:59 usr/lib/python3.12/site-packages/mesonbuild/cmake/__pycache__/fileapi.cpython-312.pyc
-rw-r--r--  0 root   root    10457 Feb  1 18:59 usr/lib/python3.12/site-packages/mesonbuild/cmake/__pycache__/generator.cpython-312.pyc
-rw-r--r--  0 root   root    73945 Feb  1 18:59 usr/lib/python3.12/site-packages/mesonbuild/cmake/__pycache__/interpreter.cpython-312.pyc
-rw-r--r--  0 root   root    13726 Feb  1 18:59 usr/lib/python3.12/site-packages/mesonbuild/cmake/__pycache__/toolchain.cpython-312.pyc
-rw-r--r--  0 root   root    38822 Feb  1 18:59 usr/lib/python3.12/site-packages/mesonbuild/cmake/__pycache__/traceparser.cpython-312.pyc
-rw-r--r--  0 root   root     6545 Feb  1 18:59 usr/lib/python3.12/site-packages/mesonbuild/cmake/__pycache__/tracetargets.cpython-312.pyc
-rw-r--r--  0 root   root        0 Feb  1 18:59 usr/lib/python3.12/site-packages/mesonbuild/cmake/data/__init__.py
-rw-r--r--  0 root   root     2065 Feb  1 18:59 usr/lib/python3.12/site-packages/mesonbuild/cmake/data/preload.cmake
drwxr-xr-x  0 root   root        0 Feb  1 18:59 usr/lib/python3.12/site-packages/mesonbuild/cmake/data/__pycache__/
-rw-r--r--  0 root   root      193 Feb  1 18:59 usr/lib/python3.12/site-packages/mesonbuild/cmake/data/__pycache__/__init__.cpython-312.pyc
-rw-r--r--  0 root   root       66 Feb  1 18:59 usr/lib/python3.12/site-packages/mesonbuild/cargo/__init__.py
-rw-r--r--  0 root   root     6206 Feb  1 18:59 usr/lib/python3.12/site-packages/mesonbuild/cargo/builder.py
-rw-r--r--  0 root   root     7281 Feb  1 18:59 usr/lib/python3.12/site-packages/mesonbuild/cargo/cfg.py
-rw-r--r--  0 root   root    16426 Feb  1 18:59 usr/lib/python3.12/site-packages/mesonbuild/cargo/interpreter.py
-rw-r--r--  0 root   root     5255 Feb  1 18:59 usr/lib/python3.12/site-packages/mesonbuild/cargo/manifest.py
-rw-r--r--  0 root   root     3948 Feb  1 18:59 usr/lib/python3.12/site-packages/mesonbuild/cargo/version.py
drwxr-xr-x  0 root   root        0 Feb  1 18:59 usr/lib/python3.12/site-packages/mesonbuild/cargo/__pycache__/
-rw-r--r--  0 root   root      268 Feb  1 18:59 usr/lib/python3.12/site-packages/mesonbuild/cargo/__pycache__/__init__.cpython-312.pyc
-rw-r--r--  0 root   root     9643 Feb  1 18:59 usr/lib/python3.12/site-packages/mesonbuild/cargo/__pycache__/builder.cpython-312.pyc
-rw-r--r--  0 root   root    11452 Feb  1 18:59 usr/lib/python3.12/site-packages/mesonbuild/cargo/__pycache__/cfg.cpython-312.pyc
-rw-r--r--  0 root   root    23013 Feb  1 18:59 usr/lib/python3.12/site-packages/mesonbuild/cargo/__pycache__/interpreter.cpython-312.pyc
-rw-r--r--  0 root   root     6800 Feb  1 18:59 usr/lib/python3.12/site-packages/mesonbuild/cargo/__pycache__/manifest.cpython-312.pyc
-rw-r--r--  0 root   root     3203 Feb  1 18:59 usr/lib/python3.12/site-packages/mesonbuild/cargo/__pycache__/version.cpython-312.pyc
-rw-r--r--  0 root   root        0 Feb  1 18:59 usr/lib/python3.12/site-packages/mesonbuild/backend/__init__.py
-rw-r--r--  0 root   root    99755 Feb  1 18:59 usr/lib/python3.12/site-packages/mesonbuild/backend/backends.py
-rw-r--r--  0 root   root   185654 Feb  1 18:59 usr/lib/python3.12/site-packages/mesonbuild/backend/ninjabackend.py
-rw-r--r--  0 root   root     1487 Feb  1 18:59 usr/lib/python3.12/site-packages/mesonbuild/backend/nonebackend.py
-rw-r--r--  0 root   root   121709 Feb  1 18:59 usr/lib/python3.12/site-packages/mesonbuild/backend/vs2010backend.py
-rw-r--r--  0 root   root     1817 Feb  1 18:59 usr/lib/python3.12/site-packages/mesonbuild/backend/vs2012backend.py
-rw-r--r--  0 root   root     1816 Feb  1 18:59 usr/lib/python3.12/site-packages/mesonbuild/backend/vs2013backend.py
-rw-r--r--  0 root   root     1815 Feb  1 18:59 usr/lib/python3.12/site-packages/mesonbuild/backend/vs2015backend.py
-rw-r--r--  0 root   root     2998 Feb  1 18:59 usr/lib/python3.12/site-packages/mesonbuild/backend/vs2017backend.py
-rw-r--r--  0 root   root     2746 Feb  1 18:59 usr/lib/python3.12/site-packages/mesonbuild/backend/vs2019backend.py
-rw-r--r--  0 root   root     2789 Feb  1 18:59 usr/lib/python3.12/site-packages/mesonbuild/backend/vs2022backend.py
-rw-r--r--  0 root   root    86447 Feb  1 18:59 usr/lib/python3.12/site-packages/mesonbuild/backend/xcodebackend.py
drwxr-xr-x  0 root   root        0 Feb  1 18:59 usr/lib/python3.12/site-packages/mesonbuild/backend/__pycache__/
-rw-r--r--  0 root   root      190 Feb  1 18:59 usr/lib/python3.12/site-packages/mesonbuild/backend/__pycache__/__init__.cpython-312.pyc
-rw-r--r--  0 root   root   120352 Feb  1 18:59 usr/lib/python3.12/site-packages/mesonbuild/backend/__pycache__/backends.cpython-312.pyc
-rw-r--r--  0 root   root   208406 Feb  1 18:59 usr/lib/python3.12/site-packages/mesonbuild/backend/__pycache__/ninjabackend.cpython-312.pyc
-rw-r--r--  0 root   root     1454 Feb  1 18:59 usr/lib/python3.12/site-packages/mesonbuild/backend/__pycache__/nonebackend.cpython-312.pyc
-rw-r--r--  0 root   root   111732 Feb  1 18:59 usr/lib/python3.12/site-packages/mesonbuild/backend/__pycache__/vs2010backend.cpython-312.pyc
-rw-r--r--  0 root   root     2103 Feb  1 18:59 usr/lib/python3.12/site-packages/mesonbuild/backend/__pycache__/vs2012backend.cpython-312.pyc
-rw-r--r--  0 root   root     2103 Feb  1 18:59 usr/lib/python3.12/site-packages/mesonbuild/backend/__pycache__/vs2013backend.cpython-312.pyc
-rw-r--r--  0 root   root     2107 Feb  1 18:59 usr/lib/python3.12/site-packages/mesonbuild/backend/__pycache__/vs2015backend.cpython-312.pyc
-rw-r--r--  0 root   root     3961 Feb  1 18:59 usr/lib/python3.12/site-packages/mesonbuild/backend/__pycache__/vs2017backend.cpython-312.pyc
-rw-r--r--  0 root   root     3804 Feb  1 18:59 usr/lib/python3.12/site-packages/mesonbuild/backend/__pycache__/vs2019backend.cpython-312.pyc
-rw-r--r--  0 root   root     3847 Feb  1 18:59 usr/lib/python3.12/site-packages/mesonbuild/backend/__pycache__/vs2022backend.cpython-312.pyc
-rw-r--r--  0 root   root   108715 Feb  1 18:59 usr/lib/python3.12/site-packages/mesonbuild/backend/__pycache__/xcodebackend.cpython-312.pyc
-rw-r--r--  0 root   root     1212 Feb  1 18:59 usr/lib/python3.12/site-packages/mesonbuild/ast/__init__.py
-rw-r--r--  0 root   root    18628 Feb  1 18:59 usr/lib/python3.12/site-packages/mesonbuild/ast/interpreter.py
-rw-r--r--  0 root   root    17885 Feb  1 18:59 usr/lib/python3.12/site-packages/mesonbuild/ast/introspection.py
-rw-r--r--  0 root   root     3966 Feb  1 18:59 usr/lib/python3.12/site-packages/mesonbuild/ast/postprocess.py
-rw-r--r--  0 root   root    22826 Feb  1 18:59 usr/lib/python3.12/site-packages/mesonbuild/ast/printer.py
-rw-r--r--  0 root   root     5929 Feb  1 18:59 usr/lib/python3.12/site-packages/mesonbuild/ast/visitor.py
drwxr-xr-x  0 root   root        0 Feb  1 18:59 usr/lib/python3.12/site-packages/mesonbuild/ast/__pycache__/
-rw-r--r--  0 root   root      638 Feb  1 18:59 usr/lib/python3.12/site-packages/mesonbuild/ast/__pycache__/__init__.cpython-312.pyc
-rw-r--r--  0 root   root    24048 Feb  1 18:59 usr/lib/python3.12/site-packages/mesonbuild/ast/__pycache__/interpreter.cpython-312.pyc
-rw-r--r--  0 root   root    21762 Feb  1 18:59 usr/lib/python3.12/site-packages/mesonbuild/ast/__pycache__/introspection.cpython-312.pyc
-rw-r--r--  0 root   root     7122 Feb  1 18:59 usr/lib/python3.12/site-packages/mesonbuild/ast/__pycache__/postprocess.cpython-312.pyc
-rw-r--r--  0 root   root    42653 Feb  1 18:59 usr/lib/python3.12/site-packages/mesonbuild/ast/__pycache__/printer.cpython-312.pyc
-rw-r--r--  0 root   root    11064 Feb  1 18:59 usr/lib/python3.12/site-packages/mesonbuild/ast/__pycache__/visitor.cpython-312.pyc
=======> Building '/home/devel/packages/meson#1.3.1-1.x86_64.pkg.tar.zst' succeeded.
prt-get: Using PKGMK_PACKAGE_DIR: /home/devel/packages
prt-get: reinstalling meson 1.3.1-1
prt-get: /usr/bin/pkgadd -u meson#1.3.1-1.x86_64.pkg.tar.zst
prt-get: build done Thu Feb  1 18:59:36 2024

