prt-get: updating /usr/ports/wayland-x86_64/mtdev
prt-get: starting build Wed May  8 00:20:12 2024
=======> Building '/home/devel/packages/mtdev#1.1.7-1.x86_64.pkg.tar.zst'.
bsdtar -p -o -C /home/devel/building/work/src -xf /home/devel/sources/mtdev-1.1.7.tar.gz
+ build
+ cd mtdev-1.1.7
+ ./configure --build=x86_64-unknown-linux-gnu --prefix=/usr --disable-static
checking for a BSD-compatible install... /usr/bin/install -c
checking whether build environment is sane... yes
checking for a race-free mkdir -p... /bin/mkdir -p
checking for gawk... gawk
checking whether make sets $(MAKE)... yes
checking whether make supports nested variables... yes
checking whether make supports nested variables... (cached) yes
checking build system type... x86_64-unknown-linux-gnu
checking host system type... x86_64-unknown-linux-gnu
checking how to print strings... printf
checking whether make supports the include directive... yes (GNU style)
checking for gcc... gcc
checking whether the C compiler works... yes
checking for C compiler default output file name... a.out
checking for suffix of executables... 
checking whether we are cross compiling... no
checking for suffix of object files... o
checking whether the compiler supports GNU C... yes
checking whether gcc accepts -g... yes
checking for gcc option to enable C11 features... none needed
checking whether gcc understands -c and -o together... yes
checking dependency style of gcc... gcc3
checking for a sed that does not truncate output... /bin/sed
checking for grep that handles long lines and -e... /usr/bin/grep
checking for egrep... /usr/bin/grep -E
checking for fgrep... /usr/bin/grep -F
checking for ld used by gcc... /usr/bin/ld
checking if the linker (/usr/bin/ld) is GNU ld... yes
checking for BSD- or MS-compatible name lister (nm)... /usr/bin/nm -B
checking the name lister (/usr/bin/nm -B) interface... BSD nm
checking whether ln -s works... yes
checking the maximum length of command line arguments... 1572864
checking how to convert x86_64-unknown-linux-gnu file names to x86_64-unknown-linux-gnu format... func_convert_file_noop
checking how to convert x86_64-unknown-linux-gnu file names to toolchain format... func_convert_file_noop
checking for /usr/bin/ld option to reload object files... -r
checking for file... file
checking for objdump... objdump
checking how to recognize dependent libraries... pass_all
checking for dlltool... no
checking how to associate runtime and link libraries... printf %s\n
checking for ar... ar
checking for archiver @FILE support... @
checking for strip... strip
checking for ranlib... ranlib
checking command to parse /usr/bin/nm -B output from gcc object... ok
checking for sysroot... no
checking for a working dd... /bin/dd
checking how to truncate binary pipes... /bin/dd bs=4096 count=1
checking for mt... no
checking if : is a manifest tool... no
checking for stdio.h... yes
checking for stdlib.h... yes
checking for string.h... yes
checking for inttypes.h... yes
checking for stdint.h... yes
checking for strings.h... yes
checking for sys/stat.h... yes
checking for sys/types.h... yes
checking for unistd.h... yes
checking for dlfcn.h... yes
checking for objdir... .libs
checking if gcc supports -fno-rtti -fno-exceptions... no
checking for gcc option to produce PIC... -fPIC -DPIC
checking if gcc PIC flag -fPIC -DPIC works... yes
checking if gcc static flag -static works... yes
checking if gcc supports -c -o file.o... yes
checking if gcc supports -c -o file.o... (cached) yes
checking whether the gcc linker (/usr/bin/ld -m elf_x86_64) supports shared libraries... yes
checking whether -lc should be explicitly linked in... no
checking dynamic linker characteristics... GNU/Linux ld.so
checking how to hardcode library paths into programs... immediate
checking whether stripping libraries is possible... yes
checking if libtool supports shared libraries... yes
checking whether to build shared libraries... yes
checking whether to build static libraries... no
checking for gcc... (cached) gcc
checking whether the compiler supports GNU C... (cached) yes
checking whether gcc accepts -g... (cached) yes
checking for gcc option to enable C11 features... (cached) none needed
checking whether gcc understands -c and -o together... (cached) yes
checking dependency style of gcc... (cached) gcc3
checking that generated files are newer than configure... done
configure: creating ./config.status
config.status: creating Makefile
config.status: creating src/Makefile
config.status: creating test/Makefile
config.status: creating mtdev.pc
config.status: creating config.h
config.status: executing depfiles commands
config.status: executing libtool commands
+ make V=1
make  all-recursive
make[1]: Entering directory '/home/devel/building/work/src/mtdev-1.1.7'
Making all in src
make[2]: Entering directory '/home/devel/building/work/src/mtdev-1.1.7/src'
/bin/sh ../libtool  --tag=CC   --mode=compile gcc -DHAVE_CONFIG_H -I. -I..  -I../include/ -I.    -O2 -m64 -march=x86-64 -mtune=generic -flto=auto -ffat-lto-objects -MT caps.lo -MD -MP -MF .deps/caps.Tpo -c -o caps.lo caps.c
/bin/sh ../libtool  --tag=CC   --mode=compile gcc -DHAVE_CONFIG_H -I. -I..  -I../include/ -I.    -O2 -m64 -march=x86-64 -mtune=generic -flto=auto -ffat-lto-objects -MT core.lo -MD -MP -MF .deps/core.Tpo -c -o core.lo core.c
/bin/sh ../libtool  --tag=CC   --mode=compile gcc -DHAVE_CONFIG_H -I. -I..  -I../include/ -I.    -O2 -m64 -march=x86-64 -mtune=generic -flto=auto -ffat-lto-objects -MT iobuf.lo -MD -MP -MF .deps/iobuf.Tpo -c -o iobuf.lo iobuf.c
/bin/sh ../libtool  --tag=CC   --mode=compile gcc -DHAVE_CONFIG_H -I. -I..  -I../include/ -I.    -O2 -m64 -march=x86-64 -mtune=generic -flto=auto -ffat-lto-objects -MT match.lo -MD -MP -MF .deps/match.Tpo -c -o match.lo match.c
/bin/sh ../libtool  --tag=CC   --mode=compile gcc -DHAVE_CONFIG_H -I. -I..  -I../include/ -I.    -O2 -m64 -march=x86-64 -mtune=generic -flto=auto -ffat-lto-objects -MT match_four.lo -MD -MP -MF .deps/match_four.Tpo -c -o match_four.lo match_four.c
libtool: compile:  gcc -DHAVE_CONFIG_H -I. -I.. -I../include/ -I. -O2 -m64 -march=x86-64 -mtune=generic -flto=auto -ffat-lto-objects -MT caps.lo -MD -MP -MF .deps/caps.Tpo -c caps.c  -fPIC -DPIC -o .libs/caps.o
libtool: compile:  gcc -DHAVE_CONFIG_H -I. -I.. -I../include/ -I. -O2 -m64 -march=x86-64 -mtune=generic -flto=auto -ffat-lto-objects -MT core.lo -MD -MP -MF .deps/core.Tpo -c core.c  -fPIC -DPIC -o .libs/core.o
libtool: compile:  gcc -DHAVE_CONFIG_H -I. -I.. -I../include/ -I. -O2 -m64 -march=x86-64 -mtune=generic -flto=auto -ffat-lto-objects -MT iobuf.lo -MD -MP -MF .deps/iobuf.Tpo -c iobuf.c  -fPIC -DPIC -o .libs/iobuf.o
libtool: compile:  gcc -DHAVE_CONFIG_H -I. -I.. -I../include/ -I. -O2 -m64 -march=x86-64 -mtune=generic -flto=auto -ffat-lto-objects -MT match.lo -MD -MP -MF .deps/match.Tpo -c match.c  -fPIC -DPIC -o .libs/match.o
libtool: compile:  gcc -DHAVE_CONFIG_H -I. -I.. -I../include/ -I. -O2 -m64 -march=x86-64 -mtune=generic -flto=auto -ffat-lto-objects -MT match_four.lo -MD -MP -MF .deps/match_four.Tpo -c match_four.c  -fPIC -DPIC -o .libs/match_four.o
mv -f .deps/iobuf.Tpo .deps/iobuf.Plo
mv -f .deps/match_four.Tpo .deps/match_four.Plo
mv -f .deps/caps.Tpo .deps/caps.Plo
mv -f .deps/match.Tpo .deps/match.Plo
mv -f .deps/core.Tpo .deps/core.Plo
/bin/sh ../libtool  --tag=CC   --mode=link gcc   -O2 -m64 -march=x86-64 -mtune=generic -flto=auto -ffat-lto-objects -version-info 1:0:0  -o libmtdev.la -rpath /usr/lib caps.lo core.lo iobuf.lo match.lo match_four.lo  
libtool: link: gcc -shared  -fPIC -DPIC  .libs/caps.o .libs/core.o .libs/iobuf.o .libs/match.o .libs/match_four.o    -O2 -m64 -march=x86-64 -mtune=generic -flto=auto   -Wl,-soname -Wl,libmtdev.so.1 -o .libs/libmtdev.so.1.0.0
libtool: link: (cd ".libs" && rm -f "libmtdev.so.1" && ln -s "libmtdev.so.1.0.0" "libmtdev.so.1")
libtool: link: (cd ".libs" && rm -f "libmtdev.so" && ln -s "libmtdev.so.1.0.0" "libmtdev.so")
libtool: link: ( cd ".libs" && rm -f "libmtdev.la" && ln -s "../libmtdev.la" "libmtdev.la" )
make[2]: Leaving directory '/home/devel/building/work/src/mtdev-1.1.7/src'
Making all in test
make[2]: Entering directory '/home/devel/building/work/src/mtdev-1.1.7/test'
gcc -DHAVE_CONFIG_H -I. -I..  -I.. -I../include/   -O2 -m64 -march=x86-64 -mtune=generic -flto=auto -ffat-lto-objects -MT mtdev-test.o -MD -MP -MF .deps/mtdev-test.Tpo -c -o mtdev-test.o mtdev-test.c
gcc -DHAVE_CONFIG_H -I. -I..  -I.. -I../include/   -O2 -m64 -march=x86-64 -mtune=generic -flto=auto -ffat-lto-objects -MT mtdev-mapgen.o -MD -MP -MF .deps/mtdev-mapgen.Tpo -c -o mtdev-mapgen.o mtdev-mapgen.c
gcc -DHAVE_CONFIG_H -I. -I..  -I.. -I../include/   -O2 -m64 -march=x86-64 -mtune=generic -flto=auto -ffat-lto-objects -MT mtdev-matching.o -MD -MP -MF .deps/mtdev-matching.Tpo -c -o mtdev-matching.o mtdev-matching.c
gcc -DHAVE_CONFIG_H -I. -I..  -I.. -I../include/   -O2 -m64 -march=x86-64 -mtune=generic -flto=auto -ffat-lto-objects -MT mtdev-kernel.o -MD -MP -MF .deps/mtdev-kernel.Tpo -c -o mtdev-kernel.o mtdev-kernel.c
mv -f .deps/mtdev-mapgen.Tpo .deps/mtdev-mapgen.Po
/bin/sh ../libtool  --tag=CC   --mode=link gcc  -O2 -m64 -march=x86-64 -mtune=generic -flto=auto -ffat-lto-objects   -o mtdev-mapgen mtdev-mapgen.o  
mv -f .deps/mtdev-test.Tpo .deps/mtdev-test.Po
/bin/sh ../libtool  --tag=CC   --mode=link gcc  -O2 -m64 -march=x86-64 -mtune=generic -flto=auto -ffat-lto-objects   -o mtdev-test mtdev-test.o ../src/libmtdev.la 
mv -f .deps/mtdev-matching.Tpo .deps/mtdev-matching.Po
/bin/sh ../libtool  --tag=CC   --mode=link gcc  -O2 -m64 -march=x86-64 -mtune=generic -flto=auto -ffat-lto-objects   -o mtdev-matching mtdev-matching.o ../src/libmtdev.la 
libtool: link: gcc -O2 -m64 -march=x86-64 -mtune=generic -flto=auto -ffat-lto-objects -o mtdev-mapgen mtdev-mapgen.o 
libtool: link: gcc -O2 -m64 -march=x86-64 -mtune=generic -flto=auto -ffat-lto-objects -o .libs/mtdev-test mtdev-test.o  ../src/.libs/libmtdev.so
mv -f .deps/mtdev-kernel.Tpo .deps/mtdev-kernel.Po
/bin/sh ../libtool  --tag=CC   --mode=link gcc  -O2 -m64 -march=x86-64 -mtune=generic -flto=auto -ffat-lto-objects   -o mtdev-kernel mtdev-kernel.o ../src/libmtdev.la 
libtool: link: gcc -O2 -m64 -march=x86-64 -mtune=generic -flto=auto -ffat-lto-objects -o .libs/mtdev-matching mtdev-matching.o  ../src/.libs/libmtdev.so
libtool: link: gcc -O2 -m64 -march=x86-64 -mtune=generic -flto=auto -ffat-lto-objects -o .libs/mtdev-kernel mtdev-kernel.o  ../src/.libs/libmtdev.so
make[2]: Leaving directory '/home/devel/building/work/src/mtdev-1.1.7/test'
make[2]: Entering directory '/home/devel/building/work/src/mtdev-1.1.7'
make[2]: Leaving directory '/home/devel/building/work/src/mtdev-1.1.7'
make[1]: Leaving directory '/home/devel/building/work/src/mtdev-1.1.7'
+ make DESTDIR=/home/devel/building/work/pkg install
Making install in src
make[1]: Entering directory '/home/devel/building/work/src/mtdev-1.1.7/src'
make[2]: Entering directory '/home/devel/building/work/src/mtdev-1.1.7/src'
 /bin/mkdir -p '/home/devel/building/work/pkg/usr/lib'
 /bin/mkdir -p '/home/devel/building/work/pkg/usr/include'
 /bin/sh ../libtool   --mode=install /usr/bin/install -c   libmtdev.la '/home/devel/building/work/pkg/usr/lib'
 /usr/bin/install -c -m 644 ../include/mtdev-mapping.h ../include/mtdev-plumbing.h ../include/mtdev.h '/home/devel/building/work/pkg/usr/include'
libtool: install: /usr/bin/install -c .libs/libmtdev.so.1.0.0 /home/devel/building/work/pkg/usr/lib/libmtdev.so.1.0.0
libtool: install: (cd /home/devel/building/work/pkg/usr/lib && { ln -s -f libmtdev.so.1.0.0 libmtdev.so.1 || { rm -f libmtdev.so.1 && ln -s libmtdev.so.1.0.0 libmtdev.so.1; }; })
libtool: install: (cd /home/devel/building/work/pkg/usr/lib && { ln -s -f libmtdev.so.1.0.0 libmtdev.so || { rm -f libmtdev.so && ln -s libmtdev.so.1.0.0 libmtdev.so; }; })
libtool: install: /usr/bin/install -c .libs/libmtdev.lai /home/devel/building/work/pkg/usr/lib/libmtdev.la
libtool: warning: remember to run 'libtool --finish /usr/lib'
make[2]: Leaving directory '/home/devel/building/work/src/mtdev-1.1.7/src'
make[1]: Leaving directory '/home/devel/building/work/src/mtdev-1.1.7/src'
Making install in test
make[1]: Entering directory '/home/devel/building/work/src/mtdev-1.1.7/test'
make[2]: Entering directory '/home/devel/building/work/src/mtdev-1.1.7/test'
make[2]: Nothing to be done for 'install-data-am'.
 /bin/mkdir -p '/home/devel/building/work/pkg/usr/bin'
  /bin/sh ../libtool   --mode=install /usr/bin/install -c mtdev-test '/home/devel/building/work/pkg/usr/bin'
libtool: warning: '../src/libmtdev.la' has not been installed in '/usr/lib'
libtool: install: /usr/bin/install -c .libs/mtdev-test /home/devel/building/work/pkg/usr/bin/mtdev-test
make[2]: Leaving directory '/home/devel/building/work/src/mtdev-1.1.7/test'
make[1]: Leaving directory '/home/devel/building/work/src/mtdev-1.1.7/test'
make[1]: Entering directory '/home/devel/building/work/src/mtdev-1.1.7'
make[2]: Entering directory '/home/devel/building/work/src/mtdev-1.1.7'
make[2]: Nothing to be done for 'install-exec-am'.
 /bin/mkdir -p '/home/devel/building/work/pkg/usr/lib/pkgconfig'
 /usr/bin/install -c -m 644 mtdev.pc '/home/devel/building/work/pkg/usr/lib/pkgconfig'
make[2]: Leaving directory '/home/devel/building/work/src/mtdev-1.1.7'
make[1]: Leaving directory '/home/devel/building/work/src/mtdev-1.1.7'
+ find /home/devel/building/work/pkg -type f -name '*.la' -delete
=======> Build result:
drwxr-xr-x  0 root   root        0 May  8 00:20 usr/
drwxr-xr-x  0 root   root        0 May  8 00:20 usr/lib/
drwxr-xr-x  0 root   root        0 May  8 00:20 usr/include/
drwxr-xr-x  0 root   root        0 May  8 00:20 usr/bin/
-rwxr-xr-x  0 root   root    14464 May  8 00:20 usr/bin/mtdev-test
-rw-r--r--  0 root   root     3006 May  8 00:20 usr/include/mtdev-mapping.h
-rw-r--r--  0 root   root     4785 May  8 00:20 usr/include/mtdev-plumbing.h
-rw-r--r--  0 root   root     6741 May  8 00:20 usr/include/mtdev.h
-rwxr-xr-x  0 root   root    22688 May  8 00:20 usr/lib/libmtdev.so.1.0.0
lrwxrwxrwx  0 root   root        0 May  8 00:20 usr/lib/libmtdev.so.1 -> libmtdev.so.1.0.0
lrwxrwxrwx  0 root   root        0 May  8 00:20 usr/lib/libmtdev.so -> libmtdev.so.1.0.0
drwxr-xr-x  0 root   root        0 May  8 00:20 usr/lib/pkgconfig/
-rw-r--r--  0 root   root      220 May  8 00:20 usr/lib/pkgconfig/mtdev.pc
=======> Building '/home/devel/packages/mtdev#1.1.7-1.x86_64.pkg.tar.zst' succeeded.
prt-get: Using PKGMK_PACKAGE_DIR: /home/devel/packages
prt-get: reinstalling mtdev 1.1.7-1
prt-get: /usr/bin/pkgadd -u mtdev#1.1.7-1.x86_64.pkg.tar.zst
prt-get: build done Wed May  8 00:20:15 2024

