prt-get: updating /usr/ports/wayland-x86_64/mypaint-brushes
prt-get: starting build Thu Feb  1 19:00:24 2024
=======> Building '/home/devel/packages/mypaint-brushes#1.3.1-2.x86_64.pkg.tar.zst'.
bsdtar -p -o -C /home/devel/building/work/src -xf /home/devel/sources/mypaint-brushes-1.3.1.tar.xz
+ build
+ cd mypaint-brushes-1.3.1
+ ./configure --build=x86_64-unknown-linux-gnu --host=x86_64-unknown-linux-gnu --prefix=/usr
checking for a BSD-compatible install... /usr/bin/install -c
checking whether build environment is sane... yes
checking for a thread-safe mkdir -p... /bin/mkdir -p
checking for gawk... gawk
checking whether make sets $(MAKE)... yes
checking whether make supports nested variables... yes
checking whether to enable maintainer-specific portions of Makefiles... yes
checking that generated files are newer than configure... done
configure: creating ./config.status
config.status: creating brushes/Makefile
config.status: creating Makefile
config.status: creating mypaint-brushes-1.0.pc

  Configured mypaint-brushes 1.3.1

+ make V=1
Making all in brushes
make[1]: Entering directory '/home/devel/building/work/src/mypaint-brushes-1.3.1/brushes'
make[1]: Nothing to be done for 'all'.
make[1]: Leaving directory '/home/devel/building/work/src/mypaint-brushes-1.3.1/brushes'
make[1]: Entering directory '/home/devel/building/work/src/mypaint-brushes-1.3.1'
make[1]: Nothing to be done for 'all-am'.
make[1]: Leaving directory '/home/devel/building/work/src/mypaint-brushes-1.3.1'
+ make DESTDIR=/home/devel/building/work/pkg install
Making install in brushes
make[1]: Entering directory '/home/devel/building/work/src/mypaint-brushes-1.3.1/brushes'
make[2]: Entering directory '/home/devel/building/work/src/mypaint-brushes-1.3.1/brushes'
make[2]: Nothing to be done for 'install-exec-am'.
 /bin/mkdir -p '/home/devel/building/work/pkg/usr/share/mypaint-data/1.0/brushes/'
 /bin/mkdir -p '/home/devel/building/work/pkg/usr/share/mypaint-data/1.0/brushes/classic/'
 /bin/mkdir -p '/home/devel/building/work/pkg/usr/share/mypaint-data/1.0/brushes/deevad/'
 /bin/mkdir -p '/home/devel/building/work/pkg/usr/share/mypaint-data/1.0/brushes/experimental/'
 /bin/mkdir -p '/home/devel/building/work/pkg/usr/share/mypaint-data/1.0/brushes/kaerhon_v1/'
 /usr/bin/install -c -m 644 order.conf '/home/devel/building/work/pkg/usr/share/mypaint-data/1.0/brushes/'
 /bin/mkdir -p '/home/devel/building/work/pkg/usr/share/mypaint-data/1.0/brushes/ramon/'
 /usr/bin/install -c -m 644 classic/blending_knife.myb classic/blending_knife_prev.png classic/blend+paint.myb classic/blend+paint_prev.png classic/blur.myb classic/blur_prev.png classic/brush.myb classic/brush_prev.png classic/bulk.myb classic/bulk_prev.png classic/calligraphy.myb classic/calligraphy_prev.png classic/charcoal.myb classic/charcoal_prev.png classic/coarse_bulk_1.myb classic/coarse_bulk_1_prev.png classic/coarse_bulk_2.myb classic/coarse_bulk_2_prev.png classic/coarse_bulk_3.myb classic/coarse_bulk_3_prev.png classic/dry_brush.myb classic/dry_brush_prev.png classic/imp_blending.myb classic/imp_blending_prev.png classic/imp_details.myb classic/imp_details_prev.png classic/impressionism.myb classic/impressionism_prev.png classic/ink_blot.myb classic/ink_blot_prev.png classic/ink_eraser.myb classic/ink_eraser_prev.png classic/kabura.myb classic/kabura_prev.png classic/knife.myb classic/knife_prev.png classic/long_grass.myb classic/long_grass_prev.png classic/marker_fat.myb classic/marker_fat_prev.png '/home/devel/building/work/pkg/usr/share/mypaint-data/1.0/brushes/classic/'
 /bin/mkdir -p '/home/devel/building/work/pkg/usr/share/mypaint-data/1.0/brushes/tanda/'
 /usr/bin/install -c -m 644 deevad/2B_pencil.myb deevad/2B_pencil_prev.png deevad/4H_pencil.myb deevad/4H_pencil_prev.png deevad/airbrush.myb deevad/airbrush_prev.png deevad/ballpen.myb deevad/ballpen_prev.png deevad/basic_digital_brush.myb deevad/basic_digital_brush_prev.png deevad/basic_digital_brush_smudging.myb deevad/basic_digital_brush_smudging_prev.png deevad/basic_digital_knife.myb deevad/basic_digital_knife_prev.png deevad/basic_digital_knife_smudging.myb deevad/basic_digital_knife_smudging_prev.png deevad/blending.myb deevad/blending_prev.png deevad/brush.myb deevad/brush_prev.png deevad/chalk.myb deevad/chalk_prev.png deevad/detail_brush_large_glazing.myb deevad/detail_brush_large_glazing_prev.png deevad/detail_brush_large.myb deevad/detail_brush_large_prev.png deevad/detail_brush_thin_glazing.myb deevad/detail_brush_thin_glazing_prev.png deevad/detail_brush_thin.myb deevad/detail_brush_thin_prev.png deevad/fill.myb deevad/fill_prev.png deevad/grainy_blending.myb deevad/grainy_blending_prev.png deevad/kneaded_eraser_large.myb deevad/kneaded_eraser_large_prev.png deevad/kneaded_eraser.myb deevad/kneaded_eraser_prev.png deevad/large_hard_eraser.myb deevad/large_hard_eraser_prev.png '/home/devel/building/work/pkg/usr/share/mypaint-data/1.0/brushes/deevad/'
 /usr/bin/install -c -m 644 experimental/1pixel.myb experimental/1pixel_prev.png experimental/basic.myb experimental/basic_prev.png experimental/bubble.myb experimental/bubble_prev.png experimental/DNA_brush.myb experimental/DNA_brush_prev.png experimental/fur.myb experimental/fur_prev.png experimental/glow.myb experimental/glow_prev.png experimental/hard_blot.myb experimental/hard_blot_prev.png experimental/hard_sting.myb experimental/hard_sting_prev.png experimental/irregular_ink.myb experimental/irregular_ink_prev.png experimental/leaves.myb experimental/leaves_prev.png experimental/particules_3.myb experimental/particules_3_prev.png experimental/particules_eraser.myb experimental/particules_eraser_prev.png experimental/pick_and_drag.myb experimental/pick_and_drag_prev.png experimental/pixelblocking.myb experimental/pixelblocking_prev.png experimental/pixel_hardink.myb experimental/pixel_hardink_prev.png experimental/sewing.myb experimental/sewing_prev.png experimental/small_blot.myb experimental/small_blot_prev.png experimental/soft_irregular.myb experimental/soft_irregular_prev.png experimental/soft.myb experimental/soft_prev.png experimental/spaced-blot.myb experimental/spaced-blot_prev.png '/home/devel/building/work/pkg/usr/share/mypaint-data/1.0/brushes/experimental/'
 /usr/bin/install -c -m 644 classic/marker_small.myb classic/marker_small_prev.png classic/modelling2.myb classic/modelling2_prev.png classic/modelling.myb classic/modelling_prev.png classic/pencil.myb classic/pencil_prev.png classic/pen.myb classic/pen_prev.png classic/pointy_ink.myb classic/pointy_ink_prev.png classic/puantilism2.myb classic/puantilism2_prev.png classic/puantilism.myb classic/puantilism_prev.png classic/rounded.myb classic/rounded_prev.png classic/short_grass.myb classic/short_grass_prev.png classic/slow_ink.myb classic/slow_ink_prev.png classic/smudge.myb classic/smudge+paint.myb classic/smudge+paint_prev.png classic/smudge_prev.png classic/textured_ink.myb classic/textured_ink_prev.png classic/wet_knife.myb classic/wet_knife_prev.png '/home/devel/building/work/pkg/usr/share/mypaint-data/1.0/brushes/classic/'
 /usr/bin/install -c -m 644 kaerhon_v1/airbruch_press_a.myb kaerhon_v1/airbruch_press_a_prev.png kaerhon_v1/Airbrush_a.myb kaerhon_v1/Airbrush_a_prev.png kaerhon_v1/airsmudge_a.myb kaerhon_v1/airsmudge_a_prev.png kaerhon_v1/airsmudgeultimate_sk.myb kaerhon_v1/airsmudgeultimate_sk_prev.png kaerhon_v1/classicroundblock_static_c.myb kaerhon_v1/classicroundblock_static_c_prev.png kaerhon_v1/classic_sk.myb kaerhon_v1/classic_sk_prev.png kaerhon_v1/Dirty_Transparent_sk.myb kaerhon_v1/Dirty_Transparent_sk_prev.png kaerhon_v1/extreme_round_l.myb kaerhon_v1/extreme_round_l_prev.png kaerhon_v1/fill_c.myb kaerhon_v1/fill_c_prev.png kaerhon_v1/flat_bar_l.myb kaerhon_v1/flat_bar_l_prev.png kaerhon_v1/ink-slowline_s.myb kaerhon_v1/ink-slowline_s_prev.png kaerhon_v1/ink_slow_s.myb kaerhon_v1/ink_slow_s_prev.png kaerhon_v1/inkster_l.myb kaerhon_v1/inkster_l_prev.png kaerhon_v1/paint_barrr_sm.myb kaerhon_v1/paint_barrr_sm_prev.png kaerhon_v1/paint_radius_2_sm.myb kaerhon_v1/paint_radius_2_sm_prev.png kaerhon_v1/paint_sm.myb kaerhon_v1/paint_sm_prev.png kaerhon_v1/ReadMe.txt kaerhon_v1/Sketcher2_sk.myb kaerhon_v1/Sketcher2_sk_prev.png kaerhon_v1/Smear_sm.myb kaerhon_v1/Smear_sm_prev.png kaerhon_v1/smudge_ink(0.7)_sm.myb kaerhon_v1/smudge_ink(0.7)_sm_prev.png kaerhon_v1/wet_paint_sm.myb '/home/devel/building/work/pkg/usr/share/mypaint-data/1.0/brushes/kaerhon_v1/'
 /usr/bin/install -c -m 644 ramon/100%_Opaque.myb ramon/100%_Opaque_prev.png ramon/2B_pencil.myb ramon/2B_pencil_prev.png ramon/Beamlight.myb ramon/Beamlight_prev.png ramon/BigAirbrush.myb ramon/BigAirbrush_prev.png ramon/Blur_Fast.myb ramon/Blur_Fast_prev.png ramon/B-pencil.myb ramon/B-pencil_prev.png ramon/Classic_Paint.myb ramon/Classic_Paint_prev.png ramon/Clouds.myb ramon/Clouds_prev.png ramon/Delayed_.myb ramon/Delayed__prev.png ramon/Dirty_Noise.myb ramon/Dirty_Noise_prev.png ramon/Glow_Airbrush.myb ramon/Glow_Airbrush_prev.png ramon/Grain.myb ramon/Grain_prev.png ramon/Hard_Eraser.myb ramon/Hard_Eraser_prev.png ramon/Knife.myb ramon/Knife_prev.png ramon/Marker.myb ramon/Marker_prev.png ramon/Pastel_1.myb ramon/Pastel_1_prev.png ramon/PenBrush.myb ramon/PenBrush_prev.png ramon/Pen.myb ramon/Pen_prev.png ramon/P._Shade.myb ramon/P._Shade_prev.png ramon/Round_Bl.myb ramon/Round_Bl_prev.png '/home/devel/building/work/pkg/usr/share/mypaint-data/1.0/brushes/ramon/'
 /usr/bin/install -c -m 644 experimental/speed_blot.myb experimental/speed_blot_prev.png experimental/subtle_pencil.myb experimental/subtle_pencil_prev.png experimental/track.myb experimental/track_prev.png '/home/devel/building/work/pkg/usr/share/mypaint-data/1.0/brushes/experimental/'
 /usr/bin/install -c -m 644 deevad/large_watercolor_fringe.myb deevad/large_watercolor_fringe_prev.png deevad/liner.myb deevad/liner_prev.png deevad/only_water_fringe.myb deevad/only_water_fringe_prev.png deevad/pen.myb deevad/pen-note.myb deevad/pen-note_prev.png deevad/pen_prev.png deevad/readme.txt deevad/rigger_brush.myb deevad/rigger_brush_prev.png deevad/rigger_brush_thin.myb deevad/rigger_brush_thin_prev.png deevad/rough.myb deevad/rough_prev.png deevad/soft-dip-pen.myb deevad/soft-dip-pen_prev.png deevad/sponge_smudging.myb deevad/sponge_smudging_prev.png deevad/spray2.myb deevad/spray2_prev.png deevad/spray.myb deevad/spray_prev.png deevad/thin_hard_eraser.myb deevad/thin_hard_eraser_prev.png deevad/thin_watercolor.myb deevad/thin_watercolor_prev.png deevad/watercolor_expressive.myb deevad/watercolor_expressive_prev.png deevad/watercolor_glazing.myb deevad/watercolor_glazing_prev.png '/home/devel/building/work/pkg/usr/share/mypaint-data/1.0/brushes/deevad/'
 /usr/bin/install -c -m 644 kaerhon_v1/wet_paint_sm_prev.png '/home/devel/building/work/pkg/usr/share/mypaint-data/1.0/brushes/kaerhon_v1/'
 /usr/bin/install -c -m 644 ramon/Round.myb ramon/Round_prev.png ramon/RS_blendOP.myb ramon/RS_blendOP_prev.png ramon/Sketch_1.myb ramon/Sketch_1_prev.png ramon/Smear.myb ramon/Smear_prev.png ramon/Soft_Eraser.myb ramon/Soft_Eraser_prev.png ramon/Thin_Pen.myb ramon/Thin_Pen_prev.png ramon/Wet_Direction.myb ramon/Wet_Direction_prev.png ramon/wet_round.myb ramon/wet_round_prev.png '/home/devel/building/work/pkg/usr/share/mypaint-data/1.0/brushes/ramon/'
 /usr/bin/install -c -m 644 tanda/acrylic-03-only-water.myb tanda/acrylic-03-only-water_prev.png tanda/acrylic-03-paint.myb tanda/acrylic-03-paint_prev.png tanda/acrylic-03-with-water.myb tanda/acrylic-03-with-water_prev.png tanda/acrylic-04-only-water.myb tanda/acrylic-04-only-water_prev.png tanda/acrylic-04-paint.myb tanda/acrylic-04-paint_prev.png tanda/acrylic-04-with-water.myb tanda/acrylic-04-with-water_prev.png tanda/acrylic-05-only-water.myb tanda/acrylic-05-only-water_prev.png tanda/acrylic-05-paint.myb tanda/acrylic-05-paint_prev.png tanda/acrylic-05-with-water.myb tanda/acrylic-05-with-water_prev.png tanda/charcoal-01.myb tanda/charcoal-01_prev.png tanda/charcoal-03.myb tanda/charcoal-03_prev.png tanda/charcoal-04.myb tanda/charcoal-04_prev.png tanda/charcoal-blur1.myb tanda/charcoal-blur1_prev.png tanda/marker-01.myb tanda/marker-01_prev.png tanda/marker-05.myb tanda/marker-05_prev.png tanda/oil-01-clean.myb tanda/oil-01-clean_prev.png tanda/oil-01-paint.myb tanda/oil-01-paint_prev.png tanda/oil-03-clean.myb tanda/oil-03-clean_prev.png tanda/oil-03-paint.myb tanda/oil-03-paint_prev.png tanda/oil-06-clean.myb tanda/oil-06-clean_prev.png '/home/devel/building/work/pkg/usr/share/mypaint-data/1.0/brushes/tanda/'
 /usr/bin/install -c -m 644 tanda/oil-06-paint.myb tanda/oil-06-paint_prev.png tanda/oil-mop.myb tanda/oil-mop_prev.png tanda/pencil-2b.myb tanda/pencil-2b_prev.png tanda/pencil-8b.myb tanda/pencil-8b_prev.png tanda/splatter-02.myb tanda/splatter-02_prev.png tanda/splatter-04.myb tanda/splatter-04_prev.png tanda/texture-03.myb tanda/texture-03_prev.png tanda/texture-06.myb tanda/texture-06_prev.png tanda/texture-12.myb tanda/texture-12_prev.png tanda/water-01.myb tanda/water-01_prev.png tanda/water-02.myb tanda/water-02_prev.png tanda/water-05.myb tanda/water-05_prev.png tanda/water-06.myb tanda/water-06_prev.png tanda/watercolor-02-paint.myb tanda/watercolor-02-paint_prev.png tanda/watercolor-02-water.myb tanda/watercolor-02-water_prev.png '/home/devel/building/work/pkg/usr/share/mypaint-data/1.0/brushes/tanda/'
make[2]: Leaving directory '/home/devel/building/work/src/mypaint-brushes-1.3.1/brushes'
make[1]: Leaving directory '/home/devel/building/work/src/mypaint-brushes-1.3.1/brushes'
make[1]: Entering directory '/home/devel/building/work/src/mypaint-brushes-1.3.1'
make[2]: Entering directory '/home/devel/building/work/src/mypaint-brushes-1.3.1'
make[2]: Nothing to be done for 'install-exec-am'.
 /bin/mkdir -p '/home/devel/building/work/pkg/usr/share/pkgconfig'
 /usr/bin/install -c -m 644 mypaint-brushes-1.0.pc '/home/devel/building/work/pkg/usr/share/pkgconfig'
make[2]: Leaving directory '/home/devel/building/work/src/mypaint-brushes-1.3.1'
make[1]: Leaving directory '/home/devel/building/work/src/mypaint-brushes-1.3.1'
=======> Build result:
drwxr-xr-x  0 root   root        0 Feb  1 19:00 usr/
drwxr-xr-x  0 root   root        0 Feb  1 19:00 usr/share/
drwxr-xr-x  0 root   root        0 Feb  1 19:00 usr/share/mypaint-data/
drwxr-xr-x  0 root   root        0 Feb  1 19:00 usr/share/pkgconfig/
-rw-r--r--  0 root   root      277 Feb  1 19:00 usr/share/pkgconfig/mypaint-brushes-1.0.pc
drwxr-xr-x  0 root   root        0 Feb  1 19:00 usr/share/mypaint-data/1.0/
drwxr-xr-x  0 root   root        0 Feb  1 19:00 usr/share/mypaint-data/1.0/brushes/
drwxr-xr-x  0 root   root        0 Feb  1 19:00 usr/share/mypaint-data/1.0/brushes/classic/
drwxr-xr-x  0 root   root        0 Feb  1 19:00 usr/share/mypaint-data/1.0/brushes/deevad/
drwxr-xr-x  0 root   root        0 Feb  1 19:00 usr/share/mypaint-data/1.0/brushes/experimental/
drwxr-xr-x  0 root   root        0 Feb  1 19:00 usr/share/mypaint-data/1.0/brushes/kaerhon_v1/
-rw-r--r--  0 root   root     3751 Feb  1 19:00 usr/share/mypaint-data/1.0/brushes/order.conf
drwxr-xr-x  0 root   root        0 Feb  1 19:00 usr/share/mypaint-data/1.0/brushes/ramon/
drwxr-xr-x  0 root   root        0 Feb  1 19:00 usr/share/mypaint-data/1.0/brushes/tanda/
-rw-r--r--  0 root   root     7300 Feb  1 19:00 usr/share/mypaint-data/1.0/brushes/tanda/acrylic-03-only-water.myb
-rw-r--r--  0 root   root     9639 Feb  1 19:00 usr/share/mypaint-data/1.0/brushes/tanda/acrylic-03-only-water_prev.png
-rw-r--r--  0 root   root     6822 Feb  1 19:00 usr/share/mypaint-data/1.0/brushes/tanda/acrylic-03-paint.myb
-rw-r--r--  0 root   root     9825 Feb  1 19:00 usr/share/mypaint-data/1.0/brushes/tanda/acrylic-03-paint_prev.png
-rw-r--r--  0 root   root     5928 Feb  1 19:00 usr/share/mypaint-data/1.0/brushes/tanda/acrylic-03-with-water.myb
-rw-r--r--  0 root   root    10334 Feb  1 19:00 usr/share/mypaint-data/1.0/brushes/tanda/acrylic-03-with-water_prev.png
-rw-r--r--  0 root   root     7508 Feb  1 19:00 usr/share/mypaint-data/1.0/brushes/tanda/acrylic-04-only-water.myb
-rw-r--r--  0 root   root     9155 Feb  1 19:00 usr/share/mypaint-data/1.0/brushes/tanda/acrylic-04-only-water_prev.png
-rw-r--r--  0 root   root     6159 Feb  1 19:00 usr/share/mypaint-data/1.0/brushes/tanda/acrylic-04-paint.myb
-rw-r--r--  0 root   root     7890 Feb  1 19:00 usr/share/mypaint-data/1.0/brushes/tanda/acrylic-04-paint_prev.png
-rw-r--r--  0 root   root     6403 Feb  1 19:00 usr/share/mypaint-data/1.0/brushes/tanda/acrylic-04-with-water.myb
-rw-r--r--  0 root   root    10055 Feb  1 19:00 usr/share/mypaint-data/1.0/brushes/tanda/acrylic-04-with-water_prev.png
-rw-r--r--  0 root   root     5648 Feb  1 19:00 usr/share/mypaint-data/1.0/brushes/tanda/acrylic-05-only-water.myb
-rw-r--r--  0 root   root    10364 Feb  1 19:00 usr/share/mypaint-data/1.0/brushes/tanda/acrylic-05-only-water_prev.png
-rw-r--r--  0 root   root     5642 Feb  1 19:00 usr/share/mypaint-data/1.0/brushes/tanda/acrylic-05-paint.myb
-rw-r--r--  0 root   root    10021 Feb  1 19:00 usr/share/mypaint-data/1.0/brushes/tanda/acrylic-05-paint_prev.png
-rw-r--r--  0 root   root     5689 Feb  1 19:00 usr/share/mypaint-data/1.0/brushes/tanda/acrylic-05-with-water.myb
-rw-r--r--  0 root   root     9803 Feb  1 19:00 usr/share/mypaint-data/1.0/brushes/tanda/acrylic-05-with-water_prev.png
-rw-r--r--  0 root   root     6310 Feb  1 19:00 usr/share/mypaint-data/1.0/brushes/tanda/charcoal-01.myb
-rw-r--r--  0 root   root    18752 Feb  1 19:00 usr/share/mypaint-data/1.0/brushes/tanda/charcoal-01_prev.png
-rw-r--r--  0 root   root     6264 Feb  1 19:00 usr/share/mypaint-data/1.0/brushes/tanda/charcoal-03.myb
-rw-r--r--  0 root   root    18239 Feb  1 19:00 usr/share/mypaint-data/1.0/brushes/tanda/charcoal-03_prev.png
-rw-r--r--  0 root   root     6000 Feb  1 19:00 usr/share/mypaint-data/1.0/brushes/tanda/charcoal-04.myb
-rw-r--r--  0 root   root    19589 Feb  1 19:00 usr/share/mypaint-data/1.0/brushes/tanda/charcoal-04_prev.png
-rw-r--r--  0 root   root     5626 Feb  1 19:00 usr/share/mypaint-data/1.0/brushes/tanda/charcoal-blur1.myb
-rw-r--r--  0 root   root    17713 Feb  1 19:00 usr/share/mypaint-data/1.0/brushes/tanda/charcoal-blur1_prev.png
-rw-r--r--  0 root   root     5514 Feb  1 19:00 usr/share/mypaint-data/1.0/brushes/tanda/marker-01.myb
-rw-r--r--  0 root   root    18105 Feb  1 19:00 usr/share/mypaint-data/1.0/brushes/tanda/marker-01_prev.png
-rw-r--r--  0 root   root     5676 Feb  1 19:00 usr/share/mypaint-data/1.0/brushes/tanda/marker-05.myb
-rw-r--r--  0 root   root    18079 Feb  1 19:00 usr/share/mypaint-data/1.0/brushes/tanda/marker-05_prev.png
-rw-r--r--  0 root   root     6762 Feb  1 19:00 usr/share/mypaint-data/1.0/brushes/tanda/oil-01-clean.myb
-rw-r--r--  0 root   root    10317 Feb  1 19:00 usr/share/mypaint-data/1.0/brushes/tanda/oil-01-clean_prev.png
-rw-r--r--  0 root   root     7395 Feb  1 19:00 usr/share/mypaint-data/1.0/brushes/tanda/oil-01-paint.myb
-rw-r--r--  0 root   root    10091 Feb  1 19:00 usr/share/mypaint-data/1.0/brushes/tanda/oil-01-paint_prev.png
-rw-r--r--  0 root   root     7023 Feb  1 19:00 usr/share/mypaint-data/1.0/brushes/tanda/oil-03-clean.myb
-rw-r--r--  0 root   root    10337 Feb  1 19:00 usr/share/mypaint-data/1.0/brushes/tanda/oil-03-clean_prev.png
-rw-r--r--  0 root   root     7813 Feb  1 19:00 usr/share/mypaint-data/1.0/brushes/tanda/oil-03-paint.myb
-rw-r--r--  0 root   root    10478 Feb  1 19:00 usr/share/mypaint-data/1.0/brushes/tanda/oil-03-paint_prev.png
-rw-r--r--  0 root   root     5639 Feb  1 19:00 usr/share/mypaint-data/1.0/brushes/tanda/oil-06-clean.myb
-rw-r--r--  0 root   root     9670 Feb  1 19:00 usr/share/mypaint-data/1.0/brushes/tanda/oil-06-clean_prev.png
-rw-r--r--  0 root   root     6008 Feb  1 19:00 usr/share/mypaint-data/1.0/brushes/tanda/oil-06-paint.myb
-rw-r--r--  0 root   root     9800 Feb  1 19:00 usr/share/mypaint-data/1.0/brushes/tanda/oil-06-paint_prev.png
-rw-r--r--  0 root   root     6324 Feb  1 19:00 usr/share/mypaint-data/1.0/brushes/tanda/oil-mop.myb
-rw-r--r--  0 root   root     9333 Feb  1 19:00 usr/share/mypaint-data/1.0/brushes/tanda/oil-mop_prev.png
-rw-r--r--  0 root   root     5538 Feb  1 19:00 usr/share/mypaint-data/1.0/brushes/tanda/pencil-2b.myb
-rw-r--r--  0 root   root    26071 Feb  1 19:00 usr/share/mypaint-data/1.0/brushes/tanda/pencil-2b_prev.png
-rw-r--r--  0 root   root     5787 Feb  1 19:00 usr/share/mypaint-data/1.0/brushes/tanda/pencil-8b.myb
-rw-r--r--  0 root   root    27066 Feb  1 19:00 usr/share/mypaint-data/1.0/brushes/tanda/pencil-8b_prev.png
-rw-r--r--  0 root   root     4883 Feb  1 19:00 usr/share/mypaint-data/1.0/brushes/tanda/splatter-02.myb
-rw-r--r--  0 root   root     8454 Feb  1 19:00 usr/share/mypaint-data/1.0/brushes/tanda/splatter-02_prev.png
-rw-r--r--  0 root   root     5802 Feb  1 19:00 usr/share/mypaint-data/1.0/brushes/tanda/splatter-04.myb
-rw-r--r--  0 root   root     5135 Feb  1 19:00 usr/share/mypaint-data/1.0/brushes/tanda/splatter-04_prev.png
-rw-r--r--  0 root   root     5401 Feb  1 19:00 usr/share/mypaint-data/1.0/brushes/tanda/texture-03.myb
-rw-r--r--  0 root   root     7492 Feb  1 19:00 usr/share/mypaint-data/1.0/brushes/tanda/texture-03_prev.png
-rw-r--r--  0 root   root     5921 Feb  1 19:00 usr/share/mypaint-data/1.0/brushes/tanda/texture-06.myb
-rw-r--r--  0 root   root     9071 Feb  1 19:00 usr/share/mypaint-data/1.0/brushes/tanda/texture-06_prev.png
-rw-r--r--  0 root   root     5949 Feb  1 19:00 usr/share/mypaint-data/1.0/brushes/tanda/texture-12.myb
-rw-r--r--  0 root   root     7381 Feb  1 19:00 usr/share/mypaint-data/1.0/brushes/tanda/texture-12_prev.png
-rw-r--r--  0 root   root     5639 Feb  1 19:00 usr/share/mypaint-data/1.0/brushes/tanda/water-01.myb
-rw-r--r--  0 root   root     8947 Feb  1 19:00 usr/share/mypaint-data/1.0/brushes/tanda/water-01_prev.png
-rw-r--r--  0 root   root     4838 Feb  1 19:00 usr/share/mypaint-data/1.0/brushes/tanda/water-02.myb
-rw-r--r--  0 root   root    10327 Feb  1 19:00 usr/share/mypaint-data/1.0/brushes/tanda/water-02_prev.png
-rw-r--r--  0 root   root     4836 Feb  1 19:00 usr/share/mypaint-data/1.0/brushes/tanda/water-05.myb
-rw-r--r--  0 root   root     9560 Feb  1 19:00 usr/share/mypaint-data/1.0/brushes/tanda/water-05_prev.png
-rw-r--r--  0 root   root     7609 Feb  1 19:00 usr/share/mypaint-data/1.0/brushes/tanda/water-06.myb
-rw-r--r--  0 root   root     7046 Feb  1 19:00 usr/share/mypaint-data/1.0/brushes/tanda/water-06_prev.png
-rw-r--r--  0 root   root     8034 Feb  1 19:00 usr/share/mypaint-data/1.0/brushes/tanda/watercolor-02-paint.myb
-rw-r--r--  0 root   root     9919 Feb  1 19:00 usr/share/mypaint-data/1.0/brushes/tanda/watercolor-02-paint_prev.png
-rw-r--r--  0 root   root     7251 Feb  1 19:00 usr/share/mypaint-data/1.0/brushes/tanda/watercolor-02-water.myb
-rw-r--r--  0 root   root     8862 Feb  1 19:00 usr/share/mypaint-data/1.0/brushes/tanda/watercolor-02-water_prev.png
-rw-r--r--  0 root   root     4830 Feb  1 19:00 usr/share/mypaint-data/1.0/brushes/ramon/100%_Opaque.myb
-rw-r--r--  0 root   root     3212 Feb  1 19:00 usr/share/mypaint-data/1.0/brushes/ramon/100%_Opaque_prev.png
-rw-r--r--  0 root   root     5621 Feb  1 19:00 usr/share/mypaint-data/1.0/brushes/ramon/2B_pencil.myb
-rw-r--r--  0 root   root     6582 Feb  1 19:00 usr/share/mypaint-data/1.0/brushes/ramon/2B_pencil_prev.png
-rw-r--r--  0 root   root     5936 Feb  1 19:00 usr/share/mypaint-data/1.0/brushes/ramon/Beamlight.myb
-rw-r--r--  0 root   root     6578 Feb  1 19:00 usr/share/mypaint-data/1.0/brushes/ramon/Beamlight_prev.png
-rw-r--r--  0 root   root     5112 Feb  1 19:00 usr/share/mypaint-data/1.0/brushes/ramon/BigAirbrush.myb
-rw-r--r--  0 root   root    12232 Feb  1 19:00 usr/share/mypaint-data/1.0/brushes/ramon/BigAirbrush_prev.png
-rw-r--r--  0 root   root     4879 Feb  1 19:00 usr/share/mypaint-data/1.0/brushes/ramon/Blur_Fast.myb
-rw-r--r--  0 root   root     3705 Feb  1 19:00 usr/share/mypaint-data/1.0/brushes/ramon/Blur_Fast_prev.png
-rw-r--r--  0 root   root     6202 Feb  1 19:00 usr/share/mypaint-data/1.0/brushes/ramon/B-pencil.myb
-rw-r--r--  0 root   root     5397 Feb  1 19:00 usr/share/mypaint-data/1.0/brushes/ramon/B-pencil_prev.png
-rw-r--r--  0 root   root     6747 Feb  1 19:00 usr/share/mypaint-data/1.0/brushes/ramon/Classic_Paint.myb
-rw-r--r--  0 root   root     4738 Feb  1 19:00 usr/share/mypaint-data/1.0/brushes/ramon/Classic_Paint_prev.png
-rw-r--r--  0 root   root     6778 Feb  1 19:00 usr/share/mypaint-data/1.0/brushes/ramon/Clouds.myb
-rw-r--r--  0 root   root     6452 Feb  1 19:00 usr/share/mypaint-data/1.0/brushes/ramon/Clouds_prev.png
-rw-r--r--  0 root   root     6145 Feb  1 19:00 usr/share/mypaint-data/1.0/brushes/ramon/Delayed_.myb
-rw-r--r--  0 root   root     3198 Feb  1 19:00 usr/share/mypaint-data/1.0/brushes/ramon/Delayed__prev.png
-rw-r--r--  0 root   root     7360 Feb  1 19:00 usr/share/mypaint-data/1.0/brushes/ramon/Dirty_Noise.myb
-rw-r--r--  0 root   root     6312 Feb  1 19:00 usr/share/mypaint-data/1.0/brushes/ramon/Dirty_Noise_prev.png
-rw-r--r--  0 root   root     6503 Feb  1 19:00 usr/share/mypaint-data/1.0/brushes/ramon/Glow_Airbrush.myb
-rw-r--r--  0 root   root    13721 Feb  1 19:00 usr/share/mypaint-data/1.0/brushes/ramon/Glow_Airbrush_prev.png
-rw-r--r--  0 root   root     5639 Feb  1 19:00 usr/share/mypaint-data/1.0/brushes/ramon/Grain.myb
-rw-r--r--  0 root   root     5915 Feb  1 19:00 usr/share/mypaint-data/1.0/brushes/ramon/Grain_prev.png
-rw-r--r--  0 root   root     5951 Feb  1 19:00 usr/share/mypaint-data/1.0/brushes/ramon/Hard_Eraser.myb
-rw-r--r--  0 root   root     4323 Feb  1 19:00 usr/share/mypaint-data/1.0/brushes/ramon/Hard_Eraser_prev.png
-rw-r--r--  0 root   root     5643 Feb  1 19:00 usr/share/mypaint-data/1.0/brushes/ramon/Knife.myb
-rw-r--r--  0 root   root     4230 Feb  1 19:00 usr/share/mypaint-data/1.0/brushes/ramon/Knife_prev.png
-rw-r--r--  0 root   root     7835 Feb  1 19:00 usr/share/mypaint-data/1.0/brushes/ramon/Marker.myb
-rw-r--r--  0 root   root     4044 Feb  1 19:00 usr/share/mypaint-data/1.0/brushes/ramon/Marker_prev.png
-rw-r--r--  0 root   root     6496 Feb  1 19:00 usr/share/mypaint-data/1.0/brushes/ramon/Pastel_1.myb
-rw-r--r--  0 root   root     9480 Feb  1 19:00 usr/share/mypaint-data/1.0/brushes/ramon/Pastel_1_prev.png
-rw-r--r--  0 root   root     6036 Feb  1 19:00 usr/share/mypaint-data/1.0/brushes/ramon/PenBrush.myb
-rw-r--r--  0 root   root     4050 Feb  1 19:00 usr/share/mypaint-data/1.0/brushes/ramon/PenBrush_prev.png
-rw-r--r--  0 root   root     5242 Feb  1 19:00 usr/share/mypaint-data/1.0/brushes/ramon/Pen.myb
-rw-r--r--  0 root   root     4051 Feb  1 19:00 usr/share/mypaint-data/1.0/brushes/ramon/Pen_prev.png
-rw-r--r--  0 root   root     5692 Feb  1 19:00 usr/share/mypaint-data/1.0/brushes/ramon/P._Shade.myb
-rw-r--r--  0 root   root     7409 Feb  1 19:00 usr/share/mypaint-data/1.0/brushes/ramon/P._Shade_prev.png
-rw-r--r--  0 root   root     7225 Feb  1 19:00 usr/share/mypaint-data/1.0/brushes/ramon/Round_Bl.myb
-rw-r--r--  0 root   root     5218 Feb  1 19:00 usr/share/mypaint-data/1.0/brushes/ramon/Round_Bl_prev.png
-rw-r--r--  0 root   root     6382 Feb  1 19:00 usr/share/mypaint-data/1.0/brushes/ramon/Round.myb
-rw-r--r--  0 root   root     4720 Feb  1 19:00 usr/share/mypaint-data/1.0/brushes/ramon/Round_prev.png
-rw-r--r--  0 root   root     7135 Feb  1 19:00 usr/share/mypaint-data/1.0/brushes/ramon/RS_blendOP.myb
-rw-r--r--  0 root   root     4679 Feb  1 19:00 usr/share/mypaint-data/1.0/brushes/ramon/RS_blendOP_prev.png
-rw-r--r--  0 root   root     5334 Feb  1 19:00 usr/share/mypaint-data/1.0/brushes/ramon/Sketch_1.myb
-rw-r--r--  0 root   root     6418 Feb  1 19:00 usr/share/mypaint-data/1.0/brushes/ramon/Sketch_1_prev.png
-rw-r--r--  0 root   root     5638 Feb  1 19:00 usr/share/mypaint-data/1.0/brushes/ramon/Smear.myb
-rw-r--r--  0 root   root     4378 Feb  1 19:00 usr/share/mypaint-data/1.0/brushes/ramon/Smear_prev.png
-rw-r--r--  0 root   root     4997 Feb  1 19:00 usr/share/mypaint-data/1.0/brushes/ramon/Soft_Eraser.myb
-rw-r--r--  0 root   root     5487 Feb  1 19:00 usr/share/mypaint-data/1.0/brushes/ramon/Soft_Eraser_prev.png
-rw-r--r--  0 root   root     6183 Feb  1 19:00 usr/share/mypaint-data/1.0/brushes/ramon/Thin_Pen.myb
-rw-r--r--  0 root   root     5402 Feb  1 19:00 usr/share/mypaint-data/1.0/brushes/ramon/Thin_Pen_prev.png
-rw-r--r--  0 root   root     5426 Feb  1 19:00 usr/share/mypaint-data/1.0/brushes/ramon/Wet_Direction.myb
-rw-r--r--  0 root   root     5113 Feb  1 19:00 usr/share/mypaint-data/1.0/brushes/ramon/Wet_Direction_prev.png
-rw-r--r--  0 root   root     5993 Feb  1 19:00 usr/share/mypaint-data/1.0/brushes/ramon/wet_round.myb
-rw-r--r--  0 root   root     4617 Feb  1 19:00 usr/share/mypaint-data/1.0/brushes/ramon/wet_round_prev.png
-rw-r--r--  0 root   root     6112 Feb  1 19:00 usr/share/mypaint-data/1.0/brushes/kaerhon_v1/airbruch_press_a.myb
-rw-r--r--  0 root   root     3445 Feb  1 19:00 usr/share/mypaint-data/1.0/brushes/kaerhon_v1/airbruch_press_a_prev.png
-rw-r--r--  0 root   root     5840 Feb  1 19:00 usr/share/mypaint-data/1.0/brushes/kaerhon_v1/Airbrush_a.myb
-rw-r--r--  0 root   root     3746 Feb  1 19:00 usr/share/mypaint-data/1.0/brushes/kaerhon_v1/Airbrush_a_prev.png
-rw-r--r--  0 root   root     6475 Feb  1 19:00 usr/share/mypaint-data/1.0/brushes/kaerhon_v1/airsmudge_a.myb
-rw-r--r--  0 root   root     4296 Feb  1 19:00 usr/share/mypaint-data/1.0/brushes/kaerhon_v1/airsmudge_a_prev.png
-rw-r--r--  0 root   root     7355 Feb  1 19:00 usr/share/mypaint-data/1.0/brushes/kaerhon_v1/airsmudgeultimate_sk.myb
-rw-r--r--  0 root   root     2101 Feb  1 19:00 usr/share/mypaint-data/1.0/brushes/kaerhon_v1/airsmudgeultimate_sk_prev.png
-rw-r--r--  0 root   root     6636 Feb  1 19:00 usr/share/mypaint-data/1.0/brushes/kaerhon_v1/classicroundblock_static_c.myb
-rw-r--r--  0 root   root     4738 Feb  1 19:00 usr/share/mypaint-data/1.0/brushes/kaerhon_v1/classicroundblock_static_c_prev.png
-rw-r--r--  0 root   root     6849 Feb  1 19:00 usr/share/mypaint-data/1.0/brushes/kaerhon_v1/classic_sk.myb
-rw-r--r--  0 root   root     1098 Feb  1 19:00 usr/share/mypaint-data/1.0/brushes/kaerhon_v1/classic_sk_prev.png
-rw-r--r--  0 root   root     6241 Feb  1 19:00 usr/share/mypaint-data/1.0/brushes/kaerhon_v1/Dirty_Transparent_sk.myb
-rw-r--r--  0 root   root     2381 Feb  1 19:00 usr/share/mypaint-data/1.0/brushes/kaerhon_v1/Dirty_Transparent_sk_prev.png
-rw-r--r--  0 root   root     6724 Feb  1 19:00 usr/share/mypaint-data/1.0/brushes/kaerhon_v1/extreme_round_l.myb
-rw-r--r--  0 root   root      833 Feb  1 19:00 usr/share/mypaint-data/1.0/brushes/kaerhon_v1/extreme_round_l_prev.png
-rw-r--r--  0 root   root     5828 Feb  1 19:00 usr/share/mypaint-data/1.0/brushes/kaerhon_v1/fill_c.myb
-rw-r--r--  0 root   root     1175 Feb  1 19:00 usr/share/mypaint-data/1.0/brushes/kaerhon_v1/fill_c_prev.png
-rw-r--r--  0 root   root     6945 Feb  1 19:00 usr/share/mypaint-data/1.0/brushes/kaerhon_v1/flat_bar_l.myb
-rw-r--r--  0 root   root      998 Feb  1 19:00 usr/share/mypaint-data/1.0/brushes/kaerhon_v1/flat_bar_l_prev.png
-rw-r--r--  0 root   root     6635 Feb  1 19:00 usr/share/mypaint-data/1.0/brushes/kaerhon_v1/ink-slowline_s.myb
-rw-r--r--  0 root   root     1038 Feb  1 19:00 usr/share/mypaint-data/1.0/brushes/kaerhon_v1/ink-slowline_s_prev.png
-rw-r--r--  0 root   root     6907 Feb  1 19:00 usr/share/mypaint-data/1.0/brushes/kaerhon_v1/ink_slow_s.myb
-rw-r--r--  0 root   root     1738 Feb  1 19:00 usr/share/mypaint-data/1.0/brushes/kaerhon_v1/ink_slow_s_prev.png
-rw-r--r--  0 root   root     6834 Feb  1 19:00 usr/share/mypaint-data/1.0/brushes/kaerhon_v1/inkster_l.myb
-rw-r--r--  0 root   root     1253 Feb  1 19:00 usr/share/mypaint-data/1.0/brushes/kaerhon_v1/inkster_l_prev.png
-rw-r--r--  0 root   root     6604 Feb  1 19:00 usr/share/mypaint-data/1.0/brushes/kaerhon_v1/paint_barrr_sm.myb
-rw-r--r--  0 root   root     4440 Feb  1 19:00 usr/share/mypaint-data/1.0/brushes/kaerhon_v1/paint_barrr_sm_prev.png
-rw-r--r--  0 root   root     7180 Feb  1 19:00 usr/share/mypaint-data/1.0/brushes/kaerhon_v1/paint_radius_2_sm.myb
-rw-r--r--  0 root   root     3830 Feb  1 19:00 usr/share/mypaint-data/1.0/brushes/kaerhon_v1/paint_radius_2_sm_prev.png
-rw-r--r--  0 root   root     6870 Feb  1 19:00 usr/share/mypaint-data/1.0/brushes/kaerhon_v1/paint_sm.myb
-rw-r--r--  0 root   root     4186 Feb  1 19:00 usr/share/mypaint-data/1.0/brushes/kaerhon_v1/paint_sm_prev.png
-rw-r--r--  0 root   root       88 Feb  1 19:00 usr/share/mypaint-data/1.0/brushes/kaerhon_v1/ReadMe.txt
-rw-r--r--  0 root   root     8104 Feb  1 19:00 usr/share/mypaint-data/1.0/brushes/kaerhon_v1/Sketcher2_sk.myb
-rw-r--r--  0 root   root     2840 Feb  1 19:00 usr/share/mypaint-data/1.0/brushes/kaerhon_v1/Sketcher2_sk_prev.png
-rw-r--r--  0 root   root     6557 Feb  1 19:00 usr/share/mypaint-data/1.0/brushes/kaerhon_v1/Smear_sm.myb
-rw-r--r--  0 root   root     3121 Feb  1 19:00 usr/share/mypaint-data/1.0/brushes/kaerhon_v1/Smear_sm_prev.png
-rw-r--r--  0 root   root     6281 Feb  1 19:00 usr/share/mypaint-data/1.0/brushes/kaerhon_v1/smudge_ink(0.7)_sm.myb
-rw-r--r--  0 root   root     2759 Feb  1 19:00 usr/share/mypaint-data/1.0/brushes/kaerhon_v1/smudge_ink(0.7)_sm_prev.png
-rw-r--r--  0 root   root     6302 Feb  1 19:00 usr/share/mypaint-data/1.0/brushes/kaerhon_v1/wet_paint_sm.myb
-rw-r--r--  0 root   root     3059 Feb  1 19:00 usr/share/mypaint-data/1.0/brushes/kaerhon_v1/wet_paint_sm_prev.png
-rw-r--r--  0 root   root     6885 Feb  1 19:00 usr/share/mypaint-data/1.0/brushes/experimental/1pixel.myb
-rw-r--r--  0 root   root     1110 Feb  1 19:00 usr/share/mypaint-data/1.0/brushes/experimental/1pixel_prev.png
-rw-r--r--  0 root   root     4594 Feb  1 19:00 usr/share/mypaint-data/1.0/brushes/experimental/basic.myb
-rw-r--r--  0 root   root     4123 Feb  1 19:00 usr/share/mypaint-data/1.0/brushes/experimental/basic_prev.png
-rw-r--r--  0 root   root     7661 Feb  1 19:00 usr/share/mypaint-data/1.0/brushes/experimental/bubble.myb
-rw-r--r--  0 root   root     5170 Feb  1 19:00 usr/share/mypaint-data/1.0/brushes/experimental/bubble_prev.png
-rw-r--r--  0 root   root     6705 Feb  1 19:00 usr/share/mypaint-data/1.0/brushes/experimental/DNA_brush.myb
-rw-r--r--  0 root   root     8351 Feb  1 19:00 usr/share/mypaint-data/1.0/brushes/experimental/DNA_brush_prev.png
-rw-r--r--  0 root   root     9692 Feb  1 19:00 usr/share/mypaint-data/1.0/brushes/experimental/fur.myb
-rw-r--r--  0 root   root     7306 Feb  1 19:00 usr/share/mypaint-data/1.0/brushes/experimental/fur_prev.png
-rw-r--r--  0 root   root     5865 Feb  1 19:00 usr/share/mypaint-data/1.0/brushes/experimental/glow.myb
-rw-r--r--  0 root   root     5701 Feb  1 19:00 usr/share/mypaint-data/1.0/brushes/experimental/glow_prev.png
-rw-r--r--  0 root   root     4592 Feb  1 19:00 usr/share/mypaint-data/1.0/brushes/experimental/hard_blot.myb
-rw-r--r--  0 root   root     7464 Feb  1 19:00 usr/share/mypaint-data/1.0/brushes/experimental/hard_blot_prev.png
-rw-r--r--  0 root   root     6545 Feb  1 19:00 usr/share/mypaint-data/1.0/brushes/experimental/hard_sting.myb
-rw-r--r--  0 root   root     6318 Feb  1 19:00 usr/share/mypaint-data/1.0/brushes/experimental/hard_sting_prev.png
-rw-r--r--  0 root   root     6423 Feb  1 19:00 usr/share/mypaint-data/1.0/brushes/experimental/irregular_ink.myb
-rw-r--r--  0 root   root     6009 Feb  1 19:00 usr/share/mypaint-data/1.0/brushes/experimental/irregular_ink_prev.png
-rw-r--r--  0 root   root     7861 Feb  1 19:00 usr/share/mypaint-data/1.0/brushes/experimental/leaves.myb
-rw-r--r--  0 root   root     5030 Feb  1 19:00 usr/share/mypaint-data/1.0/brushes/experimental/leaves_prev.png
-rw-r--r--  0 root   root     7874 Feb  1 19:00 usr/share/mypaint-data/1.0/brushes/experimental/particules_3.myb
-rw-r--r--  0 root   root     7244 Feb  1 19:00 usr/share/mypaint-data/1.0/brushes/experimental/particules_3_prev.png
-rw-r--r--  0 root   root     6692 Feb  1 19:00 usr/share/mypaint-data/1.0/brushes/experimental/particules_eraser.myb
-rw-r--r--  0 root   root    12443 Feb  1 19:00 usr/share/mypaint-data/1.0/brushes/experimental/particules_eraser_prev.png
-rw-r--r--  0 root   root     7075 Feb  1 19:00 usr/share/mypaint-data/1.0/brushes/experimental/pick_and_drag.myb
-rw-r--r--  0 root   root     5485 Feb  1 19:00 usr/share/mypaint-data/1.0/brushes/experimental/pick_and_drag_prev.png
-rw-r--r--  0 root   root     6402 Feb  1 19:00 usr/share/mypaint-data/1.0/brushes/experimental/pixelblocking.myb
-rw-r--r--  0 root   root     1661 Feb  1 19:00 usr/share/mypaint-data/1.0/brushes/experimental/pixelblocking_prev.png
-rw-r--r--  0 root   root     7062 Feb  1 19:00 usr/share/mypaint-data/1.0/brushes/experimental/pixel_hardink.myb
-rw-r--r--  0 root   root     2853 Feb  1 19:00 usr/share/mypaint-data/1.0/brushes/experimental/pixel_hardink_prev.png
-rw-r--r--  0 root   root     6120 Feb  1 19:00 usr/share/mypaint-data/1.0/brushes/experimental/sewing.myb
-rw-r--r--  0 root   root     2819 Feb  1 19:00 usr/share/mypaint-data/1.0/brushes/experimental/sewing_prev.png
-rw-r--r--  0 root   root     4861 Feb  1 19:00 usr/share/mypaint-data/1.0/brushes/experimental/small_blot.myb
-rw-r--r--  0 root   root     5015 Feb  1 19:00 usr/share/mypaint-data/1.0/brushes/experimental/small_blot_prev.png
-rw-r--r--  0 root   root     6151 Feb  1 19:00 usr/share/mypaint-data/1.0/brushes/experimental/soft_irregular.myb
-rw-r--r--  0 root   root     6109 Feb  1 19:00 usr/share/mypaint-data/1.0/brushes/experimental/soft_irregular_prev.png
-rw-r--r--  0 root   root     5620 Feb  1 19:00 usr/share/mypaint-data/1.0/brushes/experimental/soft.myb
-rw-r--r--  0 root   root     5770 Feb  1 19:00 usr/share/mypaint-data/1.0/brushes/experimental/soft_prev.png
-rw-r--r--  0 root   root     5640 Feb  1 19:00 usr/share/mypaint-data/1.0/brushes/experimental/spaced-blot.myb
-rw-r--r--  0 root   root     5431 Feb  1 19:00 usr/share/mypaint-data/1.0/brushes/experimental/spaced-blot_prev.png
-rw-r--r--  0 root   root     4868 Feb  1 19:00 usr/share/mypaint-data/1.0/brushes/experimental/speed_blot.myb
-rw-r--r--  0 root   root     9417 Feb  1 19:00 usr/share/mypaint-data/1.0/brushes/experimental/speed_blot_prev.png
-rw-r--r--  0 root   root     6656 Feb  1 19:00 usr/share/mypaint-data/1.0/brushes/experimental/subtle_pencil.myb
-rw-r--r--  0 root   root     6967 Feb  1 19:00 usr/share/mypaint-data/1.0/brushes/experimental/subtle_pencil_prev.png
-rw-r--r--  0 root   root     5092 Feb  1 19:00 usr/share/mypaint-data/1.0/brushes/experimental/track.myb
-rw-r--r--  0 root   root     7633 Feb  1 19:00 usr/share/mypaint-data/1.0/brushes/experimental/track_prev.png
-rw-r--r--  0 root   root     5829 Feb  1 19:00 usr/share/mypaint-data/1.0/brushes/deevad/2B_pencil.myb
-rw-r--r--  0 root   root     9707 Feb  1 19:00 usr/share/mypaint-data/1.0/brushes/deevad/2B_pencil_prev.png
-rw-r--r--  0 root   root     5819 Feb  1 19:00 usr/share/mypaint-data/1.0/brushes/deevad/4H_pencil.myb
-rw-r--r--  0 root   root     8819 Feb  1 19:00 usr/share/mypaint-data/1.0/brushes/deevad/4H_pencil_prev.png
-rw-r--r--  0 root   root     5907 Feb  1 19:00 usr/share/mypaint-data/1.0/brushes/deevad/airbrush.myb
-rw-r--r--  0 root   root     9256 Feb  1 19:00 usr/share/mypaint-data/1.0/brushes/deevad/airbrush_prev.png
-rw-r--r--  0 root   root     5918 Feb  1 19:00 usr/share/mypaint-data/1.0/brushes/deevad/ballpen.myb
-rw-r--r--  0 root   root     8522 Feb  1 19:00 usr/share/mypaint-data/1.0/brushes/deevad/ballpen_prev.png
-rw-r--r--  0 root   root     6994 Feb  1 19:00 usr/share/mypaint-data/1.0/brushes/deevad/basic_digital_brush.myb
-rw-r--r--  0 root   root    10084 Feb  1 19:00 usr/share/mypaint-data/1.0/brushes/deevad/basic_digital_brush_prev.png
-rw-r--r--  0 root   root     6580 Feb  1 19:00 usr/share/mypaint-data/1.0/brushes/deevad/basic_digital_brush_smudging.myb
-rw-r--r--  0 root   root     9406 Feb  1 19:00 usr/share/mypaint-data/1.0/brushes/deevad/basic_digital_brush_smudging_prev.png
-rw-r--r--  0 root   root     7031 Feb  1 19:00 usr/share/mypaint-data/1.0/brushes/deevad/basic_digital_knife.myb
-rw-r--r--  0 root   root     8018 Feb  1 19:00 usr/share/mypaint-data/1.0/brushes/deevad/basic_digital_knife_prev.png
-rw-r--r--  0 root   root     6300 Feb  1 19:00 usr/share/mypaint-data/1.0/brushes/deevad/basic_digital_knife_smudging.myb
-rw-r--r--  0 root   root     8209 Feb  1 19:00 usr/share/mypaint-data/1.0/brushes/deevad/basic_digital_knife_smudging_prev.png
-rw-r--r--  0 root   root     5463 Feb  1 19:00 usr/share/mypaint-data/1.0/brushes/deevad/blending.myb
-rw-r--r--  0 root   root     4472 Feb  1 19:00 usr/share/mypaint-data/1.0/brushes/deevad/blending_prev.png
-rw-r--r--  0 root   root     5887 Feb  1 19:00 usr/share/mypaint-data/1.0/brushes/deevad/brush.myb
-rw-r--r--  0 root   root     3707 Feb  1 19:00 usr/share/mypaint-data/1.0/brushes/deevad/brush_prev.png
-rw-r--r--  0 root   root     6355 Feb  1 19:00 usr/share/mypaint-data/1.0/brushes/deevad/chalk.myb
-rw-r--r--  0 root   root     8879 Feb  1 19:00 usr/share/mypaint-data/1.0/brushes/deevad/chalk_prev.png
-rw-r--r--  0 root   root     6152 Feb  1 19:00 usr/share/mypaint-data/1.0/brushes/deevad/detail_brush_large_glazing.myb
-rw-r--r--  0 root   root     6545 Feb  1 19:00 usr/share/mypaint-data/1.0/brushes/deevad/detail_brush_large_glazing_prev.png
-rw-r--r--  0 root   root     6133 Feb  1 19:00 usr/share/mypaint-data/1.0/brushes/deevad/detail_brush_large.myb
-rw-r--r--  0 root   root     7992 Feb  1 19:00 usr/share/mypaint-data/1.0/brushes/deevad/detail_brush_large_prev.png
-rw-r--r--  0 root   root     6125 Feb  1 19:00 usr/share/mypaint-data/1.0/brushes/deevad/detail_brush_thin_glazing.myb
-rw-r--r--  0 root   root     5994 Feb  1 19:00 usr/share/mypaint-data/1.0/brushes/deevad/detail_brush_thin_glazing_prev.png
-rw-r--r--  0 root   root     6162 Feb  1 19:00 usr/share/mypaint-data/1.0/brushes/deevad/detail_brush_thin.myb
-rw-r--r--  0 root   root     7250 Feb  1 19:00 usr/share/mypaint-data/1.0/brushes/deevad/detail_brush_thin_prev.png
-rw-r--r--  0 root   root     5639 Feb  1 19:00 usr/share/mypaint-data/1.0/brushes/deevad/fill.myb
-rw-r--r--  0 root   root     4793 Feb  1 19:00 usr/share/mypaint-data/1.0/brushes/deevad/fill_prev.png
-rw-r--r--  0 root   root     5197 Feb  1 19:00 usr/share/mypaint-data/1.0/brushes/deevad/grainy_blending.myb
-rw-r--r--  0 root   root     9638 Feb  1 19:00 usr/share/mypaint-data/1.0/brushes/deevad/grainy_blending_prev.png
-rw-r--r--  0 root   root     6096 Feb  1 19:00 usr/share/mypaint-data/1.0/brushes/deevad/kneaded_eraser_large.myb
-rw-r--r--  0 root   root     9952 Feb  1 19:00 usr/share/mypaint-data/1.0/brushes/deevad/kneaded_eraser_large_prev.png
-rw-r--r--  0 root   root     6086 Feb  1 19:00 usr/share/mypaint-data/1.0/brushes/deevad/kneaded_eraser.myb
-rw-r--r--  0 root   root    10506 Feb  1 19:00 usr/share/mypaint-data/1.0/brushes/deevad/kneaded_eraser_prev.png
-rw-r--r--  0 root   root     5691 Feb  1 19:00 usr/share/mypaint-data/1.0/brushes/deevad/large_hard_eraser.myb
-rw-r--r--  0 root   root     8481 Feb  1 19:00 usr/share/mypaint-data/1.0/brushes/deevad/large_hard_eraser_prev.png
-rw-r--r--  0 root   root     5896 Feb  1 19:00 usr/share/mypaint-data/1.0/brushes/deevad/large_watercolor_fringe.myb
-rw-r--r--  0 root   root     8981 Feb  1 19:00 usr/share/mypaint-data/1.0/brushes/deevad/large_watercolor_fringe_prev.png
-rw-r--r--  0 root   root     5126 Feb  1 19:00 usr/share/mypaint-data/1.0/brushes/deevad/liner.myb
-rw-r--r--  0 root   root     7595 Feb  1 19:00 usr/share/mypaint-data/1.0/brushes/deevad/liner_prev.png
-rw-r--r--  0 root   root     5885 Feb  1 19:00 usr/share/mypaint-data/1.0/brushes/deevad/only_water_fringe.myb
-rw-r--r--  0 root   root     8045 Feb  1 19:00 usr/share/mypaint-data/1.0/brushes/deevad/only_water_fringe_prev.png
-rw-r--r--  0 root   root     6110 Feb  1 19:00 usr/share/mypaint-data/1.0/brushes/deevad/pen.myb
-rw-r--r--  0 root   root     6168 Feb  1 19:00 usr/share/mypaint-data/1.0/brushes/deevad/pen-note.myb
-rw-r--r--  0 root   root     6569 Feb  1 19:00 usr/share/mypaint-data/1.0/brushes/deevad/pen-note_prev.png
-rw-r--r--  0 root   root     8280 Feb  1 19:00 usr/share/mypaint-data/1.0/brushes/deevad/pen_prev.png
-rw-r--r--  0 root   root      771 Feb  1 19:00 usr/share/mypaint-data/1.0/brushes/deevad/readme.txt
-rw-r--r--  0 root   root     6099 Feb  1 19:00 usr/share/mypaint-data/1.0/brushes/deevad/rigger_brush.myb
-rw-r--r--  0 root   root     5258 Feb  1 19:00 usr/share/mypaint-data/1.0/brushes/deevad/rigger_brush_prev.png
-rw-r--r--  0 root   root     6132 Feb  1 19:00 usr/share/mypaint-data/1.0/brushes/deevad/rigger_brush_thin.myb
-rw-r--r--  0 root   root     4811 Feb  1 19:00 usr/share/mypaint-data/1.0/brushes/deevad/rigger_brush_thin_prev.png
-rw-r--r--  0 root   root     6171 Feb  1 19:00 usr/share/mypaint-data/1.0/brushes/deevad/rough.myb
-rw-r--r--  0 root   root     8746 Feb  1 19:00 usr/share/mypaint-data/1.0/brushes/deevad/rough_prev.png
-rw-r--r--  0 root   root     6877 Feb  1 19:00 usr/share/mypaint-data/1.0/brushes/deevad/soft-dip-pen.myb
-rw-r--r--  0 root   root    13106 Feb  1 19:00 usr/share/mypaint-data/1.0/brushes/deevad/soft-dip-pen_prev.png
-rw-r--r--  0 root   root     6371 Feb  1 19:00 usr/share/mypaint-data/1.0/brushes/deevad/sponge_smudging.myb
-rw-r--r--  0 root   root    11794 Feb  1 19:00 usr/share/mypaint-data/1.0/brushes/deevad/sponge_smudging_prev.png
-rw-r--r--  0 root   root     6230 Feb  1 19:00 usr/share/mypaint-data/1.0/brushes/deevad/spray2.myb
-rw-r--r--  0 root   root    10096 Feb  1 19:00 usr/share/mypaint-data/1.0/brushes/deevad/spray2_prev.png
-rw-r--r--  0 root   root     5924 Feb  1 19:00 usr/share/mypaint-data/1.0/brushes/deevad/spray.myb
-rw-r--r--  0 root   root    10039 Feb  1 19:00 usr/share/mypaint-data/1.0/brushes/deevad/spray_prev.png
-rw-r--r--  0 root   root     5694 Feb  1 19:00 usr/share/mypaint-data/1.0/brushes/deevad/thin_hard_eraser.myb
-rw-r--r--  0 root   root     8487 Feb  1 19:00 usr/share/mypaint-data/1.0/brushes/deevad/thin_hard_eraser_prev.png
-rw-r--r--  0 root   root     6605 Feb  1 19:00 usr/share/mypaint-data/1.0/brushes/deevad/thin_watercolor.myb
-rw-r--r--  0 root   root     6807 Feb  1 19:00 usr/share/mypaint-data/1.0/brushes/deevad/thin_watercolor_prev.png
-rw-r--r--  0 root   root     8217 Feb  1 19:00 usr/share/mypaint-data/1.0/brushes/deevad/watercolor_expressive.myb
-rw-r--r--  0 root   root    10121 Feb  1 19:00 usr/share/mypaint-data/1.0/brushes/deevad/watercolor_expressive_prev.png
-rw-r--r--  0 root   root     6444 Feb  1 19:00 usr/share/mypaint-data/1.0/brushes/deevad/watercolor_glazing.myb
-rw-r--r--  0 root   root     8471 Feb  1 19:00 usr/share/mypaint-data/1.0/brushes/deevad/watercolor_glazing_prev.png
-rw-r--r--  0 root   root     6475 Feb  1 19:00 usr/share/mypaint-data/1.0/brushes/classic/blending_knife.myb
-rw-r--r--  0 root   root    10281 Feb  1 19:00 usr/share/mypaint-data/1.0/brushes/classic/blending_knife_prev.png
-rw-r--r--  0 root   root     4817 Feb  1 19:00 usr/share/mypaint-data/1.0/brushes/classic/blend+paint.myb
-rw-r--r--  0 root   root    10028 Feb  1 19:00 usr/share/mypaint-data/1.0/brushes/classic/blend+paint_prev.png
-rw-r--r--  0 root   root     5398 Feb  1 19:00 usr/share/mypaint-data/1.0/brushes/classic/blur.myb
-rw-r--r--  0 root   root     5594 Feb  1 19:00 usr/share/mypaint-data/1.0/brushes/classic/blur_prev.png
-rw-r--r--  0 root   root     6039 Feb  1 19:00 usr/share/mypaint-data/1.0/brushes/classic/brush.myb
-rw-r--r--  0 root   root     1424 Feb  1 19:00 usr/share/mypaint-data/1.0/brushes/classic/brush_prev.png
-rw-r--r--  0 root   root     5097 Feb  1 19:00 usr/share/mypaint-data/1.0/brushes/classic/bulk.myb
-rw-r--r--  0 root   root     1983 Feb  1 19:00 usr/share/mypaint-data/1.0/brushes/classic/bulk_prev.png
-rw-r--r--  0 root   root     5881 Feb  1 19:00 usr/share/mypaint-data/1.0/brushes/classic/calligraphy.myb
-rw-r--r--  0 root   root     2184 Feb  1 19:00 usr/share/mypaint-data/1.0/brushes/classic/calligraphy_prev.png
-rw-r--r--  0 root   root     5163 Feb  1 19:00 usr/share/mypaint-data/1.0/brushes/classic/charcoal.myb
-rw-r--r--  0 root   root     4216 Feb  1 19:00 usr/share/mypaint-data/1.0/brushes/classic/charcoal_prev.png
-rw-r--r--  0 root   root     4622 Feb  1 19:00 usr/share/mypaint-data/1.0/brushes/classic/coarse_bulk_1.myb
-rw-r--r--  0 root   root     9086 Feb  1 19:00 usr/share/mypaint-data/1.0/brushes/classic/coarse_bulk_1_prev.png
-rw-r--r--  0 root   root     4887 Feb  1 19:00 usr/share/mypaint-data/1.0/brushes/classic/coarse_bulk_2.myb
-rw-r--r--  0 root   root     6785 Feb  1 19:00 usr/share/mypaint-data/1.0/brushes/classic/coarse_bulk_2_prev.png
-rw-r--r--  0 root   root     4620 Feb  1 19:00 usr/share/mypaint-data/1.0/brushes/classic/coarse_bulk_3.myb
-rw-r--r--  0 root   root     6866 Feb  1 19:00 usr/share/mypaint-data/1.0/brushes/classic/coarse_bulk_3_prev.png
-rw-r--r--  0 root   root     5399 Feb  1 19:00 usr/share/mypaint-data/1.0/brushes/classic/dry_brush.myb
-rw-r--r--  0 root   root     3884 Feb  1 19:00 usr/share/mypaint-data/1.0/brushes/classic/dry_brush_prev.png
-rw-r--r--  0 root   root     8876 Feb  1 19:00 usr/share/mypaint-data/1.0/brushes/classic/imp_blending.myb
-rw-r--r--  0 root   root    17281 Feb  1 19:00 usr/share/mypaint-data/1.0/brushes/classic/imp_blending_prev.png
-rw-r--r--  0 root   root     9901 Feb  1 19:00 usr/share/mypaint-data/1.0/brushes/classic/imp_details.myb
-rw-r--r--  0 root   root    13369 Feb  1 19:00 usr/share/mypaint-data/1.0/brushes/classic/imp_details_prev.png
-rw-r--r--  0 root   root     9411 Feb  1 19:00 usr/share/mypaint-data/1.0/brushes/classic/impressionism.myb
-rw-r--r--  0 root   root    22257 Feb  1 19:00 usr/share/mypaint-data/1.0/brushes/classic/impressionism_prev.png
-rw-r--r--  0 root   root     4616 Feb  1 19:00 usr/share/mypaint-data/1.0/brushes/classic/ink_blot.myb
-rw-r--r--  0 root   root     6621 Feb  1 19:00 usr/share/mypaint-data/1.0/brushes/classic/ink_blot_prev.png
-rw-r--r--  0 root   root     5858 Feb  1 19:00 usr/share/mypaint-data/1.0/brushes/classic/ink_eraser.myb
-rw-r--r--  0 root   root     7785 Feb  1 19:00 usr/share/mypaint-data/1.0/brushes/classic/ink_eraser_prev.png
-rw-r--r--  0 root   root     6569 Feb  1 19:00 usr/share/mypaint-data/1.0/brushes/classic/kabura.myb
-rw-r--r--  0 root   root     2239 Feb  1 19:00 usr/share/mypaint-data/1.0/brushes/classic/kabura_prev.png
-rw-r--r--  0 root   root     4883 Feb  1 19:00 usr/share/mypaint-data/1.0/brushes/classic/knife.myb
-rw-r--r--  0 root   root     2722 Feb  1 19:00 usr/share/mypaint-data/1.0/brushes/classic/knife_prev.png
-rw-r--r--  0 root   root     8863 Feb  1 19:00 usr/share/mypaint-data/1.0/brushes/classic/long_grass.myb
-rw-r--r--  0 root   root     3935 Feb  1 19:00 usr/share/mypaint-data/1.0/brushes/classic/long_grass_prev.png
-rw-r--r--  0 root   root     5783 Feb  1 19:00 usr/share/mypaint-data/1.0/brushes/classic/marker_fat.myb
-rw-r--r--  0 root   root     2242 Feb  1 19:00 usr/share/mypaint-data/1.0/brushes/classic/marker_fat_prev.png
-rw-r--r--  0 root   root     5782 Feb  1 19:00 usr/share/mypaint-data/1.0/brushes/classic/marker_small.myb
-rw-r--r--  0 root   root     2240 Feb  1 19:00 usr/share/mypaint-data/1.0/brushes/classic/marker_small_prev.png
-rw-r--r--  0 root   root     9469 Feb  1 19:00 usr/share/mypaint-data/1.0/brushes/classic/modelling2.myb
-rw-r--r--  0 root   root     6979 Feb  1 19:00 usr/share/mypaint-data/1.0/brushes/classic/modelling2_prev.png
-rw-r--r--  0 root   root     6391 Feb  1 19:00 usr/share/mypaint-data/1.0/brushes/classic/modelling.myb
-rw-r--r--  0 root   root     6674 Feb  1 19:00 usr/share/mypaint-data/1.0/brushes/classic/modelling_prev.png
-rw-r--r--  0 root   root     5143 Feb  1 19:00 usr/share/mypaint-data/1.0/brushes/classic/pencil.myb
-rw-r--r--  0 root   root    13736 Feb  1 19:00 usr/share/mypaint-data/1.0/brushes/classic/pencil_prev.png
-rw-r--r--  0 root   root     5869 Feb  1 19:00 usr/share/mypaint-data/1.0/brushes/classic/pen.myb
-rw-r--r--  0 root   root     1811 Feb  1 19:00 usr/share/mypaint-data/1.0/brushes/classic/pen_prev.png
-rw-r--r--  0 root   root     6595 Feb  1 19:00 usr/share/mypaint-data/1.0/brushes/classic/pointy_ink.myb
-rw-r--r--  0 root   root     2378 Feb  1 19:00 usr/share/mypaint-data/1.0/brushes/classic/pointy_ink_prev.png
-rw-r--r--  0 root   root     9422 Feb  1 19:00 usr/share/mypaint-data/1.0/brushes/classic/puantilism2.myb
-rw-r--r--  0 root   root    13880 Feb  1 19:00 usr/share/mypaint-data/1.0/brushes/classic/puantilism2_prev.png
-rw-r--r--  0 root   root     8508 Feb  1 19:00 usr/share/mypaint-data/1.0/brushes/classic/puantilism.myb
-rw-r--r--  0 root   root    18607 Feb  1 19:00 usr/share/mypaint-data/1.0/brushes/classic/puantilism_prev.png
-rw-r--r--  0 root   root     5372 Feb  1 19:00 usr/share/mypaint-data/1.0/brushes/classic/rounded.myb
-rw-r--r--  0 root   root     4998 Feb  1 19:00 usr/share/mypaint-data/1.0/brushes/classic/rounded_prev.png
-rw-r--r--  0 root   root     7087 Feb  1 19:00 usr/share/mypaint-data/1.0/brushes/classic/short_grass.myb
-rw-r--r--  0 root   root    10450 Feb  1 19:00 usr/share/mypaint-data/1.0/brushes/classic/short_grass_prev.png
-rw-r--r--  0 root   root     5876 Feb  1 19:00 usr/share/mypaint-data/1.0/brushes/classic/slow_ink.myb
-rw-r--r--  0 root   root     2320 Feb  1 19:00 usr/share/mypaint-data/1.0/brushes/classic/slow_ink_prev.png
-rw-r--r--  0 root   root     5142 Feb  1 19:00 usr/share/mypaint-data/1.0/brushes/classic/smudge.myb
-rw-r--r--  0 root   root     6454 Feb  1 19:00 usr/share/mypaint-data/1.0/brushes/classic/smudge+paint.myb
-rw-r--r--  0 root   root    10153 Feb  1 19:00 usr/share/mypaint-data/1.0/brushes/classic/smudge+paint_prev.png
-rw-r--r--  0 root   root     9858 Feb  1 19:00 usr/share/mypaint-data/1.0/brushes/classic/smudge_prev.png
-rw-r--r--  0 root   root     5534 Feb  1 19:00 usr/share/mypaint-data/1.0/brushes/classic/textured_ink.myb
-rw-r--r--  0 root   root     2144 Feb  1 19:00 usr/share/mypaint-data/1.0/brushes/classic/textured_ink_prev.png
-rw-r--r--  0 root   root     5380 Feb  1 19:00 usr/share/mypaint-data/1.0/brushes/classic/wet_knife.myb
-rw-r--r--  0 root   root     8107 Feb  1 19:00 usr/share/mypaint-data/1.0/brushes/classic/wet_knife_prev.png
=======> Building '/home/devel/packages/mypaint-brushes#1.3.1-2.x86_64.pkg.tar.zst' succeeded.
prt-get: Using PKGMK_PACKAGE_DIR: /home/devel/packages
prt-get: reinstalling mypaint-brushes 1.3.1-2
prt-get: /usr/bin/pkgadd -u mypaint-brushes#1.3.1-2.x86_64.pkg.tar.zst
prt-get: build done Thu Feb  1 19:00:25 2024

