prt-get: updating /usr/ports/opt-x86_64/nspr
prt-get: starting build Wed May  8 00:48:46 2024
=======> Building '/home/devel/packages/nspr#4.35-3.x86_64.pkg.tar.zst'.
bsdtar -p -o -C /home/devel/building/work/src -xf /home/devel/sources/nspr-4.35.tar.gz
cp nspr.pc.in /home/devel/building/work/src
+ build
+ cd nspr-4.35/nspr
+ local NSPR_LIBS NSPR_CFLAGS NSPR_VERSION
+ ./configure --prefix=/usr --libdir=/usr/lib --includedir=/usr/include/nspr '--enable-optimize=-O2 -m64 -march=x86-64 -mtune=generic -flto=auto -ffat-lto-objects' --enable-64bit --disable-debug
checking build system type... x86_64-pc-linux-gnu
checking host system type... x86_64-pc-linux-gnu
checking target system type... x86_64-pc-linux-gnu
checking for whoami... /usr/bin/whoami
checking for gcc... gcc
checking whether the C compiler works... yes
checking for C compiler default output file name... a.out
checking for suffix of executables... 
checking whether we are cross compiling... no
checking for suffix of object files... o
checking whether we are using the GNU C compiler... yes
checking whether gcc accepts -g... yes
checking for gcc option to accept ISO C89... none needed
checking for ranlib... ranlib
checking for as... /usr/bin/as
checking for ar... /usr/bin/ar
checking for ld... /usr/bin/ld
checking for strip... /usr/bin/strip
checking for windres... no
checking how to run the C preprocessor... gcc -E
checking for gcc -pipe support... no
checking for pragma diagnostic... no
checking whether C compiler supports -fprofile-generate... yes
checking for visibility(hidden) attribute... yes
checking for visibility pragma support... yes
checking for perl5... no
checking for perl... /usr/bin/perl
checking for dlopen in -ldl... yes
checking dlfcn.h usability... yes
checking dlfcn.h presence... yes
checking for dlfcn.h... yes
checking whether gcc needs -traditional... no
checking for dladdr... yes
checking for gettid... yes
checking for lchown... yes
checking for setpriority... yes
checking for strerror... yes
checking for syscall... yes
checking for secure_getenv... yes
checking for __secure_getenv... no
checking for pthread_create in -lpthreads... no
checking for pthread_create in -lpthread... yes
checking whether gcc accepts -pthread... egrep: warning: egrep is obsolescent; using grep -E
egrep: warning: egrep is obsolescent; using grep -E
yes
configure: creating ./config.status
config.status: creating Makefile
config.status: creating config/Makefile
config.status: creating config/autoconf.mk
config.status: creating config/nsprincl.mk
config.status: creating config/nsprincl.sh
config.status: creating config/nspr-config
config.status: creating config/nspr.pc
config.status: creating lib/Makefile
config.status: creating lib/ds/Makefile
config.status: creating lib/libc/Makefile
config.status: creating lib/libc/include/Makefile
config.status: creating lib/libc/src/Makefile
config.status: creating lib/tests/Makefile
config.status: creating pkg/Makefile
config.status: creating pr/Makefile
config.status: creating pr/include/Makefile
config.status: creating pr/include/md/Makefile
config.status: creating pr/include/obsolete/Makefile
config.status: creating pr/include/private/Makefile
config.status: creating pr/src/Makefile
config.status: creating pr/src/io/Makefile
config.status: creating pr/src/linking/Makefile
config.status: creating pr/src/malloc/Makefile
config.status: creating pr/src/md/Makefile
config.status: creating pr/src/md/unix/Makefile
config.status: creating pr/src/memory/Makefile
config.status: creating pr/src/misc/Makefile
config.status: creating pr/src/threads/Makefile
config.status: creating pr/tests/Makefile
config.status: creating pr/tests/dll/Makefile
config.status: creating pkg/linux/Makefile
config.status: creating pr/src/pthreads/Makefile
config.status: executing default commands
+ make V=1
make -C config export
make[1]: Entering directory '/home/devel/building/work/src/nspr-4.35/nspr/config'
gcc -o now.o -c     -O2 -m64 -march=x86-64 -mtune=generic -flto=auto -ffat-lto-objects -Wall -pthread -O2 -m64 -march=x86-64 -mtune=generic -flto=auto -ffat-lto-objects -fPIC  -UDEBUG -DPACKAGE_NAME=\"\" -DPACKAGE_TARNAME=\"\" -DPACKAGE_VERSION=\"\" -DPACKAGE_STRING=\"\" -DPACKAGE_BUGREPORT=\"\" -DPACKAGE_URL=\"\" -DNDEBUG=1 -DHAVE_VISIBILITY_HIDDEN_ATTRIBUTE=1 -DHAVE_VISIBILITY_PRAGMA=1 -DXP_UNIX=1 -D_GNU_SOURCE=1 -DHAVE_FCNTL_FILE_LOCKING=1 -DHAVE_POINTER_LOCALTIME_R=1 -DLINUX=1 -DHAVE_DLADDR=1 -DHAVE_GETTID=1 -DHAVE_LCHOWN=1 -DHAVE_SETPRIORITY=1 -DHAVE_STRERROR=1 -DHAVE_SYSCALL=1 -DHAVE_SECURE_GETENV=1 -D_REENTRANT=1 -DFORCE_PR_LOG -D_PR_PTHREADS -UHAVE_CVAR_BUILT_ON_SEM   now.c
gcc  now.o   -o now
gcc -o nsinstall.o -c     -O2 -m64 -march=x86-64 -mtune=generic -flto=auto -ffat-lto-objects -Wall -pthread -O2 -m64 -march=x86-64 -mtune=generic -flto=auto -ffat-lto-objects -fPIC  -UDEBUG -DPACKAGE_NAME=\"\" -DPACKAGE_TARNAME=\"\" -DPACKAGE_VERSION=\"\" -DPACKAGE_STRING=\"\" -DPACKAGE_BUGREPORT=\"\" -DPACKAGE_URL=\"\" -DNDEBUG=1 -DHAVE_VISIBILITY_HIDDEN_ATTRIBUTE=1 -DHAVE_VISIBILITY_PRAGMA=1 -DXP_UNIX=1 -D_GNU_SOURCE=1 -DHAVE_FCNTL_FILE_LOCKING=1 -DHAVE_POINTER_LOCALTIME_R=1 -DLINUX=1 -DHAVE_DLADDR=1 -DHAVE_GETTID=1 -DHAVE_LCHOWN=1 -DHAVE_SETPRIORITY=1 -DHAVE_STRERROR=1 -DHAVE_SYSCALL=1 -DHAVE_SECURE_GETENV=1 -D_REENTRANT=1 -DFORCE_PR_LOG -D_PR_PTHREADS -UHAVE_CVAR_BUILT_ON_SEM   nsinstall.c
gcc  nsinstall.o   -o nsinstall
rm -f nfspwd; cp nfspwd.pl nfspwd; chmod +x nfspwd
rm -f ../dist/bin/nspr-config
make[1]: Leaving directory '/home/devel/building/work/src/nspr-4.35/nspr/config'
make -C pr export
make[1]: Entering directory '/home/devel/building/work/src/nspr-4.35/nspr/pr'
make -C include export
make[2]: Entering directory '/home/devel/building/work/src/nspr-4.35/nspr/pr/include'
make -C md export
make[3]: Entering directory '/home/devel/building/work/src/nspr-4.35/nspr/pr/include/md'
../../../config/./nsinstall -R -m 444 ./_aix32.cfg ./_aix64.cfg ./_bsdi.cfg ./_darwin.cfg ./_freebsd.cfg ./_hpux32.cfg ./_hpux64.cfg ./_linux.cfg ./_netbsd.cfg ./_nto.cfg ./_openbsd.cfg ./_os2.cfg ./_qnx.cfg ./_riscos.cfg ./_scoos.cfg ./_solaris.cfg ./_unixware.cfg ./_unixware7.cfg ./_win95.cfg ./_winnt.cfg ../../../dist/include/nspr/md
../../../config/./nsinstall -R -m 444 ./_linux.cfg ../../../dist/include/nspr
mv -f ../../../dist/include/nspr/_linux.cfg ../../../dist/include/nspr/prcpucfg.h
make[3]: Leaving directory '/home/devel/building/work/src/nspr-4.35/nspr/pr/include/md'
make -C private export
make[3]: Entering directory '/home/devel/building/work/src/nspr-4.35/nspr/pr/include/private'
../../../config/./nsinstall -R -m 444 ./pprio.h ./pprthred.h ./prpriv.h ../../../dist/include/nspr/private
make[3]: Leaving directory '/home/devel/building/work/src/nspr-4.35/nspr/pr/include/private'
make -C obsolete export
make[3]: Entering directory '/home/devel/building/work/src/nspr-4.35/nspr/pr/include/obsolete'
../../../config/./nsinstall -R -m 444 ./pralarm.h ./probslet.h ./protypes.h ./prsem.h ../../../dist/include/nspr/obsolete
make[3]: Leaving directory '/home/devel/building/work/src/nspr-4.35/nspr/pr/include/obsolete'
../../config/./nsinstall -R -m 444 ./nspr.h ./pratom.h ./prbit.h ./prclist.h ./prcmon.h ./prcountr.h ./prcvar.h ./prdtoa.h ./prenv.h ./prerr.h ./prerror.h ./prinet.h ./prinit.h ./prinrval.h ./prio.h ./pripcsem.h ./prlink.h ./prlock.h ./prlog.h ./prlong.h ./prmem.h ./prmon.h ./prmwait.h ./prnetdb.h ./prolock.h ./prpdce.h ./prprf.h ./prproces.h ./prrng.h ./prrwlock.h ./prshm.h ./prshma.h ./prsystem.h ./prthread.h ./prtime.h ./prtpool.h ./prtrace.h ./prtypes.h ./prvrsion.h ./prwin16.h ../../dist/include/nspr
make[2]: Leaving directory '/home/devel/building/work/src/nspr-4.35/nspr/pr/include'
make -C src export
make[2]: Entering directory '/home/devel/building/work/src/nspr-4.35/nspr/pr/src'
make -C io export
make[3]: Entering directory '/home/devel/building/work/src/nspr-4.35/nspr/pr/src/io'
gcc -o prfdcach.o -c -fvisibility=hidden    -O2 -m64 -march=x86-64 -mtune=generic -flto=auto -ffat-lto-objects -Wall -pthread -O2 -m64 -march=x86-64 -mtune=generic -flto=auto -ffat-lto-objects -fPIC  -UDEBUG -DPACKAGE_NAME=\"\" -DPACKAGE_TARNAME=\"\" -DPACKAGE_VERSION=\"\" -DPACKAGE_STRING=\"\" -DPACKAGE_BUGREPORT=\"\" -DPACKAGE_URL=\"\" -DNDEBUG=1 -DHAVE_VISIBILITY_HIDDEN_ATTRIBUTE=1 -DHAVE_VISIBILITY_PRAGMA=1 -DXP_UNIX=1 -D_GNU_SOURCE=1 -DHAVE_FCNTL_FILE_LOCKING=1 -DHAVE_POINTER_LOCALTIME_R=1 -DLINUX=1 -DHAVE_DLADDR=1 -DHAVE_GETTID=1 -DHAVE_LCHOWN=1 -DHAVE_SETPRIORITY=1 -DHAVE_STRERROR=1 -DHAVE_SYSCALL=1 -DHAVE_SECURE_GETENV=1 -D_REENTRANT=1 -DFORCE_PR_LOG -D_PR_PTHREADS -UHAVE_CVAR_BUILT_ON_SEM -D_NSPR_BUILD_ -I../../../dist/include/nspr -I../../../pr/include -I../../../pr/include/private  prfdcach.c
gcc -o prmwait.o -c -fvisibility=hidden    -O2 -m64 -march=x86-64 -mtune=generic -flto=auto -ffat-lto-objects -Wall -pthread -O2 -m64 -march=x86-64 -mtune=generic -flto=auto -ffat-lto-objects -fPIC  -UDEBUG -DPACKAGE_NAME=\"\" -DPACKAGE_TARNAME=\"\" -DPACKAGE_VERSION=\"\" -DPACKAGE_STRING=\"\" -DPACKAGE_BUGREPORT=\"\" -DPACKAGE_URL=\"\" -DNDEBUG=1 -DHAVE_VISIBILITY_HIDDEN_ATTRIBUTE=1 -DHAVE_VISIBILITY_PRAGMA=1 -DXP_UNIX=1 -D_GNU_SOURCE=1 -DHAVE_FCNTL_FILE_LOCKING=1 -DHAVE_POINTER_LOCALTIME_R=1 -DLINUX=1 -DHAVE_DLADDR=1 -DHAVE_GETTID=1 -DHAVE_LCHOWN=1 -DHAVE_SETPRIORITY=1 -DHAVE_STRERROR=1 -DHAVE_SYSCALL=1 -DHAVE_SECURE_GETENV=1 -D_REENTRANT=1 -DFORCE_PR_LOG -D_PR_PTHREADS -UHAVE_CVAR_BUILT_ON_SEM -D_NSPR_BUILD_ -I../../../dist/include/nspr -I../../../pr/include -I../../../pr/include/private  prmwait.c
gcc -o priometh.o -c -fvisibility=hidden    -O2 -m64 -march=x86-64 -mtune=generic -flto=auto -ffat-lto-objects -Wall -pthread -O2 -m64 -march=x86-64 -mtune=generic -flto=auto -ffat-lto-objects -fPIC  -UDEBUG -DPACKAGE_NAME=\"\" -DPACKAGE_TARNAME=\"\" -DPACKAGE_VERSION=\"\" -DPACKAGE_STRING=\"\" -DPACKAGE_BUGREPORT=\"\" -DPACKAGE_URL=\"\" -DNDEBUG=1 -DHAVE_VISIBILITY_HIDDEN_ATTRIBUTE=1 -DHAVE_VISIBILITY_PRAGMA=1 -DXP_UNIX=1 -D_GNU_SOURCE=1 -DHAVE_FCNTL_FILE_LOCKING=1 -DHAVE_POINTER_LOCALTIME_R=1 -DLINUX=1 -DHAVE_DLADDR=1 -DHAVE_GETTID=1 -DHAVE_LCHOWN=1 -DHAVE_SETPRIORITY=1 -DHAVE_STRERROR=1 -DHAVE_SYSCALL=1 -DHAVE_SECURE_GETENV=1 -D_REENTRANT=1 -DFORCE_PR_LOG -D_PR_PTHREADS -UHAVE_CVAR_BUILT_ON_SEM -D_NSPR_BUILD_ -I../../../dist/include/nspr -I../../../pr/include -I../../../pr/include/private  priometh.c
gcc -o pripv6.o -c -fvisibility=hidden    -O2 -m64 -march=x86-64 -mtune=generic -flto=auto -ffat-lto-objects -Wall -pthread -O2 -m64 -march=x86-64 -mtune=generic -flto=auto -ffat-lto-objects -fPIC  -UDEBUG -DPACKAGE_NAME=\"\" -DPACKAGE_TARNAME=\"\" -DPACKAGE_VERSION=\"\" -DPACKAGE_STRING=\"\" -DPACKAGE_BUGREPORT=\"\" -DPACKAGE_URL=\"\" -DNDEBUG=1 -DHAVE_VISIBILITY_HIDDEN_ATTRIBUTE=1 -DHAVE_VISIBILITY_PRAGMA=1 -DXP_UNIX=1 -D_GNU_SOURCE=1 -DHAVE_FCNTL_FILE_LOCKING=1 -DHAVE_POINTER_LOCALTIME_R=1 -DLINUX=1 -DHAVE_DLADDR=1 -DHAVE_GETTID=1 -DHAVE_LCHOWN=1 -DHAVE_SETPRIORITY=1 -DHAVE_STRERROR=1 -DHAVE_SYSCALL=1 -DHAVE_SECURE_GETENV=1 -D_REENTRANT=1 -DFORCE_PR_LOG -D_PR_PTHREADS -UHAVE_CVAR_BUILT_ON_SEM -D_NSPR_BUILD_ -I../../../dist/include/nspr -I../../../pr/include -I../../../pr/include/private  pripv6.c
pripv6.c: In function 'Ipv6ToIpv4SocketAccept':
pripv6.c:135:14: warning: variable 'rv' set but not used [-Wunused-but-set-variable]
  135 |     PRStatus rv;
      |              ^~
pripv6.c: In function 'Ipv6ToIpv4SocketAcceptRead':
pripv6.c:175:14: warning: variable 'rv' set but not used [-Wunused-but-set-variable]
  175 |     PRStatus rv;
      |              ^~
gcc -o prmapopt.o -c -fvisibility=hidden    -O2 -m64 -march=x86-64 -mtune=generic -flto=auto -ffat-lto-objects -Wall -pthread -O2 -m64 -march=x86-64 -mtune=generic -flto=auto -ffat-lto-objects -fPIC  -UDEBUG -DPACKAGE_NAME=\"\" -DPACKAGE_TARNAME=\"\" -DPACKAGE_VERSION=\"\" -DPACKAGE_STRING=\"\" -DPACKAGE_BUGREPORT=\"\" -DPACKAGE_URL=\"\" -DNDEBUG=1 -DHAVE_VISIBILITY_HIDDEN_ATTRIBUTE=1 -DHAVE_VISIBILITY_PRAGMA=1 -DXP_UNIX=1 -D_GNU_SOURCE=1 -DHAVE_FCNTL_FILE_LOCKING=1 -DHAVE_POINTER_LOCALTIME_R=1 -DLINUX=1 -DHAVE_DLADDR=1 -DHAVE_GETTID=1 -DHAVE_LCHOWN=1 -DHAVE_SETPRIORITY=1 -DHAVE_STRERROR=1 -DHAVE_SYSCALL=1 -DHAVE_SECURE_GETENV=1 -D_REENTRANT=1 -DFORCE_PR_LOG -D_PR_PTHREADS -UHAVE_CVAR_BUILT_ON_SEM -D_NSPR_BUILD_ -I../../../dist/include/nspr -I../../../pr/include -I../../../pr/include/private  prmapopt.c
gcc -o prlayer.o -c -fvisibility=hidden    -O2 -m64 -march=x86-64 -mtune=generic -flto=auto -ffat-lto-objects -Wall -pthread -O2 -m64 -march=x86-64 -mtune=generic -flto=auto -ffat-lto-objects -fPIC  -UDEBUG -DPACKAGE_NAME=\"\" -DPACKAGE_TARNAME=\"\" -DPACKAGE_VERSION=\"\" -DPACKAGE_STRING=\"\" -DPACKAGE_BUGREPORT=\"\" -DPACKAGE_URL=\"\" -DNDEBUG=1 -DHAVE_VISIBILITY_HIDDEN_ATTRIBUTE=1 -DHAVE_VISIBILITY_PRAGMA=1 -DXP_UNIX=1 -D_GNU_SOURCE=1 -DHAVE_FCNTL_FILE_LOCKING=1 -DHAVE_POINTER_LOCALTIME_R=1 -DLINUX=1 -DHAVE_DLADDR=1 -DHAVE_GETTID=1 -DHAVE_LCHOWN=1 -DHAVE_SETPRIORITY=1 -DHAVE_STRERROR=1 -DHAVE_SYSCALL=1 -DHAVE_SECURE_GETENV=1 -D_REENTRANT=1 -DFORCE_PR_LOG -D_PR_PTHREADS -UHAVE_CVAR_BUILT_ON_SEM -D_NSPR_BUILD_ -I../../../dist/include/nspr -I../../../pr/include -I../../../pr/include/private  prlayer.c
prlayer.c: In function 'pl_TopAccept':
prlayer.c:182:14: warning: variable 'rv' set but not used [-Wunused-but-set-variable]
  182 |     PRStatus rv;
      |              ^~
prlayer.c: In function 'pl_DefAcceptread':
prlayer.c:303:14: warning: variable 'rv' set but not used [-Wunused-but-set-variable]
  303 |     PRStatus rv;
      |              ^~
gcc -o prlog.o -c -fvisibility=hidden    -O2 -m64 -march=x86-64 -mtune=generic -flto=auto -ffat-lto-objects -Wall -pthread -O2 -m64 -march=x86-64 -mtune=generic -flto=auto -ffat-lto-objects -fPIC  -UDEBUG -DPACKAGE_NAME=\"\" -DPACKAGE_TARNAME=\"\" -DPACKAGE_VERSION=\"\" -DPACKAGE_STRING=\"\" -DPACKAGE_BUGREPORT=\"\" -DPACKAGE_URL=\"\" -DNDEBUG=1 -DHAVE_VISIBILITY_HIDDEN_ATTRIBUTE=1 -DHAVE_VISIBILITY_PRAGMA=1 -DXP_UNIX=1 -D_GNU_SOURCE=1 -DHAVE_FCNTL_FILE_LOCKING=1 -DHAVE_POINTER_LOCALTIME_R=1 -DLINUX=1 -DHAVE_DLADDR=1 -DHAVE_GETTID=1 -DHAVE_LCHOWN=1 -DHAVE_SETPRIORITY=1 -DHAVE_STRERROR=1 -DHAVE_SYSCALL=1 -DHAVE_SECURE_GETENV=1 -D_REENTRANT=1 -DFORCE_PR_LOG -D_PR_PTHREADS -UHAVE_CVAR_BUILT_ON_SEM -D_NSPR_BUILD_ -I../../../dist/include/nspr -I../../../pr/include -I../../../pr/include/private  prlog.c
gcc -o prmmap.o -c -fvisibility=hidden    -O2 -m64 -march=x86-64 -mtune=generic -flto=auto -ffat-lto-objects -Wall -pthread -O2 -m64 -march=x86-64 -mtune=generic -flto=auto -ffat-lto-objects -fPIC  -UDEBUG -DPACKAGE_NAME=\"\" -DPACKAGE_TARNAME=\"\" -DPACKAGE_VERSION=\"\" -DPACKAGE_STRING=\"\" -DPACKAGE_BUGREPORT=\"\" -DPACKAGE_URL=\"\" -DNDEBUG=1 -DHAVE_VISIBILITY_HIDDEN_ATTRIBUTE=1 -DHAVE_VISIBILITY_PRAGMA=1 -DXP_UNIX=1 -D_GNU_SOURCE=1 -DHAVE_FCNTL_FILE_LOCKING=1 -DHAVE_POINTER_LOCALTIME_R=1 -DLINUX=1 -DHAVE_DLADDR=1 -DHAVE_GETTID=1 -DHAVE_LCHOWN=1 -DHAVE_SETPRIORITY=1 -DHAVE_STRERROR=1 -DHAVE_SYSCALL=1 -DHAVE_SECURE_GETENV=1 -D_REENTRANT=1 -DFORCE_PR_LOG -D_PR_PTHREADS -UHAVE_CVAR_BUILT_ON_SEM -D_NSPR_BUILD_ -I../../../dist/include/nspr -I../../../pr/include -I../../../pr/include/private  prmmap.c
gcc -o prpolevt.o -c -fvisibility=hidden    -O2 -m64 -march=x86-64 -mtune=generic -flto=auto -ffat-lto-objects -Wall -pthread -O2 -m64 -march=x86-64 -mtune=generic -flto=auto -ffat-lto-objects -fPIC  -UDEBUG -DPACKAGE_NAME=\"\" -DPACKAGE_TARNAME=\"\" -DPACKAGE_VERSION=\"\" -DPACKAGE_STRING=\"\" -DPACKAGE_BUGREPORT=\"\" -DPACKAGE_URL=\"\" -DNDEBUG=1 -DHAVE_VISIBILITY_HIDDEN_ATTRIBUTE=1 -DHAVE_VISIBILITY_PRAGMA=1 -DXP_UNIX=1 -D_GNU_SOURCE=1 -DHAVE_FCNTL_FILE_LOCKING=1 -DHAVE_POINTER_LOCALTIME_R=1 -DLINUX=1 -DHAVE_DLADDR=1 -DHAVE_GETTID=1 -DHAVE_LCHOWN=1 -DHAVE_SETPRIORITY=1 -DHAVE_STRERROR=1 -DHAVE_SYSCALL=1 -DHAVE_SECURE_GETENV=1 -D_REENTRANT=1 -DFORCE_PR_LOG -D_PR_PTHREADS -UHAVE_CVAR_BUILT_ON_SEM -D_NSPR_BUILD_ -I../../../dist/include/nspr -I../../../pr/include -I../../../pr/include/private  prpolevt.c
gcc -o prprf.o -c -fvisibility=hidden    -O2 -m64 -march=x86-64 -mtune=generic -flto=auto -ffat-lto-objects -Wall -pthread -O2 -m64 -march=x86-64 -mtune=generic -flto=auto -ffat-lto-objects -fPIC  -UDEBUG -DPACKAGE_NAME=\"\" -DPACKAGE_TARNAME=\"\" -DPACKAGE_VERSION=\"\" -DPACKAGE_STRING=\"\" -DPACKAGE_BUGREPORT=\"\" -DPACKAGE_URL=\"\" -DNDEBUG=1 -DHAVE_VISIBILITY_HIDDEN_ATTRIBUTE=1 -DHAVE_VISIBILITY_PRAGMA=1 -DXP_UNIX=1 -D_GNU_SOURCE=1 -DHAVE_FCNTL_FILE_LOCKING=1 -DHAVE_POINTER_LOCALTIME_R=1 -DLINUX=1 -DHAVE_DLADDR=1 -DHAVE_GETTID=1 -DHAVE_LCHOWN=1 -DHAVE_SETPRIORITY=1 -DHAVE_STRERROR=1 -DHAVE_SYSCALL=1 -DHAVE_SECURE_GETENV=1 -D_REENTRANT=1 -DFORCE_PR_LOG -D_PR_PTHREADS -UHAVE_CVAR_BUILT_ON_SEM -D_NSPR_BUILD_ -I../../../dist/include/nspr -I../../../pr/include -I../../../pr/include/private  prprf.c
gcc -o prscanf.o -c -fvisibility=hidden    -O2 -m64 -march=x86-64 -mtune=generic -flto=auto -ffat-lto-objects -Wall -pthread -O2 -m64 -march=x86-64 -mtune=generic -flto=auto -ffat-lto-objects -fPIC  -UDEBUG -DPACKAGE_NAME=\"\" -DPACKAGE_TARNAME=\"\" -DPACKAGE_VERSION=\"\" -DPACKAGE_STRING=\"\" -DPACKAGE_BUGREPORT=\"\" -DPACKAGE_URL=\"\" -DNDEBUG=1 -DHAVE_VISIBILITY_HIDDEN_ATTRIBUTE=1 -DHAVE_VISIBILITY_PRAGMA=1 -DXP_UNIX=1 -D_GNU_SOURCE=1 -DHAVE_FCNTL_FILE_LOCKING=1 -DHAVE_POINTER_LOCALTIME_R=1 -DLINUX=1 -DHAVE_DLADDR=1 -DHAVE_GETTID=1 -DHAVE_LCHOWN=1 -DHAVE_SETPRIORITY=1 -DHAVE_STRERROR=1 -DHAVE_SYSCALL=1 -DHAVE_SECURE_GETENV=1 -D_REENTRANT=1 -DFORCE_PR_LOG -D_PR_PTHREADS -UHAVE_CVAR_BUILT_ON_SEM -D_NSPR_BUILD_ -I../../../dist/include/nspr -I../../../pr/include -I../../../pr/include/private  prscanf.c
gcc -o prstdio.o -c -fvisibility=hidden    -O2 -m64 -march=x86-64 -mtune=generic -flto=auto -ffat-lto-objects -Wall -pthread -O2 -m64 -march=x86-64 -mtune=generic -flto=auto -ffat-lto-objects -fPIC  -UDEBUG -DPACKAGE_NAME=\"\" -DPACKAGE_TARNAME=\"\" -DPACKAGE_VERSION=\"\" -DPACKAGE_STRING=\"\" -DPACKAGE_BUGREPORT=\"\" -DPACKAGE_URL=\"\" -DNDEBUG=1 -DHAVE_VISIBILITY_HIDDEN_ATTRIBUTE=1 -DHAVE_VISIBILITY_PRAGMA=1 -DXP_UNIX=1 -D_GNU_SOURCE=1 -DHAVE_FCNTL_FILE_LOCKING=1 -DHAVE_POINTER_LOCALTIME_R=1 -DLINUX=1 -DHAVE_DLADDR=1 -DHAVE_GETTID=1 -DHAVE_LCHOWN=1 -DHAVE_SETPRIORITY=1 -DHAVE_STRERROR=1 -DHAVE_SYSCALL=1 -DHAVE_SECURE_GETENV=1 -D_REENTRANT=1 -DFORCE_PR_LOG -D_PR_PTHREADS -UHAVE_CVAR_BUILT_ON_SEM -D_NSPR_BUILD_ -I../../../dist/include/nspr -I../../../pr/include -I../../../pr/include/private  prstdio.c
make[3]: Leaving directory '/home/devel/building/work/src/nspr-4.35/nspr/pr/src/io'
make -C linking export
make[3]: Entering directory '/home/devel/building/work/src/nspr-4.35/nspr/pr/src/linking'
gcc -o prlink.o -c -fvisibility=hidden    -O2 -m64 -march=x86-64 -mtune=generic -flto=auto -ffat-lto-objects -Wall -pthread -O2 -m64 -march=x86-64 -mtune=generic -flto=auto -ffat-lto-objects -fPIC  -UDEBUG -DPACKAGE_NAME=\"\" -DPACKAGE_TARNAME=\"\" -DPACKAGE_VERSION=\"\" -DPACKAGE_STRING=\"\" -DPACKAGE_BUGREPORT=\"\" -DPACKAGE_URL=\"\" -DNDEBUG=1 -DHAVE_VISIBILITY_HIDDEN_ATTRIBUTE=1 -DHAVE_VISIBILITY_PRAGMA=1 -DXP_UNIX=1 -D_GNU_SOURCE=1 -DHAVE_FCNTL_FILE_LOCKING=1 -DHAVE_POINTER_LOCALTIME_R=1 -DLINUX=1 -DHAVE_DLADDR=1 -DHAVE_GETTID=1 -DHAVE_LCHOWN=1 -DHAVE_SETPRIORITY=1 -DHAVE_STRERROR=1 -DHAVE_SYSCALL=1 -DHAVE_SECURE_GETENV=1 -D_REENTRANT=1 -DFORCE_PR_LOG -D_PR_PTHREADS -UHAVE_CVAR_BUILT_ON_SEM -D_NSPR_BUILD_ -I../../../dist/include/nspr -I../../../pr/include -I../../../pr/include/private  prlink.c
make[3]: Leaving directory '/home/devel/building/work/src/nspr-4.35/nspr/pr/src/linking'
make -C malloc export
make[3]: Entering directory '/home/devel/building/work/src/nspr-4.35/nspr/pr/src/malloc'
gcc -o prmalloc.o -c -fvisibility=hidden    -O2 -m64 -march=x86-64 -mtune=generic -flto=auto -ffat-lto-objects -Wall -pthread -O2 -m64 -march=x86-64 -mtune=generic -flto=auto -ffat-lto-objects -fPIC  -UDEBUG -DPACKAGE_NAME=\"\" -DPACKAGE_TARNAME=\"\" -DPACKAGE_VERSION=\"\" -DPACKAGE_STRING=\"\" -DPACKAGE_BUGREPORT=\"\" -DPACKAGE_URL=\"\" -DNDEBUG=1 -DHAVE_VISIBILITY_HIDDEN_ATTRIBUTE=1 -DHAVE_VISIBILITY_PRAGMA=1 -DXP_UNIX=1 -D_GNU_SOURCE=1 -DHAVE_FCNTL_FILE_LOCKING=1 -DHAVE_POINTER_LOCALTIME_R=1 -DLINUX=1 -DHAVE_DLADDR=1 -DHAVE_GETTID=1 -DHAVE_LCHOWN=1 -DHAVE_SETPRIORITY=1 -DHAVE_STRERROR=1 -DHAVE_SYSCALL=1 -DHAVE_SECURE_GETENV=1 -D_REENTRANT=1 -DFORCE_PR_LOG -D_PR_PTHREADS -UHAVE_CVAR_BUILT_ON_SEM -D_NSPR_BUILD_ -I../../../dist/include/nspr -I../../../pr/include -I../../../pr/include/private  prmalloc.c
gcc -o prmem.o -c -fvisibility=hidden    -O2 -m64 -march=x86-64 -mtune=generic -flto=auto -ffat-lto-objects -Wall -pthread -O2 -m64 -march=x86-64 -mtune=generic -flto=auto -ffat-lto-objects -fPIC  -UDEBUG -DPACKAGE_NAME=\"\" -DPACKAGE_TARNAME=\"\" -DPACKAGE_VERSION=\"\" -DPACKAGE_STRING=\"\" -DPACKAGE_BUGREPORT=\"\" -DPACKAGE_URL=\"\" -DNDEBUG=1 -DHAVE_VISIBILITY_HIDDEN_ATTRIBUTE=1 -DHAVE_VISIBILITY_PRAGMA=1 -DXP_UNIX=1 -D_GNU_SOURCE=1 -DHAVE_FCNTL_FILE_LOCKING=1 -DHAVE_POINTER_LOCALTIME_R=1 -DLINUX=1 -DHAVE_DLADDR=1 -DHAVE_GETTID=1 -DHAVE_LCHOWN=1 -DHAVE_SETPRIORITY=1 -DHAVE_STRERROR=1 -DHAVE_SYSCALL=1 -DHAVE_SECURE_GETENV=1 -D_REENTRANT=1 -DFORCE_PR_LOG -D_PR_PTHREADS -UHAVE_CVAR_BUILT_ON_SEM -D_NSPR_BUILD_ -I../../../dist/include/nspr -I../../../pr/include -I../../../pr/include/private  prmem.c
make[3]: Leaving directory '/home/devel/building/work/src/nspr-4.35/nspr/pr/src/malloc'
make -C md export
make[3]: Entering directory '/home/devel/building/work/src/nspr-4.35/nspr/pr/src/md'
make -C unix export
make[4]: Entering directory '/home/devel/building/work/src/nspr-4.35/nspr/pr/src/md/unix'
gcc -o unix.o -c -fvisibility=hidden    -O2 -m64 -march=x86-64 -mtune=generic -flto=auto -ffat-lto-objects -Wall -pthread -O2 -m64 -march=x86-64 -mtune=generic -flto=auto -ffat-lto-objects -fPIC  -UDEBUG -DPACKAGE_NAME=\"\" -DPACKAGE_TARNAME=\"\" -DPACKAGE_VERSION=\"\" -DPACKAGE_STRING=\"\" -DPACKAGE_BUGREPORT=\"\" -DPACKAGE_URL=\"\" -DNDEBUG=1 -DHAVE_VISIBILITY_HIDDEN_ATTRIBUTE=1 -DHAVE_VISIBILITY_PRAGMA=1 -DXP_UNIX=1 -D_GNU_SOURCE=1 -DHAVE_FCNTL_FILE_LOCKING=1 -DHAVE_POINTER_LOCALTIME_R=1 -DLINUX=1 -DHAVE_DLADDR=1 -DHAVE_GETTID=1 -DHAVE_LCHOWN=1 -DHAVE_SETPRIORITY=1 -DHAVE_STRERROR=1 -DHAVE_SYSCALL=1 -DHAVE_SECURE_GETENV=1 -D_REENTRANT=1 -DFORCE_PR_LOG -D_PR_PTHREADS -UHAVE_CVAR_BUILT_ON_SEM -D_NSPR_BUILD_ -I../../../../dist/include/nspr -I../../../../pr/include -I../../../../pr/include/private  unix.c
unix.c: In function '_PR_UnixInit':
unix.c:2780:9: warning: variable 'rv' set but not used [-Wunused-but-set-variable]
 2780 |     int rv;
      |         ^~
gcc -o unix_errors.o -c -fvisibility=hidden    -O2 -m64 -march=x86-64 -mtune=generic -flto=auto -ffat-lto-objects -Wall -pthread -O2 -m64 -march=x86-64 -mtune=generic -flto=auto -ffat-lto-objects -fPIC  -UDEBUG -DPACKAGE_NAME=\"\" -DPACKAGE_TARNAME=\"\" -DPACKAGE_VERSION=\"\" -DPACKAGE_STRING=\"\" -DPACKAGE_BUGREPORT=\"\" -DPACKAGE_URL=\"\" -DNDEBUG=1 -DHAVE_VISIBILITY_HIDDEN_ATTRIBUTE=1 -DHAVE_VISIBILITY_PRAGMA=1 -DXP_UNIX=1 -D_GNU_SOURCE=1 -DHAVE_FCNTL_FILE_LOCKING=1 -DHAVE_POINTER_LOCALTIME_R=1 -DLINUX=1 -DHAVE_DLADDR=1 -DHAVE_GETTID=1 -DHAVE_LCHOWN=1 -DHAVE_SETPRIORITY=1 -DHAVE_STRERROR=1 -DHAVE_SYSCALL=1 -DHAVE_SECURE_GETENV=1 -D_REENTRANT=1 -DFORCE_PR_LOG -D_PR_PTHREADS -UHAVE_CVAR_BUILT_ON_SEM -D_NSPR_BUILD_ -I../../../../dist/include/nspr -I../../../../pr/include -I../../../../pr/include/private  unix_errors.c
gcc -o uxproces.o -c -fvisibility=hidden    -O2 -m64 -march=x86-64 -mtune=generic -flto=auto -ffat-lto-objects -Wall -pthread -O2 -m64 -march=x86-64 -mtune=generic -flto=auto -ffat-lto-objects -fPIC  -UDEBUG -DPACKAGE_NAME=\"\" -DPACKAGE_TARNAME=\"\" -DPACKAGE_VERSION=\"\" -DPACKAGE_STRING=\"\" -DPACKAGE_BUGREPORT=\"\" -DPACKAGE_URL=\"\" -DNDEBUG=1 -DHAVE_VISIBILITY_HIDDEN_ATTRIBUTE=1 -DHAVE_VISIBILITY_PRAGMA=1 -DXP_UNIX=1 -D_GNU_SOURCE=1 -DHAVE_FCNTL_FILE_LOCKING=1 -DHAVE_POINTER_LOCALTIME_R=1 -DLINUX=1 -DHAVE_DLADDR=1 -DHAVE_GETTID=1 -DHAVE_LCHOWN=1 -DHAVE_SETPRIORITY=1 -DHAVE_STRERROR=1 -DHAVE_SYSCALL=1 -DHAVE_SECURE_GETENV=1 -D_REENTRANT=1 -DFORCE_PR_LOG -D_PR_PTHREADS -UHAVE_CVAR_BUILT_ON_SEM -D_NSPR_BUILD_ -I../../../../dist/include/nspr -I../../../../pr/include -I../../../../pr/include/private  uxproces.c
uxproces.c: In function 'pr_InstallSigchldHandler':
uxproces.c:691:9: warning: variable 'rv' set but not used [-Wunused-but-set-variable]
  691 |     int rv;
      |         ^~
uxproces.c: In function '_MD_InitProcesses':
uxproces.c:709:9: warning: variable 'rv' set but not used [-Wunused-but-set-variable]
  709 |     int rv;
      |         ^~
gcc -o uxrng.o -c -fvisibility=hidden    -O2 -m64 -march=x86-64 -mtune=generic -flto=auto -ffat-lto-objects -Wall -pthread -O2 -m64 -march=x86-64 -mtune=generic -flto=auto -ffat-lto-objects -fPIC  -UDEBUG -DPACKAGE_NAME=\"\" -DPACKAGE_TARNAME=\"\" -DPACKAGE_VERSION=\"\" -DPACKAGE_STRING=\"\" -DPACKAGE_BUGREPORT=\"\" -DPACKAGE_URL=\"\" -DNDEBUG=1 -DHAVE_VISIBILITY_HIDDEN_ATTRIBUTE=1 -DHAVE_VISIBILITY_PRAGMA=1 -DXP_UNIX=1 -D_GNU_SOURCE=1 -DHAVE_FCNTL_FILE_LOCKING=1 -DHAVE_POINTER_LOCALTIME_R=1 -DLINUX=1 -DHAVE_DLADDR=1 -DHAVE_GETTID=1 -DHAVE_LCHOWN=1 -DHAVE_SETPRIORITY=1 -DHAVE_STRERROR=1 -DHAVE_SYSCALL=1 -DHAVE_SECURE_GETENV=1 -D_REENTRANT=1 -DFORCE_PR_LOG -D_PR_PTHREADS -UHAVE_CVAR_BUILT_ON_SEM -D_NSPR_BUILD_ -I../../../../dist/include/nspr -I../../../../pr/include -I../../../../pr/include/private  uxrng.c
gcc -o uxshm.o -c -fvisibility=hidden    -O2 -m64 -march=x86-64 -mtune=generic -flto=auto -ffat-lto-objects -Wall -pthread -O2 -m64 -march=x86-64 -mtune=generic -flto=auto -ffat-lto-objects -fPIC  -UDEBUG -DPACKAGE_NAME=\"\" -DPACKAGE_TARNAME=\"\" -DPACKAGE_VERSION=\"\" -DPACKAGE_STRING=\"\" -DPACKAGE_BUGREPORT=\"\" -DPACKAGE_URL=\"\" -DNDEBUG=1 -DHAVE_VISIBILITY_HIDDEN_ATTRIBUTE=1 -DHAVE_VISIBILITY_PRAGMA=1 -DXP_UNIX=1 -D_GNU_SOURCE=1 -DHAVE_FCNTL_FILE_LOCKING=1 -DHAVE_POINTER_LOCALTIME_R=1 -DLINUX=1 -DHAVE_DLADDR=1 -DHAVE_GETTID=1 -DHAVE_LCHOWN=1 -DHAVE_SETPRIORITY=1 -DHAVE_STRERROR=1 -DHAVE_SYSCALL=1 -DHAVE_SECURE_GETENV=1 -D_REENTRANT=1 -DFORCE_PR_LOG -D_PR_PTHREADS -UHAVE_CVAR_BUILT_ON_SEM -D_NSPR_BUILD_ -I../../../../dist/include/nspr -I../../../../pr/include -I../../../../pr/include/private  uxshm.c
gcc -o uxwrap.o -c -fvisibility=hidden    -O2 -m64 -march=x86-64 -mtune=generic -flto=auto -ffat-lto-objects -Wall -pthread -O2 -m64 -march=x86-64 -mtune=generic -flto=auto -ffat-lto-objects -fPIC  -UDEBUG -DPACKAGE_NAME=\"\" -DPACKAGE_TARNAME=\"\" -DPACKAGE_VERSION=\"\" -DPACKAGE_STRING=\"\" -DPACKAGE_BUGREPORT=\"\" -DPACKAGE_URL=\"\" -DNDEBUG=1 -DHAVE_VISIBILITY_HIDDEN_ATTRIBUTE=1 -DHAVE_VISIBILITY_PRAGMA=1 -DXP_UNIX=1 -D_GNU_SOURCE=1 -DHAVE_FCNTL_FILE_LOCKING=1 -DHAVE_POINTER_LOCALTIME_R=1 -DLINUX=1 -DHAVE_DLADDR=1 -DHAVE_GETTID=1 -DHAVE_LCHOWN=1 -DHAVE_SETPRIORITY=1 -DHAVE_STRERROR=1 -DHAVE_SYSCALL=1 -DHAVE_SECURE_GETENV=1 -D_REENTRANT=1 -DFORCE_PR_LOG -D_PR_PTHREADS -UHAVE_CVAR_BUILT_ON_SEM -D_NSPR_BUILD_ -I../../../../dist/include/nspr -I../../../../pr/include -I../../../../pr/include/private  uxwrap.c
gcc -o linux.o -c -fvisibility=hidden    -O2 -m64 -march=x86-64 -mtune=generic -flto=auto -ffat-lto-objects -Wall -pthread -O2 -m64 -march=x86-64 -mtune=generic -flto=auto -ffat-lto-objects -fPIC  -UDEBUG -DPACKAGE_NAME=\"\" -DPACKAGE_TARNAME=\"\" -DPACKAGE_VERSION=\"\" -DPACKAGE_STRING=\"\" -DPACKAGE_BUGREPORT=\"\" -DPACKAGE_URL=\"\" -DNDEBUG=1 -DHAVE_VISIBILITY_HIDDEN_ATTRIBUTE=1 -DHAVE_VISIBILITY_PRAGMA=1 -DXP_UNIX=1 -D_GNU_SOURCE=1 -DHAVE_FCNTL_FILE_LOCKING=1 -DHAVE_POINTER_LOCALTIME_R=1 -DLINUX=1 -DHAVE_DLADDR=1 -DHAVE_GETTID=1 -DHAVE_LCHOWN=1 -DHAVE_SETPRIORITY=1 -DHAVE_STRERROR=1 -DHAVE_SYSCALL=1 -DHAVE_SECURE_GETENV=1 -D_REENTRANT=1 -DFORCE_PR_LOG -D_PR_PTHREADS -UHAVE_CVAR_BUILT_ON_SEM -D_NSPR_BUILD_ -I../../../../dist/include/nspr -I../../../../pr/include -I../../../../pr/include/private  linux.c
gcc -o os_Linux_x86_64.o -fvisibility=hidden    -O2 -m64 -march=x86-64 -mtune=generic -flto=auto -ffat-lto-objects -Wall -pthread -O2 -m64 -march=x86-64 -mtune=generic -flto=auto -ffat-lto-objects -fPIC  -UDEBUG -DPACKAGE_NAME=\"\" -DPACKAGE_TARNAME=\"\" -DPACKAGE_VERSION=\"\" -DPACKAGE_STRING=\"\" -DPACKAGE_BUGREPORT=\"\" -DPACKAGE_URL=\"\" -DNDEBUG=1 -DHAVE_VISIBILITY_HIDDEN_ATTRIBUTE=1 -DHAVE_VISIBILITY_PRAGMA=1 -DXP_UNIX=1 -D_GNU_SOURCE=1 -DHAVE_FCNTL_FILE_LOCKING=1 -DHAVE_POINTER_LOCALTIME_R=1 -DLINUX=1 -DHAVE_DLADDR=1 -DHAVE_GETTID=1 -DHAVE_LCHOWN=1 -DHAVE_SETPRIORITY=1 -DHAVE_STRERROR=1 -DHAVE_SYSCALL=1 -DHAVE_SECURE_GETENV=1 -D_REENTRANT=1 -DFORCE_PR_LOG -D_PR_PTHREADS -UHAVE_CVAR_BUILT_ON_SEM -D_NSPR_BUILD_ -I../../../../dist/include/nspr -I../../../../pr/include -I../../../../pr/include/private  -c os_Linux_x86_64.s
make[4]: Leaving directory '/home/devel/building/work/src/nspr-4.35/nspr/pr/src/md/unix'
gcc -o prosdep.o -c -fvisibility=hidden    -O2 -m64 -march=x86-64 -mtune=generic -flto=auto -ffat-lto-objects -Wall -pthread -O2 -m64 -march=x86-64 -mtune=generic -flto=auto -ffat-lto-objects -fPIC  -UDEBUG -DPACKAGE_NAME=\"\" -DPACKAGE_TARNAME=\"\" -DPACKAGE_VERSION=\"\" -DPACKAGE_STRING=\"\" -DPACKAGE_BUGREPORT=\"\" -DPACKAGE_URL=\"\" -DNDEBUG=1 -DHAVE_VISIBILITY_HIDDEN_ATTRIBUTE=1 -DHAVE_VISIBILITY_PRAGMA=1 -DXP_UNIX=1 -D_GNU_SOURCE=1 -DHAVE_FCNTL_FILE_LOCKING=1 -DHAVE_POINTER_LOCALTIME_R=1 -DLINUX=1 -DHAVE_DLADDR=1 -DHAVE_GETTID=1 -DHAVE_LCHOWN=1 -DHAVE_SETPRIORITY=1 -DHAVE_STRERROR=1 -DHAVE_SYSCALL=1 -DHAVE_SECURE_GETENV=1 -D_REENTRANT=1 -DFORCE_PR_LOG -D_PR_PTHREADS -UHAVE_CVAR_BUILT_ON_SEM -D_NSPR_BUILD_ -I../../../dist/include/nspr -I../../../pr/include  prosdep.c
make[3]: Leaving directory '/home/devel/building/work/src/nspr-4.35/nspr/pr/src/md'
make -C memory export
make[3]: Entering directory '/home/devel/building/work/src/nspr-4.35/nspr/pr/src/memory'
gcc -o prseg.o -c -fvisibility=hidden    -O2 -m64 -march=x86-64 -mtune=generic -flto=auto -ffat-lto-objects -Wall -pthread -O2 -m64 -march=x86-64 -mtune=generic -flto=auto -ffat-lto-objects -fPIC  -UDEBUG -DPACKAGE_NAME=\"\" -DPACKAGE_TARNAME=\"\" -DPACKAGE_VERSION=\"\" -DPACKAGE_STRING=\"\" -DPACKAGE_BUGREPORT=\"\" -DPACKAGE_URL=\"\" -DNDEBUG=1 -DHAVE_VISIBILITY_HIDDEN_ATTRIBUTE=1 -DHAVE_VISIBILITY_PRAGMA=1 -DXP_UNIX=1 -D_GNU_SOURCE=1 -DHAVE_FCNTL_FILE_LOCKING=1 -DHAVE_POINTER_LOCALTIME_R=1 -DLINUX=1 -DHAVE_DLADDR=1 -DHAVE_GETTID=1 -DHAVE_LCHOWN=1 -DHAVE_SETPRIORITY=1 -DHAVE_STRERROR=1 -DHAVE_SYSCALL=1 -DHAVE_SECURE_GETENV=1 -D_REENTRANT=1 -DFORCE_PR_LOG -D_PR_PTHREADS -UHAVE_CVAR_BUILT_ON_SEM -D_NSPR_BUILD_ -I../../../dist/include/nspr -I../../../pr/include -I../../../pr/include/private  prseg.c
gcc -o prshm.o -c -fvisibility=hidden    -O2 -m64 -march=x86-64 -mtune=generic -flto=auto -ffat-lto-objects -Wall -pthread -O2 -m64 -march=x86-64 -mtune=generic -flto=auto -ffat-lto-objects -fPIC  -UDEBUG -DPACKAGE_NAME=\"\" -DPACKAGE_TARNAME=\"\" -DPACKAGE_VERSION=\"\" -DPACKAGE_STRING=\"\" -DPACKAGE_BUGREPORT=\"\" -DPACKAGE_URL=\"\" -DNDEBUG=1 -DHAVE_VISIBILITY_HIDDEN_ATTRIBUTE=1 -DHAVE_VISIBILITY_PRAGMA=1 -DXP_UNIX=1 -D_GNU_SOURCE=1 -DHAVE_FCNTL_FILE_LOCKING=1 -DHAVE_POINTER_LOCALTIME_R=1 -DLINUX=1 -DHAVE_DLADDR=1 -DHAVE_GETTID=1 -DHAVE_LCHOWN=1 -DHAVE_SETPRIORITY=1 -DHAVE_STRERROR=1 -DHAVE_SYSCALL=1 -DHAVE_SECURE_GETENV=1 -D_REENTRANT=1 -DFORCE_PR_LOG -D_PR_PTHREADS -UHAVE_CVAR_BUILT_ON_SEM -D_NSPR_BUILD_ -I../../../dist/include/nspr -I../../../pr/include -I../../../pr/include/private  prshm.c
gcc -o prshma.o -c -fvisibility=hidden    -O2 -m64 -march=x86-64 -mtune=generic -flto=auto -ffat-lto-objects -Wall -pthread -O2 -m64 -march=x86-64 -mtune=generic -flto=auto -ffat-lto-objects -fPIC  -UDEBUG -DPACKAGE_NAME=\"\" -DPACKAGE_TARNAME=\"\" -DPACKAGE_VERSION=\"\" -DPACKAGE_STRING=\"\" -DPACKAGE_BUGREPORT=\"\" -DPACKAGE_URL=\"\" -DNDEBUG=1 -DHAVE_VISIBILITY_HIDDEN_ATTRIBUTE=1 -DHAVE_VISIBILITY_PRAGMA=1 -DXP_UNIX=1 -D_GNU_SOURCE=1 -DHAVE_FCNTL_FILE_LOCKING=1 -DHAVE_POINTER_LOCALTIME_R=1 -DLINUX=1 -DHAVE_DLADDR=1 -DHAVE_GETTID=1 -DHAVE_LCHOWN=1 -DHAVE_SETPRIORITY=1 -DHAVE_STRERROR=1 -DHAVE_SYSCALL=1 -DHAVE_SECURE_GETENV=1 -D_REENTRANT=1 -DFORCE_PR_LOG -D_PR_PTHREADS -UHAVE_CVAR_BUILT_ON_SEM -D_NSPR_BUILD_ -I../../../dist/include/nspr -I../../../pr/include -I../../../pr/include/private  prshma.c
make[3]: Leaving directory '/home/devel/building/work/src/nspr-4.35/nspr/pr/src/memory'
make -C misc export
make[3]: Entering directory '/home/devel/building/work/src/nspr-4.35/nspr/pr/src/misc'
gcc -o pralarm.o -c -fvisibility=hidden    -O2 -m64 -march=x86-64 -mtune=generic -flto=auto -ffat-lto-objects -Wall -pthread -O2 -m64 -march=x86-64 -mtune=generic -flto=auto -ffat-lto-objects -fPIC  -UDEBUG -DPACKAGE_NAME=\"\" -DPACKAGE_TARNAME=\"\" -DPACKAGE_VERSION=\"\" -DPACKAGE_STRING=\"\" -DPACKAGE_BUGREPORT=\"\" -DPACKAGE_URL=\"\" -DNDEBUG=1 -DHAVE_VISIBILITY_HIDDEN_ATTRIBUTE=1 -DHAVE_VISIBILITY_PRAGMA=1 -DXP_UNIX=1 -D_GNU_SOURCE=1 -DHAVE_FCNTL_FILE_LOCKING=1 -DHAVE_POINTER_LOCALTIME_R=1 -DLINUX=1 -DHAVE_DLADDR=1 -DHAVE_GETTID=1 -DHAVE_LCHOWN=1 -DHAVE_SETPRIORITY=1 -DHAVE_STRERROR=1 -DHAVE_SYSCALL=1 -DHAVE_SECURE_GETENV=1 -D_REENTRANT=1 -DFORCE_PR_LOG -D_PR_PTHREADS -UHAVE_CVAR_BUILT_ON_SEM -D_NSPR_BUILD_ -I../../../dist/include/nspr -I../../../pr/include -I../../../pr/include/private  pralarm.c
gcc -o pratom.o -c -fvisibility=hidden    -O2 -m64 -march=x86-64 -mtune=generic -flto=auto -ffat-lto-objects -Wall -pthread -O2 -m64 -march=x86-64 -mtune=generic -flto=auto -ffat-lto-objects -fPIC  -UDEBUG -DPACKAGE_NAME=\"\" -DPACKAGE_TARNAME=\"\" -DPACKAGE_VERSION=\"\" -DPACKAGE_STRING=\"\" -DPACKAGE_BUGREPORT=\"\" -DPACKAGE_URL=\"\" -DNDEBUG=1 -DHAVE_VISIBILITY_HIDDEN_ATTRIBUTE=1 -DHAVE_VISIBILITY_PRAGMA=1 -DXP_UNIX=1 -D_GNU_SOURCE=1 -DHAVE_FCNTL_FILE_LOCKING=1 -DHAVE_POINTER_LOCALTIME_R=1 -DLINUX=1 -DHAVE_DLADDR=1 -DHAVE_GETTID=1 -DHAVE_LCHOWN=1 -DHAVE_SETPRIORITY=1 -DHAVE_STRERROR=1 -DHAVE_SYSCALL=1 -DHAVE_SECURE_GETENV=1 -D_REENTRANT=1 -DFORCE_PR_LOG -D_PR_PTHREADS -UHAVE_CVAR_BUILT_ON_SEM -D_NSPR_BUILD_ -I../../../dist/include/nspr -I../../../pr/include -I../../../pr/include/private  pratom.c
gcc -o prcountr.o -c -fvisibility=hidden    -O2 -m64 -march=x86-64 -mtune=generic -flto=auto -ffat-lto-objects -Wall -pthread -O2 -m64 -march=x86-64 -mtune=generic -flto=auto -ffat-lto-objects -fPIC  -UDEBUG -DPACKAGE_NAME=\"\" -DPACKAGE_TARNAME=\"\" -DPACKAGE_VERSION=\"\" -DPACKAGE_STRING=\"\" -DPACKAGE_BUGREPORT=\"\" -DPACKAGE_URL=\"\" -DNDEBUG=1 -DHAVE_VISIBILITY_HIDDEN_ATTRIBUTE=1 -DHAVE_VISIBILITY_PRAGMA=1 -DXP_UNIX=1 -D_GNU_SOURCE=1 -DHAVE_FCNTL_FILE_LOCKING=1 -DHAVE_POINTER_LOCALTIME_R=1 -DLINUX=1 -DHAVE_DLADDR=1 -DHAVE_GETTID=1 -DHAVE_LCHOWN=1 -DHAVE_SETPRIORITY=1 -DHAVE_STRERROR=1 -DHAVE_SYSCALL=1 -DHAVE_SECURE_GETENV=1 -D_REENTRANT=1 -DFORCE_PR_LOG -D_PR_PTHREADS -UHAVE_CVAR_BUILT_ON_SEM -D_NSPR_BUILD_ -I../../../dist/include/nspr -I../../../pr/include -I../../../pr/include/private  prcountr.c
gcc -o prdtoa.o -c -fvisibility=hidden    -O2 -m64 -march=x86-64 -mtune=generic -flto=auto -ffat-lto-objects -Wall -pthread -O2 -m64 -march=x86-64 -mtune=generic -flto=auto -ffat-lto-objects -fPIC  -UDEBUG -DPACKAGE_NAME=\"\" -DPACKAGE_TARNAME=\"\" -DPACKAGE_VERSION=\"\" -DPACKAGE_STRING=\"\" -DPACKAGE_BUGREPORT=\"\" -DPACKAGE_URL=\"\" -DNDEBUG=1 -DHAVE_VISIBILITY_HIDDEN_ATTRIBUTE=1 -DHAVE_VISIBILITY_PRAGMA=1 -DXP_UNIX=1 -D_GNU_SOURCE=1 -DHAVE_FCNTL_FILE_LOCKING=1 -DHAVE_POINTER_LOCALTIME_R=1 -DLINUX=1 -DHAVE_DLADDR=1 -DHAVE_GETTID=1 -DHAVE_LCHOWN=1 -DHAVE_SETPRIORITY=1 -DHAVE_STRERROR=1 -DHAVE_SYSCALL=1 -DHAVE_SECURE_GETENV=1 -D_REENTRANT=1 -DFORCE_PR_LOG -D_PR_PTHREADS -UHAVE_CVAR_BUILT_ON_SEM -D_NSPR_BUILD_ -I../../../dist/include/nspr -I../../../pr/include -I../../../pr/include/private  prdtoa.c
gcc -o prenv.o -c -fvisibility=hidden    -O2 -m64 -march=x86-64 -mtune=generic -flto=auto -ffat-lto-objects -Wall -pthread -O2 -m64 -march=x86-64 -mtune=generic -flto=auto -ffat-lto-objects -fPIC  -UDEBUG -DPACKAGE_NAME=\"\" -DPACKAGE_TARNAME=\"\" -DPACKAGE_VERSION=\"\" -DPACKAGE_STRING=\"\" -DPACKAGE_BUGREPORT=\"\" -DPACKAGE_URL=\"\" -DNDEBUG=1 -DHAVE_VISIBILITY_HIDDEN_ATTRIBUTE=1 -DHAVE_VISIBILITY_PRAGMA=1 -DXP_UNIX=1 -D_GNU_SOURCE=1 -DHAVE_FCNTL_FILE_LOCKING=1 -DHAVE_POINTER_LOCALTIME_R=1 -DLINUX=1 -DHAVE_DLADDR=1 -DHAVE_GETTID=1 -DHAVE_LCHOWN=1 -DHAVE_SETPRIORITY=1 -DHAVE_STRERROR=1 -DHAVE_SYSCALL=1 -DHAVE_SECURE_GETENV=1 -D_REENTRANT=1 -DFORCE_PR_LOG -D_PR_PTHREADS -UHAVE_CVAR_BUILT_ON_SEM -D_NSPR_BUILD_ -I../../../dist/include/nspr -I../../../pr/include -I../../../pr/include/private  prenv.c
gcc -o prerr.o -c -fvisibility=hidden    -O2 -m64 -march=x86-64 -mtune=generic -flto=auto -ffat-lto-objects -Wall -pthread -O2 -m64 -march=x86-64 -mtune=generic -flto=auto -ffat-lto-objects -fPIC  -UDEBUG -DPACKAGE_NAME=\"\" -DPACKAGE_TARNAME=\"\" -DPACKAGE_VERSION=\"\" -DPACKAGE_STRING=\"\" -DPACKAGE_BUGREPORT=\"\" -DPACKAGE_URL=\"\" -DNDEBUG=1 -DHAVE_VISIBILITY_HIDDEN_ATTRIBUTE=1 -DHAVE_VISIBILITY_PRAGMA=1 -DXP_UNIX=1 -D_GNU_SOURCE=1 -DHAVE_FCNTL_FILE_LOCKING=1 -DHAVE_POINTER_LOCALTIME_R=1 -DLINUX=1 -DHAVE_DLADDR=1 -DHAVE_GETTID=1 -DHAVE_LCHOWN=1 -DHAVE_SETPRIORITY=1 -DHAVE_STRERROR=1 -DHAVE_SYSCALL=1 -DHAVE_SECURE_GETENV=1 -D_REENTRANT=1 -DFORCE_PR_LOG -D_PR_PTHREADS -UHAVE_CVAR_BUILT_ON_SEM -D_NSPR_BUILD_ -I../../../dist/include/nspr -I../../../pr/include -I../../../pr/include/private  prerr.c
gcc -o prerror.o -c -fvisibility=hidden    -O2 -m64 -march=x86-64 -mtune=generic -flto=auto -ffat-lto-objects -Wall -pthread -O2 -m64 -march=x86-64 -mtune=generic -flto=auto -ffat-lto-objects -fPIC  -UDEBUG -DPACKAGE_NAME=\"\" -DPACKAGE_TARNAME=\"\" -DPACKAGE_VERSION=\"\" -DPACKAGE_STRING=\"\" -DPACKAGE_BUGREPORT=\"\" -DPACKAGE_URL=\"\" -DNDEBUG=1 -DHAVE_VISIBILITY_HIDDEN_ATTRIBUTE=1 -DHAVE_VISIBILITY_PRAGMA=1 -DXP_UNIX=1 -D_GNU_SOURCE=1 -DHAVE_FCNTL_FILE_LOCKING=1 -DHAVE_POINTER_LOCALTIME_R=1 -DLINUX=1 -DHAVE_DLADDR=1 -DHAVE_GETTID=1 -DHAVE_LCHOWN=1 -DHAVE_SETPRIORITY=1 -DHAVE_STRERROR=1 -DHAVE_SYSCALL=1 -DHAVE_SECURE_GETENV=1 -D_REENTRANT=1 -DFORCE_PR_LOG -D_PR_PTHREADS -UHAVE_CVAR_BUILT_ON_SEM -D_NSPR_BUILD_ -I../../../dist/include/nspr -I../../../pr/include -I../../../pr/include/private  prerror.c
gcc -o prerrortable.o -c -fvisibility=hidden    -O2 -m64 -march=x86-64 -mtune=generic -flto=auto -ffat-lto-objects -Wall -pthread -O2 -m64 -march=x86-64 -mtune=generic -flto=auto -ffat-lto-objects -fPIC  -UDEBUG -DPACKAGE_NAME=\"\" -DPACKAGE_TARNAME=\"\" -DPACKAGE_VERSION=\"\" -DPACKAGE_STRING=\"\" -DPACKAGE_BUGREPORT=\"\" -DPACKAGE_URL=\"\" -DNDEBUG=1 -DHAVE_VISIBILITY_HIDDEN_ATTRIBUTE=1 -DHAVE_VISIBILITY_PRAGMA=1 -DXP_UNIX=1 -D_GNU_SOURCE=1 -DHAVE_FCNTL_FILE_LOCKING=1 -DHAVE_POINTER_LOCALTIME_R=1 -DLINUX=1 -DHAVE_DLADDR=1 -DHAVE_GETTID=1 -DHAVE_LCHOWN=1 -DHAVE_SETPRIORITY=1 -DHAVE_STRERROR=1 -DHAVE_SYSCALL=1 -DHAVE_SECURE_GETENV=1 -D_REENTRANT=1 -DFORCE_PR_LOG -D_PR_PTHREADS -UHAVE_CVAR_BUILT_ON_SEM -D_NSPR_BUILD_ -I../../../dist/include/nspr -I../../../pr/include -I../../../pr/include/private  prerrortable.c
gcc -o prinit.o -c -fvisibility=hidden    -O2 -m64 -march=x86-64 -mtune=generic -flto=auto -ffat-lto-objects -Wall -pthread -O2 -m64 -march=x86-64 -mtune=generic -flto=auto -ffat-lto-objects -fPIC  -UDEBUG -DPACKAGE_NAME=\"\" -DPACKAGE_TARNAME=\"\" -DPACKAGE_VERSION=\"\" -DPACKAGE_STRING=\"\" -DPACKAGE_BUGREPORT=\"\" -DPACKAGE_URL=\"\" -DNDEBUG=1 -DHAVE_VISIBILITY_HIDDEN_ATTRIBUTE=1 -DHAVE_VISIBILITY_PRAGMA=1 -DXP_UNIX=1 -D_GNU_SOURCE=1 -DHAVE_FCNTL_FILE_LOCKING=1 -DHAVE_POINTER_LOCALTIME_R=1 -DLINUX=1 -DHAVE_DLADDR=1 -DHAVE_GETTID=1 -DHAVE_LCHOWN=1 -DHAVE_SETPRIORITY=1 -DHAVE_STRERROR=1 -DHAVE_SYSCALL=1 -DHAVE_SECURE_GETENV=1 -D_REENTRANT=1 -DFORCE_PR_LOG -D_PR_PTHREADS -UHAVE_CVAR_BUILT_ON_SEM -D_NSPR_BUILD_ -I../../../dist/include/nspr -I../../../pr/include -I../../../pr/include/private  prinit.c
gcc -o prinrval.o -c -fvisibility=hidden    -O2 -m64 -march=x86-64 -mtune=generic -flto=auto -ffat-lto-objects -Wall -pthread -O2 -m64 -march=x86-64 -mtune=generic -flto=auto -ffat-lto-objects -fPIC  -UDEBUG -DPACKAGE_NAME=\"\" -DPACKAGE_TARNAME=\"\" -DPACKAGE_VERSION=\"\" -DPACKAGE_STRING=\"\" -DPACKAGE_BUGREPORT=\"\" -DPACKAGE_URL=\"\" -DNDEBUG=1 -DHAVE_VISIBILITY_HIDDEN_ATTRIBUTE=1 -DHAVE_VISIBILITY_PRAGMA=1 -DXP_UNIX=1 -D_GNU_SOURCE=1 -DHAVE_FCNTL_FILE_LOCKING=1 -DHAVE_POINTER_LOCALTIME_R=1 -DLINUX=1 -DHAVE_DLADDR=1 -DHAVE_GETTID=1 -DHAVE_LCHOWN=1 -DHAVE_SETPRIORITY=1 -DHAVE_STRERROR=1 -DHAVE_SYSCALL=1 -DHAVE_SECURE_GETENV=1 -D_REENTRANT=1 -DFORCE_PR_LOG -D_PR_PTHREADS -UHAVE_CVAR_BUILT_ON_SEM -D_NSPR_BUILD_ -I../../../dist/include/nspr -I../../../pr/include -I../../../pr/include/private  prinrval.c
gcc -o pripc.o -c -fvisibility=hidden    -O2 -m64 -march=x86-64 -mtune=generic -flto=auto -ffat-lto-objects -Wall -pthread -O2 -m64 -march=x86-64 -mtune=generic -flto=auto -ffat-lto-objects -fPIC  -UDEBUG -DPACKAGE_NAME=\"\" -DPACKAGE_TARNAME=\"\" -DPACKAGE_VERSION=\"\" -DPACKAGE_STRING=\"\" -DPACKAGE_BUGREPORT=\"\" -DPACKAGE_URL=\"\" -DNDEBUG=1 -DHAVE_VISIBILITY_HIDDEN_ATTRIBUTE=1 -DHAVE_VISIBILITY_PRAGMA=1 -DXP_UNIX=1 -D_GNU_SOURCE=1 -DHAVE_FCNTL_FILE_LOCKING=1 -DHAVE_POINTER_LOCALTIME_R=1 -DLINUX=1 -DHAVE_DLADDR=1 -DHAVE_GETTID=1 -DHAVE_LCHOWN=1 -DHAVE_SETPRIORITY=1 -DHAVE_STRERROR=1 -DHAVE_SYSCALL=1 -DHAVE_SECURE_GETENV=1 -D_REENTRANT=1 -DFORCE_PR_LOG -D_PR_PTHREADS -UHAVE_CVAR_BUILT_ON_SEM -D_NSPR_BUILD_ -I../../../dist/include/nspr -I../../../pr/include -I../../../pr/include/private  pripc.c
gcc -o prlog2.o -c -fvisibility=hidden    -O2 -m64 -march=x86-64 -mtune=generic -flto=auto -ffat-lto-objects -Wall -pthread -O2 -m64 -march=x86-64 -mtune=generic -flto=auto -ffat-lto-objects -fPIC  -UDEBUG -DPACKAGE_NAME=\"\" -DPACKAGE_TARNAME=\"\" -DPACKAGE_VERSION=\"\" -DPACKAGE_STRING=\"\" -DPACKAGE_BUGREPORT=\"\" -DPACKAGE_URL=\"\" -DNDEBUG=1 -DHAVE_VISIBILITY_HIDDEN_ATTRIBUTE=1 -DHAVE_VISIBILITY_PRAGMA=1 -DXP_UNIX=1 -D_GNU_SOURCE=1 -DHAVE_FCNTL_FILE_LOCKING=1 -DHAVE_POINTER_LOCALTIME_R=1 -DLINUX=1 -DHAVE_DLADDR=1 -DHAVE_GETTID=1 -DHAVE_LCHOWN=1 -DHAVE_SETPRIORITY=1 -DHAVE_STRERROR=1 -DHAVE_SYSCALL=1 -DHAVE_SECURE_GETENV=1 -D_REENTRANT=1 -DFORCE_PR_LOG -D_PR_PTHREADS -UHAVE_CVAR_BUILT_ON_SEM -D_NSPR_BUILD_ -I../../../dist/include/nspr -I../../../pr/include -I../../../pr/include/private  prlog2.c
gcc -o prlong.o -c -fvisibility=hidden    -O2 -m64 -march=x86-64 -mtune=generic -flto=auto -ffat-lto-objects -Wall -pthread -O2 -m64 -march=x86-64 -mtune=generic -flto=auto -ffat-lto-objects -fPIC  -UDEBUG -DPACKAGE_NAME=\"\" -DPACKAGE_TARNAME=\"\" -DPACKAGE_VERSION=\"\" -DPACKAGE_STRING=\"\" -DPACKAGE_BUGREPORT=\"\" -DPACKAGE_URL=\"\" -DNDEBUG=1 -DHAVE_VISIBILITY_HIDDEN_ATTRIBUTE=1 -DHAVE_VISIBILITY_PRAGMA=1 -DXP_UNIX=1 -D_GNU_SOURCE=1 -DHAVE_FCNTL_FILE_LOCKING=1 -DHAVE_POINTER_LOCALTIME_R=1 -DLINUX=1 -DHAVE_DLADDR=1 -DHAVE_GETTID=1 -DHAVE_LCHOWN=1 -DHAVE_SETPRIORITY=1 -DHAVE_STRERROR=1 -DHAVE_SYSCALL=1 -DHAVE_SECURE_GETENV=1 -D_REENTRANT=1 -DFORCE_PR_LOG -D_PR_PTHREADS -UHAVE_CVAR_BUILT_ON_SEM -D_NSPR_BUILD_ -I../../../dist/include/nspr -I../../../pr/include -I../../../pr/include/private  prlong.c
gcc -o prnetdb.o -c -fvisibility=hidden    -O2 -m64 -march=x86-64 -mtune=generic -flto=auto -ffat-lto-objects -Wall -pthread -O2 -m64 -march=x86-64 -mtune=generic -flto=auto -ffat-lto-objects -fPIC  -UDEBUG -DPACKAGE_NAME=\"\" -DPACKAGE_TARNAME=\"\" -DPACKAGE_VERSION=\"\" -DPACKAGE_STRING=\"\" -DPACKAGE_BUGREPORT=\"\" -DPACKAGE_URL=\"\" -DNDEBUG=1 -DHAVE_VISIBILITY_HIDDEN_ATTRIBUTE=1 -DHAVE_VISIBILITY_PRAGMA=1 -DXP_UNIX=1 -D_GNU_SOURCE=1 -DHAVE_FCNTL_FILE_LOCKING=1 -DHAVE_POINTER_LOCALTIME_R=1 -DLINUX=1 -DHAVE_DLADDR=1 -DHAVE_GETTID=1 -DHAVE_LCHOWN=1 -DHAVE_SETPRIORITY=1 -DHAVE_STRERROR=1 -DHAVE_SYSCALL=1 -DHAVE_SECURE_GETENV=1 -D_REENTRANT=1 -DFORCE_PR_LOG -D_PR_PTHREADS -UHAVE_CVAR_BUILT_ON_SEM -D_NSPR_BUILD_ -I../../../dist/include/nspr -I../../../pr/include -I../../../pr/include/private  prnetdb.c
gcc -o praton.o -c -fvisibility=hidden    -O2 -m64 -march=x86-64 -mtune=generic -flto=auto -ffat-lto-objects -Wall -pthread -O2 -m64 -march=x86-64 -mtune=generic -flto=auto -ffat-lto-objects -fPIC  -UDEBUG -DPACKAGE_NAME=\"\" -DPACKAGE_TARNAME=\"\" -DPACKAGE_VERSION=\"\" -DPACKAGE_STRING=\"\" -DPACKAGE_BUGREPORT=\"\" -DPACKAGE_URL=\"\" -DNDEBUG=1 -DHAVE_VISIBILITY_HIDDEN_ATTRIBUTE=1 -DHAVE_VISIBILITY_PRAGMA=1 -DXP_UNIX=1 -D_GNU_SOURCE=1 -DHAVE_FCNTL_FILE_LOCKING=1 -DHAVE_POINTER_LOCALTIME_R=1 -DLINUX=1 -DHAVE_DLADDR=1 -DHAVE_GETTID=1 -DHAVE_LCHOWN=1 -DHAVE_SETPRIORITY=1 -DHAVE_STRERROR=1 -DHAVE_SYSCALL=1 -DHAVE_SECURE_GETENV=1 -D_REENTRANT=1 -DFORCE_PR_LOG -D_PR_PTHREADS -UHAVE_CVAR_BUILT_ON_SEM -D_NSPR_BUILD_ -I../../../dist/include/nspr -I../../../pr/include -I../../../pr/include/private  praton.c
gcc -o prolock.o -c -fvisibility=hidden    -O2 -m64 -march=x86-64 -mtune=generic -flto=auto -ffat-lto-objects -Wall -pthread -O2 -m64 -march=x86-64 -mtune=generic -flto=auto -ffat-lto-objects -fPIC  -UDEBUG -DPACKAGE_NAME=\"\" -DPACKAGE_TARNAME=\"\" -DPACKAGE_VERSION=\"\" -DPACKAGE_STRING=\"\" -DPACKAGE_BUGREPORT=\"\" -DPACKAGE_URL=\"\" -DNDEBUG=1 -DHAVE_VISIBILITY_HIDDEN_ATTRIBUTE=1 -DHAVE_VISIBILITY_PRAGMA=1 -DXP_UNIX=1 -D_GNU_SOURCE=1 -DHAVE_FCNTL_FILE_LOCKING=1 -DHAVE_POINTER_LOCALTIME_R=1 -DLINUX=1 -DHAVE_DLADDR=1 -DHAVE_GETTID=1 -DHAVE_LCHOWN=1 -DHAVE_SETPRIORITY=1 -DHAVE_STRERROR=1 -DHAVE_SYSCALL=1 -DHAVE_SECURE_GETENV=1 -D_REENTRANT=1 -DFORCE_PR_LOG -D_PR_PTHREADS -UHAVE_CVAR_BUILT_ON_SEM -D_NSPR_BUILD_ -I../../../dist/include/nspr -I../../../pr/include -I../../../pr/include/private  prolock.c
gcc -o prrng.o -c -fvisibility=hidden    -O2 -m64 -march=x86-64 -mtune=generic -flto=auto -ffat-lto-objects -Wall -pthread -O2 -m64 -march=x86-64 -mtune=generic -flto=auto -ffat-lto-objects -fPIC  -UDEBUG -DPACKAGE_NAME=\"\" -DPACKAGE_TARNAME=\"\" -DPACKAGE_VERSION=\"\" -DPACKAGE_STRING=\"\" -DPACKAGE_BUGREPORT=\"\" -DPACKAGE_URL=\"\" -DNDEBUG=1 -DHAVE_VISIBILITY_HIDDEN_ATTRIBUTE=1 -DHAVE_VISIBILITY_PRAGMA=1 -DXP_UNIX=1 -D_GNU_SOURCE=1 -DHAVE_FCNTL_FILE_LOCKING=1 -DHAVE_POINTER_LOCALTIME_R=1 -DLINUX=1 -DHAVE_DLADDR=1 -DHAVE_GETTID=1 -DHAVE_LCHOWN=1 -DHAVE_SETPRIORITY=1 -DHAVE_STRERROR=1 -DHAVE_SYSCALL=1 -DHAVE_SECURE_GETENV=1 -D_REENTRANT=1 -DFORCE_PR_LOG -D_PR_PTHREADS -UHAVE_CVAR_BUILT_ON_SEM -D_NSPR_BUILD_ -I../../../dist/include/nspr -I../../../pr/include -I../../../pr/include/private  prrng.c
gcc -o prsystem.o -c -fvisibility=hidden    -O2 -m64 -march=x86-64 -mtune=generic -flto=auto -ffat-lto-objects -Wall -pthread -O2 -m64 -march=x86-64 -mtune=generic -flto=auto -ffat-lto-objects -fPIC  -UDEBUG -DPACKAGE_NAME=\"\" -DPACKAGE_TARNAME=\"\" -DPACKAGE_VERSION=\"\" -DPACKAGE_STRING=\"\" -DPACKAGE_BUGREPORT=\"\" -DPACKAGE_URL=\"\" -DNDEBUG=1 -DHAVE_VISIBILITY_HIDDEN_ATTRIBUTE=1 -DHAVE_VISIBILITY_PRAGMA=1 -DXP_UNIX=1 -D_GNU_SOURCE=1 -DHAVE_FCNTL_FILE_LOCKING=1 -DHAVE_POINTER_LOCALTIME_R=1 -DLINUX=1 -DHAVE_DLADDR=1 -DHAVE_GETTID=1 -DHAVE_LCHOWN=1 -DHAVE_SETPRIORITY=1 -DHAVE_STRERROR=1 -DHAVE_SYSCALL=1 -DHAVE_SECURE_GETENV=1 -D_REENTRANT=1 -DFORCE_PR_LOG -D_PR_PTHREADS -UHAVE_CVAR_BUILT_ON_SEM -D_NSPR_BUILD_ -I../../../dist/include/nspr -I../../../pr/include -I../../../pr/include/private  prsystem.c
gcc -o prtime.o -c -fvisibility=hidden    -O2 -m64 -march=x86-64 -mtune=generic -flto=auto -ffat-lto-objects -Wall -pthread -O2 -m64 -march=x86-64 -mtune=generic -flto=auto -ffat-lto-objects -fPIC  -UDEBUG -DPACKAGE_NAME=\"\" -DPACKAGE_TARNAME=\"\" -DPACKAGE_VERSION=\"\" -DPACKAGE_STRING=\"\" -DPACKAGE_BUGREPORT=\"\" -DPACKAGE_URL=\"\" -DNDEBUG=1 -DHAVE_VISIBILITY_HIDDEN_ATTRIBUTE=1 -DHAVE_VISIBILITY_PRAGMA=1 -DXP_UNIX=1 -D_GNU_SOURCE=1 -DHAVE_FCNTL_FILE_LOCKING=1 -DHAVE_POINTER_LOCALTIME_R=1 -DLINUX=1 -DHAVE_DLADDR=1 -DHAVE_GETTID=1 -DHAVE_LCHOWN=1 -DHAVE_SETPRIORITY=1 -DHAVE_STRERROR=1 -DHAVE_SYSCALL=1 -DHAVE_SECURE_GETENV=1 -D_REENTRANT=1 -DFORCE_PR_LOG -D_PR_PTHREADS -UHAVE_CVAR_BUILT_ON_SEM -D_NSPR_BUILD_ -I../../../dist/include/nspr -I../../../pr/include -I../../../pr/include/private  prtime.c
gcc -o prthinfo.o -c -fvisibility=hidden    -O2 -m64 -march=x86-64 -mtune=generic -flto=auto -ffat-lto-objects -Wall -pthread -O2 -m64 -march=x86-64 -mtune=generic -flto=auto -ffat-lto-objects -fPIC  -UDEBUG -DPACKAGE_NAME=\"\" -DPACKAGE_TARNAME=\"\" -DPACKAGE_VERSION=\"\" -DPACKAGE_STRING=\"\" -DPACKAGE_BUGREPORT=\"\" -DPACKAGE_URL=\"\" -DNDEBUG=1 -DHAVE_VISIBILITY_HIDDEN_ATTRIBUTE=1 -DHAVE_VISIBILITY_PRAGMA=1 -DXP_UNIX=1 -D_GNU_SOURCE=1 -DHAVE_FCNTL_FILE_LOCKING=1 -DHAVE_POINTER_LOCALTIME_R=1 -DLINUX=1 -DHAVE_DLADDR=1 -DHAVE_GETTID=1 -DHAVE_LCHOWN=1 -DHAVE_SETPRIORITY=1 -DHAVE_STRERROR=1 -DHAVE_SYSCALL=1 -DHAVE_SECURE_GETENV=1 -D_REENTRANT=1 -DFORCE_PR_LOG -D_PR_PTHREADS -UHAVE_CVAR_BUILT_ON_SEM -D_NSPR_BUILD_ -I../../../dist/include/nspr -I../../../pr/include -I../../../pr/include/private  prthinfo.c
gcc -o prtpool.o -c -fvisibility=hidden    -O2 -m64 -march=x86-64 -mtune=generic -flto=auto -ffat-lto-objects -Wall -pthread -O2 -m64 -march=x86-64 -mtune=generic -flto=auto -ffat-lto-objects -fPIC  -UDEBUG -DPACKAGE_NAME=\"\" -DPACKAGE_TARNAME=\"\" -DPACKAGE_VERSION=\"\" -DPACKAGE_STRING=\"\" -DPACKAGE_BUGREPORT=\"\" -DPACKAGE_URL=\"\" -DNDEBUG=1 -DHAVE_VISIBILITY_HIDDEN_ATTRIBUTE=1 -DHAVE_VISIBILITY_PRAGMA=1 -DXP_UNIX=1 -D_GNU_SOURCE=1 -DHAVE_FCNTL_FILE_LOCKING=1 -DHAVE_POINTER_LOCALTIME_R=1 -DLINUX=1 -DHAVE_DLADDR=1 -DHAVE_GETTID=1 -DHAVE_LCHOWN=1 -DHAVE_SETPRIORITY=1 -DHAVE_STRERROR=1 -DHAVE_SYSCALL=1 -DHAVE_SECURE_GETENV=1 -D_REENTRANT=1 -DFORCE_PR_LOG -D_PR_PTHREADS -UHAVE_CVAR_BUILT_ON_SEM -D_NSPR_BUILD_ -I../../../dist/include/nspr -I../../../pr/include -I../../../pr/include/private  prtpool.c
prtpool.c: In function 'io_wstart':
prtpool.c:391:22: warning: variable 'rval_status' set but not used [-Wunused-but-set-variable]
  391 |             PRStatus rval_status;
      |                      ^~~~~~~~~~~
prtpool.c: In function 'notify_ioq':
prtpool.c:997:14: warning: variable 'rval_status' set but not used [-Wunused-but-set-variable]
  997 |     PRStatus rval_status;
      |              ^~~~~~~~~~~
prtpool.c: In function 'PR_JoinThreadPool':
prtpool.c:1123:14: warning: variable 'rval_status' set but not used [-Wunused-but-set-variable]
 1123 |     PRStatus rval_status;
      |              ^~~~~~~~~~~
gcc -o prtrace.o -c -fvisibility=hidden    -O2 -m64 -march=x86-64 -mtune=generic -flto=auto -ffat-lto-objects -Wall -pthread -O2 -m64 -march=x86-64 -mtune=generic -flto=auto -ffat-lto-objects -fPIC  -UDEBUG -DPACKAGE_NAME=\"\" -DPACKAGE_TARNAME=\"\" -DPACKAGE_VERSION=\"\" -DPACKAGE_STRING=\"\" -DPACKAGE_BUGREPORT=\"\" -DPACKAGE_URL=\"\" -DNDEBUG=1 -DHAVE_VISIBILITY_HIDDEN_ATTRIBUTE=1 -DHAVE_VISIBILITY_PRAGMA=1 -DXP_UNIX=1 -D_GNU_SOURCE=1 -DHAVE_FCNTL_FILE_LOCKING=1 -DHAVE_POINTER_LOCALTIME_R=1 -DLINUX=1 -DHAVE_DLADDR=1 -DHAVE_GETTID=1 -DHAVE_LCHOWN=1 -DHAVE_SETPRIORITY=1 -DHAVE_STRERROR=1 -DHAVE_SYSCALL=1 -DHAVE_SECURE_GETENV=1 -D_REENTRANT=1 -DFORCE_PR_LOG -D_PR_PTHREADS -UHAVE_CVAR_BUILT_ON_SEM -D_NSPR_BUILD_ -I../../../dist/include/nspr -I../../../pr/include -I../../../pr/include/private  prtrace.c
make[3]: Leaving directory '/home/devel/building/work/src/nspr-4.35/nspr/pr/src/misc'
make -C threads export
make[3]: Entering directory '/home/devel/building/work/src/nspr-4.35/nspr/pr/src/threads'
gcc -o prcmon.o -c -fvisibility=hidden    -O2 -m64 -march=x86-64 -mtune=generic -flto=auto -ffat-lto-objects -Wall -pthread -O2 -m64 -march=x86-64 -mtune=generic -flto=auto -ffat-lto-objects -fPIC  -UDEBUG -DPACKAGE_NAME=\"\" -DPACKAGE_TARNAME=\"\" -DPACKAGE_VERSION=\"\" -DPACKAGE_STRING=\"\" -DPACKAGE_BUGREPORT=\"\" -DPACKAGE_URL=\"\" -DNDEBUG=1 -DHAVE_VISIBILITY_HIDDEN_ATTRIBUTE=1 -DHAVE_VISIBILITY_PRAGMA=1 -DXP_UNIX=1 -D_GNU_SOURCE=1 -DHAVE_FCNTL_FILE_LOCKING=1 -DHAVE_POINTER_LOCALTIME_R=1 -DLINUX=1 -DHAVE_DLADDR=1 -DHAVE_GETTID=1 -DHAVE_LCHOWN=1 -DHAVE_SETPRIORITY=1 -DHAVE_STRERROR=1 -DHAVE_SYSCALL=1 -DHAVE_SECURE_GETENV=1 -D_REENTRANT=1 -DFORCE_PR_LOG -D_PR_PTHREADS -UHAVE_CVAR_BUILT_ON_SEM -D_NSPR_BUILD_ -I../../../dist/include/nspr -I../../../pr/include -I../../../pr/include/private  prcmon.c
gcc -o prrwlock.o -c -fvisibility=hidden    -O2 -m64 -march=x86-64 -mtune=generic -flto=auto -ffat-lto-objects -Wall -pthread -O2 -m64 -march=x86-64 -mtune=generic -flto=auto -ffat-lto-objects -fPIC  -UDEBUG -DPACKAGE_NAME=\"\" -DPACKAGE_TARNAME=\"\" -DPACKAGE_VERSION=\"\" -DPACKAGE_STRING=\"\" -DPACKAGE_BUGREPORT=\"\" -DPACKAGE_URL=\"\" -DNDEBUG=1 -DHAVE_VISIBILITY_HIDDEN_ATTRIBUTE=1 -DHAVE_VISIBILITY_PRAGMA=1 -DXP_UNIX=1 -D_GNU_SOURCE=1 -DHAVE_FCNTL_FILE_LOCKING=1 -DHAVE_POINTER_LOCALTIME_R=1 -DLINUX=1 -DHAVE_DLADDR=1 -DHAVE_GETTID=1 -DHAVE_LCHOWN=1 -DHAVE_SETPRIORITY=1 -DHAVE_STRERROR=1 -DHAVE_SYSCALL=1 -DHAVE_SECURE_GETENV=1 -D_REENTRANT=1 -DFORCE_PR_LOG -D_PR_PTHREADS -UHAVE_CVAR_BUILT_ON_SEM -D_NSPR_BUILD_ -I../../../dist/include/nspr -I../../../pr/include -I../../../pr/include/private  prrwlock.c
gcc -o prtpd.o -c -fvisibility=hidden    -O2 -m64 -march=x86-64 -mtune=generic -flto=auto -ffat-lto-objects -Wall -pthread -O2 -m64 -march=x86-64 -mtune=generic -flto=auto -ffat-lto-objects -fPIC  -UDEBUG -DPACKAGE_NAME=\"\" -DPACKAGE_TARNAME=\"\" -DPACKAGE_VERSION=\"\" -DPACKAGE_STRING=\"\" -DPACKAGE_BUGREPORT=\"\" -DPACKAGE_URL=\"\" -DNDEBUG=1 -DHAVE_VISIBILITY_HIDDEN_ATTRIBUTE=1 -DHAVE_VISIBILITY_PRAGMA=1 -DXP_UNIX=1 -D_GNU_SOURCE=1 -DHAVE_FCNTL_FILE_LOCKING=1 -DHAVE_POINTER_LOCALTIME_R=1 -DLINUX=1 -DHAVE_DLADDR=1 -DHAVE_GETTID=1 -DHAVE_LCHOWN=1 -DHAVE_SETPRIORITY=1 -DHAVE_STRERROR=1 -DHAVE_SYSCALL=1 -DHAVE_SECURE_GETENV=1 -D_REENTRANT=1 -DFORCE_PR_LOG -D_PR_PTHREADS -UHAVE_CVAR_BUILT_ON_SEM -D_NSPR_BUILD_ -I../../../dist/include/nspr -I../../../pr/include -I../../../pr/include/private  prtpd.c
make[3]: Leaving directory '/home/devel/building/work/src/nspr-4.35/nspr/pr/src/threads'
make -C pthreads export
make[3]: Entering directory '/home/devel/building/work/src/nspr-4.35/nspr/pr/src/pthreads'
gcc -o ptio.o -c -fvisibility=hidden    -O2 -m64 -march=x86-64 -mtune=generic -flto=auto -ffat-lto-objects -Wall -pthread -O2 -m64 -march=x86-64 -mtune=generic -flto=auto -ffat-lto-objects -fPIC  -UDEBUG -DPACKAGE_NAME=\"\" -DPACKAGE_TARNAME=\"\" -DPACKAGE_VERSION=\"\" -DPACKAGE_STRING=\"\" -DPACKAGE_BUGREPORT=\"\" -DPACKAGE_URL=\"\" -DNDEBUG=1 -DHAVE_VISIBILITY_HIDDEN_ATTRIBUTE=1 -DHAVE_VISIBILITY_PRAGMA=1 -DXP_UNIX=1 -D_GNU_SOURCE=1 -DHAVE_FCNTL_FILE_LOCKING=1 -DHAVE_POINTER_LOCALTIME_R=1 -DLINUX=1 -DHAVE_DLADDR=1 -DHAVE_GETTID=1 -DHAVE_LCHOWN=1 -DHAVE_SETPRIORITY=1 -DHAVE_STRERROR=1 -DHAVE_SYSCALL=1 -DHAVE_SECURE_GETENV=1 -D_REENTRANT=1 -DFORCE_PR_LOG -D_PR_PTHREADS -UHAVE_CVAR_BUILT_ON_SEM -D_NSPR_BUILD_ -I../../../dist/include/nspr -I../../../pr/include -I../../../pr/include/private  ptio.c
ptio.c: In function 'pt_linux_sendfile_cont':
ptio.c:1162:11: warning: variable 'oldoffset' set but not used [-Wunused-but-set-variable]
 1162 |     off_t oldoffset;
      |           ^~~~~~~~~
gcc -o ptsynch.o -c -fvisibility=hidden    -O2 -m64 -march=x86-64 -mtune=generic -flto=auto -ffat-lto-objects -Wall -pthread -O2 -m64 -march=x86-64 -mtune=generic -flto=auto -ffat-lto-objects -fPIC  -UDEBUG -DPACKAGE_NAME=\"\" -DPACKAGE_TARNAME=\"\" -DPACKAGE_VERSION=\"\" -DPACKAGE_STRING=\"\" -DPACKAGE_BUGREPORT=\"\" -DPACKAGE_URL=\"\" -DNDEBUG=1 -DHAVE_VISIBILITY_HIDDEN_ATTRIBUTE=1 -DHAVE_VISIBILITY_PRAGMA=1 -DXP_UNIX=1 -D_GNU_SOURCE=1 -DHAVE_FCNTL_FILE_LOCKING=1 -DHAVE_POINTER_LOCALTIME_R=1 -DLINUX=1 -DHAVE_DLADDR=1 -DHAVE_GETTID=1 -DHAVE_LCHOWN=1 -DHAVE_SETPRIORITY=1 -DHAVE_STRERROR=1 -DHAVE_SYSCALL=1 -DHAVE_SECURE_GETENV=1 -D_REENTRANT=1 -DFORCE_PR_LOG -D_PR_PTHREADS -UHAVE_CVAR_BUILT_ON_SEM -D_NSPR_BUILD_ -I../../../dist/include/nspr -I../../../pr/include -I../../../pr/include/private  ptsynch.c
ptsynch.c: In function '_PR_InitLocks':
ptsynch.c:49:9: warning: variable 'rv' set but not used [-Wunused-but-set-variable]
   49 |     int rv;
      |         ^~
ptsynch.c: In function 'pt_PostNotifies':
ptsynch.c:65:19: warning: variable 'rv' set but not used [-Wunused-but-set-variable]
   65 |     PRIntn index, rv;
      |                   ^~
ptsynch.c: In function 'PR_NewLock':
ptsynch.c:134:12: warning: variable 'rv' set but not used [-Wunused-but-set-variable]
  134 |     PRIntn rv;
      |            ^~
ptsynch.c: In function 'PR_DestroyLock':
ptsynch.c:155:12: warning: variable 'rv' set but not used [-Wunused-but-set-variable]
  155 |     PRIntn rv;
      |            ^~
ptsynch.c: In function 'PR_Lock':
ptsynch.c:174:12: warning: variable 'rv' set but not used [-Wunused-but-set-variable]
  174 |     PRIntn rv;
      |            ^~
ptsynch.c: In function 'PR_Unlock':
ptsynch.c:195:12: warning: variable 'rv' set but not used [-Wunused-but-set-variable]
  195 |     PRIntn rv;
      |            ^~
ptsynch.c: In function 'pt_PostNotifiesFromMonitor':
ptsynch.c:473:12: warning: variable 'rv' set but not used [-Wunused-but-set-variable]
  473 |     PRIntn rv;
      |            ^~
ptsynch.c: In function 'PR_DestroyMonitor':
ptsynch.c:559:9: warning: variable 'rv' set but not used [-Wunused-but-set-variable]
  559 |     int rv;
      |         ^~
ptsynch.c: In function 'PR_GetMonitorEntryCount':
ptsynch.c:580:12: warning: variable 'rv' set but not used [-Wunused-but-set-variable]
  580 |     PRIntn rv;
      |            ^~
ptsynch.c: In function 'PR_EnterMonitor':
ptsynch.c:610:12: warning: variable 'rv' set but not used [-Wunused-but-set-variable]
  610 |     PRIntn rv;
      |            ^~
ptsynch.c: In function 'PR_ExitMonitor':
ptsynch.c:640:12: warning: variable 'rv' set but not used [-Wunused-but-set-variable]
  640 |     PRIntn rv;
      |            ^~
ptsynch.c: In function 'PRP_DestroyNakedCondVar':
ptsynch.c:1246:9: warning: variable 'rv' set but not used [-Wunused-but-set-variable]
 1246 |     int rv;
      |         ^~
ptsynch.c: In function 'PRP_NakedNotify':
ptsynch.c:1277:9: warning: variable 'rv' set but not used [-Wunused-but-set-variable]
 1277 |     int rv;
      |         ^~
ptsynch.c: In function 'PRP_NakedBroadcast':
ptsynch.c:1286:9: warning: variable 'rv' set but not used [-Wunused-but-set-variable]
 1286 |     int rv;
      |         ^~
gcc -o ptthread.o -c -fvisibility=hidden    -O2 -m64 -march=x86-64 -mtune=generic -flto=auto -ffat-lto-objects -Wall -pthread -O2 -m64 -march=x86-64 -mtune=generic -flto=auto -ffat-lto-objects -fPIC  -UDEBUG -DPACKAGE_NAME=\"\" -DPACKAGE_TARNAME=\"\" -DPACKAGE_VERSION=\"\" -DPACKAGE_STRING=\"\" -DPACKAGE_BUGREPORT=\"\" -DPACKAGE_URL=\"\" -DNDEBUG=1 -DHAVE_VISIBILITY_HIDDEN_ATTRIBUTE=1 -DHAVE_VISIBILITY_PRAGMA=1 -DXP_UNIX=1 -D_GNU_SOURCE=1 -DHAVE_FCNTL_FILE_LOCKING=1 -DHAVE_POINTER_LOCALTIME_R=1 -DLINUX=1 -DHAVE_DLADDR=1 -DHAVE_GETTID=1 -DHAVE_LCHOWN=1 -DHAVE_SETPRIORITY=1 -DHAVE_STRERROR=1 -DHAVE_SYSCALL=1 -DHAVE_SECURE_GETENV=1 -D_REENTRANT=1 -DFORCE_PR_LOG -D_PR_PTHREADS -UHAVE_CVAR_BUILT_ON_SEM -D_NSPR_BUILD_ -I../../../dist/include/nspr -I../../../pr/include -I../../../pr/include/private  ptthread.c
ptthread.c: In function 'pt_AttachThread':
ptthread.c:277:13: warning: variable 'rv' set but not used [-Wunused-but-set-variable]
  277 |         int rv;
      |             ^~
ptthread.c: In function 'PR_DetachThread':
ptthread.c:621:9: warning: variable 'rv' set but not used [-Wunused-but-set-variable]
  621 |     int rv;
      |         ^~
ptthread.c: In function 'PR_Interrupt':
ptthread.c:770:16: warning: variable 'rv' set but not used [-Wunused-but-set-variable]
  770 |         PRIntn rv;
      |                ^~
ptthread.c: In function '_pt_thread_death':
ptthread.c:846:9: warning: variable 'rv' set but not used [-Wunused-but-set-variable]
  846 |     int rv;
      |         ^~
ptthread.c: In function '_PR_Fini':
ptthread.c:1089:9: warning: variable 'rv' set but not used [-Wunused-but-set-variable]
 1089 |     int rv;
      |         ^~
ptthread.c: In function 'PR_Cleanup':
ptthread.c:1124:9: warning: variable 'rv' set but not used [-Wunused-but-set-variable]
 1124 |     int rv;
      |         ^~
ptthread.c: In function 'init_pthread_gc_support':
ptthread.c:1242:12: warning: variable 'rv' set but not used [-Wunused-but-set-variable]
 1242 |     PRIntn rv;
      |            ^~
ptthread.c: In function 'pt_SuspendSet':
ptthread.c:1446:12: warning: variable 'rv' set but not used [-Wunused-but-set-variable]
 1446 |     PRIntn rv;
      |            ^~
ptthread.c: In function 'PR_SuspendAll':
ptthread.c:1557:9: warning: variable 'rv' set but not used [-Wunused-but-set-variable]
 1557 |     int rv;
      |         ^~
gcc -o ptmisc.o -c -fvisibility=hidden    -O2 -m64 -march=x86-64 -mtune=generic -flto=auto -ffat-lto-objects -Wall -pthread -O2 -m64 -march=x86-64 -mtune=generic -flto=auto -ffat-lto-objects -fPIC  -UDEBUG -DPACKAGE_NAME=\"\" -DPACKAGE_TARNAME=\"\" -DPACKAGE_VERSION=\"\" -DPACKAGE_STRING=\"\" -DPACKAGE_BUGREPORT=\"\" -DPACKAGE_URL=\"\" -DNDEBUG=1 -DHAVE_VISIBILITY_HIDDEN_ATTRIBUTE=1 -DHAVE_VISIBILITY_PRAGMA=1 -DXP_UNIX=1 -D_GNU_SOURCE=1 -DHAVE_FCNTL_FILE_LOCKING=1 -DHAVE_POINTER_LOCALTIME_R=1 -DLINUX=1 -DHAVE_DLADDR=1 -DHAVE_GETTID=1 -DHAVE_LCHOWN=1 -DHAVE_SETPRIORITY=1 -DHAVE_STRERROR=1 -DHAVE_SYSCALL=1 -DHAVE_SECURE_GETENV=1 -D_REENTRANT=1 -DFORCE_PR_LOG -D_PR_PTHREADS -UHAVE_CVAR_BUILT_ON_SEM -D_NSPR_BUILD_ -I../../../dist/include/nspr -I../../../pr/include -I../../../pr/include/private  ptmisc.c
make[3]: Leaving directory '/home/devel/building/work/src/nspr-4.35/nspr/pr/src/pthreads'
make build
make[3]: Entering directory '/home/devel/building/work/src/nspr-4.35/nspr/pr/src'
rm -f libnspr4.a
/usr/bin/ar cr libnspr4.a io/./prfdcach.o io/./prmwait.o io/./prmapopt.o io/./priometh.o io/./pripv6.o io/./prlayer.o io/./prlog.o io/./prmmap.o io/./prpolevt.o io/./prprf.o io/./prscanf.o io/./prstdio.o threads/./prcmon.o threads/./prrwlock.o threads/./prtpd.o linking/./prlink.o malloc/./prmalloc.o malloc/./prmem.o md/./prosdep.o memory/./prshm.o memory/./prshma.o memory/./prseg.o misc/./pralarm.o misc/./pratom.o misc/./prcountr.o misc/./prdtoa.o misc/./prenv.o misc/./prerr.o misc/./prerror.o misc/./prerrortable.o misc/./prinit.o misc/./prinrval.o misc/./pripc.o misc/./prlog2.o misc/./prlong.o misc/./prnetdb.o misc/./praton.o misc/./prolock.o misc/./prrng.o misc/./prsystem.o misc/./prthinfo.o misc/./prtpool.o misc/./prtrace.o misc/./prtime.o pthreads/./ptsynch.o pthreads/./ptio.o pthreads/./ptthread.o pthreads/./ptmisc.o md/unix/./unix.o md/unix/./unix_errors.o md/unix/./uxproces.o md/unix/./uxrng.o md/unix/./uxshm.o md/unix/./uxwrap.o md/unix/./linux.o md/unix/./os_Linux_x86_64.o 
ranlib libnspr4.a
gcc -o prvrsion.o -c -fvisibility=hidden    -O2 -m64 -march=x86-64 -mtune=generic -flto=auto -ffat-lto-objects -Wall -pthread -O2 -m64 -march=x86-64 -mtune=generic -flto=auto -ffat-lto-objects -fPIC  -UDEBUG -DPACKAGE_NAME=\"\" -DPACKAGE_TARNAME=\"\" -DPACKAGE_VERSION=\"\" -DPACKAGE_STRING=\"\" -DPACKAGE_BUGREPORT=\"\" -DPACKAGE_URL=\"\" -DNDEBUG=1 -DHAVE_VISIBILITY_HIDDEN_ATTRIBUTE=1 -DHAVE_VISIBILITY_PRAGMA=1 -DXP_UNIX=1 -D_GNU_SOURCE=1 -DHAVE_FCNTL_FILE_LOCKING=1 -DHAVE_POINTER_LOCALTIME_R=1 -DLINUX=1 -DHAVE_DLADDR=1 -DHAVE_GETTID=1 -DHAVE_LCHOWN=1 -DHAVE_SETPRIORITY=1 -DHAVE_STRERROR=1 -DHAVE_SYSCALL=1 -DHAVE_SECURE_GETENV=1 -D_REENTRANT=1 -DFORCE_PR_LOG -D_PR_PTHREADS -UHAVE_CVAR_BUILT_ON_SEM -D_NSPR_BUILD_ -I../../dist/include/nspr -I../../pr/include -I../../pr/include/private  -I. prvrsion.c
prvrsion.c: In function 'libVersionPoint':
prvrsion.c:88:17: warning: variable 'dummy' set but not used [-Wunused-but-set-variable]
   88 |     const char *dummy;
      |                 ^~~~~
rm -f libnspr4.so
gcc -shared -Wl,-soname -Wl,libnspr4.so -o libnspr4.so ./prvrsion.o io/./prfdcach.o io/./prmwait.o io/./prmapopt.o io/./priometh.o io/./pripv6.o io/./prlayer.o io/./prlog.o io/./prmmap.o io/./prpolevt.o io/./prprf.o io/./prscanf.o io/./prstdio.o threads/./prcmon.o threads/./prrwlock.o threads/./prtpd.o linking/./prlink.o malloc/./prmalloc.o malloc/./prmem.o md/./prosdep.o memory/./prshm.o memory/./prshma.o memory/./prseg.o misc/./pralarm.o misc/./pratom.o misc/./prcountr.o misc/./prdtoa.o misc/./prenv.o misc/./prerr.o misc/./prerror.o misc/./prerrortable.o misc/./prinit.o misc/./prinrval.o misc/./pripc.o misc/./prlog2.o misc/./prlong.o misc/./prnetdb.o misc/./praton.o misc/./prolock.o misc/./prrng.o misc/./prsystem.o misc/./prthinfo.o misc/./prtpool.o misc/./prtrace.o misc/./prtime.o pthreads/./ptsynch.o pthreads/./ptio.o pthreads/./ptthread.o pthreads/./ptmisc.o md/unix/./unix.o md/unix/./unix_errors.o md/unix/./uxproces.o md/unix/./uxrng.o md/unix/./uxshm.o md/unix/./uxwrap.o md/unix/./linux.o md/unix/./os_Linux_x86_64.o    -lpthread -ldl -lrt
../../config/./nsinstall -R -m 444 ./libnspr4.a ./libnspr4.so ../../dist/lib
../../config/./nsinstall -R -m 444 ./libnspr4.so ../../dist/bin
make[3]: Leaving directory '/home/devel/building/work/src/nspr-4.35/nspr/pr/src'
make[2]: Leaving directory '/home/devel/building/work/src/nspr-4.35/nspr/pr/src'
make[1]: Leaving directory '/home/devel/building/work/src/nspr-4.35/nspr/pr'
make -C lib export
make[1]: Entering directory '/home/devel/building/work/src/nspr-4.35/nspr/lib'
make -C ds export
make[2]: Entering directory '/home/devel/building/work/src/nspr-4.35/nspr/lib/ds'
gcc -o plarena.o -c -fvisibility=hidden    -O2 -m64 -march=x86-64 -mtune=generic -flto=auto -ffat-lto-objects -Wall -pthread -O2 -m64 -march=x86-64 -mtune=generic -flto=auto -ffat-lto-objects -fPIC  -UDEBUG -DPACKAGE_NAME=\"\" -DPACKAGE_TARNAME=\"\" -DPACKAGE_VERSION=\"\" -DPACKAGE_STRING=\"\" -DPACKAGE_BUGREPORT=\"\" -DPACKAGE_URL=\"\" -DNDEBUG=1 -DHAVE_VISIBILITY_HIDDEN_ATTRIBUTE=1 -DHAVE_VISIBILITY_PRAGMA=1 -DXP_UNIX=1 -D_GNU_SOURCE=1 -DHAVE_FCNTL_FILE_LOCKING=1 -DHAVE_POINTER_LOCALTIME_R=1 -DLINUX=1 -DHAVE_DLADDR=1 -DHAVE_GETTID=1 -DHAVE_LCHOWN=1 -DHAVE_SETPRIORITY=1 -DHAVE_STRERROR=1 -DHAVE_SYSCALL=1 -DHAVE_SECURE_GETENV=1 -D_REENTRANT=1 -DFORCE_PR_LOG -D_PR_PTHREADS -UHAVE_CVAR_BUILT_ON_SEM -I../../dist/include/nspr -I../../pr/include  plarena.c
gcc -o plhash.o -c -fvisibility=hidden    -O2 -m64 -march=x86-64 -mtune=generic -flto=auto -ffat-lto-objects -Wall -pthread -O2 -m64 -march=x86-64 -mtune=generic -flto=auto -ffat-lto-objects -fPIC  -UDEBUG -DPACKAGE_NAME=\"\" -DPACKAGE_TARNAME=\"\" -DPACKAGE_VERSION=\"\" -DPACKAGE_STRING=\"\" -DPACKAGE_BUGREPORT=\"\" -DPACKAGE_URL=\"\" -DNDEBUG=1 -DHAVE_VISIBILITY_HIDDEN_ATTRIBUTE=1 -DHAVE_VISIBILITY_PRAGMA=1 -DXP_UNIX=1 -D_GNU_SOURCE=1 -DHAVE_FCNTL_FILE_LOCKING=1 -DHAVE_POINTER_LOCALTIME_R=1 -DLINUX=1 -DHAVE_DLADDR=1 -DHAVE_GETTID=1 -DHAVE_LCHOWN=1 -DHAVE_SETPRIORITY=1 -DHAVE_STRERROR=1 -DHAVE_SYSCALL=1 -DHAVE_SECURE_GETENV=1 -D_REENTRANT=1 -DFORCE_PR_LOG -D_PR_PTHREADS -UHAVE_CVAR_BUILT_ON_SEM -I../../dist/include/nspr -I../../pr/include  plhash.c
rm -f libplds4.a
/usr/bin/ar cr libplds4.a ./plarena.o ./plhash.o 
ranlib libplds4.a
gcc -o plvrsion.o -c -fvisibility=hidden    -O2 -m64 -march=x86-64 -mtune=generic -flto=auto -ffat-lto-objects -Wall -pthread -O2 -m64 -march=x86-64 -mtune=generic -flto=auto -ffat-lto-objects -fPIC  -UDEBUG -DPACKAGE_NAME=\"\" -DPACKAGE_TARNAME=\"\" -DPACKAGE_VERSION=\"\" -DPACKAGE_STRING=\"\" -DPACKAGE_BUGREPORT=\"\" -DPACKAGE_URL=\"\" -DNDEBUG=1 -DHAVE_VISIBILITY_HIDDEN_ATTRIBUTE=1 -DHAVE_VISIBILITY_PRAGMA=1 -DXP_UNIX=1 -D_GNU_SOURCE=1 -DHAVE_FCNTL_FILE_LOCKING=1 -DHAVE_POINTER_LOCALTIME_R=1 -DLINUX=1 -DHAVE_DLADDR=1 -DHAVE_GETTID=1 -DHAVE_LCHOWN=1 -DHAVE_SETPRIORITY=1 -DHAVE_STRERROR=1 -DHAVE_SYSCALL=1 -DHAVE_SECURE_GETENV=1 -D_REENTRANT=1 -DFORCE_PR_LOG -D_PR_PTHREADS -UHAVE_CVAR_BUILT_ON_SEM -I../../dist/include/nspr -I../../pr/include  -I. plvrsion.c
plvrsion.c: In function 'libVersionPoint':
plvrsion.c:88:17: warning: variable 'dummy' set but not used [-Wunused-but-set-variable]
   88 |     const char *dummy;
      |                 ^~~~~
rm -f libplds4.so
gcc -shared -Wl,-soname -Wl,libplds4.so -o libplds4.so ./plarena.o ./plhash.o ./plvrsion.o     -L../../dist/lib -lnspr4
../../config/./nsinstall -R -m 444 ./plarenas.h ./plarena.h ./plhash.h ../../dist/include/nspr
../../config/./nsinstall -R -m 444 ./libplds4.a ./libplds4.so ../../dist/lib
../../config/./nsinstall -R -m 444 ./libplds4.so ../../dist/bin
make[2]: Leaving directory '/home/devel/building/work/src/nspr-4.35/nspr/lib/ds'
make -C libc export
make[2]: Entering directory '/home/devel/building/work/src/nspr-4.35/nspr/lib/libc'
make -C include export
make[3]: Entering directory '/home/devel/building/work/src/nspr-4.35/nspr/lib/libc/include'
../../../config/./nsinstall -R -m 444 ./plbase64.h ./plerror.h ./plgetopt.h ./plstr.h ../../../dist/include/nspr
make[3]: Leaving directory '/home/devel/building/work/src/nspr-4.35/nspr/lib/libc/include'
make -C src export
make[3]: Entering directory '/home/devel/building/work/src/nspr-4.35/nspr/lib/libc/src'
gcc -o strlen.o -c -fvisibility=hidden    -O2 -m64 -march=x86-64 -mtune=generic -flto=auto -ffat-lto-objects -Wall -pthread -O2 -m64 -march=x86-64 -mtune=generic -flto=auto -ffat-lto-objects -fPIC  -UDEBUG -DPACKAGE_NAME=\"\" -DPACKAGE_TARNAME=\"\" -DPACKAGE_VERSION=\"\" -DPACKAGE_STRING=\"\" -DPACKAGE_BUGREPORT=\"\" -DPACKAGE_URL=\"\" -DNDEBUG=1 -DHAVE_VISIBILITY_HIDDEN_ATTRIBUTE=1 -DHAVE_VISIBILITY_PRAGMA=1 -DXP_UNIX=1 -D_GNU_SOURCE=1 -DHAVE_FCNTL_FILE_LOCKING=1 -DHAVE_POINTER_LOCALTIME_R=1 -DLINUX=1 -DHAVE_DLADDR=1 -DHAVE_GETTID=1 -DHAVE_LCHOWN=1 -DHAVE_SETPRIORITY=1 -DHAVE_STRERROR=1 -DHAVE_SYSCALL=1 -DHAVE_SECURE_GETENV=1 -D_REENTRANT=1 -DFORCE_PR_LOG -D_PR_PTHREADS -UHAVE_CVAR_BUILT_ON_SEM -I../../../dist/include/nspr  strlen.c
gcc -o strcpy.o -c -fvisibility=hidden    -O2 -m64 -march=x86-64 -mtune=generic -flto=auto -ffat-lto-objects -Wall -pthread -O2 -m64 -march=x86-64 -mtune=generic -flto=auto -ffat-lto-objects -fPIC  -UDEBUG -DPACKAGE_NAME=\"\" -DPACKAGE_TARNAME=\"\" -DPACKAGE_VERSION=\"\" -DPACKAGE_STRING=\"\" -DPACKAGE_BUGREPORT=\"\" -DPACKAGE_URL=\"\" -DNDEBUG=1 -DHAVE_VISIBILITY_HIDDEN_ATTRIBUTE=1 -DHAVE_VISIBILITY_PRAGMA=1 -DXP_UNIX=1 -D_GNU_SOURCE=1 -DHAVE_FCNTL_FILE_LOCKING=1 -DHAVE_POINTER_LOCALTIME_R=1 -DLINUX=1 -DHAVE_DLADDR=1 -DHAVE_GETTID=1 -DHAVE_LCHOWN=1 -DHAVE_SETPRIORITY=1 -DHAVE_STRERROR=1 -DHAVE_SYSCALL=1 -DHAVE_SECURE_GETENV=1 -D_REENTRANT=1 -DFORCE_PR_LOG -D_PR_PTHREADS -UHAVE_CVAR_BUILT_ON_SEM -I../../../dist/include/nspr  strcpy.c
gcc -o strdup.o -c -fvisibility=hidden    -O2 -m64 -march=x86-64 -mtune=generic -flto=auto -ffat-lto-objects -Wall -pthread -O2 -m64 -march=x86-64 -mtune=generic -flto=auto -ffat-lto-objects -fPIC  -UDEBUG -DPACKAGE_NAME=\"\" -DPACKAGE_TARNAME=\"\" -DPACKAGE_VERSION=\"\" -DPACKAGE_STRING=\"\" -DPACKAGE_BUGREPORT=\"\" -DPACKAGE_URL=\"\" -DNDEBUG=1 -DHAVE_VISIBILITY_HIDDEN_ATTRIBUTE=1 -DHAVE_VISIBILITY_PRAGMA=1 -DXP_UNIX=1 -D_GNU_SOURCE=1 -DHAVE_FCNTL_FILE_LOCKING=1 -DHAVE_POINTER_LOCALTIME_R=1 -DLINUX=1 -DHAVE_DLADDR=1 -DHAVE_GETTID=1 -DHAVE_LCHOWN=1 -DHAVE_SETPRIORITY=1 -DHAVE_STRERROR=1 -DHAVE_SYSCALL=1 -DHAVE_SECURE_GETENV=1 -D_REENTRANT=1 -DFORCE_PR_LOG -D_PR_PTHREADS -UHAVE_CVAR_BUILT_ON_SEM -I../../../dist/include/nspr  strdup.c
gcc -o strcase.o -c -fvisibility=hidden    -O2 -m64 -march=x86-64 -mtune=generic -flto=auto -ffat-lto-objects -Wall -pthread -O2 -m64 -march=x86-64 -mtune=generic -flto=auto -ffat-lto-objects -fPIC  -UDEBUG -DPACKAGE_NAME=\"\" -DPACKAGE_TARNAME=\"\" -DPACKAGE_VERSION=\"\" -DPACKAGE_STRING=\"\" -DPACKAGE_BUGREPORT=\"\" -DPACKAGE_URL=\"\" -DNDEBUG=1 -DHAVE_VISIBILITY_HIDDEN_ATTRIBUTE=1 -DHAVE_VISIBILITY_PRAGMA=1 -DXP_UNIX=1 -D_GNU_SOURCE=1 -DHAVE_FCNTL_FILE_LOCKING=1 -DHAVE_POINTER_LOCALTIME_R=1 -DLINUX=1 -DHAVE_DLADDR=1 -DHAVE_GETTID=1 -DHAVE_LCHOWN=1 -DHAVE_SETPRIORITY=1 -DHAVE_STRERROR=1 -DHAVE_SYSCALL=1 -DHAVE_SECURE_GETENV=1 -D_REENTRANT=1 -DFORCE_PR_LOG -D_PR_PTHREADS -UHAVE_CVAR_BUILT_ON_SEM -I../../../dist/include/nspr  strcase.c
gcc -o strcat.o -c -fvisibility=hidden    -O2 -m64 -march=x86-64 -mtune=generic -flto=auto -ffat-lto-objects -Wall -pthread -O2 -m64 -march=x86-64 -mtune=generic -flto=auto -ffat-lto-objects -fPIC  -UDEBUG -DPACKAGE_NAME=\"\" -DPACKAGE_TARNAME=\"\" -DPACKAGE_VERSION=\"\" -DPACKAGE_STRING=\"\" -DPACKAGE_BUGREPORT=\"\" -DPACKAGE_URL=\"\" -DNDEBUG=1 -DHAVE_VISIBILITY_HIDDEN_ATTRIBUTE=1 -DHAVE_VISIBILITY_PRAGMA=1 -DXP_UNIX=1 -D_GNU_SOURCE=1 -DHAVE_FCNTL_FILE_LOCKING=1 -DHAVE_POINTER_LOCALTIME_R=1 -DLINUX=1 -DHAVE_DLADDR=1 -DHAVE_GETTID=1 -DHAVE_LCHOWN=1 -DHAVE_SETPRIORITY=1 -DHAVE_STRERROR=1 -DHAVE_SYSCALL=1 -DHAVE_SECURE_GETENV=1 -D_REENTRANT=1 -DFORCE_PR_LOG -D_PR_PTHREADS -UHAVE_CVAR_BUILT_ON_SEM -I../../../dist/include/nspr  strcat.c
gcc -o strcmp.o -c -fvisibility=hidden    -O2 -m64 -march=x86-64 -mtune=generic -flto=auto -ffat-lto-objects -Wall -pthread -O2 -m64 -march=x86-64 -mtune=generic -flto=auto -ffat-lto-objects -fPIC  -UDEBUG -DPACKAGE_NAME=\"\" -DPACKAGE_TARNAME=\"\" -DPACKAGE_VERSION=\"\" -DPACKAGE_STRING=\"\" -DPACKAGE_BUGREPORT=\"\" -DPACKAGE_URL=\"\" -DNDEBUG=1 -DHAVE_VISIBILITY_HIDDEN_ATTRIBUTE=1 -DHAVE_VISIBILITY_PRAGMA=1 -DXP_UNIX=1 -D_GNU_SOURCE=1 -DHAVE_FCNTL_FILE_LOCKING=1 -DHAVE_POINTER_LOCALTIME_R=1 -DLINUX=1 -DHAVE_DLADDR=1 -DHAVE_GETTID=1 -DHAVE_LCHOWN=1 -DHAVE_SETPRIORITY=1 -DHAVE_STRERROR=1 -DHAVE_SYSCALL=1 -DHAVE_SECURE_GETENV=1 -D_REENTRANT=1 -DFORCE_PR_LOG -D_PR_PTHREADS -UHAVE_CVAR_BUILT_ON_SEM -I../../../dist/include/nspr  strcmp.c
gcc -o strchr.o -c -fvisibility=hidden    -O2 -m64 -march=x86-64 -mtune=generic -flto=auto -ffat-lto-objects -Wall -pthread -O2 -m64 -march=x86-64 -mtune=generic -flto=auto -ffat-lto-objects -fPIC  -UDEBUG -DPACKAGE_NAME=\"\" -DPACKAGE_TARNAME=\"\" -DPACKAGE_VERSION=\"\" -DPACKAGE_STRING=\"\" -DPACKAGE_BUGREPORT=\"\" -DPACKAGE_URL=\"\" -DNDEBUG=1 -DHAVE_VISIBILITY_HIDDEN_ATTRIBUTE=1 -DHAVE_VISIBILITY_PRAGMA=1 -DXP_UNIX=1 -D_GNU_SOURCE=1 -DHAVE_FCNTL_FILE_LOCKING=1 -DHAVE_POINTER_LOCALTIME_R=1 -DLINUX=1 -DHAVE_DLADDR=1 -DHAVE_GETTID=1 -DHAVE_LCHOWN=1 -DHAVE_SETPRIORITY=1 -DHAVE_STRERROR=1 -DHAVE_SYSCALL=1 -DHAVE_SECURE_GETENV=1 -D_REENTRANT=1 -DFORCE_PR_LOG -D_PR_PTHREADS -UHAVE_CVAR_BUILT_ON_SEM -I../../../dist/include/nspr  strchr.c
gcc -o strpbrk.o -c -fvisibility=hidden    -O2 -m64 -march=x86-64 -mtune=generic -flto=auto -ffat-lto-objects -Wall -pthread -O2 -m64 -march=x86-64 -mtune=generic -flto=auto -ffat-lto-objects -fPIC  -UDEBUG -DPACKAGE_NAME=\"\" -DPACKAGE_TARNAME=\"\" -DPACKAGE_VERSION=\"\" -DPACKAGE_STRING=\"\" -DPACKAGE_BUGREPORT=\"\" -DPACKAGE_URL=\"\" -DNDEBUG=1 -DHAVE_VISIBILITY_HIDDEN_ATTRIBUTE=1 -DHAVE_VISIBILITY_PRAGMA=1 -DXP_UNIX=1 -D_GNU_SOURCE=1 -DHAVE_FCNTL_FILE_LOCKING=1 -DHAVE_POINTER_LOCALTIME_R=1 -DLINUX=1 -DHAVE_DLADDR=1 -DHAVE_GETTID=1 -DHAVE_LCHOWN=1 -DHAVE_SETPRIORITY=1 -DHAVE_STRERROR=1 -DHAVE_SYSCALL=1 -DHAVE_SECURE_GETENV=1 -D_REENTRANT=1 -DFORCE_PR_LOG -D_PR_PTHREADS -UHAVE_CVAR_BUILT_ON_SEM -I../../../dist/include/nspr  strpbrk.c
gcc -o strstr.o -c -fvisibility=hidden    -O2 -m64 -march=x86-64 -mtune=generic -flto=auto -ffat-lto-objects -Wall -pthread -O2 -m64 -march=x86-64 -mtune=generic -flto=auto -ffat-lto-objects -fPIC  -UDEBUG -DPACKAGE_NAME=\"\" -DPACKAGE_TARNAME=\"\" -DPACKAGE_VERSION=\"\" -DPACKAGE_STRING=\"\" -DPACKAGE_BUGREPORT=\"\" -DPACKAGE_URL=\"\" -DNDEBUG=1 -DHAVE_VISIBILITY_HIDDEN_ATTRIBUTE=1 -DHAVE_VISIBILITY_PRAGMA=1 -DXP_UNIX=1 -D_GNU_SOURCE=1 -DHAVE_FCNTL_FILE_LOCKING=1 -DHAVE_POINTER_LOCALTIME_R=1 -DLINUX=1 -DHAVE_DLADDR=1 -DHAVE_GETTID=1 -DHAVE_LCHOWN=1 -DHAVE_SETPRIORITY=1 -DHAVE_STRERROR=1 -DHAVE_SYSCALL=1 -DHAVE_SECURE_GETENV=1 -D_REENTRANT=1 -DFORCE_PR_LOG -D_PR_PTHREADS -UHAVE_CVAR_BUILT_ON_SEM -I../../../dist/include/nspr  strstr.c
gcc -o strtok.o -c -fvisibility=hidden    -O2 -m64 -march=x86-64 -mtune=generic -flto=auto -ffat-lto-objects -Wall -pthread -O2 -m64 -march=x86-64 -mtune=generic -flto=auto -ffat-lto-objects -fPIC  -UDEBUG -DPACKAGE_NAME=\"\" -DPACKAGE_TARNAME=\"\" -DPACKAGE_VERSION=\"\" -DPACKAGE_STRING=\"\" -DPACKAGE_BUGREPORT=\"\" -DPACKAGE_URL=\"\" -DNDEBUG=1 -DHAVE_VISIBILITY_HIDDEN_ATTRIBUTE=1 -DHAVE_VISIBILITY_PRAGMA=1 -DXP_UNIX=1 -D_GNU_SOURCE=1 -DHAVE_FCNTL_FILE_LOCKING=1 -DHAVE_POINTER_LOCALTIME_R=1 -DLINUX=1 -DHAVE_DLADDR=1 -DHAVE_GETTID=1 -DHAVE_LCHOWN=1 -DHAVE_SETPRIORITY=1 -DHAVE_STRERROR=1 -DHAVE_SYSCALL=1 -DHAVE_SECURE_GETENV=1 -D_REENTRANT=1 -DFORCE_PR_LOG -D_PR_PTHREADS -UHAVE_CVAR_BUILT_ON_SEM -I../../../dist/include/nspr  strtok.c
gcc -o base64.o -c -fvisibility=hidden    -O2 -m64 -march=x86-64 -mtune=generic -flto=auto -ffat-lto-objects -Wall -pthread -O2 -m64 -march=x86-64 -mtune=generic -flto=auto -ffat-lto-objects -fPIC  -UDEBUG -DPACKAGE_NAME=\"\" -DPACKAGE_TARNAME=\"\" -DPACKAGE_VERSION=\"\" -DPACKAGE_STRING=\"\" -DPACKAGE_BUGREPORT=\"\" -DPACKAGE_URL=\"\" -DNDEBUG=1 -DHAVE_VISIBILITY_HIDDEN_ATTRIBUTE=1 -DHAVE_VISIBILITY_PRAGMA=1 -DXP_UNIX=1 -D_GNU_SOURCE=1 -DHAVE_FCNTL_FILE_LOCKING=1 -DHAVE_POINTER_LOCALTIME_R=1 -DLINUX=1 -DHAVE_DLADDR=1 -DHAVE_GETTID=1 -DHAVE_LCHOWN=1 -DHAVE_SETPRIORITY=1 -DHAVE_STRERROR=1 -DHAVE_SYSCALL=1 -DHAVE_SECURE_GETENV=1 -D_REENTRANT=1 -DFORCE_PR_LOG -D_PR_PTHREADS -UHAVE_CVAR_BUILT_ON_SEM -I../../../dist/include/nspr  base64.c
gcc -o plerror.o -c -fvisibility=hidden    -O2 -m64 -march=x86-64 -mtune=generic -flto=auto -ffat-lto-objects -Wall -pthread -O2 -m64 -march=x86-64 -mtune=generic -flto=auto -ffat-lto-objects -fPIC  -UDEBUG -DPACKAGE_NAME=\"\" -DPACKAGE_TARNAME=\"\" -DPACKAGE_VERSION=\"\" -DPACKAGE_STRING=\"\" -DPACKAGE_BUGREPORT=\"\" -DPACKAGE_URL=\"\" -DNDEBUG=1 -DHAVE_VISIBILITY_HIDDEN_ATTRIBUTE=1 -DHAVE_VISIBILITY_PRAGMA=1 -DXP_UNIX=1 -D_GNU_SOURCE=1 -DHAVE_FCNTL_FILE_LOCKING=1 -DHAVE_POINTER_LOCALTIME_R=1 -DLINUX=1 -DHAVE_DLADDR=1 -DHAVE_GETTID=1 -DHAVE_LCHOWN=1 -DHAVE_SETPRIORITY=1 -DHAVE_STRERROR=1 -DHAVE_SYSCALL=1 -DHAVE_SECURE_GETENV=1 -D_REENTRANT=1 -DFORCE_PR_LOG -D_PR_PTHREADS -UHAVE_CVAR_BUILT_ON_SEM -I../../../dist/include/nspr  plerror.c
gcc -o plgetopt.o -c -fvisibility=hidden    -O2 -m64 -march=x86-64 -mtune=generic -flto=auto -ffat-lto-objects -Wall -pthread -O2 -m64 -march=x86-64 -mtune=generic -flto=auto -ffat-lto-objects -fPIC  -UDEBUG -DPACKAGE_NAME=\"\" -DPACKAGE_TARNAME=\"\" -DPACKAGE_VERSION=\"\" -DPACKAGE_STRING=\"\" -DPACKAGE_BUGREPORT=\"\" -DPACKAGE_URL=\"\" -DNDEBUG=1 -DHAVE_VISIBILITY_HIDDEN_ATTRIBUTE=1 -DHAVE_VISIBILITY_PRAGMA=1 -DXP_UNIX=1 -D_GNU_SOURCE=1 -DHAVE_FCNTL_FILE_LOCKING=1 -DHAVE_POINTER_LOCALTIME_R=1 -DLINUX=1 -DHAVE_DLADDR=1 -DHAVE_GETTID=1 -DHAVE_LCHOWN=1 -DHAVE_SETPRIORITY=1 -DHAVE_STRERROR=1 -DHAVE_SYSCALL=1 -DHAVE_SECURE_GETENV=1 -D_REENTRANT=1 -DFORCE_PR_LOG -D_PR_PTHREADS -UHAVE_CVAR_BUILT_ON_SEM -I../../../dist/include/nspr  plgetopt.c
rm -f libplc4.a
/usr/bin/ar cr libplc4.a ./strlen.o ./strcpy.o ./strdup.o ./strcase.o ./strcat.o ./strcmp.o ./strchr.o ./strpbrk.o ./strstr.o ./strtok.o ./base64.o ./plerror.o ./plgetopt.o 
ranlib libplc4.a
gcc -o plvrsion.o -c -fvisibility=hidden    -O2 -m64 -march=x86-64 -mtune=generic -flto=auto -ffat-lto-objects -Wall -pthread -O2 -m64 -march=x86-64 -mtune=generic -flto=auto -ffat-lto-objects -fPIC  -UDEBUG -DPACKAGE_NAME=\"\" -DPACKAGE_TARNAME=\"\" -DPACKAGE_VERSION=\"\" -DPACKAGE_STRING=\"\" -DPACKAGE_BUGREPORT=\"\" -DPACKAGE_URL=\"\" -DNDEBUG=1 -DHAVE_VISIBILITY_HIDDEN_ATTRIBUTE=1 -DHAVE_VISIBILITY_PRAGMA=1 -DXP_UNIX=1 -D_GNU_SOURCE=1 -DHAVE_FCNTL_FILE_LOCKING=1 -DHAVE_POINTER_LOCALTIME_R=1 -DLINUX=1 -DHAVE_DLADDR=1 -DHAVE_GETTID=1 -DHAVE_LCHOWN=1 -DHAVE_SETPRIORITY=1 -DHAVE_STRERROR=1 -DHAVE_SYSCALL=1 -DHAVE_SECURE_GETENV=1 -D_REENTRANT=1 -DFORCE_PR_LOG -D_PR_PTHREADS -UHAVE_CVAR_BUILT_ON_SEM -I../../../dist/include/nspr  -I. plvrsion.c
plvrsion.c: In function 'libVersionPoint':
plvrsion.c:88:17: warning: variable 'dummy' set but not used [-Wunused-but-set-variable]
   88 |     const char *dummy;
      |                 ^~~~~
rm -f libplc4.so
gcc -shared -Wl,-soname -Wl,libplc4.so -o libplc4.so ./plvrsion.o ./strlen.o ./strcpy.o ./strdup.o ./strcase.o ./strcat.o ./strcmp.o ./strchr.o ./strpbrk.o ./strstr.o ./strtok.o ./base64.o ./plerror.o ./plgetopt.o     -L../../../dist/lib -lnspr4
../../../config/./nsinstall -R -m 444 ./libplc4.a ./libplc4.so ../../../dist/lib
../../../config/./nsinstall -R -m 444 ./libplc4.so ../../../dist/bin
make[3]: Leaving directory '/home/devel/building/work/src/nspr-4.35/nspr/lib/libc/src'
make[2]: Leaving directory '/home/devel/building/work/src/nspr-4.35/nspr/lib/libc'
make[1]: Leaving directory '/home/devel/building/work/src/nspr-4.35/nspr/lib'
+ make DESTDIR=/home/devel/building/work/pkg install
make -C config install
make[1]: Entering directory '/home/devel/building/work/src/nspr-4.35/nspr/config'
../config/./nsinstall -t -m 0755 nspr-config /home/devel/building/work/pkg/usr/bin
../config/./nsinstall -D /home/devel/building/work/pkg/usr/share/aclocal
../config/./nsinstall -t -m 0644 nspr.m4 /home/devel/building/work/pkg/usr/share/aclocal
../config/./nsinstall -D /home/devel/building/work/pkg/usr/lib/pkgconfig
../config/./nsinstall -t -m 0644 nspr.pc /home/devel/building/work/pkg/usr/lib/pkgconfig
make[1]: Leaving directory '/home/devel/building/work/src/nspr-4.35/nspr/config'
make -C pr install
make[1]: Entering directory '/home/devel/building/work/src/nspr-4.35/nspr/pr'
make -C include install
make[2]: Entering directory '/home/devel/building/work/src/nspr-4.35/nspr/pr/include'
../../config/./nsinstall -t -m 0644 ./nspr.h ./pratom.h ./prbit.h ./prclist.h ./prcmon.h ./prcountr.h ./prcvar.h ./prdtoa.h ./prenv.h ./prerr.h ./prerror.h ./prinet.h ./prinit.h ./prinrval.h ./prio.h ./pripcsem.h ./prlink.h ./prlock.h ./prlog.h ./prlong.h ./prmem.h ./prmon.h ./prmwait.h ./prnetdb.h ./prolock.h ./prpdce.h ./prprf.h ./prproces.h ./prrng.h ./prrwlock.h ./prshm.h ./prshma.h ./prsystem.h ./prthread.h ./prtime.h ./prtpool.h ./prtrace.h ./prtypes.h ./prvrsion.h ./prwin16.h /home/devel/building/work/pkg/usr/include/nspr/
make -C md install
make[3]: Entering directory '/home/devel/building/work/src/nspr-4.35/nspr/pr/include/md'
../../../config/./nsinstall -D /home/devel/building/work/pkg/usr/include/nspr/md
../../../config/./nsinstall -t -m 644 ./_aix32.cfg ./_aix64.cfg ./_bsdi.cfg ./_darwin.cfg ./_freebsd.cfg ./_hpux32.cfg ./_hpux64.cfg ./_linux.cfg ./_netbsd.cfg ./_nto.cfg ./_openbsd.cfg ./_os2.cfg ./_qnx.cfg ./_riscos.cfg ./_scoos.cfg ./_solaris.cfg ./_unixware.cfg ./_unixware7.cfg ./_win95.cfg ./_winnt.cfg /home/devel/building/work/pkg/usr/include/nspr/md
../../../config/./nsinstall -t -m 644 ./_linux.cfg /home/devel/building/work/pkg/usr/include/nspr
mv -f /home/devel/building/work/pkg/usr/include/nspr/_linux.cfg /home/devel/building/work/pkg/usr/include/nspr/prcpucfg.h
make[3]: Leaving directory '/home/devel/building/work/src/nspr-4.35/nspr/pr/include/md'
make -C private install
make[3]: Entering directory '/home/devel/building/work/src/nspr-4.35/nspr/pr/include/private'
../../../config/./nsinstall -t -m 0644 ./pprio.h ./pprthred.h ./prpriv.h /home/devel/building/work/pkg/usr/include/nspr/private
make[3]: Leaving directory '/home/devel/building/work/src/nspr-4.35/nspr/pr/include/private'
make -C obsolete install
make[3]: Entering directory '/home/devel/building/work/src/nspr-4.35/nspr/pr/include/obsolete'
../../../config/./nsinstall -t -m 0644 ./pralarm.h ./probslet.h ./protypes.h ./prsem.h /home/devel/building/work/pkg/usr/include/nspr/obsolete
make[3]: Leaving directory '/home/devel/building/work/src/nspr-4.35/nspr/pr/include/obsolete'
make[2]: Leaving directory '/home/devel/building/work/src/nspr-4.35/nspr/pr/include'
make -C src install
make[2]: Entering directory '/home/devel/building/work/src/nspr-4.35/nspr/pr/src'
../../config/./nsinstall -t -m 0755 ./libnspr4.a ./libnspr4.so /home/devel/building/work/pkg/usr/lib/
make -C io install
make[3]: Entering directory '/home/devel/building/work/src/nspr-4.35/nspr/pr/src/io'
make[3]: Nothing to be done for 'install'.
make[3]: Leaving directory '/home/devel/building/work/src/nspr-4.35/nspr/pr/src/io'
make -C linking install
make[3]: Entering directory '/home/devel/building/work/src/nspr-4.35/nspr/pr/src/linking'
make[3]: Nothing to be done for 'install'.
make[3]: Leaving directory '/home/devel/building/work/src/nspr-4.35/nspr/pr/src/linking'
make -C malloc install
make[3]: Entering directory '/home/devel/building/work/src/nspr-4.35/nspr/pr/src/malloc'
make[3]: Nothing to be done for 'install'.
make[3]: Leaving directory '/home/devel/building/work/src/nspr-4.35/nspr/pr/src/malloc'
make -C md install
make[3]: Entering directory '/home/devel/building/work/src/nspr-4.35/nspr/pr/src/md'
make -C unix install
make[4]: Entering directory '/home/devel/building/work/src/nspr-4.35/nspr/pr/src/md/unix'
make[4]: Nothing to be done for 'install'.
make[4]: Leaving directory '/home/devel/building/work/src/nspr-4.35/nspr/pr/src/md/unix'
make[3]: Leaving directory '/home/devel/building/work/src/nspr-4.35/nspr/pr/src/md'
make -C memory install
make[3]: Entering directory '/home/devel/building/work/src/nspr-4.35/nspr/pr/src/memory'
make[3]: Nothing to be done for 'install'.
make[3]: Leaving directory '/home/devel/building/work/src/nspr-4.35/nspr/pr/src/memory'
make -C misc install
make[3]: Entering directory '/home/devel/building/work/src/nspr-4.35/nspr/pr/src/misc'
../../../config/./nsinstall -t -m 0755 ./compile-et.pl ./prerr.properties /home/devel/building/work/pkg/usr/bin
make[3]: Leaving directory '/home/devel/building/work/src/nspr-4.35/nspr/pr/src/misc'
make -C threads install
make[3]: Entering directory '/home/devel/building/work/src/nspr-4.35/nspr/pr/src/threads'
make[3]: Nothing to be done for 'install'.
make[3]: Leaving directory '/home/devel/building/work/src/nspr-4.35/nspr/pr/src/threads'
make -C pthreads install
make[3]: Entering directory '/home/devel/building/work/src/nspr-4.35/nspr/pr/src/pthreads'
make[3]: Nothing to be done for 'install'.
make[3]: Leaving directory '/home/devel/building/work/src/nspr-4.35/nspr/pr/src/pthreads'
make[2]: Leaving directory '/home/devel/building/work/src/nspr-4.35/nspr/pr/src'
make[1]: Leaving directory '/home/devel/building/work/src/nspr-4.35/nspr/pr'
make -C lib install
make[1]: Entering directory '/home/devel/building/work/src/nspr-4.35/nspr/lib'
make -C ds install
make[2]: Entering directory '/home/devel/building/work/src/nspr-4.35/nspr/lib/ds'
../../config/./nsinstall -t -m 0644 ./plarenas.h ./plarena.h ./plhash.h /home/devel/building/work/pkg/usr/include/nspr/
../../config/./nsinstall -t -m 0755 ./libplds4.a ./libplds4.so /home/devel/building/work/pkg/usr/lib/
make[2]: Leaving directory '/home/devel/building/work/src/nspr-4.35/nspr/lib/ds'
make -C libc install
make[2]: Entering directory '/home/devel/building/work/src/nspr-4.35/nspr/lib/libc'
make -C include install
make[3]: Entering directory '/home/devel/building/work/src/nspr-4.35/nspr/lib/libc/include'
../../../config/./nsinstall -t -m 0644 ./plbase64.h ./plerror.h ./plgetopt.h ./plstr.h /home/devel/building/work/pkg/usr/include/nspr/
make[3]: Leaving directory '/home/devel/building/work/src/nspr-4.35/nspr/lib/libc/include'
make -C src install
make[3]: Entering directory '/home/devel/building/work/src/nspr-4.35/nspr/lib/libc/src'
../../../config/./nsinstall -t -m 0755 ./libplc4.a ./libplc4.so /home/devel/building/work/pkg/usr/lib/
make[3]: Leaving directory '/home/devel/building/work/src/nspr-4.35/nspr/lib/libc/src'
make[2]: Leaving directory '/home/devel/building/work/src/nspr-4.35/nspr/lib/libc'
make[1]: Leaving directory '/home/devel/building/work/src/nspr-4.35/nspr/lib'
++ ./config/nspr-config --libs
+ NSPR_LIBS='-L/usr/lib -lplds4 -lplc4 -lnspr4 -lpthread -ldl'
++ ./config/nspr-config --cflags
+ NSPR_CFLAGS=-I/usr/include/nspr
++ ./config/nspr-config --version
+ NSPR_VERSION=4.35.0
+ install -d /home/devel/building/work/pkg/usr/lib/pkgconfig
+ sed /home/devel/building/work/src/nspr.pc.in -e s,@libdir@,/usr/lib, -e s,@prefix@,/usr, -e s,@exec_prefix@,/usr/bin, -e s,@includedir@,/usr/include/nspr, -e s,@NSPR_VERSION@,4.35.0, -e 's,@FULL_NSPR_LIBS@,-L/usr/lib -lplds4 -lplc4 -lnspr4 -lpthread -ldl,' -e s,@FULL_NSPR_CFLAGS@,-I/usr/include/nspr,
+ rm /home/devel/building/work/pkg/usr/bin/compile-et.pl /home/devel/building/work/pkg/usr/bin/prerr.properties
+ rm -r /home/devel/building/work/pkg/usr/include/nspr/md
+ find /home/devel/building/work/pkg -type f -name '*.a' -delete
=======> Build result:
drwxr-xr-x  0 root   root        0 May  8 00:48 usr/
drwxr-xr-x  0 root   root        0 May  8 00:48 usr/bin/
drwxr-xr-x  0 root   root        0 May  8 00:48 usr/share/
drwxr-xr-x  0 root   root        0 May  8 00:48 usr/lib/
drwxr-xr-x  0 root   root        0 May  8 00:48 usr/include/
drwxr-xr-x  0 root   root        0 May  8 00:48 usr/include/nspr/
-rw-r--r--  0 root   root     1016 Sep 12  2022 usr/include/nspr/nspr.h
-rw-r--r--  0 root   root     5909 Sep 12  2022 usr/include/nspr/pratom.h
-rw-r--r--  0 root   root     5274 Sep 12  2022 usr/include/nspr/prbit.h
-rw-r--r--  0 root   root     2480 Sep 12  2022 usr/include/nspr/prclist.h
-rw-r--r--  0 root   root     2145 Sep 12  2022 usr/include/nspr/prcmon.h
-rw-r--r--  0 root   root    14757 Sep 12  2022 usr/include/nspr/prcountr.h
-rw-r--r--  0 root   root     3593 Sep 12  2022 usr/include/nspr/prcvar.h
-rw-r--r--  0 root   root     1593 Sep 12  2022 usr/include/nspr/prdtoa.h
-rw-r--r--  0 root   root     6209 Sep 12  2022 usr/include/nspr/prenv.h
-rw-r--r--  0 root   root     8308 Sep 12  2022 usr/include/nspr/prerr.h
-rw-r--r--  0 root   root    11505 Sep 12  2022 usr/include/nspr/prerror.h
-rw-r--r--  0 root   root     3096 Sep 12  2022 usr/include/nspr/prinet.h
-rw-r--r--  0 root   root     6598 Sep 12  2022 usr/include/nspr/prinit.h
-rw-r--r--  0 root   root     5339 Sep 12  2022 usr/include/nspr/prinrval.h
-rw-r--r--  0 root   root    77447 Sep 12  2022 usr/include/nspr/prio.h
-rw-r--r--  0 root   root     2640 Sep 12  2022 usr/include/nspr/pripcsem.h
-rw-r--r--  0 root   root     8354 Sep 12  2022 usr/include/nspr/prlink.h
-rw-r--r--  0 root   root     3816 Sep 12  2022 usr/include/nspr/prlock.h
-rw-r--r--  0 root   root     7050 Sep 12  2022 usr/include/nspr/prlog.h
-rw-r--r--  0 root   root    12757 Sep 12  2022 usr/include/nspr/prlong.h
-rw-r--r--  0 root   root     4760 Sep 12  2022 usr/include/nspr/prmem.h
-rw-r--r--  0 root   root     3240 Sep 12  2022 usr/include/nspr/prmon.h
-rw-r--r--  0 root   root    16264 Sep 12  2022 usr/include/nspr/prmwait.h
-rw-r--r--  0 root   root    19671 Sep 12  2022 usr/include/nspr/prnetdb.h
-rw-r--r--  0 root   root     4643 Sep 12  2022 usr/include/nspr/prolock.h
-rw-r--r--  0 root   root     2477 Sep 12  2022 usr/include/nspr/prpdce.h
-rw-r--r--  0 root   root     4502 Sep 12  2022 usr/include/nspr/prprf.h
-rw-r--r--  0 root   root     2306 Sep 12  2022 usr/include/nspr/prproces.h
-rw-r--r--  0 root   root     2458 Sep 12  2022 usr/include/nspr/prrng.h
-rw-r--r--  0 root   root     2854 Sep 12  2022 usr/include/nspr/prrwlock.h
-rw-r--r--  0 root   root     8468 Sep 12  2022 usr/include/nspr/prshm.h
-rw-r--r--  0 root   root     7138 Sep 12  2022 usr/include/nspr/prshma.h
-rw-r--r--  0 root   root     2698 Sep 12  2022 usr/include/nspr/prsystem.h
-rw-r--r--  0 root   root    10085 Sep 12  2022 usr/include/nspr/prthread.h
-rw-r--r--  0 root   root    10235 Sep 12  2022 usr/include/nspr/prtime.h
-rw-r--r--  0 root   root     2376 Sep 12  2022 usr/include/nspr/prtpool.h
-rw-r--r--  0 root   root    20675 Sep 12  2022 usr/include/nspr/prtrace.h
-rw-r--r--  0 root   root    19891 Sep 12  2022 usr/include/nspr/prtypes.h
-rw-r--r--  0 root   root     3547 Sep 12  2022 usr/include/nspr/prvrsion.h
-rw-r--r--  0 root   root     5998 Sep 12  2022 usr/include/nspr/prwin16.h
-rw-r--r--  0 root   root    35601 Sep 12  2022 usr/include/nspr/prcpucfg.h
drwxr-xr-x  0 root   root        0 May  8 00:48 usr/include/nspr/private/
drwxr-xr-x  0 root   root        0 May  8 00:48 usr/include/nspr/obsolete/
-rw-r--r--  0 root   root      565 Sep 12  2022 usr/include/nspr/plarenas.h
-rw-r--r--  0 root   root    11644 Sep 12  2022 usr/include/nspr/plarena.h
-rw-r--r--  0 root   root     4834 Sep 12  2022 usr/include/nspr/plhash.h
-rw-r--r--  0 root   root     2891 Sep 12  2022 usr/include/nspr/plbase64.h
-rw-r--r--  0 root   root      880 Sep 12  2022 usr/include/nspr/plerror.h
-rw-r--r--  0 root   root     4710 Sep 12  2022 usr/include/nspr/plgetopt.h
-rw-r--r--  0 root   root    13426 Sep 12  2022 usr/include/nspr/plstr.h
-rw-r--r--  0 root   root     6937 Sep 12  2022 usr/include/nspr/obsolete/pralarm.h
-rw-r--r--  0 root   root     5420 Sep 12  2022 usr/include/nspr/obsolete/probslet.h
-rw-r--r--  0 root   root     4552 Sep 12  2022 usr/include/nspr/obsolete/protypes.h
-rw-r--r--  0 root   root     2047 Sep 12  2022 usr/include/nspr/obsolete/prsem.h
-rw-r--r--  0 root   root     8160 Sep 12  2022 usr/include/nspr/private/pprio.h
-rw-r--r--  0 root   root    10424 Sep 12  2022 usr/include/nspr/private/pprthred.h
-rw-r--r--  0 root   root      442 Sep 12  2022 usr/include/nspr/private/prpriv.h
drwxr-xr-x  0 root   root        0 May  8 00:48 usr/lib/pkgconfig/
-rwxr-xr-x  0 root   root   248768 May  8 00:48 usr/lib/libnspr4.so
-rwxr-xr-x  0 root   root    14544 May  8 00:48 usr/lib/libplds4.so
-rwxr-xr-x  0 root   root    22856 May  8 00:48 usr/lib/libplc4.so
-rw-r--r--  0 root   root      232 May  8 00:48 usr/lib/pkgconfig/nspr.pc
drwxr-xr-x  0 root   root        0 May  8 00:48 usr/share/aclocal/
-rw-r--r--  0 root   root     2824 Sep 12  2022 usr/share/aclocal/nspr.m4
-rwxr-xr-x  0 root   root     2515 May  8 00:48 usr/bin/nspr-config
=======> Building '/home/devel/packages/nspr#4.35-3.x86_64.pkg.tar.zst' succeeded.
prt-get: Using PKGMK_PACKAGE_DIR: /home/devel/packages
prt-get: reinstalling nspr 4.35-3
prt-get: /usr/bin/pkgadd -u nspr#4.35-3.x86_64.pkg.tar.zst
prt-get: build done Wed May  8 00:48:56 2024

