prt-get: updating /usr/ports/opt-x86_64/oniguruma
prt-get: starting build Wed May  8 00:49:10 2024
=======> Building '/home/devel/packages/oniguruma#6.9.9-1.x86_64.pkg.tar.zst'.
bsdtar -p -o -C /home/devel/building/work/src -xf /home/devel/sources/oniguruma-6.9.9.tar.gz
+ build
+ cd oniguruma-6.9.9
+ autoreconf -fiv
autoreconf: export WARNINGS=
autoreconf: Entering directory '.'
autoreconf: configure.ac: not using Gettext
autoreconf: running: aclocal --force -I m4
autoreconf: configure.ac: tracing
autoreconf: running: libtoolize --copy --force
libtoolize: putting auxiliary files in '.'.
libtoolize: copying file './ltmain.sh'
libtoolize: putting macros in AC_CONFIG_MACRO_DIRS, 'm4'.
libtoolize: copying file 'm4/libtool.m4'
libtoolize: copying file 'm4/ltoptions.m4'
libtoolize: copying file 'm4/ltsugar.m4'
libtoolize: copying file 'm4/ltversion.m4'
libtoolize: copying file 'm4/lt~obsolete.m4'
autoreconf: configure.ac: not using Intltool
autoreconf: configure.ac: not using Gtkdoc
autoreconf: running: aclocal --force -I m4
autoreconf: running: /usr/bin/autoconf --force
autoreconf: running: /usr/bin/autoheader --force
autoreconf: running: automake --add-missing --copy --force-missing
configure.ac:55: installing './compile'
configure.ac:6: installing './missing'
sample/Makefile.am: installing './depcomp'
autoreconf: './install-sh' is updated
autoreconf: './config.sub' is updated
autoreconf: './config.guess' is updated
autoreconf: Leaving directory '.'
+ ./configure --prefix=/usr --enable-posix-api --disable-static
checking for a BSD-compatible install... /usr/bin/install -c
checking whether build environment is sane... yes
checking for a race-free mkdir -p... /bin/mkdir -p
checking for gawk... gawk
checking whether make sets $(MAKE)... yes
checking whether make supports nested variables... yes
checking for gcc... gcc
checking whether the C compiler works... yes
checking for C compiler default output file name... a.out
checking for suffix of executables... 
checking whether we are cross compiling... no
checking for suffix of object files... o
checking whether the compiler supports GNU C... yes
checking whether gcc accepts -g... yes
checking for gcc option to enable C11 features... none needed
checking whether gcc understands -c and -o together... yes
checking whether make supports the include directive... yes (GNU style)
checking dependency style of gcc... gcc3
checking build system type... x86_64-pc-linux-gnu
checking host system type... x86_64-pc-linux-gnu
checking how to print strings... printf
checking for a sed that does not truncate output... /bin/sed
checking for grep that handles long lines and -e... /usr/bin/grep
checking for egrep... /usr/bin/grep -E
checking for fgrep... /usr/bin/grep -F
checking for ld used by gcc... /usr/bin/ld
checking if the linker (/usr/bin/ld) is GNU ld... yes
checking for BSD- or MS-compatible name lister (nm)... /usr/bin/nm -B
checking the name lister (/usr/bin/nm -B) interface... BSD nm
checking whether ln -s works... yes
checking the maximum length of command line arguments... 1572864
checking how to convert x86_64-pc-linux-gnu file names to x86_64-pc-linux-gnu format... func_convert_file_noop
checking how to convert x86_64-pc-linux-gnu file names to toolchain format... func_convert_file_noop
checking for /usr/bin/ld option to reload object files... -r
checking for file... file
checking for objdump... objdump
checking how to recognize dependent libraries... pass_all
checking for dlltool... no
checking how to associate runtime and link libraries... printf %s\n
checking for ar... ar
checking for archiver @FILE support... @
checking for strip... strip
checking for ranlib... ranlib
checking command to parse /usr/bin/nm -B output from gcc object... ok
checking for sysroot... no
checking for a working dd... /bin/dd
checking how to truncate binary pipes... /bin/dd bs=4096 count=1
checking for mt... no
checking if : is a manifest tool... no
checking for stdio.h... yes
checking for stdlib.h... yes
checking for string.h... yes
checking for inttypes.h... yes
checking for stdint.h... yes
checking for strings.h... yes
checking for sys/stat.h... yes
checking for sys/types.h... yes
checking for unistd.h... yes
checking for dlfcn.h... yes
checking for objdir... .libs
checking if gcc supports -fno-rtti -fno-exceptions... no
checking for gcc option to produce PIC... -fPIC -DPIC
checking if gcc PIC flag -fPIC -DPIC works... yes
checking if gcc static flag -static works... yes
checking if gcc supports -c -o file.o... yes
checking if gcc supports -c -o file.o... (cached) yes
checking whether the gcc linker (/usr/bin/ld -m elf_x86_64) supports shared libraries... yes
checking whether -lc should be explicitly linked in... no
checking dynamic linker characteristics... GNU/Linux ld.so
checking how to hardcode library paths into programs... immediate
checking whether stripping libraries is possible... yes
checking if libtool supports shared libraries... yes
checking whether to build shared libraries... yes
checking whether to build static libraries... no
checking whether make sets $(MAKE)... (cached) yes
checking for sys/time.h... yes
checking for unistd.h... (cached) yes
checking for sys/times.h... yes
checking size of int... 4
checking size of long... 8
checking size of long long... 8
checking size of void*... 8
checking for size_t... yes
checking for working alloca.h... yes
checking for alloca... yes
checking that generated files are newer than configure... done
configure: creating ./config.status
config.status: creating Makefile
config.status: creating src/Makefile
config.status: creating test/Makefile
config.status: creating sample/Makefile
config.status: creating onig-config
config.status: creating src/config.h
config.status: executing depfiles commands
config.status: executing libtool commands
config.status: executing default commands
+ make V=1
Making all in src
make[1]: Entering directory '/home/devel/building/work/src/oniguruma-6.9.9/src'
make  all-am
make[2]: Entering directory '/home/devel/building/work/src/oniguruma-6.9.9/src'
/bin/sh ../libtool  --tag=CC   --mode=compile gcc -DHAVE_CONFIG_H -I.  -I..  -Wall -DUSE_POSIX_API  -O2 -m64 -march=x86-64 -mtune=generic -flto=auto -ffat-lto-objects -MT regparse.lo -MD -MP -MF .deps/regparse.Tpo -c -o regparse.lo regparse.c
/bin/sh ../libtool  --tag=CC   --mode=compile gcc -DHAVE_CONFIG_H -I.  -I..  -Wall -DUSE_POSIX_API  -O2 -m64 -march=x86-64 -mtune=generic -flto=auto -ffat-lto-objects -MT regcomp.lo -MD -MP -MF .deps/regcomp.Tpo -c -o regcomp.lo regcomp.c
/bin/sh ../libtool  --tag=CC   --mode=compile gcc -DHAVE_CONFIG_H -I.  -I..  -Wall -DUSE_POSIX_API  -O2 -m64 -march=x86-64 -mtune=generic -flto=auto -ffat-lto-objects -MT regexec.lo -MD -MP -MF .deps/regexec.Tpo -c -o regexec.lo regexec.c
/bin/sh ../libtool  --tag=CC   --mode=compile gcc -DHAVE_CONFIG_H -I.  -I..  -Wall -DUSE_POSIX_API  -O2 -m64 -march=x86-64 -mtune=generic -flto=auto -ffat-lto-objects -MT regenc.lo -MD -MP -MF .deps/regenc.Tpo -c -o regenc.lo regenc.c
/bin/sh ../libtool  --tag=CC   --mode=compile gcc -DHAVE_CONFIG_H -I.  -I..  -Wall -DUSE_POSIX_API  -O2 -m64 -march=x86-64 -mtune=generic -flto=auto -ffat-lto-objects -MT regerror.lo -MD -MP -MF .deps/regerror.Tpo -c -o regerror.lo regerror.c
/bin/sh ../libtool  --tag=CC   --mode=compile gcc -DHAVE_CONFIG_H -I.  -I..  -Wall -DUSE_POSIX_API  -O2 -m64 -march=x86-64 -mtune=generic -flto=auto -ffat-lto-objects -MT regext.lo -MD -MP -MF .deps/regext.Tpo -c -o regext.lo regext.c
/bin/sh ../libtool  --tag=CC   --mode=compile gcc -DHAVE_CONFIG_H -I.  -I..  -Wall -DUSE_POSIX_API  -O2 -m64 -march=x86-64 -mtune=generic -flto=auto -ffat-lto-objects -MT regsyntax.lo -MD -MP -MF .deps/regsyntax.Tpo -c -o regsyntax.lo regsyntax.c
/bin/sh ../libtool  --tag=CC   --mode=compile gcc -DHAVE_CONFIG_H -I.  -I..  -Wall -DUSE_POSIX_API  -O2 -m64 -march=x86-64 -mtune=generic -flto=auto -ffat-lto-objects -MT regtrav.lo -MD -MP -MF .deps/regtrav.Tpo -c -o regtrav.lo regtrav.c
libtool: compile:  gcc -DHAVE_CONFIG_H -I. -I.. -Wall -DUSE_POSIX_API -O2 -m64 -march=x86-64 -mtune=generic -flto=auto -ffat-lto-objects -MT regparse.lo -MD -MP -MF .deps/regparse.Tpo -c regparse.c  -fPIC -DPIC -o .libs/regparse.o
libtool: compile:  gcc -DHAVE_CONFIG_H -I. -I.. -Wall -DUSE_POSIX_API -O2 -m64 -march=x86-64 -mtune=generic -flto=auto -ffat-lto-objects -MT regerror.lo -MD -MP -MF .deps/regerror.Tpo -c regerror.c  -fPIC -DPIC -o .libs/regerror.o
libtool: compile:  gcc -DHAVE_CONFIG_H -I. -I.. -Wall -DUSE_POSIX_API -O2 -m64 -march=x86-64 -mtune=generic -flto=auto -ffat-lto-objects -MT regexec.lo -MD -MP -MF .deps/regexec.Tpo -c regexec.c  -fPIC -DPIC -o .libs/regexec.o
libtool: compile:  gcc -DHAVE_CONFIG_H -I. -I.. -Wall -DUSE_POSIX_API -O2 -m64 -march=x86-64 -mtune=generic -flto=auto -ffat-lto-objects -MT regcomp.lo -MD -MP -MF .deps/regcomp.Tpo -c regcomp.c  -fPIC -DPIC -o .libs/regcomp.o
libtool: compile:  gcc -DHAVE_CONFIG_H -I. -I.. -Wall -DUSE_POSIX_API -O2 -m64 -march=x86-64 -mtune=generic -flto=auto -ffat-lto-objects -MT regsyntax.lo -MD -MP -MF .deps/regsyntax.Tpo -c regsyntax.c  -fPIC -DPIC -o .libs/regsyntax.o
libtool: compile:  gcc -DHAVE_CONFIG_H -I. -I.. -Wall -DUSE_POSIX_API -O2 -m64 -march=x86-64 -mtune=generic -flto=auto -ffat-lto-objects -MT regenc.lo -MD -MP -MF .deps/regenc.Tpo -c regenc.c  -fPIC -DPIC -o .libs/regenc.o
libtool: compile:  gcc -DHAVE_CONFIG_H -I. -I.. -Wall -DUSE_POSIX_API -O2 -m64 -march=x86-64 -mtune=generic -flto=auto -ffat-lto-objects -MT regext.lo -MD -MP -MF .deps/regext.Tpo -c regext.c  -fPIC -DPIC -o .libs/regext.o
libtool: compile:  gcc -DHAVE_CONFIG_H -I. -I.. -Wall -DUSE_POSIX_API -O2 -m64 -march=x86-64 -mtune=generic -flto=auto -ffat-lto-objects -MT regtrav.lo -MD -MP -MF .deps/regtrav.Tpo -c regtrav.c  -fPIC -DPIC -o .libs/regtrav.o
mv -f .deps/regtrav.Tpo .deps/regtrav.Plo
mv -f .deps/regsyntax.Tpo .deps/regsyntax.Plo
/bin/sh ../libtool  --tag=CC   --mode=compile gcc -DHAVE_CONFIG_H -I.  -I..  -Wall -DUSE_POSIX_API  -O2 -m64 -march=x86-64 -mtune=generic -flto=auto -ffat-lto-objects -MT regversion.lo -MD -MP -MF .deps/regversion.Tpo -c -o regversion.lo regversion.c
/bin/sh ../libtool  --tag=CC   --mode=compile gcc -DHAVE_CONFIG_H -I.  -I..  -Wall -DUSE_POSIX_API  -O2 -m64 -march=x86-64 -mtune=generic -flto=auto -ffat-lto-objects -MT st.lo -MD -MP -MF .deps/st.Tpo -c -o st.lo st.c
mv -f .deps/regext.Tpo .deps/regext.Plo
/bin/sh ../libtool  --tag=CC   --mode=compile gcc -DHAVE_CONFIG_H -I.  -I..  -Wall -DUSE_POSIX_API  -O2 -m64 -march=x86-64 -mtune=generic -flto=auto -ffat-lto-objects -MT reggnu.lo -MD -MP -MF .deps/reggnu.Tpo -c -o reggnu.lo reggnu.c
libtool: compile:  gcc -DHAVE_CONFIG_H -I. -I.. -Wall -DUSE_POSIX_API -O2 -m64 -march=x86-64 -mtune=generic -flto=auto -ffat-lto-objects -MT st.lo -MD -MP -MF .deps/st.Tpo -c st.c  -fPIC -DPIC -o .libs/st.o
libtool: compile:  gcc -DHAVE_CONFIG_H -I. -I.. -Wall -DUSE_POSIX_API -O2 -m64 -march=x86-64 -mtune=generic -flto=auto -ffat-lto-objects -MT regversion.lo -MD -MP -MF .deps/regversion.Tpo -c regversion.c  -fPIC -DPIC -o .libs/regversion.o
libtool: compile:  gcc -DHAVE_CONFIG_H -I. -I.. -Wall -DUSE_POSIX_API -O2 -m64 -march=x86-64 -mtune=generic -flto=auto -ffat-lto-objects -MT reggnu.lo -MD -MP -MF .deps/reggnu.Tpo -c reggnu.c  -fPIC -DPIC -o .libs/reggnu.o
mv -f .deps/regerror.Tpo .deps/regerror.Plo
/bin/sh ../libtool  --tag=CC   --mode=compile gcc -DHAVE_CONFIG_H -I.  -I..  -Wall -DUSE_POSIX_API  -O2 -m64 -march=x86-64 -mtune=generic -flto=auto -ffat-lto-objects -MT regposix.lo -MD -MP -MF .deps/regposix.Tpo -c -o regposix.lo regposix.c
mv -f .deps/regversion.Tpo .deps/regversion.Plo
libtool: compile:  gcc -DHAVE_CONFIG_H -I. -I.. -Wall -DUSE_POSIX_API -O2 -m64 -march=x86-64 -mtune=generic -flto=auto -ffat-lto-objects -MT regposix.lo -MD -MP -MF .deps/regposix.Tpo -c regposix.c  -fPIC -DPIC -o .libs/regposix.o
/bin/sh ../libtool  --tag=CC   --mode=compile gcc -DHAVE_CONFIG_H -I.  -I..  -Wall -DUSE_POSIX_API  -O2 -m64 -march=x86-64 -mtune=generic -flto=auto -ffat-lto-objects -MT regposerr.lo -MD -MP -MF .deps/regposerr.Tpo -c -o regposerr.lo regposerr.c
libtool: compile:  gcc -DHAVE_CONFIG_H -I. -I.. -Wall -DUSE_POSIX_API -O2 -m64 -march=x86-64 -mtune=generic -flto=auto -ffat-lto-objects -MT regposerr.lo -MD -MP -MF .deps/regposerr.Tpo -c regposerr.c  -fPIC -DPIC -o .libs/regposerr.o
mv -f .deps/reggnu.Tpo .deps/reggnu.Plo
/bin/sh ../libtool  --tag=CC   --mode=compile gcc -DHAVE_CONFIG_H -I.  -I..  -Wall -DUSE_POSIX_API  -O2 -m64 -march=x86-64 -mtune=generic -flto=auto -ffat-lto-objects -MT unicode.lo -MD -MP -MF .deps/unicode.Tpo -c -o unicode.lo unicode.c
mv -f .deps/regposerr.Tpo .deps/regposerr.Plo
/bin/sh ../libtool  --tag=CC   --mode=compile gcc -DHAVE_CONFIG_H -I.  -I..  -Wall -DUSE_POSIX_API  -O2 -m64 -march=x86-64 -mtune=generic -flto=auto -ffat-lto-objects -MT unicode_unfold_key.lo -MD -MP -MF .deps/unicode_unfold_key.Tpo -c -o unicode_unfold_key.lo unicode_unfold_key.c
libtool: compile:  gcc -DHAVE_CONFIG_H -I. -I.. -Wall -DUSE_POSIX_API -O2 -m64 -march=x86-64 -mtune=generic -flto=auto -ffat-lto-objects -MT unicode.lo -MD -MP -MF .deps/unicode.Tpo -c unicode.c  -fPIC -DPIC -o .libs/unicode.o
mv -f .deps/st.Tpo .deps/st.Plo
/bin/sh ../libtool  --tag=CC   --mode=compile gcc -DHAVE_CONFIG_H -I.  -I..  -Wall -DUSE_POSIX_API  -O2 -m64 -march=x86-64 -mtune=generic -flto=auto -ffat-lto-objects -MT unicode_fold1_key.lo -MD -MP -MF .deps/unicode_fold1_key.Tpo -c -o unicode_fold1_key.lo unicode_fold1_key.c
mv -f .deps/regposix.Tpo .deps/regposix.Plo
mv -f .deps/regenc.Tpo .deps/regenc.Plo
/bin/sh ../libtool  --tag=CC   --mode=compile gcc -DHAVE_CONFIG_H -I.  -I..  -Wall -DUSE_POSIX_API  -O2 -m64 -march=x86-64 -mtune=generic -flto=auto -ffat-lto-objects -MT unicode_fold2_key.lo -MD -MP -MF .deps/unicode_fold2_key.Tpo -c -o unicode_fold2_key.lo unicode_fold2_key.c
/bin/sh ../libtool  --tag=CC   --mode=compile gcc -DHAVE_CONFIG_H -I.  -I..  -Wall -DUSE_POSIX_API  -O2 -m64 -march=x86-64 -mtune=generic -flto=auto -ffat-lto-objects -MT unicode_fold3_key.lo -MD -MP -MF .deps/unicode_fold3_key.Tpo -c -o unicode_fold3_key.lo unicode_fold3_key.c
libtool: compile:  gcc -DHAVE_CONFIG_H -I. -I.. -Wall -DUSE_POSIX_API -O2 -m64 -march=x86-64 -mtune=generic -flto=auto -ffat-lto-objects -MT unicode_unfold_key.lo -MD -MP -MF .deps/unicode_unfold_key.Tpo -c unicode_unfold_key.c  -fPIC -DPIC -o .libs/unicode_unfold_key.o
libtool: compile:  gcc -DHAVE_CONFIG_H -I. -I.. -Wall -DUSE_POSIX_API -O2 -m64 -march=x86-64 -mtune=generic -flto=auto -ffat-lto-objects -MT unicode_fold1_key.lo -MD -MP -MF .deps/unicode_fold1_key.Tpo -c unicode_fold1_key.c  -fPIC -DPIC -o .libs/unicode_fold1_key.o
libtool: compile:  gcc -DHAVE_CONFIG_H -I. -I.. -Wall -DUSE_POSIX_API -O2 -m64 -march=x86-64 -mtune=generic -flto=auto -ffat-lto-objects -MT unicode_fold3_key.lo -MD -MP -MF .deps/unicode_fold3_key.Tpo -c unicode_fold3_key.c  -fPIC -DPIC -o .libs/unicode_fold3_key.o
libtool: compile:  gcc -DHAVE_CONFIG_H -I. -I.. -Wall -DUSE_POSIX_API -O2 -m64 -march=x86-64 -mtune=generic -flto=auto -ffat-lto-objects -MT unicode_fold2_key.lo -MD -MP -MF .deps/unicode_fold2_key.Tpo -c unicode_fold2_key.c  -fPIC -DPIC -o .libs/unicode_fold2_key.o
mv -f .deps/unicode_unfold_key.Tpo .deps/unicode_unfold_key.Plo
mv -f .deps/unicode_fold1_key.Tpo .deps/unicode_fold1_key.Plo
/bin/sh ../libtool  --tag=CC   --mode=compile gcc -DHAVE_CONFIG_H -I.  -I..  -Wall -DUSE_POSIX_API  -O2 -m64 -march=x86-64 -mtune=generic -flto=auto -ffat-lto-objects -MT ascii.lo -MD -MP -MF .deps/ascii.Tpo -c -o ascii.lo ascii.c
/bin/sh ../libtool  --tag=CC   --mode=compile gcc -DHAVE_CONFIG_H -I.  -I..  -Wall -DUSE_POSIX_API  -O2 -m64 -march=x86-64 -mtune=generic -flto=auto -ffat-lto-objects -MT utf8.lo -MD -MP -MF .deps/utf8.Tpo -c -o utf8.lo utf8.c
mv -f .deps/unicode_fold2_key.Tpo .deps/unicode_fold2_key.Plo
/bin/sh ../libtool  --tag=CC   --mode=compile gcc -DHAVE_CONFIG_H -I.  -I..  -Wall -DUSE_POSIX_API  -O2 -m64 -march=x86-64 -mtune=generic -flto=auto -ffat-lto-objects -MT utf16_be.lo -MD -MP -MF .deps/utf16_be.Tpo -c -o utf16_be.lo utf16_be.c
mv -f .deps/unicode_fold3_key.Tpo .deps/unicode_fold3_key.Plo
libtool: compile:  gcc -DHAVE_CONFIG_H -I. -I.. -Wall -DUSE_POSIX_API -O2 -m64 -march=x86-64 -mtune=generic -flto=auto -ffat-lto-objects -MT ascii.lo -MD -MP -MF .deps/ascii.Tpo -c ascii.c  -fPIC -DPIC -o .libs/ascii.o
/bin/sh ../libtool  --tag=CC   --mode=compile gcc -DHAVE_CONFIG_H -I.  -I..  -Wall -DUSE_POSIX_API  -O2 -m64 -march=x86-64 -mtune=generic -flto=auto -ffat-lto-objects -MT utf16_le.lo -MD -MP -MF .deps/utf16_le.Tpo -c -o utf16_le.lo utf16_le.c
libtool: compile:  gcc -DHAVE_CONFIG_H -I. -I.. -Wall -DUSE_POSIX_API -O2 -m64 -march=x86-64 -mtune=generic -flto=auto -ffat-lto-objects -MT utf8.lo -MD -MP -MF .deps/utf8.Tpo -c utf8.c  -fPIC -DPIC -o .libs/utf8.o
libtool: compile:  gcc -DHAVE_CONFIG_H -I. -I.. -Wall -DUSE_POSIX_API -O2 -m64 -march=x86-64 -mtune=generic -flto=auto -ffat-lto-objects -MT utf16_be.lo -MD -MP -MF .deps/utf16_be.Tpo -c utf16_be.c  -fPIC -DPIC -o .libs/utf16_be.o
libtool: compile:  gcc -DHAVE_CONFIG_H -I. -I.. -Wall -DUSE_POSIX_API -O2 -m64 -march=x86-64 -mtune=generic -flto=auto -ffat-lto-objects -MT utf16_le.lo -MD -MP -MF .deps/utf16_le.Tpo -c utf16_le.c  -fPIC -DPIC -o .libs/utf16_le.o
mv -f .deps/ascii.Tpo .deps/ascii.Plo
/bin/sh ../libtool  --tag=CC   --mode=compile gcc -DHAVE_CONFIG_H -I.  -I..  -Wall -DUSE_POSIX_API  -O2 -m64 -march=x86-64 -mtune=generic -flto=auto -ffat-lto-objects -MT utf32_be.lo -MD -MP -MF .deps/utf32_be.Tpo -c -o utf32_be.lo utf32_be.c
mv -f .deps/utf8.Tpo .deps/utf8.Plo
/bin/sh ../libtool  --tag=CC   --mode=compile gcc -DHAVE_CONFIG_H -I.  -I..  -Wall -DUSE_POSIX_API  -O2 -m64 -march=x86-64 -mtune=generic -flto=auto -ffat-lto-objects -MT utf32_le.lo -MD -MP -MF .deps/utf32_le.Tpo -c -o utf32_le.lo utf32_le.c
libtool: compile:  gcc -DHAVE_CONFIG_H -I. -I.. -Wall -DUSE_POSIX_API -O2 -m64 -march=x86-64 -mtune=generic -flto=auto -ffat-lto-objects -MT utf32_le.lo -MD -MP -MF .deps/utf32_le.Tpo -c utf32_le.c  -fPIC -DPIC -o .libs/utf32_le.o
libtool: compile:  gcc -DHAVE_CONFIG_H -I. -I.. -Wall -DUSE_POSIX_API -O2 -m64 -march=x86-64 -mtune=generic -flto=auto -ffat-lto-objects -MT utf32_be.lo -MD -MP -MF .deps/utf32_be.Tpo -c utf32_be.c  -fPIC -DPIC -o .libs/utf32_be.o
mv -f .deps/utf16_be.Tpo .deps/utf16_be.Plo
/bin/sh ../libtool  --tag=CC   --mode=compile gcc -DHAVE_CONFIG_H -I.  -I..  -Wall -DUSE_POSIX_API  -O2 -m64 -march=x86-64 -mtune=generic -flto=auto -ffat-lto-objects -MT euc_jp.lo -MD -MP -MF .deps/euc_jp.Tpo -c -o euc_jp.lo euc_jp.c
mv -f .deps/utf16_le.Tpo .deps/utf16_le.Plo
/bin/sh ../libtool  --tag=CC   --mode=compile gcc -DHAVE_CONFIG_H -I.  -I..  -Wall -DUSE_POSIX_API  -O2 -m64 -march=x86-64 -mtune=generic -flto=auto -ffat-lto-objects -MT euc_jp_prop.lo -MD -MP -MF .deps/euc_jp_prop.Tpo -c -o euc_jp_prop.lo euc_jp_prop.c
mv -f .deps/utf32_le.Tpo .deps/utf32_le.Plo
/bin/sh ../libtool  --tag=CC   --mode=compile gcc -DHAVE_CONFIG_H -I.  -I..  -Wall -DUSE_POSIX_API  -O2 -m64 -march=x86-64 -mtune=generic -flto=auto -ffat-lto-objects -MT sjis.lo -MD -MP -MF .deps/sjis.Tpo -c -o sjis.lo sjis.c
libtool: compile:  gcc -DHAVE_CONFIG_H -I. -I.. -Wall -DUSE_POSIX_API -O2 -m64 -march=x86-64 -mtune=generic -flto=auto -ffat-lto-objects -MT euc_jp.lo -MD -MP -MF .deps/euc_jp.Tpo -c euc_jp.c  -fPIC -DPIC -o .libs/euc_jp.o
mv -f .deps/utf32_be.Tpo .deps/utf32_be.Plo
/bin/sh ../libtool  --tag=CC   --mode=compile gcc -DHAVE_CONFIG_H -I.  -I..  -Wall -DUSE_POSIX_API  -O2 -m64 -march=x86-64 -mtune=generic -flto=auto -ffat-lto-objects -MT sjis_prop.lo -MD -MP -MF .deps/sjis_prop.Tpo -c -o sjis_prop.lo sjis_prop.c
libtool: compile:  gcc -DHAVE_CONFIG_H -I. -I.. -Wall -DUSE_POSIX_API -O2 -m64 -march=x86-64 -mtune=generic -flto=auto -ffat-lto-objects -MT euc_jp_prop.lo -MD -MP -MF .deps/euc_jp_prop.Tpo -c euc_jp_prop.c  -fPIC -DPIC -o .libs/euc_jp_prop.o
libtool: compile:  gcc -DHAVE_CONFIG_H -I. -I.. -Wall -DUSE_POSIX_API -O2 -m64 -march=x86-64 -mtune=generic -flto=auto -ffat-lto-objects -MT sjis.lo -MD -MP -MF .deps/sjis.Tpo -c sjis.c  -fPIC -DPIC -o .libs/sjis.o
libtool: compile:  gcc -DHAVE_CONFIG_H -I. -I.. -Wall -DUSE_POSIX_API -O2 -m64 -march=x86-64 -mtune=generic -flto=auto -ffat-lto-objects -MT sjis_prop.lo -MD -MP -MF .deps/sjis_prop.Tpo -c sjis_prop.c  -fPIC -DPIC -o .libs/sjis_prop.o
mv -f .deps/euc_jp_prop.Tpo .deps/euc_jp_prop.Plo
/bin/sh ../libtool  --tag=CC   --mode=compile gcc -DHAVE_CONFIG_H -I.  -I..  -Wall -DUSE_POSIX_API  -O2 -m64 -march=x86-64 -mtune=generic -flto=auto -ffat-lto-objects -MT iso8859_1.lo -MD -MP -MF .deps/iso8859_1.Tpo -c -o iso8859_1.lo iso8859_1.c
mv -f .deps/sjis_prop.Tpo .deps/sjis_prop.Plo
/bin/sh ../libtool  --tag=CC   --mode=compile gcc -DHAVE_CONFIG_H -I.  -I..  -Wall -DUSE_POSIX_API  -O2 -m64 -march=x86-64 -mtune=generic -flto=auto -ffat-lto-objects -MT iso8859_2.lo -MD -MP -MF .deps/iso8859_2.Tpo -c -o iso8859_2.lo iso8859_2.c
libtool: compile:  gcc -DHAVE_CONFIG_H -I. -I.. -Wall -DUSE_POSIX_API -O2 -m64 -march=x86-64 -mtune=generic -flto=auto -ffat-lto-objects -MT iso8859_1.lo -MD -MP -MF .deps/iso8859_1.Tpo -c iso8859_1.c  -fPIC -DPIC -o .libs/iso8859_1.o
libtool: compile:  gcc -DHAVE_CONFIG_H -I. -I.. -Wall -DUSE_POSIX_API -O2 -m64 -march=x86-64 -mtune=generic -flto=auto -ffat-lto-objects -MT iso8859_2.lo -MD -MP -MF .deps/iso8859_2.Tpo -c iso8859_2.c  -fPIC -DPIC -o .libs/iso8859_2.o
mv -f .deps/euc_jp.Tpo .deps/euc_jp.Plo
/bin/sh ../libtool  --tag=CC   --mode=compile gcc -DHAVE_CONFIG_H -I.  -I..  -Wall -DUSE_POSIX_API  -O2 -m64 -march=x86-64 -mtune=generic -flto=auto -ffat-lto-objects -MT iso8859_3.lo -MD -MP -MF .deps/iso8859_3.Tpo -c -o iso8859_3.lo iso8859_3.c
mv -f .deps/sjis.Tpo .deps/sjis.Plo
/bin/sh ../libtool  --tag=CC   --mode=compile gcc -DHAVE_CONFIG_H -I.  -I..  -Wall -DUSE_POSIX_API  -O2 -m64 -march=x86-64 -mtune=generic -flto=auto -ffat-lto-objects -MT iso8859_4.lo -MD -MP -MF .deps/iso8859_4.Tpo -c -o iso8859_4.lo iso8859_4.c
mv -f .deps/iso8859_2.Tpo .deps/iso8859_2.Plo
/bin/sh ../libtool  --tag=CC   --mode=compile gcc -DHAVE_CONFIG_H -I.  -I..  -Wall -DUSE_POSIX_API  -O2 -m64 -march=x86-64 -mtune=generic -flto=auto -ffat-lto-objects -MT iso8859_5.lo -MD -MP -MF .deps/iso8859_5.Tpo -c -o iso8859_5.lo iso8859_5.c
libtool: compile:  gcc -DHAVE_CONFIG_H -I. -I.. -Wall -DUSE_POSIX_API -O2 -m64 -march=x86-64 -mtune=generic -flto=auto -ffat-lto-objects -MT iso8859_3.lo -MD -MP -MF .deps/iso8859_3.Tpo -c iso8859_3.c  -fPIC -DPIC -o .libs/iso8859_3.o
mv -f .deps/iso8859_1.Tpo .deps/iso8859_1.Plo
/bin/sh ../libtool  --tag=CC   --mode=compile gcc -DHAVE_CONFIG_H -I.  -I..  -Wall -DUSE_POSIX_API  -O2 -m64 -march=x86-64 -mtune=generic -flto=auto -ffat-lto-objects -MT iso8859_6.lo -MD -MP -MF .deps/iso8859_6.Tpo -c -o iso8859_6.lo iso8859_6.c
libtool: compile:  gcc -DHAVE_CONFIG_H -I. -I.. -Wall -DUSE_POSIX_API -O2 -m64 -march=x86-64 -mtune=generic -flto=auto -ffat-lto-objects -MT iso8859_5.lo -MD -MP -MF .deps/iso8859_5.Tpo -c iso8859_5.c  -fPIC -DPIC -o .libs/iso8859_5.o
libtool: compile:  gcc -DHAVE_CONFIG_H -I. -I.. -Wall -DUSE_POSIX_API -O2 -m64 -march=x86-64 -mtune=generic -flto=auto -ffat-lto-objects -MT iso8859_4.lo -MD -MP -MF .deps/iso8859_4.Tpo -c iso8859_4.c  -fPIC -DPIC -o .libs/iso8859_4.o
mv -f .deps/iso8859_3.Tpo .deps/iso8859_3.Plo
/bin/sh ../libtool  --tag=CC   --mode=compile gcc -DHAVE_CONFIG_H -I.  -I..  -Wall -DUSE_POSIX_API  -O2 -m64 -march=x86-64 -mtune=generic -flto=auto -ffat-lto-objects -MT iso8859_7.lo -MD -MP -MF .deps/iso8859_7.Tpo -c -o iso8859_7.lo iso8859_7.c
libtool: compile:  gcc -DHAVE_CONFIG_H -I. -I.. -Wall -DUSE_POSIX_API -O2 -m64 -march=x86-64 -mtune=generic -flto=auto -ffat-lto-objects -MT iso8859_6.lo -MD -MP -MF .deps/iso8859_6.Tpo -c iso8859_6.c  -fPIC -DPIC -o .libs/iso8859_6.o
mv -f .deps/iso8859_5.Tpo .deps/iso8859_5.Plo
/bin/sh ../libtool  --tag=CC   --mode=compile gcc -DHAVE_CONFIG_H -I.  -I..  -Wall -DUSE_POSIX_API  -O2 -m64 -march=x86-64 -mtune=generic -flto=auto -ffat-lto-objects -MT iso8859_8.lo -MD -MP -MF .deps/iso8859_8.Tpo -c -o iso8859_8.lo iso8859_8.c
mv -f .deps/iso8859_4.Tpo .deps/iso8859_4.Plo
/bin/sh ../libtool  --tag=CC   --mode=compile gcc -DHAVE_CONFIG_H -I.  -I..  -Wall -DUSE_POSIX_API  -O2 -m64 -march=x86-64 -mtune=generic -flto=auto -ffat-lto-objects -MT iso8859_9.lo -MD -MP -MF .deps/iso8859_9.Tpo -c -o iso8859_9.lo iso8859_9.c
libtool: compile:  gcc -DHAVE_CONFIG_H -I. -I.. -Wall -DUSE_POSIX_API -O2 -m64 -march=x86-64 -mtune=generic -flto=auto -ffat-lto-objects -MT iso8859_7.lo -MD -MP -MF .deps/iso8859_7.Tpo -c iso8859_7.c  -fPIC -DPIC -o .libs/iso8859_7.o
libtool: compile:  gcc -DHAVE_CONFIG_H -I. -I.. -Wall -DUSE_POSIX_API -O2 -m64 -march=x86-64 -mtune=generic -flto=auto -ffat-lto-objects -MT iso8859_8.lo -MD -MP -MF .deps/iso8859_8.Tpo -c iso8859_8.c  -fPIC -DPIC -o .libs/iso8859_8.o
libtool: compile:  gcc -DHAVE_CONFIG_H -I. -I.. -Wall -DUSE_POSIX_API -O2 -m64 -march=x86-64 -mtune=generic -flto=auto -ffat-lto-objects -MT iso8859_9.lo -MD -MP -MF .deps/iso8859_9.Tpo -c iso8859_9.c  -fPIC -DPIC -o .libs/iso8859_9.o
mv -f .deps/iso8859_6.Tpo .deps/iso8859_6.Plo
/bin/sh ../libtool  --tag=CC   --mode=compile gcc -DHAVE_CONFIG_H -I.  -I..  -Wall -DUSE_POSIX_API  -O2 -m64 -march=x86-64 -mtune=generic -flto=auto -ffat-lto-objects -MT iso8859_10.lo -MD -MP -MF .deps/iso8859_10.Tpo -c -o iso8859_10.lo iso8859_10.c
mv -f .deps/iso8859_8.Tpo .deps/iso8859_8.Plo
/bin/sh ../libtool  --tag=CC   --mode=compile gcc -DHAVE_CONFIG_H -I.  -I..  -Wall -DUSE_POSIX_API  -O2 -m64 -march=x86-64 -mtune=generic -flto=auto -ffat-lto-objects -MT iso8859_11.lo -MD -MP -MF .deps/iso8859_11.Tpo -c -o iso8859_11.lo iso8859_11.c
mv -f .deps/iso8859_7.Tpo .deps/iso8859_7.Plo
/bin/sh ../libtool  --tag=CC   --mode=compile gcc -DHAVE_CONFIG_H -I.  -I..  -Wall -DUSE_POSIX_API  -O2 -m64 -march=x86-64 -mtune=generic -flto=auto -ffat-lto-objects -MT iso8859_13.lo -MD -MP -MF .deps/iso8859_13.Tpo -c -o iso8859_13.lo iso8859_13.c
mv -f .deps/iso8859_9.Tpo .deps/iso8859_9.Plo
/bin/sh ../libtool  --tag=CC   --mode=compile gcc -DHAVE_CONFIG_H -I.  -I..  -Wall -DUSE_POSIX_API  -O2 -m64 -march=x86-64 -mtune=generic -flto=auto -ffat-lto-objects -MT iso8859_14.lo -MD -MP -MF .deps/iso8859_14.Tpo -c -o iso8859_14.lo iso8859_14.c
libtool: compile:  gcc -DHAVE_CONFIG_H -I. -I.. -Wall -DUSE_POSIX_API -O2 -m64 -march=x86-64 -mtune=generic -flto=auto -ffat-lto-objects -MT iso8859_10.lo -MD -MP -MF .deps/iso8859_10.Tpo -c iso8859_10.c  -fPIC -DPIC -o .libs/iso8859_10.o
libtool: compile:  gcc -DHAVE_CONFIG_H -I. -I.. -Wall -DUSE_POSIX_API -O2 -m64 -march=x86-64 -mtune=generic -flto=auto -ffat-lto-objects -MT iso8859_13.lo -MD -MP -MF .deps/iso8859_13.Tpo -c iso8859_13.c  -fPIC -DPIC -o .libs/iso8859_13.o
libtool: compile:  gcc -DHAVE_CONFIG_H -I. -I.. -Wall -DUSE_POSIX_API -O2 -m64 -march=x86-64 -mtune=generic -flto=auto -ffat-lto-objects -MT iso8859_11.lo -MD -MP -MF .deps/iso8859_11.Tpo -c iso8859_11.c  -fPIC -DPIC -o .libs/iso8859_11.o
mv -f .deps/iso8859_10.Tpo .deps/iso8859_10.Plo
mv -f .deps/iso8859_13.Tpo .deps/iso8859_13.Plo
/bin/sh ../libtool  --tag=CC   --mode=compile gcc -DHAVE_CONFIG_H -I.  -I..  -Wall -DUSE_POSIX_API  -O2 -m64 -march=x86-64 -mtune=generic -flto=auto -ffat-lto-objects -MT iso8859_15.lo -MD -MP -MF .deps/iso8859_15.Tpo -c -o iso8859_15.lo iso8859_15.c
/bin/sh ../libtool  --tag=CC   --mode=compile gcc -DHAVE_CONFIG_H -I.  -I..  -Wall -DUSE_POSIX_API  -O2 -m64 -march=x86-64 -mtune=generic -flto=auto -ffat-lto-objects -MT iso8859_16.lo -MD -MP -MF .deps/iso8859_16.Tpo -c -o iso8859_16.lo iso8859_16.c
libtool: compile:  gcc -DHAVE_CONFIG_H -I. -I.. -Wall -DUSE_POSIX_API -O2 -m64 -march=x86-64 -mtune=generic -flto=auto -ffat-lto-objects -MT iso8859_14.lo -MD -MP -MF .deps/iso8859_14.Tpo -c iso8859_14.c  -fPIC -DPIC -o .libs/iso8859_14.o
libtool: compile:  gcc -DHAVE_CONFIG_H -I. -I.. -Wall -DUSE_POSIX_API -O2 -m64 -march=x86-64 -mtune=generic -flto=auto -ffat-lto-objects -MT iso8859_16.lo -MD -MP -MF .deps/iso8859_16.Tpo -c iso8859_16.c  -fPIC -DPIC -o .libs/iso8859_16.o
libtool: compile:  gcc -DHAVE_CONFIG_H -I. -I.. -Wall -DUSE_POSIX_API -O2 -m64 -march=x86-64 -mtune=generic -flto=auto -ffat-lto-objects -MT iso8859_15.lo -MD -MP -MF .deps/iso8859_15.Tpo -c iso8859_15.c  -fPIC -DPIC -o .libs/iso8859_15.o
mv -f .deps/iso8859_11.Tpo .deps/iso8859_11.Plo
/bin/sh ../libtool  --tag=CC   --mode=compile gcc -DHAVE_CONFIG_H -I.  -I..  -Wall -DUSE_POSIX_API  -O2 -m64 -march=x86-64 -mtune=generic -flto=auto -ffat-lto-objects -MT euc_tw.lo -MD -MP -MF .deps/euc_tw.Tpo -c -o euc_tw.lo euc_tw.c
mv -f .deps/iso8859_14.Tpo .deps/iso8859_14.Plo
/bin/sh ../libtool  --tag=CC   --mode=compile gcc -DHAVE_CONFIG_H -I.  -I..  -Wall -DUSE_POSIX_API  -O2 -m64 -march=x86-64 -mtune=generic -flto=auto -ffat-lto-objects -MT euc_kr.lo -MD -MP -MF .deps/euc_kr.Tpo -c -o euc_kr.lo euc_kr.c
mv -f .deps/iso8859_16.Tpo .deps/iso8859_16.Plo
/bin/sh ../libtool  --tag=CC   --mode=compile gcc -DHAVE_CONFIG_H -I.  -I..  -Wall -DUSE_POSIX_API  -O2 -m64 -march=x86-64 -mtune=generic -flto=auto -ffat-lto-objects -MT big5.lo -MD -MP -MF .deps/big5.Tpo -c -o big5.lo big5.c
mv -f .deps/iso8859_15.Tpo .deps/iso8859_15.Plo
libtool: compile:  gcc -DHAVE_CONFIG_H -I. -I.. -Wall -DUSE_POSIX_API -O2 -m64 -march=x86-64 -mtune=generic -flto=auto -ffat-lto-objects -MT euc_tw.lo -MD -MP -MF .deps/euc_tw.Tpo -c euc_tw.c  -fPIC -DPIC -o .libs/euc_tw.o
/bin/sh ../libtool  --tag=CC   --mode=compile gcc -DHAVE_CONFIG_H -I.  -I..  -Wall -DUSE_POSIX_API  -O2 -m64 -march=x86-64 -mtune=generic -flto=auto -ffat-lto-objects -MT gb18030.lo -MD -MP -MF .deps/gb18030.Tpo -c -o gb18030.lo gb18030.c
libtool: compile:  gcc -DHAVE_CONFIG_H -I. -I.. -Wall -DUSE_POSIX_API -O2 -m64 -march=x86-64 -mtune=generic -flto=auto -ffat-lto-objects -MT big5.lo -MD -MP -MF .deps/big5.Tpo -c big5.c  -fPIC -DPIC -o .libs/big5.o
libtool: compile:  gcc -DHAVE_CONFIG_H -I. -I.. -Wall -DUSE_POSIX_API -O2 -m64 -march=x86-64 -mtune=generic -flto=auto -ffat-lto-objects -MT euc_kr.lo -MD -MP -MF .deps/euc_kr.Tpo -c euc_kr.c  -fPIC -DPIC -o .libs/euc_kr.o
mv -f .deps/unicode.Tpo .deps/unicode.Plo
/bin/sh ../libtool  --tag=CC   --mode=compile gcc -DHAVE_CONFIG_H -I.  -I..  -Wall -DUSE_POSIX_API  -O2 -m64 -march=x86-64 -mtune=generic -flto=auto -ffat-lto-objects -MT koi8_r.lo -MD -MP -MF .deps/koi8_r.Tpo -c -o koi8_r.lo koi8_r.c
libtool: compile:  gcc -DHAVE_CONFIG_H -I. -I.. -Wall -DUSE_POSIX_API -O2 -m64 -march=x86-64 -mtune=generic -flto=auto -ffat-lto-objects -MT gb18030.lo -MD -MP -MF .deps/gb18030.Tpo -c gb18030.c  -fPIC -DPIC -o .libs/gb18030.o
mv -f .deps/euc_tw.Tpo .deps/euc_tw.Plo
/bin/sh ../libtool  --tag=CC   --mode=compile gcc -DHAVE_CONFIG_H -I.  -I..  -Wall -DUSE_POSIX_API  -O2 -m64 -march=x86-64 -mtune=generic -flto=auto -ffat-lto-objects -MT cp1251.lo -MD -MP -MF .deps/cp1251.Tpo -c -o cp1251.lo cp1251.c
mv -f .deps/big5.Tpo .deps/big5.Plo
/bin/sh ../libtool  --tag=CC   --mode=compile gcc -DHAVE_CONFIG_H -I.  -I..  -Wall -DUSE_POSIX_API  -O2 -m64 -march=x86-64 -mtune=generic -flto=auto -ffat-lto-objects -MT onig_init.lo -MD -MP -MF .deps/onig_init.Tpo -c -o onig_init.lo onig_init.c
libtool: compile:  gcc -DHAVE_CONFIG_H -I. -I.. -Wall -DUSE_POSIX_API -O2 -m64 -march=x86-64 -mtune=generic -flto=auto -ffat-lto-objects -MT koi8_r.lo -MD -MP -MF .deps/koi8_r.Tpo -c koi8_r.c  -fPIC -DPIC -o .libs/koi8_r.o
libtool: compile:  gcc -DHAVE_CONFIG_H -I. -I.. -Wall -DUSE_POSIX_API -O2 -m64 -march=x86-64 -mtune=generic -flto=auto -ffat-lto-objects -MT cp1251.lo -MD -MP -MF .deps/cp1251.Tpo -c cp1251.c  -fPIC -DPIC -o .libs/cp1251.o
libtool: compile:  gcc -DHAVE_CONFIG_H -I. -I.. -Wall -DUSE_POSIX_API -O2 -m64 -march=x86-64 -mtune=generic -flto=auto -ffat-lto-objects -MT onig_init.lo -MD -MP -MF .deps/onig_init.Tpo -c onig_init.c  -fPIC -DPIC -o .libs/onig_init.o
mv -f .deps/euc_kr.Tpo .deps/euc_kr.Plo
mv -f .deps/koi8_r.Tpo .deps/koi8_r.Plo
mv -f .deps/cp1251.Tpo .deps/cp1251.Plo
mv -f .deps/onig_init.Tpo .deps/onig_init.Plo
mv -f .deps/gb18030.Tpo .deps/gb18030.Plo
mv -f .deps/regcomp.Tpo .deps/regcomp.Plo
mv -f .deps/regexec.Tpo .deps/regexec.Plo
mv -f .deps/regparse.Tpo .deps/regparse.Plo
/bin/sh ../libtool  --tag=CC   --mode=link gcc -Wall -DUSE_POSIX_API  -O2 -m64 -march=x86-64 -mtune=generic -flto=auto -ffat-lto-objects  -version-info 9:0:4   -o libonig.la -rpath /usr/lib regparse.lo regcomp.lo regexec.lo regenc.lo regerror.lo regext.lo regsyntax.lo regtrav.lo regversion.lo st.lo reggnu.lo regposix.lo regposerr.lo unicode.lo unicode_unfold_key.lo unicode_fold1_key.lo unicode_fold2_key.lo unicode_fold3_key.lo ascii.lo utf8.lo utf16_be.lo utf16_le.lo utf32_be.lo utf32_le.lo euc_jp.lo euc_jp_prop.lo sjis.lo sjis_prop.lo iso8859_1.lo iso8859_2.lo iso8859_3.lo iso8859_4.lo iso8859_5.lo iso8859_6.lo iso8859_7.lo iso8859_8.lo iso8859_9.lo iso8859_10.lo iso8859_11.lo iso8859_13.lo iso8859_14.lo iso8859_15.lo iso8859_16.lo euc_tw.lo euc_kr.lo big5.lo gb18030.lo koi8_r.lo cp1251.lo onig_init.lo  
libtool: link: gcc -shared  -fPIC -DPIC  .libs/regparse.o .libs/regcomp.o .libs/regexec.o .libs/regenc.o .libs/regerror.o .libs/regext.o .libs/regsyntax.o .libs/regtrav.o .libs/regversion.o .libs/st.o .libs/reggnu.o .libs/regposix.o .libs/regposerr.o .libs/unicode.o .libs/unicode_unfold_key.o .libs/unicode_fold1_key.o .libs/unicode_fold2_key.o .libs/unicode_fold3_key.o .libs/ascii.o .libs/utf8.o .libs/utf16_be.o .libs/utf16_le.o .libs/utf32_be.o .libs/utf32_le.o .libs/euc_jp.o .libs/euc_jp_prop.o .libs/sjis.o .libs/sjis_prop.o .libs/iso8859_1.o .libs/iso8859_2.o .libs/iso8859_3.o .libs/iso8859_4.o .libs/iso8859_5.o .libs/iso8859_6.o .libs/iso8859_7.o .libs/iso8859_8.o .libs/iso8859_9.o .libs/iso8859_10.o .libs/iso8859_11.o .libs/iso8859_13.o .libs/iso8859_14.o .libs/iso8859_15.o .libs/iso8859_16.o .libs/euc_tw.o .libs/euc_kr.o .libs/big5.o .libs/gb18030.o .libs/koi8_r.o .libs/cp1251.o .libs/onig_init.o    -O2 -m64 -march=x86-64 -mtune=generic -flto=auto   -Wl,-soname -Wl,libonig.so.5 -o .libs/libonig.so.5.4.0
libtool: link: (cd ".libs" && rm -f "libonig.so.5" && ln -s "libonig.so.5.4.0" "libonig.so.5")
libtool: link: (cd ".libs" && rm -f "libonig.so" && ln -s "libonig.so.5.4.0" "libonig.so")
libtool: link: ( cd ".libs" && rm -f "libonig.la" && ln -s "../libonig.la" "libonig.la" )
make[2]: Leaving directory '/home/devel/building/work/src/oniguruma-6.9.9/src'
make[1]: Leaving directory '/home/devel/building/work/src/oniguruma-6.9.9/src'
Making all in test
make[1]: Entering directory '/home/devel/building/work/src/oniguruma-6.9.9/test'
make[1]: Nothing to be done for 'all'.
make[1]: Leaving directory '/home/devel/building/work/src/oniguruma-6.9.9/test'
Making all in sample
make[1]: Entering directory '/home/devel/building/work/src/oniguruma-6.9.9/sample'
make[1]: Nothing to be done for 'all'.
make[1]: Leaving directory '/home/devel/building/work/src/oniguruma-6.9.9/sample'
make[1]: Entering directory '/home/devel/building/work/src/oniguruma-6.9.9'
sed -e 's,[@]datadir[@],/usr/share,g' -e 's,[@]datarootdir[@],/usr/share,g' -e 's,[@]PACKAGE_VERSION[@],6.9.9,g' -e 's,[@]prefix[@],/usr,g' -e 's,[@]exec_prefix[@],/usr,g' -e 's,[@]libdir[@],/usr/lib,g' -e 's,[@]includedir[@],/usr/include,g' < ./oniguruma.pc.in > oniguruma.pc
make[1]: Leaving directory '/home/devel/building/work/src/oniguruma-6.9.9'
+ make DESTDIR=/home/devel/building/work/pkg install
Making install in src
make[1]: Entering directory '/home/devel/building/work/src/oniguruma-6.9.9/src'
make[2]: Entering directory '/home/devel/building/work/src/oniguruma-6.9.9/src'
 /bin/mkdir -p '/home/devel/building/work/pkg/usr/include'
 /bin/mkdir -p '/home/devel/building/work/pkg/usr/lib'
 /bin/sh ../libtool   --mode=install /usr/bin/install -c   libonig.la '/home/devel/building/work/pkg/usr/lib'
 /usr/bin/install -c -m 644 oniguruma.h oniggnu.h onigposix.h '/home/devel/building/work/pkg/usr/include'
make  install-data-hook
make[3]: Entering directory '/home/devel/building/work/src/oniguruma-6.9.9/src'
make[3]: Nothing to be done for 'install-data-hook'.
make[3]: Leaving directory '/home/devel/building/work/src/oniguruma-6.9.9/src'
libtool: install: /usr/bin/install -c .libs/libonig.so.5.4.0 /home/devel/building/work/pkg/usr/lib/libonig.so.5.4.0
libtool: install: (cd /home/devel/building/work/pkg/usr/lib && { ln -s -f libonig.so.5.4.0 libonig.so.5 || { rm -f libonig.so.5 && ln -s libonig.so.5.4.0 libonig.so.5; }; })
libtool: install: (cd /home/devel/building/work/pkg/usr/lib && { ln -s -f libonig.so.5.4.0 libonig.so || { rm -f libonig.so && ln -s libonig.so.5.4.0 libonig.so; }; })
libtool: install: /usr/bin/install -c .libs/libonig.lai /home/devel/building/work/pkg/usr/lib/libonig.la
libtool: warning: remember to run 'libtool --finish /usr/lib'
make[2]: Leaving directory '/home/devel/building/work/src/oniguruma-6.9.9/src'
make[1]: Leaving directory '/home/devel/building/work/src/oniguruma-6.9.9/src'
Making install in test
make[1]: Entering directory '/home/devel/building/work/src/oniguruma-6.9.9/test'
make[2]: Entering directory '/home/devel/building/work/src/oniguruma-6.9.9/test'
make[2]: Nothing to be done for 'install-exec-am'.
make[2]: Nothing to be done for 'install-data-am'.
make[2]: Leaving directory '/home/devel/building/work/src/oniguruma-6.9.9/test'
make[1]: Leaving directory '/home/devel/building/work/src/oniguruma-6.9.9/test'
Making install in sample
make[1]: Entering directory '/home/devel/building/work/src/oniguruma-6.9.9/sample'
make[2]: Entering directory '/home/devel/building/work/src/oniguruma-6.9.9/sample'
make[2]: Nothing to be done for 'install-exec-am'.
make[2]: Nothing to be done for 'install-data-am'.
make[2]: Leaving directory '/home/devel/building/work/src/oniguruma-6.9.9/sample'
make[1]: Leaving directory '/home/devel/building/work/src/oniguruma-6.9.9/sample'
make[1]: Entering directory '/home/devel/building/work/src/oniguruma-6.9.9'
make[2]: Entering directory '/home/devel/building/work/src/oniguruma-6.9.9'
 /bin/mkdir -p '/home/devel/building/work/pkg/usr/bin'
 /bin/mkdir -p '/home/devel/building/work/pkg/usr/lib/pkgconfig'
 /usr/bin/install -c -m 644 oniguruma.pc '/home/devel/building/work/pkg/usr/lib/pkgconfig'
 /usr/bin/install -c onig-config '/home/devel/building/work/pkg/usr/bin'
make[2]: Leaving directory '/home/devel/building/work/src/oniguruma-6.9.9'
make[1]: Leaving directory '/home/devel/building/work/src/oniguruma-6.9.9'
+ find /home/devel/building/work/pkg -type f -name '*.la' -delete
=======> Build result:
drwxr-xr-x  0 root   root        0 May  8 00:49 usr/
drwxr-xr-x  0 root   root        0 May  8 00:49 usr/include/
drwxr-xr-x  0 root   root        0 May  8 00:49 usr/lib/
drwxr-xr-x  0 root   root        0 May  8 00:49 usr/bin/
-rwxr-xr-x  0 root   root     1374 May  8 00:49 usr/bin/onig-config
-rwxr-xr-x  0 root   root   611232 May  8 00:49 usr/lib/libonig.so.5.4.0
lrwxrwxrwx  0 root   root        0 May  8 00:49 usr/lib/libonig.so.5 -> libonig.so.5.4.0
lrwxrwxrwx  0 root   root        0 May  8 00:49 usr/lib/libonig.so -> libonig.so.5.4.0
drwxr-xr-x  0 root   root        0 May  8 00:49 usr/lib/pkgconfig/
-rw-r--r--  0 root   root      242 May  8 00:49 usr/lib/pkgconfig/oniguruma.pc
-rw-r--r--  0 root   root    49077 May  8 00:49 usr/include/oniguruma.h
-rw-r--r--  0 root   root     3361 May  8 00:49 usr/include/oniggnu.h
-rw-r--r--  0 root   root     6766 May  8 00:49 usr/include/onigposix.h
=======> Building '/home/devel/packages/oniguruma#6.9.9-1.x86_64.pkg.tar.zst' succeeded.
prt-get: Using PKGMK_PACKAGE_DIR: /home/devel/packages
prt-get: reinstalling oniguruma 6.9.9-1
prt-get: /usr/bin/pkgadd -u oniguruma#6.9.9-1.x86_64.pkg.tar.zst
prt-get: build done Wed May  8 00:49:21 2024

