prt-get: updating /usr/ports/opt-x86_64/os-prober
prt-get: starting build Wed May  8 00:52:34 2024
=======> Building '/home/devel/packages/os-prober#1.81-1.x86_64.pkg.tar.zst'.
bsdtar -p -o -C /home/devel/building/work/src -xf /home/devel/sources/os-prober_1.81.tar.xz
cp os-prober-1.79-btrfs-subvolume-detection.patch /home/devel/building/work/src
cp os-prober-1.79-use-fstab-name.patch /home/devel/building/work/src
cp os-prober-1.79-mounted-boot-partition-fix.patch /home/devel/building/work/src
cp os-prober-1.79-fix-busy-umount-message.patch /home/devel/building/work/src
cp os-prober-1.79-efi-chroot-blkid-fallback.patch /home/devel/building/work/src
+ build
+ cd os-prober-1.81
+ patch -p1 -i /home/devel/building/work/src/os-prober-1.79-btrfs-subvolume-detection.patch
patching file common.sh
patching file linux-boot-prober
patching file linux-boot-probes/mounted/common/40grub2
patching file os-prober
Hunk #1 succeeded at 70 (offset -6 lines).
Hunk #2 succeeded at 133 with fuzz 1 (offset -6 lines).
Hunk #3 succeeded at 153 (offset -6 lines).
patching file os-probes/common/50mounted-tests
patching file os-probes/mounted/common/90linux-distro
Hunk #2 succeeded at 151 (offset 6 lines).
+ patch -p1 -i /home/devel/building/work/src/os-prober-1.79-use-fstab-name.patch
patching file common.sh
Hunk #1 succeeded at 264 (offset -5 lines).
Hunk #2 succeeded at 272 (offset -5 lines).
+ patch -p1 -i /home/devel/building/work/src/os-prober-1.79-mounted-boot-partition-fix.patch
patching file linux-boot-prober
+ patch -p1 -i /home/devel/building/work/src/os-prober-1.79-fix-busy-umount-message.patch
patching file common.sh
Hunk #1 succeeded at 316 (offset -20 lines).
+ patch -p1 -i /home/devel/building/work/src/os-prober-1.79-efi-chroot-blkid-fallback.patch
patching file os-probes/mounted/x86/05efi
Hunk #1 succeeded at 35 (offset -11 lines).
+ sed -i -e 's:/lib/ld\*\.so\*:/lib*/ld*.so*:g' os-probes/mounted/common/90linux-distro
+ rm -f Makefile
+ make newns
cc -O2 -m64 -march=x86-64 -mtune=generic -flto=auto -ffat-lto-objects    newns.c   -o newns
+ find . -iname '*.orig' -delete
+ install -D -m 0755 linux-boot-prober /home/devel/building/work/pkg/usr/bin/linux-boot-prober
+ install -D -m 0755 os-prober /home/devel/building/work/pkg/usr/bin/os-prober
+ install -D -m 0755 newns /home/devel/building/work/pkg/usr/lib/os-prober/newns
+ install -D -m 0755 common.sh /home/devel/building/work/pkg/usr/share/os-prober/common.sh
+ for i in os-probes os-probes/mounted os-probes/init linux-boot-probes linux-boot-probes/mounted
+ install -d -m 0755 /home/devel/building/work/pkg/usr/lib/os-probes
+ install -m 0755 -t /home/devel/building/work/pkg/usr/lib/os-probes os-probes/common/50mounted-tests
+ [[ -d os-probes/x86 ]]
+ for i in os-probes os-probes/mounted os-probes/init linux-boot-probes linux-boot-probes/mounted
+ install -d -m 0755 /home/devel/building/work/pkg/usr/lib/os-probes/mounted
+ install -m 0755 -t /home/devel/building/work/pkg/usr/lib/os-probes/mounted os-probes/mounted/common/40lsb os-probes/mounted/common/90linux-distro
+ [[ -d os-probes/mounted/x86 ]]
+ cp -r os-probes/mounted/x86/05efi os-probes/mounted/x86/10freedos os-probes/mounted/x86/10qnx os-probes/mounted/x86/20microsoft os-probes/mounted/x86/30utility os-probes/mounted/x86/70hurd os-probes/mounted/x86/80minix os-probes/mounted/x86/83haiku os-probes/mounted/x86/90solaris os-probes/mounted/x86/efi /home/devel/building/work/pkg/usr/lib/os-probes/mounted
+ for i in os-probes os-probes/mounted os-probes/init linux-boot-probes linux-boot-probes/mounted
+ install -d -m 0755 /home/devel/building/work/pkg/usr/lib/os-probes/init
+ install -m 0755 -t /home/devel/building/work/pkg/usr/lib/os-probes/init os-probes/init/common/10filesystems
+ [[ -d os-probes/init/x86 ]]
+ for i in os-probes os-probes/mounted os-probes/init linux-boot-probes linux-boot-probes/mounted
+ install -d -m 0755 /home/devel/building/work/pkg/usr/lib/linux-boot-probes
+ install -m 0755 -t /home/devel/building/work/pkg/usr/lib/linux-boot-probes linux-boot-probes/common/50mounted-tests
+ [[ -d linux-boot-probes/x86 ]]
+ for i in os-probes os-probes/mounted os-probes/init linux-boot-probes linux-boot-probes/mounted
+ install -d -m 0755 /home/devel/building/work/pkg/usr/lib/linux-boot-probes/mounted
+ install -m 0755 -t /home/devel/building/work/pkg/usr/lib/linux-boot-probes/mounted linux-boot-probes/mounted/common/40grub2 linux-boot-probes/mounted/common/90fallback
+ [[ -d linux-boot-probes/mounted/x86 ]]
+ cp -r linux-boot-probes/mounted/x86/40grub linux-boot-probes/mounted/x86/50lilo /home/devel/building/work/pkg/usr/lib/linux-boot-probes/mounted
+ install -D -m 0755 os-probes/mounted/powerpc/20macosx /home/devel/building/work/pkg/usr/lib/os-probes/mounted/20macosx
+ install -d -m 0755 /home/devel/building/work/pkg/var/lib/os-prober
=======> Build result:
drwxr-xr-x  0 root   root        0 May  8 00:52 usr/
drwxr-xr-x  0 root   root        0 May  8 00:52 usr/bin/
drwxr-xr-x  0 root   root        0 May  8 00:52 usr/lib/
drwxr-xr-x  0 root   root        0 May  8 00:52 usr/share/
drwxr-xr-x  0 root   root        0 May  8 00:52 usr/share/os-prober/
-rwxr-xr-x  0 root   root     7495 May  8 00:52 usr/share/os-prober/common.sh
drwxr-xr-x  0 root   root        0 May  8 00:52 usr/lib/os-prober/
drwxr-xr-x  0 root   root        0 May  8 00:52 usr/lib/os-probes/
drwxr-xr-x  0 root   root        0 May  8 00:52 usr/lib/linux-boot-probes/
-rwxr-xr-x  0 root   root     1811 May  8 00:52 usr/lib/linux-boot-probes/50mounted-tests
drwxr-xr-x  0 root   root        0 May  8 00:52 usr/lib/linux-boot-probes/mounted/
-rwxr-xr-x  0 root   root     3664 May  8 00:52 usr/lib/linux-boot-probes/mounted/40grub2
-rwxr-xr-x  0 root   root     2102 May  8 00:52 usr/lib/linux-boot-probes/mounted/90fallback
-rwxr-xr-x  0 root   root     2147 May  8 00:52 usr/lib/linux-boot-probes/mounted/40grub
-rwxr-xr-x  0 root   root     2331 May  8 00:52 usr/lib/linux-boot-probes/mounted/50lilo
-rwxr-xr-x  0 root   root     5330 May  8 00:52 usr/lib/os-probes/50mounted-tests
drwxr-xr-x  0 root   root        0 May  8 00:52 usr/lib/os-probes/mounted/
drwxr-xr-x  0 root   root        0 May  8 00:52 usr/lib/os-probes/init/
-rwxr-xr-x  0 root   root     1158 May  8 00:52 usr/lib/os-probes/init/10filesystems
-rwxr-xr-x  0 root   root      891 May  8 00:52 usr/lib/os-probes/mounted/40lsb
-rwxr-xr-x  0 root   root     6117 May  8 00:52 usr/lib/os-probes/mounted/90linux-distro
-rwxr-xr-x  0 root   root     2263 May  8 00:52 usr/lib/os-probes/mounted/05efi
-rwxr-xr-x  0 root   root      517 May  8 00:52 usr/lib/os-probes/mounted/10freedos
-rwxr-xr-x  0 root   root      390 May  8 00:52 usr/lib/os-probes/mounted/10qnx
-rwxr-xr-x  0 root   root     3537 May  8 00:52 usr/lib/os-probes/mounted/20microsoft
-rwxr-xr-x  0 root   root      863 May  8 00:52 usr/lib/os-probes/mounted/30utility
-rwxr-xr-x  0 root   root      247 May  8 00:52 usr/lib/os-probes/mounted/70hurd
-rwxr-xr-x  0 root   root      431 May  8 00:52 usr/lib/os-probes/mounted/80minix
-rwxr-xr-x  0 root   root      883 May  8 00:52 usr/lib/os-probes/mounted/83haiku
-rwxr-xr-x  0 root   root      385 May  8 00:52 usr/lib/os-probes/mounted/90solaris
drwxr-xr-x  0 root   root        0 May  8 00:52 usr/lib/os-probes/mounted/efi/
-rwxr-xr-x  0 root   root      771 May  8 00:52 usr/lib/os-probes/mounted/20macosx
-rwxr-xr-x  0 root   root      408 May  8 00:52 usr/lib/os-probes/mounted/efi/10elilo
-rwxr-xr-x  0 root   root      616 May  8 00:52 usr/lib/os-probes/mounted/efi/20microsoft
-rwxr-xr-x  0 root   root    14448 May  8 00:52 usr/lib/os-prober/newns
-rwxr-xr-x  0 root   root     5576 May  8 00:52 usr/bin/linux-boot-prober
-rwxr-xr-x  0 root   root     5346 May  8 00:52 usr/bin/os-prober
drwxr-xr-x  0 root   root        0 May  8 00:52 var/
drwxr-xr-x  0 root   root        0 May  8 00:52 var/lib/
drwxr-xr-x  0 root   root        0 May  8 00:52 var/lib/os-prober/
=======> Building '/home/devel/packages/os-prober#1.81-1.x86_64.pkg.tar.zst' succeeded.
prt-get: Using PKGMK_PACKAGE_DIR: /home/devel/packages
prt-get: reinstalling os-prober 1.81-1
prt-get: /usr/bin/pkgadd -u os-prober#1.81-1.x86_64.pkg.tar.zst
prt-get: build done Wed May  8 00:52:34 2024

