prt-get: updating /usr/ports/wayland-x86_64/pangomm
prt-get: starting build Thu Feb  1 19:30:20 2024
=======> Building '/home/devel/packages/pangomm#2.46.3-1.x86_64.pkg.tar.zst'.
bsdtar -p -o -C /home/devel/building/work/src -xf /home/devel/sources/pangomm-2.46.3.tar.xz
+ build
+ cd pangomm-2.46.3
+ build-meson -Dbuild-documentation=false . build
The Meson build system
Version: 1.3.1
Source dir: /home/devel/building/work/src/pangomm-2.46.3
Build dir: /home/devel/building/work/src/pangomm-2.46.3/build
Build type: native build
Project name: pangomm
Project version: 2.46.3
C++ compiler for the host machine: c++ (gcc 13.2.0 "c++ (SAUX-x86_64) 13.2.0")
C++ linker for the host machine: c++ ld.bfd 2.42
Host machine cpu family: x86_64
Host machine cpu: x86_64
Program python3 found: YES (/usr/bin/python3)
Found pkg-config: YES (/usr/bin/pkg-config) 2.1.0
Run-time dependency pangocairo found: YES 1.51.0
Run-time dependency cairomm-1.0 found: YES 1.14.5
Run-time dependency glibmm-2.4 found: YES 2.66.6
Program mm-common-get found: YES (/usr/bin/mm-common-get)
Program m4 found: YES (/usr/bin/m4)
Program doxygen found: NO
Program dot found: NO
Program xsltproc found: YES (/usr/bin/xsltproc)
Program perl found: YES (/usr/bin/perl)
Library glibmm_generate_extra_defs-2.4 found: YES
Configuring pangomm-1.4.pc using configuration
Configuring pangomm-1.4-uninstalled.pc using configuration
Configuring pangommconfig.h using configuration
Configuring pangomm.rc using configuration
Run-time dependency mm-common-libstdc++ found: YES 1.0.5
Run-time dependency sigc++-2.0 found: YES 2.12.1
Dependency glibmm-2.4 found: YES 2.66.6 (cached)
Dependency cairomm-1.0 found: YES 1.14.5 (cached)
Configuring Doxyfile using configuration
Message: 
------
pangomm 2.46.3

         Maintainer mode: if-git-build (false)
       Compiler warnings: min (warning_level: 1, werror: false)
    Build deprecated API: true
Build HTML documentation: false
Directories:
                  prefix: /usr
              includedir: /usr/include
       includepangommdir: /usr/include/pangomm-1.4
                  libdir: /usr/lib
        includeconfigdir: /usr/lib/pangomm-1.4/include
                   m4dir: /usr/lib/pangomm-1.4/proc/m4
            pkgconfigdir: /usr/lib/pkgconfig
                 datadir: /usr/share
                  docdir: /usr/share/doc/pangomm-1.4
              devhelpdir: /usr/share/devhelp/books/pangomm-1.4
------
Build targets in project: 2
NOTICE: Future-deprecated features used:
 * 0.64.0: {'copy arg in configure_file'}

pangomm 2.46.3

  User defined options
    auto_features      : auto
    bindir             : /usr/bin
    buildtype          : plain
    datadir            : /usr/share
    includedir         : /usr/include
    libdir             : /usr/lib
    libexecdir         : /usr/lib
    localstatedir      : /var
    mandir             : /usr/share/man
    prefix             : /usr
    sbindir            : /usr/sbin
    sharedstatedir     : /var/lib
    sysconfdir         : /etc
    werror             : false
    wrap_mode          : nodownload
    python.bytecompile : 0
    b_lto              : false
    b_pie              : true
    b_staticpic        : true
    build-documentation: false

Found ninja-1.9 at /usr/bin/ninja
+ meson compile -j 8 -v -C build
ninja: entering directory '/home/devel/building/work/src/pangomm-2.46.3/build'
[1/30] c++ -Ipango/pangomm/libpangomm-1.4.so.1.0.30.p -Ipango -I../pango -I../untracked/pango -I/usr/include/glibmm-2.4 -I/usr/lib/glibmm-2.4/include -I/usr/include/glib-2.0 -I/usr/lib/glib-2.0/include -I/usr/include/sigc++-2.0 -I/usr/lib/sigc++-2.0/include -I/usr/include/cairomm-1.0 -I/usr/lib/cairomm-1.0/include -I/usr/include/cairo -I/usr/include/freetype2 -I/usr/include/libpng16 -I/usr/include/harfbuzz -I/usr/include/pixman-1 -I/usr/include/pango-1.0 -I/usr/include/libmount -I/usr/include/blkid -I/usr/include/fribidi -fdiagnostics-color=always -D_FILE_OFFSET_BITS=64 -Wall -Winvalid-pch -std=c++11 -O2 -m64 -march=x86-64 -mtune=generic -flto=auto -ffat-lto-objects -fPIC -pthread -DPANGOMM_BUILD=1 -MD -MQ pango/pangomm/libpangomm-1.4.so.1.0.30.p/init.cc.o -MF pango/pangomm/libpangomm-1.4.so.1.0.30.p/init.cc.o.d -o pango/pangomm/libpangomm-1.4.so.1.0.30.p/init.cc.o -c ../pango/pangomm/init.cc
[2/30] c++ -Ipango/pangomm/libpangomm-1.4.so.1.0.30.p -Ipango -I../pango -I../untracked/pango -I/usr/include/glibmm-2.4 -I/usr/lib/glibmm-2.4/include -I/usr/include/glib-2.0 -I/usr/lib/glib-2.0/include -I/usr/include/sigc++-2.0 -I/usr/lib/sigc++-2.0/include -I/usr/include/cairomm-1.0 -I/usr/lib/cairomm-1.0/include -I/usr/include/cairo -I/usr/include/freetype2 -I/usr/include/libpng16 -I/usr/include/harfbuzz -I/usr/include/pixman-1 -I/usr/include/pango-1.0 -I/usr/include/libmount -I/usr/include/blkid -I/usr/include/fribidi -fdiagnostics-color=always -D_FILE_OFFSET_BITS=64 -Wall -Winvalid-pch -std=c++11 -O2 -m64 -march=x86-64 -mtune=generic -flto=auto -ffat-lto-objects -fPIC -pthread -DPANGOMM_BUILD=1 -MD -MQ pango/pangomm/libpangomm-1.4.so.1.0.30.p/.._.._untracked_pango_pangomm_tabarray.cc.o -MF pango/pangomm/libpangomm-1.4.so.1.0.30.p/.._.._untracked_pango_pangomm_tabarray.cc.o.d -o pango/pangomm/libpangomm-1.4.so.1.0.30.p/.._.._untracked_pango_pangomm_tabarray.cc.o -c ../untracked/pango/pangomm/tabarray.cc
[3/30] c++ -Ipango/pangomm/libpangomm-1.4.so.1.0.30.p -Ipango -I../pango -I../untracked/pango -I/usr/include/glibmm-2.4 -I/usr/lib/glibmm-2.4/include -I/usr/include/glib-2.0 -I/usr/lib/glib-2.0/include -I/usr/include/sigc++-2.0 -I/usr/lib/sigc++-2.0/include -I/usr/include/cairomm-1.0 -I/usr/lib/cairomm-1.0/include -I/usr/include/cairo -I/usr/include/freetype2 -I/usr/include/libpng16 -I/usr/include/harfbuzz -I/usr/include/pixman-1 -I/usr/include/pango-1.0 -I/usr/include/libmount -I/usr/include/blkid -I/usr/include/fribidi -fdiagnostics-color=always -D_FILE_OFFSET_BITS=64 -Wall -Winvalid-pch -std=c++11 -O2 -m64 -march=x86-64 -mtune=generic -flto=auto -ffat-lto-objects -fPIC -pthread -DPANGOMM_BUILD=1 -MD -MQ pango/pangomm/libpangomm-1.4.so.1.0.30.p/.._.._untracked_pango_pangomm_renderer.cc.o -MF pango/pangomm/libpangomm-1.4.so.1.0.30.p/.._.._untracked_pango_pangomm_renderer.cc.o.d -o pango/pangomm/libpangomm-1.4.so.1.0.30.p/.._.._untracked_pango_pangomm_renderer.cc.o -c ../untracked/pango/pangomm/renderer.cc
[4/30] c++ -Ipango/pangomm/libpangomm-1.4.so.1.0.30.p -Ipango -I../pango -I../untracked/pango -I/usr/include/glibmm-2.4 -I/usr/lib/glibmm-2.4/include -I/usr/include/glib-2.0 -I/usr/lib/glib-2.0/include -I/usr/include/sigc++-2.0 -I/usr/lib/sigc++-2.0/include -I/usr/include/cairomm-1.0 -I/usr/lib/cairomm-1.0/include -I/usr/include/cairo -I/usr/include/freetype2 -I/usr/include/libpng16 -I/usr/include/harfbuzz -I/usr/include/pixman-1 -I/usr/include/pango-1.0 -I/usr/include/libmount -I/usr/include/blkid -I/usr/include/fribidi -fdiagnostics-color=always -D_FILE_OFFSET_BITS=64 -Wall -Winvalid-pch -std=c++11 -O2 -m64 -march=x86-64 -mtune=generic -flto=auto -ffat-lto-objects -fPIC -pthread -DPANGOMM_BUILD=1 -MD -MQ pango/pangomm/libpangomm-1.4.so.1.0.30.p/.._.._untracked_pango_pangomm_rectangle.cc.o -MF pango/pangomm/libpangomm-1.4.so.1.0.30.p/.._.._untracked_pango_pangomm_rectangle.cc.o.d -o pango/pangomm/libpangomm-1.4.so.1.0.30.p/.._.._untracked_pango_pangomm_rectangle.cc.o -c ../untracked/pango/pangomm/rectangle.cc
[5/30] c++ -Ipango/pangomm/libpangomm-1.4.so.1.0.30.p -Ipango -I../pango -I../untracked/pango -I/usr/include/glibmm-2.4 -I/usr/lib/glibmm-2.4/include -I/usr/include/glib-2.0 -I/usr/lib/glib-2.0/include -I/usr/include/sigc++-2.0 -I/usr/lib/sigc++-2.0/include -I/usr/include/cairomm-1.0 -I/usr/lib/cairomm-1.0/include -I/usr/include/cairo -I/usr/include/freetype2 -I/usr/include/libpng16 -I/usr/include/harfbuzz -I/usr/include/pixman-1 -I/usr/include/pango-1.0 -I/usr/include/libmount -I/usr/include/blkid -I/usr/include/fribidi -fdiagnostics-color=always -D_FILE_OFFSET_BITS=64 -Wall -Winvalid-pch -std=c++11 -O2 -m64 -march=x86-64 -mtune=generic -flto=auto -ffat-lto-objects -fPIC -pthread -DPANGOMM_BUILD=1 -MD -MQ pango/pangomm/libpangomm-1.4.so.1.0.30.p/.._.._untracked_pango_pangomm_layoutrun.cc.o -MF pango/pangomm/libpangomm-1.4.so.1.0.30.p/.._.._untracked_pango_pangomm_layoutrun.cc.o.d -o pango/pangomm/libpangomm-1.4.so.1.0.30.p/.._.._untracked_pango_pangomm_layoutrun.cc.o -c ../untracked/pango/pangomm/layoutrun.cc
[6/30] c++ -Ipango/pangomm/libpangomm-1.4.so.1.0.30.p -Ipango -I../pango -I../untracked/pango -I/usr/include/glibmm-2.4 -I/usr/lib/glibmm-2.4/include -I/usr/include/glib-2.0 -I/usr/lib/glib-2.0/include -I/usr/include/sigc++-2.0 -I/usr/lib/sigc++-2.0/include -I/usr/include/cairomm-1.0 -I/usr/lib/cairomm-1.0/include -I/usr/include/cairo -I/usr/include/freetype2 -I/usr/include/libpng16 -I/usr/include/harfbuzz -I/usr/include/pixman-1 -I/usr/include/pango-1.0 -I/usr/include/libmount -I/usr/include/blkid -I/usr/include/fribidi -fdiagnostics-color=always -D_FILE_OFFSET_BITS=64 -Wall -Winvalid-pch -std=c++11 -O2 -m64 -march=x86-64 -mtune=generic -flto=auto -ffat-lto-objects -fPIC -pthread -DPANGOMM_BUILD=1 -MD -MQ pango/pangomm/libpangomm-1.4.so.1.0.30.p/.._.._untracked_pango_pangomm_layoutline.cc.o -MF pango/pangomm/libpangomm-1.4.so.1.0.30.p/.._.._untracked_pango_pangomm_layoutline.cc.o.d -o pango/pangomm/libpangomm-1.4.so.1.0.30.p/.._.._untracked_pango_pangomm_layoutline.cc.o -c ../untracked/pango/pangomm/layoutline.cc
[7/30] c++ -Ipango/pangomm/libpangomm-1.4.so.1.0.30.p -Ipango -I../pango -I../untracked/pango -I/usr/include/glibmm-2.4 -I/usr/lib/glibmm-2.4/include -I/usr/include/glib-2.0 -I/usr/lib/glib-2.0/include -I/usr/include/sigc++-2.0 -I/usr/lib/sigc++-2.0/include -I/usr/include/cairomm-1.0 -I/usr/lib/cairomm-1.0/include -I/usr/include/cairo -I/usr/include/freetype2 -I/usr/include/libpng16 -I/usr/include/harfbuzz -I/usr/include/pixman-1 -I/usr/include/pango-1.0 -I/usr/include/libmount -I/usr/include/blkid -I/usr/include/fribidi -fdiagnostics-color=always -D_FILE_OFFSET_BITS=64 -Wall -Winvalid-pch -std=c++11 -O2 -m64 -march=x86-64 -mtune=generic -flto=auto -ffat-lto-objects -fPIC -pthread -DPANGOMM_BUILD=1 -MD -MQ pango/pangomm/libpangomm-1.4.so.1.0.30.p/.._.._untracked_pango_pangomm_layoutiter.cc.o -MF pango/pangomm/libpangomm-1.4.so.1.0.30.p/.._.._untracked_pango_pangomm_layoutiter.cc.o.d -o pango/pangomm/libpangomm-1.4.so.1.0.30.p/.._.._untracked_pango_pangomm_layoutiter.cc.o -c ../untracked/pango/pangomm/layoutiter.cc
[8/30] c++ -Ipango/pangomm/libpangomm-1.4.so.1.0.30.p -Ipango -I../pango -I../untracked/pango -I/usr/include/glibmm-2.4 -I/usr/lib/glibmm-2.4/include -I/usr/include/glib-2.0 -I/usr/lib/glib-2.0/include -I/usr/include/sigc++-2.0 -I/usr/lib/sigc++-2.0/include -I/usr/include/cairomm-1.0 -I/usr/lib/cairomm-1.0/include -I/usr/include/cairo -I/usr/include/freetype2 -I/usr/include/libpng16 -I/usr/include/harfbuzz -I/usr/include/pixman-1 -I/usr/include/pango-1.0 -I/usr/include/libmount -I/usr/include/blkid -I/usr/include/fribidi -fdiagnostics-color=always -D_FILE_OFFSET_BITS=64 -Wall -Winvalid-pch -std=c++11 -O2 -m64 -march=x86-64 -mtune=generic -flto=auto -ffat-lto-objects -fPIC -pthread -DPANGOMM_BUILD=1 -MD -MQ pango/pangomm/libpangomm-1.4.so.1.0.30.p/.._.._untracked_pango_pangomm_layout.cc.o -MF pango/pangomm/libpangomm-1.4.so.1.0.30.p/.._.._untracked_pango_pangomm_layout.cc.o.d -o pango/pangomm/libpangomm-1.4.so.1.0.30.p/.._.._untracked_pango_pangomm_layout.cc.o -c ../untracked/pango/pangomm/layout.cc
[9/30] c++ -Ipango/pangomm/libpangomm-1.4.so.1.0.30.p -Ipango -I../pango -I../untracked/pango -I/usr/include/glibmm-2.4 -I/usr/lib/glibmm-2.4/include -I/usr/include/glib-2.0 -I/usr/lib/glib-2.0/include -I/usr/include/sigc++-2.0 -I/usr/lib/sigc++-2.0/include -I/usr/include/cairomm-1.0 -I/usr/lib/cairomm-1.0/include -I/usr/include/cairo -I/usr/include/freetype2 -I/usr/include/libpng16 -I/usr/include/harfbuzz -I/usr/include/pixman-1 -I/usr/include/pango-1.0 -I/usr/include/libmount -I/usr/include/blkid -I/usr/include/fribidi -fdiagnostics-color=always -D_FILE_OFFSET_BITS=64 -Wall -Winvalid-pch -std=c++11 -O2 -m64 -march=x86-64 -mtune=generic -flto=auto -ffat-lto-objects -fPIC -pthread -DPANGOMM_BUILD=1 -MD -MQ pango/pangomm/libpangomm-1.4.so.1.0.30.p/.._.._untracked_pango_pangomm_language.cc.o -MF pango/pangomm/libpangomm-1.4.so.1.0.30.p/.._.._untracked_pango_pangomm_language.cc.o.d -o pango/pangomm/libpangomm-1.4.so.1.0.30.p/.._.._untracked_pango_pangomm_language.cc.o -c ../untracked/pango/pangomm/language.cc
[10/30] c++ -Ipango/pangomm/libpangomm-1.4.so.1.0.30.p -Ipango -I../pango -I../untracked/pango -I/usr/include/glibmm-2.4 -I/usr/lib/glibmm-2.4/include -I/usr/include/glib-2.0 -I/usr/lib/glib-2.0/include -I/usr/include/sigc++-2.0 -I/usr/lib/sigc++-2.0/include -I/usr/include/cairomm-1.0 -I/usr/lib/cairomm-1.0/include -I/usr/include/cairo -I/usr/include/freetype2 -I/usr/include/libpng16 -I/usr/include/harfbuzz -I/usr/include/pixman-1 -I/usr/include/pango-1.0 -I/usr/include/libmount -I/usr/include/blkid -I/usr/include/fribidi -fdiagnostics-color=always -D_FILE_OFFSET_BITS=64 -Wall -Winvalid-pch -std=c++11 -O2 -m64 -march=x86-64 -mtune=generic -flto=auto -ffat-lto-objects -fPIC -pthread -DPANGOMM_BUILD=1 -MD -MQ pango/pangomm/libpangomm-1.4.so.1.0.30.p/.._.._untracked_pango_pangomm_item.cc.o -MF pango/pangomm/libpangomm-1.4.so.1.0.30.p/.._.._untracked_pango_pangomm_item.cc.o.d -o pango/pangomm/libpangomm-1.4.so.1.0.30.p/.._.._untracked_pango_pangomm_item.cc.o -c ../untracked/pango/pangomm/item.cc
[11/30] c++ -Ipango/pangomm/libpangomm-1.4.so.1.0.30.p -Ipango -I../pango -I../untracked/pango -I/usr/include/glibmm-2.4 -I/usr/lib/glibmm-2.4/include -I/usr/include/glib-2.0 -I/usr/lib/glib-2.0/include -I/usr/include/sigc++-2.0 -I/usr/lib/sigc++-2.0/include -I/usr/include/cairomm-1.0 -I/usr/lib/cairomm-1.0/include -I/usr/include/cairo -I/usr/include/freetype2 -I/usr/include/libpng16 -I/usr/include/harfbuzz -I/usr/include/pixman-1 -I/usr/include/pango-1.0 -I/usr/include/libmount -I/usr/include/blkid -I/usr/include/fribidi -fdiagnostics-color=always -D_FILE_OFFSET_BITS=64 -Wall -Winvalid-pch -std=c++11 -O2 -m64 -march=x86-64 -mtune=generic -flto=auto -ffat-lto-objects -fPIC -pthread -DPANGOMM_BUILD=1 -MD -MQ pango/pangomm/libpangomm-1.4.so.1.0.30.p/.._.._untracked_pango_pangomm_glyphstring.cc.o -MF pango/pangomm/libpangomm-1.4.so.1.0.30.p/.._.._untracked_pango_pangomm_glyphstring.cc.o.d -o pango/pangomm/libpangomm-1.4.so.1.0.30.p/.._.._untracked_pango_pangomm_glyphstring.cc.o -c ../untracked/pango/pangomm/glyphstring.cc
[12/30] c++ -Ipango/pangomm/libpangomm-1.4.so.1.0.30.p -Ipango -I../pango -I../untracked/pango -I/usr/include/glibmm-2.4 -I/usr/lib/glibmm-2.4/include -I/usr/include/glib-2.0 -I/usr/lib/glib-2.0/include -I/usr/include/sigc++-2.0 -I/usr/lib/sigc++-2.0/include -I/usr/include/cairomm-1.0 -I/usr/lib/cairomm-1.0/include -I/usr/include/cairo -I/usr/include/freetype2 -I/usr/include/libpng16 -I/usr/include/harfbuzz -I/usr/include/pixman-1 -I/usr/include/pango-1.0 -I/usr/include/libmount -I/usr/include/blkid -I/usr/include/fribidi -fdiagnostics-color=always -D_FILE_OFFSET_BITS=64 -Wall -Winvalid-pch -std=c++11 -O2 -m64 -march=x86-64 -mtune=generic -flto=auto -ffat-lto-objects -fPIC -pthread -DPANGOMM_BUILD=1 -MD -MQ pango/pangomm/libpangomm-1.4.so.1.0.30.p/.._.._untracked_pango_pangomm_glyph.cc.o -MF pango/pangomm/libpangomm-1.4.so.1.0.30.p/.._.._untracked_pango_pangomm_glyph.cc.o.d -o pango/pangomm/libpangomm-1.4.so.1.0.30.p/.._.._untracked_pango_pangomm_glyph.cc.o -c ../untracked/pango/pangomm/glyph.cc
[13/30] c++ -Ipango/pangomm/libpangomm-1.4.so.1.0.30.p -Ipango -I../pango -I../untracked/pango -I/usr/include/glibmm-2.4 -I/usr/lib/glibmm-2.4/include -I/usr/include/glib-2.0 -I/usr/lib/glib-2.0/include -I/usr/include/sigc++-2.0 -I/usr/lib/sigc++-2.0/include -I/usr/include/cairomm-1.0 -I/usr/lib/cairomm-1.0/include -I/usr/include/cairo -I/usr/include/freetype2 -I/usr/include/libpng16 -I/usr/include/harfbuzz -I/usr/include/pixman-1 -I/usr/include/pango-1.0 -I/usr/include/libmount -I/usr/include/blkid -I/usr/include/fribidi -fdiagnostics-color=always -D_FILE_OFFSET_BITS=64 -Wall -Winvalid-pch -std=c++11 -O2 -m64 -march=x86-64 -mtune=generic -flto=auto -ffat-lto-objects -fPIC -pthread -DPANGOMM_BUILD=1 -MD -MQ pango/pangomm/libpangomm-1.4.so.1.0.30.p/.._.._untracked_pango_pangomm_fontset.cc.o -MF pango/pangomm/libpangomm-1.4.so.1.0.30.p/.._.._untracked_pango_pangomm_fontset.cc.o.d -o pango/pangomm/libpangomm-1.4.so.1.0.30.p/.._.._untracked_pango_pangomm_fontset.cc.o -c ../untracked/pango/pangomm/fontset.cc
[14/30] c++ -Ipango/pangomm/libpangomm-1.4.so.1.0.30.p -Ipango -I../pango -I../untracked/pango -I/usr/include/glibmm-2.4 -I/usr/lib/glibmm-2.4/include -I/usr/include/glib-2.0 -I/usr/lib/glib-2.0/include -I/usr/include/sigc++-2.0 -I/usr/lib/sigc++-2.0/include -I/usr/include/cairomm-1.0 -I/usr/lib/cairomm-1.0/include -I/usr/include/cairo -I/usr/include/freetype2 -I/usr/include/libpng16 -I/usr/include/harfbuzz -I/usr/include/pixman-1 -I/usr/include/pango-1.0 -I/usr/include/libmount -I/usr/include/blkid -I/usr/include/fribidi -fdiagnostics-color=always -D_FILE_OFFSET_BITS=64 -Wall -Winvalid-pch -std=c++11 -O2 -m64 -march=x86-64 -mtune=generic -flto=auto -ffat-lto-objects -fPIC -pthread -DPANGOMM_BUILD=1 -MD -MQ pango/pangomm/libpangomm-1.4.so.1.0.30.p/.._.._untracked_pango_pangomm_fontmetrics.cc.o -MF pango/pangomm/libpangomm-1.4.so.1.0.30.p/.._.._untracked_pango_pangomm_fontmetrics.cc.o.d -o pango/pangomm/libpangomm-1.4.so.1.0.30.p/.._.._untracked_pango_pangomm_fontmetrics.cc.o -c ../untracked/pango/pangomm/fontmetrics.cc
[15/30] c++ -Ipango/pangomm/libpangomm-1.4.so.1.0.30.p -Ipango -I../pango -I../untracked/pango -I/usr/include/glibmm-2.4 -I/usr/lib/glibmm-2.4/include -I/usr/include/glib-2.0 -I/usr/lib/glib-2.0/include -I/usr/include/sigc++-2.0 -I/usr/lib/sigc++-2.0/include -I/usr/include/cairomm-1.0 -I/usr/lib/cairomm-1.0/include -I/usr/include/cairo -I/usr/include/freetype2 -I/usr/include/libpng16 -I/usr/include/harfbuzz -I/usr/include/pixman-1 -I/usr/include/pango-1.0 -I/usr/include/libmount -I/usr/include/blkid -I/usr/include/fribidi -fdiagnostics-color=always -D_FILE_OFFSET_BITS=64 -Wall -Winvalid-pch -std=c++11 -O2 -m64 -march=x86-64 -mtune=generic -flto=auto -ffat-lto-objects -fPIC -pthread -DPANGOMM_BUILD=1 -MD -MQ pango/pangomm/libpangomm-1.4.so.1.0.30.p/.._.._untracked_pango_pangomm_fontmap.cc.o -MF pango/pangomm/libpangomm-1.4.so.1.0.30.p/.._.._untracked_pango_pangomm_fontmap.cc.o.d -o pango/pangomm/libpangomm-1.4.so.1.0.30.p/.._.._untracked_pango_pangomm_fontmap.cc.o -c ../untracked/pango/pangomm/fontmap.cc
[16/30] c++ -Ipango/pangomm/libpangomm-1.4.so.1.0.30.p -Ipango -I../pango -I../untracked/pango -I/usr/include/glibmm-2.4 -I/usr/lib/glibmm-2.4/include -I/usr/include/glib-2.0 -I/usr/lib/glib-2.0/include -I/usr/include/sigc++-2.0 -I/usr/lib/sigc++-2.0/include -I/usr/include/cairomm-1.0 -I/usr/lib/cairomm-1.0/include -I/usr/include/cairo -I/usr/include/freetype2 -I/usr/include/libpng16 -I/usr/include/harfbuzz -I/usr/include/pixman-1 -I/usr/include/pango-1.0 -I/usr/include/libmount -I/usr/include/blkid -I/usr/include/fribidi -fdiagnostics-color=always -D_FILE_OFFSET_BITS=64 -Wall -Winvalid-pch -std=c++11 -O2 -m64 -march=x86-64 -mtune=generic -flto=auto -ffat-lto-objects -fPIC -pthread -DPANGOMM_BUILD=1 -MD -MQ pango/pangomm/libpangomm-1.4.so.1.0.30.p/.._.._untracked_pango_pangomm_fontfamily.cc.o -MF pango/pangomm/libpangomm-1.4.so.1.0.30.p/.._.._untracked_pango_pangomm_fontfamily.cc.o.d -o pango/pangomm/libpangomm-1.4.so.1.0.30.p/.._.._untracked_pango_pangomm_fontfamily.cc.o -c ../untracked/pango/pangomm/fontfamily.cc
[17/30] c++ -Ipango/pangomm/libpangomm-1.4.so.1.0.30.p -Ipango -I../pango -I../untracked/pango -I/usr/include/glibmm-2.4 -I/usr/lib/glibmm-2.4/include -I/usr/include/glib-2.0 -I/usr/lib/glib-2.0/include -I/usr/include/sigc++-2.0 -I/usr/lib/sigc++-2.0/include -I/usr/include/cairomm-1.0 -I/usr/lib/cairomm-1.0/include -I/usr/include/cairo -I/usr/include/freetype2 -I/usr/include/libpng16 -I/usr/include/harfbuzz -I/usr/include/pixman-1 -I/usr/include/pango-1.0 -I/usr/include/libmount -I/usr/include/blkid -I/usr/include/fribidi -fdiagnostics-color=always -D_FILE_OFFSET_BITS=64 -Wall -Winvalid-pch -std=c++11 -O2 -m64 -march=x86-64 -mtune=generic -flto=auto -ffat-lto-objects -fPIC -pthread -DPANGOMM_BUILD=1 -MD -MQ pango/pangomm/libpangomm-1.4.so.1.0.30.p/.._.._untracked_pango_pangomm_fontface.cc.o -MF pango/pangomm/libpangomm-1.4.so.1.0.30.p/.._.._untracked_pango_pangomm_fontface.cc.o.d -o pango/pangomm/libpangomm-1.4.so.1.0.30.p/.._.._untracked_pango_pangomm_fontface.cc.o -c ../untracked/pango/pangomm/fontface.cc
[18/30] c++ -Ipango/pangomm/libpangomm-1.4.so.1.0.30.p -Ipango -I../pango -I../untracked/pango -I/usr/include/glibmm-2.4 -I/usr/lib/glibmm-2.4/include -I/usr/include/glib-2.0 -I/usr/lib/glib-2.0/include -I/usr/include/sigc++-2.0 -I/usr/lib/sigc++-2.0/include -I/usr/include/cairomm-1.0 -I/usr/lib/cairomm-1.0/include -I/usr/include/cairo -I/usr/include/freetype2 -I/usr/include/libpng16 -I/usr/include/harfbuzz -I/usr/include/pixman-1 -I/usr/include/pango-1.0 -I/usr/include/libmount -I/usr/include/blkid -I/usr/include/fribidi -fdiagnostics-color=always -D_FILE_OFFSET_BITS=64 -Wall -Winvalid-pch -std=c++11 -O2 -m64 -march=x86-64 -mtune=generic -flto=auto -ffat-lto-objects -fPIC -pthread -DPANGOMM_BUILD=1 -MD -MQ pango/pangomm/libpangomm-1.4.so.1.0.30.p/.._.._untracked_pango_pangomm_fontdescription.cc.o -MF pango/pangomm/libpangomm-1.4.so.1.0.30.p/.._.._untracked_pango_pangomm_fontdescription.cc.o.d -o pango/pangomm/libpangomm-1.4.so.1.0.30.p/.._.._untracked_pango_pangomm_fontdescription.cc.o -c ../untracked/pango/pangomm/fontdescription.cc
[19/30] c++ -Ipango/pangomm/libpangomm-1.4.so.1.0.30.p -Ipango -I../pango -I../untracked/pango -I/usr/include/glibmm-2.4 -I/usr/lib/glibmm-2.4/include -I/usr/include/glib-2.0 -I/usr/lib/glib-2.0/include -I/usr/include/sigc++-2.0 -I/usr/lib/sigc++-2.0/include -I/usr/include/cairomm-1.0 -I/usr/lib/cairomm-1.0/include -I/usr/include/cairo -I/usr/include/freetype2 -I/usr/include/libpng16 -I/usr/include/harfbuzz -I/usr/include/pixman-1 -I/usr/include/pango-1.0 -I/usr/include/libmount -I/usr/include/blkid -I/usr/include/fribidi -fdiagnostics-color=always -D_FILE_OFFSET_BITS=64 -Wall -Winvalid-pch -std=c++11 -O2 -m64 -march=x86-64 -mtune=generic -flto=auto -ffat-lto-objects -fPIC -pthread -DPANGOMM_BUILD=1 -MD -MQ pango/pangomm/libpangomm-1.4.so.1.0.30.p/.._.._untracked_pango_pangomm_font.cc.o -MF pango/pangomm/libpangomm-1.4.so.1.0.30.p/.._.._untracked_pango_pangomm_font.cc.o.d -o pango/pangomm/libpangomm-1.4.so.1.0.30.p/.._.._untracked_pango_pangomm_font.cc.o -c ../untracked/pango/pangomm/font.cc
[20/30] c++ -Ipango/pangomm/libpangomm-1.4.so.1.0.30.p -Ipango -I../pango -I../untracked/pango -I/usr/include/glibmm-2.4 -I/usr/lib/glibmm-2.4/include -I/usr/include/glib-2.0 -I/usr/lib/glib-2.0/include -I/usr/include/sigc++-2.0 -I/usr/lib/sigc++-2.0/include -I/usr/include/cairomm-1.0 -I/usr/lib/cairomm-1.0/include -I/usr/include/cairo -I/usr/include/freetype2 -I/usr/include/libpng16 -I/usr/include/harfbuzz -I/usr/include/pixman-1 -I/usr/include/pango-1.0 -I/usr/include/libmount -I/usr/include/blkid -I/usr/include/fribidi -fdiagnostics-color=always -D_FILE_OFFSET_BITS=64 -Wall -Winvalid-pch -std=c++11 -O2 -m64 -march=x86-64 -mtune=generic -flto=auto -ffat-lto-objects -fPIC -pthread -DPANGOMM_BUILD=1 -MD -MQ pango/pangomm/libpangomm-1.4.so.1.0.30.p/.._.._untracked_pango_pangomm_coverage.cc.o -MF pango/pangomm/libpangomm-1.4.so.1.0.30.p/.._.._untracked_pango_pangomm_coverage.cc.o.d -o pango/pangomm/libpangomm-1.4.so.1.0.30.p/.._.._untracked_pango_pangomm_coverage.cc.o -c ../untracked/pango/pangomm/coverage.cc
[21/30] c++ -Ipango/pangomm/libpangomm-1.4.so.1.0.30.p -Ipango -I../pango -I../untracked/pango -I/usr/include/glibmm-2.4 -I/usr/lib/glibmm-2.4/include -I/usr/include/glib-2.0 -I/usr/lib/glib-2.0/include -I/usr/include/sigc++-2.0 -I/usr/lib/sigc++-2.0/include -I/usr/include/cairomm-1.0 -I/usr/lib/cairomm-1.0/include -I/usr/include/cairo -I/usr/include/freetype2 -I/usr/include/libpng16 -I/usr/include/harfbuzz -I/usr/include/pixman-1 -I/usr/include/pango-1.0 -I/usr/include/libmount -I/usr/include/blkid -I/usr/include/fribidi -fdiagnostics-color=always -D_FILE_OFFSET_BITS=64 -Wall -Winvalid-pch -std=c++11 -O2 -m64 -march=x86-64 -mtune=generic -flto=auto -ffat-lto-objects -fPIC -pthread -DPANGOMM_BUILD=1 -MD -MQ pango/pangomm/libpangomm-1.4.so.1.0.30.p/.._.._untracked_pango_pangomm_context.cc.o -MF pango/pangomm/libpangomm-1.4.so.1.0.30.p/.._.._untracked_pango_pangomm_context.cc.o.d -o pango/pangomm/libpangomm-1.4.so.1.0.30.p/.._.._untracked_pango_pangomm_context.cc.o -c ../untracked/pango/pangomm/context.cc
[22/30] c++ -Ipango/pangomm/libpangomm-1.4.so.1.0.30.p -Ipango -I../pango -I../untracked/pango -I/usr/include/glibmm-2.4 -I/usr/lib/glibmm-2.4/include -I/usr/include/glib-2.0 -I/usr/lib/glib-2.0/include -I/usr/include/sigc++-2.0 -I/usr/lib/sigc++-2.0/include -I/usr/include/cairomm-1.0 -I/usr/lib/cairomm-1.0/include -I/usr/include/cairo -I/usr/include/freetype2 -I/usr/include/libpng16 -I/usr/include/harfbuzz -I/usr/include/pixman-1 -I/usr/include/pango-1.0 -I/usr/include/libmount -I/usr/include/blkid -I/usr/include/fribidi -fdiagnostics-color=always -D_FILE_OFFSET_BITS=64 -Wall -Winvalid-pch -std=c++11 -O2 -m64 -march=x86-64 -mtune=generic -flto=auto -ffat-lto-objects -fPIC -pthread -DPANGOMM_BUILD=1 -MD -MQ pango/pangomm/libpangomm-1.4.so.1.0.30.p/.._.._untracked_pango_pangomm_color.cc.o -MF pango/pangomm/libpangomm-1.4.so.1.0.30.p/.._.._untracked_pango_pangomm_color.cc.o.d -o pango/pangomm/libpangomm-1.4.so.1.0.30.p/.._.._untracked_pango_pangomm_color.cc.o -c ../untracked/pango/pangomm/color.cc
[23/30] c++ -Ipango/pangomm/libpangomm-1.4.so.1.0.30.p -Ipango -I../pango -I../untracked/pango -I/usr/include/glibmm-2.4 -I/usr/lib/glibmm-2.4/include -I/usr/include/glib-2.0 -I/usr/lib/glib-2.0/include -I/usr/include/sigc++-2.0 -I/usr/lib/sigc++-2.0/include -I/usr/include/cairomm-1.0 -I/usr/lib/cairomm-1.0/include -I/usr/include/cairo -I/usr/include/freetype2 -I/usr/include/libpng16 -I/usr/include/harfbuzz -I/usr/include/pixman-1 -I/usr/include/pango-1.0 -I/usr/include/libmount -I/usr/include/blkid -I/usr/include/fribidi -fdiagnostics-color=always -D_FILE_OFFSET_BITS=64 -Wall -Winvalid-pch -std=c++11 -O2 -m64 -march=x86-64 -mtune=generic -flto=auto -ffat-lto-objects -fPIC -pthread -DPANGOMM_BUILD=1 -MD -MQ pango/pangomm/libpangomm-1.4.so.1.0.30.p/.._.._untracked_pango_pangomm_cairofontmap.cc.o -MF pango/pangomm/libpangomm-1.4.so.1.0.30.p/.._.._untracked_pango_pangomm_cairofontmap.cc.o.d -o pango/pangomm/libpangomm-1.4.so.1.0.30.p/.._.._untracked_pango_pangomm_cairofontmap.cc.o -c ../untracked/pango/pangomm/cairofontmap.cc
[24/30] c++ -Ipango/pangomm/libpangomm-1.4.so.1.0.30.p -Ipango -I../pango -I../untracked/pango -I/usr/include/glibmm-2.4 -I/usr/lib/glibmm-2.4/include -I/usr/include/glib-2.0 -I/usr/lib/glib-2.0/include -I/usr/include/sigc++-2.0 -I/usr/lib/sigc++-2.0/include -I/usr/include/cairomm-1.0 -I/usr/lib/cairomm-1.0/include -I/usr/include/cairo -I/usr/include/freetype2 -I/usr/include/libpng16 -I/usr/include/harfbuzz -I/usr/include/pixman-1 -I/usr/include/pango-1.0 -I/usr/include/libmount -I/usr/include/blkid -I/usr/include/fribidi -fdiagnostics-color=always -D_FILE_OFFSET_BITS=64 -Wall -Winvalid-pch -std=c++11 -O2 -m64 -march=x86-64 -mtune=generic -flto=auto -ffat-lto-objects -fPIC -pthread -DPANGOMM_BUILD=1 -MD -MQ pango/pangomm/libpangomm-1.4.so.1.0.30.p/.._.._untracked_pango_pangomm_attrlist.cc.o -MF pango/pangomm/libpangomm-1.4.so.1.0.30.p/.._.._untracked_pango_pangomm_attrlist.cc.o.d -o pango/pangomm/libpangomm-1.4.so.1.0.30.p/.._.._untracked_pango_pangomm_attrlist.cc.o -c ../untracked/pango/pangomm/attrlist.cc
[25/30] c++ -Ipango/pangomm/libpangomm-1.4.so.1.0.30.p -Ipango -I../pango -I../untracked/pango -I/usr/include/glibmm-2.4 -I/usr/lib/glibmm-2.4/include -I/usr/include/glib-2.0 -I/usr/lib/glib-2.0/include -I/usr/include/sigc++-2.0 -I/usr/lib/sigc++-2.0/include -I/usr/include/cairomm-1.0 -I/usr/lib/cairomm-1.0/include -I/usr/include/cairo -I/usr/include/freetype2 -I/usr/include/libpng16 -I/usr/include/harfbuzz -I/usr/include/pixman-1 -I/usr/include/pango-1.0 -I/usr/include/libmount -I/usr/include/blkid -I/usr/include/fribidi -fdiagnostics-color=always -D_FILE_OFFSET_BITS=64 -Wall -Winvalid-pch -std=c++11 -O2 -m64 -march=x86-64 -mtune=generic -flto=auto -ffat-lto-objects -fPIC -pthread -DPANGOMM_BUILD=1 -MD -MQ pango/pangomm/libpangomm-1.4.so.1.0.30.p/.._.._untracked_pango_pangomm_attriter.cc.o -MF pango/pangomm/libpangomm-1.4.so.1.0.30.p/.._.._untracked_pango_pangomm_attriter.cc.o.d -o pango/pangomm/libpangomm-1.4.so.1.0.30.p/.._.._untracked_pango_pangomm_attriter.cc.o -c ../untracked/pango/pangomm/attriter.cc
[26/30] c++ -Ipango/pangomm/libpangomm-1.4.so.1.0.30.p -Ipango -I../pango -I../untracked/pango -I/usr/include/glibmm-2.4 -I/usr/lib/glibmm-2.4/include -I/usr/include/glib-2.0 -I/usr/lib/glib-2.0/include -I/usr/include/sigc++-2.0 -I/usr/lib/sigc++-2.0/include -I/usr/include/cairomm-1.0 -I/usr/lib/cairomm-1.0/include -I/usr/include/cairo -I/usr/include/freetype2 -I/usr/include/libpng16 -I/usr/include/harfbuzz -I/usr/include/pixman-1 -I/usr/include/pango-1.0 -I/usr/include/libmount -I/usr/include/blkid -I/usr/include/fribidi -fdiagnostics-color=always -D_FILE_OFFSET_BITS=64 -Wall -Winvalid-pch -std=c++11 -O2 -m64 -march=x86-64 -mtune=generic -flto=auto -ffat-lto-objects -fPIC -pthread -DPANGOMM_BUILD=1 -MD -MQ pango/pangomm/libpangomm-1.4.so.1.0.30.p/.._.._untracked_pango_pangomm_attributes.cc.o -MF pango/pangomm/libpangomm-1.4.so.1.0.30.p/.._.._untracked_pango_pangomm_attributes.cc.o.d -o pango/pangomm/libpangomm-1.4.so.1.0.30.p/.._.._untracked_pango_pangomm_attributes.cc.o -c ../untracked/pango/pangomm/attributes.cc
[01m[K../untracked/pango/pangomm/coverage.cc:[m[K In function '[01m[KGlib::RefPtr<Pango::Coverage> Glib::[01;32m[Kwrap[m[K(PangoCoverage*, bool)[m[K':
[01m[K../untracked/pango/pangomm/coverage.cc:78:23:[m[K [01;35m[Kwarning: [m[K'[01m[KPangoCoverage*[01;32m[K pango_coverage_ref[m[K(PangoCoverage*)[m[K' is deprecated: Use 'g_object_ref' instead [[01;35m[K-Wdeprecated-declarations[m[K]
   78 |     [01;35m[Kpango_coverage_ref(object)[m[K;
      |     [01;35m[K~~~~~~~~~~~~~~~~~~^~~~~~~~[m[K
In file included from [01m[K/usr/include/pango-1.0/pango/pango-font.h:25[m[K,
                 from [01m[K/usr/include/pango-1.0/pango/pango-attributes.h:25[m[K,
                 from [01m[K/usr/include/pango-1.0/pango/pango.h:25[m[K,
                 from [01m[K../untracked/pango/pangomm/coverage.h:32[m[K,
                 from [01m[K../untracked/pango/pangomm/coverage.cc:6[m[K:
[01m[K/usr/include/pango-1.0/pango/pango-coverage.h:80:20:[m[K [01;36m[Knote: [m[Kdeclared here
   80 | PangoCoverage *    [01;36m[Kpango_coverage_ref[m[K     (PangoCoverage      *coverage);
      |                    [01;36m[K^~~~~~~~~~~~~~~~~~[m[K
[01m[K../untracked/pango/pangomm/coverage.cc:[m[K In member function '[01m[Kvoid Pango::Coverage::[01;32m[Kreference[m[K() const[m[K':
[01m[K../untracked/pango/pangomm/coverage.cc:100:21:[m[K [01;35m[Kwarning: [m[K'[01m[KPangoCoverage*[01;32m[K pango_coverage_ref[m[K(PangoCoverage*)[m[K' is deprecated: Use 'g_object_ref' instead [[01;35m[K-Wdeprecated-declarations[m[K]
  100 |   [01;35m[Kpango_coverage_ref(reinterpret_cast<PangoCoverage*>(const_cast<Coverage*>(this)))[m[K;
      |   [01;35m[K~~~~~~~~~~~~~~~~~~^~~~~~~~~~~~~~~~~~~~~~~~~~~~~~~~~~~~~~~~~~~~~~~~~~~~~~~~~~~~~~~[m[K
[01m[K/usr/include/pango-1.0/pango/pango-coverage.h:80:20:[m[K [01;36m[Knote: [m[Kdeclared here
   80 | PangoCoverage *    [01;36m[Kpango_coverage_ref[m[K     (PangoCoverage      *coverage);
      |                    [01;36m[K^~~~~~~~~~~~~~~~~~[m[K
[01m[K../untracked/pango/pangomm/coverage.cc:[m[K In member function '[01m[Kvoid Pango::Coverage::[01;32m[Kunreference[m[K() const[m[K':
[01m[K../untracked/pango/pangomm/coverage.cc:106:23:[m[K [01;35m[Kwarning: [m[K'[01m[Kvoid[01;32m[K pango_coverage_unref[m[K(PangoCoverage*)[m[K' is deprecated: Use 'g_object_unref' instead [[01;35m[K-Wdeprecated-declarations[m[K]
  106 |   [01;35m[Kpango_coverage_unref(reinterpret_cast<PangoCoverage*>(const_cast<Coverage*>(this)))[m[K;
      |   [01;35m[K~~~~~~~~~~~~~~~~~~~~^~~~~~~~~~~~~~~~~~~~~~~~~~~~~~~~~~~~~~~~~~~~~~~~~~~~~~~~~~~~~~~[m[K
[01m[K/usr/include/pango-1.0/pango/pango-coverage.h:82:20:[m[K [01;36m[Knote: [m[Kdeclared here
   82 | void               [01;36m[Kpango_coverage_unref[m[K   (PangoCoverage      *coverage);
      |                    [01;36m[K^~~~~~~~~~~~~~~~~~~~[m[K
[01m[K../untracked/pango/pangomm/coverage.cc:[m[K In member function '[01m[KPangoCoverage* Pango::Coverage::[01;32m[Kgobj_copy[m[K() const[m[K':
[01m[K../untracked/pango/pangomm/coverage.cc:125:21:[m[K [01;35m[Kwarning: [m[K'[01m[KPangoCoverage*[01;32m[K pango_coverage_ref[m[K(PangoCoverage*)[m[K' is deprecated: Use 'g_object_ref' instead [[01;35m[K-Wdeprecated-declarations[m[K]
  125 |   [01;35m[Kpango_coverage_ref(gobject)[m[K;
      |   [01;35m[K~~~~~~~~~~~~~~~~~~^~~~~~~~~[m[K
[01m[K/usr/include/pango-1.0/pango/pango-coverage.h:80:20:[m[K [01;36m[Knote: [m[Kdeclared here
   80 | PangoCoverage *    [01;36m[Kpango_coverage_ref[m[K     (PangoCoverage      *coverage);
      |                    [01;36m[K^~~~~~~~~~~~~~~~~~[m[K
[27/30] c++ -Ipango/pangomm/libpangomm-1.4.so.1.0.30.p -Ipango -I../pango -I../untracked/pango -I/usr/include/glibmm-2.4 -I/usr/lib/glibmm-2.4/include -I/usr/include/glib-2.0 -I/usr/lib/glib-2.0/include -I/usr/include/sigc++-2.0 -I/usr/lib/sigc++-2.0/include -I/usr/include/cairomm-1.0 -I/usr/lib/cairomm-1.0/include -I/usr/include/cairo -I/usr/include/freetype2 -I/usr/include/libpng16 -I/usr/include/harfbuzz -I/usr/include/pixman-1 -I/usr/include/pango-1.0 -I/usr/include/libmount -I/usr/include/blkid -I/usr/include/fribidi -fdiagnostics-color=always -D_FILE_OFFSET_BITS=64 -Wall -Winvalid-pch -std=c++11 -O2 -m64 -march=x86-64 -mtune=generic -flto=auto -ffat-lto-objects -fPIC -pthread -DPANGOMM_BUILD=1 -MD -MQ pango/pangomm/libpangomm-1.4.so.1.0.30.p/.._.._untracked_pango_pangomm_wrap_init.cc.o -MF pango/pangomm/libpangomm-1.4.so.1.0.30.p/.._.._untracked_pango_pangomm_wrap_init.cc.o.d -o pango/pangomm/libpangomm-1.4.so.1.0.30.p/.._.._untracked_pango_pangomm_wrap_init.cc.o -c ../untracked/pango/pangomm/wrap_init.cc
[28/30] c++ -Itools/extra_defs_gen/generate_extra_defs.p -I/usr/include/glibmm-2.4 -I/usr/lib/glibmm-2.4/include -I/usr/include/glib-2.0 -I/usr/lib/glib-2.0/include -I/usr/include/sigc++-2.0 -I/usr/lib/sigc++-2.0/include -I/usr/include/cairomm-1.0 -I/usr/lib/cairomm-1.0/include -I/usr/include/cairo -I/usr/include/freetype2 -I/usr/include/libpng16 -I/usr/include/harfbuzz -I/usr/include/pixman-1 -I/usr/include/pango-1.0 -I/usr/include/libmount -I/usr/include/blkid -I/usr/include/fribidi -fdiagnostics-color=always -D_FILE_OFFSET_BITS=64 -Wall -Winvalid-pch -std=c++11 -O2 -m64 -march=x86-64 -mtune=generic -flto=auto -ffat-lto-objects -fPIE -pthread -MD -MQ tools/extra_defs_gen/generate_extra_defs.p/generate_defs_pango.cc.o -MF tools/extra_defs_gen/generate_extra_defs.p/generate_defs_pango.cc.o.d -o tools/extra_defs_gen/generate_extra_defs.p/generate_defs_pango.cc.o -c ../tools/extra_defs_gen/generate_defs_pango.cc
[29/30] c++  -o tools/extra_defs_gen/generate_extra_defs tools/extra_defs_gen/generate_extra_defs.p/generate_defs_pango.cc.o -Wl,--as-needed -Wl,--no-undefined -pie -O2 -m64 -march=x86-64 -mtune=generic -flto=auto -ffat-lto-objects -Wl,--start-group /usr/lib/libglibmm-2.4.so /usr/lib/libgobject-2.0.so /usr/lib/libglib-2.0.so /usr/lib/libsigc-2.0.so /usr/lib/libcairomm-1.0.so /usr/lib/libcairo.so /usr/lib/libpangocairo-1.0.so /usr/lib/libpango-1.0.so /usr/lib/libharfbuzz.so -lglibmm_generate_extra_defs-2.4 -Wl,--end-group
[30/30] c++  -o pango/pangomm/libpangomm-1.4.so.1.0.30 pango/pangomm/libpangomm-1.4.so.1.0.30.p/.._.._untracked_pango_pangomm_wrap_init.cc.o pango/pangomm/libpangomm-1.4.so.1.0.30.p/.._.._untracked_pango_pangomm_attributes.cc.o pango/pangomm/libpangomm-1.4.so.1.0.30.p/.._.._untracked_pango_pangomm_attriter.cc.o pango/pangomm/libpangomm-1.4.so.1.0.30.p/.._.._untracked_pango_pangomm_attrlist.cc.o pango/pangomm/libpangomm-1.4.so.1.0.30.p/.._.._untracked_pango_pangomm_cairofontmap.cc.o pango/pangomm/libpangomm-1.4.so.1.0.30.p/.._.._untracked_pango_pangomm_color.cc.o pango/pangomm/libpangomm-1.4.so.1.0.30.p/.._.._untracked_pango_pangomm_context.cc.o pango/pangomm/libpangomm-1.4.so.1.0.30.p/.._.._untracked_pango_pangomm_coverage.cc.o pango/pangomm/libpangomm-1.4.so.1.0.30.p/.._.._untracked_pango_pangomm_font.cc.o pango/pangomm/libpangomm-1.4.so.1.0.30.p/.._.._untracked_pango_pangomm_fontdescription.cc.o pango/pangomm/libpangomm-1.4.so.1.0.30.p/.._.._untracked_pango_pangomm_fontface.cc.o pango/pangomm/libpangomm-1.4.so.1.0.30.p/.._.._untracked_pango_pangomm_fontfamily.cc.o pango/pangomm/libpangomm-1.4.so.1.0.30.p/.._.._untracked_pango_pangomm_fontmap.cc.o pango/pangomm/libpangomm-1.4.so.1.0.30.p/.._.._untracked_pango_pangomm_fontmetrics.cc.o pango/pangomm/libpangomm-1.4.so.1.0.30.p/.._.._untracked_pango_pangomm_fontset.cc.o pango/pangomm/libpangomm-1.4.so.1.0.30.p/.._.._untracked_pango_pangomm_glyph.cc.o pango/pangomm/libpangomm-1.4.so.1.0.30.p/.._.._untracked_pango_pangomm_glyphstring.cc.o pango/pangomm/libpangomm-1.4.so.1.0.30.p/.._.._untracked_pango_pangomm_item.cc.o pango/pangomm/libpangomm-1.4.so.1.0.30.p/.._.._untracked_pango_pangomm_language.cc.o pango/pangomm/libpangomm-1.4.so.1.0.30.p/.._.._untracked_pango_pangomm_layout.cc.o pango/pangomm/libpangomm-1.4.so.1.0.30.p/.._.._untracked_pango_pangomm_layoutiter.cc.o pango/pangomm/libpangomm-1.4.so.1.0.30.p/.._.._untracked_pango_pangomm_layoutline.cc.o pango/pangomm/libpangomm-1.4.so.1.0.30.p/.._.._untracked_pango_pangomm_layoutrun.cc.o pango/pangomm/libpangomm-1.4.so.1.0.30.p/.._.._untracked_pango_pangomm_rectangle.cc.o pango/pangomm/libpangomm-1.4.so.1.0.30.p/.._.._untracked_pango_pangomm_renderer.cc.o pango/pangomm/libpangomm-1.4.so.1.0.30.p/.._.._untracked_pango_pangomm_tabarray.cc.o pango/pangomm/libpangomm-1.4.so.1.0.30.p/init.cc.o -Wl,--as-needed -Wl,--no-undefined -shared -fPIC -Wl,--start-group -Wl,-soname,libpangomm-1.4.so.1 -O2 -m64 -march=x86-64 -mtune=generic -flto=auto -ffat-lto-objects /usr/lib/libglibmm-2.4.so /usr/lib/libgobject-2.0.so /usr/lib/libglib-2.0.so /usr/lib/libsigc-2.0.so /usr/lib/libcairomm-1.0.so /usr/lib/libcairo.so /usr/lib/libpangocairo-1.0.so /usr/lib/libpango-1.0.so /usr/lib/libharfbuzz.so -Wl,--end-group
INFO: autodetecting backend as ninja
INFO: calculating backend command to run: /usr/bin/ninja -C /home/devel/building/work/src/pangomm-2.46.3/build -j 8 -v
+ DESTDIR=/home/devel/building/work/pkg
+ meson install --no-rebuild -C build
Installing  /home/devel/building/work/src/pangomm-2.46.3/untracked/pango/pangomm/attributes.h  to  /home/devel/building/work/pkg/usr/include/pangomm-1.4/pangomm
Installing  /home/devel/building/work/src/pangomm-2.46.3/untracked/pango/pangomm/private/attributes_p.h  to  /home/devel/building/work/pkg/usr/include/pangomm-1.4/pangomm/private
Installing  /home/devel/building/work/src/pangomm-2.46.3/untracked/pango/pangomm/attriter.h  to  /home/devel/building/work/pkg/usr/include/pangomm-1.4/pangomm
Installing  /home/devel/building/work/src/pangomm-2.46.3/untracked/pango/pangomm/private/attriter_p.h  to  /home/devel/building/work/pkg/usr/include/pangomm-1.4/pangomm/private
Installing  /home/devel/building/work/src/pangomm-2.46.3/untracked/pango/pangomm/attrlist.h  to  /home/devel/building/work/pkg/usr/include/pangomm-1.4/pangomm
Installing  /home/devel/building/work/src/pangomm-2.46.3/untracked/pango/pangomm/private/attrlist_p.h  to  /home/devel/building/work/pkg/usr/include/pangomm-1.4/pangomm/private
Installing  /home/devel/building/work/src/pangomm-2.46.3/untracked/pango/pangomm/cairofontmap.h  to  /home/devel/building/work/pkg/usr/include/pangomm-1.4/pangomm
Installing  /home/devel/building/work/src/pangomm-2.46.3/untracked/pango/pangomm/private/cairofontmap_p.h  to  /home/devel/building/work/pkg/usr/include/pangomm-1.4/pangomm/private
Installing  /home/devel/building/work/src/pangomm-2.46.3/untracked/pango/pangomm/color.h  to  /home/devel/building/work/pkg/usr/include/pangomm-1.4/pangomm
Installing  /home/devel/building/work/src/pangomm-2.46.3/untracked/pango/pangomm/private/color_p.h  to  /home/devel/building/work/pkg/usr/include/pangomm-1.4/pangomm/private
Installing  /home/devel/building/work/src/pangomm-2.46.3/untracked/pango/pangomm/context.h  to  /home/devel/building/work/pkg/usr/include/pangomm-1.4/pangomm
Installing  /home/devel/building/work/src/pangomm-2.46.3/untracked/pango/pangomm/private/context_p.h  to  /home/devel/building/work/pkg/usr/include/pangomm-1.4/pangomm/private
Installing  /home/devel/building/work/src/pangomm-2.46.3/untracked/pango/pangomm/coverage.h  to  /home/devel/building/work/pkg/usr/include/pangomm-1.4/pangomm
Installing  /home/devel/building/work/src/pangomm-2.46.3/untracked/pango/pangomm/private/coverage_p.h  to  /home/devel/building/work/pkg/usr/include/pangomm-1.4/pangomm/private
Installing  /home/devel/building/work/src/pangomm-2.46.3/untracked/pango/pangomm/font.h  to  /home/devel/building/work/pkg/usr/include/pangomm-1.4/pangomm
Installing  /home/devel/building/work/src/pangomm-2.46.3/untracked/pango/pangomm/private/font_p.h  to  /home/devel/building/work/pkg/usr/include/pangomm-1.4/pangomm/private
Installing  /home/devel/building/work/src/pangomm-2.46.3/untracked/pango/pangomm/fontdescription.h  to  /home/devel/building/work/pkg/usr/include/pangomm-1.4/pangomm
Installing  /home/devel/building/work/src/pangomm-2.46.3/untracked/pango/pangomm/private/fontdescription_p.h  to  /home/devel/building/work/pkg/usr/include/pangomm-1.4/pangomm/private
Installing  /home/devel/building/work/src/pangomm-2.46.3/untracked/pango/pangomm/fontface.h  to  /home/devel/building/work/pkg/usr/include/pangomm-1.4/pangomm
Installing  /home/devel/building/work/src/pangomm-2.46.3/untracked/pango/pangomm/private/fontface_p.h  to  /home/devel/building/work/pkg/usr/include/pangomm-1.4/pangomm/private
Installing  /home/devel/building/work/src/pangomm-2.46.3/untracked/pango/pangomm/fontfamily.h  to  /home/devel/building/work/pkg/usr/include/pangomm-1.4/pangomm
Installing  /home/devel/building/work/src/pangomm-2.46.3/untracked/pango/pangomm/private/fontfamily_p.h  to  /home/devel/building/work/pkg/usr/include/pangomm-1.4/pangomm/private
Installing  /home/devel/building/work/src/pangomm-2.46.3/untracked/pango/pangomm/fontmap.h  to  /home/devel/building/work/pkg/usr/include/pangomm-1.4/pangomm
Installing  /home/devel/building/work/src/pangomm-2.46.3/untracked/pango/pangomm/private/fontmap_p.h  to  /home/devel/building/work/pkg/usr/include/pangomm-1.4/pangomm/private
Installing  /home/devel/building/work/src/pangomm-2.46.3/untracked/pango/pangomm/fontmetrics.h  to  /home/devel/building/work/pkg/usr/include/pangomm-1.4/pangomm
Installing  /home/devel/building/work/src/pangomm-2.46.3/untracked/pango/pangomm/private/fontmetrics_p.h  to  /home/devel/building/work/pkg/usr/include/pangomm-1.4/pangomm/private
Installing  /home/devel/building/work/src/pangomm-2.46.3/untracked/pango/pangomm/fontset.h  to  /home/devel/building/work/pkg/usr/include/pangomm-1.4/pangomm
Installing  /home/devel/building/work/src/pangomm-2.46.3/untracked/pango/pangomm/private/fontset_p.h  to  /home/devel/building/work/pkg/usr/include/pangomm-1.4/pangomm/private
Installing  /home/devel/building/work/src/pangomm-2.46.3/untracked/pango/pangomm/glyph.h  to  /home/devel/building/work/pkg/usr/include/pangomm-1.4/pangomm
Installing  /home/devel/building/work/src/pangomm-2.46.3/untracked/pango/pangomm/private/glyph_p.h  to  /home/devel/building/work/pkg/usr/include/pangomm-1.4/pangomm/private
Installing  /home/devel/building/work/src/pangomm-2.46.3/untracked/pango/pangomm/glyphstring.h  to  /home/devel/building/work/pkg/usr/include/pangomm-1.4/pangomm
Installing  /home/devel/building/work/src/pangomm-2.46.3/untracked/pango/pangomm/private/glyphstring_p.h  to  /home/devel/building/work/pkg/usr/include/pangomm-1.4/pangomm/private
Installing  /home/devel/building/work/src/pangomm-2.46.3/untracked/pango/pangomm/item.h  to  /home/devel/building/work/pkg/usr/include/pangomm-1.4/pangomm
Installing  /home/devel/building/work/src/pangomm-2.46.3/untracked/pango/pangomm/private/item_p.h  to  /home/devel/building/work/pkg/usr/include/pangomm-1.4/pangomm/private
Installing  /home/devel/building/work/src/pangomm-2.46.3/untracked/pango/pangomm/language.h  to  /home/devel/building/work/pkg/usr/include/pangomm-1.4/pangomm
Installing  /home/devel/building/work/src/pangomm-2.46.3/untracked/pango/pangomm/private/language_p.h  to  /home/devel/building/work/pkg/usr/include/pangomm-1.4/pangomm/private
Installing  /home/devel/building/work/src/pangomm-2.46.3/untracked/pango/pangomm/layout.h  to  /home/devel/building/work/pkg/usr/include/pangomm-1.4/pangomm
Installing  /home/devel/building/work/src/pangomm-2.46.3/untracked/pango/pangomm/private/layout_p.h  to  /home/devel/building/work/pkg/usr/include/pangomm-1.4/pangomm/private
Installing  /home/devel/building/work/src/pangomm-2.46.3/untracked/pango/pangomm/layoutiter.h  to  /home/devel/building/work/pkg/usr/include/pangomm-1.4/pangomm
Installing  /home/devel/building/work/src/pangomm-2.46.3/untracked/pango/pangomm/private/layoutiter_p.h  to  /home/devel/building/work/pkg/usr/include/pangomm-1.4/pangomm/private
Installing  /home/devel/building/work/src/pangomm-2.46.3/untracked/pango/pangomm/layoutline.h  to  /home/devel/building/work/pkg/usr/include/pangomm-1.4/pangomm
Installing  /home/devel/building/work/src/pangomm-2.46.3/untracked/pango/pangomm/private/layoutline_p.h  to  /home/devel/building/work/pkg/usr/include/pangomm-1.4/pangomm/private
Installing  /home/devel/building/work/src/pangomm-2.46.3/untracked/pango/pangomm/layoutrun.h  to  /home/devel/building/work/pkg/usr/include/pangomm-1.4/pangomm
Installing  /home/devel/building/work/src/pangomm-2.46.3/untracked/pango/pangomm/private/layoutrun_p.h  to  /home/devel/building/work/pkg/usr/include/pangomm-1.4/pangomm/private
Installing  /home/devel/building/work/src/pangomm-2.46.3/untracked/pango/pangomm/rectangle.h  to  /home/devel/building/work/pkg/usr/include/pangomm-1.4/pangomm
Installing  /home/devel/building/work/src/pangomm-2.46.3/untracked/pango/pangomm/private/rectangle_p.h  to  /home/devel/building/work/pkg/usr/include/pangomm-1.4/pangomm/private
Installing  /home/devel/building/work/src/pangomm-2.46.3/untracked/pango/pangomm/renderer.h  to  /home/devel/building/work/pkg/usr/include/pangomm-1.4/pangomm
Installing  /home/devel/building/work/src/pangomm-2.46.3/untracked/pango/pangomm/private/renderer_p.h  to  /home/devel/building/work/pkg/usr/include/pangomm-1.4/pangomm/private
Installing  /home/devel/building/work/src/pangomm-2.46.3/untracked/pango/pangomm/tabarray.h  to  /home/devel/building/work/pkg/usr/include/pangomm-1.4/pangomm
Installing  /home/devel/building/work/src/pangomm-2.46.3/untracked/pango/pangomm/private/tabarray_p.h  to  /home/devel/building/work/pkg/usr/include/pangomm-1.4/pangomm/private
Installing pango/pangomm/libpangomm-1.4.so.1.0.30 to /home/devel/building/work/pkg/usr/lib
Installing /home/devel/building/work/src/pangomm-2.46.3/pango/pangomm/../pangomm.h to /home/devel/building/work/pkg/usr/include/pangomm-1.4
Installing /home/devel/building/work/src/pangomm-2.46.3/pango/pangomm/init.h to /home/devel/building/work/pkg/usr/include/pangomm-1.4/pangomm
Installing /home/devel/building/work/src/pangomm-2.46.3/pango/pangomm/types.h to /home/devel/building/work/pkg/usr/include/pangomm-1.4/pangomm
Installing /home/devel/building/work/src/pangomm-2.46.3/pango/pangomm/wrap_init.h to /home/devel/building/work/pkg/usr/include/pangomm-1.4/pangomm
Installing /home/devel/building/work/src/pangomm-2.46.3/tools/extra_defs_gen/../m4/convert.m4 to /home/devel/building/work/pkg/usr/lib/pangomm-1.4/proc/m4
Installing /home/devel/building/work/src/pangomm-2.46.3/tools/extra_defs_gen/../m4/convert_pango.m4 to /home/devel/building/work/pkg/usr/lib/pangomm-1.4/proc/m4
Installing /home/devel/building/work/src/pangomm-2.46.3/tools/extra_defs_gen/../m4/convert_pangomm.m4 to /home/devel/building/work/pkg/usr/lib/pangomm-1.4/proc/m4
Installing /home/devel/building/work/src/pangomm-2.46.3/build/pango/pangomm-1.4.pc to /home/devel/building/work/pkg/usr/lib/pkgconfig
Installing /home/devel/building/work/src/pangomm-2.46.3/build/pango/pangommconfig.h to /home/devel/building/work/pkg/usr/lib/pangomm-1.4/include
Installing symlink pointing to libpangomm-1.4.so.1.0.30 to /home/devel/building/work/pkg/usr/lib/libpangomm-1.4.so.1
Installing symlink pointing to libpangomm-1.4.so.1 to /home/devel/building/work/pkg/usr/lib/libpangomm-1.4.so
Running custom install script '/usr/bin/python3 /home/devel/building/work/src/pangomm-2.46.3/untracked/build_scripts/generate-binding.py install_built_h_files /home/devel/building/work/src/pangomm-2.46.3/untracked/pango/pangomm include/pangomm-1.4/pangomm attributes attriter attrlist cairofontmap color context coverage font fontdescription fontface fontfamily fontmap fontmetrics fontset glyph glyphstring item language layout layoutiter layoutline layoutrun rectangle renderer tabarray'
=======> Build result:
drwxr-xr-x  0 root   root        0 Feb  1 19:30 usr/
drwxr-xr-x  0 root   root        0 Feb  1 19:30 usr/lib/
drwxr-xr-x  0 root   root        0 Feb  1 19:30 usr/include/
drwxr-xr-x  0 root   root        0 Feb  1 19:30 usr/include/pangomm-1.4/
-rw-r--r--  0 root   root     2745 Sep 21  2022 usr/include/pangomm-1.4/pangomm.h
drwxr-xr-x  0 root   root        0 Feb  1 19:30 usr/include/pangomm-1.4/pangomm/
-rw-r--r--  0 root   root     1176 Sep 21  2022 usr/include/pangomm-1.4/pangomm/init.h
-rw-r--r--  0 root   root      954 Sep 21  2022 usr/include/pangomm-1.4/pangomm/types.h
-rw-r--r--  0 root   root     1054 Sep 21  2022 usr/include/pangomm-1.4/pangomm/wrap_init.h
drwxr-xr-x  0 root   root        0 Feb  1 19:30 usr/include/pangomm-1.4/pangomm/private/
-rw-rw-r--  0 root   root    33427 Sep 21  2022 usr/include/pangomm-1.4/pangomm/attributes.h
-rw-rw-r--  0 root   root     4631 Sep 21  2022 usr/include/pangomm-1.4/pangomm/attriter.h
-rw-rw-r--  0 root   root     7384 Sep 21  2022 usr/include/pangomm-1.4/pangomm/attrlist.h
-rw-rw-r--  0 root   root     6513 Sep 21  2022 usr/include/pangomm-1.4/pangomm/cairofontmap.h
-rw-rw-r--  0 root   root     5114 Sep 21  2022 usr/include/pangomm-1.4/pangomm/color.h
-rw-rw-r--  0 root   root    20549 Sep 21  2022 usr/include/pangomm-1.4/pangomm/context.h
-rw-rw-r--  0 root   root     6499 Sep 21  2022 usr/include/pangomm-1.4/pangomm/coverage.h
-rw-rw-r--  0 root   root     8997 Sep 21  2022 usr/include/pangomm-1.4/pangomm/font.h
-rw-rw-r--  0 root   root    24340 Sep 21  2022 usr/include/pangomm-1.4/pangomm/fontdescription.h
-rw-rw-r--  0 root   root     5394 Sep 21  2022 usr/include/pangomm-1.4/pangomm/fontface.h
-rw-rw-r--  0 root   root     7137 Sep 21  2022 usr/include/pangomm-1.4/pangomm/fontfamily.h
-rw-rw-r--  0 root   root     6240 Sep 21  2022 usr/include/pangomm-1.4/pangomm/fontmap.h
-rw-rw-r--  0 root   root     6406 Sep 21  2022 usr/include/pangomm-1.4/pangomm/fontmetrics.h
-rw-rw-r--  0 root   root     4517 Sep 21  2022 usr/include/pangomm-1.4/pangomm/fontset.h
-rw-rw-r--  0 root   root     6223 Sep 21  2022 usr/include/pangomm-1.4/pangomm/glyph.h
-rw-rw-r--  0 root   root    10844 Sep 21  2022 usr/include/pangomm-1.4/pangomm/glyphstring.h
-rw-rw-r--  0 root   root    11514 Sep 21  2022 usr/include/pangomm-1.4/pangomm/item.h
-rw-rw-r--  0 root   root    16102 Sep 21  2022 usr/include/pangomm-1.4/pangomm/language.h
-rw-rw-r--  0 root   root    37551 Sep 21  2022 usr/include/pangomm-1.4/pangomm/layout.h
-rw-rw-r--  0 root   root    10837 Sep 21  2022 usr/include/pangomm-1.4/pangomm/layoutiter.h
-rw-rw-r--  0 root   root     9817 Sep 21  2022 usr/include/pangomm-1.4/pangomm/layoutline.h
-rw-rw-r--  0 root   root     6005 Sep 21  2022 usr/include/pangomm-1.4/pangomm/layoutrun.h
-rw-rw-r--  0 root   root     5560 Sep 21  2022 usr/include/pangomm-1.4/pangomm/rectangle.h
-rw-rw-r--  0 root   root    14874 Sep 21  2022 usr/include/pangomm-1.4/pangomm/renderer.h
-rw-rw-r--  0 root   root     5390 Sep 21  2022 usr/include/pangomm-1.4/pangomm/tabarray.h
-rw-rw-r--  0 root   root      153 Sep 21  2022 usr/include/pangomm-1.4/pangomm/private/attributes_p.h
-rw-rw-r--  0 root   root      147 Sep 21  2022 usr/include/pangomm-1.4/pangomm/private/attriter_p.h
-rw-rw-r--  0 root   root      147 Sep 21  2022 usr/include/pangomm-1.4/pangomm/private/attrlist_p.h
-rw-rw-r--  0 root   root     1041 Sep 21  2022 usr/include/pangomm-1.4/pangomm/private/cairofontmap_p.h
-rw-rw-r--  0 root   root      138 Sep 21  2022 usr/include/pangomm-1.4/pangomm/private/color_p.h
-rw-rw-r--  0 root   root     1073 Sep 21  2022 usr/include/pangomm-1.4/pangomm/private/context_p.h
-rw-rw-r--  0 root   root      147 Sep 21  2022 usr/include/pangomm-1.4/pangomm/private/coverage_p.h
-rw-rw-r--  0 root   root     1049 Sep 21  2022 usr/include/pangomm-1.4/pangomm/private/font_p.h
-rw-rw-r--  0 root   root      168 Sep 21  2022 usr/include/pangomm-1.4/pangomm/private/fontdescription_p.h
-rw-rw-r--  0 root   root     1081 Sep 21  2022 usr/include/pangomm-1.4/pangomm/private/fontface_p.h
-rw-rw-r--  0 root   root     1097 Sep 21  2022 usr/include/pangomm-1.4/pangomm/private/fontfamily_p.h
-rw-rw-r--  0 root   root     1073 Sep 21  2022 usr/include/pangomm-1.4/pangomm/private/fontmap_p.h
-rw-rw-r--  0 root   root      156 Sep 21  2022 usr/include/pangomm-1.4/pangomm/private/fontmetrics_p.h
-rw-rw-r--  0 root   root     1073 Sep 21  2022 usr/include/pangomm-1.4/pangomm/private/fontset_p.h
-rw-rw-r--  0 root   root      138 Sep 21  2022 usr/include/pangomm-1.4/pangomm/private/glyph_p.h
-rw-rw-r--  0 root   root      156 Sep 21  2022 usr/include/pangomm-1.4/pangomm/private/glyphstring_p.h
-rw-rw-r--  0 root   root      135 Sep 21  2022 usr/include/pangomm-1.4/pangomm/private/item_p.h
-rw-rw-r--  0 root   root      147 Sep 21  2022 usr/include/pangomm-1.4/pangomm/private/language_p.h
-rw-rw-r--  0 root   root     1065 Sep 21  2022 usr/include/pangomm-1.4/pangomm/private/layout_p.h
-rw-rw-r--  0 root   root      153 Sep 21  2022 usr/include/pangomm-1.4/pangomm/private/layoutiter_p.h
-rw-rw-r--  0 root   root      153 Sep 21  2022 usr/include/pangomm-1.4/pangomm/private/layoutline_p.h
-rw-rw-r--  0 root   root      150 Sep 21  2022 usr/include/pangomm-1.4/pangomm/private/layoutrun_p.h
-rw-rw-r--  0 root   root      150 Sep 21  2022 usr/include/pangomm-1.4/pangomm/private/rectangle_p.h
-rw-rw-r--  0 root   root     1081 Sep 21  2022 usr/include/pangomm-1.4/pangomm/private/renderer_p.h
-rw-rw-r--  0 root   root      147 Sep 21  2022 usr/include/pangomm-1.4/pangomm/private/tabarray_p.h
-rwxr-xr-x  0 root   root   194800 Feb  1 19:30 usr/lib/libpangomm-1.4.so.1.0.30
drwxr-xr-x  0 root   root        0 Feb  1 19:30 usr/lib/pangomm-1.4/
drwxr-xr-x  0 root   root        0 Feb  1 19:30 usr/lib/pkgconfig/
lrwxrwxrwx  0 root   root        0 Feb  1 19:30 usr/lib/libpangomm-1.4.so.1 -> libpangomm-1.4.so.1.0.30
lrwxrwxrwx  0 root   root        0 Feb  1 19:30 usr/lib/libpangomm-1.4.so -> libpangomm-1.4.so.1
-rw-r--r--  0 root   root      630 Feb  1 19:30 usr/lib/pkgconfig/pangomm-1.4.pc
drwxr-xr-x  0 root   root        0 Feb  1 19:30 usr/lib/pangomm-1.4/proc/
drwxr-xr-x  0 root   root        0 Feb  1 19:30 usr/lib/pangomm-1.4/include/
-rw-r--r--  0 root   root     1140 Feb  1 19:30 usr/lib/pangomm-1.4/include/pangommconfig.h
drwxr-xr-x  0 root   root        0 Feb  1 19:30 usr/lib/pangomm-1.4/proc/m4/
-rw-r--r--  0 root   root      247 Sep 21  2022 usr/lib/pangomm-1.4/proc/m4/convert.m4
-rw-r--r--  0 root   root     9356 Sep 21  2022 usr/lib/pangomm-1.4/proc/m4/convert_pango.m4
-rw-r--r--  0 root   root      136 Sep 21  2022 usr/lib/pangomm-1.4/proc/m4/convert_pangomm.m4
=======> Building '/home/devel/packages/pangomm#2.46.3-1.x86_64.pkg.tar.zst' succeeded.
prt-get: Using PKGMK_PACKAGE_DIR: /home/devel/packages
prt-get: reinstalling pangomm 2.46.3-1
prt-get: /usr/bin/pkgadd -u pangomm#2.46.3-1.x86_64.pkg.tar.zst
prt-get: build done Thu Feb  1 19:30:24 2024

