prt-get: updating /usr/ports/wayland-x86_64/pixman
prt-get: starting build Wed May  8 00:56:37 2024
=======> Building '/home/devel/packages/pixman#0.43.4-1.x86_64.pkg.tar.zst'.
bsdtar -p -o -C /home/devel/building/work/src -xf /home/devel/sources/pixman-0.43.4.tar.xz
+ build
+ cd pixman-0.43.4
+ build-meson -Dgtk=disabled . build
The Meson build system
Version: 1.4.0
Source dir: /home/devel/building/work/src/pixman-0.43.4
Build dir: /home/devel/building/work/src/pixman-0.43.4/build
Build type: native build
Project name: pixman
Project version: 0.43.4
C compiler for the host machine: cc (gcc 14.1.0 "cc (SAUX-x86_64) 14.1.0")
C linker for the host machine: cc ld.bfd 2.42
Host machine cpu family: x86_64
Host machine cpu: x86_64
Compiler for C supports arguments -Wdeclaration-after-statement: YES 
Compiler for C supports arguments -fno-strict-aliasing: YES 
Compiler for C supports arguments -fvisibility=hidden: YES 
Compiler for C supports arguments -Wundef: YES 
Compiler for C supports arguments -ftrapping-math: YES 
Compiler for C supports arguments -Wunused-local-typedefs: YES 
Checking if "SSSE3 Intrinsic Support" compiles: YES 
Checking if "test for ASM .func directive" compiles: YES 
Checking if "test for ASM .syntax unified directive" compiles: NO 
Checking if "test for ASM leading underscore" : links: NO 
Checking if "GNU Inline ASM support." compiles: YES 
Run-time dependency OpenMP found: YES 4.5
Found pkg-config: YES (/usr/bin/pkg-config) 2.2.0
Run-time dependency gtk+-3.0 found: YES 3.24.41
Run-time dependency glib-2.0 found: YES 2.80.0
Run-time dependency libpng found: YES 1.6.43
Library m found: YES
Run-time dependency threads found: YES
Has header "pthread.h" : YES 
Checking for function "sigaction" : YES 
Checking for function "alarm" : YES 
Checking for function "mprotect" : YES 
Checking for function "getpagesize" : YES 
Checking for function "mmap" : YES 
Checking for function "getisax" : NO 
Checking for function "gettimeofday" : YES 
Checking for function "posix_memalign" : YES 
Checking for function "feenableexcept" with dependency -lm: YES 
Header "fenv.h" has symbol "FE_DIVBYZERO" : YES 
Check usable header "sys/mman.h" : YES 
Check usable header "fenv.h" : YES 
Check usable header "unistd.h" : YES 
Checking if "TLS via __thread" compiles: YES 
Checking if "__attribute__((constructor))" : links: YES 
Checking if "Has float128 support" : links: YES 
Checking for function "clz" : YES 
Checking if "Support for GCC vector extensions" : links: YES 
Checking for size of "long" : 8 
Configuring pixman-config.h using configuration
Configuring pixman-version.h using configuration
Compiler for C supports function attribute dllexport: NO 
Build targets in project: 60

pixman 0.43.4

  User defined options
    auto_features     : auto
    bindir            : /usr/bin
    buildtype         : plain
    datadir           : /usr/share
    includedir        : /usr/include
    libdir            : /usr/lib
    libexecdir        : /usr/lib
    localstatedir     : /var
    mandir            : /usr/share/man
    prefix            : /usr
    sbindir           : /usr/sbin
    sharedstatedir    : /var/lib
    sysconfdir        : /etc
    werror            : false
    wrap_mode         : nodownload
    python.bytecompile: 0
    b_lto             : false
    b_pie             : true
    b_staticpic       : true
    gtk               : disabled

Found ninja-1.9 at /usr/bin/ninja
+ meson compile -j 8 -v -C build
ninja: entering directory '/home/devel/building/work/src/pixman-0.43.4/build'
[1/151] cc -Itest/affine-bench.p -Itest -I../test -Ipixman -I../pixman -Itest/utils -I../test/utils -fdiagnostics-color=always -D_FILE_OFFSET_BITS=64 -Wall -Winvalid-pch -std=gnu99 -Wdeclaration-after-statement -fno-strict-aliasing -fvisibility=hidden -Wundef -ftrapping-math -Wno-unused-local-typedefs -DHAVE_CONFIG_H -O2 -m64 -march=x86-64 -mtune=generic -flto=auto -ffat-lto-objects -fPIE -fopenmp -MD -MQ test/affine-bench.p/affine-bench.c.o -MF test/affine-bench.p/affine-bench.c.o.d -o test/affine-bench.p/affine-bench.c.o -c ../test/affine-bench.c
[2/151] cc -Itest/scaling-bench.p -Itest -I../test -Ipixman -I../pixman -Itest/utils -I../test/utils -fdiagnostics-color=always -D_FILE_OFFSET_BITS=64 -Wall -Winvalid-pch -std=gnu99 -Wdeclaration-after-statement -fno-strict-aliasing -fvisibility=hidden -Wundef -ftrapping-math -Wno-unused-local-typedefs -DHAVE_CONFIG_H -O2 -m64 -march=x86-64 -mtune=generic -flto=auto -ffat-lto-objects -fPIE -fopenmp -MD -MQ test/scaling-bench.p/scaling-bench.c.o -MF test/scaling-bench.p/scaling-bench.c.o.d -o test/scaling-bench.p/scaling-bench.c.o -c ../test/scaling-bench.c
[3/151] cc -Itest/check-formats.p -Itest -I../test -Ipixman -I../pixman -Itest/utils -I../test/utils -fdiagnostics-color=always -D_FILE_OFFSET_BITS=64 -Wall -Winvalid-pch -std=gnu99 -Wdeclaration-after-statement -fno-strict-aliasing -fvisibility=hidden -Wundef -ftrapping-math -Wno-unused-local-typedefs -DHAVE_CONFIG_H -O2 -m64 -march=x86-64 -mtune=generic -flto=auto -ffat-lto-objects -fPIE -fopenmp -MD -MQ test/check-formats.p/check-formats.c.o -MF test/check-formats.p/check-formats.c.o.d -o test/check-formats.p/check-formats.c.o -c ../test/check-formats.c
[4/151] cc -Itest/radial-perf-test.p -Itest -I../test -Ipixman -I../pixman -Itest/utils -I../test/utils -fdiagnostics-color=always -D_FILE_OFFSET_BITS=64 -Wall -Winvalid-pch -std=gnu99 -Wdeclaration-after-statement -fno-strict-aliasing -fvisibility=hidden -Wundef -ftrapping-math -Wno-unused-local-typedefs -DHAVE_CONFIG_H -O2 -m64 -march=x86-64 -mtune=generic -flto=auto -ffat-lto-objects -fPIE -fopenmp -MD -MQ test/radial-perf-test.p/radial-perf-test.c.o -MF test/radial-perf-test.p/radial-perf-test.c.o.d -o test/radial-perf-test.p/radial-perf-test.c.o -c ../test/radial-perf-test.c
[5/151] cc -Itest/lowlevel-blt-bench.p -Itest -I../test -Ipixman -I../pixman -Itest/utils -I../test/utils -fdiagnostics-color=always -D_FILE_OFFSET_BITS=64 -Wall -Winvalid-pch -std=gnu99 -Wdeclaration-after-statement -fno-strict-aliasing -fvisibility=hidden -Wundef -ftrapping-math -Wno-unused-local-typedefs -DHAVE_CONFIG_H -O2 -m64 -march=x86-64 -mtune=generic -flto=auto -ffat-lto-objects -fPIE -fopenmp -MD -MQ test/lowlevel-blt-bench.p/lowlevel-blt-bench.c.o -MF test/lowlevel-blt-bench.p/lowlevel-blt-bench.c.o.d -o test/lowlevel-blt-bench.p/lowlevel-blt-bench.c.o -c ../test/lowlevel-blt-bench.c
[6/151] cc -Idemos/dither.p -Idemos -I../demos -Ipixman -I../pixman -Itest/utils -I../test/utils -I/usr/include/glib-2.0 -I/usr/lib/glib-2.0/include -I/usr/include/gtk-3.0 -I/usr/include/pango-1.0 -I/usr/include/cairo -I/usr/include/gdk-pixbuf-2.0 -I/usr/include/atk-1.0 -I/usr/include/libdrm -I/usr/include/fribidi -I/usr/include/pixman-1 -I/usr/include/harfbuzz -I/usr/include/freetype2 -I/usr/include/libpng16 -I/usr/include/gio-unix-2.0 -I/usr/include/libmount -I/usr/include/blkid -fdiagnostics-color=always -D_FILE_OFFSET_BITS=64 -Wall -Winvalid-pch -std=gnu99 -Wdeclaration-after-statement -fno-strict-aliasing -fvisibility=hidden -Wundef -ftrapping-math -Wno-unused-local-typedefs -DHAVE_CONFIG_H -O2 -m64 -march=x86-64 -mtune=generic -flto=auto -ffat-lto-objects -fPIE -fopenmp -pthread -MD -MQ demos/dither.p/dither.c.o -MF demos/dither.p/dither.c.o.d -o demos/dither.p/dither.c.o -c ../demos/dither.c
[7/151] cc -Idemos/scale.p -Idemos -I../demos -Ipixman -I../pixman -Itest/utils -I../test/utils -I/usr/include/glib-2.0 -I/usr/lib/glib-2.0/include -I/usr/include/gtk-3.0 -I/usr/include/pango-1.0 -I/usr/include/cairo -I/usr/include/gdk-pixbuf-2.0 -I/usr/include/atk-1.0 -I/usr/include/libdrm -I/usr/include/fribidi -I/usr/include/pixman-1 -I/usr/include/harfbuzz -I/usr/include/freetype2 -I/usr/include/libpng16 -I/usr/include/gio-unix-2.0 -I/usr/include/libmount -I/usr/include/blkid -fdiagnostics-color=always -D_FILE_OFFSET_BITS=64 -Wall -Winvalid-pch -std=gnu99 -Wdeclaration-after-statement -fno-strict-aliasing -fvisibility=hidden -Wundef -ftrapping-math -Wno-unused-local-typedefs -DHAVE_CONFIG_H -O2 -m64 -march=x86-64 -mtune=generic -flto=auto -ffat-lto-objects -fPIE -fopenmp -pthread -MD -MQ demos/scale.p/scale.c.o -MF demos/scale.p/scale.c.o.d -o demos/scale.p/scale.c.o -c ../demos/scale.c
[8/151] cc -Idemos/srgb-trap-test.p -Idemos -I../demos -Ipixman -I../pixman -Itest/utils -I../test/utils -I/usr/include/glib-2.0 -I/usr/lib/glib-2.0/include -I/usr/include/gtk-3.0 -I/usr/include/pango-1.0 -I/usr/include/cairo -I/usr/include/gdk-pixbuf-2.0 -I/usr/include/atk-1.0 -I/usr/include/libdrm -I/usr/include/fribidi -I/usr/include/pixman-1 -I/usr/include/harfbuzz -I/usr/include/freetype2 -I/usr/include/libpng16 -I/usr/include/gio-unix-2.0 -I/usr/include/libmount -I/usr/include/blkid -fdiagnostics-color=always -D_FILE_OFFSET_BITS=64 -Wall -Winvalid-pch -std=gnu99 -Wdeclaration-after-statement -fno-strict-aliasing -fvisibility=hidden -Wundef -ftrapping-math -Wno-unused-local-typedefs -DHAVE_CONFIG_H -O2 -m64 -march=x86-64 -mtune=generic -flto=auto -ffat-lto-objects -fPIE -fopenmp -pthread -MD -MQ demos/srgb-trap-test.p/srgb-trap-test.c.o -MF demos/srgb-trap-test.p/srgb-trap-test.c.o.d -o demos/srgb-trap-test.p/srgb-trap-test.c.o -c ../demos/srgb-trap-test.c
[9/151] cc -Idemos/srgb-test.p -Idemos -I../demos -Ipixman -I../pixman -Itest/utils -I../test/utils -I/usr/include/glib-2.0 -I/usr/lib/glib-2.0/include -I/usr/include/gtk-3.0 -I/usr/include/pango-1.0 -I/usr/include/cairo -I/usr/include/gdk-pixbuf-2.0 -I/usr/include/atk-1.0 -I/usr/include/libdrm -I/usr/include/fribidi -I/usr/include/pixman-1 -I/usr/include/harfbuzz -I/usr/include/freetype2 -I/usr/include/libpng16 -I/usr/include/gio-unix-2.0 -I/usr/include/libmount -I/usr/include/blkid -fdiagnostics-color=always -D_FILE_OFFSET_BITS=64 -Wall -Winvalid-pch -std=gnu99 -Wdeclaration-after-statement -fno-strict-aliasing -fvisibility=hidden -Wundef -ftrapping-math -Wno-unused-local-typedefs -DHAVE_CONFIG_H -O2 -m64 -march=x86-64 -mtune=generic -flto=auto -ffat-lto-objects -fPIE -fopenmp -pthread -MD -MQ demos/srgb-test.p/srgb-test.c.o -MF demos/srgb-test.p/srgb-test.c.o.d -o demos/srgb-test.p/srgb-test.c.o -c ../demos/srgb-test.c
[10/151] cc -Idemos/checkerboard.p -Idemos -I../demos -Ipixman -I../pixman -Itest/utils -I../test/utils -I/usr/include/glib-2.0 -I/usr/lib/glib-2.0/include -I/usr/include/gtk-3.0 -I/usr/include/pango-1.0 -I/usr/include/cairo -I/usr/include/gdk-pixbuf-2.0 -I/usr/include/atk-1.0 -I/usr/include/libdrm -I/usr/include/fribidi -I/usr/include/pixman-1 -I/usr/include/harfbuzz -I/usr/include/freetype2 -I/usr/include/libpng16 -I/usr/include/gio-unix-2.0 -I/usr/include/libmount -I/usr/include/blkid -fdiagnostics-color=always -D_FILE_OFFSET_BITS=64 -Wall -Winvalid-pch -std=gnu99 -Wdeclaration-after-statement -fno-strict-aliasing -fvisibility=hidden -Wundef -ftrapping-math -Wno-unused-local-typedefs -DHAVE_CONFIG_H -O2 -m64 -march=x86-64 -mtune=generic -flto=auto -ffat-lto-objects -fPIE -fopenmp -pthread -MD -MQ demos/checkerboard.p/checkerboard.c.o -MF demos/checkerboard.p/checkerboard.c.o.d -o demos/checkerboard.p/checkerboard.c.o -c ../demos/checkerboard.c
[11/151] cc -Idemos/tri-test.p -Idemos -I../demos -Ipixman -I../pixman -Itest/utils -I../test/utils -I/usr/include/glib-2.0 -I/usr/lib/glib-2.0/include -I/usr/include/gtk-3.0 -I/usr/include/pango-1.0 -I/usr/include/cairo -I/usr/include/gdk-pixbuf-2.0 -I/usr/include/atk-1.0 -I/usr/include/libdrm -I/usr/include/fribidi -I/usr/include/pixman-1 -I/usr/include/harfbuzz -I/usr/include/freetype2 -I/usr/include/libpng16 -I/usr/include/gio-unix-2.0 -I/usr/include/libmount -I/usr/include/blkid -fdiagnostics-color=always -D_FILE_OFFSET_BITS=64 -Wall -Winvalid-pch -std=gnu99 -Wdeclaration-after-statement -fno-strict-aliasing -fvisibility=hidden -Wundef -ftrapping-math -Wno-unused-local-typedefs -DHAVE_CONFIG_H -O2 -m64 -march=x86-64 -mtune=generic -flto=auto -ffat-lto-objects -fPIE -fopenmp -pthread -MD -MQ demos/tri-test.p/tri-test.c.o -MF demos/tri-test.p/tri-test.c.o.d -o demos/tri-test.p/tri-test.c.o -c ../demos/tri-test.c
[12/151] cc -Idemos/conical-test.p -Idemos -I../demos -Ipixman -I../pixman -Itest/utils -I../test/utils -I/usr/include/glib-2.0 -I/usr/lib/glib-2.0/include -I/usr/include/gtk-3.0 -I/usr/include/pango-1.0 -I/usr/include/cairo -I/usr/include/gdk-pixbuf-2.0 -I/usr/include/atk-1.0 -I/usr/include/libdrm -I/usr/include/fribidi -I/usr/include/pixman-1 -I/usr/include/harfbuzz -I/usr/include/freetype2 -I/usr/include/libpng16 -I/usr/include/gio-unix-2.0 -I/usr/include/libmount -I/usr/include/blkid -fdiagnostics-color=always -D_FILE_OFFSET_BITS=64 -Wall -Winvalid-pch -std=gnu99 -Wdeclaration-after-statement -fno-strict-aliasing -fvisibility=hidden -Wundef -ftrapping-math -Wno-unused-local-typedefs -DHAVE_CONFIG_H -O2 -m64 -march=x86-64 -mtune=generic -flto=auto -ffat-lto-objects -fPIE -fopenmp -pthread -MD -MQ demos/conical-test.p/conical-test.c.o -MF demos/conical-test.p/conical-test.c.o.d -o demos/conical-test.p/conical-test.c.o -c ../demos/conical-test.c
[13/151] cc -Idemos/linear-gradient.p -Idemos -I../demos -Ipixman -I../pixman -Itest/utils -I../test/utils -I/usr/include/glib-2.0 -I/usr/lib/glib-2.0/include -I/usr/include/gtk-3.0 -I/usr/include/pango-1.0 -I/usr/include/cairo -I/usr/include/gdk-pixbuf-2.0 -I/usr/include/atk-1.0 -I/usr/include/libdrm -I/usr/include/fribidi -I/usr/include/pixman-1 -I/usr/include/harfbuzz -I/usr/include/freetype2 -I/usr/include/libpng16 -I/usr/include/gio-unix-2.0 -I/usr/include/libmount -I/usr/include/blkid -fdiagnostics-color=always -D_FILE_OFFSET_BITS=64 -Wall -Winvalid-pch -std=gnu99 -Wdeclaration-after-statement -fno-strict-aliasing -fvisibility=hidden -Wundef -ftrapping-math -Wno-unused-local-typedefs -DHAVE_CONFIG_H -O2 -m64 -march=x86-64 -mtune=generic -flto=auto -ffat-lto-objects -fPIE -fopenmp -pthread -MD -MQ demos/linear-gradient.p/linear-gradient.c.o -MF demos/linear-gradient.p/linear-gradient.c.o.d -o demos/linear-gradient.p/linear-gradient.c.o -c ../demos/linear-gradient.c
[14/151] cc -Idemos/radial-test.p -Idemos -I../demos -Ipixman -I../pixman -Itest/utils -I../test/utils -I/usr/include/glib-2.0 -I/usr/lib/glib-2.0/include -I/usr/include/gtk-3.0 -I/usr/include/pango-1.0 -I/usr/include/cairo -I/usr/include/gdk-pixbuf-2.0 -I/usr/include/atk-1.0 -I/usr/include/libdrm -I/usr/include/fribidi -I/usr/include/pixman-1 -I/usr/include/harfbuzz -I/usr/include/freetype2 -I/usr/include/libpng16 -I/usr/include/gio-unix-2.0 -I/usr/include/libmount -I/usr/include/blkid -fdiagnostics-color=always -D_FILE_OFFSET_BITS=64 -Wall -Winvalid-pch -std=gnu99 -Wdeclaration-after-statement -fno-strict-aliasing -fvisibility=hidden -Wundef -ftrapping-math -Wno-unused-local-typedefs -DHAVE_CONFIG_H -O2 -m64 -march=x86-64 -mtune=generic -flto=auto -ffat-lto-objects -fPIE -fopenmp -pthread -MD -MQ demos/radial-test.p/radial-test.c.o -MF demos/radial-test.p/radial-test.c.o.d -o demos/radial-test.p/radial-test.c.o -c ../demos/radial-test.c
[15/151] cc -Idemos/convolution-test.p -Idemos -I../demos -Ipixman -I../pixman -Itest/utils -I../test/utils -I/usr/include/glib-2.0 -I/usr/lib/glib-2.0/include -I/usr/include/gtk-3.0 -I/usr/include/pango-1.0 -I/usr/include/cairo -I/usr/include/gdk-pixbuf-2.0 -I/usr/include/atk-1.0 -I/usr/include/libdrm -I/usr/include/fribidi -I/usr/include/pixman-1 -I/usr/include/harfbuzz -I/usr/include/freetype2 -I/usr/include/libpng16 -I/usr/include/gio-unix-2.0 -I/usr/include/libmount -I/usr/include/blkid -fdiagnostics-color=always -D_FILE_OFFSET_BITS=64 -Wall -Winvalid-pch -std=gnu99 -Wdeclaration-after-statement -fno-strict-aliasing -fvisibility=hidden -Wundef -ftrapping-math -Wno-unused-local-typedefs -DHAVE_CONFIG_H -O2 -m64 -march=x86-64 -mtune=generic -flto=auto -ffat-lto-objects -fPIE -fopenmp -pthread -MD -MQ demos/convolution-test.p/convolution-test.c.o -MF demos/convolution-test.p/convolution-test.c.o.d -o demos/convolution-test.p/convolution-test.c.o -c ../demos/convolution-test.c
[16/151] cc -Idemos/screen-test.p -Idemos -I../demos -Ipixman -I../pixman -Itest/utils -I../test/utils -I/usr/include/glib-2.0 -I/usr/lib/glib-2.0/include -I/usr/include/gtk-3.0 -I/usr/include/pango-1.0 -I/usr/include/cairo -I/usr/include/gdk-pixbuf-2.0 -I/usr/include/atk-1.0 -I/usr/include/libdrm -I/usr/include/fribidi -I/usr/include/pixman-1 -I/usr/include/harfbuzz -I/usr/include/freetype2 -I/usr/include/libpng16 -I/usr/include/gio-unix-2.0 -I/usr/include/libmount -I/usr/include/blkid -fdiagnostics-color=always -D_FILE_OFFSET_BITS=64 -Wall -Winvalid-pch -std=gnu99 -Wdeclaration-after-statement -fno-strict-aliasing -fvisibility=hidden -Wundef -ftrapping-math -Wno-unused-local-typedefs -DHAVE_CONFIG_H -O2 -m64 -march=x86-64 -mtune=generic -flto=auto -ffat-lto-objects -fPIE -fopenmp -pthread -MD -MQ demos/screen-test.p/screen-test.c.o -MF demos/screen-test.p/screen-test.c.o.d -o demos/screen-test.p/screen-test.c.o -c ../demos/screen-test.c
[17/151] cc -Idemos/trap-test.p -Idemos -I../demos -Ipixman -I../pixman -Itest/utils -I../test/utils -I/usr/include/glib-2.0 -I/usr/lib/glib-2.0/include -I/usr/include/gtk-3.0 -I/usr/include/pango-1.0 -I/usr/include/cairo -I/usr/include/gdk-pixbuf-2.0 -I/usr/include/atk-1.0 -I/usr/include/libdrm -I/usr/include/fribidi -I/usr/include/pixman-1 -I/usr/include/harfbuzz -I/usr/include/freetype2 -I/usr/include/libpng16 -I/usr/include/gio-unix-2.0 -I/usr/include/libmount -I/usr/include/blkid -fdiagnostics-color=always -D_FILE_OFFSET_BITS=64 -Wall -Winvalid-pch -std=gnu99 -Wdeclaration-after-statement -fno-strict-aliasing -fvisibility=hidden -Wundef -ftrapping-math -Wno-unused-local-typedefs -DHAVE_CONFIG_H -O2 -m64 -march=x86-64 -mtune=generic -flto=auto -ffat-lto-objects -fPIE -fopenmp -pthread -MD -MQ demos/trap-test.p/trap-test.c.o -MF demos/trap-test.p/trap-test.c.o.d -o demos/trap-test.p/trap-test.c.o -c ../demos/trap-test.c
[18/151] cc -Idemos/clip-test.p -Idemos -I../demos -Ipixman -I../pixman -Itest/utils -I../test/utils -I/usr/include/glib-2.0 -I/usr/lib/glib-2.0/include -I/usr/include/gtk-3.0 -I/usr/include/pango-1.0 -I/usr/include/cairo -I/usr/include/gdk-pixbuf-2.0 -I/usr/include/atk-1.0 -I/usr/include/libdrm -I/usr/include/fribidi -I/usr/include/pixman-1 -I/usr/include/harfbuzz -I/usr/include/freetype2 -I/usr/include/libpng16 -I/usr/include/gio-unix-2.0 -I/usr/include/libmount -I/usr/include/blkid -fdiagnostics-color=always -D_FILE_OFFSET_BITS=64 -Wall -Winvalid-pch -std=gnu99 -Wdeclaration-after-statement -fno-strict-aliasing -fvisibility=hidden -Wundef -ftrapping-math -Wno-unused-local-typedefs -DHAVE_CONFIG_H -O2 -m64 -march=x86-64 -mtune=generic -flto=auto -ffat-lto-objects -fPIE -fopenmp -pthread -MD -MQ demos/clip-test.p/clip-test.c.o -MF demos/clip-test.p/clip-test.c.o.d -o demos/clip-test.p/clip-test.c.o -c ../demos/clip-test.c
[19/151] cc -Idemos/composite-test.p -Idemos -I../demos -Ipixman -I../pixman -Itest/utils -I../test/utils -I/usr/include/glib-2.0 -I/usr/lib/glib-2.0/include -I/usr/include/gtk-3.0 -I/usr/include/pango-1.0 -I/usr/include/cairo -I/usr/include/gdk-pixbuf-2.0 -I/usr/include/atk-1.0 -I/usr/include/libdrm -I/usr/include/fribidi -I/usr/include/pixman-1 -I/usr/include/harfbuzz -I/usr/include/freetype2 -I/usr/include/libpng16 -I/usr/include/gio-unix-2.0 -I/usr/include/libmount -I/usr/include/blkid -fdiagnostics-color=always -D_FILE_OFFSET_BITS=64 -Wall -Winvalid-pch -std=gnu99 -Wdeclaration-after-statement -fno-strict-aliasing -fvisibility=hidden -Wundef -ftrapping-math -Wno-unused-local-typedefs -DHAVE_CONFIG_H -O2 -m64 -march=x86-64 -mtune=generic -flto=auto -ffat-lto-objects -fPIE -fopenmp -pthread -MD -MQ demos/composite-test.p/composite-test.c.o -MF demos/composite-test.p/composite-test.c.o.d -o demos/composite-test.p/composite-test.c.o -c ../demos/composite-test.c
[20/151] cc -Idemos/alpha-test.p -Idemos -I../demos -Ipixman -I../pixman -Itest/utils -I../test/utils -I/usr/include/glib-2.0 -I/usr/lib/glib-2.0/include -I/usr/include/gtk-3.0 -I/usr/include/pango-1.0 -I/usr/include/cairo -I/usr/include/gdk-pixbuf-2.0 -I/usr/include/atk-1.0 -I/usr/include/libdrm -I/usr/include/fribidi -I/usr/include/pixman-1 -I/usr/include/harfbuzz -I/usr/include/freetype2 -I/usr/include/libpng16 -I/usr/include/gio-unix-2.0 -I/usr/include/libmount -I/usr/include/blkid -fdiagnostics-color=always -D_FILE_OFFSET_BITS=64 -Wall -Winvalid-pch -std=gnu99 -Wdeclaration-after-statement -fno-strict-aliasing -fvisibility=hidden -Wundef -ftrapping-math -Wno-unused-local-typedefs -DHAVE_CONFIG_H -O2 -m64 -march=x86-64 -mtune=generic -flto=auto -ffat-lto-objects -fPIE -fopenmp -pthread -MD -MQ demos/alpha-test.p/alpha-test.c.o -MF demos/alpha-test.p/alpha-test.c.o.d -o demos/alpha-test.p/alpha-test.c.o -c ../demos/alpha-test.c
[21/151] cc -Idemos/gradient-test.p -Idemos -I../demos -Ipixman -I../pixman -Itest/utils -I../test/utils -I/usr/include/glib-2.0 -I/usr/lib/glib-2.0/include -I/usr/include/gtk-3.0 -I/usr/include/pango-1.0 -I/usr/include/cairo -I/usr/include/gdk-pixbuf-2.0 -I/usr/include/atk-1.0 -I/usr/include/libdrm -I/usr/include/fribidi -I/usr/include/pixman-1 -I/usr/include/harfbuzz -I/usr/include/freetype2 -I/usr/include/libpng16 -I/usr/include/gio-unix-2.0 -I/usr/include/libmount -I/usr/include/blkid -fdiagnostics-color=always -D_FILE_OFFSET_BITS=64 -Wall -Winvalid-pch -std=gnu99 -Wdeclaration-after-statement -fno-strict-aliasing -fvisibility=hidden -Wundef -ftrapping-math -Wno-unused-local-typedefs -DHAVE_CONFIG_H -O2 -m64 -march=x86-64 -mtune=generic -flto=auto -ffat-lto-objects -fPIE -fopenmp -pthread -MD -MQ demos/gradient-test.p/gradient-test.c.o -MF demos/gradient-test.p/gradient-test.c.o.d -o demos/gradient-test.p/gradient-test.c.o -c ../demos/gradient-test.c
[22/151] cc -Idemos/libdemo.a.p -Idemos -I../demos -Ipixman -I../pixman -Itest/utils -I../test/utils -I/usr/include/gtk-3.0 -I/usr/include/pango-1.0 -I/usr/include/cairo -I/usr/include/gdk-pixbuf-2.0 -I/usr/include/atk-1.0 -I/usr/include/libdrm -I/usr/include/fribidi -I/usr/include/pixman-1 -I/usr/include/harfbuzz -I/usr/include/freetype2 -I/usr/include/libpng16 -I/usr/include/gio-unix-2.0 -I/usr/include/glib-2.0 -I/usr/lib/glib-2.0/include -I/usr/include/libmount -I/usr/include/blkid -fdiagnostics-color=always -D_FILE_OFFSET_BITS=64 -Wall -Winvalid-pch -std=gnu99 -Wdeclaration-after-statement -fno-strict-aliasing -fvisibility=hidden -Wundef -ftrapping-math -Wno-unused-local-typedefs -DHAVE_CONFIG_H -O2 -m64 -march=x86-64 -mtune=generic -flto=auto -ffat-lto-objects -fPIC -fopenmp -pthread -MD -MQ demos/libdemo.a.p/gtk-utils.c.o -MF demos/libdemo.a.p/gtk-utils.c.o.d -o demos/libdemo.a.p/gtk-utils.c.o -c ../demos/gtk-utils.c
[23/151] cc -Itest/thread-test.p -Itest -I../test -Ipixman -I../pixman -Itest/utils -I../test/utils -I/usr/include/libpng16 -fdiagnostics-color=always -D_FILE_OFFSET_BITS=64 -Wall -Winvalid-pch -std=gnu99 -Wdeclaration-after-statement -fno-strict-aliasing -fvisibility=hidden -Wundef -ftrapping-math -Wno-unused-local-typedefs -DHAVE_CONFIG_H -O2 -m64 -march=x86-64 -mtune=generic -flto=auto -ffat-lto-objects -fPIE -fopenmp -pthread -MD -MQ test/thread-test.p/thread-test.c.o -MF test/thread-test.p/thread-test.c.o.d -o test/thread-test.p/thread-test.c.o -c ../test/thread-test.c
[24/151] cc -Itest/tolerance-test.p -Itest -I../test -Ipixman -I../pixman -Itest/utils -I../test/utils -I/usr/include/libpng16 -fdiagnostics-color=always -D_FILE_OFFSET_BITS=64 -Wall -Winvalid-pch -std=gnu99 -Wdeclaration-after-statement -fno-strict-aliasing -fvisibility=hidden -Wundef -ftrapping-math -Wno-unused-local-typedefs -DHAVE_CONFIG_H -O2 -m64 -march=x86-64 -mtune=generic -flto=auto -ffat-lto-objects -fPIE -fopenmp -pthread -MD -MQ test/tolerance-test.p/tolerance-test.c.o -MF test/tolerance-test.p/tolerance-test.c.o.d -o test/tolerance-test.p/tolerance-test.c.o -c ../test/tolerance-test.c
[25/151] cc -Itest/composite.p -Itest -I../test -Ipixman -I../pixman -Itest/utils -I../test/utils -I/usr/include/libpng16 -fdiagnostics-color=always -D_FILE_OFFSET_BITS=64 -Wall -Winvalid-pch -std=gnu99 -Wdeclaration-after-statement -fno-strict-aliasing -fvisibility=hidden -Wundef -ftrapping-math -Wno-unused-local-typedefs -DHAVE_CONFIG_H -O2 -m64 -march=x86-64 -mtune=generic -flto=auto -ffat-lto-objects -fPIE -fopenmp -pthread -MD -MQ test/composite.p/composite.c.o -MF test/composite.p/composite.c.o.d -o test/composite.p/composite.c.o -c ../test/composite.c
[26/151] cc -Itest/scaling-test.p -Itest -I../test -Ipixman -I../pixman -Itest/utils -I../test/utils -I/usr/include/libpng16 -fdiagnostics-color=always -D_FILE_OFFSET_BITS=64 -Wall -Winvalid-pch -std=gnu99 -Wdeclaration-after-statement -fno-strict-aliasing -fvisibility=hidden -Wundef -ftrapping-math -Wno-unused-local-typedefs -DHAVE_CONFIG_H -O2 -m64 -march=x86-64 -mtune=generic -flto=auto -ffat-lto-objects -fPIE -fopenmp -pthread -MD -MQ test/scaling-test.p/scaling-test.c.o -MF test/scaling-test.p/scaling-test.c.o.d -o test/scaling-test.p/scaling-test.c.o -c ../test/scaling-test.c
[27/151] cc -Itest/affine-test.p -Itest -I../test -Ipixman -I../pixman -Itest/utils -I../test/utils -I/usr/include/libpng16 -fdiagnostics-color=always -D_FILE_OFFSET_BITS=64 -Wall -Winvalid-pch -std=gnu99 -Wdeclaration-after-statement -fno-strict-aliasing -fvisibility=hidden -Wundef -ftrapping-math -Wno-unused-local-typedefs -DHAVE_CONFIG_H -O2 -m64 -march=x86-64 -mtune=generic -flto=auto -ffat-lto-objects -fPIE -fopenmp -pthread -MD -MQ test/affine-test.p/affine-test.c.o -MF test/affine-test.p/affine-test.c.o.d -o test/affine-test.p/affine-test.c.o -c ../test/affine-test.c
[28/151] cc -Itest/blitters-test.p -Itest -I../test -Ipixman -I../pixman -Itest/utils -I../test/utils -I/usr/include/libpng16 -fdiagnostics-color=always -D_FILE_OFFSET_BITS=64 -Wall -Winvalid-pch -std=gnu99 -Wdeclaration-after-statement -fno-strict-aliasing -fvisibility=hidden -Wundef -ftrapping-math -Wno-unused-local-typedefs -DHAVE_CONFIG_H -O2 -m64 -march=x86-64 -mtune=generic -flto=auto -ffat-lto-objects -fPIE -fopenmp -pthread -MD -MQ test/blitters-test.p/blitters-test.c.o -MF test/blitters-test.p/blitters-test.c.o.d -o test/blitters-test.p/blitters-test.c.o -c ../test/blitters-test.c
[01m[K../demos/composite-test.c:[m[K In function '[01m[Kmain[m[K':
[01m[K../demos/composite-test.c:122:5:[m[K [01;35m[Kwarning: [m[K'[01m[Kgtk_table_new[m[K' is deprecated: Use 'GtkGrid' instead [[01;35m[K-Wdeprecated-declarations[m[K]
  122 |     [01;35m[Ktable[m[K = gtk_table_new (G_N_ELEMENTS (operators) / 6, 6, TRUE);
      |     [01;35m[K^~~~~[m[K
In file included from [01m[K/usr/include/gtk-3.0/gtk/gtk.h:280[m[K,
                 from [01m[K../demos/composite-test.c:1[m[K:
[01m[K/usr/include/gtk-3.0/gtk/deprecated/gtktable.h:119:12:[m[K [01;36m[Knote: [m[Kdeclared here
  119 | GtkWidget* [01;36m[Kgtk_table_new[m[K              (guint            rows,
      |            [01;36m[K^~~~~~~~~~~~~[m[K
[01m[K../demos/composite-test.c:142:9:[m[K [01;35m[Kwarning: [m[K'[01m[Kgtk_vbox_new[m[K' is deprecated: Use 'gtk_box_new' instead [[01;35m[K-Wdeprecated-declarations[m[K]
  142 |         [01;35m[Kvbox[m[K = gtk_vbox_new (FALSE, 0);
      |         [01;35m[K^~~~[m[K
In file included from [01m[K/usr/include/gtk-3.0/gtk/gtk.h:286[m[K:
[01m[K/usr/include/gtk-3.0/gtk/deprecated/gtkvbox.h:61:13:[m[K [01;36m[Knote: [m[Kdeclared here
   61 | GtkWidget * [01;36m[Kgtk_vbox_new[m[K      (gboolean homogeneous,
      |             [01;36m[K^~~~~~~~~~~~[m[K
[01m[K../demos/composite-test.c:158:9:[m[K [01;35m[Kwarning: [m[K'[01m[Kgtk_table_attach_defaults[m[K' is deprecated: Use 'GtkGrid' instead [[01;35m[K-Wdeprecated-declarations[m[K]
  158 |         [01;35m[Kgtk_table_attach_defaults[m[K (GTK_TABLE (table), vbox,
      |         [01;35m[K^~~~~~~~~~~~~~~~~~~~~~~~~[m[K
[01m[K/usr/include/gtk-3.0/gtk/deprecated/gtktable.h:138:12:[m[K [01;36m[Knote: [m[Kdeclared here
  138 | void       [01;36m[Kgtk_table_attach_defaults[m[K  (GtkTable        *table,
      |            [01;36m[K^~~~~~~~~~~~~~~~~~~~~~~~~[m[K
[01m[K../demos/composite-test.c:175:5:[m[K [01;35m[Kwarning: [m[K'[01m[Kgtk_scrolled_window_add_with_viewport[m[K' is deprecated: Use 'gtk_container_add' instead [[01;35m[K-Wdeprecated-declarations[m[K]
  175 |     [01;35m[Kgtk_scrolled_window_add_with_viewport[m[K (GTK_SCROLLED_WINDOW (swindow), table);
      |     [01;35m[K^~~~~~~~~~~~~~~~~~~~~~~~~~~~~~~~~~~~~[m[K
In file included from [01m[K/usr/include/gtk-3.0/gtk/gtk.h:187[m[K:
[01m[K/usr/include/gtk-3.0/gtk/gtkscrolledwindow.h:186:16:[m[K [01;36m[Knote: [m[Kdeclared here
  186 | void           [01;36m[Kgtk_scrolled_window_add_with_viewport[m[K (GtkScrolledWindow *scrolled_window,
      |                [01;36m[K^~~~~~~~~~~~~~~~~~~~~~~~~~~~~~~~~~~~~[m[K
[29/151] cc -Itest/cover-test.p -Itest -I../test -Ipixman -I../pixman -Itest/utils -I../test/utils -I/usr/include/libpng16 -fdiagnostics-color=always -D_FILE_OFFSET_BITS=64 -Wall -Winvalid-pch -std=gnu99 -Wdeclaration-after-statement -fno-strict-aliasing -fvisibility=hidden -Wundef -ftrapping-math -Wno-unused-local-typedefs -DHAVE_CONFIG_H -O2 -m64 -march=x86-64 -mtune=generic -flto=auto -ffat-lto-objects -fPIE -fopenmp -pthread -MD -MQ test/cover-test.p/cover-test.c.o -MF test/cover-test.p/cover-test.c.o.d -o test/cover-test.p/cover-test.c.o -c ../test/cover-test.c
[30/151] cc -Itest/stress-test.p -Itest -I../test -Ipixman -I../pixman -Itest/utils -I../test/utils -I/usr/include/libpng16 -fdiagnostics-color=always -D_FILE_OFFSET_BITS=64 -Wall -Winvalid-pch -std=gnu99 -Wdeclaration-after-statement -fno-strict-aliasing -fvisibility=hidden -Wundef -ftrapping-math -Wno-unused-local-typedefs -DHAVE_CONFIG_H -O2 -m64 -march=x86-64 -mtune=generic -flto=auto -ffat-lto-objects -fPIE -fopenmp -pthread -MD -MQ test/stress-test.p/stress-test.c.o -MF test/stress-test.p/stress-test.c.o.d -o test/stress-test.p/stress-test.c.o -c ../test/stress-test.c
[31/151] cc -Itest/solid-test.p -Itest -I../test -Ipixman -I../pixman -Itest/utils -I../test/utils -I/usr/include/libpng16 -fdiagnostics-color=always -D_FILE_OFFSET_BITS=64 -Wall -Winvalid-pch -std=gnu99 -Wdeclaration-after-statement -fno-strict-aliasing -fvisibility=hidden -Wundef -ftrapping-math -Wno-unused-local-typedefs -DHAVE_CONFIG_H -O2 -m64 -march=x86-64 -mtune=generic -flto=auto -ffat-lto-objects -fPIE -fopenmp -pthread -MD -MQ test/solid-test.p/solid-test.c.o -MF test/solid-test.p/solid-test.c.o.d -o test/solid-test.p/solid-test.c.o -c ../test/solid-test.c
[32/151] cc -Itest/glyph-test.p -Itest -I../test -Ipixman -I../pixman -Itest/utils -I../test/utils -I/usr/include/libpng16 -fdiagnostics-color=always -D_FILE_OFFSET_BITS=64 -Wall -Winvalid-pch -std=gnu99 -Wdeclaration-after-statement -fno-strict-aliasing -fvisibility=hidden -Wundef -ftrapping-math -Wno-unused-local-typedefs -DHAVE_CONFIG_H -O2 -m64 -march=x86-64 -mtune=generic -flto=auto -ffat-lto-objects -fPIE -fopenmp -pthread -MD -MQ test/glyph-test.p/glyph-test.c.o -MF test/glyph-test.p/glyph-test.c.o.d -o test/glyph-test.p/glyph-test.c.o -c ../test/glyph-test.c
[33/151] cc -Itest/region-contains-test.p -Itest -I../test -Ipixman -I../pixman -Itest/utils -I../test/utils -I/usr/include/libpng16 -fdiagnostics-color=always -D_FILE_OFFSET_BITS=64 -Wall -Winvalid-pch -std=gnu99 -Wdeclaration-after-statement -fno-strict-aliasing -fvisibility=hidden -Wundef -ftrapping-math -Wno-unused-local-typedefs -DHAVE_CONFIG_H -O2 -m64 -march=x86-64 -mtune=generic -flto=auto -ffat-lto-objects -fPIE -fopenmp -pthread -MD -MQ test/region-contains-test.p/region-contains-test.c.o -MF test/region-contains-test.p/region-contains-test.c.o.d -o test/region-contains-test.p/region-contains-test.c.o -c ../test/region-contains-test.c
[34/151] cc -Itest/composite-traps-test.p -Itest -I../test -Ipixman -I../pixman -Itest/utils -I../test/utils -I/usr/include/libpng16 -fdiagnostics-color=always -D_FILE_OFFSET_BITS=64 -Wall -Winvalid-pch -std=gnu99 -Wdeclaration-after-statement -fno-strict-aliasing -fvisibility=hidden -Wundef -ftrapping-math -Wno-unused-local-typedefs -DHAVE_CONFIG_H -O2 -m64 -march=x86-64 -mtune=generic -flto=auto -ffat-lto-objects -fPIE -fopenmp -pthread -MD -MQ test/composite-traps-test.p/composite-traps-test.c.o -MF test/composite-traps-test.p/composite-traps-test.c.o.d -o test/composite-traps-test.p/composite-traps-test.c.o -c ../test/composite-traps-test.c
[35/151] cc -Itest/filter-reduction-test.p -Itest -I../test -Ipixman -I../pixman -Itest/utils -I../test/utils -I/usr/include/libpng16 -fdiagnostics-color=always -D_FILE_OFFSET_BITS=64 -Wall -Winvalid-pch -std=gnu99 -Wdeclaration-after-statement -fno-strict-aliasing -fvisibility=hidden -Wundef -ftrapping-math -Wno-unused-local-typedefs -DHAVE_CONFIG_H -O2 -m64 -march=x86-64 -mtune=generic -flto=auto -ffat-lto-objects -fPIE -fopenmp -pthread -MD -MQ test/filter-reduction-test.p/filter-reduction-test.c.o -MF test/filter-reduction-test.p/filter-reduction-test.c.o.d -o test/filter-reduction-test.p/filter-reduction-test.c.o -c ../test/filter-reduction-test.c
[36/151] rm -f demos/libdemo.a && gcc-ar csrDT demos/libdemo.a demos/libdemo.a.p/gtk-utils.c.o
[37/151] cc -Itest/matrix-test.p -Itest -I../test -Ipixman -I../pixman -Itest/utils -I../test/utils -I/usr/include/libpng16 -fdiagnostics-color=always -D_FILE_OFFSET_BITS=64 -Wall -Winvalid-pch -std=gnu99 -Wdeclaration-after-statement -fno-strict-aliasing -fvisibility=hidden -Wundef -ftrapping-math -Wno-unused-local-typedefs -DHAVE_CONFIG_H -O2 -m64 -march=x86-64 -mtune=generic -flto=auto -ffat-lto-objects -fPIE -fopenmp -pthread -MD -MQ test/matrix-test.p/matrix-test.c.o -MF test/matrix-test.p/matrix-test.c.o.d -o test/matrix-test.p/matrix-test.c.o -c ../test/matrix-test.c
[38/151] cc -Itest/pixel-test.p -Itest -I../test -Ipixman -I../pixman -Itest/utils -I../test/utils -I/usr/include/libpng16 -fdiagnostics-color=always -D_FILE_OFFSET_BITS=64 -Wall -Winvalid-pch -std=gnu99 -Wdeclaration-after-statement -fno-strict-aliasing -fvisibility=hidden -Wundef -ftrapping-math -Wno-unused-local-typedefs -DHAVE_CONFIG_H -O2 -m64 -march=x86-64 -mtune=generic -flto=auto -ffat-lto-objects -fPIE -fopenmp -pthread -MD -MQ test/pixel-test.p/pixel-test.c.o -MF test/pixel-test.p/pixel-test.c.o.d -o test/pixel-test.p/pixel-test.c.o -c ../test/pixel-test.c
[39/151] cc -Itest/gradient-crash-test.p -Itest -I../test -Ipixman -I../pixman -Itest/utils -I../test/utils -I/usr/include/libpng16 -fdiagnostics-color=always -D_FILE_OFFSET_BITS=64 -Wall -Winvalid-pch -std=gnu99 -Wdeclaration-after-statement -fno-strict-aliasing -fvisibility=hidden -Wundef -ftrapping-math -Wno-unused-local-typedefs -DHAVE_CONFIG_H -O2 -m64 -march=x86-64 -mtune=generic -flto=auto -ffat-lto-objects -fPIE -fopenmp -pthread -MD -MQ test/gradient-crash-test.p/gradient-crash-test.c.o -MF test/gradient-crash-test.p/gradient-crash-test.c.o.d -o test/gradient-crash-test.p/gradient-crash-test.c.o -c ../test/gradient-crash-test.c
[40/151] cc -Itest/alphamap.p -Itest -I../test -Ipixman -I../pixman -Itest/utils -I../test/utils -I/usr/include/libpng16 -fdiagnostics-color=always -D_FILE_OFFSET_BITS=64 -Wall -Winvalid-pch -std=gnu99 -Wdeclaration-after-statement -fno-strict-aliasing -fvisibility=hidden -Wundef -ftrapping-math -Wno-unused-local-typedefs -DHAVE_CONFIG_H -O2 -m64 -march=x86-64 -mtune=generic -flto=auto -ffat-lto-objects -fPIE -fopenmp -pthread -MD -MQ test/alphamap.p/alphamap.c.o -MF test/alphamap.p/alphamap.c.o.d -o test/alphamap.p/alphamap.c.o -c ../test/alphamap.c
[41/151] cc -Itest/rotate-test.p -Itest -I../test -Ipixman -I../pixman -Itest/utils -I../test/utils -I/usr/include/libpng16 -fdiagnostics-color=always -D_FILE_OFFSET_BITS=64 -Wall -Winvalid-pch -std=gnu99 -Wdeclaration-after-statement -fno-strict-aliasing -fvisibility=hidden -Wundef -ftrapping-math -Wno-unused-local-typedefs -DHAVE_CONFIG_H -O2 -m64 -march=x86-64 -mtune=generic -flto=auto -ffat-lto-objects -fPIE -fopenmp -pthread -MD -MQ test/rotate-test.p/rotate-test.c.o -MF test/rotate-test.p/rotate-test.c.o.d -o test/rotate-test.p/rotate-test.c.o -c ../test/rotate-test.c
[42/151] cc -Itest/scaling-helpers-test.p -Itest -I../test -Ipixman -I../pixman -Itest/utils -I../test/utils -I/usr/include/libpng16 -fdiagnostics-color=always -D_FILE_OFFSET_BITS=64 -Wall -Winvalid-pch -std=gnu99 -Wdeclaration-after-statement -fno-strict-aliasing -fvisibility=hidden -Wundef -ftrapping-math -Wno-unused-local-typedefs -DHAVE_CONFIG_H -O2 -m64 -march=x86-64 -mtune=generic -flto=auto -ffat-lto-objects -fPIE -fopenmp -pthread -MD -MQ test/scaling-helpers-test.p/scaling-helpers-test.c.o -MF test/scaling-helpers-test.p/scaling-helpers-test.c.o.d -o test/scaling-helpers-test.p/scaling-helpers-test.c.o -c ../test/scaling-helpers-test.c
[43/151] cc -Itest/alpha-loop.p -Itest -I../test -Ipixman -I../pixman -Itest/utils -I../test/utils -I/usr/include/libpng16 -fdiagnostics-color=always -D_FILE_OFFSET_BITS=64 -Wall -Winvalid-pch -std=gnu99 -Wdeclaration-after-statement -fno-strict-aliasing -fvisibility=hidden -Wundef -ftrapping-math -Wno-unused-local-typedefs -DHAVE_CONFIG_H -O2 -m64 -march=x86-64 -mtune=generic -flto=auto -ffat-lto-objects -fPIE -fopenmp -pthread -MD -MQ test/alpha-loop.p/alpha-loop.c.o -MF test/alpha-loop.p/alpha-loop.c.o.d -o test/alpha-loop.p/alpha-loop.c.o -c ../test/alpha-loop.c
[44/151] cc -Itest/scaling-crash-test.p -Itest -I../test -Ipixman -I../pixman -Itest/utils -I../test/utils -I/usr/include/libpng16 -fdiagnostics-color=always -D_FILE_OFFSET_BITS=64 -Wall -Winvalid-pch -std=gnu99 -Wdeclaration-after-statement -fno-strict-aliasing -fvisibility=hidden -Wundef -ftrapping-math -Wno-unused-local-typedefs -DHAVE_CONFIG_H -O2 -m64 -march=x86-64 -mtune=generic -flto=auto -ffat-lto-objects -fPIE -fopenmp -pthread -MD -MQ test/scaling-crash-test.p/scaling-crash-test.c.o -MF test/scaling-crash-test.p/scaling-crash-test.c.o.d -o test/scaling-crash-test.p/scaling-crash-test.c.o -c ../test/scaling-crash-test.c
[45/151] cc -Itest/combiner-test.p -Itest -I../test -Ipixman -I../pixman -Itest/utils -I../test/utils -I/usr/include/libpng16 -fdiagnostics-color=always -D_FILE_OFFSET_BITS=64 -Wall -Winvalid-pch -std=gnu99 -Wdeclaration-after-statement -fno-strict-aliasing -fvisibility=hidden -Wundef -ftrapping-math -Wno-unused-local-typedefs -DHAVE_CONFIG_H -O2 -m64 -march=x86-64 -mtune=generic -flto=auto -ffat-lto-objects -fPIE -fopenmp -pthread -MD -MQ test/combiner-test.p/combiner-test.c.o -MF test/combiner-test.p/combiner-test.c.o.d -o test/combiner-test.p/combiner-test.c.o -c ../test/combiner-test.c
[46/151] cc -Itest/region-test.p -Itest -I../test -Ipixman -I../pixman -Itest/utils -I../test/utils -I/usr/include/libpng16 -fdiagnostics-color=always -D_FILE_OFFSET_BITS=64 -Wall -Winvalid-pch -std=gnu99 -Wdeclaration-after-statement -fno-strict-aliasing -fvisibility=hidden -Wundef -ftrapping-math -Wno-unused-local-typedefs -DHAVE_CONFIG_H -O2 -m64 -march=x86-64 -mtune=generic -flto=auto -ffat-lto-objects -fPIE -fopenmp -pthread -MD -MQ test/region-test.p/region-test.c.o -MF test/region-test.p/region-test.c.o.d -o test/region-test.p/region-test.c.o -c ../test/region-test.c
[47/151] cc -Itest/pdf-op-test.p -Itest -I../test -Ipixman -I../pixman -Itest/utils -I../test/utils -I/usr/include/libpng16 -fdiagnostics-color=always -D_FILE_OFFSET_BITS=64 -Wall -Winvalid-pch -std=gnu99 -Wdeclaration-after-statement -fno-strict-aliasing -fvisibility=hidden -Wundef -ftrapping-math -Wno-unused-local-typedefs -DHAVE_CONFIG_H -O2 -m64 -march=x86-64 -mtune=generic -flto=auto -ffat-lto-objects -fPIE -fopenmp -pthread -MD -MQ test/pdf-op-test.p/pdf-op-test.c.o -MF test/pdf-op-test.p/pdf-op-test.c.o.d -o test/pdf-op-test.p/pdf-op-test.c.o -c ../test/pdf-op-test.c
[48/151] cc -Itest/radial-invalid.p -Itest -I../test -Ipixman -I../pixman -Itest/utils -I../test/utils -I/usr/include/libpng16 -fdiagnostics-color=always -D_FILE_OFFSET_BITS=64 -Wall -Winvalid-pch -std=gnu99 -Wdeclaration-after-statement -fno-strict-aliasing -fvisibility=hidden -Wundef -ftrapping-math -Wno-unused-local-typedefs -DHAVE_CONFIG_H -O2 -m64 -march=x86-64 -mtune=generic -flto=auto -ffat-lto-objects -fPIE -fopenmp -pthread -MD -MQ test/radial-invalid.p/radial-invalid.c.o -MF test/radial-invalid.p/radial-invalid.c.o.d -o test/radial-invalid.p/radial-invalid.c.o -c ../test/radial-invalid.c
[49/151] cc -Itest/prng-test.p -Itest -I../test -Ipixman -I../pixman -Itest/utils -I../test/utils -I/usr/include/libpng16 -fdiagnostics-color=always -D_FILE_OFFSET_BITS=64 -Wall -Winvalid-pch -std=gnu99 -Wdeclaration-after-statement -fno-strict-aliasing -fvisibility=hidden -Wundef -ftrapping-math -Wno-unused-local-typedefs -DHAVE_CONFIG_H -O2 -m64 -march=x86-64 -mtune=generic -flto=auto -ffat-lto-objects -fPIE -fopenmp -pthread -MD -MQ test/prng-test.p/prng-test.c.o -MF test/prng-test.p/prng-test.c.o.d -o test/prng-test.p/prng-test.c.o -c ../test/prng-test.c
[50/151] cc -Itest/a1-trap-test.p -Itest -I../test -Ipixman -I../pixman -Itest/utils -I../test/utils -I/usr/include/libpng16 -fdiagnostics-color=always -D_FILE_OFFSET_BITS=64 -Wall -Winvalid-pch -std=gnu99 -Wdeclaration-after-statement -fno-strict-aliasing -fvisibility=hidden -Wundef -ftrapping-math -Wno-unused-local-typedefs -DHAVE_CONFIG_H -O2 -m64 -march=x86-64 -mtune=generic -flto=auto -ffat-lto-objects -fPIE -fopenmp -pthread -MD -MQ test/a1-trap-test.p/a1-trap-test.c.o -MF test/a1-trap-test.p/a1-trap-test.c.o.d -o test/a1-trap-test.p/a1-trap-test.c.o -c ../test/a1-trap-test.c
[51/151] cc -Itest/fetch-test.p -Itest -I../test -Ipixman -I../pixman -Itest/utils -I../test/utils -I/usr/include/libpng16 -fdiagnostics-color=always -D_FILE_OFFSET_BITS=64 -Wall -Winvalid-pch -std=gnu99 -Wdeclaration-after-statement -fno-strict-aliasing -fvisibility=hidden -Wundef -ftrapping-math -Wno-unused-local-typedefs -DHAVE_CONFIG_H -O2 -m64 -march=x86-64 -mtune=generic -flto=auto -ffat-lto-objects -fPIE -fopenmp -pthread -MD -MQ test/fetch-test.p/fetch-test.c.o -MF test/fetch-test.p/fetch-test.c.o.d -o test/fetch-test.p/fetch-test.c.o -c ../test/fetch-test.c
[52/151] cc -Itest/region-translate-test.p -Itest -I../test -Ipixman -I../pixman -Itest/utils -I../test/utils -I/usr/include/libpng16 -fdiagnostics-color=always -D_FILE_OFFSET_BITS=64 -Wall -Winvalid-pch -std=gnu99 -Wdeclaration-after-statement -fno-strict-aliasing -fvisibility=hidden -Wundef -ftrapping-math -Wno-unused-local-typedefs -DHAVE_CONFIG_H -O2 -m64 -march=x86-64 -mtune=generic -flto=auto -ffat-lto-objects -fPIE -fopenmp -pthread -MD -MQ test/region-translate-test.p/region-translate-test.c.o -MF test/region-translate-test.p/region-translate-test.c.o.d -o test/region-translate-test.p/region-translate-test.c.o -c ../test/region-translate-test.c
[53/151] cc -Itest/fence-image-self-test.p -Itest -I../test -Ipixman -I../pixman -Itest/utils -I../test/utils -I/usr/include/libpng16 -fdiagnostics-color=always -D_FILE_OFFSET_BITS=64 -Wall -Winvalid-pch -std=gnu99 -Wdeclaration-after-statement -fno-strict-aliasing -fvisibility=hidden -Wundef -ftrapping-math -Wno-unused-local-typedefs -DHAVE_CONFIG_H -O2 -m64 -march=x86-64 -mtune=generic -flto=auto -ffat-lto-objects -fPIE -fopenmp -pthread -MD -MQ test/fence-image-self-test.p/fence-image-self-test.c.o -MF test/fence-image-self-test.p/fence-image-self-test.c.o.d -o test/fence-image-self-test.p/fence-image-self-test.c.o -c ../test/fence-image-self-test.c
[54/151] cc -Itest/trap-crasher.p -Itest -I../test -Ipixman -I../pixman -Itest/utils -I../test/utils -I/usr/include/libpng16 -fdiagnostics-color=always -D_FILE_OFFSET_BITS=64 -Wall -Winvalid-pch -std=gnu99 -Wdeclaration-after-statement -fno-strict-aliasing -fvisibility=hidden -Wundef -ftrapping-math -Wno-unused-local-typedefs -DHAVE_CONFIG_H -O2 -m64 -march=x86-64 -mtune=generic -flto=auto -ffat-lto-objects -fPIE -fopenmp -pthread -MD -MQ test/trap-crasher.p/trap-crasher.c.o -MF test/trap-crasher.p/trap-crasher.c.o.d -o test/trap-crasher.p/trap-crasher.c.o -c ../test/trap-crasher.c
[55/151] cc -Itest/infinite-loop.p -Itest -I../test -Ipixman -I../pixman -Itest/utils -I../test/utils -I/usr/include/libpng16 -fdiagnostics-color=always -D_FILE_OFFSET_BITS=64 -Wall -Winvalid-pch -std=gnu99 -Wdeclaration-after-statement -fno-strict-aliasing -fvisibility=hidden -Wundef -ftrapping-math -Wno-unused-local-typedefs -DHAVE_CONFIG_H -O2 -m64 -march=x86-64 -mtune=generic -flto=auto -ffat-lto-objects -fPIE -fopenmp -pthread -MD -MQ test/infinite-loop.p/infinite-loop.c.o -MF test/infinite-loop.p/infinite-loop.c.o.d -o test/infinite-loop.p/infinite-loop.c.o -c ../test/infinite-loop.c
[56/151] cc -Itest/utils/libtestutils.a.p -Itest/utils -I../test/utils -Ipixman -I../pixman -I/usr/include/libpng16 -fdiagnostics-color=always -D_FILE_OFFSET_BITS=64 -Wall -Winvalid-pch -std=gnu99 -Wdeclaration-after-statement -fno-strict-aliasing -fvisibility=hidden -Wundef -ftrapping-math -Wno-unused-local-typedefs -DHAVE_CONFIG_H -O2 -m64 -march=x86-64 -mtune=generic -flto=auto -ffat-lto-objects -fPIC -fopenmp -MD -MQ test/utils/libtestutils.a.p/utils-prng.c.o -MF test/utils/libtestutils.a.p/utils-prng.c.o.d -o test/utils/libtestutils.a.p/utils-prng.c.o -c ../test/utils/utils-prng.c
[57/151] cc -Itest/utils/libtestutils.a.p -Itest/utils -I../test/utils -Ipixman -I../pixman -I/usr/include/libpng16 -fdiagnostics-color=always -D_FILE_OFFSET_BITS=64 -Wall -Winvalid-pch -std=gnu99 -Wdeclaration-after-statement -fno-strict-aliasing -fvisibility=hidden -Wundef -ftrapping-math -Wno-unused-local-typedefs -DHAVE_CONFIG_H -O2 -m64 -march=x86-64 -mtune=generic -flto=auto -ffat-lto-objects -fPIC -fopenmp -MD -MQ test/utils/libtestutils.a.p/utils.c.o -MF test/utils/libtestutils.a.p/utils.c.o.d -o test/utils/libtestutils.a.p/utils.c.o -c ../test/utils/utils.c
[58/151] cc -Ipixman/libpixman-ssse3.a.p -Ipixman -I../pixman -fdiagnostics-color=always -D_FILE_OFFSET_BITS=64 -Wall -Winvalid-pch -std=gnu99 -Wdeclaration-after-statement -fno-strict-aliasing -fvisibility=hidden -Wundef -ftrapping-math -Wno-unused-local-typedefs -DHAVE_CONFIG_H -O2 -m64 -march=x86-64 -mtune=generic -flto=auto -ffat-lto-objects -fPIC -mssse3 -Winline -MD -MQ pixman/libpixman-ssse3.a.p/pixman-ssse3.c.o -MF pixman/libpixman-ssse3.a.p/pixman-ssse3.c.o.d -o pixman/libpixman-ssse3.a.p/pixman-ssse3.c.o -c ../pixman/pixman-ssse3.c
[59/151] cc -Ipixman/libpixman-sse2.a.p -Ipixman -I../pixman -fdiagnostics-color=always -D_FILE_OFFSET_BITS=64 -Wall -Winvalid-pch -std=gnu99 -Wdeclaration-after-statement -fno-strict-aliasing -fvisibility=hidden -Wundef -ftrapping-math -Wno-unused-local-typedefs -DHAVE_CONFIG_H -O2 -m64 -march=x86-64 -mtune=generic -flto=auto -ffat-lto-objects -fPIC -msse2 -Winline -MD -MQ pixman/libpixman-sse2.a.p/pixman-sse2.c.o -MF pixman/libpixman-sse2.a.p/pixman-sse2.c.o.d -o pixman/libpixman-sse2.a.p/pixman-sse2.c.o -c ../pixman/pixman-sse2.c
[60/151] cc -Ipixman/libpixman-mmx.a.p -Ipixman -I../pixman -fdiagnostics-color=always -D_FILE_OFFSET_BITS=64 -Wall -Winvalid-pch -std=gnu99 -Wdeclaration-after-statement -fno-strict-aliasing -fvisibility=hidden -Wundef -ftrapping-math -Wno-unused-local-typedefs -DHAVE_CONFIG_H -O2 -m64 -march=x86-64 -mtune=generic -flto=auto -ffat-lto-objects -fPIC -mmmx -Winline -MD -MQ pixman/libpixman-mmx.a.p/pixman-mmx.c.o -MF pixman/libpixman-mmx.a.p/pixman-mmx.c.o.d -o pixman/libpixman-mmx.a.p/pixman-mmx.c.o -c ../pixman/pixman-mmx.c
[61/151] cc -Ipixman/libpixman-1.so.0.43.4.p -Ipixman -I../pixman -fdiagnostics-color=always -D_FILE_OFFSET_BITS=64 -Wall -Winvalid-pch -std=gnu99 -Wdeclaration-after-statement -fno-strict-aliasing -fvisibility=hidden -Wundef -ftrapping-math -Wno-unused-local-typedefs -DHAVE_CONFIG_H -O2 -m64 -march=x86-64 -mtune=generic -flto=auto -ffat-lto-objects -fPIC -pthread -MD -MQ pixman/libpixman-1.so.0.43.4.p/pixman-utils.c.o -MF pixman/libpixman-1.so.0.43.4.p/pixman-utils.c.o.d -o pixman/libpixman-1.so.0.43.4.p/pixman-utils.c.o -c ../pixman/pixman-utils.c
[62/151] cc -Ipixman/libpixman-1.so.0.43.4.p -Ipixman -I../pixman -fdiagnostics-color=always -D_FILE_OFFSET_BITS=64 -Wall -Winvalid-pch -std=gnu99 -Wdeclaration-after-statement -fno-strict-aliasing -fvisibility=hidden -Wundef -ftrapping-math -Wno-unused-local-typedefs -DHAVE_CONFIG_H -O2 -m64 -march=x86-64 -mtune=generic -flto=auto -ffat-lto-objects -fPIC -pthread -MD -MQ pixman/libpixman-1.so.0.43.4.p/pixman-trap.c.o -MF pixman/libpixman-1.so.0.43.4.p/pixman-trap.c.o.d -o pixman/libpixman-1.so.0.43.4.p/pixman-trap.c.o -c ../pixman/pixman-trap.c
[63/151] cc -Ipixman/libpixman-1.so.0.43.4.p -Ipixman -I../pixman -fdiagnostics-color=always -D_FILE_OFFSET_BITS=64 -Wall -Winvalid-pch -std=gnu99 -Wdeclaration-after-statement -fno-strict-aliasing -fvisibility=hidden -Wundef -ftrapping-math -Wno-unused-local-typedefs -DHAVE_CONFIG_H -O2 -m64 -march=x86-64 -mtune=generic -flto=auto -ffat-lto-objects -fPIC -pthread -MD -MQ pixman/libpixman-1.so.0.43.4.p/pixman-timer.c.o -MF pixman/libpixman-1.so.0.43.4.p/pixman-timer.c.o.d -o pixman/libpixman-1.so.0.43.4.p/pixman-timer.c.o -c ../pixman/pixman-timer.c
[64/151] cc -Ipixman/libpixman-1.so.0.43.4.p -Ipixman -I../pixman -fdiagnostics-color=always -D_FILE_OFFSET_BITS=64 -Wall -Winvalid-pch -std=gnu99 -Wdeclaration-after-statement -fno-strict-aliasing -fvisibility=hidden -Wundef -ftrapping-math -Wno-unused-local-typedefs -DHAVE_CONFIG_H -O2 -m64 -march=x86-64 -mtune=generic -flto=auto -ffat-lto-objects -fPIC -pthread -MD -MQ pixman/libpixman-1.so.0.43.4.p/pixman-solid-fill.c.o -MF pixman/libpixman-1.so.0.43.4.p/pixman-solid-fill.c.o.d -o pixman/libpixman-1.so.0.43.4.p/pixman-solid-fill.c.o -c ../pixman/pixman-solid-fill.c
[65/151] rm -f pixman/libpixman-ssse3.a && gcc-ar csrDT pixman/libpixman-ssse3.a pixman/libpixman-ssse3.a.p/pixman-ssse3.c.o
[66/151] cc -Ipixman/libpixman-1.so.0.43.4.p -Ipixman -I../pixman -fdiagnostics-color=always -D_FILE_OFFSET_BITS=64 -Wall -Winvalid-pch -std=gnu99 -Wdeclaration-after-statement -fno-strict-aliasing -fvisibility=hidden -Wundef -ftrapping-math -Wno-unused-local-typedefs -DHAVE_CONFIG_H -O2 -m64 -march=x86-64 -mtune=generic -flto=auto -ffat-lto-objects -fPIC -pthread -MD -MQ pixman/libpixman-1.so.0.43.4.p/pixman-region32.c.o -MF pixman/libpixman-1.so.0.43.4.p/pixman-region32.c.o.d -o pixman/libpixman-1.so.0.43.4.p/pixman-region32.c.o -c ../pixman/pixman-region32.c
[67/151] cc -Ipixman/libpixman-1.so.0.43.4.p -Ipixman -I../pixman -fdiagnostics-color=always -D_FILE_OFFSET_BITS=64 -Wall -Winvalid-pch -std=gnu99 -Wdeclaration-after-statement -fno-strict-aliasing -fvisibility=hidden -Wundef -ftrapping-math -Wno-unused-local-typedefs -DHAVE_CONFIG_H -O2 -m64 -march=x86-64 -mtune=generic -flto=auto -ffat-lto-objects -fPIC -pthread -MD -MQ pixman/libpixman-1.so.0.43.4.p/pixman-region16.c.o -MF pixman/libpixman-1.so.0.43.4.p/pixman-region16.c.o.d -o pixman/libpixman-1.so.0.43.4.p/pixman-region16.c.o -c ../pixman/pixman-region16.c
[68/151] cc -Ipixman/libpixman-1.so.0.43.4.p -Ipixman -I../pixman -fdiagnostics-color=always -D_FILE_OFFSET_BITS=64 -Wall -Winvalid-pch -std=gnu99 -Wdeclaration-after-statement -fno-strict-aliasing -fvisibility=hidden -Wundef -ftrapping-math -Wno-unused-local-typedefs -DHAVE_CONFIG_H -O2 -m64 -march=x86-64 -mtune=generic -flto=auto -ffat-lto-objects -fPIC -pthread -MD -MQ pixman/libpixman-1.so.0.43.4.p/pixman-radial-gradient.c.o -MF pixman/libpixman-1.so.0.43.4.p/pixman-radial-gradient.c.o.d -o pixman/libpixman-1.so.0.43.4.p/pixman-radial-gradient.c.o -c ../pixman/pixman-radial-gradient.c
[69/151] cc -Ipixman/libpixman-1.so.0.43.4.p -Ipixman -I../pixman -fdiagnostics-color=always -D_FILE_OFFSET_BITS=64 -Wall -Winvalid-pch -std=gnu99 -Wdeclaration-after-statement -fno-strict-aliasing -fvisibility=hidden -Wundef -ftrapping-math -Wno-unused-local-typedefs -DHAVE_CONFIG_H -O2 -m64 -march=x86-64 -mtune=generic -flto=auto -ffat-lto-objects -fPIC -pthread -MD -MQ pixman/libpixman-1.so.0.43.4.p/pixman-noop.c.o -MF pixman/libpixman-1.so.0.43.4.p/pixman-noop.c.o.d -o pixman/libpixman-1.so.0.43.4.p/pixman-noop.c.o -c ../pixman/pixman-noop.c
[70/151] cc -Ipixman/libpixman-1.so.0.43.4.p -Ipixman -I../pixman -fdiagnostics-color=always -D_FILE_OFFSET_BITS=64 -Wall -Winvalid-pch -std=gnu99 -Wdeclaration-after-statement -fno-strict-aliasing -fvisibility=hidden -Wundef -ftrapping-math -Wno-unused-local-typedefs -DHAVE_CONFIG_H -O2 -m64 -march=x86-64 -mtune=generic -flto=auto -ffat-lto-objects -fPIC -pthread -MD -MQ pixman/libpixman-1.so.0.43.4.p/pixman-matrix.c.o -MF pixman/libpixman-1.so.0.43.4.p/pixman-matrix.c.o.d -o pixman/libpixman-1.so.0.43.4.p/pixman-matrix.c.o -c ../pixman/pixman-matrix.c
[71/151] cc -Ipixman/libpixman-1.so.0.43.4.p -Ipixman -I../pixman -fdiagnostics-color=always -D_FILE_OFFSET_BITS=64 -Wall -Winvalid-pch -std=gnu99 -Wdeclaration-after-statement -fno-strict-aliasing -fvisibility=hidden -Wundef -ftrapping-math -Wno-unused-local-typedefs -DHAVE_CONFIG_H -O2 -m64 -march=x86-64 -mtune=generic -flto=auto -ffat-lto-objects -fPIC -pthread -MD -MQ pixman/libpixman-1.so.0.43.4.p/pixman-linear-gradient.c.o -MF pixman/libpixman-1.so.0.43.4.p/pixman-linear-gradient.c.o.d -o pixman/libpixman-1.so.0.43.4.p/pixman-linear-gradient.c.o -c ../pixman/pixman-linear-gradient.c
[72/151] cc -Ipixman/libpixman-1.so.0.43.4.p -Ipixman -I../pixman -fdiagnostics-color=always -D_FILE_OFFSET_BITS=64 -Wall -Winvalid-pch -std=gnu99 -Wdeclaration-after-statement -fno-strict-aliasing -fvisibility=hidden -Wundef -ftrapping-math -Wno-unused-local-typedefs -DHAVE_CONFIG_H -O2 -m64 -march=x86-64 -mtune=generic -flto=auto -ffat-lto-objects -fPIC -pthread -MD -MQ pixman/libpixman-1.so.0.43.4.p/pixman-implementation.c.o -MF pixman/libpixman-1.so.0.43.4.p/pixman-implementation.c.o.d -o pixman/libpixman-1.so.0.43.4.p/pixman-implementation.c.o -c ../pixman/pixman-implementation.c
[73/151] cc -Ipixman/libpixman-1.so.0.43.4.p -Ipixman -I../pixman -fdiagnostics-color=always -D_FILE_OFFSET_BITS=64 -Wall -Winvalid-pch -std=gnu99 -Wdeclaration-after-statement -fno-strict-aliasing -fvisibility=hidden -Wundef -ftrapping-math -Wno-unused-local-typedefs -DHAVE_CONFIG_H -O2 -m64 -march=x86-64 -mtune=generic -flto=auto -ffat-lto-objects -fPIC -pthread -MD -MQ pixman/libpixman-1.so.0.43.4.p/pixman-image.c.o -MF pixman/libpixman-1.so.0.43.4.p/pixman-image.c.o.d -o pixman/libpixman-1.so.0.43.4.p/pixman-image.c.o -c ../pixman/pixman-image.c
[74/151] cc -Ipixman/libpixman-1.so.0.43.4.p -Ipixman -I../pixman -fdiagnostics-color=always -D_FILE_OFFSET_BITS=64 -Wall -Winvalid-pch -std=gnu99 -Wdeclaration-after-statement -fno-strict-aliasing -fvisibility=hidden -Wundef -ftrapping-math -Wno-unused-local-typedefs -DHAVE_CONFIG_H -O2 -m64 -march=x86-64 -mtune=generic -flto=auto -ffat-lto-objects -fPIC -pthread -MD -MQ pixman/libpixman-1.so.0.43.4.p/pixman-gradient-walker.c.o -MF pixman/libpixman-1.so.0.43.4.p/pixman-gradient-walker.c.o.d -o pixman/libpixman-1.so.0.43.4.p/pixman-gradient-walker.c.o -c ../pixman/pixman-gradient-walker.c
[75/151] cc -Ipixman/libpixman-1.so.0.43.4.p -Ipixman -I../pixman -fdiagnostics-color=always -D_FILE_OFFSET_BITS=64 -Wall -Winvalid-pch -std=gnu99 -Wdeclaration-after-statement -fno-strict-aliasing -fvisibility=hidden -Wundef -ftrapping-math -Wno-unused-local-typedefs -DHAVE_CONFIG_H -O2 -m64 -march=x86-64 -mtune=generic -flto=auto -ffat-lto-objects -fPIC -pthread -MD -MQ pixman/libpixman-1.so.0.43.4.p/pixman-general.c.o -MF pixman/libpixman-1.so.0.43.4.p/pixman-general.c.o.d -o pixman/libpixman-1.so.0.43.4.p/pixman-general.c.o -c ../pixman/pixman-general.c
[76/151] rm -f test/utils/libtestutils.a && gcc-ar csrDT test/utils/libtestutils.a test/utils/libtestutils.a.p/utils.c.o test/utils/libtestutils.a.p/utils-prng.c.o
[77/151] cc -Ipixman/libpixman-1.so.0.43.4.p -Ipixman -I../pixman -fdiagnostics-color=always -D_FILE_OFFSET_BITS=64 -Wall -Winvalid-pch -std=gnu99 -Wdeclaration-after-statement -fno-strict-aliasing -fvisibility=hidden -Wundef -ftrapping-math -Wno-unused-local-typedefs -DHAVE_CONFIG_H -O2 -m64 -march=x86-64 -mtune=generic -flto=auto -ffat-lto-objects -fPIC -pthread -MD -MQ pixman/libpixman-1.so.0.43.4.p/pixman-glyph.c.o -MF pixman/libpixman-1.so.0.43.4.p/pixman-glyph.c.o.d -o pixman/libpixman-1.so.0.43.4.p/pixman-glyph.c.o -c ../pixman/pixman-glyph.c
[78/151] cc -Ipixman/libpixman-1.so.0.43.4.p -Ipixman -I../pixman -fdiagnostics-color=always -D_FILE_OFFSET_BITS=64 -Wall -Winvalid-pch -std=gnu99 -Wdeclaration-after-statement -fno-strict-aliasing -fvisibility=hidden -Wundef -ftrapping-math -Wno-unused-local-typedefs -DHAVE_CONFIG_H -O2 -m64 -march=x86-64 -mtune=generic -flto=auto -ffat-lto-objects -fPIC -pthread -MD -MQ pixman/libpixman-1.so.0.43.4.p/pixman-fast-path.c.o -MF pixman/libpixman-1.so.0.43.4.p/pixman-fast-path.c.o.d -o pixman/libpixman-1.so.0.43.4.p/pixman-fast-path.c.o -c ../pixman/pixman-fast-path.c
[79/151] cc -Ipixman/libpixman-1.so.0.43.4.p -Ipixman -I../pixman -fdiagnostics-color=always -D_FILE_OFFSET_BITS=64 -Wall -Winvalid-pch -std=gnu99 -Wdeclaration-after-statement -fno-strict-aliasing -fvisibility=hidden -Wundef -ftrapping-math -Wno-unused-local-typedefs -DHAVE_CONFIG_H -O2 -m64 -march=x86-64 -mtune=generic -flto=auto -ffat-lto-objects -fPIC -pthread -MD -MQ pixman/libpixman-1.so.0.43.4.p/pixman-edge-accessors.c.o -MF pixman/libpixman-1.so.0.43.4.p/pixman-edge-accessors.c.o.d -o pixman/libpixman-1.so.0.43.4.p/pixman-edge-accessors.c.o -c ../pixman/pixman-edge-accessors.c
[80/151] cc -Ipixman/libpixman-1.so.0.43.4.p -Ipixman -I../pixman -fdiagnostics-color=always -D_FILE_OFFSET_BITS=64 -Wall -Winvalid-pch -std=gnu99 -Wdeclaration-after-statement -fno-strict-aliasing -fvisibility=hidden -Wundef -ftrapping-math -Wno-unused-local-typedefs -DHAVE_CONFIG_H -O2 -m64 -march=x86-64 -mtune=generic -flto=auto -ffat-lto-objects -fPIC -pthread -MD -MQ pixman/libpixman-1.so.0.43.4.p/pixman-edge.c.o -MF pixman/libpixman-1.so.0.43.4.p/pixman-edge.c.o.d -o pixman/libpixman-1.so.0.43.4.p/pixman-edge.c.o -c ../pixman/pixman-edge.c
[81/151] cc -Ipixman/libpixman-1.so.0.43.4.p -Ipixman -I../pixman -fdiagnostics-color=always -D_FILE_OFFSET_BITS=64 -Wall -Winvalid-pch -std=gnu99 -Wdeclaration-after-statement -fno-strict-aliasing -fvisibility=hidden -Wundef -ftrapping-math -Wno-unused-local-typedefs -DHAVE_CONFIG_H -O2 -m64 -march=x86-64 -mtune=generic -flto=auto -ffat-lto-objects -fPIC -pthread -MD -MQ pixman/libpixman-1.so.0.43.4.p/pixman-ppc.c.o -MF pixman/libpixman-1.so.0.43.4.p/pixman-ppc.c.o.d -o pixman/libpixman-1.so.0.43.4.p/pixman-ppc.c.o -c ../pixman/pixman-ppc.c
[82/151] cc -Ipixman/libpixman-1.so.0.43.4.p -Ipixman -I../pixman -fdiagnostics-color=always -D_FILE_OFFSET_BITS=64 -Wall -Winvalid-pch -std=gnu99 -Wdeclaration-after-statement -fno-strict-aliasing -fvisibility=hidden -Wundef -ftrapping-math -Wno-unused-local-typedefs -DHAVE_CONFIG_H -O2 -m64 -march=x86-64 -mtune=generic -flto=auto -ffat-lto-objects -fPIC -pthread -MD -MQ pixman/libpixman-1.so.0.43.4.p/pixman-arm.c.o -MF pixman/libpixman-1.so.0.43.4.p/pixman-arm.c.o.d -o pixman/libpixman-1.so.0.43.4.p/pixman-arm.c.o -c ../pixman/pixman-arm.c
[83/151] cc -Ipixman/libpixman-1.so.0.43.4.p -Ipixman -I../pixman -fdiagnostics-color=always -D_FILE_OFFSET_BITS=64 -Wall -Winvalid-pch -std=gnu99 -Wdeclaration-after-statement -fno-strict-aliasing -fvisibility=hidden -Wundef -ftrapping-math -Wno-unused-local-typedefs -DHAVE_CONFIG_H -O2 -m64 -march=x86-64 -mtune=generic -flto=auto -ffat-lto-objects -fPIC -pthread -MD -MQ pixman/libpixman-1.so.0.43.4.p/pixman-mips.c.o -MF pixman/libpixman-1.so.0.43.4.p/pixman-mips.c.o.d -o pixman/libpixman-1.so.0.43.4.p/pixman-mips.c.o -c ../pixman/pixman-mips.c
[84/151] cc -Ipixman/libpixman-1.so.0.43.4.p -Ipixman -I../pixman -fdiagnostics-color=always -D_FILE_OFFSET_BITS=64 -Wall -Winvalid-pch -std=gnu99 -Wdeclaration-after-statement -fno-strict-aliasing -fvisibility=hidden -Wundef -ftrapping-math -Wno-unused-local-typedefs -DHAVE_CONFIG_H -O2 -m64 -march=x86-64 -mtune=generic -flto=auto -ffat-lto-objects -fPIC -pthread -MD -MQ pixman/libpixman-1.so.0.43.4.p/pixman-x86.c.o -MF pixman/libpixman-1.so.0.43.4.p/pixman-x86.c.o.d -o pixman/libpixman-1.so.0.43.4.p/pixman-x86.c.o -c ../pixman/pixman-x86.c
[85/151] cc -Ipixman/libpixman-1.so.0.43.4.p -Ipixman -I../pixman -fdiagnostics-color=always -D_FILE_OFFSET_BITS=64 -Wall -Winvalid-pch -std=gnu99 -Wdeclaration-after-statement -fno-strict-aliasing -fvisibility=hidden -Wundef -ftrapping-math -Wno-unused-local-typedefs -DHAVE_CONFIG_H -O2 -m64 -march=x86-64 -mtune=generic -flto=auto -ffat-lto-objects -fPIC -pthread -MD -MQ pixman/libpixman-1.so.0.43.4.p/pixman-filter.c.o -MF pixman/libpixman-1.so.0.43.4.p/pixman-filter.c.o.d -o pixman/libpixman-1.so.0.43.4.p/pixman-filter.c.o -c ../pixman/pixman-filter.c
[86/151] cc -Ipixman/libpixman-1.so.0.43.4.p -Ipixman -I../pixman -fdiagnostics-color=always -D_FILE_OFFSET_BITS=64 -Wall -Winvalid-pch -std=gnu99 -Wdeclaration-after-statement -fno-strict-aliasing -fvisibility=hidden -Wundef -ftrapping-math -Wno-unused-local-typedefs -DHAVE_CONFIG_H -O2 -m64 -march=x86-64 -mtune=generic -flto=auto -ffat-lto-objects -fPIC -pthread -MD -MQ pixman/libpixman-1.so.0.43.4.p/pixman-conical-gradient.c.o -MF pixman/libpixman-1.so.0.43.4.p/pixman-conical-gradient.c.o.d -o pixman/libpixman-1.so.0.43.4.p/pixman-conical-gradient.c.o -c ../pixman/pixman-conical-gradient.c
[87/151] cc -Ipixman/libpixman-1.so.0.43.4.p -Ipixman -I../pixman -fdiagnostics-color=always -D_FILE_OFFSET_BITS=64 -Wall -Winvalid-pch -std=gnu99 -Wdeclaration-after-statement -fno-strict-aliasing -fvisibility=hidden -Wundef -ftrapping-math -Wno-unused-local-typedefs -DHAVE_CONFIG_H -O2 -m64 -march=x86-64 -mtune=generic -flto=auto -ffat-lto-objects -fPIC -pthread -MD -MQ pixman/libpixman-1.so.0.43.4.p/pixman-combine-float.c.o -MF pixman/libpixman-1.so.0.43.4.p/pixman-combine-float.c.o.d -o pixman/libpixman-1.so.0.43.4.p/pixman-combine-float.c.o -c ../pixman/pixman-combine-float.c
[88/151] cc -Ipixman/libpixman-1.so.0.43.4.p -Ipixman -I../pixman -fdiagnostics-color=always -D_FILE_OFFSET_BITS=64 -Wall -Winvalid-pch -std=gnu99 -Wdeclaration-after-statement -fno-strict-aliasing -fvisibility=hidden -Wundef -ftrapping-math -Wno-unused-local-typedefs -DHAVE_CONFIG_H -O2 -m64 -march=x86-64 -mtune=generic -flto=auto -ffat-lto-objects -fPIC -pthread -MD -MQ pixman/libpixman-1.so.0.43.4.p/pixman-combine32.c.o -MF pixman/libpixman-1.so.0.43.4.p/pixman-combine32.c.o.d -o pixman/libpixman-1.so.0.43.4.p/pixman-combine32.c.o -c ../pixman/pixman-combine32.c
[89/151] cc -Ipixman/libpixman-1.so.0.43.4.p -Ipixman -I../pixman -fdiagnostics-color=always -D_FILE_OFFSET_BITS=64 -Wall -Winvalid-pch -std=gnu99 -Wdeclaration-after-statement -fno-strict-aliasing -fvisibility=hidden -Wundef -ftrapping-math -Wno-unused-local-typedefs -DHAVE_CONFIG_H -O2 -m64 -march=x86-64 -mtune=generic -flto=auto -ffat-lto-objects -fPIC -pthread -MD -MQ pixman/libpixman-1.so.0.43.4.p/pixman-bits-image.c.o -MF pixman/libpixman-1.so.0.43.4.p/pixman-bits-image.c.o.d -o pixman/libpixman-1.so.0.43.4.p/pixman-bits-image.c.o -c ../pixman/pixman-bits-image.c
[90/151] cc -Ipixman/libpixman-1.so.0.43.4.p -Ipixman -I../pixman -fdiagnostics-color=always -D_FILE_OFFSET_BITS=64 -Wall -Winvalid-pch -std=gnu99 -Wdeclaration-after-statement -fno-strict-aliasing -fvisibility=hidden -Wundef -ftrapping-math -Wno-unused-local-typedefs -DHAVE_CONFIG_H -O2 -m64 -march=x86-64 -mtune=generic -flto=auto -ffat-lto-objects -fPIC -pthread -MD -MQ pixman/libpixman-1.so.0.43.4.p/pixman-access-accessors.c.o -MF pixman/libpixman-1.so.0.43.4.p/pixman-access-accessors.c.o.d -o pixman/libpixman-1.so.0.43.4.p/pixman-access-accessors.c.o -c ../pixman/pixman-access-accessors.c
[91/151] cc -Ipixman/libpixman-1.so.0.43.4.p -Ipixman -I../pixman -fdiagnostics-color=always -D_FILE_OFFSET_BITS=64 -Wall -Winvalid-pch -std=gnu99 -Wdeclaration-after-statement -fno-strict-aliasing -fvisibility=hidden -Wundef -ftrapping-math -Wno-unused-local-typedefs -DHAVE_CONFIG_H -O2 -m64 -march=x86-64 -mtune=generic -flto=auto -ffat-lto-objects -fPIC -pthread -MD -MQ pixman/libpixman-1.so.0.43.4.p/pixman-access.c.o -MF pixman/libpixman-1.so.0.43.4.p/pixman-access.c.o.d -o pixman/libpixman-1.so.0.43.4.p/pixman-access.c.o -c ../pixman/pixman-access.c
[92/151] cc -Ipixman/libpixman-1.so.0.43.4.p -Ipixman -I../pixman -fdiagnostics-color=always -D_FILE_OFFSET_BITS=64 -Wall -Winvalid-pch -std=gnu99 -Wdeclaration-after-statement -fno-strict-aliasing -fvisibility=hidden -Wundef -ftrapping-math -Wno-unused-local-typedefs -DHAVE_CONFIG_H -O2 -m64 -march=x86-64 -mtune=generic -flto=auto -ffat-lto-objects -fPIC -pthread -MD -MQ pixman/libpixman-1.so.0.43.4.p/pixman.c.o -MF pixman/libpixman-1.so.0.43.4.p/pixman.c.o.d -o pixman/libpixman-1.so.0.43.4.p/pixman.c.o -c ../pixman/pixman.c
[93/151] cc -Itest/oob-test.p -Itest -I../test -Ipixman -I../pixman -Itest/utils -I../test/utils -I/usr/include/libpng16 -fdiagnostics-color=always -D_FILE_OFFSET_BITS=64 -Wall -Winvalid-pch -std=gnu99 -Wdeclaration-after-statement -fno-strict-aliasing -fvisibility=hidden -Wundef -ftrapping-math -Wno-unused-local-typedefs -DHAVE_CONFIG_H -O2 -m64 -march=x86-64 -mtune=generic -flto=auto -ffat-lto-objects -fPIE -fopenmp -pthread -MD -MQ test/oob-test.p/oob-test.c.o -MF test/oob-test.p/oob-test.c.o.d -o test/oob-test.p/oob-test.c.o -c ../test/oob-test.c
[01m[K../pixman/pixman.c:[m[K In function '[01m[Kpixman_image_fill_rectangles[m[K':
[01m[K../pixman/pixman.c:866:14:[m[K [01;35m[Kwarning: [m[K'[01m[Kstack_boxes[m[K' may be used uninitialized [[01;35m[K-Wmaybe-uninitialized[m[K]
  866 |     result = [01;35m[Kpixman_image_fill_boxes (op, dest, color, n_rects, boxes)[m[K;
      |              [01;35m[K^~~~~~~~~~~~~~~~~~~~~~~~~~~~~~~~~~~~~~~~~~~~~~~~~~~~~~~~~[m[K
[01m[K../pixman/pixman.c:875:1:[m[K [01;36m[Knote: [m[Kby argument 5 of type '[01m[Kconst struct pixman_box32_t *[m[K' to '[01m[Kpixman_image_fill_boxes[m[K' declared here
  875 | [01;36m[Kpixman_image_fill_boxes[m[K (pixman_op_t           op,
      | [01;36m[K^~~~~~~~~~~~~~~~~~~~~~~[m[K
[01m[K../pixman/pixman.c:842:20:[m[K [01;36m[Knote: [m[K'[01m[Kstack_boxes[m[K' declared here
  842 |     pixman_box32_t [01;36m[Kstack_boxes[m[K[6];
      |                    [01;36m[K^~~~~~~~~~~[m[K
[94/151] rm -f pixman/libpixman-mmx.a && gcc-ar csrDT pixman/libpixman-mmx.a pixman/libpixman-mmx.a.p/pixman-mmx.c.o
[95/151] rm -f pixman/libpixman-sse2.a && gcc-ar csrDT pixman/libpixman-sse2.a pixman/libpixman-sse2.a.p/pixman-sse2.c.o
[96/151] cc  -o pixman/libpixman-1.so.0.43.4 pixman/libpixman-1.so.0.43.4.p/pixman.c.o pixman/libpixman-1.so.0.43.4.p/pixman-access.c.o pixman/libpixman-1.so.0.43.4.p/pixman-access-accessors.c.o pixman/libpixman-1.so.0.43.4.p/pixman-bits-image.c.o pixman/libpixman-1.so.0.43.4.p/pixman-combine32.c.o pixman/libpixman-1.so.0.43.4.p/pixman-combine-float.c.o pixman/libpixman-1.so.0.43.4.p/pixman-conical-gradient.c.o pixman/libpixman-1.so.0.43.4.p/pixman-filter.c.o pixman/libpixman-1.so.0.43.4.p/pixman-x86.c.o pixman/libpixman-1.so.0.43.4.p/pixman-mips.c.o pixman/libpixman-1.so.0.43.4.p/pixman-arm.c.o pixman/libpixman-1.so.0.43.4.p/pixman-ppc.c.o pixman/libpixman-1.so.0.43.4.p/pixman-edge.c.o pixman/libpixman-1.so.0.43.4.p/pixman-edge-accessors.c.o pixman/libpixman-1.so.0.43.4.p/pixman-fast-path.c.o pixman/libpixman-1.so.0.43.4.p/pixman-glyph.c.o pixman/libpixman-1.so.0.43.4.p/pixman-general.c.o pixman/libpixman-1.so.0.43.4.p/pixman-gradient-walker.c.o pixman/libpixman-1.so.0.43.4.p/pixman-image.c.o pixman/libpixman-1.so.0.43.4.p/pixman-implementation.c.o pixman/libpixman-1.so.0.43.4.p/pixman-linear-gradient.c.o pixman/libpixman-1.so.0.43.4.p/pixman-matrix.c.o pixman/libpixman-1.so.0.43.4.p/pixman-noop.c.o pixman/libpixman-1.so.0.43.4.p/pixman-radial-gradient.c.o pixman/libpixman-1.so.0.43.4.p/pixman-region16.c.o pixman/libpixman-1.so.0.43.4.p/pixman-region32.c.o pixman/libpixman-1.so.0.43.4.p/pixman-solid-fill.c.o pixman/libpixman-1.so.0.43.4.p/pixman-timer.c.o pixman/libpixman-1.so.0.43.4.p/pixman-trap.c.o pixman/libpixman-1.so.0.43.4.p/pixman-utils.c.o -Wl,--as-needed -Wl,--no-undefined -shared -fPIC -Wl,-soname,libpixman-1.so.0 -O2 -m64 -march=x86-64 -mtune=generic -flto=auto -ffat-lto-objects -Wl,--start-group pixman/libpixman-mmx.a pixman/libpixman-sse2.a pixman/libpixman-ssse3.a -lm -Wl,--end-group -pthread
[97/151] /usr/bin/meson --internal symbolextractor /home/devel/building/work/src/pixman-0.43.4/build pixman/libpixman-1.so.0.43.4 pixman/libpixman-1.so.0.43.4 pixman/libpixman-1.so.0.43.4.p/libpixman-1.so.0.43.4.symbols 
[98/151] cc  -o test/affine-bench test/affine-bench.p/affine-bench.c.o -Wl,--as-needed -Wl,--no-undefined -pie -O2 -m64 -march=x86-64 -mtune=generic -flto=auto -ffat-lto-objects '-Wl,-rpath,$ORIGIN/../pixman' -Wl,-rpath-link,/home/devel/building/work/src/pixman-0.43.4/build/pixman -Wl,--start-group pixman/libpixman-1.so.0.43.4 test/utils/libtestutils.a -fopenmp -fopenmp -lm /usr/lib/libpng16.so -Wl,--end-group
[99/151] cc  -o test/scaling-bench test/scaling-bench.p/scaling-bench.c.o -Wl,--as-needed -Wl,--no-undefined -pie -O2 -m64 -march=x86-64 -mtune=generic -flto=auto -ffat-lto-objects '-Wl,-rpath,$ORIGIN/../pixman' -Wl,-rpath-link,/home/devel/building/work/src/pixman-0.43.4/build/pixman -Wl,--start-group pixman/libpixman-1.so.0.43.4 test/utils/libtestutils.a -fopenmp -fopenmp -lm /usr/lib/libpng16.so -Wl,--end-group
[100/151] cc  -o test/check-formats test/check-formats.p/check-formats.c.o -Wl,--as-needed -Wl,--no-undefined -pie -O2 -m64 -march=x86-64 -mtune=generic -flto=auto -ffat-lto-objects '-Wl,-rpath,$ORIGIN/../pixman' -Wl,-rpath-link,/home/devel/building/work/src/pixman-0.43.4/build/pixman -Wl,--start-group pixman/libpixman-1.so.0.43.4 test/utils/libtestutils.a -fopenmp -fopenmp -lm /usr/lib/libpng16.so -Wl,--end-group
[101/151] cc  -o test/radial-perf-test test/radial-perf-test.p/radial-perf-test.c.o -Wl,--as-needed -Wl,--no-undefined -pie -O2 -m64 -march=x86-64 -mtune=generic -flto=auto -ffat-lto-objects '-Wl,-rpath,$ORIGIN/../pixman' -Wl,-rpath-link,/home/devel/building/work/src/pixman-0.43.4/build/pixman -Wl,--start-group pixman/libpixman-1.so.0.43.4 test/utils/libtestutils.a -fopenmp -fopenmp -lm /usr/lib/libpng16.so -Wl,--end-group
[102/151] cc  -o test/lowlevel-blt-bench test/lowlevel-blt-bench.p/lowlevel-blt-bench.c.o -Wl,--as-needed -Wl,--no-undefined -pie -O2 -m64 -march=x86-64 -mtune=generic -flto=auto -ffat-lto-objects '-Wl,-rpath,$ORIGIN/../pixman' -Wl,-rpath-link,/home/devel/building/work/src/pixman-0.43.4/build/pixman -Wl,--start-group pixman/libpixman-1.so.0.43.4 test/utils/libtestutils.a -fopenmp -fopenmp -lm /usr/lib/libpng16.so -Wl,--end-group
[103/151] cc  -o test/thread-test test/thread-test.p/thread-test.c.o -Wl,--as-needed -Wl,--no-undefined -pie -O2 -m64 -march=x86-64 -mtune=generic -flto=auto -ffat-lto-objects '-Wl,-rpath,$ORIGIN/../pixman' -Wl,-rpath-link,/home/devel/building/work/src/pixman-0.43.4/build/pixman -Wl,--start-group pixman/libpixman-1.so.0.43.4 test/utils/libtestutils.a -pthread -fopenmp /usr/lib/libpng16.so -fopenmp -lm -Wl,--end-group
[104/151] cc  -o test/tolerance-test test/tolerance-test.p/tolerance-test.c.o -Wl,--as-needed -Wl,--no-undefined -pie -O2 -m64 -march=x86-64 -mtune=generic -flto=auto -ffat-lto-objects '-Wl,-rpath,$ORIGIN/../pixman' -Wl,-rpath-link,/home/devel/building/work/src/pixman-0.43.4/build/pixman -Wl,--start-group pixman/libpixman-1.so.0.43.4 test/utils/libtestutils.a -pthread -fopenmp /usr/lib/libpng16.so -fopenmp -lm -Wl,--end-group
[105/151] cc  -o test/composite test/composite.p/composite.c.o -Wl,--as-needed -Wl,--no-undefined -pie -O2 -m64 -march=x86-64 -mtune=generic -flto=auto -ffat-lto-objects '-Wl,-rpath,$ORIGIN/../pixman' -Wl,-rpath-link,/home/devel/building/work/src/pixman-0.43.4/build/pixman -Wl,--start-group pixman/libpixman-1.so.0.43.4 test/utils/libtestutils.a -pthread -fopenmp /usr/lib/libpng16.so -fopenmp -lm -Wl,--end-group
[106/151] cc  -o test/scaling-test test/scaling-test.p/scaling-test.c.o -Wl,--as-needed -Wl,--no-undefined -pie -O2 -m64 -march=x86-64 -mtune=generic -flto=auto -ffat-lto-objects '-Wl,-rpath,$ORIGIN/../pixman' -Wl,-rpath-link,/home/devel/building/work/src/pixman-0.43.4/build/pixman -Wl,--start-group pixman/libpixman-1.so.0.43.4 test/utils/libtestutils.a -pthread -fopenmp /usr/lib/libpng16.so -fopenmp -lm -Wl,--end-group
[107/151] cc  -o test/affine-test test/affine-test.p/affine-test.c.o -Wl,--as-needed -Wl,--no-undefined -pie -O2 -m64 -march=x86-64 -mtune=generic -flto=auto -ffat-lto-objects '-Wl,-rpath,$ORIGIN/../pixman' -Wl,-rpath-link,/home/devel/building/work/src/pixman-0.43.4/build/pixman -Wl,--start-group pixman/libpixman-1.so.0.43.4 test/utils/libtestutils.a -pthread -fopenmp /usr/lib/libpng16.so -fopenmp -lm -Wl,--end-group
[108/151] cc  -o test/blitters-test test/blitters-test.p/blitters-test.c.o -Wl,--as-needed -Wl,--no-undefined -pie -O2 -m64 -march=x86-64 -mtune=generic -flto=auto -ffat-lto-objects '-Wl,-rpath,$ORIGIN/../pixman' -Wl,-rpath-link,/home/devel/building/work/src/pixman-0.43.4/build/pixman -Wl,--start-group pixman/libpixman-1.so.0.43.4 test/utils/libtestutils.a -pthread -fopenmp /usr/lib/libpng16.so -fopenmp -lm -Wl,--end-group
[109/151] cc  -o test/cover-test test/cover-test.p/cover-test.c.o -Wl,--as-needed -Wl,--no-undefined -pie -O2 -m64 -march=x86-64 -mtune=generic -flto=auto -ffat-lto-objects '-Wl,-rpath,$ORIGIN/../pixman' -Wl,-rpath-link,/home/devel/building/work/src/pixman-0.43.4/build/pixman -Wl,--start-group pixman/libpixman-1.so.0.43.4 test/utils/libtestutils.a -pthread -fopenmp /usr/lib/libpng16.so -fopenmp -lm -Wl,--end-group
[110/151] cc  -o test/stress-test test/stress-test.p/stress-test.c.o -Wl,--as-needed -Wl,--no-undefined -pie -O2 -m64 -march=x86-64 -mtune=generic -flto=auto -ffat-lto-objects '-Wl,-rpath,$ORIGIN/../pixman' -Wl,-rpath-link,/home/devel/building/work/src/pixman-0.43.4/build/pixman -Wl,--start-group pixman/libpixman-1.so.0.43.4 test/utils/libtestutils.a -pthread -fopenmp /usr/lib/libpng16.so -fopenmp -lm -Wl,--end-group
[111/151] cc  -o test/solid-test test/solid-test.p/solid-test.c.o -Wl,--as-needed -Wl,--no-undefined -pie -O2 -m64 -march=x86-64 -mtune=generic -flto=auto -ffat-lto-objects '-Wl,-rpath,$ORIGIN/../pixman' -Wl,-rpath-link,/home/devel/building/work/src/pixman-0.43.4/build/pixman -Wl,--start-group pixman/libpixman-1.so.0.43.4 test/utils/libtestutils.a -pthread -fopenmp /usr/lib/libpng16.so -fopenmp -lm -Wl,--end-group
[112/151] cc  -o test/glyph-test test/glyph-test.p/glyph-test.c.o -Wl,--as-needed -Wl,--no-undefined -pie -O2 -m64 -march=x86-64 -mtune=generic -flto=auto -ffat-lto-objects '-Wl,-rpath,$ORIGIN/../pixman' -Wl,-rpath-link,/home/devel/building/work/src/pixman-0.43.4/build/pixman -Wl,--start-group pixman/libpixman-1.so.0.43.4 test/utils/libtestutils.a -pthread -fopenmp /usr/lib/libpng16.so -fopenmp -lm -Wl,--end-group
[113/151] cc  -o test/region-contains-test test/region-contains-test.p/region-contains-test.c.o -Wl,--as-needed -Wl,--no-undefined -pie -O2 -m64 -march=x86-64 -mtune=generic -flto=auto -ffat-lto-objects '-Wl,-rpath,$ORIGIN/../pixman' -Wl,-rpath-link,/home/devel/building/work/src/pixman-0.43.4/build/pixman -Wl,--start-group pixman/libpixman-1.so.0.43.4 test/utils/libtestutils.a -pthread -fopenmp /usr/lib/libpng16.so -fopenmp -lm -Wl,--end-group
[114/151] cc  -o test/composite-traps-test test/composite-traps-test.p/composite-traps-test.c.o -Wl,--as-needed -Wl,--no-undefined -pie -O2 -m64 -march=x86-64 -mtune=generic -flto=auto -ffat-lto-objects '-Wl,-rpath,$ORIGIN/../pixman' -Wl,-rpath-link,/home/devel/building/work/src/pixman-0.43.4/build/pixman -Wl,--start-group pixman/libpixman-1.so.0.43.4 test/utils/libtestutils.a -pthread -fopenmp /usr/lib/libpng16.so -fopenmp -lm -Wl,--end-group
[115/151] cc  -o test/filter-reduction-test test/filter-reduction-test.p/filter-reduction-test.c.o -Wl,--as-needed -Wl,--no-undefined -pie -O2 -m64 -march=x86-64 -mtune=generic -flto=auto -ffat-lto-objects '-Wl,-rpath,$ORIGIN/../pixman' -Wl,-rpath-link,/home/devel/building/work/src/pixman-0.43.4/build/pixman -Wl,--start-group pixman/libpixman-1.so.0.43.4 test/utils/libtestutils.a -pthread -fopenmp /usr/lib/libpng16.so -fopenmp -lm -Wl,--end-group
[116/151] cc  -o test/matrix-test test/matrix-test.p/matrix-test.c.o -Wl,--as-needed -Wl,--no-undefined -pie -O2 -m64 -march=x86-64 -mtune=generic -flto=auto -ffat-lto-objects '-Wl,-rpath,$ORIGIN/../pixman' -Wl,-rpath-link,/home/devel/building/work/src/pixman-0.43.4/build/pixman -Wl,--start-group pixman/libpixman-1.so.0.43.4 test/utils/libtestutils.a -pthread -fopenmp /usr/lib/libpng16.so -fopenmp -lm -Wl,--end-group
[117/151] cc  -o test/pixel-test test/pixel-test.p/pixel-test.c.o -Wl,--as-needed -Wl,--no-undefined -pie -O2 -m64 -march=x86-64 -mtune=generic -flto=auto -ffat-lto-objects '-Wl,-rpath,$ORIGIN/../pixman' -Wl,-rpath-link,/home/devel/building/work/src/pixman-0.43.4/build/pixman -Wl,--start-group pixman/libpixman-1.so.0.43.4 test/utils/libtestutils.a -pthread -fopenmp /usr/lib/libpng16.so -fopenmp -lm -Wl,--end-group
[118/151] cc  -o test/gradient-crash-test test/gradient-crash-test.p/gradient-crash-test.c.o -Wl,--as-needed -Wl,--no-undefined -pie -O2 -m64 -march=x86-64 -mtune=generic -flto=auto -ffat-lto-objects '-Wl,-rpath,$ORIGIN/../pixman' -Wl,-rpath-link,/home/devel/building/work/src/pixman-0.43.4/build/pixman -Wl,--start-group pixman/libpixman-1.so.0.43.4 test/utils/libtestutils.a -pthread -fopenmp /usr/lib/libpng16.so -fopenmp -lm -Wl,--end-group
[119/151] cc  -o test/alphamap test/alphamap.p/alphamap.c.o -Wl,--as-needed -Wl,--no-undefined -pie -O2 -m64 -march=x86-64 -mtune=generic -flto=auto -ffat-lto-objects '-Wl,-rpath,$ORIGIN/../pixman' -Wl,-rpath-link,/home/devel/building/work/src/pixman-0.43.4/build/pixman -Wl,--start-group pixman/libpixman-1.so.0.43.4 test/utils/libtestutils.a -pthread -fopenmp /usr/lib/libpng16.so -fopenmp -lm -Wl,--end-group
[120/151] cc  -o test/rotate-test test/rotate-test.p/rotate-test.c.o -Wl,--as-needed -Wl,--no-undefined -pie -O2 -m64 -march=x86-64 -mtune=generic -flto=auto -ffat-lto-objects '-Wl,-rpath,$ORIGIN/../pixman' -Wl,-rpath-link,/home/devel/building/work/src/pixman-0.43.4/build/pixman -Wl,--start-group pixman/libpixman-1.so.0.43.4 test/utils/libtestutils.a -pthread -fopenmp /usr/lib/libpng16.so -fopenmp -lm -Wl,--end-group
[121/151] cc  -o test/scaling-helpers-test test/scaling-helpers-test.p/scaling-helpers-test.c.o -Wl,--as-needed -Wl,--no-undefined -pie -O2 -m64 -march=x86-64 -mtune=generic -flto=auto -ffat-lto-objects '-Wl,-rpath,$ORIGIN/../pixman' -Wl,-rpath-link,/home/devel/building/work/src/pixman-0.43.4/build/pixman -Wl,--start-group pixman/libpixman-1.so.0.43.4 test/utils/libtestutils.a -pthread -fopenmp /usr/lib/libpng16.so -fopenmp -lm -Wl,--end-group
[122/151] cc  -o test/alpha-loop test/alpha-loop.p/alpha-loop.c.o -Wl,--as-needed -Wl,--no-undefined -pie -O2 -m64 -march=x86-64 -mtune=generic -flto=auto -ffat-lto-objects '-Wl,-rpath,$ORIGIN/../pixman' -Wl,-rpath-link,/home/devel/building/work/src/pixman-0.43.4/build/pixman -Wl,--start-group pixman/libpixman-1.so.0.43.4 test/utils/libtestutils.a -pthread -fopenmp /usr/lib/libpng16.so -fopenmp -lm -Wl,--end-group
[123/151] cc  -o test/scaling-crash-test test/scaling-crash-test.p/scaling-crash-test.c.o -Wl,--as-needed -Wl,--no-undefined -pie -O2 -m64 -march=x86-64 -mtune=generic -flto=auto -ffat-lto-objects '-Wl,-rpath,$ORIGIN/../pixman' -Wl,-rpath-link,/home/devel/building/work/src/pixman-0.43.4/build/pixman -Wl,--start-group pixman/libpixman-1.so.0.43.4 test/utils/libtestutils.a -pthread -fopenmp /usr/lib/libpng16.so -fopenmp -lm -Wl,--end-group
[124/151] cc  -o test/combiner-test test/combiner-test.p/combiner-test.c.o -Wl,--as-needed -Wl,--no-undefined -pie -O2 -m64 -march=x86-64 -mtune=generic -flto=auto -ffat-lto-objects '-Wl,-rpath,$ORIGIN/../pixman' -Wl,-rpath-link,/home/devel/building/work/src/pixman-0.43.4/build/pixman -Wl,--start-group pixman/libpixman-1.so.0.43.4 test/utils/libtestutils.a -pthread -fopenmp /usr/lib/libpng16.so -fopenmp -lm -Wl,--end-group
[125/151] cc  -o test/region-test test/region-test.p/region-test.c.o -Wl,--as-needed -Wl,--no-undefined -pie -O2 -m64 -march=x86-64 -mtune=generic -flto=auto -ffat-lto-objects '-Wl,-rpath,$ORIGIN/../pixman' -Wl,-rpath-link,/home/devel/building/work/src/pixman-0.43.4/build/pixman -Wl,--start-group pixman/libpixman-1.so.0.43.4 test/utils/libtestutils.a -pthread -fopenmp /usr/lib/libpng16.so -fopenmp -lm -Wl,--end-group
[126/151] cc  -o test/pdf-op-test test/pdf-op-test.p/pdf-op-test.c.o -Wl,--as-needed -Wl,--no-undefined -pie -O2 -m64 -march=x86-64 -mtune=generic -flto=auto -ffat-lto-objects '-Wl,-rpath,$ORIGIN/../pixman' -Wl,-rpath-link,/home/devel/building/work/src/pixman-0.43.4/build/pixman -Wl,--start-group pixman/libpixman-1.so.0.43.4 test/utils/libtestutils.a -pthread -fopenmp /usr/lib/libpng16.so -fopenmp -lm -Wl,--end-group
[127/151] cc  -o test/radial-invalid test/radial-invalid.p/radial-invalid.c.o -Wl,--as-needed -Wl,--no-undefined -pie -O2 -m64 -march=x86-64 -mtune=generic -flto=auto -ffat-lto-objects '-Wl,-rpath,$ORIGIN/../pixman' -Wl,-rpath-link,/home/devel/building/work/src/pixman-0.43.4/build/pixman -Wl,--start-group pixman/libpixman-1.so.0.43.4 test/utils/libtestutils.a -pthread -fopenmp /usr/lib/libpng16.so -fopenmp -lm -Wl,--end-group
[128/151] cc  -o test/prng-test test/prng-test.p/prng-test.c.o -Wl,--as-needed -Wl,--no-undefined -pie -O2 -m64 -march=x86-64 -mtune=generic -flto=auto -ffat-lto-objects '-Wl,-rpath,$ORIGIN/../pixman' -Wl,-rpath-link,/home/devel/building/work/src/pixman-0.43.4/build/pixman -Wl,--start-group pixman/libpixman-1.so.0.43.4 test/utils/libtestutils.a -pthread -fopenmp /usr/lib/libpng16.so -fopenmp -lm -Wl,--end-group
[129/151] cc  -o test/a1-trap-test test/a1-trap-test.p/a1-trap-test.c.o -Wl,--as-needed -Wl,--no-undefined -pie -O2 -m64 -march=x86-64 -mtune=generic -flto=auto -ffat-lto-objects '-Wl,-rpath,$ORIGIN/../pixman' -Wl,-rpath-link,/home/devel/building/work/src/pixman-0.43.4/build/pixman -Wl,--start-group pixman/libpixman-1.so.0.43.4 test/utils/libtestutils.a -pthread -fopenmp /usr/lib/libpng16.so -fopenmp -lm -Wl,--end-group
[130/151] cc  -o test/fetch-test test/fetch-test.p/fetch-test.c.o -Wl,--as-needed -Wl,--no-undefined -pie -O2 -m64 -march=x86-64 -mtune=generic -flto=auto -ffat-lto-objects '-Wl,-rpath,$ORIGIN/../pixman' -Wl,-rpath-link,/home/devel/building/work/src/pixman-0.43.4/build/pixman -Wl,--start-group pixman/libpixman-1.so.0.43.4 test/utils/libtestutils.a -pthread -fopenmp /usr/lib/libpng16.so -fopenmp -lm -Wl,--end-group
[131/151] cc  -o test/region-translate-test test/region-translate-test.p/region-translate-test.c.o -Wl,--as-needed -Wl,--no-undefined -pie -O2 -m64 -march=x86-64 -mtune=generic -flto=auto -ffat-lto-objects '-Wl,-rpath,$ORIGIN/../pixman' -Wl,-rpath-link,/home/devel/building/work/src/pixman-0.43.4/build/pixman -Wl,--start-group pixman/libpixman-1.so.0.43.4 test/utils/libtestutils.a -pthread -fopenmp /usr/lib/libpng16.so -fopenmp -lm -Wl,--end-group
[132/151] cc  -o test/fence-image-self-test test/fence-image-self-test.p/fence-image-self-test.c.o -Wl,--as-needed -Wl,--no-undefined -pie -O2 -m64 -march=x86-64 -mtune=generic -flto=auto -ffat-lto-objects '-Wl,-rpath,$ORIGIN/../pixman' -Wl,-rpath-link,/home/devel/building/work/src/pixman-0.43.4/build/pixman -Wl,--start-group pixman/libpixman-1.so.0.43.4 test/utils/libtestutils.a -pthread -fopenmp /usr/lib/libpng16.so -fopenmp -lm -Wl,--end-group
[133/151] cc  -o test/trap-crasher test/trap-crasher.p/trap-crasher.c.o -Wl,--as-needed -Wl,--no-undefined -pie -O2 -m64 -march=x86-64 -mtune=generic -flto=auto -ffat-lto-objects '-Wl,-rpath,$ORIGIN/../pixman' -Wl,-rpath-link,/home/devel/building/work/src/pixman-0.43.4/build/pixman -Wl,--start-group pixman/libpixman-1.so.0.43.4 test/utils/libtestutils.a -pthread -fopenmp /usr/lib/libpng16.so -fopenmp -lm -Wl,--end-group
[134/151] cc  -o test/infinite-loop test/infinite-loop.p/infinite-loop.c.o -Wl,--as-needed -Wl,--no-undefined -pie -O2 -m64 -march=x86-64 -mtune=generic -flto=auto -ffat-lto-objects '-Wl,-rpath,$ORIGIN/../pixman' -Wl,-rpath-link,/home/devel/building/work/src/pixman-0.43.4/build/pixman -Wl,--start-group pixman/libpixman-1.so.0.43.4 test/utils/libtestutils.a -pthread -fopenmp /usr/lib/libpng16.so -fopenmp -lm -Wl,--end-group
[135/151] cc  -o test/oob-test test/oob-test.p/oob-test.c.o -Wl,--as-needed -Wl,--no-undefined -pie -O2 -m64 -march=x86-64 -mtune=generic -flto=auto -ffat-lto-objects '-Wl,-rpath,$ORIGIN/../pixman' -Wl,-rpath-link,/home/devel/building/work/src/pixman-0.43.4/build/pixman -Wl,--start-group pixman/libpixman-1.so.0.43.4 test/utils/libtestutils.a -pthread -fopenmp /usr/lib/libpng16.so -fopenmp -lm -Wl,--end-group
[136/151] cc  -o demos/dither demos/dither.p/dither.c.o -Wl,--as-needed -Wl,--no-undefined -pie -O2 -m64 -march=x86-64 -mtune=generic -flto=auto -ffat-lto-objects '-Wl,-rpath,$ORIGIN/../pixman' -Wl,-rpath-link,/home/devel/building/work/src/pixman-0.43.4/build/pixman -Wl,--start-group demos/libdemo.a test/utils/libtestutils.a pixman/libpixman-1.so.0.43.4 /usr/lib/libglib-2.0.so /usr/lib/libgtk-3.so /usr/lib/libgdk-3.so /usr/lib/libpangocairo-1.0.so /usr/lib/libpango-1.0.so /usr/lib/libharfbuzz.so /usr/lib/libatk-1.0.so /usr/lib/libcairo-gobject.so /usr/lib/libcairo.so /usr/lib/libgdk_pixbuf-2.0.so /usr/lib/libgio-2.0.so /usr/lib/libgobject-2.0.so -fopenmp /usr/lib/libpng16.so -lm -Wl,--end-group -fopenmp -fopenmp
[137/151] cc  -o demos/scale demos/scale.p/scale.c.o -Wl,--as-needed -Wl,--no-undefined -pie -O2 -m64 -march=x86-64 -mtune=generic -flto=auto -ffat-lto-objects '-Wl,-rpath,$ORIGIN/../pixman' -Wl,-rpath-link,/home/devel/building/work/src/pixman-0.43.4/build/pixman -Wl,--start-group demos/libdemo.a test/utils/libtestutils.a pixman/libpixman-1.so.0.43.4 /usr/lib/libglib-2.0.so /usr/lib/libgtk-3.so /usr/lib/libgdk-3.so /usr/lib/libpangocairo-1.0.so /usr/lib/libpango-1.0.so /usr/lib/libharfbuzz.so /usr/lib/libatk-1.0.so /usr/lib/libcairo-gobject.so /usr/lib/libcairo.so /usr/lib/libgdk_pixbuf-2.0.so /usr/lib/libgio-2.0.so /usr/lib/libgobject-2.0.so -fopenmp /usr/lib/libpng16.so -lm -Wl,--end-group -fopenmp -fopenmp
[138/151] cc  -o demos/srgb-trap-test demos/srgb-trap-test.p/srgb-trap-test.c.o -Wl,--as-needed -Wl,--no-undefined -pie -O2 -m64 -march=x86-64 -mtune=generic -flto=auto -ffat-lto-objects '-Wl,-rpath,$ORIGIN/../pixman' -Wl,-rpath-link,/home/devel/building/work/src/pixman-0.43.4/build/pixman -Wl,--start-group demos/libdemo.a test/utils/libtestutils.a pixman/libpixman-1.so.0.43.4 /usr/lib/libglib-2.0.so /usr/lib/libgtk-3.so /usr/lib/libgdk-3.so /usr/lib/libpangocairo-1.0.so /usr/lib/libpango-1.0.so /usr/lib/libharfbuzz.so /usr/lib/libatk-1.0.so /usr/lib/libcairo-gobject.so /usr/lib/libcairo.so /usr/lib/libgdk_pixbuf-2.0.so /usr/lib/libgio-2.0.so /usr/lib/libgobject-2.0.so -fopenmp /usr/lib/libpng16.so -lm -Wl,--end-group -fopenmp -fopenmp
[139/151] cc  -o demos/srgb-test demos/srgb-test.p/srgb-test.c.o -Wl,--as-needed -Wl,--no-undefined -pie -O2 -m64 -march=x86-64 -mtune=generic -flto=auto -ffat-lto-objects '-Wl,-rpath,$ORIGIN/../pixman' -Wl,-rpath-link,/home/devel/building/work/src/pixman-0.43.4/build/pixman -Wl,--start-group demos/libdemo.a test/utils/libtestutils.a pixman/libpixman-1.so.0.43.4 /usr/lib/libglib-2.0.so /usr/lib/libgtk-3.so /usr/lib/libgdk-3.so /usr/lib/libpangocairo-1.0.so /usr/lib/libpango-1.0.so /usr/lib/libharfbuzz.so /usr/lib/libatk-1.0.so /usr/lib/libcairo-gobject.so /usr/lib/libcairo.so /usr/lib/libgdk_pixbuf-2.0.so /usr/lib/libgio-2.0.so /usr/lib/libgobject-2.0.so -fopenmp /usr/lib/libpng16.so -lm -Wl,--end-group -fopenmp -fopenmp
[140/151] cc  -o demos/checkerboard demos/checkerboard.p/checkerboard.c.o -Wl,--as-needed -Wl,--no-undefined -pie -O2 -m64 -march=x86-64 -mtune=generic -flto=auto -ffat-lto-objects '-Wl,-rpath,$ORIGIN/../pixman' -Wl,-rpath-link,/home/devel/building/work/src/pixman-0.43.4/build/pixman -Wl,--start-group demos/libdemo.a test/utils/libtestutils.a pixman/libpixman-1.so.0.43.4 /usr/lib/libglib-2.0.so /usr/lib/libgtk-3.so /usr/lib/libgdk-3.so /usr/lib/libpangocairo-1.0.so /usr/lib/libpango-1.0.so /usr/lib/libharfbuzz.so /usr/lib/libatk-1.0.so /usr/lib/libcairo-gobject.so /usr/lib/libcairo.so /usr/lib/libgdk_pixbuf-2.0.so /usr/lib/libgio-2.0.so /usr/lib/libgobject-2.0.so -fopenmp /usr/lib/libpng16.so -lm -Wl,--end-group -fopenmp -fopenmp
[141/151] cc  -o demos/tri-test demos/tri-test.p/tri-test.c.o -Wl,--as-needed -Wl,--no-undefined -pie -O2 -m64 -march=x86-64 -mtune=generic -flto=auto -ffat-lto-objects '-Wl,-rpath,$ORIGIN/../pixman' -Wl,-rpath-link,/home/devel/building/work/src/pixman-0.43.4/build/pixman -Wl,--start-group demos/libdemo.a test/utils/libtestutils.a pixman/libpixman-1.so.0.43.4 /usr/lib/libglib-2.0.so /usr/lib/libgtk-3.so /usr/lib/libgdk-3.so /usr/lib/libpangocairo-1.0.so /usr/lib/libpango-1.0.so /usr/lib/libharfbuzz.so /usr/lib/libatk-1.0.so /usr/lib/libcairo-gobject.so /usr/lib/libcairo.so /usr/lib/libgdk_pixbuf-2.0.so /usr/lib/libgio-2.0.so /usr/lib/libgobject-2.0.so -fopenmp /usr/lib/libpng16.so -lm -Wl,--end-group -fopenmp -fopenmp
[142/151] cc  -o demos/conical-test demos/conical-test.p/conical-test.c.o -Wl,--as-needed -Wl,--no-undefined -pie -O2 -m64 -march=x86-64 -mtune=generic -flto=auto -ffat-lto-objects '-Wl,-rpath,$ORIGIN/../pixman' -Wl,-rpath-link,/home/devel/building/work/src/pixman-0.43.4/build/pixman -Wl,--start-group demos/libdemo.a test/utils/libtestutils.a pixman/libpixman-1.so.0.43.4 /usr/lib/libglib-2.0.so /usr/lib/libgtk-3.so /usr/lib/libgdk-3.so /usr/lib/libpangocairo-1.0.so /usr/lib/libpango-1.0.so /usr/lib/libharfbuzz.so /usr/lib/libatk-1.0.so /usr/lib/libcairo-gobject.so /usr/lib/libcairo.so /usr/lib/libgdk_pixbuf-2.0.so /usr/lib/libgio-2.0.so /usr/lib/libgobject-2.0.so -fopenmp /usr/lib/libpng16.so -lm -Wl,--end-group -fopenmp -fopenmp
[143/151] cc  -o demos/linear-gradient demos/linear-gradient.p/linear-gradient.c.o -Wl,--as-needed -Wl,--no-undefined -pie -O2 -m64 -march=x86-64 -mtune=generic -flto=auto -ffat-lto-objects '-Wl,-rpath,$ORIGIN/../pixman' -Wl,-rpath-link,/home/devel/building/work/src/pixman-0.43.4/build/pixman -Wl,--start-group demos/libdemo.a test/utils/libtestutils.a pixman/libpixman-1.so.0.43.4 /usr/lib/libglib-2.0.so /usr/lib/libgtk-3.so /usr/lib/libgdk-3.so /usr/lib/libpangocairo-1.0.so /usr/lib/libpango-1.0.so /usr/lib/libharfbuzz.so /usr/lib/libatk-1.0.so /usr/lib/libcairo-gobject.so /usr/lib/libcairo.so /usr/lib/libgdk_pixbuf-2.0.so /usr/lib/libgio-2.0.so /usr/lib/libgobject-2.0.so -fopenmp /usr/lib/libpng16.so -lm -Wl,--end-group -fopenmp -fopenmp
[144/151] cc  -o demos/radial-test demos/radial-test.p/radial-test.c.o -Wl,--as-needed -Wl,--no-undefined -pie -O2 -m64 -march=x86-64 -mtune=generic -flto=auto -ffat-lto-objects '-Wl,-rpath,$ORIGIN/../pixman' -Wl,-rpath-link,/home/devel/building/work/src/pixman-0.43.4/build/pixman -Wl,--start-group demos/libdemo.a test/utils/libtestutils.a pixman/libpixman-1.so.0.43.4 /usr/lib/libglib-2.0.so /usr/lib/libgtk-3.so /usr/lib/libgdk-3.so /usr/lib/libpangocairo-1.0.so /usr/lib/libpango-1.0.so /usr/lib/libharfbuzz.so /usr/lib/libatk-1.0.so /usr/lib/libcairo-gobject.so /usr/lib/libcairo.so /usr/lib/libgdk_pixbuf-2.0.so /usr/lib/libgio-2.0.so /usr/lib/libgobject-2.0.so -fopenmp /usr/lib/libpng16.so -lm -Wl,--end-group -fopenmp -fopenmp
[145/151] cc  -o demos/convolution-test demos/convolution-test.p/convolution-test.c.o -Wl,--as-needed -Wl,--no-undefined -pie -O2 -m64 -march=x86-64 -mtune=generic -flto=auto -ffat-lto-objects '-Wl,-rpath,$ORIGIN/../pixman' -Wl,-rpath-link,/home/devel/building/work/src/pixman-0.43.4/build/pixman -Wl,--start-group demos/libdemo.a test/utils/libtestutils.a pixman/libpixman-1.so.0.43.4 /usr/lib/libglib-2.0.so /usr/lib/libgtk-3.so /usr/lib/libgdk-3.so /usr/lib/libpangocairo-1.0.so /usr/lib/libpango-1.0.so /usr/lib/libharfbuzz.so /usr/lib/libatk-1.0.so /usr/lib/libcairo-gobject.so /usr/lib/libcairo.so /usr/lib/libgdk_pixbuf-2.0.so /usr/lib/libgio-2.0.so /usr/lib/libgobject-2.0.so -fopenmp /usr/lib/libpng16.so -lm -Wl,--end-group -fopenmp -fopenmp
[146/151] cc  -o demos/screen-test demos/screen-test.p/screen-test.c.o -Wl,--as-needed -Wl,--no-undefined -pie -O2 -m64 -march=x86-64 -mtune=generic -flto=auto -ffat-lto-objects '-Wl,-rpath,$ORIGIN/../pixman' -Wl,-rpath-link,/home/devel/building/work/src/pixman-0.43.4/build/pixman -Wl,--start-group demos/libdemo.a test/utils/libtestutils.a pixman/libpixman-1.so.0.43.4 /usr/lib/libglib-2.0.so /usr/lib/libgtk-3.so /usr/lib/libgdk-3.so /usr/lib/libpangocairo-1.0.so /usr/lib/libpango-1.0.so /usr/lib/libharfbuzz.so /usr/lib/libatk-1.0.so /usr/lib/libcairo-gobject.so /usr/lib/libcairo.so /usr/lib/libgdk_pixbuf-2.0.so /usr/lib/libgio-2.0.so /usr/lib/libgobject-2.0.so -fopenmp /usr/lib/libpng16.so -lm -Wl,--end-group -fopenmp -fopenmp
[147/151] cc  -o demos/trap-test demos/trap-test.p/trap-test.c.o -Wl,--as-needed -Wl,--no-undefined -pie -O2 -m64 -march=x86-64 -mtune=generic -flto=auto -ffat-lto-objects '-Wl,-rpath,$ORIGIN/../pixman' -Wl,-rpath-link,/home/devel/building/work/src/pixman-0.43.4/build/pixman -Wl,--start-group demos/libdemo.a test/utils/libtestutils.a pixman/libpixman-1.so.0.43.4 /usr/lib/libglib-2.0.so /usr/lib/libgtk-3.so /usr/lib/libgdk-3.so /usr/lib/libpangocairo-1.0.so /usr/lib/libpango-1.0.so /usr/lib/libharfbuzz.so /usr/lib/libatk-1.0.so /usr/lib/libcairo-gobject.so /usr/lib/libcairo.so /usr/lib/libgdk_pixbuf-2.0.so /usr/lib/libgio-2.0.so /usr/lib/libgobject-2.0.so -fopenmp /usr/lib/libpng16.so -lm -Wl,--end-group -fopenmp -fopenmp
[148/151] cc  -o demos/clip-test demos/clip-test.p/clip-test.c.o -Wl,--as-needed -Wl,--no-undefined -pie -O2 -m64 -march=x86-64 -mtune=generic -flto=auto -ffat-lto-objects '-Wl,-rpath,$ORIGIN/../pixman' -Wl,-rpath-link,/home/devel/building/work/src/pixman-0.43.4/build/pixman -Wl,--start-group demos/libdemo.a test/utils/libtestutils.a pixman/libpixman-1.so.0.43.4 /usr/lib/libglib-2.0.so /usr/lib/libgtk-3.so /usr/lib/libgdk-3.so /usr/lib/libpangocairo-1.0.so /usr/lib/libpango-1.0.so /usr/lib/libharfbuzz.so /usr/lib/libatk-1.0.so /usr/lib/libcairo-gobject.so /usr/lib/libcairo.so /usr/lib/libgdk_pixbuf-2.0.so /usr/lib/libgio-2.0.so /usr/lib/libgobject-2.0.so -fopenmp /usr/lib/libpng16.so -lm -Wl,--end-group -fopenmp -fopenmp
[149/151] cc  -o demos/composite-test demos/composite-test.p/composite-test.c.o -Wl,--as-needed -Wl,--no-undefined -pie -O2 -m64 -march=x86-64 -mtune=generic -flto=auto -ffat-lto-objects '-Wl,-rpath,$ORIGIN/../pixman' -Wl,-rpath-link,/home/devel/building/work/src/pixman-0.43.4/build/pixman -Wl,--start-group demos/libdemo.a test/utils/libtestutils.a pixman/libpixman-1.so.0.43.4 /usr/lib/libglib-2.0.so /usr/lib/libgtk-3.so /usr/lib/libgdk-3.so /usr/lib/libpangocairo-1.0.so /usr/lib/libpango-1.0.so /usr/lib/libharfbuzz.so /usr/lib/libatk-1.0.so /usr/lib/libcairo-gobject.so /usr/lib/libcairo.so /usr/lib/libgdk_pixbuf-2.0.so /usr/lib/libgio-2.0.so /usr/lib/libgobject-2.0.so -fopenmp /usr/lib/libpng16.so -lm -Wl,--end-group -fopenmp -fopenmp
[150/151] cc  -o demos/alpha-test demos/alpha-test.p/alpha-test.c.o -Wl,--as-needed -Wl,--no-undefined -pie -O2 -m64 -march=x86-64 -mtune=generic -flto=auto -ffat-lto-objects '-Wl,-rpath,$ORIGIN/../pixman' -Wl,-rpath-link,/home/devel/building/work/src/pixman-0.43.4/build/pixman -Wl,--start-group demos/libdemo.a test/utils/libtestutils.a pixman/libpixman-1.so.0.43.4 /usr/lib/libglib-2.0.so /usr/lib/libgtk-3.so /usr/lib/libgdk-3.so /usr/lib/libpangocairo-1.0.so /usr/lib/libpango-1.0.so /usr/lib/libharfbuzz.so /usr/lib/libatk-1.0.so /usr/lib/libcairo-gobject.so /usr/lib/libcairo.so /usr/lib/libgdk_pixbuf-2.0.so /usr/lib/libgio-2.0.so /usr/lib/libgobject-2.0.so -fopenmp /usr/lib/libpng16.so -lm -Wl,--end-group -fopenmp -fopenmp
[151/151] cc  -o demos/gradient-test demos/gradient-test.p/gradient-test.c.o -Wl,--as-needed -Wl,--no-undefined -pie -O2 -m64 -march=x86-64 -mtune=generic -flto=auto -ffat-lto-objects '-Wl,-rpath,$ORIGIN/../pixman' -Wl,-rpath-link,/home/devel/building/work/src/pixman-0.43.4/build/pixman -Wl,--start-group demos/libdemo.a test/utils/libtestutils.a pixman/libpixman-1.so.0.43.4 /usr/lib/libglib-2.0.so /usr/lib/libgtk-3.so /usr/lib/libgdk-3.so /usr/lib/libpangocairo-1.0.so /usr/lib/libpango-1.0.so /usr/lib/libharfbuzz.so /usr/lib/libatk-1.0.so /usr/lib/libcairo-gobject.so /usr/lib/libcairo.so /usr/lib/libgdk_pixbuf-2.0.so /usr/lib/libgio-2.0.so /usr/lib/libgobject-2.0.so -fopenmp /usr/lib/libpng16.so -lm -Wl,--end-group -fopenmp -fopenmp
INFO: autodetecting backend as ninja
INFO: calculating backend command to run: /usr/bin/ninja -C /home/devel/building/work/src/pixman-0.43.4/build -j 8 -v
+ DESTDIR=/home/devel/building/work/pkg
+ meson install --no-rebuild -C build
Installing pixman/libpixman-1.so.0.43.4 to /home/devel/building/work/pkg/usr/lib
Installing /home/devel/building/work/src/pixman-0.43.4/pixman/pixman.h to /home/devel/building/work/pkg/usr/include/pixman-1
Installing /home/devel/building/work/src/pixman-0.43.4/build/pixman/pixman-version.h to /home/devel/building/work/pkg/usr/include/pixman-1
Installing /home/devel/building/work/src/pixman-0.43.4/build/meson-private/pixman-1.pc to /home/devel/building/work/pkg/usr/lib/pkgconfig
Installing symlink pointing to libpixman-1.so.0.43.4 to /home/devel/building/work/pkg/usr/lib/libpixman-1.so.0
Installing symlink pointing to libpixman-1.so.0 to /home/devel/building/work/pkg/usr/lib/libpixman-1.so
=======> Build result:
drwxr-xr-x  0 root   root        0 May  8 00:56 usr/
drwxr-xr-x  0 root   root        0 May  8 00:56 usr/lib/
drwxr-xr-x  0 root   root        0 May  8 00:56 usr/include/
drwxr-xr-x  0 root   root        0 May  8 00:56 usr/include/pixman-1/
-rw-r--r--  0 root   root    48525 Feb 29 17:13 usr/include/pixman-1/pixman.h
-rw-r--r--  0 root   root     1786 May  8 00:56 usr/include/pixman-1/pixman-version.h
-rwxr-xr-x  0 root   root   731936 May  8 00:56 usr/lib/libpixman-1.so.0.43.4
drwxr-xr-x  0 root   root        0 May  8 00:56 usr/lib/pkgconfig/
lrwxrwxrwx  0 root   root        0 May  8 00:56 usr/lib/libpixman-1.so.0 -> libpixman-1.so.0.43.4
lrwxrwxrwx  0 root   root        0 May  8 00:56 usr/lib/libpixman-1.so -> libpixman-1.so.0
-rw-r--r--  0 root   root      225 May  8 00:56 usr/lib/pkgconfig/pixman-1.pc
=======> Building '/home/devel/packages/pixman#0.43.4-1.x86_64.pkg.tar.zst' succeeded.
prt-get: Using PKGMK_PACKAGE_DIR: /home/devel/packages
prt-get: reinstalling pixman 0.43.4-1
prt-get: /usr/bin/pkgadd -u pixman#0.43.4-1.x86_64.pkg.tar.zst
prt-get: build done Wed May  8 00:56:49 2024

