prt-get: updating /usr/ports/wayland-x86_64/poppler-data
prt-get: starting build Thu Feb  1 19:34:02 2024
=======> Building '/home/devel/packages/poppler-data#0.4.12-2.x86_64.pkg.tar.zst'.
bsdtar -p -o -C /home/devel/building/work/src -xf /home/devel/sources/poppler-data-0.4.12.tar.gz
+ build
+ cd poppler-data-0.4.12
+ make prefix=/usr DESTDIR=/home/devel/building/work/pkg install
sed -e 's!@prefix@!/usr!g' \
	-e 's!@pkgdatadir@!/usr/share/poppler!g' \
	-e 's/@VERSION@/0.4.12/g' \
	poppler-data.pc.in > poppler-data.pc
install -d -m 0755 /home/devel/building/work/pkg/usr/share/poppler/cidToUnicode
install -m 0644 cidToUnicode/Adobe-CNS1 cidToUnicode/Adobe-GB1 cidToUnicode/Adobe-Japan1 cidToUnicode/Adobe-Korea1 /home/devel/building/work/pkg/usr/share/poppler/cidToUnicode
install -d -m 0755 /home/devel/building/work/pkg/usr/share/poppler/nameToUnicode
install -m 0644 nameToUnicode/Bulgarian nameToUnicode/Greek nameToUnicode/Thai /home/devel/building/work/pkg/usr/share/poppler/nameToUnicode
install -d -m 0755 /home/devel/building/work/pkg/usr/share/poppler/unicodeMap
install -m 0644 unicodeMap/Big5 unicodeMap/Big5ascii unicodeMap/EUC-CN unicodeMap/EUC-JP unicodeMap/GBK unicodeMap/ISO-2022-CN unicodeMap/ISO-2022-JP unicodeMap/ISO-2022-KR unicodeMap/ISO-8859-6 unicodeMap/ISO-8859-7 unicodeMap/ISO-8859-8 unicodeMap/ISO-8859-9 unicodeMap/KOI8-R unicodeMap/Latin2 unicodeMap/Shift-JIS unicodeMap/TIS-620 unicodeMap/Windows-1255 /home/devel/building/work/pkg/usr/share/poppler/unicodeMap
install -d -m 0755 /home/devel/building/work/pkg/usr/share/pkgconfig
install -m 0644 poppler-data.pc /home/devel/building/work/pkg/usr/share/pkgconfig
for f in cMap/Adobe-CNS1/Adobe-CNS1-0 cMap/Adobe-CNS1/Adobe-CNS1-1 cMap/Adobe-CNS1/Adobe-CNS1-2 cMap/Adobe-CNS1/Adobe-CNS1-3 cMap/Adobe-CNS1/Adobe-CNS1-4 cMap/Adobe-CNS1/Adobe-CNS1-5 cMap/Adobe-CNS1/Adobe-CNS1-6 cMap/Adobe-CNS1/Adobe-CNS1-7 cMap/Adobe-CNS1/Adobe-CNS1-B5pc cMap/Adobe-CNS1/Adobe-CNS1-ETen-B5 cMap/Adobe-CNS1/Adobe-CNS1-H-CID cMap/Adobe-CNS1/Adobe-CNS1-H-Host cMap/Adobe-CNS1/Adobe-CNS1-H-Mac cMap/Adobe-CNS1/Adobe-CNS1-UCS2 cMap/Adobe-CNS1/B5-H cMap/Adobe-CNS1/B5pc-H cMap/Adobe-CNS1/B5pc-UCS2 cMap/Adobe-CNS1/B5pc-UCS2C cMap/Adobe-CNS1/B5pc-V cMap/Adobe-CNS1/B5-V cMap/Adobe-CNS1/CNS1-H cMap/Adobe-CNS1/CNS1-V cMap/Adobe-CNS1/CNS2-H cMap/Adobe-CNS1/CNS2-V cMap/Adobe-CNS1/CNS-EUC-H cMap/Adobe-CNS1/CNS-EUC-V cMap/Adobe-CNS1/ETen-B5-H cMap/Adobe-CNS1/ETen-B5-UCS2 cMap/Adobe-CNS1/ETen-B5-V cMap/Adobe-CNS1/ETenms-B5-H cMap/Adobe-CNS1/ETenms-B5-V cMap/Adobe-CNS1/ETHK-B5-H cMap/Adobe-CNS1/ETHK-B5-V cMap/Adobe-CNS1/HKdla-B5-H cMap/Adobe-CNS1/HKdla-B5-V cMap/Adobe-CNS1/HKdlb-B5-H cMap/Adobe-CNS1/HKdlb-B5-V cMap/Adobe-CNS1/HKgccs-B5-H cMap/Adobe-CNS1/HKgccs-B5-V cMap/Adobe-CNS1/HKm314-B5-H cMap/Adobe-CNS1/HKm314-B5-V cMap/Adobe-CNS1/HKm471-B5-H cMap/Adobe-CNS1/HKm471-B5-V cMap/Adobe-CNS1/HKscs-B5-H cMap/Adobe-CNS1/HKscs-B5-V cMap/Adobe-CNS1/UCS2-B5pc cMap/Adobe-CNS1/UCS2-ETen-B5 cMap/Adobe-CNS1/UniCNS-UCS2-H cMap/Adobe-CNS1/UniCNS-UCS2-V cMap/Adobe-CNS1/UniCNS-UTF16-H cMap/Adobe-CNS1/UniCNS-UTF16-V cMap/Adobe-CNS1/UniCNS-UTF32-H cMap/Adobe-CNS1/UniCNS-UTF32-V cMap/Adobe-CNS1/UniCNS-UTF8-H cMap/Adobe-CNS1/UniCNS-UTF8-V cMap/Adobe-GB1/Adobe-GB1-0 cMap/Adobe-GB1/Adobe-GB1-1 cMap/Adobe-GB1/Adobe-GB1-2 cMap/Adobe-GB1/Adobe-GB1-3 cMap/Adobe-GB1/Adobe-GB1-4 cMap/Adobe-GB1/Adobe-GB1-5 cMap/Adobe-GB1/Adobe-GB1-GBK-EUC cMap/Adobe-GB1/Adobe-GB1-GBpc-EUC cMap/Adobe-GB1/Adobe-GB1-H-CID cMap/Adobe-GB1/Adobe-GB1-H-Host cMap/Adobe-GB1/Adobe-GB1-H-Mac cMap/Adobe-GB1/Adobe-GB1-UCS2 cMap/Adobe-GB1/GB-EUC-H cMap/Adobe-GB1/GB-EUC-V cMap/Adobe-GB1/GB-H cMap/Adobe-GB1/GBK2K-H cMap/Adobe-GB1/GBK2K-V cMap/Adobe-GB1/GBK-EUC-H cMap/Adobe-GB1/GBK-EUC-UCS2 cMap/Adobe-GB1/GBK-EUC-V cMap/Adobe-GB1/GBKp-EUC-H cMap/Adobe-GB1/GBKp-EUC-V cMap/Adobe-GB1/GBpc-EUC-H cMap/Adobe-GB1/GBpc-EUC-UCS2 cMap/Adobe-GB1/GBpc-EUC-UCS2C cMap/Adobe-GB1/GBpc-EUC-V cMap/Adobe-GB1/GBT-EUC-H cMap/Adobe-GB1/GBT-EUC-V cMap/Adobe-GB1/GBT-H cMap/Adobe-GB1/GBTpc-EUC-H cMap/Adobe-GB1/GBTpc-EUC-V cMap/Adobe-GB1/GBT-V cMap/Adobe-GB1/GB-V cMap/Adobe-GB1/UCS2-GBK-EUC cMap/Adobe-GB1/UCS2-GBpc-EUC cMap/Adobe-GB1/UniGB-UCS2-H cMap/Adobe-GB1/UniGB-UCS2-V cMap/Adobe-GB1/UniGB-UTF16-H cMap/Adobe-GB1/UniGB-UTF16-V cMap/Adobe-GB1/UniGB-UTF32-H cMap/Adobe-GB1/UniGB-UTF32-V cMap/Adobe-GB1/UniGB-UTF8-H cMap/Adobe-GB1/UniGB-UTF8-V cMap/Adobe-Japan1/78-EUC-H cMap/Adobe-Japan1/78-EUC-V cMap/Adobe-Japan1/78-H cMap/Adobe-Japan1/78ms-RKSJ-H cMap/Adobe-Japan1/78ms-RKSJ-V cMap/Adobe-Japan1/78-RKSJ-H cMap/Adobe-Japan1/78-RKSJ-V cMap/Adobe-Japan1/78-V cMap/Adobe-Japan1/83pv-RKSJ-H cMap/Adobe-Japan1/90msp-RKSJ-H cMap/Adobe-Japan1/90msp-RKSJ-V cMap/Adobe-Japan1/90ms-RKSJ-H cMap/Adobe-Japan1/90ms-RKSJ-UCS2 cMap/Adobe-Japan1/90ms-RKSJ-V cMap/Adobe-Japan1/90pv-RKSJ-H cMap/Adobe-Japan1/90pv-RKSJ-UCS2 cMap/Adobe-Japan1/90pv-RKSJ-UCS2C cMap/Adobe-Japan1/90pv-RKSJ-V cMap/Adobe-Japan1/Add-H cMap/Adobe-Japan1/Add-RKSJ-H cMap/Adobe-Japan1/Add-RKSJ-V cMap/Adobe-Japan1/Add-V cMap/Adobe-Japan1/Adobe-Japan1-0 cMap/Adobe-Japan1/Adobe-Japan1-1 cMap/Adobe-Japan1/Adobe-Japan1-2 cMap/Adobe-Japan1/Adobe-Japan1-3 cMap/Adobe-Japan1/Adobe-Japan1-4 cMap/Adobe-Japan1/Adobe-Japan1-5 cMap/Adobe-Japan1/Adobe-Japan1-6 cMap/Adobe-Japan1/Adobe-Japan1-7 cMap/Adobe-Japan1/Adobe-Japan1-90ms-RKSJ cMap/Adobe-Japan1/Adobe-Japan1-90pv-RKSJ cMap/Adobe-Japan1/Adobe-Japan1-H-CID cMap/Adobe-Japan1/Adobe-Japan1-H-Host cMap/Adobe-Japan1/Adobe-Japan1-H-Mac cMap/Adobe-Japan1/Adobe-Japan1-PS-H cMap/Adobe-Japan1/Adobe-Japan1-PS-V cMap/Adobe-Japan1/Adobe-Japan1-UCS2 cMap/Adobe-Japan1/EUC-H cMap/Adobe-Japan1/EUC-V cMap/Adobe-Japan1/Ext-H cMap/Adobe-Japan1/Ext-RKSJ-H cMap/Adobe-Japan1/Ext-RKSJ-V cMap/Adobe-Japan1/Ext-V cMap/Adobe-Japan1/H cMap/Adobe-Japan1/Hankaku cMap/Adobe-Japan1/Hiragana cMap/Adobe-Japan1/Hojo-EUC-H cMap/Adobe-Japan1/Hojo-EUC-V cMap/Adobe-Japan1/Hojo-H cMap/Adobe-Japan1/Hojo-V cMap/Adobe-Japan1/Katakana cMap/Adobe-Japan1/NWP-H cMap/Adobe-Japan1/NWP-V cMap/Adobe-Japan1/RKSJ-H cMap/Adobe-Japan1/RKSJ-V cMap/Adobe-Japan1/Roman cMap/Adobe-Japan1/UCS2-90ms-RKSJ cMap/Adobe-Japan1/UCS2-90pv-RKSJ cMap/Adobe-Japan1/UniHojo-UCS2-H cMap/Adobe-Japan1/UniHojo-UCS2-V cMap/Adobe-Japan1/UniHojo-UTF16-H cMap/Adobe-Japan1/UniHojo-UTF16-V cMap/Adobe-Japan1/UniHojo-UTF32-H cMap/Adobe-Japan1/UniHojo-UTF32-V cMap/Adobe-Japan1/UniHojo-UTF8-H cMap/Adobe-Japan1/UniHojo-UTF8-V cMap/Adobe-Japan1/UniJIS2004-UTF16-H cMap/Adobe-Japan1/UniJIS2004-UTF16-V cMap/Adobe-Japan1/UniJIS2004-UTF32-H cMap/Adobe-Japan1/UniJIS2004-UTF32-V cMap/Adobe-Japan1/UniJIS2004-UTF8-H cMap/Adobe-Japan1/UniJIS2004-UTF8-V cMap/Adobe-Japan1/UniJISPro-UCS2-HW-V cMap/Adobe-Japan1/UniJISPro-UCS2-V cMap/Adobe-Japan1/UniJISPro-UTF8-V cMap/Adobe-Japan1/UniJIS-UCS2-H cMap/Adobe-Japan1/UniJIS-UCS2-HW-H cMap/Adobe-Japan1/UniJIS-UCS2-HW-V cMap/Adobe-Japan1/UniJIS-UCS2-V cMap/Adobe-Japan1/UniJIS-UTF16-H cMap/Adobe-Japan1/UniJIS-UTF16-V cMap/Adobe-Japan1/UniJIS-UTF32-H cMap/Adobe-Japan1/UniJIS-UTF32-V cMap/Adobe-Japan1/UniJIS-UTF8-H cMap/Adobe-Japan1/UniJIS-UTF8-V cMap/Adobe-Japan1/UniJISX02132004-UTF32-H cMap/Adobe-Japan1/UniJISX02132004-UTF32-V cMap/Adobe-Japan1/UniJISX0213-UTF32-H cMap/Adobe-Japan1/UniJISX0213-UTF32-V cMap/Adobe-Japan1/V cMap/Adobe-Japan1/WP-Symbol cMap/Adobe-Japan2/Adobe-Japan2-0 cMap/Adobe-Korea1/Adobe-Korea1-0 cMap/Adobe-Korea1/Adobe-Korea1-1 cMap/Adobe-Korea1/Adobe-Korea1-2 cMap/Adobe-Korea1/Adobe-Korea1-H-CID cMap/Adobe-Korea1/Adobe-Korea1-H-Host cMap/Adobe-Korea1/Adobe-Korea1-H-Mac cMap/Adobe-Korea1/Adobe-Korea1-KSCms-UHC cMap/Adobe-Korea1/Adobe-Korea1-KSCpc-EUC cMap/Adobe-Korea1/Adobe-Korea1-UCS2 cMap/Adobe-Korea1/KSC-EUC-H cMap/Adobe-Korea1/KSC-EUC-V cMap/Adobe-Korea1/KSC-H cMap/Adobe-Korea1/KSC-Johab-H cMap/Adobe-Korea1/KSC-Johab-V cMap/Adobe-Korea1/KSCms-UHC-H cMap/Adobe-Korea1/KSCms-UHC-HW-H cMap/Adobe-Korea1/KSCms-UHC-HW-V cMap/Adobe-Korea1/KSCms-UHC-UCS2 cMap/Adobe-Korea1/KSCms-UHC-V cMap/Adobe-Korea1/KSCpc-EUC-H cMap/Adobe-Korea1/KSCpc-EUC-UCS2 cMap/Adobe-Korea1/KSCpc-EUC-UCS2C cMap/Adobe-Korea1/KSCpc-EUC-V cMap/Adobe-Korea1/KSC-V cMap/Adobe-Korea1/UCS2-KSCms-UHC cMap/Adobe-Korea1/UCS2-KSCpc-EUC cMap/Adobe-Korea1/UniKS-UCS2-H cMap/Adobe-Korea1/UniKS-UCS2-V cMap/Adobe-Korea1/UniKS-UTF16-H cMap/Adobe-Korea1/UniKS-UTF16-V cMap/Adobe-Korea1/UniKS-UTF32-H cMap/Adobe-Korea1/UniKS-UTF32-V cMap/Adobe-Korea1/UniKS-UTF8-H cMap/Adobe-Korea1/UniKS-UTF8-V cMap/Adobe-KR/Adobe-KR-0 cMap/Adobe-KR/Adobe-KR-1 cMap/Adobe-KR/Adobe-KR-2 cMap/Adobe-KR/Adobe-KR-3 cMap/Adobe-KR/Adobe-KR-4 cMap/Adobe-KR/Adobe-KR-5 cMap/Adobe-KR/Adobe-KR-6 cMap/Adobe-KR/Adobe-KR-7 cMap/Adobe-KR/Adobe-KR-8 cMap/Adobe-KR/Adobe-KR-9 cMap/Adobe-KR/Adobe-KR-UCS2 cMap/Adobe-KR/UniAKR-UTF16-H cMap/Adobe-KR/UniAKR-UTF32-H cMap/Adobe-KR/UniAKR-UTF8-H; do					    \
	install -d -m 0755 /home/devel/building/work/pkg/usr/share/poppler/`dirname $f`; \
	install -m 0644 $f /home/devel/building/work/pkg/usr/share/poppler/$f;	    \
done
=======> Build result:
drwxr-xr-x  0 root   root        0 Feb  1 19:34 usr/
drwxr-xr-x  0 root   root        0 Feb  1 19:34 usr/share/
drwxr-xr-x  0 root   root        0 Feb  1 19:34 usr/share/poppler/
drwxr-xr-x  0 root   root        0 Feb  1 19:34 usr/share/pkgconfig/
-rw-r--r--  0 root   root      167 Feb  1 19:34 usr/share/pkgconfig/poppler-data.pc
drwxr-xr-x  0 root   root        0 Feb  1 19:34 usr/share/poppler/cidToUnicode/
drwxr-xr-x  0 root   root        0 Feb  1 19:34 usr/share/poppler/nameToUnicode/
drwxr-xr-x  0 root   root        0 Feb  1 19:34 usr/share/poppler/unicodeMap/
drwxr-xr-x  0 root   root        0 Feb  1 19:34 usr/share/poppler/cMap/
drwxr-xr-x  0 root   root        0 Feb  1 19:34 usr/share/poppler/cMap/Adobe-CNS1/
drwxr-xr-x  0 root   root        0 Feb  1 19:34 usr/share/poppler/cMap/Adobe-GB1/
drwxr-xr-x  0 root   root        0 Feb  1 19:34 usr/share/poppler/cMap/Adobe-Japan1/
drwxr-xr-x  0 root   root        0 Feb  1 19:34 usr/share/poppler/cMap/Adobe-Japan2/
drwxr-xr-x  0 root   root        0 Feb  1 19:34 usr/share/poppler/cMap/Adobe-Korea1/
drwxr-xr-x  0 root   root        0 Feb  1 19:34 usr/share/poppler/cMap/Adobe-KR/
-rw-r--r--  0 root   root     2879 Feb  1 19:34 usr/share/poppler/cMap/Adobe-KR/Adobe-KR-0
-rw-r--r--  0 root   root     3012 Feb  1 19:34 usr/share/poppler/cMap/Adobe-KR/Adobe-KR-1
-rw-r--r--  0 root   root     3512 Feb  1 19:34 usr/share/poppler/cMap/Adobe-KR/Adobe-KR-2
-rw-r--r--  0 root   root     3532 Feb  1 19:34 usr/share/poppler/cMap/Adobe-KR/Adobe-KR-3
-rw-r--r--  0 root   root     3552 Feb  1 19:34 usr/share/poppler/cMap/Adobe-KR/Adobe-KR-4
-rw-r--r--  0 root   root     3572 Feb  1 19:34 usr/share/poppler/cMap/Adobe-KR/Adobe-KR-5
-rw-r--r--  0 root   root     3732 Feb  1 19:34 usr/share/poppler/cMap/Adobe-KR/Adobe-KR-6
-rw-r--r--  0 root   root     4092 Feb  1 19:34 usr/share/poppler/cMap/Adobe-KR/Adobe-KR-7
-rw-r--r--  0 root   root     4372 Feb  1 19:34 usr/share/poppler/cMap/Adobe-KR/Adobe-KR-8
-rw-r--r--  0 root   root     4412 Feb  1 19:34 usr/share/poppler/cMap/Adobe-KR/Adobe-KR-9
-rw-r--r--  0 root   root   203264 Feb  1 19:34 usr/share/poppler/cMap/Adobe-KR/Adobe-KR-UCS2
-rw-r--r--  0 root   root   186571 Feb  1 19:34 usr/share/poppler/cMap/Adobe-KR/UniAKR-UTF16-H
-rw-r--r--  0 root   root   250512 Feb  1 19:34 usr/share/poppler/cMap/Adobe-KR/UniAKR-UTF32-H
-rw-r--r--  0 root   root   220026 Feb  1 19:34 usr/share/poppler/cMap/Adobe-KR/UniAKR-UTF8-H
-rw-r--r--  0 root   root     3433 Feb  1 19:34 usr/share/poppler/cMap/Adobe-Korea1/Adobe-Korea1-0
-rw-r--r--  0 root   root     4089 Feb  1 19:34 usr/share/poppler/cMap/Adobe-Korea1/Adobe-Korea1-1
-rw-r--r--  0 root   root     4088 Feb  1 19:34 usr/share/poppler/cMap/Adobe-Korea1/Adobe-Korea1-2
-rw-r--r--  0 root   root     3039 Feb  1 19:34 usr/share/poppler/cMap/Adobe-Korea1/Adobe-Korea1-H-CID
-rw-r--r--  0 root   root    16800 Feb  1 19:34 usr/share/poppler/cMap/Adobe-Korea1/Adobe-Korea1-H-Host
-rw-r--r--  0 root   root    12278 Feb  1 19:34 usr/share/poppler/cMap/Adobe-Korea1/Adobe-Korea1-H-Mac
-rw-r--r--  0 root   root    16605 Feb  1 19:34 usr/share/poppler/cMap/Adobe-Korea1/Adobe-Korea1-KSCms-UHC
-rw-r--r--  0 root   root    12452 Feb  1 19:34 usr/share/poppler/cMap/Adobe-Korea1/Adobe-Korea1-KSCpc-EUC
-rw-r--r--  0 root   root   146807 Feb  1 19:34 usr/share/poppler/cMap/Adobe-Korea1/Adobe-Korea1-UCS2
-rw-r--r--  0 root   root    11728 Feb  1 19:34 usr/share/poppler/cMap/Adobe-Korea1/KSC-EUC-H
-rw-r--r--  0 root   root     3036 Feb  1 19:34 usr/share/poppler/cMap/Adobe-Korea1/KSC-EUC-V
-rw-r--r--  0 root   root    11637 Feb  1 19:34 usr/share/poppler/cMap/Adobe-Korea1/KSC-H
-rw-r--r--  0 root   root    84250 Feb  1 19:34 usr/share/poppler/cMap/Adobe-Korea1/KSC-Johab-H
-rw-r--r--  0 root   root     3050 Feb  1 19:34 usr/share/poppler/cMap/Adobe-Korea1/KSC-Johab-V
-rw-r--r--  0 root   root    15940 Feb  1 19:34 usr/share/poppler/cMap/Adobe-Korea1/KSCms-UHC-H
-rw-r--r--  0 root   root    15936 Feb  1 19:34 usr/share/poppler/cMap/Adobe-Korea1/KSCms-UHC-HW-H
-rw-r--r--  0 root   root     3049 Feb  1 19:34 usr/share/poppler/cMap/Adobe-Korea1/KSCms-UHC-HW-V
-rw-r--r--  0 root   root   182560 Feb  1 19:34 usr/share/poppler/cMap/Adobe-Korea1/KSCms-UHC-UCS2
-rw-r--r--  0 root   root     3050 Feb  1 19:34 usr/share/poppler/cMap/Adobe-Korea1/KSCms-UHC-V
-rw-r--r--  0 root   root    12555 Feb  1 19:34 usr/share/poppler/cMap/Adobe-Korea1/KSCpc-EUC-H
-rw-r--r--  0 root   root    17200 Feb  1 19:34 usr/share/poppler/cMap/Adobe-Korea1/KSCpc-EUC-UCS2
-rw-r--r--  0 root   root   151061 Feb  1 19:34 usr/share/poppler/cMap/Adobe-Korea1/KSCpc-EUC-UCS2C
-rw-r--r--  0 root   root     3048 Feb  1 19:34 usr/share/poppler/cMap/Adobe-Korea1/KSCpc-EUC-V
-rw-r--r--  0 root   root     3012 Feb  1 19:34 usr/share/poppler/cMap/Adobe-Korea1/KSC-V
-rw-r--r--  0 root   root   188853 Feb  1 19:34 usr/share/poppler/cMap/Adobe-Korea1/UCS2-KSCms-UHC
-rw-r--r--  0 root   root   147723 Feb  1 19:34 usr/share/poppler/cMap/Adobe-Korea1/UCS2-KSCpc-EUC
-rw-r--r--  0 root   root   166009 Feb  1 19:34 usr/share/poppler/cMap/Adobe-Korea1/UniKS-UCS2-H
-rw-r--r--  0 root   root     3076 Feb  1 19:34 usr/share/poppler/cMap/Adobe-Korea1/UniKS-UCS2-V
-rw-r--r--  0 root   root   122938 Feb  1 19:34 usr/share/poppler/cMap/Adobe-Korea1/UniKS-UTF16-H
-rw-r--r--  0 root   root     3030 Feb  1 19:34 usr/share/poppler/cMap/Adobe-Korea1/UniKS-UTF16-V
-rw-r--r--  0 root   root   165010 Feb  1 19:34 usr/share/poppler/cMap/Adobe-Korea1/UniKS-UTF32-H
-rw-r--r--  0 root   root     3130 Feb  1 19:34 usr/share/poppler/cMap/Adobe-Korea1/UniKS-UTF32-V
-rw-r--r--  0 root   root   145845 Feb  1 19:34 usr/share/poppler/cMap/Adobe-Korea1/UniKS-UTF8-H
-rw-r--r--  0 root   root     3076 Feb  1 19:34 usr/share/poppler/cMap/Adobe-Korea1/UniKS-UTF8-V
-rw-r--r--  0 root   root     3168 Feb  1 19:34 usr/share/poppler/cMap/Adobe-Japan2/Adobe-Japan2-0
-rw-r--r--  0 root   root    14796 Feb  1 19:34 usr/share/poppler/cMap/Adobe-Japan1/78-EUC-H
-rw-r--r--  0 root   root     3222 Feb  1 19:34 usr/share/poppler/cMap/Adobe-Japan1/78-EUC-V
-rw-r--r--  0 root   root    14673 Feb  1 19:34 usr/share/poppler/cMap/Adobe-Japan1/78-H
-rw-r--r--  0 root   root    16500 Feb  1 19:34 usr/share/poppler/cMap/Adobe-Japan1/78ms-RKSJ-H
-rw-r--r--  0 root   root     4209 Feb  1 19:34 usr/share/poppler/cMap/Adobe-Japan1/78ms-RKSJ-V
-rw-r--r--  0 root   root    14827 Feb  1 19:34 usr/share/poppler/cMap/Adobe-Japan1/78-RKSJ-H
-rw-r--r--  0 root   root     3228 Feb  1 19:34 usr/share/poppler/cMap/Adobe-Japan1/78-RKSJ-V
-rw-r--r--  0 root   root     3198 Feb  1 19:34 usr/share/poppler/cMap/Adobe-Japan1/78-V
-rw-r--r--  0 root   root     7080 Feb  1 19:34 usr/share/poppler/cMap/Adobe-Japan1/83pv-RKSJ-H
-rw-r--r--  0 root   root     6001 Feb  1 19:34 usr/share/poppler/cMap/Adobe-Japan1/90msp-RKSJ-H
-rw-r--r--  0 root   root     4212 Feb  1 19:34 usr/share/poppler/cMap/Adobe-Japan1/90msp-RKSJ-V
-rw-r--r--  0 root   root     6070 Feb  1 19:34 usr/share/poppler/cMap/Adobe-Japan1/90ms-RKSJ-H
-rw-r--r--  0 root   root   106193 Feb  1 19:34 usr/share/poppler/cMap/Adobe-Japan1/90ms-RKSJ-UCS2
-rw-r--r--  0 root   root     4229 Feb  1 19:34 usr/share/poppler/cMap/Adobe-Japan1/90ms-RKSJ-V
-rw-r--r--  0 root   root     7815 Feb  1 19:34 usr/share/poppler/cMap/Adobe-Japan1/90pv-RKSJ-H
-rw-r--r--  0 root   root     3254 Feb  1 19:34 usr/share/poppler/cMap/Adobe-Japan1/90pv-RKSJ-UCS2
-rw-r--r--  0 root   root    97291 Feb  1 19:34 usr/share/poppler/cMap/Adobe-Japan1/90pv-RKSJ-UCS2C
-rw-r--r--  0 root   root     3715 Feb  1 19:34 usr/share/poppler/cMap/Adobe-Japan1/90pv-RKSJ-V
-rw-r--r--  0 root   root    14854 Feb  1 19:34 usr/share/poppler/cMap/Adobe-Japan1/Add-H
-rw-r--r--  0 root   root    15038 Feb  1 19:34 usr/share/poppler/cMap/Adobe-Japan1/Add-RKSJ-H
-rw-r--r--  0 root   root     3823 Feb  1 19:34 usr/share/poppler/cMap/Adobe-Japan1/Add-RKSJ-V
-rw-r--r--  0 root   root     3793 Feb  1 19:34 usr/share/poppler/cMap/Adobe-Japan1/Add-V
-rw-r--r--  0 root   root     3341 Feb  1 19:34 usr/share/poppler/cMap/Adobe-Japan1/Adobe-Japan1-0
-rw-r--r--  0 root   root     3342 Feb  1 19:34 usr/share/poppler/cMap/Adobe-Japan1/Adobe-Japan1-1
-rw-r--r--  0 root   root     3380 Feb  1 19:34 usr/share/poppler/cMap/Adobe-Japan1/Adobe-Japan1-2
-rw-r--r--  0 root   root     3390 Feb  1 19:34 usr/share/poppler/cMap/Adobe-Japan1/Adobe-Japan1-3
-rw-r--r--  0 root   root     3868 Feb  1 19:34 usr/share/poppler/cMap/Adobe-Japan1/Adobe-Japan1-4
-rw-r--r--  0 root   root     4248 Feb  1 19:34 usr/share/poppler/cMap/Adobe-Japan1/Adobe-Japan1-5
-rw-r--r--  0 root   root     4468 Feb  1 19:34 usr/share/poppler/cMap/Adobe-Japan1/Adobe-Japan1-6
-rw-r--r--  0 root   root     4444 Feb  1 19:34 usr/share/poppler/cMap/Adobe-Japan1/Adobe-Japan1-7
-rw-r--r--  0 root   root     7536 Feb  1 19:34 usr/share/poppler/cMap/Adobe-Japan1/Adobe-Japan1-90ms-RKSJ
-rw-r--r--  0 root   root     9527 Feb  1 19:34 usr/share/poppler/cMap/Adobe-Japan1/Adobe-Japan1-90pv-RKSJ
-rw-r--r--  0 root   root     3654 Feb  1 19:34 usr/share/poppler/cMap/Adobe-Japan1/Adobe-Japan1-H-CID
-rw-r--r--  0 root   root     7786 Feb  1 19:34 usr/share/poppler/cMap/Adobe-Japan1/Adobe-Japan1-H-Host
-rw-r--r--  0 root   root     6713 Feb  1 19:34 usr/share/poppler/cMap/Adobe-Japan1/Adobe-Japan1-H-Mac
-rw-r--r--  0 root   root    23434 Feb  1 19:34 usr/share/poppler/cMap/Adobe-Japan1/Adobe-Japan1-PS-H
-rw-r--r--  0 root   root    14214 Feb  1 19:34 usr/share/poppler/cMap/Adobe-Japan1/Adobe-Japan1-PS-V
-rw-r--r--  0 root   root   294111 Feb  1 19:34 usr/share/poppler/cMap/Adobe-Japan1/Adobe-Japan1-UCS2
-rw-r--r--  0 root   root     5075 Feb  1 19:34 usr/share/poppler/cMap/Adobe-Japan1/EUC-H
-rw-r--r--  0 root   root     3223 Feb  1 19:34 usr/share/poppler/cMap/Adobe-Japan1/EUC-V
-rw-r--r--  0 root   root    15424 Feb  1 19:34 usr/share/poppler/cMap/Adobe-Japan1/Ext-H
-rw-r--r--  0 root   root    15607 Feb  1 19:34 usr/share/poppler/cMap/Adobe-Japan1/Ext-RKSJ-H
-rw-r--r--  0 root   root     3481 Feb  1 19:34 usr/share/poppler/cMap/Adobe-Japan1/Ext-RKSJ-V
-rw-r--r--  0 root   root     3451 Feb  1 19:34 usr/share/poppler/cMap/Adobe-Japan1/Ext-V
-rw-r--r--  0 root   root     4941 Feb  1 19:34 usr/share/poppler/cMap/Adobe-Japan1/H
-rw-r--r--  0 root   root     2821 Feb  1 19:34 usr/share/poppler/cMap/Adobe-Japan1/Hankaku
-rw-r--r--  0 root   root     2795 Feb  1 19:34 usr/share/poppler/cMap/Adobe-Japan1/Hiragana
-rw-r--r--  0 root   root     4626 Feb  1 19:34 usr/share/poppler/cMap/Adobe-Japan1/Hojo-EUC-H
-rw-r--r--  0 root   root     2709 Feb  1 19:34 usr/share/poppler/cMap/Adobe-Japan1/Hojo-EUC-V
-rw-r--r--  0 root   root     4276 Feb  1 19:34 usr/share/poppler/cMap/Adobe-Japan1/Hojo-H
-rw-r--r--  0 root   root     2685 Feb  1 19:34 usr/share/poppler/cMap/Adobe-Japan1/Hojo-V
-rw-r--r--  0 root   root     2711 Feb  1 19:34 usr/share/poppler/cMap/Adobe-Japan1/Katakana
-rw-r--r--  0 root   root    17298 Feb  1 19:34 usr/share/poppler/cMap/Adobe-Japan1/NWP-H
-rw-r--r--  0 root   root     3603 Feb  1 19:34 usr/share/poppler/cMap/Adobe-Japan1/NWP-V
-rw-r--r--  0 root   root     5124 Feb  1 19:34 usr/share/poppler/cMap/Adobe-Japan1/RKSJ-H
-rw-r--r--  0 root   root     3229 Feb  1 19:34 usr/share/poppler/cMap/Adobe-Japan1/RKSJ-V
-rw-r--r--  0 root   root     2688 Feb  1 19:34 usr/share/poppler/cMap/Adobe-Japan1/Roman
-rw-r--r--  0 root   root   149695 Feb  1 19:34 usr/share/poppler/cMap/Adobe-Japan1/UCS2-90ms-RKSJ
-rw-r--r--  0 root   root   142968 Feb  1 19:34 usr/share/poppler/cMap/Adobe-Japan1/UCS2-90pv-RKSJ
-rw-r--r--  0 root   root    83592 Feb  1 19:34 usr/share/poppler/cMap/Adobe-Japan1/UniHojo-UCS2-H
-rw-r--r--  0 root   root     2714 Feb  1 19:34 usr/share/poppler/cMap/Adobe-Japan1/UniHojo-UCS2-V
-rw-r--r--  0 root   root    62948 Feb  1 19:34 usr/share/poppler/cMap/Adobe-Japan1/UniHojo-UTF16-H
-rw-r--r--  0 root   root     2720 Feb  1 19:34 usr/share/poppler/cMap/Adobe-Japan1/UniHojo-UTF16-V
-rw-r--r--  0 root   root    84821 Feb  1 19:34 usr/share/poppler/cMap/Adobe-Japan1/UniHojo-UTF32-H
-rw-r--r--  0 root   root     2720 Feb  1 19:34 usr/share/poppler/cMap/Adobe-Japan1/UniHojo-UTF32-V
-rw-r--r--  0 root   root    73701 Feb  1 19:34 usr/share/poppler/cMap/Adobe-Japan1/UniHojo-UTF8-H
-rw-r--r--  0 root   root     2716 Feb  1 19:34 usr/share/poppler/cMap/Adobe-Japan1/UniHojo-UTF8-V
-rw-r--r--  0 root   root   188305 Feb  1 19:34 usr/share/poppler/cMap/Adobe-Japan1/UniJIS2004-UTF16-H
-rw-r--r--  0 root   root     5830 Feb  1 19:34 usr/share/poppler/cMap/Adobe-Japan1/UniJIS2004-UTF16-V
-rw-r--r--  0 root   root   245525 Feb  1 19:34 usr/share/poppler/cMap/Adobe-Japan1/UniJIS2004-UTF32-H
-rw-r--r--  0 root   root     6862 Feb  1 19:34 usr/share/poppler/cMap/Adobe-Japan1/UniJIS2004-UTF32-V
-rw-r--r--  0 root   root   216537 Feb  1 19:34 usr/share/poppler/cMap/Adobe-Japan1/UniJIS2004-UTF8-H
-rw-r--r--  0 root   root     6353 Feb  1 19:34 usr/share/poppler/cMap/Adobe-Japan1/UniJIS2004-UTF8-V
-rw-r--r--  0 root   root     6729 Feb  1 19:34 usr/share/poppler/cMap/Adobe-Japan1/UniJISPro-UCS2-HW-V
-rw-r--r--  0 root   root     6618 Feb  1 19:34 usr/share/poppler/cMap/Adobe-Japan1/UniJISPro-UCS2-V
-rw-r--r--  0 root   root     7467 Feb  1 19:34 usr/share/poppler/cMap/Adobe-Japan1/UniJISPro-UTF8-V
-rw-r--r--  0 root   root   168597 Feb  1 19:34 usr/share/poppler/cMap/Adobe-Japan1/UniJIS-UCS2-H
-rw-r--r--  0 root   root     2820 Feb  1 19:34 usr/share/poppler/cMap/Adobe-Japan1/UniJIS-UCS2-HW-H
-rw-r--r--  0 root   root     6591 Feb  1 19:34 usr/share/poppler/cMap/Adobe-Japan1/UniJIS-UCS2-HW-V
-rw-r--r--  0 root   root     6509 Feb  1 19:34 usr/share/poppler/cMap/Adobe-Japan1/UniJIS-UCS2-V
-rw-r--r--  0 root   root   188225 Feb  1 19:34 usr/share/poppler/cMap/Adobe-Japan1/UniJIS-UTF16-H
-rw-r--r--  0 root   root     5806 Feb  1 19:34 usr/share/poppler/cMap/Adobe-Japan1/UniJIS-UTF16-V
-rw-r--r--  0 root   root   245445 Feb  1 19:34 usr/share/poppler/cMap/Adobe-Japan1/UniJIS-UTF32-H
-rw-r--r--  0 root   root     6838 Feb  1 19:34 usr/share/poppler/cMap/Adobe-Japan1/UniJIS-UTF32-V
-rw-r--r--  0 root   root   216459 Feb  1 19:34 usr/share/poppler/cMap/Adobe-Japan1/UniJIS-UTF8-H
-rw-r--r--  0 root   root     6331 Feb  1 19:34 usr/share/poppler/cMap/Adobe-Japan1/UniJIS-UTF8-V
-rw-r--r--  0 root   root   245515 Feb  1 19:34 usr/share/poppler/cMap/Adobe-Japan1/UniJISX02132004-UTF32-H
-rw-r--r--  0 root   root     6828 Feb  1 19:34 usr/share/poppler/cMap/Adobe-Japan1/UniJISX02132004-UTF32-V
-rw-r--r--  0 root   root   245434 Feb  1 19:34 usr/share/poppler/cMap/Adobe-Japan1/UniJISX0213-UTF32-H
-rw-r--r--  0 root   root     6804 Feb  1 19:34 usr/share/poppler/cMap/Adobe-Japan1/UniJISX0213-UTF32-V
-rw-r--r--  0 root   root     3199 Feb  1 19:34 usr/share/poppler/cMap/Adobe-Japan1/V
-rw-r--r--  0 root   root     3093 Feb  1 19:34 usr/share/poppler/cMap/Adobe-Japan1/WP-Symbol
-rw-r--r--  0 root   root     3292 Feb  1 19:34 usr/share/poppler/cMap/Adobe-GB1/Adobe-GB1-0
-rw-r--r--  0 root   root     3446 Feb  1 19:34 usr/share/poppler/cMap/Adobe-GB1/Adobe-GB1-1
-rw-r--r--  0 root   root     4400 Feb  1 19:34 usr/share/poppler/cMap/Adobe-GB1/Adobe-GB1-2
-rw-r--r--  0 root   root     4399 Feb  1 19:34 usr/share/poppler/cMap/Adobe-GB1/Adobe-GB1-3
-rw-r--r--  0 root   root     4951 Feb  1 19:34 usr/share/poppler/cMap/Adobe-GB1/Adobe-GB1-4
-rw-r--r--  0 root   root     5051 Feb  1 19:34 usr/share/poppler/cMap/Adobe-GB1/Adobe-GB1-5
-rw-r--r--  0 root   root    90971 Feb  1 19:34 usr/share/poppler/cMap/Adobe-GB1/Adobe-GB1-GBK-EUC
-rw-r--r--  0 root   root     5503 Feb  1 19:34 usr/share/poppler/cMap/Adobe-GB1/Adobe-GB1-GBpc-EUC
-rw-r--r--  0 root   root     3470 Feb  1 19:34 usr/share/poppler/cMap/Adobe-GB1/Adobe-GB1-H-CID
-rw-r--r--  0 root   root    91549 Feb  1 19:34 usr/share/poppler/cMap/Adobe-GB1/Adobe-GB1-H-Host
-rw-r--r--  0 root   root     5484 Feb  1 19:34 usr/share/poppler/cMap/Adobe-GB1/Adobe-GB1-H-Mac
-rw-r--r--  0 root   root   221211 Feb  1 19:34 usr/share/poppler/cMap/Adobe-GB1/Adobe-GB1-UCS2
-rw-r--r--  0 root   root     4427 Feb  1 19:34 usr/share/poppler/cMap/Adobe-GB1/GB-EUC-H
-rw-r--r--  0 root   root     3100 Feb  1 19:34 usr/share/poppler/cMap/Adobe-GB1/GB-EUC-V
-rw-r--r--  0 root   root     4322 Feb  1 19:34 usr/share/poppler/cMap/Adobe-GB1/GB-H
-rw-r--r--  0 root   root    90926 Feb  1 19:34 usr/share/poppler/cMap/Adobe-GB1/GBK2K-H
-rw-r--r--  0 root   root     3482 Feb  1 19:34 usr/share/poppler/cMap/Adobe-GB1/GBK2K-V
-rw-r--r--  0 root   root    83102 Feb  1 19:34 usr/share/poppler/cMap/Adobe-GB1/GBK-EUC-H
-rw-r--r--  0 root   root   224247 Feb  1 19:34 usr/share/poppler/cMap/Adobe-GB1/GBK-EUC-UCS2
-rw-r--r--  0 root   root     3089 Feb  1 19:34 usr/share/poppler/cMap/Adobe-GB1/GBK-EUC-V
-rw-r--r--  0 root   root    83083 Feb  1 19:34 usr/share/poppler/cMap/Adobe-GB1/GBKp-EUC-H
-rw-r--r--  0 root   root     3095 Feb  1 19:34 usr/share/poppler/cMap/Adobe-GB1/GBKp-EUC-V
-rw-r--r--  0 root   root     4455 Feb  1 19:34 usr/share/poppler/cMap/Adobe-GB1/GBpc-EUC-H
-rw-r--r--  0 root   root     2729 Feb  1 19:34 usr/share/poppler/cMap/Adobe-GB1/GBpc-EUC-UCS2
-rw-r--r--  0 root   root   142756 Feb  1 19:34 usr/share/poppler/cMap/Adobe-GB1/GBpc-EUC-UCS2C
-rw-r--r--  0 root   root     3112 Feb  1 19:34 usr/share/poppler/cMap/Adobe-GB1/GBpc-EUC-V
-rw-r--r--  0 root   root    46773 Feb  1 19:34 usr/share/poppler/cMap/Adobe-GB1/GBT-EUC-H
-rw-r--r--  0 root   root     3108 Feb  1 19:34 usr/share/poppler/cMap/Adobe-GB1/GBT-EUC-V
-rw-r--r--  0 root   root    46668 Feb  1 19:34 usr/share/poppler/cMap/Adobe-GB1/GBT-H
-rw-r--r--  0 root   root    46803 Feb  1 19:34 usr/share/poppler/cMap/Adobe-GB1/GBTpc-EUC-H
-rw-r--r--  0 root   root     3120 Feb  1 19:34 usr/share/poppler/cMap/Adobe-GB1/GBTpc-EUC-V
-rw-r--r--  0 root   root     3084 Feb  1 19:34 usr/share/poppler/cMap/Adobe-GB1/GBT-V
-rw-r--r--  0 root   root     3076 Feb  1 19:34 usr/share/poppler/cMap/Adobe-GB1/GB-V
-rw-r--r--  0 root   root   234056 Feb  1 19:34 usr/share/poppler/cMap/Adobe-GB1/UCS2-GBK-EUC
-rw-r--r--  0 root   root   189539 Feb  1 19:34 usr/share/poppler/cMap/Adobe-GB1/UCS2-GBpc-EUC
-rw-r--r--  0 root   root   274383 Feb  1 19:34 usr/share/poppler/cMap/Adobe-GB1/UniGB-UCS2-H
-rw-r--r--  0 root   root     3167 Feb  1 19:34 usr/share/poppler/cMap/Adobe-GB1/UniGB-UCS2-V
-rw-r--r--  0 root   root   199981 Feb  1 19:34 usr/share/poppler/cMap/Adobe-GB1/UniGB-UTF16-H
-rw-r--r--  0 root   root     3061 Feb  1 19:34 usr/share/poppler/cMap/Adobe-GB1/UniGB-UTF16-V
-rw-r--r--  0 root   root   267909 Feb  1 19:34 usr/share/poppler/cMap/Adobe-GB1/UniGB-UTF32-H
-rw-r--r--  0 root   root     3177 Feb  1 19:34 usr/share/poppler/cMap/Adobe-GB1/UniGB-UTF32-V
-rw-r--r--  0 root   root   237834 Feb  1 19:34 usr/share/poppler/cMap/Adobe-GB1/UniGB-UTF8-H
-rw-r--r--  0 root   root     3115 Feb  1 19:34 usr/share/poppler/cMap/Adobe-GB1/UniGB-UTF8-V
-rw-r--r--  0 root   root     3829 Feb  1 19:34 usr/share/poppler/cMap/Adobe-CNS1/Adobe-CNS1-0
-rw-r--r--  0 root   root     4002 Feb  1 19:34 usr/share/poppler/cMap/Adobe-CNS1/Adobe-CNS1-1
-rw-r--r--  0 root   root     4022 Feb  1 19:34 usr/share/poppler/cMap/Adobe-CNS1/Adobe-CNS1-2
-rw-r--r--  0 root   root     4122 Feb  1 19:34 usr/share/poppler/cMap/Adobe-CNS1/Adobe-CNS1-3
-rw-r--r--  0 root   root     4142 Feb  1 19:34 usr/share/poppler/cMap/Adobe-CNS1/Adobe-CNS1-4
-rw-r--r--  0 root   root     4142 Feb  1 19:34 usr/share/poppler/cMap/Adobe-CNS1/Adobe-CNS1-5
-rw-r--r--  0 root   root     4142 Feb  1 19:34 usr/share/poppler/cMap/Adobe-CNS1/Adobe-CNS1-6
-rw-r--r--  0 root   root     4118 Feb  1 19:34 usr/share/poppler/cMap/Adobe-CNS1/Adobe-CNS1-7
-rw-r--r--  0 root   root     9061 Feb  1 19:34 usr/share/poppler/cMap/Adobe-CNS1/Adobe-CNS1-B5pc
-rw-r--r--  0 root   root     9462 Feb  1 19:34 usr/share/poppler/cMap/Adobe-CNS1/Adobe-CNS1-ETen-B5
-rw-r--r--  0 root   root     3355 Feb  1 19:34 usr/share/poppler/cMap/Adobe-CNS1/Adobe-CNS1-H-CID
-rw-r--r--  0 root   root     9570 Feb  1 19:34 usr/share/poppler/cMap/Adobe-CNS1/Adobe-CNS1-H-Host
-rw-r--r--  0 root   root     9126 Feb  1 19:34 usr/share/poppler/cMap/Adobe-CNS1/Adobe-CNS1-H-Mac
-rw-r--r--  0 root   root   266531 Feb  1 19:34 usr/share/poppler/cMap/Adobe-CNS1/Adobe-CNS1-UCS2
-rw-r--r--  0 root   root     7493 Feb  1 19:34 usr/share/poppler/cMap/Adobe-CNS1/B5-H
-rw-r--r--  0 root   root     7547 Feb  1 19:34 usr/share/poppler/cMap/Adobe-CNS1/B5pc-H
-rw-r--r--  0 root   root     2647 Feb  1 19:34 usr/share/poppler/cMap/Adobe-CNS1/B5pc-UCS2
-rw-r--r--  0 root   root   272945 Feb  1 19:34 usr/share/poppler/cMap/Adobe-CNS1/B5pc-UCS2C
-rw-r--r--  0 root   root     2936 Feb  1 19:34 usr/share/poppler/cMap/Adobe-CNS1/B5pc-V
-rw-r--r--  0 root   root     2924 Feb  1 19:34 usr/share/poppler/cMap/Adobe-CNS1/B5-V
-rw-r--r--  0 root   root     5611 Feb  1 19:34 usr/share/poppler/cMap/Adobe-CNS1/CNS1-H
-rw-r--r--  0 root   root     2932 Feb  1 19:34 usr/share/poppler/cMap/Adobe-CNS1/CNS1-V
-rw-r--r--  0 root   root     4275 Feb  1 19:34 usr/share/poppler/cMap/Adobe-CNS1/CNS2-H
-rw-r--r--  0 root   root     2683 Feb  1 19:34 usr/share/poppler/cMap/Adobe-CNS1/CNS2-V
-rw-r--r--  0 root   root    12246 Feb  1 19:34 usr/share/poppler/cMap/Adobe-CNS1/CNS-EUC-H
-rw-r--r--  0 root   root    13278 Feb  1 19:34 usr/share/poppler/cMap/Adobe-CNS1/CNS-EUC-V
-rw-r--r--  0 root   root     7703 Feb  1 19:34 usr/share/poppler/cMap/Adobe-CNS1/ETen-B5-H
-rw-r--r--  0 root   root   276625 Feb  1 19:34 usr/share/poppler/cMap/Adobe-CNS1/ETen-B5-UCS2
-rw-r--r--  0 root   root     2974 Feb  1 19:34 usr/share/poppler/cMap/Adobe-CNS1/ETen-B5-V
-rw-r--r--  0 root   root     2729 Feb  1 19:34 usr/share/poppler/cMap/Adobe-CNS1/ETenms-B5-H
-rw-r--r--  0 root   root     3041 Feb  1 19:34 usr/share/poppler/cMap/Adobe-CNS1/ETenms-B5-V
-rw-r--r--  0 root   root    23202 Feb  1 19:34 usr/share/poppler/cMap/Adobe-CNS1/ETHK-B5-H
-rw-r--r--  0 root   root     2955 Feb  1 19:34 usr/share/poppler/cMap/Adobe-CNS1/ETHK-B5-V
-rw-r--r--  0 root   root    23268 Feb  1 19:34 usr/share/poppler/cMap/Adobe-CNS1/HKdla-B5-H
-rw-r--r--  0 root   root     2941 Feb  1 19:34 usr/share/poppler/cMap/Adobe-CNS1/HKdla-B5-V
-rw-r--r--  0 root   root    20928 Feb  1 19:34 usr/share/poppler/cMap/Adobe-CNS1/HKdlb-B5-H
-rw-r--r--  0 root   root     2941 Feb  1 19:34 usr/share/poppler/cMap/Adobe-CNS1/HKdlb-B5-V
-rw-r--r--  0 root   root    13724 Feb  1 19:34 usr/share/poppler/cMap/Adobe-CNS1/HKgccs-B5-H
-rw-r--r--  0 root   root     2947 Feb  1 19:34 usr/share/poppler/cMap/Adobe-CNS1/HKgccs-B5-V
-rw-r--r--  0 root   root    13537 Feb  1 19:34 usr/share/poppler/cMap/Adobe-CNS1/HKm314-B5-H
-rw-r--r--  0 root   root     2947 Feb  1 19:34 usr/share/poppler/cMap/Adobe-CNS1/HKm314-B5-V
-rw-r--r--  0 root   root    16507 Feb  1 19:34 usr/share/poppler/cMap/Adobe-CNS1/HKm471-B5-H
-rw-r--r--  0 root   root     2947 Feb  1 19:34 usr/share/poppler/cMap/Adobe-CNS1/HKm471-B5-V
-rw-r--r--  0 root   root    23253 Feb  1 19:34 usr/share/poppler/cMap/Adobe-CNS1/HKscs-B5-H
-rw-r--r--  0 root   root     2961 Feb  1 19:34 usr/share/poppler/cMap/Adobe-CNS1/HKscs-B5-V
-rw-r--r--  0 root   root   273255 Feb  1 19:34 usr/share/poppler/cMap/Adobe-CNS1/UCS2-B5pc
-rw-r--r--  0 root   root   286940 Feb  1 19:34 usr/share/poppler/cMap/Adobe-CNS1/UCS2-ETen-B5
-rw-r--r--  0 root   root   326349 Feb  1 19:34 usr/share/poppler/cMap/Adobe-CNS1/UniCNS-UCS2-H
-rw-r--r--  0 root   root     2971 Feb  1 19:34 usr/share/poppler/cMap/Adobe-CNS1/UniCNS-UCS2-V
-rw-r--r--  0 root   root   253253 Feb  1 19:34 usr/share/poppler/cMap/Adobe-CNS1/UniCNS-UTF16-H
-rw-r--r--  0 root   root     2960 Feb  1 19:34 usr/share/poppler/cMap/Adobe-CNS1/UniCNS-UTF16-V
-rw-r--r--  0 root   root   324657 Feb  1 19:34 usr/share/poppler/cMap/Adobe-CNS1/UniCNS-UTF32-H
-rw-r--r--  0 root   root     3040 Feb  1 19:34 usr/share/poppler/cMap/Adobe-CNS1/UniCNS-UTF32-V
-rw-r--r--  0 root   root   290056 Feb  1 19:34 usr/share/poppler/cMap/Adobe-CNS1/UniCNS-UTF8-H
-rw-r--r--  0 root   root     2996 Feb  1 19:34 usr/share/poppler/cMap/Adobe-CNS1/UniCNS-UTF8-V
-rw-r--r--  0 root   root   133464 Feb  1 19:34 usr/share/poppler/unicodeMap/Big5
-rw-r--r--  0 root   root   133839 Feb  1 19:34 usr/share/poppler/unicodeMap/Big5ascii
-rw-r--r--  0 root   root    67589 Feb  1 19:34 usr/share/poppler/unicodeMap/EUC-CN
-rw-r--r--  0 root   root    66176 Feb  1 19:34 usr/share/poppler/unicodeMap/EUC-JP
-rw-r--r--  0 root   root   117814 Feb  1 19:34 usr/share/poppler/unicodeMap/GBK
-rw-r--r--  0 root   root    67033 Feb  1 19:34 usr/share/poppler/unicodeMap/ISO-2022-CN
-rw-r--r--  0 root   root    65913 Feb  1 19:34 usr/share/poppler/unicodeMap/ISO-2022-JP
-rw-r--r--  0 root   root    68259 Feb  1 19:34 usr/share/poppler/unicodeMap/ISO-2022-KR
-rw-r--r--  0 root   root      524 Feb  1 19:34 usr/share/poppler/unicodeMap/ISO-8859-6
-rw-r--r--  0 root   root      584 Feb  1 19:34 usr/share/poppler/unicodeMap/ISO-8859-7
-rw-r--r--  0 root   root      605 Feb  1 19:34 usr/share/poppler/unicodeMap/ISO-8859-8
-rw-r--r--  0 root   root      626 Feb  1 19:34 usr/share/poppler/unicodeMap/ISO-8859-9
-rw-r--r--  0 root   root      904 Feb  1 19:34 usr/share/poppler/unicodeMap/KOI8-R
-rw-r--r--  0 root   root     1346 Feb  1 19:34 usr/share/poppler/unicodeMap/Latin2
-rw-r--r--  0 root   root    65988 Feb  1 19:34 usr/share/poppler/unicodeMap/Shift-JIS
-rw-r--r--  0 root   root      451 Feb  1 19:34 usr/share/poppler/unicodeMap/TIS-620
-rw-r--r--  0 root   root      638 Feb  1 19:34 usr/share/poppler/unicodeMap/Windows-1255
-rw-r--r--  0 root   root      630 Feb  1 19:34 usr/share/poppler/nameToUnicode/Bulgarian
-rw-r--r--  0 root   root      125 Feb  1 19:34 usr/share/poppler/nameToUnicode/Greek
-rw-r--r--  0 root   root     3074 Feb  1 19:34 usr/share/poppler/nameToUnicode/Thai
-rw-r--r--  0 root   root    97321 Feb  1 19:34 usr/share/poppler/cidToUnicode/Adobe-CNS1
-rw-r--r--  0 root   root   151426 Feb  1 19:34 usr/share/poppler/cidToUnicode/Adobe-GB1
-rw-r--r--  0 root   root   115643 Feb  1 19:34 usr/share/poppler/cidToUnicode/Adobe-Japan1
-rw-r--r--  0 root   root    91760 Feb  1 19:34 usr/share/poppler/cidToUnicode/Adobe-Korea1
=======> Building '/home/devel/packages/poppler-data#0.4.12-2.x86_64.pkg.tar.zst' succeeded.
prt-get: Using PKGMK_PACKAGE_DIR: /home/devel/packages
prt-get: reinstalling poppler-data 0.4.12-2
prt-get: /usr/bin/pkgadd -u poppler-data#0.4.12-2.x86_64.pkg.tar.zst
prt-get: build done Thu Feb  1 19:34:02 2024

