prt-get: updating /usr/ports/opt-x86_64/potrace
prt-get: starting build Wed May  8 00:57:46 2024
=======> Building '/home/devel/packages/potrace#1.16-1.x86_64.pkg.tar.zst'.
bsdtar -p -o -C /home/devel/building/work/src -xf /home/devel/sources/potrace-1.16.tar.gz
+ build
+ cd potrace-1.16
+ ./configure --build=x86_64-unknown-linux-gnu --host=x86_64-unknown-linux-gnu --prefix=/usr --mandir=/usr/share/man --with-libpotrace --disable-static
checking for a BSD-compatible install... /usr/bin/install -c
checking whether build environment is sane... yes
checking for a thread-safe mkdir -p... /bin/mkdir -p
checking for gawk... gawk
checking whether make sets $(MAKE)... yes
checking whether make supports nested variables... yes
checking for x86_64-unknown-linux-gnu-clang... no
checking for x86_64-unknown-linux-gnu-gcc... x86_64-unknown-linux-gnu-gcc
checking whether the C compiler works... yes
checking for C compiler default output file name... a.out
checking for suffix of executables... 
checking whether we are cross compiling... no
checking for suffix of object files... o
checking whether we are using the GNU C compiler... yes
checking whether x86_64-unknown-linux-gnu-gcc accepts -g... yes
checking for x86_64-unknown-linux-gnu-gcc option to accept ISO C89... none needed
checking whether x86_64-unknown-linux-gnu-gcc understands -c and -o together... yes
checking whether make supports the include directive... yes (GNU style)
checking dependency style of x86_64-unknown-linux-gnu-gcc... gcc3
checking how to run the C preprocessor... x86_64-unknown-linux-gnu-gcc -E
checking for grep that handles long lines and -e... /usr/bin/grep
checking for egrep... /usr/bin/grep -E
checking for ANSI C header files... yes
checking for sys/types.h... yes
checking for sys/stat.h... yes
checking for stdlib.h... yes
checking for string.h... yes
checking for memory.h... yes
checking for strings.h... yes
checking for inttypes.h... yes
checking for stdint.h... yes
checking for unistd.h... yes
checking minix/config.h usability... no
checking minix/config.h presence... no
checking for minix/config.h... no
checking whether it is safe to define __EXTENSIONS__... yes
checking what compiler options to use...  -O2 -m64 -march=x86-64 -mtune=generic -flto=auto -ffat-lto-objects
checking build system type... x86_64-unknown-linux-gnu
checking host system type... x86_64-unknown-linux-gnu
checking how to print strings... printf
checking for a sed that does not truncate output... /bin/sed
checking for fgrep... /usr/bin/grep -F
checking for ld used by x86_64-unknown-linux-gnu-gcc... /usr/bin/ld
checking if the linker (/usr/bin/ld) is GNU ld... yes
checking for BSD- or MS-compatible name lister (nm)... /usr/bin/x86_64-unknown-linux-gnu-nm -B
checking the name lister (/usr/bin/x86_64-unknown-linux-gnu-nm -B) interface... BSD nm
checking whether ln -s works... yes
checking the maximum length of command line arguments... 1572864
checking how to convert x86_64-unknown-linux-gnu file names to x86_64-unknown-linux-gnu format... func_convert_file_noop
checking how to convert x86_64-unknown-linux-gnu file names to toolchain format... func_convert_file_noop
checking for /usr/bin/ld option to reload object files... -r
checking for x86_64-unknown-linux-gnu-objdump... objdump
checking how to recognize dependent libraries... pass_all
checking for x86_64-unknown-linux-gnu-dlltool... dlltool
checking how to associate runtime and link libraries... printf %s\n
checking for x86_64-unknown-linux-gnu-ar... x86_64-unknown-linux-gnu-ar
checking for archiver @FILE support... @
checking for x86_64-unknown-linux-gnu-strip... x86_64-unknown-linux-gnu-strip
checking for x86_64-unknown-linux-gnu-ranlib... x86_64-unknown-linux-gnu-ranlib
checking command to parse /usr/bin/x86_64-unknown-linux-gnu-nm -B output from x86_64-unknown-linux-gnu-gcc object... ok
checking for sysroot... no
checking for a working dd... /bin/dd
checking how to truncate binary pipes... /bin/dd bs=4096 count=1
checking for x86_64-unknown-linux-gnu-mt... no
checking for mt... no
checking if : is a manifest tool... no
checking for dlfcn.h... yes
checking for objdir... .libs
checking if x86_64-unknown-linux-gnu-gcc supports -fno-rtti -fno-exceptions... no
checking for x86_64-unknown-linux-gnu-gcc option to produce PIC... -fPIC -DPIC
checking if x86_64-unknown-linux-gnu-gcc PIC flag -fPIC -DPIC works... yes
checking if x86_64-unknown-linux-gnu-gcc static flag -static works... yes
checking if x86_64-unknown-linux-gnu-gcc supports -c -o file.o... yes
checking if x86_64-unknown-linux-gnu-gcc supports -c -o file.o... (cached) yes
checking whether the x86_64-unknown-linux-gnu-gcc linker (/usr/bin/ld -m elf_x86_64) supports shared libraries... yes
checking whether -lc should be explicitly linked in... no
checking dynamic linker characteristics... GNU/Linux ld.so
checking how to hardcode library paths into programs... immediate
checking whether stripping libraries is possible... yes
checking if libtool supports shared libraries... yes
checking whether to build shared libraries... yes
checking whether to build static libraries... no
checking whether to install the Potrace library... yes
checking whether gcc has bug number 12243... maybe
checking whether to use zlib... yes
checking whether to default to metric units... no
checking whether to default to a4 paper size... no
checking whether to use the simplified progress bar... no
checking zlib.h usability... yes
checking zlib.h presence... yes
checking for zlib.h... yes
checking whether M_PI is declared... yes
checking for deflate in -lz... yes
checking for floor in -lm... yes
checking for uint64_t... yes
checking for getopt_long... yes
checking whether getopt_long reorders its arguments... yes
checking whether to use included getopt... no
checking for strcasecmp... yes
checking for strncasecmp... yes
checking for Intel 386... yes
checking for inline... inline
checking that generated files are newer than configure... done
configure: creating ./config.status
config.status: creating Makefile
config.status: creating src/Makefile
config.status: creating doc/Makefile
config.status: creating check/Makefile
config.status: creating doc/potrace.1
config.status: creating doc/mkbitmap.1
config.status: creating config.h
config.status: executing depfiles commands
config.status: executing libtool commands
+ make V=1
make  all-recursive
make[1]: Entering directory '/home/devel/building/work/src/potrace-1.16'
Making all in src
make[2]: Entering directory '/home/devel/building/work/src/potrace-1.16/src'
x86_64-unknown-linux-gnu-gcc -DHAVE_CONFIG_H -I. -I..     -O2 -m64 -march=x86-64 -mtune=generic -flto=auto -ffat-lto-objects -MT main.o -MD -MP -MF .deps/main.Tpo -c -o main.o main.c
x86_64-unknown-linux-gnu-gcc -DHAVE_CONFIG_H -I. -I..     -O2 -m64 -march=x86-64 -mtune=generic -flto=auto -ffat-lto-objects -MT bitmap_io.o -MD -MP -MF .deps/bitmap_io.Tpo -c -o bitmap_io.o bitmap_io.c
x86_64-unknown-linux-gnu-gcc -DHAVE_CONFIG_H -I. -I..     -O2 -m64 -march=x86-64 -mtune=generic -flto=auto -ffat-lto-objects -MT backend_eps.o -MD -MP -MF .deps/backend_eps.Tpo -c -o backend_eps.o backend_eps.c
x86_64-unknown-linux-gnu-gcc -DHAVE_CONFIG_H -I. -I..     -O2 -m64 -march=x86-64 -mtune=generic -flto=auto -ffat-lto-objects -MT flate.o -MD -MP -MF .deps/flate.Tpo -c -o flate.o flate.c
x86_64-unknown-linux-gnu-gcc -DHAVE_CONFIG_H -I. -I..     -O2 -m64 -march=x86-64 -mtune=generic -flto=auto -ffat-lto-objects -MT greymap.o -MD -MP -MF .deps/greymap.Tpo -c -o greymap.o greymap.c
x86_64-unknown-linux-gnu-gcc -DHAVE_CONFIG_H -I. -I..     -O2 -m64 -march=x86-64 -mtune=generic -flto=auto -ffat-lto-objects -MT render.o -MD -MP -MF .deps/render.Tpo -c -o render.o render.c
x86_64-unknown-linux-gnu-gcc -DHAVE_CONFIG_H -I. -I..     -O2 -m64 -march=x86-64 -mtune=generic -flto=auto -ffat-lto-objects -MT backend_pgm.o -MD -MP -MF .deps/backend_pgm.Tpo -c -o backend_pgm.o backend_pgm.c
x86_64-unknown-linux-gnu-gcc -DHAVE_CONFIG_H -I. -I..     -O2 -m64 -march=x86-64 -mtune=generic -flto=auto -ffat-lto-objects -MT backend_svg.o -MD -MP -MF .deps/backend_svg.Tpo -c -o backend_svg.o backend_svg.c
mv -f .deps/backend_pgm.Tpo .deps/backend_pgm.Po
x86_64-unknown-linux-gnu-gcc -DHAVE_CONFIG_H -I. -I..     -O2 -m64 -march=x86-64 -mtune=generic -flto=auto -ffat-lto-objects -MT backend_xfig.o -MD -MP -MF .deps/backend_xfig.Tpo -c -o backend_xfig.o backend_xfig.c
mv -f .deps/flate.Tpo .deps/flate.Po
x86_64-unknown-linux-gnu-gcc -DHAVE_CONFIG_H -I. -I..     -O2 -m64 -march=x86-64 -mtune=generic -flto=auto -ffat-lto-objects -MT backend_dxf.o -MD -MP -MF .deps/backend_dxf.Tpo -c -o backend_dxf.o backend_dxf.c
mv -f .deps/render.Tpo .deps/render.Po
x86_64-unknown-linux-gnu-gcc -DHAVE_CONFIG_H -I. -I..     -O2 -m64 -march=x86-64 -mtune=generic -flto=auto -ffat-lto-objects -MT backend_pdf.o -MD -MP -MF .deps/backend_pdf.Tpo -c -o backend_pdf.o backend_pdf.c
mv -f .deps/backend_svg.Tpo .deps/backend_svg.Po
x86_64-unknown-linux-gnu-gcc -DHAVE_CONFIG_H -I. -I..     -O2 -m64 -march=x86-64 -mtune=generic -flto=auto -ffat-lto-objects -MT backend_geojson.o -MD -MP -MF .deps/backend_geojson.Tpo -c -o backend_geojson.o backend_geojson.c
mv -f .deps/backend_xfig.Tpo .deps/backend_xfig.Po
x86_64-unknown-linux-gnu-gcc -DHAVE_CONFIG_H -I. -I..     -O2 -m64 -march=x86-64 -mtune=generic -flto=auto -ffat-lto-objects -MT lzw.o -MD -MP -MF .deps/lzw.Tpo -c -o lzw.o lzw.c
mv -f .deps/backend_dxf.Tpo .deps/backend_dxf.Po
x86_64-unknown-linux-gnu-gcc -DHAVE_CONFIG_H -I. -I..     -O2 -m64 -march=x86-64 -mtune=generic -flto=auto -ffat-lto-objects -MT progress_bar.o -MD -MP -MF .deps/progress_bar.Tpo -c -o progress_bar.o progress_bar.c
mv -f .deps/backend_geojson.Tpo .deps/backend_geojson.Po
mv -f .deps/backend_pdf.Tpo .deps/backend_pdf.Po
x86_64-unknown-linux-gnu-gcc -DHAVE_CONFIG_H -I. -I..     -O2 -m64 -march=x86-64 -mtune=generic -flto=auto -ffat-lto-objects -MT bbox.o -MD -MP -MF .deps/bbox.Tpo -c -o bbox.o bbox.c
x86_64-unknown-linux-gnu-gcc -DHAVE_CONFIG_H -I. -I..     -O2 -m64 -march=x86-64 -mtune=generic -flto=auto -ffat-lto-objects -MT trans.o -MD -MP -MF .deps/trans.Tpo -c -o trans.o trans.c
mv -f .deps/lzw.Tpo .deps/lzw.Po
/bin/sh ../libtool  --tag=CC   --mode=compile x86_64-unknown-linux-gnu-gcc -DHAVE_CONFIG_H -I. -I..     -O2 -m64 -march=x86-64 -mtune=generic -flto=auto -ffat-lto-objects -MT curve.lo -MD -MP -MF .deps/curve.Tpo -c -o curve.lo curve.c
mv -f .deps/progress_bar.Tpo .deps/progress_bar.Po
libtool: compile:  x86_64-unknown-linux-gnu-gcc -DHAVE_CONFIG_H -I. -I.. -O2 -m64 -march=x86-64 -mtune=generic -flto=auto -ffat-lto-objects -MT curve.lo -MD -MP -MF .deps/curve.Tpo -c curve.c  -fPIC -DPIC -o .libs/curve.o
/bin/sh ../libtool  --tag=CC   --mode=compile x86_64-unknown-linux-gnu-gcc -DHAVE_CONFIG_H -I. -I..     -O2 -m64 -march=x86-64 -mtune=generic -flto=auto -ffat-lto-objects -MT trace.lo -MD -MP -MF .deps/trace.Tpo -c -o trace.lo trace.c
mv -f .deps/backend_eps.Tpo .deps/backend_eps.Po
/bin/sh ../libtool  --tag=CC   --mode=compile x86_64-unknown-linux-gnu-gcc -DHAVE_CONFIG_H -I. -I..     -O2 -m64 -march=x86-64 -mtune=generic -flto=auto -ffat-lto-objects -MT decompose.lo -MD -MP -MF .deps/decompose.Tpo -c -o decompose.lo decompose.c
mv -f .deps/main.Tpo .deps/main.Po
/bin/sh ../libtool  --tag=CC   --mode=compile x86_64-unknown-linux-gnu-gcc -DHAVE_CONFIG_H -I. -I..     -O2 -m64 -march=x86-64 -mtune=generic -flto=auto -ffat-lto-objects -MT potracelib.lo -MD -MP -MF .deps/potracelib.Tpo -c -o potracelib.lo potracelib.c
libtool: compile:  x86_64-unknown-linux-gnu-gcc -DHAVE_CONFIG_H -I. -I.. -O2 -m64 -march=x86-64 -mtune=generic -flto=auto -ffat-lto-objects -MT trace.lo -MD -MP -MF .deps/trace.Tpo -c trace.c  -fPIC -DPIC -o .libs/trace.o
libtool: compile:  x86_64-unknown-linux-gnu-gcc -DHAVE_CONFIG_H -I. -I.. -O2 -m64 -march=x86-64 -mtune=generic -flto=auto -ffat-lto-objects -MT potracelib.lo -MD -MP -MF .deps/potracelib.Tpo -c potracelib.c  -fPIC -DPIC -o .libs/potracelib.o
mv -f .deps/curve.Tpo .deps/curve.Plo
x86_64-unknown-linux-gnu-gcc -DHAVE_CONFIG_H -I. -I..     -O2 -m64 -march=x86-64 -mtune=generic -flto=auto -ffat-lto-objects -MT mkbitmap.o -MD -MP -MF .deps/mkbitmap.Tpo -c -o mkbitmap.o mkbitmap.c
libtool: compile:  x86_64-unknown-linux-gnu-gcc -DHAVE_CONFIG_H -I. -I.. -O2 -m64 -march=x86-64 -mtune=generic -flto=auto -ffat-lto-objects -MT decompose.lo -MD -MP -MF .deps/decompose.Tpo -c decompose.c  -fPIC -DPIC -o .libs/decompose.o
mv -f .deps/bbox.Tpo .deps/bbox.Po
mv -f .deps/trans.Tpo .deps/trans.Po
mv -f .deps/potracelib.Tpo .deps/potracelib.Plo
mv -f .deps/greymap.Tpo .deps/greymap.Po
mv -f .deps/bitmap_io.Tpo .deps/bitmap_io.Po
mv -f .deps/decompose.Tpo .deps/decompose.Plo
mv -f .deps/mkbitmap.Tpo .deps/mkbitmap.Po
/bin/sh ../libtool  --tag=CC   --mode=link x86_64-unknown-linux-gnu-gcc  -O2 -m64 -march=x86-64 -mtune=generic -flto=auto -ffat-lto-objects   -o mkbitmap mkbitmap.o bitmap_io.o greymap.o -lm 
libtool: link: x86_64-unknown-linux-gnu-gcc -O2 -m64 -march=x86-64 -mtune=generic -flto=auto -ffat-lto-objects -o mkbitmap mkbitmap.o bitmap_io.o greymap.o  -lm
mv -f .deps/trace.Tpo .deps/trace.Plo
/bin/sh ../libtool  --tag=CC   --mode=link x86_64-unknown-linux-gnu-gcc  -O2 -m64 -march=x86-64 -mtune=generic -flto=auto -ffat-lto-objects -version-info 0:6:0 -rpath '/usr/lib' -export-symbols ./libpotrace-export.sym -no-undefined  -o libpotrace.la  curve.lo trace.lo decompose.lo potracelib.lo -lm 
libtool: link: echo "{ global:" > .libs/libpotrace.ver
libtool: link:  cat ./libpotrace-export.sym | sed -e "s/\(.*\)/\1;/" >> .libs/libpotrace.ver
libtool: link:  echo "local: *; };" >> .libs/libpotrace.ver
libtool: link:  x86_64-unknown-linux-gnu-gcc -shared  -fPIC -DPIC  .libs/curve.o .libs/trace.o .libs/decompose.o .libs/potracelib.o   -lm  -O2 -m64 -march=x86-64 -mtune=generic -flto=auto   -Wl,-soname -Wl,libpotrace.so.0 -Wl,-version-script -Wl,.libs/libpotrace.ver -o .libs/libpotrace.so.0.0.6
libtool: link: (cd ".libs" && rm -f "libpotrace.so.0" && ln -s "libpotrace.so.0.0.6" "libpotrace.so.0")
libtool: link: (cd ".libs" && rm -f "libpotrace.so" && ln -s "libpotrace.so.0.0.6" "libpotrace.so")
libtool: link: ( cd ".libs" && rm -f "libpotrace.la" && ln -s "../libpotrace.la" "libpotrace.la" )
/bin/sh ../libtool  --tag=CC   --mode=link x86_64-unknown-linux-gnu-gcc  -O2 -m64 -march=x86-64 -mtune=generic -flto=auto -ffat-lto-objects   -o potrace main.o bitmap_io.o backend_eps.o flate.o greymap.o render.o backend_pgm.o backend_svg.o backend_xfig.o backend_dxf.o backend_pdf.o backend_geojson.o lzw.o progress_bar.o bbox.o trans.o libpotrace.la  -lm  -lz 
libtool: link: x86_64-unknown-linux-gnu-gcc -O2 -m64 -march=x86-64 -mtune=generic -flto=auto -ffat-lto-objects -o .libs/potrace main.o bitmap_io.o backend_eps.o flate.o greymap.o render.o backend_pgm.o backend_svg.o backend_xfig.o backend_dxf.o backend_pdf.o backend_geojson.o lzw.o progress_bar.o bbox.o trans.o  ./.libs/libpotrace.so -lm -lz
make[2]: Leaving directory '/home/devel/building/work/src/potrace-1.16/src'
Making all in doc
make[2]: Entering directory '/home/devel/building/work/src/potrace-1.16/doc'
make[2]: Nothing to be done for 'all'.
make[2]: Leaving directory '/home/devel/building/work/src/potrace-1.16/doc'
Making all in check
make[2]: Entering directory '/home/devel/building/work/src/potrace-1.16/check'
make[2]: Nothing to be done for 'all'.
make[2]: Leaving directory '/home/devel/building/work/src/potrace-1.16/check'
make[2]: Entering directory '/home/devel/building/work/src/potrace-1.16'
make[2]: Leaving directory '/home/devel/building/work/src/potrace-1.16'
make[1]: Leaving directory '/home/devel/building/work/src/potrace-1.16'
+ make DESTDIR=/home/devel/building/work/pkg install
Making install in src
make[1]: Entering directory '/home/devel/building/work/src/potrace-1.16/src'
make[2]: Entering directory '/home/devel/building/work/src/potrace-1.16/src'
 /bin/mkdir -p '/home/devel/building/work/pkg/usr/lib'
 /bin/mkdir -p '/home/devel/building/work/pkg/usr/include'
 /bin/sh ../libtool   --mode=install /usr/bin/install -c   libpotrace.la '/home/devel/building/work/pkg/usr/lib'
 /usr/bin/install -c -m 644 potracelib.h '/home/devel/building/work/pkg/usr/include'
libtool: install: /usr/bin/install -c .libs/libpotrace.so.0.0.6 /home/devel/building/work/pkg/usr/lib/libpotrace.so.0.0.6
libtool: install: (cd /home/devel/building/work/pkg/usr/lib && { ln -s -f libpotrace.so.0.0.6 libpotrace.so.0 || { rm -f libpotrace.so.0 && ln -s libpotrace.so.0.0.6 libpotrace.so.0; }; })
libtool: install: (cd /home/devel/building/work/pkg/usr/lib && { ln -s -f libpotrace.so.0.0.6 libpotrace.so || { rm -f libpotrace.so && ln -s libpotrace.so.0.0.6 libpotrace.so; }; })
libtool: install: /usr/bin/install -c .libs/libpotrace.lai /home/devel/building/work/pkg/usr/lib/libpotrace.la
libtool: warning: remember to run 'libtool --finish /usr/lib'
 /bin/mkdir -p '/home/devel/building/work/pkg/usr/bin'
  /bin/sh ../libtool   --mode=install /usr/bin/install -c potrace mkbitmap '/home/devel/building/work/pkg/usr/bin'
libtool: warning: 'libpotrace.la' has not been installed in '/usr/lib'
libtool: install: /usr/bin/install -c .libs/potrace /home/devel/building/work/pkg/usr/bin/potrace
libtool: install: /usr/bin/install -c mkbitmap /home/devel/building/work/pkg/usr/bin/mkbitmap
make[2]: Leaving directory '/home/devel/building/work/src/potrace-1.16/src'
make[1]: Leaving directory '/home/devel/building/work/src/potrace-1.16/src'
Making install in doc
make[1]: Entering directory '/home/devel/building/work/src/potrace-1.16/doc'
make[2]: Entering directory '/home/devel/building/work/src/potrace-1.16/doc'
make[2]: Nothing to be done for 'install-exec-am'.
 /bin/mkdir -p '/home/devel/building/work/pkg/usr/share/doc/potrace'
 /bin/mkdir -p '/home/devel/building/work/pkg/usr/share/man/man1'
 /usr/bin/install -c -m 644 placement.pdf '/home/devel/building/work/pkg/usr/share/doc/potrace'
 /usr/bin/install -c -m 644 potrace.1 mkbitmap.1 '/home/devel/building/work/pkg/usr/share/man/man1'
make[2]: Leaving directory '/home/devel/building/work/src/potrace-1.16/doc'
make[1]: Leaving directory '/home/devel/building/work/src/potrace-1.16/doc'
Making install in check
make[1]: Entering directory '/home/devel/building/work/src/potrace-1.16/check'
make[2]: Entering directory '/home/devel/building/work/src/potrace-1.16/check'
make[2]: Nothing to be done for 'install-exec-am'.
make[2]: Nothing to be done for 'install-data-am'.
make[2]: Leaving directory '/home/devel/building/work/src/potrace-1.16/check'
make[1]: Leaving directory '/home/devel/building/work/src/potrace-1.16/check'
make[1]: Entering directory '/home/devel/building/work/src/potrace-1.16'
make[2]: Entering directory '/home/devel/building/work/src/potrace-1.16'
make[2]: Nothing to be done for 'install-exec-am'.
make[2]: Nothing to be done for 'install-data-am'.
make[2]: Leaving directory '/home/devel/building/work/src/potrace-1.16'
make[1]: Leaving directory '/home/devel/building/work/src/potrace-1.16'
+ rm -r /home/devel/building/work/pkg/usr/share/doc
+ find /home/devel/building/work/pkg -type f -name '*.la' -delete
=======> Build result:
drwxr-xr-x  0 root   root        0 May  8 00:57 usr/
drwxr-xr-x  0 root   root        0 May  8 00:57 usr/lib/
drwxr-xr-x  0 root   root        0 May  8 00:57 usr/include/
drwxr-xr-x  0 root   root        0 May  8 00:57 usr/bin/
drwxr-xr-x  0 root   root        0 May  8 00:57 usr/share/
drwxr-xr-x  0 root   root        0 May  8 00:57 usr/share/man/
drwxr-xr-x  0 root   root        0 May  8 00:57 usr/share/man/man1/
-rw-r--r--  0 root   root     7806 May  8 00:57 usr/share/man/man1/potrace.1.gz
-rw-r--r--  0 root   root     3294 May  8 00:57 usr/share/man/man1/mkbitmap.1.gz
-rwxr-xr-x  0 root   root   103136 May  8 00:57 usr/bin/potrace
-rwxr-xr-x  0 root   root    35584 May  8 00:57 usr/bin/mkbitmap
-rw-r--r--  0 root   root     4573 May  8 00:57 usr/include/potracelib.h
-rwxr-xr-x  0 root   root    34840 May  8 00:57 usr/lib/libpotrace.so.0.0.6
lrwxrwxrwx  0 root   root        0 May  8 00:57 usr/lib/libpotrace.so.0 -> libpotrace.so.0.0.6
lrwxrwxrwx  0 root   root        0 May  8 00:57 usr/lib/libpotrace.so -> libpotrace.so.0.0.6
=======> Building '/home/devel/packages/potrace#1.16-1.x86_64.pkg.tar.zst' succeeded.
prt-get: Using PKGMK_PACKAGE_DIR: /home/devel/packages
prt-get: reinstalling potrace 1.16-1
prt-get: /usr/bin/pkgadd -u potrace#1.16-1.x86_64.pkg.tar.zst
prt-get: build done Wed May  8 00:57:51 2024

