prt-get: updating /usr/ports/core-x86_64/prt-utils
prt-get: starting build Thu Feb  1 19:34:29 2024
=======> Building '/home/devel/packages/prt-utils#1.2.1-1.x86_64.pkg.tar.zst'.
bsdtar -p -o -C /home/devel/building/work/src -xf /home/devel/sources/prt-utils-1.2.1.tar.xz
+ build
+ cd prt-utils-1.2.1
+ sed -e 's|--static||' -e 's|-static||' -i revdep/Makefile
+ make V=1
sed "s|@@LIBDIR@@|/usr/lib|" prtverify.in  > prtverify
make[1]: Entering directory '/home/devel/building/work/src/prt-utils-1.2.1/revdep'
g++ -O2 -m64 -march=x86-64 -mtune=generic -flto=auto -ffat-lto-objects -std=gnu++0x -Wall -Wextra -g -DVERSION='"2.0"'   -c -o elf.o elf.cpp
g++ -O2 -m64 -march=x86-64 -mtune=generic -flto=auto -ffat-lto-objects -std=gnu++0x -Wall -Wextra -g -DVERSION='"2.0"'   -c -o utility.o utility.cpp
g++ -O2 -m64 -march=x86-64 -mtune=generic -flto=auto -ffat-lto-objects -std=gnu++0x -Wall -Wextra -g -DVERSION='"2.0"'   -c -o main.o main.cpp
g++ -O2 -m64 -march=x86-64 -mtune=generic -flto=auto -ffat-lto-objects -std=gnu++0x -Wall -Wextra -g -DVERSION='"2.0"'   -c -o pkg.o pkg.cpp
g++ -O2 -m64 -march=x86-64 -mtune=generic -flto=auto -ffat-lto-objects -std=gnu++0x -Wall -Wextra -g -DVERSION='"2.0"'   -c -o elf-cache.o elf-cache.cpp
g++ elf.o utility.o main.o pkg.o elf-cache.o -lelf -o revdep
make[1]: Leaving directory '/home/devel/building/work/src/prt-utils-1.2.1/revdep'
+ make DESTDIR=/home/devel/building/work/pkg install
if [ ! -d /home/devel/building/work/pkg/usr/share/man/man1 ]; then \
  install -d /home/devel/building/work/pkg/usr/share/man/man1; \
fi
if [ ! -d /home/devel/building/work/pkg/usr/bin ]; then \
  install -d /home/devel/building/work/pkg/usr/bin; \
fi
for tool in prtcreate prtrej prtsweep prtcheck prtwash pkgexport pkgsize prtorphan prtcheckmissing oldfiles finddeps dllist findredundantdeps pkg_installed portspage pkgfoster prtverify revdep/revdep; do \
  if [ -d lib/$tool ]; then \
    install -d /home/devel/building/work/pkg/usr/lib/$tool; \
    install -m 644 lib/$tool/* /home/devel/building/work/pkg/usr/lib/$tool; \
  fi; \
done
for manpage in prtcreate prtrej prtsweep prtcheck prtwash pkgexport pkgsize prtorphan prtcheckmissing oldfiles finddeps dllist findredundantdeps pkg_installed portspage pkgfoster prtverify revdep/revdep prt-utils; do \
  if [ -f $manpage.1 ]; then \
    install -m 644 $manpage.1 /home/devel/building/work/pkg/usr/share/man/man1/; \
  fi; \
done
for binary in prtcreate prtrej prtsweep prtcheck prtwash pkgexport pkgsize prtorphan prtcheckmissing oldfiles finddeps dllist findredundantdeps pkg_installed portspage pkgfoster prtverify revdep/revdep; do \
  install -m 755 $binary /home/devel/building/work/pkg/usr/bin/; \
done
+ install -d /home/devel/building/work/pkg/etc/revdep.d
=======> Build result:
drwxr-xr-x  0 root   root        0 Feb  1 19:34 etc/
drwxr-xr-x  0 root   root        0 Feb  1 19:34 etc/revdep.d/
drwxr-xr-x  0 root   root        0 Feb  1 19:34 usr/
drwxr-xr-x  0 root   root        0 Feb  1 19:34 usr/share/
drwxr-xr-x  0 root   root        0 Feb  1 19:34 usr/bin/
drwxr-xr-x  0 root   root        0 Feb  1 19:34 usr/lib/
drwxr-xr-x  0 root   root        0 Feb  1 19:34 usr/lib/prtverify/
-rw-r--r--  0 root   root     1190 Feb  1 19:34 usr/lib/prtverify/00_prtverify_lib.awk
-rw-r--r--  0 root   root     1284 Feb  1 19:34 usr/lib/prtverify/05_file_check.awk
-rw-r--r--  0 root   root      555 Feb  1 19:34 usr/lib/prtverify/10_file_check_clean_repo.awk
-rw-r--r--  0 root   root      529 Feb  1 19:34 usr/lib/prtverify/20_duplicated_deps.awk
-rw-r--r--  0 root   root      274 Feb  1 19:34 usr/lib/prtverify/20_encoding.awk
-rw-r--r--  0 root   root     1274 Feb  1 19:34 usr/lib/prtverify/20_evil_cmds.awk
-rw-r--r--  0 root   root      612 Feb  1 19:34 usr/lib/prtverify/20_maintainer_email.awk
-rw-r--r--  0 root   root      573 Feb  1 19:34 usr/lib/prtverify/20_missing_deps.awk
-rw-r--r--  0 root   root      693 Feb  1 19:34 usr/lib/prtverify/20_pkgfile_headers.awk
-rw-r--r--  0 root   root      565 Feb  1 19:34 usr/lib/prtverify/20_pkgfile_vars.awk
-rw-r--r--  0 root   root      307 Feb  1 19:34 usr/lib/prtverify/20_port_name_match.awk
-rw-r--r--  0 root   root      390 Feb  1 19:34 usr/lib/prtverify/20_release_number.awk
-rw-r--r--  0 root   root      556 Feb  1 19:34 usr/lib/prtverify/30_file_conflict.awk
-rw-r--r--  0 root   root      384 Feb  1 19:34 usr/lib/prtverify/30_file_permissions.awk
-rw-r--r--  0 root   root      694 Feb  1 19:34 usr/lib/prtverify/30_filesystem_collisions.awk
-rw-r--r--  0 root   root      598 Feb  1 19:34 usr/lib/prtverify/30_invalid_dirs.awk
-rw-r--r--  0 root   root      474 Feb  1 19:34 usr/lib/prtverify/30_junk_files.awk
-rw-r--r--  0 root   root      537 Feb  1 19:34 usr/lib/prtverify/30_suid_sgid.awk
-rw-r--r--  0 root   root      653 Feb  1 19:34 usr/lib/prtverify/30_system_users.awk
-rw-r--r--  0 root   root      967 Feb  1 19:34 usr/lib/prtverify/90_mk_footprint_db.awk
-rw-r--r--  0 root   root     2043 Feb  1 19:34 usr/lib/prtverify/prtverify.wl
-rwxr-xr-x  0 root   root      809 Feb  1 19:34 usr/bin/prtcreate
-rwxr-xr-x  0 root   root     1798 Feb  1 19:34 usr/bin/prtrej
-rwxr-xr-x  0 root   root     8901 Feb  1 19:34 usr/bin/prtsweep
-rwxr-xr-x  0 root   root     1764 Feb  1 19:34 usr/bin/prtcheck
-rwxr-xr-x  0 root   root    12082 Feb  1 19:34 usr/bin/prtwash
-rwxr-xr-x  0 root   root     3368 Feb  1 19:34 usr/bin/pkgexport
-rwxr-xr-x  0 root   root     2790 Feb  1 19:34 usr/bin/pkgsize
-rwxr-xr-x  0 root   root     2834 Feb  1 19:34 usr/bin/prtorphan
-rwxr-xr-x  0 root   root      462 Feb  1 19:34 usr/bin/prtcheckmissing
-rwxr-xr-x  0 root   root     2844 Feb  1 19:34 usr/bin/oldfiles
-rwxr-xr-x  0 root   root     1266 Feb  1 19:34 usr/bin/finddeps
-rwxr-xr-x  0 root   root     1582 Feb  1 19:34 usr/bin/dllist
-rwxr-xr-x  0 root   root     2465 Feb  1 19:34 usr/bin/findredundantdeps
-rwxr-xr-x  0 root   root     1022 Feb  1 19:34 usr/bin/pkg_installed
-rwxr-xr-x  0 root   root     6844 Feb  1 19:34 usr/bin/portspage
-rwxr-xr-x  0 root   root     1429 Feb  1 19:34 usr/bin/pkgfoster
-rwxr-xr-x  0 root   root     3016 Feb  1 19:34 usr/bin/prtverify
-rwxr-xr-x  0 root   root    52056 Feb  1 19:34 usr/bin/revdep
drwxr-xr-x  0 root   root        0 Feb  1 19:34 usr/share/man/
drwxr-xr-x  0 root   root        0 Feb  1 19:34 usr/share/man/man1/
-rw-r--r--  0 root   root      666 Feb  1 19:34 usr/share/man/man1/prtcreate.1.gz
-rw-r--r--  0 root   root     1649 Feb  1 19:34 usr/share/man/man1/prtsweep.1.gz
-rw-r--r--  0 root   root      639 Feb  1 19:34 usr/share/man/man1/prtcheck.1.gz
-rw-r--r--  0 root   root     1438 Feb  1 19:34 usr/share/man/man1/prtwash.1.gz
-rw-r--r--  0 root   root      889 Feb  1 19:34 usr/share/man/man1/pkgexport.1.gz
-rw-r--r--  0 root   root      458 Feb  1 19:34 usr/share/man/man1/pkgsize.1.gz
-rw-r--r--  0 root   root      520 Feb  1 19:34 usr/share/man/man1/prtorphan.1.gz
-rw-r--r--  0 root   root      311 Feb  1 19:34 usr/share/man/man1/prtcheckmissing.1.gz
-rw-r--r--  0 root   root      729 Feb  1 19:34 usr/share/man/man1/oldfiles.1.gz
-rw-r--r--  0 root   root      501 Feb  1 19:34 usr/share/man/man1/finddeps.1.gz
-rw-r--r--  0 root   root      965 Feb  1 19:34 usr/share/man/man1/dllist.1.gz
-rw-r--r--  0 root   root      535 Feb  1 19:34 usr/share/man/man1/findredundantdeps.1.gz
-rw-r--r--  0 root   root      327 Feb  1 19:34 usr/share/man/man1/pkg_installed.1.gz
-rw-r--r--  0 root   root      556 Feb  1 19:34 usr/share/man/man1/portspage.1.gz
-rw-r--r--  0 root   root      468 Feb  1 19:34 usr/share/man/man1/pkgfoster.1.gz
-rw-r--r--  0 root   root     1355 Feb  1 19:34 usr/share/man/man1/prtverify.1.gz
-rw-r--r--  0 root   root     1154 Feb  1 19:34 usr/share/man/man1/revdep.1.gz
-rw-r--r--  0 root   root      997 Feb  1 19:34 usr/share/man/man1/prt-utils.1.gz
=======> Building '/home/devel/packages/prt-utils#1.2.1-1.x86_64.pkg.tar.zst' succeeded.
prt-get: Using PKGMK_PACKAGE_DIR: /home/devel/packages
prt-get: reinstalling prt-utils 1.2.1-1
prt-get: /usr/bin/pkgadd -u prt-utils#1.2.1-1.x86_64.pkg.tar.zst
prt-get: build done Thu Feb  1 19:34:31 2024

