prt-get: updating /usr/ports/opt-x86_64/python3-docutils
prt-get: starting build Wed May  8 01:04:57 2024
=======> Building '/home/devel/packages/python3-docutils#0.21.1-1.x86_64.pkg.tar.zst'.
bsdtar -p -o -C /home/devel/building/work/src -xf /home/devel/sources/docutils-0.21.1.tar.gz
+ build
+ cd docutils-0.21.1
+ /usr/bin/pip3 wheel -w dist --no-cache-dir --no-build-isolation --no-deps /home/devel/building/work/src/docutils-0.21.1
Processing /home/devel/building/work/src/docutils-0.21.1
  Preparing metadata (pyproject.toml): started
  Preparing metadata (pyproject.toml): finished with status 'done'
Building wheels for collected packages: docutils
  Building wheel for docutils (pyproject.toml): started
  Building wheel for docutils (pyproject.toml): finished with status 'done'
  Created wheel for docutils: filename=docutils-0.21.1-py3-none-any.whl size=587393 sha256=14c8d34a55b46c88f9f714adb29cefbdd69fb82f3fef825e59c5faab935390d8
  Stored in directory: /tmp/pip-ephem-wheel-cache-dy2k5s10/wheels/54/7f/b5/d88de3a26eddc59c143a8004cb76cd7aea3672f25e4ced801d
Successfully built docutils
+ PIP_CONFIG_FILE=/dev/null
+ /usr/bin/pip3 install --root-user-action=ignore --no-warn-script-location --ignore-installed --no-deps dist/docutils-0.21.1-py3-none-any.whl --no-cache-dir --no-index --isolated --root=/home/devel/building/work/pkg
Processing ./dist/docutils-0.21.1-py3-none-any.whl
Installing collected packages: docutils
Successfully installed docutils-0.21.1
+ rm -rf /home/devel/building/work/pkg/usr/bin/__pycache__
=======> Build result:
drwxr-xr-x  0 root   root        0 May  8 01:04 usr/
drwxr-xr-x  0 root   root        0 May  8 01:04 usr/lib/
drwxr-xr-x  0 root   root        0 May  8 01:04 usr/bin/
-rwxr-xr-x  0 root   root      216 May  8 01:04 usr/bin/docutils
-rwxr-xr-x  0 root   root      220 May  8 01:04 usr/bin/rst2html
-rwxr-xr-x  0 root   root      222 May  8 01:04 usr/bin/rst2html4
-rwxr-xr-x  0 root   root      222 May  8 01:04 usr/bin/rst2html5
-rwxr-xr-x  0 root   root      222 May  8 01:04 usr/bin/rst2latex
-rwxr-xr-x  0 root   root      218 May  8 01:04 usr/bin/rst2man
-rwxr-xr-x  0 root   root      218 May  8 01:04 usr/bin/rst2odt
-rwxr-xr-x  0 root   root      230 May  8 01:04 usr/bin/rst2pseudoxml
-rwxr-xr-x  0 root   root      216 May  8 01:04 usr/bin/rst2s5
-rwxr-xr-x  0 root   root      222 May  8 01:04 usr/bin/rst2xetex
-rwxr-xr-x  0 root   root      218 May  8 01:04 usr/bin/rst2xml
drwxr-xr-x  0 root   root        0 May  8 01:04 usr/lib/python3.12/
drwxr-xr-x  0 root   root        0 May  8 01:04 usr/lib/python3.12/site-packages/
drwxr-xr-x  0 root   root        0 May  8 01:04 usr/lib/python3.12/site-packages/docutils/
drwxr-xr-x  0 root   root        0 May  8 01:04 usr/lib/python3.12/site-packages/docutils-0.21.1.dist-info/
-rw-r--r--  0 root   root      379 May  8 01:04 usr/lib/python3.12/site-packages/docutils-0.21.1.dist-info/entry_points.txt
-rw-r--r--  0 root   root     6310 May  8 01:04 usr/lib/python3.12/site-packages/docutils-0.21.1.dist-info/COPYING.txt
-rw-r--r--  0 root   root       81 May  8 01:04 usr/lib/python3.12/site-packages/docutils-0.21.1.dist-info/WHEEL
-rw-r--r--  0 root   root     2683 May  8 01:04 usr/lib/python3.12/site-packages/docutils-0.21.1.dist-info/METADATA
-rw-r--r--  0 root   root        4 May  8 01:04 usr/lib/python3.12/site-packages/docutils-0.21.1.dist-info/INSTALLER
-rw-r--r--  0 root   root      292 May  8 01:04 usr/lib/python3.12/site-packages/docutils-0.21.1.dist-info/direct_url.json
-rw-r--r--  0 root   root        0 May  8 01:04 usr/lib/python3.12/site-packages/docutils-0.21.1.dist-info/REQUESTED
-rw-r--r--  0 root   root    28228 May  8 01:04 usr/lib/python3.12/site-packages/docutils-0.21.1.dist-info/RECORD
-rw-r--r--  0 root   root    10293 May  8 01:04 usr/lib/python3.12/site-packages/docutils/__init__.py
-rwxr-xr-x  0 root   root     3625 May  8 01:04 usr/lib/python3.12/site-packages/docutils/__main__.py
-rw-r--r--  0 root   root    33045 May  8 01:04 usr/lib/python3.12/site-packages/docutils/core.py
-rw-r--r--  0 root   root      151 May  8 01:04 usr/lib/python3.12/site-packages/docutils/docutils.conf
-rw-r--r--  0 root   root     3961 May  8 01:04 usr/lib/python3.12/site-packages/docutils/examples.py
-rw-r--r--  0 root   root    44396 May  8 01:04 usr/lib/python3.12/site-packages/docutils/frontend.py
-rw-r--r--  0 root   root    22583 May  8 01:04 usr/lib/python3.12/site-packages/docutils/io.py
-rw-r--r--  0 root   root    80628 May  8 01:04 usr/lib/python3.12/site-packages/docutils/nodes.py
-rw-r--r--  0 root   root    56956 May  8 01:04 usr/lib/python3.12/site-packages/docutils/statemachine.py
drwxr-xr-x  0 root   root        0 May  8 01:04 usr/lib/python3.12/site-packages/docutils/languages/
drwxr-xr-x  0 root   root        0 May  8 01:04 usr/lib/python3.12/site-packages/docutils/parsers/
drwxr-xr-x  0 root   root        0 May  8 01:04 usr/lib/python3.12/site-packages/docutils/readers/
drwxr-xr-x  0 root   root        0 May  8 01:04 usr/lib/python3.12/site-packages/docutils/transforms/
drwxr-xr-x  0 root   root        0 May  8 01:04 usr/lib/python3.12/site-packages/docutils/utils/
drwxr-xr-x  0 root   root        0 May  8 01:04 usr/lib/python3.12/site-packages/docutils/writers/
drwxr-xr-x  0 root   root        0 May  8 01:04 usr/lib/python3.12/site-packages/docutils/__pycache__/
-rw-r--r--  0 root   root     6463 May  8 01:04 usr/lib/python3.12/site-packages/docutils/__pycache__/__init__.cpython-312.pyc
-rw-r--r--  0 root   root     3628 May  8 01:04 usr/lib/python3.12/site-packages/docutils/__pycache__/__main__.cpython-312.pyc
-rw-r--r--  0 root   root    34458 May  8 01:04 usr/lib/python3.12/site-packages/docutils/__pycache__/core.cpython-312.pyc
-rw-r--r--  0 root   root     3993 May  8 01:04 usr/lib/python3.12/site-packages/docutils/__pycache__/examples.cpython-312.pyc
-rw-r--r--  0 root   root    44873 May  8 01:04 usr/lib/python3.12/site-packages/docutils/__pycache__/frontend.cpython-312.pyc
-rw-r--r--  0 root   root    26074 May  8 01:04 usr/lib/python3.12/site-packages/docutils/__pycache__/io.cpython-312.pyc
-rw-r--r--  0 root   root   106658 May  8 01:04 usr/lib/python3.12/site-packages/docutils/__pycache__/nodes.cpython-312.pyc
-rw-r--r--  0 root   root    68509 May  8 01:04 usr/lib/python3.12/site-packages/docutils/__pycache__/statemachine.cpython-312.pyc
-rw-r--r--  0 root   root     4945 May  8 01:04 usr/lib/python3.12/site-packages/docutils/writers/__init__.py
-rw-r--r--  0 root   root    75401 May  8 01:04 usr/lib/python3.12/site-packages/docutils/writers/_html_base.py
-rw-r--r--  0 root   root     6851 May  8 01:04 usr/lib/python3.12/site-packages/docutils/writers/docutils_xml.py
-rw-r--r--  0 root   root    38128 May  8 01:04 usr/lib/python3.12/site-packages/docutils/writers/manpage.py
-rw-r--r--  0 root   root      568 May  8 01:04 usr/lib/python3.12/site-packages/docutils/writers/null.py
-rw-r--r--  0 root   root     1032 May  8 01:04 usr/lib/python3.12/site-packages/docutils/writers/pseudoxml.py
drwxr-xr-x  0 root   root        0 May  8 01:04 usr/lib/python3.12/site-packages/docutils/writers/html4css1/
drwxr-xr-x  0 root   root        0 May  8 01:04 usr/lib/python3.12/site-packages/docutils/writers/html5_polyglot/
drwxr-xr-x  0 root   root        0 May  8 01:04 usr/lib/python3.12/site-packages/docutils/writers/latex2e/
drwxr-xr-x  0 root   root        0 May  8 01:04 usr/lib/python3.12/site-packages/docutils/writers/odf_odt/
drwxr-xr-x  0 root   root        0 May  8 01:04 usr/lib/python3.12/site-packages/docutils/writers/pep_html/
drwxr-xr-x  0 root   root        0 May  8 01:04 usr/lib/python3.12/site-packages/docutils/writers/s5_html/
drwxr-xr-x  0 root   root        0 May  8 01:04 usr/lib/python3.12/site-packages/docutils/writers/xetex/
drwxr-xr-x  0 root   root        0 May  8 01:04 usr/lib/python3.12/site-packages/docutils/writers/__pycache__/
-rw-r--r--  0 root   root     5990 May  8 01:04 usr/lib/python3.12/site-packages/docutils/writers/__pycache__/__init__.cpython-312.pyc
-rw-r--r--  0 root   root   105893 May  8 01:04 usr/lib/python3.12/site-packages/docutils/writers/__pycache__/_html_base.cpython-312.pyc
-rw-r--r--  0 root   root     9970 May  8 01:04 usr/lib/python3.12/site-packages/docutils/writers/__pycache__/docutils_xml.cpython-312.pyc
-rw-r--r--  0 root   root    62857 May  8 01:04 usr/lib/python3.12/site-packages/docutils/writers/__pycache__/manpage.cpython-312.pyc
-rw-r--r--  0 root   root      802 May  8 01:04 usr/lib/python3.12/site-packages/docutils/writers/__pycache__/null.cpython-312.pyc
-rw-r--r--  0 root   root     1388 May  8 01:04 usr/lib/python3.12/site-packages/docutils/writers/__pycache__/pseudoxml.cpython-312.pyc
-rw-r--r--  0 root   root     5736 May  8 01:04 usr/lib/python3.12/site-packages/docutils/writers/xetex/__init__.py
drwxr-xr-x  0 root   root        0 May  8 01:04 usr/lib/python3.12/site-packages/docutils/writers/xetex/__pycache__/
-rw-r--r--  0 root   root     5536 May  8 01:04 usr/lib/python3.12/site-packages/docutils/writers/xetex/__pycache__/__init__.cpython-312.pyc
-rw-r--r--  0 root   root    14712 May  8 01:04 usr/lib/python3.12/site-packages/docutils/writers/s5_html/__init__.py
drwxr-xr-x  0 root   root        0 May  8 01:04 usr/lib/python3.12/site-packages/docutils/writers/s5_html/themes/
drwxr-xr-x  0 root   root        0 May  8 01:04 usr/lib/python3.12/site-packages/docutils/writers/s5_html/__pycache__/
-rw-r--r--  0 root   root    18519 May  8 01:04 usr/lib/python3.12/site-packages/docutils/writers/s5_html/__pycache__/__init__.cpython-312.pyc
-rw-r--r--  0 root   root      278 May  8 01:04 usr/lib/python3.12/site-packages/docutils/writers/s5_html/themes/README.txt
drwxr-xr-x  0 root   root        0 May  8 01:04 usr/lib/python3.12/site-packages/docutils/writers/s5_html/themes/big-black/
drwxr-xr-x  0 root   root        0 May  8 01:04 usr/lib/python3.12/site-packages/docutils/writers/s5_html/themes/big-white/
drwxr-xr-x  0 root   root        0 May  8 01:04 usr/lib/python3.12/site-packages/docutils/writers/s5_html/themes/default/
drwxr-xr-x  0 root   root        0 May  8 01:04 usr/lib/python3.12/site-packages/docutils/writers/s5_html/themes/medium-black/
drwxr-xr-x  0 root   root        0 May  8 01:04 usr/lib/python3.12/site-packages/docutils/writers/s5_html/themes/medium-white/
drwxr-xr-x  0 root   root        0 May  8 01:04 usr/lib/python3.12/site-packages/docutils/writers/s5_html/themes/small-black/
drwxr-xr-x  0 root   root        0 May  8 01:04 usr/lib/python3.12/site-packages/docutils/writers/s5_html/themes/small-white/
-rw-r--r--  0 root   root      940 May  8 01:04 usr/lib/python3.12/site-packages/docutils/writers/s5_html/themes/small-white/framing.css
-rw-r--r--  0 root   root     3999 May  8 01:04 usr/lib/python3.12/site-packages/docutils/writers/s5_html/themes/small-white/pretty.css
-rw-r--r--  0 root   root       40 May  8 01:04 usr/lib/python3.12/site-packages/docutils/writers/s5_html/themes/small-black/__base__
-rw-r--r--  0 root   root     4028 May  8 01:04 usr/lib/python3.12/site-packages/docutils/writers/s5_html/themes/small-black/pretty.css
-rw-r--r--  0 root   root      943 May  8 01:04 usr/lib/python3.12/site-packages/docutils/writers/s5_html/themes/medium-white/framing.css
-rw-r--r--  0 root   root     3989 May  8 01:04 usr/lib/python3.12/site-packages/docutils/writers/s5_html/themes/medium-white/pretty.css
-rw-r--r--  0 root   root       41 May  8 01:04 usr/lib/python3.12/site-packages/docutils/writers/s5_html/themes/medium-black/__base__
-rw-r--r--  0 root   root     4029 May  8 01:04 usr/lib/python3.12/site-packages/docutils/writers/s5_html/themes/medium-black/pretty.css
-rw-r--r--  0 root   root     1002 May  8 01:04 usr/lib/python3.12/site-packages/docutils/writers/s5_html/themes/default/framing.css
-rw-r--r--  0 root   root      261 May  8 01:04 usr/lib/python3.12/site-packages/docutils/writers/s5_html/themes/default/opera.css
-rw-r--r--  0 root   root      648 May  8 01:04 usr/lib/python3.12/site-packages/docutils/writers/s5_html/themes/default/outline.css
-rw-r--r--  0 root   root     4383 May  8 01:04 usr/lib/python3.12/site-packages/docutils/writers/s5_html/themes/default/pretty.css
-rw-r--r--  0 root   root      818 May  8 01:04 usr/lib/python3.12/site-packages/docutils/writers/s5_html/themes/default/print.css
-rw-r--r--  0 root   root      450 May  8 01:04 usr/lib/python3.12/site-packages/docutils/writers/s5_html/themes/default/s5-core.css
-rw-r--r--  0 root   root      283 May  8 01:04 usr/lib/python3.12/site-packages/docutils/writers/s5_html/themes/default/slides.css
-rw-r--r--  0 root   root    15801 May  8 01:04 usr/lib/python3.12/site-packages/docutils/writers/s5_html/themes/default/slides.js
-rw-r--r--  0 root   root      905 May  8 01:04 usr/lib/python3.12/site-packages/docutils/writers/s5_html/themes/big-white/framing.css
-rw-r--r--  0 root   root     3565 May  8 01:04 usr/lib/python3.12/site-packages/docutils/writers/s5_html/themes/big-white/pretty.css
-rw-r--r--  0 root   root       38 May  8 01:04 usr/lib/python3.12/site-packages/docutils/writers/s5_html/themes/big-black/__base__
-rw-r--r--  0 root   root      910 May  8 01:04 usr/lib/python3.12/site-packages/docutils/writers/s5_html/themes/big-black/framing.css
-rw-r--r--  0 root   root     3605 May  8 01:04 usr/lib/python3.12/site-packages/docutils/writers/s5_html/themes/big-black/pretty.css
-rw-r--r--  0 root   root     3503 May  8 01:04 usr/lib/python3.12/site-packages/docutils/writers/pep_html/__init__.py
-rw-r--r--  0 root   root     6367 May  8 01:04 usr/lib/python3.12/site-packages/docutils/writers/pep_html/pep.css
-rw-r--r--  0 root   root     1001 May  8 01:04 usr/lib/python3.12/site-packages/docutils/writers/pep_html/template.txt
drwxr-xr-x  0 root   root        0 May  8 01:04 usr/lib/python3.12/site-packages/docutils/writers/pep_html/__pycache__/
-rw-r--r--  0 root   root     5395 May  8 01:04 usr/lib/python3.12/site-packages/docutils/writers/pep_html/__pycache__/__init__.cpython-312.pyc
-rw-r--r--  0 root   root   132081 May  8 01:04 usr/lib/python3.12/site-packages/docutils/writers/odf_odt/__init__.py
-rwxr-xr-x  0 root   root     2142 May  8 01:04 usr/lib/python3.12/site-packages/docutils/writers/odf_odt/prepstyles.py
-rw-r--r--  0 root   root     4681 May  8 01:04 usr/lib/python3.12/site-packages/docutils/writers/odf_odt/pygmentsformatter.py
-rw-r--r--  0 root   root    16500 May  8 01:04 usr/lib/python3.12/site-packages/docutils/writers/odf_odt/styles.odt
drwxr-xr-x  0 root   root        0 May  8 01:04 usr/lib/python3.12/site-packages/docutils/writers/odf_odt/__pycache__/
-rw-r--r--  0 root   root   152024 May  8 01:04 usr/lib/python3.12/site-packages/docutils/writers/odf_odt/__pycache__/__init__.cpython-312.pyc
-rw-r--r--  0 root   root     3285 May  8 01:04 usr/lib/python3.12/site-packages/docutils/writers/odf_odt/__pycache__/prepstyles.cpython-312.pyc
-rw-r--r--  0 root   root     5191 May  8 01:04 usr/lib/python3.12/site-packages/docutils/writers/odf_odt/__pycache__/pygmentsformatter.cpython-312.pyc
-rw-r--r--  0 root   root   138165 May  8 01:04 usr/lib/python3.12/site-packages/docutils/writers/latex2e/__init__.py
-rw-r--r--  0 root   root      422 May  8 01:04 usr/lib/python3.12/site-packages/docutils/writers/latex2e/default.tex
-rw-r--r--  0 root   root     5472 May  8 01:04 usr/lib/python3.12/site-packages/docutils/writers/latex2e/docutils.sty
-rw-r--r--  0 root   root      480 May  8 01:04 usr/lib/python3.12/site-packages/docutils/writers/latex2e/titlepage.tex
-rw-r--r--  0 root   root      424 May  8 01:04 usr/lib/python3.12/site-packages/docutils/writers/latex2e/titlingpage.tex
-rw-r--r--  0 root   root      672 May  8 01:04 usr/lib/python3.12/site-packages/docutils/writers/latex2e/xelatex.tex
drwxr-xr-x  0 root   root        0 May  8 01:04 usr/lib/python3.12/site-packages/docutils/writers/latex2e/__pycache__/
-rw-r--r--  0 root   root   158188 May  8 01:04 usr/lib/python3.12/site-packages/docutils/writers/latex2e/__pycache__/__init__.cpython-312.pyc
-rw-r--r--  0 root   root    15635 May  8 01:04 usr/lib/python3.12/site-packages/docutils/writers/html5_polyglot/__init__.py
-rw-r--r--  0 root   root     1145 May  8 01:04 usr/lib/python3.12/site-packages/docutils/writers/html5_polyglot/italic-field-names.css
-rw-r--r--  0 root   root     6219 May  8 01:04 usr/lib/python3.12/site-packages/docutils/writers/html5_polyglot/math.css
-rw-r--r--  0 root   root     8213 May  8 01:04 usr/lib/python3.12/site-packages/docutils/writers/html5_polyglot/minimal.css
-rw-r--r--  0 root   root     7552 May  8 01:04 usr/lib/python3.12/site-packages/docutils/writers/html5_polyglot/plain.css
-rw-r--r--  0 root   root    11739 May  8 01:04 usr/lib/python3.12/site-packages/docutils/writers/html5_polyglot/responsive.css
-rw-r--r--  0 root   root      114 May  8 01:04 usr/lib/python3.12/site-packages/docutils/writers/html5_polyglot/template.txt
-rw-r--r--  0 root   root    12023 May  8 01:04 usr/lib/python3.12/site-packages/docutils/writers/html5_polyglot/tuftig.css
drwxr-xr-x  0 root   root        0 May  8 01:04 usr/lib/python3.12/site-packages/docutils/writers/html5_polyglot/__pycache__/
-rw-r--r--  0 root   root    20301 May  8 01:04 usr/lib/python3.12/site-packages/docutils/writers/html5_polyglot/__pycache__/__init__.cpython-312.pyc
-rw-r--r--  0 root   root    38125 May  8 01:04 usr/lib/python3.12/site-packages/docutils/writers/html4css1/__init__.py
-rw-r--r--  0 root   root     7300 May  8 01:04 usr/lib/python3.12/site-packages/docutils/writers/html4css1/html4css1.css
-rw-r--r--  0 root   root      114 May  8 01:04 usr/lib/python3.12/site-packages/docutils/writers/html4css1/template.txt
drwxr-xr-x  0 root   root        0 May  8 01:04 usr/lib/python3.12/site-packages/docutils/writers/html4css1/__pycache__/
-rw-r--r--  0 root   root    53980 May  8 01:04 usr/lib/python3.12/site-packages/docutils/writers/html4css1/__pycache__/__init__.cpython-312.pyc
-rw-r--r--  0 root   root    30381 May  8 01:04 usr/lib/python3.12/site-packages/docutils/utils/__init__.py
-rw-r--r--  0 root   root     4920 May  8 01:04 usr/lib/python3.12/site-packages/docutils/utils/code_analyzer.py
-rw-r--r--  0 root   root     8105 May  8 01:04 usr/lib/python3.12/site-packages/docutils/utils/error_reporting.py
-rw-r--r--  0 root   root     5747 May  8 01:04 usr/lib/python3.12/site-packages/docutils/utils/punctuation_chars.py
-rw-r--r--  0 root   root     4280 May  8 01:04 usr/lib/python3.12/site-packages/docutils/utils/roman.py
-rwxr-xr-x  0 root   root    39136 May  8 01:04 usr/lib/python3.12/site-packages/docutils/utils/smartquotes.py
-rw-r--r--  0 root   root     6260 May  8 01:04 usr/lib/python3.12/site-packages/docutils/utils/urischemes.py
drwxr-xr-x  0 root   root        0 May  8 01:04 usr/lib/python3.12/site-packages/docutils/utils/math/
drwxr-xr-x  0 root   root        0 May  8 01:04 usr/lib/python3.12/site-packages/docutils/utils/__pycache__/
-rw-r--r--  0 root   root    35627 May  8 01:04 usr/lib/python3.12/site-packages/docutils/utils/__pycache__/__init__.cpython-312.pyc
-rw-r--r--  0 root   root     5425 May  8 01:04 usr/lib/python3.12/site-packages/docutils/utils/__pycache__/code_analyzer.cpython-312.pyc
-rw-r--r--  0 root   root     9975 May  8 01:04 usr/lib/python3.12/site-packages/docutils/utils/__pycache__/error_reporting.cpython-312.pyc
-rw-r--r--  0 root   root     3383 May  8 01:04 usr/lib/python3.12/site-packages/docutils/utils/__pycache__/punctuation_chars.cpython-312.pyc
-rw-r--r--  0 root   root     4908 May  8 01:04 usr/lib/python3.12/site-packages/docutils/utils/__pycache__/roman.cpython-312.pyc
-rw-r--r--  0 root   root    37279 May  8 01:04 usr/lib/python3.12/site-packages/docutils/utils/__pycache__/smartquotes.cpython-312.pyc
-rw-r--r--  0 root   root     7067 May  8 01:04 usr/lib/python3.12/site-packages/docutils/utils/__pycache__/urischemes.cpython-312.pyc
-rw-r--r--  0 root   root     2553 May  8 01:04 usr/lib/python3.12/site-packages/docutils/utils/math/__init__.py
-rw-r--r--  0 root   root    46961 May  8 01:04 usr/lib/python3.12/site-packages/docutils/utils/math/latex2mathml.py
-rwxr-xr-x  0 root   root   107808 May  8 01:04 usr/lib/python3.12/site-packages/docutils/utils/math/math2html.py
-rw-r--r--  0 root   root    56217 May  8 01:04 usr/lib/python3.12/site-packages/docutils/utils/math/mathalphabet2unichar.py
-rw-r--r--  0 root   root    14564 May  8 01:04 usr/lib/python3.12/site-packages/docutils/utils/math/mathml_elements.py
-rw-r--r--  0 root   root     9436 May  8 01:04 usr/lib/python3.12/site-packages/docutils/utils/math/tex2mathml_extern.py
-rw-r--r--  0 root   root    37497 May  8 01:04 usr/lib/python3.12/site-packages/docutils/utils/math/tex2unichar.py
-rw-r--r--  0 root   root    18393 May  8 01:04 usr/lib/python3.12/site-packages/docutils/utils/math/unichar2tex.py
drwxr-xr-x  0 root   root        0 May  8 01:04 usr/lib/python3.12/site-packages/docutils/utils/math/__pycache__/
-rw-r--r--  0 root   root     2884 May  8 01:04 usr/lib/python3.12/site-packages/docutils/utils/math/__pycache__/__init__.cpython-312.pyc
-rw-r--r--  0 root   root    31129 May  8 01:04 usr/lib/python3.12/site-packages/docutils/utils/math/__pycache__/latex2mathml.cpython-312.pyc
-rw-r--r--  0 root   root   162145 May  8 01:04 usr/lib/python3.12/site-packages/docutils/utils/math/__pycache__/math2html.cpython-312.pyc
-rw-r--r--  0 root   root    26144 May  8 01:04 usr/lib/python3.12/site-packages/docutils/utils/math/__pycache__/mathalphabet2unichar.cpython-312.pyc
-rw-r--r--  0 root   root    19201 May  8 01:04 usr/lib/python3.12/site-packages/docutils/utils/math/__pycache__/mathml_elements.cpython-312.pyc
-rw-r--r--  0 root   root     9838 May  8 01:04 usr/lib/python3.12/site-packages/docutils/utils/math/__pycache__/tex2mathml_extern.cpython-312.pyc
-rw-r--r--  0 root   root    25900 May  8 01:04 usr/lib/python3.12/site-packages/docutils/utils/math/__pycache__/tex2unichar.cpython-312.pyc
-rw-r--r--  0 root   root    32552 May  8 01:04 usr/lib/python3.12/site-packages/docutils/utils/math/__pycache__/unichar2tex.cpython-312.pyc
-rw-r--r--  0 root   root     6968 May  8 01:04 usr/lib/python3.12/site-packages/docutils/transforms/__init__.py
-rw-r--r--  0 root   root     2151 May  8 01:04 usr/lib/python3.12/site-packages/docutils/transforms/components.py
-rw-r--r--  0 root   root    20809 May  8 01:04 usr/lib/python3.12/site-packages/docutils/transforms/frontmatter.py
-rw-r--r--  0 root   root     4873 May  8 01:04 usr/lib/python3.12/site-packages/docutils/transforms/misc.py
-rw-r--r--  0 root   root     6912 May  8 01:04 usr/lib/python3.12/site-packages/docutils/transforms/parts.py
-rw-r--r--  0 root   root    11111 May  8 01:04 usr/lib/python3.12/site-packages/docutils/transforms/peps.py
-rw-r--r--  0 root   root    36821 May  8 01:04 usr/lib/python3.12/site-packages/docutils/transforms/references.py
-rw-r--r--  0 root   root    12381 May  8 01:04 usr/lib/python3.12/site-packages/docutils/transforms/universal.py
-rw-r--r--  0 root   root     3057 May  8 01:04 usr/lib/python3.12/site-packages/docutils/transforms/writer_aux.py
drwxr-xr-x  0 root   root        0 May  8 01:04 usr/lib/python3.12/site-packages/docutils/transforms/__pycache__/
-rw-r--r--  0 root   root     7714 May  8 01:04 usr/lib/python3.12/site-packages/docutils/transforms/__pycache__/__init__.cpython-312.pyc
-rw-r--r--  0 root   root     2584 May  8 01:04 usr/lib/python3.12/site-packages/docutils/transforms/__pycache__/components.cpython-312.pyc
-rw-r--r--  0 root   root    23301 May  8 01:04 usr/lib/python3.12/site-packages/docutils/transforms/__pycache__/frontmatter.cpython-312.pyc
-rw-r--r--  0 root   root     6390 May  8 01:04 usr/lib/python3.12/site-packages/docutils/transforms/__pycache__/misc.cpython-312.pyc
-rw-r--r--  0 root   root     9901 May  8 01:04 usr/lib/python3.12/site-packages/docutils/transforms/__pycache__/parts.cpython-312.pyc
-rw-r--r--  0 root   root    15527 May  8 01:04 usr/lib/python3.12/site-packages/docutils/transforms/__pycache__/peps.cpython-312.pyc
-rw-r--r--  0 root   root    42001 May  8 01:04 usr/lib/python3.12/site-packages/docutils/transforms/__pycache__/references.cpython-312.pyc
-rw-r--r--  0 root   root    15711 May  8 01:04 usr/lib/python3.12/site-packages/docutils/transforms/__pycache__/universal.cpython-312.pyc
-rw-r--r--  0 root   root     4107 May  8 01:04 usr/lib/python3.12/site-packages/docutils/transforms/__pycache__/writer_aux.cpython-312.pyc
-rw-r--r--  0 root   root     3520 May  8 01:04 usr/lib/python3.12/site-packages/docutils/readers/__init__.py
-rw-r--r--  0 root   root     1607 May  8 01:04 usr/lib/python3.12/site-packages/docutils/readers/doctree.py
-rw-r--r--  0 root   root     1523 May  8 01:04 usr/lib/python3.12/site-packages/docutils/readers/pep.py
-rw-r--r--  0 root   root     2334 May  8 01:04 usr/lib/python3.12/site-packages/docutils/readers/standalone.py
drwxr-xr-x  0 root   root        0 May  8 01:04 usr/lib/python3.12/site-packages/docutils/readers/__pycache__/
-rw-r--r--  0 root   root     4732 May  8 01:04 usr/lib/python3.12/site-packages/docutils/readers/__pycache__/__init__.cpython-312.pyc
-rw-r--r--  0 root   root     1987 May  8 01:04 usr/lib/python3.12/site-packages/docutils/readers/__pycache__/doctree.cpython-312.pyc
-rw-r--r--  0 root   root     2319 May  8 01:04 usr/lib/python3.12/site-packages/docutils/readers/__pycache__/pep.cpython-312.pyc
-rw-r--r--  0 root   root     2698 May  8 01:04 usr/lib/python3.12/site-packages/docutils/readers/__pycache__/standalone.cpython-312.pyc
-rw-r--r--  0 root   root     3724 May  8 01:04 usr/lib/python3.12/site-packages/docutils/parsers/__init__.py
-rw-r--r--  0 root   root     1762 May  8 01:04 usr/lib/python3.12/site-packages/docutils/parsers/commonmark_wrapper.py
-rw-r--r--  0 root   root      445 May  8 01:04 usr/lib/python3.12/site-packages/docutils/parsers/null.py
-rw-r--r--  0 root   root     5426 May  8 01:04 usr/lib/python3.12/site-packages/docutils/parsers/recommonmark_wrapper.py
drwxr-xr-x  0 root   root        0 May  8 01:04 usr/lib/python3.12/site-packages/docutils/parsers/rst/
drwxr-xr-x  0 root   root        0 May  8 01:04 usr/lib/python3.12/site-packages/docutils/parsers/__pycache__/
-rw-r--r--  0 root   root     3883 May  8 01:04 usr/lib/python3.12/site-packages/docutils/parsers/__pycache__/__init__.cpython-312.pyc
-rw-r--r--  0 root   root     1439 May  8 01:04 usr/lib/python3.12/site-packages/docutils/parsers/__pycache__/commonmark_wrapper.cpython-312.pyc
-rw-r--r--  0 root   root      728 May  8 01:04 usr/lib/python3.12/site-packages/docutils/parsers/__pycache__/null.cpython-312.pyc
-rw-r--r--  0 root   root     6359 May  8 01:04 usr/lib/python3.12/site-packages/docutils/parsers/__pycache__/recommonmark_wrapper.cpython-312.pyc
-rw-r--r--  0 root   root    15954 May  8 01:04 usr/lib/python3.12/site-packages/docutils/parsers/rst/__init__.py
-rw-r--r--  0 root   root    16119 May  8 01:04 usr/lib/python3.12/site-packages/docutils/parsers/rst/roles.py
-rw-r--r--  0 root   root   133123 May  8 01:04 usr/lib/python3.12/site-packages/docutils/parsers/rst/states.py
-rw-r--r--  0 root   root    20912 May  8 01:04 usr/lib/python3.12/site-packages/docutils/parsers/rst/tableparser.py
drwxr-xr-x  0 root   root        0 May  8 01:04 usr/lib/python3.12/site-packages/docutils/parsers/rst/directives/
drwxr-xr-x  0 root   root        0 May  8 01:04 usr/lib/python3.12/site-packages/docutils/parsers/rst/include/
drwxr-xr-x  0 root   root        0 May  8 01:04 usr/lib/python3.12/site-packages/docutils/parsers/rst/languages/
drwxr-xr-x  0 root   root        0 May  8 01:04 usr/lib/python3.12/site-packages/docutils/parsers/rst/__pycache__/
-rw-r--r--  0 root   root    17860 May  8 01:04 usr/lib/python3.12/site-packages/docutils/parsers/rst/__pycache__/__init__.cpython-312.pyc
-rw-r--r--  0 root   root    17110 May  8 01:04 usr/lib/python3.12/site-packages/docutils/parsers/rst/__pycache__/roles.cpython-312.pyc
-rw-r--r--  0 root   root   154677 May  8 01:04 usr/lib/python3.12/site-packages/docutils/parsers/rst/__pycache__/states.cpython-312.pyc
-rw-r--r--  0 root   root    24506 May  8 01:04 usr/lib/python3.12/site-packages/docutils/parsers/rst/__pycache__/tableparser.cpython-312.pyc
-rw-r--r--  0 root   root     1222 May  8 01:04 usr/lib/python3.12/site-packages/docutils/parsers/rst/languages/__init__.py
-rw-r--r--  0 root   root     3760 May  8 01:04 usr/lib/python3.12/site-packages/docutils/parsers/rst/languages/af.py
-rw-r--r--  0 root   root     3051 May  8 01:04 usr/lib/python3.12/site-packages/docutils/parsers/rst/languages/ar.py
-rw-r--r--  0 root   root     4318 May  8 01:04 usr/lib/python3.12/site-packages/docutils/parsers/rst/languages/ca.py
-rw-r--r--  0 root   root     4760 May  8 01:04 usr/lib/python3.12/site-packages/docutils/parsers/rst/languages/cs.py
-rw-r--r--  0 root   root     3752 May  8 01:04 usr/lib/python3.12/site-packages/docutils/parsers/rst/languages/da.py
-rw-r--r--  0 root   root     3564 May  8 01:04 usr/lib/python3.12/site-packages/docutils/parsers/rst/languages/de.py
-rw-r--r--  0 root   root     3516 May  8 01:04 usr/lib/python3.12/site-packages/docutils/parsers/rst/languages/en.py
-rw-r--r--  0 root   root     3751 May  8 01:04 usr/lib/python3.12/site-packages/docutils/parsers/rst/languages/eo.py
-rw-r--r--  0 root   root     4034 May  8 01:04 usr/lib/python3.12/site-packages/docutils/parsers/rst/languages/es.py
-rw-r--r--  0 root   root     3171 May  8 01:04 usr/lib/python3.12/site-packages/docutils/parsers/rst/languages/fa.py
-rw-r--r--  0 root   root     3536 May  8 01:04 usr/lib/python3.12/site-packages/docutils/parsers/rst/languages/fi.py
-rw-r--r--  0 root   root     3816 May  8 01:04 usr/lib/python3.12/site-packages/docutils/parsers/rst/languages/fr.py
-rw-r--r--  0 root   root     3389 May  8 01:04 usr/lib/python3.12/site-packages/docutils/parsers/rst/languages/gl.py
-rw-r--r--  0 root   root     3293 May  8 01:04 usr/lib/python3.12/site-packages/docutils/parsers/rst/languages/he.py
-rw-r--r--  0 root   root     3353 May  8 01:04 usr/lib/python3.12/site-packages/docutils/parsers/rst/languages/it.py
-rw-r--r--  0 root   root     3776 May  8 01:04 usr/lib/python3.12/site-packages/docutils/parsers/rst/languages/ja.py
-rw-r--r--  0 root   root     4141 May  8 01:04 usr/lib/python3.12/site-packages/docutils/parsers/rst/languages/ka.py
-rw-r--r--  0 root   root     3377 May  8 01:04 usr/lib/python3.12/site-packages/docutils/parsers/rst/languages/ko.py
-rw-r--r--  0 root   root     3519 May  8 01:04 usr/lib/python3.12/site-packages/docutils/parsers/rst/languages/lt.py
-rw-r--r--  0 root   root     3376 May  8 01:04 usr/lib/python3.12/site-packages/docutils/parsers/rst/languages/lv.py
-rw-r--r--  0 root   root     3794 May  8 01:04 usr/lib/python3.12/site-packages/docutils/parsers/rst/languages/nl.py
-rw-r--r--  0 root   root     3240 May  8 01:04 usr/lib/python3.12/site-packages/docutils/parsers/rst/languages/pl.py
-rw-r--r--  0 root   root     3870 May  8 01:04 usr/lib/python3.12/site-packages/docutils/parsers/rst/languages/pt_br.py
-rw-r--r--  0 root   root     3398 May  8 01:04 usr/lib/python3.12/site-packages/docutils/parsers/rst/languages/ru.py
-rw-r--r--  0 root   root     3943 May  8 01:04 usr/lib/python3.12/site-packages/docutils/parsers/rst/languages/sk.py
-rw-r--r--  0 root   root     3261 May  8 01:04 usr/lib/python3.12/site-packages/docutils/parsers/rst/languages/sv.py
-rw-r--r--  0 root   root     3441 May  8 01:04 usr/lib/python3.12/site-packages/docutils/parsers/rst/languages/uk.py
-rw-r--r--  0 root   root     3925 May  8 01:04 usr/lib/python3.12/site-packages/docutils/parsers/rst/languages/zh_cn.py
-rw-r--r--  0 root   root     5160 May  8 01:04 usr/lib/python3.12/site-packages/docutils/parsers/rst/languages/zh_tw.py
drwxr-xr-x  0 root   root        0 May  8 01:04 usr/lib/python3.12/site-packages/docutils/parsers/rst/languages/__pycache__/
-rw-r--r--  0 root   root     1506 May  8 01:04 usr/lib/python3.12/site-packages/docutils/parsers/rst/languages/__pycache__/__init__.cpython-312.pyc
-rw-r--r--  0 root   root     3227 May  8 01:04 usr/lib/python3.12/site-packages/docutils/parsers/rst/languages/__pycache__/af.cpython-312.pyc
-rw-r--r--  0 root   root     3101 May  8 01:04 usr/lib/python3.12/site-packages/docutils/parsers/rst/languages/__pycache__/ar.cpython-312.pyc
-rw-r--r--  0 root   root     3999 May  8 01:04 usr/lib/python3.12/site-packages/docutils/parsers/rst/languages/__pycache__/ca.cpython-312.pyc
-rw-r--r--  0 root   root     4258 May  8 01:04 usr/lib/python3.12/site-packages/docutils/parsers/rst/languages/__pycache__/cs.cpython-312.pyc
-rw-r--r--  0 root   root     3256 May  8 01:04 usr/lib/python3.12/site-packages/docutils/parsers/rst/languages/__pycache__/da.cpython-312.pyc
-rw-r--r--  0 root   root     3149 May  8 01:04 usr/lib/python3.12/site-packages/docutils/parsers/rst/languages/__pycache__/de.cpython-312.pyc
-rw-r--r--  0 root   root     2385 May  8 01:04 usr/lib/python3.12/site-packages/docutils/parsers/rst/languages/__pycache__/en.cpython-312.pyc
-rw-r--r--  0 root   root     3644 May  8 01:04 usr/lib/python3.12/site-packages/docutils/parsers/rst/languages/__pycache__/eo.cpython-312.pyc
-rw-r--r--  0 root   root     3864 May  8 01:04 usr/lib/python3.12/site-packages/docutils/parsers/rst/languages/__pycache__/es.cpython-312.pyc
-rw-r--r--  0 root   root     3200 May  8 01:04 usr/lib/python3.12/site-packages/docutils/parsers/rst/languages/__pycache__/fa.cpython-312.pyc
-rw-r--r--  0 root   root     3201 May  8 01:04 usr/lib/python3.12/site-packages/docutils/parsers/rst/languages/__pycache__/fi.cpython-312.pyc
-rw-r--r--  0 root   root     3066 May  8 01:04 usr/lib/python3.12/site-packages/docutils/parsers/rst/languages/__pycache__/fr.cpython-312.pyc
-rw-r--r--  0 root   root     3065 May  8 01:04 usr/lib/python3.12/site-packages/docutils/parsers/rst/languages/__pycache__/gl.cpython-312.pyc
-rw-r--r--  0 root   root     2559 May  8 01:04 usr/lib/python3.12/site-packages/docutils/parsers/rst/languages/__pycache__/he.cpython-312.pyc
-rw-r--r--  0 root   root     2993 May  8 01:04 usr/lib/python3.12/site-packages/docutils/parsers/rst/languages/__pycache__/it.cpython-312.pyc
-rw-r--r--  0 root   root     3591 May  8 01:04 usr/lib/python3.12/site-packages/docutils/parsers/rst/languages/__pycache__/ja.cpython-312.pyc
-rw-r--r--  0 root   root     4319 May  8 01:04 usr/lib/python3.12/site-packages/docutils/parsers/rst/languages/__pycache__/ka.cpython-312.pyc
-rw-r--r--  0 root   root     3171 May  8 01:04 usr/lib/python3.12/site-packages/docutils/parsers/rst/languages/__pycache__/ko.cpython-312.pyc
-rw-r--r--  0 root   root     3181 May  8 01:04 usr/lib/python3.12/site-packages/docutils/parsers/rst/languages/__pycache__/lt.cpython-312.pyc
-rw-r--r--  0 root   root     3136 May  8 01:04 usr/lib/python3.12/site-packages/docutils/parsers/rst/languages/__pycache__/lv.cpython-312.pyc
-rw-r--r--  0 root   root     3372 May  8 01:04 usr/lib/python3.12/site-packages/docutils/parsers/rst/languages/__pycache__/nl.cpython-312.pyc
-rw-r--r--  0 root   root     2952 May  8 01:04 usr/lib/python3.12/site-packages/docutils/parsers/rst/languages/__pycache__/pl.cpython-312.pyc
-rw-r--r--  0 root   root     3380 May  8 01:04 usr/lib/python3.12/site-packages/docutils/parsers/rst/languages/__pycache__/pt_br.cpython-312.pyc
-rw-r--r--  0 root   root     3616 May  8 01:04 usr/lib/python3.12/site-packages/docutils/parsers/rst/languages/__pycache__/ru.cpython-312.pyc
-rw-r--r--  0 root   root     3628 May  8 01:04 usr/lib/python3.12/site-packages/docutils/parsers/rst/languages/__pycache__/sk.cpython-312.pyc
-rw-r--r--  0 root   root     2763 May  8 01:04 usr/lib/python3.12/site-packages/docutils/parsers/rst/languages/__pycache__/sv.cpython-312.pyc
-rw-r--r--  0 root   root     3714 May  8 01:04 usr/lib/python3.12/site-packages/docutils/parsers/rst/languages/__pycache__/uk.cpython-312.pyc
-rw-r--r--  0 root   root     3542 May  8 01:04 usr/lib/python3.12/site-packages/docutils/parsers/rst/languages/__pycache__/zh_cn.cpython-312.pyc
-rw-r--r--  0 root   root     4528 May  8 01:04 usr/lib/python3.12/site-packages/docutils/parsers/rst/languages/__pycache__/zh_tw.cpython-312.pyc
-rw-r--r--  0 root   root      670 May  8 01:04 usr/lib/python3.12/site-packages/docutils/parsers/rst/include/README.txt
-rw-r--r--  0 root   root    10925 May  8 01:04 usr/lib/python3.12/site-packages/docutils/parsers/rst/include/isoamsa.txt
-rw-r--r--  0 root   root     7242 May  8 01:04 usr/lib/python3.12/site-packages/docutils/parsers/rst/include/isoamsb.txt
-rw-r--r--  0 root   root     1723 May  8 01:04 usr/lib/python3.12/site-packages/docutils/parsers/rst/include/isoamsc.txt
-rw-r--r--  0 root   root     6721 May  8 01:04 usr/lib/python3.12/site-packages/docutils/parsers/rst/include/isoamsn.txt
-rw-r--r--  0 root   root     3825 May  8 01:04 usr/lib/python3.12/site-packages/docutils/parsers/rst/include/isoamso.txt
-rw-r--r--  0 root   root    11763 May  8 01:04 usr/lib/python3.12/site-packages/docutils/parsers/rst/include/isoamsr.txt
-rw-r--r--  0 root   root     3101 May  8 01:04 usr/lib/python3.12/site-packages/docutils/parsers/rst/include/isobox.txt
-rw-r--r--  0 root   root     4241 May  8 01:04 usr/lib/python3.12/site-packages/docutils/parsers/rst/include/isocyr1.txt
-rw-r--r--  0 root   root     1882 May  8 01:04 usr/lib/python3.12/site-packages/docutils/parsers/rst/include/isocyr2.txt
-rw-r--r--  0 root   root      869 May  8 01:04 usr/lib/python3.12/site-packages/docutils/parsers/rst/include/isodia.txt
-rw-r--r--  0 root   root     3010 May  8 01:04 usr/lib/python3.12/site-packages/docutils/parsers/rst/include/isogrk1.txt
-rw-r--r--  0 root   root     1705 May  8 01:04 usr/lib/python3.12/site-packages/docutils/parsers/rst/include/isogrk2.txt
-rw-r--r--  0 root   root     2880 May  8 01:04 usr/lib/python3.12/site-packages/docutils/parsers/rst/include/isogrk3.txt
-rw-r--r--  0 root   root     3035 May  8 01:04 usr/lib/python3.12/site-packages/docutils/parsers/rst/include/isogrk4-wide.txt
-rw-r--r--  0 root   root      372 May  8 01:04 usr/lib/python3.12/site-packages/docutils/parsers/rst/include/isogrk4.txt
-rw-r--r--  0 root   root     4397 May  8 01:04 usr/lib/python3.12/site-packages/docutils/parsers/rst/include/isolat1.txt
-rw-r--r--  0 root   root     8466 May  8 01:04 usr/lib/python3.12/site-packages/docutils/parsers/rst/include/isolat2.txt
-rw-r--r--  0 root   root     3334 May  8 01:04 usr/lib/python3.12/site-packages/docutils/parsers/rst/include/isomfrk-wide.txt
-rw-r--r--  0 root   root      519 May  8 01:04 usr/lib/python3.12/site-packages/docutils/parsers/rst/include/isomfrk.txt
-rw-r--r--  0 root   root     1931 May  8 01:04 usr/lib/python3.12/site-packages/docutils/parsers/rst/include/isomopf-wide.txt
-rw-r--r--  0 root   root      639 May  8 01:04 usr/lib/python3.12/site-packages/docutils/parsers/rst/include/isomopf.txt
-rw-r--r--  0 root   root     3231 May  8 01:04 usr/lib/python3.12/site-packages/docutils/parsers/rst/include/isomscr-wide.txt
-rw-r--r--  0 root   root      776 May  8 01:04 usr/lib/python3.12/site-packages/docutils/parsers/rst/include/isomscr.txt
-rw-r--r--  0 root   root     4066 May  8 01:04 usr/lib/python3.12/site-packages/docutils/parsers/rst/include/isonum.txt
-rw-r--r--  0 root   root     4613 May  8 01:04 usr/lib/python3.12/site-packages/docutils/parsers/rst/include/isopub.txt
-rw-r--r--  0 root   root     9726 May  8 01:04 usr/lib/python3.12/site-packages/docutils/parsers/rst/include/isotech.txt
-rw-r--r--  0 root   root    45428 May  8 01:04 usr/lib/python3.12/site-packages/docutils/parsers/rst/include/mmlalias.txt
-rw-r--r--  0 root   root     9010 May  8 01:04 usr/lib/python3.12/site-packages/docutils/parsers/rst/include/mmlextra-wide.txt
-rw-r--r--  0 root   root     6800 May  8 01:04 usr/lib/python3.12/site-packages/docutils/parsers/rst/include/mmlextra.txt
-rw-r--r--  0 root   root     1036 May  8 01:04 usr/lib/python3.12/site-packages/docutils/parsers/rst/include/s5defs.txt
-rw-r--r--  0 root   root     6112 May  8 01:04 usr/lib/python3.12/site-packages/docutils/parsers/rst/include/xhtml1-lat1.txt
-rw-r--r--  0 root   root     1945 May  8 01:04 usr/lib/python3.12/site-packages/docutils/parsers/rst/include/xhtml1-special.txt
-rw-r--r--  0 root   root     7028 May  8 01:04 usr/lib/python3.12/site-packages/docutils/parsers/rst/include/xhtml1-symbol.txt
-rw-r--r--  0 root   root    14812 May  8 01:04 usr/lib/python3.12/site-packages/docutils/parsers/rst/directives/__init__.py
-rw-r--r--  0 root   root     2526 May  8 01:04 usr/lib/python3.12/site-packages/docutils/parsers/rst/directives/admonitions.py
-rw-r--r--  0 root   root     9939 May  8 01:04 usr/lib/python3.12/site-packages/docutils/parsers/rst/directives/body.py
-rw-r--r--  0 root   root      695 May  8 01:04 usr/lib/python3.12/site-packages/docutils/parsers/rst/directives/html.py
-rw-r--r--  0 root   root     7265 May  8 01:04 usr/lib/python3.12/site-packages/docutils/parsers/rst/directives/images.py
-rw-r--r--  0 root   root    26700 May  8 01:04 usr/lib/python3.12/site-packages/docutils/parsers/rst/directives/misc.py
-rw-r--r--  0 root   root     4247 May  8 01:04 usr/lib/python3.12/site-packages/docutils/parsers/rst/directives/parts.py
-rw-r--r--  0 root   root      831 May  8 01:04 usr/lib/python3.12/site-packages/docutils/parsers/rst/directives/references.py
-rw-r--r--  0 root   root    23470 May  8 01:04 usr/lib/python3.12/site-packages/docutils/parsers/rst/directives/tables.py
drwxr-xr-x  0 root   root        0 May  8 01:04 usr/lib/python3.12/site-packages/docutils/parsers/rst/directives/__pycache__/
-rw-r--r--  0 root   root    17890 May  8 01:04 usr/lib/python3.12/site-packages/docutils/parsers/rst/directives/__pycache__/__init__.cpython-312.pyc
-rw-r--r--  0 root   root     4558 May  8 01:04 usr/lib/python3.12/site-packages/docutils/parsers/rst/directives/__pycache__/admonitions.cpython-312.pyc
-rw-r--r--  0 root   root    15018 May  8 01:04 usr/lib/python3.12/site-packages/docutils/parsers/rst/directives/__pycache__/body.cpython-312.pyc
-rw-r--r--  0 root   root      766 May  8 01:04 usr/lib/python3.12/site-packages/docutils/parsers/rst/directives/__pycache__/html.cpython-312.pyc
-rw-r--r--  0 root   root     9222 May  8 01:04 usr/lib/python3.12/site-packages/docutils/parsers/rst/directives/__pycache__/images.cpython-312.pyc
-rw-r--r--  0 root   root    32126 May  8 01:04 usr/lib/python3.12/site-packages/docutils/parsers/rst/directives/__pycache__/misc.cpython-312.pyc
-rw-r--r--  0 root   root     6458 May  8 01:04 usr/lib/python3.12/site-packages/docutils/parsers/rst/directives/__pycache__/parts.cpython-312.pyc
-rw-r--r--  0 root   root     1402 May  8 01:04 usr/lib/python3.12/site-packages/docutils/parsers/rst/directives/__pycache__/references.cpython-312.pyc
-rw-r--r--  0 root   root    28488 May  8 01:04 usr/lib/python3.12/site-packages/docutils/parsers/rst/directives/__pycache__/tables.cpython-312.pyc
-rw-r--r--  0 root   root     2921 May  8 01:04 usr/lib/python3.12/site-packages/docutils/languages/__init__.py
-rw-r--r--  0 root   root     1831 May  8 01:04 usr/lib/python3.12/site-packages/docutils/languages/af.py
-rw-r--r--  0 root   root     1943 May  8 01:04 usr/lib/python3.12/site-packages/docutils/languages/ar.py
-rw-r--r--  0 root   root     2085 May  8 01:04 usr/lib/python3.12/site-packages/docutils/languages/ca.py
-rw-r--r--  0 root   root     1832 May  8 01:04 usr/lib/python3.12/site-packages/docutils/languages/cs.py
-rw-r--r--  0 root   root     1856 May  8 01:04 usr/lib/python3.12/site-packages/docutils/languages/da.py
-rw-r--r--  0 root   root     1728 May  8 01:04 usr/lib/python3.12/site-packages/docutils/languages/de.py
-rw-r--r--  0 root   root     1854 May  8 01:04 usr/lib/python3.12/site-packages/docutils/languages/en.py
-rw-r--r--  0 root   root     1895 May  8 01:04 usr/lib/python3.12/site-packages/docutils/languages/eo.py
-rw-r--r--  0 root   root     1854 May  8 01:04 usr/lib/python3.12/site-packages/docutils/languages/es.py
-rw-r--r--  0 root   root     1958 May  8 01:04 usr/lib/python3.12/site-packages/docutils/languages/fa.py
-rw-r--r--  0 root   root     1892 May  8 01:04 usr/lib/python3.12/site-packages/docutils/languages/fi.py
-rw-r--r--  0 root   root     1799 May  8 01:04 usr/lib/python3.12/site-packages/docutils/languages/fr.py
-rw-r--r--  0 root   root     1958 May  8 01:04 usr/lib/python3.12/site-packages/docutils/languages/gl.py
-rw-r--r--  0 root   root     1878 May  8 01:04 usr/lib/python3.12/site-packages/docutils/languages/he.py
-rw-r--r--  0 root   root     1814 May  8 01:04 usr/lib/python3.12/site-packages/docutils/languages/it.py
-rw-r--r--  0 root   root     1890 May  8 01:04 usr/lib/python3.12/site-packages/docutils/languages/ja.py
-rw-r--r--  0 root   root     2429 May  8 01:04 usr/lib/python3.12/site-packages/docutils/languages/ka.py
-rw-r--r--  0 root   root     1832 May  8 01:04 usr/lib/python3.12/site-packages/docutils/languages/ko.py
-rw-r--r--  0 root   root     1919 May  8 01:04 usr/lib/python3.12/site-packages/docutils/languages/lt.py
-rw-r--r--  0 root   root     1851 May  8 01:04 usr/lib/python3.12/site-packages/docutils/languages/lv.py
-rw-r--r--  0 root   root     1871 May  8 01:04 usr/lib/python3.12/site-packages/docutils/languages/nl.py
-rw-r--r--  0 root   root     1830 May  8 01:04 usr/lib/python3.12/site-packages/docutils/languages/pl.py
-rw-r--r--  0 root   root     1865 May  8 01:04 usr/lib/python3.12/site-packages/docutils/languages/pt_br.py
-rw-r--r--  0 root   root     2070 May  8 01:04 usr/lib/python3.12/site-packages/docutils/languages/ru.py
-rw-r--r--  0 root   root     1788 May  8 01:04 usr/lib/python3.12/site-packages/docutils/languages/sk.py
-rw-r--r--  0 root   root     1908 May  8 01:04 usr/lib/python3.12/site-packages/docutils/languages/sv.py
-rw-r--r--  0 root   root     2062 May  8 01:04 usr/lib/python3.12/site-packages/docutils/languages/uk.py
-rw-r--r--  0 root   root     1852 May  8 01:04 usr/lib/python3.12/site-packages/docutils/languages/zh_cn.py
-rw-r--r--  0 root   root     2112 May  8 01:04 usr/lib/python3.12/site-packages/docutils/languages/zh_tw.py
drwxr-xr-x  0 root   root        0 May  8 01:04 usr/lib/python3.12/site-packages/docutils/languages/__pycache__/
-rw-r--r--  0 root   root     3416 May  8 01:04 usr/lib/python3.12/site-packages/docutils/languages/__pycache__/__init__.cpython-312.pyc
-rw-r--r--  0 root   root     1345 May  8 01:04 usr/lib/python3.12/site-packages/docutils/languages/__pycache__/af.cpython-312.pyc
-rw-r--r--  0 root   root     1472 May  8 01:04 usr/lib/python3.12/site-packages/docutils/languages/__pycache__/ar.cpython-312.pyc
-rw-r--r--  0 root   root     1389 May  8 01:04 usr/lib/python3.12/site-packages/docutils/languages/__pycache__/ca.cpython-312.pyc
-rw-r--r--  0 root   root     1368 May  8 01:04 usr/lib/python3.12/site-packages/docutils/languages/__pycache__/cs.cpython-312.pyc
-rw-r--r--  0 root   root     1369 May  8 01:04 usr/lib/python3.12/site-packages/docutils/languages/__pycache__/da.cpython-312.pyc
-rw-r--r--  0 root   root     1349 May  8 01:04 usr/lib/python3.12/site-packages/docutils/languages/__pycache__/de.cpython-312.pyc
-rw-r--r--  0 root   root     1301 May  8 01:04 usr/lib/python3.12/site-packages/docutils/languages/__pycache__/en.cpython-312.pyc
-rw-r--r--  0 root   root     1361 May  8 01:04 usr/lib/python3.12/site-packages/docutils/languages/__pycache__/eo.cpython-312.pyc
-rw-r--r--  0 root   root     1422 May  8 01:04 usr/lib/python3.12/site-packages/docutils/languages/__pycache__/es.cpython-312.pyc
-rw-r--r--  0 root   root     1456 May  8 01:04 usr/lib/python3.12/site-packages/docutils/languages/__pycache__/fa.cpython-312.pyc
-rw-r--r--  0 root   root     1440 May  8 01:04 usr/lib/python3.12/site-packages/docutils/languages/__pycache__/fi.cpython-312.pyc
-rw-r--r--  0 root   root     1370 May  8 01:04 usr/lib/python3.12/site-packages/docutils/languages/__pycache__/fr.cpython-312.pyc
-rw-r--r--  0 root   root     1414 May  8 01:04 usr/lib/python3.12/site-packages/docutils/languages/__pycache__/gl.cpython-312.pyc
-rw-r--r--  0 root   root     1438 May  8 01:04 usr/lib/python3.12/site-packages/docutils/languages/__pycache__/he.cpython-312.pyc
-rw-r--r--  0 root   root     1372 May  8 01:04 usr/lib/python3.12/site-packages/docutils/languages/__pycache__/it.cpython-312.pyc
-rw-r--r--  0 root   root     1379 May  8 01:04 usr/lib/python3.12/site-packages/docutils/languages/__pycache__/ja.cpython-312.pyc
-rw-r--r--  0 root   root     1806 May  8 01:04 usr/lib/python3.12/site-packages/docutils/languages/__pycache__/ka.cpython-312.pyc
-rw-r--r--  0 root   root     1360 May  8 01:04 usr/lib/python3.12/site-packages/docutils/languages/__pycache__/ko.cpython-312.pyc
-rw-r--r--  0 root   root     1430 May  8 01:04 usr/lib/python3.12/site-packages/docutils/languages/__pycache__/lt.cpython-312.pyc
-rw-r--r--  0 root   root     1437 May  8 01:04 usr/lib/python3.12/site-packages/docutils/languages/__pycache__/lv.cpython-312.pyc
-rw-r--r--  0 root   root     1347 May  8 01:04 usr/lib/python3.12/site-packages/docutils/languages/__pycache__/nl.cpython-312.pyc
-rw-r--r--  0 root   root     1385 May  8 01:04 usr/lib/python3.12/site-packages/docutils/languages/__pycache__/pl.cpython-312.pyc
-rw-r--r--  0 root   root     1400 May  8 01:04 usr/lib/python3.12/site-packages/docutils/languages/__pycache__/pt_br.cpython-312.pyc
-rw-r--r--  0 root   root     1773 May  8 01:04 usr/lib/python3.12/site-packages/docutils/languages/__pycache__/ru.cpython-312.pyc
-rw-r--r--  0 root   root     1380 May  8 01:04 usr/lib/python3.12/site-packages/docutils/languages/__pycache__/sk.cpython-312.pyc
-rw-r--r--  0 root   root     1350 May  8 01:04 usr/lib/python3.12/site-packages/docutils/languages/__pycache__/sv.cpython-312.pyc
-rw-r--r--  0 root   root     1760 May  8 01:04 usr/lib/python3.12/site-packages/docutils/languages/__pycache__/uk.cpython-312.pyc
-rw-r--r--  0 root   root     1387 May  8 01:04 usr/lib/python3.12/site-packages/docutils/languages/__pycache__/zh_cn.cpython-312.pyc
-rw-r--r--  0 root   root     1713 May  8 01:04 usr/lib/python3.12/site-packages/docutils/languages/__pycache__/zh_tw.cpython-312.pyc
=======> Building '/home/devel/packages/python3-docutils#0.21.1-1.x86_64.pkg.tar.zst' succeeded.
prt-get: Using PKGMK_PACKAGE_DIR: /home/devel/packages
prt-get: reinstalling python3-docutils 0.21.1-1
prt-get: /usr/bin/pkgadd -u python3-docutils#0.21.1-1.x86_64.pkg.tar.zst
prt-get: build done Wed May  8 01:04:58 2024

