prt-get: updating /usr/ports/wayland-x86_64/python3-jinja2
prt-get: starting build Thu Feb  1 19:40:54 2024
=======> Building '/home/devel/packages/python3-jinja2#3.1.3-1.x86_64.pkg.tar.zst'.
bsdtar -p -o -C /home/devel/building/work/src -xf /home/devel/sources/Jinja2-3.1.3.tar.gz
+ build
+ cd Jinja2-3.1.3
+ /usr/bin/pip3 wheel -w dist --no-cache-dir --no-build-isolation --no-deps /home/devel/building/work/src/Jinja2-3.1.3
Processing /home/devel/building/work/src/Jinja2-3.1.3
  Preparing metadata (setup.py): started
  Preparing metadata (setup.py): finished with status 'done'
Building wheels for collected packages: Jinja2
  Building wheel for Jinja2 (setup.py): started
  Building wheel for Jinja2 (setup.py): finished with status 'done'
  Created wheel for Jinja2: filename=Jinja2-3.1.3-py3-none-any.whl size=133236 sha256=85a1350a71775c6f664390063a362f5d7ccc2adff7b3ae3f9a0b05cd761ad0a3
  Stored in directory: /tmp/pip-ephem-wheel-cache-ygvf74xl/wheels/67/8e/f7/5b7e6326f26bb7857896b87e95c1e780150025bdb73d841065
Successfully built Jinja2
+ PIP_CONFIG_FILE=/dev/null
+ /usr/bin/pip3 install --root-user-action=ignore --no-warn-script-location --ignore-installed --no-deps dist/Jinja2-3.1.3-py3-none-any.whl --no-cache-dir --no-index --isolated --root=/home/devel/building/work/pkg
Processing ./dist/Jinja2-3.1.3-py3-none-any.whl
Installing collected packages: Jinja2
Successfully installed Jinja2-3.1.3
=======> Build result:
drwxr-xr-x  0 root   root        0 Feb  1 19:40 usr/
drwxr-xr-x  0 root   root        0 Feb  1 19:40 usr/lib/
drwxr-xr-x  0 root   root        0 Feb  1 19:40 usr/lib/python3.12/
drwxr-xr-x  0 root   root        0 Feb  1 19:40 usr/lib/python3.12/site-packages/
drwxr-xr-x  0 root   root        0 Feb  1 19:40 usr/lib/python3.12/site-packages/jinja2/
drwxr-xr-x  0 root   root        0 Feb  1 19:40 usr/lib/python3.12/site-packages/Jinja2-3.1.3.dist-info/
-rw-r--r--  0 root   root     1475 Feb  1 19:40 usr/lib/python3.12/site-packages/Jinja2-3.1.3.dist-info/LICENSE.rst
-rw-r--r--  0 root   root     3301 Feb  1 19:40 usr/lib/python3.12/site-packages/Jinja2-3.1.3.dist-info/METADATA
-rw-r--r--  0 root   root       92 Feb  1 19:40 usr/lib/python3.12/site-packages/Jinja2-3.1.3.dist-info/WHEEL
-rw-r--r--  0 root   root       59 Feb  1 19:40 usr/lib/python3.12/site-packages/Jinja2-3.1.3.dist-info/entry_points.txt
-rw-r--r--  0 root   root        7 Feb  1 19:40 usr/lib/python3.12/site-packages/Jinja2-3.1.3.dist-info/top_level.txt
-rw-r--r--  0 root   root        4 Feb  1 19:40 usr/lib/python3.12/site-packages/Jinja2-3.1.3.dist-info/INSTALLER
-rw-r--r--  0 root   root      286 Feb  1 19:40 usr/lib/python3.12/site-packages/Jinja2-3.1.3.dist-info/direct_url.json
-rw-r--r--  0 root   root        0 Feb  1 19:40 usr/lib/python3.12/site-packages/Jinja2-3.1.3.dist-info/REQUESTED
-rw-r--r--  0 root   root     3883 Feb  1 19:40 usr/lib/python3.12/site-packages/Jinja2-3.1.3.dist-info/RECORD
-rw-r--r--  0 root   root     1927 Feb  1 19:40 usr/lib/python3.12/site-packages/jinja2/__init__.py
-rw-r--r--  0 root   root     1958 Feb  1 19:40 usr/lib/python3.12/site-packages/jinja2/_identifier.py
-rw-r--r--  0 root   root     2447 Feb  1 19:40 usr/lib/python3.12/site-packages/jinja2/async_utils.py
-rw-r--r--  0 root   root    14061 Feb  1 19:40 usr/lib/python3.12/site-packages/jinja2/bccache.py
-rw-r--r--  0 root   root    72199 Feb  1 19:40 usr/lib/python3.12/site-packages/jinja2/compiler.py
-rw-r--r--  0 root   root     1433 Feb  1 19:40 usr/lib/python3.12/site-packages/jinja2/constants.py
-rw-r--r--  0 root   root     6299 Feb  1 19:40 usr/lib/python3.12/site-packages/jinja2/debug.py
-rw-r--r--  0 root   root     1267 Feb  1 19:40 usr/lib/python3.12/site-packages/jinja2/defaults.py
-rw-r--r--  0 root   root    61253 Feb  1 19:40 usr/lib/python3.12/site-packages/jinja2/environment.py
-rw-r--r--  0 root   root     5071 Feb  1 19:40 usr/lib/python3.12/site-packages/jinja2/exceptions.py
-rw-r--r--  0 root   root    31844 Feb  1 19:40 usr/lib/python3.12/site-packages/jinja2/ext.py
-rw-r--r--  0 root   root    53862 Feb  1 19:40 usr/lib/python3.12/site-packages/jinja2/filters.py
-rw-r--r--  0 root   root    10704 Feb  1 19:40 usr/lib/python3.12/site-packages/jinja2/idtracking.py
-rw-r--r--  0 root   root    29726 Feb  1 19:40 usr/lib/python3.12/site-packages/jinja2/lexer.py
-rw-r--r--  0 root   root    23085 Feb  1 19:40 usr/lib/python3.12/site-packages/jinja2/loaders.py
-rw-r--r--  0 root   root     4396 Feb  1 19:40 usr/lib/python3.12/site-packages/jinja2/meta.py
-rw-r--r--  0 root   root     4210 Feb  1 19:40 usr/lib/python3.12/site-packages/jinja2/nativetypes.py
-rw-r--r--  0 root   root    34550 Feb  1 19:40 usr/lib/python3.12/site-packages/jinja2/nodes.py
-rw-r--r--  0 root   root     1650 Feb  1 19:40 usr/lib/python3.12/site-packages/jinja2/optimizer.py
-rw-r--r--  0 root   root    39736 Feb  1 19:40 usr/lib/python3.12/site-packages/jinja2/parser.py
-rw-r--r--  0 root   root        0 Feb  1 19:40 usr/lib/python3.12/site-packages/jinja2/py.typed
-rw-r--r--  0 root   root    33406 Feb  1 19:40 usr/lib/python3.12/site-packages/jinja2/runtime.py
-rw-r--r--  0 root   root    14584 Feb  1 19:40 usr/lib/python3.12/site-packages/jinja2/sandbox.py
-rw-r--r--  0 root   root     5905 Feb  1 19:40 usr/lib/python3.12/site-packages/jinja2/tests.py
-rw-r--r--  0 root   root    23933 Feb  1 19:40 usr/lib/python3.12/site-packages/jinja2/utils.py
-rw-r--r--  0 root   root     3568 Feb  1 19:40 usr/lib/python3.12/site-packages/jinja2/visitor.py
drwxr-xr-x  0 root   root        0 Feb  1 19:40 usr/lib/python3.12/site-packages/jinja2/__pycache__/
-rw-r--r--  0 root   root     1647 Feb  1 19:40 usr/lib/python3.12/site-packages/jinja2/__pycache__/__init__.cpython-312.pyc
-rw-r--r--  0 root   root     2128 Feb  1 19:40 usr/lib/python3.12/site-packages/jinja2/__pycache__/_identifier.cpython-312.pyc
-rw-r--r--  0 root   root     4082 Feb  1 19:40 usr/lib/python3.12/site-packages/jinja2/__pycache__/async_utils.cpython-312.pyc
-rw-r--r--  0 root   root    19333 Feb  1 19:40 usr/lib/python3.12/site-packages/jinja2/__pycache__/bccache.cpython-312.pyc
-rw-r--r--  0 root   root   102403 Feb  1 19:40 usr/lib/python3.12/site-packages/jinja2/__pycache__/compiler.cpython-312.pyc
-rw-r--r--  0 root   root     1550 Feb  1 19:40 usr/lib/python3.12/site-packages/jinja2/__pycache__/constants.cpython-312.pyc
-rw-r--r--  0 root   root     6575 Feb  1 19:40 usr/lib/python3.12/site-packages/jinja2/__pycache__/debug.cpython-312.pyc
-rw-r--r--  0 root   root     1600 Feb  1 19:40 usr/lib/python3.12/site-packages/jinja2/__pycache__/defaults.cpython-312.pyc
-rw-r--r--  0 root   root    76614 Feb  1 19:40 usr/lib/python3.12/site-packages/jinja2/__pycache__/environment.cpython-312.pyc
-rw-r--r--  0 root   root     7714 Feb  1 19:40 usr/lib/python3.12/site-packages/jinja2/__pycache__/exceptions.cpython-312.pyc
-rw-r--r--  0 root   root    41906 Feb  1 19:40 usr/lib/python3.12/site-packages/jinja2/__pycache__/ext.cpython-312.pyc
-rw-r--r--  0 root   root    70805 Feb  1 19:40 usr/lib/python3.12/site-packages/jinja2/__pycache__/filters.cpython-312.pyc
-rw-r--r--  0 root   root    19220 Feb  1 19:40 usr/lib/python3.12/site-packages/jinja2/__pycache__/idtracking.cpython-312.pyc
-rw-r--r--  0 root   root    32036 Feb  1 19:40 usr/lib/python3.12/site-packages/jinja2/__pycache__/lexer.cpython-312.pyc
-rw-r--r--  0 root   root    31118 Feb  1 19:40 usr/lib/python3.12/site-packages/jinja2/__pycache__/loaders.cpython-312.pyc
-rw-r--r--  0 root   root     5484 Feb  1 19:40 usr/lib/python3.12/site-packages/jinja2/__pycache__/meta.cpython-312.pyc
-rw-r--r--  0 root   root     7005 Feb  1 19:40 usr/lib/python3.12/site-packages/jinja2/__pycache__/nativetypes.cpython-312.pyc
-rw-r--r--  0 root   root    58262 Feb  1 19:40 usr/lib/python3.12/site-packages/jinja2/__pycache__/nodes.cpython-312.pyc
-rw-r--r--  0 root   root     2683 Feb  1 19:40 usr/lib/python3.12/site-packages/jinja2/__pycache__/optimizer.cpython-312.pyc
-rw-r--r--  0 root   root    60548 Feb  1 19:40 usr/lib/python3.12/site-packages/jinja2/__pycache__/parser.cpython-312.pyc
-rw-r--r--  0 root   root    48443 Feb  1 19:40 usr/lib/python3.12/site-packages/jinja2/__pycache__/runtime.cpython-312.pyc
-rw-r--r--  0 root   root    17774 Feb  1 19:40 usr/lib/python3.12/site-packages/jinja2/__pycache__/sandbox.cpython-312.pyc
-rw-r--r--  0 root   root     9009 Feb  1 19:40 usr/lib/python3.12/site-packages/jinja2/__pycache__/tests.cpython-312.pyc
-rw-r--r--  0 root   root    34447 Feb  1 19:40 usr/lib/python3.12/site-packages/jinja2/__pycache__/utils.cpython-312.pyc
-rw-r--r--  0 root   root     5370 Feb  1 19:40 usr/lib/python3.12/site-packages/jinja2/__pycache__/visitor.cpython-312.pyc
=======> Building '/home/devel/packages/python3-jinja2#3.1.3-1.x86_64.pkg.tar.zst' succeeded.
prt-get: Using PKGMK_PACKAGE_DIR: /home/devel/packages
prt-get: reinstalling python3-jinja2 3.1.3-1
prt-get: /usr/bin/pkgadd -u python3-jinja2#3.1.3-1.x86_64.pkg.tar.zst
prt-get: build done Thu Feb  1 19:40:55 2024

