prt-get: updating /usr/ports/core-x86_64/python3-wheel
prt-get: starting build Thu Feb  1 19:41:03 2024
=======> Building '/home/devel/packages/python3-wheel#0.42.0-1.x86_64.pkg.tar.zst'.
bsdtar -p -o -C /home/devel/building/work/src -xf /home/devel/sources/wheel-0.42.0.tar.gz
+ build
+ cd wheel-0.42.0
+ /usr/bin/pip3 wheel -w dist --no-cache-dir --no-build-isolation --no-deps /home/devel/building/work/src/wheel-0.42.0
Processing /home/devel/building/work/src/wheel-0.42.0
  Preparing metadata (pyproject.toml): started
  Preparing metadata (pyproject.toml): finished with status 'done'
Building wheels for collected packages: wheel
  Building wheel for wheel (pyproject.toml): started
  Building wheel for wheel (pyproject.toml): finished with status 'done'
  Created wheel for wheel: filename=wheel-0.42.0-py3-none-any.whl size=65375 sha256=5dfa337d47ecc93c7543bc1886a72a20613512bc422d93343ecd7cfc7f11ad49
  Stored in directory: /tmp/pip-ephem-wheel-cache-imbzmvq0/wheels/00/3c/3d/0f3148d9a1e6e793345ce75c38d76e42dfd1d5a954cca83cd3
Successfully built wheel
+ PIP_CONFIG_FILE=/dev/null
+ /usr/bin/pip3 install --root-user-action=ignore --no-warn-script-location --ignore-installed --no-deps dist/wheel-0.42.0-py3-none-any.whl --no-cache-dir --no-index --isolated --root=/home/devel/building/work/pkg
Processing ./dist/wheel-0.42.0-py3-none-any.whl
Installing collected packages: wheel
Successfully installed wheel-0.42.0
=======> Build result:
drwxr-xr-x  0 root   root        0 Feb  1 19:41 usr/
drwxr-xr-x  0 root   root        0 Feb  1 19:41 usr/lib/
drwxr-xr-x  0 root   root        0 Feb  1 19:41 usr/bin/
-rwxr-xr-x  0 root   root      208 Feb  1 19:41 usr/bin/wheel
drwxr-xr-x  0 root   root        0 Feb  1 19:41 usr/lib/python3.12/
drwxr-xr-x  0 root   root        0 Feb  1 19:41 usr/lib/python3.12/site-packages/
drwxr-xr-x  0 root   root        0 Feb  1 19:41 usr/lib/python3.12/site-packages/wheel/
drwxr-xr-x  0 root   root        0 Feb  1 19:41 usr/lib/python3.12/site-packages/wheel-0.42.0.dist-info/
-rw-r--r--  0 root   root      104 Feb  1 19:41 usr/lib/python3.12/site-packages/wheel-0.42.0.dist-info/entry_points.txt
-rw-r--r--  0 root   root     1107 Feb  1 19:41 usr/lib/python3.12/site-packages/wheel-0.42.0.dist-info/LICENSE.txt
-rw-r--r--  0 root   root       81 Feb  1 19:41 usr/lib/python3.12/site-packages/wheel-0.42.0.dist-info/WHEEL
-rw-r--r--  0 root   root     2203 Feb  1 19:41 usr/lib/python3.12/site-packages/wheel-0.42.0.dist-info/METADATA
-rw-r--r--  0 root   root        4 Feb  1 19:41 usr/lib/python3.12/site-packages/wheel-0.42.0.dist-info/INSTALLER
-rw-r--r--  0 root   root      286 Feb  1 19:41 usr/lib/python3.12/site-packages/wheel-0.42.0.dist-info/direct_url.json
-rw-r--r--  0 root   root        0 Feb  1 19:41 usr/lib/python3.12/site-packages/wheel-0.42.0.dist-info/REQUESTED
-rw-r--r--  0 root   root     4655 Feb  1 19:41 usr/lib/python3.12/site-packages/wheel-0.42.0.dist-info/RECORD
-rw-r--r--  0 root   root       59 Feb  1 19:41 usr/lib/python3.12/site-packages/wheel/__init__.py
-rw-r--r--  0 root   root      455 Feb  1 19:41 usr/lib/python3.12/site-packages/wheel/__main__.py
-rw-r--r--  0 root   root      746 Feb  1 19:41 usr/lib/python3.12/site-packages/wheel/_setuptools_logging.py
-rw-r--r--  0 root   root    20943 Feb  1 19:41 usr/lib/python3.12/site-packages/wheel/bdist_wheel.py
-rw-r--r--  0 root   root    16143 Feb  1 19:41 usr/lib/python3.12/site-packages/wheel/macosx_libfile.py
-rw-r--r--  0 root   root     5882 Feb  1 19:41 usr/lib/python3.12/site-packages/wheel/metadata.py
-rw-r--r--  0 root   root      621 Feb  1 19:41 usr/lib/python3.12/site-packages/wheel/util.py
-rw-r--r--  0 root   root     7701 Feb  1 19:41 usr/lib/python3.12/site-packages/wheel/wheelfile.py
drwxr-xr-x  0 root   root        0 Feb  1 19:41 usr/lib/python3.12/site-packages/wheel/cli/
drwxr-xr-x  0 root   root        0 Feb  1 19:41 usr/lib/python3.12/site-packages/wheel/vendored/
drwxr-xr-x  0 root   root        0 Feb  1 19:41 usr/lib/python3.12/site-packages/wheel/__pycache__/
-rw-r--r--  0 root   root      256 Feb  1 19:41 usr/lib/python3.12/site-packages/wheel/__pycache__/__init__.cpython-312.pyc
-rw-r--r--  0 root   root      991 Feb  1 19:41 usr/lib/python3.12/site-packages/wheel/__pycache__/__main__.cpython-312.pyc
-rw-r--r--  0 root   root     1345 Feb  1 19:41 usr/lib/python3.12/site-packages/wheel/__pycache__/_setuptools_logging.cpython-312.pyc
-rw-r--r--  0 root   root    24903 Feb  1 19:41 usr/lib/python3.12/site-packages/wheel/__pycache__/bdist_wheel.cpython-312.pyc
-rw-r--r--  0 root   root    15683 Feb  1 19:41 usr/lib/python3.12/site-packages/wheel/__pycache__/macosx_libfile.cpython-312.pyc
-rw-r--r--  0 root   root     8279 Feb  1 19:41 usr/lib/python3.12/site-packages/wheel/__pycache__/metadata.cpython-312.pyc
-rw-r--r--  0 root   root     1185 Feb  1 19:41 usr/lib/python3.12/site-packages/wheel/__pycache__/util.cpython-312.pyc
-rw-r--r--  0 root   root    10520 Feb  1 19:41 usr/lib/python3.12/site-packages/wheel/__pycache__/wheelfile.cpython-312.pyc
-rw-r--r--  0 root   root        0 Feb  1 19:41 usr/lib/python3.12/site-packages/wheel/vendored/__init__.py
-rw-r--r--  0 root   root       16 Feb  1 19:41 usr/lib/python3.12/site-packages/wheel/vendored/vendor.txt
drwxr-xr-x  0 root   root        0 Feb  1 19:41 usr/lib/python3.12/site-packages/wheel/vendored/packaging/
drwxr-xr-x  0 root   root        0 Feb  1 19:41 usr/lib/python3.12/site-packages/wheel/vendored/__pycache__/
-rw-r--r--  0 root   root      186 Feb  1 19:41 usr/lib/python3.12/site-packages/wheel/vendored/__pycache__/__init__.cpython-312.pyc
-rw-r--r--  0 root   root        0 Feb  1 19:41 usr/lib/python3.12/site-packages/wheel/vendored/packaging/__init__.py
-rw-r--r--  0 root   root     3266 Feb  1 19:41 usr/lib/python3.12/site-packages/wheel/vendored/packaging/_elffile.py
-rw-r--r--  0 root   root     9526 Feb  1 19:41 usr/lib/python3.12/site-packages/wheel/vendored/packaging/_manylinux.py
-rw-r--r--  0 root   root     2676 Feb  1 19:41 usr/lib/python3.12/site-packages/wheel/vendored/packaging/_musllinux.py
-rw-r--r--  0 root   root    10382 Feb  1 19:41 usr/lib/python3.12/site-packages/wheel/vendored/packaging/_parser.py
-rw-r--r--  0 root   root     1431 Feb  1 19:41 usr/lib/python3.12/site-packages/wheel/vendored/packaging/_structures.py
-rw-r--r--  0 root   root     5292 Feb  1 19:41 usr/lib/python3.12/site-packages/wheel/vendored/packaging/_tokenizer.py
-rw-r--r--  0 root   root     8208 Feb  1 19:41 usr/lib/python3.12/site-packages/wheel/vendored/packaging/markers.py
-rw-r--r--  0 root   root     2952 Feb  1 19:41 usr/lib/python3.12/site-packages/wheel/vendored/packaging/requirements.py
-rw-r--r--  0 root   root    39206 Feb  1 19:41 usr/lib/python3.12/site-packages/wheel/vendored/packaging/specifiers.py
-rw-r--r--  0 root   root    18355 Feb  1 19:41 usr/lib/python3.12/site-packages/wheel/vendored/packaging/tags.py
-rw-r--r--  0 root   root     5268 Feb  1 19:41 usr/lib/python3.12/site-packages/wheel/vendored/packaging/utils.py
-rw-r--r--  0 root   root    16236 Feb  1 19:41 usr/lib/python3.12/site-packages/wheel/vendored/packaging/version.py
drwxr-xr-x  0 root   root        0 Feb  1 19:41 usr/lib/python3.12/site-packages/wheel/vendored/packaging/__pycache__/
-rw-r--r--  0 root   root      196 Feb  1 19:41 usr/lib/python3.12/site-packages/wheel/vendored/packaging/__pycache__/__init__.cpython-312.pyc
-rw-r--r--  0 root   root     5029 Feb  1 19:41 usr/lib/python3.12/site-packages/wheel/vendored/packaging/__pycache__/_elffile.cpython-312.pyc
-rw-r--r--  0 root   root     9909 Feb  1 19:41 usr/lib/python3.12/site-packages/wheel/vendored/packaging/__pycache__/_manylinux.cpython-312.pyc
-rw-r--r--  0 root   root     4589 Feb  1 19:41 usr/lib/python3.12/site-packages/wheel/vendored/packaging/__pycache__/_musllinux.cpython-312.pyc
-rw-r--r--  0 root   root    14081 Feb  1 19:41 usr/lib/python3.12/site-packages/wheel/vendored/packaging/__pycache__/_parser.cpython-312.pyc
-rw-r--r--  0 root   root     3244 Feb  1 19:41 usr/lib/python3.12/site-packages/wheel/vendored/packaging/__pycache__/_structures.cpython-312.pyc
-rw-r--r--  0 root   root     7933 Feb  1 19:41 usr/lib/python3.12/site-packages/wheel/vendored/packaging/__pycache__/_tokenizer.cpython-312.pyc
-rw-r--r--  0 root   root    10493 Feb  1 19:41 usr/lib/python3.12/site-packages/wheel/vendored/packaging/__pycache__/markers.cpython-312.pyc
-rw-r--r--  0 root   root     4480 Feb  1 19:41 usr/lib/python3.12/site-packages/wheel/vendored/packaging/__pycache__/requirements.cpython-312.pyc
-rw-r--r--  0 root   root    38673 Feb  1 19:41 usr/lib/python3.12/site-packages/wheel/vendored/packaging/__pycache__/specifiers.cpython-312.pyc
-rw-r--r--  0 root   root    21014 Feb  1 19:41 usr/lib/python3.12/site-packages/wheel/vendored/packaging/__pycache__/tags.cpython-312.pyc
-rw-r--r--  0 root   root     7287 Feb  1 19:41 usr/lib/python3.12/site-packages/wheel/vendored/packaging/__pycache__/utils.cpython-312.pyc
-rw-r--r--  0 root   root    20000 Feb  1 19:41 usr/lib/python3.12/site-packages/wheel/vendored/packaging/__pycache__/version.cpython-312.pyc
-rw-r--r--  0 root   root     4264 Feb  1 19:41 usr/lib/python3.12/site-packages/wheel/cli/__init__.py
-rw-r--r--  0 root   root     9439 Feb  1 19:41 usr/lib/python3.12/site-packages/wheel/cli/convert.py
-rw-r--r--  0 root   root     3110 Feb  1 19:41 usr/lib/python3.12/site-packages/wheel/cli/pack.py
-rw-r--r--  0 root   root     4760 Feb  1 19:41 usr/lib/python3.12/site-packages/wheel/cli/tags.py
-rw-r--r--  0 root   root     1021 Feb  1 19:41 usr/lib/python3.12/site-packages/wheel/cli/unpack.py
drwxr-xr-x  0 root   root        0 Feb  1 19:41 usr/lib/python3.12/site-packages/wheel/cli/__pycache__/
-rw-r--r--  0 root   root     6876 Feb  1 19:41 usr/lib/python3.12/site-packages/wheel/cli/__pycache__/__init__.cpython-312.pyc
-rw-r--r--  0 root   root    10825 Feb  1 19:41 usr/lib/python3.12/site-packages/wheel/cli/__pycache__/convert.cpython-312.pyc
-rw-r--r--  0 root   root     4480 Feb  1 19:41 usr/lib/python3.12/site-packages/wheel/cli/__pycache__/pack.cpython-312.pyc
-rw-r--r--  0 root   root     6740 Feb  1 19:41 usr/lib/python3.12/site-packages/wheel/cli/__pycache__/tags.cpython-312.pyc
-rw-r--r--  0 root   root     1526 Feb  1 19:41 usr/lib/python3.12/site-packages/wheel/cli/__pycache__/unpack.cpython-312.pyc
=======> Building '/home/devel/packages/python3-wheel#0.42.0-1.x86_64.pkg.tar.zst' succeeded.
prt-get: Using PKGMK_PACKAGE_DIR: /home/devel/packages
prt-get: reinstalling python3-wheel 0.42.0-1
prt-get: /usr/bin/pkgadd -u python3-wheel#0.42.0-1.x86_64.pkg.tar.zst
prt-get: build done Thu Feb  1 19:41:04 2024

