prt-get: updating /usr/ports/core-x86_64/python3-setuptools
prt-get: starting build Thu Feb  1 19:41:01 2024
=======> Building '/home/devel/packages/python3-setuptools#69.0.3-1.x86_64.pkg.tar.zst'.
bsdtar -p -o -C /home/devel/building/work/src -xf /home/devel/sources/setuptools-69.0.3.tar.gz
+ build
+ cd setuptools-69.0.3
+ export SETUPTOOLS_INSTALL_WINDOWS_SPECIFIC_FILES=0
+ SETUPTOOLS_INSTALL_WINDOWS_SPECIFIC_FILES=0
+ pip3 wheel -w dist --no-cache-dir --no-build-isolation --no-deps /home/devel/building/work/src/setuptools-69.0.3
Processing /home/devel/building/work/src/setuptools-69.0.3
  Preparing metadata (pyproject.toml): started
  Preparing metadata (pyproject.toml): finished with status 'done'
Building wheels for collected packages: setuptools
  Building wheel for setuptools (pyproject.toml): started
  Building wheel for setuptools (pyproject.toml): finished with status 'done'
  Created wheel for setuptools: filename=setuptools-69.0.3-py3-none-any.whl size=767662 sha256=67b139df0fa77b996a7dd55a13ae72a03c2e2ee0cc0bdbb9d22116f2a575af2d
  Stored in directory: /tmp/pip-ephem-wheel-cache-o5u8jpef/wheels/95/4b/4c/e963ab30434ad92b2359d8ce9ae2a41efdef1db2712e943f2f
Successfully built setuptools
+ PIP_CONFIG_FILE=/dev/null
+ /usr/bin/pip3 install --root-user-action=ignore --no-warn-script-location --ignore-installed --no-deps dist/setuptools-69.0.3-py3-none-any.whl --no-cache-dir --no-index --isolated --root=/home/devel/building/work/pkg
Processing ./dist/setuptools-69.0.3-py3-none-any.whl
Installing collected packages: setuptools
Successfully installed setuptools-69.0.3
=======> Build result:
drwxr-xr-x  0 root   root        0 Feb  1 19:41 usr/
drwxr-xr-x  0 root   root        0 Feb  1 19:41 usr/lib/
drwxr-xr-x  0 root   root        0 Feb  1 19:41 usr/lib/python3.12/
drwxr-xr-x  0 root   root        0 Feb  1 19:41 usr/lib/python3.12/site-packages/
-rw-r--r--  0 root   root      151 Feb  1 19:41 usr/lib/python3.12/site-packages/distutils-precedence.pth
drwxr-xr-x  0 root   root        0 Feb  1 19:41 usr/lib/python3.12/site-packages/_distutils_hack/
drwxr-xr-x  0 root   root        0 Feb  1 19:41 usr/lib/python3.12/site-packages/pkg_resources/
drwxr-xr-x  0 root   root        0 Feb  1 19:41 usr/lib/python3.12/site-packages/setuptools/
drwxr-xr-x  0 root   root        0 Feb  1 19:41 usr/lib/python3.12/site-packages/setuptools-69.0.3.dist-info/
-rw-r--r--  0 root   root     1023 Feb  1 19:41 usr/lib/python3.12/site-packages/setuptools-69.0.3.dist-info/LICENSE
-rw-r--r--  0 root   root     6283 Feb  1 19:41 usr/lib/python3.12/site-packages/setuptools-69.0.3.dist-info/METADATA
-rw-r--r--  0 root   root       92 Feb  1 19:41 usr/lib/python3.12/site-packages/setuptools-69.0.3.dist-info/WHEEL
-rw-r--r--  0 root   root     2676 Feb  1 19:41 usr/lib/python3.12/site-packages/setuptools-69.0.3.dist-info/entry_points.txt
-rw-r--r--  0 root   root       41 Feb  1 19:41 usr/lib/python3.12/site-packages/setuptools-69.0.3.dist-info/top_level.txt
-rw-r--r--  0 root   root        4 Feb  1 19:41 usr/lib/python3.12/site-packages/setuptools-69.0.3.dist-info/INSTALLER
-rw-r--r--  0 root   root      296 Feb  1 19:41 usr/lib/python3.12/site-packages/setuptools-69.0.3.dist-info/direct_url.json
-rw-r--r--  0 root   root        0 Feb  1 19:41 usr/lib/python3.12/site-packages/setuptools-69.0.3.dist-info/REQUESTED
-rw-r--r--  0 root   root    38157 Feb  1 19:41 usr/lib/python3.12/site-packages/setuptools-69.0.3.dist-info/RECORD
-rw-r--r--  0 root   root     9214 Feb  1 19:41 usr/lib/python3.12/site-packages/setuptools/__init__.py
-rw-r--r--  0 root   root     8921 Feb  1 19:41 usr/lib/python3.12/site-packages/setuptools/_core_metadata.py
-rw-r--r--  0 root   root     2235 Feb  1 19:41 usr/lib/python3.12/site-packages/setuptools/_entry_points.py
-rw-r--r--  0 root   root     2433 Feb  1 19:41 usr/lib/python3.12/site-packages/setuptools/_imp.py
-rw-r--r--  0 root   root     1468 Feb  1 19:41 usr/lib/python3.12/site-packages/setuptools/_importlib.py
-rw-r--r--  0 root   root      675 Feb  1 19:41 usr/lib/python3.12/site-packages/setuptools/_itertools.py
-rw-r--r--  0 root   root     4267 Feb  1 19:41 usr/lib/python3.12/site-packages/setuptools/_normalization.py
-rw-r--r--  0 root   root     1056 Feb  1 19:41 usr/lib/python3.12/site-packages/setuptools/_path.py
-rw-r--r--  0 root   root     1120 Feb  1 19:41 usr/lib/python3.12/site-packages/setuptools/_reqs.py
-rw-r--r--  0 root   root     7331 Feb  1 19:41 usr/lib/python3.12/site-packages/setuptools/archive_util.py
-rw-r--r--  0 root   root    18670 Feb  1 19:41 usr/lib/python3.12/site-packages/setuptools/build_meta.py
-rw-r--r--  0 root   root      659 Feb  1 19:41 usr/lib/python3.12/site-packages/setuptools/dep_util.py
-rw-r--r--  0 root   root     5582 Feb  1 19:41 usr/lib/python3.12/site-packages/setuptools/depends.py
-rw-r--r--  0 root   root    21147 Feb  1 19:41 usr/lib/python3.12/site-packages/setuptools/discovery.py
-rw-r--r--  0 root   root    37205 Feb  1 19:41 usr/lib/python3.12/site-packages/setuptools/dist.py
-rw-r--r--  0 root   root     2669 Feb  1 19:41 usr/lib/python3.12/site-packages/setuptools/errors.py
-rw-r--r--  0 root   root     5591 Feb  1 19:41 usr/lib/python3.12/site-packages/setuptools/extension.py
-rw-r--r--  0 root   root     4868 Feb  1 19:41 usr/lib/python3.12/site-packages/setuptools/glob.py
-rw-r--r--  0 root   root     4989 Feb  1 19:41 usr/lib/python3.12/site-packages/setuptools/installer.py
-rw-r--r--  0 root   root      812 Feb  1 19:41 usr/lib/python3.12/site-packages/setuptools/launch.py
-rw-r--r--  0 root   root     1239 Feb  1 19:41 usr/lib/python3.12/site-packages/setuptools/logging.py
-rw-r--r--  0 root   root      190 Feb  1 19:41 usr/lib/python3.12/site-packages/setuptools/modified.py
-rw-r--r--  0 root   root     4783 Feb  1 19:41 usr/lib/python3.12/site-packages/setuptools/monkey.py
-rw-r--r--  0 root   root    47422 Feb  1 19:41 usr/lib/python3.12/site-packages/setuptools/msvc.py
-rw-r--r--  0 root   root     3073 Feb  1 19:41 usr/lib/python3.12/site-packages/setuptools/namespaces.py
-rw-r--r--  0 root   root    38345 Feb  1 19:41 usr/lib/python3.12/site-packages/setuptools/package_index.py
-rw-r--r--  0 root   root      330 Feb  1 19:41 usr/lib/python3.12/site-packages/setuptools/py312compat.py
-rw-r--r--  0 root   root    14349 Feb  1 19:41 usr/lib/python3.12/site-packages/setuptools/sandbox.py
-rw-r--r--  0 root   root      218 Feb  1 19:41 usr/lib/python3.12/site-packages/setuptools/script (dev).tmpl
-rw-r--r--  0 root   root      138 Feb  1 19:41 usr/lib/python3.12/site-packages/setuptools/script.tmpl
-rw-r--r--  0 root   root      941 Feb  1 19:41 usr/lib/python3.12/site-packages/setuptools/unicode_utils.py
-rw-r--r--  0 root   root      161 Feb  1 19:41 usr/lib/python3.12/site-packages/setuptools/version.py
-rw-r--r--  0 root   root     3697 Feb  1 19:41 usr/lib/python3.12/site-packages/setuptools/warnings.py
-rw-r--r--  0 root   root     8628 Feb  1 19:41 usr/lib/python3.12/site-packages/setuptools/wheel.py
-rw-r--r--  0 root   root      720 Feb  1 19:41 usr/lib/python3.12/site-packages/setuptools/windows_support.py
drwxr-xr-x  0 root   root        0 Feb  1 19:41 usr/lib/python3.12/site-packages/setuptools/_distutils/
drwxr-xr-x  0 root   root        0 Feb  1 19:41 usr/lib/python3.12/site-packages/setuptools/_vendor/
drwxr-xr-x  0 root   root        0 Feb  1 19:41 usr/lib/python3.12/site-packages/setuptools/command/
drwxr-xr-x  0 root   root        0 Feb  1 19:41 usr/lib/python3.12/site-packages/setuptools/config/
drwxr-xr-x  0 root   root        0 Feb  1 19:41 usr/lib/python3.12/site-packages/setuptools/extern/
drwxr-xr-x  0 root   root        0 Feb  1 19:41 usr/lib/python3.12/site-packages/setuptools/__pycache__/
-rw-r--r--  0 root   root    12529 Feb  1 19:41 usr/lib/python3.12/site-packages/setuptools/__pycache__/__init__.cpython-312.pyc
-rw-r--r--  0 root   root    12284 Feb  1 19:41 usr/lib/python3.12/site-packages/setuptools/__pycache__/_core_metadata.cpython-312.pyc
-rw-r--r--  0 root   root     4671 Feb  1 19:41 usr/lib/python3.12/site-packages/setuptools/__pycache__/_entry_points.cpython-312.pyc
-rw-r--r--  0 root   root     3569 Feb  1 19:41 usr/lib/python3.12/site-packages/setuptools/__pycache__/_imp.cpython-312.pyc
-rw-r--r--  0 root   root     1793 Feb  1 19:41 usr/lib/python3.12/site-packages/setuptools/__pycache__/_importlib.cpython-312.pyc
-rw-r--r--  0 root   root     1078 Feb  1 19:41 usr/lib/python3.12/site-packages/setuptools/__pycache__/_itertools.cpython-312.pyc
-rw-r--r--  0 root   root     5984 Feb  1 19:41 usr/lib/python3.12/site-packages/setuptools/__pycache__/_normalization.cpython-312.pyc
-rw-r--r--  0 root   root     1937 Feb  1 19:41 usr/lib/python3.12/site-packages/setuptools/__pycache__/_path.cpython-312.pyc
-rw-r--r--  0 root   root     1864 Feb  1 19:41 usr/lib/python3.12/site-packages/setuptools/__pycache__/_reqs.cpython-312.pyc
-rw-r--r--  0 root   root     9198 Feb  1 19:41 usr/lib/python3.12/site-packages/setuptools/__pycache__/archive_util.cpython-312.pyc
-rw-r--r--  0 root   root    23435 Feb  1 19:41 usr/lib/python3.12/site-packages/setuptools/__pycache__/build_meta.cpython-312.pyc
-rw-r--r--  0 root   root      869 Feb  1 19:41 usr/lib/python3.12/site-packages/setuptools/__pycache__/dep_util.cpython-312.pyc
-rw-r--r--  0 root   root     7450 Feb  1 19:41 usr/lib/python3.12/site-packages/setuptools/__pycache__/depends.cpython-312.pyc
-rw-r--r--  0 root   root    29090 Feb  1 19:41 usr/lib/python3.12/site-packages/setuptools/__pycache__/discovery.cpython-312.pyc
-rw-r--r--  0 root   root    45221 Feb  1 19:41 usr/lib/python3.12/site-packages/setuptools/__pycache__/dist.cpython-312.pyc
-rw-r--r--  0 root   root     3448 Feb  1 19:41 usr/lib/python3.12/site-packages/setuptools/__pycache__/errors.cpython-312.pyc
-rw-r--r--  0 root   root     6471 Feb  1 19:41 usr/lib/python3.12/site-packages/setuptools/__pycache__/extension.cpython-312.pyc
-rw-r--r--  0 root   root     6001 Feb  1 19:41 usr/lib/python3.12/site-packages/setuptools/__pycache__/glob.cpython-312.pyc
-rw-r--r--  0 root   root     6469 Feb  1 19:41 usr/lib/python3.12/site-packages/setuptools/__pycache__/installer.cpython-312.pyc
-rw-r--r--  0 root   root     1310 Feb  1 19:41 usr/lib/python3.12/site-packages/setuptools/__pycache__/launch.cpython-312.pyc
-rw-r--r--  0 root   root     2047 Feb  1 19:41 usr/lib/python3.12/site-packages/setuptools/__pycache__/logging.cpython-312.pyc
-rw-r--r--  0 root   root      345 Feb  1 19:41 usr/lib/python3.12/site-packages/setuptools/__pycache__/modified.cpython-312.pyc
-rw-r--r--  0 root   root     6474 Feb  1 19:41 usr/lib/python3.12/site-packages/setuptools/__pycache__/monkey.cpython-312.pyc
-rw-r--r--  0 root   root    60574 Feb  1 19:41 usr/lib/python3.12/site-packages/setuptools/__pycache__/msvc.cpython-312.pyc
-rw-r--r--  0 root   root     5254 Feb  1 19:41 usr/lib/python3.12/site-packages/setuptools/__pycache__/namespaces.cpython-312.pyc
-rw-r--r--  0 root   root    52710 Feb  1 19:41 usr/lib/python3.12/site-packages/setuptools/__pycache__/package_index.cpython-312.pyc
-rw-r--r--  0 root   root      818 Feb  1 19:41 usr/lib/python3.12/site-packages/setuptools/__pycache__/py312compat.cpython-312.pyc
-rw-r--r--  0 root   root    23775 Feb  1 19:41 usr/lib/python3.12/site-packages/setuptools/__pycache__/sandbox.cpython-312.pyc
-rw-r--r--  0 root   root     1642 Feb  1 19:41 usr/lib/python3.12/site-packages/setuptools/__pycache__/unicode_utils.cpython-312.pyc
-rw-r--r--  0 root   root      421 Feb  1 19:41 usr/lib/python3.12/site-packages/setuptools/__pycache__/version.cpython-312.pyc
-rw-r--r--  0 root   root     4943 Feb  1 19:41 usr/lib/python3.12/site-packages/setuptools/__pycache__/warnings.cpython-312.pyc
-rw-r--r--  0 root   root    13475 Feb  1 19:41 usr/lib/python3.12/site-packages/setuptools/__pycache__/wheel.cpython-312.pyc
-rw-r--r--  0 root   root     1446 Feb  1 19:41 usr/lib/python3.12/site-packages/setuptools/__pycache__/windows_support.cpython-312.pyc
-rw-r--r--  0 root   root     2539 Feb  1 19:41 usr/lib/python3.12/site-packages/setuptools/extern/__init__.py
drwxr-xr-x  0 root   root        0 Feb  1 19:41 usr/lib/python3.12/site-packages/setuptools/extern/__pycache__/
-rw-r--r--  0 root   root     4116 Feb  1 19:41 usr/lib/python3.12/site-packages/setuptools/extern/__pycache__/__init__.cpython-312.pyc
-rw-r--r--  0 root   root     1498 Feb  1 19:41 usr/lib/python3.12/site-packages/setuptools/config/__init__.py
-rw-r--r--  0 root   root    14723 Feb  1 19:41 usr/lib/python3.12/site-packages/setuptools/config/_apply_pyprojecttoml.py
-rw-r--r--  0 root   root    16388 Feb  1 19:41 usr/lib/python3.12/site-packages/setuptools/config/expand.py
-rw-r--r--  0 root   root    17363 Feb  1 19:41 usr/lib/python3.12/site-packages/setuptools/config/pyprojecttoml.py
-rw-r--r--  0 root   root    25531 Feb  1 19:41 usr/lib/python3.12/site-packages/setuptools/config/setupcfg.py
drwxr-xr-x  0 root   root        0 Feb  1 19:41 usr/lib/python3.12/site-packages/setuptools/config/_validate_pyproject/
drwxr-xr-x  0 root   root        0 Feb  1 19:41 usr/lib/python3.12/site-packages/setuptools/config/__pycache__/
-rw-r--r--  0 root   root     2014 Feb  1 19:41 usr/lib/python3.12/site-packages/setuptools/config/__pycache__/__init__.cpython-312.pyc
-rw-r--r--  0 root   root    20637 Feb  1 19:41 usr/lib/python3.12/site-packages/setuptools/config/__pycache__/_apply_pyprojecttoml.cpython-312.pyc
-rw-r--r--  0 root   root    25041 Feb  1 19:41 usr/lib/python3.12/site-packages/setuptools/config/__pycache__/expand.cpython-312.pyc
-rw-r--r--  0 root   root    22615 Feb  1 19:41 usr/lib/python3.12/site-packages/setuptools/config/__pycache__/pyprojecttoml.cpython-312.pyc
-rw-r--r--  0 root   root    31550 Feb  1 19:41 usr/lib/python3.12/site-packages/setuptools/config/__pycache__/setupcfg.cpython-312.pyc
-rw-r--r--  0 root   root     1038 Feb  1 19:41 usr/lib/python3.12/site-packages/setuptools/config/_validate_pyproject/__init__.py
-rw-r--r--  0 root   root    11266 Feb  1 19:41 usr/lib/python3.12/site-packages/setuptools/config/_validate_pyproject/error_reporting.py
-rw-r--r--  0 root   root     1153 Feb  1 19:41 usr/lib/python3.12/site-packages/setuptools/config/_validate_pyproject/extra_validations.py
-rw-r--r--  0 root   root     1612 Feb  1 19:41 usr/lib/python3.12/site-packages/setuptools/config/_validate_pyproject/fastjsonschema_exceptions.py
-rw-r--r--  0 root   root   274908 Feb  1 19:41 usr/lib/python3.12/site-packages/setuptools/config/_validate_pyproject/fastjsonschema_validations.py
-rw-r--r--  0 root   root     9160 Feb  1 19:41 usr/lib/python3.12/site-packages/setuptools/config/_validate_pyproject/formats.py
drwxr-xr-x  0 root   root        0 Feb  1 19:41 usr/lib/python3.12/site-packages/setuptools/config/_validate_pyproject/__pycache__/
-rw-r--r--  0 root   root     1866 Feb  1 19:41 usr/lib/python3.12/site-packages/setuptools/config/_validate_pyproject/__pycache__/__init__.cpython-312.pyc
-rw-r--r--  0 root   root    17784 Feb  1 19:41 usr/lib/python3.12/site-packages/setuptools/config/_validate_pyproject/__pycache__/error_reporting.cpython-312.pyc
-rw-r--r--  0 root   root     1687 Feb  1 19:41 usr/lib/python3.12/site-packages/setuptools/config/_validate_pyproject/__pycache__/extra_validations.cpython-312.pyc
-rw-r--r--  0 root   root     2843 Feb  1 19:41 usr/lib/python3.12/site-packages/setuptools/config/_validate_pyproject/__pycache__/fastjsonschema_exceptions.cpython-312.pyc
-rw-r--r--  0 root   root   173352 Feb  1 19:41 usr/lib/python3.12/site-packages/setuptools/config/_validate_pyproject/__pycache__/fastjsonschema_validations.cpython-312.pyc
-rw-r--r--  0 root   root    13458 Feb  1 19:41 usr/lib/python3.12/site-packages/setuptools/config/_validate_pyproject/__pycache__/formats.cpython-312.pyc
-rw-r--r--  0 root   root      396 Feb  1 19:41 usr/lib/python3.12/site-packages/setuptools/command/__init__.py
-rw-r--r--  0 root   root     4207 Feb  1 19:41 usr/lib/python3.12/site-packages/setuptools/command/_requirestxt.py
-rw-r--r--  0 root   root     2383 Feb  1 19:41 usr/lib/python3.12/site-packages/setuptools/command/alias.py
-rw-r--r--  0 root   root    16559 Feb  1 19:41 usr/lib/python3.12/site-packages/setuptools/command/bdist_egg.py
-rw-r--r--  0 root   root     1309 Feb  1 19:41 usr/lib/python3.12/site-packages/setuptools/command/bdist_rpm.py
-rw-r--r--  0 root   root     6784 Feb  1 19:41 usr/lib/python3.12/site-packages/setuptools/command/build.py
-rw-r--r--  0 root   root     4539 Feb  1 19:41 usr/lib/python3.12/site-packages/setuptools/command/build_clib.py
-rw-r--r--  0 root   root    17504 Feb  1 19:41 usr/lib/python3.12/site-packages/setuptools/command/build_ext.py
-rw-r--r--  0 root   root    15127 Feb  1 19:41 usr/lib/python3.12/site-packages/setuptools/command/build_py.py
-rw-r--r--  0 root   root     6709 Feb  1 19:41 usr/lib/python3.12/site-packages/setuptools/command/develop.py
-rw-r--r--  0 root   root     3560 Feb  1 19:41 usr/lib/python3.12/site-packages/setuptools/command/dist_info.py
-rw-r--r--  0 root   root    86446 Feb  1 19:41 usr/lib/python3.12/site-packages/setuptools/command/easy_install.py
-rw-r--r--  0 root   root    33758 Feb  1 19:41 usr/lib/python3.12/site-packages/setuptools/command/editable_wheel.py
-rw-r--r--  0 root   root    26525 Feb  1 19:41 usr/lib/python3.12/site-packages/setuptools/command/egg_info.py
-rw-r--r--  0 root   root     5627 Feb  1 19:41 usr/lib/python3.12/site-packages/setuptools/command/install.py
-rw-r--r--  0 root   root     2066 Feb  1 19:41 usr/lib/python3.12/site-packages/setuptools/command/install_egg_info.py
-rw-r--r--  0 root   root     3870 Feb  1 19:41 usr/lib/python3.12/site-packages/setuptools/command/install_lib.py
-rw-r--r--  0 root   root     2359 Feb  1 19:41 usr/lib/python3.12/site-packages/setuptools/command/install_scripts.py
-rw-r--r--  0 root   root      468 Feb  1 19:41 usr/lib/python3.12/site-packages/setuptools/command/register.py
-rw-r--r--  0 root   root     2097 Feb  1 19:41 usr/lib/python3.12/site-packages/setuptools/command/rotate.py
-rw-r--r--  0 root   root      657 Feb  1 19:41 usr/lib/python3.12/site-packages/setuptools/command/saveopts.py
-rw-r--r--  0 root   root     7085 Feb  1 19:41 usr/lib/python3.12/site-packages/setuptools/command/sdist.py
-rw-r--r--  0 root   root     4927 Feb  1 19:41 usr/lib/python3.12/site-packages/setuptools/command/setopt.py
-rw-r--r--  0 root   root     8101 Feb  1 19:41 usr/lib/python3.12/site-packages/setuptools/command/test.py
-rw-r--r--  0 root   root      462 Feb  1 19:41 usr/lib/python3.12/site-packages/setuptools/command/upload.py
-rw-r--r--  0 root   root     7754 Feb  1 19:41 usr/lib/python3.12/site-packages/setuptools/command/upload_docs.py
drwxr-xr-x  0 root   root        0 Feb  1 19:41 usr/lib/python3.12/site-packages/setuptools/command/__pycache__/
-rw-r--r--  0 root   root      649 Feb  1 19:41 usr/lib/python3.12/site-packages/setuptools/command/__pycache__/__init__.cpython-312.pyc
-rw-r--r--  0 root   root     6549 Feb  1 19:41 usr/lib/python3.12/site-packages/setuptools/command/__pycache__/_requirestxt.cpython-312.pyc
-rw-r--r--  0 root   root     3535 Feb  1 19:41 usr/lib/python3.12/site-packages/setuptools/command/__pycache__/alias.cpython-312.pyc
-rw-r--r--  0 root   root    23637 Feb  1 19:41 usr/lib/python3.12/site-packages/setuptools/command/__pycache__/bdist_egg.cpython-312.pyc
-rw-r--r--  0 root   root     1993 Feb  1 19:41 usr/lib/python3.12/site-packages/setuptools/command/__pycache__/bdist_rpm.cpython-312.pyc
-rw-r--r--  0 root   root     6517 Feb  1 19:41 usr/lib/python3.12/site-packages/setuptools/command/__pycache__/build.cpython-312.pyc
-rw-r--r--  0 root   root     3852 Feb  1 19:41 usr/lib/python3.12/site-packages/setuptools/command/__pycache__/build_clib.cpython-312.pyc
-rw-r--r--  0 root   root    22660 Feb  1 19:41 usr/lib/python3.12/site-packages/setuptools/command/__pycache__/build_ext.cpython-312.pyc
-rw-r--r--  0 root   root    22079 Feb  1 19:41 usr/lib/python3.12/site-packages/setuptools/command/__pycache__/build_py.cpython-312.pyc
-rw-r--r--  0 root   root     9965 Feb  1 19:41 usr/lib/python3.12/site-packages/setuptools/command/__pycache__/develop.cpython-312.pyc
-rw-r--r--  0 root   root     5611 Feb  1 19:41 usr/lib/python3.12/site-packages/setuptools/command/__pycache__/dist_info.cpython-312.pyc
-rw-r--r--  0 root   root   109266 Feb  1 19:41 usr/lib/python3.12/site-packages/setuptools/command/__pycache__/easy_install.cpython-312.pyc
-rw-r--r--  0 root   root    47441 Feb  1 19:41 usr/lib/python3.12/site-packages/setuptools/command/__pycache__/editable_wheel.cpython-312.pyc
-rw-r--r--  0 root   root    35415 Feb  1 19:41 usr/lib/python3.12/site-packages/setuptools/command/__pycache__/egg_info.cpython-312.pyc
-rw-r--r--  0 root   root     6708 Feb  1 19:41 usr/lib/python3.12/site-packages/setuptools/command/__pycache__/install.cpython-312.pyc
-rw-r--r--  0 root   root     3753 Feb  1 19:41 usr/lib/python3.12/site-packages/setuptools/command/__pycache__/install_egg_info.cpython-312.pyc
-rw-r--r--  0 root   root     5705 Feb  1 19:41 usr/lib/python3.12/site-packages/setuptools/command/__pycache__/install_lib.cpython-312.pyc
-rw-r--r--  0 root   root     3702 Feb  1 19:41 usr/lib/python3.12/site-packages/setuptools/command/__pycache__/install_scripts.cpython-312.pyc
-rw-r--r--  0 root   root      999 Feb  1 19:41 usr/lib/python3.12/site-packages/setuptools/command/__pycache__/register.cpython-312.pyc
-rw-r--r--  0 root   root     3565 Feb  1 19:41 usr/lib/python3.12/site-packages/setuptools/command/__pycache__/rotate.cpython-312.pyc
-rw-r--r--  0 root   root     1261 Feb  1 19:41 usr/lib/python3.12/site-packages/setuptools/command/__pycache__/saveopts.cpython-312.pyc
-rw-r--r--  0 root   root    11795 Feb  1 19:41 usr/lib/python3.12/site-packages/setuptools/command/__pycache__/sdist.cpython-312.pyc
-rw-r--r--  0 root   root     6960 Feb  1 19:41 usr/lib/python3.12/site-packages/setuptools/command/__pycache__/setopt.cpython-312.pyc
-rw-r--r--  0 root   root    13199 Feb  1 19:41 usr/lib/python3.12/site-packages/setuptools/command/__pycache__/test.cpython-312.pyc
-rw-r--r--  0 root   root      969 Feb  1 19:41 usr/lib/python3.12/site-packages/setuptools/command/__pycache__/upload.cpython-312.pyc
-rw-r--r--  0 root   root    11193 Feb  1 19:41 usr/lib/python3.12/site-packages/setuptools/command/__pycache__/upload_docs.cpython-312.pyc
-rw-r--r--  0 root   root        0 Feb  1 19:41 usr/lib/python3.12/site-packages/setuptools/_vendor/__init__.py
-rw-r--r--  0 root   root    15130 Feb  1 19:41 usr/lib/python3.12/site-packages/setuptools/_vendor/ordered_set.py
-rw-r--r--  0 root   root    87149 Feb  1 19:41 usr/lib/python3.12/site-packages/setuptools/_vendor/typing_extensions.py
-rw-r--r--  0 root   root     8425 Feb  1 19:41 usr/lib/python3.12/site-packages/setuptools/_vendor/zipp.py
drwxr-xr-x  0 root   root        0 Feb  1 19:41 usr/lib/python3.12/site-packages/setuptools/_vendor/importlib_metadata/
drwxr-xr-x  0 root   root        0 Feb  1 19:41 usr/lib/python3.12/site-packages/setuptools/_vendor/importlib_resources/
drwxr-xr-x  0 root   root        0 Feb  1 19:41 usr/lib/python3.12/site-packages/setuptools/_vendor/jaraco/
drwxr-xr-x  0 root   root        0 Feb  1 19:41 usr/lib/python3.12/site-packages/setuptools/_vendor/more_itertools/
drwxr-xr-x  0 root   root        0 Feb  1 19:41 usr/lib/python3.12/site-packages/setuptools/_vendor/packaging/
drwxr-xr-x  0 root   root        0 Feb  1 19:41 usr/lib/python3.12/site-packages/setuptools/_vendor/tomli/
drwxr-xr-x  0 root   root        0 Feb  1 19:41 usr/lib/python3.12/site-packages/setuptools/_vendor/__pycache__/
-rw-r--r--  0 root   root      190 Feb  1 19:41 usr/lib/python3.12/site-packages/setuptools/_vendor/__pycache__/__init__.cpython-312.pyc
-rw-r--r--  0 root   root    19532 Feb  1 19:41 usr/lib/python3.12/site-packages/setuptools/_vendor/__pycache__/ordered_set.cpython-312.pyc
-rw-r--r--  0 root   root    98118 Feb  1 19:41 usr/lib/python3.12/site-packages/setuptools/_vendor/__pycache__/typing_extensions.cpython-312.pyc
-rw-r--r--  0 root   root    14870 Feb  1 19:41 usr/lib/python3.12/site-packages/setuptools/_vendor/__pycache__/zipp.cpython-312.pyc
-rw-r--r--  0 root   root      396 Feb  1 19:41 usr/lib/python3.12/site-packages/setuptools/_vendor/tomli/__init__.py
-rw-r--r--  0 root   root    22633 Feb  1 19:41 usr/lib/python3.12/site-packages/setuptools/_vendor/tomli/_parser.py
-rw-r--r--  0 root   root     2943 Feb  1 19:41 usr/lib/python3.12/site-packages/setuptools/_vendor/tomli/_re.py
-rw-r--r--  0 root   root      254 Feb  1 19:41 usr/lib/python3.12/site-packages/setuptools/_vendor/tomli/_types.py
-rw-r--r--  0 root   root       26 Feb  1 19:41 usr/lib/python3.12/site-packages/setuptools/_vendor/tomli/py.typed
drwxr-xr-x  0 root   root        0 Feb  1 19:41 usr/lib/python3.12/site-packages/setuptools/_vendor/tomli/__pycache__/
-rw-r--r--  0 root   root      392 Feb  1 19:41 usr/lib/python3.12/site-packages/setuptools/_vendor/tomli/__pycache__/__init__.cpython-312.pyc
-rw-r--r--  0 root   root    26935 Feb  1 19:41 usr/lib/python3.12/site-packages/setuptools/_vendor/tomli/__pycache__/_parser.cpython-312.pyc
-rw-r--r--  0 root   root     3916 Feb  1 19:41 usr/lib/python3.12/site-packages/setuptools/_vendor/tomli/__pycache__/_re.cpython-312.pyc
-rw-r--r--  0 root   root      374 Feb  1 19:41 usr/lib/python3.12/site-packages/setuptools/_vendor/tomli/__pycache__/_types.cpython-312.pyc
-rw-r--r--  0 root   root      501 Feb  1 19:41 usr/lib/python3.12/site-packages/setuptools/_vendor/packaging/__init__.py
-rw-r--r--  0 root   root     3266 Feb  1 19:41 usr/lib/python3.12/site-packages/setuptools/_vendor/packaging/_elffile.py
-rw-r--r--  0 root   root     8926 Feb  1 19:41 usr/lib/python3.12/site-packages/setuptools/_vendor/packaging/_manylinux.py
-rw-r--r--  0 root   root     2524 Feb  1 19:41 usr/lib/python3.12/site-packages/setuptools/_vendor/packaging/_musllinux.py
-rw-r--r--  0 root   root    10194 Feb  1 19:41 usr/lib/python3.12/site-packages/setuptools/_vendor/packaging/_parser.py
-rw-r--r--  0 root   root     1431 Feb  1 19:41 usr/lib/python3.12/site-packages/setuptools/_vendor/packaging/_structures.py
-rw-r--r--  0 root   root     5292 Feb  1 19:41 usr/lib/python3.12/site-packages/setuptools/_vendor/packaging/_tokenizer.py
-rw-r--r--  0 root   root     8208 Feb  1 19:41 usr/lib/python3.12/site-packages/setuptools/_vendor/packaging/markers.py
-rw-r--r--  0 root   root    16397 Feb  1 19:41 usr/lib/python3.12/site-packages/setuptools/_vendor/packaging/metadata.py
-rw-r--r--  0 root   root        0 Feb  1 19:41 usr/lib/python3.12/site-packages/setuptools/_vendor/packaging/py.typed
-rw-r--r--  0 root   root     3287 Feb  1 19:41 usr/lib/python3.12/site-packages/setuptools/_vendor/packaging/requirements.py
-rw-r--r--  0 root   root    39206 Feb  1 19:41 usr/lib/python3.12/site-packages/setuptools/_vendor/packaging/specifiers.py
-rw-r--r--  0 root   root    18106 Feb  1 19:41 usr/lib/python3.12/site-packages/setuptools/_vendor/packaging/tags.py
-rw-r--r--  0 root   root     4355 Feb  1 19:41 usr/lib/python3.12/site-packages/setuptools/_vendor/packaging/utils.py
-rw-r--r--  0 root   root    16326 Feb  1 19:41 usr/lib/python3.12/site-packages/setuptools/_vendor/packaging/version.py
drwxr-xr-x  0 root   root        0 Feb  1 19:41 usr/lib/python3.12/site-packages/setuptools/_vendor/packaging/__pycache__/
-rw-r--r--  0 root   root      570 Feb  1 19:41 usr/lib/python3.12/site-packages/setuptools/_vendor/packaging/__pycache__/__init__.cpython-312.pyc
-rw-r--r--  0 root   root     5033 Feb  1 19:41 usr/lib/python3.12/site-packages/setuptools/_vendor/packaging/__pycache__/_elffile.cpython-312.pyc
-rw-r--r--  0 root   root     9171 Feb  1 19:41 usr/lib/python3.12/site-packages/setuptools/_vendor/packaging/__pycache__/_manylinux.cpython-312.pyc
-rw-r--r--  0 root   root     4427 Feb  1 19:41 usr/lib/python3.12/site-packages/setuptools/_vendor/packaging/__pycache__/_musllinux.cpython-312.pyc
-rw-r--r--  0 root   root    13819 Feb  1 19:41 usr/lib/python3.12/site-packages/setuptools/_vendor/packaging/__pycache__/_parser.cpython-312.pyc
-rw-r--r--  0 root   root     3248 Feb  1 19:41 usr/lib/python3.12/site-packages/setuptools/_vendor/packaging/__pycache__/_structures.cpython-312.pyc
-rw-r--r--  0 root   root     7937 Feb  1 19:41 usr/lib/python3.12/site-packages/setuptools/_vendor/packaging/__pycache__/_tokenizer.cpython-312.pyc
-rw-r--r--  0 root   root    10497 Feb  1 19:41 usr/lib/python3.12/site-packages/setuptools/_vendor/packaging/__pycache__/markers.cpython-312.pyc
-rw-r--r--  0 root   root     9858 Feb  1 19:41 usr/lib/python3.12/site-packages/setuptools/_vendor/packaging/__pycache__/metadata.cpython-312.pyc
-rw-r--r--  0 root   root     4889 Feb  1 19:41 usr/lib/python3.12/site-packages/setuptools/_vendor/packaging/__pycache__/requirements.cpython-312.pyc
-rw-r--r--  0 root   root    38677 Feb  1 19:41 usr/lib/python3.12/site-packages/setuptools/_vendor/packaging/__pycache__/specifiers.cpython-312.pyc
-rw-r--r--  0 root   root    20774 Feb  1 19:41 usr/lib/python3.12/site-packages/setuptools/_vendor/packaging/__pycache__/tags.cpython-312.pyc
-rw-r--r--  0 root   root     5986 Feb  1 19:41 usr/lib/python3.12/site-packages/setuptools/_vendor/packaging/__pycache__/utils.cpython-312.pyc
-rw-r--r--  0 root   root    19758 Feb  1 19:41 usr/lib/python3.12/site-packages/setuptools/_vendor/packaging/__pycache__/version.cpython-312.pyc
-rw-r--r--  0 root   root       82 Feb  1 19:41 usr/lib/python3.12/site-packages/setuptools/_vendor/more_itertools/__init__.py
-rw-r--r--  0 root   root       43 Feb  1 19:41 usr/lib/python3.12/site-packages/setuptools/_vendor/more_itertools/__init__.pyi
-rw-r--r--  0 root   root   117959 Feb  1 19:41 usr/lib/python3.12/site-packages/setuptools/_vendor/more_itertools/more.py
-rw-r--r--  0 root   root    14977 Feb  1 19:41 usr/lib/python3.12/site-packages/setuptools/_vendor/more_itertools/more.pyi
-rw-r--r--  0 root   root        0 Feb  1 19:41 usr/lib/python3.12/site-packages/setuptools/_vendor/more_itertools/py.typed
-rw-r--r--  0 root   root    16256 Feb  1 19:41 usr/lib/python3.12/site-packages/setuptools/_vendor/more_itertools/recipes.py
-rw-r--r--  0 root   root     3551 Feb  1 19:41 usr/lib/python3.12/site-packages/setuptools/_vendor/more_itertools/recipes.pyi
drwxr-xr-x  0 root   root        0 Feb  1 19:41 usr/lib/python3.12/site-packages/setuptools/_vendor/more_itertools/__pycache__/
-rw-r--r--  0 root   root      282 Feb  1 19:41 usr/lib/python3.12/site-packages/setuptools/_vendor/more_itertools/__pycache__/__init__.cpython-312.pyc
-rw-r--r--  0 root   root   138039 Feb  1 19:41 usr/lib/python3.12/site-packages/setuptools/_vendor/more_itertools/__pycache__/more.cpython-312.pyc
-rw-r--r--  0 root   root    21795 Feb  1 19:41 usr/lib/python3.12/site-packages/setuptools/_vendor/more_itertools/__pycache__/recipes.cpython-312.pyc
-rw-r--r--  0 root   root        0 Feb  1 19:41 usr/lib/python3.12/site-packages/setuptools/_vendor/jaraco/__init__.py
-rw-r--r--  0 root   root     7460 Feb  1 19:41 usr/lib/python3.12/site-packages/setuptools/_vendor/jaraco/context.py
-rw-r--r--  0 root   root    15053 Feb  1 19:41 usr/lib/python3.12/site-packages/setuptools/_vendor/jaraco/functools.py
drwxr-xr-x  0 root   root        0 Feb  1 19:41 usr/lib/python3.12/site-packages/setuptools/_vendor/jaraco/text/
drwxr-xr-x  0 root   root        0 Feb  1 19:41 usr/lib/python3.12/site-packages/setuptools/_vendor/jaraco/__pycache__/
-rw-r--r--  0 root   root      197 Feb  1 19:41 usr/lib/python3.12/site-packages/setuptools/_vendor/jaraco/__pycache__/__init__.cpython-312.pyc
-rw-r--r--  0 root   root    11129 Feb  1 19:41 usr/lib/python3.12/site-packages/setuptools/_vendor/jaraco/__pycache__/context.cpython-312.pyc
-rw-r--r--  0 root   root    20536 Feb  1 19:41 usr/lib/python3.12/site-packages/setuptools/_vendor/jaraco/__pycache__/functools.cpython-312.pyc
-rw-r--r--  0 root   root    15517 Feb  1 19:41 usr/lib/python3.12/site-packages/setuptools/_vendor/jaraco/text/__init__.py
drwxr-xr-x  0 root   root        0 Feb  1 19:41 usr/lib/python3.12/site-packages/setuptools/_vendor/jaraco/text/__pycache__/
-rw-r--r--  0 root   root    24435 Feb  1 19:41 usr/lib/python3.12/site-packages/setuptools/_vendor/jaraco/text/__pycache__/__init__.cpython-312.pyc
-rw-r--r--  0 root   root      506 Feb  1 19:41 usr/lib/python3.12/site-packages/setuptools/_vendor/importlib_resources/__init__.py
-rw-r--r--  0 root   root     4504 Feb  1 19:41 usr/lib/python3.12/site-packages/setuptools/_vendor/importlib_resources/_adapters.py
-rw-r--r--  0 root   root     5457 Feb  1 19:41 usr/lib/python3.12/site-packages/setuptools/_vendor/importlib_resources/_common.py
-rw-r--r--  0 root   root     2925 Feb  1 19:41 usr/lib/python3.12/site-packages/setuptools/_vendor/importlib_resources/_compat.py
-rw-r--r--  0 root   root      884 Feb  1 19:41 usr/lib/python3.12/site-packages/setuptools/_vendor/importlib_resources/_itertools.py
-rw-r--r--  0 root   root     3481 Feb  1 19:41 usr/lib/python3.12/site-packages/setuptools/_vendor/importlib_resources/_legacy.py
-rw-r--r--  0 root   root     5140 Feb  1 19:41 usr/lib/python3.12/site-packages/setuptools/_vendor/importlib_resources/abc.py
-rw-r--r--  0 root   root        0 Feb  1 19:41 usr/lib/python3.12/site-packages/setuptools/_vendor/importlib_resources/py.typed
-rw-r--r--  0 root   root     3581 Feb  1 19:41 usr/lib/python3.12/site-packages/setuptools/_vendor/importlib_resources/readers.py
-rw-r--r--  0 root   root     2576 Feb  1 19:41 usr/lib/python3.12/site-packages/setuptools/_vendor/importlib_resources/simple.py
drwxr-xr-x  0 root   root        0 Feb  1 19:41 usr/lib/python3.12/site-packages/setuptools/_vendor/importlib_resources/__pycache__/
-rw-r--r--  0 root   root      677 Feb  1 19:41 usr/lib/python3.12/site-packages/setuptools/_vendor/importlib_resources/__pycache__/__init__.cpython-312.pyc
-rw-r--r--  0 root   root     9722 Feb  1 19:41 usr/lib/python3.12/site-packages/setuptools/_vendor/importlib_resources/__pycache__/_adapters.cpython-312.pyc
-rw-r--r--  0 root   root     8769 Feb  1 19:41 usr/lib/python3.12/site-packages/setuptools/_vendor/importlib_resources/__pycache__/_common.cpython-312.pyc
-rw-r--r--  0 root   root     5043 Feb  1 19:41 usr/lib/python3.12/site-packages/setuptools/_vendor/importlib_resources/__pycache__/_compat.cpython-312.pyc
-rw-r--r--  0 root   root     1189 Feb  1 19:41 usr/lib/python3.12/site-packages/setuptools/_vendor/importlib_resources/__pycache__/_itertools.cpython-312.pyc
-rw-r--r--  0 root   root     5805 Feb  1 19:41 usr/lib/python3.12/site-packages/setuptools/_vendor/importlib_resources/__pycache__/_legacy.cpython-312.pyc
-rw-r--r--  0 root   root     8887 Feb  1 19:41 usr/lib/python3.12/site-packages/setuptools/_vendor/importlib_resources/__pycache__/abc.cpython-312.pyc
-rw-r--r--  0 root   root     7660 Feb  1 19:41 usr/lib/python3.12/site-packages/setuptools/_vendor/importlib_resources/__pycache__/readers.cpython-312.pyc
-rw-r--r--  0 root   root     5513 Feb  1 19:41 usr/lib/python3.12/site-packages/setuptools/_vendor/importlib_resources/__pycache__/simple.cpython-312.pyc
-rw-r--r--  0 root   root    26498 Feb  1 19:41 usr/lib/python3.12/site-packages/setuptools/_vendor/importlib_metadata/__init__.py
-rw-r--r--  0 root   root     2454 Feb  1 19:41 usr/lib/python3.12/site-packages/setuptools/_vendor/importlib_metadata/_adapters.py
-rw-r--r--  0 root   root      743 Feb  1 19:41 usr/lib/python3.12/site-packages/setuptools/_vendor/importlib_metadata/_collections.py
-rw-r--r--  0 root   root     1859 Feb  1 19:41 usr/lib/python3.12/site-packages/setuptools/_vendor/importlib_metadata/_compat.py
-rw-r--r--  0 root   root     2895 Feb  1 19:41 usr/lib/python3.12/site-packages/setuptools/_vendor/importlib_metadata/_functools.py
-rw-r--r--  0 root   root     2068 Feb  1 19:41 usr/lib/python3.12/site-packages/setuptools/_vendor/importlib_metadata/_itertools.py
-rw-r--r--  0 root   root     1165 Feb  1 19:41 usr/lib/python3.12/site-packages/setuptools/_vendor/importlib_metadata/_meta.py
-rw-r--r--  0 root   root     1098 Feb  1 19:41 usr/lib/python3.12/site-packages/setuptools/_vendor/importlib_metadata/_py39compat.py
-rw-r--r--  0 root   root     2166 Feb  1 19:41 usr/lib/python3.12/site-packages/setuptools/_vendor/importlib_metadata/_text.py
-rw-r--r--  0 root   root        0 Feb  1 19:41 usr/lib/python3.12/site-packages/setuptools/_vendor/importlib_metadata/py.typed
drwxr-xr-x  0 root   root        0 Feb  1 19:41 usr/lib/python3.12/site-packages/setuptools/_vendor/importlib_metadata/__pycache__/
-rw-r--r--  0 root   root    45248 Feb  1 19:41 usr/lib/python3.12/site-packages/setuptools/_vendor/importlib_metadata/__pycache__/__init__.cpython-312.pyc
-rw-r--r--  0 root   root     3958 Feb  1 19:41 usr/lib/python3.12/site-packages/setuptools/_vendor/importlib_metadata/__pycache__/_adapters.cpython-312.pyc
-rw-r--r--  0 root   root     1945 Feb  1 19:41 usr/lib/python3.12/site-packages/setuptools/_vendor/importlib_metadata/__pycache__/_collections.cpython-312.pyc
-rw-r--r--  0 root   root     2467 Feb  1 19:41 usr/lib/python3.12/site-packages/setuptools/_vendor/importlib_metadata/__pycache__/_compat.cpython-312.pyc
-rw-r--r--  0 root   root     3503 Feb  1 19:41 usr/lib/python3.12/site-packages/setuptools/_vendor/importlib_metadata/__pycache__/_functools.cpython-312.pyc
-rw-r--r--  0 root   root     2427 Feb  1 19:41 usr/lib/python3.12/site-packages/setuptools/_vendor/importlib_metadata/__pycache__/_itertools.cpython-312.pyc
-rw-r--r--  0 root   root     2711 Feb  1 19:41 usr/lib/python3.12/site-packages/setuptools/_vendor/importlib_metadata/__pycache__/_meta.cpython-312.pyc
-rw-r--r--  0 root   root     1659 Feb  1 19:41 usr/lib/python3.12/site-packages/setuptools/_vendor/importlib_metadata/__pycache__/_py39compat.cpython-312.pyc
-rw-r--r--  0 root   root     3904 Feb  1 19:41 usr/lib/python3.12/site-packages/setuptools/_vendor/importlib_metadata/__pycache__/_text.cpython-312.pyc
-rw-r--r--  0 root   root      359 Feb  1 19:41 usr/lib/python3.12/site-packages/setuptools/_distutils/__init__.py
-rw-r--r--  0 root   root     5300 Feb  1 19:41 usr/lib/python3.12/site-packages/setuptools/_distutils/_collections.py
-rw-r--r--  0 root   root     1771 Feb  1 19:41 usr/lib/python3.12/site-packages/setuptools/_distutils/_functools.py
-rw-r--r--  0 root   root       43 Feb  1 19:41 usr/lib/python3.12/site-packages/setuptools/_distutils/_log.py
-rw-r--r--  0 root   root      239 Feb  1 19:41 usr/lib/python3.12/site-packages/setuptools/_distutils/_macos_compat.py
-rw-r--r--  0 root   root     2411 Feb  1 19:41 usr/lib/python3.12/site-packages/setuptools/_distutils/_modified.py
-rw-r--r--  0 root   root    19616 Feb  1 19:41 usr/lib/python3.12/site-packages/setuptools/_distutils/_msvccompiler.py
-rw-r--r--  0 root   root     8572 Feb  1 19:41 usr/lib/python3.12/site-packages/setuptools/_distutils/archive_util.py
-rw-r--r--  0 root   root    14722 Feb  1 19:41 usr/lib/python3.12/site-packages/setuptools/_distutils/bcppcompiler.py
-rw-r--r--  0 root   root    48644 Feb  1 19:41 usr/lib/python3.12/site-packages/setuptools/_distutils/ccompiler.py
-rw-r--r--  0 root   root    17863 Feb  1 19:41 usr/lib/python3.12/site-packages/setuptools/_distutils/cmd.py
-rw-r--r--  0 root   root     4911 Feb  1 19:41 usr/lib/python3.12/site-packages/setuptools/_distutils/config.py
-rw-r--r--  0 root   root     9397 Feb  1 19:41 usr/lib/python3.12/site-packages/setuptools/_distutils/core.py
-rw-r--r--  0 root   root    11924 Feb  1 19:41 usr/lib/python3.12/site-packages/setuptools/_distutils/cygwinccompiler.py
-rw-r--r--  0 root   root      139 Feb  1 19:41 usr/lib/python3.12/site-packages/setuptools/_distutils/debug.py
-rw-r--r--  0 root   root      349 Feb  1 19:41 usr/lib/python3.12/site-packages/setuptools/_distutils/dep_util.py
-rw-r--r--  0 root   root     8072 Feb  1 19:41 usr/lib/python3.12/site-packages/setuptools/_distutils/dir_util.py
-rw-r--r--  0 root   root    50174 Feb  1 19:41 usr/lib/python3.12/site-packages/setuptools/_distutils/dist.py
-rw-r--r--  0 root   root     3589 Feb  1 19:41 usr/lib/python3.12/site-packages/setuptools/_distutils/errors.py
-rw-r--r--  0 root   root    10270 Feb  1 19:41 usr/lib/python3.12/site-packages/setuptools/_distutils/extension.py
-rw-r--r--  0 root   root    17899 Feb  1 19:41 usr/lib/python3.12/site-packages/setuptools/_distutils/fancy_getopt.py
-rw-r--r--  0 root   root     8213 Feb  1 19:41 usr/lib/python3.12/site-packages/setuptools/_distutils/file_util.py
-rw-r--r--  0 root   root    13715 Feb  1 19:41 usr/lib/python3.12/site-packages/setuptools/_distutils/filelist.py
-rw-r--r--  0 root   root     1201 Feb  1 19:41 usr/lib/python3.12/site-packages/setuptools/_distutils/log.py
-rw-r--r--  0 root   root    30188 Feb  1 19:41 usr/lib/python3.12/site-packages/setuptools/_distutils/msvc9compiler.py
-rw-r--r--  0 root   root    23577 Feb  1 19:41 usr/lib/python3.12/site-packages/setuptools/_distutils/msvccompiler.py
-rw-r--r--  0 root   root      217 Feb  1 19:41 usr/lib/python3.12/site-packages/setuptools/_distutils/py38compat.py
-rw-r--r--  0 root   root     1964 Feb  1 19:41 usr/lib/python3.12/site-packages/setuptools/_distutils/py39compat.py
-rw-r--r--  0 root   root     3495 Feb  1 19:41 usr/lib/python3.12/site-packages/setuptools/_distutils/spawn.py
-rw-r--r--  0 root   root    18928 Feb  1 19:41 usr/lib/python3.12/site-packages/setuptools/_distutils/sysconfig.py
-rw-r--r--  0 root   root    12085 Feb  1 19:41 usr/lib/python3.12/site-packages/setuptools/_distutils/text_file.py
-rw-r--r--  0 root   root    15602 Feb  1 19:41 usr/lib/python3.12/site-packages/setuptools/_distutils/unixccompiler.py
-rw-r--r--  0 root   root    18100 Feb  1 19:41 usr/lib/python3.12/site-packages/setuptools/_distutils/util.py
-rw-r--r--  0 root   root    12951 Feb  1 19:41 usr/lib/python3.12/site-packages/setuptools/_distutils/version.py
-rw-r--r--  0 root   root     5205 Feb  1 19:41 usr/lib/python3.12/site-packages/setuptools/_distutils/versionpredicate.py
drwxr-xr-x  0 root   root        0 Feb  1 19:41 usr/lib/python3.12/site-packages/setuptools/_distutils/command/
drwxr-xr-x  0 root   root        0 Feb  1 19:41 usr/lib/python3.12/site-packages/setuptools/_distutils/__pycache__/
-rw-r--r--  0 root   root      529 Feb  1 19:41 usr/lib/python3.12/site-packages/setuptools/_distutils/__pycache__/__init__.cpython-312.pyc
-rw-r--r--  0 root   root     7889 Feb  1 19:41 usr/lib/python3.12/site-packages/setuptools/_distutils/__pycache__/_collections.cpython-312.pyc
-rw-r--r--  0 root   root     2591 Feb  1 19:41 usr/lib/python3.12/site-packages/setuptools/_distutils/__pycache__/_functools.cpython-312.pyc
-rw-r--r--  0 root   root      279 Feb  1 19:41 usr/lib/python3.12/site-packages/setuptools/_distutils/__pycache__/_log.cpython-312.pyc
-rw-r--r--  0 root   root      566 Feb  1 19:41 usr/lib/python3.12/site-packages/setuptools/_distutils/__pycache__/_macos_compat.cpython-312.pyc
-rw-r--r--  0 root   root     3885 Feb  1 19:41 usr/lib/python3.12/site-packages/setuptools/_distutils/__pycache__/_modified.cpython-312.pyc
-rw-r--r--  0 root   root    22434 Feb  1 19:41 usr/lib/python3.12/site-packages/setuptools/_distutils/__pycache__/_msvccompiler.cpython-312.pyc
-rw-r--r--  0 root   root     9762 Feb  1 19:41 usr/lib/python3.12/site-packages/setuptools/_distutils/__pycache__/archive_util.cpython-312.pyc
-rw-r--r--  0 root   root    12011 Feb  1 19:41 usr/lib/python3.12/site-packages/setuptools/_distutils/__pycache__/bcppcompiler.cpython-312.pyc
-rw-r--r--  0 root   root    44257 Feb  1 19:41 usr/lib/python3.12/site-packages/setuptools/_distutils/__pycache__/ccompiler.cpython-312.pyc
-rw-r--r--  0 root   root    17569 Feb  1 19:41 usr/lib/python3.12/site-packages/setuptools/_distutils/__pycache__/cmd.cpython-312.pyc
-rw-r--r--  0 root   root     5431 Feb  1 19:41 usr/lib/python3.12/site-packages/setuptools/_distutils/__pycache__/config.cpython-312.pyc
-rw-r--r--  0 root   root     9149 Feb  1 19:41 usr/lib/python3.12/site-packages/setuptools/_distutils/__pycache__/core.cpython-312.pyc
-rw-r--r--  0 root   root    12157 Feb  1 19:41 usr/lib/python3.12/site-packages/setuptools/_distutils/__pycache__/cygwinccompiler.cpython-312.pyc
-rw-r--r--  0 root   root      320 Feb  1 19:41 usr/lib/python3.12/site-packages/setuptools/_distutils/__pycache__/debug.cpython-312.pyc
-rw-r--r--  0 root   root      714 Feb  1 19:41 usr/lib/python3.12/site-packages/setuptools/_distutils/__pycache__/dep_util.cpython-312.pyc
-rw-r--r--  0 root   root     9578 Feb  1 19:41 usr/lib/python3.12/site-packages/setuptools/_distutils/__pycache__/dir_util.cpython-312.pyc
-rw-r--r--  0 root   root    50476 Feb  1 19:41 usr/lib/python3.12/site-packages/setuptools/_distutils/__pycache__/dist.cpython-312.pyc
-rw-r--r--  0 root   root     5752 Feb  1 19:41 usr/lib/python3.12/site-packages/setuptools/_distutils/__pycache__/errors.cpython-312.pyc
-rw-r--r--  0 root   root     9430 Feb  1 19:41 usr/lib/python3.12/site-packages/setuptools/_distutils/__pycache__/extension.cpython-312.pyc
-rw-r--r--  0 root   root    15567 Feb  1 19:41 usr/lib/python3.12/site-packages/setuptools/_distutils/__pycache__/fancy_getopt.cpython-312.pyc
-rw-r--r--  0 root   root     9605 Feb  1 19:41 usr/lib/python3.12/site-packages/setuptools/_distutils/__pycache__/file_util.cpython-312.pyc
-rw-r--r--  0 root   root    15809 Feb  1 19:41 usr/lib/python3.12/site-packages/setuptools/_distutils/__pycache__/filelist.cpython-312.pyc
-rw-r--r--  0 root   root     2617 Feb  1 19:41 usr/lib/python3.12/site-packages/setuptools/_distutils/__pycache__/log.cpython-312.pyc
-rw-r--r--  0 root   root    30881 Feb  1 19:41 usr/lib/python3.12/site-packages/setuptools/_distutils/__pycache__/msvc9compiler.cpython-312.pyc
-rw-r--r--  0 root   root    25049 Feb  1 19:41 usr/lib/python3.12/site-packages/setuptools/_distutils/__pycache__/msvccompiler.cpython-312.pyc
-rw-r--r--  0 root   root      562 Feb  1 19:41 usr/lib/python3.12/site-packages/setuptools/_distutils/__pycache__/py38compat.cpython-312.pyc
-rw-r--r--  0 root   root     2697 Feb  1 19:41 usr/lib/python3.12/site-packages/setuptools/_distutils/__pycache__/py39compat.cpython-312.pyc
-rw-r--r--  0 root   root     4109 Feb  1 19:41 usr/lib/python3.12/site-packages/setuptools/_distutils/__pycache__/spawn.cpython-312.pyc
-rw-r--r--  0 root   root    20966 Feb  1 19:41 usr/lib/python3.12/site-packages/setuptools/_distutils/__pycache__/sysconfig.cpython-312.pyc
-rw-r--r--  0 root   root    10764 Feb  1 19:41 usr/lib/python3.12/site-packages/setuptools/_distutils/__pycache__/text_file.cpython-312.pyc
-rw-r--r--  0 root   root    15240 Feb  1 19:41 usr/lib/python3.12/site-packages/setuptools/_distutils/__pycache__/unixccompiler.cpython-312.pyc
-rw-r--r--  0 root   root    18943 Feb  1 19:41 usr/lib/python3.12/site-packages/setuptools/_distutils/__pycache__/util.cpython-312.pyc
-rw-r--r--  0 root   root    10455 Feb  1 19:41 usr/lib/python3.12/site-packages/setuptools/_distutils/__pycache__/version.cpython-312.pyc
-rw-r--r--  0 root   root     6903 Feb  1 19:41 usr/lib/python3.12/site-packages/setuptools/_distutils/__pycache__/versionpredicate.cpython-312.pyc
-rw-r--r--  0 root   root      430 Feb  1 19:41 usr/lib/python3.12/site-packages/setuptools/_distutils/command/__init__.py
-rw-r--r--  0 root   root     1614 Feb  1 19:41 usr/lib/python3.12/site-packages/setuptools/_distutils/command/_framework_compat.py
-rw-r--r--  0 root   root     5408 Feb  1 19:41 usr/lib/python3.12/site-packages/setuptools/_distutils/command/bdist.py
-rw-r--r--  0 root   root     4665 Feb  1 19:41 usr/lib/python3.12/site-packages/setuptools/_distutils/command/bdist_dumb.py
-rw-r--r--  0 root   root    22013 Feb  1 19:41 usr/lib/python3.12/site-packages/setuptools/_distutils/command/bdist_rpm.py
-rw-r--r--  0 root   root     5584 Feb  1 19:41 usr/lib/python3.12/site-packages/setuptools/_distutils/command/build.py
-rw-r--r--  0 root   root     7684 Feb  1 19:41 usr/lib/python3.12/site-packages/setuptools/_distutils/command/build_clib.py
-rw-r--r--  0 root   root    31504 Feb  1 19:41 usr/lib/python3.12/site-packages/setuptools/_distutils/command/build_ext.py
-rw-r--r--  0 root   root    16537 Feb  1 19:41 usr/lib/python3.12/site-packages/setuptools/_distutils/command/build_py.py
-rw-r--r--  0 root   root     5605 Feb  1 19:41 usr/lib/python3.12/site-packages/setuptools/_distutils/command/build_scripts.py
-rw-r--r--  0 root   root     4872 Feb  1 19:41 usr/lib/python3.12/site-packages/setuptools/_distutils/command/check.py
-rw-r--r--  0 root   root     2594 Feb  1 19:41 usr/lib/python3.12/site-packages/setuptools/_distutils/command/clean.py
-rw-r--r--  0 root   root    13077 Feb  1 19:41 usr/lib/python3.12/site-packages/setuptools/_distutils/command/config.py
-rw-r--r--  0 root   root    30153 Feb  1 19:41 usr/lib/python3.12/site-packages/setuptools/_distutils/command/install.py
-rw-r--r--  0 root   root     2762 Feb  1 19:41 usr/lib/python3.12/site-packages/setuptools/_distutils/command/install_data.py
-rw-r--r--  0 root   root     2788 Feb  1 19:41 usr/lib/python3.12/site-packages/setuptools/_distutils/command/install_egg_info.py
-rw-r--r--  0 root   root     1180 Feb  1 19:41 usr/lib/python3.12/site-packages/setuptools/_distutils/command/install_headers.py
-rw-r--r--  0 root   root     8409 Feb  1 19:41 usr/lib/python3.12/site-packages/setuptools/_distutils/command/install_lib.py
-rw-r--r--  0 root   root     1932 Feb  1 19:41 usr/lib/python3.12/site-packages/setuptools/_distutils/command/install_scripts.py
-rw-r--r--  0 root   root      672 Feb  1 19:41 usr/lib/python3.12/site-packages/setuptools/_distutils/command/py37compat.py
-rw-r--r--  0 root   root    11817 Feb  1 19:41 usr/lib/python3.12/site-packages/setuptools/_distutils/command/register.py
-rw-r--r--  0 root   root    19232 Feb  1 19:41 usr/lib/python3.12/site-packages/setuptools/_distutils/command/sdist.py
-rw-r--r--  0 root   root     7491 Feb  1 19:41 usr/lib/python3.12/site-packages/setuptools/_distutils/command/upload.py
drwxr-xr-x  0 root   root        0 Feb  1 19:41 usr/lib/python3.12/site-packages/setuptools/_distutils/command/__pycache__/
-rw-r--r--  0 root   root      530 Feb  1 19:41 usr/lib/python3.12/site-packages/setuptools/_distutils/command/__pycache__/__init__.cpython-312.pyc
-rw-r--r--  0 root   root     2646 Feb  1 19:41 usr/lib/python3.12/site-packages/setuptools/_distutils/command/__pycache__/_framework_compat.cpython-312.pyc
-rw-r--r--  0 root   root     5620 Feb  1 19:41 usr/lib/python3.12/site-packages/setuptools/_distutils/command/__pycache__/bdist.cpython-312.pyc
-rw-r--r--  0 root   root     5539 Feb  1 19:41 usr/lib/python3.12/site-packages/setuptools/_distutils/command/__pycache__/bdist_dumb.cpython-312.pyc
-rw-r--r--  0 root   root    21530 Feb  1 19:41 usr/lib/python3.12/site-packages/setuptools/_distutils/command/__pycache__/bdist_rpm.cpython-312.pyc
-rw-r--r--  0 root   root     5877 Feb  1 19:41 usr/lib/python3.12/site-packages/setuptools/_distutils/command/__pycache__/build.cpython-312.pyc
-rw-r--r--  0 root   root     7359 Feb  1 19:41 usr/lib/python3.12/site-packages/setuptools/_distutils/command/__pycache__/build_clib.cpython-312.pyc
-rw-r--r--  0 root   root    28812 Feb  1 19:41 usr/lib/python3.12/site-packages/setuptools/_distutils/command/__pycache__/build_ext.cpython-312.pyc
-rw-r--r--  0 root   root    16028 Feb  1 19:41 usr/lib/python3.12/site-packages/setuptools/_distutils/command/__pycache__/build_py.cpython-312.pyc
-rw-r--r--  0 root   root     7110 Feb  1 19:41 usr/lib/python3.12/site-packages/setuptools/_distutils/command/__pycache__/build_scripts.cpython-312.pyc
-rw-r--r--  0 root   root     6951 Feb  1 19:41 usr/lib/python3.12/site-packages/setuptools/_distutils/command/__pycache__/check.cpython-312.pyc
-rw-r--r--  0 root   root     3023 Feb  1 19:41 usr/lib/python3.12/site-packages/setuptools/_distutils/command/__pycache__/clean.cpython-312.pyc
-rw-r--r--  0 root   root    14988 Feb  1 19:41 usr/lib/python3.12/site-packages/setuptools/_distutils/command/__pycache__/config.cpython-312.pyc
-rw-r--r--  0 root   root    27170 Feb  1 19:41 usr/lib/python3.12/site-packages/setuptools/_distutils/command/__pycache__/install.cpython-312.pyc
-rw-r--r--  0 root   root     3501 Feb  1 19:41 usr/lib/python3.12/site-packages/setuptools/_distutils/command/__pycache__/install_data.cpython-312.pyc
-rw-r--r--  0 root   root     4896 Feb  1 19:41 usr/lib/python3.12/site-packages/setuptools/_distutils/command/__pycache__/install_egg_info.cpython-312.pyc
-rw-r--r--  0 root   root     2233 Feb  1 19:41 usr/lib/python3.12/site-packages/setuptools/_distutils/command/__pycache__/install_headers.cpython-312.pyc
-rw-r--r--  0 root   root     8119 Feb  1 19:41 usr/lib/python3.12/site-packages/setuptools/_distutils/command/__pycache__/install_lib.cpython-312.pyc
-rw-r--r--  0 root   root     2956 Feb  1 19:41 usr/lib/python3.12/site-packages/setuptools/_distutils/command/__pycache__/install_scripts.cpython-312.pyc
-rw-r--r--  0 root   root     1439 Feb  1 19:41 usr/lib/python3.12/site-packages/setuptools/_distutils/command/__pycache__/py37compat.cpython-312.pyc
-rw-r--r--  0 root   root    14275 Feb  1 19:41 usr/lib/python3.12/site-packages/setuptools/_distutils/command/__pycache__/register.cpython-312.pyc
-rw-r--r--  0 root   root    22250 Feb  1 19:41 usr/lib/python3.12/site-packages/setuptools/_distutils/command/__pycache__/sdist.cpython-312.pyc
-rw-r--r--  0 root   root     9462 Feb  1 19:41 usr/lib/python3.12/site-packages/setuptools/_distutils/command/__pycache__/upload.cpython-312.pyc
-rw-r--r--  0 root   root   109343 Feb  1 19:41 usr/lib/python3.12/site-packages/pkg_resources/__init__.py
drwxr-xr-x  0 root   root        0 Feb  1 19:41 usr/lib/python3.12/site-packages/pkg_resources/_vendor/
drwxr-xr-x  0 root   root        0 Feb  1 19:41 usr/lib/python3.12/site-packages/pkg_resources/extern/
drwxr-xr-x  0 root   root        0 Feb  1 19:41 usr/lib/python3.12/site-packages/pkg_resources/__pycache__/
-rw-r--r--  0 root   root   146476 Feb  1 19:41 usr/lib/python3.12/site-packages/pkg_resources/__pycache__/__init__.cpython-312.pyc
-rw-r--r--  0 root   root     2442 Feb  1 19:41 usr/lib/python3.12/site-packages/pkg_resources/extern/__init__.py
drwxr-xr-x  0 root   root        0 Feb  1 19:41 usr/lib/python3.12/site-packages/pkg_resources/extern/__pycache__/
-rw-r--r--  0 root   root     4043 Feb  1 19:41 usr/lib/python3.12/site-packages/pkg_resources/extern/__pycache__/__init__.cpython-312.pyc
-rw-r--r--  0 root   root        0 Feb  1 19:41 usr/lib/python3.12/site-packages/pkg_resources/_vendor/__init__.py
-rw-r--r--  0 root   root    80078 Feb  1 19:41 usr/lib/python3.12/site-packages/pkg_resources/_vendor/typing_extensions.py
-rw-r--r--  0 root   root     8425 Feb  1 19:41 usr/lib/python3.12/site-packages/pkg_resources/_vendor/zipp.py
drwxr-xr-x  0 root   root        0 Feb  1 19:41 usr/lib/python3.12/site-packages/pkg_resources/_vendor/importlib_resources/
drwxr-xr-x  0 root   root        0 Feb  1 19:41 usr/lib/python3.12/site-packages/pkg_resources/_vendor/jaraco/
drwxr-xr-x  0 root   root        0 Feb  1 19:41 usr/lib/python3.12/site-packages/pkg_resources/_vendor/more_itertools/
drwxr-xr-x  0 root   root        0 Feb  1 19:41 usr/lib/python3.12/site-packages/pkg_resources/_vendor/packaging/
drwxr-xr-x  0 root   root        0 Feb  1 19:41 usr/lib/python3.12/site-packages/pkg_resources/_vendor/platformdirs/
drwxr-xr-x  0 root   root        0 Feb  1 19:41 usr/lib/python3.12/site-packages/pkg_resources/_vendor/__pycache__/
-rw-r--r--  0 root   root      193 Feb  1 19:41 usr/lib/python3.12/site-packages/pkg_resources/_vendor/__pycache__/__init__.cpython-312.pyc
-rw-r--r--  0 root   root    89822 Feb  1 19:41 usr/lib/python3.12/site-packages/pkg_resources/_vendor/__pycache__/typing_extensions.cpython-312.pyc
-rw-r--r--  0 root   root    14873 Feb  1 19:41 usr/lib/python3.12/site-packages/pkg_resources/_vendor/__pycache__/zipp.cpython-312.pyc
-rw-r--r--  0 root   root    12806 Feb  1 19:41 usr/lib/python3.12/site-packages/pkg_resources/_vendor/platformdirs/__init__.py
-rw-r--r--  0 root   root     1164 Feb  1 19:41 usr/lib/python3.12/site-packages/pkg_resources/_vendor/platformdirs/__main__.py
-rw-r--r--  0 root   root     4068 Feb  1 19:41 usr/lib/python3.12/site-packages/pkg_resources/_vendor/platformdirs/android.py
-rw-r--r--  0 root   root     4910 Feb  1 19:41 usr/lib/python3.12/site-packages/pkg_resources/_vendor/platformdirs/api.py
-rw-r--r--  0 root   root     2655 Feb  1 19:41 usr/lib/python3.12/site-packages/pkg_resources/_vendor/platformdirs/macos.py
-rw-r--r--  0 root   root        0 Feb  1 19:41 usr/lib/python3.12/site-packages/pkg_resources/_vendor/platformdirs/py.typed
-rw-r--r--  0 root   root     6911 Feb  1 19:41 usr/lib/python3.12/site-packages/pkg_resources/_vendor/platformdirs/unix.py
-rw-r--r--  0 root   root      160 Feb  1 19:41 usr/lib/python3.12/site-packages/pkg_resources/_vendor/platformdirs/version.py
-rw-r--r--  0 root   root     6596 Feb  1 19:41 usr/lib/python3.12/site-packages/pkg_resources/_vendor/platformdirs/windows.py
drwxr-xr-x  0 root   root        0 Feb  1 19:41 usr/lib/python3.12/site-packages/pkg_resources/_vendor/platformdirs/__pycache__/
-rw-r--r--  0 root   root    13210 Feb  1 19:41 usr/lib/python3.12/site-packages/pkg_resources/_vendor/platformdirs/__pycache__/__init__.cpython-312.pyc
-rw-r--r--  0 root   root     1798 Feb  1 19:41 usr/lib/python3.12/site-packages/pkg_resources/_vendor/platformdirs/__pycache__/__main__.cpython-312.pyc
-rw-r--r--  0 root   root     5795 Feb  1 19:41 usr/lib/python3.12/site-packages/pkg_resources/_vendor/platformdirs/__pycache__/android.cpython-312.pyc
-rw-r--r--  0 root   root     6617 Feb  1 19:41 usr/lib/python3.12/site-packages/pkg_resources/_vendor/platformdirs/__pycache__/api.cpython-312.pyc
-rw-r--r--  0 root   root     4241 Feb  1 19:41 usr/lib/python3.12/site-packages/pkg_resources/_vendor/platformdirs/__pycache__/macos.cpython-312.pyc
-rw-r--r--  0 root   root     9978 Feb  1 19:41 usr/lib/python3.12/site-packages/pkg_resources/_vendor/platformdirs/__pycache__/unix.cpython-312.pyc
-rw-r--r--  0 root   root      321 Feb  1 19:41 usr/lib/python3.12/site-packages/pkg_resources/_vendor/platformdirs/__pycache__/version.cpython-312.pyc
-rw-r--r--  0 root   root     9282 Feb  1 19:41 usr/lib/python3.12/site-packages/pkg_resources/_vendor/platformdirs/__pycache__/windows.cpython-312.pyc
-rw-r--r--  0 root   root      501 Feb  1 19:41 usr/lib/python3.12/site-packages/pkg_resources/_vendor/packaging/__init__.py
-rw-r--r--  0 root   root     3266 Feb  1 19:41 usr/lib/python3.12/site-packages/pkg_resources/_vendor/packaging/_elffile.py
-rw-r--r--  0 root   root     8926 Feb  1 19:41 usr/lib/python3.12/site-packages/pkg_resources/_vendor/packaging/_manylinux.py
-rw-r--r--  0 root   root     2524 Feb  1 19:41 usr/lib/python3.12/site-packages/pkg_resources/_vendor/packaging/_musllinux.py
-rw-r--r--  0 root   root    10194 Feb  1 19:41 usr/lib/python3.12/site-packages/pkg_resources/_vendor/packaging/_parser.py
-rw-r--r--  0 root   root     1431 Feb  1 19:41 usr/lib/python3.12/site-packages/pkg_resources/_vendor/packaging/_structures.py
-rw-r--r--  0 root   root     5292 Feb  1 19:41 usr/lib/python3.12/site-packages/pkg_resources/_vendor/packaging/_tokenizer.py
-rw-r--r--  0 root   root     8208 Feb  1 19:41 usr/lib/python3.12/site-packages/pkg_resources/_vendor/packaging/markers.py
-rw-r--r--  0 root   root    16397 Feb  1 19:41 usr/lib/python3.12/site-packages/pkg_resources/_vendor/packaging/metadata.py
-rw-r--r--  0 root   root        0 Feb  1 19:41 usr/lib/python3.12/site-packages/pkg_resources/_vendor/packaging/py.typed
-rw-r--r--  0 root   root     3287 Feb  1 19:41 usr/lib/python3.12/site-packages/pkg_resources/_vendor/packaging/requirements.py
-rw-r--r--  0 root   root    39206 Feb  1 19:41 usr/lib/python3.12/site-packages/pkg_resources/_vendor/packaging/specifiers.py
-rw-r--r--  0 root   root    18106 Feb  1 19:41 usr/lib/python3.12/site-packages/pkg_resources/_vendor/packaging/tags.py
-rw-r--r--  0 root   root     4355 Feb  1 19:41 usr/lib/python3.12/site-packages/pkg_resources/_vendor/packaging/utils.py
-rw-r--r--  0 root   root    16326 Feb  1 19:41 usr/lib/python3.12/site-packages/pkg_resources/_vendor/packaging/version.py
drwxr-xr-x  0 root   root        0 Feb  1 19:41 usr/lib/python3.12/site-packages/pkg_resources/_vendor/packaging/__pycache__/
-rw-r--r--  0 root   root      573 Feb  1 19:41 usr/lib/python3.12/site-packages/pkg_resources/_vendor/packaging/__pycache__/__init__.cpython-312.pyc
-rw-r--r--  0 root   root     5036 Feb  1 19:41 usr/lib/python3.12/site-packages/pkg_resources/_vendor/packaging/__pycache__/_elffile.cpython-312.pyc
-rw-r--r--  0 root   root     9174 Feb  1 19:41 usr/lib/python3.12/site-packages/pkg_resources/_vendor/packaging/__pycache__/_manylinux.cpython-312.pyc
-rw-r--r--  0 root   root     4430 Feb  1 19:41 usr/lib/python3.12/site-packages/pkg_resources/_vendor/packaging/__pycache__/_musllinux.cpython-312.pyc
-rw-r--r--  0 root   root    13822 Feb  1 19:41 usr/lib/python3.12/site-packages/pkg_resources/_vendor/packaging/__pycache__/_parser.cpython-312.pyc
-rw-r--r--  0 root   root     3251 Feb  1 19:41 usr/lib/python3.12/site-packages/pkg_resources/_vendor/packaging/__pycache__/_structures.cpython-312.pyc
-rw-r--r--  0 root   root     7940 Feb  1 19:41 usr/lib/python3.12/site-packages/pkg_resources/_vendor/packaging/__pycache__/_tokenizer.cpython-312.pyc
-rw-r--r--  0 root   root    10500 Feb  1 19:41 usr/lib/python3.12/site-packages/pkg_resources/_vendor/packaging/__pycache__/markers.cpython-312.pyc
-rw-r--r--  0 root   root     9861 Feb  1 19:41 usr/lib/python3.12/site-packages/pkg_resources/_vendor/packaging/__pycache__/metadata.cpython-312.pyc
-rw-r--r--  0 root   root     4892 Feb  1 19:41 usr/lib/python3.12/site-packages/pkg_resources/_vendor/packaging/__pycache__/requirements.cpython-312.pyc
-rw-r--r--  0 root   root    38680 Feb  1 19:41 usr/lib/python3.12/site-packages/pkg_resources/_vendor/packaging/__pycache__/specifiers.cpython-312.pyc
-rw-r--r--  0 root   root    20777 Feb  1 19:41 usr/lib/python3.12/site-packages/pkg_resources/_vendor/packaging/__pycache__/tags.cpython-312.pyc
-rw-r--r--  0 root   root     5989 Feb  1 19:41 usr/lib/python3.12/site-packages/pkg_resources/_vendor/packaging/__pycache__/utils.cpython-312.pyc
-rw-r--r--  0 root   root    19761 Feb  1 19:41 usr/lib/python3.12/site-packages/pkg_resources/_vendor/packaging/__pycache__/version.cpython-312.pyc
-rw-r--r--  0 root   root      148 Feb  1 19:41 usr/lib/python3.12/site-packages/pkg_resources/_vendor/more_itertools/__init__.py
-rw-r--r--  0 root   root       43 Feb  1 19:41 usr/lib/python3.12/site-packages/pkg_resources/_vendor/more_itertools/__init__.pyi
-rw-r--r--  0 root   root   134976 Feb  1 19:41 usr/lib/python3.12/site-packages/pkg_resources/_vendor/more_itertools/more.py
-rw-r--r--  0 root   root    20105 Feb  1 19:41 usr/lib/python3.12/site-packages/pkg_resources/_vendor/more_itertools/more.pyi
-rw-r--r--  0 root   root        0 Feb  1 19:41 usr/lib/python3.12/site-packages/pkg_resources/_vendor/more_itertools/py.typed
-rw-r--r--  0 root   root    25416 Feb  1 19:41 usr/lib/python3.12/site-packages/pkg_resources/_vendor/more_itertools/recipes.py
-rw-r--r--  0 root   root     4056 Feb  1 19:41 usr/lib/python3.12/site-packages/pkg_resources/_vendor/more_itertools/recipes.pyi
drwxr-xr-x  0 root   root        0 Feb  1 19:41 usr/lib/python3.12/site-packages/pkg_resources/_vendor/more_itertools/__pycache__/
-rw-r--r--  0 root   root      361 Feb  1 19:41 usr/lib/python3.12/site-packages/pkg_resources/_vendor/more_itertools/__pycache__/__init__.cpython-312.pyc
-rw-r--r--  0 root   root   158161 Feb  1 19:41 usr/lib/python3.12/site-packages/pkg_resources/_vendor/more_itertools/__pycache__/more.cpython-312.pyc
-rw-r--r--  0 root   root    33371 Feb  1 19:41 usr/lib/python3.12/site-packages/pkg_resources/_vendor/more_itertools/__pycache__/recipes.cpython-312.pyc
-rw-r--r--  0 root   root        0 Feb  1 19:41 usr/lib/python3.12/site-packages/pkg_resources/_vendor/jaraco/__init__.py
-rw-r--r--  0 root   root     7460 Feb  1 19:41 usr/lib/python3.12/site-packages/pkg_resources/_vendor/jaraco/context.py
-rw-r--r--  0 root   root    15056 Feb  1 19:41 usr/lib/python3.12/site-packages/pkg_resources/_vendor/jaraco/functools.py
drwxr-xr-x  0 root   root        0 Feb  1 19:41 usr/lib/python3.12/site-packages/pkg_resources/_vendor/jaraco/text/
drwxr-xr-x  0 root   root        0 Feb  1 19:41 usr/lib/python3.12/site-packages/pkg_resources/_vendor/jaraco/__pycache__/
-rw-r--r--  0 root   root      200 Feb  1 19:41 usr/lib/python3.12/site-packages/pkg_resources/_vendor/jaraco/__pycache__/__init__.cpython-312.pyc
-rw-r--r--  0 root   root    11132 Feb  1 19:41 usr/lib/python3.12/site-packages/pkg_resources/_vendor/jaraco/__pycache__/context.cpython-312.pyc
-rw-r--r--  0 root   root    20545 Feb  1 19:41 usr/lib/python3.12/site-packages/pkg_resources/_vendor/jaraco/__pycache__/functools.cpython-312.pyc
-rw-r--r--  0 root   root    15526 Feb  1 19:41 usr/lib/python3.12/site-packages/pkg_resources/_vendor/jaraco/text/__init__.py
drwxr-xr-x  0 root   root        0 Feb  1 19:41 usr/lib/python3.12/site-packages/pkg_resources/_vendor/jaraco/text/__pycache__/
-rw-r--r--  0 root   root    24447 Feb  1 19:41 usr/lib/python3.12/site-packages/pkg_resources/_vendor/jaraco/text/__pycache__/__init__.cpython-312.pyc
-rw-r--r--  0 root   root      506 Feb  1 19:41 usr/lib/python3.12/site-packages/pkg_resources/_vendor/importlib_resources/__init__.py
-rw-r--r--  0 root   root     4504 Feb  1 19:41 usr/lib/python3.12/site-packages/pkg_resources/_vendor/importlib_resources/_adapters.py
-rw-r--r--  0 root   root     5457 Feb  1 19:41 usr/lib/python3.12/site-packages/pkg_resources/_vendor/importlib_resources/_common.py
-rw-r--r--  0 root   root     2925 Feb  1 19:41 usr/lib/python3.12/site-packages/pkg_resources/_vendor/importlib_resources/_compat.py
-rw-r--r--  0 root   root      884 Feb  1 19:41 usr/lib/python3.12/site-packages/pkg_resources/_vendor/importlib_resources/_itertools.py
-rw-r--r--  0 root   root     3481 Feb  1 19:41 usr/lib/python3.12/site-packages/pkg_resources/_vendor/importlib_resources/_legacy.py
-rw-r--r--  0 root   root     5140 Feb  1 19:41 usr/lib/python3.12/site-packages/pkg_resources/_vendor/importlib_resources/abc.py
-rw-r--r--  0 root   root        0 Feb  1 19:41 usr/lib/python3.12/site-packages/pkg_resources/_vendor/importlib_resources/py.typed
-rw-r--r--  0 root   root     3581 Feb  1 19:41 usr/lib/python3.12/site-packages/pkg_resources/_vendor/importlib_resources/readers.py
-rw-r--r--  0 root   root     2576 Feb  1 19:41 usr/lib/python3.12/site-packages/pkg_resources/_vendor/importlib_resources/simple.py
drwxr-xr-x  0 root   root        0 Feb  1 19:41 usr/lib/python3.12/site-packages/pkg_resources/_vendor/importlib_resources/__pycache__/
-rw-r--r--  0 root   root      680 Feb  1 19:41 usr/lib/python3.12/site-packages/pkg_resources/_vendor/importlib_resources/__pycache__/__init__.cpython-312.pyc
-rw-r--r--  0 root   root     9725 Feb  1 19:41 usr/lib/python3.12/site-packages/pkg_resources/_vendor/importlib_resources/__pycache__/_adapters.cpython-312.pyc
-rw-r--r--  0 root   root     8772 Feb  1 19:41 usr/lib/python3.12/site-packages/pkg_resources/_vendor/importlib_resources/__pycache__/_common.cpython-312.pyc
-rw-r--r--  0 root   root     5046 Feb  1 19:41 usr/lib/python3.12/site-packages/pkg_resources/_vendor/importlib_resources/__pycache__/_compat.cpython-312.pyc
-rw-r--r--  0 root   root     1192 Feb  1 19:41 usr/lib/python3.12/site-packages/pkg_resources/_vendor/importlib_resources/__pycache__/_itertools.cpython-312.pyc
-rw-r--r--  0 root   root     5808 Feb  1 19:41 usr/lib/python3.12/site-packages/pkg_resources/_vendor/importlib_resources/__pycache__/_legacy.cpython-312.pyc
-rw-r--r--  0 root   root     8890 Feb  1 19:41 usr/lib/python3.12/site-packages/pkg_resources/_vendor/importlib_resources/__pycache__/abc.cpython-312.pyc
-rw-r--r--  0 root   root     7663 Feb  1 19:41 usr/lib/python3.12/site-packages/pkg_resources/_vendor/importlib_resources/__pycache__/readers.cpython-312.pyc
-rw-r--r--  0 root   root     5516 Feb  1 19:41 usr/lib/python3.12/site-packages/pkg_resources/_vendor/importlib_resources/__pycache__/simple.cpython-312.pyc
-rw-r--r--  0 root   root     6299 Feb  1 19:41 usr/lib/python3.12/site-packages/_distutils_hack/__init__.py
-rw-r--r--  0 root   root       44 Feb  1 19:41 usr/lib/python3.12/site-packages/_distutils_hack/override.py
drwxr-xr-x  0 root   root        0 Feb  1 19:41 usr/lib/python3.12/site-packages/_distutils_hack/__pycache__/
-rw-r--r--  0 root   root    10027 Feb  1 19:41 usr/lib/python3.12/site-packages/_distutils_hack/__pycache__/__init__.cpython-312.pyc
-rw-r--r--  0 root   root      288 Feb  1 19:41 usr/lib/python3.12/site-packages/_distutils_hack/__pycache__/override.cpython-312.pyc
=======> Building '/home/devel/packages/python3-setuptools#69.0.3-1.x86_64.pkg.tar.zst' succeeded.
prt-get: Using PKGMK_PACKAGE_DIR: /home/devel/packages
prt-get: reinstalling python3-setuptools 69.0.3-1
prt-get: /usr/bin/pkgadd -u python3-setuptools#69.0.3-1.x86_64.pkg.tar.zst
prt-get: build done Thu Feb  1 19:41:03 2024

