prt-get: updating /usr/ports/wayland-x86_64/python3-gobject
prt-get: starting build Thu Feb  1 19:40:49 2024
=======> Building '/home/devel/packages/python3-gobject#3.46.0-2.x86_64.pkg.tar.zst'.
bsdtar -p -o -C /home/devel/building/work/src -xf /home/devel/sources/pygobject-3.46.0.tar.xz
+ build
+ cd pygobject-3.46.0
+ build-meson . build
The Meson build system
Version: 1.3.1
Source dir: /home/devel/building/work/src/pygobject-3.46.0
Build dir: /home/devel/building/work/src/pygobject-3.46.0/build
Build type: native build
Project name: pygobject
Project version: 3.46.0
C compiler for the host machine: cc (gcc 13.2.0 "cc (SAUX-x86_64) 13.2.0")
C linker for the host machine: cc ld.bfd 2.42
Host machine cpu family: x86_64
Host machine cpu: x86_64
Program python3 found: YES (/usr/bin/python3)
Found pkg-config: YES (/usr/bin/pkg-config) 2.1.0
Run-time dependency python found: YES 3.12
Run-time dependency gobject-introspection-1.0 found: YES 1.78.1
Run-time dependency glib-2.0 found: YES 2.78.4
Run-time dependency gobject-2.0 found: YES 2.78.4
Run-time dependency gio-2.0 found: YES 2.78.4
Run-time dependency gmodule-2.0 found: YES 2.78.4
Run-time dependency libffi found: YES 3.4.4
Run-time dependency cairo found: YES 1.18.0
Run-time dependency cairo-gobject found: YES 1.18.0
Message: Found pycairo with target Python: /usr/lib/python3.12/site-packages/cairo/include
Compiler for C supports arguments -Wall: YES 
Compiler for C supports arguments -Warray-bounds: YES 
Compiler for C supports arguments -Wcast-align: YES 
Compiler for C supports arguments -Wduplicated-branches: YES 
Compiler for C supports arguments -Wextra: YES 
Compiler for C supports arguments -Wformat=2: YES 
Compiler for C supports arguments -Wformat-nonliteral: YES 
Compiler for C supports arguments -Wformat-security: YES 
Compiler for C supports arguments -Wimplicit-function-declaration: YES 
Compiler for C supports arguments -Winit-self: YES 
Compiler for C supports arguments -Wjump-misses-init: YES 
Compiler for C supports arguments -Wlogical-op: YES 
Compiler for C supports arguments -Wmissing-declarations: YES 
Compiler for C supports arguments -Wmissing-format-attribute: YES 
Compiler for C supports arguments -Wmissing-include-dirs: YES 
Compiler for C supports arguments -Wmissing-noreturn: YES 
Compiler for C supports arguments -Wmissing-prototypes: YES 
Compiler for C supports arguments -Wnested-externs: YES 
Compiler for C supports arguments -Wnull-dereference: YES 
Compiler for C supports arguments -Wold-style-definition: YES 
Compiler for C supports arguments -Wpacked: YES 
Compiler for C supports arguments -Wpointer-arith: YES 
Compiler for C supports arguments -Wrestrict: YES 
Compiler for C supports arguments -Wreturn-type: YES 
Compiler for C supports arguments -Wshadow: YES 
Compiler for C supports arguments -Wsign-compare: YES 
Compiler for C supports arguments -Wstrict-aliasing: YES 
Compiler for C supports arguments -Wstrict-prototypes: YES 
Compiler for C supports arguments -Wswitch-default: YES 
Compiler for C supports arguments -Wundef: YES 
Compiler for C supports arguments -Wunused-but-set-variable: YES 
Compiler for C supports arguments -Wwrite-strings: YES 
Compiler for C supports arguments -Wno-incompatible-pointer-types-discards-qualifiers: NO 
Compiler for C supports arguments -Wno-missing-field-initializers: YES 
Compiler for C supports arguments -Wno-unused-parameter: YES 
Compiler for C supports arguments -Wno-discarded-qualifiers: YES 
Compiler for C supports arguments -Wno-sign-conversion: YES 
Compiler for C supports arguments -Wno-cast-function-type: YES 
Compiler for C supports arguments -Wno-int-conversion: YES 
Compiler for C supports arguments -fno-strict-aliasing: YES 
Compiler for C supports arguments -fvisibility=hidden: YES 
Configuring config.h using configuration
Configuring pygobject-3.0.pc using configuration
Configuring PyGObject-3.46.0.egg-info using configuration
Compiler for C supports arguments -fvisibility=hidden: YES (cached)
Dependency gobject-introspection-1.0 found: YES 1.78.1 (cached)
Dependency gobject-introspection-1.0 found: YES 1.78.1 (cached)
Program /usr/bin/g-ir-scanner found: YES (/usr/bin/g-ir-scanner)
Dependency gobject-introspection-1.0 found: YES 1.78.1 (cached)
Program /usr/bin/g-ir-compiler found: YES (/usr/bin/g-ir-compiler)
Dependency gio-2.0 found: YES 2.78.4 (cached)
Program /usr/bin/glib-compile-schemas found: YES (/usr/bin/glib-compile-schemas)
Build targets in project: 10

pygobject 3.46.0

  User defined options
    auto_features     : auto
    bindir            : /usr/bin
    buildtype         : plain
    datadir           : /usr/share
    includedir        : /usr/include
    libdir            : /usr/lib
    libexecdir        : /usr/lib
    localstatedir     : /var
    mandir            : /usr/share/man
    prefix            : /usr
    sbindir           : /usr/sbin
    sharedstatedir    : /var/lib
    sysconfdir        : /etc
    werror            : false
    wrap_mode         : nodownload
    python.bytecompile: 0
    b_lto             : false
    b_pie             : true
    b_staticpic       : true

Found ninja-1.9 at /usr/bin/ninja
+ meson compile -j 8 -v -C build
ninja: entering directory '/home/devel/building/work/src/pygobject-3.46.0/build'
[1/56] /usr/bin/glib-compile-schemas --targetdir tests ../tests
[2/56] cc -Itests/testhelper.cpython-312-x86_64-linux-gnu.so.p -Itests -I../tests -Igi -I../gi -I/usr/include/python3.12 -I/usr/include/glib-2.0 -I/usr/lib/glib-2.0/include -fvisibility=hidden -fdiagnostics-color=always -D_FILE_OFFSET_BITS=64 -Wall -Winvalid-pch -O2 -m64 -march=x86-64 -mtune=generic -flto=auto -ffat-lto-objects -fPIC -DPY_SSIZE_T_CLEAN -Wall -Warray-bounds -Wcast-align -Wduplicated-branches -Wextra -Wformat=2 -Wformat-nonliteral -Wformat-security -Wimplicit-function-declaration -Winit-self -Wjump-misses-init -Wlogical-op -Wmissing-declarations -Wmissing-format-attribute -Wmissing-include-dirs -Wmissing-noreturn -Wmissing-prototypes -Wnested-externs -Wnull-dereference -Wold-style-definition -Wpacked -Wpointer-arith -Wrestrict -Wreturn-type -Wshadow -Wsign-compare -Wstrict-aliasing -Wstrict-prototypes -Wswitch-default -Wundef -Wunused-but-set-variable -Wwrite-strings -Wno-missing-field-initializers -Wno-unused-parameter -Wno-discarded-qualifiers -Wno-sign-conversion -Wno-cast-function-type -Wno-int-conversion -fno-strict-aliasing -fvisibility=hidden -MD -MQ tests/testhelper.cpython-312-x86_64-linux-gnu.so.p/test-unknown.c.o -MF tests/testhelper.cpython-312-x86_64-linux-gnu.so.p/test-unknown.c.o.d -o tests/testhelper.cpython-312-x86_64-linux-gnu.so.p/test-unknown.c.o -c ../tests/test-unknown.c
[3/56] cc -Itests/testhelper.cpython-312-x86_64-linux-gnu.so.p -Itests -I../tests -Igi -I../gi -I/usr/include/python3.12 -I/usr/include/glib-2.0 -I/usr/lib/glib-2.0/include -fvisibility=hidden -fdiagnostics-color=always -D_FILE_OFFSET_BITS=64 -Wall -Winvalid-pch -O2 -m64 -march=x86-64 -mtune=generic -flto=auto -ffat-lto-objects -fPIC -DPY_SSIZE_T_CLEAN -Wall -Warray-bounds -Wcast-align -Wduplicated-branches -Wextra -Wformat=2 -Wformat-nonliteral -Wformat-security -Wimplicit-function-declaration -Winit-self -Wjump-misses-init -Wlogical-op -Wmissing-declarations -Wmissing-format-attribute -Wmissing-include-dirs -Wmissing-noreturn -Wmissing-prototypes -Wnested-externs -Wnull-dereference -Wold-style-definition -Wpacked -Wpointer-arith -Wrestrict -Wreturn-type -Wshadow -Wsign-compare -Wstrict-aliasing -Wstrict-prototypes -Wswitch-default -Wundef -Wunused-but-set-variable -Wwrite-strings -Wno-missing-field-initializers -Wno-unused-parameter -Wno-discarded-qualifiers -Wno-sign-conversion -Wno-cast-function-type -Wno-int-conversion -fno-strict-aliasing -fvisibility=hidden -MD -MQ tests/testhelper.cpython-312-x86_64-linux-gnu.so.p/test-thread.c.o -MF tests/testhelper.cpython-312-x86_64-linux-gnu.so.p/test-thread.c.o.d -o tests/testhelper.cpython-312-x86_64-linux-gnu.so.p/test-thread.c.o -c ../tests/test-thread.c
[4/56] cc -Itests/testhelper.cpython-312-x86_64-linux-gnu.so.p -Itests -I../tests -Igi -I../gi -I/usr/include/python3.12 -I/usr/include/glib-2.0 -I/usr/lib/glib-2.0/include -fvisibility=hidden -fdiagnostics-color=always -D_FILE_OFFSET_BITS=64 -Wall -Winvalid-pch -O2 -m64 -march=x86-64 -mtune=generic -flto=auto -ffat-lto-objects -fPIC -DPY_SSIZE_T_CLEAN -Wall -Warray-bounds -Wcast-align -Wduplicated-branches -Wextra -Wformat=2 -Wformat-nonliteral -Wformat-security -Wimplicit-function-declaration -Winit-self -Wjump-misses-init -Wlogical-op -Wmissing-declarations -Wmissing-format-attribute -Wmissing-include-dirs -Wmissing-noreturn -Wmissing-prototypes -Wnested-externs -Wnull-dereference -Wold-style-definition -Wpacked -Wpointer-arith -Wrestrict -Wreturn-type -Wshadow -Wsign-compare -Wstrict-aliasing -Wstrict-prototypes -Wswitch-default -Wundef -Wunused-but-set-variable -Wwrite-strings -Wno-missing-field-initializers -Wno-unused-parameter -Wno-discarded-qualifiers -Wno-sign-conversion -Wno-cast-function-type -Wno-int-conversion -fno-strict-aliasing -fvisibility=hidden -MD -MQ tests/testhelper.cpython-312-x86_64-linux-gnu.so.p/test-floating.c.o -MF tests/testhelper.cpython-312-x86_64-linux-gnu.so.p/test-floating.c.o.d -o tests/testhelper.cpython-312-x86_64-linux-gnu.so.p/test-floating.c.o -c ../tests/test-floating.c
[5/56] cc -Itests/testhelper.cpython-312-x86_64-linux-gnu.so.p -Itests -I../tests -Igi -I../gi -I/usr/include/python3.12 -I/usr/include/glib-2.0 -I/usr/lib/glib-2.0/include -fvisibility=hidden -fdiagnostics-color=always -D_FILE_OFFSET_BITS=64 -Wall -Winvalid-pch -O2 -m64 -march=x86-64 -mtune=generic -flto=auto -ffat-lto-objects -fPIC -DPY_SSIZE_T_CLEAN -Wall -Warray-bounds -Wcast-align -Wduplicated-branches -Wextra -Wformat=2 -Wformat-nonliteral -Wformat-security -Wimplicit-function-declaration -Winit-self -Wjump-misses-init -Wlogical-op -Wmissing-declarations -Wmissing-format-attribute -Wmissing-include-dirs -Wmissing-noreturn -Wmissing-prototypes -Wnested-externs -Wnull-dereference -Wold-style-definition -Wpacked -Wpointer-arith -Wrestrict -Wreturn-type -Wshadow -Wsign-compare -Wstrict-aliasing -Wstrict-prototypes -Wswitch-default -Wundef -Wunused-but-set-variable -Wwrite-strings -Wno-missing-field-initializers -Wno-unused-parameter -Wno-discarded-qualifiers -Wno-sign-conversion -Wno-cast-function-type -Wno-int-conversion -fno-strict-aliasing -fvisibility=hidden -MD -MQ tests/testhelper.cpython-312-x86_64-linux-gnu.so.p/testhelpermodule.c.o -MF tests/testhelper.cpython-312-x86_64-linux-gnu.so.p/testhelpermodule.c.o.d -o tests/testhelper.cpython-312-x86_64-linux-gnu.so.p/testhelpermodule.c.o -c ../tests/testhelpermodule.c
[6/56] cc -Itests/libregress.so.p -Itests -I../tests -I/usr/share/gobject-introspection-1.0/tests -I/usr/include/glib-2.0 -I/usr/lib/glib-2.0/include -I/usr/include/libmount -I/usr/include/blkid -I/usr/include/cairo -I/usr/include/freetype2 -I/usr/include/libpng16 -I/usr/include/harfbuzz -I/usr/include/pixman-1 -fdiagnostics-color=always -D_FILE_OFFSET_BITS=64 -Wall -Winvalid-pch -O2 -m64 -march=x86-64 -mtune=generic -flto=auto -ffat-lto-objects -fPIC -pthread '-D_GI_EXTERN=__attribute__((visibility("default"))) extern' -fvisibility=hidden -MD -MQ tests/libregress.so.p/regressextra.c.o -MF tests/libregress.so.p/regressextra.c.o.d -o tests/libregress.so.p/regressextra.c.o -c ../tests/regressextra.c
[7/56] cc -Itests/libregress.so.p -Itests -I../tests -I/usr/share/gobject-introspection-1.0/tests -I/usr/include/glib-2.0 -I/usr/lib/glib-2.0/include -I/usr/include/libmount -I/usr/include/blkid -I/usr/include/cairo -I/usr/include/freetype2 -I/usr/include/libpng16 -I/usr/include/harfbuzz -I/usr/include/pixman-1 -fdiagnostics-color=always -D_FILE_OFFSET_BITS=64 -Wall -Winvalid-pch -O2 -m64 -march=x86-64 -mtune=generic -flto=auto -ffat-lto-objects -fPIC -pthread '-D_GI_EXTERN=__attribute__((visibility("default"))) extern' -fvisibility=hidden -MD -MQ tests/libregress.so.p/_usr_share_gobject-introspection-1.0_tests_regress.c.o -MF tests/libregress.so.p/_usr_share_gobject-introspection-1.0_tests_regress.c.o.d -o tests/libregress.so.p/_usr_share_gobject-introspection-1.0_tests_regress.c.o -c /usr/share/gobject-introspection-1.0/tests/regress.c
[8/56] cc -Itests/libgimarshallingtests.so.p -Itests -I../tests -I/usr/share/gobject-introspection-1.0/tests -I/usr/include/glib-2.0 -I/usr/lib/glib-2.0/include -I/usr/include/libmount -I/usr/include/blkid -fdiagnostics-color=always -D_FILE_OFFSET_BITS=64 -Wall -Winvalid-pch -O2 -m64 -march=x86-64 -mtune=generic -flto=auto -ffat-lto-objects -fPIC -pthread '-D_GI_EXTERN=__attribute__((visibility("default"))) extern' -fvisibility=hidden -MD -MQ tests/libgimarshallingtests.so.p/gimarshallingtestsextra.c.o -MF tests/libgimarshallingtests.so.p/gimarshallingtestsextra.c.o.d -o tests/libgimarshallingtests.so.p/gimarshallingtestsextra.c.o -c ../tests/gimarshallingtestsextra.c
[9/56] cc -Itests/libgimarshallingtests.so.p -Itests -I../tests -I/usr/share/gobject-introspection-1.0/tests -I/usr/include/glib-2.0 -I/usr/lib/glib-2.0/include -I/usr/include/libmount -I/usr/include/blkid -fdiagnostics-color=always -D_FILE_OFFSET_BITS=64 -Wall -Winvalid-pch -O2 -m64 -march=x86-64 -mtune=generic -flto=auto -ffat-lto-objects -fPIC -pthread '-D_GI_EXTERN=__attribute__((visibility("default"))) extern' -fvisibility=hidden -MD -MQ tests/libgimarshallingtests.so.p/_usr_share_gobject-introspection-1.0_tests_gimarshallingtests.c.o -MF tests/libgimarshallingtests.so.p/_usr_share_gobject-introspection-1.0_tests_gimarshallingtests.c.o.d -o tests/libgimarshallingtests.so.p/_usr_share_gobject-introspection-1.0_tests_gimarshallingtests.c.o -c /usr/share/gobject-introspection-1.0/tests/gimarshallingtests.c
[10/56] cc -Igi/_gi_cairo.cpython-312-x86_64-linux-gnu.so.p -Igi -I../gi -I/usr/lib/python3.12/site-packages/cairo/include -I/usr/include/python3.12 -I/usr/include/glib-2.0 -I/usr/lib/glib-2.0/include -I/usr/include/gobject-introspection-1.0 -I/usr/include/cairo -I/usr/include/freetype2 -I/usr/include/libpng16 -I/usr/include/harfbuzz -I/usr/include/pixman-1 -fvisibility=hidden -fdiagnostics-color=always -D_FILE_OFFSET_BITS=64 -Wall -Winvalid-pch -O2 -m64 -march=x86-64 -mtune=generic -flto=auto -ffat-lto-objects -fPIC -DPY_SSIZE_T_CLEAN -Wall -Warray-bounds -Wcast-align -Wduplicated-branches -Wextra -Wformat=2 -Wformat-nonliteral -Wformat-security -Wimplicit-function-declaration -Winit-self -Wjump-misses-init -Wlogical-op -Wmissing-declarations -Wmissing-format-attribute -Wmissing-include-dirs -Wmissing-noreturn -Wmissing-prototypes -Wnested-externs -Wnull-dereference -Wold-style-definition -Wpacked -Wpointer-arith -Wrestrict -Wreturn-type -Wshadow -Wsign-compare -Wstrict-aliasing -Wstrict-prototypes -Wswitch-default -Wundef -Wunused-but-set-variable -Wwrite-strings -Wno-missing-field-initializers -Wno-unused-parameter -Wno-discarded-qualifiers -Wno-sign-conversion -Wno-cast-function-type -Wno-int-conversion -fno-strict-aliasing -fvisibility=hidden -MD -MQ gi/_gi_cairo.cpython-312-x86_64-linux-gnu.so.p/pygi-foreign-cairo.c.o -MF gi/_gi_cairo.cpython-312-x86_64-linux-gnu.so.p/pygi-foreign-cairo.c.o.d -o gi/_gi_cairo.cpython-312-x86_64-linux-gnu.so.p/pygi-foreign-cairo.c.o -c ../gi/pygi-foreign-cairo.c
[11/56] cc -Igi/_gi.cpython-312-x86_64-linux-gnu.so.p -Igi -I../gi -I. -I.. -I/usr/include/python3.12 -I/usr/include/glib-2.0 -I/usr/lib/glib-2.0/include -I/usr/include/gobject-introspection-1.0 -fvisibility=hidden -fdiagnostics-color=always -D_FILE_OFFSET_BITS=64 -Wall -Winvalid-pch -O2 -m64 -march=x86-64 -mtune=generic -flto=auto -ffat-lto-objects -fPIC -DPY_SSIZE_T_CLEAN -Wall -Warray-bounds -Wcast-align -Wduplicated-branches -Wextra -Wformat=2 -Wformat-nonliteral -Wformat-security -Wimplicit-function-declaration -Winit-self -Wjump-misses-init -Wlogical-op -Wmissing-declarations -Wmissing-format-attribute -Wmissing-include-dirs -Wmissing-noreturn -Wmissing-prototypes -Wnested-externs -Wnull-dereference -Wold-style-definition -Wpacked -Wpointer-arith -Wrestrict -Wreturn-type -Wshadow -Wsign-compare -Wstrict-aliasing -Wstrict-prototypes -Wswitch-default -Wundef -Wunused-but-set-variable -Wwrite-strings -Wno-missing-field-initializers -Wno-unused-parameter -Wno-discarded-qualifiers -Wno-sign-conversion -Wno-cast-function-type -Wno-int-conversion -fno-strict-aliasing -fvisibility=hidden -MD -MQ gi/_gi.cpython-312-x86_64-linux-gnu.so.p/pygi-hashtable.c.o -MF gi/_gi.cpython-312-x86_64-linux-gnu.so.p/pygi-hashtable.c.o.d -o gi/_gi.cpython-312-x86_64-linux-gnu.so.p/pygi-hashtable.c.o -c ../gi/pygi-hashtable.c
[12/56] cc -Igi/_gi.cpython-312-x86_64-linux-gnu.so.p -Igi -I../gi -I. -I.. -I/usr/include/python3.12 -I/usr/include/glib-2.0 -I/usr/lib/glib-2.0/include -I/usr/include/gobject-introspection-1.0 -fvisibility=hidden -fdiagnostics-color=always -D_FILE_OFFSET_BITS=64 -Wall -Winvalid-pch -O2 -m64 -march=x86-64 -mtune=generic -flto=auto -ffat-lto-objects -fPIC -DPY_SSIZE_T_CLEAN -Wall -Warray-bounds -Wcast-align -Wduplicated-branches -Wextra -Wformat=2 -Wformat-nonliteral -Wformat-security -Wimplicit-function-declaration -Winit-self -Wjump-misses-init -Wlogical-op -Wmissing-declarations -Wmissing-format-attribute -Wmissing-include-dirs -Wmissing-noreturn -Wmissing-prototypes -Wnested-externs -Wnull-dereference -Wold-style-definition -Wpacked -Wpointer-arith -Wrestrict -Wreturn-type -Wshadow -Wsign-compare -Wstrict-aliasing -Wstrict-prototypes -Wswitch-default -Wundef -Wunused-but-set-variable -Wwrite-strings -Wno-missing-field-initializers -Wno-unused-parameter -Wno-discarded-qualifiers -Wno-sign-conversion -Wno-cast-function-type -Wno-int-conversion -fno-strict-aliasing -fvisibility=hidden -MD -MQ gi/_gi.cpython-312-x86_64-linux-gnu.so.p/pygi-struct-marshal.c.o -MF gi/_gi.cpython-312-x86_64-linux-gnu.so.p/pygi-struct-marshal.c.o.d -o gi/_gi.cpython-312-x86_64-linux-gnu.so.p/pygi-struct-marshal.c.o -c ../gi/pygi-struct-marshal.c
[13/56] cc -Igi/_gi.cpython-312-x86_64-linux-gnu.so.p -Igi -I../gi -I. -I.. -I/usr/include/python3.12 -I/usr/include/glib-2.0 -I/usr/lib/glib-2.0/include -I/usr/include/gobject-introspection-1.0 -fvisibility=hidden -fdiagnostics-color=always -D_FILE_OFFSET_BITS=64 -Wall -Winvalid-pch -O2 -m64 -march=x86-64 -mtune=generic -flto=auto -ffat-lto-objects -fPIC -DPY_SSIZE_T_CLEAN -Wall -Warray-bounds -Wcast-align -Wduplicated-branches -Wextra -Wformat=2 -Wformat-nonliteral -Wformat-security -Wimplicit-function-declaration -Winit-self -Wjump-misses-init -Wlogical-op -Wmissing-declarations -Wmissing-format-attribute -Wmissing-include-dirs -Wmissing-noreturn -Wmissing-prototypes -Wnested-externs -Wnull-dereference -Wold-style-definition -Wpacked -Wpointer-arith -Wrestrict -Wreturn-type -Wshadow -Wsign-compare -Wstrict-aliasing -Wstrict-prototypes -Wswitch-default -Wundef -Wunused-but-set-variable -Wwrite-strings -Wno-missing-field-initializers -Wno-unused-parameter -Wno-discarded-qualifiers -Wno-sign-conversion -Wno-cast-function-type -Wno-int-conversion -fno-strict-aliasing -fvisibility=hidden -MD -MQ gi/_gi.cpython-312-x86_64-linux-gnu.so.p/pygi-enum-marshal.c.o -MF gi/_gi.cpython-312-x86_64-linux-gnu.so.p/pygi-enum-marshal.c.o.d -o gi/_gi.cpython-312-x86_64-linux-gnu.so.p/pygi-enum-marshal.c.o -c ../gi/pygi-enum-marshal.c
[14/56] cc -Igi/_gi.cpython-312-x86_64-linux-gnu.so.p -Igi -I../gi -I. -I.. -I/usr/include/python3.12 -I/usr/include/glib-2.0 -I/usr/lib/glib-2.0/include -I/usr/include/gobject-introspection-1.0 -fvisibility=hidden -fdiagnostics-color=always -D_FILE_OFFSET_BITS=64 -Wall -Winvalid-pch -O2 -m64 -march=x86-64 -mtune=generic -flto=auto -ffat-lto-objects -fPIC -DPY_SSIZE_T_CLEAN -Wall -Warray-bounds -Wcast-align -Wduplicated-branches -Wextra -Wformat=2 -Wformat-nonliteral -Wformat-security -Wimplicit-function-declaration -Winit-self -Wjump-misses-init -Wlogical-op -Wmissing-declarations -Wmissing-format-attribute -Wmissing-include-dirs -Wmissing-noreturn -Wmissing-prototypes -Wnested-externs -Wnull-dereference -Wold-style-definition -Wpacked -Wpointer-arith -Wrestrict -Wreturn-type -Wshadow -Wsign-compare -Wstrict-aliasing -Wstrict-prototypes -Wswitch-default -Wundef -Wunused-but-set-variable -Wwrite-strings -Wno-missing-field-initializers -Wno-unused-parameter -Wno-discarded-qualifiers -Wno-sign-conversion -Wno-cast-function-type -Wno-int-conversion -fno-strict-aliasing -fvisibility=hidden -MD -MQ gi/_gi.cpython-312-x86_64-linux-gnu.so.p/pygi-value.c.o -MF gi/_gi.cpython-312-x86_64-linux-gnu.so.p/pygi-value.c.o.d -o gi/_gi.cpython-312-x86_64-linux-gnu.so.p/pygi-value.c.o -c ../gi/pygi-value.c
[15/56] cc -Igi/_gi.cpython-312-x86_64-linux-gnu.so.p -Igi -I../gi -I. -I.. -I/usr/include/python3.12 -I/usr/include/glib-2.0 -I/usr/lib/glib-2.0/include -I/usr/include/gobject-introspection-1.0 -fvisibility=hidden -fdiagnostics-color=always -D_FILE_OFFSET_BITS=64 -Wall -Winvalid-pch -O2 -m64 -march=x86-64 -mtune=generic -flto=auto -ffat-lto-objects -fPIC -DPY_SSIZE_T_CLEAN -Wall -Warray-bounds -Wcast-align -Wduplicated-branches -Wextra -Wformat=2 -Wformat-nonliteral -Wformat-security -Wimplicit-function-declaration -Winit-self -Wjump-misses-init -Wlogical-op -Wmissing-declarations -Wmissing-format-attribute -Wmissing-include-dirs -Wmissing-noreturn -Wmissing-prototypes -Wnested-externs -Wnull-dereference -Wold-style-definition -Wpacked -Wpointer-arith -Wrestrict -Wreturn-type -Wshadow -Wsign-compare -Wstrict-aliasing -Wstrict-prototypes -Wswitch-default -Wundef -Wunused-but-set-variable -Wwrite-strings -Wno-missing-field-initializers -Wno-unused-parameter -Wno-discarded-qualifiers -Wno-sign-conversion -Wno-cast-function-type -Wno-int-conversion -fno-strict-aliasing -fvisibility=hidden -MD -MQ gi/_gi.cpython-312-x86_64-linux-gnu.so.p/pygi-object.c.o -MF gi/_gi.cpython-312-x86_64-linux-gnu.so.p/pygi-object.c.o.d -o gi/_gi.cpython-312-x86_64-linux-gnu.so.p/pygi-object.c.o -c ../gi/pygi-object.c
[16/56] cc -Igi/_gi.cpython-312-x86_64-linux-gnu.so.p -Igi -I../gi -I. -I.. -I/usr/include/python3.12 -I/usr/include/glib-2.0 -I/usr/lib/glib-2.0/include -I/usr/include/gobject-introspection-1.0 -fvisibility=hidden -fdiagnostics-color=always -D_FILE_OFFSET_BITS=64 -Wall -Winvalid-pch -O2 -m64 -march=x86-64 -mtune=generic -flto=auto -ffat-lto-objects -fPIC -DPY_SSIZE_T_CLEAN -Wall -Warray-bounds -Wcast-align -Wduplicated-branches -Wextra -Wformat=2 -Wformat-nonliteral -Wformat-security -Wimplicit-function-declaration -Winit-self -Wjump-misses-init -Wlogical-op -Wmissing-declarations -Wmissing-format-attribute -Wmissing-include-dirs -Wmissing-noreturn -Wmissing-prototypes -Wnested-externs -Wnull-dereference -Wold-style-definition -Wpacked -Wpointer-arith -Wrestrict -Wreturn-type -Wshadow -Wsign-compare -Wstrict-aliasing -Wstrict-prototypes -Wswitch-default -Wundef -Wunused-but-set-variable -Wwrite-strings -Wno-missing-field-initializers -Wno-unused-parameter -Wno-discarded-qualifiers -Wno-sign-conversion -Wno-cast-function-type -Wno-int-conversion -fno-strict-aliasing -fvisibility=hidden -MD -MQ gi/_gi.cpython-312-x86_64-linux-gnu.so.p/pygi-error.c.o -MF gi/_gi.cpython-312-x86_64-linux-gnu.so.p/pygi-error.c.o.d -o gi/_gi.cpython-312-x86_64-linux-gnu.so.p/pygi-error.c.o -c ../gi/pygi-error.c
[17/56] cc  -o tests/testhelper.cpython-312-x86_64-linux-gnu.so tests/testhelper.cpython-312-x86_64-linux-gnu.so.p/testhelpermodule.c.o tests/testhelper.cpython-312-x86_64-linux-gnu.so.p/test-floating.c.o tests/testhelper.cpython-312-x86_64-linux-gnu.so.p/test-thread.c.o tests/testhelper.cpython-312-x86_64-linux-gnu.so.p/test-unknown.c.o -Wl,--as-needed -Wl,--allow-shlib-undefined -shared -fPIC -O2 -m64 -march=x86-64 -mtune=generic -flto=auto -ffat-lto-objects -Wl,--start-group /usr/lib/libglib-2.0.so /usr/lib/libgobject-2.0.so -Wl,--end-group
[18/56] cc -Igi/_gi.cpython-312-x86_64-linux-gnu.so.p -Igi -I../gi -I. -I.. -I/usr/include/python3.12 -I/usr/include/glib-2.0 -I/usr/lib/glib-2.0/include -I/usr/include/gobject-introspection-1.0 -fvisibility=hidden -fdiagnostics-color=always -D_FILE_OFFSET_BITS=64 -Wall -Winvalid-pch -O2 -m64 -march=x86-64 -mtune=generic -flto=auto -ffat-lto-objects -fPIC -DPY_SSIZE_T_CLEAN -Wall -Warray-bounds -Wcast-align -Wduplicated-branches -Wextra -Wformat=2 -Wformat-nonliteral -Wformat-security -Wimplicit-function-declaration -Winit-self -Wjump-misses-init -Wlogical-op -Wmissing-declarations -Wmissing-format-attribute -Wmissing-include-dirs -Wmissing-noreturn -Wmissing-prototypes -Wnested-externs -Wnull-dereference -Wold-style-definition -Wpacked -Wpointer-arith -Wrestrict -Wreturn-type -Wshadow -Wsign-compare -Wstrict-aliasing -Wstrict-prototypes -Wswitch-default -Wundef -Wunused-but-set-variable -Wwrite-strings -Wno-missing-field-initializers -Wno-unused-parameter -Wno-discarded-qualifiers -Wno-sign-conversion -Wno-cast-function-type -Wno-int-conversion -fno-strict-aliasing -fvisibility=hidden -MD -MQ gi/_gi.cpython-312-x86_64-linux-gnu.so.p/pygi-array.c.o -MF gi/_gi.cpython-312-x86_64-linux-gnu.so.p/pygi-array.c.o.d -o gi/_gi.cpython-312-x86_64-linux-gnu.so.p/pygi-array.c.o -c ../gi/pygi-array.c
[19/56] cc  -o gi/_gi_cairo.cpython-312-x86_64-linux-gnu.so gi/_gi_cairo.cpython-312-x86_64-linux-gnu.so.p/pygi-foreign-cairo.c.o -Wl,--as-needed -Wl,--allow-shlib-undefined -shared -fPIC -O2 -m64 -march=x86-64 -mtune=generic -flto=auto -ffat-lto-objects -Wl,--start-group /usr/lib/libglib-2.0.so /usr/lib/libgirepository-1.0.so /usr/lib/libgobject-2.0.so /usr/lib/../lib/libffi.so /usr/lib/libcairo.so /usr/lib/libcairo-gobject.so -Wl,--end-group
[20/56] cc -Igi/_gi.cpython-312-x86_64-linux-gnu.so.p -Igi -I../gi -I. -I.. -I/usr/include/python3.12 -I/usr/include/glib-2.0 -I/usr/lib/glib-2.0/include -I/usr/include/gobject-introspection-1.0 -fvisibility=hidden -fdiagnostics-color=always -D_FILE_OFFSET_BITS=64 -Wall -Winvalid-pch -O2 -m64 -march=x86-64 -mtune=generic -flto=auto -ffat-lto-objects -fPIC -DPY_SSIZE_T_CLEAN -Wall -Warray-bounds -Wcast-align -Wduplicated-branches -Wextra -Wformat=2 -Wformat-nonliteral -Wformat-security -Wimplicit-function-declaration -Winit-self -Wjump-misses-init -Wlogical-op -Wmissing-declarations -Wmissing-format-attribute -Wmissing-include-dirs -Wmissing-noreturn -Wmissing-prototypes -Wnested-externs -Wnull-dereference -Wold-style-definition -Wpacked -Wpointer-arith -Wrestrict -Wreturn-type -Wshadow -Wsign-compare -Wstrict-aliasing -Wstrict-prototypes -Wswitch-default -Wundef -Wunused-but-set-variable -Wwrite-strings -Wno-missing-field-initializers -Wno-unused-parameter -Wno-discarded-qualifiers -Wno-sign-conversion -Wno-cast-function-type -Wno-int-conversion -fno-strict-aliasing -fvisibility=hidden -MD -MQ gi/_gi.cpython-312-x86_64-linux-gnu.so.p/pygi-list.c.o -MF gi/_gi.cpython-312-x86_64-linux-gnu.so.p/pygi-list.c.o.d -o gi/_gi.cpython-312-x86_64-linux-gnu.so.p/pygi-list.c.o -c ../gi/pygi-list.c
[21/56] cc -Igi/_gi.cpython-312-x86_64-linux-gnu.so.p -Igi -I../gi -I. -I.. -I/usr/include/python3.12 -I/usr/include/glib-2.0 -I/usr/lib/glib-2.0/include -I/usr/include/gobject-introspection-1.0 -fvisibility=hidden -fdiagnostics-color=always -D_FILE_OFFSET_BITS=64 -Wall -Winvalid-pch -O2 -m64 -march=x86-64 -mtune=generic -flto=auto -ffat-lto-objects -fPIC -DPY_SSIZE_T_CLEAN -Wall -Warray-bounds -Wcast-align -Wduplicated-branches -Wextra -Wformat=2 -Wformat-nonliteral -Wformat-security -Wimplicit-function-declaration -Winit-self -Wjump-misses-init -Wlogical-op -Wmissing-declarations -Wmissing-format-attribute -Wmissing-include-dirs -Wmissing-noreturn -Wmissing-prototypes -Wnested-externs -Wnull-dereference -Wold-style-definition -Wpacked -Wpointer-arith -Wrestrict -Wreturn-type -Wshadow -Wsign-compare -Wstrict-aliasing -Wstrict-prototypes -Wswitch-default -Wundef -Wunused-but-set-variable -Wwrite-strings -Wno-missing-field-initializers -Wno-unused-parameter -Wno-discarded-qualifiers -Wno-sign-conversion -Wno-cast-function-type -Wno-int-conversion -fno-strict-aliasing -fvisibility=hidden -MD -MQ gi/_gi.cpython-312-x86_64-linux-gnu.so.p/pygi-basictype.c.o -MF gi/_gi.cpython-312-x86_64-linux-gnu.so.p/pygi-basictype.c.o.d -o gi/_gi.cpython-312-x86_64-linux-gnu.so.p/pygi-basictype.c.o -c ../gi/pygi-basictype.c
[22/56] cc -Igi/_gi.cpython-312-x86_64-linux-gnu.so.p -Igi -I../gi -I. -I.. -I/usr/include/python3.12 -I/usr/include/glib-2.0 -I/usr/lib/glib-2.0/include -I/usr/include/gobject-introspection-1.0 -fvisibility=hidden -fdiagnostics-color=always -D_FILE_OFFSET_BITS=64 -Wall -Winvalid-pch -O2 -m64 -march=x86-64 -mtune=generic -flto=auto -ffat-lto-objects -fPIC -DPY_SSIZE_T_CLEAN -Wall -Warray-bounds -Wcast-align -Wduplicated-branches -Wextra -Wformat=2 -Wformat-nonliteral -Wformat-security -Wimplicit-function-declaration -Winit-self -Wjump-misses-init -Wlogical-op -Wmissing-declarations -Wmissing-format-attribute -Wmissing-include-dirs -Wmissing-noreturn -Wmissing-prototypes -Wnested-externs -Wnull-dereference -Wold-style-definition -Wpacked -Wpointer-arith -Wrestrict -Wreturn-type -Wshadow -Wsign-compare -Wstrict-aliasing -Wstrict-prototypes -Wswitch-default -Wundef -Wunused-but-set-variable -Wwrite-strings -Wno-missing-field-initializers -Wno-unused-parameter -Wno-discarded-qualifiers -Wno-sign-conversion -Wno-cast-function-type -Wno-int-conversion -fno-strict-aliasing -fvisibility=hidden -MD -MQ gi/_gi.cpython-312-x86_64-linux-gnu.so.p/pygi-marshal-cleanup.c.o -MF gi/_gi.cpython-312-x86_64-linux-gnu.so.p/pygi-marshal-cleanup.c.o.d -o gi/_gi.cpython-312-x86_64-linux-gnu.so.p/pygi-marshal-cleanup.c.o -c ../gi/pygi-marshal-cleanup.c
[23/56] cc -Igi/_gi.cpython-312-x86_64-linux-gnu.so.p -Igi -I../gi -I. -I.. -I/usr/include/python3.12 -I/usr/include/glib-2.0 -I/usr/lib/glib-2.0/include -I/usr/include/gobject-introspection-1.0 -fvisibility=hidden -fdiagnostics-color=always -D_FILE_OFFSET_BITS=64 -Wall -Winvalid-pch -O2 -m64 -march=x86-64 -mtune=generic -flto=auto -ffat-lto-objects -fPIC -DPY_SSIZE_T_CLEAN -Wall -Warray-bounds -Wcast-align -Wduplicated-branches -Wextra -Wformat=2 -Wformat-nonliteral -Wformat-security -Wimplicit-function-declaration -Winit-self -Wjump-misses-init -Wlogical-op -Wmissing-declarations -Wmissing-format-attribute -Wmissing-include-dirs -Wmissing-noreturn -Wmissing-prototypes -Wnested-externs -Wnull-dereference -Wold-style-definition -Wpacked -Wpointer-arith -Wrestrict -Wreturn-type -Wshadow -Wsign-compare -Wstrict-aliasing -Wstrict-prototypes -Wswitch-default -Wundef -Wunused-but-set-variable -Wwrite-strings -Wno-missing-field-initializers -Wno-unused-parameter -Wno-discarded-qualifiers -Wno-sign-conversion -Wno-cast-function-type -Wno-int-conversion -fno-strict-aliasing -fvisibility=hidden -MD -MQ gi/_gi.cpython-312-x86_64-linux-gnu.so.p/pygi-cache.c.o -MF gi/_gi.cpython-312-x86_64-linux-gnu.so.p/pygi-cache.c.o.d -o gi/_gi.cpython-312-x86_64-linux-gnu.so.p/pygi-cache.c.o -c ../gi/pygi-cache.c
[24/56] cc -Igi/_gi.cpython-312-x86_64-linux-gnu.so.p -Igi -I../gi -I. -I.. -I/usr/include/python3.12 -I/usr/include/glib-2.0 -I/usr/lib/glib-2.0/include -I/usr/include/gobject-introspection-1.0 -fvisibility=hidden -fdiagnostics-color=always -D_FILE_OFFSET_BITS=64 -Wall -Winvalid-pch -O2 -m64 -march=x86-64 -mtune=generic -flto=auto -ffat-lto-objects -fPIC -DPY_SSIZE_T_CLEAN -Wall -Warray-bounds -Wcast-align -Wduplicated-branches -Wextra -Wformat=2 -Wformat-nonliteral -Wformat-security -Wimplicit-function-declaration -Winit-self -Wjump-misses-init -Wlogical-op -Wmissing-declarations -Wmissing-format-attribute -Wmissing-include-dirs -Wmissing-noreturn -Wmissing-prototypes -Wnested-externs -Wnull-dereference -Wold-style-definition -Wpacked -Wpointer-arith -Wrestrict -Wreturn-type -Wshadow -Wsign-compare -Wstrict-aliasing -Wstrict-prototypes -Wswitch-default -Wundef -Wunused-but-set-variable -Wwrite-strings -Wno-missing-field-initializers -Wno-unused-parameter -Wno-discarded-qualifiers -Wno-sign-conversion -Wno-cast-function-type -Wno-int-conversion -fno-strict-aliasing -fvisibility=hidden -MD -MQ gi/_gi.cpython-312-x86_64-linux-gnu.so.p/pygi-invoke.c.o -MF gi/_gi.cpython-312-x86_64-linux-gnu.so.p/pygi-invoke.c.o.d -o gi/_gi.cpython-312-x86_64-linux-gnu.so.p/pygi-invoke.c.o -c ../gi/pygi-invoke.c
[25/56] cc -Igi/_gi.cpython-312-x86_64-linux-gnu.so.p -Igi -I../gi -I. -I.. -I/usr/include/python3.12 -I/usr/include/glib-2.0 -I/usr/lib/glib-2.0/include -I/usr/include/gobject-introspection-1.0 -fvisibility=hidden -fdiagnostics-color=always -D_FILE_OFFSET_BITS=64 -Wall -Winvalid-pch -O2 -m64 -march=x86-64 -mtune=generic -flto=auto -ffat-lto-objects -fPIC -DPY_SSIZE_T_CLEAN -Wall -Warray-bounds -Wcast-align -Wduplicated-branches -Wextra -Wformat=2 -Wformat-nonliteral -Wformat-security -Wimplicit-function-declaration -Winit-self -Wjump-misses-init -Wlogical-op -Wmissing-declarations -Wmissing-format-attribute -Wmissing-include-dirs -Wmissing-noreturn -Wmissing-prototypes -Wnested-externs -Wnull-dereference -Wold-style-definition -Wpacked -Wpointer-arith -Wrestrict -Wreturn-type -Wshadow -Wsign-compare -Wstrict-aliasing -Wstrict-prototypes -Wswitch-default -Wundef -Wunused-but-set-variable -Wwrite-strings -Wno-missing-field-initializers -Wno-unused-parameter -Wno-discarded-qualifiers -Wno-sign-conversion -Wno-cast-function-type -Wno-int-conversion -fno-strict-aliasing -fvisibility=hidden -MD -MQ gi/_gi.cpython-312-x86_64-linux-gnu.so.p/pygi-signal-closure.c.o -MF gi/_gi.cpython-312-x86_64-linux-gnu.so.p/pygi-signal-closure.c.o.d -o gi/_gi.cpython-312-x86_64-linux-gnu.so.p/pygi-signal-closure.c.o -c ../gi/pygi-signal-closure.c
[26/56] cc -Igi/_gi.cpython-312-x86_64-linux-gnu.so.p -Igi -I../gi -I. -I.. -I/usr/include/python3.12 -I/usr/include/glib-2.0 -I/usr/lib/glib-2.0/include -I/usr/include/gobject-introspection-1.0 -fvisibility=hidden -fdiagnostics-color=always -D_FILE_OFFSET_BITS=64 -Wall -Winvalid-pch -O2 -m64 -march=x86-64 -mtune=generic -flto=auto -ffat-lto-objects -fPIC -DPY_SSIZE_T_CLEAN -Wall -Warray-bounds -Wcast-align -Wduplicated-branches -Wextra -Wformat=2 -Wformat-nonliteral -Wformat-security -Wimplicit-function-declaration -Winit-self -Wjump-misses-init -Wlogical-op -Wmissing-declarations -Wmissing-format-attribute -Wmissing-include-dirs -Wmissing-noreturn -Wmissing-prototypes -Wnested-externs -Wnull-dereference -Wold-style-definition -Wpacked -Wpointer-arith -Wrestrict -Wreturn-type -Wshadow -Wsign-compare -Wstrict-aliasing -Wstrict-prototypes -Wswitch-default -Wundef -Wunused-but-set-variable -Wwrite-strings -Wno-missing-field-initializers -Wno-unused-parameter -Wno-discarded-qualifiers -Wno-sign-conversion -Wno-cast-function-type -Wno-int-conversion -fno-strict-aliasing -fvisibility=hidden -MD -MQ gi/_gi.cpython-312-x86_64-linux-gnu.so.p/pygi-property.c.o -MF gi/_gi.cpython-312-x86_64-linux-gnu.so.p/pygi-property.c.o.d -o gi/_gi.cpython-312-x86_64-linux-gnu.so.p/pygi-property.c.o -c ../gi/pygi-property.c
[27/56] cc -Igi/_gi.cpython-312-x86_64-linux-gnu.so.p -Igi -I../gi -I. -I.. -I/usr/include/python3.12 -I/usr/include/glib-2.0 -I/usr/lib/glib-2.0/include -I/usr/include/gobject-introspection-1.0 -fvisibility=hidden -fdiagnostics-color=always -D_FILE_OFFSET_BITS=64 -Wall -Winvalid-pch -O2 -m64 -march=x86-64 -mtune=generic -flto=auto -ffat-lto-objects -fPIC -DPY_SSIZE_T_CLEAN -Wall -Warray-bounds -Wcast-align -Wduplicated-branches -Wextra -Wformat=2 -Wformat-nonliteral -Wformat-security -Wimplicit-function-declaration -Winit-self -Wjump-misses-init -Wlogical-op -Wmissing-declarations -Wmissing-format-attribute -Wmissing-include-dirs -Wmissing-noreturn -Wmissing-prototypes -Wnested-externs -Wnull-dereference -Wold-style-definition -Wpacked -Wpointer-arith -Wrestrict -Wreturn-type -Wshadow -Wsign-compare -Wstrict-aliasing -Wstrict-prototypes -Wswitch-default -Wundef -Wunused-but-set-variable -Wwrite-strings -Wno-missing-field-initializers -Wno-unused-parameter -Wno-discarded-qualifiers -Wno-sign-conversion -Wno-cast-function-type -Wno-int-conversion -fno-strict-aliasing -fvisibility=hidden -MD -MQ gi/_gi.cpython-312-x86_64-linux-gnu.so.p/pygi-util.c.o -MF gi/_gi.cpython-312-x86_64-linux-gnu.so.p/pygi-util.c.o.d -o gi/_gi.cpython-312-x86_64-linux-gnu.so.p/pygi-util.c.o -c ../gi/pygi-util.c
[28/56] cc -Igi/_gi.cpython-312-x86_64-linux-gnu.so.p -Igi -I../gi -I. -I.. -I/usr/include/python3.12 -I/usr/include/glib-2.0 -I/usr/lib/glib-2.0/include -I/usr/include/gobject-introspection-1.0 -fvisibility=hidden -fdiagnostics-color=always -D_FILE_OFFSET_BITS=64 -Wall -Winvalid-pch -O2 -m64 -march=x86-64 -mtune=generic -flto=auto -ffat-lto-objects -fPIC -DPY_SSIZE_T_CLEAN -Wall -Warray-bounds -Wcast-align -Wduplicated-branches -Wextra -Wformat=2 -Wformat-nonliteral -Wformat-security -Wimplicit-function-declaration -Winit-self -Wjump-misses-init -Wlogical-op -Wmissing-declarations -Wmissing-format-attribute -Wmissing-include-dirs -Wmissing-noreturn -Wmissing-prototypes -Wnested-externs -Wnull-dereference -Wold-style-definition -Wpacked -Wpointer-arith -Wrestrict -Wreturn-type -Wshadow -Wsign-compare -Wstrict-aliasing -Wstrict-prototypes -Wswitch-default -Wundef -Wunused-but-set-variable -Wwrite-strings -Wno-missing-field-initializers -Wno-unused-parameter -Wno-discarded-qualifiers -Wno-sign-conversion -Wno-cast-function-type -Wno-int-conversion -fno-strict-aliasing -fvisibility=hidden -MD -MQ gi/_gi.cpython-312-x86_64-linux-gnu.so.p/pygi-ccallback.c.o -MF gi/_gi.cpython-312-x86_64-linux-gnu.so.p/pygi-ccallback.c.o.d -o gi/_gi.cpython-312-x86_64-linux-gnu.so.p/pygi-ccallback.c.o -c ../gi/pygi-ccallback.c
[29/56] cc -Igi/_gi.cpython-312-x86_64-linux-gnu.so.p -Igi -I../gi -I. -I.. -I/usr/include/python3.12 -I/usr/include/glib-2.0 -I/usr/lib/glib-2.0/include -I/usr/include/gobject-introspection-1.0 -fvisibility=hidden -fdiagnostics-color=always -D_FILE_OFFSET_BITS=64 -Wall -Winvalid-pch -O2 -m64 -march=x86-64 -mtune=generic -flto=auto -ffat-lto-objects -fPIC -DPY_SSIZE_T_CLEAN -Wall -Warray-bounds -Wcast-align -Wduplicated-branches -Wextra -Wformat=2 -Wformat-nonliteral -Wformat-security -Wimplicit-function-declaration -Winit-self -Wjump-misses-init -Wlogical-op -Wmissing-declarations -Wmissing-format-attribute -Wmissing-include-dirs -Wmissing-noreturn -Wmissing-prototypes -Wnested-externs -Wnull-dereference -Wold-style-definition -Wpacked -Wpointer-arith -Wrestrict -Wreturn-type -Wshadow -Wsign-compare -Wstrict-aliasing -Wstrict-prototypes -Wswitch-default -Wundef -Wunused-but-set-variable -Wwrite-strings -Wno-missing-field-initializers -Wno-unused-parameter -Wno-discarded-qualifiers -Wno-sign-conversion -Wno-cast-function-type -Wno-int-conversion -fno-strict-aliasing -fvisibility=hidden -MD -MQ gi/_gi.cpython-312-x86_64-linux-gnu.so.p/pygi-closure.c.o -MF gi/_gi.cpython-312-x86_64-linux-gnu.so.p/pygi-closure.c.o.d -o gi/_gi.cpython-312-x86_64-linux-gnu.so.p/pygi-closure.c.o -c ../gi/pygi-closure.c
[30/56] cc -Igi/_gi.cpython-312-x86_64-linux-gnu.so.p -Igi -I../gi -I. -I.. -I/usr/include/python3.12 -I/usr/include/glib-2.0 -I/usr/lib/glib-2.0/include -I/usr/include/gobject-introspection-1.0 -fvisibility=hidden -fdiagnostics-color=always -D_FILE_OFFSET_BITS=64 -Wall -Winvalid-pch -O2 -m64 -march=x86-64 -mtune=generic -flto=auto -ffat-lto-objects -fPIC -DPY_SSIZE_T_CLEAN -Wall -Warray-bounds -Wcast-align -Wduplicated-branches -Wextra -Wformat=2 -Wformat-nonliteral -Wformat-security -Wimplicit-function-declaration -Winit-self -Wjump-misses-init -Wlogical-op -Wmissing-declarations -Wmissing-format-attribute -Wmissing-include-dirs -Wmissing-noreturn -Wmissing-prototypes -Wnested-externs -Wnull-dereference -Wold-style-definition -Wpacked -Wpointer-arith -Wrestrict -Wreturn-type -Wshadow -Wsign-compare -Wstrict-aliasing -Wstrict-prototypes -Wswitch-default -Wundef -Wunused-but-set-variable -Wwrite-strings -Wno-missing-field-initializers -Wno-unused-parameter -Wno-discarded-qualifiers -Wno-sign-conversion -Wno-cast-function-type -Wno-int-conversion -fno-strict-aliasing -fvisibility=hidden -MD -MQ gi/_gi.cpython-312-x86_64-linux-gnu.so.p/pygi-boxed.c.o -MF gi/_gi.cpython-312-x86_64-linux-gnu.so.p/pygi-boxed.c.o.d -o gi/_gi.cpython-312-x86_64-linux-gnu.so.p/pygi-boxed.c.o -c ../gi/pygi-boxed.c
[31/56] cc -Igi/_gi.cpython-312-x86_64-linux-gnu.so.p -Igi -I../gi -I. -I.. -I/usr/include/python3.12 -I/usr/include/glib-2.0 -I/usr/lib/glib-2.0/include -I/usr/include/gobject-introspection-1.0 -fvisibility=hidden -fdiagnostics-color=always -D_FILE_OFFSET_BITS=64 -Wall -Winvalid-pch -O2 -m64 -march=x86-64 -mtune=generic -flto=auto -ffat-lto-objects -fPIC -DPY_SSIZE_T_CLEAN -Wall -Warray-bounds -Wcast-align -Wduplicated-branches -Wextra -Wformat=2 -Wformat-nonliteral -Wformat-security -Wimplicit-function-declaration -Winit-self -Wjump-misses-init -Wlogical-op -Wmissing-declarations -Wmissing-format-attribute -Wmissing-include-dirs -Wmissing-noreturn -Wmissing-prototypes -Wnested-externs -Wnull-dereference -Wold-style-definition -Wpacked -Wpointer-arith -Wrestrict -Wreturn-type -Wshadow -Wsign-compare -Wstrict-aliasing -Wstrict-prototypes -Wswitch-default -Wundef -Wunused-but-set-variable -Wwrite-strings -Wno-missing-field-initializers -Wno-unused-parameter -Wno-discarded-qualifiers -Wno-sign-conversion -Wno-cast-function-type -Wno-int-conversion -fno-strict-aliasing -fvisibility=hidden -MD -MQ gi/_gi.cpython-312-x86_64-linux-gnu.so.p/pygi-type.c.o -MF gi/_gi.cpython-312-x86_64-linux-gnu.so.p/pygi-type.c.o.d -o gi/_gi.cpython-312-x86_64-linux-gnu.so.p/pygi-type.c.o -c ../gi/pygi-type.c
[32/56] cc  -o tests/libregress.so tests/libregress.so.p/_usr_share_gobject-introspection-1.0_tests_regress.c.o tests/libregress.so.p/regressextra.c.o -Wl,--as-needed -Wl,--no-undefined -shared -fPIC -Wl,--start-group -Wl,-soname,libregress.so -O2 -m64 -march=x86-64 -mtune=generic -flto=auto -ffat-lto-objects /usr/lib/libglib-2.0.so /usr/lib/libgobject-2.0.so /usr/lib/libgio-2.0.so -Wl,--export-dynamic /usr/lib/libgmodule-2.0.so -pthread /usr/lib/libcairo.so /usr/lib/libcairo-gobject.so -Wl,--end-group
[33/56] cc -Igi/_gi.cpython-312-x86_64-linux-gnu.so.p -Igi -I../gi -I. -I.. -I/usr/include/python3.12 -I/usr/include/glib-2.0 -I/usr/lib/glib-2.0/include -I/usr/include/gobject-introspection-1.0 -fvisibility=hidden -fdiagnostics-color=always -D_FILE_OFFSET_BITS=64 -Wall -Winvalid-pch -O2 -m64 -march=x86-64 -mtune=generic -flto=auto -ffat-lto-objects -fPIC -DPY_SSIZE_T_CLEAN -Wall -Warray-bounds -Wcast-align -Wduplicated-branches -Wextra -Wformat=2 -Wformat-nonliteral -Wformat-security -Wimplicit-function-declaration -Winit-self -Wjump-misses-init -Wlogical-op -Wmissing-declarations -Wmissing-format-attribute -Wmissing-include-dirs -Wmissing-noreturn -Wmissing-prototypes -Wnested-externs -Wnull-dereference -Wold-style-definition -Wpacked -Wpointer-arith -Wrestrict -Wreturn-type -Wshadow -Wsign-compare -Wstrict-aliasing -Wstrict-prototypes -Wswitch-default -Wundef -Wunused-but-set-variable -Wwrite-strings -Wno-missing-field-initializers -Wno-unused-parameter -Wno-discarded-qualifiers -Wno-sign-conversion -Wno-cast-function-type -Wno-int-conversion -fno-strict-aliasing -fvisibility=hidden -MD -MQ gi/_gi.cpython-312-x86_64-linux-gnu.so.p/pygi-resulttuple.c.o -MF gi/_gi.cpython-312-x86_64-linux-gnu.so.p/pygi-resulttuple.c.o.d -o gi/_gi.cpython-312-x86_64-linux-gnu.so.p/pygi-resulttuple.c.o -c ../gi/pygi-resulttuple.c
[34/56] cc -Igi/_gi.cpython-312-x86_64-linux-gnu.so.p -Igi -I../gi -I. -I.. -I/usr/include/python3.12 -I/usr/include/glib-2.0 -I/usr/lib/glib-2.0/include -I/usr/include/gobject-introspection-1.0 -fvisibility=hidden -fdiagnostics-color=always -D_FILE_OFFSET_BITS=64 -Wall -Winvalid-pch -O2 -m64 -march=x86-64 -mtune=generic -flto=auto -ffat-lto-objects -fPIC -DPY_SSIZE_T_CLEAN -Wall -Warray-bounds -Wcast-align -Wduplicated-branches -Wextra -Wformat=2 -Wformat-nonliteral -Wformat-security -Wimplicit-function-declaration -Winit-self -Wjump-misses-init -Wlogical-op -Wmissing-declarations -Wmissing-format-attribute -Wmissing-include-dirs -Wmissing-noreturn -Wmissing-prototypes -Wnested-externs -Wnull-dereference -Wold-style-definition -Wpacked -Wpointer-arith -Wrestrict -Wreturn-type -Wshadow -Wsign-compare -Wstrict-aliasing -Wstrict-prototypes -Wswitch-default -Wundef -Wunused-but-set-variable -Wwrite-strings -Wno-missing-field-initializers -Wno-unused-parameter -Wno-discarded-qualifiers -Wno-sign-conversion -Wno-cast-function-type -Wno-int-conversion -fno-strict-aliasing -fvisibility=hidden -MD -MQ gi/_gi.cpython-312-x86_64-linux-gnu.so.p/pygi-argument.c.o -MF gi/_gi.cpython-312-x86_64-linux-gnu.so.p/pygi-argument.c.o.d -o gi/_gi.cpython-312-x86_64-linux-gnu.so.p/pygi-argument.c.o -c ../gi/pygi-argument.c
[35/56] cc -Igi/_gi.cpython-312-x86_64-linux-gnu.so.p -Igi -I../gi -I. -I.. -I/usr/include/python3.12 -I/usr/include/glib-2.0 -I/usr/lib/glib-2.0/include -I/usr/include/gobject-introspection-1.0 -fvisibility=hidden -fdiagnostics-color=always -D_FILE_OFFSET_BITS=64 -Wall -Winvalid-pch -O2 -m64 -march=x86-64 -mtune=generic -flto=auto -ffat-lto-objects -fPIC -DPY_SSIZE_T_CLEAN -Wall -Warray-bounds -Wcast-align -Wduplicated-branches -Wextra -Wformat=2 -Wformat-nonliteral -Wformat-security -Wimplicit-function-declaration -Winit-self -Wjump-misses-init -Wlogical-op -Wmissing-declarations -Wmissing-format-attribute -Wmissing-include-dirs -Wmissing-noreturn -Wmissing-prototypes -Wnested-externs -Wnull-dereference -Wold-style-definition -Wpacked -Wpointer-arith -Wrestrict -Wreturn-type -Wshadow -Wsign-compare -Wstrict-aliasing -Wstrict-prototypes -Wswitch-default -Wundef -Wunused-but-set-variable -Wwrite-strings -Wno-missing-field-initializers -Wno-unused-parameter -Wno-discarded-qualifiers -Wno-sign-conversion -Wno-cast-function-type -Wno-int-conversion -fno-strict-aliasing -fvisibility=hidden -MD -MQ gi/_gi.cpython-312-x86_64-linux-gnu.so.p/pygi-source.c.o -MF gi/_gi.cpython-312-x86_64-linux-gnu.so.p/pygi-source.c.o.d -o gi/_gi.cpython-312-x86_64-linux-gnu.so.p/pygi-source.c.o -c ../gi/pygi-source.c
[36/56] cc -Igi/_gi.cpython-312-x86_64-linux-gnu.so.p -Igi -I../gi -I. -I.. -I/usr/include/python3.12 -I/usr/include/glib-2.0 -I/usr/lib/glib-2.0/include -I/usr/include/gobject-introspection-1.0 -fvisibility=hidden -fdiagnostics-color=always -D_FILE_OFFSET_BITS=64 -Wall -Winvalid-pch -O2 -m64 -march=x86-64 -mtune=generic -flto=auto -ffat-lto-objects -fPIC -DPY_SSIZE_T_CLEAN -Wall -Warray-bounds -Wcast-align -Wduplicated-branches -Wextra -Wformat=2 -Wformat-nonliteral -Wformat-security -Wimplicit-function-declaration -Winit-self -Wjump-misses-init -Wlogical-op -Wmissing-declarations -Wmissing-format-attribute -Wmissing-include-dirs -Wmissing-noreturn -Wmissing-prototypes -Wnested-externs -Wnull-dereference -Wold-style-definition -Wpacked -Wpointer-arith -Wrestrict -Wreturn-type -Wshadow -Wsign-compare -Wstrict-aliasing -Wstrict-prototypes -Wswitch-default -Wundef -Wunused-but-set-variable -Wwrite-strings -Wno-missing-field-initializers -Wno-unused-parameter -Wno-discarded-qualifiers -Wno-sign-conversion -Wno-cast-function-type -Wno-int-conversion -fno-strict-aliasing -fvisibility=hidden -MD -MQ gi/_gi.cpython-312-x86_64-linux-gnu.so.p/pygi-struct.c.o -MF gi/_gi.cpython-312-x86_64-linux-gnu.so.p/pygi-struct.c.o.d -o gi/_gi.cpython-312-x86_64-linux-gnu.so.p/pygi-struct.c.o -c ../gi/pygi-struct.c
[37/56] cc -Igi/_gi.cpython-312-x86_64-linux-gnu.so.p -Igi -I../gi -I. -I.. -I/usr/include/python3.12 -I/usr/include/glib-2.0 -I/usr/lib/glib-2.0/include -I/usr/include/gobject-introspection-1.0 -fvisibility=hidden -fdiagnostics-color=always -D_FILE_OFFSET_BITS=64 -Wall -Winvalid-pch -O2 -m64 -march=x86-64 -mtune=generic -flto=auto -ffat-lto-objects -fPIC -DPY_SSIZE_T_CLEAN -Wall -Warray-bounds -Wcast-align -Wduplicated-branches -Wextra -Wformat=2 -Wformat-nonliteral -Wformat-security -Wimplicit-function-declaration -Winit-self -Wjump-misses-init -Wlogical-op -Wmissing-declarations -Wmissing-format-attribute -Wmissing-include-dirs -Wmissing-noreturn -Wmissing-prototypes -Wnested-externs -Wnull-dereference -Wold-style-definition -Wpacked -Wpointer-arith -Wrestrict -Wreturn-type -Wshadow -Wsign-compare -Wstrict-aliasing -Wstrict-prototypes -Wswitch-default -Wundef -Wunused-but-set-variable -Wwrite-strings -Wno-missing-field-initializers -Wno-unused-parameter -Wno-discarded-qualifiers -Wno-sign-conversion -Wno-cast-function-type -Wno-int-conversion -fno-strict-aliasing -fvisibility=hidden -MD -MQ gi/_gi.cpython-312-x86_64-linux-gnu.so.p/pygi-foreign.c.o -MF gi/_gi.cpython-312-x86_64-linux-gnu.so.p/pygi-foreign.c.o.d -o gi/_gi.cpython-312-x86_64-linux-gnu.so.p/pygi-foreign.c.o -c ../gi/pygi-foreign.c
[38/56] cc -Igi/_gi.cpython-312-x86_64-linux-gnu.so.p -Igi -I../gi -I. -I.. -I/usr/include/python3.12 -I/usr/include/glib-2.0 -I/usr/lib/glib-2.0/include -I/usr/include/gobject-introspection-1.0 -fvisibility=hidden -fdiagnostics-color=always -D_FILE_OFFSET_BITS=64 -Wall -Winvalid-pch -O2 -m64 -march=x86-64 -mtune=generic -flto=auto -ffat-lto-objects -fPIC -DPY_SSIZE_T_CLEAN -Wall -Warray-bounds -Wcast-align -Wduplicated-branches -Wextra -Wformat=2 -Wformat-nonliteral -Wformat-security -Wimplicit-function-declaration -Winit-self -Wjump-misses-init -Wlogical-op -Wmissing-declarations -Wmissing-format-attribute -Wmissing-include-dirs -Wmissing-noreturn -Wmissing-prototypes -Wnested-externs -Wnull-dereference -Wold-style-definition -Wpacked -Wpointer-arith -Wrestrict -Wreturn-type -Wshadow -Wsign-compare -Wstrict-aliasing -Wstrict-prototypes -Wswitch-default -Wundef -Wunused-but-set-variable -Wwrite-strings -Wno-missing-field-initializers -Wno-unused-parameter -Wno-discarded-qualifiers -Wno-sign-conversion -Wno-cast-function-type -Wno-int-conversion -fno-strict-aliasing -fvisibility=hidden -MD -MQ gi/_gi.cpython-312-x86_64-linux-gnu.so.p/pygi-info.c.o -MF gi/_gi.cpython-312-x86_64-linux-gnu.so.p/pygi-info.c.o.d -o gi/_gi.cpython-312-x86_64-linux-gnu.so.p/pygi-info.c.o -c ../gi/pygi-info.c
[39/56] cc -Igi/_gi.cpython-312-x86_64-linux-gnu.so.p -Igi -I../gi -I. -I.. -I/usr/include/python3.12 -I/usr/include/glib-2.0 -I/usr/lib/glib-2.0/include -I/usr/include/gobject-introspection-1.0 -fvisibility=hidden -fdiagnostics-color=always -D_FILE_OFFSET_BITS=64 -Wall -Winvalid-pch -O2 -m64 -march=x86-64 -mtune=generic -flto=auto -ffat-lto-objects -fPIC -DPY_SSIZE_T_CLEAN -Wall -Warray-bounds -Wcast-align -Wduplicated-branches -Wextra -Wformat=2 -Wformat-nonliteral -Wformat-security -Wimplicit-function-declaration -Winit-self -Wjump-misses-init -Wlogical-op -Wmissing-declarations -Wmissing-format-attribute -Wmissing-include-dirs -Wmissing-noreturn -Wmissing-prototypes -Wnested-externs -Wnull-dereference -Wold-style-definition -Wpacked -Wpointer-arith -Wrestrict -Wreturn-type -Wshadow -Wsign-compare -Wstrict-aliasing -Wstrict-prototypes -Wswitch-default -Wundef -Wunused-but-set-variable -Wwrite-strings -Wno-missing-field-initializers -Wno-unused-parameter -Wno-discarded-qualifiers -Wno-sign-conversion -Wno-cast-function-type -Wno-int-conversion -fno-strict-aliasing -fvisibility=hidden -MD -MQ gi/_gi.cpython-312-x86_64-linux-gnu.so.p/pygi-repository.c.o -MF gi/_gi.cpython-312-x86_64-linux-gnu.so.p/pygi-repository.c.o.d -o gi/_gi.cpython-312-x86_64-linux-gnu.so.p/pygi-repository.c.o -c ../gi/pygi-repository.c
[40/56] cc -Igi/_gi.cpython-312-x86_64-linux-gnu.so.p -Igi -I../gi -I. -I.. -I/usr/include/python3.12 -I/usr/include/glib-2.0 -I/usr/lib/glib-2.0/include -I/usr/include/gobject-introspection-1.0 -fvisibility=hidden -fdiagnostics-color=always -D_FILE_OFFSET_BITS=64 -Wall -Winvalid-pch -O2 -m64 -march=x86-64 -mtune=generic -flto=auto -ffat-lto-objects -fPIC -DPY_SSIZE_T_CLEAN -Wall -Warray-bounds -Wcast-align -Wduplicated-branches -Wextra -Wformat=2 -Wformat-nonliteral -Wformat-security -Wimplicit-function-declaration -Winit-self -Wjump-misses-init -Wlogical-op -Wmissing-declarations -Wmissing-format-attribute -Wmissing-include-dirs -Wmissing-noreturn -Wmissing-prototypes -Wnested-externs -Wnull-dereference -Wold-style-definition -Wpacked -Wpointer-arith -Wrestrict -Wreturn-type -Wshadow -Wsign-compare -Wstrict-aliasing -Wstrict-prototypes -Wswitch-default -Wundef -Wunused-but-set-variable -Wwrite-strings -Wno-missing-field-initializers -Wno-unused-parameter -Wno-discarded-qualifiers -Wno-sign-conversion -Wno-cast-function-type -Wno-int-conversion -fno-strict-aliasing -fvisibility=hidden -MD -MQ gi/_gi.cpython-312-x86_64-linux-gnu.so.p/gimodule.c.o -MF gi/_gi.cpython-312-x86_64-linux-gnu.so.p/gimodule.c.o.d -o gi/_gi.cpython-312-x86_64-linux-gnu.so.p/gimodule.c.o -c ../gi/gimodule.c
[41/56] cc -Igi/_gi.cpython-312-x86_64-linux-gnu.so.p -Igi -I../gi -I. -I.. -I/usr/include/python3.12 -I/usr/include/glib-2.0 -I/usr/lib/glib-2.0/include -I/usr/include/gobject-introspection-1.0 -fvisibility=hidden -fdiagnostics-color=always -D_FILE_OFFSET_BITS=64 -Wall -Winvalid-pch -O2 -m64 -march=x86-64 -mtune=generic -flto=auto -ffat-lto-objects -fPIC -DPY_SSIZE_T_CLEAN -Wall -Warray-bounds -Wcast-align -Wduplicated-branches -Wextra -Wformat=2 -Wformat-nonliteral -Wformat-security -Wimplicit-function-declaration -Winit-self -Wjump-misses-init -Wlogical-op -Wmissing-declarations -Wmissing-format-attribute -Wmissing-include-dirs -Wmissing-noreturn -Wmissing-prototypes -Wnested-externs -Wnull-dereference -Wold-style-definition -Wpacked -Wpointer-arith -Wrestrict -Wreturn-type -Wshadow -Wsign-compare -Wstrict-aliasing -Wstrict-prototypes -Wswitch-default -Wundef -Wunused-but-set-variable -Wwrite-strings -Wno-missing-field-initializers -Wno-unused-parameter -Wno-discarded-qualifiers -Wno-sign-conversion -Wno-cast-function-type -Wno-int-conversion -fno-strict-aliasing -fvisibility=hidden -MD -MQ gi/_gi.cpython-312-x86_64-linux-gnu.so.p/pygspawn.c.o -MF gi/_gi.cpython-312-x86_64-linux-gnu.so.p/pygspawn.c.o.d -o gi/_gi.cpython-312-x86_64-linux-gnu.so.p/pygspawn.c.o -c ../gi/pygspawn.c
[42/56] cc -Igi/_gi.cpython-312-x86_64-linux-gnu.so.p -Igi -I../gi -I. -I.. -I/usr/include/python3.12 -I/usr/include/glib-2.0 -I/usr/lib/glib-2.0/include -I/usr/include/gobject-introspection-1.0 -fvisibility=hidden -fdiagnostics-color=always -D_FILE_OFFSET_BITS=64 -Wall -Winvalid-pch -O2 -m64 -march=x86-64 -mtune=generic -flto=auto -ffat-lto-objects -fPIC -DPY_SSIZE_T_CLEAN -Wall -Warray-bounds -Wcast-align -Wduplicated-branches -Wextra -Wformat=2 -Wformat-nonliteral -Wformat-security -Wimplicit-function-declaration -Winit-self -Wjump-misses-init -Wlogical-op -Wmissing-declarations -Wmissing-format-attribute -Wmissing-include-dirs -Wmissing-noreturn -Wmissing-prototypes -Wnested-externs -Wnull-dereference -Wold-style-definition -Wpacked -Wpointer-arith -Wrestrict -Wreturn-type -Wshadow -Wsign-compare -Wstrict-aliasing -Wstrict-prototypes -Wswitch-default -Wundef -Wunused-but-set-variable -Wwrite-strings -Wno-missing-field-initializers -Wno-unused-parameter -Wno-discarded-qualifiers -Wno-sign-conversion -Wno-cast-function-type -Wno-int-conversion -fno-strict-aliasing -fvisibility=hidden -MD -MQ gi/_gi.cpython-312-x86_64-linux-gnu.so.p/pygoptiongroup.c.o -MF gi/_gi.cpython-312-x86_64-linux-gnu.so.p/pygoptiongroup.c.o.d -o gi/_gi.cpython-312-x86_64-linux-gnu.so.p/pygoptiongroup.c.o -c ../gi/pygoptiongroup.c
[43/56] cc -Igi/_gi.cpython-312-x86_64-linux-gnu.so.p -Igi -I../gi -I. -I.. -I/usr/include/python3.12 -I/usr/include/glib-2.0 -I/usr/lib/glib-2.0/include -I/usr/include/gobject-introspection-1.0 -fvisibility=hidden -fdiagnostics-color=always -D_FILE_OFFSET_BITS=64 -Wall -Winvalid-pch -O2 -m64 -march=x86-64 -mtune=generic -flto=auto -ffat-lto-objects -fPIC -DPY_SSIZE_T_CLEAN -Wall -Warray-bounds -Wcast-align -Wduplicated-branches -Wextra -Wformat=2 -Wformat-nonliteral -Wformat-security -Wimplicit-function-declaration -Winit-self -Wjump-misses-init -Wlogical-op -Wmissing-declarations -Wmissing-format-attribute -Wmissing-include-dirs -Wmissing-noreturn -Wmissing-prototypes -Wnested-externs -Wnull-dereference -Wold-style-definition -Wpacked -Wpointer-arith -Wrestrict -Wreturn-type -Wshadow -Wsign-compare -Wstrict-aliasing -Wstrict-prototypes -Wswitch-default -Wundef -Wunused-but-set-variable -Wwrite-strings -Wno-missing-field-initializers -Wno-unused-parameter -Wno-discarded-qualifiers -Wno-sign-conversion -Wno-cast-function-type -Wno-int-conversion -fno-strict-aliasing -fvisibility=hidden -MD -MQ gi/_gi.cpython-312-x86_64-linux-gnu.so.p/pygoptioncontext.c.o -MF gi/_gi.cpython-312-x86_64-linux-gnu.so.p/pygoptioncontext.c.o.d -o gi/_gi.cpython-312-x86_64-linux-gnu.so.p/pygoptioncontext.c.o -c ../gi/pygoptioncontext.c
[44/56] cc -Igi/_gi.cpython-312-x86_64-linux-gnu.so.p -Igi -I../gi -I. -I.. -I/usr/include/python3.12 -I/usr/include/glib-2.0 -I/usr/lib/glib-2.0/include -I/usr/include/gobject-introspection-1.0 -fvisibility=hidden -fdiagnostics-color=always -D_FILE_OFFSET_BITS=64 -Wall -Winvalid-pch -O2 -m64 -march=x86-64 -mtune=generic -flto=auto -ffat-lto-objects -fPIC -DPY_SSIZE_T_CLEAN -Wall -Warray-bounds -Wcast-align -Wduplicated-branches -Wextra -Wformat=2 -Wformat-nonliteral -Wformat-security -Wimplicit-function-declaration -Winit-self -Wjump-misses-init -Wlogical-op -Wmissing-declarations -Wmissing-format-attribute -Wmissing-include-dirs -Wmissing-noreturn -Wmissing-prototypes -Wnested-externs -Wnull-dereference -Wold-style-definition -Wpacked -Wpointer-arith -Wrestrict -Wreturn-type -Wshadow -Wsign-compare -Wstrict-aliasing -Wstrict-prototypes -Wswitch-default -Wundef -Wunused-but-set-variable -Wwrite-strings -Wno-missing-field-initializers -Wno-unused-parameter -Wno-discarded-qualifiers -Wno-sign-conversion -Wno-cast-function-type -Wno-int-conversion -fno-strict-aliasing -fvisibility=hidden -MD -MQ gi/_gi.cpython-312-x86_64-linux-gnu.so.p/pygpointer.c.o -MF gi/_gi.cpython-312-x86_64-linux-gnu.so.p/pygpointer.c.o.d -o gi/_gi.cpython-312-x86_64-linux-gnu.so.p/pygpointer.c.o -c ../gi/pygpointer.c
[45/56] cc  -o tests/libgimarshallingtests.so tests/libgimarshallingtests.so.p/_usr_share_gobject-introspection-1.0_tests_gimarshallingtests.c.o tests/libgimarshallingtests.so.p/gimarshallingtestsextra.c.o -Wl,--as-needed -Wl,--no-undefined -shared -fPIC -Wl,--start-group -Wl,-soname,libgimarshallingtests.so -O2 -m64 -march=x86-64 -mtune=generic -flto=auto -ffat-lto-objects /usr/lib/libglib-2.0.so /usr/lib/libgobject-2.0.so /usr/lib/libgio-2.0.so -Wl,--export-dynamic /usr/lib/libgmodule-2.0.so -Wl,--end-group -pthread
[46/56] cc -Igi/_gi.cpython-312-x86_64-linux-gnu.so.p -Igi -I../gi -I. -I.. -I/usr/include/python3.12 -I/usr/include/glib-2.0 -I/usr/lib/glib-2.0/include -I/usr/include/gobject-introspection-1.0 -fvisibility=hidden -fdiagnostics-color=always -D_FILE_OFFSET_BITS=64 -Wall -Winvalid-pch -O2 -m64 -march=x86-64 -mtune=generic -flto=auto -ffat-lto-objects -fPIC -DPY_SSIZE_T_CLEAN -Wall -Warray-bounds -Wcast-align -Wduplicated-branches -Wextra -Wformat=2 -Wformat-nonliteral -Wformat-security -Wimplicit-function-declaration -Winit-self -Wjump-misses-init -Wlogical-op -Wmissing-declarations -Wmissing-format-attribute -Wmissing-include-dirs -Wmissing-noreturn -Wmissing-prototypes -Wnested-externs -Wnull-dereference -Wold-style-definition -Wpacked -Wpointer-arith -Wrestrict -Wreturn-type -Wshadow -Wsign-compare -Wstrict-aliasing -Wstrict-prototypes -Wswitch-default -Wundef -Wunused-but-set-variable -Wwrite-strings -Wno-missing-field-initializers -Wno-unused-parameter -Wno-discarded-qualifiers -Wno-sign-conversion -Wno-cast-function-type -Wno-int-conversion -fno-strict-aliasing -fvisibility=hidden -MD -MQ gi/_gi.cpython-312-x86_64-linux-gnu.so.p/pygparamspec.c.o -MF gi/_gi.cpython-312-x86_64-linux-gnu.so.p/pygparamspec.c.o.d -o gi/_gi.cpython-312-x86_64-linux-gnu.so.p/pygparamspec.c.o -c ../gi/pygparamspec.c
[47/56] cc -Igi/_gi.cpython-312-x86_64-linux-gnu.so.p -Igi -I../gi -I. -I.. -I/usr/include/python3.12 -I/usr/include/glib-2.0 -I/usr/lib/glib-2.0/include -I/usr/include/gobject-introspection-1.0 -fvisibility=hidden -fdiagnostics-color=always -D_FILE_OFFSET_BITS=64 -Wall -Winvalid-pch -O2 -m64 -march=x86-64 -mtune=generic -flto=auto -ffat-lto-objects -fPIC -DPY_SSIZE_T_CLEAN -Wall -Warray-bounds -Wcast-align -Wduplicated-branches -Wextra -Wformat=2 -Wformat-nonliteral -Wformat-security -Wimplicit-function-declaration -Winit-self -Wjump-misses-init -Wlogical-op -Wmissing-declarations -Wmissing-format-attribute -Wmissing-include-dirs -Wmissing-noreturn -Wmissing-prototypes -Wnested-externs -Wnull-dereference -Wold-style-definition -Wpacked -Wpointer-arith -Wrestrict -Wreturn-type -Wshadow -Wsign-compare -Wstrict-aliasing -Wstrict-prototypes -Wswitch-default -Wundef -Wunused-but-set-variable -Wwrite-strings -Wno-missing-field-initializers -Wno-unused-parameter -Wno-discarded-qualifiers -Wno-sign-conversion -Wno-cast-function-type -Wno-int-conversion -fno-strict-aliasing -fvisibility=hidden -MD -MQ gi/_gi.cpython-312-x86_64-linux-gnu.so.p/pygobject-object.c.o -MF gi/_gi.cpython-312-x86_64-linux-gnu.so.p/pygobject-object.c.o.d -o gi/_gi.cpython-312-x86_64-linux-gnu.so.p/pygobject-object.c.o -c ../gi/pygobject-object.c
[48/56] cc -Igi/_gi.cpython-312-x86_64-linux-gnu.so.p -Igi -I../gi -I. -I.. -I/usr/include/python3.12 -I/usr/include/glib-2.0 -I/usr/lib/glib-2.0/include -I/usr/include/gobject-introspection-1.0 -fvisibility=hidden -fdiagnostics-color=always -D_FILE_OFFSET_BITS=64 -Wall -Winvalid-pch -O2 -m64 -march=x86-64 -mtune=generic -flto=auto -ffat-lto-objects -fPIC -DPY_SSIZE_T_CLEAN -Wall -Warray-bounds -Wcast-align -Wduplicated-branches -Wextra -Wformat=2 -Wformat-nonliteral -Wformat-security -Wimplicit-function-declaration -Winit-self -Wjump-misses-init -Wlogical-op -Wmissing-declarations -Wmissing-format-attribute -Wmissing-include-dirs -Wmissing-noreturn -Wmissing-prototypes -Wnested-externs -Wnull-dereference -Wold-style-definition -Wpacked -Wpointer-arith -Wrestrict -Wreturn-type -Wshadow -Wsign-compare -Wstrict-aliasing -Wstrict-prototypes -Wswitch-default -Wundef -Wunused-but-set-variable -Wwrite-strings -Wno-missing-field-initializers -Wno-unused-parameter -Wno-discarded-qualifiers -Wno-sign-conversion -Wno-cast-function-type -Wno-int-conversion -fno-strict-aliasing -fvisibility=hidden -MD -MQ gi/_gi.cpython-312-x86_64-linux-gnu.so.p/pyginterface.c.o -MF gi/_gi.cpython-312-x86_64-linux-gnu.so.p/pyginterface.c.o.d -o gi/_gi.cpython-312-x86_64-linux-gnu.so.p/pyginterface.c.o -c ../gi/pyginterface.c
[49/56] cc -Igi/_gi.cpython-312-x86_64-linux-gnu.so.p -Igi -I../gi -I. -I.. -I/usr/include/python3.12 -I/usr/include/glib-2.0 -I/usr/lib/glib-2.0/include -I/usr/include/gobject-introspection-1.0 -fvisibility=hidden -fdiagnostics-color=always -D_FILE_OFFSET_BITS=64 -Wall -Winvalid-pch -O2 -m64 -march=x86-64 -mtune=generic -flto=auto -ffat-lto-objects -fPIC -DPY_SSIZE_T_CLEAN -Wall -Warray-bounds -Wcast-align -Wduplicated-branches -Wextra -Wformat=2 -Wformat-nonliteral -Wformat-security -Wimplicit-function-declaration -Winit-self -Wjump-misses-init -Wlogical-op -Wmissing-declarations -Wmissing-format-attribute -Wmissing-include-dirs -Wmissing-noreturn -Wmissing-prototypes -Wnested-externs -Wnull-dereference -Wold-style-definition -Wpacked -Wpointer-arith -Wrestrict -Wreturn-type -Wshadow -Wsign-compare -Wstrict-aliasing -Wstrict-prototypes -Wswitch-default -Wundef -Wunused-but-set-variable -Wwrite-strings -Wno-missing-field-initializers -Wno-unused-parameter -Wno-discarded-qualifiers -Wno-sign-conversion -Wno-cast-function-type -Wno-int-conversion -fno-strict-aliasing -fvisibility=hidden -MD -MQ gi/_gi.cpython-312-x86_64-linux-gnu.so.p/pygflags.c.o -MF gi/_gi.cpython-312-x86_64-linux-gnu.so.p/pygflags.c.o.d -o gi/_gi.cpython-312-x86_64-linux-gnu.so.p/pygflags.c.o -c ../gi/pygflags.c
[50/56] env PKG_CONFIG_PATH=/usr/lib/pkgconfig:/usr/share/pkgconfig:/home/devel/building/work/src/pygobject-3.46.0/build/meson-uninstalled PKG_CONFIG=/usr/bin/pkg-config CC=cc /usr/bin/g-ir-scanner --quiet --no-libtool --namespace=Regress --nsversion=1.0 --warn-all --output tests/Regress-1.0.gir --quiet -I/home/devel/building/work/src/pygobject-3.46.0/tests -I/home/devel/building/work/src/pygobject-3.46.0/build/tests -I/usr/share/gobject-introspection-1.0/tests -I/usr/share/gobject-introspection-1.0/tests --filelist=/home/devel/building/work/src/pygobject-3.46.0/build/tests/libregress.so.p/Regress_1.0_gir_filelist --include=Gio-2.0 --include=cairo-1.0 --cflags-begin -I/usr/share/gobject-introspection-1.0/tests -I/usr/include/glib-2.0 -I/usr/lib/glib-2.0/include -I/usr/include/libmount -I/usr/include/blkid -I/usr/include/cairo -I/usr/include/freetype2 -I/usr/include/libpng16 -I/usr/include/harfbuzz -I/usr/include/pixman-1 -I/usr/include/gobject-introspection-1.0 --cflags-end --add-include-path=/usr/share/gir-1.0 -L/home/devel/building/work/src/pygobject-3.46.0/build/tests --library regress --extra-library=glib-2.0 --extra-library=gobject-2.0 --extra-library=gio-2.0 --extra-library=gmodule-2.0 --extra-library=cairo --extra-library=cairo-gobject --extra-library=girepository-1.0 --sources-top-dirs /home/devel/building/work/src/pygobject-3.46.0/ --sources-top-dirs /home/devel/building/work/src/pygobject-3.46.0/build/
[51/56] cc -Igi/_gi.cpython-312-x86_64-linux-gnu.so.p -Igi -I../gi -I. -I.. -I/usr/include/python3.12 -I/usr/include/glib-2.0 -I/usr/lib/glib-2.0/include -I/usr/include/gobject-introspection-1.0 -fvisibility=hidden -fdiagnostics-color=always -D_FILE_OFFSET_BITS=64 -Wall -Winvalid-pch -O2 -m64 -march=x86-64 -mtune=generic -flto=auto -ffat-lto-objects -fPIC -DPY_SSIZE_T_CLEAN -Wall -Warray-bounds -Wcast-align -Wduplicated-branches -Wextra -Wformat=2 -Wformat-nonliteral -Wformat-security -Wimplicit-function-declaration -Winit-self -Wjump-misses-init -Wlogical-op -Wmissing-declarations -Wmissing-format-attribute -Wmissing-include-dirs -Wmissing-noreturn -Wmissing-prototypes -Wnested-externs -Wnull-dereference -Wold-style-definition -Wpacked -Wpointer-arith -Wrestrict -Wreturn-type -Wshadow -Wsign-compare -Wstrict-aliasing -Wstrict-prototypes -Wswitch-default -Wundef -Wunused-but-set-variable -Wwrite-strings -Wno-missing-field-initializers -Wno-unused-parameter -Wno-discarded-qualifiers -Wno-sign-conversion -Wno-cast-function-type -Wno-int-conversion -fno-strict-aliasing -fvisibility=hidden -MD -MQ gi/_gi.cpython-312-x86_64-linux-gnu.so.p/pygenum.c.o -MF gi/_gi.cpython-312-x86_64-linux-gnu.so.p/pygenum.c.o.d -o gi/_gi.cpython-312-x86_64-linux-gnu.so.p/pygenum.c.o -c ../gi/pygenum.c
[52/56] cc -Igi/_gi.cpython-312-x86_64-linux-gnu.so.p -Igi -I../gi -I. -I.. -I/usr/include/python3.12 -I/usr/include/glib-2.0 -I/usr/lib/glib-2.0/include -I/usr/include/gobject-introspection-1.0 -fvisibility=hidden -fdiagnostics-color=always -D_FILE_OFFSET_BITS=64 -Wall -Winvalid-pch -O2 -m64 -march=x86-64 -mtune=generic -flto=auto -ffat-lto-objects -fPIC -DPY_SSIZE_T_CLEAN -Wall -Warray-bounds -Wcast-align -Wduplicated-branches -Wextra -Wformat=2 -Wformat-nonliteral -Wformat-security -Wimplicit-function-declaration -Winit-self -Wjump-misses-init -Wlogical-op -Wmissing-declarations -Wmissing-format-attribute -Wmissing-include-dirs -Wmissing-noreturn -Wmissing-prototypes -Wnested-externs -Wnull-dereference -Wold-style-definition -Wpacked -Wpointer-arith -Wrestrict -Wreturn-type -Wshadow -Wsign-compare -Wstrict-aliasing -Wstrict-prototypes -Wswitch-default -Wundef -Wunused-but-set-variable -Wwrite-strings -Wno-missing-field-initializers -Wno-unused-parameter -Wno-discarded-qualifiers -Wno-sign-conversion -Wno-cast-function-type -Wno-int-conversion -fno-strict-aliasing -fvisibility=hidden -MD -MQ gi/_gi.cpython-312-x86_64-linux-gnu.so.p/pygboxed.c.o -MF gi/_gi.cpython-312-x86_64-linux-gnu.so.p/pygboxed.c.o.d -o gi/_gi.cpython-312-x86_64-linux-gnu.so.p/pygboxed.c.o -c ../gi/pygboxed.c
[53/56] cc  -o gi/_gi.cpython-312-x86_64-linux-gnu.so gi/_gi.cpython-312-x86_64-linux-gnu.so.p/pygboxed.c.o gi/_gi.cpython-312-x86_64-linux-gnu.so.p/pygenum.c.o gi/_gi.cpython-312-x86_64-linux-gnu.so.p/pygflags.c.o gi/_gi.cpython-312-x86_64-linux-gnu.so.p/pyginterface.c.o gi/_gi.cpython-312-x86_64-linux-gnu.so.p/pygobject-object.c.o gi/_gi.cpython-312-x86_64-linux-gnu.so.p/pygparamspec.c.o gi/_gi.cpython-312-x86_64-linux-gnu.so.p/pygpointer.c.o gi/_gi.cpython-312-x86_64-linux-gnu.so.p/pygoptioncontext.c.o gi/_gi.cpython-312-x86_64-linux-gnu.so.p/pygoptiongroup.c.o gi/_gi.cpython-312-x86_64-linux-gnu.so.p/pygspawn.c.o gi/_gi.cpython-312-x86_64-linux-gnu.so.p/gimodule.c.o gi/_gi.cpython-312-x86_64-linux-gnu.so.p/pygi-repository.c.o gi/_gi.cpython-312-x86_64-linux-gnu.so.p/pygi-info.c.o gi/_gi.cpython-312-x86_64-linux-gnu.so.p/pygi-foreign.c.o gi/_gi.cpython-312-x86_64-linux-gnu.so.p/pygi-struct.c.o gi/_gi.cpython-312-x86_64-linux-gnu.so.p/pygi-source.c.o gi/_gi.cpython-312-x86_64-linux-gnu.so.p/pygi-argument.c.o gi/_gi.cpython-312-x86_64-linux-gnu.so.p/pygi-resulttuple.c.o gi/_gi.cpython-312-x86_64-linux-gnu.so.p/pygi-type.c.o gi/_gi.cpython-312-x86_64-linux-gnu.so.p/pygi-boxed.c.o gi/_gi.cpython-312-x86_64-linux-gnu.so.p/pygi-closure.c.o gi/_gi.cpython-312-x86_64-linux-gnu.so.p/pygi-ccallback.c.o gi/_gi.cpython-312-x86_64-linux-gnu.so.p/pygi-util.c.o gi/_gi.cpython-312-x86_64-linux-gnu.so.p/pygi-property.c.o gi/_gi.cpython-312-x86_64-linux-gnu.so.p/pygi-signal-closure.c.o gi/_gi.cpython-312-x86_64-linux-gnu.so.p/pygi-invoke.c.o gi/_gi.cpython-312-x86_64-linux-gnu.so.p/pygi-cache.c.o gi/_gi.cpython-312-x86_64-linux-gnu.so.p/pygi-marshal-cleanup.c.o gi/_gi.cpython-312-x86_64-linux-gnu.so.p/pygi-basictype.c.o gi/_gi.cpython-312-x86_64-linux-gnu.so.p/pygi-list.c.o gi/_gi.cpython-312-x86_64-linux-gnu.so.p/pygi-array.c.o gi/_gi.cpython-312-x86_64-linux-gnu.so.p/pygi-error.c.o gi/_gi.cpython-312-x86_64-linux-gnu.so.p/pygi-object.c.o gi/_gi.cpython-312-x86_64-linux-gnu.so.p/pygi-value.c.o gi/_gi.cpython-312-x86_64-linux-gnu.so.p/pygi-enum-marshal.c.o gi/_gi.cpython-312-x86_64-linux-gnu.so.p/pygi-struct-marshal.c.o gi/_gi.cpython-312-x86_64-linux-gnu.so.p/pygi-hashtable.c.o -Wl,--as-needed -Wl,--allow-shlib-undefined -shared -fPIC -O2 -m64 -march=x86-64 -mtune=generic -flto=auto -ffat-lto-objects -Wl,--start-group /usr/lib/libglib-2.0.so /usr/lib/libgirepository-1.0.so /usr/lib/libgobject-2.0.so /usr/lib/../lib/libffi.so -Wl,--end-group
[54/56] env PKG_CONFIG_PATH=/usr/lib/pkgconfig:/usr/share/pkgconfig:/home/devel/building/work/src/pygobject-3.46.0/build/meson-uninstalled PKG_CONFIG=/usr/bin/pkg-config CC=cc /usr/bin/g-ir-scanner --quiet --no-libtool --namespace=GIMarshallingTests --nsversion=1.0 --warn-all --output tests/GIMarshallingTests-1.0.gir --quiet -I/home/devel/building/work/src/pygobject-3.46.0/tests -I/home/devel/building/work/src/pygobject-3.46.0/build/tests -I/usr/share/gobject-introspection-1.0/tests -I/usr/share/gobject-introspection-1.0/tests --filelist=/home/devel/building/work/src/pygobject-3.46.0/build/tests/libgimarshallingtests.so.p/GIMarshallingTests_1.0_gir_filelist --include=Gio-2.0 --symbol-prefix=gi_marshalling_tests --cflags-begin -I/usr/share/gobject-introspection-1.0/tests -I/usr/include/glib-2.0 -I/usr/lib/glib-2.0/include -I/usr/include/libmount -I/usr/include/blkid -I/usr/include/gobject-introspection-1.0 --cflags-end --add-include-path=/usr/share/gir-1.0 -L/home/devel/building/work/src/pygobject-3.46.0/build/tests --library gimarshallingtests --extra-library=glib-2.0 --extra-library=gobject-2.0 --extra-library=gio-2.0 --extra-library=gmodule-2.0 --extra-library=girepository-1.0 --sources-top-dirs /home/devel/building/work/src/pygobject-3.46.0/ --sources-top-dirs /home/devel/building/work/src/pygobject-3.46.0/build/
[55/56] /usr/bin/g-ir-compiler tests/Regress-1.0.gir --output tests/Regress-1.0.typelib --includedir=/usr/share/gir-1.0
[56/56] /usr/bin/g-ir-compiler tests/GIMarshallingTests-1.0.gir --output tests/GIMarshallingTests-1.0.typelib --includedir=/usr/share/gir-1.0
INFO: autodetecting backend as ninja
INFO: calculating backend command to run: /usr/bin/ninja -C /home/devel/building/work/src/pygobject-3.46.0/build -j 8 -v
+ DESTDIR=/home/devel/building/work/pkg
+ meson install --no-rebuild -C build
Compiling '/home/devel/building/work/pkg/usr/lib/python3.12/site-packages/gi/_constants.py'...
Compiling '/home/devel/building/work/pkg/usr/lib/python3.12/site-packages/gi/docstring.py'...
Compiling '/home/devel/building/work/pkg/usr/lib/python3.12/site-packages/gi/_error.py'...
Compiling '/home/devel/building/work/pkg/usr/lib/python3.12/site-packages/gi/_gtktemplate.py'...
Compiling '/home/devel/building/work/pkg/usr/lib/python3.12/site-packages/gi/importer.py'...
Compiling '/home/devel/building/work/pkg/usr/lib/python3.12/site-packages/gi/__init__.py'...
Compiling '/home/devel/building/work/pkg/usr/lib/python3.12/site-packages/gi/module.py'...
Compiling '/home/devel/building/work/pkg/usr/lib/python3.12/site-packages/gi/_option.py'...
Compiling '/home/devel/building/work/pkg/usr/lib/python3.12/site-packages/gi/_ossighelper.py'...
Compiling '/home/devel/building/work/pkg/usr/lib/python3.12/site-packages/gi/_propertyhelper.py'...
Compiling '/home/devel/building/work/pkg/usr/lib/python3.12/site-packages/gi/pygtkcompat.py'...
Compiling '/home/devel/building/work/pkg/usr/lib/python3.12/site-packages/gi/_signalhelper.py'...
Compiling '/home/devel/building/work/pkg/usr/lib/python3.12/site-packages/gi/types.py'...
Compiling '/home/devel/building/work/pkg/usr/lib/python3.12/site-packages/gi/overrides/GLib.py'...
Compiling '/home/devel/building/work/pkg/usr/lib/python3.12/site-packages/gi/overrides/Gtk.py'...
Compiling '/home/devel/building/work/pkg/usr/lib/python3.12/site-packages/gi/overrides/Gdk.py'...
Compiling '/home/devel/building/work/pkg/usr/lib/python3.12/site-packages/gi/overrides/GdkPixbuf.py'...
Compiling '/home/devel/building/work/pkg/usr/lib/python3.12/site-packages/gi/overrides/GObject.py'...
Compiling '/home/devel/building/work/pkg/usr/lib/python3.12/site-packages/gi/overrides/Gio.py'...
Compiling '/home/devel/building/work/pkg/usr/lib/python3.12/site-packages/gi/overrides/GIMarshallingTests.py'...
Compiling '/home/devel/building/work/pkg/usr/lib/python3.12/site-packages/gi/overrides/Pango.py'...
Compiling '/home/devel/building/work/pkg/usr/lib/python3.12/site-packages/gi/overrides/keysyms.py'...
Compiling '/home/devel/building/work/pkg/usr/lib/python3.12/site-packages/gi/overrides/__init__.py'...
Compiling '/home/devel/building/work/pkg/usr/lib/python3.12/site-packages/gi/repository/__init__.py'...
Compiling '/home/devel/building/work/pkg/usr/lib/python3.12/site-packages/pygtkcompat/__init__.py'...
Compiling '/home/devel/building/work/pkg/usr/lib/python3.12/site-packages/pygtkcompat/generictreemodel.py'...
Compiling '/home/devel/building/work/pkg/usr/lib/python3.12/site-packages/pygtkcompat/pygtkcompat.py'...
Installing gi/_gi.cpython-312-x86_64-linux-gnu.so to /home/devel/building/work/pkg/usr/lib/python3.12/site-packages/gi
Installing gi/_gi_cairo.cpython-312-x86_64-linux-gnu.so to /home/devel/building/work/pkg/usr/lib/python3.12/site-packages/gi
Installing /home/devel/building/work/src/pygobject-3.46.0/gi/pygobject.h to /home/devel/building/work/pkg/usr/include/pygobject-3.0
Installing /home/devel/building/work/src/pygobject-3.46.0/build/pygobject-3.0.pc to /home/devel/building/work/pkg/usr/lib/pkgconfig
Installing /home/devel/building/work/src/pygobject-3.46.0/build/PyGObject-3.46.0.egg-info to /home/devel/building/work/pkg/usr/lib/python3.12/site-packages
Installing /home/devel/building/work/src/pygobject-3.46.0/gi/_constants.py to /home/devel/building/work/pkg/usr/lib/python3.12/site-packages/gi
Installing /home/devel/building/work/src/pygobject-3.46.0/gi/docstring.py to /home/devel/building/work/pkg/usr/lib/python3.12/site-packages/gi
Installing /home/devel/building/work/src/pygobject-3.46.0/gi/_error.py to /home/devel/building/work/pkg/usr/lib/python3.12/site-packages/gi
Installing /home/devel/building/work/src/pygobject-3.46.0/gi/_gtktemplate.py to /home/devel/building/work/pkg/usr/lib/python3.12/site-packages/gi
Installing /home/devel/building/work/src/pygobject-3.46.0/gi/importer.py to /home/devel/building/work/pkg/usr/lib/python3.12/site-packages/gi
Installing /home/devel/building/work/src/pygobject-3.46.0/gi/__init__.py to /home/devel/building/work/pkg/usr/lib/python3.12/site-packages/gi
Installing /home/devel/building/work/src/pygobject-3.46.0/gi/module.py to /home/devel/building/work/pkg/usr/lib/python3.12/site-packages/gi
Installing /home/devel/building/work/src/pygobject-3.46.0/gi/_option.py to /home/devel/building/work/pkg/usr/lib/python3.12/site-packages/gi
Installing /home/devel/building/work/src/pygobject-3.46.0/gi/_ossighelper.py to /home/devel/building/work/pkg/usr/lib/python3.12/site-packages/gi
Installing /home/devel/building/work/src/pygobject-3.46.0/gi/_propertyhelper.py to /home/devel/building/work/pkg/usr/lib/python3.12/site-packages/gi
Installing /home/devel/building/work/src/pygobject-3.46.0/gi/pygtkcompat.py to /home/devel/building/work/pkg/usr/lib/python3.12/site-packages/gi
Installing /home/devel/building/work/src/pygobject-3.46.0/gi/_signalhelper.py to /home/devel/building/work/pkg/usr/lib/python3.12/site-packages/gi
Installing /home/devel/building/work/src/pygobject-3.46.0/gi/types.py to /home/devel/building/work/pkg/usr/lib/python3.12/site-packages/gi
Installing /home/devel/building/work/src/pygobject-3.46.0/gi/overrides/GLib.py to /home/devel/building/work/pkg/usr/lib/python3.12/site-packages/gi/overrides
Installing /home/devel/building/work/src/pygobject-3.46.0/gi/overrides/Gtk.py to /home/devel/building/work/pkg/usr/lib/python3.12/site-packages/gi/overrides
Installing /home/devel/building/work/src/pygobject-3.46.0/gi/overrides/Gdk.py to /home/devel/building/work/pkg/usr/lib/python3.12/site-packages/gi/overrides
Installing /home/devel/building/work/src/pygobject-3.46.0/gi/overrides/GdkPixbuf.py to /home/devel/building/work/pkg/usr/lib/python3.12/site-packages/gi/overrides
Installing /home/devel/building/work/src/pygobject-3.46.0/gi/overrides/GObject.py to /home/devel/building/work/pkg/usr/lib/python3.12/site-packages/gi/overrides
Installing /home/devel/building/work/src/pygobject-3.46.0/gi/overrides/Gio.py to /home/devel/building/work/pkg/usr/lib/python3.12/site-packages/gi/overrides
Installing /home/devel/building/work/src/pygobject-3.46.0/gi/overrides/GIMarshallingTests.py to /home/devel/building/work/pkg/usr/lib/python3.12/site-packages/gi/overrides
Installing /home/devel/building/work/src/pygobject-3.46.0/gi/overrides/Pango.py to /home/devel/building/work/pkg/usr/lib/python3.12/site-packages/gi/overrides
Installing /home/devel/building/work/src/pygobject-3.46.0/gi/overrides/keysyms.py to /home/devel/building/work/pkg/usr/lib/python3.12/site-packages/gi/overrides
Installing /home/devel/building/work/src/pygobject-3.46.0/gi/overrides/__init__.py to /home/devel/building/work/pkg/usr/lib/python3.12/site-packages/gi/overrides
Installing /home/devel/building/work/src/pygobject-3.46.0/gi/repository/__init__.py to /home/devel/building/work/pkg/usr/lib/python3.12/site-packages/gi/repository
Installing /home/devel/building/work/src/pygobject-3.46.0/pygtkcompat/__init__.py to /home/devel/building/work/pkg/usr/lib/python3.12/site-packages/pygtkcompat
Installing /home/devel/building/work/src/pygobject-3.46.0/pygtkcompat/generictreemodel.py to /home/devel/building/work/pkg/usr/lib/python3.12/site-packages/pygtkcompat
Installing /home/devel/building/work/src/pygobject-3.46.0/pygtkcompat/pygtkcompat.py to /home/devel/building/work/pkg/usr/lib/python3.12/site-packages/pygtkcompat
Running custom install script '/usr/bin/python3 /home/devel/building/work/src/pygobject-3.46.0/build/meson-private/pycompile.py python-3.12-installed.json 0'
+ /usr/bin/python3 -m compileall -d /usr/lib /home/devel/building/work/pkg/usr/lib
Listing '/home/devel/building/work/pkg/usr/lib'...
Listing '/home/devel/building/work/pkg/usr/lib/pkgconfig'...
Listing '/home/devel/building/work/pkg/usr/lib/python3.12'...
Listing '/home/devel/building/work/pkg/usr/lib/python3.12/site-packages'...
Listing '/home/devel/building/work/pkg/usr/lib/python3.12/site-packages/gi'...
Listing '/home/devel/building/work/pkg/usr/lib/python3.12/site-packages/gi/overrides'...
Listing '/home/devel/building/work/pkg/usr/lib/python3.12/site-packages/gi/repository'...
Listing '/home/devel/building/work/pkg/usr/lib/python3.12/site-packages/pygtkcompat'...
+ /usr/bin/python3 -O -m compileall -d /usr/lib /home/devel/building/work/pkg/usr/lib
Listing '/home/devel/building/work/pkg/usr/lib'...
Listing '/home/devel/building/work/pkg/usr/lib/pkgconfig'...
Listing '/home/devel/building/work/pkg/usr/lib/python3.12'...
Listing '/home/devel/building/work/pkg/usr/lib/python3.12/site-packages'...
Listing '/home/devel/building/work/pkg/usr/lib/python3.12/site-packages/gi'...
Compiling '/home/devel/building/work/pkg/usr/lib/python3.12/site-packages/gi/__init__.py'...
Compiling '/home/devel/building/work/pkg/usr/lib/python3.12/site-packages/gi/_constants.py'...
Compiling '/home/devel/building/work/pkg/usr/lib/python3.12/site-packages/gi/_error.py'...
Compiling '/home/devel/building/work/pkg/usr/lib/python3.12/site-packages/gi/_gtktemplate.py'...
Compiling '/home/devel/building/work/pkg/usr/lib/python3.12/site-packages/gi/_option.py'...
Compiling '/home/devel/building/work/pkg/usr/lib/python3.12/site-packages/gi/_ossighelper.py'...
Compiling '/home/devel/building/work/pkg/usr/lib/python3.12/site-packages/gi/_propertyhelper.py'...
Compiling '/home/devel/building/work/pkg/usr/lib/python3.12/site-packages/gi/_signalhelper.py'...
Compiling '/home/devel/building/work/pkg/usr/lib/python3.12/site-packages/gi/docstring.py'...
Compiling '/home/devel/building/work/pkg/usr/lib/python3.12/site-packages/gi/importer.py'...
Compiling '/home/devel/building/work/pkg/usr/lib/python3.12/site-packages/gi/module.py'...
Listing '/home/devel/building/work/pkg/usr/lib/python3.12/site-packages/gi/overrides'...
Compiling '/home/devel/building/work/pkg/usr/lib/python3.12/site-packages/gi/overrides/GIMarshallingTests.py'...
Compiling '/home/devel/building/work/pkg/usr/lib/python3.12/site-packages/gi/overrides/GLib.py'...
Compiling '/home/devel/building/work/pkg/usr/lib/python3.12/site-packages/gi/overrides/GObject.py'...
Compiling '/home/devel/building/work/pkg/usr/lib/python3.12/site-packages/gi/overrides/Gdk.py'...
Compiling '/home/devel/building/work/pkg/usr/lib/python3.12/site-packages/gi/overrides/GdkPixbuf.py'...
Compiling '/home/devel/building/work/pkg/usr/lib/python3.12/site-packages/gi/overrides/Gio.py'...
Compiling '/home/devel/building/work/pkg/usr/lib/python3.12/site-packages/gi/overrides/Gtk.py'...
Compiling '/home/devel/building/work/pkg/usr/lib/python3.12/site-packages/gi/overrides/Pango.py'...
Compiling '/home/devel/building/work/pkg/usr/lib/python3.12/site-packages/gi/overrides/__init__.py'...
Compiling '/home/devel/building/work/pkg/usr/lib/python3.12/site-packages/gi/overrides/keysyms.py'...
Compiling '/home/devel/building/work/pkg/usr/lib/python3.12/site-packages/gi/pygtkcompat.py'...
Listing '/home/devel/building/work/pkg/usr/lib/python3.12/site-packages/gi/repository'...
Compiling '/home/devel/building/work/pkg/usr/lib/python3.12/site-packages/gi/repository/__init__.py'...
Compiling '/home/devel/building/work/pkg/usr/lib/python3.12/site-packages/gi/types.py'...
Listing '/home/devel/building/work/pkg/usr/lib/python3.12/site-packages/pygtkcompat'...
Compiling '/home/devel/building/work/pkg/usr/lib/python3.12/site-packages/pygtkcompat/__init__.py'...
Compiling '/home/devel/building/work/pkg/usr/lib/python3.12/site-packages/pygtkcompat/generictreemodel.py'...
Compiling '/home/devel/building/work/pkg/usr/lib/python3.12/site-packages/pygtkcompat/pygtkcompat.py'...
=======> Build result:
drwxr-xr-x  0 root   root        0 Feb  1 19:40 usr/
drwxr-xr-x  0 root   root        0 Feb  1 19:40 usr/lib/
drwxr-xr-x  0 root   root        0 Feb  1 19:40 usr/include/
drwxr-xr-x  0 root   root        0 Feb  1 19:40 usr/include/pygobject-3.0/
-rw-r--r--  0 root   root    24983 May  2  2020 usr/include/pygobject-3.0/pygobject.h
drwxr-xr-x  0 root   root        0 Feb  1 19:40 usr/lib/python3.12/
drwxr-xr-x  0 root   root        0 Feb  1 19:40 usr/lib/pkgconfig/
-rw-r--r--  0 root   root      706 Feb  1 19:40 usr/lib/pkgconfig/pygobject-3.0.pc
drwxr-xr-x  0 root   root        0 Feb  1 19:40 usr/lib/python3.12/site-packages/
drwxr-xr-x  0 root   root        0 Feb  1 19:40 usr/lib/python3.12/site-packages/gi/
-rw-r--r--  0 root   root      837 Feb  1 19:40 usr/lib/python3.12/site-packages/PyGObject-3.46.0.egg-info
drwxr-xr-x  0 root   root        0 Feb  1 19:40 usr/lib/python3.12/site-packages/pygtkcompat/
-rw-r--r--  0 root   root      547 Aug 25  2019 usr/lib/python3.12/site-packages/pygtkcompat/__init__.py
-rw-r--r--  0 root   root    14200 Dec 30  2019 usr/lib/python3.12/site-packages/pygtkcompat/generictreemodel.py
-rw-r--r--  0 root   root    20672 May  6  2020 usr/lib/python3.12/site-packages/pygtkcompat/pygtkcompat.py
drwxr-xr-x  0 root   root        0 Feb  1 19:40 usr/lib/python3.12/site-packages/pygtkcompat/__pycache__/
-rw-r--r--  0 root   root      397 Feb  1 19:40 usr/lib/python3.12/site-packages/pygtkcompat/__pycache__/__init__.cpython-312.pyc
-rw-r--r--  0 root   root    18664 Feb  1 19:40 usr/lib/python3.12/site-packages/pygtkcompat/__pycache__/generictreemodel.cpython-312.pyc
-rw-r--r--  0 root   root    32152 Feb  1 19:40 usr/lib/python3.12/site-packages/pygtkcompat/__pycache__/pygtkcompat.cpython-312.pyc
-rw-r--r--  0 root   root      397 Feb  1 19:40 usr/lib/python3.12/site-packages/pygtkcompat/__pycache__/__init__.cpython-312.opt-1.pyc
-rw-r--r--  0 root   root    18664 Feb  1 19:40 usr/lib/python3.12/site-packages/pygtkcompat/__pycache__/generictreemodel.cpython-312.opt-1.pyc
-rw-r--r--  0 root   root    32152 Feb  1 19:40 usr/lib/python3.12/site-packages/pygtkcompat/__pycache__/pygtkcompat.cpython-312.opt-1.pyc
-rwxr-xr-x  0 root   root   344760 Feb  1 19:40 usr/lib/python3.12/site-packages/gi/_gi.cpython-312-x86_64-linux-gnu.so
-rwxr-xr-x  0 root   root    22784 Feb  1 19:40 usr/lib/python3.12/site-packages/gi/_gi_cairo.cpython-312-x86_64-linux-gnu.so
-rw-r--r--  0 root   root     1969 Dec 30  2019 usr/lib/python3.12/site-packages/gi/_constants.py
-rw-r--r--  0 root   root     6726 Sep 10 10:11 usr/lib/python3.12/site-packages/gi/docstring.py
-rw-r--r--  0 root   root     2082 Nov  6  2020 usr/lib/python3.12/site-packages/gi/_error.py
-rw-r--r--  0 root   root    10193 Mar 19  2023 usr/lib/python3.12/site-packages/gi/_gtktemplate.py
-rw-r--r--  0 root   root     5412 Aug  3  2023 usr/lib/python3.12/site-packages/gi/importer.py
-rw-r--r--  0 root   root     5811 May 13  2023 usr/lib/python3.12/site-packages/gi/__init__.py
-rw-r--r--  0 root   root     9856 Mar 19  2023 usr/lib/python3.12/site-packages/gi/module.py
-rw-r--r--  0 root   root    13140 Nov  6  2020 usr/lib/python3.12/site-packages/gi/_option.py
-rw-r--r--  0 root   root     7615 May  6  2020 usr/lib/python3.12/site-packages/gi/_ossighelper.py
-rw-r--r--  0 root   root    14163 May  6  2020 usr/lib/python3.12/site-packages/gi/_propertyhelper.py
-rw-r--r--  0 root   root      727 May  6  2020 usr/lib/python3.12/site-packages/gi/pygtkcompat.py
-rw-r--r--  0 root   root     9303 Dec 30  2019 usr/lib/python3.12/site-packages/gi/_signalhelper.py
-rw-r--r--  0 root   root    13543 May  6  2020 usr/lib/python3.12/site-packages/gi/types.py
drwxr-xr-x  0 root   root        0 Feb  1 19:40 usr/lib/python3.12/site-packages/gi/overrides/
drwxr-xr-x  0 root   root        0 Feb  1 19:40 usr/lib/python3.12/site-packages/gi/repository/
drwxr-xr-x  0 root   root        0 Feb  1 19:40 usr/lib/python3.12/site-packages/gi/__pycache__/
-rw-r--r--  0 root   root     2542 Feb  1 19:40 usr/lib/python3.12/site-packages/gi/__pycache__/_constants.cpython-312.pyc
-rw-r--r--  0 root   root     6872 Feb  1 19:40 usr/lib/python3.12/site-packages/gi/__pycache__/docstring.cpython-312.pyc
-rw-r--r--  0 root   root     1996 Feb  1 19:40 usr/lib/python3.12/site-packages/gi/__pycache__/_error.cpython-312.pyc
-rw-r--r--  0 root   root    12512 Feb  1 19:40 usr/lib/python3.12/site-packages/gi/__pycache__/_gtktemplate.cpython-312.pyc
-rw-r--r--  0 root   root     5152 Feb  1 19:40 usr/lib/python3.12/site-packages/gi/__pycache__/importer.cpython-312.pyc
-rw-r--r--  0 root   root     6068 Feb  1 19:40 usr/lib/python3.12/site-packages/gi/__pycache__/__init__.cpython-312.pyc
-rw-r--r--  0 root   root     9156 Feb  1 19:40 usr/lib/python3.12/site-packages/gi/__pycache__/module.cpython-312.pyc
-rw-r--r--  0 root   root    16959 Feb  1 19:40 usr/lib/python3.12/site-packages/gi/__pycache__/_option.cpython-312.pyc
-rw-r--r--  0 root   root     8981 Feb  1 19:40 usr/lib/python3.12/site-packages/gi/__pycache__/_ossighelper.cpython-312.pyc
-rw-r--r--  0 root   root    15791 Feb  1 19:40 usr/lib/python3.12/site-packages/gi/__pycache__/_propertyhelper.cpython-312.pyc
-rw-r--r--  0 root   root      604 Feb  1 19:40 usr/lib/python3.12/site-packages/gi/__pycache__/pygtkcompat.cpython-312.pyc
-rw-r--r--  0 root   root    10627 Feb  1 19:40 usr/lib/python3.12/site-packages/gi/__pycache__/_signalhelper.cpython-312.pyc
-rw-r--r--  0 root   root    13231 Feb  1 19:40 usr/lib/python3.12/site-packages/gi/__pycache__/types.cpython-312.pyc
-rw-r--r--  0 root   root     6068 Feb  1 19:40 usr/lib/python3.12/site-packages/gi/__pycache__/__init__.cpython-312.opt-1.pyc
-rw-r--r--  0 root   root     2542 Feb  1 19:40 usr/lib/python3.12/site-packages/gi/__pycache__/_constants.cpython-312.opt-1.pyc
-rw-r--r--  0 root   root     1996 Feb  1 19:40 usr/lib/python3.12/site-packages/gi/__pycache__/_error.cpython-312.opt-1.pyc
-rw-r--r--  0 root   root    12473 Feb  1 19:40 usr/lib/python3.12/site-packages/gi/__pycache__/_gtktemplate.cpython-312.opt-1.pyc
-rw-r--r--  0 root   root    16959 Feb  1 19:40 usr/lib/python3.12/site-packages/gi/__pycache__/_option.cpython-312.opt-1.pyc
-rw-r--r--  0 root   root     8942 Feb  1 19:40 usr/lib/python3.12/site-packages/gi/__pycache__/_ossighelper.cpython-312.opt-1.pyc
-rw-r--r--  0 root   root    15791 Feb  1 19:40 usr/lib/python3.12/site-packages/gi/__pycache__/_propertyhelper.cpython-312.opt-1.pyc
-rw-r--r--  0 root   root    10627 Feb  1 19:40 usr/lib/python3.12/site-packages/gi/__pycache__/_signalhelper.cpython-312.opt-1.pyc
-rw-r--r--  0 root   root     6872 Feb  1 19:40 usr/lib/python3.12/site-packages/gi/__pycache__/docstring.cpython-312.opt-1.pyc
-rw-r--r--  0 root   root     5152 Feb  1 19:40 usr/lib/python3.12/site-packages/gi/__pycache__/importer.cpython-312.opt-1.pyc
-rw-r--r--  0 root   root     9096 Feb  1 19:40 usr/lib/python3.12/site-packages/gi/__pycache__/module.cpython-312.opt-1.pyc
-rw-r--r--  0 root   root      604 Feb  1 19:40 usr/lib/python3.12/site-packages/gi/__pycache__/pygtkcompat.cpython-312.opt-1.pyc
-rw-r--r--  0 root   root    13231 Feb  1 19:40 usr/lib/python3.12/site-packages/gi/__pycache__/types.cpython-312.opt-1.pyc
-rw-r--r--  0 root   root     1002 May  6  2020 usr/lib/python3.12/site-packages/gi/repository/__init__.py
drwxr-xr-x  0 root   root        0 Feb  1 19:40 usr/lib/python3.12/site-packages/gi/repository/__pycache__/
-rw-r--r--  0 root   root      363 Feb  1 19:40 usr/lib/python3.12/site-packages/gi/repository/__pycache__/__init__.cpython-312.pyc
-rw-r--r--  0 root   root      363 Feb  1 19:40 usr/lib/python3.12/site-packages/gi/repository/__pycache__/__init__.cpython-312.opt-1.pyc
-rw-r--r--  0 root   root    29897 Nov  6  2020 usr/lib/python3.12/site-packages/gi/overrides/GLib.py
-rw-r--r--  0 root   root    62744 Aug  3  2023 usr/lib/python3.12/site-packages/gi/overrides/Gtk.py
-rw-r--r--  0 root   root    17630 Jun 10  2023 usr/lib/python3.12/site-packages/gi/overrides/Gdk.py
-rw-r--r--  0 root   root     1724 Dec 30  2019 usr/lib/python3.12/site-packages/gi/overrides/GdkPixbuf.py
-rw-r--r--  0 root   root    24215 Apr 30  2021 usr/lib/python3.12/site-packages/gi/overrides/GObject.py
-rw-r--r--  0 root   root    18777 Mar 19  2021 usr/lib/python3.12/site-packages/gi/overrides/Gio.py
-rw-r--r--  0 root   root     2242 Aug 25  2019 usr/lib/python3.12/site-packages/gi/overrides/GIMarshallingTests.py
-rw-r--r--  0 root   root     1774 May  2  2020 usr/lib/python3.12/site-packages/gi/overrides/Pango.py
-rw-r--r--  0 root   root     1705 Aug 25  2019 usr/lib/python3.12/site-packages/gi/overrides/keysyms.py
-rw-r--r--  0 root   root    12819 Mar 19  2021 usr/lib/python3.12/site-packages/gi/overrides/__init__.py
drwxr-xr-x  0 root   root        0 Feb  1 19:40 usr/lib/python3.12/site-packages/gi/overrides/__pycache__/
-rw-r--r--  0 root   root    37629 Feb  1 19:40 usr/lib/python3.12/site-packages/gi/overrides/__pycache__/GLib.cpython-312.pyc
-rw-r--r--  0 root   root    84679 Feb  1 19:40 usr/lib/python3.12/site-packages/gi/overrides/__pycache__/Gtk.cpython-312.pyc
-rw-r--r--  0 root   root    22352 Feb  1 19:40 usr/lib/python3.12/site-packages/gi/overrides/__pycache__/Gdk.cpython-312.pyc
-rw-r--r--  0 root   root     1475 Feb  1 19:40 usr/lib/python3.12/site-packages/gi/overrides/__pycache__/GdkPixbuf.cpython-312.pyc
-rw-r--r--  0 root   root    26857 Feb  1 19:40 usr/lib/python3.12/site-packages/gi/overrides/__pycache__/GObject.cpython-312.pyc
-rw-r--r--  0 root   root    23886 Feb  1 19:40 usr/lib/python3.12/site-packages/gi/overrides/__pycache__/Gio.cpython-312.pyc
-rw-r--r--  0 root   root     2613 Feb  1 19:40 usr/lib/python3.12/site-packages/gi/overrides/__pycache__/GIMarshallingTests.cpython-312.pyc
-rw-r--r--  0 root   root     2096 Feb  1 19:40 usr/lib/python3.12/site-packages/gi/overrides/__pycache__/Pango.cpython-312.pyc
-rw-r--r--  0 root   root     1240 Feb  1 19:40 usr/lib/python3.12/site-packages/gi/overrides/__pycache__/keysyms.cpython-312.pyc
-rw-r--r--  0 root   root    15253 Feb  1 19:40 usr/lib/python3.12/site-packages/gi/overrides/__pycache__/__init__.cpython-312.pyc
-rw-r--r--  0 root   root     2613 Feb  1 19:40 usr/lib/python3.12/site-packages/gi/overrides/__pycache__/GIMarshallingTests.cpython-312.opt-1.pyc
-rw-r--r--  0 root   root    37558 Feb  1 19:40 usr/lib/python3.12/site-packages/gi/overrides/__pycache__/GLib.cpython-312.opt-1.pyc
-rw-r--r--  0 root   root    26843 Feb  1 19:40 usr/lib/python3.12/site-packages/gi/overrides/__pycache__/GObject.cpython-312.opt-1.pyc
-rw-r--r--  0 root   root    22352 Feb  1 19:40 usr/lib/python3.12/site-packages/gi/overrides/__pycache__/Gdk.cpython-312.opt-1.pyc
-rw-r--r--  0 root   root     1475 Feb  1 19:40 usr/lib/python3.12/site-packages/gi/overrides/__pycache__/GdkPixbuf.cpython-312.opt-1.pyc
-rw-r--r--  0 root   root    23683 Feb  1 19:40 usr/lib/python3.12/site-packages/gi/overrides/__pycache__/Gio.cpython-312.opt-1.pyc
-rw-r--r--  0 root   root    84625 Feb  1 19:40 usr/lib/python3.12/site-packages/gi/overrides/__pycache__/Gtk.cpython-312.opt-1.pyc
-rw-r--r--  0 root   root     2096 Feb  1 19:40 usr/lib/python3.12/site-packages/gi/overrides/__pycache__/Pango.cpython-312.opt-1.pyc
-rw-r--r--  0 root   root    15168 Feb  1 19:40 usr/lib/python3.12/site-packages/gi/overrides/__pycache__/__init__.cpython-312.opt-1.pyc
-rw-r--r--  0 root   root     1240 Feb  1 19:40 usr/lib/python3.12/site-packages/gi/overrides/__pycache__/keysyms.cpython-312.opt-1.pyc
=======> Building '/home/devel/packages/python3-gobject#3.46.0-2.x86_64.pkg.tar.zst' succeeded.
prt-get: Using PKGMK_PACKAGE_DIR: /home/devel/packages
prt-get: reinstalling python3-gobject 3.46.0-2
prt-get: /usr/bin/pkgadd -u python3-gobject#3.46.0-2.x86_64.pkg.tar.zst
prt-get: build done Thu Feb  1 19:40:54 2024

