prt-get: updating /usr/ports/wayland-x86_64/python3-cairo
prt-get: starting build Wed May  8 01:04:54 2024
=======> Building '/home/devel/packages/python3-cairo#1.26.0-1.x86_64.pkg.tar.zst'.
bsdtar -p -o -C /home/devel/building/work/src -xf /home/devel/sources/pycairo-1.26.0.tar.gz
+ build
+ cd pycairo-1.26.0
+ build-meson . build
The Meson build system
Version: 1.4.0
Source dir: /home/devel/building/work/src/pycairo-1.26.0
Build dir: /home/devel/building/work/src/pycairo-1.26.0/build
Build type: native build
Project name: pycairo
Project version: 1.26.0
C compiler for the host machine: cc (gcc 14.1.0 "cc (SAUX-x86_64) 14.1.0")
C linker for the host machine: cc ld.bfd 2.42
Host machine cpu family: x86_64
Host machine cpu: x86_64
Program python3 found: YES (/usr/bin/python3)
Compiler for C supports arguments -Wall: YES 
Compiler for C supports arguments -Warray-bounds: YES 
Compiler for C supports arguments -Wcast-align: YES 
Compiler for C supports arguments -Wconversion: YES 
Compiler for C supports arguments -Wextra: YES 
Compiler for C supports arguments -Wformat=2: YES 
Compiler for C supports arguments -Wformat-nonliteral: YES 
Compiler for C supports arguments -Wformat-security: YES 
Compiler for C supports arguments -Wimplicit-function-declaration: YES 
Compiler for C supports arguments -Winit-self: YES 
Compiler for C supports arguments -Winline: YES 
Compiler for C supports arguments -Wmissing-format-attribute: YES 
Compiler for C supports arguments -Wmissing-noreturn: YES 
Compiler for C supports arguments -Wnested-externs: YES 
Compiler for C supports arguments -Wold-style-definition: YES 
Compiler for C supports arguments -Wpacked: YES 
Compiler for C supports arguments -Wpointer-arith: YES 
Compiler for C supports arguments -Wreturn-type: YES 
Compiler for C supports arguments -Wshadow: YES 
Compiler for C supports arguments -Wsign-compare: YES 
Compiler for C supports arguments -Wstrict-aliasing: YES 
Compiler for C supports arguments -Wundef: YES 
Compiler for C supports arguments -Wunused-but-set-variable: YES 
Compiler for C supports arguments -Wswitch-default: YES 
Compiler for C supports arguments -Wno-missing-field-initializers: YES 
Compiler for C supports arguments -Wno-unused-parameter: YES 
Compiler for C supports arguments -fno-strict-aliasing: YES 
Compiler for C supports arguments -fvisibility=hidden: YES 
Configuring pycairo-1.26.0.egg-info using configuration
Found pkg-config: YES (/usr/bin/pkg-config) 2.2.0
Run-time dependency cairo found: YES 1.18.0
Run-time dependency python found: YES 3.12
Build targets in project: 28

pycairo 1.26.0

  User defined options
    auto_features     : auto
    bindir            : /usr/bin
    buildtype         : plain
    datadir           : /usr/share
    includedir        : /usr/include
    libdir            : /usr/lib
    libexecdir        : /usr/lib
    localstatedir     : /var
    mandir            : /usr/share/man
    prefix            : /usr
    sbindir           : /usr/sbin
    sharedstatedir    : /var/lib
    sysconfdir        : /etc
    werror            : false
    wrap_mode         : nodownload
    python.bytecompile: 0
    b_lto             : false
    b_pie             : true
    b_staticpic       : true

Found ninja-1.9 at /usr/bin/ninja
+ meson compile -j 8 -v -C build
ninja: entering directory '/home/devel/building/work/src/pycairo-1.26.0/build'
[1/47] /usr/bin/meson --internal copy ../tests/test_typing.py tests/test_typing.py
[2/47] /usr/bin/meson --internal copy ../tests/test_textextents.py tests/test_textextents.py
[3/47] /usr/bin/meson --internal copy ../tests/test_textcluster.py tests/test_textcluster.py
[4/47] /usr/bin/meson --internal copy ../tests/test_surface_pygame.py tests/test_surface_pygame.py
[5/47] /usr/bin/meson --internal copy ../tests/test_surface.py tests/test_surface.py
[6/47] /usr/bin/meson --internal copy ../tests/test_surface_numpy.py tests/test_surface_numpy.py
[7/47] /usr/bin/meson --internal copy ../tests/test_region.py tests/test_region.py
[8/47] /usr/bin/meson --internal copy ../tests/test_rectangle.py tests/test_rectangle.py
[9/47] /usr/bin/meson --internal copy ../tests/test_pattern.py tests/test_pattern.py
[10/47] /usr/bin/meson --internal copy ../tests/test_path.py tests/test_path.py
[11/47] /usr/bin/meson --internal copy ../tests/test_matrix.py tests/test_matrix.py
[12/47] /usr/bin/meson --internal copy ../tests/test_hypothesis.py tests/test_hypothesis.py
[13/47] /usr/bin/meson --internal copy ../tests/test_glyph.py tests/test_glyph.py
[14/47] /usr/bin/meson --internal copy ../tests/test_font.py tests/test_font.py
[15/47] /usr/bin/meson --internal copy ../tests/test_error.py tests/test_error.py
[16/47] /usr/bin/meson --internal copy ../tests/test_enums.py tests/test_enums.py
[17/47] /usr/bin/meson --internal copy ../tests/test_device.py tests/test_device.py
[18/47] /usr/bin/meson --internal copy ../tests/test_context.py tests/test_context.py
[19/47] /usr/bin/meson --internal copy ../tests/test_cmod.py tests/test_cmod.py
[20/47] /usr/bin/meson --internal copy ../tests/test_api.py tests/test_api.py
[21/47] /usr/bin/meson --internal copy ../tests/__init__.py tests/__init__.py
[22/47] /usr/bin/meson --internal copy ../tests/hypothesis_fspaths.py tests/hypothesis_fspaths.py
[23/47] cc -Itests/cmod.cpython-312-x86_64-linux-gnu.so.p -Itests -I../tests -Icairo -I../cairo -I/usr/include/cairo -I/usr/include/freetype2 -I/usr/include/libpng16 -I/usr/include/harfbuzz -I/usr/include/glib-2.0 -I/usr/lib/glib-2.0/include -I/usr/include/pixman-1 -I/usr/include/python3.12 -fvisibility=hidden -fdiagnostics-color=always -D_FILE_OFFSET_BITS=64 -Wall -Winvalid-pch -O2 -m64 -march=x86-64 -mtune=generic -flto=auto -ffat-lto-objects -fPIC -DPYCAIRO_VERSION_MAJOR=1 -DPYCAIRO_VERSION_MINOR=26 -DPYCAIRO_VERSION_MICRO=0 -Wall -Warray-bounds -Wcast-align -Wconversion -Wextra -Wformat=2 -Wformat-nonliteral -Wformat-security -Wimplicit-function-declaration -Winit-self -Winline -Wmissing-format-attribute -Wmissing-noreturn -Wnested-externs -Wold-style-definition -Wpacked -Wpointer-arith -Wreturn-type -Wshadow -Wsign-compare -Wstrict-aliasing -Wundef -Wunused-but-set-variable -Wswitch-default -Wno-missing-field-initializers -Wno-unused-parameter -fno-strict-aliasing -fvisibility=hidden -DPY_SSIZE_T_CLEAN -MD -MQ tests/cmod.cpython-312-x86_64-linux-gnu.so.p/cmodule_cmodulelib.c.o -MF tests/cmod.cpython-312-x86_64-linux-gnu.so.p/cmodule_cmodulelib.c.o.d -o tests/cmod.cpython-312-x86_64-linux-gnu.so.p/cmodule_cmodulelib.c.o -c ../tests/cmodule/cmodulelib.c
[24/47] cc -Itests/cmod.cpython-312-x86_64-linux-gnu.so.p -Itests -I../tests -Icairo -I../cairo -I/usr/include/cairo -I/usr/include/freetype2 -I/usr/include/libpng16 -I/usr/include/harfbuzz -I/usr/include/glib-2.0 -I/usr/lib/glib-2.0/include -I/usr/include/pixman-1 -I/usr/include/python3.12 -fvisibility=hidden -fdiagnostics-color=always -D_FILE_OFFSET_BITS=64 -Wall -Winvalid-pch -O2 -m64 -march=x86-64 -mtune=generic -flto=auto -ffat-lto-objects -fPIC -DPYCAIRO_VERSION_MAJOR=1 -DPYCAIRO_VERSION_MINOR=26 -DPYCAIRO_VERSION_MICRO=0 -Wall -Warray-bounds -Wcast-align -Wconversion -Wextra -Wformat=2 -Wformat-nonliteral -Wformat-security -Wimplicit-function-declaration -Winit-self -Winline -Wmissing-format-attribute -Wmissing-noreturn -Wnested-externs -Wold-style-definition -Wpacked -Wpointer-arith -Wreturn-type -Wshadow -Wsign-compare -Wstrict-aliasing -Wundef -Wunused-but-set-variable -Wswitch-default -Wno-missing-field-initializers -Wno-unused-parameter -fno-strict-aliasing -fvisibility=hidden -DPY_SSIZE_T_CLEAN -MD -MQ tests/cmod.cpython-312-x86_64-linux-gnu.so.p/cmodule_cmodule.c.o -MF tests/cmod.cpython-312-x86_64-linux-gnu.so.p/cmodule_cmodule.c.o.d -o tests/cmod.cpython-312-x86_64-linux-gnu.so.p/cmodule_cmodule.c.o -c ../tests/cmodule/cmodule.c
[25/47] cc -Icairo/_cairo.cpython-312-x86_64-linux-gnu.so.p -Icairo -I../cairo -I/usr/include/cairo -I/usr/include/freetype2 -I/usr/include/libpng16 -I/usr/include/harfbuzz -I/usr/include/glib-2.0 -I/usr/lib/glib-2.0/include -I/usr/include/pixman-1 -I/usr/include/python3.12 -fvisibility=hidden -fdiagnostics-color=always -D_FILE_OFFSET_BITS=64 -Wall -Winvalid-pch -O2 -m64 -march=x86-64 -mtune=generic -flto=auto -ffat-lto-objects -fPIC -DPYCAIRO_VERSION_MAJOR=1 -DPYCAIRO_VERSION_MINOR=26 -DPYCAIRO_VERSION_MICRO=0 -Wall -Warray-bounds -Wcast-align -Wconversion -Wextra -Wformat=2 -Wformat-nonliteral -Wformat-security -Wimplicit-function-declaration -Winit-self -Winline -Wmissing-format-attribute -Wmissing-noreturn -Wnested-externs -Wold-style-definition -Wpacked -Wpointer-arith -Wreturn-type -Wshadow -Wsign-compare -Wstrict-aliasing -Wundef -Wunused-but-set-variable -Wswitch-default -Wno-missing-field-initializers -Wno-unused-parameter -fno-strict-aliasing -fvisibility=hidden -MD -MQ cairo/_cairo.cpython-312-x86_64-linux-gnu.so.p/textextents.c.o -MF cairo/_cairo.cpython-312-x86_64-linux-gnu.so.p/textextents.c.o.d -o cairo/_cairo.cpython-312-x86_64-linux-gnu.so.p/textextents.c.o -c ../cairo/textextents.c
[26/47] cc -Icairo/_cairo.cpython-312-x86_64-linux-gnu.so.p -Icairo -I../cairo -I/usr/include/cairo -I/usr/include/freetype2 -I/usr/include/libpng16 -I/usr/include/harfbuzz -I/usr/include/glib-2.0 -I/usr/lib/glib-2.0/include -I/usr/include/pixman-1 -I/usr/include/python3.12 -fvisibility=hidden -fdiagnostics-color=always -D_FILE_OFFSET_BITS=64 -Wall -Winvalid-pch -O2 -m64 -march=x86-64 -mtune=generic -flto=auto -ffat-lto-objects -fPIC -DPYCAIRO_VERSION_MAJOR=1 -DPYCAIRO_VERSION_MINOR=26 -DPYCAIRO_VERSION_MICRO=0 -Wall -Warray-bounds -Wcast-align -Wconversion -Wextra -Wformat=2 -Wformat-nonliteral -Wformat-security -Wimplicit-function-declaration -Winit-self -Winline -Wmissing-format-attribute -Wmissing-noreturn -Wnested-externs -Wold-style-definition -Wpacked -Wpointer-arith -Wreturn-type -Wshadow -Wsign-compare -Wstrict-aliasing -Wundef -Wunused-but-set-variable -Wswitch-default -Wno-missing-field-initializers -Wno-unused-parameter -fno-strict-aliasing -fvisibility=hidden -MD -MQ cairo/_cairo.cpython-312-x86_64-linux-gnu.so.p/textcluster.c.o -MF cairo/_cairo.cpython-312-x86_64-linux-gnu.so.p/textcluster.c.o.d -o cairo/_cairo.cpython-312-x86_64-linux-gnu.so.p/textcluster.c.o -c ../cairo/textcluster.c
[27/47] cc -Icairo/_cairo.cpython-312-x86_64-linux-gnu.so.p -Icairo -I../cairo -I/usr/include/cairo -I/usr/include/freetype2 -I/usr/include/libpng16 -I/usr/include/harfbuzz -I/usr/include/glib-2.0 -I/usr/lib/glib-2.0/include -I/usr/include/pixman-1 -I/usr/include/python3.12 -fvisibility=hidden -fdiagnostics-color=always -D_FILE_OFFSET_BITS=64 -Wall -Winvalid-pch -O2 -m64 -march=x86-64 -mtune=generic -flto=auto -ffat-lto-objects -fPIC -DPYCAIRO_VERSION_MAJOR=1 -DPYCAIRO_VERSION_MINOR=26 -DPYCAIRO_VERSION_MICRO=0 -Wall -Warray-bounds -Wcast-align -Wconversion -Wextra -Wformat=2 -Wformat-nonliteral -Wformat-security -Wimplicit-function-declaration -Winit-self -Winline -Wmissing-format-attribute -Wmissing-noreturn -Wnested-externs -Wold-style-definition -Wpacked -Wpointer-arith -Wreturn-type -Wshadow -Wsign-compare -Wstrict-aliasing -Wundef -Wunused-but-set-variable -Wswitch-default -Wno-missing-field-initializers -Wno-unused-parameter -fno-strict-aliasing -fvisibility=hidden -MD -MQ cairo/_cairo.cpython-312-x86_64-linux-gnu.so.p/surface.c.o -MF cairo/_cairo.cpython-312-x86_64-linux-gnu.so.p/surface.c.o.d -o cairo/_cairo.cpython-312-x86_64-linux-gnu.so.p/surface.c.o -c ../cairo/surface.c
[28/47] cc -Icairo/_cairo.cpython-312-x86_64-linux-gnu.so.p -Icairo -I../cairo -I/usr/include/cairo -I/usr/include/freetype2 -I/usr/include/libpng16 -I/usr/include/harfbuzz -I/usr/include/glib-2.0 -I/usr/lib/glib-2.0/include -I/usr/include/pixman-1 -I/usr/include/python3.12 -fvisibility=hidden -fdiagnostics-color=always -D_FILE_OFFSET_BITS=64 -Wall -Winvalid-pch -O2 -m64 -march=x86-64 -mtune=generic -flto=auto -ffat-lto-objects -fPIC -DPYCAIRO_VERSION_MAJOR=1 -DPYCAIRO_VERSION_MINOR=26 -DPYCAIRO_VERSION_MICRO=0 -Wall -Warray-bounds -Wcast-align -Wconversion -Wextra -Wformat=2 -Wformat-nonliteral -Wformat-security -Wimplicit-function-declaration -Winit-self -Winline -Wmissing-format-attribute -Wmissing-noreturn -Wnested-externs -Wold-style-definition -Wpacked -Wpointer-arith -Wreturn-type -Wshadow -Wsign-compare -Wstrict-aliasing -Wundef -Wunused-but-set-variable -Wswitch-default -Wno-missing-field-initializers -Wno-unused-parameter -fno-strict-aliasing -fvisibility=hidden -MD -MQ cairo/_cairo.cpython-312-x86_64-linux-gnu.so.p/region.c.o -MF cairo/_cairo.cpython-312-x86_64-linux-gnu.so.p/region.c.o.d -o cairo/_cairo.cpython-312-x86_64-linux-gnu.so.p/region.c.o -c ../cairo/region.c
[29/47] cc -Icairo/_cairo.cpython-312-x86_64-linux-gnu.so.p -Icairo -I../cairo -I/usr/include/cairo -I/usr/include/freetype2 -I/usr/include/libpng16 -I/usr/include/harfbuzz -I/usr/include/glib-2.0 -I/usr/lib/glib-2.0/include -I/usr/include/pixman-1 -I/usr/include/python3.12 -fvisibility=hidden -fdiagnostics-color=always -D_FILE_OFFSET_BITS=64 -Wall -Winvalid-pch -O2 -m64 -march=x86-64 -mtune=generic -flto=auto -ffat-lto-objects -fPIC -DPYCAIRO_VERSION_MAJOR=1 -DPYCAIRO_VERSION_MINOR=26 -DPYCAIRO_VERSION_MICRO=0 -Wall -Warray-bounds -Wcast-align -Wconversion -Wextra -Wformat=2 -Wformat-nonliteral -Wformat-security -Wimplicit-function-declaration -Winit-self -Winline -Wmissing-format-attribute -Wmissing-noreturn -Wnested-externs -Wold-style-definition -Wpacked -Wpointer-arith -Wreturn-type -Wshadow -Wsign-compare -Wstrict-aliasing -Wundef -Wunused-but-set-variable -Wswitch-default -Wno-missing-field-initializers -Wno-unused-parameter -fno-strict-aliasing -fvisibility=hidden -MD -MQ cairo/_cairo.cpython-312-x86_64-linux-gnu.so.p/rectangle.c.o -MF cairo/_cairo.cpython-312-x86_64-linux-gnu.so.p/rectangle.c.o.d -o cairo/_cairo.cpython-312-x86_64-linux-gnu.so.p/rectangle.c.o -c ../cairo/rectangle.c
[30/47] cc -Icairo/_cairo.cpython-312-x86_64-linux-gnu.so.p -Icairo -I../cairo -I/usr/include/cairo -I/usr/include/freetype2 -I/usr/include/libpng16 -I/usr/include/harfbuzz -I/usr/include/glib-2.0 -I/usr/lib/glib-2.0/include -I/usr/include/pixman-1 -I/usr/include/python3.12 -fvisibility=hidden -fdiagnostics-color=always -D_FILE_OFFSET_BITS=64 -Wall -Winvalid-pch -O2 -m64 -march=x86-64 -mtune=generic -flto=auto -ffat-lto-objects -fPIC -DPYCAIRO_VERSION_MAJOR=1 -DPYCAIRO_VERSION_MINOR=26 -DPYCAIRO_VERSION_MICRO=0 -Wall -Warray-bounds -Wcast-align -Wconversion -Wextra -Wformat=2 -Wformat-nonliteral -Wformat-security -Wimplicit-function-declaration -Winit-self -Winline -Wmissing-format-attribute -Wmissing-noreturn -Wnested-externs -Wold-style-definition -Wpacked -Wpointer-arith -Wreturn-type -Wshadow -Wsign-compare -Wstrict-aliasing -Wundef -Wunused-but-set-variable -Wswitch-default -Wno-missing-field-initializers -Wno-unused-parameter -fno-strict-aliasing -fvisibility=hidden -MD -MQ cairo/_cairo.cpython-312-x86_64-linux-gnu.so.p/pattern.c.o -MF cairo/_cairo.cpython-312-x86_64-linux-gnu.so.p/pattern.c.o.d -o cairo/_cairo.cpython-312-x86_64-linux-gnu.so.p/pattern.c.o -c ../cairo/pattern.c
[31/47] cc -Icairo/_cairo.cpython-312-x86_64-linux-gnu.so.p -Icairo -I../cairo -I/usr/include/cairo -I/usr/include/freetype2 -I/usr/include/libpng16 -I/usr/include/harfbuzz -I/usr/include/glib-2.0 -I/usr/lib/glib-2.0/include -I/usr/include/pixman-1 -I/usr/include/python3.12 -fvisibility=hidden -fdiagnostics-color=always -D_FILE_OFFSET_BITS=64 -Wall -Winvalid-pch -O2 -m64 -march=x86-64 -mtune=generic -flto=auto -ffat-lto-objects -fPIC -DPYCAIRO_VERSION_MAJOR=1 -DPYCAIRO_VERSION_MINOR=26 -DPYCAIRO_VERSION_MICRO=0 -Wall -Warray-bounds -Wcast-align -Wconversion -Wextra -Wformat=2 -Wformat-nonliteral -Wformat-security -Wimplicit-function-declaration -Winit-self -Winline -Wmissing-format-attribute -Wmissing-noreturn -Wnested-externs -Wold-style-definition -Wpacked -Wpointer-arith -Wreturn-type -Wshadow -Wsign-compare -Wstrict-aliasing -Wundef -Wunused-but-set-variable -Wswitch-default -Wno-missing-field-initializers -Wno-unused-parameter -fno-strict-aliasing -fvisibility=hidden -MD -MQ cairo/_cairo.cpython-312-x86_64-linux-gnu.so.p/path.c.o -MF cairo/_cairo.cpython-312-x86_64-linux-gnu.so.p/path.c.o.d -o cairo/_cairo.cpython-312-x86_64-linux-gnu.so.p/path.c.o -c ../cairo/path.c
[32/47] cc  -o tests/cmod.cpython-312-x86_64-linux-gnu.so tests/cmod.cpython-312-x86_64-linux-gnu.so.p/cmodule_cmodule.c.o tests/cmod.cpython-312-x86_64-linux-gnu.so.p/cmodule_cmodulelib.c.o -Wl,--as-needed -Wl,--allow-shlib-undefined -shared -fPIC -O2 -m64 -march=x86-64 -mtune=generic -flto=auto -ffat-lto-objects /usr/lib/libcairo.so
[33/47] cc -Icairo/_cairo.cpython-312-x86_64-linux-gnu.so.p -Icairo -I../cairo -I/usr/include/cairo -I/usr/include/freetype2 -I/usr/include/libpng16 -I/usr/include/harfbuzz -I/usr/include/glib-2.0 -I/usr/lib/glib-2.0/include -I/usr/include/pixman-1 -I/usr/include/python3.12 -fvisibility=hidden -fdiagnostics-color=always -D_FILE_OFFSET_BITS=64 -Wall -Winvalid-pch -O2 -m64 -march=x86-64 -mtune=generic -flto=auto -ffat-lto-objects -fPIC -DPYCAIRO_VERSION_MAJOR=1 -DPYCAIRO_VERSION_MINOR=26 -DPYCAIRO_VERSION_MICRO=0 -Wall -Warray-bounds -Wcast-align -Wconversion -Wextra -Wformat=2 -Wformat-nonliteral -Wformat-security -Wimplicit-function-declaration -Winit-self -Winline -Wmissing-format-attribute -Wmissing-noreturn -Wnested-externs -Wold-style-definition -Wpacked -Wpointer-arith -Wreturn-type -Wshadow -Wsign-compare -Wstrict-aliasing -Wundef -Wunused-but-set-variable -Wswitch-default -Wno-missing-field-initializers -Wno-unused-parameter -fno-strict-aliasing -fvisibility=hidden -MD -MQ cairo/_cairo.cpython-312-x86_64-linux-gnu.so.p/misc.c.o -MF cairo/_cairo.cpython-312-x86_64-linux-gnu.so.p/misc.c.o.d -o cairo/_cairo.cpython-312-x86_64-linux-gnu.so.p/misc.c.o -c ../cairo/misc.c
[34/47] cc -Icairo/_cairo.cpython-312-x86_64-linux-gnu.so.p -Icairo -I../cairo -I/usr/include/cairo -I/usr/include/freetype2 -I/usr/include/libpng16 -I/usr/include/harfbuzz -I/usr/include/glib-2.0 -I/usr/lib/glib-2.0/include -I/usr/include/pixman-1 -I/usr/include/python3.12 -fvisibility=hidden -fdiagnostics-color=always -D_FILE_OFFSET_BITS=64 -Wall -Winvalid-pch -O2 -m64 -march=x86-64 -mtune=generic -flto=auto -ffat-lto-objects -fPIC -DPYCAIRO_VERSION_MAJOR=1 -DPYCAIRO_VERSION_MINOR=26 -DPYCAIRO_VERSION_MICRO=0 -Wall -Warray-bounds -Wcast-align -Wconversion -Wextra -Wformat=2 -Wformat-nonliteral -Wformat-security -Wimplicit-function-declaration -Winit-self -Winline -Wmissing-format-attribute -Wmissing-noreturn -Wnested-externs -Wold-style-definition -Wpacked -Wpointer-arith -Wreturn-type -Wshadow -Wsign-compare -Wstrict-aliasing -Wundef -Wunused-but-set-variable -Wswitch-default -Wno-missing-field-initializers -Wno-unused-parameter -fno-strict-aliasing -fvisibility=hidden -MD -MQ cairo/_cairo.cpython-312-x86_64-linux-gnu.so.p/matrix.c.o -MF cairo/_cairo.cpython-312-x86_64-linux-gnu.so.p/matrix.c.o.d -o cairo/_cairo.cpython-312-x86_64-linux-gnu.so.p/matrix.c.o -c ../cairo/matrix.c
[35/47] cc -Icairo/_cairo.cpython-312-x86_64-linux-gnu.so.p -Icairo -I../cairo -I/usr/include/cairo -I/usr/include/freetype2 -I/usr/include/libpng16 -I/usr/include/harfbuzz -I/usr/include/glib-2.0 -I/usr/lib/glib-2.0/include -I/usr/include/pixman-1 -I/usr/include/python3.12 -fvisibility=hidden -fdiagnostics-color=always -D_FILE_OFFSET_BITS=64 -Wall -Winvalid-pch -O2 -m64 -march=x86-64 -mtune=generic -flto=auto -ffat-lto-objects -fPIC -DPYCAIRO_VERSION_MAJOR=1 -DPYCAIRO_VERSION_MINOR=26 -DPYCAIRO_VERSION_MICRO=0 -Wall -Warray-bounds -Wcast-align -Wconversion -Wextra -Wformat=2 -Wformat-nonliteral -Wformat-security -Wimplicit-function-declaration -Winit-self -Winline -Wmissing-format-attribute -Wmissing-noreturn -Wnested-externs -Wold-style-definition -Wpacked -Wpointer-arith -Wreturn-type -Wshadow -Wsign-compare -Wstrict-aliasing -Wundef -Wunused-but-set-variable -Wswitch-default -Wno-missing-field-initializers -Wno-unused-parameter -fno-strict-aliasing -fvisibility=hidden -MD -MQ cairo/_cairo.cpython-312-x86_64-linux-gnu.so.p/glyph.c.o -MF cairo/_cairo.cpython-312-x86_64-linux-gnu.so.p/glyph.c.o.d -o cairo/_cairo.cpython-312-x86_64-linux-gnu.so.p/glyph.c.o -c ../cairo/glyph.c
[36/47] cc -Icairo/_cairo.cpython-312-x86_64-linux-gnu.so.p -Icairo -I../cairo -I/usr/include/cairo -I/usr/include/freetype2 -I/usr/include/libpng16 -I/usr/include/harfbuzz -I/usr/include/glib-2.0 -I/usr/lib/glib-2.0/include -I/usr/include/pixman-1 -I/usr/include/python3.12 -fvisibility=hidden -fdiagnostics-color=always -D_FILE_OFFSET_BITS=64 -Wall -Winvalid-pch -O2 -m64 -march=x86-64 -mtune=generic -flto=auto -ffat-lto-objects -fPIC -DPYCAIRO_VERSION_MAJOR=1 -DPYCAIRO_VERSION_MINOR=26 -DPYCAIRO_VERSION_MICRO=0 -Wall -Warray-bounds -Wcast-align -Wconversion -Wextra -Wformat=2 -Wformat-nonliteral -Wformat-security -Wimplicit-function-declaration -Winit-self -Winline -Wmissing-format-attribute -Wmissing-noreturn -Wnested-externs -Wold-style-definition -Wpacked -Wpointer-arith -Wreturn-type -Wshadow -Wsign-compare -Wstrict-aliasing -Wundef -Wunused-but-set-variable -Wswitch-default -Wno-missing-field-initializers -Wno-unused-parameter -fno-strict-aliasing -fvisibility=hidden -MD -MQ cairo/_cairo.cpython-312-x86_64-linux-gnu.so.p/font.c.o -MF cairo/_cairo.cpython-312-x86_64-linux-gnu.so.p/font.c.o.d -o cairo/_cairo.cpython-312-x86_64-linux-gnu.so.p/font.c.o -c ../cairo/font.c
[37/47] cc -Icairo/_cairo.cpython-312-x86_64-linux-gnu.so.p -Icairo -I../cairo -I/usr/include/cairo -I/usr/include/freetype2 -I/usr/include/libpng16 -I/usr/include/harfbuzz -I/usr/include/glib-2.0 -I/usr/lib/glib-2.0/include -I/usr/include/pixman-1 -I/usr/include/python3.12 -fvisibility=hidden -fdiagnostics-color=always -D_FILE_OFFSET_BITS=64 -Wall -Winvalid-pch -O2 -m64 -march=x86-64 -mtune=generic -flto=auto -ffat-lto-objects -fPIC -DPYCAIRO_VERSION_MAJOR=1 -DPYCAIRO_VERSION_MINOR=26 -DPYCAIRO_VERSION_MICRO=0 -Wall -Warray-bounds -Wcast-align -Wconversion -Wextra -Wformat=2 -Wformat-nonliteral -Wformat-security -Wimplicit-function-declaration -Winit-self -Winline -Wmissing-format-attribute -Wmissing-noreturn -Wnested-externs -Wold-style-definition -Wpacked -Wpointer-arith -Wreturn-type -Wshadow -Wsign-compare -Wstrict-aliasing -Wundef -Wunused-but-set-variable -Wswitch-default -Wno-missing-field-initializers -Wno-unused-parameter -fno-strict-aliasing -fvisibility=hidden -MD -MQ cairo/_cairo.cpython-312-x86_64-linux-gnu.so.p/error.c.o -MF cairo/_cairo.cpython-312-x86_64-linux-gnu.so.p/error.c.o.d -o cairo/_cairo.cpython-312-x86_64-linux-gnu.so.p/error.c.o -c ../cairo/error.c
[38/47] cc -Icairo/_cairo.cpython-312-x86_64-linux-gnu.so.p -Icairo -I../cairo -I/usr/include/cairo -I/usr/include/freetype2 -I/usr/include/libpng16 -I/usr/include/harfbuzz -I/usr/include/glib-2.0 -I/usr/lib/glib-2.0/include -I/usr/include/pixman-1 -I/usr/include/python3.12 -fvisibility=hidden -fdiagnostics-color=always -D_FILE_OFFSET_BITS=64 -Wall -Winvalid-pch -O2 -m64 -march=x86-64 -mtune=generic -flto=auto -ffat-lto-objects -fPIC -DPYCAIRO_VERSION_MAJOR=1 -DPYCAIRO_VERSION_MINOR=26 -DPYCAIRO_VERSION_MICRO=0 -Wall -Warray-bounds -Wcast-align -Wconversion -Wextra -Wformat=2 -Wformat-nonliteral -Wformat-security -Wimplicit-function-declaration -Winit-self -Winline -Wmissing-format-attribute -Wmissing-noreturn -Wnested-externs -Wold-style-definition -Wpacked -Wpointer-arith -Wreturn-type -Wshadow -Wsign-compare -Wstrict-aliasing -Wundef -Wunused-but-set-variable -Wswitch-default -Wno-missing-field-initializers -Wno-unused-parameter -fno-strict-aliasing -fvisibility=hidden -MD -MQ cairo/_cairo.cpython-312-x86_64-linux-gnu.so.p/enums.c.o -MF cairo/_cairo.cpython-312-x86_64-linux-gnu.so.p/enums.c.o.d -o cairo/_cairo.cpython-312-x86_64-linux-gnu.so.p/enums.c.o -c ../cairo/enums.c
[39/47] cc -Icairo/_cairo.cpython-312-x86_64-linux-gnu.so.p -Icairo -I../cairo -I/usr/include/cairo -I/usr/include/freetype2 -I/usr/include/libpng16 -I/usr/include/harfbuzz -I/usr/include/glib-2.0 -I/usr/lib/glib-2.0/include -I/usr/include/pixman-1 -I/usr/include/python3.12 -fvisibility=hidden -fdiagnostics-color=always -D_FILE_OFFSET_BITS=64 -Wall -Winvalid-pch -O2 -m64 -march=x86-64 -mtune=generic -flto=auto -ffat-lto-objects -fPIC -DPYCAIRO_VERSION_MAJOR=1 -DPYCAIRO_VERSION_MINOR=26 -DPYCAIRO_VERSION_MICRO=0 -Wall -Warray-bounds -Wcast-align -Wconversion -Wextra -Wformat=2 -Wformat-nonliteral -Wformat-security -Wimplicit-function-declaration -Winit-self -Winline -Wmissing-format-attribute -Wmissing-noreturn -Wnested-externs -Wold-style-definition -Wpacked -Wpointer-arith -Wreturn-type -Wshadow -Wsign-compare -Wstrict-aliasing -Wundef -Wunused-but-set-variable -Wswitch-default -Wno-missing-field-initializers -Wno-unused-parameter -fno-strict-aliasing -fvisibility=hidden -MD -MQ cairo/_cairo.cpython-312-x86_64-linux-gnu.so.p/device.c.o -MF cairo/_cairo.cpython-312-x86_64-linux-gnu.so.p/device.c.o.d -o cairo/_cairo.cpython-312-x86_64-linux-gnu.so.p/device.c.o -c ../cairo/device.c
[40/47] cc -Icairo/_cairo.cpython-312-x86_64-linux-gnu.so.p -Icairo -I../cairo -I/usr/include/cairo -I/usr/include/freetype2 -I/usr/include/libpng16 -I/usr/include/harfbuzz -I/usr/include/glib-2.0 -I/usr/lib/glib-2.0/include -I/usr/include/pixman-1 -I/usr/include/python3.12 -fvisibility=hidden -fdiagnostics-color=always -D_FILE_OFFSET_BITS=64 -Wall -Winvalid-pch -O2 -m64 -march=x86-64 -mtune=generic -flto=auto -ffat-lto-objects -fPIC -DPYCAIRO_VERSION_MAJOR=1 -DPYCAIRO_VERSION_MINOR=26 -DPYCAIRO_VERSION_MICRO=0 -Wall -Warray-bounds -Wcast-align -Wconversion -Wextra -Wformat=2 -Wformat-nonliteral -Wformat-security -Wimplicit-function-declaration -Winit-self -Winline -Wmissing-format-attribute -Wmissing-noreturn -Wnested-externs -Wold-style-definition -Wpacked -Wpointer-arith -Wreturn-type -Wshadow -Wsign-compare -Wstrict-aliasing -Wundef -Wunused-but-set-variable -Wswitch-default -Wno-missing-field-initializers -Wno-unused-parameter -fno-strict-aliasing -fvisibility=hidden -MD -MQ cairo/_cairo.cpython-312-x86_64-linux-gnu.so.p/context.c.o -MF cairo/_cairo.cpython-312-x86_64-linux-gnu.so.p/context.c.o.d -o cairo/_cairo.cpython-312-x86_64-linux-gnu.so.p/context.c.o -c ../cairo/context.c
[41/47] cc -Icairo/_cairo.cpython-312-x86_64-linux-gnu.so.p -Icairo -I../cairo -I/usr/include/cairo -I/usr/include/freetype2 -I/usr/include/libpng16 -I/usr/include/harfbuzz -I/usr/include/glib-2.0 -I/usr/lib/glib-2.0/include -I/usr/include/pixman-1 -I/usr/include/python3.12 -fvisibility=hidden -fdiagnostics-color=always -D_FILE_OFFSET_BITS=64 -Wall -Winvalid-pch -O2 -m64 -march=x86-64 -mtune=generic -flto=auto -ffat-lto-objects -fPIC -DPYCAIRO_VERSION_MAJOR=1 -DPYCAIRO_VERSION_MINOR=26 -DPYCAIRO_VERSION_MICRO=0 -Wall -Warray-bounds -Wcast-align -Wconversion -Wextra -Wformat=2 -Wformat-nonliteral -Wformat-security -Wimplicit-function-declaration -Winit-self -Winline -Wmissing-format-attribute -Wmissing-noreturn -Wnested-externs -Wold-style-definition -Wpacked -Wpointer-arith -Wreturn-type -Wshadow -Wsign-compare -Wstrict-aliasing -Wundef -Wunused-but-set-variable -Wswitch-default -Wno-missing-field-initializers -Wno-unused-parameter -fno-strict-aliasing -fvisibility=hidden -MD -MQ cairo/_cairo.cpython-312-x86_64-linux-gnu.so.p/cairomodule.c.o -MF cairo/_cairo.cpython-312-x86_64-linux-gnu.so.p/cairomodule.c.o.d -o cairo/_cairo.cpython-312-x86_64-linux-gnu.so.p/cairomodule.c.o -c ../cairo/cairomodule.c
[42/47] cc -Icairo/_cairo.cpython-312-x86_64-linux-gnu.so.p -Icairo -I../cairo -I/usr/include/cairo -I/usr/include/freetype2 -I/usr/include/libpng16 -I/usr/include/harfbuzz -I/usr/include/glib-2.0 -I/usr/lib/glib-2.0/include -I/usr/include/pixman-1 -I/usr/include/python3.12 -fvisibility=hidden -fdiagnostics-color=always -D_FILE_OFFSET_BITS=64 -Wall -Winvalid-pch -O2 -m64 -march=x86-64 -mtune=generic -flto=auto -ffat-lto-objects -fPIC -DPYCAIRO_VERSION_MAJOR=1 -DPYCAIRO_VERSION_MINOR=26 -DPYCAIRO_VERSION_MICRO=0 -Wall -Warray-bounds -Wcast-align -Wconversion -Wextra -Wformat=2 -Wformat-nonliteral -Wformat-security -Wimplicit-function-declaration -Winit-self -Winline -Wmissing-format-attribute -Wmissing-noreturn -Wnested-externs -Wold-style-definition -Wpacked -Wpointer-arith -Wreturn-type -Wshadow -Wsign-compare -Wstrict-aliasing -Wundef -Wunused-but-set-variable -Wswitch-default -Wno-missing-field-initializers -Wno-unused-parameter -fno-strict-aliasing -fvisibility=hidden -MD -MQ cairo/_cairo.cpython-312-x86_64-linux-gnu.so.p/bufferproxy.c.o -MF cairo/_cairo.cpython-312-x86_64-linux-gnu.so.p/bufferproxy.c.o.d -o cairo/_cairo.cpython-312-x86_64-linux-gnu.so.p/bufferproxy.c.o -c ../cairo/bufferproxy.c
[43/47] /usr/bin/meson --internal copy ../cairo/py.typed cairo/py.typed
[44/47] /usr/bin/meson --internal copy ../cairo/__init__.pyi cairo/__init__.pyi
[45/47] /usr/bin/meson --internal copy ../cairo/__init__.py cairo/__init__.py
[46/47] /usr/bin/meson --internal copy ../setup.cfg setup.cfg
[47/47] cc  -o cairo/_cairo.cpython-312-x86_64-linux-gnu.so cairo/_cairo.cpython-312-x86_64-linux-gnu.so.p/bufferproxy.c.o cairo/_cairo.cpython-312-x86_64-linux-gnu.so.p/cairomodule.c.o cairo/_cairo.cpython-312-x86_64-linux-gnu.so.p/context.c.o cairo/_cairo.cpython-312-x86_64-linux-gnu.so.p/device.c.o cairo/_cairo.cpython-312-x86_64-linux-gnu.so.p/enums.c.o cairo/_cairo.cpython-312-x86_64-linux-gnu.so.p/error.c.o cairo/_cairo.cpython-312-x86_64-linux-gnu.so.p/font.c.o cairo/_cairo.cpython-312-x86_64-linux-gnu.so.p/glyph.c.o cairo/_cairo.cpython-312-x86_64-linux-gnu.so.p/matrix.c.o cairo/_cairo.cpython-312-x86_64-linux-gnu.so.p/misc.c.o cairo/_cairo.cpython-312-x86_64-linux-gnu.so.p/path.c.o cairo/_cairo.cpython-312-x86_64-linux-gnu.so.p/pattern.c.o cairo/_cairo.cpython-312-x86_64-linux-gnu.so.p/rectangle.c.o cairo/_cairo.cpython-312-x86_64-linux-gnu.so.p/region.c.o cairo/_cairo.cpython-312-x86_64-linux-gnu.so.p/surface.c.o cairo/_cairo.cpython-312-x86_64-linux-gnu.so.p/textcluster.c.o cairo/_cairo.cpython-312-x86_64-linux-gnu.so.p/textextents.c.o -Wl,--as-needed -Wl,--allow-shlib-undefined -shared -fPIC -O2 -m64 -march=x86-64 -mtune=generic -flto=auto -ffat-lto-objects /usr/lib/libcairo.so
INFO: autodetecting backend as ninja
INFO: calculating backend command to run: /usr/bin/ninja -C /home/devel/building/work/src/pycairo-1.26.0/build -j 8 -v
+ DESTDIR=/home/devel/building/work/pkg
+ meson install --no-rebuild -C build
Compiling '/home/devel/building/work/pkg/usr/lib/python3.12/site-packages/cairo/__init__.py'...
Installing cairo/_cairo.cpython-312-x86_64-linux-gnu.so to /home/devel/building/work/pkg/usr/lib/python3.12/site-packages/cairo
Installing /home/devel/building/work/src/pycairo-1.26.0/cairo/py3cairo.h to /home/devel/building/work/pkg/usr/include/pycairo
Installing /home/devel/building/work/src/pycairo-1.26.0/build/pycairo-1.26.0.egg-info to /home/devel/building/work/pkg/usr/lib/python3.12/site-packages
Installing /home/devel/building/work/src/pycairo-1.26.0/cairo/__init__.py to /home/devel/building/work/pkg/usr/lib/python3.12/site-packages/cairo
Installing /home/devel/building/work/src/pycairo-1.26.0/cairo/__init__.pyi to /home/devel/building/work/pkg/usr/lib/python3.12/site-packages/cairo
Installing /home/devel/building/work/src/pycairo-1.26.0/cairo/py.typed to /home/devel/building/work/pkg/usr/lib/python3.12/site-packages/cairo
Installing /home/devel/building/work/src/pycairo-1.26.0/cairo/py3cairo.h to /home/devel/building/work/pkg/usr/lib/python3.12/site-packages/cairo/include
Installing /home/devel/building/work/src/pycairo-1.26.0/build/meson-private/py3cairo.pc to /home/devel/building/work/pkg/usr/lib/pkgconfig
Running custom install script '/usr/bin/python3 /home/devel/building/work/src/pycairo-1.26.0/build/meson-private/pycompile.py python-3.12-installed.json 0'
=======> Build result:
drwxr-xr-x  0 root   root        0 May  8 01:04 usr/
drwxr-xr-x  0 root   root        0 May  8 01:04 usr/lib/
drwxr-xr-x  0 root   root        0 May  8 01:04 usr/include/
drwxr-xr-x  0 root   root        0 May  8 01:04 usr/include/pycairo/
-rw-r--r--  0 root   root     8778 Feb 11 22:15 usr/include/pycairo/py3cairo.h
drwxr-xr-x  0 root   root        0 May  8 01:04 usr/lib/python3.12/
drwxr-xr-x  0 root   root        0 May  8 01:04 usr/lib/pkgconfig/
-rw-r--r--  0 root   root      162 May  8 01:04 usr/lib/pkgconfig/py3cairo.pc
drwxr-xr-x  0 root   root        0 May  8 01:04 usr/lib/python3.12/site-packages/
drwxr-xr-x  0 root   root        0 May  8 01:04 usr/lib/python3.12/site-packages/cairo/
-rw-r--r--  0 root   root      726 May  8 01:04 usr/lib/python3.12/site-packages/pycairo-1.26.0.egg-info
-rwxr-xr-x  0 root   root   216520 May  8 01:04 usr/lib/python3.12/site-packages/cairo/_cairo.cpython-312-x86_64-linux-gnu.so
-rwxr-xr-x  0 root   root      660 Feb 11 22:15 usr/lib/python3.12/site-packages/cairo/__init__.py
-rw-r--r--  0 root   root   217323 Feb 11 22:15 usr/lib/python3.12/site-packages/cairo/__init__.pyi
-rw-r--r--  0 root   root        0 Feb 11 22:15 usr/lib/python3.12/site-packages/cairo/py.typed
drwxr-xr-x  0 root   root        0 May  8 01:04 usr/lib/python3.12/site-packages/cairo/include/
drwxr-xr-x  0 root   root        0 May  8 01:04 usr/lib/python3.12/site-packages/cairo/__pycache__/
-rw-r--r--  0 root   root     1168 May  8 01:04 usr/lib/python3.12/site-packages/cairo/__pycache__/__init__.cpython-312.pyc
-rw-r--r--  0 root   root     8778 Feb 11 22:15 usr/lib/python3.12/site-packages/cairo/include/py3cairo.h
=======> Building '/home/devel/packages/python3-cairo#1.26.0-1.x86_64.pkg.tar.zst' succeeded.
prt-get: Using PKGMK_PACKAGE_DIR: /home/devel/packages
prt-get: reinstalling python3-cairo 1.26.0-1
prt-get: /usr/bin/pkgadd -u python3-cairo#1.26.0-1.x86_64.pkg.tar.zst
prt-get: build done Wed May  8 01:04:57 2024

