prt-get: updating /usr/ports/core-x86_64/python3-flit-core
prt-get: starting build Thu Feb  1 19:40:48 2024
=======> Building '/home/devel/packages/python3-flit-core#3.9.0-1.x86_64.pkg.tar.zst'.
bsdtar -p -o -C /home/devel/building/work/src -xf /home/devel/sources/flit_core-3.9.0.tar.gz
+ build
+ cd flit_core-3.9.0
+ pip3 wheel -w dist --no-cache-dir --no-build-isolation --no-deps /home/devel/building/work/src/flit_core-3.9.0
Processing /home/devel/building/work/src/flit_core-3.9.0
  Preparing metadata (pyproject.toml): started
  Preparing metadata (pyproject.toml): finished with status 'done'
Building wheels for collected packages: flit_core
  Building wheel for flit_core (pyproject.toml): started
  Building wheel for flit_core (pyproject.toml): finished with status 'done'
  Created wheel for flit_core: filename=flit_core-3.9.0-py3-none-any.whl size=63141 sha256=5a6505b7c8a8e611b1845ebf45884cb63cf5e6d57ffc0bebe59046f08d65a20e
  Stored in directory: /tmp/pip-ephem-wheel-cache-m7tliye_/wheels/e2/04/c2/bd46d778c2b4bb5c2da315a964aad1ecd4a3119fe9166ada36
Successfully built flit_core
+ PIP_CONFIG_FILE=/dev/null
+ /usr/bin/pip3 install --root-user-action=ignore --no-warn-script-location --ignore-installed --no-deps dist/flit_core-3.9.0-py3-none-any.whl --no-cache-dir --no-index --isolated --root=/home/devel/building/work/pkg
Processing ./dist/flit_core-3.9.0-py3-none-any.whl
Installing collected packages: flit-core
Successfully installed flit-core-3.9.0
=======> Build result:
drwxr-xr-x  0 root   root        0 Feb  1 19:40 usr/
drwxr-xr-x  0 root   root        0 Feb  1 19:40 usr/lib/
drwxr-xr-x  0 root   root        0 Feb  1 19:40 usr/lib/python3.12/
drwxr-xr-x  0 root   root        0 Feb  1 19:40 usr/lib/python3.12/site-packages/
drwxr-xr-x  0 root   root        0 Feb  1 19:40 usr/lib/python3.12/site-packages/flit_core/
drwxr-xr-x  0 root   root        0 Feb  1 19:40 usr/lib/python3.12/site-packages/flit_core-3.9.0.dist-info/
-rw-r--r--  0 root   root     1525 Feb  1 19:40 usr/lib/python3.12/site-packages/flit_core-3.9.0.dist-info/LICENSE
-rw-r--r--  0 root   root       81 Feb  1 19:40 usr/lib/python3.12/site-packages/flit_core-3.9.0.dist-info/WHEEL
-rw-r--r--  0 root   root      822 Feb  1 19:40 usr/lib/python3.12/site-packages/flit_core-3.9.0.dist-info/METADATA
-rw-r--r--  0 root   root        4 Feb  1 19:40 usr/lib/python3.12/site-packages/flit_core-3.9.0.dist-info/INSTALLER
-rw-r--r--  0 root   root      292 Feb  1 19:40 usr/lib/python3.12/site-packages/flit_core-3.9.0.dist-info/direct_url.json
-rw-r--r--  0 root   root        0 Feb  1 19:40 usr/lib/python3.12/site-packages/flit_core-3.9.0.dist-info/REQUESTED
-rw-r--r--  0 root   root    12010 Feb  1 19:40 usr/lib/python3.12/site-packages/flit_core-3.9.0.dist-info/RECORD
-rw-r--r--  0 root   root      224 Feb  1 19:40 usr/lib/python3.12/site-packages/flit_core/__init__.py
-rw-r--r--  0 root   root     3282 Feb  1 19:40 usr/lib/python3.12/site-packages/flit_core/buildapi.py
-rw-r--r--  0 root   root    15145 Feb  1 19:40 usr/lib/python3.12/site-packages/flit_core/common.py
-rw-r--r--  0 root   root    23247 Feb  1 19:40 usr/lib/python3.12/site-packages/flit_core/config.py
-rw-r--r--  0 root   root     7237 Feb  1 19:40 usr/lib/python3.12/site-packages/flit_core/sdist.py
-rw-r--r--  0 root   root     4781 Feb  1 19:40 usr/lib/python3.12/site-packages/flit_core/versionno.py
-rw-r--r--  0 root   root     9306 Feb  1 19:40 usr/lib/python3.12/site-packages/flit_core/wheel.py
drwxr-xr-x  0 root   root        0 Feb  1 19:40 usr/lib/python3.12/site-packages/flit_core/tests/
drwxr-xr-x  0 root   root        0 Feb  1 19:40 usr/lib/python3.12/site-packages/flit_core/vendor/
drwxr-xr-x  0 root   root        0 Feb  1 19:40 usr/lib/python3.12/site-packages/flit_core/__pycache__/
-rw-r--r--  0 root   root      423 Feb  1 19:40 usr/lib/python3.12/site-packages/flit_core/__pycache__/__init__.cpython-312.pyc
-rw-r--r--  0 root   root     4410 Feb  1 19:40 usr/lib/python3.12/site-packages/flit_core/__pycache__/buildapi.cpython-312.pyc
-rw-r--r--  0 root   root    20426 Feb  1 19:40 usr/lib/python3.12/site-packages/flit_core/__pycache__/common.cpython-312.pyc
-rw-r--r--  0 root   root    27722 Feb  1 19:40 usr/lib/python3.12/site-packages/flit_core/__pycache__/config.cpython-312.pyc
-rw-r--r--  0 root   root    11846 Feb  1 19:40 usr/lib/python3.12/site-packages/flit_core/__pycache__/sdist.cpython-312.pyc
-rw-r--r--  0 root   root     4749 Feb  1 19:40 usr/lib/python3.12/site-packages/flit_core/__pycache__/versionno.cpython-312.pyc
-rw-r--r--  0 root   root    15353 Feb  1 19:40 usr/lib/python3.12/site-packages/flit_core/__pycache__/wheel.cpython-312.pyc
-rw-r--r--  0 root   root      791 Feb  1 19:40 usr/lib/python3.12/site-packages/flit_core/vendor/README
-rw-r--r--  0 root   root        0 Feb  1 19:40 usr/lib/python3.12/site-packages/flit_core/vendor/__init__.py
drwxr-xr-x  0 root   root        0 Feb  1 19:40 usr/lib/python3.12/site-packages/flit_core/vendor/tomli/
drwxr-xr-x  0 root   root        0 Feb  1 19:40 usr/lib/python3.12/site-packages/flit_core/vendor/tomli-1.2.3.dist-info/
drwxr-xr-x  0 root   root        0 Feb  1 19:40 usr/lib/python3.12/site-packages/flit_core/vendor/__pycache__/
-rw-r--r--  0 root   root      188 Feb  1 19:40 usr/lib/python3.12/site-packages/flit_core/vendor/__pycache__/__init__.cpython-312.pyc
-rw-r--r--  0 root   root     1072 Feb  1 19:40 usr/lib/python3.12/site-packages/flit_core/vendor/tomli-1.2.3.dist-info/LICENSE
-rw-r--r--  0 root   root     9089 Feb  1 19:40 usr/lib/python3.12/site-packages/flit_core/vendor/tomli-1.2.3.dist-info/METADATA
-rw-r--r--  0 root   root      294 Feb  1 19:40 usr/lib/python3.12/site-packages/flit_core/vendor/tomli/__init__.py
-rw-r--r--  0 root   root    21649 Feb  1 19:40 usr/lib/python3.12/site-packages/flit_core/vendor/tomli/_parser.py
-rw-r--r--  0 root   root     2813 Feb  1 19:40 usr/lib/python3.12/site-packages/flit_core/vendor/tomli/_re.py
-rw-r--r--  0 root   root      126 Feb  1 19:40 usr/lib/python3.12/site-packages/flit_core/vendor/tomli/_types.py
-rw-r--r--  0 root   root       26 Feb  1 19:40 usr/lib/python3.12/site-packages/flit_core/vendor/tomli/py.typed
drwxr-xr-x  0 root   root        0 Feb  1 19:40 usr/lib/python3.12/site-packages/flit_core/vendor/tomli/__pycache__/
-rw-r--r--  0 root   root      422 Feb  1 19:40 usr/lib/python3.12/site-packages/flit_core/vendor/tomli/__pycache__/__init__.cpython-312.pyc
-rw-r--r--  0 root   root    26051 Feb  1 19:40 usr/lib/python3.12/site-packages/flit_core/vendor/tomli/__pycache__/_parser.cpython-312.pyc
-rw-r--r--  0 root   root     3962 Feb  1 19:40 usr/lib/python3.12/site-packages/flit_core/vendor/tomli/__pycache__/_re.cpython-312.pyc
-rw-r--r--  0 root   root      370 Feb  1 19:40 usr/lib/python3.12/site-packages/flit_core/vendor/tomli/__pycache__/_types.cpython-312.pyc
-rw-r--r--  0 root   root        0 Feb  1 19:40 usr/lib/python3.12/site-packages/flit_core/tests/__init__.py
-rw-r--r--  0 root   root     1552 Feb  1 19:40 usr/lib/python3.12/site-packages/flit_core/tests/test_build_thyself.py
-rw-r--r--  0 root   root     3934 Feb  1 19:40 usr/lib/python3.12/site-packages/flit_core/tests/test_buildapi.py
-rw-r--r--  0 root   root     5951 Feb  1 19:40 usr/lib/python3.12/site-packages/flit_core/tests/test_common.py
-rw-r--r--  0 root   root     7316 Feb  1 19:40 usr/lib/python3.12/site-packages/flit_core/tests/test_config.py
-rw-r--r--  0 root   root     2202 Feb  1 19:40 usr/lib/python3.12/site-packages/flit_core/tests/test_sdist.py
-rw-r--r--  0 root   root     1170 Feb  1 19:40 usr/lib/python3.12/site-packages/flit_core/tests/test_versionno.py
-rw-r--r--  0 root   root     1716 Feb  1 19:40 usr/lib/python3.12/site-packages/flit_core/tests/test_wheel.py
drwxr-xr-x  0 root   root        0 Feb  1 19:40 usr/lib/python3.12/site-packages/flit_core/tests/samples/
drwxr-xr-x  0 root   root        0 Feb  1 19:40 usr/lib/python3.12/site-packages/flit_core/tests/__pycache__/
-rw-r--r--  0 root   root      187 Feb  1 19:40 usr/lib/python3.12/site-packages/flit_core/tests/__pycache__/__init__.cpython-312.pyc
-rw-r--r--  0 root   root     3222 Feb  1 19:40 usr/lib/python3.12/site-packages/flit_core/tests/__pycache__/test_build_thyself.cpython-312.pyc
-rw-r--r--  0 root   root     8127 Feb  1 19:40 usr/lib/python3.12/site-packages/flit_core/tests/__pycache__/test_buildapi.cpython-312.pyc
-rw-r--r--  0 root   root     8951 Feb  1 19:40 usr/lib/python3.12/site-packages/flit_core/tests/__pycache__/test_common.cpython-312.pyc
-rw-r--r--  0 root   root    12075 Feb  1 19:40 usr/lib/python3.12/site-packages/flit_core/tests/__pycache__/test_config.cpython-312.pyc
-rw-r--r--  0 root   root     4051 Feb  1 19:40 usr/lib/python3.12/site-packages/flit_core/tests/__pycache__/test_sdist.cpython-312.pyc
-rw-r--r--  0 root   root     2017 Feb  1 19:40 usr/lib/python3.12/site-packages/flit_core/tests/__pycache__/test_versionno.cpython-312.pyc
-rw-r--r--  0 root   root     3209 Feb  1 19:40 usr/lib/python3.12/site-packages/flit_core/tests/__pycache__/test_wheel.cpython-312.pyc
-rw-r--r--  0 root   root      165 Feb  1 19:40 usr/lib/python3.12/site-packages/flit_core/tests/samples/EG_README.rst
-rw-r--r--  0 root   root      221 Feb  1 19:40 usr/lib/python3.12/site-packages/flit_core/tests/samples/bad-description-ext.toml
-rw-r--r--  0 root   root      305 Feb  1 19:40 usr/lib/python3.12/site-packages/flit_core/tests/samples/extras-dev-conflict.toml
-rw-r--r--  0 root   root      361 Feb  1 19:40 usr/lib/python3.12/site-packages/flit_core/tests/samples/extras.toml
-rw-r--r--  0 root   root       95 Feb  1 19:40 usr/lib/python3.12/site-packages/flit_core/tests/samples/invalid_version1.py
-rw-r--r--  0 root   root      254 Feb  1 19:40 usr/lib/python3.12/site-packages/flit_core/tests/samples/missing-description-file.toml
-rw-r--r--  0 root   root      299 Feb  1 19:40 usr/lib/python3.12/site-packages/flit_core/tests/samples/misspelled-key.toml
-rw-r--r--  0 root   root      118 Feb  1 19:40 usr/lib/python3.12/site-packages/flit_core/tests/samples/module1-pkg.ini
-rw-r--r--  0 root   root      288 Feb  1 19:40 usr/lib/python3.12/site-packages/flit_core/tests/samples/module1-pkg.toml
-rw-r--r--  0 root   root       42 Feb  1 19:40 usr/lib/python3.12/site-packages/flit_core/tests/samples/module1.py
-rw-r--r--  0 root   root      187 Feb  1 19:40 usr/lib/python3.12/site-packages/flit_core/tests/samples/module2.py
-rw-r--r--  0 root   root       80 Feb  1 19:40 usr/lib/python3.12/site-packages/flit_core/tests/samples/moduleunimportable.py
-rw-r--r--  0 root   root      113 Feb  1 19:40 usr/lib/python3.12/site-packages/flit_core/tests/samples/moduleunimportabledouble.py
-rw-r--r--  0 root   root       29 Feb  1 19:40 usr/lib/python3.12/site-packages/flit_core/tests/samples/my-description.rst
-rw-r--r--  0 root   root      303 Feb  1 19:40 usr/lib/python3.12/site-packages/flit_core/tests/samples/no_docstring-pkg.toml
-rw-r--r--  0 root   root       20 Feb  1 19:40 usr/lib/python3.12/site-packages/flit_core/tests/samples/no_docstring.py
-rw-r--r--  0 root   root      311 Feb  1 19:40 usr/lib/python3.12/site-packages/flit_core/tests/samples/package1.toml
-rw-r--r--  0 root   root      311 Feb  1 19:40 usr/lib/python3.12/site-packages/flit_core/tests/samples/requires-dev.toml
-rw-r--r--  0 root   root      252 Feb  1 19:40 usr/lib/python3.12/site-packages/flit_core/tests/samples/requires-envmark.toml
-rw-r--r--  0 root   root      299 Feb  1 19:40 usr/lib/python3.12/site-packages/flit_core/tests/samples/requires-extra-envmark.toml
-rw-r--r--  0 root   root      239 Feb  1 19:40 usr/lib/python3.12/site-packages/flit_core/tests/samples/requires-requests.toml
drwxr-xr-x  0 root   root        0 Feb  1 19:40 usr/lib/python3.12/site-packages/flit_core/tests/samples/conflicting_modules/
drwxr-xr-x  0 root   root        0 Feb  1 19:40 usr/lib/python3.12/site-packages/flit_core/tests/samples/constructed_version/
drwxr-xr-x  0 root   root        0 Feb  1 19:40 usr/lib/python3.12/site-packages/flit_core/tests/samples/imported_version/
drwxr-xr-x  0 root   root        0 Feb  1 19:40 usr/lib/python3.12/site-packages/flit_core/tests/samples/inclusion/
drwxr-xr-x  0 root   root        0 Feb  1 19:40 usr/lib/python3.12/site-packages/flit_core/tests/samples/normalization/
drwxr-xr-x  0 root   root        0 Feb  1 19:40 usr/lib/python3.12/site-packages/flit_core/tests/samples/ns1-pkg/
drwxr-xr-x  0 root   root        0 Feb  1 19:40 usr/lib/python3.12/site-packages/flit_core/tests/samples/package1/
drwxr-xr-x  0 root   root        0 Feb  1 19:40 usr/lib/python3.12/site-packages/flit_core/tests/samples/pep517/
drwxr-xr-x  0 root   root        0 Feb  1 19:40 usr/lib/python3.12/site-packages/flit_core/tests/samples/pep621/
drwxr-xr-x  0 root   root        0 Feb  1 19:40 usr/lib/python3.12/site-packages/flit_core/tests/samples/pep621_nodynamic/
drwxr-xr-x  0 root   root        0 Feb  1 19:40 usr/lib/python3.12/site-packages/flit_core/tests/samples/with_data_dir/
drwxr-xr-x  0 root   root        0 Feb  1 19:40 usr/lib/python3.12/site-packages/flit_core/tests/samples/__pycache__/
-rw-r--r--  0 root   root      313 Feb  1 19:40 usr/lib/python3.12/site-packages/flit_core/tests/samples/__pycache__/invalid_version1.cpython-312.pyc
-rw-r--r--  0 root   root      250 Feb  1 19:40 usr/lib/python3.12/site-packages/flit_core/tests/samples/__pycache__/module1.cpython-312.pyc
-rw-r--r--  0 root   root      316 Feb  1 19:40 usr/lib/python3.12/site-packages/flit_core/tests/samples/__pycache__/module2.cpython-312.pyc
-rw-r--r--  0 root   root      299 Feb  1 19:40 usr/lib/python3.12/site-packages/flit_core/tests/samples/__pycache__/moduleunimportable.cpython-312.pyc
-rw-r--r--  0 root   root      337 Feb  1 19:40 usr/lib/python3.12/site-packages/flit_core/tests/samples/__pycache__/moduleunimportabledouble.cpython-312.pyc
-rw-r--r--  0 root   root      223 Feb  1 19:40 usr/lib/python3.12/site-packages/flit_core/tests/samples/__pycache__/no_docstring.cpython-312.pyc
-rw-r--r--  0 root   root       36 Feb  1 19:40 usr/lib/python3.12/site-packages/flit_core/tests/samples/with_data_dir/LICENSE
-rw-r--r--  0 root   root       37 Feb  1 19:40 usr/lib/python3.12/site-packages/flit_core/tests/samples/with_data_dir/README.rst
-rw-r--r--  0 root   root       42 Feb  1 19:40 usr/lib/python3.12/site-packages/flit_core/tests/samples/with_data_dir/module1.py
-rw-r--r--  0 root   root      452 Feb  1 19:40 usr/lib/python3.12/site-packages/flit_core/tests/samples/with_data_dir/pyproject.toml
drwxr-xr-x  0 root   root        0 Feb  1 19:40 usr/lib/python3.12/site-packages/flit_core/tests/samples/with_data_dir/data/
drwxr-xr-x  0 root   root        0 Feb  1 19:40 usr/lib/python3.12/site-packages/flit_core/tests/samples/with_data_dir/__pycache__/
-rw-r--r--  0 root   root      264 Feb  1 19:40 usr/lib/python3.12/site-packages/flit_core/tests/samples/with_data_dir/__pycache__/module1.cpython-312.pyc
drwxr-xr-x  0 root   root        0 Feb  1 19:40 usr/lib/python3.12/site-packages/flit_core/tests/samples/with_data_dir/data/share/
drwxr-xr-x  0 root   root        0 Feb  1 19:40 usr/lib/python3.12/site-packages/flit_core/tests/samples/with_data_dir/data/share/man/
drwxr-xr-x  0 root   root        0 Feb  1 19:40 usr/lib/python3.12/site-packages/flit_core/tests/samples/with_data_dir/data/share/man/man1/
-rw-r--r--  0 root   root       44 Feb  1 19:40 usr/lib/python3.12/site-packages/flit_core/tests/samples/with_data_dir/data/share/man/man1/foo.1.gz
-rw-r--r--  0 root   root       37 Feb  1 19:40 usr/lib/python3.12/site-packages/flit_core/tests/samples/pep621_nodynamic/README.rst
-rw-r--r--  0 root   root        0 Feb  1 19:40 usr/lib/python3.12/site-packages/flit_core/tests/samples/pep621_nodynamic/module1.py
-rw-r--r--  0 root   root      650 Feb  1 19:40 usr/lib/python3.12/site-packages/flit_core/tests/samples/pep621_nodynamic/pyproject.toml
drwxr-xr-x  0 root   root        0 Feb  1 19:40 usr/lib/python3.12/site-packages/flit_core/tests/samples/pep621_nodynamic/__pycache__/
-rw-r--r--  0 root   root      211 Feb  1 19:40 usr/lib/python3.12/site-packages/flit_core/tests/samples/pep621_nodynamic/__pycache__/module1.cpython-312.pyc
-rw-r--r--  0 root   root       36 Feb  1 19:40 usr/lib/python3.12/site-packages/flit_core/tests/samples/pep621/LICENSE
-rw-r--r--  0 root   root       37 Feb  1 19:40 usr/lib/python3.12/site-packages/flit_core/tests/samples/pep621/README.rst
-rw-r--r--  0 root   root       42 Feb  1 19:40 usr/lib/python3.12/site-packages/flit_core/tests/samples/pep621/module1a.py
-rw-r--r--  0 root   root      694 Feb  1 19:40 usr/lib/python3.12/site-packages/flit_core/tests/samples/pep621/pyproject.toml
drwxr-xr-x  0 root   root        0 Feb  1 19:40 usr/lib/python3.12/site-packages/flit_core/tests/samples/pep621/__pycache__/
-rw-r--r--  0 root   root      258 Feb  1 19:40 usr/lib/python3.12/site-packages/flit_core/tests/samples/pep621/__pycache__/module1a.cpython-312.pyc
-rw-r--r--  0 root   root       36 Feb  1 19:40 usr/lib/python3.12/site-packages/flit_core/tests/samples/pep517/LICENSE
-rw-r--r--  0 root   root       37 Feb  1 19:40 usr/lib/python3.12/site-packages/flit_core/tests/samples/pep517/README.rst
-rw-r--r--  0 root   root       42 Feb  1 19:40 usr/lib/python3.12/site-packages/flit_core/tests/samples/pep517/module1.py
-rw-r--r--  0 root   root      380 Feb  1 19:40 usr/lib/python3.12/site-packages/flit_core/tests/samples/pep517/pyproject.toml
drwxr-xr-x  0 root   root        0 Feb  1 19:40 usr/lib/python3.12/site-packages/flit_core/tests/samples/pep517/__pycache__/
-rw-r--r--  0 root   root      257 Feb  1 19:40 usr/lib/python3.12/site-packages/flit_core/tests/samples/pep517/__pycache__/module1.cpython-312.pyc
-rw-r--r--  0 root   root       84 Feb  1 19:40 usr/lib/python3.12/site-packages/flit_core/tests/samples/package1/__init__.py
-rw-r--r--  0 root   root        6 Feb  1 19:40 usr/lib/python3.12/site-packages/flit_core/tests/samples/package1/foo.py
drwxr-xr-x  0 root   root        0 Feb  1 19:40 usr/lib/python3.12/site-packages/flit_core/tests/samples/package1/data_dir/
drwxr-xr-x  0 root   root        0 Feb  1 19:40 usr/lib/python3.12/site-packages/flit_core/tests/samples/package1/subpkg/
drwxr-xr-x  0 root   root        0 Feb  1 19:40 usr/lib/python3.12/site-packages/flit_core/tests/samples/package1/subpkg2/
drwxr-xr-x  0 root   root        0 Feb  1 19:40 usr/lib/python3.12/site-packages/flit_core/tests/samples/package1/__pycache__/
-rw-r--r--  0 root   root      407 Feb  1 19:40 usr/lib/python3.12/site-packages/flit_core/tests/samples/package1/__pycache__/__init__.cpython-312.pyc
-rw-r--r--  0 root   root      213 Feb  1 19:40 usr/lib/python3.12/site-packages/flit_core/tests/samples/package1/__pycache__/foo.cpython-312.pyc
-rw-r--r--  0 root   root        0 Feb  1 19:40 usr/lib/python3.12/site-packages/flit_core/tests/samples/package1/subpkg2/__init__.py
drwxr-xr-x  0 root   root        0 Feb  1 19:40 usr/lib/python3.12/site-packages/flit_core/tests/samples/package1/subpkg2/__pycache__/
-rw-r--r--  0 root   root      212 Feb  1 19:40 usr/lib/python3.12/site-packages/flit_core/tests/samples/package1/subpkg2/__pycache__/__init__.cpython-312.pyc
-rw-r--r--  0 root   root        0 Feb  1 19:40 usr/lib/python3.12/site-packages/flit_core/tests/samples/package1/subpkg/__init__.py
drwxr-xr-x  0 root   root        0 Feb  1 19:40 usr/lib/python3.12/site-packages/flit_core/tests/samples/package1/subpkg/sp_data_dir/
drwxr-xr-x  0 root   root        0 Feb  1 19:40 usr/lib/python3.12/site-packages/flit_core/tests/samples/package1/subpkg/__pycache__/
-rw-r--r--  0 root   root      211 Feb  1 19:40 usr/lib/python3.12/site-packages/flit_core/tests/samples/package1/subpkg/__pycache__/__init__.cpython-312.pyc
-rw-r--r--  0 root   root       18 Feb  1 19:40 usr/lib/python3.12/site-packages/flit_core/tests/samples/package1/subpkg/sp_data_dir/test.json
-rw-r--r--  0 root   root       35 Feb  1 19:40 usr/lib/python3.12/site-packages/flit_core/tests/samples/package1/data_dir/foo.sh
-rw-r--r--  0 root   root      165 Feb  1 19:40 usr/lib/python3.12/site-packages/flit_core/tests/samples/ns1-pkg/EG_README.rst
-rw-r--r--  0 root   root      266 Feb  1 19:40 usr/lib/python3.12/site-packages/flit_core/tests/samples/ns1-pkg/pyproject.toml
drwxr-xr-x  0 root   root        0 Feb  1 19:40 usr/lib/python3.12/site-packages/flit_core/tests/samples/ns1-pkg/ns1/
drwxr-xr-x  0 root   root        0 Feb  1 19:40 usr/lib/python3.12/site-packages/flit_core/tests/samples/ns1-pkg/ns1/pkg/
-rw-r--r--  0 root   root       76 Feb  1 19:40 usr/lib/python3.12/site-packages/flit_core/tests/samples/ns1-pkg/ns1/pkg/__init__.py
drwxr-xr-x  0 root   root        0 Feb  1 19:40 usr/lib/python3.12/site-packages/flit_core/tests/samples/ns1-pkg/ns1/pkg/__pycache__/
-rw-r--r--  0 root   root      304 Feb  1 19:40 usr/lib/python3.12/site-packages/flit_core/tests/samples/ns1-pkg/ns1/pkg/__pycache__/__init__.cpython-312.pyc
-rw-r--r--  0 root   root        0 Feb  1 19:40 usr/lib/python3.12/site-packages/flit_core/tests/samples/normalization/my_python_module.py
-rw-r--r--  0 root   root      334 Feb  1 19:40 usr/lib/python3.12/site-packages/flit_core/tests/samples/normalization/pyproject.toml
drwxr-xr-x  0 root   root        0 Feb  1 19:40 usr/lib/python3.12/site-packages/flit_core/tests/samples/normalization/__pycache__/
-rw-r--r--  0 root   root      217 Feb  1 19:40 usr/lib/python3.12/site-packages/flit_core/tests/samples/normalization/__pycache__/my_python_module.cpython-312.pyc
-rw-r--r--  0 root   root       37 Feb  1 19:40 usr/lib/python3.12/site-packages/flit_core/tests/samples/inclusion/module1.py
-rw-r--r--  0 root   root      239 Feb  1 19:40 usr/lib/python3.12/site-packages/flit_core/tests/samples/inclusion/pyproject.toml
drwxr-xr-x  0 root   root        0 Feb  1 19:40 usr/lib/python3.12/site-packages/flit_core/tests/samples/inclusion/LICENSES/
drwxr-xr-x  0 root   root        0 Feb  1 19:40 usr/lib/python3.12/site-packages/flit_core/tests/samples/inclusion/doc/
drwxr-xr-x  0 root   root        0 Feb  1 19:40 usr/lib/python3.12/site-packages/flit_core/tests/samples/inclusion/__pycache__/
-rw-r--r--  0 root   root      255 Feb  1 19:40 usr/lib/python3.12/site-packages/flit_core/tests/samples/inclusion/__pycache__/module1.cpython-312.pyc
-rw-r--r--  0 root   root       48 Feb  1 19:40 usr/lib/python3.12/site-packages/flit_core/tests/samples/inclusion/doc/test.rst
-rw-r--r--  0 root   root       48 Feb  1 19:40 usr/lib/python3.12/site-packages/flit_core/tests/samples/inclusion/doc/test.txt
drwxr-xr-x  0 root   root        0 Feb  1 19:40 usr/lib/python3.12/site-packages/flit_core/tests/samples/inclusion/doc/subdir/
-rw-r--r--  0 root   root       48 Feb  1 19:40 usr/lib/python3.12/site-packages/flit_core/tests/samples/inclusion/doc/subdir/test.txt
drwxr-xr-x  0 root   root        0 Feb  1 19:40 usr/lib/python3.12/site-packages/flit_core/tests/samples/inclusion/doc/subdir/subsubdir/
-rw-r--r--  0 root   root        0 Feb  1 19:40 usr/lib/python3.12/site-packages/flit_core/tests/samples/inclusion/doc/subdir/subsubdir/test.md
-rw-r--r--  0 root   root      100 Feb  1 19:40 usr/lib/python3.12/site-packages/flit_core/tests/samples/inclusion/LICENSES/README
-rw-r--r--  0 root   root      220 Feb  1 19:40 usr/lib/python3.12/site-packages/flit_core/tests/samples/imported_version/pyproject.toml
drwxr-xr-x  0 root   root        0 Feb  1 19:40 usr/lib/python3.12/site-packages/flit_core/tests/samples/imported_version/package1/
-rw-r--r--  0 root   root      138 Feb  1 19:40 usr/lib/python3.12/site-packages/flit_core/tests/samples/imported_version/package1/__init__.py
-rw-r--r--  0 root   root       71 Feb  1 19:40 usr/lib/python3.12/site-packages/flit_core/tests/samples/imported_version/package1/_version.py
drwxr-xr-x  0 root   root        0 Feb  1 19:40 usr/lib/python3.12/site-packages/flit_core/tests/samples/imported_version/package1/__pycache__/
-rw-r--r--  0 root   root      392 Feb  1 19:40 usr/lib/python3.12/site-packages/flit_core/tests/samples/imported_version/package1/__pycache__/__init__.cpython-312.pyc
-rw-r--r--  0 root   root      306 Feb  1 19:40 usr/lib/python3.12/site-packages/flit_core/tests/samples/imported_version/package1/__pycache__/_version.cpython-312.pyc
-rw-r--r--  0 root   root      115 Feb  1 19:40 usr/lib/python3.12/site-packages/flit_core/tests/samples/constructed_version/module1.py
-rw-r--r--  0 root   root      266 Feb  1 19:40 usr/lib/python3.12/site-packages/flit_core/tests/samples/constructed_version/pyproject.toml
drwxr-xr-x  0 root   root        0 Feb  1 19:40 usr/lib/python3.12/site-packages/flit_core/tests/samples/constructed_version/__pycache__/
-rw-r--r--  0 root   root      380 Feb  1 19:40 usr/lib/python3.12/site-packages/flit_core/tests/samples/constructed_version/__pycache__/module1.cpython-312.pyc
-rw-r--r--  0 root   root        0 Feb  1 19:40 usr/lib/python3.12/site-packages/flit_core/tests/samples/conflicting_modules/module1.py
-rw-r--r--  0 root   root      180 Feb  1 19:40 usr/lib/python3.12/site-packages/flit_core/tests/samples/conflicting_modules/pyproject.toml
drwxr-xr-x  0 root   root        0 Feb  1 19:40 usr/lib/python3.12/site-packages/flit_core/tests/samples/conflicting_modules/src/
drwxr-xr-x  0 root   root        0 Feb  1 19:40 usr/lib/python3.12/site-packages/flit_core/tests/samples/conflicting_modules/__pycache__/
-rw-r--r--  0 root   root      214 Feb  1 19:40 usr/lib/python3.12/site-packages/flit_core/tests/samples/conflicting_modules/__pycache__/module1.cpython-312.pyc
-rw-r--r--  0 root   root        0 Feb  1 19:40 usr/lib/python3.12/site-packages/flit_core/tests/samples/conflicting_modules/src/module1.py
drwxr-xr-x  0 root   root        0 Feb  1 19:40 usr/lib/python3.12/site-packages/flit_core/tests/samples/conflicting_modules/src/__pycache__/
-rw-r--r--  0 root   root      218 Feb  1 19:40 usr/lib/python3.12/site-packages/flit_core/tests/samples/conflicting_modules/src/__pycache__/module1.cpython-312.pyc
=======> Building '/home/devel/packages/python3-flit-core#3.9.0-1.x86_64.pkg.tar.zst' succeeded.
prt-get: Using PKGMK_PACKAGE_DIR: /home/devel/packages
prt-get: reinstalling python3-flit-core 3.9.0-1
prt-get: /usr/bin/pkgadd -u python3-flit-core#3.9.0-1.x86_64.pkg.tar.zst
prt-get: build done Thu Feb  1 19:40:49 2024

