prt-get: updating /usr/ports/opt-x86_64/rdfind
prt-get: starting build Wed May  8 01:05:18 2024
=======> Building '/home/devel/packages/rdfind#1.6.0-1.x86_64.pkg.tar.zst'.
bsdtar -p -o -C /home/devel/building/work/src -xf /home/devel/sources/rdfind-1.6.0.tar.gz
+ build
+ cd rdfind-1.6.0
+ ./bootstrap.sh
it seems like everything went fine. now try ./configure && make
+ ./configure --prefix=/usr
checking for a BSD-compatible install... /usr/bin/install -c
checking whether build environment is sane... yes
checking for a race-free mkdir -p... /bin/mkdir -p
checking for gawk... gawk
checking whether make sets $(MAKE)... yes
checking whether make supports nested variables... yes
checking for g++... g++
checking whether the C++ compiler works... yes
checking for C++ compiler default output file name... a.out
checking for suffix of executables... 
checking whether we are cross compiling... no
checking for suffix of object files... o
checking whether the compiler supports GNU C++... yes
checking whether g++ accepts -g... yes
checking for g++ option to enable C++11 features... none needed
checking whether make supports the include directive... yes (GNU style)
checking dependency style of g++... gcc3
checking whether make sets $(MAKE)... (cached) yes
no
checking whether to enable assertions... yes
checking for stdio.h... yes
checking for stdlib.h... yes
checking for string.h... yes
checking for inttypes.h... yes
checking for stdint.h... yes
checking for strings.h... yes
checking for sys/stat.h... yes
checking for sys/types.h... yes
checking for unistd.h... yes
checking for nettle/sha.h... yes
checking for nettle_pbkdf2_hmac_sha256 in -lnettle... yes
checking for stat... yes
checking for  option to enable large file support... none needed
checking for C++11 support or better... yes
checking check for fallthrough support... yes
checking that generated files are newer than configure... done
configure: creating ./config.status
config.status: creating Makefile
config.status: creating config.h
config.status: executing depfiles commands
+ make V=1
make  all-am
make[1]: Entering directory '/home/devel/building/work/src/rdfind-1.6.0'
g++ -DHAVE_CONFIG_H -I.     -O2 -m64 -march=x86-64 -mtune=generic -flto=auto -ffat-lto-objects -MT rdfind.o -MD -MP -MF .deps/rdfind.Tpo -c -o rdfind.o rdfind.cc
g++ -DHAVE_CONFIG_H -I.     -O2 -m64 -march=x86-64 -mtune=generic -flto=auto -ffat-lto-objects -MT Checksum.o -MD -MP -MF .deps/Checksum.Tpo -c -o Checksum.o Checksum.cc
g++ -DHAVE_CONFIG_H -I.     -O2 -m64 -march=x86-64 -mtune=generic -flto=auto -ffat-lto-objects -MT Dirlist.o -MD -MP -MF .deps/Dirlist.Tpo -c -o Dirlist.o Dirlist.cc
g++ -DHAVE_CONFIG_H -I.     -O2 -m64 -march=x86-64 -mtune=generic -flto=auto -ffat-lto-objects -MT Fileinfo.o -MD -MP -MF .deps/Fileinfo.Tpo -c -o Fileinfo.o Fileinfo.cc
g++ -DHAVE_CONFIG_H -I.     -O2 -m64 -march=x86-64 -mtune=generic -flto=auto -ffat-lto-objects -MT Rdutil.o -MD -MP -MF .deps/Rdutil.Tpo -c -o Rdutil.o Rdutil.cc
g++ -DHAVE_CONFIG_H -I.     -O2 -m64 -march=x86-64 -mtune=generic -flto=auto -ffat-lto-objects -MT EasyRandom.o -MD -MP -MF .deps/EasyRandom.Tpo -c -o EasyRandom.o EasyRandom.cc
g++ -DHAVE_CONFIG_H -I.     -O2 -m64 -march=x86-64 -mtune=generic -flto=auto -ffat-lto-objects -MT UndoableUnlink.o -MD -MP -MF .deps/UndoableUnlink.Tpo -c -o UndoableUnlink.o UndoableUnlink.cc
g++ -DHAVE_CONFIG_H -I.     -O2 -m64 -march=x86-64 -mtune=generic -flto=auto -ffat-lto-objects -MT CmdlineParser.o -MD -MP -MF .deps/CmdlineParser.Tpo -c -o CmdlineParser.o CmdlineParser.cc
mv -f .deps/Checksum.Tpo .deps/Checksum.Po
mv -f .deps/CmdlineParser.Tpo .deps/CmdlineParser.Po
mv -f .deps/Dirlist.Tpo .deps/Dirlist.Po
mv -f .deps/UndoableUnlink.Tpo .deps/UndoableUnlink.Po
mv -f .deps/Fileinfo.Tpo .deps/Fileinfo.Po
mv -f .deps/EasyRandom.Tpo .deps/EasyRandom.Po
mv -f .deps/rdfind.Tpo .deps/rdfind.Po
mv -f .deps/Rdutil.Tpo .deps/Rdutil.Po
g++  -O2 -m64 -march=x86-64 -mtune=generic -flto=auto -ffat-lto-objects   -o rdfind rdfind.o Checksum.o Dirlist.o Fileinfo.o Rdutil.o EasyRandom.o UndoableUnlink.o CmdlineParser.o  -lnettle 
make[1]: Leaving directory '/home/devel/building/work/src/rdfind-1.6.0'
+ make DESTDIR=/home/devel/building/work/pkg install
make[1]: Entering directory '/home/devel/building/work/src/rdfind-1.6.0'
 /bin/mkdir -p '/home/devel/building/work/pkg/usr/bin'
 /bin/mkdir -p '/home/devel/building/work/pkg/usr/share/man/man1'
  /usr/bin/install -c rdfind '/home/devel/building/work/pkg/usr/bin'
 /usr/bin/install -c -m 644 rdfind.1 '/home/devel/building/work/pkg/usr/share/man/man1'
make[1]: Leaving directory '/home/devel/building/work/src/rdfind-1.6.0'
=======> Build result:
drwxr-xr-x  0 root   root        0 May  8 01:05 usr/
drwxr-xr-x  0 root   root        0 May  8 01:05 usr/bin/
drwxr-xr-x  0 root   root        0 May  8 01:05 usr/share/
drwxr-xr-x  0 root   root        0 May  8 01:05 usr/share/man/
drwxr-xr-x  0 root   root        0 May  8 01:05 usr/share/man/man1/
-rw-r--r--  0 root   root     2999 May  8 01:05 usr/share/man/man1/rdfind.1.gz
-rwxr-xr-x  0 root   root    80856 May  8 01:05 usr/bin/rdfind
=======> Building '/home/devel/packages/rdfind#1.6.0-1.x86_64.pkg.tar.zst' succeeded.
prt-get: Using PKGMK_PACKAGE_DIR: /home/devel/packages
prt-get: reinstalling rdfind 1.6.0-1
prt-get: /usr/bin/pkgadd -u rdfind#1.6.0-1.x86_64.pkg.tar.zst
prt-get: build done Wed May  8 01:05:21 2024

