prt-get: updating /usr/ports/opt-x86_64/scdoc
prt-get: starting build Wed May  8 01:31:52 2024
=======> Building '/home/devel/packages/scdoc#1.11.3-1.x86_64.pkg.tar.zst'.
bsdtar -p -o -C /home/devel/building/work/src -xf /home/devel/sources/scdoc-1.11.3.tar.gz
+ build
+ cd scdoc-1.11.3
+ make PREFIX=/usr
cc -std=c99 -pedantic -c -o .build/main.o -O2 -m64 -march=x86-64 -mtune=generic -flto=auto -ffat-lto-objects -DVERSION='"1.11.3"' -Wall -Wextra -Werror -Wno-unused-parameter -Iinclude src/main.c
cc -std=c99 -pedantic -c -o .build/string.o -O2 -m64 -march=x86-64 -mtune=generic -flto=auto -ffat-lto-objects -DVERSION='"1.11.3"' -Wall -Wextra -Werror -Wno-unused-parameter -Iinclude src/string.c
cc -std=c99 -pedantic -c -o .build/utf8_chsize.o -O2 -m64 -march=x86-64 -mtune=generic -flto=auto -ffat-lto-objects -DVERSION='"1.11.3"' -Wall -Wextra -Werror -Wno-unused-parameter -Iinclude src/utf8_chsize.c
cc -std=c99 -pedantic -c -o .build/utf8_decode.o -O2 -m64 -march=x86-64 -mtune=generic -flto=auto -ffat-lto-objects -DVERSION='"1.11.3"' -Wall -Wextra -Werror -Wno-unused-parameter -Iinclude src/utf8_decode.c
cc -std=c99 -pedantic -c -o .build/utf8_encode.o -O2 -m64 -march=x86-64 -mtune=generic -flto=auto -ffat-lto-objects -DVERSION='"1.11.3"' -Wall -Wextra -Werror -Wno-unused-parameter -Iinclude src/utf8_encode.c
cc -std=c99 -pedantic -c -o .build/utf8_fgetch.o -O2 -m64 -march=x86-64 -mtune=generic -flto=auto -ffat-lto-objects -DVERSION='"1.11.3"' -Wall -Wextra -Werror -Wno-unused-parameter -Iinclude src/utf8_fgetch.c
cc -std=c99 -pedantic -c -o .build/utf8_fputch.o -O2 -m64 -march=x86-64 -mtune=generic -flto=auto -ffat-lto-objects -DVERSION='"1.11.3"' -Wall -Wextra -Werror -Wno-unused-parameter -Iinclude src/utf8_fputch.c
cc -std=c99 -pedantic -c -o .build/utf8_size.o -O2 -m64 -march=x86-64 -mtune=generic -flto=auto -ffat-lto-objects -DVERSION='"1.11.3"' -Wall -Wextra -Werror -Wno-unused-parameter -Iinclude src/utf8_size.c
cc -std=c99 -pedantic -c -o .build/util.o -O2 -m64 -march=x86-64 -mtune=generic -flto=auto -ffat-lto-objects -DVERSION='"1.11.3"' -Wall -Wextra -Werror -Wno-unused-parameter -Iinclude src/util.c
sed -e 's:@prefix@:/usr:g' -e 's:@version@:1.11.3:g' < scdoc.pc.in > scdoc.pc
cc -static -o scdoc .build/main.o .build/string.o .build/utf8_chsize.o .build/utf8_decode.o .build/utf8_encode.o .build/utf8_fgetch.o .build/utf8_fputch.o .build/utf8_size.o .build/util.o
./scdoc < scdoc.1.scd > scdoc.1
./scdoc < scdoc.5.scd > scdoc.5
+ make DESTDIR=/home/devel/building/work/pkg PREFIX=/usr install
mkdir -p /home/devel/building/work/pkg//usr/bin /home/devel/building/work/pkg//usr/share/man/man1 /home/devel/building/work/pkg//usr/share/man/man5 /home/devel/building/work/pkg//usr/share/pkgconfig
install -m755 scdoc /home/devel/building/work/pkg//usr/bin/scdoc
install -m644 scdoc.1 /home/devel/building/work/pkg//usr/share/man/man1/scdoc.1
install -m644 scdoc.5 /home/devel/building/work/pkg//usr/share/man/man5/scdoc.5
install -m644 scdoc.pc /home/devel/building/work/pkg//usr/share/pkgconfig/scdoc.pc
=======> Build result:
drwxr-xr-x  0 root   root        0 May  8 01:31 usr/
drwxr-xr-x  0 root   root        0 May  8 01:31 usr/bin/
drwxr-xr-x  0 root   root        0 May  8 01:31 usr/share/
drwxr-xr-x  0 root   root        0 May  8 01:31 usr/share/man/
drwxr-xr-x  0 root   root        0 May  8 01:31 usr/share/pkgconfig/
-rw-r--r--  0 root   root      126 May  8 01:31 usr/share/pkgconfig/scdoc.pc
drwxr-xr-x  0 root   root        0 May  8 01:31 usr/share/man/man1/
drwxr-xr-x  0 root   root        0 May  8 01:31 usr/share/man/man5/
-rw-r--r--  0 root   root     2453 May  8 01:31 usr/share/man/man5/scdoc.5.gz
-rw-r--r--  0 root   root      627 May  8 01:31 usr/share/man/man1/scdoc.1.gz
-rwxr-xr-x  0 root   root   868864 May  8 01:31 usr/bin/scdoc
=======> Building '/home/devel/packages/scdoc#1.11.3-1.x86_64.pkg.tar.zst' succeeded.
prt-get: Using PKGMK_PACKAGE_DIR: /home/devel/packages
prt-get: reinstalling scdoc 1.11.3-1
prt-get: /usr/bin/pkgadd -u scdoc#1.11.3-1.x86_64.pkg.tar.zst
prt-get: build done Wed May  8 01:31:53 2024

