prt-get: updating /usr/ports/core-x86_64/signify3
prt-get: starting build Thu Feb  1 20:08:34 2024
=======> Building '/home/devel/packages/signify3#31-1.x86_64.pkg.tar.zst'.
bsdtar -p -o -C /home/devel/building/work/src -xf /home/devel/sources/signify-31.tar.gz
+ build
+ cd signify-31
+ rm -r libbsd libwaive
+ sed 's|/etc/signify|/etc/ports|' -i signify.c
+ make V=1 PREFIX=/usr
cc -O2 -m64 -march=x86-64 -mtune=generic -flto=auto -ffat-lto-objects  -isystem /usr/include/bsd -DLIBBSD_OVERLAY -Wall -include compat.h  -c -o crypto_api.o crypto_api.c
cc -O2 -m64 -march=x86-64 -mtune=generic -flto=auto -ffat-lto-objects  -isystem /usr/include/bsd -DLIBBSD_OVERLAY -Wall -include compat.h  -c -o mod_ed25519.o mod_ed25519.c
cc -O2 -m64 -march=x86-64 -mtune=generic -flto=auto -ffat-lto-objects  -isystem /usr/include/bsd -DLIBBSD_OVERLAY -Wall -include compat.h  -c -o mod_ge25519.o mod_ge25519.c
cc -O2 -m64 -march=x86-64 -mtune=generic -flto=auto -ffat-lto-objects  -isystem /usr/include/bsd -DLIBBSD_OVERLAY -Wall -include compat.h  -c -o fe25519.o fe25519.c
cc -O2 -m64 -march=x86-64 -mtune=generic -flto=auto -ffat-lto-objects  -isystem /usr/include/bsd -DLIBBSD_OVERLAY -Wall -include compat.h  -c -o sc25519.o sc25519.c
cc -O2 -m64 -march=x86-64 -mtune=generic -flto=auto -ffat-lto-objects  -isystem /usr/include/bsd -DLIBBSD_OVERLAY -Wall -Wno-pointer-sign -include compat.h  -c -o bcrypt_pbkdf.o bcrypt_pbkdf.c
cc -O2 -m64 -march=x86-64 -mtune=generic -flto=auto -ffat-lto-objects  -isystem /usr/include/bsd -DLIBBSD_OVERLAY -Wall -include compat.h  -c -o timingsafe_bcmp.o timingsafe_bcmp.c
cc -O2 -m64 -march=x86-64 -mtune=generic -flto=auto -ffat-lto-objects  -isystem /usr/include/bsd -DLIBBSD_OVERLAY -Wall -include compat.h  -c -o blowfish.o blowfish.c
cc -O2 -m64 -march=x86-64 -mtune=generic -flto=auto -ffat-lto-objects  -isystem /usr/include/bsd -DLIBBSD_OVERLAY -Wall -include compat.h  -c -o base64.o base64.c
cc -O2 -m64 -march=x86-64 -mtune=generic -flto=auto -ffat-lto-objects  -isystem /usr/include/bsd -DLIBBSD_OVERLAY -Wall -include compat.h  -c -o sha2.o sha2.c
sed -e 's/hashinc/sha2.h/g' \
    -e 's/HASH/SHA256/g' \
    -e 's/SHA[0-9][0-9][0-9]_CTX/SHA2_CTX/g' helper.c > sha256hl.c
sed -e 's/hashinc/sha2.h/g' \
    -e 's/HASH/SHA512/g' \
    -e 's/SHA[0-9][0-9][0-9]_CTX/SHA2_CTX/g' helper.c > sha512hl.c
sed -e 's/hashinc/sha2.h/g' \
    -e 's/HASH/SHA512_256/g' \
    -e 's/SHA512_256_CTX/SHA2_CTX/g' helper.c > sha512_256hl.c
cc -O2 -m64 -march=x86-64 -mtune=generic -flto=auto -ffat-lto-objects  -isystem /usr/include/bsd -DLIBBSD_OVERLAY -Wall -Wno-pointer-sign -include compat.h  -c -o signify.o signify.c
cc -O2 -m64 -march=x86-64 -mtune=generic -flto=auto -ffat-lto-objects  -isystem /usr/include/bsd -DLIBBSD_OVERLAY -Wall -Wno-pointer-sign -include compat.h  -c -o zsig.o zsig.c
cc -O2 -m64 -march=x86-64 -mtune=generic -flto=auto -ffat-lto-objects  -isystem /usr/include/bsd -DLIBBSD_OVERLAY -Wall -include compat.h  -c -o pledge_noop.o pledge_noop.c
cc -O2 -m64 -march=x86-64 -mtune=generic -flto=auto -ffat-lto-objects  -isystem /usr/include/bsd -DLIBBSD_OVERLAY -Wall -include compat.h  -c -o ohash.o ohash.c
cc -O2 -m64 -march=x86-64 -mtune=generic -flto=auto -ffat-lto-objects  -isystem /usr/include/bsd -DLIBBSD_OVERLAY -Wall -include compat.h  -c -o sha256hl.o sha256hl.c
cc -O2 -m64 -march=x86-64 -mtune=generic -flto=auto -ffat-lto-objects  -isystem /usr/include/bsd -DLIBBSD_OVERLAY -Wall -include compat.h  -c -o sha512hl.o sha512hl.c
cc -O2 -m64 -march=x86-64 -mtune=generic -flto=auto -ffat-lto-objects  -isystem /usr/include/bsd -DLIBBSD_OVERLAY -Wall -include compat.h  -c -o sha512_256hl.o sha512_256hl.c
cc  -o signify crypto_api.o mod_ed25519.o mod_ge25519.o fe25519.o sc25519.o bcrypt_pbkdf.o timingsafe_bcmp.o blowfish.o base64.o sha2.o sha256hl.o sha512hl.o sha512_256hl.o signify.o zsig.o pledge_noop.o ohash.o -lbsd 
+ make PREFIX=/usr DESTDIR=/home/devel/building/work/pkg install
gzip -9c signify.1 > signify.1.gz
install -m 755 -d /home/devel/building/work/pkg/usr/bin
install -m 755 -t /home/devel/building/work/pkg/usr/bin signify
install -m 755 -d /home/devel/building/work/pkg/usr/share/man/man1
install -m 644 -t /home/devel/building/work/pkg/usr/share/man/man1 signify.1.gz
=======> Build result:
drwxr-xr-x  0 root   root        0 Feb  1 20:08 usr/
drwxr-xr-x  0 root   root        0 Feb  1 20:08 usr/bin/
drwxr-xr-x  0 root   root        0 Feb  1 20:08 usr/share/
drwxr-xr-x  0 root   root        0 Feb  1 20:08 usr/share/man/
drwxr-xr-x  0 root   root        0 Feb  1 20:08 usr/share/man/man1/
-rw-r--r--  0 root   root     2304 Feb  1 20:08 usr/share/man/man1/signify.1.gz
-rwxr-xr-x  0 root   root   178592 Feb  1 20:08 usr/bin/signify
=======> Building '/home/devel/packages/signify3#31-1.x86_64.pkg.tar.zst' succeeded.
prt-get: Using PKGMK_PACKAGE_DIR: /home/devel/packages
prt-get: reinstalling signify3 31-1
prt-get: /usr/bin/pkgadd -u signify3#31-1.x86_64.pkg.tar.zst
prt-get: build done Thu Feb  1 20:08:35 2024

