prt-get: updating /usr/ports/wayland-x86_64/slurp
prt-get: starting build Thu Feb  1 20:08:35 2024
=======> Building '/home/devel/packages/slurp#1.5.0-1.x86_64.pkg.tar.zst'.
bsdtar -p -o -C /home/devel/building/work/src -xf /home/devel/sources/slurp-1.5.0.tar.gz
+ build
+ cd slurp-1.5.0
+ build-meson . build
The Meson build system
Version: 1.3.1
Source dir: /home/devel/building/work/src/slurp-1.5.0
Build dir: /home/devel/building/work/src/slurp-1.5.0/build
Build type: native build
Project name: slurp
Project version: 1.5.0
C compiler for the host machine: cc (gcc 13.2.0 "cc (SAUX-x86_64) 13.2.0")
C linker for the host machine: cc ld.bfd 2.42
Host machine cpu family: x86_64
Host machine cpu: x86_64
Found pkg-config: YES (/usr/bin/pkg-config) 2.1.0
Run-time dependency cairo found: YES 1.18.0
Library rt found: YES
Run-time dependency wayland-client found: YES 1.22.0
Run-time dependency wayland-cursor found: YES 1.22.0
Run-time dependency wayland-protocols found: YES 1.33
Run-time dependency xkbcommon found: YES 1.6.0
Build-time dependency wayland-scanner found: YES 1.22.0
Program /usr/bin/wayland-scanner found: YES (/usr/bin/wayland-scanner)
Program scdoc found: YES (/usr/bin/scdoc)
Build targets in project: 2

slurp 1.5.0

  User defined options
    auto_features     : auto
    bindir            : /usr/bin
    buildtype         : plain
    datadir           : /usr/share
    includedir        : /usr/include
    libdir            : /usr/lib
    libexecdir        : /usr/lib
    localstatedir     : /var
    mandir            : /usr/share/man
    prefix            : /usr
    sbindir           : /usr/sbin
    sharedstatedir    : /var/lib
    sysconfdir        : /etc
    werror            : false
    wrap_mode         : nodownload
    python.bytecompile: 0
    b_lto             : false
    b_pie             : true
    b_staticpic       : true

Found ninja-1.9 at /usr/bin/ninja
+ meson compile -j 8 -v -C build
ninja: entering directory '/home/devel/building/work/src/slurp-1.5.0/build'
[1/20] /usr/bin/meson --internal exe --capture slurp.1 --feed ../slurp.1.scd -- /usr/bin/scdoc
[2/20] /usr/bin/wayland-scanner private-code ../protocol/wlr-layer-shell-unstable-v1.xml slurp.p/wlr-layer-shell-unstable-v1-protocol.c
[3/20] /usr/bin/wayland-scanner private-code //usr/share/wayland-protocols/unstable/xdg-output/xdg-output-unstable-v1.xml slurp.p/xdg-output-unstable-v1-protocol.c
[4/20] /usr/bin/wayland-scanner private-code //usr/share/wayland-protocols/unstable/tablet/tablet-unstable-v2.xml slurp.p/tablet-unstable-v2-protocol.c
[5/20] /usr/bin/wayland-scanner private-code //usr/share/wayland-protocols/staging/cursor-shape/cursor-shape-v1.xml slurp.p/cursor-shape-v1-protocol.c
[6/20] /usr/bin/wayland-scanner client-header //usr/share/wayland-protocols/stable/xdg-shell/xdg-shell.xml slurp.p/xdg-shell-client-protocol.h
[7/20] /usr/bin/wayland-scanner client-header //usr/share/wayland-protocols/unstable/xdg-output/xdg-output-unstable-v1.xml slurp.p/xdg-output-unstable-v1-client-protocol.h
[8/20] /usr/bin/wayland-scanner client-header ../protocol/wlr-layer-shell-unstable-v1.xml slurp.p/wlr-layer-shell-unstable-v1-client-protocol.h
[9/20] /usr/bin/wayland-scanner client-header //usr/share/wayland-protocols/unstable/tablet/tablet-unstable-v2.xml slurp.p/tablet-unstable-v2-client-protocol.h
[10/20] /usr/bin/wayland-scanner client-header //usr/share/wayland-protocols/staging/cursor-shape/cursor-shape-v1.xml slurp.p/cursor-shape-v1-client-protocol.h
[11/20] /usr/bin/wayland-scanner private-code //usr/share/wayland-protocols/stable/xdg-shell/xdg-shell.xml slurp.p/xdg-shell-protocol.c
[12/20] cc -Islurp.p -I. -I.. -I../include -I/usr/include/cairo -I/usr/include/freetype2 -I/usr/include/libpng16 -I/usr/include/harfbuzz -I/usr/include/glib-2.0 -I/usr/lib/glib-2.0/include -I/usr/include/pixman-1 -fdiagnostics-color=always -D_FILE_OFFSET_BITS=64 -Wall -Winvalid-pch -Wextra -std=c11 -Wno-unused-parameter -O2 -m64 -march=x86-64 -mtune=generic -flto=auto -ffat-lto-objects -fPIE -MD -MQ slurp.p/render.c.o -MF slurp.p/render.c.o.d -o slurp.p/render.c.o -c ../render.c
[13/20] cc -Islurp.p -I. -I.. -I../include -I/usr/include/cairo -I/usr/include/freetype2 -I/usr/include/libpng16 -I/usr/include/harfbuzz -I/usr/include/glib-2.0 -I/usr/lib/glib-2.0/include -I/usr/include/pixman-1 -fdiagnostics-color=always -D_FILE_OFFSET_BITS=64 -Wall -Winvalid-pch -Wextra -std=c11 -Wno-unused-parameter -O2 -m64 -march=x86-64 -mtune=generic -flto=auto -ffat-lto-objects -fPIE -MD -MQ slurp.p/pool-buffer.c.o -MF slurp.p/pool-buffer.c.o.d -o slurp.p/pool-buffer.c.o -c ../pool-buffer.c
[14/20] cc -Islurp.p -I. -I.. -I../include -I/usr/include/cairo -I/usr/include/freetype2 -I/usr/include/libpng16 -I/usr/include/harfbuzz -I/usr/include/glib-2.0 -I/usr/lib/glib-2.0/include -I/usr/include/pixman-1 -fdiagnostics-color=always -D_FILE_OFFSET_BITS=64 -Wall -Winvalid-pch -Wextra -std=c11 -Wno-unused-parameter -O2 -m64 -march=x86-64 -mtune=generic -flto=auto -ffat-lto-objects -fPIE -MD -MQ slurp.p/main.c.o -MF slurp.p/main.c.o.d -o slurp.p/main.c.o -c ../main.c
[15/20] cc -Islurp.p -I. -I.. -I../include -I/usr/include/cairo -I/usr/include/freetype2 -I/usr/include/libpng16 -I/usr/include/harfbuzz -I/usr/include/glib-2.0 -I/usr/lib/glib-2.0/include -I/usr/include/pixman-1 -fdiagnostics-color=always -D_FILE_OFFSET_BITS=64 -Wall -Winvalid-pch -Wextra -std=c11 -Wno-unused-parameter -O2 -m64 -march=x86-64 -mtune=generic -flto=auto -ffat-lto-objects -fPIE -MD -MQ slurp.p/meson-generated_wlr-layer-shell-unstable-v1-protocol.c.o -MF slurp.p/meson-generated_wlr-layer-shell-unstable-v1-protocol.c.o.d -o slurp.p/meson-generated_wlr-layer-shell-unstable-v1-protocol.c.o -c slurp.p/wlr-layer-shell-unstable-v1-protocol.c
[16/20] cc -Islurp.p -I. -I.. -I../include -I/usr/include/cairo -I/usr/include/freetype2 -I/usr/include/libpng16 -I/usr/include/harfbuzz -I/usr/include/glib-2.0 -I/usr/lib/glib-2.0/include -I/usr/include/pixman-1 -fdiagnostics-color=always -D_FILE_OFFSET_BITS=64 -Wall -Winvalid-pch -Wextra -std=c11 -Wno-unused-parameter -O2 -m64 -march=x86-64 -mtune=generic -flto=auto -ffat-lto-objects -fPIE -MD -MQ slurp.p/meson-generated_xdg-output-unstable-v1-protocol.c.o -MF slurp.p/meson-generated_xdg-output-unstable-v1-protocol.c.o.d -o slurp.p/meson-generated_xdg-output-unstable-v1-protocol.c.o -c slurp.p/xdg-output-unstable-v1-protocol.c
[17/20] cc -Islurp.p -I. -I.. -I../include -I/usr/include/cairo -I/usr/include/freetype2 -I/usr/include/libpng16 -I/usr/include/harfbuzz -I/usr/include/glib-2.0 -I/usr/lib/glib-2.0/include -I/usr/include/pixman-1 -fdiagnostics-color=always -D_FILE_OFFSET_BITS=64 -Wall -Winvalid-pch -Wextra -std=c11 -Wno-unused-parameter -O2 -m64 -march=x86-64 -mtune=generic -flto=auto -ffat-lto-objects -fPIE -MD -MQ slurp.p/meson-generated_tablet-unstable-v2-protocol.c.o -MF slurp.p/meson-generated_tablet-unstable-v2-protocol.c.o.d -o slurp.p/meson-generated_tablet-unstable-v2-protocol.c.o -c slurp.p/tablet-unstable-v2-protocol.c
[18/20] cc -Islurp.p -I. -I.. -I../include -I/usr/include/cairo -I/usr/include/freetype2 -I/usr/include/libpng16 -I/usr/include/harfbuzz -I/usr/include/glib-2.0 -I/usr/lib/glib-2.0/include -I/usr/include/pixman-1 -fdiagnostics-color=always -D_FILE_OFFSET_BITS=64 -Wall -Winvalid-pch -Wextra -std=c11 -Wno-unused-parameter -O2 -m64 -march=x86-64 -mtune=generic -flto=auto -ffat-lto-objects -fPIE -MD -MQ slurp.p/meson-generated_cursor-shape-v1-protocol.c.o -MF slurp.p/meson-generated_cursor-shape-v1-protocol.c.o.d -o slurp.p/meson-generated_cursor-shape-v1-protocol.c.o -c slurp.p/cursor-shape-v1-protocol.c
[19/20] cc -Islurp.p -I. -I.. -I../include -I/usr/include/cairo -I/usr/include/freetype2 -I/usr/include/libpng16 -I/usr/include/harfbuzz -I/usr/include/glib-2.0 -I/usr/lib/glib-2.0/include -I/usr/include/pixman-1 -fdiagnostics-color=always -D_FILE_OFFSET_BITS=64 -Wall -Winvalid-pch -Wextra -std=c11 -Wno-unused-parameter -O2 -m64 -march=x86-64 -mtune=generic -flto=auto -ffat-lto-objects -fPIE -MD -MQ slurp.p/meson-generated_xdg-shell-protocol.c.o -MF slurp.p/meson-generated_xdg-shell-protocol.c.o.d -o slurp.p/meson-generated_xdg-shell-protocol.c.o -c slurp.p/xdg-shell-protocol.c
[20/20] cc  -o slurp slurp.p/meson-generated_xdg-shell-protocol.c.o slurp.p/meson-generated_cursor-shape-v1-protocol.c.o slurp.p/meson-generated_tablet-unstable-v2-protocol.c.o slurp.p/meson-generated_xdg-output-unstable-v1-protocol.c.o slurp.p/meson-generated_wlr-layer-shell-unstable-v1-protocol.c.o slurp.p/main.c.o slurp.p/pool-buffer.c.o slurp.p/render.c.o -Wl,--as-needed -Wl,--no-undefined -pie -O2 -m64 -march=x86-64 -mtune=generic -flto=auto -ffat-lto-objects -Wl,--start-group /usr/lib/libcairo.so -lrt /usr/lib/libwayland-client.so /usr/lib/libwayland-cursor.so /usr/lib/libxkbcommon.so -Wl,--end-group
INFO: autodetecting backend as ninja
INFO: calculating backend command to run: /usr/bin/ninja -C /home/devel/building/work/src/slurp-1.5.0/build -j 8 -v
+ DESTDIR=/home/devel/building/work/pkg
+ meson install --no-rebuild -C build
Installing slurp to /home/devel/building/work/pkg/usr/bin
Installing slurp.1 to /home/devel/building/work/pkg/usr/share/man/man1
=======> Build result:
drwxr-xr-x  0 root   root        0 Feb  1 20:08 usr/
drwxr-xr-x  0 root   root        0 Feb  1 20:08 usr/bin/
drwxr-xr-x  0 root   root        0 Feb  1 20:08 usr/share/
drwxr-xr-x  0 root   root        0 Feb  1 20:08 usr/share/man/
drwxr-xr-x  0 root   root        0 Feb  1 20:08 usr/share/man/man1/
-rw-r--r--  0 root   root     1821 Feb  1 20:08 usr/share/man/man1/slurp.1.gz
-rwxr-xr-x  0 root   root    48520 Feb  1 20:08 usr/bin/slurp
=======> Building '/home/devel/packages/slurp#1.5.0-1.x86_64.pkg.tar.zst' succeeded.
prt-get: Using PKGMK_PACKAGE_DIR: /home/devel/packages
prt-get: reinstalling slurp 1.5.0-1
prt-get: /usr/bin/pkgadd -u slurp#1.5.0-1.x86_64.pkg.tar.zst
prt-get: build done Thu Feb  1 20:08:37 2024

