prt-get: updating /usr/ports/opt-x86_64/soxr
prt-get: starting build Wed May  8 01:33:18 2024
=======> Building '/home/devel/packages/soxr#0.1.3-1.x86_64.pkg.tar.zst'.
bsdtar -p -o -C /home/devel/building/work/src -xf /home/devel/sources/soxr-0.1.3-Source.tar.xz
+ build
+ cd soxr-0.1.3-Source
+ mkdir build
+ cd build
+ cmake .. -DCMAKE_BUILD_TYPE=None -DCMAKE_INSTALL_PREFIX:PATH=/usr -DBUILD_SHARED_LIBS=True -DBUILD_TESTS=ON -Wno-dev
-- The C compiler identification is GNU 14.1.0
-- Detecting C compiler ABI info
-- Detecting C compiler ABI info - done
-- Check for working C compiler: /usr/bin/cc - skipped
-- Detecting C compile features
-- Detecting C compile features - done
-- Looking for pow in m
-- Looking for pow in m - found
-- Found OpenMP_C: -fopenmp (found version "4.5")
-- Found OpenMP: TRUE (found version "4.5")
-- Trying SIMD32 C flags:  
-- Performing Test DETECT_SIMD32_C_FLAGS
-- Performing Test DETECT_SIMD32_C_FLAGS - Success
-- Found SIMD32:
-- Trying SIMD64 C flags: -mavx
-- Performing Test DETECT_SIMD64_C_FLAGS
-- Performing Test DETECT_SIMD64_C_FLAGS - Success
-- Found SIMD64: -mavx
-- Looking for lrint
-- Looking for lrint - found
-- Looking for include file fenv.h
-- Looking for include file fenv.h - found
-- Looking for include file stdbool.h
-- Looking for include file stdbool.h - found
-- Looking for include file stdint.h
-- Looking for include file stdint.h - found
-- Configuring done (1.2s)
-- Generating done (0.0s)
-- Build files have been written to: /home/devel/building/work/src/soxr-0.1.3-Source/build
+ make -O -j 8 V=1 VERBOSE=1
/usr/bin/cmake -S/home/devel/building/work/src/soxr-0.1.3-Source -B/home/devel/building/work/src/soxr-0.1.3-Source/build --check-build-system CMakeFiles/Makefile.cmake 0
/usr/bin/cmake -E cmake_progress_start /home/devel/building/work/src/soxr-0.1.3-Source/build/CMakeFiles /home/devel/building/work/src/soxr-0.1.3-Source/build//CMakeFiles/progress.marks
make  -f CMakeFiles/Makefile2 all
make  -f src/CMakeFiles/soxr.dir/build.make src/CMakeFiles/soxr.dir/depend
make[2]: Entering directory '/home/devel/building/work/src/soxr-0.1.3-Source/build'
cd /home/devel/building/work/src/soxr-0.1.3-Source/build && /usr/bin/cmake -E cmake_depends "Unix Makefiles" /home/devel/building/work/src/soxr-0.1.3-Source /home/devel/building/work/src/soxr-0.1.3-Source/src /home/devel/building/work/src/soxr-0.1.3-Source/build /home/devel/building/work/src/soxr-0.1.3-Source/build/src /home/devel/building/work/src/soxr-0.1.3-Source/build/src/CMakeFiles/soxr.dir/DependInfo.cmake "--color="
make[2]: Leaving directory '/home/devel/building/work/src/soxr-0.1.3-Source/build'
make  -f src/CMakeFiles/soxr.dir/build.make src/CMakeFiles/soxr.dir/build
make[2]: Entering directory '/home/devel/building/work/src/soxr-0.1.3-Source/build'
[  8%] Building C object src/CMakeFiles/soxr.dir/dbesi0.c.o
cd /home/devel/building/work/src/soxr-0.1.3-Source/build/src && /usr/bin/cc -DNDEBUG -DSOXR_LIB -DSOXR_VISIBILITY -Dsoxr_EXPORTS -I/home/devel/building/work/src/soxr-0.1.3-Source/build -I/home/devel/building/work/src/soxr-0.1.3-Source/src -O2 -m64 -march=x86-64 -mtune=generic -flto=auto -ffat-lto-objects -fopenmp -fPIC   -fvisibility=hidden  -Wconversion -Wall -Wextra       -pedantic -Wundef -Wpointer-arith -Wno-long-long        -std=gnu89 -Wnested-externs -Wmissing-prototypes -Wstrict-prototypes -MD -MT src/CMakeFiles/soxr.dir/dbesi0.c.o -MF CMakeFiles/soxr.dir/dbesi0.c.o.d -o CMakeFiles/soxr.dir/dbesi0.c.o -c /home/devel/building/work/src/soxr-0.1.3-Source/src/dbesi0.c
make[2]: Leaving directory '/home/devel/building/work/src/soxr-0.1.3-Source/build'
make[2]: Entering directory '/home/devel/building/work/src/soxr-0.1.3-Source/build'
[  2%] Building C object src/CMakeFiles/soxr.dir/soxr.c.o
cd /home/devel/building/work/src/soxr-0.1.3-Source/build/src && /usr/bin/cc -DNDEBUG -DSOXR_LIB -DSOXR_VISIBILITY -Dsoxr_EXPORTS -I/home/devel/building/work/src/soxr-0.1.3-Source/build -I/home/devel/building/work/src/soxr-0.1.3-Source/src -O2 -m64 -march=x86-64 -mtune=generic -flto=auto -ffat-lto-objects -fopenmp -fPIC   -fvisibility=hidden  -Wconversion -Wall -Wextra       -pedantic -Wundef -Wpointer-arith -Wno-long-long        -std=gnu89 -Wnested-externs -Wmissing-prototypes -Wstrict-prototypes -MD -MT src/CMakeFiles/soxr.dir/soxr.c.o -MF CMakeFiles/soxr.dir/soxr.c.o.d -o CMakeFiles/soxr.dir/soxr.c.o -c /home/devel/building/work/src/soxr-0.1.3-Source/src/soxr.c
/home/devel/building/work/src/soxr-0.1.3-Source/src/soxr.c: In function 'soxr_create':
/home/devel/building/work/src/soxr-0.1.3-Source/src/soxr.c:396:36: warning: 'calloc' sizes specified with 'sizeof' in the earlier argument and not in the later argument [-Wcalloc-transposed-args]
  396 |   if (!error && !(p = calloc(sizeof(*p), 1))) error = "malloc failed";
      |                                    ^
/home/devel/building/work/src/soxr-0.1.3-Source/src/soxr.c:396:36: note: earlier argument should specify number of elements, later size of each element
/home/devel/building/work/src/soxr-0.1.3-Source/src/soxr.c: In function 'initialise':
/home/devel/building/work/src/soxr-0.1.3-Source/src/soxr.c:533:34: warning: 'calloc' sizes specified with 'sizeof' in the earlier argument and not in the later argument [-Wcalloc-transposed-args]
  533 |   p->channel_ptrs = calloc(sizeof(*p->channel_ptrs), p->num_channels);
      |                                  ^
/home/devel/building/work/src/soxr-0.1.3-Source/src/soxr.c:533:34: note: earlier argument should specify number of elements, later size of each element
/home/devel/building/work/src/soxr-0.1.3-Source/src/soxr.c:535:32: warning: 'calloc' sizes specified with 'sizeof' in the earlier argument and not in the later argument [-Wcalloc-transposed-args]
  535 |   p->resamplers = calloc(sizeof(*p->resamplers), p->num_channels);
      |                                ^
/home/devel/building/work/src/soxr-0.1.3-Source/src/soxr.c:535:32: note: earlier argument should specify number of elements, later size of each element
make[2]: Leaving directory '/home/devel/building/work/src/soxr-0.1.3-Source/build'
make[2]: Entering directory '/home/devel/building/work/src/soxr-0.1.3-Source/build'
[ 11%] Building C object src/CMakeFiles/soxr.dir/filter.c.o
cd /home/devel/building/work/src/soxr-0.1.3-Source/build/src && /usr/bin/cc -DNDEBUG -DSOXR_LIB -DSOXR_VISIBILITY -Dsoxr_EXPORTS -I/home/devel/building/work/src/soxr-0.1.3-Source/build -I/home/devel/building/work/src/soxr-0.1.3-Source/src -O2 -m64 -march=x86-64 -mtune=generic -flto=auto -ffat-lto-objects -fopenmp -fPIC   -fvisibility=hidden  -Wconversion -Wall -Wextra       -pedantic -Wundef -Wpointer-arith -Wno-long-long        -std=gnu89 -Wnested-externs -Wmissing-prototypes -Wstrict-prototypes -MD -MT src/CMakeFiles/soxr.dir/filter.c.o -MF CMakeFiles/soxr.dir/filter.c.o.d -o CMakeFiles/soxr.dir/filter.c.o -c /home/devel/building/work/src/soxr-0.1.3-Source/src/filter.c
make[2]: Leaving directory '/home/devel/building/work/src/soxr-0.1.3-Source/build'
make[2]: Entering directory '/home/devel/building/work/src/soxr-0.1.3-Source/build'
[ 20%] Building C object src/CMakeFiles/soxr.dir/cr32.c.o
cd /home/devel/building/work/src/soxr-0.1.3-Source/build/src && /usr/bin/cc -DNDEBUG -DSOXR_LIB -DSOXR_VISIBILITY -Dsoxr_EXPORTS -I/home/devel/building/work/src/soxr-0.1.3-Source/build -I/home/devel/building/work/src/soxr-0.1.3-Source/src -O2 -m64 -march=x86-64 -mtune=generic -flto=auto -ffat-lto-objects -fopenmp -fPIC   -fvisibility=hidden  -Wconversion -Wall -Wextra       -pedantic -Wundef -Wpointer-arith -Wno-long-long        -std=gnu89 -Wnested-externs -Wmissing-prototypes -Wstrict-prototypes -MD -MT src/CMakeFiles/soxr.dir/cr32.c.o -MF CMakeFiles/soxr.dir/cr32.c.o.d -o CMakeFiles/soxr.dir/cr32.c.o -c /home/devel/building/work/src/soxr-0.1.3-Source/src/cr32.c
make[2]: Leaving directory '/home/devel/building/work/src/soxr-0.1.3-Source/build'
make[2]: Entering directory '/home/devel/building/work/src/soxr-0.1.3-Source/build'
[ 17%] Building C object src/CMakeFiles/soxr.dir/cr.c.o
cd /home/devel/building/work/src/soxr-0.1.3-Source/build/src && /usr/bin/cc -DNDEBUG -DSOXR_LIB -DSOXR_VISIBILITY -Dsoxr_EXPORTS -I/home/devel/building/work/src/soxr-0.1.3-Source/build -I/home/devel/building/work/src/soxr-0.1.3-Source/src -O2 -m64 -march=x86-64 -mtune=generic -flto=auto -ffat-lto-objects -fopenmp -fPIC   -fvisibility=hidden  -Wconversion -Wall -Wextra       -pedantic -Wundef -Wpointer-arith -Wno-long-long        -std=gnu89 -Wnested-externs -Wmissing-prototypes -Wstrict-prototypes -MD -MT src/CMakeFiles/soxr.dir/cr.c.o -MF CMakeFiles/soxr.dir/cr.c.o.d -o CMakeFiles/soxr.dir/cr.c.o -c /home/devel/building/work/src/soxr-0.1.3-Source/src/cr.c
make[2]: Leaving directory '/home/devel/building/work/src/soxr-0.1.3-Source/build'
make[2]: Entering directory '/home/devel/building/work/src/soxr-0.1.3-Source/build'
[ 26%] Building C object src/CMakeFiles/soxr.dir/cr64.c.o
cd /home/devel/building/work/src/soxr-0.1.3-Source/build/src && /usr/bin/cc -DNDEBUG -DSOXR_LIB -DSOXR_VISIBILITY -Dsoxr_EXPORTS -I/home/devel/building/work/src/soxr-0.1.3-Source/build -I/home/devel/building/work/src/soxr-0.1.3-Source/src -O2 -m64 -march=x86-64 -mtune=generic -flto=auto -ffat-lto-objects -fopenmp -fPIC   -fvisibility=hidden  -Wconversion -Wall -Wextra       -pedantic -Wundef -Wpointer-arith -Wno-long-long        -std=gnu89 -Wnested-externs -Wmissing-prototypes -Wstrict-prototypes -MD -MT src/CMakeFiles/soxr.dir/cr64.c.o -MF CMakeFiles/soxr.dir/cr64.c.o.d -o CMakeFiles/soxr.dir/cr64.c.o -c /home/devel/building/work/src/soxr-0.1.3-Source/src/cr64.c
make[2]: Leaving directory '/home/devel/building/work/src/soxr-0.1.3-Source/build'
make[2]: Entering directory '/home/devel/building/work/src/soxr-0.1.3-Source/build'
[ 14%] Building C object src/CMakeFiles/soxr.dir/fft4g64.c.o
cd /home/devel/building/work/src/soxr-0.1.3-Source/build/src && /usr/bin/cc -DNDEBUG -DSOXR_LIB -DSOXR_VISIBILITY -Dsoxr_EXPORTS -I/home/devel/building/work/src/soxr-0.1.3-Source/build -I/home/devel/building/work/src/soxr-0.1.3-Source/src -O2 -m64 -march=x86-64 -mtune=generic -flto=auto -ffat-lto-objects -fopenmp -fPIC   -fvisibility=hidden  -Wconversion -Wall -Wextra       -pedantic -Wundef -Wpointer-arith -Wno-long-long        -std=gnu89 -Wnested-externs -Wmissing-prototypes -Wstrict-prototypes -MD -MT src/CMakeFiles/soxr.dir/fft4g64.c.o -MF CMakeFiles/soxr.dir/fft4g64.c.o.d -o CMakeFiles/soxr.dir/fft4g64.c.o -c /home/devel/building/work/src/soxr-0.1.3-Source/src/fft4g64.c
make[2]: Leaving directory '/home/devel/building/work/src/soxr-0.1.3-Source/build'
make[2]: Entering directory '/home/devel/building/work/src/soxr-0.1.3-Source/build'
[ 23%] Building C object src/CMakeFiles/soxr.dir/fft4g32.c.o
cd /home/devel/building/work/src/soxr-0.1.3-Source/build/src && /usr/bin/cc -DNDEBUG -DSOXR_LIB -DSOXR_VISIBILITY -Dsoxr_EXPORTS -I/home/devel/building/work/src/soxr-0.1.3-Source/build -I/home/devel/building/work/src/soxr-0.1.3-Source/src -O2 -m64 -march=x86-64 -mtune=generic -flto=auto -ffat-lto-objects -fopenmp -fPIC   -fvisibility=hidden  -Wconversion -Wall -Wextra       -pedantic -Wundef -Wpointer-arith -Wno-long-long        -std=gnu89 -Wnested-externs -Wmissing-prototypes -Wstrict-prototypes -MD -MT src/CMakeFiles/soxr.dir/fft4g32.c.o -MF CMakeFiles/soxr.dir/fft4g32.c.o.d -o CMakeFiles/soxr.dir/fft4g32.c.o -c /home/devel/building/work/src/soxr-0.1.3-Source/src/fft4g32.c
make[2]: Leaving directory '/home/devel/building/work/src/soxr-0.1.3-Source/build'
make[2]: Entering directory '/home/devel/building/work/src/soxr-0.1.3-Source/build'
[ 38%] Building C object src/CMakeFiles/soxr.dir/util32s.c.o
cd /home/devel/building/work/src/soxr-0.1.3-Source/build/src && /usr/bin/cc -DNDEBUG -DSOXR_LIB -DSOXR_VISIBILITY -Dsoxr_EXPORTS -I/home/devel/building/work/src/soxr-0.1.3-Source/build -I/home/devel/building/work/src/soxr-0.1.3-Source/src -O2 -m64 -march=x86-64 -mtune=generic -flto=auto -ffat-lto-objects -fopenmp -fPIC   -fvisibility=hidden  -Wconversion -Wall -Wextra       -pedantic -Wundef -Wpointer-arith -Wno-long-long        -std=gnu89 -Wnested-externs -Wmissing-prototypes -Wstrict-prototypes -MD -MT src/CMakeFiles/soxr.dir/util32s.c.o -MF CMakeFiles/soxr.dir/util32s.c.o.d -o CMakeFiles/soxr.dir/util32s.c.o -c /home/devel/building/work/src/soxr-0.1.3-Source/src/util32s.c
make[2]: Leaving directory '/home/devel/building/work/src/soxr-0.1.3-Source/build'
make[2]: Entering directory '/home/devel/building/work/src/soxr-0.1.3-Source/build'
[  5%] Building C object src/CMakeFiles/soxr.dir/data-io.c.o
cd /home/devel/building/work/src/soxr-0.1.3-Source/build/src && /usr/bin/cc -DNDEBUG -DSOXR_LIB -DSOXR_VISIBILITY -Dsoxr_EXPORTS -I/home/devel/building/work/src/soxr-0.1.3-Source/build -I/home/devel/building/work/src/soxr-0.1.3-Source/src -O2 -m64 -march=x86-64 -mtune=generic -flto=auto -ffat-lto-objects -fopenmp -fPIC   -fvisibility=hidden  -Wconversion -Wall -Wextra       -pedantic -Wundef -Wpointer-arith -Wno-long-long        -std=gnu89 -Wnested-externs -Wmissing-prototypes -Wstrict-prototypes -MD -MT src/CMakeFiles/soxr.dir/data-io.c.o -MF CMakeFiles/soxr.dir/data-io.c.o.d -o CMakeFiles/soxr.dir/data-io.c.o -c /home/devel/building/work/src/soxr-0.1.3-Source/src/data-io.c
make[2]: Leaving directory '/home/devel/building/work/src/soxr-0.1.3-Source/build'
make[2]: Entering directory '/home/devel/building/work/src/soxr-0.1.3-Source/build'
[ 29%] Building C object src/CMakeFiles/soxr.dir/vr32.c.o
cd /home/devel/building/work/src/soxr-0.1.3-Source/build/src && /usr/bin/cc -DNDEBUG -DSOXR_LIB -DSOXR_VISIBILITY -Dsoxr_EXPORTS -I/home/devel/building/work/src/soxr-0.1.3-Source/build -I/home/devel/building/work/src/soxr-0.1.3-Source/src -O2 -m64 -march=x86-64 -mtune=generic -flto=auto -ffat-lto-objects -fopenmp -fPIC   -fvisibility=hidden  -Wconversion -Wall -Wextra       -pedantic -Wundef -Wpointer-arith -Wno-long-long        -std=gnu89 -Wnested-externs -Wmissing-prototypes -Wstrict-prototypes -MD -MT src/CMakeFiles/soxr.dir/vr32.c.o -MF CMakeFiles/soxr.dir/vr32.c.o.d -o CMakeFiles/soxr.dir/vr32.c.o -c /home/devel/building/work/src/soxr-0.1.3-Source/src/vr32.c
make[2]: Leaving directory '/home/devel/building/work/src/soxr-0.1.3-Source/build'
make[2]: Entering directory '/home/devel/building/work/src/soxr-0.1.3-Source/build'
[ 32%] Building C object src/CMakeFiles/soxr.dir/cr32s.c.o
cd /home/devel/building/work/src/soxr-0.1.3-Source/build/src && /usr/bin/cc -DNDEBUG -DSOXR_LIB -DSOXR_VISIBILITY -Dsoxr_EXPORTS -I/home/devel/building/work/src/soxr-0.1.3-Source/build -I/home/devel/building/work/src/soxr-0.1.3-Source/src -O2 -m64 -march=x86-64 -mtune=generic -flto=auto -ffat-lto-objects -fopenmp -fPIC   -fvisibility=hidden  -Wconversion -Wall -Wextra       -pedantic -Wundef -Wpointer-arith -Wno-long-long        -std=gnu89 -Wnested-externs -Wmissing-prototypes -Wstrict-prototypes -MD -MT src/CMakeFiles/soxr.dir/cr32s.c.o -MF CMakeFiles/soxr.dir/cr32s.c.o.d -o CMakeFiles/soxr.dir/cr32s.c.o -c /home/devel/building/work/src/soxr-0.1.3-Source/src/cr32s.c
make[2]: Leaving directory '/home/devel/building/work/src/soxr-0.1.3-Source/build'
make[2]: Entering directory '/home/devel/building/work/src/soxr-0.1.3-Source/build'
[ 35%] Building C object src/CMakeFiles/soxr.dir/pffft32s.c.o
cd /home/devel/building/work/src/soxr-0.1.3-Source/build/src && /usr/bin/cc -DNDEBUG -DSOXR_LIB -DSOXR_VISIBILITY -Dsoxr_EXPORTS -I/home/devel/building/work/src/soxr-0.1.3-Source/build -I/home/devel/building/work/src/soxr-0.1.3-Source/src -O2 -m64 -march=x86-64 -mtune=generic -flto=auto -ffat-lto-objects -fopenmp -fPIC   -fvisibility=hidden  -Wconversion -Wall -Wextra       -pedantic -Wundef -Wpointer-arith -Wno-long-long        -std=gnu89 -Wnested-externs -Wmissing-prototypes -Wstrict-prototypes -MD -MT src/CMakeFiles/soxr.dir/pffft32s.c.o -MF CMakeFiles/soxr.dir/pffft32s.c.o.d -o CMakeFiles/soxr.dir/pffft32s.c.o -c /home/devel/building/work/src/soxr-0.1.3-Source/src/pffft32s.c
make[2]: Leaving directory '/home/devel/building/work/src/soxr-0.1.3-Source/build'
make[2]: Entering directory '/home/devel/building/work/src/soxr-0.1.3-Source/build'
[ 47%] Building C object src/CMakeFiles/soxr.dir/util64s.c.o
cd /home/devel/building/work/src/soxr-0.1.3-Source/build/src && /usr/bin/cc -DNDEBUG -DSOXR_LIB -DSOXR_VISIBILITY -Dsoxr_EXPORTS -I/home/devel/building/work/src/soxr-0.1.3-Source/build -I/home/devel/building/work/src/soxr-0.1.3-Source/src -O2 -m64 -march=x86-64 -mtune=generic -flto=auto -ffat-lto-objects -fopenmp -fPIC   -fvisibility=hidden  -Wconversion -Wall -Wextra       -pedantic -Wundef -Wpointer-arith -Wno-long-long        -std=gnu89 -Wnested-externs -Wmissing-prototypes -Wstrict-prototypes -mavx -MD -MT src/CMakeFiles/soxr.dir/util64s.c.o -MF CMakeFiles/soxr.dir/util64s.c.o.d -o CMakeFiles/soxr.dir/util64s.c.o -c /home/devel/building/work/src/soxr-0.1.3-Source/src/util64s.c
make[2]: Leaving directory '/home/devel/building/work/src/soxr-0.1.3-Source/build'
make[2]: Entering directory '/home/devel/building/work/src/soxr-0.1.3-Source/build'
[ 44%] Building C object src/CMakeFiles/soxr.dir/pffft64s.c.o
cd /home/devel/building/work/src/soxr-0.1.3-Source/build/src && /usr/bin/cc -DNDEBUG -DSOXR_LIB -DSOXR_VISIBILITY -Dsoxr_EXPORTS -I/home/devel/building/work/src/soxr-0.1.3-Source/build -I/home/devel/building/work/src/soxr-0.1.3-Source/src -O2 -m64 -march=x86-64 -mtune=generic -flto=auto -ffat-lto-objects -fopenmp -fPIC   -fvisibility=hidden  -Wconversion -Wall -Wextra       -pedantic -Wundef -Wpointer-arith -Wno-long-long        -std=gnu89 -Wnested-externs -Wmissing-prototypes -Wstrict-prototypes -mavx -MD -MT src/CMakeFiles/soxr.dir/pffft64s.c.o -MF CMakeFiles/soxr.dir/pffft64s.c.o.d -o CMakeFiles/soxr.dir/pffft64s.c.o -c /home/devel/building/work/src/soxr-0.1.3-Source/src/pffft64s.c
make[2]: Leaving directory '/home/devel/building/work/src/soxr-0.1.3-Source/build'
make[2]: Entering directory '/home/devel/building/work/src/soxr-0.1.3-Source/build'
[ 41%] Building C object src/CMakeFiles/soxr.dir/cr64s.c.o
cd /home/devel/building/work/src/soxr-0.1.3-Source/build/src && /usr/bin/cc -DNDEBUG -DSOXR_LIB -DSOXR_VISIBILITY -Dsoxr_EXPORTS -I/home/devel/building/work/src/soxr-0.1.3-Source/build -I/home/devel/building/work/src/soxr-0.1.3-Source/src -O2 -m64 -march=x86-64 -mtune=generic -flto=auto -ffat-lto-objects -fopenmp -fPIC   -fvisibility=hidden  -Wconversion -Wall -Wextra       -pedantic -Wundef -Wpointer-arith -Wno-long-long        -std=gnu89 -Wnested-externs -Wmissing-prototypes -Wstrict-prototypes -mavx -MD -MT src/CMakeFiles/soxr.dir/cr64s.c.o -MF CMakeFiles/soxr.dir/cr64s.c.o.d -o CMakeFiles/soxr.dir/cr64s.c.o -c /home/devel/building/work/src/soxr-0.1.3-Source/src/cr64s.c
make[2]: Leaving directory '/home/devel/building/work/src/soxr-0.1.3-Source/build'
make[2]: Entering directory '/home/devel/building/work/src/soxr-0.1.3-Source/build'
[ 50%] Linking C shared library libsoxr.so
cd /home/devel/building/work/src/soxr-0.1.3-Source/build/src && /usr/bin/cmake -E cmake_link_script CMakeFiles/soxr.dir/link.txt --verbose=1
/usr/bin/cc -fPIC -O2 -m64 -march=x86-64 -mtune=generic -flto=auto -ffat-lto-objects -fopenmp -shared -Wl,-soname,libsoxr.so.0 -o libsoxr.so.0.1.2 CMakeFiles/soxr.dir/soxr.c.o "CMakeFiles/soxr.dir/data-io.c.o" CMakeFiles/soxr.dir/dbesi0.c.o CMakeFiles/soxr.dir/filter.c.o CMakeFiles/soxr.dir/fft4g64.c.o CMakeFiles/soxr.dir/cr.c.o CMakeFiles/soxr.dir/cr32.c.o CMakeFiles/soxr.dir/fft4g32.c.o CMakeFiles/soxr.dir/cr64.c.o CMakeFiles/soxr.dir/vr32.c.o CMakeFiles/soxr.dir/cr32s.c.o CMakeFiles/soxr.dir/pffft32s.c.o CMakeFiles/soxr.dir/util32s.c.o CMakeFiles/soxr.dir/cr64s.c.o CMakeFiles/soxr.dir/pffft64s.c.o CMakeFiles/soxr.dir/util64s.c.o  -lm
cd /home/devel/building/work/src/soxr-0.1.3-Source/build/src && /usr/bin/cmake -E cmake_symlink_library libsoxr.so.0.1.2 libsoxr.so.0 libsoxr.so
make[2]: Leaving directory '/home/devel/building/work/src/soxr-0.1.3-Source/build'
make[1]: Entering directory '/home/devel/building/work/src/soxr-0.1.3-Source/build'
[ 50%] Built target soxr
make[1]: Leaving directory '/home/devel/building/work/src/soxr-0.1.3-Source/build'
make  -f src/CMakeFiles/soxr-lsr.dir/build.make src/CMakeFiles/soxr-lsr.dir/depend
make  -f tests/CMakeFiles/1-delay-clear.dir/build.make tests/CMakeFiles/1-delay-clear.dir/depend
make  -f tests/CMakeFiles/throughput.dir/build.make tests/CMakeFiles/throughput.dir/depend
make  -f tests/CMakeFiles/vector-cmp.dir/build.make tests/CMakeFiles/vector-cmp.dir/depend
make  -f tests/CMakeFiles/vector-gen.dir/build.make tests/CMakeFiles/vector-gen.dir/depend
make  -f examples/CMakeFiles/3-options-input-fn.dir/build.make examples/CMakeFiles/3-options-input-fn.dir/depend
make[2]: Entering directory '/home/devel/building/work/src/soxr-0.1.3-Source/build'
cd /home/devel/building/work/src/soxr-0.1.3-Source/build && /usr/bin/cmake -E cmake_depends "Unix Makefiles" /home/devel/building/work/src/soxr-0.1.3-Source /home/devel/building/work/src/soxr-0.1.3-Source/tests /home/devel/building/work/src/soxr-0.1.3-Source/build /home/devel/building/work/src/soxr-0.1.3-Source/build/tests /home/devel/building/work/src/soxr-0.1.3-Source/build/tests/CMakeFiles/throughput.dir/DependInfo.cmake "--color="
make[2]: Leaving directory '/home/devel/building/work/src/soxr-0.1.3-Source/build'
make[2]: Entering directory '/home/devel/building/work/src/soxr-0.1.3-Source/build'
cd /home/devel/building/work/src/soxr-0.1.3-Source/build && /usr/bin/cmake -E cmake_depends "Unix Makefiles" /home/devel/building/work/src/soxr-0.1.3-Source /home/devel/building/work/src/soxr-0.1.3-Source/src /home/devel/building/work/src/soxr-0.1.3-Source/build /home/devel/building/work/src/soxr-0.1.3-Source/build/src /home/devel/building/work/src/soxr-0.1.3-Source/build/src/CMakeFiles/soxr-lsr.dir/DependInfo.cmake "--color="
make[2]: Leaving directory '/home/devel/building/work/src/soxr-0.1.3-Source/build'
make[2]: Entering directory '/home/devel/building/work/src/soxr-0.1.3-Source/build'
cd /home/devel/building/work/src/soxr-0.1.3-Source/build && /usr/bin/cmake -E cmake_depends "Unix Makefiles" /home/devel/building/work/src/soxr-0.1.3-Source /home/devel/building/work/src/soxr-0.1.3-Source/tests /home/devel/building/work/src/soxr-0.1.3-Source/build /home/devel/building/work/src/soxr-0.1.3-Source/build/tests /home/devel/building/work/src/soxr-0.1.3-Source/build/tests/CMakeFiles/1-delay-clear.dir/DependInfo.cmake "--color="
make[2]: Leaving directory '/home/devel/building/work/src/soxr-0.1.3-Source/build'
make[2]: Entering directory '/home/devel/building/work/src/soxr-0.1.3-Source/build'
cd /home/devel/building/work/src/soxr-0.1.3-Source/build && /usr/bin/cmake -E cmake_depends "Unix Makefiles" /home/devel/building/work/src/soxr-0.1.3-Source /home/devel/building/work/src/soxr-0.1.3-Source/tests /home/devel/building/work/src/soxr-0.1.3-Source/build /home/devel/building/work/src/soxr-0.1.3-Source/build/tests /home/devel/building/work/src/soxr-0.1.3-Source/build/tests/CMakeFiles/vector-cmp.dir/DependInfo.cmake "--color="
make[2]: Leaving directory '/home/devel/building/work/src/soxr-0.1.3-Source/build'
make  -f src/CMakeFiles/soxr-lsr.dir/build.make src/CMakeFiles/soxr-lsr.dir/build
make[2]: Entering directory '/home/devel/building/work/src/soxr-0.1.3-Source/build'
cd /home/devel/building/work/src/soxr-0.1.3-Source/build && /usr/bin/cmake -E cmake_depends "Unix Makefiles" /home/devel/building/work/src/soxr-0.1.3-Source /home/devel/building/work/src/soxr-0.1.3-Source/tests /home/devel/building/work/src/soxr-0.1.3-Source/build /home/devel/building/work/src/soxr-0.1.3-Source/build/tests /home/devel/building/work/src/soxr-0.1.3-Source/build/tests/CMakeFiles/vector-gen.dir/DependInfo.cmake "--color="
make[2]: Leaving directory '/home/devel/building/work/src/soxr-0.1.3-Source/build'
make  -f tests/CMakeFiles/1-delay-clear.dir/build.make tests/CMakeFiles/1-delay-clear.dir/build
make  -f tests/CMakeFiles/throughput.dir/build.make tests/CMakeFiles/throughput.dir/build
make[2]: Entering directory '/home/devel/building/work/src/soxr-0.1.3-Source/build'
cd /home/devel/building/work/src/soxr-0.1.3-Source/build && /usr/bin/cmake -E cmake_depends "Unix Makefiles" /home/devel/building/work/src/soxr-0.1.3-Source /home/devel/building/work/src/soxr-0.1.3-Source/examples /home/devel/building/work/src/soxr-0.1.3-Source/build /home/devel/building/work/src/soxr-0.1.3-Source/build/examples /home/devel/building/work/src/soxr-0.1.3-Source/build/examples/CMakeFiles/3-options-input-fn.dir/DependInfo.cmake "--color="
make[2]: Leaving directory '/home/devel/building/work/src/soxr-0.1.3-Source/build'
make  -f tests/CMakeFiles/vector-cmp.dir/build.make tests/CMakeFiles/vector-cmp.dir/build
make  -f tests/CMakeFiles/vector-gen.dir/build.make tests/CMakeFiles/vector-gen.dir/build
make  -f examples/CMakeFiles/3-options-input-fn.dir/build.make examples/CMakeFiles/3-options-input-fn.dir/build
make[2]: Entering directory '/home/devel/building/work/src/soxr-0.1.3-Source/build'
[ 64%] Building C object tests/CMakeFiles/vector-gen.dir/vector-gen.c.o
cd /home/devel/building/work/src/soxr-0.1.3-Source/build/tests && /usr/bin/cc -DNDEBUG -DSOXR_VISIBILITY -I/home/devel/building/work/src/soxr-0.1.3-Source/build -I/home/devel/building/work/src/soxr-0.1.3-Source/src -O2 -m64 -march=x86-64 -mtune=generic -flto=auto -ffat-lto-objects -fopenmp  -Wconversion -Wall -Wextra       -pedantic -Wundef -Wpointer-arith -Wno-long-long        -std=gnu89 -Wnested-externs -Wmissing-prototypes -Wstrict-prototypes   -fvisibility=hidden -MD -MT tests/CMakeFiles/vector-gen.dir/vector-gen.c.o -MF CMakeFiles/vector-gen.dir/vector-gen.c.o.d -o CMakeFiles/vector-gen.dir/vector-gen.c.o -c /home/devel/building/work/src/soxr-0.1.3-Source/tests/vector-gen.c
make[2]: Leaving directory '/home/devel/building/work/src/soxr-0.1.3-Source/build'
make[2]: Entering directory '/home/devel/building/work/src/soxr-0.1.3-Source/build'
[ 61%] Building C object tests/CMakeFiles/vector-cmp.dir/vector-cmp.c.o
cd /home/devel/building/work/src/soxr-0.1.3-Source/build/tests && /usr/bin/cc -DNDEBUG -DSOXR_VISIBILITY -I/home/devel/building/work/src/soxr-0.1.3-Source/build -I/home/devel/building/work/src/soxr-0.1.3-Source/src -O2 -m64 -march=x86-64 -mtune=generic -flto=auto -ffat-lto-objects -fopenmp  -Wconversion -Wall -Wextra       -pedantic -Wundef -Wpointer-arith -Wno-long-long        -std=gnu89 -Wnested-externs -Wmissing-prototypes -Wstrict-prototypes   -fvisibility=hidden -MD -MT tests/CMakeFiles/vector-cmp.dir/vector-cmp.c.o -MF CMakeFiles/vector-cmp.dir/vector-cmp.c.o.d -o CMakeFiles/vector-cmp.dir/vector-cmp.c.o -c /home/devel/building/work/src/soxr-0.1.3-Source/tests/vector-cmp.c
make[2]: Leaving directory '/home/devel/building/work/src/soxr-0.1.3-Source/build'
make[2]: Entering directory '/home/devel/building/work/src/soxr-0.1.3-Source/build'
[ 55%] Building C object tests/CMakeFiles/1-delay-clear.dir/1-delay-clear.c.o
cd /home/devel/building/work/src/soxr-0.1.3-Source/build/tests && /usr/bin/cc -DNDEBUG -DSOXR_VISIBILITY -I/home/devel/building/work/src/soxr-0.1.3-Source/build -I/home/devel/building/work/src/soxr-0.1.3-Source/src -O2 -m64 -march=x86-64 -mtune=generic -flto=auto -ffat-lto-objects -fopenmp  -Wconversion -Wall -Wextra       -pedantic -Wundef -Wpointer-arith -Wno-long-long        -std=gnu89 -Wnested-externs -Wmissing-prototypes -Wstrict-prototypes   -fvisibility=hidden -MD -MT tests/CMakeFiles/1-delay-clear.dir/1-delay-clear.c.o -MF CMakeFiles/1-delay-clear.dir/1-delay-clear.c.o.d -o CMakeFiles/1-delay-clear.dir/1-delay-clear.c.o -c /home/devel/building/work/src/soxr-0.1.3-Source/tests/1-delay-clear.c
make[2]: Leaving directory '/home/devel/building/work/src/soxr-0.1.3-Source/build'
make[2]: Entering directory '/home/devel/building/work/src/soxr-0.1.3-Source/build'
[ 67%] Building C object examples/CMakeFiles/3-options-input-fn.dir/3-options-input-fn.c.o
cd /home/devel/building/work/src/soxr-0.1.3-Source/build/examples && /usr/bin/cc -DNDEBUG -DSOXR_VISIBILITY -I/home/devel/building/work/src/soxr-0.1.3-Source/build -I/home/devel/building/work/src/soxr-0.1.3-Source/src -O2 -m64 -march=x86-64 -mtune=generic -flto=auto -ffat-lto-objects -fopenmp  -Wconversion -Wall -Wextra       -pedantic -Wundef -Wpointer-arith -Wno-long-long        -std=gnu89 -Wnested-externs -Wmissing-prototypes -Wstrict-prototypes   -fvisibility=hidden -MD -MT examples/CMakeFiles/3-options-input-fn.dir/3-options-input-fn.c.o -MF CMakeFiles/3-options-input-fn.dir/3-options-input-fn.c.o.d -o CMakeFiles/3-options-input-fn.dir/3-options-input-fn.c.o -c /home/devel/building/work/src/soxr-0.1.3-Source/examples/3-options-input-fn.c
make[2]: Leaving directory '/home/devel/building/work/src/soxr-0.1.3-Source/build'
make[2]: Entering directory '/home/devel/building/work/src/soxr-0.1.3-Source/build'
[ 55%] Building C object src/CMakeFiles/soxr-lsr.dir/soxr-lsr.c.o
cd /home/devel/building/work/src/soxr-0.1.3-Source/build/src && /usr/bin/cc -DNDEBUG -DSOXR_LIB -DSOXR_VISIBILITY -Dsoxr_lsr_EXPORTS -I/home/devel/building/work/src/soxr-0.1.3-Source/build -I/home/devel/building/work/src/soxr-0.1.3-Source/src -O2 -m64 -march=x86-64 -mtune=generic -flto=auto -ffat-lto-objects -fopenmp -fPIC   -fvisibility=hidden  -Wconversion -Wall -Wextra       -pedantic -Wundef -Wpointer-arith -Wno-long-long        -std=gnu89 -Wnested-externs -Wmissing-prototypes -Wstrict-prototypes -MD -MT src/CMakeFiles/soxr-lsr.dir/soxr-lsr.c.o -MF CMakeFiles/soxr-lsr.dir/soxr-lsr.c.o.d -o CMakeFiles/soxr-lsr.dir/soxr-lsr.c.o -c /home/devel/building/work/src/soxr-0.1.3-Source/src/soxr-lsr.c
/home/devel/building/work/src/soxr-0.1.3-Source/src/soxr-lsr.c: In function 'src_callback_new':
/home/devel/building/work/src/soxr-0.1.3-Source/src/soxr-lsr.c:82:37: warning: cast between incompatible function types from 'src_callback_t' {aka 'long int (*)(void *, float **)'} to 'size_t (*)(void *, const void **, size_t)' {aka 'long unsigned int (*)(void *, const void **, long unsigned int)'} [-Wcast-function-type]
   82 |     error = soxr_set_input_fn(soxr, (soxr_input_fn_t)fn, p, 0);
      |                                     ^
make[2]: Leaving directory '/home/devel/building/work/src/soxr-0.1.3-Source/build'
make[2]: Entering directory '/home/devel/building/work/src/soxr-0.1.3-Source/build'
[ 58%] Building C object tests/CMakeFiles/throughput.dir/throughput.c.o
cd /home/devel/building/work/src/soxr-0.1.3-Source/build/tests && /usr/bin/cc -DNDEBUG -DSOXR_VISIBILITY -I/home/devel/building/work/src/soxr-0.1.3-Source/build -I/home/devel/building/work/src/soxr-0.1.3-Source/src -O2 -m64 -march=x86-64 -mtune=generic -flto=auto -ffat-lto-objects -fopenmp  -Wconversion -Wall -Wextra       -pedantic -Wundef -Wpointer-arith -Wno-long-long        -std=gnu89 -Wnested-externs -Wmissing-prototypes -Wstrict-prototypes   -fvisibility=hidden -std=gnu89 -MD -MT tests/CMakeFiles/throughput.dir/throughput.c.o -MF CMakeFiles/throughput.dir/throughput.c.o.d -o CMakeFiles/throughput.dir/throughput.c.o -c /home/devel/building/work/src/soxr-0.1.3-Source/tests/throughput.c
make[2]: Leaving directory '/home/devel/building/work/src/soxr-0.1.3-Source/build'
make[2]: Entering directory '/home/devel/building/work/src/soxr-0.1.3-Source/build'
[ 70%] Linking C executable vector-gen
cd /home/devel/building/work/src/soxr-0.1.3-Source/build/tests && /usr/bin/cmake -E cmake_link_script CMakeFiles/vector-gen.dir/link.txt --verbose=1
/usr/bin/cc -O2 -m64 -march=x86-64 -mtune=generic -flto=auto -ffat-lto-objects -fopenmp  -Wconversion -Wall -Wextra       -pedantic -Wundef -Wpointer-arith -Wno-long-long        -std=gnu89 -Wnested-externs -Wmissing-prototypes -Wstrict-prototypes -rdynamic "CMakeFiles/vector-gen.dir/vector-gen.c.o" -o vector-gen  -Wl,-rpath,/home/devel/building/work/src/soxr-0.1.3-Source/build/src ../src/libsoxr.so.0.1.2 -lm
make[2]: Leaving directory '/home/devel/building/work/src/soxr-0.1.3-Source/build'
make[1]: Entering directory '/home/devel/building/work/src/soxr-0.1.3-Source/build'
[ 85%] Built target vector-gen
make[1]: Leaving directory '/home/devel/building/work/src/soxr-0.1.3-Source/build'
make  -f tests/CMakeFiles/test-vectors.dir/build.make tests/CMakeFiles/test-vectors.dir/depend
make[2]: Entering directory '/home/devel/building/work/src/soxr-0.1.3-Source/build'
[ 73%] Linking C executable vector-cmp
cd /home/devel/building/work/src/soxr-0.1.3-Source/build/tests && /usr/bin/cmake -E cmake_link_script CMakeFiles/vector-cmp.dir/link.txt --verbose=1
/usr/bin/cc -O2 -m64 -march=x86-64 -mtune=generic -flto=auto -ffat-lto-objects -fopenmp  -Wconversion -Wall -Wextra       -pedantic -Wundef -Wpointer-arith -Wno-long-long        -std=gnu89 -Wnested-externs -Wmissing-prototypes -Wstrict-prototypes -rdynamic "CMakeFiles/vector-cmp.dir/vector-cmp.c.o" -o vector-cmp  -Wl,-rpath,/home/devel/building/work/src/soxr-0.1.3-Source/build/src ../src/libsoxr.so.0.1.2 -lm
make[2]: Leaving directory '/home/devel/building/work/src/soxr-0.1.3-Source/build'
make[2]: Entering directory '/home/devel/building/work/src/soxr-0.1.3-Source/build'
cd /home/devel/building/work/src/soxr-0.1.3-Source/build && /usr/bin/cmake -E cmake_depends "Unix Makefiles" /home/devel/building/work/src/soxr-0.1.3-Source /home/devel/building/work/src/soxr-0.1.3-Source/tests /home/devel/building/work/src/soxr-0.1.3-Source/build /home/devel/building/work/src/soxr-0.1.3-Source/build/tests /home/devel/building/work/src/soxr-0.1.3-Source/build/tests/CMakeFiles/test-vectors.dir/DependInfo.cmake "--color="
make[2]: Leaving directory '/home/devel/building/work/src/soxr-0.1.3-Source/build'
make  -f tests/CMakeFiles/test-vectors.dir/build.make tests/CMakeFiles/test-vectors.dir/build
make[1]: Entering directory '/home/devel/building/work/src/soxr-0.1.3-Source/build'
[ 85%] Built target vector-cmp
make[1]: Leaving directory '/home/devel/building/work/src/soxr-0.1.3-Source/build'
make[2]: Entering directory '/home/devel/building/work/src/soxr-0.1.3-Source/build'
[ 76%] Linking C executable 1-delay-clear
cd /home/devel/building/work/src/soxr-0.1.3-Source/build/tests && /usr/bin/cmake -E cmake_link_script CMakeFiles/1-delay-clear.dir/link.txt --verbose=1
/usr/bin/cc -O2 -m64 -march=x86-64 -mtune=generic -flto=auto -ffat-lto-objects -fopenmp  -Wconversion -Wall -Wextra       -pedantic -Wundef -Wpointer-arith -Wno-long-long        -std=gnu89 -Wnested-externs -Wmissing-prototypes -Wstrict-prototypes -rdynamic "CMakeFiles/1-delay-clear.dir/1-delay-clear.c.o" -o 1-delay-clear  -Wl,-rpath,/home/devel/building/work/src/soxr-0.1.3-Source/build/src ../src/libsoxr.so.0.1.2 -lm
make[2]: Leaving directory '/home/devel/building/work/src/soxr-0.1.3-Source/build'
make[1]: Entering directory '/home/devel/building/work/src/soxr-0.1.3-Source/build'
[ 94%] Built target 1-delay-clear
make[1]: Leaving directory '/home/devel/building/work/src/soxr-0.1.3-Source/build'
make[2]: Entering directory '/home/devel/building/work/src/soxr-0.1.3-Source/build'
[ 79%] Linking C executable 3-options-input-fn
cd /home/devel/building/work/src/soxr-0.1.3-Source/build/examples && /usr/bin/cmake -E cmake_link_script CMakeFiles/3-options-input-fn.dir/link.txt --verbose=1
/usr/bin/cc -O2 -m64 -march=x86-64 -mtune=generic -flto=auto -ffat-lto-objects -fopenmp  -Wconversion -Wall -Wextra       -pedantic -Wundef -Wpointer-arith -Wno-long-long        -std=gnu89 -Wnested-externs -Wmissing-prototypes -Wstrict-prototypes -rdynamic "CMakeFiles/3-options-input-fn.dir/3-options-input-fn.c.o" -o 3-options-input-fn  -Wl,-rpath,/home/devel/building/work/src/soxr-0.1.3-Source/build/src ../src/libsoxr.so.0.1.2 -lm
make[2]: Leaving directory '/home/devel/building/work/src/soxr-0.1.3-Source/build'
make[1]: Entering directory '/home/devel/building/work/src/soxr-0.1.3-Source/build'
[ 94%] Built target 3-options-input-fn
make[1]: Leaving directory '/home/devel/building/work/src/soxr-0.1.3-Source/build'
make[2]: Entering directory '/home/devel/building/work/src/soxr-0.1.3-Source/build'
[ 94%] Generating ref-44100.s32
cd /home/devel/building/work/src/soxr-0.1.3-Source/build/tests && ./vector-gen 44100 1 16 0 22050 1 /home/devel/building/work/src/soxr-0.1.3-Source/build/tests/ref-44100.s32
make[2]: Leaving directory '/home/devel/building/work/src/soxr-0.1.3-Source/build'
make[2]: Entering directory '/home/devel/building/work/src/soxr-0.1.3-Source/build'
[ 94%] Generating ref-65537.s32
cd /home/devel/building/work/src/soxr-0.1.3-Source/build/tests && ./vector-gen 65537 1 16 0 22050 1 /home/devel/building/work/src/soxr-0.1.3-Source/build/tests/ref-65537.s32
make[2]: Leaving directory '/home/devel/building/work/src/soxr-0.1.3-Source/build'
make[2]: Entering directory '/home/devel/building/work/src/soxr-0.1.3-Source/build'
[ 82%] Linking C shared library libsoxr-lsr.so
cd /home/devel/building/work/src/soxr-0.1.3-Source/build/src && /usr/bin/cmake -E cmake_link_script CMakeFiles/soxr-lsr.dir/link.txt --verbose=1
/usr/bin/cc -fPIC -O2 -m64 -march=x86-64 -mtune=generic -flto=auto -ffat-lto-objects -fopenmp -shared -Wl,-soname,libsoxr-lsr.so.0 -o libsoxr-lsr.so.0.1.9 "CMakeFiles/soxr-lsr.dir/soxr-lsr.c.o"  -Wl,-rpath,/home/devel/building/work/src/soxr-0.1.3-Source/build/src: libsoxr.so.0.1.2
cd /home/devel/building/work/src/soxr-0.1.3-Source/build/src && /usr/bin/cmake -E cmake_symlink_library libsoxr-lsr.so.0.1.9 libsoxr-lsr.so.0 libsoxr-lsr.so
make[2]: Leaving directory '/home/devel/building/work/src/soxr-0.1.3-Source/build'
make[1]: Entering directory '/home/devel/building/work/src/soxr-0.1.3-Source/build'
[ 94%] Built target soxr-lsr
make[1]: Leaving directory '/home/devel/building/work/src/soxr-0.1.3-Source/build'
make  -f examples/CMakeFiles/1a-lsr.dir/build.make examples/CMakeFiles/1a-lsr.dir/depend
make[2]: Entering directory '/home/devel/building/work/src/soxr-0.1.3-Source/build'
cd /home/devel/building/work/src/soxr-0.1.3-Source/build && /usr/bin/cmake -E cmake_depends "Unix Makefiles" /home/devel/building/work/src/soxr-0.1.3-Source /home/devel/building/work/src/soxr-0.1.3-Source/examples /home/devel/building/work/src/soxr-0.1.3-Source/build /home/devel/building/work/src/soxr-0.1.3-Source/build/examples /home/devel/building/work/src/soxr-0.1.3-Source/build/examples/CMakeFiles/1a-lsr.dir/DependInfo.cmake "--color="
make[2]: Leaving directory '/home/devel/building/work/src/soxr-0.1.3-Source/build'
make  -f examples/CMakeFiles/1a-lsr.dir/build.make examples/CMakeFiles/1a-lsr.dir/build
make[2]: Entering directory '/home/devel/building/work/src/soxr-0.1.3-Source/build'
[ 85%] Linking C executable throughput
cd /home/devel/building/work/src/soxr-0.1.3-Source/build/tests && /usr/bin/cmake -E cmake_link_script CMakeFiles/throughput.dir/link.txt --verbose=1
/usr/bin/cc -O2 -m64 -march=x86-64 -mtune=generic -flto=auto -ffat-lto-objects -fopenmp  -Wconversion -Wall -Wextra       -pedantic -Wundef -Wpointer-arith -Wno-long-long        -std=gnu89 -Wnested-externs -Wmissing-prototypes -Wstrict-prototypes -rdynamic CMakeFiles/throughput.dir/throughput.c.o -o throughput  -Wl,-rpath,/home/devel/building/work/src/soxr-0.1.3-Source/build/src ../src/libsoxr.so.0.1.2 -lm
make[2]: Leaving directory '/home/devel/building/work/src/soxr-0.1.3-Source/build'
make[1]: Entering directory '/home/devel/building/work/src/soxr-0.1.3-Source/build'
[ 97%] Built target throughput
make[1]: Leaving directory '/home/devel/building/work/src/soxr-0.1.3-Source/build'
make[2]: Entering directory '/home/devel/building/work/src/soxr-0.1.3-Source/build'
[ 97%] Building C object examples/CMakeFiles/1a-lsr.dir/1a-lsr.c.o
cd /home/devel/building/work/src/soxr-0.1.3-Source/build/examples && /usr/bin/cc -DNDEBUG -DSOXR_VISIBILITY -I/home/devel/building/work/src/soxr-0.1.3-Source/build -I/home/devel/building/work/src/soxr-0.1.3-Source/src -O2 -m64 -march=x86-64 -mtune=generic -flto=auto -ffat-lto-objects -fopenmp  -Wconversion -Wall -Wextra       -pedantic -Wundef -Wpointer-arith -Wno-long-long        -std=gnu89 -Wnested-externs -Wmissing-prototypes -Wstrict-prototypes   -fvisibility=hidden -MD -MT examples/CMakeFiles/1a-lsr.dir/1a-lsr.c.o -MF CMakeFiles/1a-lsr.dir/1a-lsr.c.o.d -o CMakeFiles/1a-lsr.dir/1a-lsr.c.o -c /home/devel/building/work/src/soxr-0.1.3-Source/examples/1a-lsr.c
make[2]: Leaving directory '/home/devel/building/work/src/soxr-0.1.3-Source/build'
make[2]: Entering directory '/home/devel/building/work/src/soxr-0.1.3-Source/build'
[ 94%] Generating ref-192000.s32
cd /home/devel/building/work/src/soxr-0.1.3-Source/build/tests && ./vector-gen 192000 1 16 0 22050 1 /home/devel/building/work/src/soxr-0.1.3-Source/build/tests/ref-192000.s32
make[2]: Leaving directory '/home/devel/building/work/src/soxr-0.1.3-Source/build'
make[1]: Entering directory '/home/devel/building/work/src/soxr-0.1.3-Source/build'
[100%] Built target test-vectors
make[1]: Leaving directory '/home/devel/building/work/src/soxr-0.1.3-Source/build'
make[2]: Entering directory '/home/devel/building/work/src/soxr-0.1.3-Source/build'
[100%] Linking C executable 1a-lsr
cd /home/devel/building/work/src/soxr-0.1.3-Source/build/examples && /usr/bin/cmake -E cmake_link_script CMakeFiles/1a-lsr.dir/link.txt --verbose=1
/usr/bin/cc -O2 -m64 -march=x86-64 -mtune=generic -flto=auto -ffat-lto-objects -fopenmp  -Wconversion -Wall -Wextra       -pedantic -Wundef -Wpointer-arith -Wno-long-long        -std=gnu89 -Wnested-externs -Wmissing-prototypes -Wstrict-prototypes -rdynamic "CMakeFiles/1a-lsr.dir/1a-lsr.c.o" -o 1a-lsr  -Wl,-rpath,/home/devel/building/work/src/soxr-0.1.3-Source/build/src -lm ../src/libsoxr-lsr.so.0.1.9 ../src/libsoxr.so.0.1.2
make[2]: Leaving directory '/home/devel/building/work/src/soxr-0.1.3-Source/build'
make[1]: Entering directory '/home/devel/building/work/src/soxr-0.1.3-Source/build'
[100%] Built target 1a-lsr
make[1]: Leaving directory '/home/devel/building/work/src/soxr-0.1.3-Source/build'
/usr/bin/cmake -E cmake_progress_start /home/devel/building/work/src/soxr-0.1.3-Source/build/CMakeFiles 0
+ make DESTDIR=/home/devel/building/work/pkg install
[ 50%] Built target soxr
[ 61%] Built target soxr-lsr
[ 61%] Built target 1-delay-clear
[ 67%] Built target throughput
[ 73%] Built target vector-cmp
[ 79%] Built target vector-gen
[ 85%] Built target 3-options-input-fn
[ 94%] Built target test-vectors
[100%] Built target 1a-lsr
Install the project...
-- Install configuration: "None"
-- Installing: /home/devel/building/work/pkg/usr/share/doc/libsoxr/README
-- Installing: /home/devel/building/work/pkg/usr/share/doc/libsoxr/LICENCE
-- Installing: /home/devel/building/work/pkg/usr/share/doc/libsoxr/NEWS
-- Installing: /home/devel/building/work/pkg/usr/lib/pkgconfig/soxr.pc
-- Installing: /home/devel/building/work/pkg/usr/lib/pkgconfig/soxr-lsr.pc
-- Installing: /home/devel/building/work/pkg/usr/lib/libsoxr.so.0.1.2
-- Installing: /home/devel/building/work/pkg/usr/lib/libsoxr.so.0
-- Installing: /home/devel/building/work/pkg/usr/lib/libsoxr.so
-- Installing: /home/devel/building/work/pkg/usr/include/soxr.h
-- Installing: /home/devel/building/work/pkg/usr/lib/libsoxr-lsr.so.0.1.9
-- Installing: /home/devel/building/work/pkg/usr/lib/libsoxr-lsr.so.0
-- Set non-toolchain portion of runtime path of "/home/devel/building/work/pkg/usr/lib/libsoxr-lsr.so.0.1.9" to ""
-- Installing: /home/devel/building/work/pkg/usr/lib/libsoxr-lsr.so
-- Installing: /home/devel/building/work/pkg/usr/include/soxr-lsr.h
-- Installing: /home/devel/building/work/pkg/usr/share/doc/libsoxr/examples/1-single-block.c
-- Installing: /home/devel/building/work/pkg/usr/share/doc/libsoxr/examples/1a-lsr.c
-- Installing: /home/devel/building/work/pkg/usr/share/doc/libsoxr/examples/2-stream.C
-- Installing: /home/devel/building/work/pkg/usr/share/doc/libsoxr/examples/3-options-input-fn.c
-- Installing: /home/devel/building/work/pkg/usr/share/doc/libsoxr/examples/4-split-channels.c
-- Installing: /home/devel/building/work/pkg/usr/share/doc/libsoxr/examples/5-variable-rate.c
-- Installing: /home/devel/building/work/pkg/usr/share/doc/libsoxr/examples/examples-common.h
-- Installing: /home/devel/building/work/pkg/usr/share/doc/libsoxr/examples/README
+ rm -r /home/devel/building/work/pkg/usr/share/doc
=======> Build result:
drwxr-xr-x  0 root   root        0 May  8 01:33 usr/
drwxr-xr-x  0 root   root        0 May  8 01:33 usr/share/
drwxr-xr-x  0 root   root        0 May  8 01:33 usr/lib/
drwxr-xr-x  0 root   root        0 May  8 01:33 usr/include/
-rw-r--r--  0 root   root    13984 Feb 23  2018 usr/include/soxr.h
-rw-r--r--  0 root   root     3112 Feb 23  2018 usr/include/soxr-lsr.h
drwxr-xr-x  0 root   root        0 May  8 01:33 usr/lib/pkgconfig/
-rwxr-xr-x  0 root   root   200024 May  8 01:33 usr/lib/libsoxr.so.0.1.2
lrwxrwxrwx  0 root   root        0 May  8 01:33 usr/lib/libsoxr.so.0 -> libsoxr.so.0.1.2
lrwxrwxrwx  0 root   root        0 May  8 01:33 usr/lib/libsoxr.so -> libsoxr.so.0
-rwxr-xr-x  0 root   root    14512 May  8 01:33 usr/lib/libsoxr-lsr.so.0.1.9
lrwxrwxrwx  0 root   root        0 May  8 01:33 usr/lib/libsoxr-lsr.so.0 -> libsoxr-lsr.so.0.1.9
lrwxrwxrwx  0 root   root        0 May  8 01:33 usr/lib/libsoxr-lsr.so -> libsoxr-lsr.so.0
-rw-r--r--  0 root   root      147 May  8 01:33 usr/lib/pkgconfig/soxr.pc
-rw-r--r--  0 root   root      190 May  8 01:33 usr/lib/pkgconfig/soxr-lsr.pc
=======> Building '/home/devel/packages/soxr#0.1.3-1.x86_64.pkg.tar.zst' succeeded.
prt-get: Using PKGMK_PACKAGE_DIR: /home/devel/packages
prt-get: reinstalling soxr 0.1.3-1
prt-get: /usr/bin/pkgadd -u soxr#0.1.3-1.x86_64.pkg.tar.zst
prt-get: build done Wed May  8 01:33:22 2024

