prt-get: updating /usr/ports/opt-x86_64/spdlog
prt-get: starting build Wed May  8 01:33:22 2024
=======> Building '/home/devel/packages/spdlog#1.14.1-1.x86_64.pkg.tar.zst'.
bsdtar -p -o -C /home/devel/building/work/src -xf /home/devel/sources/spdlog-1.14.1.tar.gz
+ build
+ cd spdlog-1.14.1
+ mkdir build
+ cd build
+ cmake .. -G Ninja -DCMAKE_BUILD_TYPE=None -DCMAKE_INSTALL_PREFIX=/usr -DCMAKE_INSTALL_LIBDIR=lib -DSPDLOG_BUILD_SHARED=ON -DSPDLOG_FMT_EXTERNAL=ON -DSPDLOG_BUILD_BENCH=OFF -DSPDLOG_BUILD_EXAMPLE=OFF -DSPDLOG_SANITIZE_ADDRESS=OFF -DSPDLOG_BUILD_TESTS=OFF -Wno-dev
-- The CXX compiler identification is GNU 14.1.0
-- Detecting CXX compiler ABI info
-- Detecting CXX compiler ABI info - done
-- Check for working CXX compiler: /usr/bin/c++ - skipped
-- Detecting CXX compile features
-- Detecting CXX compile features - done
-- Build spdlog: 1.14.1
-- Performing Test CMAKE_HAVE_LIBC_PTHREAD
-- Performing Test CMAKE_HAVE_LIBC_PTHREAD - Success
-- Found Threads: TRUE
-- Build type: None
-- Generating install
-- Configuring done (0.3s)
-- Generating done (0.0s)
-- Build files have been written to: /home/devel/building/work/src/spdlog-1.14.1/build
+ ninja -v
[1/8] /usr/bin/c++ -DFMT_SHARED -DSPDLOG_COMPILED_LIB -DSPDLOG_FMT_EXTERNAL -DSPDLOG_SHARED_LIB -Dspdlog_EXPORTS -I/home/devel/building/work/src/spdlog-1.14.1/include -O2 -m64 -march=x86-64 -mtune=generic -flto=auto -ffat-lto-objects -std=c++11 -fPIC -MD -MT CMakeFiles/spdlog.dir/src/cfg.cpp.o -MF CMakeFiles/spdlog.dir/src/cfg.cpp.o.d -o CMakeFiles/spdlog.dir/src/cfg.cpp.o -c /home/devel/building/work/src/spdlog-1.14.1/src/cfg.cpp
[2/8] /usr/bin/c++ -DFMT_SHARED -DSPDLOG_COMPILED_LIB -DSPDLOG_FMT_EXTERNAL -DSPDLOG_SHARED_LIB -Dspdlog_EXPORTS -I/home/devel/building/work/src/spdlog-1.14.1/include -O2 -m64 -march=x86-64 -mtune=generic -flto=auto -ffat-lto-objects -std=c++11 -fPIC -MD -MT CMakeFiles/spdlog.dir/src/async.cpp.o -MF CMakeFiles/spdlog.dir/src/async.cpp.o.d -o CMakeFiles/spdlog.dir/src/async.cpp.o -c /home/devel/building/work/src/spdlog-1.14.1/src/async.cpp
[3/8] /usr/bin/c++ -DFMT_SHARED -DSPDLOG_COMPILED_LIB -DSPDLOG_FMT_EXTERNAL -DSPDLOG_SHARED_LIB -Dspdlog_EXPORTS -I/home/devel/building/work/src/spdlog-1.14.1/include -O2 -m64 -march=x86-64 -mtune=generic -flto=auto -ffat-lto-objects -std=c++11 -fPIC -MD -MT CMakeFiles/spdlog.dir/src/file_sinks.cpp.o -MF CMakeFiles/spdlog.dir/src/file_sinks.cpp.o.d -o CMakeFiles/spdlog.dir/src/file_sinks.cpp.o -c /home/devel/building/work/src/spdlog-1.14.1/src/file_sinks.cpp
[4/8] /usr/bin/c++ -DFMT_SHARED -DSPDLOG_COMPILED_LIB -DSPDLOG_FMT_EXTERNAL -DSPDLOG_SHARED_LIB -Dspdlog_EXPORTS -I/home/devel/building/work/src/spdlog-1.14.1/include -O2 -m64 -march=x86-64 -mtune=generic -flto=auto -ffat-lto-objects -std=c++11 -fPIC -MD -MT CMakeFiles/spdlog.dir/src/color_sinks.cpp.o -MF CMakeFiles/spdlog.dir/src/color_sinks.cpp.o.d -o CMakeFiles/spdlog.dir/src/color_sinks.cpp.o -c /home/devel/building/work/src/spdlog-1.14.1/src/color_sinks.cpp
[5/8] /usr/bin/c++ -DFMT_SHARED -DSPDLOG_COMPILED_LIB -DSPDLOG_FMT_EXTERNAL -DSPDLOG_SHARED_LIB -Dspdlog_EXPORTS -I/home/devel/building/work/src/spdlog-1.14.1/include -O2 -m64 -march=x86-64 -mtune=generic -flto=auto -ffat-lto-objects -std=c++11 -fPIC -MD -MT CMakeFiles/spdlog.dir/src/stdout_sinks.cpp.o -MF CMakeFiles/spdlog.dir/src/stdout_sinks.cpp.o.d -o CMakeFiles/spdlog.dir/src/stdout_sinks.cpp.o -c /home/devel/building/work/src/spdlog-1.14.1/src/stdout_sinks.cpp
[6/8] /usr/bin/c++ -DFMT_SHARED -DSPDLOG_COMPILED_LIB -DSPDLOG_FMT_EXTERNAL -DSPDLOG_SHARED_LIB -Dspdlog_EXPORTS -I/home/devel/building/work/src/spdlog-1.14.1/include -O2 -m64 -march=x86-64 -mtune=generic -flto=auto -ffat-lto-objects -std=c++11 -fPIC -MD -MT CMakeFiles/spdlog.dir/src/spdlog.cpp.o -MF CMakeFiles/spdlog.dir/src/spdlog.cpp.o.d -o CMakeFiles/spdlog.dir/src/spdlog.cpp.o -c /home/devel/building/work/src/spdlog-1.14.1/src/spdlog.cpp
[7/8] : && /usr/bin/c++ -fPIC -O2 -m64 -march=x86-64 -mtune=generic -flto=auto -ffat-lto-objects   -shared -Wl,-soname,libspdlog.so.1.14 -o libspdlog.so.1.14.1 CMakeFiles/spdlog.dir/src/spdlog.cpp.o CMakeFiles/spdlog.dir/src/stdout_sinks.cpp.o CMakeFiles/spdlog.dir/src/color_sinks.cpp.o CMakeFiles/spdlog.dir/src/file_sinks.cpp.o CMakeFiles/spdlog.dir/src/async.cpp.o CMakeFiles/spdlog.dir/src/cfg.cpp.o  /usr/lib/libfmt.so.10.2.1 && :
[8/8] /usr/bin/cmake -E cmake_symlink_library libspdlog.so.1.14.1  libspdlog.so.1.14 libspdlog.so && :
+ DESTDIR=/home/devel/building/work/pkg
+ ninja install
[1/1] Install the project...
-- Install configuration: "None"
-- Installing: /home/devel/building/work/pkg/usr/include
-- Installing: /home/devel/building/work/pkg/usr/include/spdlog
-- Installing: /home/devel/building/work/pkg/usr/include/spdlog/async.h
-- Installing: /home/devel/building/work/pkg/usr/include/spdlog/async_logger-inl.h
-- Installing: /home/devel/building/work/pkg/usr/include/spdlog/async_logger.h
-- Installing: /home/devel/building/work/pkg/usr/include/spdlog/cfg
-- Installing: /home/devel/building/work/pkg/usr/include/spdlog/cfg/argv.h
-- Installing: /home/devel/building/work/pkg/usr/include/spdlog/cfg/env.h
-- Installing: /home/devel/building/work/pkg/usr/include/spdlog/cfg/helpers-inl.h
-- Installing: /home/devel/building/work/pkg/usr/include/spdlog/cfg/helpers.h
-- Installing: /home/devel/building/work/pkg/usr/include/spdlog/common-inl.h
-- Installing: /home/devel/building/work/pkg/usr/include/spdlog/common.h
-- Installing: /home/devel/building/work/pkg/usr/include/spdlog/details
-- Installing: /home/devel/building/work/pkg/usr/include/spdlog/details/backtracer-inl.h
-- Installing: /home/devel/building/work/pkg/usr/include/spdlog/details/backtracer.h
-- Installing: /home/devel/building/work/pkg/usr/include/spdlog/details/circular_q.h
-- Installing: /home/devel/building/work/pkg/usr/include/spdlog/details/console_globals.h
-- Installing: /home/devel/building/work/pkg/usr/include/spdlog/details/file_helper-inl.h
-- Installing: /home/devel/building/work/pkg/usr/include/spdlog/details/file_helper.h
-- Installing: /home/devel/building/work/pkg/usr/include/spdlog/details/fmt_helper.h
-- Installing: /home/devel/building/work/pkg/usr/include/spdlog/details/log_msg-inl.h
-- Installing: /home/devel/building/work/pkg/usr/include/spdlog/details/log_msg.h
-- Installing: /home/devel/building/work/pkg/usr/include/spdlog/details/log_msg_buffer-inl.h
-- Installing: /home/devel/building/work/pkg/usr/include/spdlog/details/log_msg_buffer.h
-- Installing: /home/devel/building/work/pkg/usr/include/spdlog/details/mpmc_blocking_q.h
-- Installing: /home/devel/building/work/pkg/usr/include/spdlog/details/null_mutex.h
-- Installing: /home/devel/building/work/pkg/usr/include/spdlog/details/os-inl.h
-- Installing: /home/devel/building/work/pkg/usr/include/spdlog/details/os.h
-- Installing: /home/devel/building/work/pkg/usr/include/spdlog/details/periodic_worker-inl.h
-- Installing: /home/devel/building/work/pkg/usr/include/spdlog/details/periodic_worker.h
-- Installing: /home/devel/building/work/pkg/usr/include/spdlog/details/registry-inl.h
-- Installing: /home/devel/building/work/pkg/usr/include/spdlog/details/registry.h
-- Installing: /home/devel/building/work/pkg/usr/include/spdlog/details/synchronous_factory.h
-- Installing: /home/devel/building/work/pkg/usr/include/spdlog/details/tcp_client-windows.h
-- Installing: /home/devel/building/work/pkg/usr/include/spdlog/details/tcp_client.h
-- Installing: /home/devel/building/work/pkg/usr/include/spdlog/details/thread_pool-inl.h
-- Installing: /home/devel/building/work/pkg/usr/include/spdlog/details/thread_pool.h
-- Installing: /home/devel/building/work/pkg/usr/include/spdlog/details/udp_client-windows.h
-- Installing: /home/devel/building/work/pkg/usr/include/spdlog/details/udp_client.h
-- Installing: /home/devel/building/work/pkg/usr/include/spdlog/details/windows_include.h
-- Installing: /home/devel/building/work/pkg/usr/include/spdlog/fmt
-- Installing: /home/devel/building/work/pkg/usr/include/spdlog/fmt/bin_to_hex.h
-- Installing: /home/devel/building/work/pkg/usr/include/spdlog/fmt/chrono.h
-- Installing: /home/devel/building/work/pkg/usr/include/spdlog/fmt/compile.h
-- Installing: /home/devel/building/work/pkg/usr/include/spdlog/fmt/fmt.h
-- Installing: /home/devel/building/work/pkg/usr/include/spdlog/fmt/ostr.h
-- Installing: /home/devel/building/work/pkg/usr/include/spdlog/fmt/ranges.h
-- Installing: /home/devel/building/work/pkg/usr/include/spdlog/fmt/std.h
-- Installing: /home/devel/building/work/pkg/usr/include/spdlog/fmt/xchar.h
-- Installing: /home/devel/building/work/pkg/usr/include/spdlog/formatter.h
-- Installing: /home/devel/building/work/pkg/usr/include/spdlog/fwd.h
-- Installing: /home/devel/building/work/pkg/usr/include/spdlog/logger-inl.h
-- Installing: /home/devel/building/work/pkg/usr/include/spdlog/logger.h
-- Installing: /home/devel/building/work/pkg/usr/include/spdlog/mdc.h
-- Installing: /home/devel/building/work/pkg/usr/include/spdlog/pattern_formatter-inl.h
-- Installing: /home/devel/building/work/pkg/usr/include/spdlog/pattern_formatter.h
-- Installing: /home/devel/building/work/pkg/usr/include/spdlog/sinks
-- Installing: /home/devel/building/work/pkg/usr/include/spdlog/sinks/android_sink.h
-- Installing: /home/devel/building/work/pkg/usr/include/spdlog/sinks/ansicolor_sink-inl.h
-- Installing: /home/devel/building/work/pkg/usr/include/spdlog/sinks/ansicolor_sink.h
-- Installing: /home/devel/building/work/pkg/usr/include/spdlog/sinks/base_sink-inl.h
-- Installing: /home/devel/building/work/pkg/usr/include/spdlog/sinks/base_sink.h
-- Installing: /home/devel/building/work/pkg/usr/include/spdlog/sinks/basic_file_sink-inl.h
-- Installing: /home/devel/building/work/pkg/usr/include/spdlog/sinks/basic_file_sink.h
-- Installing: /home/devel/building/work/pkg/usr/include/spdlog/sinks/callback_sink.h
-- Installing: /home/devel/building/work/pkg/usr/include/spdlog/sinks/daily_file_sink.h
-- Installing: /home/devel/building/work/pkg/usr/include/spdlog/sinks/dist_sink.h
-- Installing: /home/devel/building/work/pkg/usr/include/spdlog/sinks/dup_filter_sink.h
-- Installing: /home/devel/building/work/pkg/usr/include/spdlog/sinks/hourly_file_sink.h
-- Installing: /home/devel/building/work/pkg/usr/include/spdlog/sinks/kafka_sink.h
-- Installing: /home/devel/building/work/pkg/usr/include/spdlog/sinks/mongo_sink.h
-- Installing: /home/devel/building/work/pkg/usr/include/spdlog/sinks/msvc_sink.h
-- Installing: /home/devel/building/work/pkg/usr/include/spdlog/sinks/null_sink.h
-- Installing: /home/devel/building/work/pkg/usr/include/spdlog/sinks/ostream_sink.h
-- Installing: /home/devel/building/work/pkg/usr/include/spdlog/sinks/qt_sinks.h
-- Installing: /home/devel/building/work/pkg/usr/include/spdlog/sinks/ringbuffer_sink.h
-- Installing: /home/devel/building/work/pkg/usr/include/spdlog/sinks/rotating_file_sink-inl.h
-- Installing: /home/devel/building/work/pkg/usr/include/spdlog/sinks/rotating_file_sink.h
-- Installing: /home/devel/building/work/pkg/usr/include/spdlog/sinks/sink-inl.h
-- Installing: /home/devel/building/work/pkg/usr/include/spdlog/sinks/sink.h
-- Installing: /home/devel/building/work/pkg/usr/include/spdlog/sinks/stdout_color_sinks-inl.h
-- Installing: /home/devel/building/work/pkg/usr/include/spdlog/sinks/stdout_color_sinks.h
-- Installing: /home/devel/building/work/pkg/usr/include/spdlog/sinks/stdout_sinks-inl.h
-- Installing: /home/devel/building/work/pkg/usr/include/spdlog/sinks/stdout_sinks.h
-- Installing: /home/devel/building/work/pkg/usr/include/spdlog/sinks/syslog_sink.h
-- Installing: /home/devel/building/work/pkg/usr/include/spdlog/sinks/systemd_sink.h
-- Installing: /home/devel/building/work/pkg/usr/include/spdlog/sinks/tcp_sink.h
-- Installing: /home/devel/building/work/pkg/usr/include/spdlog/sinks/udp_sink.h
-- Installing: /home/devel/building/work/pkg/usr/include/spdlog/sinks/win_eventlog_sink.h
-- Installing: /home/devel/building/work/pkg/usr/include/spdlog/sinks/wincolor_sink-inl.h
-- Installing: /home/devel/building/work/pkg/usr/include/spdlog/sinks/wincolor_sink.h
-- Installing: /home/devel/building/work/pkg/usr/include/spdlog/spdlog-inl.h
-- Installing: /home/devel/building/work/pkg/usr/include/spdlog/spdlog.h
-- Installing: /home/devel/building/work/pkg/usr/include/spdlog/stopwatch.h
-- Installing: /home/devel/building/work/pkg/usr/include/spdlog/tweakme.h
-- Installing: /home/devel/building/work/pkg/usr/include/spdlog/version.h
-- Installing: /home/devel/building/work/pkg/usr/lib/libspdlog.so.1.14.1
-- Installing: /home/devel/building/work/pkg/usr/lib/libspdlog.so.1.14
-- Installing: /home/devel/building/work/pkg/usr/lib/libspdlog.so
-- Installing: /home/devel/building/work/pkg/usr/lib/pkgconfig/spdlog.pc
-- Installing: /home/devel/building/work/pkg/usr/lib/cmake/spdlog/spdlogConfigTargets.cmake
-- Installing: /home/devel/building/work/pkg/usr/lib/cmake/spdlog/spdlogConfigTargets-none.cmake
-- Installing: /home/devel/building/work/pkg/usr/lib/cmake/spdlog/spdlogConfig.cmake
-- Installing: /home/devel/building/work/pkg/usr/lib/cmake/spdlog/spdlogConfigVersion.cmake
=======> Build result:
drwxr-xr-x  0 root   root        0 May  8 01:33 usr/
drwxr-xr-x  0 root   root        0 May  8 01:33 usr/include/
drwxr-xr-x  0 root   root        0 May  8 01:33 usr/lib/
-rwxr-xr-x  0 root   root   331968 May  8 01:33 usr/lib/libspdlog.so.1.14.1
lrwxrwxrwx  0 root   root        0 May  8 01:33 usr/lib/libspdlog.so.1.14 -> libspdlog.so.1.14.1
lrwxrwxrwx  0 root   root        0 May  8 01:33 usr/lib/libspdlog.so -> libspdlog.so.1.14
drwxr-xr-x  0 root   root        0 May  8 01:33 usr/lib/pkgconfig/
drwxr-xr-x  0 root   root        0 May  8 01:33 usr/lib/cmake/
drwxr-xr-x  0 root   root        0 May  8 01:33 usr/lib/cmake/spdlog/
-rw-r--r--  0 root   root     4998 May  8 01:33 usr/lib/cmake/spdlog/spdlogConfigTargets.cmake
-rw-r--r--  0 root   root      840 May  8 01:33 usr/lib/cmake/spdlog/spdlogConfigTargets-none.cmake
-rw-r--r--  0 root   root     1724 May  8 01:33 usr/lib/cmake/spdlog/spdlogConfig.cmake
-rw-r--r--  0 root   root     2765 May  8 01:33 usr/lib/cmake/spdlog/spdlogConfigVersion.cmake
-rw-r--r--  0 root   root      338 May  8 01:33 usr/lib/pkgconfig/spdlog.pc
drwxr-xr-x  0 root   root        0 May  8 01:33 usr/include/spdlog/
-rw-r--r--  0 root   root     4021 Apr 30 12:14 usr/include/spdlog/async.h
-rw-r--r--  0 root   root     2978 Apr 30 12:14 usr/include/spdlog/async_logger-inl.h
-rw-r--r--  0 root   root     2560 Apr 30 12:14 usr/include/spdlog/async_logger.h
drwxr-xr-x  0 root   root        0 May  8 01:33 usr/include/spdlog/cfg/
-rw-r--r--  0 root   root     2050 Apr 30 12:14 usr/include/spdlog/common-inl.h
-rw-r--r--  0 root   root    13201 Apr 30 12:14 usr/include/spdlog/common.h
drwxr-xr-x  0 root   root        0 May  8 01:33 usr/include/spdlog/details/
drwxr-xr-x  0 root   root        0 May  8 01:33 usr/include/spdlog/fmt/
-rw-r--r--  0 root   root      463 Apr 30 12:14 usr/include/spdlog/formatter.h
-rw-r--r--  0 root   root      305 Apr 30 12:14 usr/include/spdlog/fwd.h
-rw-r--r--  0 root   root     6725 Apr 30 12:14 usr/include/spdlog/logger-inl.h
-rw-r--r--  0 root   root    13412 Apr 30 12:14 usr/include/spdlog/logger.h
-rw-r--r--  0 root   root     1362 Apr 30 12:14 usr/include/spdlog/mdc.h
-rw-r--r--  0 root   root    46453 Apr 30 12:14 usr/include/spdlog/pattern_formatter-inl.h
-rw-r--r--  0 root   root     3758 Apr 30 12:14 usr/include/spdlog/pattern_formatter.h
drwxr-xr-x  0 root   root        0 May  8 01:33 usr/include/spdlog/sinks/
-rw-r--r--  0 root   root     3118 Apr 30 12:14 usr/include/spdlog/spdlog-inl.h
-rw-r--r--  0 root   root    11771 Apr 30 12:14 usr/include/spdlog/spdlog.h
-rw-r--r--  0 root   root     1865 Apr 30 12:14 usr/include/spdlog/stopwatch.h
-rw-r--r--  0 root   root     6360 Apr 30 12:14 usr/include/spdlog/tweakme.h
-rw-r--r--  0 root   root      417 Apr 30 12:14 usr/include/spdlog/version.h
-rw-r--r--  0 root   root     4777 Apr 30 12:14 usr/include/spdlog/sinks/android_sink.h
-rw-r--r--  0 root   root     4875 Apr 30 12:14 usr/include/spdlog/sinks/ansicolor_sink-inl.h
-rw-r--r--  0 root   root     3959 Apr 30 12:14 usr/include/spdlog/sinks/ansicolor_sink.h
-rw-r--r--  0 root   root     1808 Apr 30 12:14 usr/include/spdlog/sinks/base_sink-inl.h
-rw-r--r--  0 root   root     1568 Apr 30 12:14 usr/include/spdlog/sinks/base_sink.h
-rw-r--r--  0 root   root     1216 Apr 30 12:14 usr/include/spdlog/sinks/basic_file_sink-inl.h
-rw-r--r--  0 root   root     2295 Apr 30 12:14 usr/include/spdlog/sinks/basic_file_sink.h
-rw-r--r--  0 root   root     1705 Apr 30 12:14 usr/include/spdlog/sinks/callback_sink.h
-rw-r--r--  0 root   root     9452 Apr 30 12:14 usr/include/spdlog/sinks/daily_file_sink.h
-rw-r--r--  0 root   root     2373 Apr 30 12:14 usr/include/spdlog/sinks/dist_sink.h
-rw-r--r--  0 root   root     3243 Apr 30 12:14 usr/include/spdlog/sinks/dup_filter_sink.h
-rw-r--r--  0 root   root     7121 Apr 30 12:14 usr/include/spdlog/sinks/hourly_file_sink.h
-rw-r--r--  0 root   root     4445 Apr 30 12:14 usr/include/spdlog/sinks/kafka_sink.h
-rw-r--r--  0 root   root     4003 Apr 30 12:14 usr/include/spdlog/sinks/mongo_sink.h
-rw-r--r--  0 root   root     2049 Apr 30 12:14 usr/include/spdlog/sinks/msvc_sink.h
-rw-r--r--  0 root   root     1234 Apr 30 12:14 usr/include/spdlog/sinks/null_sink.h
-rw-r--r--  0 root   root     1222 Apr 30 12:14 usr/include/spdlog/sinks/ostream_sink.h
-rw-r--r--  0 root   root    12412 Apr 30 12:14 usr/include/spdlog/sinks/qt_sinks.h
-rw-r--r--  0 root   root     2081 Apr 30 12:14 usr/include/spdlog/sinks/ringbuffer_sink.h
-rw-r--r--  0 root   root     4917 Apr 30 12:14 usr/include/spdlog/sinks/rotating_file_sink-inl.h
-rw-r--r--  0 root   root     3229 Apr 30 12:14 usr/include/spdlog/sinks/rotating_file_sink.h
-rw-r--r--  0 root   root      725 Apr 30 12:14 usr/include/spdlog/sinks/sink-inl.h
-rw-r--r--  0 root   root      893 Apr 30 12:14 usr/include/spdlog/sinks/sink.h
-rw-r--r--  0 root   root     1435 Apr 30 12:14 usr/include/spdlog/sinks/stdout_color_sinks-inl.h
-rw-r--r--  0 root   root     1792 Apr 30 12:14 usr/include/spdlog/sinks/stdout_color_sinks.h
-rw-r--r--  0 root   root     4347 Apr 30 12:14 usr/include/spdlog/sinks/stdout_sinks-inl.h
-rw-r--r--  0 root   root     2429 Apr 30 12:14 usr/include/spdlog/sinks/stdout_sinks.h
-rw-r--r--  0 root   root     4239 Apr 30 12:14 usr/include/spdlog/sinks/syslog_sink.h
-rw-r--r--  0 root   root     4872 Apr 30 12:14 usr/include/spdlog/sinks/systemd_sink.h
-rw-r--r--  0 root   root     2127 Apr 30 12:14 usr/include/spdlog/sinks/tcp_sink.h
-rw-r--r--  0 root   root     1858 Apr 30 12:14 usr/include/spdlog/sinks/udp_sink.h
-rw-r--r--  0 root   root     8888 Apr 30 12:14 usr/include/spdlog/sinks/win_eventlog_sink.h
-rw-r--r--  0 root   root     6651 Apr 30 12:14 usr/include/spdlog/sinks/wincolor_sink-inl.h
-rw-r--r--  0 root   root     2716 Apr 30 12:14 usr/include/spdlog/sinks/wincolor_sink.h
-rw-r--r--  0 root   root     7380 Apr 30 12:14 usr/include/spdlog/fmt/bin_to_hex.h
-rw-r--r--  0 root   root      551 Apr 30 12:14 usr/include/spdlog/fmt/chrono.h
-rw-r--r--  0 root   root      559 Apr 30 12:14 usr/include/spdlog/fmt/compile.h
-rw-r--r--  0 root   root      825 Apr 30 12:14 usr/include/spdlog/fmt/fmt.h
-rw-r--r--  0 root   root      554 Apr 30 12:14 usr/include/spdlog/fmt/ostr.h
-rw-r--r--  0 root   root      551 Apr 30 12:14 usr/include/spdlog/fmt/ranges.h
-rw-r--r--  0 root   root      641 Apr 30 12:14 usr/include/spdlog/fmt/std.h
-rw-r--r--  0 root   root      548 Apr 30 12:14 usr/include/spdlog/fmt/xchar.h
-rw-r--r--  0 root   root     2004 Apr 30 12:14 usr/include/spdlog/details/backtracer-inl.h
-rw-r--r--  0 root   root     1165 Apr 30 12:14 usr/include/spdlog/details/backtracer.h
-rw-r--r--  0 root   root     3377 Apr 30 12:14 usr/include/spdlog/details/circular_q.h
-rw-r--r--  0 root   root      603 Apr 30 12:14 usr/include/spdlog/details/console_globals.h
-rw-r--r--  0 root   root     4708 Apr 30 12:14 usr/include/spdlog/details/file_helper-inl.h
-rw-r--r--  0 root   root     1758 Apr 30 12:14 usr/include/spdlog/details/file_helper.h
-rw-r--r--  0 root   root     4471 Apr 30 12:14 usr/include/spdlog/details/fmt_helper.h
-rw-r--r--  0 root   root     1396 Apr 30 12:14 usr/include/spdlog/details/log_msg-inl.h
-rw-r--r--  0 root   root     1204 Apr 30 12:14 usr/include/spdlog/details/log_msg.h
-rw-r--r--  0 root   root     1668 Apr 30 12:14 usr/include/spdlog/details/log_msg_buffer-inl.h
-rw-r--r--  0 root   root      935 Apr 30 12:14 usr/include/spdlog/details/log_msg_buffer.h
-rw-r--r--  0 root   root     5285 Apr 30 12:14 usr/include/spdlog/details/mpmc_blocking_q.h
-rw-r--r--  0 root   root      930 Apr 30 12:14 usr/include/spdlog/details/null_mutex.h
-rw-r--r--  0 root   root    18221 Apr 30 12:14 usr/include/spdlog/details/os-inl.h
-rw-r--r--  0 root   root     3922 Apr 30 12:14 usr/include/spdlog/details/os.h
-rw-r--r--  0 root   root      620 Apr 30 12:14 usr/include/spdlog/details/periodic_worker-inl.h
-rw-r--r--  0 root   root     1813 Apr 30 12:14 usr/include/spdlog/details/periodic_worker.h
-rw-r--r--  0 root   root     8551 Apr 30 12:14 usr/include/spdlog/details/registry-inl.h
-rw-r--r--  0 root   root     4331 Apr 30 12:14 usr/include/spdlog/details/registry.h
-rw-r--r--  0 root   root      751 Apr 30 12:14 usr/include/spdlog/details/synchronous_factory.h
-rw-r--r--  0 root   root     4252 Apr 30 12:14 usr/include/spdlog/details/tcp_client-windows.h
-rw-r--r--  0 root   root     3885 Apr 30 12:14 usr/include/spdlog/details/tcp_client.h
-rw-r--r--  0 root   root     4503 Apr 30 12:14 usr/include/spdlog/details/thread_pool-inl.h
-rw-r--r--  0 root   root     3918 Apr 30 12:14 usr/include/spdlog/details/thread_pool.h
-rw-r--r--  0 root   root     3134 Apr 30 12:14 usr/include/spdlog/details/udp_client-windows.h
-rw-r--r--  0 root   root     2237 Apr 30 12:14 usr/include/spdlog/details/udp_client.h
-rw-r--r--  0 root   root      188 Apr 30 12:14 usr/include/spdlog/details/windows_include.h
-rw-r--r--  0 root   root     1219 Apr 30 12:14 usr/include/spdlog/cfg/argv.h
-rw-r--r--  0 root   root      986 Apr 30 12:14 usr/include/spdlog/cfg/env.h
-rw-r--r--  0 root   root     3170 Apr 30 12:14 usr/include/spdlog/cfg/helpers-inl.h
-rw-r--r--  0 root   root      718 Apr 30 12:14 usr/include/spdlog/cfg/helpers.h
=======> Building '/home/devel/packages/spdlog#1.14.1-1.x86_64.pkg.tar.zst' succeeded.
prt-get: Using PKGMK_PACKAGE_DIR: /home/devel/packages
prt-get: reinstalling spdlog 1.14.1-1
prt-get: /usr/bin/pkgadd -u spdlog#1.14.1-1.x86_64.pkg.tar.zst
prt-get: build done Wed May  8 01:33:28 2024

