prt-get: updating /usr/ports/opt-x86_64/speexdsp
prt-get: starting build Thu Feb  1 20:08:46 2024
=======> Building '/home/devel/packages/speexdsp#1.2.1-1.x86_64.pkg.tar.zst'.
bsdtar -p -o -C /home/devel/building/work/src -xf /home/devel/sources/speexdsp-1.2.1.tar.gz
+ build
+ cd speexdsp-1.2.1
+ autoreconf -fiv
autoreconf: export WARNINGS=
autoreconf: Entering directory '.'
autoreconf: configure.ac: not using Gettext
autoreconf: running: aclocal --force -I m4
autoreconf: configure.ac: tracing
autoreconf: running: libtoolize --copy --force
libtoolize: putting auxiliary files in '.'.
libtoolize: copying file './ltmain.sh'
libtoolize: putting macros in AC_CONFIG_MACRO_DIRS, 'm4'.
libtoolize: copying file 'm4/libtool.m4'
libtoolize: copying file 'm4/ltoptions.m4'
libtoolize: copying file 'm4/ltsugar.m4'
libtoolize: copying file 'm4/ltversion.m4'
libtoolize: copying file 'm4/lt~obsolete.m4'
autoreconf: configure.ac: not using Intltool
autoreconf: configure.ac: not using Gtkdoc
autoreconf: running: aclocal --force -I m4
autoreconf: running: /usr/bin/autoconf --force
autoreconf: running: /usr/bin/autoheader --force
autoreconf: running: automake --add-missing --copy --force-missing
configure.ac:26: installing './compile'
configure.ac:21: installing './missing'
libspeexdsp/Makefile.am: installing './depcomp'
autoreconf: './install-sh' is updated
autoreconf: './config.sub' is updated
autoreconf: './config.guess' is updated
autoreconf: Leaving directory '.'
+ ./configure --prefix=/usr --disable-static
checking whether make supports nested variables... yes
checking for a BSD-compatible install... /usr/bin/install -c
checking whether build environment is sane... yes
checking for a race-free mkdir -p... /bin/mkdir -p
checking for gawk... gawk
checking whether make sets $(MAKE)... yes
checking whether to enable maintainer-specific portions of Makefiles... yes
checking build system type... x86_64-pc-linux-gnu
checking host system type... x86_64-pc-linux-gnu
checking how to print strings... printf
checking whether make supports the include directive... yes (GNU style)
checking for gcc... gcc
checking whether the C compiler works... yes
checking for C compiler default output file name... a.out
checking for suffix of executables... 
checking whether we are cross compiling... no
checking for suffix of object files... o
checking whether the compiler supports GNU C... yes
checking whether gcc accepts -g... yes
checking for gcc option to enable C11 features... none needed
checking whether gcc understands -c and -o together... yes
checking dependency style of gcc... gcc3
checking for a sed that does not truncate output... /bin/sed
checking for grep that handles long lines and -e... /usr/bin/grep
checking for egrep... /usr/bin/grep -E
checking for fgrep... /usr/bin/grep -F
checking for ld used by gcc... /usr/bin/ld
checking if the linker (/usr/bin/ld) is GNU ld... yes
checking for BSD- or MS-compatible name lister (nm)... /usr/bin/nm -B
checking the name lister (/usr/bin/nm -B) interface... BSD nm
checking whether ln -s works... yes
checking the maximum length of command line arguments... 1572864
checking how to convert x86_64-pc-linux-gnu file names to x86_64-pc-linux-gnu format... func_convert_file_noop
checking how to convert x86_64-pc-linux-gnu file names to toolchain format... func_convert_file_noop
checking for /usr/bin/ld option to reload object files... -r
checking for file... file
checking for objdump... objdump
checking how to recognize dependent libraries... pass_all
checking for dlltool... dlltool
checking how to associate runtime and link libraries... printf %s\n
checking for ar... ar
checking for archiver @FILE support... @
checking for strip... strip
checking for ranlib... ranlib
checking command to parse /usr/bin/nm -B output from gcc object... ok
checking for sysroot... no
checking for a working dd... /bin/dd
checking how to truncate binary pipes... /bin/dd bs=4096 count=1
checking for mt... no
checking if : is a manifest tool... no
checking for stdio.h... yes
checking for stdlib.h... yes
checking for string.h... yes
checking for inttypes.h... yes
checking for stdint.h... yes
checking for strings.h... yes
checking for sys/stat.h... yes
checking for sys/types.h... yes
checking for unistd.h... yes
checking for dlfcn.h... yes
checking for objdir... .libs
checking if gcc supports -fno-rtti -fno-exceptions... no
checking for gcc option to produce PIC... -fPIC -DPIC
checking if gcc PIC flag -fPIC -DPIC works... yes
checking if gcc static flag -static works... yes
checking if gcc supports -c -o file.o... yes
checking if gcc supports -c -o file.o... (cached) yes
checking whether the gcc linker (/usr/bin/ld -m elf_x86_64) supports shared libraries... yes
checking whether -lc should be explicitly linked in... no
checking dynamic linker characteristics... GNU/Linux ld.so
checking how to hardcode library paths into programs... immediate
checking whether stripping libraries is possible... yes
checking if libtool supports shared libraries... yes
checking whether to build shared libraries... yes
checking whether to build static libraries... no
checking whether byte ordering is bigendian... no
checking for an ANSI C-conforming const... yes
checking for inline... inline
checking for C/C++ restrict keyword... __restrict__
checking for C99 variable-size arrays... yes
checking for SSE in current arch/CFLAGS... yes
checking for SSE2 in current arch/CFLAGS... yes
checking for NEON in current arch/CFLAGS... no
checking for ELF visibility... yes
checking for sys/soundcard.h... yes
checking for sys/audioio.h... no
checking for cos in -lm... yes
checking for pkg-config... /usr/bin/pkg-config
checking pkg-config is at least version 0.9.0... yes
checking size of int16_t... 2
checking size of uint16_t... 2
checking size of u_int16_t... 2
checking size of int32_t... 4
checking size of uint32_t... 4
checking size of u_int32_t... 4
checking size of short... 2
checking size of int... 4
checking size of long... 8
checking that generated files are newer than configure... done
configure: creating ./config.status
config.status: creating Makefile
config.status: creating libspeexdsp/Makefile
config.status: creating doc/Makefile
config.status: creating SpeexDSP.spec
config.status: creating include/Makefile
config.status: creating include/speex/Makefile
config.status: creating speexdsp.pc
config.status: creating win32/Makefile
config.status: creating win32/libspeexdsp/Makefile
config.status: creating symbian/Makefile
config.status: creating win32/VS2003/Makefile
config.status: creating win32/VS2003/libspeexdsp/Makefile
config.status: creating win32/VS2003/tests/Makefile
config.status: creating win32/VS2005/Makefile
config.status: creating win32/VS2005/libspeexdsp/Makefile
config.status: creating win32/VS2005/tests/Makefile
config.status: creating win32/VS2008/Makefile
config.status: creating win32/VS2008/libspeexdsp/Makefile
config.status: creating win32/VS2008/tests/Makefile
config.status: creating include/speex/speexdsp_config_types.h
config.status: creating ti/Makefile
config.status: creating ti/speex_C54_test/Makefile
config.status: creating ti/speex_C55_test/Makefile
config.status: creating ti/speex_C64_test/Makefile
config.status: creating config.h
config.status: executing depfiles commands
config.status: executing libtool commands
Type "make; make install" to compile and install Speex
+ make V=1
make  all-recursive
make[1]: Entering directory '/home/devel/building/work/src/speexdsp-1.2.1'
Making all in libspeexdsp
make[2]: Entering directory '/home/devel/building/work/src/speexdsp-1.2.1/libspeexdsp'
/bin/sh ../libtool  --tag=CC   --mode=compile gcc -DHAVE_CONFIG_H -I. -I..  -I../include -I../include/speex -I..    -O2 -m64 -march=x86-64 -mtune=generic -flto=auto -ffat-lto-objects -fvisibility=hidden -MT preprocess.lo -MD -MP -MF .deps/preprocess.Tpo -c -o preprocess.lo preprocess.c
/bin/sh ../libtool  --tag=CC   --mode=compile gcc -DHAVE_CONFIG_H -I. -I..  -I../include -I../include/speex -I..    -O2 -m64 -march=x86-64 -mtune=generic -flto=auto -ffat-lto-objects -fvisibility=hidden -MT jitter.lo -MD -MP -MF .deps/jitter.Tpo -c -o jitter.lo jitter.c
/bin/sh ../libtool  --tag=CC   --mode=compile gcc -DHAVE_CONFIG_H -I. -I..  -I../include -I../include/speex -I..    -O2 -m64 -march=x86-64 -mtune=generic -flto=auto -ffat-lto-objects -fvisibility=hidden -MT mdf.lo -MD -MP -MF .deps/mdf.Tpo -c -o mdf.lo mdf.c
/bin/sh ../libtool  --tag=CC   --mode=compile gcc -DHAVE_CONFIG_H -I. -I..  -I../include -I../include/speex -I..    -O2 -m64 -march=x86-64 -mtune=generic -flto=auto -ffat-lto-objects -fvisibility=hidden -MT fftwrap.lo -MD -MP -MF .deps/fftwrap.Tpo -c -o fftwrap.lo fftwrap.c
/bin/sh ../libtool  --tag=CC   --mode=compile gcc -DHAVE_CONFIG_H -I. -I..  -I../include -I../include/speex -I..    -O2 -m64 -march=x86-64 -mtune=generic -flto=auto -ffat-lto-objects -fvisibility=hidden -MT filterbank.lo -MD -MP -MF .deps/filterbank.Tpo -c -o filterbank.lo filterbank.c
/bin/sh ../libtool  --tag=CC   --mode=compile gcc -DHAVE_CONFIG_H -I. -I..  -I../include -I../include/speex -I..    -O2 -m64 -march=x86-64 -mtune=generic -flto=auto -ffat-lto-objects -fvisibility=hidden -MT resample.lo -MD -MP -MF .deps/resample.Tpo -c -o resample.lo resample.c
/bin/sh ../libtool  --tag=CC   --mode=compile gcc -DHAVE_CONFIG_H -I. -I..  -I../include -I../include/speex -I..    -O2 -m64 -march=x86-64 -mtune=generic -flto=auto -ffat-lto-objects -fvisibility=hidden -MT buffer.lo -MD -MP -MF .deps/buffer.Tpo -c -o buffer.lo buffer.c
/bin/sh ../libtool  --tag=CC   --mode=compile gcc -DHAVE_CONFIG_H -I. -I..  -I../include -I../include/speex -I..    -O2 -m64 -march=x86-64 -mtune=generic -flto=auto -ffat-lto-objects -fvisibility=hidden -MT scal.lo -MD -MP -MF .deps/scal.Tpo -c -o scal.lo scal.c
libtool: compile:  gcc -DHAVE_CONFIG_H -I. -I.. -I../include -I../include/speex -I.. -O2 -m64 -march=x86-64 -mtune=generic -flto=auto -ffat-lto-objects -fvisibility=hidden -MT preprocess.lo -MD -MP -MF .deps/preprocess.Tpo -c preprocess.c  -fPIC -DPIC -o .libs/preprocess.o
libtool: compile:  gcc -DHAVE_CONFIG_H -I. -I.. -I../include -I../include/speex -I.. -O2 -m64 -march=x86-64 -mtune=generic -flto=auto -ffat-lto-objects -fvisibility=hidden -MT filterbank.lo -MD -MP -MF .deps/filterbank.Tpo -c filterbank.c  -fPIC -DPIC -o .libs/filterbank.o
libtool: compile:  gcc -DHAVE_CONFIG_H -I. -I.. -I../include -I../include/speex -I.. -O2 -m64 -march=x86-64 -mtune=generic -flto=auto -ffat-lto-objects -fvisibility=hidden -MT jitter.lo -MD -MP -MF .deps/jitter.Tpo -c jitter.c  -fPIC -DPIC -o .libs/jitter.o
libtool: compile:  gcc -DHAVE_CONFIG_H -I. -I.. -I../include -I../include/speex -I.. -O2 -m64 -march=x86-64 -mtune=generic -flto=auto -ffat-lto-objects -fvisibility=hidden -MT mdf.lo -MD -MP -MF .deps/mdf.Tpo -c mdf.c  -fPIC -DPIC -o .libs/mdf.o
libtool: compile:  gcc -DHAVE_CONFIG_H -I. -I.. -I../include -I../include/speex -I.. -O2 -m64 -march=x86-64 -mtune=generic -flto=auto -ffat-lto-objects -fvisibility=hidden -MT fftwrap.lo -MD -MP -MF .deps/fftwrap.Tpo -c fftwrap.c  -fPIC -DPIC -o .libs/fftwrap.o
libtool: compile:  gcc -DHAVE_CONFIG_H -I. -I.. -I../include -I../include/speex -I.. -O2 -m64 -march=x86-64 -mtune=generic -flto=auto -ffat-lto-objects -fvisibility=hidden -MT buffer.lo -MD -MP -MF .deps/buffer.Tpo -c buffer.c  -fPIC -DPIC -o .libs/buffer.o
libtool: compile:  gcc -DHAVE_CONFIG_H -I. -I.. -I../include -I../include/speex -I.. -O2 -m64 -march=x86-64 -mtune=generic -flto=auto -ffat-lto-objects -fvisibility=hidden -MT scal.lo -MD -MP -MF .deps/scal.Tpo -c scal.c  -fPIC -DPIC -o .libs/scal.o
libtool: compile:  gcc -DHAVE_CONFIG_H -I. -I.. -I../include -I../include/speex -I.. -O2 -m64 -march=x86-64 -mtune=generic -flto=auto -ffat-lto-objects -fvisibility=hidden -MT resample.lo -MD -MP -MF .deps/resample.Tpo -c resample.c  -fPIC -DPIC -o .libs/resample.o
mv -f .deps/fftwrap.Tpo .deps/fftwrap.Plo
/bin/sh ../libtool  --tag=CC   --mode=compile gcc -DHAVE_CONFIG_H -I. -I..  -I../include -I../include/speex -I..    -O2 -m64 -march=x86-64 -mtune=generic -flto=auto -ffat-lto-objects -fvisibility=hidden -MT smallft.lo -MD -MP -MF .deps/smallft.Tpo -c -o smallft.lo smallft.c
mv -f .deps/buffer.Tpo .deps/buffer.Plo
libtool: compile:  gcc -DHAVE_CONFIG_H -I. -I.. -I../include -I../include/speex -I.. -O2 -m64 -march=x86-64 -mtune=generic -flto=auto -ffat-lto-objects -fvisibility=hidden -MT smallft.lo -MD -MP -MF .deps/smallft.Tpo -c smallft.c  -fPIC -DPIC -o .libs/smallft.o
mv -f .deps/filterbank.Tpo .deps/filterbank.Plo
mv -f .deps/scal.Tpo .deps/scal.Plo
mv -f .deps/jitter.Tpo .deps/jitter.Plo
mv -f .deps/resample.Tpo .deps/resample.Plo
mv -f .deps/preprocess.Tpo .deps/preprocess.Plo
mv -f .deps/mdf.Tpo .deps/mdf.Plo
mv -f .deps/smallft.Tpo .deps/smallft.Plo
/bin/sh ../libtool  --tag=CC   --mode=link gcc  -O2 -m64 -march=x86-64 -mtune=generic -flto=auto -ffat-lto-objects -fvisibility=hidden -no-undefined -version-info 6:2:5  -o libspeexdsp.la -rpath /usr/lib preprocess.lo jitter.lo mdf.lo fftwrap.lo filterbank.lo resample.lo buffer.lo scal.lo smallft.lo -lm 
libtool: link: gcc -shared  -fPIC -DPIC  .libs/preprocess.o .libs/jitter.o .libs/mdf.o .libs/fftwrap.o .libs/filterbank.o .libs/resample.o .libs/buffer.o .libs/scal.o .libs/smallft.o   -lm  -O2 -m64 -march=x86-64 -mtune=generic -flto=auto   -Wl,-soname -Wl,libspeexdsp.so.1 -o .libs/libspeexdsp.so.1.5.2
libtool: link: (cd ".libs" && rm -f "libspeexdsp.so.1" && ln -s "libspeexdsp.so.1.5.2" "libspeexdsp.so.1")
libtool: link: (cd ".libs" && rm -f "libspeexdsp.so" && ln -s "libspeexdsp.so.1.5.2" "libspeexdsp.so")
libtool: link: ( cd ".libs" && rm -f "libspeexdsp.la" && ln -s "../libspeexdsp.la" "libspeexdsp.la" )
make[2]: Leaving directory '/home/devel/building/work/src/speexdsp-1.2.1/libspeexdsp'
Making all in include
make[2]: Entering directory '/home/devel/building/work/src/speexdsp-1.2.1/include'
Making all in speex
make[3]: Entering directory '/home/devel/building/work/src/speexdsp-1.2.1/include/speex'
make[3]: Nothing to be done for 'all'.
make[3]: Leaving directory '/home/devel/building/work/src/speexdsp-1.2.1/include/speex'
make[3]: Entering directory '/home/devel/building/work/src/speexdsp-1.2.1/include'
make[3]: Nothing to be done for 'all-am'.
make[3]: Leaving directory '/home/devel/building/work/src/speexdsp-1.2.1/include'
make[2]: Leaving directory '/home/devel/building/work/src/speexdsp-1.2.1/include'
Making all in doc
make[2]: Entering directory '/home/devel/building/work/src/speexdsp-1.2.1/doc'
make[2]: Nothing to be done for 'all'.
make[2]: Leaving directory '/home/devel/building/work/src/speexdsp-1.2.1/doc'
Making all in win32
make[2]: Entering directory '/home/devel/building/work/src/speexdsp-1.2.1/win32'
Making all in libspeexdsp
make[3]: Entering directory '/home/devel/building/work/src/speexdsp-1.2.1/win32/libspeexdsp'
make[3]: Nothing to be done for 'all'.
make[3]: Leaving directory '/home/devel/building/work/src/speexdsp-1.2.1/win32/libspeexdsp'
Making all in VS2003
make[3]: Entering directory '/home/devel/building/work/src/speexdsp-1.2.1/win32/VS2003'
Making all in libspeexdsp
make[4]: Entering directory '/home/devel/building/work/src/speexdsp-1.2.1/win32/VS2003/libspeexdsp'
make[4]: Nothing to be done for 'all'.
make[4]: Leaving directory '/home/devel/building/work/src/speexdsp-1.2.1/win32/VS2003/libspeexdsp'
Making all in tests
make[4]: Entering directory '/home/devel/building/work/src/speexdsp-1.2.1/win32/VS2003/tests'
make[4]: Nothing to be done for 'all'.
make[4]: Leaving directory '/home/devel/building/work/src/speexdsp-1.2.1/win32/VS2003/tests'
make[4]: Entering directory '/home/devel/building/work/src/speexdsp-1.2.1/win32/VS2003'
make[4]: Nothing to be done for 'all-am'.
make[4]: Leaving directory '/home/devel/building/work/src/speexdsp-1.2.1/win32/VS2003'
make[3]: Leaving directory '/home/devel/building/work/src/speexdsp-1.2.1/win32/VS2003'
Making all in VS2005
make[3]: Entering directory '/home/devel/building/work/src/speexdsp-1.2.1/win32/VS2005'
Making all in libspeexdsp
make[4]: Entering directory '/home/devel/building/work/src/speexdsp-1.2.1/win32/VS2005/libspeexdsp'
make[4]: Nothing to be done for 'all'.
make[4]: Leaving directory '/home/devel/building/work/src/speexdsp-1.2.1/win32/VS2005/libspeexdsp'
Making all in tests
make[4]: Entering directory '/home/devel/building/work/src/speexdsp-1.2.1/win32/VS2005/tests'
make[4]: Nothing to be done for 'all'.
make[4]: Leaving directory '/home/devel/building/work/src/speexdsp-1.2.1/win32/VS2005/tests'
make[4]: Entering directory '/home/devel/building/work/src/speexdsp-1.2.1/win32/VS2005'
make[4]: Nothing to be done for 'all-am'.
make[4]: Leaving directory '/home/devel/building/work/src/speexdsp-1.2.1/win32/VS2005'
make[3]: Leaving directory '/home/devel/building/work/src/speexdsp-1.2.1/win32/VS2005'
Making all in VS2008
make[3]: Entering directory '/home/devel/building/work/src/speexdsp-1.2.1/win32/VS2008'
Making all in libspeexdsp
make[4]: Entering directory '/home/devel/building/work/src/speexdsp-1.2.1/win32/VS2008/libspeexdsp'
make[4]: Nothing to be done for 'all'.
make[4]: Leaving directory '/home/devel/building/work/src/speexdsp-1.2.1/win32/VS2008/libspeexdsp'
Making all in tests
make[4]: Entering directory '/home/devel/building/work/src/speexdsp-1.2.1/win32/VS2008/tests'
make[4]: Nothing to be done for 'all'.
make[4]: Leaving directory '/home/devel/building/work/src/speexdsp-1.2.1/win32/VS2008/tests'
make[4]: Entering directory '/home/devel/building/work/src/speexdsp-1.2.1/win32/VS2008'
make[4]: Nothing to be done for 'all-am'.
make[4]: Leaving directory '/home/devel/building/work/src/speexdsp-1.2.1/win32/VS2008'
make[3]: Leaving directory '/home/devel/building/work/src/speexdsp-1.2.1/win32/VS2008'
make[3]: Entering directory '/home/devel/building/work/src/speexdsp-1.2.1/win32'
make[3]: Nothing to be done for 'all-am'.
make[3]: Leaving directory '/home/devel/building/work/src/speexdsp-1.2.1/win32'
make[2]: Leaving directory '/home/devel/building/work/src/speexdsp-1.2.1/win32'
Making all in symbian
make[2]: Entering directory '/home/devel/building/work/src/speexdsp-1.2.1/symbian'
make[2]: Nothing to be done for 'all'.
make[2]: Leaving directory '/home/devel/building/work/src/speexdsp-1.2.1/symbian'
Making all in ti
make[2]: Entering directory '/home/devel/building/work/src/speexdsp-1.2.1/ti'
Making all in speex_C54_test
make[3]: Entering directory '/home/devel/building/work/src/speexdsp-1.2.1/ti/speex_C54_test'
make[3]: Nothing to be done for 'all'.
make[3]: Leaving directory '/home/devel/building/work/src/speexdsp-1.2.1/ti/speex_C54_test'
Making all in speex_C55_test
make[3]: Entering directory '/home/devel/building/work/src/speexdsp-1.2.1/ti/speex_C55_test'
make[3]: Nothing to be done for 'all'.
make[3]: Leaving directory '/home/devel/building/work/src/speexdsp-1.2.1/ti/speex_C55_test'
Making all in speex_C64_test
make[3]: Entering directory '/home/devel/building/work/src/speexdsp-1.2.1/ti/speex_C64_test'
make[3]: Nothing to be done for 'all'.
make[3]: Leaving directory '/home/devel/building/work/src/speexdsp-1.2.1/ti/speex_C64_test'
make[3]: Entering directory '/home/devel/building/work/src/speexdsp-1.2.1/ti'
make[3]: Nothing to be done for 'all-am'.
make[3]: Leaving directory '/home/devel/building/work/src/speexdsp-1.2.1/ti'
make[2]: Leaving directory '/home/devel/building/work/src/speexdsp-1.2.1/ti'
make[2]: Entering directory '/home/devel/building/work/src/speexdsp-1.2.1'
make[2]: Leaving directory '/home/devel/building/work/src/speexdsp-1.2.1'
make[1]: Leaving directory '/home/devel/building/work/src/speexdsp-1.2.1'
+ make -j1 DESTDIR=/home/devel/building/work/pkg install
Making install in libspeexdsp
make[1]: Entering directory '/home/devel/building/work/src/speexdsp-1.2.1/libspeexdsp'
make[2]: Entering directory '/home/devel/building/work/src/speexdsp-1.2.1/libspeexdsp'
 /bin/mkdir -p '/home/devel/building/work/pkg/usr/lib'
 /bin/sh ../libtool   --mode=install /usr/bin/install -c   libspeexdsp.la '/home/devel/building/work/pkg/usr/lib'
libtool: install: /usr/bin/install -c .libs/libspeexdsp.so.1.5.2 /home/devel/building/work/pkg/usr/lib/libspeexdsp.so.1.5.2
libtool: install: (cd /home/devel/building/work/pkg/usr/lib && { ln -s -f libspeexdsp.so.1.5.2 libspeexdsp.so.1 || { rm -f libspeexdsp.so.1 && ln -s libspeexdsp.so.1.5.2 libspeexdsp.so.1; }; })
libtool: install: (cd /home/devel/building/work/pkg/usr/lib && { ln -s -f libspeexdsp.so.1.5.2 libspeexdsp.so || { rm -f libspeexdsp.so && ln -s libspeexdsp.so.1.5.2 libspeexdsp.so; }; })
libtool: install: /usr/bin/install -c .libs/libspeexdsp.lai /home/devel/building/work/pkg/usr/lib/libspeexdsp.la
libtool: warning: remember to run 'libtool --finish /usr/lib'
make[2]: Nothing to be done for 'install-data-am'.
make[2]: Leaving directory '/home/devel/building/work/src/speexdsp-1.2.1/libspeexdsp'
make[1]: Leaving directory '/home/devel/building/work/src/speexdsp-1.2.1/libspeexdsp'
Making install in include
make[1]: Entering directory '/home/devel/building/work/src/speexdsp-1.2.1/include'
Making install in speex
make[2]: Entering directory '/home/devel/building/work/src/speexdsp-1.2.1/include/speex'
make[3]: Entering directory '/home/devel/building/work/src/speexdsp-1.2.1/include/speex'
make[3]: Nothing to be done for 'install-exec-am'.
 /bin/mkdir -p '/home/devel/building/work/pkg/usr/include/speex'
 /usr/bin/install -c -m 644 speexdsp_config_types.h '/home/devel/building/work/pkg/usr/include/speex'
 /bin/mkdir -p '/home/devel/building/work/pkg/usr/include/speex'
 /usr/bin/install -c -m 644 speex_echo.h speex_jitter.h speex_preprocess.h speex_resampler.h speexdsp_types.h '/home/devel/building/work/pkg/usr/include/speex'
make[3]: Leaving directory '/home/devel/building/work/src/speexdsp-1.2.1/include/speex'
make[2]: Leaving directory '/home/devel/building/work/src/speexdsp-1.2.1/include/speex'
make[2]: Entering directory '/home/devel/building/work/src/speexdsp-1.2.1/include'
make[3]: Entering directory '/home/devel/building/work/src/speexdsp-1.2.1/include'
make[3]: Nothing to be done for 'install-exec-am'.
make[3]: Nothing to be done for 'install-data-am'.
make[3]: Leaving directory '/home/devel/building/work/src/speexdsp-1.2.1/include'
make[2]: Leaving directory '/home/devel/building/work/src/speexdsp-1.2.1/include'
make[1]: Leaving directory '/home/devel/building/work/src/speexdsp-1.2.1/include'
Making install in doc
make[1]: Entering directory '/home/devel/building/work/src/speexdsp-1.2.1/doc'
make[2]: Entering directory '/home/devel/building/work/src/speexdsp-1.2.1/doc'
make[2]: Nothing to be done for 'install-exec-am'.
 /bin/mkdir -p '/home/devel/building/work/pkg/usr/share/doc/speexdsp'
 /usr/bin/install -c -m 644 manual.pdf '/home/devel/building/work/pkg/usr/share/doc/speexdsp'
make[2]: Leaving directory '/home/devel/building/work/src/speexdsp-1.2.1/doc'
make[1]: Leaving directory '/home/devel/building/work/src/speexdsp-1.2.1/doc'
Making install in win32
make[1]: Entering directory '/home/devel/building/work/src/speexdsp-1.2.1/win32'
Making install in libspeexdsp
make[2]: Entering directory '/home/devel/building/work/src/speexdsp-1.2.1/win32/libspeexdsp'
make[3]: Entering directory '/home/devel/building/work/src/speexdsp-1.2.1/win32/libspeexdsp'
make[3]: Nothing to be done for 'install-exec-am'.
make[3]: Nothing to be done for 'install-data-am'.
make[3]: Leaving directory '/home/devel/building/work/src/speexdsp-1.2.1/win32/libspeexdsp'
make[2]: Leaving directory '/home/devel/building/work/src/speexdsp-1.2.1/win32/libspeexdsp'
Making install in VS2003
make[2]: Entering directory '/home/devel/building/work/src/speexdsp-1.2.1/win32/VS2003'
Making install in libspeexdsp
make[3]: Entering directory '/home/devel/building/work/src/speexdsp-1.2.1/win32/VS2003/libspeexdsp'
make[4]: Entering directory '/home/devel/building/work/src/speexdsp-1.2.1/win32/VS2003/libspeexdsp'
make[4]: Nothing to be done for 'install-exec-am'.
make[4]: Nothing to be done for 'install-data-am'.
make[4]: Leaving directory '/home/devel/building/work/src/speexdsp-1.2.1/win32/VS2003/libspeexdsp'
make[3]: Leaving directory '/home/devel/building/work/src/speexdsp-1.2.1/win32/VS2003/libspeexdsp'
Making install in tests
make[3]: Entering directory '/home/devel/building/work/src/speexdsp-1.2.1/win32/VS2003/tests'
make[4]: Entering directory '/home/devel/building/work/src/speexdsp-1.2.1/win32/VS2003/tests'
make[4]: Nothing to be done for 'install-exec-am'.
make[4]: Nothing to be done for 'install-data-am'.
make[4]: Leaving directory '/home/devel/building/work/src/speexdsp-1.2.1/win32/VS2003/tests'
make[3]: Leaving directory '/home/devel/building/work/src/speexdsp-1.2.1/win32/VS2003/tests'
make[3]: Entering directory '/home/devel/building/work/src/speexdsp-1.2.1/win32/VS2003'
make[4]: Entering directory '/home/devel/building/work/src/speexdsp-1.2.1/win32/VS2003'
make[4]: Nothing to be done for 'install-exec-am'.
make[4]: Nothing to be done for 'install-data-am'.
make[4]: Leaving directory '/home/devel/building/work/src/speexdsp-1.2.1/win32/VS2003'
make[3]: Leaving directory '/home/devel/building/work/src/speexdsp-1.2.1/win32/VS2003'
make[2]: Leaving directory '/home/devel/building/work/src/speexdsp-1.2.1/win32/VS2003'
Making install in VS2005
make[2]: Entering directory '/home/devel/building/work/src/speexdsp-1.2.1/win32/VS2005'
Making install in libspeexdsp
make[3]: Entering directory '/home/devel/building/work/src/speexdsp-1.2.1/win32/VS2005/libspeexdsp'
make[4]: Entering directory '/home/devel/building/work/src/speexdsp-1.2.1/win32/VS2005/libspeexdsp'
make[4]: Nothing to be done for 'install-exec-am'.
make[4]: Nothing to be done for 'install-data-am'.
make[4]: Leaving directory '/home/devel/building/work/src/speexdsp-1.2.1/win32/VS2005/libspeexdsp'
make[3]: Leaving directory '/home/devel/building/work/src/speexdsp-1.2.1/win32/VS2005/libspeexdsp'
Making install in tests
make[3]: Entering directory '/home/devel/building/work/src/speexdsp-1.2.1/win32/VS2005/tests'
make[4]: Entering directory '/home/devel/building/work/src/speexdsp-1.2.1/win32/VS2005/tests'
make[4]: Nothing to be done for 'install-exec-am'.
make[4]: Nothing to be done for 'install-data-am'.
make[4]: Leaving directory '/home/devel/building/work/src/speexdsp-1.2.1/win32/VS2005/tests'
make[3]: Leaving directory '/home/devel/building/work/src/speexdsp-1.2.1/win32/VS2005/tests'
make[3]: Entering directory '/home/devel/building/work/src/speexdsp-1.2.1/win32/VS2005'
make[4]: Entering directory '/home/devel/building/work/src/speexdsp-1.2.1/win32/VS2005'
make[4]: Nothing to be done for 'install-exec-am'.
make[4]: Nothing to be done for 'install-data-am'.
make[4]: Leaving directory '/home/devel/building/work/src/speexdsp-1.2.1/win32/VS2005'
make[3]: Leaving directory '/home/devel/building/work/src/speexdsp-1.2.1/win32/VS2005'
make[2]: Leaving directory '/home/devel/building/work/src/speexdsp-1.2.1/win32/VS2005'
Making install in VS2008
make[2]: Entering directory '/home/devel/building/work/src/speexdsp-1.2.1/win32/VS2008'
Making install in libspeexdsp
make[3]: Entering directory '/home/devel/building/work/src/speexdsp-1.2.1/win32/VS2008/libspeexdsp'
make[4]: Entering directory '/home/devel/building/work/src/speexdsp-1.2.1/win32/VS2008/libspeexdsp'
make[4]: Nothing to be done for 'install-exec-am'.
make[4]: Nothing to be done for 'install-data-am'.
make[4]: Leaving directory '/home/devel/building/work/src/speexdsp-1.2.1/win32/VS2008/libspeexdsp'
make[3]: Leaving directory '/home/devel/building/work/src/speexdsp-1.2.1/win32/VS2008/libspeexdsp'
Making install in tests
make[3]: Entering directory '/home/devel/building/work/src/speexdsp-1.2.1/win32/VS2008/tests'
make[4]: Entering directory '/home/devel/building/work/src/speexdsp-1.2.1/win32/VS2008/tests'
make[4]: Nothing to be done for 'install-exec-am'.
make[4]: Nothing to be done for 'install-data-am'.
make[4]: Leaving directory '/home/devel/building/work/src/speexdsp-1.2.1/win32/VS2008/tests'
make[3]: Leaving directory '/home/devel/building/work/src/speexdsp-1.2.1/win32/VS2008/tests'
make[3]: Entering directory '/home/devel/building/work/src/speexdsp-1.2.1/win32/VS2008'
make[4]: Entering directory '/home/devel/building/work/src/speexdsp-1.2.1/win32/VS2008'
make[4]: Nothing to be done for 'install-exec-am'.
make[4]: Nothing to be done for 'install-data-am'.
make[4]: Leaving directory '/home/devel/building/work/src/speexdsp-1.2.1/win32/VS2008'
make[3]: Leaving directory '/home/devel/building/work/src/speexdsp-1.2.1/win32/VS2008'
make[2]: Leaving directory '/home/devel/building/work/src/speexdsp-1.2.1/win32/VS2008'
make[2]: Entering directory '/home/devel/building/work/src/speexdsp-1.2.1/win32'
make[3]: Entering directory '/home/devel/building/work/src/speexdsp-1.2.1/win32'
make[3]: Nothing to be done for 'install-exec-am'.
make[3]: Nothing to be done for 'install-data-am'.
make[3]: Leaving directory '/home/devel/building/work/src/speexdsp-1.2.1/win32'
make[2]: Leaving directory '/home/devel/building/work/src/speexdsp-1.2.1/win32'
make[1]: Leaving directory '/home/devel/building/work/src/speexdsp-1.2.1/win32'
Making install in symbian
make[1]: Entering directory '/home/devel/building/work/src/speexdsp-1.2.1/symbian'
make[2]: Entering directory '/home/devel/building/work/src/speexdsp-1.2.1/symbian'
make[2]: Nothing to be done for 'install-exec-am'.
make[2]: Nothing to be done for 'install-data-am'.
make[2]: Leaving directory '/home/devel/building/work/src/speexdsp-1.2.1/symbian'
make[1]: Leaving directory '/home/devel/building/work/src/speexdsp-1.2.1/symbian'
Making install in ti
make[1]: Entering directory '/home/devel/building/work/src/speexdsp-1.2.1/ti'
Making install in speex_C54_test
make[2]: Entering directory '/home/devel/building/work/src/speexdsp-1.2.1/ti/speex_C54_test'
make[3]: Entering directory '/home/devel/building/work/src/speexdsp-1.2.1/ti/speex_C54_test'
make[3]: Nothing to be done for 'install-exec-am'.
make[3]: Nothing to be done for 'install-data-am'.
make[3]: Leaving directory '/home/devel/building/work/src/speexdsp-1.2.1/ti/speex_C54_test'
make[2]: Leaving directory '/home/devel/building/work/src/speexdsp-1.2.1/ti/speex_C54_test'
Making install in speex_C55_test
make[2]: Entering directory '/home/devel/building/work/src/speexdsp-1.2.1/ti/speex_C55_test'
make[3]: Entering directory '/home/devel/building/work/src/speexdsp-1.2.1/ti/speex_C55_test'
make[3]: Nothing to be done for 'install-exec-am'.
make[3]: Nothing to be done for 'install-data-am'.
make[3]: Leaving directory '/home/devel/building/work/src/speexdsp-1.2.1/ti/speex_C55_test'
make[2]: Leaving directory '/home/devel/building/work/src/speexdsp-1.2.1/ti/speex_C55_test'
Making install in speex_C64_test
make[2]: Entering directory '/home/devel/building/work/src/speexdsp-1.2.1/ti/speex_C64_test'
make[3]: Entering directory '/home/devel/building/work/src/speexdsp-1.2.1/ti/speex_C64_test'
make[3]: Nothing to be done for 'install-exec-am'.
make[3]: Nothing to be done for 'install-data-am'.
make[3]: Leaving directory '/home/devel/building/work/src/speexdsp-1.2.1/ti/speex_C64_test'
make[2]: Leaving directory '/home/devel/building/work/src/speexdsp-1.2.1/ti/speex_C64_test'
make[2]: Entering directory '/home/devel/building/work/src/speexdsp-1.2.1/ti'
make[3]: Entering directory '/home/devel/building/work/src/speexdsp-1.2.1/ti'
make[3]: Nothing to be done for 'install-exec-am'.
make[3]: Nothing to be done for 'install-data-am'.
make[3]: Leaving directory '/home/devel/building/work/src/speexdsp-1.2.1/ti'
make[2]: Leaving directory '/home/devel/building/work/src/speexdsp-1.2.1/ti'
make[1]: Leaving directory '/home/devel/building/work/src/speexdsp-1.2.1/ti'
make[1]: Entering directory '/home/devel/building/work/src/speexdsp-1.2.1'
make[2]: Entering directory '/home/devel/building/work/src/speexdsp-1.2.1'
make[2]: Nothing to be done for 'install-exec-am'.
 /bin/mkdir -p '/home/devel/building/work/pkg/usr/lib/pkgconfig'
 /usr/bin/install -c -m 644 speexdsp.pc '/home/devel/building/work/pkg/usr/lib/pkgconfig'
make[2]: Leaving directory '/home/devel/building/work/src/speexdsp-1.2.1'
make[1]: Leaving directory '/home/devel/building/work/src/speexdsp-1.2.1'
+ rm -r /home/devel/building/work/pkg/usr/share/doc
+ find /home/devel/building/work/pkg -type f -name '*.la' -delete
=======> Build result:
drwxr-xr-x  0 root   root        0 Feb  1 20:08 usr/
drwxr-xr-x  0 root   root        0 Feb  1 20:08 usr/lib/
drwxr-xr-x  0 root   root        0 Feb  1 20:08 usr/include/
drwxr-xr-x  0 root   root        0 Feb  1 20:08 usr/share/
drwxr-xr-x  0 root   root        0 Feb  1 20:08 usr/include/speex/
-rw-r--r--  0 root   root      203 Feb  1 20:08 usr/include/speex/speexdsp_config_types.h
-rw-r--r--  0 root   root     6445 Feb  1 20:08 usr/include/speex/speex_echo.h
-rw-r--r--  0 root   root     7188 Feb  1 20:08 usr/include/speex/speex_jitter.h
-rw-r--r--  0 root   root     8598 Feb  1 20:08 usr/include/speex/speex_preprocess.h
-rw-r--r--  0 root   root    14714 Feb  1 20:08 usr/include/speex/speex_resampler.h
-rw-r--r--  0 root   root     3591 Feb  1 20:08 usr/include/speex/speexdsp_types.h
-rwxr-xr-x  0 root   root    80152 Feb  1 20:08 usr/lib/libspeexdsp.so.1.5.2
lrwxrwxrwx  0 root   root        0 Feb  1 20:08 usr/lib/libspeexdsp.so.1 -> libspeexdsp.so.1.5.2
lrwxrwxrwx  0 root   root        0 Feb  1 20:08 usr/lib/libspeexdsp.so -> libspeexdsp.so.1.5.2
drwxr-xr-x  0 root   root        0 Feb  1 20:08 usr/lib/pkgconfig/
-rw-r--r--  0 root   root      341 Feb  1 20:08 usr/lib/pkgconfig/speexdsp.pc
=======> Building '/home/devel/packages/speexdsp#1.2.1-1.x86_64.pkg.tar.zst' succeeded.
prt-get: Using PKGMK_PACKAGE_DIR: /home/devel/packages
prt-get: reinstalling speexdsp 1.2.1-1
prt-get: /usr/bin/pkgadd -u speexdsp#1.2.1-1.x86_64.pkg.tar.zst
prt-get: build done Thu Feb  1 20:08:58 2024

