prt-get: updating /usr/ports/opt-x86_64/squashfs-tools
prt-get: starting build Wed May  8 01:34:17 2024
=======> Building '/home/devel/packages/squashfs-tools#4.6.1-1.x86_64.pkg.tar.zst'.
bsdtar -p -o -C /home/devel/building/work/src -xf /home/devel/sources/squashfs-tools-4.6.1.tar.gz
+ build
+ cd squashfs-tools-4.6.1/squashfs-tools
+ make GZIP_SUPPORT=1 LZ4_SUPPORT=1 LZO_SUPPORT=1 XZ_SUPPORT=1 ZSTD_SUPPORT=1 EXTRA_CFLAGS=-fcommon
cc -O2 -m64 -march=x86-64 -mtune=generic -flto=auto -ffat-lto-objects -fcommon -I. -D_FILE_OFFSET_BITS=64 -D_LARGEFILE_SOURCE -D_GNU_SOURCE -DCOMP_DEFAULT=\"gzip\" -Wall -DGZIP_SUPPORT -DXZ_SUPPORT -DLZO_SUPPORT -DLZ4_SUPPORT -DZSTD_SUPPORT -DXATTR_SUPPORT -DXATTR_DEFAULT -DREPRODUCIBLE_DEFAULT -DVERSION=\"4.6.1\" -DDATE=\"2023/03/25\" -DYEAR=\"2023\"   -c -o mksquashfs.o mksquashfs.c
cc -O2 -m64 -march=x86-64 -mtune=generic -flto=auto -ffat-lto-objects -fcommon -I. -D_FILE_OFFSET_BITS=64 -D_LARGEFILE_SOURCE -D_GNU_SOURCE -DCOMP_DEFAULT=\"gzip\" -Wall -DGZIP_SUPPORT -DXZ_SUPPORT -DLZO_SUPPORT -DLZ4_SUPPORT -DZSTD_SUPPORT -DXATTR_SUPPORT -DXATTR_DEFAULT -DREPRODUCIBLE_DEFAULT -DVERSION=\"4.6.1\" -DDATE=\"2023/03/25\" -DYEAR=\"2023\"   -c -o read_fs.o read_fs.c
cc -O2 -m64 -march=x86-64 -mtune=generic -flto=auto -ffat-lto-objects -fcommon -I. -D_FILE_OFFSET_BITS=64 -D_LARGEFILE_SOURCE -D_GNU_SOURCE -DCOMP_DEFAULT=\"gzip\" -Wall -DGZIP_SUPPORT -DXZ_SUPPORT -DLZO_SUPPORT -DLZ4_SUPPORT -DZSTD_SUPPORT -DXATTR_SUPPORT -DXATTR_DEFAULT -DREPRODUCIBLE_DEFAULT -DVERSION=\"4.6.1\" -DDATE=\"2023/03/25\" -DYEAR=\"2023\"   -c -o action.o action.c
cc -O2 -m64 -march=x86-64 -mtune=generic -flto=auto -ffat-lto-objects -fcommon -I. -D_FILE_OFFSET_BITS=64 -D_LARGEFILE_SOURCE -D_GNU_SOURCE -DCOMP_DEFAULT=\"gzip\" -Wall -DGZIP_SUPPORT -DXZ_SUPPORT -DLZO_SUPPORT -DLZ4_SUPPORT -DZSTD_SUPPORT -DXATTR_SUPPORT -DXATTR_DEFAULT -DREPRODUCIBLE_DEFAULT -DVERSION=\"4.6.1\" -DDATE=\"2023/03/25\" -DYEAR=\"2023\"   -c -o swap.o swap.c
cc -O2 -m64 -march=x86-64 -mtune=generic -flto=auto -ffat-lto-objects -fcommon -I. -D_FILE_OFFSET_BITS=64 -D_LARGEFILE_SOURCE -D_GNU_SOURCE -DCOMP_DEFAULT=\"gzip\" -Wall -DGZIP_SUPPORT -DXZ_SUPPORT -DLZO_SUPPORT -DLZ4_SUPPORT -DZSTD_SUPPORT -DXATTR_SUPPORT -DXATTR_DEFAULT -DREPRODUCIBLE_DEFAULT -DVERSION=\"4.6.1\" -DDATE=\"2023/03/25\" -DYEAR=\"2023\"   -c -o pseudo.o pseudo.c
cc -O2 -m64 -march=x86-64 -mtune=generic -flto=auto -ffat-lto-objects -fcommon -I. -D_FILE_OFFSET_BITS=64 -D_LARGEFILE_SOURCE -D_GNU_SOURCE -DCOMP_DEFAULT=\"gzip\" -Wall -DGZIP_SUPPORT -DXZ_SUPPORT -DLZO_SUPPORT -DLZ4_SUPPORT -DZSTD_SUPPORT -DXATTR_SUPPORT -DXATTR_DEFAULT -DREPRODUCIBLE_DEFAULT -DVERSION=\"4.6.1\" -DDATE=\"2023/03/25\" -DYEAR=\"2023\"   -c -o compressor.o compressor.c
cc -O2 -m64 -march=x86-64 -mtune=generic -flto=auto -ffat-lto-objects -fcommon -I. -D_FILE_OFFSET_BITS=64 -D_LARGEFILE_SOURCE -D_GNU_SOURCE -DCOMP_DEFAULT=\"gzip\" -Wall -DGZIP_SUPPORT -DXZ_SUPPORT -DLZO_SUPPORT -DLZ4_SUPPORT -DZSTD_SUPPORT -DXATTR_SUPPORT -DXATTR_DEFAULT -DREPRODUCIBLE_DEFAULT -DVERSION=\"4.6.1\" -DDATE=\"2023/03/25\" -DYEAR=\"2023\"   -c -o sort.o sort.c
cc -O2 -m64 -march=x86-64 -mtune=generic -flto=auto -ffat-lto-objects -fcommon -I. -D_FILE_OFFSET_BITS=64 -D_LARGEFILE_SOURCE -D_GNU_SOURCE -DCOMP_DEFAULT=\"gzip\" -Wall -DGZIP_SUPPORT -DXZ_SUPPORT -DLZO_SUPPORT -DLZ4_SUPPORT -DZSTD_SUPPORT -DXATTR_SUPPORT -DXATTR_DEFAULT -DREPRODUCIBLE_DEFAULT -DVERSION=\"4.6.1\" -DDATE=\"2023/03/25\" -DYEAR=\"2023\"   -c -o progressbar.o progressbar.c
cc -O2 -m64 -march=x86-64 -mtune=generic -flto=auto -ffat-lto-objects -fcommon -I. -D_FILE_OFFSET_BITS=64 -D_LARGEFILE_SOURCE -D_GNU_SOURCE -DCOMP_DEFAULT=\"gzip\" -Wall -DGZIP_SUPPORT -DXZ_SUPPORT -DLZO_SUPPORT -DLZ4_SUPPORT -DZSTD_SUPPORT -DXATTR_SUPPORT -DXATTR_DEFAULT -DREPRODUCIBLE_DEFAULT -DVERSION=\"4.6.1\" -DDATE=\"2023/03/25\" -DYEAR=\"2023\"   -c -o info.o info.c
cc -O2 -m64 -march=x86-64 -mtune=generic -flto=auto -ffat-lto-objects -fcommon -I. -D_FILE_OFFSET_BITS=64 -D_LARGEFILE_SOURCE -D_GNU_SOURCE -DCOMP_DEFAULT=\"gzip\" -Wall -DGZIP_SUPPORT -DXZ_SUPPORT -DLZO_SUPPORT -DLZ4_SUPPORT -DZSTD_SUPPORT -DXATTR_SUPPORT -DXATTR_DEFAULT -DREPRODUCIBLE_DEFAULT -DVERSION=\"4.6.1\" -DDATE=\"2023/03/25\" -DYEAR=\"2023\"   -c -o restore.o restore.c
cc -O2 -m64 -march=x86-64 -mtune=generic -flto=auto -ffat-lto-objects -fcommon -I. -D_FILE_OFFSET_BITS=64 -D_LARGEFILE_SOURCE -D_GNU_SOURCE -DCOMP_DEFAULT=\"gzip\" -Wall -DGZIP_SUPPORT -DXZ_SUPPORT -DLZO_SUPPORT -DLZ4_SUPPORT -DZSTD_SUPPORT -DXATTR_SUPPORT -DXATTR_DEFAULT -DREPRODUCIBLE_DEFAULT -DVERSION=\"4.6.1\" -DDATE=\"2023/03/25\" -DYEAR=\"2023\"   -c -o process_fragments.o process_fragments.c
cc -O2 -m64 -march=x86-64 -mtune=generic -flto=auto -ffat-lto-objects -fcommon -I. -D_FILE_OFFSET_BITS=64 -D_LARGEFILE_SOURCE -D_GNU_SOURCE -DCOMP_DEFAULT=\"gzip\" -Wall -DGZIP_SUPPORT -DXZ_SUPPORT -DLZO_SUPPORT -DLZ4_SUPPORT -DZSTD_SUPPORT -DXATTR_SUPPORT -DXATTR_DEFAULT -DREPRODUCIBLE_DEFAULT -DVERSION=\"4.6.1\" -DDATE=\"2023/03/25\" -DYEAR=\"2023\"   -c -o caches-queues-lists.o caches-queues-lists.c
cc -O2 -m64 -march=x86-64 -mtune=generic -flto=auto -ffat-lto-objects -fcommon -I. -D_FILE_OFFSET_BITS=64 -D_LARGEFILE_SOURCE -D_GNU_SOURCE -DCOMP_DEFAULT=\"gzip\" -Wall -DGZIP_SUPPORT -DXZ_SUPPORT -DLZO_SUPPORT -DLZ4_SUPPORT -DZSTD_SUPPORT -DXATTR_SUPPORT -DXATTR_DEFAULT -DREPRODUCIBLE_DEFAULT -DVERSION=\"4.6.1\" -DDATE=\"2023/03/25\" -DYEAR=\"2023\"   -c -o reader.o reader.c
cc -O2 -m64 -march=x86-64 -mtune=generic -flto=auto -ffat-lto-objects -fcommon -I. -D_FILE_OFFSET_BITS=64 -D_LARGEFILE_SOURCE -D_GNU_SOURCE -DCOMP_DEFAULT=\"gzip\" -Wall -DGZIP_SUPPORT -DXZ_SUPPORT -DLZO_SUPPORT -DLZ4_SUPPORT -DZSTD_SUPPORT -DXATTR_SUPPORT -DXATTR_DEFAULT -DREPRODUCIBLE_DEFAULT -DVERSION=\"4.6.1\" -DDATE=\"2023/03/25\" -DYEAR=\"2023\"   -c -o tar.o tar.c
cc -O2 -m64 -march=x86-64 -mtune=generic -flto=auto -ffat-lto-objects -fcommon -I. -D_FILE_OFFSET_BITS=64 -D_LARGEFILE_SOURCE -D_GNU_SOURCE -DCOMP_DEFAULT=\"gzip\" -Wall -DGZIP_SUPPORT -DXZ_SUPPORT -DLZO_SUPPORT -DLZ4_SUPPORT -DZSTD_SUPPORT -DXATTR_SUPPORT -DXATTR_DEFAULT -DREPRODUCIBLE_DEFAULT -DVERSION=\"4.6.1\" -DDATE=\"2023/03/25\" -DYEAR=\"2023\"   -c -o date.o date.c
cc -O2 -m64 -march=x86-64 -mtune=generic -flto=auto -ffat-lto-objects -fcommon -I. -D_FILE_OFFSET_BITS=64 -D_LARGEFILE_SOURCE -D_GNU_SOURCE -DCOMP_DEFAULT=\"gzip\" -Wall -DGZIP_SUPPORT -DXZ_SUPPORT -DLZO_SUPPORT -DLZ4_SUPPORT -DZSTD_SUPPORT -DXATTR_SUPPORT -DXATTR_DEFAULT -DREPRODUCIBLE_DEFAULT -DVERSION=\"4.6.1\" -DDATE=\"2023/03/25\" -DYEAR=\"2023\"   -c -o gzip_wrapper.o gzip_wrapper.c
cc -O2 -m64 -march=x86-64 -mtune=generic -flto=auto -ffat-lto-objects -fcommon -I. -D_FILE_OFFSET_BITS=64 -D_LARGEFILE_SOURCE -D_GNU_SOURCE -DCOMP_DEFAULT=\"gzip\" -Wall -DGZIP_SUPPORT -DXZ_SUPPORT -DLZO_SUPPORT -DLZ4_SUPPORT -DZSTD_SUPPORT -DXATTR_SUPPORT -DXATTR_DEFAULT -DREPRODUCIBLE_DEFAULT -DVERSION=\"4.6.1\" -DDATE=\"2023/03/25\" -DYEAR=\"2023\"   -c -o xz_wrapper.o xz_wrapper.c
cc -O2 -m64 -march=x86-64 -mtune=generic -flto=auto -ffat-lto-objects -fcommon -I. -D_FILE_OFFSET_BITS=64 -D_LARGEFILE_SOURCE -D_GNU_SOURCE -DCOMP_DEFAULT=\"gzip\" -Wall -DGZIP_SUPPORT -DXZ_SUPPORT -DLZO_SUPPORT -DLZ4_SUPPORT -DZSTD_SUPPORT -DXATTR_SUPPORT -DXATTR_DEFAULT -DREPRODUCIBLE_DEFAULT -DVERSION=\"4.6.1\" -DDATE=\"2023/03/25\" -DYEAR=\"2023\"   -c -o lzo_wrapper.o lzo_wrapper.c
cc -O2 -m64 -march=x86-64 -mtune=generic -flto=auto -ffat-lto-objects -fcommon -I. -D_FILE_OFFSET_BITS=64 -D_LARGEFILE_SOURCE -D_GNU_SOURCE -DCOMP_DEFAULT=\"gzip\" -Wall -DGZIP_SUPPORT -DXZ_SUPPORT -DLZO_SUPPORT -DLZ4_SUPPORT -DZSTD_SUPPORT -DXATTR_SUPPORT -DXATTR_DEFAULT -DREPRODUCIBLE_DEFAULT -DVERSION=\"4.6.1\" -DDATE=\"2023/03/25\" -DYEAR=\"2023\"   -c -o lz4_wrapper.o lz4_wrapper.c
cc -O2 -m64 -march=x86-64 -mtune=generic -flto=auto -ffat-lto-objects -fcommon -I. -D_FILE_OFFSET_BITS=64 -D_LARGEFILE_SOURCE -D_GNU_SOURCE -DCOMP_DEFAULT=\"gzip\" -Wall -DGZIP_SUPPORT -DXZ_SUPPORT -DLZO_SUPPORT -DLZ4_SUPPORT -DZSTD_SUPPORT -DXATTR_SUPPORT -DXATTR_DEFAULT -DREPRODUCIBLE_DEFAULT -DVERSION=\"4.6.1\" -DDATE=\"2023/03/25\" -DYEAR=\"2023\"   -c -o zstd_wrapper.o zstd_wrapper.c
cc -O2 -m64 -march=x86-64 -mtune=generic -flto=auto -ffat-lto-objects -fcommon -I. -D_FILE_OFFSET_BITS=64 -D_LARGEFILE_SOURCE -D_GNU_SOURCE -DCOMP_DEFAULT=\"gzip\" -Wall -DGZIP_SUPPORT -DXZ_SUPPORT -DLZO_SUPPORT -DLZ4_SUPPORT -DZSTD_SUPPORT -DXATTR_SUPPORT -DXATTR_DEFAULT -DREPRODUCIBLE_DEFAULT -DVERSION=\"4.6.1\" -DDATE=\"2023/03/25\" -DYEAR=\"2023\"   -c -o xattr.o xattr.c
cc -O2 -m64 -march=x86-64 -mtune=generic -flto=auto -ffat-lto-objects -fcommon -I. -D_FILE_OFFSET_BITS=64 -D_LARGEFILE_SOURCE -D_GNU_SOURCE -DCOMP_DEFAULT=\"gzip\" -Wall -DGZIP_SUPPORT -DXZ_SUPPORT -DLZO_SUPPORT -DLZ4_SUPPORT -DZSTD_SUPPORT -DXATTR_SUPPORT -DXATTR_DEFAULT -DREPRODUCIBLE_DEFAULT -DVERSION=\"4.6.1\" -DDATE=\"2023/03/25\" -DYEAR=\"2023\"   -c -o read_xattrs.o read_xattrs.c
cc -O2 -m64 -march=x86-64 -mtune=generic -flto=auto -ffat-lto-objects -fcommon -I. -D_FILE_OFFSET_BITS=64 -D_LARGEFILE_SOURCE -D_GNU_SOURCE -DCOMP_DEFAULT=\"gzip\" -Wall -DGZIP_SUPPORT -DXZ_SUPPORT -DLZO_SUPPORT -DLZ4_SUPPORT -DZSTD_SUPPORT -DXATTR_SUPPORT -DXATTR_DEFAULT -DREPRODUCIBLE_DEFAULT -DVERSION=\"4.6.1\" -DDATE=\"2023/03/25\" -DYEAR=\"2023\"   -c -o tar_xattr.o tar_xattr.c
cc -O2 -m64 -march=x86-64 -mtune=generic -flto=auto -ffat-lto-objects -fcommon -I. -D_FILE_OFFSET_BITS=64 -D_LARGEFILE_SOURCE -D_GNU_SOURCE -DCOMP_DEFAULT=\"gzip\" -Wall -DGZIP_SUPPORT -DXZ_SUPPORT -DLZO_SUPPORT -DLZ4_SUPPORT -DZSTD_SUPPORT -DXATTR_SUPPORT -DXATTR_DEFAULT -DREPRODUCIBLE_DEFAULT -DVERSION=\"4.6.1\" -DDATE=\"2023/03/25\" -DYEAR=\"2023\"   -c -o pseudo_xattr.o pseudo_xattr.c
cc -O2 -m64 -march=x86-64 -mtune=generic -flto=auto -ffat-lto-objects -fcommon -I. -D_FILE_OFFSET_BITS=64 -D_LARGEFILE_SOURCE -D_GNU_SOURCE -DCOMP_DEFAULT=\"gzip\" -Wall -DGZIP_SUPPORT -DXZ_SUPPORT -DLZO_SUPPORT -DLZ4_SUPPORT -DZSTD_SUPPORT -DXATTR_SUPPORT -DXATTR_DEFAULT -DREPRODUCIBLE_DEFAULT -DVERSION=\"4.6.1\" -DDATE=\"2023/03/25\" -DYEAR=\"2023\"   -c -o unsquashfs.o unsquashfs.c
cc -O2 -m64 -march=x86-64 -mtune=generic -flto=auto -ffat-lto-objects -fcommon -I. -D_FILE_OFFSET_BITS=64 -D_LARGEFILE_SOURCE -D_GNU_SOURCE -DCOMP_DEFAULT=\"gzip\" -Wall -DGZIP_SUPPORT -DXZ_SUPPORT -DLZO_SUPPORT -DLZ4_SUPPORT -DZSTD_SUPPORT -DXATTR_SUPPORT -DXATTR_DEFAULT -DREPRODUCIBLE_DEFAULT -DVERSION=\"4.6.1\" -DDATE=\"2023/03/25\" -DYEAR=\"2023\"   -c -o unsquash-1.o unsquash-1.c
cc -O2 -m64 -march=x86-64 -mtune=generic -flto=auto -ffat-lto-objects -fcommon -I. -D_FILE_OFFSET_BITS=64 -D_LARGEFILE_SOURCE -D_GNU_SOURCE -DCOMP_DEFAULT=\"gzip\" -Wall -DGZIP_SUPPORT -DXZ_SUPPORT -DLZO_SUPPORT -DLZ4_SUPPORT -DZSTD_SUPPORT -DXATTR_SUPPORT -DXATTR_DEFAULT -DREPRODUCIBLE_DEFAULT -DVERSION=\"4.6.1\" -DDATE=\"2023/03/25\" -DYEAR=\"2023\"   -c -o unsquash-2.o unsquash-2.c
cc -O2 -m64 -march=x86-64 -mtune=generic -flto=auto -ffat-lto-objects -fcommon -I. -D_FILE_OFFSET_BITS=64 -D_LARGEFILE_SOURCE -D_GNU_SOURCE -DCOMP_DEFAULT=\"gzip\" -Wall -DGZIP_SUPPORT -DXZ_SUPPORT -DLZO_SUPPORT -DLZ4_SUPPORT -DZSTD_SUPPORT -DXATTR_SUPPORT -DXATTR_DEFAULT -DREPRODUCIBLE_DEFAULT -DVERSION=\"4.6.1\" -DDATE=\"2023/03/25\" -DYEAR=\"2023\"   -c -o unsquash-3.o unsquash-3.c
cc -O2 -m64 -march=x86-64 -mtune=generic -flto=auto -ffat-lto-objects -fcommon -I. -D_FILE_OFFSET_BITS=64 -D_LARGEFILE_SOURCE -D_GNU_SOURCE -DCOMP_DEFAULT=\"gzip\" -Wall -DGZIP_SUPPORT -DXZ_SUPPORT -DLZO_SUPPORT -DLZ4_SUPPORT -DZSTD_SUPPORT -DXATTR_SUPPORT -DXATTR_DEFAULT -DREPRODUCIBLE_DEFAULT -DVERSION=\"4.6.1\" -DDATE=\"2023/03/25\" -DYEAR=\"2023\"   -c -o unsquash-4.o unsquash-4.c
cc -O2 -m64 -march=x86-64 -mtune=generic -flto=auto -ffat-lto-objects -fcommon -I. -D_FILE_OFFSET_BITS=64 -D_LARGEFILE_SOURCE -D_GNU_SOURCE -DCOMP_DEFAULT=\"gzip\" -Wall -DGZIP_SUPPORT -DXZ_SUPPORT -DLZO_SUPPORT -DLZ4_SUPPORT -DZSTD_SUPPORT -DXATTR_SUPPORT -DXATTR_DEFAULT -DREPRODUCIBLE_DEFAULT -DVERSION=\"4.6.1\" -DDATE=\"2023/03/25\" -DYEAR=\"2023\"   -c -o unsquash-123.o unsquash-123.c
cc -O2 -m64 -march=x86-64 -mtune=generic -flto=auto -ffat-lto-objects -fcommon -I. -D_FILE_OFFSET_BITS=64 -D_LARGEFILE_SOURCE -D_GNU_SOURCE -DCOMP_DEFAULT=\"gzip\" -Wall -DGZIP_SUPPORT -DXZ_SUPPORT -DLZO_SUPPORT -DLZ4_SUPPORT -DZSTD_SUPPORT -DXATTR_SUPPORT -DXATTR_DEFAULT -DREPRODUCIBLE_DEFAULT -DVERSION=\"4.6.1\" -DDATE=\"2023/03/25\" -DYEAR=\"2023\"   -c -o unsquash-34.o unsquash-34.c
cc -O2 -m64 -march=x86-64 -mtune=generic -flto=auto -ffat-lto-objects -fcommon -I. -D_FILE_OFFSET_BITS=64 -D_LARGEFILE_SOURCE -D_GNU_SOURCE -DCOMP_DEFAULT=\"gzip\" -Wall -DGZIP_SUPPORT -DXZ_SUPPORT -DLZO_SUPPORT -DLZ4_SUPPORT -DZSTD_SUPPORT -DXATTR_SUPPORT -DXATTR_DEFAULT -DREPRODUCIBLE_DEFAULT -DVERSION=\"4.6.1\" -DDATE=\"2023/03/25\" -DYEAR=\"2023\"   -c -o unsquash-1234.o unsquash-1234.c
cc -O2 -m64 -march=x86-64 -mtune=generic -flto=auto -ffat-lto-objects -fcommon -I. -D_FILE_OFFSET_BITS=64 -D_LARGEFILE_SOURCE -D_GNU_SOURCE -DCOMP_DEFAULT=\"gzip\" -Wall -DGZIP_SUPPORT -DXZ_SUPPORT -DLZO_SUPPORT -DLZ4_SUPPORT -DZSTD_SUPPORT -DXATTR_SUPPORT -DXATTR_DEFAULT -DREPRODUCIBLE_DEFAULT -DVERSION=\"4.6.1\" -DDATE=\"2023/03/25\" -DYEAR=\"2023\"   -c -o unsquash-12.o unsquash-12.c
cc -O2 -m64 -march=x86-64 -mtune=generic -flto=auto -ffat-lto-objects -fcommon -I. -D_FILE_OFFSET_BITS=64 -D_LARGEFILE_SOURCE -D_GNU_SOURCE -DCOMP_DEFAULT=\"gzip\" -Wall -DGZIP_SUPPORT -DXZ_SUPPORT -DLZO_SUPPORT -DLZ4_SUPPORT -DZSTD_SUPPORT -DXATTR_SUPPORT -DXATTR_DEFAULT -DREPRODUCIBLE_DEFAULT -DVERSION=\"4.6.1\" -DDATE=\"2023/03/25\" -DYEAR=\"2023\"   -c -o unsquashfs_info.o unsquashfs_info.c
cc -O2 -m64 -march=x86-64 -mtune=generic -flto=auto -ffat-lto-objects -fcommon -I. -D_FILE_OFFSET_BITS=64 -D_LARGEFILE_SOURCE -D_GNU_SOURCE -DCOMP_DEFAULT=\"gzip\" -Wall -DGZIP_SUPPORT -DXZ_SUPPORT -DLZO_SUPPORT -DLZ4_SUPPORT -DZSTD_SUPPORT -DXATTR_SUPPORT -DXATTR_DEFAULT -DREPRODUCIBLE_DEFAULT -DVERSION=\"4.6.1\" -DDATE=\"2023/03/25\" -DYEAR=\"2023\"   -c -o unsquashfs_xattr.o unsquashfs_xattr.c
cc   unsquashfs.o unsquash-1.o unsquash-2.o unsquash-3.o unsquash-4.o unsquash-123.o unsquash-34.o unsquash-1234.o unsquash-12.o swap.o compressor.o unsquashfs_info.o date.o gzip_wrapper.o xz_wrapper.o lzo_wrapper.o lz4_wrapper.o zstd_wrapper.o read_xattrs.o unsquashfs_xattr.o -lpthread -lm -lz -llzma -llzo2 -llz4 -lzstd -o unsquashfs
cc   mksquashfs.o read_fs.o action.o swap.o pseudo.o compressor.o sort.o progressbar.o info.o restore.o process_fragments.o caches-queues-lists.o reader.o tar.o date.o gzip_wrapper.o xz_wrapper.o lzo_wrapper.o lz4_wrapper.o zstd_wrapper.o xattr.o read_xattrs.o tar_xattr.o pseudo_xattr.o -lpthread -lm -lz -llzma -llzo2 -llz4 -lzstd -o mksquashfs
ln -sf unsquashfs sqfscat
ln -sf mksquashfs sqfstar
+ make install INSTALL_PREFIX= INSTALL_DIR=/home/devel/building/work/pkg/sbin INSTALL_MANPAGES_DIR=/home/devel/building/work/pkg/usr/share/man/man1
mkdir -p /home/devel/building/work/pkg/sbin
cp mksquashfs /home/devel/building/work/pkg/sbin
cp unsquashfs /home/devel/building/work/pkg/sbin
ln -fs unsquashfs /home/devel/building/work/pkg/sbin/sqfscat
ln -fs mksquashfs /home/devel/building/work/pkg/sbin/sqfstar
../generate-manpages/install-manpages.sh /home/devel/building/work/src/squashfs-tools-4.6.1/squashfs-tools/.. "/home/devel/building/work/pkg/usr/share/man/man1" "n"
=======> Build result:
drwxr-xr-x  0 root   root        0 May  8 01:34 sbin/
-rwxr-xr-x  0 root   root   270024 May  8 01:34 sbin/mksquashfs
-rwxr-xr-x  0 root   root   139816 May  8 01:34 sbin/unsquashfs
lrwxrwxrwx  0 root   root        0 May  8 01:34 sbin/sqfscat -> unsquashfs
lrwxrwxrwx  0 root   root        0 May  8 01:34 sbin/sqfstar -> mksquashfs
drwxr-xr-x  0 root   root        0 May  8 01:34 usr/
drwxr-xr-x  0 root   root        0 May  8 01:34 usr/share/
drwxr-xr-x  0 root   root        0 May  8 01:34 usr/share/man/
drwxr-xr-x  0 root   root        0 May  8 01:34 usr/share/man/man1/
-rw-r--r--  0 root   root     7090 May  8 01:34 usr/share/man/man1/mksquashfs.1.gz
-rw-r--r--  0 root   root     3753 May  8 01:34 usr/share/man/man1/unsquashfs.1.gz
-rw-r--r--  0 root   root     5270 May  8 01:34 usr/share/man/man1/sqfstar.1.gz
-rw-r--r--  0 root   root     1916 May  8 01:34 usr/share/man/man1/sqfscat.1.gz
=======> Building '/home/devel/packages/squashfs-tools#4.6.1-1.x86_64.pkg.tar.zst' succeeded.
prt-get: Using PKGMK_PACKAGE_DIR: /home/devel/packages
prt-get: reinstalling squashfs-tools 4.6.1-1
prt-get: /usr/bin/pkgadd -u squashfs-tools#4.6.1-1.x86_64.pkg.tar.zst
prt-get: build done Wed May  8 01:34:20 2024

