prt-get: updating /usr/ports/wayland-x86_64/swaykbdd
prt-get: starting build Wed May  8 01:34:36 2024
=======> Building '/home/devel/packages/swaykbdd#1.1-1.x86_64.pkg.tar.zst'.
bsdtar -p -o -C /home/devel/building/work/src -xf /home/devel/sources/swaykbdd-1.1.tar.gz
+ build
+ cd swaykbdd-1.1
+ build-meson . build
The Meson build system
Version: 1.4.0
Source dir: /home/devel/building/work/src/swaykbdd-1.1
Build dir: /home/devel/building/work/src/swaykbdd-1.1/build
Build type: native build
Project name: swaykbdd
Project version: 1.1
C compiler for the host machine: cc (gcc 14.1.0 "cc (SAUX-x86_64) 14.1.0")
C linker for the host machine: cc ld.bfd 2.42
Host machine cpu family: x86_64
Host machine cpu: x86_64
Found pkg-config: YES (/usr/bin/pkg-config) 2.2.0
Run-time dependency json-c found: YES 0.17
Build targets in project: 1

swaykbdd 1.1

  User defined options
    auto_features     : auto
    bindir            : /usr/bin
    buildtype         : plain
    datadir           : /usr/share
    includedir        : /usr/include
    libdir            : /usr/lib
    libexecdir        : /usr/lib
    localstatedir     : /var
    mandir            : /usr/share/man
    prefix            : /usr
    sbindir           : /usr/sbin
    sharedstatedir    : /var/lib
    sysconfdir        : /etc
    werror            : false
    wrap_mode         : nodownload
    python.bytecompile: 0
    b_lto             : false
    b_pie             : true
    b_staticpic       : true

Found ninja-1.9 at /usr/bin/ninja
+ meson compile -j 8 -v -C build
ninja: entering directory '/home/devel/building/work/src/swaykbdd-1.1/build'
[1/4] cc -Iswaykbdd.p -I. -I.. -I/usr/include/json-c -fdiagnostics-color=always -D_FILE_OFFSET_BITS=64 -Wall -Winvalid-pch -Wextra -Wpedantic -std=c99 '-DVERSION="1.1"' -D_POSIX_C_SOURCE=200809 -O2 -m64 -march=x86-64 -mtune=generic -flto=auto -ffat-lto-objects -fPIE -MD -MQ swaykbdd.p/src_sway.c.o -MF swaykbdd.p/src_sway.c.o.d -o swaykbdd.p/src_sway.c.o -c ../src/sway.c
[2/4] cc -Iswaykbdd.p -I. -I.. -I/usr/include/json-c -fdiagnostics-color=always -D_FILE_OFFSET_BITS=64 -Wall -Winvalid-pch -Wextra -Wpedantic -std=c99 '-DVERSION="1.1"' -D_POSIX_C_SOURCE=200809 -O2 -m64 -march=x86-64 -mtune=generic -flto=auto -ffat-lto-objects -fPIE -MD -MQ swaykbdd.p/src_main.c.o -MF swaykbdd.p/src_main.c.o.d -o swaykbdd.p/src_main.c.o -c ../src/main.c
[3/4] cc -Iswaykbdd.p -I. -I.. -I/usr/include/json-c -fdiagnostics-color=always -D_FILE_OFFSET_BITS=64 -Wall -Winvalid-pch -Wextra -Wpedantic -std=c99 '-DVERSION="1.1"' -D_POSIX_C_SOURCE=200809 -O2 -m64 -march=x86-64 -mtune=generic -flto=auto -ffat-lto-objects -fPIE -MD -MQ swaykbdd.p/src_layouts.c.o -MF swaykbdd.p/src_layouts.c.o.d -o swaykbdd.p/src_layouts.c.o -c ../src/layouts.c
[4/4] cc  -o swaykbdd swaykbdd.p/src_layouts.c.o swaykbdd.p/src_main.c.o swaykbdd.p/src_sway.c.o -Wl,--as-needed -Wl,--no-undefined -pie -O2 -m64 -march=x86-64 -mtune=generic -flto=auto -ffat-lto-objects /usr/lib/libjson-c.so
INFO: autodetecting backend as ninja
INFO: calculating backend command to run: /usr/bin/ninja -C /home/devel/building/work/src/swaykbdd-1.1/build -j 8 -v
+ DESTDIR=/home/devel/building/work/pkg
+ meson install --no-rebuild -C build
Installing swaykbdd to /home/devel/building/work/pkg/usr/bin
Installing /home/devel/building/work/src/swaykbdd-1.1/swaykbdd.1 to /home/devel/building/work/pkg/usr/share/man/man1
=======> Build result:
drwxr-xr-x  0 root   root        0 May  8 01:34 usr/
drwxr-xr-x  0 root   root        0 May  8 01:34 usr/bin/
drwxr-xr-x  0 root   root        0 May  8 01:34 usr/share/
drwxr-xr-x  0 root   root        0 May  8 01:34 usr/share/man/
drwxr-xr-x  0 root   root        0 May  8 01:34 usr/share/man/man1/
-rw-r--r--  0 root   root      702 Mar 18  2022 usr/share/man/man1/swaykbdd.1.gz
-rwxr-xr-x  0 root   root    14728 May  8 01:34 usr/bin/swaykbdd
=======> Building '/home/devel/packages/swaykbdd#1.1-1.x86_64.pkg.tar.zst' succeeded.
prt-get: Using PKGMK_PACKAGE_DIR: /home/devel/packages
prt-get: reinstalling swaykbdd 1.1-1
prt-get: /usr/bin/pkgadd -u swaykbdd#1.1-1.x86_64.pkg.tar.zst
prt-get: build done Wed May  8 01:34:37 2024

