prt-get: updating /usr/ports/wayland-x86_64/swaybg
prt-get: starting build Wed May  8 01:34:31 2024
=======> Building '/home/devel/packages/swaybg#1.2.1-1.x86_64.pkg.tar.zst'.
bsdtar -p -o -C /home/devel/building/work/src -xf /home/devel/sources/swaybg-1.2.1.tar.gz
+ build
+ cd swaybg-1.2.1
+ build-meson . build
The Meson build system
Version: 1.4.0
Source dir: /home/devel/building/work/src/swaybg-1.2.1
Build dir: /home/devel/building/work/src/swaybg-1.2.1/build
Build type: native build
Project name: swaybg
Project version: 1.2.1
C compiler for the host machine: cc (gcc 14.1.0 "cc (SAUX-x86_64) 14.1.0")
C linker for the host machine: cc ld.bfd 2.42
Host machine cpu family: x86_64
Host machine cpu: x86_64
Library rt found: YES
Found pkg-config: YES (/usr/bin/pkg-config) 2.2.0
Run-time dependency wayland-client found: YES 1.22.0
Run-time dependency wayland-protocols found: YES 1.36
Build-time dependency wayland-scanner found: YES 1.22.0
Run-time dependency cairo found: YES 1.18.0
Run-time dependency gdk-pixbuf-2.0 found: YES 2.42.11
Program git found: YES (/usr/bin/git)
Program scdoc found: YES (/usr/bin/scdoc)
Program /usr/bin/wayland-scanner found: YES (/usr/bin/wayland-scanner)
Build targets in project: 2

swaybg 1.2.1

  User defined options
    auto_features     : auto
    bindir            : /usr/bin
    buildtype         : plain
    datadir           : /usr/share
    includedir        : /usr/include
    libdir            : /usr/lib
    libexecdir        : /usr/lib
    localstatedir     : /var
    mandir            : /usr/share/man
    prefix            : /usr
    sbindir           : /usr/sbin
    sharedstatedir    : /var/lib
    sysconfdir        : /etc
    werror            : false
    wrap_mode         : nodownload
    python.bytecompile: 0
    b_lto             : false
    b_pie             : true
    b_staticpic       : true

Found ninja-1.9 at /usr/bin/ninja
+ meson compile -j 8 -v -C build
ninja: entering directory '/home/devel/building/work/src/swaybg-1.2.1/build'
[1/19] /usr/bin/meson --internal exe --capture swaybg.1 --feed ../swaybg.1.scd -- /usr/bin/scdoc
[2/19] /usr/bin/wayland-scanner private-code ../wlr-layer-shell-unstable-v1.xml swaybg.p/wlr-layer-shell-unstable-v1-protocol.c
[3/19] /usr/bin/wayland-scanner private-code //usr/share/wayland-protocols/staging/single-pixel-buffer/single-pixel-buffer-v1.xml swaybg.p/single-pixel-buffer-v1-protocol.c
[4/19] /usr/bin/wayland-scanner private-code //usr/share/wayland-protocols/stable/viewporter/viewporter.xml swaybg.p/viewporter-protocol.c
[5/19] /usr/bin/wayland-scanner client-header //usr/share/wayland-protocols/stable/xdg-shell/xdg-shell.xml swaybg.p/xdg-shell-client-protocol.h
[6/19] /usr/bin/wayland-scanner client-header ../wlr-layer-shell-unstable-v1.xml swaybg.p/wlr-layer-shell-unstable-v1-client-protocol.h
[7/19] /usr/bin/wayland-scanner client-header //usr/share/wayland-protocols/stable/viewporter/viewporter.xml swaybg.p/viewporter-client-protocol.h
[8/19] /usr/bin/wayland-scanner client-header //usr/share/wayland-protocols/staging/single-pixel-buffer/single-pixel-buffer-v1.xml swaybg.p/single-pixel-buffer-v1-client-protocol.h
[9/19] /usr/bin/wayland-scanner private-code //usr/share/wayland-protocols/stable/xdg-shell/xdg-shell.xml swaybg.p/xdg-shell-protocol.c
[10/19] cc -Iswaybg.p -I. -I.. -I../include -I/usr/include/cairo -I/usr/include/freetype2 -I/usr/include/libpng16 -I/usr/include/harfbuzz -I/usr/include/glib-2.0 -I/usr/lib/glib-2.0/include -I/usr/include/pixman-1 -I/usr/include/gdk-pixbuf-2.0 -I/usr/include/libmount -I/usr/include/blkid -fdiagnostics-color=always -D_FILE_OFFSET_BITS=64 -Wall -Winvalid-pch -Wextra -std=c11 -Wno-unused-parameter -Wno-unused-result -Wundef -Wvla '-DSWAYBG_VERSION="1.2.1"' -DHAVE_GDK_PIXBUF=1 -O2 -m64 -march=x86-64 -mtune=generic -flto=auto -ffat-lto-objects -fPIE -pthread -MD -MQ swaybg.p/pool-buffer.c.o -MF swaybg.p/pool-buffer.c.o.d -o swaybg.p/pool-buffer.c.o -c ../pool-buffer.c
[11/19] cc -Iswaybg.p -I. -I.. -I../include -I/usr/include/cairo -I/usr/include/freetype2 -I/usr/include/libpng16 -I/usr/include/harfbuzz -I/usr/include/glib-2.0 -I/usr/lib/glib-2.0/include -I/usr/include/pixman-1 -I/usr/include/gdk-pixbuf-2.0 -I/usr/include/libmount -I/usr/include/blkid -fdiagnostics-color=always -D_FILE_OFFSET_BITS=64 -Wall -Winvalid-pch -Wextra -std=c11 -Wno-unused-parameter -Wno-unused-result -Wundef -Wvla '-DSWAYBG_VERSION="1.2.1"' -DHAVE_GDK_PIXBUF=1 -O2 -m64 -march=x86-64 -mtune=generic -flto=auto -ffat-lto-objects -fPIE -pthread -MD -MQ swaybg.p/main.c.o -MF swaybg.p/main.c.o.d -o swaybg.p/main.c.o -c ../main.c
[12/19] cc -Iswaybg.p -I. -I.. -I../include -I/usr/include/cairo -I/usr/include/freetype2 -I/usr/include/libpng16 -I/usr/include/harfbuzz -I/usr/include/glib-2.0 -I/usr/lib/glib-2.0/include -I/usr/include/pixman-1 -I/usr/include/gdk-pixbuf-2.0 -I/usr/include/libmount -I/usr/include/blkid -fdiagnostics-color=always -D_FILE_OFFSET_BITS=64 -Wall -Winvalid-pch -Wextra -std=c11 -Wno-unused-parameter -Wno-unused-result -Wundef -Wvla '-DSWAYBG_VERSION="1.2.1"' -DHAVE_GDK_PIXBUF=1 -O2 -m64 -march=x86-64 -mtune=generic -flto=auto -ffat-lto-objects -fPIE -pthread -MD -MQ swaybg.p/log.c.o -MF swaybg.p/log.c.o.d -o swaybg.p/log.c.o -c ../log.c
[13/19] cc -Iswaybg.p -I. -I.. -I../include -I/usr/include/cairo -I/usr/include/freetype2 -I/usr/include/libpng16 -I/usr/include/harfbuzz -I/usr/include/glib-2.0 -I/usr/lib/glib-2.0/include -I/usr/include/pixman-1 -I/usr/include/gdk-pixbuf-2.0 -I/usr/include/libmount -I/usr/include/blkid -fdiagnostics-color=always -D_FILE_OFFSET_BITS=64 -Wall -Winvalid-pch -Wextra -std=c11 -Wno-unused-parameter -Wno-unused-result -Wundef -Wvla '-DSWAYBG_VERSION="1.2.1"' -DHAVE_GDK_PIXBUF=1 -O2 -m64 -march=x86-64 -mtune=generic -flto=auto -ffat-lto-objects -fPIE -pthread -MD -MQ swaybg.p/cairo.c.o -MF swaybg.p/cairo.c.o.d -o swaybg.p/cairo.c.o -c ../cairo.c
[14/19] cc -Iswaybg.p -I. -I.. -I../include -I/usr/include/cairo -I/usr/include/freetype2 -I/usr/include/libpng16 -I/usr/include/harfbuzz -I/usr/include/glib-2.0 -I/usr/lib/glib-2.0/include -I/usr/include/pixman-1 -I/usr/include/gdk-pixbuf-2.0 -I/usr/include/libmount -I/usr/include/blkid -fdiagnostics-color=always -D_FILE_OFFSET_BITS=64 -Wall -Winvalid-pch -Wextra -std=c11 -Wno-unused-parameter -Wno-unused-result -Wundef -Wvla '-DSWAYBG_VERSION="1.2.1"' -DHAVE_GDK_PIXBUF=1 -O2 -m64 -march=x86-64 -mtune=generic -flto=auto -ffat-lto-objects -fPIE -pthread -MD -MQ swaybg.p/background-image.c.o -MF swaybg.p/background-image.c.o.d -o swaybg.p/background-image.c.o -c ../background-image.c
[15/19] cc -Iswaybg.p -I. -I.. -I../include -I/usr/include/cairo -I/usr/include/freetype2 -I/usr/include/libpng16 -I/usr/include/harfbuzz -I/usr/include/glib-2.0 -I/usr/lib/glib-2.0/include -I/usr/include/pixman-1 -I/usr/include/gdk-pixbuf-2.0 -I/usr/include/libmount -I/usr/include/blkid -fdiagnostics-color=always -D_FILE_OFFSET_BITS=64 -Wall -Winvalid-pch -Wextra -std=c11 -Wno-unused-parameter -Wno-unused-result -Wundef -Wvla '-DSWAYBG_VERSION="1.2.1"' -DHAVE_GDK_PIXBUF=1 -O2 -m64 -march=x86-64 -mtune=generic -flto=auto -ffat-lto-objects -fPIE -pthread -MD -MQ swaybg.p/meson-generated_wlr-layer-shell-unstable-v1-protocol.c.o -MF swaybg.p/meson-generated_wlr-layer-shell-unstable-v1-protocol.c.o.d -o swaybg.p/meson-generated_wlr-layer-shell-unstable-v1-protocol.c.o -c swaybg.p/wlr-layer-shell-unstable-v1-protocol.c
[16/19] cc -Iswaybg.p -I. -I.. -I../include -I/usr/include/cairo -I/usr/include/freetype2 -I/usr/include/libpng16 -I/usr/include/harfbuzz -I/usr/include/glib-2.0 -I/usr/lib/glib-2.0/include -I/usr/include/pixman-1 -I/usr/include/gdk-pixbuf-2.0 -I/usr/include/libmount -I/usr/include/blkid -fdiagnostics-color=always -D_FILE_OFFSET_BITS=64 -Wall -Winvalid-pch -Wextra -std=c11 -Wno-unused-parameter -Wno-unused-result -Wundef -Wvla '-DSWAYBG_VERSION="1.2.1"' -DHAVE_GDK_PIXBUF=1 -O2 -m64 -march=x86-64 -mtune=generic -flto=auto -ffat-lto-objects -fPIE -pthread -MD -MQ swaybg.p/meson-generated_xdg-shell-protocol.c.o -MF swaybg.p/meson-generated_xdg-shell-protocol.c.o.d -o swaybg.p/meson-generated_xdg-shell-protocol.c.o -c swaybg.p/xdg-shell-protocol.c
[17/19] cc -Iswaybg.p -I. -I.. -I../include -I/usr/include/cairo -I/usr/include/freetype2 -I/usr/include/libpng16 -I/usr/include/harfbuzz -I/usr/include/glib-2.0 -I/usr/lib/glib-2.0/include -I/usr/include/pixman-1 -I/usr/include/gdk-pixbuf-2.0 -I/usr/include/libmount -I/usr/include/blkid -fdiagnostics-color=always -D_FILE_OFFSET_BITS=64 -Wall -Winvalid-pch -Wextra -std=c11 -Wno-unused-parameter -Wno-unused-result -Wundef -Wvla '-DSWAYBG_VERSION="1.2.1"' -DHAVE_GDK_PIXBUF=1 -O2 -m64 -march=x86-64 -mtune=generic -flto=auto -ffat-lto-objects -fPIE -pthread -MD -MQ swaybg.p/meson-generated_single-pixel-buffer-v1-protocol.c.o -MF swaybg.p/meson-generated_single-pixel-buffer-v1-protocol.c.o.d -o swaybg.p/meson-generated_single-pixel-buffer-v1-protocol.c.o -c swaybg.p/single-pixel-buffer-v1-protocol.c
[18/19] cc -Iswaybg.p -I. -I.. -I../include -I/usr/include/cairo -I/usr/include/freetype2 -I/usr/include/libpng16 -I/usr/include/harfbuzz -I/usr/include/glib-2.0 -I/usr/lib/glib-2.0/include -I/usr/include/pixman-1 -I/usr/include/gdk-pixbuf-2.0 -I/usr/include/libmount -I/usr/include/blkid -fdiagnostics-color=always -D_FILE_OFFSET_BITS=64 -Wall -Winvalid-pch -Wextra -std=c11 -Wno-unused-parameter -Wno-unused-result -Wundef -Wvla '-DSWAYBG_VERSION="1.2.1"' -DHAVE_GDK_PIXBUF=1 -O2 -m64 -march=x86-64 -mtune=generic -flto=auto -ffat-lto-objects -fPIE -pthread -MD -MQ swaybg.p/meson-generated_viewporter-protocol.c.o -MF swaybg.p/meson-generated_viewporter-protocol.c.o.d -o swaybg.p/meson-generated_viewporter-protocol.c.o -c swaybg.p/viewporter-protocol.c
[19/19] cc  -o swaybg swaybg.p/meson-generated_xdg-shell-protocol.c.o swaybg.p/meson-generated_viewporter-protocol.c.o swaybg.p/meson-generated_single-pixel-buffer-v1-protocol.c.o swaybg.p/meson-generated_wlr-layer-shell-unstable-v1-protocol.c.o swaybg.p/background-image.c.o swaybg.p/cairo.c.o swaybg.p/log.c.o swaybg.p/main.c.o swaybg.p/pool-buffer.c.o -Wl,--as-needed -Wl,--no-undefined -pie -O2 -m64 -march=x86-64 -mtune=generic -flto=auto -ffat-lto-objects -Wl,--start-group /usr/lib/libcairo.so -lrt /usr/lib/libgdk_pixbuf-2.0.so /usr/lib/libgobject-2.0.so /usr/lib/libglib-2.0.so /usr/lib/libwayland-client.so -Wl,--end-group
INFO: autodetecting backend as ninja
INFO: calculating backend command to run: /usr/bin/ninja -C /home/devel/building/work/src/swaybg-1.2.1/build -j 8 -v
+ DESTDIR=/home/devel/building/work/pkg
+ meson install --no-rebuild -C build
Installing swaybg to /home/devel/building/work/pkg/usr/bin
Installing swaybg.1 to /home/devel/building/work/pkg/usr/share/man/man1
=======> Build result:
drwxr-xr-x  0 root   root        0 May  8 01:34 usr/
drwxr-xr-x  0 root   root        0 May  8 01:34 usr/bin/
drwxr-xr-x  0 root   root        0 May  8 01:34 usr/share/
drwxr-xr-x  0 root   root        0 May  8 01:34 usr/share/man/
drwxr-xr-x  0 root   root        0 May  8 01:34 usr/share/man/man1/
-rw-r--r--  0 root   root      785 May  8 01:34 usr/share/man/man1/swaybg.1.gz
-rwxr-xr-x  0 root   root    40408 May  8 01:34 usr/bin/swaybg
=======> Building '/home/devel/packages/swaybg#1.2.1-1.x86_64.pkg.tar.zst' succeeded.
prt-get: Using PKGMK_PACKAGE_DIR: /home/devel/packages
prt-get: reinstalling swaybg 1.2.1-1
prt-get: /usr/bin/pkgadd -u swaybg#1.2.1-1.x86_64.pkg.tar.zst
prt-get: build done Wed May  8 01:34:33 2024

