prt-get: updating /usr/ports/opt-x86_64/tiff
prt-get: starting build Wed May  8 01:37:42 2024
=======> Building '/home/devel/packages/tiff#4.3.0-1.x86_64.pkg.tar.zst'.
bsdtar -p -o -C /home/devel/building/work/src -xf /home/devel/sources/tiff-4.3.0.tar.gz
+ build
+ cd tiff-4.3.0
+ ./configure --prefix=/usr --enable-cxx --disable-static
checking build system type... x86_64-pc-linux-gnu
checking host system type... x86_64-pc-linux-gnu
checking for a BSD-compatible install... /usr/bin/install -c
checking whether build environment is sane... yes
checking for a thread-safe mkdir -p... /bin/mkdir -p
checking for gawk... gawk
checking whether make sets $(MAKE)... yes
checking whether make supports nested variables... yes
checking whether UID '0' is supported by ustar format... yes
checking whether GID '0' is supported by ustar format... yes
checking how to create a ustar tar archive... gnutar
checking whether to enable maintainer-specific portions of Makefiles... no
checking whether make supports the include directive... yes (GNU style)
checking for gcc... gcc
checking whether the C compiler works... yes
checking for C compiler default output file name... a.out
checking for suffix of executables... 
checking whether we are cross compiling... no
checking for suffix of object files... o
checking whether we are using the GNU C compiler... yes
checking whether gcc accepts -g... yes
checking for gcc option to accept ISO C89... none needed
checking whether gcc understands -c and -o together... yes
checking dependency style of gcc... gcc3
checking for gcc option to accept ISO C99... none needed
checking for C compiler warning flags... -Wall -W
checking whether ln -s works... yes
checking for cmake... /usr/bin/cmake
checking how to print strings... printf
checking for a sed that does not truncate output... /bin/sed
checking for grep that handles long lines and -e... /usr/bin/grep
checking for egrep... /usr/bin/grep -E
checking for fgrep... /usr/bin/grep -F
checking for ld used by gcc... /usr/bin/ld
checking if the linker (/usr/bin/ld) is GNU ld... yes
checking for BSD- or MS-compatible name lister (nm)... /usr/bin/nm -B
checking the name lister (/usr/bin/nm -B) interface... BSD nm
checking the maximum length of command line arguments... 1572864
checking how to convert x86_64-pc-linux-gnu file names to x86_64-pc-linux-gnu format... func_convert_file_noop
checking how to convert x86_64-pc-linux-gnu file names to toolchain format... func_convert_file_noop
checking for /usr/bin/ld option to reload object files... -r
checking for objdump... objdump
checking how to recognize dependent libraries... pass_all
checking for dlltool... no
checking how to associate runtime and link libraries... printf %s\n
checking for ar... ar
checking for archiver @FILE support... @
checking for strip... strip
checking for ranlib... ranlib
checking command to parse /usr/bin/nm -B output from gcc object... ok
checking for sysroot... no
checking for a working dd... /bin/dd
checking how to truncate binary pipes... /bin/dd bs=4096 count=1
checking for mt... no
checking if : is a manifest tool... no
checking how to run the C preprocessor... gcc -E
checking for ANSI C header files... yes
checking for sys/types.h... yes
checking for sys/stat.h... yes
checking for stdlib.h... yes
checking for string.h... yes
checking for memory.h... yes
checking for strings.h... yes
checking for inttypes.h... yes
checking for stdint.h... yes
checking for unistd.h... yes
checking for dlfcn.h... yes
checking for objdir... .libs
checking if gcc supports -fno-rtti -fno-exceptions... no
checking for gcc option to produce PIC... -fPIC -DPIC
checking if gcc PIC flag -fPIC -DPIC works... yes
checking if gcc static flag -static works... yes
checking if gcc supports -c -o file.o... yes
checking if gcc supports -c -o file.o... (cached) yes
checking whether the gcc linker (/usr/bin/ld -m elf_x86_64) supports shared libraries... yes
checking whether -lc should be explicitly linked in... no
checking dynamic linker characteristics... GNU/Linux ld.so
checking how to hardcode library paths into programs... immediate
checking whether stripping libraries is possible... yes
checking if libtool supports shared libraries... yes
checking whether to build shared libraries... yes
checking whether to build static libraries... no
checking for g++... g++
checking whether we are using the GNU C++ compiler... yes
checking whether g++ accepts -g... yes
checking dependency style of g++... gcc3
checking how to run the C++ preprocessor... g++ -E
checking for ld used by g++... /usr/bin/ld -m elf_x86_64
checking if the linker (/usr/bin/ld -m elf_x86_64) is GNU ld... yes
checking whether the g++ linker (/usr/bin/ld -m elf_x86_64) supports shared libraries... yes
/usr/bin/grep: warning: stray \ before -
checking for g++ option to produce PIC... -fPIC -DPIC
checking if g++ PIC flag -fPIC -DPIC works... yes
checking if g++ static flag -static works... yes
checking if g++ supports -c -o file.o... yes
checking if g++ supports -c -o file.o... (cached) yes
checking whether the g++ linker (/usr/bin/ld -m elf_x86_64) supports shared libraries... yes
checking dynamic linker characteristics... (cached) GNU/Linux ld.so
checking how to hardcode library paths into programs... immediate
checking whether make supports nested variables... (cached) yes
checking for sin in -lm... yes
checking assert.h usability... yes
checking assert.h presence... yes
checking for assert.h... yes
checking fcntl.h usability... yes
checking fcntl.h presence... yes
checking for fcntl.h... yes
checking io.h usability... no
checking io.h presence... no
checking for io.h... no
checking search.h usability... yes
checking search.h presence... yes
checking for search.h... yes
checking for unistd.h... (cached) yes
checking for an ANSI C-conforming const... yes
checking whether byte ordering is bigendian... no
checking for off_t... yes
checking for size_t... yes
checking whether time.h and sys/time.h may both be included... yes
checking whether struct tm is in sys/time.h or time.h... time.h
checking for _LARGEFILE_SOURCE value needed for large files... no
checking whether optarg is declared... yes
checking size of size_t... 8
checking for signed size type... int64_t
checking for mmap... yes
checking for setmode... no
checking for getopt... yes
checking native cpu bit order... lsb2msb
checking for special C compiler options needed for large files... no
checking for _FILE_OFFSET_BITS value needed for large files... no
checking for inflateEnd in -lz... yes
checking zlib.h usability... yes
checking zlib.h presence... yes
checking for zlib.h... yes
checking for libdeflate_zlib_decompress in -ldeflate... no
checking libdeflate.h usability... no
checking libdeflate.h presence... no
checking for libdeflate.h... no
checking for jpeg_read_scanlines in -ljpeg... yes
checking jpeglib.h usability... yes
checking jpeglib.h presence... yes
checking for jpeglib.h... yes
checking for jbg_dec_init in -ljbig... no
checking jbig.h usability... no
checking jbig.h presence... no
checking for jbig.h... no
checking for lerc_decode in -l"LercLib"... no
checking for lerc_decode in -l"Lerc"... no
checking Lerc_c_api.h usability... no
checking Lerc_c_api.h presence... no
checking for Lerc_c_api.h... no
checking for lzma_code in -llzma... yes
checking lzma.h usability... yes
checking lzma.h presence... yes
checking for lzma.h... yes
checking for ZSTD_decompressStream in -lzstd... yes
checking zstd.h usability... yes
checking zstd.h presence... yes
checking for zstd.h... yes
checking for WebPDecode in -lwebp... yes
checking webp/decode.h usability... yes
checking webp/decode.h presence... yes
checking for webp/decode.h... yes
checking for X... no
checking for the pthreads library -lpthreads... no
checking whether pthreads work without any flags... yes
checking for joinable pthread attribute... PTHREAD_CREATE_JOINABLE
checking if more special flags are required for pthreads... no
checking whether we are using the Microsoft C compiler... no
checking GL/gl.h usability... yes
checking GL/gl.h presence... yes
checking for GL/gl.h... yes
checking OpenGL/gl.h usability... no
checking OpenGL/gl.h presence... no
checking for OpenGL/gl.h... no
checking windows.h usability... no
checking windows.h presence... no
checking for windows.h... no
checking for OpenGL library... no
checking GL/glu.h usability... no
checking GL/glu.h presence... no
checking for GL/glu.h... no
checking OpenGL/glu.h usability... no
checking OpenGL/glu.h presence... no
checking for OpenGL/glu.h... no
checking for OpenGL Utility library... no
checking GL/glut.h usability... no
checking GL/glut.h presence... no
checking for GL/glut.h... no
checking GLUT/glut.h usability... no
checking GLUT/glut.h presence... no
checking for GLUT/glut.h... no
checking for GLUT library... no
checking that generated files are newer than configure... done
configure: creating ./config.status
config.status: creating Makefile
config.status: creating build/Makefile
config.status: creating contrib/Makefile
config.status: creating contrib/addtiffo/Makefile
config.status: creating contrib/dbs/Makefile
config.status: creating contrib/dbs/xtiff/Makefile
config.status: creating contrib/iptcutil/Makefile
config.status: creating contrib/mfs/Makefile
config.status: creating contrib/pds/Makefile
config.status: creating contrib/ras/Makefile
config.status: creating contrib/stream/Makefile
config.status: creating contrib/tags/Makefile
config.status: creating contrib/win_dib/Makefile
config.status: creating html/Makefile
config.status: creating html/images/Makefile
config.status: creating html/man/Makefile
config.status: creating libtiff-4.pc
config.status: creating libtiff/Makefile
config.status: creating man/Makefile
config.status: creating port/Makefile
config.status: creating test/Makefile
config.status: creating tools/Makefile
config.status: creating config.h
config.status: creating libtiff/tif_config.h
config.status: creating libtiff/tiffconf.h
config.status: creating port/libport_config.h
config.status: executing depfiles commands
config.status: executing libtool commands

Libtiff is now configured for x86_64-pc-linux-gnu

  Installation directory:             /usr
  Documentation directory:            ${prefix}/share/doc/tiff-4.3.0
  C compiler:                         gcc -O2 -m64 -march=x86-64 -mtune=generic -flto=auto -ffat-lto-objects -Wall -W
  C++ compiler:                       g++ -O2 -m64 -march=x86-64 -mtune=generic -flto=auto -ffat-lto-objects
  Enable runtime linker paths:        no
  Enable linker symbol versioning:    no
  Support Microsoft Document Imaging: yes
  Use Win32 IO:                       no

 Support for internal codecs:
  CCITT Group 3 & 4 algorithms:       yes
  Macintosh PackBits algorithm:       yes
  LZW algorithm:                      yes
  ThunderScan 4-bit RLE algorithm:    yes
  NeXT 2-bit RLE algorithm:           yes
  LogLuv high dynamic range encoding: yes

 Support for external codecs:
  ZLIB support:                       yes
  libdeflate support:                 no
  Pixar log-format algorithm:         yes
  JPEG support:                       yes
  Old JPEG support:                   yes
  JPEG 8/12 bit dual mode:            no
  ISO JBIG support:                   no
  LERC support:                       no
  LZMA2 support:                      yes
  ZSTD support:                       yes
  WEBP support:                       yes

  C++ support:                        yes

  OpenGL support:                     no

+ make V=1
make  all-recursive
make[1]: Entering directory '/home/devel/building/work/src/tiff-4.3.0'
Making all in port
make[2]: Entering directory '/home/devel/building/work/src/tiff-4.3.0/port'
make  all-am
make[3]: Entering directory '/home/devel/building/work/src/tiff-4.3.0/port'
/bin/sh ../libtool  --tag=CC   --mode=compile gcc -DHAVE_CONFIG_H -I. -I.. -I../libtiff   -DTIFF_DISABLE_DEPRECATED   -O2 -m64 -march=x86-64 -mtune=generic -flto=auto -ffat-lto-objects -Wall -W -MT dummy.lo -MD -MP -MF .deps/dummy.Tpo -c -o dummy.lo dummy.c
libtool: compile:  gcc -DHAVE_CONFIG_H -I. -I.. -I../libtiff -DTIFF_DISABLE_DEPRECATED -O2 -m64 -march=x86-64 -mtune=generic -flto=auto -ffat-lto-objects -Wall -W -MT dummy.lo -MD -MP -MF .deps/dummy.Tpo -c dummy.c  -fPIC -DPIC -o .libs/dummy.o
mv -f .deps/dummy.Tpo .deps/dummy.Plo
/bin/sh ../libtool  --tag=CC   --mode=link gcc  -O2 -m64 -march=x86-64 -mtune=generic -flto=auto -ffat-lto-objects -Wall -W   -o libport.la  dummy.lo  -lwebp -lzstd -llzma -ljpeg -lz -lm 
libtool: link: ar cr .libs/libport.a .libs/dummy.o 
libtool: link: ranlib .libs/libport.a
libtool: link: ( cd ".libs" && rm -f "libport.la" && ln -s "../libport.la" "libport.la" )
make[3]: Leaving directory '/home/devel/building/work/src/tiff-4.3.0/port'
make[2]: Leaving directory '/home/devel/building/work/src/tiff-4.3.0/port'
Making all in libtiff
make[2]: Entering directory '/home/devel/building/work/src/tiff-4.3.0/libtiff'
make  all-am
make[3]: Entering directory '/home/devel/building/work/src/tiff-4.3.0/libtiff'
gcc -DHAVE_CONFIG_H -I. -I.. -I../port  -I../libtiff -I../port -DTIFF_DISABLE_DEPRECATED   -O2 -m64 -march=x86-64 -mtune=generic -flto=auto -ffat-lto-objects -Wall -W -MT mkg3states.o -MD -MP -MF .deps/mkg3states.Tpo -c -o mkg3states.o mkg3states.c
/bin/sh ../libtool  --tag=CC   --mode=compile gcc -DHAVE_CONFIG_H -I. -I.. -I../port  -I../libtiff -I../port -DTIFF_DISABLE_DEPRECATED   -O2 -m64 -march=x86-64 -mtune=generic -flto=auto -ffat-lto-objects -Wall -W -MT tif_aux.lo -MD -MP -MF .deps/tif_aux.Tpo -c -o tif_aux.lo tif_aux.c
/bin/sh ../libtool  --tag=CC   --mode=compile gcc -DHAVE_CONFIG_H -I. -I.. -I../port  -I../libtiff -I../port -DTIFF_DISABLE_DEPRECATED   -O2 -m64 -march=x86-64 -mtune=generic -flto=auto -ffat-lto-objects -Wall -W -MT tif_close.lo -MD -MP -MF .deps/tif_close.Tpo -c -o tif_close.lo tif_close.c
/bin/sh ../libtool  --tag=CC   --mode=compile gcc -DHAVE_CONFIG_H -I. -I.. -I../port  -I../libtiff -I../port -DTIFF_DISABLE_DEPRECATED   -O2 -m64 -march=x86-64 -mtune=generic -flto=auto -ffat-lto-objects -Wall -W -MT tif_codec.lo -MD -MP -MF .deps/tif_codec.Tpo -c -o tif_codec.lo tif_codec.c
/bin/sh ../libtool  --tag=CC   --mode=compile gcc -DHAVE_CONFIG_H -I. -I.. -I../port  -I../libtiff -I../port -DTIFF_DISABLE_DEPRECATED   -O2 -m64 -march=x86-64 -mtune=generic -flto=auto -ffat-lto-objects -Wall -W -MT tif_color.lo -MD -MP -MF .deps/tif_color.Tpo -c -o tif_color.lo tif_color.c
/bin/sh ../libtool  --tag=CC   --mode=compile gcc -DHAVE_CONFIG_H -I. -I.. -I../port  -I../libtiff -I../port -DTIFF_DISABLE_DEPRECATED   -O2 -m64 -march=x86-64 -mtune=generic -flto=auto -ffat-lto-objects -Wall -W -MT tif_compress.lo -MD -MP -MF .deps/tif_compress.Tpo -c -o tif_compress.lo tif_compress.c
/bin/sh ../libtool  --tag=CC   --mode=compile gcc -DHAVE_CONFIG_H -I. -I.. -I../port  -I../libtiff -I../port -DTIFF_DISABLE_DEPRECATED   -O2 -m64 -march=x86-64 -mtune=generic -flto=auto -ffat-lto-objects -Wall -W -MT tif_dir.lo -MD -MP -MF .deps/tif_dir.Tpo -c -o tif_dir.lo tif_dir.c
/bin/sh ../libtool  --tag=CC   --mode=compile gcc -DHAVE_CONFIG_H -I. -I.. -I../port  -I../libtiff -I../port -DTIFF_DISABLE_DEPRECATED   -O2 -m64 -march=x86-64 -mtune=generic -flto=auto -ffat-lto-objects -Wall -W -MT tif_dirinfo.lo -MD -MP -MF .deps/tif_dirinfo.Tpo -c -o tif_dirinfo.lo tif_dirinfo.c
libtool: compile:  gcc -DHAVE_CONFIG_H -I. -I.. -I../port -I../libtiff -I../port -DTIFF_DISABLE_DEPRECATED -O2 -m64 -march=x86-64 -mtune=generic -flto=auto -ffat-lto-objects -Wall -W -MT tif_close.lo -MD -MP -MF .deps/tif_close.Tpo -c tif_close.c  -fPIC -DPIC -o .libs/tif_close.o
libtool: compile:  gcc -DHAVE_CONFIG_H -I. -I.. -I../port -I../libtiff -I../port -DTIFF_DISABLE_DEPRECATED -O2 -m64 -march=x86-64 -mtune=generic -flto=auto -ffat-lto-objects -Wall -W -MT tif_color.lo -MD -MP -MF .deps/tif_color.Tpo -c tif_color.c  -fPIC -DPIC -o .libs/tif_color.o
libtool: compile:  gcc -DHAVE_CONFIG_H -I. -I.. -I../port -I../libtiff -I../port -DTIFF_DISABLE_DEPRECATED -O2 -m64 -march=x86-64 -mtune=generic -flto=auto -ffat-lto-objects -Wall -W -MT tif_compress.lo -MD -MP -MF .deps/tif_compress.Tpo -c tif_compress.c  -fPIC -DPIC -o .libs/tif_compress.o
libtool: compile:  gcc -DHAVE_CONFIG_H -I. -I.. -I../port -I../libtiff -I../port -DTIFF_DISABLE_DEPRECATED -O2 -m64 -march=x86-64 -mtune=generic -flto=auto -ffat-lto-objects -Wall -W -MT tif_dirinfo.lo -MD -MP -MF .deps/tif_dirinfo.Tpo -c tif_dirinfo.c  -fPIC -DPIC -o .libs/tif_dirinfo.o
libtool: compile:  gcc -DHAVE_CONFIG_H -I. -I.. -I../port -I../libtiff -I../port -DTIFF_DISABLE_DEPRECATED -O2 -m64 -march=x86-64 -mtune=generic -flto=auto -ffat-lto-objects -Wall -W -MT tif_dir.lo -MD -MP -MF .deps/tif_dir.Tpo -c tif_dir.c  -fPIC -DPIC -o .libs/tif_dir.o
libtool: compile:  gcc -DHAVE_CONFIG_H -I. -I.. -I../port -I../libtiff -I../port -DTIFF_DISABLE_DEPRECATED -O2 -m64 -march=x86-64 -mtune=generic -flto=auto -ffat-lto-objects -Wall -W -MT tif_codec.lo -MD -MP -MF .deps/tif_codec.Tpo -c tif_codec.c  -fPIC -DPIC -o .libs/tif_codec.o
libtool: compile:  gcc -DHAVE_CONFIG_H -I. -I.. -I../port -I../libtiff -I../port -DTIFF_DISABLE_DEPRECATED -O2 -m64 -march=x86-64 -mtune=generic -flto=auto -ffat-lto-objects -Wall -W -MT tif_aux.lo -MD -MP -MF .deps/tif_aux.Tpo -c tif_aux.c  -fPIC -DPIC -o .libs/tif_aux.o
mv -f .deps/tif_close.Tpo .deps/tif_close.Plo
/bin/sh ../libtool  --tag=CC   --mode=compile gcc -DHAVE_CONFIG_H -I. -I.. -I../port  -I../libtiff -I../port -DTIFF_DISABLE_DEPRECATED   -O2 -m64 -march=x86-64 -mtune=generic -flto=auto -ffat-lto-objects -Wall -W -MT tif_dirread.lo -MD -MP -MF .deps/tif_dirread.Tpo -c -o tif_dirread.lo tif_dirread.c
mv -f .deps/mkg3states.Tpo .deps/mkg3states.Po
mv -f .deps/tif_codec.Tpo .deps/tif_codec.Plo
/bin/sh ../libtool  --tag=CC   --mode=compile gcc -DHAVE_CONFIG_H -I. -I.. -I../port  -I../libtiff -I../port -DTIFF_DISABLE_DEPRECATED   -O2 -m64 -march=x86-64 -mtune=generic -flto=auto -ffat-lto-objects -Wall -W -MT tif_dirwrite.lo -MD -MP -MF .deps/tif_dirwrite.Tpo -c -o tif_dirwrite.lo tif_dirwrite.c
libtool: compile:  gcc -DHAVE_CONFIG_H -I. -I.. -I../port -I../libtiff -I../port -DTIFF_DISABLE_DEPRECATED -O2 -m64 -march=x86-64 -mtune=generic -flto=auto -ffat-lto-objects -Wall -W -MT tif_dirread.lo -MD -MP -MF .deps/tif_dirread.Tpo -c tif_dirread.c  -fPIC -DPIC -o .libs/tif_dirread.o
/bin/sh ../libtool  --tag=CC   --mode=compile gcc -DHAVE_CONFIG_H -I. -I.. -I../port  -I../libtiff -I../port -DTIFF_DISABLE_DEPRECATED   -O2 -m64 -march=x86-64 -mtune=generic -flto=auto -ffat-lto-objects -Wall -W -MT tif_dumpmode.lo -MD -MP -MF .deps/tif_dumpmode.Tpo -c -o tif_dumpmode.lo tif_dumpmode.c
mv -f .deps/tif_compress.Tpo .deps/tif_compress.Plo
/bin/sh ../libtool  --tag=CC   --mode=compile gcc -DHAVE_CONFIG_H -I. -I.. -I../port  -I../libtiff -I../port -DTIFF_DISABLE_DEPRECATED   -O2 -m64 -march=x86-64 -mtune=generic -flto=auto -ffat-lto-objects -Wall -W -MT tif_error.lo -MD -MP -MF .deps/tif_error.Tpo -c -o tif_error.lo tif_error.c
mv -f .deps/tif_color.Tpo .deps/tif_color.Plo
/bin/sh ../libtool  --tag=CC   --mode=compile gcc -DHAVE_CONFIG_H -I. -I.. -I../port  -I../libtiff -I../port -DTIFF_DISABLE_DEPRECATED   -O2 -m64 -march=x86-64 -mtune=generic -flto=auto -ffat-lto-objects -Wall -W -MT tif_extension.lo -MD -MP -MF .deps/tif_extension.Tpo -c -o tif_extension.lo tif_extension.c
libtool: compile:  gcc -DHAVE_CONFIG_H -I. -I.. -I../port -I../libtiff -I../port -DTIFF_DISABLE_DEPRECATED -O2 -m64 -march=x86-64 -mtune=generic -flto=auto -ffat-lto-objects -Wall -W -MT tif_dumpmode.lo -MD -MP -MF .deps/tif_dumpmode.Tpo -c tif_dumpmode.c  -fPIC -DPIC -o .libs/tif_dumpmode.o
libtool: compile:  gcc -DHAVE_CONFIG_H -I. -I.. -I../port -I../libtiff -I../port -DTIFF_DISABLE_DEPRECATED -O2 -m64 -march=x86-64 -mtune=generic -flto=auto -ffat-lto-objects -Wall -W -MT tif_dirwrite.lo -MD -MP -MF .deps/tif_dirwrite.Tpo -c tif_dirwrite.c  -fPIC -DPIC -o .libs/tif_dirwrite.o
libtool: compile:  gcc -DHAVE_CONFIG_H -I. -I.. -I../port -I../libtiff -I../port -DTIFF_DISABLE_DEPRECATED -O2 -m64 -march=x86-64 -mtune=generic -flto=auto -ffat-lto-objects -Wall -W -MT tif_extension.lo -MD -MP -MF .deps/tif_extension.Tpo -c tif_extension.c  -fPIC -DPIC -o .libs/tif_extension.o
mv -f .deps/tif_dirinfo.Tpo .deps/tif_dirinfo.Plo
libtool: compile:  gcc -DHAVE_CONFIG_H -I. -I.. -I../port -I../libtiff -I../port -DTIFF_DISABLE_DEPRECATED -O2 -m64 -march=x86-64 -mtune=generic -flto=auto -ffat-lto-objects -Wall -W -MT tif_error.lo -MD -MP -MF .deps/tif_error.Tpo -c tif_error.c  -fPIC -DPIC -o .libs/tif_error.o
/bin/sh ../libtool  --tag=CC   --mode=compile gcc -DHAVE_CONFIG_H -I. -I.. -I../port  -I../libtiff -I../port -DTIFF_DISABLE_DEPRECATED   -O2 -m64 -march=x86-64 -mtune=generic -flto=auto -ffat-lto-objects -Wall -W -MT tif_fax3.lo -MD -MP -MF .deps/tif_fax3.Tpo -c -o tif_fax3.lo tif_fax3.c
mv -f .deps/tif_aux.Tpo .deps/tif_aux.Plo
/bin/sh ../libtool  --tag=CC   --mode=compile gcc -DHAVE_CONFIG_H -I. -I.. -I../port  -I../libtiff -I../port -DTIFF_DISABLE_DEPRECATED   -O2 -m64 -march=x86-64 -mtune=generic -flto=auto -ffat-lto-objects -Wall -W -MT tif_fax3sm.lo -MD -MP -MF .deps/tif_fax3sm.Tpo -c -o tif_fax3sm.lo tif_fax3sm.c
mv -f .deps/tif_dumpmode.Tpo .deps/tif_dumpmode.Plo
/bin/sh ../libtool  --tag=CC   --mode=compile gcc -DHAVE_CONFIG_H -I. -I.. -I../port  -I../libtiff -I../port -DTIFF_DISABLE_DEPRECATED   -O2 -m64 -march=x86-64 -mtune=generic -flto=auto -ffat-lto-objects -Wall -W -MT tif_flush.lo -MD -MP -MF .deps/tif_flush.Tpo -c -o tif_flush.lo tif_flush.c
libtool: compile:  gcc -DHAVE_CONFIG_H -I. -I.. -I../port -I../libtiff -I../port -DTIFF_DISABLE_DEPRECATED -O2 -m64 -march=x86-64 -mtune=generic -flto=auto -ffat-lto-objects -Wall -W -MT tif_fax3sm.lo -MD -MP -MF .deps/tif_fax3sm.Tpo -c tif_fax3sm.c  -fPIC -DPIC -o .libs/tif_fax3sm.o
libtool: compile:  gcc -DHAVE_CONFIG_H -I. -I.. -I../port -I../libtiff -I../port -DTIFF_DISABLE_DEPRECATED -O2 -m64 -march=x86-64 -mtune=generic -flto=auto -ffat-lto-objects -Wall -W -MT tif_fax3.lo -MD -MP -MF .deps/tif_fax3.Tpo -c tif_fax3.c  -fPIC -DPIC -o .libs/tif_fax3.o
mv -f .deps/tif_extension.Tpo .deps/tif_extension.Plo
libtool: compile:  gcc -DHAVE_CONFIG_H -I. -I.. -I../port -I../libtiff -I../port -DTIFF_DISABLE_DEPRECATED -O2 -m64 -march=x86-64 -mtune=generic -flto=auto -ffat-lto-objects -Wall -W -MT tif_flush.lo -MD -MP -MF .deps/tif_flush.Tpo -c tif_flush.c  -fPIC -DPIC -o .libs/tif_flush.o
mv -f .deps/tif_error.Tpo .deps/tif_error.Plo
/bin/sh ../libtool  --tag=CC   --mode=compile gcc -DHAVE_CONFIG_H -I. -I.. -I../port  -I../libtiff -I../port -DTIFF_DISABLE_DEPRECATED   -O2 -m64 -march=x86-64 -mtune=generic -flto=auto -ffat-lto-objects -Wall -W -MT tif_getimage.lo -MD -MP -MF .deps/tif_getimage.Tpo -c -o tif_getimage.lo tif_getimage.c
/bin/sh ../libtool  --tag=CC   --mode=compile gcc -DHAVE_CONFIG_H -I. -I.. -I../port  -I../libtiff -I../port -DTIFF_DISABLE_DEPRECATED   -O2 -m64 -march=x86-64 -mtune=generic -flto=auto -ffat-lto-objects -Wall -W -MT tif_jbig.lo -MD -MP -MF .deps/tif_jbig.Tpo -c -o tif_jbig.lo tif_jbig.c
libtool: compile:  gcc -DHAVE_CONFIG_H -I. -I.. -I../port -I../libtiff -I../port -DTIFF_DISABLE_DEPRECATED -O2 -m64 -march=x86-64 -mtune=generic -flto=auto -ffat-lto-objects -Wall -W -MT tif_getimage.lo -MD -MP -MF .deps/tif_getimage.Tpo -c tif_getimage.c  -fPIC -DPIC -o .libs/tif_getimage.o
mv -f .deps/tif_flush.Tpo .deps/tif_flush.Plo
/bin/sh ../libtool  --tag=CC   --mode=compile gcc -DHAVE_CONFIG_H -I. -I.. -I../port  -I../libtiff -I../port -DTIFF_DISABLE_DEPRECATED   -O2 -m64 -march=x86-64 -mtune=generic -flto=auto -ffat-lto-objects -Wall -W -MT tif_jpeg.lo -MD -MP -MF .deps/tif_jpeg.Tpo -c -o tif_jpeg.lo tif_jpeg.c
libtool: compile:  gcc -DHAVE_CONFIG_H -I. -I.. -I../port -I../libtiff -I../port -DTIFF_DISABLE_DEPRECATED -O2 -m64 -march=x86-64 -mtune=generic -flto=auto -ffat-lto-objects -Wall -W -MT tif_jbig.lo -MD -MP -MF .deps/tif_jbig.Tpo -c tif_jbig.c  -fPIC -DPIC -o .libs/tif_jbig.o
mv -f .deps/tif_fax3sm.Tpo .deps/tif_fax3sm.Plo
/bin/sh ../libtool  --tag=CC   --mode=compile gcc -DHAVE_CONFIG_H -I. -I.. -I../port  -I../libtiff -I../port -DTIFF_DISABLE_DEPRECATED   -O2 -m64 -march=x86-64 -mtune=generic -flto=auto -ffat-lto-objects -Wall -W -MT tif_jpeg_12.lo -MD -MP -MF .deps/tif_jpeg_12.Tpo -c -o tif_jpeg_12.lo tif_jpeg_12.c
libtool: compile:  gcc -DHAVE_CONFIG_H -I. -I.. -I../port -I../libtiff -I../port -DTIFF_DISABLE_DEPRECATED -O2 -m64 -march=x86-64 -mtune=generic -flto=auto -ffat-lto-objects -Wall -W -MT tif_jpeg.lo -MD -MP -MF .deps/tif_jpeg.Tpo -c tif_jpeg.c  -fPIC -DPIC -o .libs/tif_jpeg.o
mv -f .deps/tif_jbig.Tpo .deps/tif_jbig.Plo
libtool: compile:  gcc -DHAVE_CONFIG_H -I. -I.. -I../port -I../libtiff -I../port -DTIFF_DISABLE_DEPRECATED -O2 -m64 -march=x86-64 -mtune=generic -flto=auto -ffat-lto-objects -Wall -W -MT tif_jpeg_12.lo -MD -MP -MF .deps/tif_jpeg_12.Tpo -c tif_jpeg_12.c  -fPIC -DPIC -o .libs/tif_jpeg_12.o
/bin/sh ../libtool  --tag=CC   --mode=compile gcc -DHAVE_CONFIG_H -I. -I.. -I../port  -I../libtiff -I../port -DTIFF_DISABLE_DEPRECATED   -O2 -m64 -march=x86-64 -mtune=generic -flto=auto -ffat-lto-objects -Wall -W -MT tif_lerc.lo -MD -MP -MF .deps/tif_lerc.Tpo -c -o tif_lerc.lo tif_lerc.c
mv -f .deps/tif_jpeg_12.Tpo .deps/tif_jpeg_12.Plo
/bin/sh ../libtool  --tag=CC   --mode=compile gcc -DHAVE_CONFIG_H -I. -I.. -I../port  -I../libtiff -I../port -DTIFF_DISABLE_DEPRECATED   -O2 -m64 -march=x86-64 -mtune=generic -flto=auto -ffat-lto-objects -Wall -W -MT tif_luv.lo -MD -MP -MF .deps/tif_luv.Tpo -c -o tif_luv.lo tif_luv.c
libtool: compile:  gcc -DHAVE_CONFIG_H -I. -I.. -I../port -I../libtiff -I../port -DTIFF_DISABLE_DEPRECATED -O2 -m64 -march=x86-64 -mtune=generic -flto=auto -ffat-lto-objects -Wall -W -MT tif_luv.lo -MD -MP -MF .deps/tif_luv.Tpo -c tif_luv.c  -fPIC -DPIC -o .libs/tif_luv.o
libtool: compile:  gcc -DHAVE_CONFIG_H -I. -I.. -I../port -I../libtiff -I../port -DTIFF_DISABLE_DEPRECATED -O2 -m64 -march=x86-64 -mtune=generic -flto=auto -ffat-lto-objects -Wall -W -MT tif_lerc.lo -MD -MP -MF .deps/tif_lerc.Tpo -c tif_lerc.c  -fPIC -DPIC -o .libs/tif_lerc.o
tif_luv.c:807:18: warning: argument 1 of type 'float[3]' with mismatched bound [-Warray-parameter=]
  807 | XYZtoRGB24(float xyz[3], uint8_t rgb[3])
      |            ~~~~~~^~~~~~
In file included from tiffiop.h:49,
                 from tif_luv.c:25:
tiffio.h:513:24: note: previously declared as 'float *'
  513 | extern void XYZtoRGB24(float*, uint8_t*);
      |                        ^~~~~~
tif_luv.c:807:34: warning: argument 2 of type 'uint8_t[3]' {aka 'unsigned char[3]'} with mismatched bound [-Warray-parameter=]
  807 | XYZtoRGB24(float xyz[3], uint8_t rgb[3])
      |                          ~~~~~~~~^~~~~~
tiffio.h:513:32: note: previously declared as 'uint8_t *' {aka 'unsigned char *'}
  513 | extern void XYZtoRGB24(float*, uint8_t*);
      |                                ^~~~~~~~
tif_luv.c:961:33: warning: argument 2 of type 'float[3]' with mismatched bound [-Warray-parameter=]
  961 | LogLuv24toXYZ(uint32_t p, float XYZ[3])
      |                           ~~~~~~^~~~~~
tiffio.h:515:37: note: previously declared as 'float *'
  515 | extern void LogLuv24toXYZ(uint32_t, float*);
      |                                     ^~~~~~
tif_luv.c:989:23: warning: argument 1 of type 'float[3]' with mismatched bound [-Warray-parameter=]
  989 | LogLuv24fromXYZ(float XYZ[3], int em)
      |                 ~~~~~~^~~~~~
tiffio.h:527:33: note: previously declared as 'float *'
  527 | extern uint32_t LogLuv24fromXYZ(float*, int);
      |                                 ^~~~~~
tif_luv.c:1102:33: warning: argument 2 of type 'float[3]' with mismatched bound [-Warray-parameter=]
 1102 | LogLuv32toXYZ(uint32_t p, float XYZ[3])
      |                           ~~~~~~^~~~~~
tiffio.h:516:37: note: previously declared as 'float *'
  516 | extern void LogLuv32toXYZ(uint32_t, float*);
      |                                     ^~~~~~
tif_luv.c:1127:23: warning: argument 1 of type 'float[3]' with mismatched bound [-Warray-parameter=]
 1127 | LogLuv32fromXYZ(float XYZ[3], int em)
      |                 ~~~~~~^~~~~~
tiffio.h:528:33: note: previously declared as 'float *'
  528 | extern uint32_t LogLuv32fromXYZ(float*, int);
      |                                 ^~~~~~
mv -f .deps/tif_lerc.Tpo .deps/tif_lerc.Plo
/bin/sh ../libtool  --tag=CC   --mode=compile gcc -DHAVE_CONFIG_H -I. -I.. -I../port  -I../libtiff -I../port -DTIFF_DISABLE_DEPRECATED   -O2 -m64 -march=x86-64 -mtune=generic -flto=auto -ffat-lto-objects -Wall -W -MT tif_lzma.lo -MD -MP -MF .deps/tif_lzma.Tpo -c -o tif_lzma.lo tif_lzma.c
libtool: compile:  gcc -DHAVE_CONFIG_H -I. -I.. -I../port -I../libtiff -I../port -DTIFF_DISABLE_DEPRECATED -O2 -m64 -march=x86-64 -mtune=generic -flto=auto -ffat-lto-objects -Wall -W -MT tif_lzma.lo -MD -MP -MF .deps/tif_lzma.Tpo -c tif_lzma.c  -fPIC -DPIC -o .libs/tif_lzma.o
mv -f .deps/tif_dir.Tpo .deps/tif_dir.Plo
/bin/sh ../libtool  --tag=CC   --mode=compile gcc -DHAVE_CONFIG_H -I. -I.. -I../port  -I../libtiff -I../port -DTIFF_DISABLE_DEPRECATED   -O2 -m64 -march=x86-64 -mtune=generic -flto=auto -ffat-lto-objects -Wall -W -MT tif_lzw.lo -MD -MP -MF .deps/tif_lzw.Tpo -c -o tif_lzw.lo tif_lzw.c
mv -f .deps/tif_lzma.Tpo .deps/tif_lzma.Plo
/bin/sh ../libtool  --tag=CC   --mode=compile gcc -DHAVE_CONFIG_H -I. -I.. -I../port  -I../libtiff -I../port -DTIFF_DISABLE_DEPRECATED   -O2 -m64 -march=x86-64 -mtune=generic -flto=auto -ffat-lto-objects -Wall -W -MT tif_next.lo -MD -MP -MF .deps/tif_next.Tpo -c -o tif_next.lo tif_next.c
libtool: compile:  gcc -DHAVE_CONFIG_H -I. -I.. -I../port -I../libtiff -I../port -DTIFF_DISABLE_DEPRECATED -O2 -m64 -march=x86-64 -mtune=generic -flto=auto -ffat-lto-objects -Wall -W -MT tif_lzw.lo -MD -MP -MF .deps/tif_lzw.Tpo -c tif_lzw.c  -fPIC -DPIC -o .libs/tif_lzw.o
libtool: compile:  gcc -DHAVE_CONFIG_H -I. -I.. -I../port -I../libtiff -I../port -DTIFF_DISABLE_DEPRECATED -O2 -m64 -march=x86-64 -mtune=generic -flto=auto -ffat-lto-objects -Wall -W -MT tif_next.lo -MD -MP -MF .deps/tif_next.Tpo -c tif_next.c  -fPIC -DPIC -o .libs/tif_next.o
mv -f .deps/tif_next.Tpo .deps/tif_next.Plo
/bin/sh ../libtool  --tag=CC   --mode=compile gcc -DHAVE_CONFIG_H -I. -I.. -I../port  -I../libtiff -I../port -DTIFF_DISABLE_DEPRECATED   -O2 -m64 -march=x86-64 -mtune=generic -flto=auto -ffat-lto-objects -Wall -W -MT tif_ojpeg.lo -MD -MP -MF .deps/tif_ojpeg.Tpo -c -o tif_ojpeg.lo tif_ojpeg.c
mv -f .deps/tif_jpeg.Tpo .deps/tif_jpeg.Plo
/bin/sh ../libtool  --tag=CC   --mode=compile gcc -DHAVE_CONFIG_H -I. -I.. -I../port  -I../libtiff -I../port -DTIFF_DISABLE_DEPRECATED   -O2 -m64 -march=x86-64 -mtune=generic -flto=auto -ffat-lto-objects -Wall -W -MT tif_open.lo -MD -MP -MF .deps/tif_open.Tpo -c -o tif_open.lo tif_open.c
libtool: compile:  gcc -DHAVE_CONFIG_H -I. -I.. -I../port -I../libtiff -I../port -DTIFF_DISABLE_DEPRECATED -O2 -m64 -march=x86-64 -mtune=generic -flto=auto -ffat-lto-objects -Wall -W -MT tif_open.lo -MD -MP -MF .deps/tif_open.Tpo -c tif_open.c  -fPIC -DPIC -o .libs/tif_open.o
libtool: compile:  gcc -DHAVE_CONFIG_H -I. -I.. -I../port -I../libtiff -I../port -DTIFF_DISABLE_DEPRECATED -O2 -m64 -march=x86-64 -mtune=generic -flto=auto -ffat-lto-objects -Wall -W -MT tif_ojpeg.lo -MD -MP -MF .deps/tif_ojpeg.Tpo -c tif_ojpeg.c  -fPIC -DPIC -o .libs/tif_ojpeg.o
mv -f .deps/tif_luv.Tpo .deps/tif_luv.Plo
/bin/sh ../libtool  --tag=CC   --mode=compile gcc -DHAVE_CONFIG_H -I. -I.. -I../port  -I../libtiff -I../port -DTIFF_DISABLE_DEPRECATED   -O2 -m64 -march=x86-64 -mtune=generic -flto=auto -ffat-lto-objects -Wall -W -MT tif_packbits.lo -MD -MP -MF .deps/tif_packbits.Tpo -c -o tif_packbits.lo tif_packbits.c
libtool: compile:  gcc -DHAVE_CONFIG_H -I. -I.. -I../port -I../libtiff -I../port -DTIFF_DISABLE_DEPRECATED -O2 -m64 -march=x86-64 -mtune=generic -flto=auto -ffat-lto-objects -Wall -W -MT tif_packbits.lo -MD -MP -MF .deps/tif_packbits.Tpo -c tif_packbits.c  -fPIC -DPIC -o .libs/tif_packbits.o
mv -f .deps/tif_lzw.Tpo .deps/tif_lzw.Plo
mv -f .deps/tif_open.Tpo .deps/tif_open.Plo
/bin/sh ../libtool  --tag=CC   --mode=compile gcc -DHAVE_CONFIG_H -I. -I.. -I../port  -I../libtiff -I../port -DTIFF_DISABLE_DEPRECATED   -O2 -m64 -march=x86-64 -mtune=generic -flto=auto -ffat-lto-objects -Wall -W -MT tif_pixarlog.lo -MD -MP -MF .deps/tif_pixarlog.Tpo -c -o tif_pixarlog.lo tif_pixarlog.c
/bin/sh ../libtool  --tag=CC   --mode=compile gcc -DHAVE_CONFIG_H -I. -I.. -I../port  -I../libtiff -I../port -DTIFF_DISABLE_DEPRECATED   -O2 -m64 -march=x86-64 -mtune=generic -flto=auto -ffat-lto-objects -Wall -W -MT tif_predict.lo -MD -MP -MF .deps/tif_predict.Tpo -c -o tif_predict.lo tif_predict.c
libtool: compile:  gcc -DHAVE_CONFIG_H -I. -I.. -I../port -I../libtiff -I../port -DTIFF_DISABLE_DEPRECATED -O2 -m64 -march=x86-64 -mtune=generic -flto=auto -ffat-lto-objects -Wall -W -MT tif_pixarlog.lo -MD -MP -MF .deps/tif_pixarlog.Tpo -c tif_pixarlog.c  -fPIC -DPIC -o .libs/tif_pixarlog.o
libtool: compile:  gcc -DHAVE_CONFIG_H -I. -I.. -I../port -I../libtiff -I../port -DTIFF_DISABLE_DEPRECATED -O2 -m64 -march=x86-64 -mtune=generic -flto=auto -ffat-lto-objects -Wall -W -MT tif_predict.lo -MD -MP -MF .deps/tif_predict.Tpo -c tif_predict.c  -fPIC -DPIC -o .libs/tif_predict.o
mv -f .deps/tif_dirwrite.Tpo .deps/tif_dirwrite.Plo
mv -f .deps/tif_packbits.Tpo .deps/tif_packbits.Plo
/bin/sh ../libtool  --tag=CC   --mode=compile gcc -DHAVE_CONFIG_H -I. -I.. -I../port  -I../libtiff -I../port -DTIFF_DISABLE_DEPRECATED   -O2 -m64 -march=x86-64 -mtune=generic -flto=auto -ffat-lto-objects -Wall -W -MT tif_print.lo -MD -MP -MF .deps/tif_print.Tpo -c -o tif_print.lo tif_print.c
/bin/sh ../libtool  --tag=CC   --mode=compile gcc -DHAVE_CONFIG_H -I. -I.. -I../port  -I../libtiff -I../port -DTIFF_DISABLE_DEPRECATED   -O2 -m64 -march=x86-64 -mtune=generic -flto=auto -ffat-lto-objects -Wall -W -MT tif_read.lo -MD -MP -MF .deps/tif_read.Tpo -c -o tif_read.lo tif_read.c
libtool: compile:  gcc -DHAVE_CONFIG_H -I. -I.. -I../port -I../libtiff -I../port -DTIFF_DISABLE_DEPRECATED -O2 -m64 -march=x86-64 -mtune=generic -flto=auto -ffat-lto-objects -Wall -W -MT tif_read.lo -MD -MP -MF .deps/tif_read.Tpo -c tif_read.c  -fPIC -DPIC -o .libs/tif_read.o
libtool: compile:  gcc -DHAVE_CONFIG_H -I. -I.. -I../port -I../libtiff -I../port -DTIFF_DISABLE_DEPRECATED -O2 -m64 -march=x86-64 -mtune=generic -flto=auto -ffat-lto-objects -Wall -W -MT tif_print.lo -MD -MP -MF .deps/tif_print.Tpo -c tif_print.c  -fPIC -DPIC -o .libs/tif_print.o
mv -f .deps/tif_predict.Tpo .deps/tif_predict.Plo
/bin/sh ../libtool  --tag=CC   --mode=compile gcc -DHAVE_CONFIG_H -I. -I.. -I../port  -I../libtiff -I../port -DTIFF_DISABLE_DEPRECATED   -O2 -m64 -march=x86-64 -mtune=generic -flto=auto -ffat-lto-objects -Wall -W -MT tif_strip.lo -MD -MP -MF .deps/tif_strip.Tpo -c -o tif_strip.lo tif_strip.c
mv -f .deps/tif_print.Tpo .deps/tif_print.Plo
/bin/sh ../libtool  --tag=CC   --mode=compile gcc -DHAVE_CONFIG_H -I. -I.. -I../port  -I../libtiff -I../port -DTIFF_DISABLE_DEPRECATED   -O2 -m64 -march=x86-64 -mtune=generic -flto=auto -ffat-lto-objects -Wall -W -MT tif_swab.lo -MD -MP -MF .deps/tif_swab.Tpo -c -o tif_swab.lo tif_swab.c
libtool: compile:  gcc -DHAVE_CONFIG_H -I. -I.. -I../port -I../libtiff -I../port -DTIFF_DISABLE_DEPRECATED -O2 -m64 -march=x86-64 -mtune=generic -flto=auto -ffat-lto-objects -Wall -W -MT tif_strip.lo -MD -MP -MF .deps/tif_strip.Tpo -c tif_strip.c  -fPIC -DPIC -o .libs/tif_strip.o
mv -f .deps/tif_read.Tpo .deps/tif_read.Plo
/bin/sh ../libtool  --tag=CC   --mode=compile gcc -DHAVE_CONFIG_H -I. -I.. -I../port  -I../libtiff -I../port -DTIFF_DISABLE_DEPRECATED   -O2 -m64 -march=x86-64 -mtune=generic -flto=auto -ffat-lto-objects -Wall -W -MT tif_thunder.lo -MD -MP -MF .deps/tif_thunder.Tpo -c -o tif_thunder.lo tif_thunder.c
libtool: compile:  gcc -DHAVE_CONFIG_H -I. -I.. -I../port -I../libtiff -I../port -DTIFF_DISABLE_DEPRECATED -O2 -m64 -march=x86-64 -mtune=generic -flto=auto -ffat-lto-objects -Wall -W -MT tif_swab.lo -MD -MP -MF .deps/tif_swab.Tpo -c tif_swab.c  -fPIC -DPIC -o .libs/tif_swab.o
libtool: compile:  gcc -DHAVE_CONFIG_H -I. -I.. -I../port -I../libtiff -I../port -DTIFF_DISABLE_DEPRECATED -O2 -m64 -march=x86-64 -mtune=generic -flto=auto -ffat-lto-objects -Wall -W -MT tif_thunder.lo -MD -MP -MF .deps/tif_thunder.Tpo -c tif_thunder.c  -fPIC -DPIC -o .libs/tif_thunder.o
mv -f .deps/tif_strip.Tpo .deps/tif_strip.Plo
/bin/sh ../libtool  --tag=CC   --mode=compile gcc -DHAVE_CONFIG_H -I. -I.. -I../port  -I../libtiff -I../port -DTIFF_DISABLE_DEPRECATED   -O2 -m64 -march=x86-64 -mtune=generic -flto=auto -ffat-lto-objects -Wall -W -MT tif_tile.lo -MD -MP -MF .deps/tif_tile.Tpo -c -o tif_tile.lo tif_tile.c
mv -f .deps/tif_dirread.Tpo .deps/tif_dirread.Plo
/bin/sh ../libtool  --tag=CC   --mode=compile gcc -DHAVE_CONFIG_H -I. -I.. -I../port  -I../libtiff -I../port -DTIFF_DISABLE_DEPRECATED   -O2 -m64 -march=x86-64 -mtune=generic -flto=auto -ffat-lto-objects -Wall -W -MT tif_version.lo -MD -MP -MF .deps/tif_version.Tpo -c -o tif_version.lo tif_version.c
mv -f .deps/tif_ojpeg.Tpo .deps/tif_ojpeg.Plo
/bin/sh ../libtool  --tag=CC   --mode=compile gcc -DHAVE_CONFIG_H -I. -I.. -I../port  -I../libtiff -I../port -DTIFF_DISABLE_DEPRECATED   -O2 -m64 -march=x86-64 -mtune=generic -flto=auto -ffat-lto-objects -Wall -W -MT tif_warning.lo -MD -MP -MF .deps/tif_warning.Tpo -c -o tif_warning.lo tif_warning.c
mv -f .deps/tif_swab.Tpo .deps/tif_swab.Plo
/bin/sh ../libtool  --tag=CC   --mode=compile gcc -DHAVE_CONFIG_H -I. -I.. -I../port  -I../libtiff -I../port -DTIFF_DISABLE_DEPRECATED   -O2 -m64 -march=x86-64 -mtune=generic -flto=auto -ffat-lto-objects -Wall -W -MT tif_webp.lo -MD -MP -MF .deps/tif_webp.Tpo -c -o tif_webp.lo tif_webp.c
libtool: compile:  gcc -DHAVE_CONFIG_H -I. -I.. -I../port -I../libtiff -I../port -DTIFF_DISABLE_DEPRECATED -O2 -m64 -march=x86-64 -mtune=generic -flto=auto -ffat-lto-objects -Wall -W -MT tif_version.lo -MD -MP -MF .deps/tif_version.Tpo -c tif_version.c  -fPIC -DPIC -o .libs/tif_version.o
mv -f .deps/tif_getimage.Tpo .deps/tif_getimage.Plo
/bin/sh ../libtool  --tag=CC   --mode=compile gcc -DHAVE_CONFIG_H -I. -I.. -I../port  -I../libtiff -I../port -DTIFF_DISABLE_DEPRECATED   -O2 -m64 -march=x86-64 -mtune=generic -flto=auto -ffat-lto-objects -Wall -W -MT tif_write.lo -MD -MP -MF .deps/tif_write.Tpo -c -o tif_write.lo tif_write.c
libtool: compile:  gcc -DHAVE_CONFIG_H -I. -I.. -I../port -I../libtiff -I../port -DTIFF_DISABLE_DEPRECATED -O2 -m64 -march=x86-64 -mtune=generic -flto=auto -ffat-lto-objects -Wall -W -MT tif_tile.lo -MD -MP -MF .deps/tif_tile.Tpo -c tif_tile.c  -fPIC -DPIC -o .libs/tif_tile.o
libtool: compile:  gcc -DHAVE_CONFIG_H -I. -I.. -I../port -I../libtiff -I../port -DTIFF_DISABLE_DEPRECATED -O2 -m64 -march=x86-64 -mtune=generic -flto=auto -ffat-lto-objects -Wall -W -MT tif_warning.lo -MD -MP -MF .deps/tif_warning.Tpo -c tif_warning.c  -fPIC -DPIC -o .libs/tif_warning.o
libtool: compile:  gcc -DHAVE_CONFIG_H -I. -I.. -I../port -I../libtiff -I../port -DTIFF_DISABLE_DEPRECATED -O2 -m64 -march=x86-64 -mtune=generic -flto=auto -ffat-lto-objects -Wall -W -MT tif_write.lo -MD -MP -MF .deps/tif_write.Tpo -c tif_write.c  -fPIC -DPIC -o .libs/tif_write.o
mv -f .deps/tif_version.Tpo .deps/tif_version.Plo
/bin/sh ../libtool  --tag=CC   --mode=compile gcc -DHAVE_CONFIG_H -I. -I.. -I../port  -I../libtiff -I../port -DTIFF_DISABLE_DEPRECATED   -O2 -m64 -march=x86-64 -mtune=generic -flto=auto -ffat-lto-objects -Wall -W -MT tif_zip.lo -MD -MP -MF .deps/tif_zip.Tpo -c -o tif_zip.lo tif_zip.c
mv -f .deps/tif_thunder.Tpo .deps/tif_thunder.Plo
libtool: compile:  gcc -DHAVE_CONFIG_H -I. -I.. -I../port -I../libtiff -I../port -DTIFF_DISABLE_DEPRECATED -O2 -m64 -march=x86-64 -mtune=generic -flto=auto -ffat-lto-objects -Wall -W -MT tif_webp.lo -MD -MP -MF .deps/tif_webp.Tpo -c tif_webp.c  -fPIC -DPIC -o .libs/tif_webp.o
/bin/sh ../libtool  --tag=CC   --mode=compile gcc -DHAVE_CONFIG_H -I. -I.. -I../port  -I../libtiff -I../port -DTIFF_DISABLE_DEPRECATED   -O2 -m64 -march=x86-64 -mtune=generic -flto=auto -ffat-lto-objects -Wall -W -MT tif_zstd.lo -MD -MP -MF .deps/tif_zstd.Tpo -c -o tif_zstd.lo tif_zstd.c
mv -f .deps/tif_warning.Tpo .deps/tif_warning.Plo
/bin/sh ../libtool  --tag=CC   --mode=compile gcc -DHAVE_CONFIG_H -I. -I.. -I../port  -I../libtiff -I../port -DTIFF_DISABLE_DEPRECATED   -O2 -m64 -march=x86-64 -mtune=generic -flto=auto -ffat-lto-objects -Wall -W -MT tif_unix.lo -MD -MP -MF .deps/tif_unix.Tpo -c -o tif_unix.lo tif_unix.c
libtool: compile:  gcc -DHAVE_CONFIG_H -I. -I.. -I../port -I../libtiff -I../port -DTIFF_DISABLE_DEPRECATED -O2 -m64 -march=x86-64 -mtune=generic -flto=auto -ffat-lto-objects -Wall -W -MT tif_zip.lo -MD -MP -MF .deps/tif_zip.Tpo -c tif_zip.c  -fPIC -DPIC -o .libs/tif_zip.o
libtool: compile:  gcc -DHAVE_CONFIG_H -I. -I.. -I../port -I../libtiff -I../port -DTIFF_DISABLE_DEPRECATED -O2 -m64 -march=x86-64 -mtune=generic -flto=auto -ffat-lto-objects -Wall -W -MT tif_zstd.lo -MD -MP -MF .deps/tif_zstd.Tpo -c tif_zstd.c  -fPIC -DPIC -o .libs/tif_zstd.o
mv -f .deps/tif_tile.Tpo .deps/tif_tile.Plo
/bin/sh ../libtool  --tag=CXX   --mode=compile g++ -DHAVE_CONFIG_H -I. -I.. -I../port  -I../libtiff -I../port -DTIFF_DISABLE_DEPRECATED   -O2 -m64 -march=x86-64 -mtune=generic -flto=auto -ffat-lto-objects -MT tif_stream.lo -MD -MP -MF .deps/tif_stream.Tpo -c -o tif_stream.lo tif_stream.cxx
libtool: compile:  gcc -DHAVE_CONFIG_H -I. -I.. -I../port -I../libtiff -I../port -DTIFF_DISABLE_DEPRECATED -O2 -m64 -march=x86-64 -mtune=generic -flto=auto -ffat-lto-objects -Wall -W -MT tif_unix.lo -MD -MP -MF .deps/tif_unix.Tpo -c tif_unix.c  -fPIC -DPIC -o .libs/tif_unix.o
mv -f .deps/tif_pixarlog.Tpo .deps/tif_pixarlog.Plo
/bin/sh ../libtool  --tag=CC   --mode=link gcc  -O2 -m64 -march=x86-64 -mtune=generic -flto=auto -ffat-lto-objects -Wall -W   -o mkg3states mkg3states.o ../port/libport.la -lwebp -lzstd -llzma -ljpeg -lz -lm 
libtool: compile:  g++ -DHAVE_CONFIG_H -I. -I.. -I../port -I../libtiff -I../port -DTIFF_DISABLE_DEPRECATED -O2 -m64 -march=x86-64 -mtune=generic -flto=auto -ffat-lto-objects -MT tif_stream.lo -MD -MP -MF .deps/tif_stream.Tpo -c tif_stream.cxx  -fPIC -DPIC -o .libs/tif_stream.o
mv -f .deps/tif_zstd.Tpo .deps/tif_zstd.Plo
mv -f .deps/tif_zip.Tpo .deps/tif_zip.Plo
mv -f .deps/tif_webp.Tpo .deps/tif_webp.Plo
libtool: link: gcc -O2 -m64 -march=x86-64 -mtune=generic -flto=auto -ffat-lto-objects -Wall -W -o mkg3states mkg3states.o  ../port/.libs/libport.a -lwebp -lzstd -llzma -ljpeg -lz -lm
mv -f .deps/tif_unix.Tpo .deps/tif_unix.Plo
mv -f .deps/tif_write.Tpo .deps/tif_write.Plo
mv -f .deps/tif_fax3.Tpo .deps/tif_fax3.Plo
/bin/sh ../libtool  --tag=CC   --mode=link gcc  -O2 -m64 -march=x86-64 -mtune=generic -flto=auto -ffat-lto-objects -Wall -W -no-undefined -version-info 12:0:7    -o libtiff.la -rpath /usr/lib tif_aux.lo tif_close.lo tif_codec.lo tif_color.lo tif_compress.lo tif_dir.lo tif_dirinfo.lo tif_dirread.lo tif_dirwrite.lo tif_dumpmode.lo tif_error.lo tif_extension.lo tif_fax3.lo tif_fax3sm.lo tif_flush.lo tif_getimage.lo tif_jbig.lo tif_jpeg.lo tif_jpeg_12.lo tif_lerc.lo tif_luv.lo tif_lzma.lo tif_lzw.lo tif_next.lo tif_ojpeg.lo tif_open.lo tif_packbits.lo tif_pixarlog.lo tif_predict.lo tif_print.lo tif_read.lo tif_strip.lo tif_swab.lo tif_thunder.lo tif_tile.lo tif_version.lo tif_warning.lo tif_webp.lo tif_write.lo tif_zip.lo tif_zstd.lo  tif_unix.lo  -lwebp -lzstd -llzma -ljpeg -lz -lm 
libtool: link: gcc -shared  -fPIC -DPIC  .libs/tif_aux.o .libs/tif_close.o .libs/tif_codec.o .libs/tif_color.o .libs/tif_compress.o .libs/tif_dir.o .libs/tif_dirinfo.o .libs/tif_dirread.o .libs/tif_dirwrite.o .libs/tif_dumpmode.o .libs/tif_error.o .libs/tif_extension.o .libs/tif_fax3.o .libs/tif_fax3sm.o .libs/tif_flush.o .libs/tif_getimage.o .libs/tif_jbig.o .libs/tif_jpeg.o .libs/tif_jpeg_12.o .libs/tif_lerc.o .libs/tif_luv.o .libs/tif_lzma.o .libs/tif_lzw.o .libs/tif_next.o .libs/tif_ojpeg.o .libs/tif_open.o .libs/tif_packbits.o .libs/tif_pixarlog.o .libs/tif_predict.o .libs/tif_print.o .libs/tif_read.o .libs/tif_strip.o .libs/tif_swab.o .libs/tif_thunder.o .libs/tif_tile.o .libs/tif_version.o .libs/tif_warning.o .libs/tif_webp.o .libs/tif_write.o .libs/tif_zip.o .libs/tif_zstd.o .libs/tif_unix.o   -lwebp -lzstd -llzma -ljpeg -lz -lm  -O2 -m64 -march=x86-64 -mtune=generic -flto=auto   -Wl,-soname -Wl,libtiff.so.5 -o .libs/libtiff.so.5.7.0
mv -f .deps/tif_stream.Tpo .deps/tif_stream.Plo
libtool: link: (cd ".libs" && rm -f "libtiff.so.5" && ln -s "libtiff.so.5.7.0" "libtiff.so.5")
libtool: link: (cd ".libs" && rm -f "libtiff.so" && ln -s "libtiff.so.5.7.0" "libtiff.so")
libtool: link: ( cd ".libs" && rm -f "libtiff.la" && ln -s "../libtiff.la" "libtiff.la" )
/bin/sh ../libtool  --tag=CXX   --mode=link g++  -O2 -m64 -march=x86-64 -mtune=generic -flto=auto -ffat-lto-objects -no-undefined -version-info 12:0:7    -o libtiffxx.la -rpath /usr/lib tif_stream.lo ../libtiff/libtiff.la -lwebp -lzstd -llzma -ljpeg -lz -lm 
libtool: link: g++  -fPIC -DPIC -shared -nostdlib /usr/lib/gcc/x86_64-unknown-linux-gnu/14.1.0/../../../../lib/crti.o /usr/lib/gcc/x86_64-unknown-linux-gnu/14.1.0/crtbeginS.o  .libs/tif_stream.o   -Wl,-rpath -Wl,/home/devel/building/work/src/tiff-4.3.0/libtiff/.libs -Wl,-rpath -Wl,/usr/lib/../lib -Wl,-rpath -Wl,/usr/lib/../lib ../libtiff/.libs/libtiff.so -lwebp -lzstd -llzma -ljpeg -lz -L/usr/lib/gcc/x86_64-unknown-linux-gnu/14.1.0 -L/usr/lib/gcc/x86_64-unknown-linux-gnu/14.1.0/../../../../lib -L/lib/../lib -L/usr/lib/../lib -L/usr/lib/gcc/x86_64-unknown-linux-gnu/14.1.0/../../.. /usr/lib/../lib/libstdc++.so -lm -lc -lgcc_s /usr/lib/gcc/x86_64-unknown-linux-gnu/14.1.0/crtendS.o /usr/lib/gcc/x86_64-unknown-linux-gnu/14.1.0/../../../../lib/crtn.o  -O2 -m64 -march=x86-64 -mtune=generic -flto=auto   -Wl,-soname -Wl,libtiffxx.so.5 -o .libs/libtiffxx.so.5.7.0
libtool: link: (cd ".libs" && rm -f "libtiffxx.so.5" && ln -s "libtiffxx.so.5.7.0" "libtiffxx.so.5")
libtool: link: (cd ".libs" && rm -f "libtiffxx.so" && ln -s "libtiffxx.so.5.7.0" "libtiffxx.so")
libtool: link: ( cd ".libs" && rm -f "libtiffxx.la" && ln -s "../libtiffxx.la" "libtiffxx.la" )
make[3]: Leaving directory '/home/devel/building/work/src/tiff-4.3.0/libtiff'
make[2]: Leaving directory '/home/devel/building/work/src/tiff-4.3.0/libtiff'
Making all in tools
make[2]: Entering directory '/home/devel/building/work/src/tiff-4.3.0/tools'
gcc -DHAVE_CONFIG_H -I. -I.. -I../libtiff -I../port  -I../libtiff -I../port -DTIFF_DISABLE_DEPRECATED   -O2 -m64 -march=x86-64 -mtune=generic -flto=auto -ffat-lto-objects -Wall -W -MT fax2ps.o -MD -MP -MF .deps/fax2ps.Tpo -c -o fax2ps.o fax2ps.c
gcc -DHAVE_CONFIG_H -I. -I.. -I../libtiff -I../port  -I../libtiff -I../port -DTIFF_DISABLE_DEPRECATED   -O2 -m64 -march=x86-64 -mtune=generic -flto=auto -ffat-lto-objects -Wall -W -MT fax2tiff.o -MD -MP -MF .deps/fax2tiff.Tpo -c -o fax2tiff.o fax2tiff.c
gcc -DHAVE_CONFIG_H -I. -I.. -I../libtiff -I../port  -I../libtiff -I../port -DTIFF_DISABLE_DEPRECATED   -O2 -m64 -march=x86-64 -mtune=generic -flto=auto -ffat-lto-objects -Wall -W -MT pal2rgb.o -MD -MP -MF .deps/pal2rgb.Tpo -c -o pal2rgb.o pal2rgb.c
gcc -DHAVE_CONFIG_H -I. -I.. -I../libtiff -I../port  -I../libtiff -I../port -DTIFF_DISABLE_DEPRECATED   -O2 -m64 -march=x86-64 -mtune=generic -flto=auto -ffat-lto-objects -Wall -W -MT ppm2tiff.o -MD -MP -MF .deps/ppm2tiff.Tpo -c -o ppm2tiff.o ppm2tiff.c
gcc -DHAVE_CONFIG_H -I. -I.. -I../libtiff -I../port  -I../libtiff -I../port -DTIFF_DISABLE_DEPRECATED   -O2 -m64 -march=x86-64 -mtune=generic -flto=auto -ffat-lto-objects -Wall -W -MT raw2tiff.o -MD -MP -MF .deps/raw2tiff.Tpo -c -o raw2tiff.o raw2tiff.c
gcc -DHAVE_CONFIG_H -I. -I.. -I../libtiff -I../port  -I../libtiff -I../port -DTIFF_DISABLE_DEPRECATED   -O2 -m64 -march=x86-64 -mtune=generic -flto=auto -ffat-lto-objects -Wall -W -MT tiff2bw.o -MD -MP -MF .deps/tiff2bw.Tpo -c -o tiff2bw.o tiff2bw.c
gcc -DHAVE_CONFIG_H -I. -I.. -I../libtiff -I../port  -I../libtiff -I../port -DTIFF_DISABLE_DEPRECATED   -O2 -m64 -march=x86-64 -mtune=generic -flto=auto -ffat-lto-objects -Wall -W -MT tiff2pdf.o -MD -MP -MF .deps/tiff2pdf.Tpo -c -o tiff2pdf.o tiff2pdf.c
gcc -DHAVE_CONFIG_H -I. -I.. -I../libtiff -I../port  -I../libtiff -I../port -DTIFF_DISABLE_DEPRECATED   -O2 -m64 -march=x86-64 -mtune=generic -flto=auto -ffat-lto-objects -Wall -W -MT tiff2ps.o -MD -MP -MF .deps/tiff2ps.Tpo -c -o tiff2ps.o tiff2ps.c
mv -f .deps/fax2tiff.Tpo .deps/fax2tiff.Po
gcc -DHAVE_CONFIG_H -I. -I.. -I../libtiff -I../port  -I../libtiff -I../port -DTIFF_DISABLE_DEPRECATED   -O2 -m64 -march=x86-64 -mtune=generic -flto=auto -ffat-lto-objects -Wall -W -MT tiff2rgba.o -MD -MP -MF .deps/tiff2rgba.Tpo -c -o tiff2rgba.o tiff2rgba.c
mv -f .deps/pal2rgb.Tpo .deps/pal2rgb.Po
gcc -DHAVE_CONFIG_H -I. -I.. -I../libtiff -I../port  -I../libtiff -I../port -DTIFF_DISABLE_DEPRECATED   -O2 -m64 -march=x86-64 -mtune=generic -flto=auto -ffat-lto-objects -Wall -W -MT tiffcmp.o -MD -MP -MF .deps/tiffcmp.Tpo -c -o tiffcmp.o tiffcmp.c
mv -f .deps/fax2ps.Tpo .deps/fax2ps.Po
gcc -DHAVE_CONFIG_H -I. -I.. -I../libtiff -I../port  -I../libtiff -I../port -DTIFF_DISABLE_DEPRECATED   -O2 -m64 -march=x86-64 -mtune=generic -flto=auto -ffat-lto-objects -Wall -W -MT tiffcp.o -MD -MP -MF .deps/tiffcp.Tpo -c -o tiffcp.o tiffcp.c
mv -f .deps/ppm2tiff.Tpo .deps/ppm2tiff.Po
gcc -DHAVE_CONFIG_H -I. -I.. -I../libtiff -I../port  -I../libtiff -I../port -DTIFF_DISABLE_DEPRECATED   -O2 -m64 -march=x86-64 -mtune=generic -flto=auto -ffat-lto-objects -Wall -W -MT tiffcrop.o -MD -MP -MF .deps/tiffcrop.Tpo -c -o tiffcrop.o tiffcrop.c
mv -f .deps/tiff2bw.Tpo .deps/tiff2bw.Po
gcc -DHAVE_CONFIG_H -I. -I.. -I../libtiff -I../port  -I../libtiff -I../port -DTIFF_DISABLE_DEPRECATED   -O2 -m64 -march=x86-64 -mtune=generic -flto=auto -ffat-lto-objects -Wall -W -MT tiffdither.o -MD -MP -MF .deps/tiffdither.Tpo -c -o tiffdither.o tiffdither.c
mv -f .deps/raw2tiff.Tpo .deps/raw2tiff.Po
gcc -DHAVE_CONFIG_H -I. -I.. -I../libtiff -I../port  -I../libtiff -I../port -DTIFF_DISABLE_DEPRECATED   -O2 -m64 -march=x86-64 -mtune=generic -flto=auto -ffat-lto-objects -Wall -W -MT tiffdump.o -MD -MP -MF .deps/tiffdump.Tpo -c -o tiffdump.o tiffdump.c
mv -f .deps/tiff2rgba.Tpo .deps/tiff2rgba.Po
gcc -DHAVE_CONFIG_H -I. -I.. -I../libtiff -I../port  -I../libtiff -I../port -DTIFF_DISABLE_DEPRECATED   -O2 -m64 -march=x86-64 -mtune=generic -flto=auto -ffat-lto-objects -Wall -W -MT tiffinfo.o -MD -MP -MF .deps/tiffinfo.Tpo -c -o tiffinfo.o tiffinfo.c
tiffdump.c: In function 'dump':
tiffdump.c:208:21: warning: 'read' writing 12 bytes into a region of size 2 overflows the destination [-Wstringop-overflow=]
  208 |                 if (read(fd, (char*) &hdr.big.tiff_offsetsize, 12) != 12)
      |                     ^~~~~~~~~~~~~~~~~~~~~~~~~~~~~~~~~~~~~~~~~~~~~~
In file included from ../libtiff/tiffio.h:31,
                 from ../libtiff/tiffiop.h:49,
                 from tiffdump.c:36:
../libtiff/tiff.h:116:18: note: destination object 'tiff_offsetsize' of size 2
  116 |         uint16_t tiff_offsetsize; /* size of offsets, should be 8 */
      |                  ^~~~~~~~~~~~~~~
In file included from ../port/libport.h:31,
                 from tiffdump.c:26:
/usr/include/unistd.h:371:16: note: in a call to function 'read' declared with attribute 'access (write_only, 2, 3)'
  371 | extern ssize_t read (int __fd, void *__buf, size_t __nbytes) __wur
      |                ^~~~
mv -f .deps/tiffdither.Tpo .deps/tiffdither.Po
gcc -DHAVE_CONFIG_H -I. -I.. -I../libtiff -I../port  -I../libtiff -I../port -DTIFF_DISABLE_DEPRECATED   -O2 -m64 -march=x86-64 -mtune=generic -flto=auto -ffat-lto-objects -Wall -W -MT tiffmedian.o -MD -MP -MF .deps/tiffmedian.Tpo -c -o tiffmedian.o tiffmedian.c
mv -f .deps/tiffcmp.Tpo .deps/tiffcmp.Po
gcc -DHAVE_CONFIG_H -I. -I.. -I../libtiff -I../port  -I../libtiff -I../port -DTIFF_DISABLE_DEPRECATED   -O2 -m64 -march=x86-64 -mtune=generic -flto=auto -ffat-lto-objects -Wall -W -MT tiffset.o -MD -MP -MF .deps/tiffset.Tpo -c -o tiffset.o tiffset.c
mv -f .deps/tiffinfo.Tpo .deps/tiffinfo.Po
gcc -DHAVE_CONFIG_H -I. -I.. -I../libtiff -I../port  -I../libtiff -I../port -DTIFF_DISABLE_DEPRECATED   -O2 -m64 -march=x86-64 -mtune=generic -flto=auto -ffat-lto-objects -Wall -W -MT tiffsplit.o -MD -MP -MF .deps/tiffsplit.Tpo -c -o tiffsplit.o tiffsplit.c
mv -f .deps/tiffdump.Tpo .deps/tiffdump.Po
/bin/sh ../libtool  --tag=CC   --mode=link gcc  -O2 -m64 -march=x86-64 -mtune=generic -flto=auto -ffat-lto-objects -Wall -W   -o fax2ps fax2ps.o ../libtiff/libtiff.la ../port/libport.la -lwebp -lzstd -llzma -ljpeg -lz -lm 
mv -f .deps/tiffset.Tpo .deps/tiffset.Po
/bin/sh ../libtool  --tag=CC   --mode=link gcc  -O2 -m64 -march=x86-64 -mtune=generic -flto=auto -ffat-lto-objects -Wall -W   -o fax2tiff fax2tiff.o ../libtiff/libtiff.la ../port/libport.la -lwebp -lzstd -llzma -ljpeg -lz -lm 
libtool: link: gcc -O2 -m64 -march=x86-64 -mtune=generic -flto=auto -ffat-lto-objects -Wall -W -o .libs/fax2ps fax2ps.o  ../libtiff/.libs/libtiff.so ../port/.libs/libport.a -lwebp -lzstd -llzma -ljpeg -lz -lm
libtool: link: gcc -O2 -m64 -march=x86-64 -mtune=generic -flto=auto -ffat-lto-objects -Wall -W -o .libs/fax2tiff fax2tiff.o  ../libtiff/.libs/libtiff.so ../port/.libs/libport.a -lwebp -lzstd -llzma -ljpeg -lz -lm
mv -f .deps/tiffsplit.Tpo .deps/tiffsplit.Po
/bin/sh ../libtool  --tag=CC   --mode=link gcc  -O2 -m64 -march=x86-64 -mtune=generic -flto=auto -ffat-lto-objects -Wall -W   -o pal2rgb pal2rgb.o ../libtiff/libtiff.la ../port/libport.la -lwebp -lzstd -llzma -ljpeg -lz -lm 
mv -f .deps/tiffmedian.Tpo .deps/tiffmedian.Po
/bin/sh ../libtool  --tag=CC   --mode=link gcc  -O2 -m64 -march=x86-64 -mtune=generic -flto=auto -ffat-lto-objects -Wall -W   -o ppm2tiff ppm2tiff.o ../libtiff/libtiff.la ../port/libport.la -lwebp -lzstd -llzma -ljpeg -lz -lm 
libtool: link: gcc -O2 -m64 -march=x86-64 -mtune=generic -flto=auto -ffat-lto-objects -Wall -W -o .libs/pal2rgb pal2rgb.o  ../libtiff/.libs/libtiff.so ../port/.libs/libport.a -lwebp -lzstd -llzma -ljpeg -lz -lm
mv -f .deps/tiffcp.Tpo .deps/tiffcp.Po
/bin/sh ../libtool  --tag=CC   --mode=link gcc  -O2 -m64 -march=x86-64 -mtune=generic -flto=auto -ffat-lto-objects -Wall -W   -o raw2tiff raw2tiff.o ../libtiff/libtiff.la ../port/libport.la -lwebp -lzstd -llzma -ljpeg -lz -lm 
libtool: link: gcc -O2 -m64 -march=x86-64 -mtune=generic -flto=auto -ffat-lto-objects -Wall -W -o .libs/ppm2tiff ppm2tiff.o  ../libtiff/.libs/libtiff.so ../port/.libs/libport.a -lwebp -lzstd -llzma -ljpeg -lz -lm
/bin/sh ../libtool  --tag=CC   --mode=link gcc  -O2 -m64 -march=x86-64 -mtune=generic -flto=auto -ffat-lto-objects -Wall -W   -o tiff2bw tiff2bw.o ../libtiff/libtiff.la ../port/libport.la -lwebp -lzstd -llzma -ljpeg -lz -lm 
/bin/sh ../libtool  --tag=CC   --mode=link gcc  -O2 -m64 -march=x86-64 -mtune=generic -flto=auto -ffat-lto-objects -Wall -W   -o tiff2rgba tiff2rgba.o ../libtiff/libtiff.la ../port/libport.la -lwebp -lzstd -llzma -ljpeg -lz -lm 
mv -f .deps/tiff2ps.Tpo .deps/tiff2ps.Po
/bin/sh ../libtool  --tag=CC   --mode=link gcc  -O2 -m64 -march=x86-64 -mtune=generic -flto=auto -ffat-lto-objects -Wall -W   -o tiffcmp tiffcmp.o ../libtiff/libtiff.la ../port/libport.la -lwebp -lzstd -llzma -ljpeg -lz -lm 
libtool: link: gcc -O2 -m64 -march=x86-64 -mtune=generic -flto=auto -ffat-lto-objects -Wall -W -o .libs/raw2tiff raw2tiff.o  ../libtiff/.libs/libtiff.so ../port/.libs/libport.a -lwebp -lzstd -llzma -ljpeg -lz -lm
libtool: link: gcc -O2 -m64 -march=x86-64 -mtune=generic -flto=auto -ffat-lto-objects -Wall -W -o .libs/tiff2rgba tiff2rgba.o  ../libtiff/.libs/libtiff.so ../port/.libs/libport.a -lwebp -lzstd -llzma -ljpeg -lz -lm
libtool: link: gcc -O2 -m64 -march=x86-64 -mtune=generic -flto=auto -ffat-lto-objects -Wall -W -o .libs/tiff2bw tiff2bw.o  ../libtiff/.libs/libtiff.so ../port/.libs/libport.a -lwebp -lzstd -llzma -ljpeg -lz -lm
libtool: link: gcc -O2 -m64 -march=x86-64 -mtune=generic -flto=auto -ffat-lto-objects -Wall -W -o .libs/tiffcmp tiffcmp.o  ../libtiff/.libs/libtiff.so ../port/.libs/libport.a -lwebp -lzstd -llzma -ljpeg -lz -lm
/bin/sh ../libtool  --tag=CC   --mode=link gcc  -O2 -m64 -march=x86-64 -mtune=generic -flto=auto -ffat-lto-objects -Wall -W   -o tiffcp tiffcp.o ../libtiff/libtiff.la ../port/libport.la -lwebp -lzstd -llzma -ljpeg -lz -lm 
/bin/sh ../libtool  --tag=CC   --mode=link gcc  -O2 -m64 -march=x86-64 -mtune=generic -flto=auto -ffat-lto-objects -Wall -W   -o tiffdither tiffdither.o ../libtiff/libtiff.la ../port/libport.la -lwebp -lzstd -llzma -ljpeg -lz -lm 
libtool: link: gcc -O2 -m64 -march=x86-64 -mtune=generic -flto=auto -ffat-lto-objects -Wall -W -o .libs/tiffcp tiffcp.o  ../libtiff/.libs/libtiff.so ../port/.libs/libport.a -lwebp -lzstd -llzma -ljpeg -lz -lm
libtool: link: gcc -O2 -m64 -march=x86-64 -mtune=generic -flto=auto -ffat-lto-objects -Wall -W -o .libs/tiffdither tiffdither.o  ../libtiff/.libs/libtiff.so ../port/.libs/libport.a -lwebp -lzstd -llzma -ljpeg -lz -lm
/bin/sh ../libtool  --tag=CC   --mode=link gcc  -O2 -m64 -march=x86-64 -mtune=generic -flto=auto -ffat-lto-objects -Wall -W   -o tiffdump tiffdump.o ../libtiff/libtiff.la ../port/libport.la -lwebp -lzstd -llzma -ljpeg -lz -lm 
/bin/sh ../libtool  --tag=CC   --mode=link gcc  -O2 -m64 -march=x86-64 -mtune=generic -flto=auto -ffat-lto-objects -Wall -W   -o tiffinfo tiffinfo.o ../libtiff/libtiff.la ../port/libport.la -lwebp -lzstd -llzma -ljpeg -lz -lm 
/bin/sh ../libtool  --tag=CC   --mode=link gcc  -O2 -m64 -march=x86-64 -mtune=generic -flto=auto -ffat-lto-objects -Wall -W   -o tiffmedian tiffmedian.o ../libtiff/libtiff.la ../port/libport.la -lwebp -lzstd -llzma -ljpeg -lz -lm 
/bin/sh ../libtool  --tag=CC   --mode=link gcc  -O2 -m64 -march=x86-64 -mtune=generic -flto=auto -ffat-lto-objects -Wall -W   -o tiffset tiffset.o ../libtiff/libtiff.la ../port/libport.la -lwebp -lzstd -llzma -ljpeg -lz -lm 
libtool: link: gcc -O2 -m64 -march=x86-64 -mtune=generic -flto=auto -ffat-lto-objects -Wall -W -o .libs/tiffmedian tiffmedian.o  ../libtiff/.libs/libtiff.so ../port/.libs/libport.a -lwebp -lzstd -llzma -ljpeg -lz -lm
libtool: link: gcc -O2 -m64 -march=x86-64 -mtune=generic -flto=auto -ffat-lto-objects -Wall -W -o .libs/tiffinfo tiffinfo.o  ../libtiff/.libs/libtiff.so ../port/.libs/libport.a -lwebp -lzstd -llzma -ljpeg -lz -lm
/bin/sh ../libtool  --tag=CC   --mode=link gcc  -O2 -m64 -march=x86-64 -mtune=generic -flto=auto -ffat-lto-objects -Wall -W   -o tiffsplit tiffsplit.o ../libtiff/libtiff.la ../port/libport.la -lwebp -lzstd -llzma -ljpeg -lz -lm 
libtool: link: gcc -O2 -m64 -march=x86-64 -mtune=generic -flto=auto -ffat-lto-objects -Wall -W -o .libs/tiffdump tiffdump.o  ../libtiff/.libs/libtiff.so ../port/.libs/libport.a -lwebp -lzstd -llzma -ljpeg -lz -lm
libtool: link: gcc -O2 -m64 -march=x86-64 -mtune=generic -flto=auto -ffat-lto-objects -Wall -W -o .libs/tiffset tiffset.o  ../libtiff/.libs/libtiff.so ../port/.libs/libport.a -lwebp -lzstd -llzma -ljpeg -lz -lm
libtool: link: gcc -O2 -m64 -march=x86-64 -mtune=generic -flto=auto -ffat-lto-objects -Wall -W -o .libs/tiffsplit tiffsplit.o  ../libtiff/.libs/libtiff.so ../port/.libs/libport.a -lwebp -lzstd -llzma -ljpeg -lz -lm
/bin/sh ../libtool  --tag=CC   --mode=link gcc  -O2 -m64 -march=x86-64 -mtune=generic -flto=auto -ffat-lto-objects -Wall -W   -o tiff2ps tiff2ps.o ../libtiff/libtiff.la ../port/libport.la -lwebp -lzstd -llzma -ljpeg -lz -lm 
mv -f .deps/tiff2pdf.Tpo .deps/tiff2pdf.Po
/bin/sh ../libtool  --tag=CC   --mode=link gcc  -O2 -m64 -march=x86-64 -mtune=generic -flto=auto -ffat-lto-objects -Wall -W   -o tiff2pdf tiff2pdf.o ../libtiff/libtiff.la ../port/libport.la -lwebp -lzstd -llzma -ljpeg -lz -lm 
libtool: link: gcc -O2 -m64 -march=x86-64 -mtune=generic -flto=auto -ffat-lto-objects -Wall -W -o .libs/tiff2ps tiff2ps.o  ../libtiff/.libs/libtiff.so ../port/.libs/libport.a -lwebp -lzstd -llzma -ljpeg -lz -lm
libtool: link: gcc -O2 -m64 -march=x86-64 -mtune=generic -flto=auto -ffat-lto-objects -Wall -W -o .libs/tiff2pdf tiff2pdf.o  ../libtiff/.libs/libtiff.so ../port/.libs/libport.a -lwebp -lzstd -llzma -ljpeg -lz -lm
mv -f .deps/tiffcrop.Tpo .deps/tiffcrop.Po
/bin/sh ../libtool  --tag=CC   --mode=link gcc  -O2 -m64 -march=x86-64 -mtune=generic -flto=auto -ffat-lto-objects -Wall -W   -o tiffcrop tiffcrop.o ../libtiff/libtiff.la ../port/libport.la -lwebp -lzstd -llzma -ljpeg -lz -lm 
libtool: link: gcc -O2 -m64 -march=x86-64 -mtune=generic -flto=auto -ffat-lto-objects -Wall -W -o .libs/tiffcrop tiffcrop.o  ../libtiff/.libs/libtiff.so ../port/.libs/libport.a -lwebp -lzstd -llzma -ljpeg -lz -lm
make[2]: Leaving directory '/home/devel/building/work/src/tiff-4.3.0/tools'
Making all in build
make[2]: Entering directory '/home/devel/building/work/src/tiff-4.3.0/build'
make[3]: Entering directory '/home/devel/building/work/src/tiff-4.3.0/build'
make[3]: Nothing to be done for 'all-am'.
make[3]: Leaving directory '/home/devel/building/work/src/tiff-4.3.0/build'
make[2]: Leaving directory '/home/devel/building/work/src/tiff-4.3.0/build'
Making all in contrib
make[2]: Entering directory '/home/devel/building/work/src/tiff-4.3.0/contrib'
Making all in addtiffo
make[3]: Entering directory '/home/devel/building/work/src/tiff-4.3.0/contrib/addtiffo'
gcc -DHAVE_CONFIG_H -I. -I../.. -I../../libtiff -I../../port  -I../../libtiff -DTIFF_DISABLE_DEPRECATED   -O2 -m64 -march=x86-64 -mtune=generic -flto=auto -ffat-lto-objects -Wall -W -MT addtiffo.o -MD -MP -MF .deps/addtiffo.Tpo -c -o addtiffo.o addtiffo.c
gcc -DHAVE_CONFIG_H -I. -I../.. -I../../libtiff -I../../port  -I../../libtiff -DTIFF_DISABLE_DEPRECATED   -O2 -m64 -march=x86-64 -mtune=generic -flto=auto -ffat-lto-objects -Wall -W -MT tif_overview.o -MD -MP -MF .deps/tif_overview.Tpo -c -o tif_overview.o tif_overview.c
gcc -DHAVE_CONFIG_H -I. -I../.. -I../../libtiff -I../../port  -I../../libtiff -DTIFF_DISABLE_DEPRECATED   -O2 -m64 -march=x86-64 -mtune=generic -flto=auto -ffat-lto-objects -Wall -W -MT tif_ovrcache.o -MD -MP -MF .deps/tif_ovrcache.Tpo -c -o tif_ovrcache.o tif_ovrcache.c
mv -f .deps/addtiffo.Tpo .deps/addtiffo.Po
mv -f .deps/tif_ovrcache.Tpo .deps/tif_ovrcache.Po
mv -f .deps/tif_overview.Tpo .deps/tif_overview.Po
/bin/sh ../../libtool  --tag=CC   --mode=link gcc  -O2 -m64 -march=x86-64 -mtune=generic -flto=auto -ffat-lto-objects -Wall -W   -o addtiffo addtiffo.o tif_overview.o tif_ovrcache.o ../../libtiff/libtiff.la -lwebp -lzstd -llzma -ljpeg -lz -lm 
libtool: link: gcc -O2 -m64 -march=x86-64 -mtune=generic -flto=auto -ffat-lto-objects -Wall -W -o .libs/addtiffo addtiffo.o tif_overview.o tif_ovrcache.o  ../../libtiff/.libs/libtiff.so -lwebp -lzstd -llzma -ljpeg -lz -lm
make[3]: Leaving directory '/home/devel/building/work/src/tiff-4.3.0/contrib/addtiffo'
Making all in dbs
make[3]: Entering directory '/home/devel/building/work/src/tiff-4.3.0/contrib/dbs'
Making all in xtiff
make[4]: Entering directory '/home/devel/building/work/src/tiff-4.3.0/contrib/dbs/xtiff'
make[4]: Nothing to be done for 'all'.
make[4]: Leaving directory '/home/devel/building/work/src/tiff-4.3.0/contrib/dbs/xtiff'
make[4]: Entering directory '/home/devel/building/work/src/tiff-4.3.0/contrib/dbs'
gcc -DHAVE_CONFIG_H -I. -I../.. -I../../libtiff -I../../port  -I../../libtiff -DTIFF_DISABLE_DEPRECATED   -O2 -m64 -march=x86-64 -mtune=generic -flto=auto -ffat-lto-objects -Wall -W -MT tiff-bi.o -MD -MP -MF .deps/tiff-bi.Tpo -c -o tiff-bi.o tiff-bi.c
gcc -DHAVE_CONFIG_H -I. -I../.. -I../../libtiff -I../../port  -I../../libtiff -DTIFF_DISABLE_DEPRECATED   -O2 -m64 -march=x86-64 -mtune=generic -flto=auto -ffat-lto-objects -Wall -W -MT tiff-grayscale.o -MD -MP -MF .deps/tiff-grayscale.Tpo -c -o tiff-grayscale.o tiff-grayscale.c
gcc -DHAVE_CONFIG_H -I. -I../.. -I../../libtiff -I../../port  -I../../libtiff -DTIFF_DISABLE_DEPRECATED   -O2 -m64 -march=x86-64 -mtune=generic -flto=auto -ffat-lto-objects -Wall -W -MT tiff-palette.o -MD -MP -MF .deps/tiff-palette.Tpo -c -o tiff-palette.o tiff-palette.c
gcc -DHAVE_CONFIG_H -I. -I../.. -I../../libtiff -I../../port  -I../../libtiff -DTIFF_DISABLE_DEPRECATED   -O2 -m64 -march=x86-64 -mtune=generic -flto=auto -ffat-lto-objects -Wall -W -MT tiff-rgb.o -MD -MP -MF .deps/tiff-rgb.Tpo -c -o tiff-rgb.o tiff-rgb.c
mv -f .deps/tiff-bi.Tpo .deps/tiff-bi.Po
/bin/sh ../../libtool  --tag=CC   --mode=link gcc  -O2 -m64 -march=x86-64 -mtune=generic -flto=auto -ffat-lto-objects -Wall -W   -o tiff-bi tiff-bi.o ../../libtiff/libtiff.la -lwebp -lzstd -llzma -ljpeg -lz -lm 
mv -f .deps/tiff-grayscale.Tpo .deps/tiff-grayscale.Po
/bin/sh ../../libtool  --tag=CC   --mode=link gcc  -O2 -m64 -march=x86-64 -mtune=generic -flto=auto -ffat-lto-objects -Wall -W   -o tiff-grayscale tiff-grayscale.o ../../libtiff/libtiff.la -lwebp -lzstd -llzma -ljpeg -lz -lm 
libtool: link: gcc -O2 -m64 -march=x86-64 -mtune=generic -flto=auto -ffat-lto-objects -Wall -W -o .libs/tiff-bi tiff-bi.o  ../../libtiff/.libs/libtiff.so -lwebp -lzstd -llzma -ljpeg -lz -lm
mv -f .deps/tiff-rgb.Tpo .deps/tiff-rgb.Po
mv -f .deps/tiff-palette.Tpo .deps/tiff-palette.Po
/bin/sh ../../libtool  --tag=CC   --mode=link gcc  -O2 -m64 -march=x86-64 -mtune=generic -flto=auto -ffat-lto-objects -Wall -W   -o tiff-rgb tiff-rgb.o ../../libtiff/libtiff.la -lwebp -lzstd -llzma -ljpeg -lz -lm 
/bin/sh ../../libtool  --tag=CC   --mode=link gcc  -O2 -m64 -march=x86-64 -mtune=generic -flto=auto -ffat-lto-objects -Wall -W   -o tiff-palette tiff-palette.o ../../libtiff/libtiff.la -lwebp -lzstd -llzma -ljpeg -lz -lm 
libtool: link: gcc -O2 -m64 -march=x86-64 -mtune=generic -flto=auto -ffat-lto-objects -Wall -W -o .libs/tiff-grayscale tiff-grayscale.o  ../../libtiff/.libs/libtiff.so -lwebp -lzstd -llzma -ljpeg -lz -lm
libtool: link: gcc -O2 -m64 -march=x86-64 -mtune=generic -flto=auto -ffat-lto-objects -Wall -W -o .libs/tiff-rgb tiff-rgb.o  ../../libtiff/.libs/libtiff.so -lwebp -lzstd -llzma -ljpeg -lz -lm
libtool: link: gcc -O2 -m64 -march=x86-64 -mtune=generic -flto=auto -ffat-lto-objects -Wall -W -o .libs/tiff-palette tiff-palette.o  ../../libtiff/.libs/libtiff.so -lwebp -lzstd -llzma -ljpeg -lz -lm
make[4]: Leaving directory '/home/devel/building/work/src/tiff-4.3.0/contrib/dbs'
make[3]: Leaving directory '/home/devel/building/work/src/tiff-4.3.0/contrib/dbs'
Making all in iptcutil
make[3]: Entering directory '/home/devel/building/work/src/tiff-4.3.0/contrib/iptcutil'
gcc -DHAVE_CONFIG_H -I. -I../.. -I../../libtiff -I../../port  -I../../libtiff -DTIFF_DISABLE_DEPRECATED   -O2 -m64 -march=x86-64 -mtune=generic -flto=auto -ffat-lto-objects -Wall -W -MT iptcutil.o -MD -MP -MF .deps/iptcutil.Tpo -c -o iptcutil.o iptcutil.c
mv -f .deps/iptcutil.Tpo .deps/iptcutil.Po
/bin/sh ../../libtool  --tag=CC   --mode=link gcc  -O2 -m64 -march=x86-64 -mtune=generic -flto=auto -ffat-lto-objects -Wall -W   -o iptcutil iptcutil.o ../../libtiff/libtiff.la -lwebp -lzstd -llzma -ljpeg -lz -lm 
libtool: link: gcc -O2 -m64 -march=x86-64 -mtune=generic -flto=auto -ffat-lto-objects -Wall -W -o .libs/iptcutil iptcutil.o  ../../libtiff/.libs/libtiff.so -lwebp -lzstd -llzma -ljpeg -lz -lm
make[3]: Leaving directory '/home/devel/building/work/src/tiff-4.3.0/contrib/iptcutil'
Making all in mfs
make[3]: Entering directory '/home/devel/building/work/src/tiff-4.3.0/contrib/mfs'
make[3]: Nothing to be done for 'all'.
make[3]: Leaving directory '/home/devel/building/work/src/tiff-4.3.0/contrib/mfs'
Making all in pds
make[3]: Entering directory '/home/devel/building/work/src/tiff-4.3.0/contrib/pds'
make[3]: Nothing to be done for 'all'.
make[3]: Leaving directory '/home/devel/building/work/src/tiff-4.3.0/contrib/pds'
Making all in ras
make[3]: Entering directory '/home/devel/building/work/src/tiff-4.3.0/contrib/ras'
make[3]: Nothing to be done for 'all'.
make[3]: Leaving directory '/home/devel/building/work/src/tiff-4.3.0/contrib/ras'
Making all in stream
make[3]: Entering directory '/home/devel/building/work/src/tiff-4.3.0/contrib/stream'
make[3]: Nothing to be done for 'all'.
make[3]: Leaving directory '/home/devel/building/work/src/tiff-4.3.0/contrib/stream'
Making all in tags
make[3]: Entering directory '/home/devel/building/work/src/tiff-4.3.0/contrib/tags'
make[3]: Nothing to be done for 'all'.
make[3]: Leaving directory '/home/devel/building/work/src/tiff-4.3.0/contrib/tags'
Making all in win_dib
make[3]: Entering directory '/home/devel/building/work/src/tiff-4.3.0/contrib/win_dib'
make[3]: Nothing to be done for 'all'.
make[3]: Leaving directory '/home/devel/building/work/src/tiff-4.3.0/contrib/win_dib'
make[3]: Entering directory '/home/devel/building/work/src/tiff-4.3.0/contrib'
make[3]: Nothing to be done for 'all-am'.
make[3]: Leaving directory '/home/devel/building/work/src/tiff-4.3.0/contrib'
make[2]: Leaving directory '/home/devel/building/work/src/tiff-4.3.0/contrib'
Making all in test
make[2]: Entering directory '/home/devel/building/work/src/tiff-4.3.0/test'
make[2]: Nothing to be done for 'all'.
make[2]: Leaving directory '/home/devel/building/work/src/tiff-4.3.0/test'
Making all in man
make[2]: Entering directory '/home/devel/building/work/src/tiff-4.3.0/man'
make[2]: Nothing to be done for 'all'.
make[2]: Leaving directory '/home/devel/building/work/src/tiff-4.3.0/man'
Making all in html
make[2]: Entering directory '/home/devel/building/work/src/tiff-4.3.0/html'
Making all in images
make[3]: Entering directory '/home/devel/building/work/src/tiff-4.3.0/html/images'
make[3]: Nothing to be done for 'all'.
make[3]: Leaving directory '/home/devel/building/work/src/tiff-4.3.0/html/images'
Making all in man
make[3]: Entering directory '/home/devel/building/work/src/tiff-4.3.0/html/man'
make[3]: Nothing to be done for 'all'.
make[3]: Leaving directory '/home/devel/building/work/src/tiff-4.3.0/html/man'
make[3]: Entering directory '/home/devel/building/work/src/tiff-4.3.0/html'
make[3]: Nothing to be done for 'all-am'.
make[3]: Leaving directory '/home/devel/building/work/src/tiff-4.3.0/html'
make[2]: Leaving directory '/home/devel/building/work/src/tiff-4.3.0/html'
make[2]: Entering directory '/home/devel/building/work/src/tiff-4.3.0'
make[2]: Leaving directory '/home/devel/building/work/src/tiff-4.3.0'
make[1]: Leaving directory '/home/devel/building/work/src/tiff-4.3.0'
+ make DESTDIR=/home/devel/building/work/pkg install
Making install in port
make[1]: Entering directory '/home/devel/building/work/src/tiff-4.3.0/port'
make[2]: Entering directory '/home/devel/building/work/src/tiff-4.3.0/port'
make[2]: Nothing to be done for 'install-exec-am'.
make[2]: Nothing to be done for 'install-data-am'.
make[2]: Leaving directory '/home/devel/building/work/src/tiff-4.3.0/port'
make[1]: Leaving directory '/home/devel/building/work/src/tiff-4.3.0/port'
Making install in libtiff
make[1]: Entering directory '/home/devel/building/work/src/tiff-4.3.0/libtiff'
make[2]: Entering directory '/home/devel/building/work/src/tiff-4.3.0/libtiff'
 /bin/mkdir -p '/home/devel/building/work/pkg/usr/include'
 /bin/mkdir -p '/home/devel/building/work/pkg/usr/lib'
 /bin/mkdir -p '/home/devel/building/work/pkg/usr/include'
 /bin/sh ../libtool   --mode=install /usr/bin/install -c   libtiff.la libtiffxx.la '/home/devel/building/work/pkg/usr/lib'
 /usr/bin/install -c -m 644 tiff.h tiffio.h tiffvers.h tiffio.hxx '/home/devel/building/work/pkg/usr/include'
 /usr/bin/install -c -m 644 tiffconf.h '/home/devel/building/work/pkg/usr/include'
libtool: install: /usr/bin/install -c .libs/libtiff.so.5.7.0 /home/devel/building/work/pkg/usr/lib/libtiff.so.5.7.0
libtool: install: (cd /home/devel/building/work/pkg/usr/lib && { ln -s -f libtiff.so.5.7.0 libtiff.so.5 || { rm -f libtiff.so.5 && ln -s libtiff.so.5.7.0 libtiff.so.5; }; })
libtool: install: (cd /home/devel/building/work/pkg/usr/lib && { ln -s -f libtiff.so.5.7.0 libtiff.so || { rm -f libtiff.so && ln -s libtiff.so.5.7.0 libtiff.so; }; })
libtool: install: /usr/bin/install -c .libs/libtiff.lai /home/devel/building/work/pkg/usr/lib/libtiff.la
libtool: warning: relinking 'libtiffxx.la'
libtool: install: (cd /home/devel/building/work/src/tiff-4.3.0/libtiff; /bin/sh "/home/devel/building/work/src/tiff-4.3.0/libtool"  --tag CXX --mode=relink g++ -O2 -m64 -march=x86-64 -mtune=generic -flto=auto -ffat-lto-objects -no-undefined -version-info 12:0:7 -o libtiffxx.la -rpath /usr/lib tif_stream.lo ../libtiff/libtiff.la -lwebp -lzstd -llzma -ljpeg -lz -lm -inst-prefix-dir /home/devel/building/work/pkg)
libtool: relink: g++  -fPIC -DPIC -shared -nostdlib /usr/lib/gcc/x86_64-unknown-linux-gnu/14.1.0/../../../../lib/crti.o /usr/lib/gcc/x86_64-unknown-linux-gnu/14.1.0/crtbeginS.o  .libs/tif_stream.o   -Wl,-rpath -Wl,/usr/lib/../lib -L/home/devel/building/work/pkg/usr/lib -L/usr/lib -ltiff -lwebp -lzstd -llzma -ljpeg -lz -L/usr/lib/gcc/x86_64-unknown-linux-gnu/14.1.0 -L/usr/lib/gcc/x86_64-unknown-linux-gnu/14.1.0/../../../../lib -L/lib/../lib -L/usr/lib/../lib -L/usr/lib/gcc/x86_64-unknown-linux-gnu/14.1.0/../../.. -L/home/devel/building/work/pkg/usr/lib/../lib -lstdc++ -lm -lc -lgcc_s /usr/lib/gcc/x86_64-unknown-linux-gnu/14.1.0/crtendS.o /usr/lib/gcc/x86_64-unknown-linux-gnu/14.1.0/../../../../lib/crtn.o  -O2 -m64 -march=x86-64 -mtune=generic -flto=auto   -Wl,-soname -Wl,libtiffxx.so.5 -o .libs/libtiffxx.so.5.7.0
libtool: install: /usr/bin/install -c .libs/libtiffxx.so.5.7.0T /home/devel/building/work/pkg/usr/lib/libtiffxx.so.5.7.0
libtool: install: (cd /home/devel/building/work/pkg/usr/lib && { ln -s -f libtiffxx.so.5.7.0 libtiffxx.so.5 || { rm -f libtiffxx.so.5 && ln -s libtiffxx.so.5.7.0 libtiffxx.so.5; }; })
libtool: install: (cd /home/devel/building/work/pkg/usr/lib && { ln -s -f libtiffxx.so.5.7.0 libtiffxx.so || { rm -f libtiffxx.so && ln -s libtiffxx.so.5.7.0 libtiffxx.so; }; })
libtool: install: /usr/bin/install -c .libs/libtiffxx.lai /home/devel/building/work/pkg/usr/lib/libtiffxx.la
libtool: warning: remember to run 'libtool --finish /usr/lib'
make[2]: Leaving directory '/home/devel/building/work/src/tiff-4.3.0/libtiff'
make[1]: Leaving directory '/home/devel/building/work/src/tiff-4.3.0/libtiff'
Making install in tools
make[1]: Entering directory '/home/devel/building/work/src/tiff-4.3.0/tools'
make[2]: Entering directory '/home/devel/building/work/src/tiff-4.3.0/tools'
make[2]: Nothing to be done for 'install-data-am'.
 /bin/mkdir -p '/home/devel/building/work/pkg/usr/bin'
  /bin/sh ../libtool   --mode=install /usr/bin/install -c fax2ps fax2tiff pal2rgb ppm2tiff raw2tiff tiff2bw tiff2pdf tiff2ps tiff2rgba tiffcmp tiffcp tiffcrop tiffdither tiffdump tiffinfo tiffmedian tiffset tiffsplit '/home/devel/building/work/pkg/usr/bin'
libtool: warning: '../libtiff/libtiff.la' has not been installed in '/usr/lib'
libtool: install: /usr/bin/install -c .libs/fax2ps /home/devel/building/work/pkg/usr/bin/fax2ps
libtool: warning: '../libtiff/libtiff.la' has not been installed in '/usr/lib'
libtool: install: /usr/bin/install -c .libs/fax2tiff /home/devel/building/work/pkg/usr/bin/fax2tiff
libtool: warning: '../libtiff/libtiff.la' has not been installed in '/usr/lib'
libtool: install: /usr/bin/install -c .libs/pal2rgb /home/devel/building/work/pkg/usr/bin/pal2rgb
libtool: warning: '../libtiff/libtiff.la' has not been installed in '/usr/lib'
libtool: install: /usr/bin/install -c .libs/ppm2tiff /home/devel/building/work/pkg/usr/bin/ppm2tiff
libtool: warning: '../libtiff/libtiff.la' has not been installed in '/usr/lib'
libtool: install: /usr/bin/install -c .libs/raw2tiff /home/devel/building/work/pkg/usr/bin/raw2tiff
libtool: warning: '../libtiff/libtiff.la' has not been installed in '/usr/lib'
libtool: install: /usr/bin/install -c .libs/tiff2bw /home/devel/building/work/pkg/usr/bin/tiff2bw
libtool: warning: '../libtiff/libtiff.la' has not been installed in '/usr/lib'
libtool: install: /usr/bin/install -c .libs/tiff2pdf /home/devel/building/work/pkg/usr/bin/tiff2pdf
libtool: warning: '../libtiff/libtiff.la' has not been installed in '/usr/lib'
libtool: install: /usr/bin/install -c .libs/tiff2ps /home/devel/building/work/pkg/usr/bin/tiff2ps
libtool: warning: '../libtiff/libtiff.la' has not been installed in '/usr/lib'
libtool: install: /usr/bin/install -c .libs/tiff2rgba /home/devel/building/work/pkg/usr/bin/tiff2rgba
libtool: warning: '../libtiff/libtiff.la' has not been installed in '/usr/lib'
libtool: install: /usr/bin/install -c .libs/tiffcmp /home/devel/building/work/pkg/usr/bin/tiffcmp
libtool: warning: '../libtiff/libtiff.la' has not been installed in '/usr/lib'
libtool: install: /usr/bin/install -c .libs/tiffcp /home/devel/building/work/pkg/usr/bin/tiffcp
libtool: warning: '../libtiff/libtiff.la' has not been installed in '/usr/lib'
libtool: install: /usr/bin/install -c .libs/tiffcrop /home/devel/building/work/pkg/usr/bin/tiffcrop
libtool: warning: '../libtiff/libtiff.la' has not been installed in '/usr/lib'
libtool: install: /usr/bin/install -c .libs/tiffdither /home/devel/building/work/pkg/usr/bin/tiffdither
libtool: warning: '../libtiff/libtiff.la' has not been installed in '/usr/lib'
libtool: install: /usr/bin/install -c .libs/tiffdump /home/devel/building/work/pkg/usr/bin/tiffdump
libtool: warning: '../libtiff/libtiff.la' has not been installed in '/usr/lib'
libtool: install: /usr/bin/install -c .libs/tiffinfo /home/devel/building/work/pkg/usr/bin/tiffinfo
libtool: warning: '../libtiff/libtiff.la' has not been installed in '/usr/lib'
libtool: install: /usr/bin/install -c .libs/tiffmedian /home/devel/building/work/pkg/usr/bin/tiffmedian
libtool: warning: '../libtiff/libtiff.la' has not been installed in '/usr/lib'
libtool: install: /usr/bin/install -c .libs/tiffset /home/devel/building/work/pkg/usr/bin/tiffset
libtool: warning: '../libtiff/libtiff.la' has not been installed in '/usr/lib'
libtool: install: /usr/bin/install -c .libs/tiffsplit /home/devel/building/work/pkg/usr/bin/tiffsplit
make[2]: Leaving directory '/home/devel/building/work/src/tiff-4.3.0/tools'
make[1]: Leaving directory '/home/devel/building/work/src/tiff-4.3.0/tools'
Making install in build
make[1]: Entering directory '/home/devel/building/work/src/tiff-4.3.0/build'
make[2]: Entering directory '/home/devel/building/work/src/tiff-4.3.0/build'
make[3]: Entering directory '/home/devel/building/work/src/tiff-4.3.0/build'
make[3]: Nothing to be done for 'install-exec-am'.
make[3]: Nothing to be done for 'install-data-am'.
make[3]: Leaving directory '/home/devel/building/work/src/tiff-4.3.0/build'
make[2]: Leaving directory '/home/devel/building/work/src/tiff-4.3.0/build'
make[1]: Leaving directory '/home/devel/building/work/src/tiff-4.3.0/build'
Making install in contrib
make[1]: Entering directory '/home/devel/building/work/src/tiff-4.3.0/contrib'
Making install in addtiffo
make[2]: Entering directory '/home/devel/building/work/src/tiff-4.3.0/contrib/addtiffo'
make[3]: Entering directory '/home/devel/building/work/src/tiff-4.3.0/contrib/addtiffo'
make[3]: Nothing to be done for 'install-exec-am'.
make[3]: Nothing to be done for 'install-data-am'.
make[3]: Leaving directory '/home/devel/building/work/src/tiff-4.3.0/contrib/addtiffo'
make[2]: Leaving directory '/home/devel/building/work/src/tiff-4.3.0/contrib/addtiffo'
Making install in dbs
make[2]: Entering directory '/home/devel/building/work/src/tiff-4.3.0/contrib/dbs'
Making install in xtiff
make[3]: Entering directory '/home/devel/building/work/src/tiff-4.3.0/contrib/dbs/xtiff'
make[4]: Entering directory '/home/devel/building/work/src/tiff-4.3.0/contrib/dbs/xtiff'
make[4]: Nothing to be done for 'install-exec-am'.
make[4]: Nothing to be done for 'install-data-am'.
make[4]: Leaving directory '/home/devel/building/work/src/tiff-4.3.0/contrib/dbs/xtiff'
make[3]: Leaving directory '/home/devel/building/work/src/tiff-4.3.0/contrib/dbs/xtiff'
make[3]: Entering directory '/home/devel/building/work/src/tiff-4.3.0/contrib/dbs'
make[4]: Entering directory '/home/devel/building/work/src/tiff-4.3.0/contrib/dbs'
make[4]: Nothing to be done for 'install-exec-am'.
make[4]: Nothing to be done for 'install-data-am'.
make[4]: Leaving directory '/home/devel/building/work/src/tiff-4.3.0/contrib/dbs'
make[3]: Leaving directory '/home/devel/building/work/src/tiff-4.3.0/contrib/dbs'
make[2]: Leaving directory '/home/devel/building/work/src/tiff-4.3.0/contrib/dbs'
Making install in iptcutil
make[2]: Entering directory '/home/devel/building/work/src/tiff-4.3.0/contrib/iptcutil'
make[3]: Entering directory '/home/devel/building/work/src/tiff-4.3.0/contrib/iptcutil'
make[3]: Nothing to be done for 'install-exec-am'.
make[3]: Nothing to be done for 'install-data-am'.
make[3]: Leaving directory '/home/devel/building/work/src/tiff-4.3.0/contrib/iptcutil'
make[2]: Leaving directory '/home/devel/building/work/src/tiff-4.3.0/contrib/iptcutil'
Making install in mfs
make[2]: Entering directory '/home/devel/building/work/src/tiff-4.3.0/contrib/mfs'
make[3]: Entering directory '/home/devel/building/work/src/tiff-4.3.0/contrib/mfs'
make[3]: Nothing to be done for 'install-exec-am'.
make[3]: Nothing to be done for 'install-data-am'.
make[3]: Leaving directory '/home/devel/building/work/src/tiff-4.3.0/contrib/mfs'
make[2]: Leaving directory '/home/devel/building/work/src/tiff-4.3.0/contrib/mfs'
Making install in pds
make[2]: Entering directory '/home/devel/building/work/src/tiff-4.3.0/contrib/pds'
make[3]: Entering directory '/home/devel/building/work/src/tiff-4.3.0/contrib/pds'
make[3]: Nothing to be done for 'install-exec-am'.
make[3]: Nothing to be done for 'install-data-am'.
make[3]: Leaving directory '/home/devel/building/work/src/tiff-4.3.0/contrib/pds'
make[2]: Leaving directory '/home/devel/building/work/src/tiff-4.3.0/contrib/pds'
Making install in ras
make[2]: Entering directory '/home/devel/building/work/src/tiff-4.3.0/contrib/ras'
make[3]: Entering directory '/home/devel/building/work/src/tiff-4.3.0/contrib/ras'
make[3]: Nothing to be done for 'install-exec-am'.
make[3]: Nothing to be done for 'install-data-am'.
make[3]: Leaving directory '/home/devel/building/work/src/tiff-4.3.0/contrib/ras'
make[2]: Leaving directory '/home/devel/building/work/src/tiff-4.3.0/contrib/ras'
Making install in stream
make[2]: Entering directory '/home/devel/building/work/src/tiff-4.3.0/contrib/stream'
make[3]: Entering directory '/home/devel/building/work/src/tiff-4.3.0/contrib/stream'
make[3]: Nothing to be done for 'install-exec-am'.
make[3]: Nothing to be done for 'install-data-am'.
make[3]: Leaving directory '/home/devel/building/work/src/tiff-4.3.0/contrib/stream'
make[2]: Leaving directory '/home/devel/building/work/src/tiff-4.3.0/contrib/stream'
Making install in tags
make[2]: Entering directory '/home/devel/building/work/src/tiff-4.3.0/contrib/tags'
make[3]: Entering directory '/home/devel/building/work/src/tiff-4.3.0/contrib/tags'
make[3]: Nothing to be done for 'install-exec-am'.
make[3]: Nothing to be done for 'install-data-am'.
make[3]: Leaving directory '/home/devel/building/work/src/tiff-4.3.0/contrib/tags'
make[2]: Leaving directory '/home/devel/building/work/src/tiff-4.3.0/contrib/tags'
Making install in win_dib
make[2]: Entering directory '/home/devel/building/work/src/tiff-4.3.0/contrib/win_dib'
make[3]: Entering directory '/home/devel/building/work/src/tiff-4.3.0/contrib/win_dib'
make[3]: Nothing to be done for 'install-exec-am'.
make[3]: Nothing to be done for 'install-data-am'.
make[3]: Leaving directory '/home/devel/building/work/src/tiff-4.3.0/contrib/win_dib'
make[2]: Leaving directory '/home/devel/building/work/src/tiff-4.3.0/contrib/win_dib'
make[2]: Entering directory '/home/devel/building/work/src/tiff-4.3.0/contrib'
make[3]: Entering directory '/home/devel/building/work/src/tiff-4.3.0/contrib'
make[3]: Nothing to be done for 'install-exec-am'.
make[3]: Nothing to be done for 'install-data-am'.
make[3]: Leaving directory '/home/devel/building/work/src/tiff-4.3.0/contrib'
make[2]: Leaving directory '/home/devel/building/work/src/tiff-4.3.0/contrib'
make[1]: Leaving directory '/home/devel/building/work/src/tiff-4.3.0/contrib'
Making install in test
make[1]: Entering directory '/home/devel/building/work/src/tiff-4.3.0/test'
make[2]: Entering directory '/home/devel/building/work/src/tiff-4.3.0/test'
make[2]: Nothing to be done for 'install-exec-am'.
make[2]: Nothing to be done for 'install-data-am'.
make[2]: Leaving directory '/home/devel/building/work/src/tiff-4.3.0/test'
make[1]: Leaving directory '/home/devel/building/work/src/tiff-4.3.0/test'
Making install in man
make[1]: Entering directory '/home/devel/building/work/src/tiff-4.3.0/man'
make[2]: Entering directory '/home/devel/building/work/src/tiff-4.3.0/man'
make[2]: Nothing to be done for 'install-exec-am'.
 /bin/mkdir -p '/home/devel/building/work/pkg/usr/share/man/man1'
 /bin/mkdir -p '/home/devel/building/work/pkg/usr/share/man/man3'
 /usr/bin/install -c -m 644 fax2ps.1 fax2tiff.1 pal2rgb.1 ppm2tiff.1 raw2tiff.1 tiff2bw.1 tiff2pdf.1 tiff2ps.1 tiff2rgba.1 tiffcmp.1 tiffcp.1 tiffcrop.1 tiffdither.1 tiffdump.1 tiffgt.1 tiffinfo.1 tiffmedian.1 tiffset.1 tiffsplit.1 '/home/devel/building/work/pkg/usr/share/man/man1'
 /usr/bin/install -c -m 644 libtiff.3tiff TIFFbuffer.3tiff TIFFClose.3tiff TIFFcodec.3tiff TIFFcolor.3tiff TIFFDataWidth.3tiff TIFFError.3tiff TIFFFieldDataType.3tiff TIFFFieldName.3tiff TIFFFieldPassCount.3tiff TIFFFieldReadCount.3tiff TIFFFieldTag.3tiff TIFFFieldWriteCount.3tiff TIFFFlush.3tiff TIFFGetField.3tiff TIFFmemory.3tiff TIFFOpen.3tiff TIFFPrintDirectory.3tiff TIFFquery.3tiff TIFFReadDirectory.3tiff TIFFReadEncodedStrip.3tiff TIFFReadEncodedTile.3tiff TIFFReadRawStrip.3tiff TIFFReadRawTile.3tiff TIFFReadRGBAImage.3tiff TIFFReadRGBAStrip.3tiff TIFFReadRGBATile.3tiff TIFFReadScanline.3tiff TIFFReadTile.3tiff TIFFRGBAImage.3tiff TIFFSetDirectory.3tiff TIFFSetField.3tiff TIFFsize.3tiff TIFFstrip.3tiff TIFFswab.3tiff TIFFtile.3tiff TIFFWarning.3tiff TIFFWriteDirectory.3tiff TIFFWriteEncodedStrip.3tiff TIFFWriteEncodedTile.3tiff '/home/devel/building/work/pkg/usr/share/man/man3'
 /usr/bin/install -c -m 644 TIFFWriteRawStrip.3tiff TIFFWriteRawTile.3tiff TIFFWriteScanline.3tiff TIFFWriteTile.3tiff '/home/devel/building/work/pkg/usr/share/man/man3'
make[2]: Leaving directory '/home/devel/building/work/src/tiff-4.3.0/man'
make[1]: Leaving directory '/home/devel/building/work/src/tiff-4.3.0/man'
Making install in html
make[1]: Entering directory '/home/devel/building/work/src/tiff-4.3.0/html'
Making install in images
make[2]: Entering directory '/home/devel/building/work/src/tiff-4.3.0/html/images'
make[3]: Entering directory '/home/devel/building/work/src/tiff-4.3.0/html/images'
make[3]: Nothing to be done for 'install-exec-am'.
 /bin/mkdir -p '/home/devel/building/work/pkg/usr/share/doc/tiff-4.3.0/html/images'
 /usr/bin/install -c -m 644 back.gif bali.jpg cat.gif cover.jpg cramps.gif dave.gif info.gif jello.jpg jim.gif note.gif oxford.gif quad.jpg ring.gif smallliz.jpg strike.gif warning.gif '/home/devel/building/work/pkg/usr/share/doc/tiff-4.3.0/html/images'
make[3]: Leaving directory '/home/devel/building/work/src/tiff-4.3.0/html/images'
make[2]: Leaving directory '/home/devel/building/work/src/tiff-4.3.0/html/images'
Making install in man
make[2]: Entering directory '/home/devel/building/work/src/tiff-4.3.0/html/man'
make[3]: Entering directory '/home/devel/building/work/src/tiff-4.3.0/html/man'
make[3]: Nothing to be done for 'install-exec-am'.
 /bin/mkdir -p '/home/devel/building/work/pkg/usr/share/doc/tiff-4.3.0/html/man'
 /usr/bin/install -c -m 644 index.html libtiff.3tiff.html TIFFbuffer.3tiff.html TIFFClose.3tiff.html TIFFcodec.3tiff.html TIFFcolor.3tiff.html TIFFDataWidth.3tiff.html TIFFError.3tiff.html TIFFFieldDataType.3tiff.html TIFFFieldName.3tiff.html TIFFFieldPassCount.3tiff.html TIFFFieldReadCount.3tiff.html TIFFFieldTag.3tiff.html TIFFFieldWriteCount.3tiff.html TIFFFlush.3tiff.html TIFFGetField.3tiff.html TIFFmemory.3tiff.html TIFFOpen.3tiff.html TIFFPrintDirectory.3tiff.html TIFFquery.3tiff.html TIFFReadDirectory.3tiff.html TIFFReadEncodedStrip.3tiff.html TIFFReadEncodedTile.3tiff.html TIFFReadRawStrip.3tiff.html TIFFReadRawTile.3tiff.html TIFFReadRGBAImage.3tiff.html TIFFReadRGBAStrip.3tiff.html TIFFReadRGBATile.3tiff.html TIFFReadScanline.3tiff.html TIFFReadTile.3tiff.html TIFFRGBAImage.3tiff.html TIFFSetDirectory.3tiff.html TIFFSetField.3tiff.html TIFFsize.3tiff.html TIFFstrip.3tiff.html TIFFswab.3tiff.html TIFFtile.3tiff.html TIFFWarning.3tiff.html TIFFWriteDirectory.3tiff.html TIFFWriteEncodedStrip.3tiff.html '/home/devel/building/work/pkg/usr/share/doc/tiff-4.3.0/html/man'
 /usr/bin/install -c -m 644 TIFFWriteEncodedTile.3tiff.html TIFFWriteRawStrip.3tiff.html TIFFWriteRawTile.3tiff.html TIFFWriteScanline.3tiff.html TIFFWriteTile.3tiff.html fax2ps.1.html fax2tiff.1.html pal2rgb.1.html ppm2tiff.1.html raw2tiff.1.html tiff2bw.1.html tiff2pdf.1.html tiff2ps.1.html tiff2rgba.1.html tiffcmp.1.html tiffcp.1.html tiffcrop.1.html tiffdither.1.html tiffdump.1.html tiffgt.1.html tiffinfo.1.html tiffmedian.1.html tiffset.1.html tiffsplit.1.html '/home/devel/building/work/pkg/usr/share/doc/tiff-4.3.0/html/man'
make[3]: Leaving directory '/home/devel/building/work/src/tiff-4.3.0/html/man'
make[2]: Leaving directory '/home/devel/building/work/src/tiff-4.3.0/html/man'
make[2]: Entering directory '/home/devel/building/work/src/tiff-4.3.0/html'
make[3]: Entering directory '/home/devel/building/work/src/tiff-4.3.0/html'
make[3]: Nothing to be done for 'install-exec-am'.
 /bin/mkdir -p '/home/devel/building/work/pkg/usr/share/doc/tiff-4.3.0/html'
 /usr/bin/install -c -m 644 addingtags.html bugs.html build.html contrib.html document.html images.html index.html internals.html intro.html libtiff.html misc.html support.html TIFFTechNote2.html tools.html v3.4beta007.html v3.4beta016.html v3.4beta018.html v3.4beta024.html v3.4beta028.html v3.4beta029.html v3.4beta031.html v3.4beta032.html v3.4beta033.html v3.4beta034.html v3.4beta035.html v3.4beta036.html v3.5.1.html v3.5.2.html v3.5.3.html v3.5.4.html v3.5.5.html v3.5.6-beta.html v3.5.7.html v3.6.0.html v3.6.1.html v3.7.0alpha.html v3.7.0beta.html v3.7.0beta2.html v3.7.0.html v3.7.1.html '/home/devel/building/work/pkg/usr/share/doc/tiff-4.3.0/html'
 /usr/bin/install -c -m 644 v3.7.2.html v3.7.3.html v3.7.4.html v3.8.0.html v3.8.1.html v3.8.2.html v3.9.0beta.html v3.9.1.html v3.9.2.html v4.0.0.html v4.0.1.html v4.0.2.html v4.0.3.html v4.0.4beta.html v4.0.4.html v4.0.5.html v4.0.6.html v4.0.7.html v4.0.8.html v4.0.9.html v4.0.10.html v4.1.0.html v4.2.0.html v4.3.0.html '/home/devel/building/work/pkg/usr/share/doc/tiff-4.3.0/html'
make[3]: Leaving directory '/home/devel/building/work/src/tiff-4.3.0/html'
make[2]: Leaving directory '/home/devel/building/work/src/tiff-4.3.0/html'
make[1]: Leaving directory '/home/devel/building/work/src/tiff-4.3.0/html'
make[1]: Entering directory '/home/devel/building/work/src/tiff-4.3.0'
make[2]: Entering directory '/home/devel/building/work/src/tiff-4.3.0'
make[2]: Nothing to be done for 'install-exec-am'.
 /bin/mkdir -p '/home/devel/building/work/pkg/usr/share/doc/tiff-4.3.0'
 /bin/mkdir -p '/home/devel/building/work/pkg/usr/lib/pkgconfig'
 /usr/bin/install -c -m 644 COPYRIGHT ChangeLog README.md RELEASE-DATE TODO VERSION '/home/devel/building/work/pkg/usr/share/doc/tiff-4.3.0'
 /usr/bin/install -c -m 644 libtiff-4.pc '/home/devel/building/work/pkg/usr/lib/pkgconfig'
make[2]: Leaving directory '/home/devel/building/work/src/tiff-4.3.0'
make[1]: Leaving directory '/home/devel/building/work/src/tiff-4.3.0'
+ rm -r /home/devel/building/work/pkg/usr/bin /home/devel/building/work/pkg/usr/share/doc /home/devel/building/work/pkg/usr/share/man/man1
+ find /home/devel/building/work/pkg -type f -name '*.la' -delete
=======> Build result:
drwxr-xr-x  0 root   root        0 May  8 01:37 usr/
drwxr-xr-x  0 root   root        0 May  8 01:37 usr/include/
drwxr-xr-x  0 root   root        0 May  8 01:37 usr/lib/
drwxr-xr-x  0 root   root        0 May  8 01:37 usr/share/
drwxr-xr-x  0 root   root        0 May  8 01:37 usr/share/man/
drwxr-xr-x  0 root   root        0 May  8 01:37 usr/share/man/man3/
-rw-r--r--  0 root   root     7036 May  8 01:37 usr/share/man/man3/libtiff.3tiff.gz
-rw-r--r--  0 root   root     1525 May  8 01:37 usr/share/man/man3/TIFFbuffer.3tiff.gz
-rw-r--r--  0 root   root     1085 May  8 01:37 usr/share/man/man3/TIFFClose.3tiff.gz
-rw-r--r--  0 root   root     1529 May  8 01:37 usr/share/man/man3/TIFFcodec.3tiff.gz
-rw-r--r--  0 root   root     3152 May  8 01:37 usr/share/man/man3/TIFFcolor.3tiff.gz
-rw-r--r--  0 root   root     1109 May  8 01:37 usr/share/man/man3/TIFFDataWidth.3tiff.gz
-rw-r--r--  0 root   root     1339 May  8 01:37 usr/share/man/man3/TIFFError.3tiff.gz
-rw-r--r--  0 root   root     1041 May  8 01:37 usr/share/man/man3/TIFFFieldDataType.3tiff.gz
-rw-r--r--  0 root   root     1032 May  8 01:37 usr/share/man/man3/TIFFFieldName.3tiff.gz
-rw-r--r--  0 root   root     1246 May  8 01:37 usr/share/man/man3/TIFFFieldPassCount.3tiff.gz
-rw-r--r--  0 root   root     1293 May  8 01:37 usr/share/man/man3/TIFFFieldReadCount.3tiff.gz
-rw-r--r--  0 root   root     1095 May  8 01:37 usr/share/man/man3/TIFFFieldTag.3tiff.gz
-rw-r--r--  0 root   root     1386 May  8 01:37 usr/share/man/man3/TIFFFieldWriteCount.3tiff.gz
-rw-r--r--  0 root   root     1226 May  8 01:37 usr/share/man/man3/TIFFFlush.3tiff.gz
-rw-r--r--  0 root   root     3176 May  8 01:37 usr/share/man/man3/TIFFGetField.3tiff.gz
-rw-r--r--  0 root   root     1416 May  8 01:37 usr/share/man/man3/TIFFmemory.3tiff.gz
-rw-r--r--  0 root   root     3936 May  8 01:37 usr/share/man/man3/TIFFOpen.3tiff.gz
-rw-r--r--  0 root   root     1284 May  8 01:37 usr/share/man/man3/TIFFPrintDirectory.3tiff.gz
-rw-r--r--  0 root   root     1844 May  8 01:37 usr/share/man/man3/TIFFquery.3tiff.gz
-rw-r--r--  0 root   root     2423 May  8 01:37 usr/share/man/man3/TIFFReadDirectory.3tiff.gz
-rw-r--r--  0 root   root     1600 May  8 01:37 usr/share/man/man3/TIFFReadEncodedStrip.3tiff.gz
-rw-r--r--  0 root   root     1564 May  8 01:37 usr/share/man/man3/TIFFReadEncodedTile.3tiff.gz
-rw-r--r--  0 root   root     1331 May  8 01:37 usr/share/man/man3/TIFFReadRawStrip.3tiff.gz
-rw-r--r--  0 root   root     1379 May  8 01:37 usr/share/man/man3/TIFFReadRawTile.3tiff.gz
-rw-r--r--  0 root   root     2708 May  8 01:37 usr/share/man/man3/TIFFReadRGBAImage.3tiff.gz
-rw-r--r--  0 root   root     2506 May  8 01:37 usr/share/man/man3/TIFFReadRGBAStrip.3tiff.gz
-rw-r--r--  0 root   root     2515 May  8 01:37 usr/share/man/man3/TIFFReadRGBATile.3tiff.gz
-rw-r--r--  0 root   root     1905 May  8 01:37 usr/share/man/man3/TIFFReadScanline.3tiff.gz
-rw-r--r--  0 root   root     1607 May  8 01:37 usr/share/man/man3/TIFFReadTile.3tiff.gz
-rw-r--r--  0 root   root     3847 May  8 01:37 usr/share/man/man3/TIFFRGBAImage.3tiff.gz
-rw-r--r--  0 root   root     1404 May  8 01:37 usr/share/man/man3/TIFFSetDirectory.3tiff.gz
-rw-r--r--  0 root   root     3006 May  8 01:37 usr/share/man/man3/TIFFSetField.3tiff.gz
-rw-r--r--  0 root   root     1147 May  8 01:37 usr/share/man/man3/TIFFsize.3tiff.gz
-rw-r--r--  0 root   root     1633 May  8 01:37 usr/share/man/man3/TIFFstrip.3tiff.gz
-rw-r--r--  0 root   root     1421 May  8 01:37 usr/share/man/man3/TIFFswab.3tiff.gz
-rw-r--r--  0 root   root     1755 May  8 01:37 usr/share/man/man3/TIFFtile.3tiff.gz
-rw-r--r--  0 root   root     1360 May  8 01:37 usr/share/man/man3/TIFFWarning.3tiff.gz
-rw-r--r--  0 root   root     2139 May  8 01:37 usr/share/man/man3/TIFFWriteDirectory.3tiff.gz
-rw-r--r--  0 root   root     1767 May  8 01:37 usr/share/man/man3/TIFFWriteEncodedStrip.3tiff.gz
-rw-r--r--  0 root   root     1723 May  8 01:37 usr/share/man/man3/TIFFWriteEncodedTile.3tiff.gz
-rw-r--r--  0 root   root     1575 May  8 01:37 usr/share/man/man3/TIFFWriteRawStrip.3tiff.gz
-rw-r--r--  0 root   root     1477 May  8 01:37 usr/share/man/man3/TIFFWriteRawTile.3tiff.gz
-rw-r--r--  0 root   root     2501 May  8 01:37 usr/share/man/man3/TIFFWriteScanline.3tiff.gz
-rw-r--r--  0 root   root     1425 May  8 01:37 usr/share/man/man3/TIFFWriteTile.3tiff.gz
-rwxr-xr-x  0 root   root   540608 May  8 01:37 usr/lib/libtiff.so.5.7.0
lrwxrwxrwx  0 root   root        0 May  8 01:37 usr/lib/libtiff.so.5 -> libtiff.so.5.7.0
lrwxrwxrwx  0 root   root        0 May  8 01:37 usr/lib/libtiff.so -> libtiff.so.5.7.0
-rwxr-xr-x  0 root   root    14416 May  8 01:37 usr/lib/libtiffxx.so.5.7.0
lrwxrwxrwx  0 root   root        0 May  8 01:37 usr/lib/libtiffxx.so.5 -> libtiffxx.so.5.7.0
lrwxrwxrwx  0 root   root        0 May  8 01:37 usr/lib/libtiffxx.so -> libtiffxx.so.5.7.0
drwxr-xr-x  0 root   root        0 May  8 01:37 usr/lib/pkgconfig/
-rw-r--r--  0 root   root      271 May  8 01:37 usr/lib/pkgconfig/libtiff-4.pc
-rw-r--r--  0 root   root    47432 May  8 01:37 usr/include/tiff.h
-rw-r--r--  0 root   root    24410 May  8 01:37 usr/include/tiffio.h
-rw-r--r--  0 root   root      410 May  8 01:37 usr/include/tiffvers.h
-rw-r--r--  0 root   root     1658 May  8 01:37 usr/include/tiffio.hxx
-rw-r--r--  0 root   root     3269 May  8 01:37 usr/include/tiffconf.h
=======> Building '/home/devel/packages/tiff#4.3.0-1.x86_64.pkg.tar.zst' succeeded.
prt-get: Using PKGMK_PACKAGE_DIR: /home/devel/packages
prt-get: reinstalling tiff 4.3.0-1
prt-get: /usr/bin/pkgadd -u tiff#4.3.0-1.x86_64.pkg.tar.zst
prt-get: build done Wed May  8 01:37:56 2024

