prt-get: updating /usr/ports/wayland-x86_64/tllist
prt-get: starting build Thu Feb  1 20:13:16 2024
=======> Building '/home/devel/packages/tllist#1.1.0-1.x86_64.pkg.tar.zst'.
bsdtar -p -o -C /home/devel/building/work/src -xf /home/devel/sources/tllist-1.1.0.tar.gz
+ build
+ cd tllist
+ build-meson . build
The Meson build system
Version: 1.3.1
Source dir: /home/devel/building/work/src/tllist
Build dir: /home/devel/building/work/src/tllist/build
Build type: native build
Project name: tllist
Project version: 1.1.0
C compiler for the host machine: cc (gcc 13.2.0 "cc (SAUX-x86_64) 13.2.0")
C linker for the host machine: cc ld.bfd 2.42
Host machine cpu family: x86_64
Host machine cpu: x86_64
Found pkg-config: YES (/usr/bin/pkg-config) 2.1.0
Build targets in project: 1

tllist 1.1.0

  User defined options
    auto_features     : auto
    bindir            : /usr/bin
    buildtype         : plain
    datadir           : /usr/share
    includedir        : /usr/include
    libdir            : /usr/lib
    libexecdir        : /usr/lib
    localstatedir     : /var
    mandir            : /usr/share/man
    prefix            : /usr
    sbindir           : /usr/sbin
    sharedstatedir    : /var/lib
    sysconfdir        : /etc
    werror            : false
    wrap_mode         : nodownload
    python.bytecompile: 0
    b_lto             : false
    b_pie             : true
    b_staticpic       : true

Found ninja-1.9 at /usr/bin/ninja
+ meson compile -j 8 -C build
ninja: entering directory '/home/devel/building/work/src/tllist/build'
[1/2] Compiling C object unittest.p/test.c.o
[2/2] Linking target unittest
INFO: autodetecting backend as ninja
INFO: calculating backend command to run: /usr/bin/ninja -C /home/devel/building/work/src/tllist/build -j 8
+ DESTDIR=/home/devel/building/work/pkg
+ meson install --no-rebuild -C build
Installing /home/devel/building/work/src/tllist/tllist.h to /home/devel/building/work/pkg/usr/include
Installing /home/devel/building/work/src/tllist/build/meson-private/tllist.pc to /home/devel/building/work/pkg/usr/lib/pkgconfig
Installing /home/devel/building/work/src/tllist/LICENSE to /home/devel/building/work/pkg/usr/share/doc/tllist
Installing /home/devel/building/work/src/tllist/README.md to /home/devel/building/work/pkg/usr/share/doc/tllist
+ rm -r /home/devel/building/work/pkg/usr/share
=======> Build result:
drwxr-xr-x  0 root   root        0 Feb  1 20:13 usr/
drwxr-xr-x  0 root   root        0 Feb  1 20:13 usr/include/
drwxr-xr-x  0 root   root        0 Feb  1 20:13 usr/lib/
drwxr-xr-x  0 root   root        0 Feb  1 20:13 usr/lib/pkgconfig/
-rw-r--r--  0 root   root      166 Feb  1 20:13 usr/lib/pkgconfig/tllist.pc
-rw-r--r--  0 root   root    13141 Aug  7  2022 usr/include/tllist.h
=======> Building '/home/devel/packages/tllist#1.1.0-1.x86_64.pkg.tar.zst' succeeded.
prt-get: Using PKGMK_PACKAGE_DIR: /home/devel/packages
prt-get: reinstalling tllist 1.1.0-1
prt-get: /usr/bin/pkgadd -u tllist#1.1.0-1.x86_64.pkg.tar.zst
prt-get: build done Thu Feb  1 20:13:17 2024

