prt-get: updating /usr/ports/opt-x86_64/unzip
prt-get: starting build Wed May  8 01:38:11 2024
=======> Building '/home/devel/packages/unzip#6.0-2.x86_64.pkg.tar.zst'.
bsdtar -p -o -C /home/devel/building/work/src -xf /home/devel/sources/unzip60.tar.gz
cp 0001-Fix-CVE-2016-9844-rhbz-1404283.patch /home/devel/building/work/src
cp unzip-6.0-alt-iconv-utf8.patch /home/devel/building/work/src
cp unzip-6.0-alt-iconv-utf8-print.patch /home/devel/building/work/src
cp unzip-6.0-attribs-overflow.patch /home/devel/building/work/src
cp unzip-6.0-bzip2-configure.patch /home/devel/building/work/src
cp unzip-6.0-close.patch /home/devel/building/work/src
cp unzip-6.0-configure.patch /home/devel/building/work/src
cp unzip-6.0-COVSCAN-fix-unterminated-string.patch /home/devel/building/work/src
cp unzip-6.0-cve-2014-8139.patch /home/devel/building/work/src
cp unzip-6.0-cve-2014-8140.patch /home/devel/building/work/src
cp unzip-6.0-cve-2014-8141.patch /home/devel/building/work/src
cp unzip-6.0-cve-2018-1000035-heap-based-overflow.patch /home/devel/building/work/src
cp unzip-6.0-exec-shield.patch /home/devel/building/work/src
cp unzip-6.0-fix-recmatch.patch /home/devel/building/work/src
cp unzip-6.0-format-secure.patch /home/devel/building/work/src
cp unzip-6.0-heap-overflow-infloop.patch /home/devel/building/work/src
cp unzip-6.0-manpage-fix.patch /home/devel/building/work/src
cp unzip-6.0-overflow-long-fsize.patch /home/devel/building/work/src
cp unzip-6.0-overflow.patch /home/devel/building/work/src
cp unzip-6.0-symlink.patch /home/devel/building/work/src
cp unzip-6.0-timestamp.patch /home/devel/building/work/src
cp unzip-6.0-valgrind.patch /home/devel/building/work/src
cp unzip-6.0-wcstombs-fortify.patch /home/devel/building/work/src
cp unzip-6.0-x-option.patch /home/devel/building/work/src
cp unzip-gnu89-build.patch /home/devel/building/work/src
cp unzip-zipbomb-manpage.patch /home/devel/building/work/src
cp unzip-zipbomb-part1.patch /home/devel/building/work/src
cp unzip-zipbomb-part2.patch /home/devel/building/work/src
cp unzip-zipbomb-part3.patch /home/devel/building/work/src
cp unzip-zipbomb-part4.patch /home/devel/building/work/src
cp unzip-zipbomb-part5.patch /home/devel/building/work/src
cp unzip-zipbomb-part6.patch /home/devel/building/work/src
cp unzip-zipbomb-switch.patch /home/devel/building/work/src
+ build
+ cd unzip60
+ patch -p1 -i /home/devel/building/work/src/0001-Fix-CVE-2016-9844-rhbz-1404283.patch
patching file zipinfo.c
Hunk #1 succeeded at 1921 (offset -63 lines).
+ patch -p1 -i /home/devel/building/work/src/unzip-6.0-alt-iconv-utf8.patch
patching file unix/unix.c
patching file unix/unxcfg.h
Hunk #1 succeeded at 227 (offset -1 lines).
patching file unzip.c
Hunk #2 succeeded at 675 (offset 1 line).
Hunk #3 succeeded at 824 (offset 1 line).
Hunk #4 succeeded at 1361 (offset 1 line).
Hunk #5 succeeded at 1547 (offset 1 line).
Hunk #6 succeeded at 1651 (offset 1 line).
patching file unzpriv.h
patching file zipinfo.c
+ patch -p1 -i /home/devel/building/work/src/unzip-6.0-alt-iconv-utf8-print.patch
patching file extract.c
Hunk #1 succeeded at 2542 (offset -106 lines).
Hunk #2 succeeded at 2568 (offset -106 lines).
Hunk #3 succeeded at 2737 (offset -106 lines).
Hunk #4 succeeded at 2782 (offset -106 lines).
patching file unzpriv.h
Hunk #1 succeeded at 1211 (offset -1 lines).
Hunk #2 succeeded at 2394 (offset -17 lines).
+ patch -p1 -i /home/devel/building/work/src/unzip-6.0-attribs-overflow.patch
patching file zipinfo.c
Hunk #1 succeeded at 1943 (offset 62 lines).
+ patch -p1 -i /home/devel/building/work/src/unzip-6.0-bzip2-configure.patch
patching file unix/configure
patch unexpectedly ends in middle of line
patch unexpectedly ends in middle of line
+ patch -p1 -i /home/devel/building/work/src/unzip-6.0-close.patch
patching file extract.c
patching file unix/unix.c
Hunk #1 succeeded at 1099 (offset 3 lines).
Hunk #2 succeeded at 1142 (offset 3 lines).
Hunk #3 succeeded at 1176 (offset 3 lines).
Hunk #4 succeeded at 1209 (offset 3 lines).
Hunk #5 succeeded at 1223 (offset 3 lines).
Hunk #6 succeeded at 1236 (offset 3 lines).
Hunk #7 succeeded at 1262 (offset 3 lines).
Hunk #8 succeeded at 1274 (offset 3 lines).
Hunk #9 succeeded at 1302 (offset 3 lines).
patching file unzpriv.h
Hunk #1 succeeded at 2611 (offset 7 lines).
+ patch -p1 -i /home/devel/building/work/src/unzip-6.0-configure.patch
patching file unix/configure
+ patch -p1 -i /home/devel/building/work/src/unzip-6.0-COVSCAN-fix-unterminated-string.patch
patching file unix/unix.c
patching file unix/unxcfg.h
patching file unzip.c
patching file zipinfo.c
+ patch -p1 -i /home/devel/building/work/src/unzip-6.0-cve-2014-8139.patch
patching file extract.c
patching file unzpriv.h
Hunk #1 succeeded at 1807 (offset 1 line).
+ patch -p1 -i /home/devel/building/work/src/unzip-6.0-cve-2014-8140.patch
patching file extract.c
Hunk #1 succeeded at 2239 with fuzz 2 (offset -1 lines).
+ patch -p1 -i /home/devel/building/work/src/unzip-6.0-cve-2014-8141.patch
patching file fileio.c
Hunk #2 succeeded at 2297 with fuzz 2 (offset -5 lines).
patching file process.c
Hunk #2 succeeded at 1888 (offset -6 lines).
+ patch -p1 -i /home/devel/building/work/src/unzip-6.0-cve-2018-1000035-heap-based-overflow.patch
patching file fileio.c
+ patch -p1 -i /home/devel/building/work/src/unzip-6.0-exec-shield.patch
patching file crc_i386.S
+ patch -p1 -i /home/devel/building/work/src/unzip-6.0-fix-recmatch.patch
patching file match.c
+ patch -p1 -i /home/devel/building/work/src/unzip-6.0-format-secure.patch
patching file extract.c
Hunk #1 succeeded at 474 (offset 2 lines).
Hunk #2 succeeded at 754 (offset 2 lines).
patching file list.c
patching file zipinfo.c
Hunk #1 succeeded at 837 (offset 66 lines).
Hunk #2 succeeded at 1026 (offset 66 lines).
+ patch -p1 -i /home/devel/building/work/src/unzip-6.0-heap-overflow-infloop.patch
patching file crypt.c
patching file extract.c
Hunk #1 succeeded at 2889 (offset 156 lines).
patching file extract.c
+ patch -p1 -i /home/devel/building/work/src/unzip-6.0-manpage-fix.patch
patching file man/unzip.1
Hunk #1 succeeded at 495 (offset 71 lines).
+ patch -p1 -i /home/devel/building/work/src/unzip-6.0-overflow-long-fsize.patch
patching file list.c
+ patch -p1 -i /home/devel/building/work/src/unzip-6.0-overflow.patch
patching file extract.c
Hunk #1 succeeded at 2244 (offset 30 lines).
Hunk #2 succeeded at 2261 with fuzz 2 (offset 37 lines).
+ patch -p1 -i /home/devel/building/work/src/unzip-6.0-symlink.patch
patching file process.c
+ patch -p1 -i /home/devel/building/work/src/unzip-6.0-timestamp.patch
patching file process.c
Hunk #1 succeeded at 2908 (offset -6 lines).
Hunk #2 succeeded at 2930 (offset -6 lines).
Hunk #3 succeeded at 2952 with fuzz 2 (offset -6 lines).
+ patch -p1 -i /home/devel/building/work/src/unzip-6.0-valgrind.patch
patching file fileio.c
Hunk #1 succeeded at 2013 (offset 7 lines).
Hunk #2 succeeded at 2300 with fuzz 2 (offset 7 lines).
+ patch -p1 -i /home/devel/building/work/src/unzip-6.0-wcstombs-fortify.patch
patching file extract.c
Hunk #1 succeeded at 2680 (offset -209 lines).
+ patch -p1 -i /home/devel/building/work/src/unzip-6.0-x-option.patch
patching file process.c
Hunk #1 succeeded at 2941 (offset 40 lines).
Hunk #2 succeeded at 2953 with fuzz 1 (offset 38 lines).
+ patch -p1 -i /home/devel/building/work/src/unzip-gnu89-build.patch
patching file unix/Makefile
+ patch -p1 -i /home/devel/building/work/src/unzip-zipbomb-manpage.patch
patching file man/unzip.1
+ patch -p1 -i /home/devel/building/work/src/unzip-zipbomb-part1.patch
patching file fileio.c
Hunk #1 succeeded at 532 (offset 2 lines).
+ patch -p1 -i /home/devel/building/work/src/unzip-zipbomb-part2.patch
patching file extract.c
Hunk #1 succeeded at 321 (offset 2 lines).
Hunk #2 succeeded at 495 (offset 2 lines).
Hunk #3 succeeded at 735 (offset 2 lines).
Hunk #4 succeeded at 1205 (offset 2 lines).
Hunk #5 succeeded at 1750 (offset 11 lines).
Hunk #6 succeeded at 2160 (offset 8 lines).
patching file globals.c
patching file globals.h
patching file process.c
Hunk #2 succeeded at 1913 (offset 16 lines).
Hunk #3 succeeded at 1977 (offset 41 lines).
patching file unzip.h
+ patch -p1 -i /home/devel/building/work/src/unzip-zipbomb-part3.patch
patching file extract.c
Hunk #1 succeeded at 495 (offset 2 lines).
Hunk #2 succeeded at 511 (offset 2 lines).
patching file process.c
patching file unzpriv.h
Hunk #1 succeeded at 2188 (offset 3 lines).
+ patch -p1 -i /home/devel/building/work/src/unzip-zipbomb-part4.patch
patching file extract.c
Hunk #1 succeeded at 3219 (offset 209 lines).
+ patch -p1 -i /home/devel/building/work/src/unzip-zipbomb-part5.patch
patching file inflate.c
+ patch -p1 -i /home/devel/building/work/src/unzip-zipbomb-part6.patch
patching file extract.c
Hunk #1 succeeded at 655 (offset -3 lines).
Hunk #2 succeeded at 2191 (offset 3 lines).
patching file globals.h
Hunk #1 succeeded at 260 (offset -1 lines).
patching file process.c
Hunk #1 succeeded at 1919 (offset 16 lines).
Hunk #2 succeeded at 1982 (offset 41 lines).
patching file unzpriv.h
+ patch -p1 -i /home/devel/building/work/src/unzip-zipbomb-switch.patch
patching file extract.c
Hunk #1 succeeded at 324 (offset 2 lines).
Hunk #2 succeeded at 501 (offset -2 lines).
Hunk #3 succeeded at 1222 (offset -3 lines).
Hunk #4 succeeded at 1769 (offset 6 lines).
Hunk #5 succeeded at 2181 (offset 3 lines).
Hunk #6 succeeded at 2199 (offset 3 lines).
patching file unzip.c
Hunk #1 succeeded at 1354 (offset 25 lines).
Hunk #2 succeeded at 2014 (offset 92 lines).
patching file unzip.h
+ make -f unix/Makefile CC=x86_64-unknown-linux-gnu-gcc 'CF_NOOPT=-I. -DUNIX -O2 -m64 -march=x86-64 -mtune=generic -flto=auto -ffat-lto-objects -DNOMEMCPY -DIZ_HAVE_UXUIDGID -DNO_LCHMOD' prefix=/usr generic_gcc
make -f unix/Makefile generic CC="gcc -std=gnu89" IZ_BZIP2="bzip2"
make[1]: Entering directory '/home/devel/building/work/src/unzip60'
sh unix/configure "gcc -std=gnu89" "-I. -DUNIX -O2 -m64 -march=x86-64 -mtune=generic -flto=auto -ffat-lto-objects -DNOMEMCPY -DIZ_HAVE_UXUIDGID -DNO_LCHMOD" "bzip2"
Check C compiler operation
  Ok
Check C compiler type (optimization options)
  GNU C (-O3)
Check for the C preprocessor
Check if we can use asm code
Check for ANSI options
Check for prototypes
Check the handling of const
Check for time_t
Check for size_t
Check for off_t
Check for Large File Support
  off_t is 8 bytes
-- yes we have Large File Support!
Check for wide char support
  __STDC_ISO_10646__ = 201706
-- have wchar_t with known UCS encoding - enabling Unicode support!
Check for setlocale support (needed for UNICODE Native check)
-- have setlocale, can check for charset type
--  - enabling UTF8-native support!
Check for gcc no-builtin flag
Check for fchmod
Check for fchown
Check for lchown
Check for nl_langinfo
Check for lchmod
Check for memset
Check for errno declaration
Check for directory libraries
Check for readlink
Check for directory include file
Check for non existent include files
Check for term I/O include file
Check for MBCS include files
Check for MBCS support
-- have MBCS support
Check for MBCS mbschr
Check for MBCS mbsrchr
Check for valloc
Check for /usr/local/bin and /usr/local/man
Checking for OS specialties
Check for symbolic links
Check bzip2 support
  Check for bzip2 sources in unzip's bzip2 subdirectory
  Check if OS already has bzip2 library installed
-- OS supports bzip2 - linking in bzip2
eval make -f unix/Makefile unzips ACONF_DEP=flags `cat flags`
make[2]: Entering directory '/home/devel/building/work/src/unzip60'
gcc -std=gnu89 -c -I. -DUNIX -O2 -m64 -march=x86-64 -mtune=generic -flto=auto -ffat-lto-objects -DNOMEMCPY -DIZ_HAVE_UXUIDGID -DNO_LCHMOD -O3 -DLARGE_FILE_SUPPORT -DUNICODE_SUPPORT -DUNICODE_WCHAR -DUNICODE_SUPPORT -DUTF8_MAYBE_NATIVE -DNO_LCHMOD -DHAVE_DIRENT_H -DHAVE_TERMIOS_H -D_MBCS -DUSE_BZIP2 unzip.c
gcc -std=gnu89 -c -I. -DUNIX -O2 -m64 -march=x86-64 -mtune=generic -flto=auto -ffat-lto-objects -DNOMEMCPY -DIZ_HAVE_UXUIDGID -DNO_LCHMOD -O3 -DLARGE_FILE_SUPPORT -DUNICODE_SUPPORT -DUNICODE_WCHAR -DUNICODE_SUPPORT -DUTF8_MAYBE_NATIVE -DNO_LCHMOD -DHAVE_DIRENT_H -DHAVE_TERMIOS_H -D_MBCS -DUSE_BZIP2 crc32.c
gcc -std=gnu89 -c -I. -DUNIX -O2 -m64 -march=x86-64 -mtune=generic -flto=auto -ffat-lto-objects -DNOMEMCPY -DIZ_HAVE_UXUIDGID -DNO_LCHMOD -O3 -DLARGE_FILE_SUPPORT -DUNICODE_SUPPORT -DUNICODE_WCHAR -DUNICODE_SUPPORT -DUTF8_MAYBE_NATIVE -DNO_LCHMOD -DHAVE_DIRENT_H -DHAVE_TERMIOS_H -D_MBCS -DUSE_BZIP2 crypt.c
gcc -std=gnu89 -c -I. -DUNIX -O2 -m64 -march=x86-64 -mtune=generic -flto=auto -ffat-lto-objects -DNOMEMCPY -DIZ_HAVE_UXUIDGID -DNO_LCHMOD -O3 -DLARGE_FILE_SUPPORT -DUNICODE_SUPPORT -DUNICODE_WCHAR -DUNICODE_SUPPORT -DUTF8_MAYBE_NATIVE -DNO_LCHMOD -DHAVE_DIRENT_H -DHAVE_TERMIOS_H -D_MBCS -DUSE_BZIP2 envargs.c
gcc -std=gnu89 -c -I. -DUNIX -O2 -m64 -march=x86-64 -mtune=generic -flto=auto -ffat-lto-objects -DNOMEMCPY -DIZ_HAVE_UXUIDGID -DNO_LCHMOD -O3 -DLARGE_FILE_SUPPORT -DUNICODE_SUPPORT -DUNICODE_WCHAR -DUNICODE_SUPPORT -DUTF8_MAYBE_NATIVE -DNO_LCHMOD -DHAVE_DIRENT_H -DHAVE_TERMIOS_H -D_MBCS -DUSE_BZIP2 explode.c
gcc -std=gnu89 -c -I. -DUNIX -O2 -m64 -march=x86-64 -mtune=generic -flto=auto -ffat-lto-objects -DNOMEMCPY -DIZ_HAVE_UXUIDGID -DNO_LCHMOD -O3 -DLARGE_FILE_SUPPORT -DUNICODE_SUPPORT -DUNICODE_WCHAR -DUNICODE_SUPPORT -DUTF8_MAYBE_NATIVE -DNO_LCHMOD -DHAVE_DIRENT_H -DHAVE_TERMIOS_H -D_MBCS -DUSE_BZIP2 extract.c
gcc -std=gnu89 -c -I. -DUNIX -O2 -m64 -march=x86-64 -mtune=generic -flto=auto -ffat-lto-objects -DNOMEMCPY -DIZ_HAVE_UXUIDGID -DNO_LCHMOD -O3 -DLARGE_FILE_SUPPORT -DUNICODE_SUPPORT -DUNICODE_WCHAR -DUNICODE_SUPPORT -DUTF8_MAYBE_NATIVE -DNO_LCHMOD -DHAVE_DIRENT_H -DHAVE_TERMIOS_H -D_MBCS -DUSE_BZIP2 fileio.c
gcc -std=gnu89 -c -I. -DUNIX -O2 -m64 -march=x86-64 -mtune=generic -flto=auto -ffat-lto-objects -DNOMEMCPY -DIZ_HAVE_UXUIDGID -DNO_LCHMOD -O3 -DLARGE_FILE_SUPPORT -DUNICODE_SUPPORT -DUNICODE_WCHAR -DUNICODE_SUPPORT -DUTF8_MAYBE_NATIVE -DNO_LCHMOD -DHAVE_DIRENT_H -DHAVE_TERMIOS_H -D_MBCS -DUSE_BZIP2 globals.c
gcc -std=gnu89 -c -I. -DUNIX -O2 -m64 -march=x86-64 -mtune=generic -flto=auto -ffat-lto-objects -DNOMEMCPY -DIZ_HAVE_UXUIDGID -DNO_LCHMOD -O3 -DLARGE_FILE_SUPPORT -DUNICODE_SUPPORT -DUNICODE_WCHAR -DUNICODE_SUPPORT -DUTF8_MAYBE_NATIVE -DNO_LCHMOD -DHAVE_DIRENT_H -DHAVE_TERMIOS_H -D_MBCS -DUSE_BZIP2 inflate.c
gcc -std=gnu89 -c -I. -DUNIX -O2 -m64 -march=x86-64 -mtune=generic -flto=auto -ffat-lto-objects -DNOMEMCPY -DIZ_HAVE_UXUIDGID -DNO_LCHMOD -O3 -DLARGE_FILE_SUPPORT -DUNICODE_SUPPORT -DUNICODE_WCHAR -DUNICODE_SUPPORT -DUTF8_MAYBE_NATIVE -DNO_LCHMOD -DHAVE_DIRENT_H -DHAVE_TERMIOS_H -D_MBCS -DUSE_BZIP2 list.c
gcc -std=gnu89 -c -I. -DUNIX -O2 -m64 -march=x86-64 -mtune=generic -flto=auto -ffat-lto-objects -DNOMEMCPY -DIZ_HAVE_UXUIDGID -DNO_LCHMOD -O3 -DLARGE_FILE_SUPPORT -DUNICODE_SUPPORT -DUNICODE_WCHAR -DUNICODE_SUPPORT -DUTF8_MAYBE_NATIVE -DNO_LCHMOD -DHAVE_DIRENT_H -DHAVE_TERMIOS_H -D_MBCS -DUSE_BZIP2 match.c
gcc -std=gnu89 -c -I. -DUNIX -O2 -m64 -march=x86-64 -mtune=generic -flto=auto -ffat-lto-objects -DNOMEMCPY -DIZ_HAVE_UXUIDGID -DNO_LCHMOD -O3 -DLARGE_FILE_SUPPORT -DUNICODE_SUPPORT -DUNICODE_WCHAR -DUNICODE_SUPPORT -DUTF8_MAYBE_NATIVE -DNO_LCHMOD -DHAVE_DIRENT_H -DHAVE_TERMIOS_H -D_MBCS -DUSE_BZIP2 process.c
gcc -std=gnu89 -c -I. -DUNIX -O2 -m64 -march=x86-64 -mtune=generic -flto=auto -ffat-lto-objects -DNOMEMCPY -DIZ_HAVE_UXUIDGID -DNO_LCHMOD -O3 -DLARGE_FILE_SUPPORT -DUNICODE_SUPPORT -DUNICODE_WCHAR -DUNICODE_SUPPORT -DUTF8_MAYBE_NATIVE -DNO_LCHMOD -DHAVE_DIRENT_H -DHAVE_TERMIOS_H -D_MBCS -DUSE_BZIP2 ttyio.c
gcc -std=gnu89 -c -I. -DUNIX -O2 -m64 -march=x86-64 -mtune=generic -flto=auto -ffat-lto-objects -DNOMEMCPY -DIZ_HAVE_UXUIDGID -DNO_LCHMOD -O3 -DLARGE_FILE_SUPPORT -DUNICODE_SUPPORT -DUNICODE_WCHAR -DUNICODE_SUPPORT -DUTF8_MAYBE_NATIVE -DNO_LCHMOD -DHAVE_DIRENT_H -DHAVE_TERMIOS_H -D_MBCS -DUSE_BZIP2 ubz2err.c
gcc -std=gnu89 -c -I. -DUNIX -O2 -m64 -march=x86-64 -mtune=generic -flto=auto -ffat-lto-objects -DNOMEMCPY -DIZ_HAVE_UXUIDGID -DNO_LCHMOD -O3 -DLARGE_FILE_SUPPORT -DUNICODE_SUPPORT -DUNICODE_WCHAR -DUNICODE_SUPPORT -DUTF8_MAYBE_NATIVE -DNO_LCHMOD -DHAVE_DIRENT_H -DHAVE_TERMIOS_H -D_MBCS -DUSE_BZIP2 unreduce.c
gcc -std=gnu89 -c -I. -DUNIX -O2 -m64 -march=x86-64 -mtune=generic -flto=auto -ffat-lto-objects -DNOMEMCPY -DIZ_HAVE_UXUIDGID -DNO_LCHMOD -O3 -DLARGE_FILE_SUPPORT -DUNICODE_SUPPORT -DUNICODE_WCHAR -DUNICODE_SUPPORT -DUTF8_MAYBE_NATIVE -DNO_LCHMOD -DHAVE_DIRENT_H -DHAVE_TERMIOS_H -D_MBCS -DUSE_BZIP2 unshrink.c
gcc -std=gnu89 -c -I. -DUNIX -O2 -m64 -march=x86-64 -mtune=generic -flto=auto -ffat-lto-objects -DNOMEMCPY -DIZ_HAVE_UXUIDGID -DNO_LCHMOD -O3 -DLARGE_FILE_SUPPORT -DUNICODE_SUPPORT -DUNICODE_WCHAR -DUNICODE_SUPPORT -DUTF8_MAYBE_NATIVE -DNO_LCHMOD -DHAVE_DIRENT_H -DHAVE_TERMIOS_H -D_MBCS -DUSE_BZIP2 zipinfo.c
gcc -std=gnu89 -c -I. -DUNIX -O2 -m64 -march=x86-64 -mtune=generic -flto=auto -ffat-lto-objects -DNOMEMCPY -DIZ_HAVE_UXUIDGID -DNO_LCHMOD -O3 -DLARGE_FILE_SUPPORT -DUNICODE_SUPPORT -DUNICODE_WCHAR -DUNICODE_SUPPORT -DUTF8_MAYBE_NATIVE -DNO_LCHMOD -DHAVE_DIRENT_H -DHAVE_TERMIOS_H -D_MBCS -DUSE_BZIP2 unix/unix.c
gcc -std=gnu89 -c -I. -DUNIX -O2 -m64 -march=x86-64 -mtune=generic -flto=auto -ffat-lto-objects -DNOMEMCPY -DIZ_HAVE_UXUIDGID -DNO_LCHMOD -O3 -DLARGE_FILE_SUPPORT -DUNICODE_SUPPORT -DUNICODE_WCHAR -DUNICODE_SUPPORT -DUTF8_MAYBE_NATIVE -DNO_LCHMOD -DHAVE_DIRENT_H -DHAVE_TERMIOS_H -D_MBCS -DUSE_BZIP2 funzip.c
gcc -std=gnu89 -c -I. -DUNIX -O2 -m64 -march=x86-64 -mtune=generic -flto=auto -ffat-lto-objects -DNOMEMCPY -DIZ_HAVE_UXUIDGID -DNO_LCHMOD -O3 -DLARGE_FILE_SUPPORT -DUNICODE_SUPPORT -DUNICODE_WCHAR -DUNICODE_SUPPORT -DUTF8_MAYBE_NATIVE -DNO_LCHMOD -DHAVE_DIRENT_H -DHAVE_TERMIOS_H -D_MBCS -DUSE_BZIP2 -DFUNZIP -o cryptf.o crypt.c
gcc -std=gnu89 -c -I. -DUNIX -O2 -m64 -march=x86-64 -mtune=generic -flto=auto -ffat-lto-objects -DNOMEMCPY -DIZ_HAVE_UXUIDGID -DNO_LCHMOD -O3 -DLARGE_FILE_SUPPORT -DUNICODE_SUPPORT -DUNICODE_WCHAR -DUNICODE_SUPPORT -DUTF8_MAYBE_NATIVE -DNO_LCHMOD -DHAVE_DIRENT_H -DHAVE_TERMIOS_H -D_MBCS -DUSE_BZIP2 -DFUNZIP -o globalsf.o globals.c
gcc -std=gnu89 -c -I. -DUNIX -O2 -m64 -march=x86-64 -mtune=generic -flto=auto -ffat-lto-objects -DNOMEMCPY -DIZ_HAVE_UXUIDGID -DNO_LCHMOD -O3 -DLARGE_FILE_SUPPORT -DUNICODE_SUPPORT -DUNICODE_WCHAR -DUNICODE_SUPPORT -DUTF8_MAYBE_NATIVE -DNO_LCHMOD -DHAVE_DIRENT_H -DHAVE_TERMIOS_H -D_MBCS -DUSE_BZIP2 -DFUNZIP -o inflatef.o inflate.c
gcc -std=gnu89 -c -I. -DUNIX -O2 -m64 -march=x86-64 -mtune=generic -flto=auto -ffat-lto-objects -DNOMEMCPY -DIZ_HAVE_UXUIDGID -DNO_LCHMOD -O3 -DLARGE_FILE_SUPPORT -DUNICODE_SUPPORT -DUNICODE_WCHAR -DUNICODE_SUPPORT -DUTF8_MAYBE_NATIVE -DNO_LCHMOD -DHAVE_DIRENT_H -DHAVE_TERMIOS_H -D_MBCS -DUSE_BZIP2 -DFUNZIP -o ttyiof.o ttyio.c
gcc -std=gnu89 -c -I. -DUNIX -O2 -m64 -march=x86-64 -mtune=generic -flto=auto -ffat-lto-objects -DNOMEMCPY -DIZ_HAVE_UXUIDGID -DNO_LCHMOD -O3 -DLARGE_FILE_SUPPORT -DUNICODE_SUPPORT -DUNICODE_WCHAR -DUNICODE_SUPPORT -DUTF8_MAYBE_NATIVE -DNO_LCHMOD -DHAVE_DIRENT_H -DHAVE_TERMIOS_H -D_MBCS -DUSE_BZIP2 -DSFX -o unzipsfx.o unzip.c
gcc -std=gnu89 -c -I. -DUNIX -O2 -m64 -march=x86-64 -mtune=generic -flto=auto -ffat-lto-objects -DNOMEMCPY -DIZ_HAVE_UXUIDGID -DNO_LCHMOD -O3 -DLARGE_FILE_SUPPORT -DUNICODE_SUPPORT -DUNICODE_WCHAR -DUNICODE_SUPPORT -DUTF8_MAYBE_NATIVE -DNO_LCHMOD -DHAVE_DIRENT_H -DHAVE_TERMIOS_H -D_MBCS -DUSE_BZIP2 -DSFX -o crc32_.o crc32.c
gcc -std=gnu89 -c -I. -DUNIX -O2 -m64 -march=x86-64 -mtune=generic -flto=auto -ffat-lto-objects -DNOMEMCPY -DIZ_HAVE_UXUIDGID -DNO_LCHMOD -O3 -DLARGE_FILE_SUPPORT -DUNICODE_SUPPORT -DUNICODE_WCHAR -DUNICODE_SUPPORT -DUTF8_MAYBE_NATIVE -DNO_LCHMOD -DHAVE_DIRENT_H -DHAVE_TERMIOS_H -D_MBCS -DUSE_BZIP2 -DSFX -o crypt_.o crypt.c
gcc -std=gnu89 -c -I. -DUNIX -O2 -m64 -march=x86-64 -mtune=generic -flto=auto -ffat-lto-objects -DNOMEMCPY -DIZ_HAVE_UXUIDGID -DNO_LCHMOD -O3 -DLARGE_FILE_SUPPORT -DUNICODE_SUPPORT -DUNICODE_WCHAR -DUNICODE_SUPPORT -DUTF8_MAYBE_NATIVE -DNO_LCHMOD -DHAVE_DIRENT_H -DHAVE_TERMIOS_H -D_MBCS -DUSE_BZIP2 -DSFX -o extract_.o extract.c
gcc -std=gnu89 -c -I. -DUNIX -O2 -m64 -march=x86-64 -mtune=generic -flto=auto -ffat-lto-objects -DNOMEMCPY -DIZ_HAVE_UXUIDGID -DNO_LCHMOD -O3 -DLARGE_FILE_SUPPORT -DUNICODE_SUPPORT -DUNICODE_WCHAR -DUNICODE_SUPPORT -DUTF8_MAYBE_NATIVE -DNO_LCHMOD -DHAVE_DIRENT_H -DHAVE_TERMIOS_H -D_MBCS -DUSE_BZIP2 -DSFX -o fileio_.o fileio.c
gcc -std=gnu89 -c -I. -DUNIX -O2 -m64 -march=x86-64 -mtune=generic -flto=auto -ffat-lto-objects -DNOMEMCPY -DIZ_HAVE_UXUIDGID -DNO_LCHMOD -O3 -DLARGE_FILE_SUPPORT -DUNICODE_SUPPORT -DUNICODE_WCHAR -DUNICODE_SUPPORT -DUTF8_MAYBE_NATIVE -DNO_LCHMOD -DHAVE_DIRENT_H -DHAVE_TERMIOS_H -D_MBCS -DUSE_BZIP2 -DSFX -o globals_.o globals.c
gcc -std=gnu89 -c -I. -DUNIX -O2 -m64 -march=x86-64 -mtune=generic -flto=auto -ffat-lto-objects -DNOMEMCPY -DIZ_HAVE_UXUIDGID -DNO_LCHMOD -O3 -DLARGE_FILE_SUPPORT -DUNICODE_SUPPORT -DUNICODE_WCHAR -DUNICODE_SUPPORT -DUTF8_MAYBE_NATIVE -DNO_LCHMOD -DHAVE_DIRENT_H -DHAVE_TERMIOS_H -D_MBCS -DUSE_BZIP2 -DSFX -o inflate_.o inflate.c
gcc -std=gnu89 -c -I. -DUNIX -O2 -m64 -march=x86-64 -mtune=generic -flto=auto -ffat-lto-objects -DNOMEMCPY -DIZ_HAVE_UXUIDGID -DNO_LCHMOD -O3 -DLARGE_FILE_SUPPORT -DUNICODE_SUPPORT -DUNICODE_WCHAR -DUNICODE_SUPPORT -DUTF8_MAYBE_NATIVE -DNO_LCHMOD -DHAVE_DIRENT_H -DHAVE_TERMIOS_H -D_MBCS -DUSE_BZIP2 -DSFX -o match_.o match.c
gcc -std=gnu89 -c -I. -DUNIX -O2 -m64 -march=x86-64 -mtune=generic -flto=auto -ffat-lto-objects -DNOMEMCPY -DIZ_HAVE_UXUIDGID -DNO_LCHMOD -O3 -DLARGE_FILE_SUPPORT -DUNICODE_SUPPORT -DUNICODE_WCHAR -DUNICODE_SUPPORT -DUTF8_MAYBE_NATIVE -DNO_LCHMOD -DHAVE_DIRENT_H -DHAVE_TERMIOS_H -D_MBCS -DUSE_BZIP2 -DSFX -o process_.o process.c
gcc -std=gnu89 -c -I. -DUNIX -O2 -m64 -march=x86-64 -mtune=generic -flto=auto -ffat-lto-objects -DNOMEMCPY -DIZ_HAVE_UXUIDGID -DNO_LCHMOD -O3 -DLARGE_FILE_SUPPORT -DUNICODE_SUPPORT -DUNICODE_WCHAR -DUNICODE_SUPPORT -DUTF8_MAYBE_NATIVE -DNO_LCHMOD -DHAVE_DIRENT_H -DHAVE_TERMIOS_H -D_MBCS -DUSE_BZIP2 -DSFX -o ttyio_.o ttyio.c
gcc -std=gnu89 -c -I. -DUNIX -O2 -m64 -march=x86-64 -mtune=generic -flto=auto -ffat-lto-objects -DNOMEMCPY -DIZ_HAVE_UXUIDGID -DNO_LCHMOD -O3 -DLARGE_FILE_SUPPORT -DUNICODE_SUPPORT -DUNICODE_WCHAR -DUNICODE_SUPPORT -DUTF8_MAYBE_NATIVE -DNO_LCHMOD -DHAVE_DIRENT_H -DHAVE_TERMIOS_H -D_MBCS -DUSE_BZIP2 -DSFX -o ubz2err_.o ubz2err.c
gcc -std=gnu89 -c -I. -DUNIX -O2 -m64 -march=x86-64 -mtune=generic -flto=auto -ffat-lto-objects -DNOMEMCPY -DIZ_HAVE_UXUIDGID -DNO_LCHMOD -O3 -DLARGE_FILE_SUPPORT -DUNICODE_SUPPORT -DUNICODE_WCHAR -DUNICODE_SUPPORT -DUTF8_MAYBE_NATIVE -DNO_LCHMOD -DHAVE_DIRENT_H -DHAVE_TERMIOS_H -D_MBCS -DUSE_BZIP2 -DSFX -o unix_.o unix/unix.c
gcc -std=gnu89 -o funzip  funzip.o crc32.o  cryptf.o globalsf.o inflatef.o ttyiof.o 
gcc -std=gnu89 -o unzip  -Lbzip2 unzip.o crc32.o  crypt.o envargs.o explode.o extract.o fileio.o globals.o inflate.o list.o match.o process.o ttyio.o ubz2err.o unreduce.o unshrink.o zipinfo.o unix.o -lbz2 
gcc -std=gnu89 -o unzipsfx  unzipsfx.o crc32_.o  crypt_.o extract_.o fileio_.o globals_.o inflate_.o match_.o process_.o ttyio_.o ubz2err_.o unix_.o 
make[2]: Leaving directory '/home/devel/building/work/src/unzip60'
make[1]: Leaving directory '/home/devel/building/work/src/unzip60'
+ make -f unix/Makefile prefix=/home/devel/building/work/pkg/usr MANDIR=/home/devel/building/work/pkg/usr/share/man/man1/ install
mkdir -p /home/devel/building/work/pkg/usr/bin
cp unzip funzip unzipsfx /home/devel/building/work/pkg/usr/bin
cp unix/zipgrep /home/devel/building/work/pkg/usr/bin
rm -f /home/devel/building/work/pkg/usr/bin/zipinfo
ln /home/devel/building/work/pkg/usr/bin/unzip /home/devel/building/work/pkg/usr/bin/zipinfo
mkdir -p /home/devel/building/work/pkg/usr/share/man/man1/
cp man/funzip.1 /home/devel/building/work/pkg/usr/share/man/man1//funzip.1
cp man/unzip.1 /home/devel/building/work/pkg/usr/share/man/man1//unzip.1
cp man/unzipsfx.1 /home/devel/building/work/pkg/usr/share/man/man1//unzipsfx.1
cp man/zipgrep.1 /home/devel/building/work/pkg/usr/share/man/man1//zipgrep.1
cp man/zipinfo.1 /home/devel/building/work/pkg/usr/share/man/man1//zipinfo.1
chmod 755 /home/devel/building/work/pkg/usr/bin/funzip /home/devel/building/work/pkg/usr/bin/unzip /home/devel/building/work/pkg/usr/bin/unzipsfx /home/devel/building/work/pkg/usr/bin/zipgrep /home/devel/building/work/pkg/usr/bin/zipinfo
chmod 644 /home/devel/building/work/pkg/usr/share/man/man1//funzip.1 /home/devel/building/work/pkg/usr/share/man/man1//unzip.1 /home/devel/building/work/pkg/usr/share/man/man1//unzipsfx.1 /home/devel/building/work/pkg/usr/share/man/man1//zipgrep.1 /home/devel/building/work/pkg/usr/share/man/man1//zipinfo.1
+ ln -sf unzip /home/devel/building/work/pkg/usr/bin/zipinfo
=======> Build result:
drwxr-xr-x  0 root   root        0 May  8 01:38 usr/
drwxr-xr-x  0 root   root        0 May  8 01:38 usr/bin/
drwxr-xr-x  0 root   root        0 May  8 01:38 usr/share/
drwxr-xr-x  0 root   root        0 May  8 01:38 usr/share/man/
drwxr-xr-x  0 root   root        0 May  8 01:38 usr/share/man/man1/
-rw-r--r--  0 root   root     1993 May  8 01:38 usr/share/man/man1/funzip.1.gz
-rw-r--r--  0 root   root    18223 May  8 01:38 usr/share/man/man1/unzip.1.gz
-rw-r--r--  0 root   root     5523 May  8 01:38 usr/share/man/man1/unzipsfx.1.gz
-rw-r--r--  0 root   root     1553 May  8 01:38 usr/share/man/man1/zipgrep.1.gz
-rw-r--r--  0 root   root     8899 May  8 01:38 usr/share/man/man1/zipinfo.1.gz
-rwxr-xr-x  0 root   root   178928 May  8 01:38 usr/bin/unzip
-rwxr-xr-x  0 root   root    26832 May  8 01:38 usr/bin/funzip
-rwxr-xr-x  0 root   root    84640 May  8 01:38 usr/bin/unzipsfx
-rwxr-xr-x  0 root   root     2953 May  8 01:38 usr/bin/zipgrep
lrwxrwxrwx  0 root   root        0 May  8 01:38 usr/bin/zipinfo -> unzip
=======> Building '/home/devel/packages/unzip#6.0-2.x86_64.pkg.tar.zst' succeeded.
prt-get: Using PKGMK_PACKAGE_DIR: /home/devel/packages
prt-get: reinstalling unzip 6.0-2
prt-get: /usr/bin/pkgadd -u unzip#6.0-2.x86_64.pkg.tar.zst
prt-get: build done Wed May  8 01:38:14 2024

