prt-get: updating /usr/ports/opt-x86_64/utf8proc
prt-get: starting build Wed May  8 01:38:25 2024
=======> Building '/home/devel/packages/utf8proc#2.9.0-1.x86_64.pkg.tar.zst'.
bsdtar -p -o -C /home/devel/building/work/src -xf /home/devel/sources/utf8proc-2.9.0.tar.gz
+ build
+ cd utf8proc-2.9.0
+ make
cc  -O2 -m64 -march=x86-64 -mtune=generic -flto=auto -ffat-lto-objects -fPIC -std=c99 -Wsign-conversion -Wall -Wextra -pedantic -DUTF8PROC_EXPORTS  -c -o utf8proc.o utf8proc.c
rm -f libutf8proc.a
cc  -shared -o libutf8proc.so.3.0.0 -Wl,-soname -Wl,libutf8proc.so.3 utf8proc.o
ar crs libutf8proc.a utf8proc.o
chmod a-x libutf8proc.so.3.0.0
ln -f -s libutf8proc.so.3.0.0 libutf8proc.so
ln -f -s libutf8proc.so.3.0.0 libutf8proc.so.3
+ make prefix=/usr DESTDIR=/home/devel/building/work/pkg install
sed \
	-e 's#PREFIX#/usr#' \
	-e 's#LIBDIR#lib#' \
	-e 's#INCLUDEDIR#include#' \
	-e 's#VERSION#3.0.0#' \
	libutf8proc.pc.in > libutf8proc.pc
mkdir -m 755 -p /home/devel/building/work/pkg/usr/include
install -m 644 utf8proc.h /home/devel/building/work/pkg/usr/include
mkdir -m 755 -p /home/devel/building/work/pkg/usr/lib
install -m 644 libutf8proc.a /home/devel/building/work/pkg/usr/lib
install -m 755 libutf8proc.so.3.0.0 /home/devel/building/work/pkg/usr/lib
mkdir -m 755 -p /home/devel/building/work/pkg/usr/lib/pkgconfig
install -m 644 libutf8proc.pc /home/devel/building/work/pkg/usr/lib/pkgconfig/libutf8proc.pc
ln -f -s libutf8proc.so.3.0.0 /home/devel/building/work/pkg/usr/lib/libutf8proc.so
ln -f -s libutf8proc.so.3.0.0 /home/devel/building/work/pkg/usr/lib/libutf8proc.so.3
+ cp /home/devel/building/work/pkg/usr/lib/pkgconfig/libutf8proc.pc /home/devel/building/work/pkg/usr/lib/pkgconfig/utf8proc.pc
+ sed -i 's,^\(Name: \)lib\(utf8proc\),\1\2,' /home/devel/building/work/pkg/usr/lib/pkgconfig/utf8proc.pc
+ rm /home/devel/building/work/pkg/usr/lib/libutf8proc.a
=======> Build result:
drwxr-xr-x  0 root   root        0 May  8 01:38 usr/
drwxr-xr-x  0 root   root        0 May  8 01:38 usr/include/
drwxr-xr-x  0 root   root        0 May  8 01:38 usr/lib/
-rwxr-xr-x  0 root   root   350280 May  8 01:38 usr/lib/libutf8proc.so.3.0.0
drwxr-xr-x  0 root   root        0 May  8 01:38 usr/lib/pkgconfig/
lrwxrwxrwx  0 root   root        0 May  8 01:38 usr/lib/libutf8proc.so -> libutf8proc.so.3.0.0
lrwxrwxrwx  0 root   root        0 May  8 01:38 usr/lib/libutf8proc.so.3 -> libutf8proc.so.3.0.0
-rw-r--r--  0 root   root      219 May  8 01:38 usr/lib/pkgconfig/libutf8proc.pc
-rw-r--r--  0 root   root      216 May  8 01:38 usr/lib/pkgconfig/utf8proc.pc
-rw-r--r--  0 root   root    31485 May  8 01:38 usr/include/utf8proc.h
=======> Building '/home/devel/packages/utf8proc#2.9.0-1.x86_64.pkg.tar.zst' succeeded.
prt-get: Using PKGMK_PACKAGE_DIR: /home/devel/packages
prt-get: reinstalling utf8proc 2.9.0-1
prt-get: /usr/bin/pkgadd -u utf8proc#2.9.0-1.x86_64.pkg.tar.zst
prt-get: build done Wed May  8 01:38:26 2024

