prt-get: updating /usr/ports/wayland-x86_64/wayland
prt-get: starting build Wed May  8 01:40:06 2024
=======> Building '/home/devel/packages/wayland#1.22.0-1.x86_64.pkg.tar.zst'.
bsdtar -p -o -C /home/devel/building/work/src -xf /home/devel/sources/wayland-1.22.0.tar.xz
cp tests-ignore-debugger.patch /home/devel/building/work/src
+ build
+ cd wayland-1.22.0
+ patch -p1 -i /home/devel/building/work/src/tests-ignore-debugger.patch
patching file tests/test-runner.c
Hunk #1 succeeded at 255 (offset -32 lines).
+ build-meson -Ddocumentation=false . build
The Meson build system
Version: 1.4.0
Source dir: /home/devel/building/work/src/wayland-1.22.0
Build dir: /home/devel/building/work/src/wayland-1.22.0/build
Build type: native build
Project name: wayland
Project version: 1.22.0
C compiler for the host machine: cc (gcc 14.1.0 "cc (SAUX-x86_64) 14.1.0")
C linker for the host machine: cc ld.bfd 2.42
Host machine cpu family: x86_64
Host machine cpu: x86_64
Compiler for C supports arguments -Wno-unused-parameter: YES 
Compiler for C supports arguments -Wstrict-prototypes: YES 
Compiler for C supports arguments -Wmissing-prototypes: YES 
Compiler for C supports arguments -fvisibility=hidden: YES 
Has header "sys/prctl.h" : YES 
Has header "sys/procctl.h" : NO 
Has header "sys/ucred.h" : NO 
Checking for function "accept4" : YES 
Checking for function "mkostemp" : YES 
Checking for function "posix_fallocate" : YES 
Checking for function "prctl" : YES 
Checking for function "memfd_create" : YES 
Checking for function "mremap" : YES 
Checking for function "strndup" : YES 
Checking whether type "struct xucred" has member "cr_pid" : NO 
Found pkg-config: YES (/usr/bin/pkg-config) 2.2.0
Run-time dependency libffi found: YES 3.4.6
Header "sys/signalfd.h" has symbol "SFD_CLOEXEC" : YES 
Header "sys/timerfd.h" has symbol "TFD_CLOEXEC" : YES 
Header "time.h" has symbol "CLOCK_MONOTONIC" : YES 
Checking for function "clock_gettime" : NO 
Library rt found: YES
Checking for function "clock_gettime" with dependency -lrt: YES 
Configuring config.h using configuration
Configuring wayland-version.h using configuration
Run-time dependency expat found: YES 2.6.2
Run-time dependency libxml-2.0 found: YES 2.12.6
Program embed.py found: YES (/usr/bin/python3 /home/devel/building/work/src/wayland-1.22.0/src/embed.py)
Library m found: YES
Run-time dependency threads found: YES
Program nm found: YES (/usr/bin/nm)
Program wayland-egl-symbols-check found: YES (/home/devel/building/work/src/wayland-1.22.0/egl/wayland-egl-symbols-check)
Library dl found: YES
Dependency threads found: YES unknown (cached)
Dependency threads found: YES unknown (cached)
Library dl found: YES
C++ compiler for the host machine: c++ (gcc 14.1.0 "c++ (SAUX-x86_64) 14.1.0")
C++ linker for the host machine: c++ ld.bfd 2.42
Program sed found: YES (/bin/sed)
Program scanner-test.sh found: YES (/home/devel/building/work/src/wayland-1.22.0/tests/scanner-test.sh)
Build targets in project: 41
NOTICE: Future-deprecated features used:
 * 0.62.0: {'pkgconfig.generate variable for builtin directories'}

wayland 1.22.0

  User defined options
    auto_features     : auto
    bindir            : /usr/bin
    buildtype         : plain
    datadir           : /usr/share
    includedir        : /usr/include
    libdir            : /usr/lib
    libexecdir        : /usr/lib
    localstatedir     : /var
    mandir            : /usr/share/man
    prefix            : /usr
    sbindir           : /usr/sbin
    sharedstatedir    : /var/lib
    sysconfdir        : /etc
    werror            : false
    wrap_mode         : nodownload
    python.bytecompile: 0
    b_lto             : false
    b_pie             : true
    b_staticpic       : true
    documentation     : false

Found ninja-1.9 at /usr/bin/ninja
+ meson compile -j 8 -v -C build
ninja: entering directory '/home/devel/building/work/src/wayland-1.22.0/build'
[1/88] cc -Itests/exec-fd-leak-checker.p -Itests -I../tests -Isrc -I../src -fdiagnostics-color=always -D_FILE_OFFSET_BITS=64 -Wall -Winvalid-pch -Wextra -std=c99 -D_POSIX_C_SOURCE=200809L -Wno-unused-parameter -Wstrict-prototypes -Wmissing-prototypes -fvisibility=hidden -O2 -m64 -march=x86-64 -mtune=generic -flto=auto -ffat-lto-objects -fPIE -pthread -MD -MQ tests/exec-fd-leak-checker.p/exec-fd-leak-checker.c.o -MF tests/exec-fd-leak-checker.p/exec-fd-leak-checker.c.o.d -o tests/exec-fd-leak-checker.p/exec-fd-leak-checker.c.o -c ../tests/exec-fd-leak-checker.c
[2/88] cc -Iegl/wayland-egl-abi-check.p -Iegl -I../egl -fdiagnostics-color=always -D_FILE_OFFSET_BITS=64 -Wall -Winvalid-pch -Wextra -std=c99 -D_POSIX_C_SOURCE=200809L -Wno-unused-parameter -Wstrict-prototypes -Wmissing-prototypes -fvisibility=hidden -O2 -m64 -march=x86-64 -mtune=generic -flto=auto -ffat-lto-objects -fPIE -MD -MQ egl/wayland-egl-abi-check.p/wayland-egl-abi-check.c.o -MF egl/wayland-egl-abi-check.p/wayland-egl-abi-check.c.o.d -o egl/wayland-egl-abi-check.p/wayland-egl-abi-check.c.o -c ../egl/wayland-egl-abi-check.c
[3/88] cc -Itests/fixed-benchmark.p -Itests -I../tests -Isrc -I../src -fdiagnostics-color=always -D_FILE_OFFSET_BITS=64 -Wall -Winvalid-pch -Wextra -std=c99 -D_POSIX_C_SOURCE=200809L -Wno-unused-parameter -Wstrict-prototypes -Wmissing-prototypes -fvisibility=hidden -O2 -m64 -march=x86-64 -mtune=generic -flto=auto -ffat-lto-objects -fPIE -pthread -MD -MQ tests/fixed-benchmark.p/fixed-benchmark.c.o -MF tests/fixed-benchmark.p/fixed-benchmark.c.o.d -o tests/fixed-benchmark.p/fixed-benchmark.c.o -c ../tests/fixed-benchmark.c
[4/88] cc -Itests/os-wrappers-test.p -Itests -I../tests -Isrc -I../src -fdiagnostics-color=always -D_FILE_OFFSET_BITS=64 -Wall -Winvalid-pch -Wextra -std=c99 -D_POSIX_C_SOURCE=200809L -Wno-unused-parameter -Wstrict-prototypes -Wmissing-prototypes -fvisibility=hidden -O2 -m64 -march=x86-64 -mtune=generic -flto=auto -ffat-lto-objects -fPIE -pthread -MD -MQ tests/os-wrappers-test.p/os-wrappers-test.c.o -MF tests/os-wrappers-test.p/os-wrappers-test.c.o.d -o tests/os-wrappers-test.p/os-wrappers-test.c.o -c ../tests/os-wrappers-test.c
[5/88] cc -Itests/map-test.p -Itests -I../tests -Isrc -I../src -fdiagnostics-color=always -D_FILE_OFFSET_BITS=64 -Wall -Winvalid-pch -Wextra -std=c99 -D_POSIX_C_SOURCE=200809L -Wno-unused-parameter -Wstrict-prototypes -Wmissing-prototypes -fvisibility=hidden -O2 -m64 -march=x86-64 -mtune=generic -flto=auto -ffat-lto-objects -fPIE -pthread -MD -MQ tests/map-test.p/map-test.c.o -MF tests/map-test.p/map-test.c.o.d -o tests/map-test.p/map-test.c.o -c ../tests/map-test.c
[6/88] cc -Itests/list-test.p -Itests -I../tests -Isrc -I../src -fdiagnostics-color=always -D_FILE_OFFSET_BITS=64 -Wall -Winvalid-pch -Wextra -std=c99 -D_POSIX_C_SOURCE=200809L -Wno-unused-parameter -Wstrict-prototypes -Wmissing-prototypes -fvisibility=hidden -O2 -m64 -march=x86-64 -mtune=generic -flto=auto -ffat-lto-objects -fPIE -pthread -MD -MQ tests/list-test.p/list-test.c.o -MF tests/list-test.p/list-test.c.o.d -o tests/list-test.p/list-test.c.o -c ../tests/list-test.c
[7/88] cc -Itests/fixed-test.p -Itests -I../tests -Isrc -I../src -fdiagnostics-color=always -D_FILE_OFFSET_BITS=64 -Wall -Winvalid-pch -Wextra -std=c99 -D_POSIX_C_SOURCE=200809L -Wno-unused-parameter -Wstrict-prototypes -Wmissing-prototypes -fvisibility=hidden -O2 -m64 -march=x86-64 -mtune=generic -flto=auto -ffat-lto-objects -fPIE -pthread -MD -MQ tests/fixed-test.p/fixed-test.c.o -MF tests/fixed-test.p/fixed-test.c.o.d -o tests/fixed-test.p/fixed-test.c.o -c ../tests/fixed-test.c
[8/88] cc -Isrc/libwayland-private.a.p -Isrc -I../src -fdiagnostics-color=always -D_FILE_OFFSET_BITS=64 -Wall -Winvalid-pch -Wextra -std=c99 -D_POSIX_C_SOURCE=200809L -Wno-unused-parameter -Wstrict-prototypes -Wmissing-prototypes -fvisibility=hidden -O2 -m64 -march=x86-64 -mtune=generic -flto=auto -ffat-lto-objects -fPIC -MD -MQ src/libwayland-private.a.p/wayland-os.c.o -MF src/libwayland-private.a.p/wayland-os.c.o.d -o src/libwayland-private.a.p/wayland-os.c.o -c ../src/wayland-os.c
[9/88] cc  -o egl/wayland-egl-abi-check egl/wayland-egl-abi-check.p/wayland-egl-abi-check.c.o -Wl,--as-needed -Wl,--no-undefined -pie -O2 -m64 -march=x86-64 -mtune=generic -flto=auto -ffat-lto-objects
[10/88] cc -Isrc/libwayland-private.a.p -Isrc -I../src -fdiagnostics-color=always -D_FILE_OFFSET_BITS=64 -Wall -Winvalid-pch -Wextra -std=c99 -D_POSIX_C_SOURCE=200809L -Wno-unused-parameter -Wstrict-prototypes -Wmissing-prototypes -fvisibility=hidden -O2 -m64 -march=x86-64 -mtune=generic -flto=auto -ffat-lto-objects -fPIC -MD -MQ src/libwayland-private.a.p/connection.c.o -MF src/libwayland-private.a.p/connection.c.o.d -o src/libwayland-private.a.p/connection.c.o -c ../src/connection.c
[11/88] cc -Itests/array-test.p -Itests -I../tests -Isrc -I../src -fdiagnostics-color=always -D_FILE_OFFSET_BITS=64 -Wall -Winvalid-pch -Wextra -std=c99 -D_POSIX_C_SOURCE=200809L -Wno-unused-parameter -Wstrict-prototypes -Wmissing-prototypes -fvisibility=hidden -O2 -m64 -march=x86-64 -mtune=generic -flto=auto -ffat-lto-objects -fPIE -pthread -MD -MQ tests/array-test.p/array-test.c.o -MF tests/array-test.p/array-test.c.o.d -o tests/array-test.p/array-test.c.o -c ../tests/array-test.c
[12/88] cc -Isrc/libwayland-util.a.p -Isrc -I../src -fdiagnostics-color=always -D_FILE_OFFSET_BITS=64 -Wall -Winvalid-pch -Wextra -std=c99 -D_POSIX_C_SOURCE=200809L -Wno-unused-parameter -Wstrict-prototypes -Wmissing-prototypes -fvisibility=hidden -O2 -m64 -march=x86-64 -mtune=generic -flto=auto -ffat-lto-objects -fPIC -MD -MQ src/libwayland-util.a.p/wayland-util.c.o -MF src/libwayland-util.a.p/wayland-util.c.o.d -o src/libwayland-util.a.p/wayland-util.c.o -c ../src/wayland-util.c
[13/88] /usr/bin/meson --internal exe --capture src/wayland.dtd.h -- /usr/bin/python3 /home/devel/building/work/src/wayland-1.22.0/src/embed.py ../src/../protocol/wayland.dtd wayland_dtd
[14/88] cc -Isrc/wayland-scanner.p -Isrc -I../src -I. -I.. -I../protocol -I/usr/include/libxml2 -fdiagnostics-color=always -D_FILE_OFFSET_BITS=64 -Wall -Winvalid-pch -Wextra -std=c99 -D_POSIX_C_SOURCE=200809L -Wno-unused-parameter -Wstrict-prototypes -Wmissing-prototypes -fvisibility=hidden -O2 -m64 -march=x86-64 -mtune=generic -flto=auto -ffat-lto-objects -fPIE -include config.h -DHAVE_LIBXML=1 -MD -MQ src/wayland-scanner.p/scanner.c.o -MF src/wayland-scanner.p/scanner.c.o.d -o src/wayland-scanner.p/scanner.c.o -c ../src/scanner.c
[15/88] rm -f src/libwayland-util.a && gcc-ar csrDT src/libwayland-util.a src/libwayland-util.a.p/wayland-util.c.o
[16/88] rm -f src/libwayland-private.a && gcc-ar csrDT src/libwayland-private.a src/libwayland-private.a.p/connection.c.o src/libwayland-private.a.p/wayland-os.c.o
[17/88] cc  -o src/wayland-scanner src/wayland-scanner.p/scanner.c.o -Wl,--as-needed -Wl,--no-undefined -pie -O2 -m64 -march=x86-64 -mtune=generic -flto=auto -ffat-lto-objects -Wl,--start-group src/libwayland-util.a /usr/lib/libexpat.so /usr/lib/libxml2.so -Wl,--end-group
[18/88] /home/devel/building/work/src/wayland-1.22.0/build/src/wayland-scanner -s public-code ../tests/../protocol/tests.xml tests/tests-protocol.c
[19/88] /home/devel/building/work/src/wayland-1.22.0/build/src/wayland-scanner -s client-header ../tests/../protocol/tests.xml tests/tests-client-protocol.h
[20/88] /home/devel/building/work/src/wayland-1.22.0/build/src/wayland-scanner -s server-header ../tests/../protocol/tests.xml tests/tests-server-protocol.h
[21/88] /home/devel/building/work/src/wayland-1.22.0/build/src/wayland-scanner -s public-code ../protocol/wayland.xml src/wayland-protocol.c
[22/88] /home/devel/building/work/src/wayland-1.22.0/build/src/wayland-scanner -s client-header -c ../protocol/wayland.xml src/wayland-client-protocol-core.h
[23/88] /home/devel/building/work/src/wayland-1.22.0/build/src/wayland-scanner -s client-header ../protocol/wayland.xml src/wayland-client-protocol.h
[24/88] /home/devel/building/work/src/wayland-1.22.0/build/src/wayland-scanner -s server-header -c ../protocol/wayland.xml src/wayland-server-protocol-core.h
[25/88] /home/devel/building/work/src/wayland-1.22.0/build/src/wayland-scanner -s server-header ../protocol/wayland.xml src/wayland-server-protocol.h
[26/88] cc -Itests/interface-test.p -Itests -I../tests -Isrc -I../src -fdiagnostics-color=always -D_FILE_OFFSET_BITS=64 -Wall -Winvalid-pch -Wextra -std=c99 -D_POSIX_C_SOURCE=200809L -Wno-unused-parameter -Wstrict-prototypes -Wmissing-prototypes -fvisibility=hidden -O2 -m64 -march=x86-64 -mtune=generic -flto=auto -ffat-lto-objects -fPIE -pthread -MD -MQ tests/interface-test.p/interface-test.c.o -MF tests/interface-test.p/interface-test.c.o.d -o tests/interface-test.p/interface-test.c.o -c ../tests/interface-test.c
[27/88] cc -Iegl/libwayland-egl.so.1.22.0.p -Iegl -I../egl -Isrc -I../src -fdiagnostics-color=always -D_FILE_OFFSET_BITS=64 -Wall -Winvalid-pch -Wextra -std=c99 -D_POSIX_C_SOURCE=200809L -Wno-unused-parameter -Wstrict-prototypes -Wmissing-prototypes -fvisibility=hidden -O2 -m64 -march=x86-64 -mtune=generic -flto=auto -ffat-lto-objects -fPIC -MD -MQ egl/libwayland-egl.so.1.22.0.p/wayland-egl.c.o -MF egl/libwayland-egl.so.1.22.0.p/wayland-egl.c.o.d -o egl/libwayland-egl.so.1.22.0.p/wayland-egl.c.o -c ../egl/wayland-egl.c
[28/88] cc -Icursor/libwayland-cursor.so.0.22.0.p -Icursor -I../cursor -I. -I.. -Isrc -I../src -fdiagnostics-color=always -D_FILE_OFFSET_BITS=64 -Wall -Winvalid-pch -Wextra -std=c99 -D_POSIX_C_SOURCE=200809L -Wno-unused-parameter -Wstrict-prototypes -Wmissing-prototypes -fvisibility=hidden -O2 -m64 -march=x86-64 -mtune=generic -flto=auto -ffat-lto-objects -fPIC '-DICONDIR="/usr/share/icons"' -MD -MQ cursor/libwayland-cursor.so.0.22.0.p/xcursor.c.o -MF cursor/libwayland-cursor.so.0.22.0.p/xcursor.c.o.d -o cursor/libwayland-cursor.so.0.22.0.p/xcursor.c.o -c ../cursor/xcursor.c
[29/88] cc -Icursor/libwayland-cursor.so.0.22.0.p -Icursor -I../cursor -I. -I.. -Isrc -I../src -fdiagnostics-color=always -D_FILE_OFFSET_BITS=64 -Wall -Winvalid-pch -Wextra -std=c99 -D_POSIX_C_SOURCE=200809L -Wno-unused-parameter -Wstrict-prototypes -Wmissing-prototypes -fvisibility=hidden -O2 -m64 -march=x86-64 -mtune=generic -flto=auto -ffat-lto-objects -fPIC '-DICONDIR="/usr/share/icons"' -MD -MQ cursor/libwayland-cursor.so.0.22.0.p/os-compatibility.c.o -MF cursor/libwayland-cursor.so.0.22.0.p/os-compatibility.c.o.d -o cursor/libwayland-cursor.so.0.22.0.p/os-compatibility.c.o -c ../cursor/os-compatibility.c
[30/88] cc -Icursor/libwayland-cursor.so.0.22.0.p -Icursor -I../cursor -I. -I.. -Isrc -I../src -fdiagnostics-color=always -D_FILE_OFFSET_BITS=64 -Wall -Winvalid-pch -Wextra -std=c99 -D_POSIX_C_SOURCE=200809L -Wno-unused-parameter -Wstrict-prototypes -Wmissing-prototypes -fvisibility=hidden -O2 -m64 -march=x86-64 -mtune=generic -flto=auto -ffat-lto-objects -fPIC '-DICONDIR="/usr/share/icons"' -MD -MQ cursor/libwayland-cursor.so.0.22.0.p/wayland-cursor.c.o -MF cursor/libwayland-cursor.so.0.22.0.p/wayland-cursor.c.o.d -o cursor/libwayland-cursor.so.0.22.0.p/wayland-cursor.c.o -c ../cursor/wayland-cursor.c
[31/88] cc -Isrc/libwayland-client.so.0.22.0.p -Isrc -I../src -I. -I.. -fdiagnostics-color=always -D_FILE_OFFSET_BITS=64 -Wall -Winvalid-pch -Wextra -std=c99 -D_POSIX_C_SOURCE=200809L -Wno-unused-parameter -Wstrict-prototypes -Wmissing-prototypes -fvisibility=hidden -O2 -m64 -march=x86-64 -mtune=generic -flto=auto -ffat-lto-objects -fPIC -pthread -MD -MQ src/libwayland-client.so.0.22.0.p/wayland-client.c.o -MF src/libwayland-client.so.0.22.0.p/wayland-client.c.o.d -o src/libwayland-client.so.0.22.0.p/wayland-client.c.o -c ../src/wayland-client.c
[32/88] cc -Isrc/libwayland-client.so.0.22.0.p -Isrc -I../src -I. -I.. -fdiagnostics-color=always -D_FILE_OFFSET_BITS=64 -Wall -Winvalid-pch -Wextra -std=c99 -D_POSIX_C_SOURCE=200809L -Wno-unused-parameter -Wstrict-prototypes -Wmissing-prototypes -fvisibility=hidden -O2 -m64 -march=x86-64 -mtune=generic -flto=auto -ffat-lto-objects -fPIC -pthread -MD -MQ src/libwayland-client.so.0.22.0.p/meson-generated_.._wayland-protocol.c.o -MF src/libwayland-client.so.0.22.0.p/meson-generated_.._wayland-protocol.c.o.d -o src/libwayland-client.so.0.22.0.p/meson-generated_.._wayland-protocol.c.o -c src/wayland-protocol.c
[33/88] cc -Itests/headers-test.p -Itests -I../tests -Isrc -I../src -fdiagnostics-color=always -D_FILE_OFFSET_BITS=64 -Wall -Winvalid-pch -Wextra -std=c99 -D_POSIX_C_SOURCE=200809L -Wno-unused-parameter -Wstrict-prototypes -Wmissing-prototypes -fvisibility=hidden -O2 -m64 -march=x86-64 -mtune=generic -flto=auto -ffat-lto-objects -fPIE -pthread -MD -MQ tests/headers-test.p/headers-protocol-core-test.c.o -MF tests/headers-test.p/headers-protocol-core-test.c.o.d -o tests/headers-test.p/headers-protocol-core-test.c.o -c ../tests/headers-protocol-core-test.c
[34/88] cc -Itests/headers-test.p -Itests -I../tests -Isrc -I../src -fdiagnostics-color=always -D_FILE_OFFSET_BITS=64 -Wall -Winvalid-pch -Wextra -std=c99 -D_POSIX_C_SOURCE=200809L -Wno-unused-parameter -Wstrict-prototypes -Wmissing-prototypes -fvisibility=hidden -O2 -m64 -march=x86-64 -mtune=generic -flto=auto -ffat-lto-objects -fPIE -pthread -MD -MQ tests/headers-test.p/headers-protocol-test.c.o -MF tests/headers-test.p/headers-protocol-test.c.o.d -o tests/headers-test.p/headers-protocol-test.c.o -c ../tests/headers-protocol-test.c
[35/88] cc -Itests/headers-test.p -Itests -I../tests -Isrc -I../src -fdiagnostics-color=always -D_FILE_OFFSET_BITS=64 -Wall -Winvalid-pch -Wextra -std=c99 -D_POSIX_C_SOURCE=200809L -Wno-unused-parameter -Wstrict-prototypes -Wmissing-prototypes -fvisibility=hidden -O2 -m64 -march=x86-64 -mtune=generic -flto=auto -ffat-lto-objects -fPIE -pthread -MD -MQ tests/headers-test.p/headers-test.c.o -MF tests/headers-test.p/headers-test.c.o.d -o tests/headers-test.p/headers-test.c.o -c ../tests/headers-test.c
[36/88] cc  -o egl/libwayland-egl.so.1.22.0 egl/libwayland-egl.so.1.22.0.p/wayland-egl.c.o -Wl,--as-needed -Wl,--no-undefined -shared -fPIC -Wl,-soname,libwayland-egl.so.1 -O2 -m64 -march=x86-64 -mtune=generic -flto=auto -ffat-lto-objects
[37/88] cc -Itests/protocol-logger-test.p -Itests -I../tests -Isrc -I../src -fdiagnostics-color=always -D_FILE_OFFSET_BITS=64 -Wall -Winvalid-pch -Wextra -std=c99 -D_POSIX_C_SOURCE=200809L -Wno-unused-parameter -Wstrict-prototypes -Wmissing-prototypes -fvisibility=hidden -O2 -m64 -march=x86-64 -mtune=generic -flto=auto -ffat-lto-objects -fPIE -pthread -MD -MQ tests/protocol-logger-test.p/protocol-logger-test.c.o -MF tests/protocol-logger-test.p/protocol-logger-test.c.o.d -o tests/protocol-logger-test.p/protocol-logger-test.c.o -c ../tests/protocol-logger-test.c
[38/88] cc -Itests/compositor-introspection-test.p -Itests -I../tests -Isrc -I../src -fdiagnostics-color=always -D_FILE_OFFSET_BITS=64 -Wall -Winvalid-pch -Wextra -std=c99 -D_POSIX_C_SOURCE=200809L -Wno-unused-parameter -Wstrict-prototypes -Wmissing-prototypes -fvisibility=hidden -O2 -m64 -march=x86-64 -mtune=generic -flto=auto -ffat-lto-objects -fPIE -pthread -MD -MQ tests/compositor-introspection-test.p/compositor-introspection-test.c.o -MF tests/compositor-introspection-test.p/compositor-introspection-test.c.o.d -o tests/compositor-introspection-test.p/compositor-introspection-test.c.o -c ../tests/compositor-introspection-test.c
[39/88] cc -Itests/message-test.p -Itests -I../tests -Isrc -I../src -fdiagnostics-color=always -D_FILE_OFFSET_BITS=64 -Wall -Winvalid-pch -Wextra -std=c99 -D_POSIX_C_SOURCE=200809L -Wno-unused-parameter -Wstrict-prototypes -Wmissing-prototypes -fvisibility=hidden -O2 -m64 -march=x86-64 -mtune=generic -flto=auto -ffat-lto-objects -fPIE -pthread -MD -MQ tests/message-test.p/message-test.c.o -MF tests/message-test.p/message-test.c.o.d -o tests/message-test.p/message-test.c.o -c ../tests/message-test.c
[40/88] cc -Itests/resources-test.p -Itests -I../tests -Isrc -I../src -fdiagnostics-color=always -D_FILE_OFFSET_BITS=64 -Wall -Winvalid-pch -Wextra -std=c99 -D_POSIX_C_SOURCE=200809L -Wno-unused-parameter -Wstrict-prototypes -Wmissing-prototypes -fvisibility=hidden -O2 -m64 -march=x86-64 -mtune=generic -flto=auto -ffat-lto-objects -fPIE -pthread -MD -MQ tests/resources-test.p/resources-test.c.o -MF tests/resources-test.p/resources-test.c.o.d -o tests/resources-test.p/resources-test.c.o -c ../tests/resources-test.c
[41/88] cc -Itests/newsignal-test.p -Itests -I../tests -Isrc -I../src -fdiagnostics-color=always -D_FILE_OFFSET_BITS=64 -Wall -Winvalid-pch -Wextra -std=c99 -D_POSIX_C_SOURCE=200809L -Wno-unused-parameter -Wstrict-prototypes -Wmissing-prototypes -fvisibility=hidden -O2 -m64 -march=x86-64 -mtune=generic -flto=auto -ffat-lto-objects -fPIE -pthread -MD -MQ tests/newsignal-test.p/.._src_wayland-server.c.o -MF tests/newsignal-test.p/.._src_wayland-server.c.o.d -o tests/newsignal-test.p/.._src_wayland-server.c.o -c ../src/wayland-server.c
[42/88] cc -Itests/newsignal-test.p -Itests -I../tests -Isrc -I../src -fdiagnostics-color=always -D_FILE_OFFSET_BITS=64 -Wall -Winvalid-pch -Wextra -std=c99 -D_POSIX_C_SOURCE=200809L -Wno-unused-parameter -Wstrict-prototypes -Wmissing-prototypes -fvisibility=hidden -O2 -m64 -march=x86-64 -mtune=generic -flto=auto -ffat-lto-objects -fPIE -pthread -MD -MQ tests/newsignal-test.p/newsignal-test.c.o -MF tests/newsignal-test.p/newsignal-test.c.o.d -o tests/newsignal-test.p/newsignal-test.c.o -c ../tests/newsignal-test.c
[43/88] cc -Itests/signal-test.p -Itests -I../tests -Isrc -I../src -fdiagnostics-color=always -D_FILE_OFFSET_BITS=64 -Wall -Winvalid-pch -Wextra -std=c99 -D_POSIX_C_SOURCE=200809L -Wno-unused-parameter -Wstrict-prototypes -Wmissing-prototypes -fvisibility=hidden -O2 -m64 -march=x86-64 -mtune=generic -flto=auto -ffat-lto-objects -fPIE -pthread -MD -MQ tests/signal-test.p/signal-test.c.o -MF tests/signal-test.p/signal-test.c.o.d -o tests/signal-test.p/signal-test.c.o -c ../tests/signal-test.c
[44/88] cc -Itests/queue-test.p -Itests -I../tests -Isrc -I../src -fdiagnostics-color=always -D_FILE_OFFSET_BITS=64 -Wall -Winvalid-pch -Wextra -std=c99 -D_POSIX_C_SOURCE=200809L -Wno-unused-parameter -Wstrict-prototypes -Wmissing-prototypes -fvisibility=hidden -O2 -m64 -march=x86-64 -mtune=generic -flto=auto -ffat-lto-objects -fPIE -pthread -MD -MQ tests/queue-test.p/queue-test.c.o -MF tests/queue-test.p/queue-test.c.o.d -o tests/queue-test.p/queue-test.c.o -c ../tests/queue-test.c
[45/88] cc -Itests/socket-test.p -Itests -I../tests -Isrc -I../src -fdiagnostics-color=always -D_FILE_OFFSET_BITS=64 -Wall -Winvalid-pch -Wextra -std=c99 -D_POSIX_C_SOURCE=200809L -Wno-unused-parameter -Wstrict-prototypes -Wmissing-prototypes -fvisibility=hidden -O2 -m64 -march=x86-64 -mtune=generic -flto=auto -ffat-lto-objects -fPIE -pthread -MD -MQ tests/socket-test.p/socket-test.c.o -MF tests/socket-test.p/socket-test.c.o.d -o tests/socket-test.p/socket-test.c.o -c ../tests/socket-test.c
[46/88] cc -Itests/sanity-test.p -Itests -I../tests -Isrc -I../src -fdiagnostics-color=always -D_FILE_OFFSET_BITS=64 -Wall -Winvalid-pch -Wextra -std=c99 -D_POSIX_C_SOURCE=200809L -Wno-unused-parameter -Wstrict-prototypes -Wmissing-prototypes -fvisibility=hidden -O2 -m64 -march=x86-64 -mtune=generic -flto=auto -ffat-lto-objects -fPIE -pthread -MD -MQ tests/sanity-test.p/sanity-test.c.o -MF tests/sanity-test.p/sanity-test.c.o.d -o tests/sanity-test.p/sanity-test.c.o -c ../tests/sanity-test.c
[47/88] cc -Itests/event-loop-test.p -Itests -I../tests -Isrc -I../src -fdiagnostics-color=always -D_FILE_OFFSET_BITS=64 -Wall -Winvalid-pch -Wextra -std=c99 -D_POSIX_C_SOURCE=200809L -Wno-unused-parameter -Wstrict-prototypes -Wmissing-prototypes -fvisibility=hidden -O2 -m64 -march=x86-64 -mtune=generic -flto=auto -ffat-lto-objects -fPIE -pthread -MD -MQ tests/event-loop-test.p/event-loop-test.c.o -MF tests/event-loop-test.p/event-loop-test.c.o.d -o tests/event-loop-test.p/event-loop-test.c.o -c ../tests/event-loop-test.c
[48/88] cc -Itests/connection-test.p -Itests -I../tests -Isrc -I../src -fdiagnostics-color=always -D_FILE_OFFSET_BITS=64 -Wall -Winvalid-pch -Wextra -std=c99 -D_POSIX_C_SOURCE=200809L -Wno-unused-parameter -Wstrict-prototypes -Wmissing-prototypes -fvisibility=hidden -O2 -m64 -march=x86-64 -mtune=generic -flto=auto -ffat-lto-objects -fPIE -pthread -MD -MQ tests/connection-test.p/connection-test.c.o -MF tests/connection-test.p/connection-test.c.o.d -o tests/connection-test.p/connection-test.c.o -c ../tests/connection-test.c
[49/88] cc -Itests/display-test.p -Itests -I../tests -Isrc -I../src -fdiagnostics-color=always -D_FILE_OFFSET_BITS=64 -Wall -Winvalid-pch -Wextra -std=c99 -D_POSIX_C_SOURCE=200809L -Wno-unused-parameter -Wstrict-prototypes -Wmissing-prototypes -fvisibility=hidden -O2 -m64 -march=x86-64 -mtune=generic -flto=auto -ffat-lto-objects -fPIE -pthread -MD -MQ tests/display-test.p/display-test.c.o -MF tests/display-test.p/display-test.c.o.d -o tests/display-test.p/display-test.c.o -c ../tests/display-test.c
[50/88] cc -Itests/display-test.p -Itests -I../tests -Isrc -I../src -fdiagnostics-color=always -D_FILE_OFFSET_BITS=64 -Wall -Winvalid-pch -Wextra -std=c99 -D_POSIX_C_SOURCE=200809L -Wno-unused-parameter -Wstrict-prototypes -Wmissing-prototypes -fvisibility=hidden -O2 -m64 -march=x86-64 -mtune=generic -flto=auto -ffat-lto-objects -fPIE -pthread -MD -MQ tests/display-test.p/meson-generated_.._tests-protocol.c.o -MF tests/display-test.p/meson-generated_.._tests-protocol.c.o.d -o tests/display-test.p/meson-generated_.._tests-protocol.c.o -c tests/tests-protocol.c
[51/88] cc -Itests/client-test.p -Itests -I../tests -Isrc -I../src -fdiagnostics-color=always -D_FILE_OFFSET_BITS=64 -Wall -Winvalid-pch -Wextra -std=c99 -D_POSIX_C_SOURCE=200809L -Wno-unused-parameter -Wstrict-prototypes -Wmissing-prototypes -fvisibility=hidden -O2 -m64 -march=x86-64 -mtune=generic -flto=auto -ffat-lto-objects -fPIE -pthread -MD -MQ tests/client-test.p/client-test.c.o -MF tests/client-test.p/client-test.c.o.d -o tests/client-test.p/client-test.c.o -c ../tests/client-test.c
[52/88] c++ -Itests/cpp-compile-test.p -Itests -I../tests -Isrc -I../src -fdiagnostics-color=always -D_GLIBCXX_ASSERTIONS=1 -D_FILE_OFFSET_BITS=64 -Wall -Winvalid-pch -Wextra -O2 -m64 -march=x86-64 -mtune=generic -flto=auto -ffat-lto-objects -fPIE -MD -MQ tests/cpp-compile-test.p/cpp-compile-test.cpp.o -MF tests/cpp-compile-test.p/cpp-compile-test.cpp.o.d -o tests/cpp-compile-test.p/cpp-compile-test.cpp.o -c ../tests/cpp-compile-test.cpp
[53/88] cc -Itests/libtest-runner.a.p -Itests -I../tests -I. -I.. -Isrc -I../src -fdiagnostics-color=always -D_FILE_OFFSET_BITS=64 -Wall -Winvalid-pch -Wextra -std=c99 -D_POSIX_C_SOURCE=200809L -Wno-unused-parameter -Wstrict-prototypes -Wmissing-prototypes -fvisibility=hidden -O2 -m64 -march=x86-64 -mtune=generic -flto=auto -ffat-lto-objects -fPIC -pthread -MD -MQ tests/libtest-runner.a.p/test-compositor.c.o -MF tests/libtest-runner.a.p/test-compositor.c.o.d -o tests/libtest-runner.a.p/test-compositor.c.o -c ../tests/test-compositor.c
[54/88] cc  -o src/libwayland-client.so.0.22.0 src/libwayland-client.so.0.22.0.p/meson-generated_.._wayland-protocol.c.o src/libwayland-client.so.0.22.0.p/wayland-client.c.o -Wl,--as-needed -Wl,--no-undefined -shared -fPIC -Wl,-soname,libwayland-client.so.0 -O2 -m64 -march=x86-64 -mtune=generic -flto=auto -ffat-lto-objects -Wl,--start-group src/libwayland-private.a src/libwayland-util.a /usr/lib/../lib/libffi.so -lm -pthread -lrt -Wl,--end-group
[55/88] cc -Itests/libtest-runner.a.p -Itests -I../tests -I. -I.. -Isrc -I../src -fdiagnostics-color=always -D_FILE_OFFSET_BITS=64 -Wall -Winvalid-pch -Wextra -std=c99 -D_POSIX_C_SOURCE=200809L -Wno-unused-parameter -Wstrict-prototypes -Wmissing-prototypes -fvisibility=hidden -O2 -m64 -march=x86-64 -mtune=generic -flto=auto -ffat-lto-objects -fPIC -pthread -MD -MQ tests/libtest-runner.a.p/test-helpers.c.o -MF tests/libtest-runner.a.p/test-helpers.c.o.d -o tests/libtest-runner.a.p/test-helpers.c.o -c ../tests/test-helpers.c
[56/88] cc -Itests/libtest-runner.a.p -Itests -I../tests -I. -I.. -Isrc -I../src -fdiagnostics-color=always -D_FILE_OFFSET_BITS=64 -Wall -Winvalid-pch -Wextra -std=c99 -D_POSIX_C_SOURCE=200809L -Wno-unused-parameter -Wstrict-prototypes -Wmissing-prototypes -fvisibility=hidden -O2 -m64 -march=x86-64 -mtune=generic -flto=auto -ffat-lto-objects -fPIC -pthread -MD -MQ tests/libtest-runner.a.p/test-runner.c.o -MF tests/libtest-runner.a.p/test-runner.c.o.d -o tests/libtest-runner.a.p/test-runner.c.o -c ../tests/test-runner.c
[57/88] cc -Isrc/libwayland-server.so.0.22.0.p -Isrc -I../src -I. -I.. -fdiagnostics-color=always -D_FILE_OFFSET_BITS=64 -Wall -Winvalid-pch -Wextra -std=c99 -D_POSIX_C_SOURCE=200809L -Wno-unused-parameter -Wstrict-prototypes -Wmissing-prototypes -fvisibility=hidden -O2 -m64 -march=x86-64 -mtune=generic -flto=auto -ffat-lto-objects -fPIC -pthread -MD -MQ src/libwayland-server.so.0.22.0.p/event-loop.c.o -MF src/libwayland-server.so.0.22.0.p/event-loop.c.o.d -o src/libwayland-server.so.0.22.0.p/event-loop.c.o -c ../src/event-loop.c
[58/88] cc -Isrc/libwayland-server.so.0.22.0.p -Isrc -I../src -I. -I.. -fdiagnostics-color=always -D_FILE_OFFSET_BITS=64 -Wall -Winvalid-pch -Wextra -std=c99 -D_POSIX_C_SOURCE=200809L -Wno-unused-parameter -Wstrict-prototypes -Wmissing-prototypes -fvisibility=hidden -O2 -m64 -march=x86-64 -mtune=generic -flto=auto -ffat-lto-objects -fPIC -pthread -MD -MQ src/libwayland-server.so.0.22.0.p/wayland-shm.c.o -MF src/libwayland-server.so.0.22.0.p/wayland-shm.c.o.d -o src/libwayland-server.so.0.22.0.p/wayland-shm.c.o -c ../src/wayland-shm.c
[59/88] cc -Isrc/libwayland-server.so.0.22.0.p -Isrc -I../src -I. -I.. -fdiagnostics-color=always -D_FILE_OFFSET_BITS=64 -Wall -Winvalid-pch -Wextra -std=c99 -D_POSIX_C_SOURCE=200809L -Wno-unused-parameter -Wstrict-prototypes -Wmissing-prototypes -fvisibility=hidden -O2 -m64 -march=x86-64 -mtune=generic -flto=auto -ffat-lto-objects -fPIC -pthread -MD -MQ src/libwayland-server.so.0.22.0.p/wayland-server.c.o -MF src/libwayland-server.so.0.22.0.p/wayland-server.c.o.d -o src/libwayland-server.so.0.22.0.p/wayland-server.c.o -c ../src/wayland-server.c
[60/88] c++  -o tests/cpp-compile-test tests/cpp-compile-test.p/cpp-compile-test.cpp.o -Wl,--as-needed -Wl,--no-undefined -pie -O2 -m64 -march=x86-64 -mtune=generic -flto=auto -ffat-lto-objects
[61/88] rm -f tests/libtest-runner.a && gcc-ar csrDT tests/libtest-runner.a tests/libtest-runner.a.p/test-runner.c.o tests/libtest-runner.a.p/test-helpers.c.o tests/libtest-runner.a.p/test-compositor.c.o
[62/88] cc -Isrc/libwayland-server.so.0.22.0.p -Isrc -I../src -I. -I.. -fdiagnostics-color=always -D_FILE_OFFSET_BITS=64 -Wall -Winvalid-pch -Wextra -std=c99 -D_POSIX_C_SOURCE=200809L -Wno-unused-parameter -Wstrict-prototypes -Wmissing-prototypes -fvisibility=hidden -O2 -m64 -march=x86-64 -mtune=generic -flto=auto -ffat-lto-objects -fPIC -pthread -MD -MQ src/libwayland-server.so.0.22.0.p/meson-generated_.._wayland-protocol.c.o -MF src/libwayland-server.so.0.22.0.p/meson-generated_.._wayland-protocol.c.o.d -o src/libwayland-server.so.0.22.0.p/meson-generated_.._wayland-protocol.c.o -c src/wayland-protocol.c
[63/88] cc  -o src/libwayland-server.so.0.22.0 src/libwayland-server.so.0.22.0.p/meson-generated_.._wayland-protocol.c.o src/libwayland-server.so.0.22.0.p/wayland-server.c.o src/libwayland-server.so.0.22.0.p/wayland-shm.c.o src/libwayland-server.so.0.22.0.p/event-loop.c.o -Wl,--as-needed -Wl,--no-undefined -shared -fPIC -Wl,-soname,libwayland-server.so.0 -O2 -m64 -march=x86-64 -mtune=generic -flto=auto -ffat-lto-objects -Wl,--start-group src/libwayland-private.a src/libwayland-util.a /usr/lib/../lib/libffi.so -lm -pthread -lrt -Wl,--end-group
[64/88] /usr/bin/meson --internal symbolextractor /home/devel/building/work/src/wayland-1.22.0/build src/libwayland-client.so.0.22.0 src/libwayland-client.so.0.22.0 src/libwayland-client.so.0.22.0.p/libwayland-client.so.0.22.0.symbols 
[65/88] cc  -o cursor/libwayland-cursor.so.0.22.0 cursor/libwayland-cursor.so.0.22.0.p/wayland-cursor.c.o cursor/libwayland-cursor.so.0.22.0.p/os-compatibility.c.o cursor/libwayland-cursor.so.0.22.0.p/xcursor.c.o -Wl,--as-needed -Wl,--no-undefined -shared -fPIC -Wl,-soname,libwayland-cursor.so.0 -O2 -m64 -march=x86-64 -mtune=generic -flto=auto -ffat-lto-objects '-Wl,-rpath,$ORIGIN/../src' -Wl,-rpath-link,/home/devel/building/work/src/wayland-1.22.0/build/src src/libwayland-client.so.0.22.0
[66/88] /usr/bin/meson --internal symbolextractor /home/devel/building/work/src/wayland-1.22.0/build src/libwayland-server.so.0.22.0 src/libwayland-server.so.0.22.0 src/libwayland-server.so.0.22.0.p/libwayland-server.so.0.22.0.symbols 
[67/88] cc  -o tests/os-wrappers-test tests/os-wrappers-test.p/os-wrappers-test.c.o -Wl,--as-needed -Wl,--no-undefined -pie -O2 -m64 -march=x86-64 -mtune=generic -flto=auto -ffat-lto-objects '-Wl,-rpath,$ORIGIN/../src' -Wl,-rpath-link,/home/devel/building/work/src/wayland-1.22.0/build/src -Wl,--start-group tests/libtest-runner.a src/libwayland-util.a src/libwayland-private.a src/libwayland-client.so.0.22.0 src/libwayland-server.so.0.22.0 -pthread -ldl /usr/lib/../lib/libffi.so -lm -lrt -Wl,--end-group
[68/88] cc  -o tests/headers-test tests/headers-test.p/headers-test.c.o tests/headers-test.p/headers-protocol-test.c.o tests/headers-test.p/headers-protocol-core-test.c.o -Wl,--as-needed -Wl,--no-undefined -pie -O2 -m64 -march=x86-64 -mtune=generic -flto=auto -ffat-lto-objects '-Wl,-rpath,$ORIGIN/../src' -Wl,-rpath-link,/home/devel/building/work/src/wayland-1.22.0/build/src -Wl,--start-group tests/libtest-runner.a src/libwayland-util.a src/libwayland-private.a src/libwayland-client.so.0.22.0 src/libwayland-server.so.0.22.0 -pthread -ldl /usr/lib/../lib/libffi.so -lm -lrt -Wl,--end-group
[69/88] cc  -o tests/protocol-logger-test tests/protocol-logger-test.p/protocol-logger-test.c.o -Wl,--as-needed -Wl,--no-undefined -pie -O2 -m64 -march=x86-64 -mtune=generic -flto=auto -ffat-lto-objects '-Wl,-rpath,$ORIGIN/../src' -Wl,-rpath-link,/home/devel/building/work/src/wayland-1.22.0/build/src -Wl,--start-group tests/libtest-runner.a src/libwayland-util.a src/libwayland-private.a src/libwayland-client.so.0.22.0 src/libwayland-server.so.0.22.0 -pthread -ldl /usr/lib/../lib/libffi.so -lm -lrt -Wl,--end-group
[70/88] cc  -o tests/compositor-introspection-test tests/compositor-introspection-test.p/compositor-introspection-test.c.o -Wl,--as-needed -Wl,--no-undefined -pie -O2 -m64 -march=x86-64 -mtune=generic -flto=auto -ffat-lto-objects '-Wl,-rpath,$ORIGIN/../src' -Wl,-rpath-link,/home/devel/building/work/src/wayland-1.22.0/build/src -Wl,--start-group tests/libtest-runner.a src/libwayland-util.a src/libwayland-private.a src/libwayland-client.so.0.22.0 src/libwayland-server.so.0.22.0 -pthread -ldl /usr/lib/../lib/libffi.so -lm -lrt -Wl,--end-group
[71/88] cc  -o tests/message-test tests/message-test.p/message-test.c.o -Wl,--as-needed -Wl,--no-undefined -pie -O2 -m64 -march=x86-64 -mtune=generic -flto=auto -ffat-lto-objects '-Wl,-rpath,$ORIGIN/../src' -Wl,-rpath-link,/home/devel/building/work/src/wayland-1.22.0/build/src -Wl,--start-group tests/libtest-runner.a src/libwayland-util.a src/libwayland-private.a src/libwayland-client.so.0.22.0 src/libwayland-server.so.0.22.0 -pthread -ldl /usr/lib/../lib/libffi.so -lm -lrt -Wl,--end-group
[72/88] cc  -o tests/resources-test tests/resources-test.p/resources-test.c.o -Wl,--as-needed -Wl,--no-undefined -pie -O2 -m64 -march=x86-64 -mtune=generic -flto=auto -ffat-lto-objects '-Wl,-rpath,$ORIGIN/../src' -Wl,-rpath-link,/home/devel/building/work/src/wayland-1.22.0/build/src -Wl,--start-group tests/libtest-runner.a src/libwayland-util.a src/libwayland-private.a src/libwayland-client.so.0.22.0 src/libwayland-server.so.0.22.0 -pthread -ldl /usr/lib/../lib/libffi.so -lm -lrt -Wl,--end-group
[73/88] cc  -o tests/newsignal-test tests/newsignal-test.p/newsignal-test.c.o tests/newsignal-test.p/.._src_wayland-server.c.o -Wl,--as-needed -Wl,--no-undefined -pie -O2 -m64 -march=x86-64 -mtune=generic -flto=auto -ffat-lto-objects '-Wl,-rpath,$ORIGIN/../src' -Wl,-rpath-link,/home/devel/building/work/src/wayland-1.22.0/build/src -Wl,--start-group tests/libtest-runner.a src/libwayland-util.a src/libwayland-private.a src/libwayland-client.so.0.22.0 src/libwayland-server.so.0.22.0 -pthread -ldl /usr/lib/../lib/libffi.so -lm -lrt -Wl,--end-group
[74/88] cc  -o tests/signal-test tests/signal-test.p/signal-test.c.o -Wl,--as-needed -Wl,--no-undefined -pie -O2 -m64 -march=x86-64 -mtune=generic -flto=auto -ffat-lto-objects '-Wl,-rpath,$ORIGIN/../src' -Wl,-rpath-link,/home/devel/building/work/src/wayland-1.22.0/build/src -Wl,--start-group tests/libtest-runner.a src/libwayland-util.a src/libwayland-private.a src/libwayland-client.so.0.22.0 src/libwayland-server.so.0.22.0 -pthread -ldl /usr/lib/../lib/libffi.so -lm -lrt -Wl,--end-group
[75/88] cc  -o tests/queue-test tests/queue-test.p/queue-test.c.o -Wl,--as-needed -Wl,--no-undefined -pie -O2 -m64 -march=x86-64 -mtune=generic -flto=auto -ffat-lto-objects '-Wl,-rpath,$ORIGIN/../src' -Wl,-rpath-link,/home/devel/building/work/src/wayland-1.22.0/build/src -Wl,--start-group tests/libtest-runner.a src/libwayland-util.a src/libwayland-private.a src/libwayland-client.so.0.22.0 src/libwayland-server.so.0.22.0 -pthread -ldl /usr/lib/../lib/libffi.so -lm -lrt -Wl,--end-group
[76/88] cc  -o tests/socket-test tests/socket-test.p/socket-test.c.o -Wl,--as-needed -Wl,--no-undefined -pie -O2 -m64 -march=x86-64 -mtune=generic -flto=auto -ffat-lto-objects '-Wl,-rpath,$ORIGIN/../src' -Wl,-rpath-link,/home/devel/building/work/src/wayland-1.22.0/build/src -Wl,--start-group tests/libtest-runner.a src/libwayland-util.a src/libwayland-private.a src/libwayland-client.so.0.22.0 src/libwayland-server.so.0.22.0 -pthread -ldl /usr/lib/../lib/libffi.so -lm -lrt -Wl,--end-group
[77/88] cc  -o tests/sanity-test tests/sanity-test.p/sanity-test.c.o -Wl,--as-needed -Wl,--no-undefined -pie -O2 -m64 -march=x86-64 -mtune=generic -flto=auto -ffat-lto-objects '-Wl,-rpath,$ORIGIN/../src' -Wl,-rpath-link,/home/devel/building/work/src/wayland-1.22.0/build/src -Wl,--start-group tests/libtest-runner.a src/libwayland-util.a src/libwayland-private.a src/libwayland-client.so.0.22.0 src/libwayland-server.so.0.22.0 -pthread -ldl /usr/lib/../lib/libffi.so -lm -lrt -Wl,--end-group
[78/88] cc  -o tests/map-test tests/map-test.p/map-test.c.o -Wl,--as-needed -Wl,--no-undefined -pie -O2 -m64 -march=x86-64 -mtune=generic -flto=auto -ffat-lto-objects '-Wl,-rpath,$ORIGIN/../src' -Wl,-rpath-link,/home/devel/building/work/src/wayland-1.22.0/build/src -Wl,--start-group tests/libtest-runner.a src/libwayland-util.a src/libwayland-private.a src/libwayland-client.so.0.22.0 src/libwayland-server.so.0.22.0 -pthread -ldl /usr/lib/../lib/libffi.so -lm -lrt -Wl,--end-group
[79/88] cc  -o tests/list-test tests/list-test.p/list-test.c.o -Wl,--as-needed -Wl,--no-undefined -pie -O2 -m64 -march=x86-64 -mtune=generic -flto=auto -ffat-lto-objects '-Wl,-rpath,$ORIGIN/../src' -Wl,-rpath-link,/home/devel/building/work/src/wayland-1.22.0/build/src -Wl,--start-group tests/libtest-runner.a src/libwayland-util.a src/libwayland-private.a src/libwayland-client.so.0.22.0 src/libwayland-server.so.0.22.0 -pthread -ldl /usr/lib/../lib/libffi.so -lm -lrt -Wl,--end-group
[80/88] cc  -o tests/interface-test tests/interface-test.p/interface-test.c.o -Wl,--as-needed -Wl,--no-undefined -pie -O2 -m64 -march=x86-64 -mtune=generic -flto=auto -ffat-lto-objects '-Wl,-rpath,$ORIGIN/../src' -Wl,-rpath-link,/home/devel/building/work/src/wayland-1.22.0/build/src -Wl,--start-group tests/libtest-runner.a src/libwayland-util.a src/libwayland-private.a src/libwayland-client.so.0.22.0 src/libwayland-server.so.0.22.0 -pthread -ldl /usr/lib/../lib/libffi.so -lm -lrt -Wl,--end-group
[81/88] cc  -o tests/fixed-test tests/fixed-test.p/fixed-test.c.o -Wl,--as-needed -Wl,--no-undefined -pie -O2 -m64 -march=x86-64 -mtune=generic -flto=auto -ffat-lto-objects '-Wl,-rpath,$ORIGIN/../src' -Wl,-rpath-link,/home/devel/building/work/src/wayland-1.22.0/build/src -Wl,--start-group tests/libtest-runner.a src/libwayland-util.a src/libwayland-private.a src/libwayland-client.so.0.22.0 src/libwayland-server.so.0.22.0 -pthread -ldl /usr/lib/../lib/libffi.so -lm -lrt -Wl,--end-group
[82/88] cc  -o tests/event-loop-test tests/event-loop-test.p/event-loop-test.c.o -Wl,--as-needed -Wl,--no-undefined -pie -O2 -m64 -march=x86-64 -mtune=generic -flto=auto -ffat-lto-objects '-Wl,-rpath,$ORIGIN/../src' -Wl,-rpath-link,/home/devel/building/work/src/wayland-1.22.0/build/src -Wl,--start-group tests/libtest-runner.a src/libwayland-util.a src/libwayland-private.a src/libwayland-client.so.0.22.0 src/libwayland-server.so.0.22.0 -pthread -ldl /usr/lib/../lib/libffi.so -lm -lrt -Wl,--end-group
[83/88] cc  -o tests/connection-test tests/connection-test.p/connection-test.c.o -Wl,--as-needed -Wl,--no-undefined -pie -O2 -m64 -march=x86-64 -mtune=generic -flto=auto -ffat-lto-objects '-Wl,-rpath,$ORIGIN/../src' -Wl,-rpath-link,/home/devel/building/work/src/wayland-1.22.0/build/src -Wl,--start-group tests/libtest-runner.a src/libwayland-util.a src/libwayland-private.a src/libwayland-client.so.0.22.0 src/libwayland-server.so.0.22.0 -pthread -ldl /usr/lib/../lib/libffi.so -lm -lrt -Wl,--end-group
[84/88] cc  -o tests/display-test tests/display-test.p/meson-generated_.._tests-protocol.c.o tests/display-test.p/display-test.c.o -Wl,--as-needed -Wl,--no-undefined -pie -O2 -m64 -march=x86-64 -mtune=generic -flto=auto -ffat-lto-objects '-Wl,-rpath,$ORIGIN/../src' -Wl,-rpath-link,/home/devel/building/work/src/wayland-1.22.0/build/src -Wl,--start-group tests/libtest-runner.a src/libwayland-util.a src/libwayland-private.a src/libwayland-client.so.0.22.0 src/libwayland-server.so.0.22.0 -pthread -ldl /usr/lib/../lib/libffi.so -lm -lrt -Wl,--end-group
[85/88] cc  -o tests/client-test tests/client-test.p/client-test.c.o -Wl,--as-needed -Wl,--no-undefined -pie -O2 -m64 -march=x86-64 -mtune=generic -flto=auto -ffat-lto-objects '-Wl,-rpath,$ORIGIN/../src' -Wl,-rpath-link,/home/devel/building/work/src/wayland-1.22.0/build/src -Wl,--start-group tests/libtest-runner.a src/libwayland-util.a src/libwayland-private.a src/libwayland-client.so.0.22.0 src/libwayland-server.so.0.22.0 -pthread -ldl /usr/lib/../lib/libffi.so -lm -lrt -Wl,--end-group
[86/88] cc  -o tests/array-test tests/array-test.p/array-test.c.o -Wl,--as-needed -Wl,--no-undefined -pie -O2 -m64 -march=x86-64 -mtune=generic -flto=auto -ffat-lto-objects '-Wl,-rpath,$ORIGIN/../src' -Wl,-rpath-link,/home/devel/building/work/src/wayland-1.22.0/build/src -Wl,--start-group tests/libtest-runner.a src/libwayland-util.a src/libwayland-private.a src/libwayland-client.so.0.22.0 src/libwayland-server.so.0.22.0 -pthread -ldl /usr/lib/../lib/libffi.so -lm -lrt -Wl,--end-group
[87/88] cc  -o tests/exec-fd-leak-checker tests/exec-fd-leak-checker.p/exec-fd-leak-checker.c.o -Wl,--as-needed -Wl,--no-undefined -pie -O2 -m64 -march=x86-64 -mtune=generic -flto=auto -ffat-lto-objects '-Wl,-rpath,$ORIGIN/../src' -Wl,-rpath-link,/home/devel/building/work/src/wayland-1.22.0/build/src -Wl,--start-group tests/libtest-runner.a src/libwayland-util.a src/libwayland-private.a src/libwayland-client.so.0.22.0 src/libwayland-server.so.0.22.0 -pthread -ldl /usr/lib/../lib/libffi.so -lm -lrt -Wl,--end-group
[88/88] cc  -o tests/fixed-benchmark tests/fixed-benchmark.p/fixed-benchmark.c.o -Wl,--as-needed -Wl,--no-undefined -pie -O2 -m64 -march=x86-64 -mtune=generic -flto=auto -ffat-lto-objects '-Wl,-rpath,$ORIGIN/../src' -Wl,-rpath-link,/home/devel/building/work/src/wayland-1.22.0/build/src -Wl,--start-group tests/libtest-runner.a src/libwayland-util.a src/libwayland-private.a src/libwayland-client.so.0.22.0 src/libwayland-server.so.0.22.0 -pthread -ldl -lrt /usr/lib/../lib/libffi.so -lm -Wl,--end-group
INFO: autodetecting backend as ninja
INFO: calculating backend command to run: /usr/bin/ninja -C /home/devel/building/work/src/wayland-1.22.0/build -j 8 -v
+ DESTDIR=/home/devel/building/work/pkg
+ meson install --no-rebuild -C build
Installing src/wayland-scanner to /home/devel/building/work/pkg/usr/bin
Installing src/wayland-server-protocol.h to /home/devel/building/work/pkg/usr/include
Installing src/wayland-client-protocol.h to /home/devel/building/work/pkg/usr/include
Installing src/libwayland-server.so.0.22.0 to /home/devel/building/work/pkg/usr/lib
Installing src/libwayland-client.so.0.22.0 to /home/devel/building/work/pkg/usr/lib
Installing cursor/libwayland-cursor.so.0.22.0 to /home/devel/building/work/pkg/usr/lib
Installing egl/libwayland-egl.so.1.22.0 to /home/devel/building/work/pkg/usr/lib
Installing /home/devel/building/work/src/wayland-1.22.0/src/wayland-util.h to /home/devel/building/work/pkg/usr/include
Installing /home/devel/building/work/src/wayland-1.22.0/src/wayland-server.h to /home/devel/building/work/pkg/usr/include
Installing /home/devel/building/work/src/wayland-1.22.0/src/wayland-server-core.h to /home/devel/building/work/pkg/usr/include
Installing /home/devel/building/work/src/wayland-1.22.0/src/wayland-client.h to /home/devel/building/work/pkg/usr/include
Installing /home/devel/building/work/src/wayland-1.22.0/src/wayland-client-core.h to /home/devel/building/work/pkg/usr/include
Installing /home/devel/building/work/src/wayland-1.22.0/cursor/wayland-cursor.h to /home/devel/building/work/pkg/usr/include
Installing /home/devel/building/work/src/wayland-1.22.0/egl/wayland-egl.h to /home/devel/building/work/pkg/usr/include
Installing /home/devel/building/work/src/wayland-1.22.0/egl/wayland-egl-core.h to /home/devel/building/work/pkg/usr/include
Installing /home/devel/building/work/src/wayland-1.22.0/egl/wayland-egl-backend.h to /home/devel/building/work/pkg/usr/include
Installing /home/devel/building/work/src/wayland-1.22.0/build/src/wayland-version.h to /home/devel/building/work/pkg/usr/include
Installing /home/devel/building/work/src/wayland-1.22.0/build/meson-private/wayland-scanner.pc to /home/devel/building/work/pkg/usr/lib/pkgconfig
Installing /home/devel/building/work/src/wayland-1.22.0/build/meson-private/wayland-server.pc to /home/devel/building/work/pkg/usr/lib/pkgconfig
Installing /home/devel/building/work/src/wayland-1.22.0/build/meson-private/wayland-client.pc to /home/devel/building/work/pkg/usr/lib/pkgconfig
Installing /home/devel/building/work/src/wayland-1.22.0/build/meson-private/wayland-cursor.pc to /home/devel/building/work/pkg/usr/lib/pkgconfig
Installing /home/devel/building/work/src/wayland-1.22.0/build/meson-private/wayland-egl.pc to /home/devel/building/work/pkg/usr/lib/pkgconfig
Installing /home/devel/building/work/src/wayland-1.22.0/build/meson-private/wayland-egl-backend.pc to /home/devel/building/work/pkg/usr/lib/pkgconfig
Installing /home/devel/building/work/src/wayland-1.22.0/wayland-scanner.mk to /home/devel/building/work/pkg/usr/share/wayland
Installing /home/devel/building/work/src/wayland-1.22.0/protocol/wayland.xml to /home/devel/building/work/pkg/usr/share/wayland
Installing /home/devel/building/work/src/wayland-1.22.0/protocol/wayland.dtd to /home/devel/building/work/pkg/usr/share/wayland
Installing /home/devel/building/work/src/wayland-1.22.0/wayland-scanner.m4 to /home/devel/building/work/pkg/usr/share/aclocal
Installing symlink pointing to libwayland-server.so.0.22.0 to /home/devel/building/work/pkg/usr/lib/libwayland-server.so.0
Installing symlink pointing to libwayland-server.so.0 to /home/devel/building/work/pkg/usr/lib/libwayland-server.so
Installing symlink pointing to libwayland-client.so.0.22.0 to /home/devel/building/work/pkg/usr/lib/libwayland-client.so.0
Installing symlink pointing to libwayland-client.so.0 to /home/devel/building/work/pkg/usr/lib/libwayland-client.so
Installing symlink pointing to libwayland-cursor.so.0.22.0 to /home/devel/building/work/pkg/usr/lib/libwayland-cursor.so.0
Installing symlink pointing to libwayland-cursor.so.0 to /home/devel/building/work/pkg/usr/lib/libwayland-cursor.so
Installing symlink pointing to libwayland-egl.so.1.22.0 to /home/devel/building/work/pkg/usr/lib/libwayland-egl.so.1
Installing symlink pointing to libwayland-egl.so.1 to /home/devel/building/work/pkg/usr/lib/libwayland-egl.so
=======> Build result:
drwxr-xr-x  0 root   root        0 May  8 01:40 usr/
drwxr-xr-x  0 root   root        0 May  8 01:40 usr/bin/
drwxr-xr-x  0 root   root        0 May  8 01:40 usr/include/
drwxr-xr-x  0 root   root        0 May  8 01:40 usr/lib/
drwxr-xr-x  0 root   root        0 May  8 01:40 usr/share/
drwxr-xr-x  0 root   root        0 May  8 01:40 usr/share/wayland/
drwxr-xr-x  0 root   root        0 May  8 01:40 usr/share/aclocal/
-rw-r--r--  0 root   root      428 Apr  4  2023 usr/share/aclocal/wayland-scanner.m4
-rw-r--r--  0 root   root      292 Apr  4  2023 usr/share/wayland/wayland-scanner.mk
-rw-r--r--  0 root   root   144896 Apr  4  2023 usr/share/wayland/wayland.xml
-rw-r--r--  0 root   root     1305 Apr  4  2023 usr/share/wayland/wayland.dtd
-rwxr-xr-x  0 root   root    85632 May  8 01:40 usr/lib/libwayland-server.so.0.22.0
-rwxr-xr-x  0 root   root    68960 May  8 01:40 usr/lib/libwayland-client.so.0.22.0
-rwxr-xr-x  0 root   root    35248 May  8 01:40 usr/lib/libwayland-cursor.so.0.22.0
-rwxr-xr-x  0 root   root    14240 May  8 01:40 usr/lib/libwayland-egl.so.1.22.0
drwxr-xr-x  0 root   root        0 May  8 01:40 usr/lib/pkgconfig/
lrwxrwxrwx  0 root   root        0 May  8 01:40 usr/lib/libwayland-server.so.0 -> libwayland-server.so.0.22.0
lrwxrwxrwx  0 root   root        0 May  8 01:40 usr/lib/libwayland-server.so -> libwayland-server.so.0
lrwxrwxrwx  0 root   root        0 May  8 01:40 usr/lib/libwayland-client.so.0 -> libwayland-client.so.0.22.0
lrwxrwxrwx  0 root   root        0 May  8 01:40 usr/lib/libwayland-client.so -> libwayland-client.so.0
lrwxrwxrwx  0 root   root        0 May  8 01:40 usr/lib/libwayland-cursor.so.0 -> libwayland-cursor.so.0.22.0
lrwxrwxrwx  0 root   root        0 May  8 01:40 usr/lib/libwayland-cursor.so -> libwayland-cursor.so.0
lrwxrwxrwx  0 root   root        0 May  8 01:40 usr/lib/libwayland-egl.so.1 -> libwayland-egl.so.1.22.0
lrwxrwxrwx  0 root   root        0 May  8 01:40 usr/lib/libwayland-egl.so -> libwayland-egl.so.1
-rw-r--r--  0 root   root      259 May  8 01:40 usr/lib/pkgconfig/wayland-scanner.pc
-rw-r--r--  0 root   root      343 May  8 01:40 usr/lib/pkgconfig/wayland-server.pc
-rw-r--r--  0 root   root      320 May  8 01:40 usr/lib/pkgconfig/wayland-client.pc
-rw-r--r--  0 root   root      235 May  8 01:40 usr/lib/pkgconfig/wayland-cursor.pc
-rw-r--r--  0 root   root      220 May  8 01:40 usr/lib/pkgconfig/wayland-egl.pc
-rw-r--r--  0 root   root      146 May  8 01:40 usr/lib/pkgconfig/wayland-egl-backend.pc
-rw-r--r--  0 root   root   154227 May  8 01:40 usr/include/wayland-server-protocol.h
-rw-r--r--  0 root   root   204463 May  8 01:40 usr/include/wayland-client-protocol.h
-rw-r--r--  0 root   root    24109 Apr  4  2023 usr/include/wayland-util.h
-rw-r--r--  0 root   root     3237 Apr  4  2023 usr/include/wayland-server.h
-rw-r--r--  0 root   root    19570 Apr  4  2023 usr/include/wayland-server-core.h
-rw-r--r--  0 root   root     1573 Apr  4  2023 usr/include/wayland-client.h
-rw-r--r--  0 root   root     9265 Apr  4  2023 usr/include/wayland-client-core.h
-rw-r--r--  0 root   root     2656 Apr  4  2023 usr/include/wayland-cursor.h
-rw-r--r--  0 root   root     1313 Apr  4  2023 usr/include/wayland-egl.h
-rw-r--r--  0 root   root     1788 Apr  4  2023 usr/include/wayland-egl-core.h
-rw-r--r--  0 root   root     1877 Apr  4  2023 usr/include/wayland-egl-backend.h
-rw-r--r--  0 root   root     1354 May  8 01:40 usr/include/wayland-version.h
-rwxr-xr-x  0 root   root    43656 May  8 01:40 usr/bin/wayland-scanner
=======> Building '/home/devel/packages/wayland#1.22.0-1.x86_64.pkg.tar.zst' succeeded.
prt-get: Using PKGMK_PACKAGE_DIR: /home/devel/packages
prt-get: reinstalling wayland 1.22.0-1
prt-get: /usr/bin/pkgadd -u wayland#1.22.0-1.x86_64.pkg.tar.zst
prt-get: build done Wed May  8 01:40:11 2024

