prt-get: updating /usr/ports/wayland-x86_64/wayland-utils
prt-get: starting build Wed May  8 01:40:16 2024
=======> Building '/home/devel/packages/wayland-utils#1.0.0-1.x86_64.pkg.tar.zst'.
bsdtar -p -o -C /home/devel/building/work/src -xf /home/devel/sources/wayland-utils-1.0.0.tar.xz
+ build
+ cd wayland-utils-1.0.0
+ build-meson . build
The Meson build system
Version: 1.4.0
Source dir: /home/devel/building/work/src/wayland-utils-1.0.0
Build dir: /home/devel/building/work/src/wayland-utils-1.0.0/build
Build type: native build
Project name: wayland-utils
Project version: 1.0.0
C compiler for the host machine: cc (gcc 14.1.0 "cc (SAUX-x86_64) 14.1.0")
C linker for the host machine: cc ld.bfd 2.42
Host machine cpu family: x86_64
Host machine cpu: x86_64
Found pkg-config: YES (/usr/bin/pkg-config) 2.2.0
Run-time dependency wayland-server found: YES 1.22.0
Run-time dependency wayland-client found: YES 1.22.0
Configuring config.h using configuration
Build-time dependency wayland-scanner found: YES 1.22.0
Program /usr/bin/wayland-scanner found: YES (/usr/bin/wayland-scanner)
Run-time dependency wayland-protocols found: YES 1.36
Configuring wayland-info.1 using configuration
Build targets in project: 9
NOTICE: Future-deprecated features used:
 * 0.56.0: {'dependency.get_pkgconfig_variable'}

wayland-utils 1.0.0

  User defined options
    auto_features     : auto
    bindir            : /usr/bin
    buildtype         : plain
    datadir           : /usr/share
    includedir        : /usr/include
    libdir            : /usr/lib
    libexecdir        : /usr/lib
    localstatedir     : /var
    mandir            : /usr/share/man
    prefix            : /usr
    sbindir           : /usr/sbin
    sharedstatedir    : /var/lib
    sysconfdir        : /etc
    werror            : false
    wrap_mode         : nodownload
    python.bytecompile: 0
    b_lto             : false
    b_pie             : true
    b_staticpic       : true

Found ninja-1.9 at /usr/bin/ninja
+ meson compile -j 8 -v -C build
ninja: entering directory '/home/devel/building/work/src/wayland-utils-1.0.0/build'
[1/14] /usr/bin/wayland-scanner private-code //usr/share/wayland-protocols/unstable/xdg-output/xdg-output-unstable-v1.xml wayland-info/xdg-output-unstable-v1-protocol.c
[2/14] /usr/bin/wayland-scanner private-code //usr/share/wayland-protocols/unstable/tablet/tablet-unstable-v2.xml wayland-info/tablet-unstable-v2-protocol.c
[3/14] /usr/bin/wayland-scanner private-code //usr/share/wayland-protocols/stable/presentation-time/presentation-time.xml wayland-info/presentation-time-protocol.c
[4/14] /usr/bin/wayland-scanner client-header //usr/share/wayland-protocols/unstable/xdg-output/xdg-output-unstable-v1.xml wayland-info/xdg-output-unstable-v1-client-protocol.h
[5/14] /usr/bin/wayland-scanner client-header //usr/share/wayland-protocols/unstable/tablet/tablet-unstable-v2.xml wayland-info/tablet-unstable-v2-client-protocol.h
[6/14] /usr/bin/wayland-scanner client-header //usr/share/wayland-protocols/stable/presentation-time/presentation-time.xml wayland-info/presentation-time-client-protocol.h
[7/14] /usr/bin/wayland-scanner client-header //usr/share/wayland-protocols/unstable/linux-dmabuf/linux-dmabuf-unstable-v1.xml wayland-info/linux-dmabuf-unstable-v1-client-protocol.h
[8/14] /usr/bin/wayland-scanner private-code //usr/share/wayland-protocols/unstable/linux-dmabuf/linux-dmabuf-unstable-v1.xml wayland-info/linux-dmabuf-unstable-v1-protocol.c
[9/14] cc -Iwayland-info/wayland-info.p -Iwayland-info -I../wayland-info -I. -I.. -fdiagnostics-color=always -D_FILE_OFFSET_BITS=64 -Wall -Winvalid-pch -Wextra -Wpedantic -std=gnu99 -Wno-unused-parameter -O2 -m64 -march=x86-64 -mtune=generic -flto=auto -ffat-lto-objects -fPIE -MD -MQ wayland-info/wayland-info.p/wayland-info.c.o -MF wayland-info/wayland-info.p/wayland-info.c.o.d -o wayland-info/wayland-info.p/wayland-info.c.o -c ../wayland-info/wayland-info.c
[10/14] cc -Iwayland-info/wayland-info.p -Iwayland-info -I../wayland-info -I. -I.. -fdiagnostics-color=always -D_FILE_OFFSET_BITS=64 -Wall -Winvalid-pch -Wextra -Wpedantic -std=gnu99 -Wno-unused-parameter -O2 -m64 -march=x86-64 -mtune=generic -flto=auto -ffat-lto-objects -fPIE -MD -MQ wayland-info/wayland-info.p/meson-generated_.._xdg-output-unstable-v1-protocol.c.o -MF wayland-info/wayland-info.p/meson-generated_.._xdg-output-unstable-v1-protocol.c.o.d -o wayland-info/wayland-info.p/meson-generated_.._xdg-output-unstable-v1-protocol.c.o -c wayland-info/xdg-output-unstable-v1-protocol.c
[11/14] cc -Iwayland-info/wayland-info.p -Iwayland-info -I../wayland-info -I. -I.. -fdiagnostics-color=always -D_FILE_OFFSET_BITS=64 -Wall -Winvalid-pch -Wextra -Wpedantic -std=gnu99 -Wno-unused-parameter -O2 -m64 -march=x86-64 -mtune=generic -flto=auto -ffat-lto-objects -fPIE -MD -MQ wayland-info/wayland-info.p/meson-generated_.._tablet-unstable-v2-protocol.c.o -MF wayland-info/wayland-info.p/meson-generated_.._tablet-unstable-v2-protocol.c.o.d -o wayland-info/wayland-info.p/meson-generated_.._tablet-unstable-v2-protocol.c.o -c wayland-info/tablet-unstable-v2-protocol.c
[12/14] cc -Iwayland-info/wayland-info.p -Iwayland-info -I../wayland-info -I. -I.. -fdiagnostics-color=always -D_FILE_OFFSET_BITS=64 -Wall -Winvalid-pch -Wextra -Wpedantic -std=gnu99 -Wno-unused-parameter -O2 -m64 -march=x86-64 -mtune=generic -flto=auto -ffat-lto-objects -fPIE -MD -MQ wayland-info/wayland-info.p/meson-generated_.._presentation-time-protocol.c.o -MF wayland-info/wayland-info.p/meson-generated_.._presentation-time-protocol.c.o.d -o wayland-info/wayland-info.p/meson-generated_.._presentation-time-protocol.c.o -c wayland-info/presentation-time-protocol.c
[13/14] cc -Iwayland-info/wayland-info.p -Iwayland-info -I../wayland-info -I. -I.. -fdiagnostics-color=always -D_FILE_OFFSET_BITS=64 -Wall -Winvalid-pch -Wextra -Wpedantic -std=gnu99 -Wno-unused-parameter -O2 -m64 -march=x86-64 -mtune=generic -flto=auto -ffat-lto-objects -fPIE -MD -MQ wayland-info/wayland-info.p/meson-generated_.._linux-dmabuf-unstable-v1-protocol.c.o -MF wayland-info/wayland-info.p/meson-generated_.._linux-dmabuf-unstable-v1-protocol.c.o.d -o wayland-info/wayland-info.p/meson-generated_.._linux-dmabuf-unstable-v1-protocol.c.o -c wayland-info/linux-dmabuf-unstable-v1-protocol.c
[01m[K../wayland-info/wayland-info.c:1692:1:[m[K [01;35m[Kwarning: [m[Kmissing initializer for field '[01m[Kname[m[K' of '[01m[Kconst struct wl_output_listener[m[K' [[01;35m[K-Wmissing-field-initializers[m[K]
 1692 | [01;35m[K}[m[K;
      | [01;35m[K^[m[K
In file included from [01m[K/usr/include/wayland-client.h:40[m[K,
                 from [01m[K../wayland-info/wayland-info.c:37[m[K:
[01m[K/usr/include/wayland-client-protocol.h:5754:16:[m[K [01;36m[Knote: [m[K'[01m[Kname[m[K' declared here
 5754 |         void (*[01;36m[Kname[m[K)(void *data,
      |                [01;36m[K^~~~[m[K
[14/14] cc  -o wayland-info/wayland-info wayland-info/wayland-info.p/meson-generated_.._linux-dmabuf-unstable-v1-protocol.c.o wayland-info/wayland-info.p/meson-generated_.._presentation-time-protocol.c.o wayland-info/wayland-info.p/meson-generated_.._tablet-unstable-v2-protocol.c.o wayland-info/wayland-info.p/meson-generated_.._xdg-output-unstable-v1-protocol.c.o wayland-info/wayland-info.p/wayland-info.c.o -Wl,--as-needed -Wl,--no-undefined -pie -O2 -m64 -march=x86-64 -mtune=generic -flto=auto -ffat-lto-objects /usr/lib/libwayland-client.so
INFO: autodetecting backend as ninja
INFO: calculating backend command to run: /usr/bin/ninja -C /home/devel/building/work/src/wayland-utils-1.0.0/build -j 8 -v
+ DESTDIR=/home/devel/building/work/pkg
+ meson install --no-rebuild -C build
Installing wayland-info/wayland-info to /home/devel/building/work/pkg/usr/bin
Installing /home/devel/building/work/src/wayland-utils-1.0.0/build/man/wayland-info.1 to /home/devel/building/work/pkg/usr/share/man/man1
=======> Build result:
drwxr-xr-x  0 root   root        0 May  8 01:40 usr/
drwxr-xr-x  0 root   root        0 May  8 01:40 usr/bin/
drwxr-xr-x  0 root   root        0 May  8 01:40 usr/share/
drwxr-xr-x  0 root   root        0 May  8 01:40 usr/share/man/
drwxr-xr-x  0 root   root        0 May  8 01:40 usr/share/man/man1/
-rw-r--r--  0 root   root      549 May  8 01:40 usr/share/man/man1/wayland-info.1.gz
-rwxr-xr-x  0 root   root    43920 May  8 01:40 usr/bin/wayland-info
=======> Building '/home/devel/packages/wayland-utils#1.0.0-1.x86_64.pkg.tar.zst' succeeded.
prt-get: Using PKGMK_PACKAGE_DIR: /home/devel/packages
prt-get: reinstalling wayland-utils 1.0.0-1
prt-get: /usr/bin/pkgadd -u wayland-utils#1.0.0-1.x86_64.pkg.tar.zst
prt-get: build done Wed May  8 01:40:17 2024

