prt-get: updating /usr/ports/wayland-x86_64/wf-recorder
prt-get: starting build Wed May  8 01:40:19 2024
=======> Building '/home/devel/packages/wf-recorder#0.4.1-1.x86_64.pkg.tar.zst'.
bsdtar -p -o -C /home/devel/building/work/src -xf /home/devel/sources/wf-recorder-0.4.1.tar.xz
+ build
+ cd wf-recorder-0.4.1
+ build-meson . build
The Meson build system
Version: 1.4.0
Source dir: /home/devel/building/work/src/wf-recorder-0.4.1
Build dir: /home/devel/building/work/src/wf-recorder-0.4.1/build
Build type: native build
Project name: wf-recorder
Project version: 0.4.1
C compiler for the host machine: cc (gcc 14.1.0 "cc (SAUX-x86_64) 14.1.0")
C linker for the host machine: cc ld.bfd 2.42
C++ compiler for the host machine: c++ (gcc 14.1.0 "c++ (SAUX-x86_64) 14.1.0")
C++ linker for the host machine: c++ ld.bfd 2.42
Host machine cpu family: x86_64
Host machine cpu: x86_64
Program git found: YES (/usr/bin/git)
Found pkg-config: YES (/usr/bin/pkg-config) 2.2.0
Run-time dependency wayland-client found: YES 1.22.0
Run-time dependency wayland-protocols found: YES 1.36
Run-time dependency libpulse-simple found: YES 17.0
Run-time dependency libavutil found: YES 58.29.100
Run-time dependency libavcodec found: YES 60.31.102
Run-time dependency libavformat found: YES 60.16.100
Run-time dependency libavdevice found: YES 60.3.100
Run-time dependency libavfilter found: YES 9.12.100
Run-time dependency libswresample found: YES 4.12.100
Run-time dependency threads found: YES
Run-time dependency gbm found: YES 24.0.6
Configuring config.h using configuration
Program wayland-scanner found: YES (/usr/bin/wayland-scanner)
Build targets in project: 2

wf-recorder 0.4.1

  User defined options
    auto_features     : auto
    bindir            : /usr/bin
    buildtype         : plain
    datadir           : /usr/share
    includedir        : /usr/include
    libdir            : /usr/lib
    libexecdir        : /usr/lib
    localstatedir     : /var
    mandir            : /usr/share/man
    prefix            : /usr
    sbindir           : /usr/sbin
    sharedstatedir    : /var/lib
    sysconfdir        : /etc
    werror            : false
    wrap_mode         : nodownload
    python.bytecompile: 0
    b_lto             : false
    b_pie             : true
    b_staticpic       : true

Found ninja-1.9 at /usr/bin/ninja
+ meson compile -j 8 -v -C build
ninja: entering directory '/home/devel/building/work/src/wf-recorder-0.4.1/build'
[1/22] /usr/bin/wayland-scanner client-header //usr/share/wayland-protocols/unstable/xdg-output/xdg-output-unstable-v1.xml wf-recorder.p/xdg-output-unstable-v1-client-protocol.h
[2/22] /usr/bin/wayland-scanner client-header ../proto/wlr-screencopy-unstable-v1.xml wf-recorder.p/wlr-screencopy-unstable-v1-client-protocol.h
[3/22] /usr/bin/wayland-scanner client-header ../proto/wl-drm.xml wf-recorder.p/wl-drm-client-protocol.h
[4/22] /usr/bin/wayland-scanner client-header //usr/share/wayland-protocols/unstable/linux-dmabuf/linux-dmabuf-unstable-v1.xml wf-recorder.p/linux-dmabuf-unstable-v1-client-protocol.h
[5/22] /usr/bin/wayland-scanner private-code ../proto/wl-drm.xml proto/libwl_protos.a.p/wl-drm-protocol.c
[6/22] /usr/bin/wayland-scanner private-code ../proto/wlr-screencopy-unstable-v1.xml proto/libwl_protos.a.p/wlr-screencopy-unstable-v1-protocol.c
[7/22] /usr/bin/wayland-scanner private-code //usr/share/wayland-protocols/unstable/linux-dmabuf/linux-dmabuf-unstable-v1.xml proto/libwl_protos.a.p/linux-dmabuf-unstable-v1-protocol.c
[8/22] /usr/bin/wayland-scanner client-header //usr/share/wayland-protocols/unstable/xdg-output/xdg-output-unstable-v1.xml proto/libwl_protos.a.p/xdg-output-unstable-v1-client-protocol.h
[9/22] /usr/bin/wayland-scanner client-header ../proto/wlr-screencopy-unstable-v1.xml proto/libwl_protos.a.p/wlr-screencopy-unstable-v1-client-protocol.h
[10/22] /usr/bin/wayland-scanner client-header ../proto/wl-drm.xml proto/libwl_protos.a.p/wl-drm-client-protocol.h
[11/22] /usr/bin/wayland-scanner client-header //usr/share/wayland-protocols/unstable/linux-dmabuf/linux-dmabuf-unstable-v1.xml proto/libwl_protos.a.p/linux-dmabuf-unstable-v1-client-protocol.h
[12/22] /usr/bin/wayland-scanner private-code //usr/share/wayland-protocols/unstable/xdg-output/xdg-output-unstable-v1.xml proto/libwl_protos.a.p/xdg-output-unstable-v1-protocol.c
[13/22] c++ -Iwf-recorder.p -I. -I.. -fdiagnostics-color=always -D_GLIBCXX_ASSERTIONS=1 -D_FILE_OFFSET_BITS=64 -Wall -Winvalid-pch -Wextra -std=c++11 '-DWFRECORDER_VERSION="0.4.1"' -Wno-deprecated-declarations -O2 -m64 -march=x86-64 -mtune=generic -flto=auto -ffat-lto-objects -fPIE -D_REENTRANT -pthread -MD -MQ wf-recorder.p/src_pulse.cpp.o -MF wf-recorder.p/src_pulse.cpp.o.d -o wf-recorder.p/src_pulse.cpp.o -c ../src/pulse.cpp
[14/22] cc -Iwf-recorder.p -I. -I.. -fdiagnostics-color=always -D_FILE_OFFSET_BITS=64 -Wall -Winvalid-pch -Wextra -std=c11 -O2 -m64 -march=x86-64 -mtune=generic -flto=auto -ffat-lto-objects -fPIE -D_REENTRANT -pthread -MD -MQ wf-recorder.p/src_averr.c.o -MF wf-recorder.p/src_averr.c.o.d -o wf-recorder.p/src_averr.c.o -c ../src/averr.c
[15/22] c++ -Iwf-recorder.p -I. -I.. -fdiagnostics-color=always -D_GLIBCXX_ASSERTIONS=1 -D_FILE_OFFSET_BITS=64 -Wall -Winvalid-pch -Wextra -std=c++11 '-DWFRECORDER_VERSION="0.4.1"' -Wno-deprecated-declarations -O2 -m64 -march=x86-64 -mtune=generic -flto=auto -ffat-lto-objects -fPIE -D_REENTRANT -pthread -MD -MQ wf-recorder.p/src_main.cpp.o -MF wf-recorder.p/src_main.cpp.o.d -o wf-recorder.p/src_main.cpp.o -c ../src/main.cpp
[16/22] c++ -Iwf-recorder.p -I. -I.. -fdiagnostics-color=always -D_GLIBCXX_ASSERTIONS=1 -D_FILE_OFFSET_BITS=64 -Wall -Winvalid-pch -Wextra -std=c++11 '-DWFRECORDER_VERSION="0.4.1"' -Wno-deprecated-declarations -O2 -m64 -march=x86-64 -mtune=generic -flto=auto -ffat-lto-objects -fPIE -D_REENTRANT -pthread -MD -MQ wf-recorder.p/src_frame-writer.cpp.o -MF wf-recorder.p/src_frame-writer.cpp.o.d -o wf-recorder.p/src_frame-writer.cpp.o -c ../src/frame-writer.cpp
[17/22] cc -Iproto/libwl_protos.a.p -Iproto -I../proto -fdiagnostics-color=always -D_FILE_OFFSET_BITS=64 -Wall -Winvalid-pch -Wextra -std=c11 -O2 -m64 -march=x86-64 -mtune=generic -flto=auto -ffat-lto-objects -fPIC -MD -MQ proto/libwl_protos.a.p/meson-generated_wl-drm-protocol.c.o -MF proto/libwl_protos.a.p/meson-generated_wl-drm-protocol.c.o.d -o proto/libwl_protos.a.p/meson-generated_wl-drm-protocol.c.o -c proto/libwl_protos.a.p/wl-drm-protocol.c
[18/22] cc -Iproto/libwl_protos.a.p -Iproto -I../proto -fdiagnostics-color=always -D_FILE_OFFSET_BITS=64 -Wall -Winvalid-pch -Wextra -std=c11 -O2 -m64 -march=x86-64 -mtune=generic -flto=auto -ffat-lto-objects -fPIC -MD -MQ proto/libwl_protos.a.p/meson-generated_wlr-screencopy-unstable-v1-protocol.c.o -MF proto/libwl_protos.a.p/meson-generated_wlr-screencopy-unstable-v1-protocol.c.o.d -o proto/libwl_protos.a.p/meson-generated_wlr-screencopy-unstable-v1-protocol.c.o -c proto/libwl_protos.a.p/wlr-screencopy-unstable-v1-protocol.c
[19/22] cc -Iproto/libwl_protos.a.p -Iproto -I../proto -fdiagnostics-color=always -D_FILE_OFFSET_BITS=64 -Wall -Winvalid-pch -Wextra -std=c11 -O2 -m64 -march=x86-64 -mtune=generic -flto=auto -ffat-lto-objects -fPIC -MD -MQ proto/libwl_protos.a.p/meson-generated_linux-dmabuf-unstable-v1-protocol.c.o -MF proto/libwl_protos.a.p/meson-generated_linux-dmabuf-unstable-v1-protocol.c.o.d -o proto/libwl_protos.a.p/meson-generated_linux-dmabuf-unstable-v1-protocol.c.o -c proto/libwl_protos.a.p/linux-dmabuf-unstable-v1-protocol.c
[20/22] cc -Iproto/libwl_protos.a.p -Iproto -I../proto -fdiagnostics-color=always -D_FILE_OFFSET_BITS=64 -Wall -Winvalid-pch -Wextra -std=c11 -O2 -m64 -march=x86-64 -mtune=generic -flto=auto -ffat-lto-objects -fPIC -MD -MQ proto/libwl_protos.a.p/meson-generated_xdg-output-unstable-v1-protocol.c.o -MF proto/libwl_protos.a.p/meson-generated_xdg-output-unstable-v1-protocol.c.o.d -o proto/libwl_protos.a.p/meson-generated_xdg-output-unstable-v1-protocol.c.o -c proto/libwl_protos.a.p/xdg-output-unstable-v1-protocol.c
[21/22] rm -f proto/libwl_protos.a && gcc-ar csrDT proto/libwl_protos.a proto/libwl_protos.a.p/meson-generated_xdg-output-unstable-v1-protocol.c.o proto/libwl_protos.a.p/meson-generated_linux-dmabuf-unstable-v1-protocol.c.o proto/libwl_protos.a.p/meson-generated_wlr-screencopy-unstable-v1-protocol.c.o proto/libwl_protos.a.p/meson-generated_wl-drm-protocol.c.o
[22/22] c++  -o wf-recorder wf-recorder.p/src_frame-writer.cpp.o wf-recorder.p/src_main.cpp.o wf-recorder.p/src_averr.c.o wf-recorder.p/src_pulse.cpp.o -Wl,--as-needed -Wl,--no-undefined -pie -O2 -m64 -march=x86-64 -mtune=generic -flto=auto -ffat-lto-objects -Wl,--start-group proto/libwl_protos.a /usr/lib/libwayland-client.so /usr/lib/libavutil.so /usr/lib/libavcodec.so /usr/lib/libavformat.so /usr/lib/libavdevice.so /usr/lib/libavfilter.so -pthread /usr/lib/libpulse-simple.so /usr/lib/libpulse.so /usr/lib/libswresample.so /usr/lib/libgbm.so -Wl,--end-group
INFO: autodetecting backend as ninja
INFO: calculating backend command to run: /usr/bin/ninja -C /home/devel/building/work/src/wf-recorder-0.4.1/build -j 8 -v
+ DESTDIR=/home/devel/building/work/pkg
+ meson install --no-rebuild -C build
Installing wf-recorder to /home/devel/building/work/pkg/usr/bin
Installing /home/devel/building/work/src/wf-recorder-0.4.1/manpage/wf-recorder.1 to /home/devel/building/work/pkg/usr/share/man/man1
=======> Build result:
drwxr-xr-x  0 root   root        0 May  8 01:40 usr/
drwxr-xr-x  0 root   root        0 May  8 01:40 usr/bin/
drwxr-xr-x  0 root   root        0 May  8 01:40 usr/share/
drwxr-xr-x  0 root   root        0 May  8 01:40 usr/share/man/
drwxr-xr-x  0 root   root        0 May  8 01:40 usr/share/man/man1/
-rw-r--r--  0 root   root     2407 Sep  5  2023 usr/share/man/man1/wf-recorder.1.gz
-rwxr-xr-x  0 root   root   103320 May  8 01:40 usr/bin/wf-recorder
=======> Building '/home/devel/packages/wf-recorder#0.4.1-1.x86_64.pkg.tar.zst' succeeded.
prt-get: Using PKGMK_PACKAGE_DIR: /home/devel/packages
prt-get: reinstalling wf-recorder 0.4.1-1
prt-get: /usr/bin/pkgadd -u wf-recorder#0.4.1-1.x86_64.pkg.tar.zst
prt-get: build done Wed May  8 01:40:22 2024

