prt-get: updating /usr/ports/wayland-x86_64/wl-clipboard
prt-get: starting build Wed May  8 01:41:11 2024
=======> Building '/home/devel/packages/wl-clipboard#2.2.1-1.x86_64.pkg.tar.zst'.
bsdtar -p -o -C /home/devel/building/work/src -xf /home/devel/sources/wl-clipboard-2.2.1.tar.gz
+ build
+ cd wl-clipboard-2.2.1
+ build-meson -Dfishcompletiondir=no -Dzshcompletiondir=no . build
The Meson build system
Version: 1.4.0
Source dir: /home/devel/building/work/src/wl-clipboard-2.2.1
Build dir: /home/devel/building/work/src/wl-clipboard-2.2.1/build
Build type: native build
Project name: wl-clipboard
Project version: 2.2.1
C compiler for the host machine: cc (gcc 14.1.0 "cc (SAUX-x86_64) 14.1.0")
C linker for the host machine: cc ld.bfd 2.42
Host machine cpu family: x86_64
Host machine cpu: x86_64
Found pkg-config: YES (/usr/bin/pkg-config) 2.2.0
Run-time dependency wayland-client found: YES 1.22.0
Header "sys/syscall.h" has symbol "SYS_memfd_create" : YES 
Header "sys/mman.h" has symbol "SHM_ANON" : NO 
Program wayland-scanner found: YES (/usr/bin/wayland-scanner)
Run-time dependency wayland-protocols found: YES 1.36
Configuring config.h using configuration
Found CMake: /usr/bin/cmake (3.29.2)
Run-time dependency fish found: NO (tried pkgconfig and cmake)
Build targets in project: 21

wl-clipboard 2.2.1

  User defined options
    auto_features     : auto
    bindir            : /usr/bin
    buildtype         : plain
    datadir           : /usr/share
    includedir        : /usr/include
    libdir            : /usr/lib
    libexecdir        : /usr/lib
    localstatedir     : /var
    mandir            : /usr/share/man
    prefix            : /usr
    sbindir           : /usr/sbin
    sharedstatedir    : /var/lib
    sysconfdir        : /etc
    werror            : false
    wrap_mode         : nodownload
    python.bytecompile: 0
    b_lto             : false
    b_pie             : true
    b_staticpic       : true
    fishcompletiondir : no
    zshcompletiondir  : no

Found ninja-1.9 at /usr/bin/ninja
+ meson compile -j 8 -v -C build
ninja: entering directory '/home/devel/building/work/src/wl-clipboard-2.2.1/build'
[1/43] /usr/bin/wayland-scanner client-header ../src/protocol/gtk-shell.xml src/protocol/gtk-shell.h
[2/43] /usr/bin/wayland-scanner private-code ../src/protocol/gtk-shell.xml src/protocol/gtk-shell.c
[3/43] /usr/bin/wayland-scanner client-header //usr/share/wayland-protocols/staging/xdg-activation/xdg-activation-v1.xml src/protocol/xdg-activation.h
[4/43] /usr/bin/wayland-scanner private-code //usr/share/wayland-protocols/staging/xdg-activation/xdg-activation-v1.xml src/protocol/xdg-activation.c
[5/43] /usr/bin/wayland-scanner client-header ../src/protocol/wlr-data-control-unstable-v1.xml src/protocol/wlr-data-control.h
[6/43] /usr/bin/wayland-scanner private-code ../src/protocol/wlr-data-control-unstable-v1.xml src/protocol/wlr-data-control.c
[7/43] /usr/bin/wayland-scanner client-header ../src/protocol/gtk-primary-selection.xml src/protocol/gtk-primary-selection.h
[8/43] /usr/bin/wayland-scanner private-code ../src/protocol/gtk-primary-selection.xml src/protocol/gtk-primary-selection.c
[9/43] cc -Isrc/protocol/libgtk-shell.a.p -Isrc/protocol -I../src/protocol -fdiagnostics-color=always -D_FILE_OFFSET_BITS=64 -Wall -Winvalid-pch -std=gnu99 -O2 -m64 -march=x86-64 -mtune=generic -flto=auto -ffat-lto-objects -fPIC -MD -MQ src/protocol/libgtk-shell.a.p/meson-generated_.._gtk-shell.c.o -MF src/protocol/libgtk-shell.a.p/meson-generated_.._gtk-shell.c.o.d -o src/protocol/libgtk-shell.a.p/meson-generated_.._gtk-shell.c.o -c src/protocol/gtk-shell.c
[10/43] /usr/bin/wayland-scanner client-header //usr/share/wayland-protocols/unstable/primary-selection/primary-selection-unstable-v1.xml src/protocol/wp-primary-selection.h
[11/43] cc -Isrc/protocol/libxdg-activation.a.p -Isrc/protocol -I../src/protocol -fdiagnostics-color=always -D_FILE_OFFSET_BITS=64 -Wall -Winvalid-pch -std=gnu99 -O2 -m64 -march=x86-64 -mtune=generic -flto=auto -ffat-lto-objects -fPIC -MD -MQ src/protocol/libxdg-activation.a.p/meson-generated_.._xdg-activation.c.o -MF src/protocol/libxdg-activation.a.p/meson-generated_.._xdg-activation.c.o.d -o src/protocol/libxdg-activation.a.p/meson-generated_.._xdg-activation.c.o -c src/protocol/xdg-activation.c
[12/43] /usr/bin/wayland-scanner private-code //usr/share/wayland-protocols/unstable/primary-selection/primary-selection-unstable-v1.xml src/protocol/wp-primary-selection.c
[13/43] cc -Isrc/protocol/libwlr-data-control.a.p -Isrc/protocol -I../src/protocol -fdiagnostics-color=always -D_FILE_OFFSET_BITS=64 -Wall -Winvalid-pch -std=gnu99 -O2 -m64 -march=x86-64 -mtune=generic -flto=auto -ffat-lto-objects -fPIC -MD -MQ src/protocol/libwlr-data-control.a.p/meson-generated_.._wlr-data-control.c.o -MF src/protocol/libwlr-data-control.a.p/meson-generated_.._wlr-data-control.c.o.d -o src/protocol/libwlr-data-control.a.p/meson-generated_.._wlr-data-control.c.o -c src/protocol/wlr-data-control.c
[14/43] /usr/bin/wayland-scanner client-header //usr/share/wayland-protocols/stable/xdg-shell/xdg-shell.xml src/protocol/xdg-shell.h
[15/43] /usr/bin/wayland-scanner private-code //usr/share/wayland-protocols/stable/xdg-shell/xdg-shell.xml src/protocol/xdg-shell.c
[16/43] cc -Isrc/protocol/libgtk-primary-selection.a.p -Isrc/protocol -I../src/protocol -fdiagnostics-color=always -D_FILE_OFFSET_BITS=64 -Wall -Winvalid-pch -std=gnu99 -O2 -m64 -march=x86-64 -mtune=generic -flto=auto -ffat-lto-objects -fPIC -MD -MQ src/protocol/libgtk-primary-selection.a.p/meson-generated_.._gtk-primary-selection.c.o -MF src/protocol/libgtk-primary-selection.a.p/meson-generated_.._gtk-primary-selection.c.o.d -o src/protocol/libgtk-primary-selection.a.p/meson-generated_.._gtk-primary-selection.c.o -c src/protocol/gtk-primary-selection.c
[17/43] cc -Isrc/protocol/libwp-primary-selection.a.p -Isrc/protocol -I../src/protocol -fdiagnostics-color=always -D_FILE_OFFSET_BITS=64 -Wall -Winvalid-pch -std=gnu99 -O2 -m64 -march=x86-64 -mtune=generic -flto=auto -ffat-lto-objects -fPIC -MD -MQ src/protocol/libwp-primary-selection.a.p/meson-generated_.._wp-primary-selection.c.o -MF src/protocol/libwp-primary-selection.a.p/meson-generated_.._wp-primary-selection.c.o.d -o src/protocol/libwp-primary-selection.a.p/meson-generated_.._wp-primary-selection.c.o -c src/protocol/wp-primary-selection.c
[18/43] cc -Isrc/wl-paste.p -Isrc -I../src -Isrc/protocol -fdiagnostics-color=always -D_FILE_OFFSET_BITS=64 -Wall -Winvalid-pch -std=gnu99 -O2 -m64 -march=x86-64 -mtune=generic -flto=auto -ffat-lto-objects -fPIE -MD -MQ src/wl-paste.p/wl-paste.c.o -MF src/wl-paste.p/wl-paste.c.o.d -o src/wl-paste.p/wl-paste.c.o -c ../src/wl-paste.c
[19/43] cc -Isrc/wl-copy.p -Isrc -I../src -Isrc/protocol -fdiagnostics-color=always -D_FILE_OFFSET_BITS=64 -Wall -Winvalid-pch -std=gnu99 -O2 -m64 -march=x86-64 -mtune=generic -flto=auto -ffat-lto-objects -fPIE -MD -MQ src/wl-copy.p/wl-copy.c.o -MF src/wl-copy.p/wl-copy.c.o.d -o src/wl-copy.p/wl-copy.c.o -c ../src/wl-copy.c
[20/43] cc -Isrc/libwl-clipboard.a.p -Isrc -I../src -Isrc/protocol -fdiagnostics-color=always -D_FILE_OFFSET_BITS=64 -Wall -Winvalid-pch -std=gnu99 -O2 -m64 -march=x86-64 -mtune=generic -flto=auto -ffat-lto-objects -fPIC -MD -MQ src/libwl-clipboard.a.p/types_copy-action.c.o -MF src/libwl-clipboard.a.p/types_copy-action.c.o.d -o src/libwl-clipboard.a.p/types_copy-action.c.o -c ../src/types/copy-action.c
[21/43] rm -f src/protocol/libxdg-activation.a && gcc-ar csrDT src/protocol/libxdg-activation.a src/protocol/libxdg-activation.a.p/meson-generated_.._xdg-activation.c.o
[22/43] rm -f src/protocol/libwlr-data-control.a && gcc-ar csrDT src/protocol/libwlr-data-control.a src/protocol/libwlr-data-control.a.p/meson-generated_.._wlr-data-control.c.o
[23/43] rm -f src/protocol/libgtk-shell.a && gcc-ar csrDT src/protocol/libgtk-shell.a src/protocol/libgtk-shell.a.p/meson-generated_.._gtk-shell.c.o
[24/43] rm -f src/protocol/libgtk-primary-selection.a && gcc-ar csrDT src/protocol/libgtk-primary-selection.a src/protocol/libgtk-primary-selection.a.p/meson-generated_.._gtk-primary-selection.c.o
[25/43] rm -f src/protocol/libwp-primary-selection.a && gcc-ar csrDT src/protocol/libwp-primary-selection.a src/protocol/libwp-primary-selection.a.p/meson-generated_.._wp-primary-selection.c.o
[26/43] cc -Isrc/libwl-clipboard.a.p -Isrc -I../src -Isrc/protocol -fdiagnostics-color=always -D_FILE_OFFSET_BITS=64 -Wall -Winvalid-pch -std=gnu99 -O2 -m64 -march=x86-64 -mtune=generic -flto=auto -ffat-lto-objects -fPIC -MD -MQ src/libwl-clipboard.a.p/types_registry.c.o -MF src/libwl-clipboard.a.p/types_registry.c.o.d -o src/libwl-clipboard.a.p/types_registry.c.o -c ../src/types/registry.c
[27/43] cc -Isrc/libwl-clipboard.a.p -Isrc -I../src -Isrc/protocol -fdiagnostics-color=always -D_FILE_OFFSET_BITS=64 -Wall -Winvalid-pch -std=gnu99 -O2 -m64 -march=x86-64 -mtune=generic -flto=auto -ffat-lto-objects -fPIC -MD -MQ src/libwl-clipboard.a.p/types_popup-surface.c.o -MF src/libwl-clipboard.a.p/types_popup-surface.c.o.d -o src/libwl-clipboard.a.p/types_popup-surface.c.o -c ../src/types/popup-surface.c
[28/43] cc -Isrc/libwl-clipboard.a.p -Isrc -I../src -Isrc/protocol -fdiagnostics-color=always -D_FILE_OFFSET_BITS=64 -Wall -Winvalid-pch -std=gnu99 -O2 -m64 -march=x86-64 -mtune=generic -flto=auto -ffat-lto-objects -fPIC -MD -MQ src/libwl-clipboard.a.p/types_shell-surface.c.o -MF src/libwl-clipboard.a.p/types_shell-surface.c.o.d -o src/libwl-clipboard.a.p/types_shell-surface.c.o -c ../src/types/shell-surface.c
[29/43] cc -Isrc/libwl-clipboard.a.p -Isrc -I../src -Isrc/protocol -fdiagnostics-color=always -D_FILE_OFFSET_BITS=64 -Wall -Winvalid-pch -std=gnu99 -O2 -m64 -march=x86-64 -mtune=generic -flto=auto -ffat-lto-objects -fPIC -MD -MQ src/libwl-clipboard.a.p/types_shell.c.o -MF src/libwl-clipboard.a.p/types_shell.c.o.d -o src/libwl-clipboard.a.p/types_shell.c.o -c ../src/types/shell.c
[30/43] cc -Isrc/libwl-clipboard.a.p -Isrc -I../src -Isrc/protocol -fdiagnostics-color=always -D_FILE_OFFSET_BITS=64 -Wall -Winvalid-pch -std=gnu99 -O2 -m64 -march=x86-64 -mtune=generic -flto=auto -ffat-lto-objects -fPIC -MD -MQ src/libwl-clipboard.a.p/types_seat.c.o -MF src/libwl-clipboard.a.p/types_seat.c.o.d -o src/libwl-clipboard.a.p/types_seat.c.o -c ../src/types/seat.c
[31/43] cc -Isrc/libwl-clipboard.a.p -Isrc -I../src -Isrc/protocol -fdiagnostics-color=always -D_FILE_OFFSET_BITS=64 -Wall -Winvalid-pch -std=gnu99 -O2 -m64 -march=x86-64 -mtune=generic -flto=auto -ffat-lto-objects -fPIC -MD -MQ src/libwl-clipboard.a.p/types_keyboard.c.o -MF src/libwl-clipboard.a.p/types_keyboard.c.o.d -o src/libwl-clipboard.a.p/types_keyboard.c.o -c ../src/types/keyboard.c
[32/43] cc -Isrc/libwl-clipboard.a.p -Isrc -I../src -Isrc/protocol -fdiagnostics-color=always -D_FILE_OFFSET_BITS=64 -Wall -Winvalid-pch -std=gnu99 -O2 -m64 -march=x86-64 -mtune=generic -flto=auto -ffat-lto-objects -fPIC -MD -MQ src/libwl-clipboard.a.p/types_device-manager.c.o -MF src/libwl-clipboard.a.p/types_device-manager.c.o.d -o src/libwl-clipboard.a.p/types_device-manager.c.o -c ../src/types/device-manager.c
[33/43] cc -Isrc/libwl-clipboard.a.p -Isrc -I../src -Isrc/protocol -fdiagnostics-color=always -D_FILE_OFFSET_BITS=64 -Wall -Winvalid-pch -std=gnu99 -O2 -m64 -march=x86-64 -mtune=generic -flto=auto -ffat-lto-objects -fPIC -MD -MQ src/libwl-clipboard.a.p/types_device.c.o -MF src/libwl-clipboard.a.p/types_device.c.o.d -o src/libwl-clipboard.a.p/types_device.c.o -c ../src/types/device.c
[34/43] cc -Isrc/libwl-clipboard.a.p -Isrc -I../src -Isrc/protocol -fdiagnostics-color=always -D_FILE_OFFSET_BITS=64 -Wall -Winvalid-pch -std=gnu99 -O2 -m64 -march=x86-64 -mtune=generic -flto=auto -ffat-lto-objects -fPIC -MD -MQ src/libwl-clipboard.a.p/types_offer.c.o -MF src/libwl-clipboard.a.p/types_offer.c.o.d -o src/libwl-clipboard.a.p/types_offer.c.o -c ../src/types/offer.c
[35/43] cc -Isrc/libwl-clipboard.a.p -Isrc -I../src -Isrc/protocol -fdiagnostics-color=always -D_FILE_OFFSET_BITS=64 -Wall -Winvalid-pch -std=gnu99 -O2 -m64 -march=x86-64 -mtune=generic -flto=auto -ffat-lto-objects -fPIC -MD -MQ src/libwl-clipboard.a.p/types_source.c.o -MF src/libwl-clipboard.a.p/types_source.c.o.d -o src/libwl-clipboard.a.p/types_source.c.o -c ../src/types/source.c
[36/43] cc -Isrc/libwl-clipboard.a.p -Isrc -I../src -Isrc/protocol -fdiagnostics-color=always -D_FILE_OFFSET_BITS=64 -Wall -Winvalid-pch -std=gnu99 -O2 -m64 -march=x86-64 -mtune=generic -flto=auto -ffat-lto-objects -fPIC -MD -MQ src/libwl-clipboard.a.p/util_misc.c.o -MF src/libwl-clipboard.a.p/util_misc.c.o.d -o src/libwl-clipboard.a.p/util_misc.c.o -c ../src/util/misc.c
[37/43] cc -Isrc/libwl-clipboard.a.p -Isrc -I../src -Isrc/protocol -fdiagnostics-color=always -D_FILE_OFFSET_BITS=64 -Wall -Winvalid-pch -std=gnu99 -O2 -m64 -march=x86-64 -mtune=generic -flto=auto -ffat-lto-objects -fPIC -MD -MQ src/libwl-clipboard.a.p/util_files.c.o -MF src/libwl-clipboard.a.p/util_files.c.o.d -o src/libwl-clipboard.a.p/util_files.c.o -c ../src/util/files.c
[38/43] cc -Isrc/libwl-clipboard.a.p -Isrc -I../src -Isrc/protocol -fdiagnostics-color=always -D_FILE_OFFSET_BITS=64 -Wall -Winvalid-pch -std=gnu99 -O2 -m64 -march=x86-64 -mtune=generic -flto=auto -ffat-lto-objects -fPIC -MD -MQ src/libwl-clipboard.a.p/util_string.c.o -MF src/libwl-clipboard.a.p/util_string.c.o.d -o src/libwl-clipboard.a.p/util_string.c.o -c ../src/util/string.c
[39/43] cc -Isrc/protocol/libxdg-shell.a.p -Isrc/protocol -I../src/protocol -fdiagnostics-color=always -D_FILE_OFFSET_BITS=64 -Wall -Winvalid-pch -std=gnu99 -O2 -m64 -march=x86-64 -mtune=generic -flto=auto -ffat-lto-objects -fPIC -MD -MQ src/protocol/libxdg-shell.a.p/meson-generated_.._xdg-shell.c.o -MF src/protocol/libxdg-shell.a.p/meson-generated_.._xdg-shell.c.o.d -o src/protocol/libxdg-shell.a.p/meson-generated_.._xdg-shell.c.o -c src/protocol/xdg-shell.c
[40/43] rm -f src/protocol/libxdg-shell.a && gcc-ar csrDT src/protocol/libxdg-shell.a src/protocol/libxdg-shell.a.p/meson-generated_.._xdg-shell.c.o
[41/43] rm -f src/libwl-clipboard.a && gcc-ar csrDT src/libwl-clipboard.a src/libwl-clipboard.a.p/util_string.c.o src/libwl-clipboard.a.p/util_files.c.o src/libwl-clipboard.a.p/util_misc.c.o src/libwl-clipboard.a.p/types_source.c.o src/libwl-clipboard.a.p/types_offer.c.o src/libwl-clipboard.a.p/types_device.c.o src/libwl-clipboard.a.p/types_device-manager.c.o src/libwl-clipboard.a.p/types_keyboard.c.o src/libwl-clipboard.a.p/types_seat.c.o src/libwl-clipboard.a.p/types_shell.c.o src/libwl-clipboard.a.p/types_shell-surface.c.o src/libwl-clipboard.a.p/types_popup-surface.c.o src/libwl-clipboard.a.p/types_registry.c.o src/libwl-clipboard.a.p/types_copy-action.c.o
[42/43] cc  -o src/wl-paste src/wl-paste.p/wl-paste.c.o -Wl,--as-needed -Wl,--no-undefined -pie -O2 -m64 -march=x86-64 -mtune=generic -flto=auto -ffat-lto-objects -Wl,--start-group src/libwl-clipboard.a src/protocol/libxdg-shell.a src/protocol/libwp-primary-selection.a src/protocol/libgtk-primary-selection.a src/protocol/libwlr-data-control.a src/protocol/libxdg-activation.a src/protocol/libgtk-shell.a /usr/lib/libwayland-client.so -Wl,--end-group
[43/43] cc  -o src/wl-copy src/wl-copy.p/wl-copy.c.o -Wl,--as-needed -Wl,--no-undefined -pie -O2 -m64 -march=x86-64 -mtune=generic -flto=auto -ffat-lto-objects -Wl,--start-group src/libwl-clipboard.a src/protocol/libxdg-shell.a src/protocol/libwp-primary-selection.a src/protocol/libgtk-primary-selection.a src/protocol/libwlr-data-control.a src/protocol/libxdg-activation.a src/protocol/libgtk-shell.a /usr/lib/libwayland-client.so -Wl,--end-group
INFO: autodetecting backend as ninja
INFO: calculating backend command to run: /usr/bin/ninja -C /home/devel/building/work/src/wl-clipboard-2.2.1/build -j 8 -v
+ DESTDIR=/home/devel/building/work/pkg
+ meson install --no-rebuild -C build
Installing src/wl-copy to /home/devel/building/work/pkg/usr/bin
Installing src/wl-paste to /home/devel/building/work/pkg/usr/bin
Installing /home/devel/building/work/src/wl-clipboard-2.2.1/data/wl-copy.1 to /home/devel/building/work/pkg/usr/share/man/man1
Installing /home/devel/building/work/src/wl-clipboard-2.2.1/data/wl-paste.1 to /home/devel/building/work/pkg/usr/share/man/man1
Installing /home/devel/building/work/src/wl-clipboard-2.2.1/data/wl-clipboard.1 to /home/devel/building/work/pkg/usr/share/man/man1
Installing /home/devel/building/work/src/wl-clipboard-2.2.1/completions/bash/wl-copy to /home/devel/building/work/pkg/usr/share/bash-completion/completions
Installing /home/devel/building/work/src/wl-clipboard-2.2.1/completions/bash/wl-paste to /home/devel/building/work/pkg/usr/share/bash-completion/completions
=======> Build result:
drwxr-xr-x  0 root   root        0 May  8 01:41 usr/
drwxr-xr-x  0 root   root        0 May  8 01:41 usr/bin/
drwxr-xr-x  0 root   root        0 May  8 01:41 usr/share/
drwxr-xr-x  0 root   root        0 May  8 01:41 usr/share/man/
drwxr-xr-x  0 root   root        0 May  8 01:41 usr/share/bash-completion/
drwxr-xr-x  0 root   root        0 May  8 01:41 usr/share/bash-completion/completions/
-rw-r--r--  0 root   root     1672 Aug 27  2023 usr/share/bash-completion/completions/wl-copy
-rw-r--r--  0 root   root     2551 Aug 27  2023 usr/share/bash-completion/completions/wl-paste
drwxr-xr-x  0 root   root        0 May  8 01:41 usr/share/man/man1/
-rw-r--r--  0 root   root       53 Aug 27  2023 usr/share/man/man1/wl-copy.1.gz
-rw-r--r--  0 root   root       54 Aug 27  2023 usr/share/man/man1/wl-paste.1.gz
-rw-r--r--  0 root   root     4230 Aug 27  2023 usr/share/man/man1/wl-clipboard.1.gz
-rwxr-xr-x  0 root   root    57016 May  8 01:41 usr/bin/wl-copy
-rwxr-xr-x  0 root   root    56984 May  8 01:41 usr/bin/wl-paste
=======> Building '/home/devel/packages/wl-clipboard#2.2.1-1.x86_64.pkg.tar.zst' succeeded.
prt-get: Using PKGMK_PACKAGE_DIR: /home/devel/packages
prt-get: reinstalling wl-clipboard 2.2.1-1
prt-get: /usr/bin/pkgadd -u wl-clipboard#2.2.1-1.x86_64.pkg.tar.zst
prt-get: build done Wed May  8 01:41:13 2024

