prt-get: updating /usr/ports/wayland-x86_64/wlr-randr
prt-get: starting build Wed May  8 01:41:13 2024
=======> Building '/home/devel/packages/wlr-randr#0.3.1-1.x86_64.pkg.tar.zst'.
bsdtar -p -o -C /home/devel/building/work/src -xf /home/devel/sources/wlr-randr-v0.3.1.tar.gz
+ build
+ cd wlr-randr-v0.3.1
+ build-meson . build
The Meson build system
Version: 1.4.0
Source dir: /home/devel/building/work/src/wlr-randr-v0.3.1
Build dir: /home/devel/building/work/src/wlr-randr-v0.3.1/build
Build type: native build
Project name: wlr-randr
Project version: 0.3.1
C compiler for the host machine: cc (gcc 14.1.0 "cc (SAUX-x86_64) 14.1.0")
C linker for the host machine: cc ld.bfd 2.42
Host machine cpu family: x86_64
Host machine cpu: x86_64
Compiler for C supports arguments -Wundef: YES 
Compiler for C supports arguments -Wlogical-op: YES 
Compiler for C supports arguments -Wmissing-include-dirs: YES 
Compiler for C supports arguments -Wold-style-definition: YES 
Compiler for C supports arguments -Wpointer-arith: YES 
Compiler for C supports arguments -Winit-self: YES 
Compiler for C supports arguments -Wfloat-equal: YES 
Compiler for C supports arguments -Wstrict-prototypes: YES 
Compiler for C supports arguments -Wredundant-decls: YES 
Compiler for C supports arguments -Wimplicit-fallthrough=2: YES 
Compiler for C supports arguments -Wendif-labels: YES 
Compiler for C supports arguments -Wstrict-aliasing=2: YES 
Compiler for C supports arguments -Woverflow: YES 
Compiler for C supports arguments -Wformat=2: YES 
Compiler for C supports arguments -Wno-missing-braces: YES 
Compiler for C supports arguments -Wno-missing-field-initializers: YES 
Compiler for C supports arguments -Wno-unused-parameter: YES 
Found pkg-config: YES (/usr/bin/pkg-config) 2.2.0
Run-time dependency wayland-client found: YES 1.22.0
Library m found: YES
Program wayland-scanner found: YES (/usr/bin/wayland-scanner)
Build targets in project: 2

wlr-randr 0.3.1

  User defined options
    auto_features     : auto
    bindir            : /usr/bin
    buildtype         : plain
    datadir           : /usr/share
    includedir        : /usr/include
    libdir            : /usr/lib
    libexecdir        : /usr/lib
    localstatedir     : /var
    mandir            : /usr/share/man
    prefix            : /usr
    sbindir           : /usr/sbin
    sharedstatedir    : /var/lib
    sysconfdir        : /etc
    werror            : false
    wrap_mode         : nodownload
    python.bytecompile: 0
    b_lto             : false
    b_pie             : true
    b_staticpic       : true

Found ninja-1.9 at /usr/bin/ninja
+ meson compile -j 8 -v -C build
ninja: entering directory '/home/devel/building/work/src/wlr-randr-v0.3.1/build'
[1/7] /usr/bin/wayland-scanner client-header ../protocol/wlr-output-management-unstable-v1.xml wlr-randr.p/wlr-output-management-unstable-v1-client-protocol.h
[2/7] /usr/bin/wayland-scanner client-header ../protocol/wlr-output-management-unstable-v1.xml protocol/libclient_protos.a.p/wlr-output-management-unstable-v1-client-protocol.h
[3/7] /usr/bin/wayland-scanner private-code ../protocol/wlr-output-management-unstable-v1.xml protocol/libclient_protos.a.p/wlr-output-management-unstable-v1-protocol.c
[4/7] cc -Iwlr-randr.p -I. -I.. -fdiagnostics-color=always -D_FILE_OFFSET_BITS=64 -Wall -Winvalid-pch -Wextra -Wpedantic -std=c99 -Wundef -Wlogical-op -Wmissing-include-dirs -Wold-style-definition -Wpointer-arith -Winit-self -Wfloat-equal -Wstrict-prototypes -Wredundant-decls -Wimplicit-fallthrough=2 -Wendif-labels -Wstrict-aliasing=2 -Woverflow -Wformat=2 -Wno-missing-braces -Wno-missing-field-initializers -Wno-unused-parameter -O2 -m64 -march=x86-64 -mtune=generic -flto=auto -ffat-lto-objects -fPIE -MD -MQ wlr-randr.p/main.c.o -MF wlr-randr.p/main.c.o.d -o wlr-randr.p/main.c.o -c ../main.c
[5/7] cc -Iprotocol/libclient_protos.a.p -Iprotocol -I../protocol -fdiagnostics-color=always -D_FILE_OFFSET_BITS=64 -Wall -Winvalid-pch -Wextra -Wpedantic -std=c99 -Wundef -Wlogical-op -Wmissing-include-dirs -Wold-style-definition -Wpointer-arith -Winit-self -Wfloat-equal -Wstrict-prototypes -Wredundant-decls -Wimplicit-fallthrough=2 -Wendif-labels -Wstrict-aliasing=2 -Woverflow -Wformat=2 -Wno-missing-braces -Wno-missing-field-initializers -Wno-unused-parameter -O2 -m64 -march=x86-64 -mtune=generic -flto=auto -ffat-lto-objects -fPIC -MD -MQ protocol/libclient_protos.a.p/meson-generated_wlr-output-management-unstable-v1-protocol.c.o -MF protocol/libclient_protos.a.p/meson-generated_wlr-output-management-unstable-v1-protocol.c.o.d -o protocol/libclient_protos.a.p/meson-generated_wlr-output-management-unstable-v1-protocol.c.o -c protocol/libclient_protos.a.p/wlr-output-management-unstable-v1-protocol.c
[6/7] rm -f protocol/libclient_protos.a && gcc-ar csrDT protocol/libclient_protos.a protocol/libclient_protos.a.p/meson-generated_wlr-output-management-unstable-v1-protocol.c.o
[7/7] cc  -o wlr-randr wlr-randr.p/main.c.o -Wl,--as-needed -Wl,--no-undefined -pie -O2 -m64 -march=x86-64 -mtune=generic -flto=auto -ffat-lto-objects -Wl,--start-group protocol/libclient_protos.a /usr/lib/libwayland-client.so -lm -Wl,--end-group
INFO: autodetecting backend as ninja
INFO: calculating backend command to run: /usr/bin/ninja -C /home/devel/building/work/src/wlr-randr-v0.3.1/build -j 8 -v
+ DESTDIR=/home/devel/building/work/pkg
+ meson install --no-rebuild -C build
Installing wlr-randr to /home/devel/building/work/pkg/usr/bin
=======> Build result:
drwxr-xr-x  0 root   root        0 May  8 01:41 usr/
drwxr-xr-x  0 root   root        0 May  8 01:41 usr/bin/
-rwxr-xr-x  0 root   root    27160 May  8 01:41 usr/bin/wlr-randr
=======> Building '/home/devel/packages/wlr-randr#0.3.1-1.x86_64.pkg.tar.zst' succeeded.
prt-get: Using PKGMK_PACKAGE_DIR: /home/devel/packages
prt-get: reinstalling wlr-randr 0.3.1-1
prt-get: /usr/bin/pkgadd -u wlr-randr#0.3.1-1.x86_64.pkg.tar.zst
prt-get: build done Wed May  8 01:41:14 2024

