prt-get: updating /usr/ports/opt-x86_64/x264
prt-get: starting build Thu Feb  1 20:18:15 2024
=======> Building '/home/devel/packages/x264#0.164.x.20221005-1.x86_64.pkg.tar.zst'.
bsdtar -p -o -C /home/devel/building/work/src -xf /home/devel/sources/x264-b093bbe7d9bc642c8f24067cbdcc73bb43562eab.tar.bz2
+ build
+ cd x264-b093bbe7d9bc642c8f24067cbdcc73bb43562eab
+ ./version.sh
+ grep X264_POINTVER
+ sed -r 's/^#define X264_POINTVER "([0-9]+\.[0-9]+)\.([0-9]+) (.*)"$/\1.r\2.\3/'
#define X264_POINTVER "0.164.x"
+ ./configure --host=x86_64-unknown-linux-gnu --prefix=/usr --system-libx264 --enable-shared --enable-lto --enable-pic --bit-depth=all
platform:       X86_64
byte order:     little-endian
system:         LINUX
cli:            yes
libx264:        system
shared:         yes
static:         no
bashcompletion: no
asm:            yes
interlaced:     yes
avs:            yes
lavf:           yes
ffms:           no
mp4:            lsmash
gpl:            yes
thread:         posix
opencl:         yes
filters:        resize crop select_every
lto:            yes
debug:          no
gprof:          no
strip:          no
PIC:            yes
bit depth:      all
chroma format:  all

You can run 'make' or 'make fprofiled' now.
+ make V=1
cat common/opencl/x264-cl.h common/opencl/bidir.cl common/opencl/downscale.cl common/opencl/intra.cl common/opencl/motionsearch.cl common/opencl/subpel.cl common/opencl/weightp.cl | ./tools/cltostr.sh common/oclobj.h
dependency file generation...
gcc -Wno-maybe-uninitialized -Wshadow -O3 -ffast-math -m64 -O2 -m64 -march=x86-64 -mtune=generic -flto=auto -ffat-lto-objects -Wall -I. -I. -std=gnu99 -D_GNU_SOURCE -mpreferred-stack-boundary=6       -fPIC -fomit-frame-pointer -flto -fno-tree-vectorize -fvisibility=hidden  -DX264_API_IMPORTS -c x264.c -o x264.o
gcc -Wno-maybe-uninitialized -Wshadow -O3 -ffast-math -m64 -O2 -m64 -march=x86-64 -mtune=generic -flto=auto -ffat-lto-objects -Wall -I. -I. -std=gnu99 -D_GNU_SOURCE -mpreferred-stack-boundary=6       -fPIC -fomit-frame-pointer -flto -fno-tree-vectorize -fvisibility=hidden  -DX264_API_IMPORTS -c autocomplete.c -o autocomplete.o
gcc -Wno-maybe-uninitialized -Wshadow -O3 -ffast-math -m64 -O2 -m64 -march=x86-64 -mtune=generic -flto=auto -ffat-lto-objects -Wall -I. -I. -std=gnu99 -D_GNU_SOURCE -mpreferred-stack-boundary=6       -fPIC -fomit-frame-pointer -flto -fno-tree-vectorize -fvisibility=hidden  -DX264_API_IMPORTS -c input/input.c -o input/input.o
gcc -Wno-maybe-uninitialized -Wshadow -O3 -ffast-math -m64 -O2 -m64 -march=x86-64 -mtune=generic -flto=auto -ffat-lto-objects -Wall -I. -I. -std=gnu99 -D_GNU_SOURCE -mpreferred-stack-boundary=6       -fPIC -fomit-frame-pointer -flto -fno-tree-vectorize -fvisibility=hidden  -DX264_API_IMPORTS -c input/timecode.c -o input/timecode.o
gcc -Wno-maybe-uninitialized -Wshadow -O3 -ffast-math -m64 -O2 -m64 -march=x86-64 -mtune=generic -flto=auto -ffat-lto-objects -Wall -I. -I. -std=gnu99 -D_GNU_SOURCE -mpreferred-stack-boundary=6       -fPIC -fomit-frame-pointer -flto -fno-tree-vectorize -fvisibility=hidden  -DX264_API_IMPORTS -c input/raw.c -o input/raw.o
gcc -Wno-maybe-uninitialized -Wshadow -O3 -ffast-math -m64 -O2 -m64 -march=x86-64 -mtune=generic -flto=auto -ffat-lto-objects -Wall -I. -I. -std=gnu99 -D_GNU_SOURCE -mpreferred-stack-boundary=6       -fPIC -fomit-frame-pointer -flto -fno-tree-vectorize -fvisibility=hidden  -DX264_API_IMPORTS -c input/y4m.c -o input/y4m.o
gcc -Wno-maybe-uninitialized -Wshadow -O3 -ffast-math -m64 -O2 -m64 -march=x86-64 -mtune=generic -flto=auto -ffat-lto-objects -Wall -I. -I. -std=gnu99 -D_GNU_SOURCE -mpreferred-stack-boundary=6       -fPIC -fomit-frame-pointer -flto -fno-tree-vectorize -fvisibility=hidden  -DX264_API_IMPORTS -c output/raw.c -o output/raw.o
gcc -Wno-maybe-uninitialized -Wshadow -O3 -ffast-math -m64 -O2 -m64 -march=x86-64 -mtune=generic -flto=auto -ffat-lto-objects -Wall -I. -I. -std=gnu99 -D_GNU_SOURCE -mpreferred-stack-boundary=6       -fPIC -fomit-frame-pointer -flto -fno-tree-vectorize -fvisibility=hidden  -DX264_API_IMPORTS -c output/matroska.c -o output/matroska.o
gcc -Wno-maybe-uninitialized -Wshadow -O3 -ffast-math -m64 -O2 -m64 -march=x86-64 -mtune=generic -flto=auto -ffat-lto-objects -Wall -I. -I. -std=gnu99 -D_GNU_SOURCE -mpreferred-stack-boundary=6       -fPIC -fomit-frame-pointer -flto -fno-tree-vectorize -fvisibility=hidden  -DX264_API_IMPORTS -c output/matroska_ebml.c -o output/matroska_ebml.o
gcc -Wno-maybe-uninitialized -Wshadow -O3 -ffast-math -m64 -O2 -m64 -march=x86-64 -mtune=generic -flto=auto -ffat-lto-objects -Wall -I. -I. -std=gnu99 -D_GNU_SOURCE -mpreferred-stack-boundary=6       -fPIC -fomit-frame-pointer -flto -fno-tree-vectorize -fvisibility=hidden  -DX264_API_IMPORTS -c output/flv.c -o output/flv.o
gcc -Wno-maybe-uninitialized -Wshadow -O3 -ffast-math -m64 -O2 -m64 -march=x86-64 -mtune=generic -flto=auto -ffat-lto-objects -Wall -I. -I. -std=gnu99 -D_GNU_SOURCE -mpreferred-stack-boundary=6       -fPIC -fomit-frame-pointer -flto -fno-tree-vectorize -fvisibility=hidden  -DX264_API_IMPORTS -c output/flv_bytestream.c -o output/flv_bytestream.o
gcc -Wno-maybe-uninitialized -Wshadow -O3 -ffast-math -m64 -O2 -m64 -march=x86-64 -mtune=generic -flto=auto -ffat-lto-objects -Wall -I. -I. -std=gnu99 -D_GNU_SOURCE -mpreferred-stack-boundary=6       -fPIC -fomit-frame-pointer -flto -fno-tree-vectorize -fvisibility=hidden  -DX264_API_IMPORTS -c filters/filters.c -o filters/filters.o
gcc -Wno-maybe-uninitialized -Wshadow -O3 -ffast-math -m64 -O2 -m64 -march=x86-64 -mtune=generic -flto=auto -ffat-lto-objects -Wall -I. -I. -std=gnu99 -D_GNU_SOURCE -mpreferred-stack-boundary=6       -fPIC -fomit-frame-pointer -flto -fno-tree-vectorize -fvisibility=hidden  -DX264_API_IMPORTS -c filters/video/video.c -o filters/video/video.o
gcc -Wno-maybe-uninitialized -Wshadow -O3 -ffast-math -m64 -O2 -m64 -march=x86-64 -mtune=generic -flto=auto -ffat-lto-objects -Wall -I. -I. -std=gnu99 -D_GNU_SOURCE -mpreferred-stack-boundary=6       -fPIC -fomit-frame-pointer -flto -fno-tree-vectorize -fvisibility=hidden  -DX264_API_IMPORTS -c filters/video/source.c -o filters/video/source.o
input/timecode.c: In function 'parse_tcfile':
input/timecode.c:269:20: warning: argument 1 range [18446744056529682432, 18446744073709551600] exceeds maximum object size 9223372036854775807 [-Walloc-size-larger-than=]
  269 |             fpss = malloc( (timecodes_num - 1) * sizeof(double) );
      |                    ^~~~~~~~~~~~~~~~~~~~~~~~~~~~~~~~~~~~~~~~~~~~~~
In file included from ./common/osdep.h:37,
                 from ./common/base.h:43,
                 from ./x264cli.h:30,
                 from input/input.h:31,
                 from input/timecode.c:26:
/usr/include/stdlib.h:672:14: note: in a call to allocation function 'malloc' declared here
  672 | extern void *malloc (size_t __size) __THROW __attribute_malloc__
      |              ^~~~~~
gcc -Wno-maybe-uninitialized -Wshadow -O3 -ffast-math -m64 -O2 -m64 -march=x86-64 -mtune=generic -flto=auto -ffat-lto-objects -Wall -I. -I. -std=gnu99 -D_GNU_SOURCE -mpreferred-stack-boundary=6       -fPIC -fomit-frame-pointer -flto -fno-tree-vectorize -fvisibility=hidden  -DX264_API_IMPORTS -c filters/video/internal.c -o filters/video/internal.o
gcc -Wno-maybe-uninitialized -Wshadow -O3 -ffast-math -m64 -O2 -m64 -march=x86-64 -mtune=generic -flto=auto -ffat-lto-objects -Wall -I. -I. -std=gnu99 -D_GNU_SOURCE -mpreferred-stack-boundary=6       -fPIC -fomit-frame-pointer -flto -fno-tree-vectorize -fvisibility=hidden  -DX264_API_IMPORTS -c filters/video/resize.c -o filters/video/resize.o
gcc -Wno-maybe-uninitialized -Wshadow -O3 -ffast-math -m64 -O2 -m64 -march=x86-64 -mtune=generic -flto=auto -ffat-lto-objects -Wall -I. -I. -std=gnu99 -D_GNU_SOURCE -mpreferred-stack-boundary=6       -fPIC -fomit-frame-pointer -flto -fno-tree-vectorize -fvisibility=hidden  -DX264_API_IMPORTS -c filters/video/fix_vfr_pts.c -o filters/video/fix_vfr_pts.o
gcc -Wno-maybe-uninitialized -Wshadow -O3 -ffast-math -m64 -O2 -m64 -march=x86-64 -mtune=generic -flto=auto -ffat-lto-objects -Wall -I. -I. -std=gnu99 -D_GNU_SOURCE -mpreferred-stack-boundary=6       -fPIC -fomit-frame-pointer -flto -fno-tree-vectorize -fvisibility=hidden  -DX264_API_IMPORTS -c filters/video/select_every.c -o filters/video/select_every.o
gcc -Wno-maybe-uninitialized -Wshadow -O3 -ffast-math -m64 -O2 -m64 -march=x86-64 -mtune=generic -flto=auto -ffat-lto-objects -Wall -I. -I. -std=gnu99 -D_GNU_SOURCE -mpreferred-stack-boundary=6       -fPIC -fomit-frame-pointer -flto -fno-tree-vectorize -fvisibility=hidden  -DX264_API_IMPORTS -c filters/video/crop.c -o filters/video/crop.o
gcc -Wno-maybe-uninitialized -Wshadow -O3 -ffast-math -m64 -O2 -m64 -march=x86-64 -mtune=generic -flto=auto -ffat-lto-objects -Wall -I. -I. -std=gnu99 -D_GNU_SOURCE -mpreferred-stack-boundary=6       -fPIC -fomit-frame-pointer -flto -fno-tree-vectorize -fvisibility=hidden  -DX264_API_IMPORTS -c input/avs.c -o input/avs.o
gcc -Wno-maybe-uninitialized -Wshadow -O3 -ffast-math -m64 -O2 -m64 -march=x86-64 -mtune=generic -flto=auto -ffat-lto-objects -Wall -I. -I. -std=gnu99 -D_GNU_SOURCE -mpreferred-stack-boundary=6       -fPIC -fomit-frame-pointer -flto -fno-tree-vectorize -fvisibility=hidden  -DX264_API_IMPORTS -c input/lavf.c -o input/lavf.o
gcc -Wno-maybe-uninitialized -Wshadow -O3 -ffast-math -m64 -O2 -m64 -march=x86-64 -mtune=generic -flto=auto -ffat-lto-objects -Wall -I. -I. -std=gnu99 -D_GNU_SOURCE -mpreferred-stack-boundary=6       -fPIC -fomit-frame-pointer -flto -fno-tree-vectorize -fvisibility=hidden  -DX264_API_IMPORTS -c output/mp4_lsmash.c -o output/mp4_lsmash.o
gcc -Wno-maybe-uninitialized -Wshadow -O3 -ffast-math -m64 -O2 -m64 -march=x86-64 -mtune=generic -flto=auto -ffat-lto-objects -Wall -I. -I. -std=gnu99 -D_GNU_SOURCE -mpreferred-stack-boundary=6       -fPIC -fomit-frame-pointer -flto -fno-tree-vectorize -fvisibility=hidden  -DX264_API_IMPORTS -c filters/video/cache.c -o filters/video/cache-8.o -DHIGH_BIT_DEPTH=0 -DBIT_DEPTH=8
gcc -Wno-maybe-uninitialized -Wshadow -O3 -ffast-math -m64 -O2 -m64 -march=x86-64 -mtune=generic -flto=auto -ffat-lto-objects -Wall -I. -I. -std=gnu99 -D_GNU_SOURCE -mpreferred-stack-boundary=6       -fPIC -fomit-frame-pointer -flto -fno-tree-vectorize -fvisibility=hidden  -DX264_API_IMPORTS -c filters/video/depth.c -o filters/video/depth-8.o -DHIGH_BIT_DEPTH=0 -DBIT_DEPTH=8
input/lavf.c: In function 'codec_from_stream':
input/lavf.c:65:22: warning: initialization discards 'const' qualifier from pointer target type [-Wdiscarded-qualifiers]
   65 |     AVCodec *codec = avcodec_find_decoder( stream->codecpar->codec_id );
      |                      ^~~~~~~~~~~~~~~~~~~~
input/lavf.c: In function 'read_frame_internal':
input/lavf.c:144:9: warning: 'interlaced_frame' is deprecated [-Wdeprecated-declarations]
  144 |         info->interlaced = h->frame->interlaced_frame;
      |         ^~~~
In file included from /usr/include/libavformat/avformat.h:327,
                 from input/lavf.c:30:
/usr/include/libavutil/frame.h:530:9: note: declared here
  530 |     int interlaced_frame;
      |         ^~~~~~~~~~~~~~~~
input/lavf.c:145:9: warning: 'top_field_first' is deprecated [-Wdeprecated-declarations]
  145 |         info->tff        = h->frame->top_field_first;
      |         ^~~~
/usr/include/libavutil/frame.h:538:9: note: declared here
  538 |     int top_field_first;
      |         ^~~~~~~~~~~~~~~
In file included from input/input.h:31,
                 from input/lavf.c:27:
input/lavf.c: In function 'open_file':
input/lavf.c:192:33: warning: assignment discards 'const' qualifier from pointer target type [-Wdiscarded-qualifiers]
  192 |         FAIL_IF_ERROR( !(format = av_find_input_format( opt->format )), "unknown file format: %s\n", opt->format );
      |                                 ^
./x264cli.h:90:9: note: in definition of macro 'RETURN_IF_ERR'
   90 |     if( cond )\
      |         ^~~~
input/lavf.c:37:36: note: in expansion of macro 'FAIL_IF_ERR'
   37 | #define FAIL_IF_ERROR( cond, ... ) FAIL_IF_ERR( cond, "lavf", __VA_ARGS__ )
      |                                    ^~~~~~~~~~~
input/lavf.c:192:9: note: in expansion of macro 'FAIL_IF_ERROR'
  192 |         FAIL_IF_ERROR( !(format = av_find_input_format( opt->format )), "unknown file format: %s\n", opt->format );
      |         ^~~~~~~~~~~~~
gcc -Wno-maybe-uninitialized -Wshadow -O3 -ffast-math -m64 -O2 -m64 -march=x86-64 -mtune=generic -flto=auto -ffat-lto-objects -Wall -I. -I. -std=gnu99 -D_GNU_SOURCE -mpreferred-stack-boundary=6       -fPIC -fomit-frame-pointer -flto -fno-tree-vectorize -fvisibility=hidden  -DX264_API_IMPORTS -c input/thread.c -o input/thread-8.o -DHIGH_BIT_DEPTH=0 -DBIT_DEPTH=8
gcc -Wno-maybe-uninitialized -Wshadow -O3 -ffast-math -m64 -O2 -m64 -march=x86-64 -mtune=generic -flto=auto -ffat-lto-objects -Wall -I. -I. -std=gnu99 -D_GNU_SOURCE -mpreferred-stack-boundary=6       -fPIC -fomit-frame-pointer -flto -fno-tree-vectorize -fvisibility=hidden  -DX264_API_IMPORTS -c filters/video/cache.c -o filters/video/cache-10.o -DHIGH_BIT_DEPTH=1 -DBIT_DEPTH=10
gcc -Wno-maybe-uninitialized -Wshadow -O3 -ffast-math -m64 -O2 -m64 -march=x86-64 -mtune=generic -flto=auto -ffat-lto-objects -Wall -I. -I. -std=gnu99 -D_GNU_SOURCE -mpreferred-stack-boundary=6       -fPIC -fomit-frame-pointer -flto -fno-tree-vectorize -fvisibility=hidden  -DX264_API_IMPORTS -c filters/video/depth.c -o filters/video/depth-10.o -DHIGH_BIT_DEPTH=1 -DBIT_DEPTH=10
gcc -Wno-maybe-uninitialized -Wshadow -O3 -ffast-math -m64 -O2 -m64 -march=x86-64 -mtune=generic -flto=auto -ffat-lto-objects -Wall -I. -I. -std=gnu99 -D_GNU_SOURCE -mpreferred-stack-boundary=6       -fPIC -fomit-frame-pointer -flto -fno-tree-vectorize -fvisibility=hidden  -DX264_API_IMPORTS -c input/thread.c -o input/thread-10.o -DHIGH_BIT_DEPTH=1 -DBIT_DEPTH=10
gcc -Wno-maybe-uninitialized -Wshadow -O3 -ffast-math -m64 -O2 -m64 -march=x86-64 -mtune=generic -flto=auto -ffat-lto-objects -Wall -I. -I. -std=gnu99 -D_GNU_SOURCE -mpreferred-stack-boundary=6       -fPIC -fomit-frame-pointer -flto -fno-tree-vectorize -fvisibility=hidden  -DX264_API_EXPORTS -c common/osdep.c -o common/osdep.o
gcc -Wno-maybe-uninitialized -Wshadow -O3 -ffast-math -m64 -O2 -m64 -march=x86-64 -mtune=generic -flto=auto -ffat-lto-objects -Wall -I. -I. -std=gnu99 -D_GNU_SOURCE -mpreferred-stack-boundary=6       -fPIC -fomit-frame-pointer -flto -fno-tree-vectorize -fvisibility=hidden  -DX264_API_EXPORTS -c common/base.c -o common/base.o
gcc -Wno-maybe-uninitialized -Wshadow -O3 -ffast-math -m64 -O2 -m64 -march=x86-64 -mtune=generic -flto=auto -ffat-lto-objects -Wall -I. -I. -std=gnu99 -D_GNU_SOURCE -mpreferred-stack-boundary=6       -fPIC -fomit-frame-pointer -flto -fno-tree-vectorize -fvisibility=hidden  -DX264_API_EXPORTS -c common/cpu.c -o common/cpu.o
gcc -Wno-maybe-uninitialized -Wshadow -O3 -ffast-math -m64 -O2 -m64 -march=x86-64 -mtune=generic -flto=auto -ffat-lto-objects -Wall -I. -I. -std=gnu99 -D_GNU_SOURCE -mpreferred-stack-boundary=6       -fPIC -fomit-frame-pointer -flto -fno-tree-vectorize -fvisibility=hidden  -DX264_API_EXPORTS -c common/tables.c -o common/tables.o
gcc -Wno-maybe-uninitialized -Wshadow -O3 -ffast-math -m64 -O2 -m64 -march=x86-64 -mtune=generic -flto=auto -ffat-lto-objects -Wall -I. -I. -std=gnu99 -D_GNU_SOURCE -mpreferred-stack-boundary=6       -fPIC -fomit-frame-pointer -flto -fno-tree-vectorize -fvisibility=hidden  -DX264_API_EXPORTS -c encoder/api.c -o encoder/api.o
gcc -Wno-maybe-uninitialized -Wshadow -O3 -ffast-math -m64 -O2 -m64 -march=x86-64 -mtune=generic -flto=auto -ffat-lto-objects -Wall -I. -I. -std=gnu99 -D_GNU_SOURCE -mpreferred-stack-boundary=6       -fPIC -fomit-frame-pointer -flto -fno-tree-vectorize -fvisibility=hidden  -DX264_API_EXPORTS -c common/mc.c -o common/mc-8.o -DHIGH_BIT_DEPTH=0 -DBIT_DEPTH=8
gcc -Wno-maybe-uninitialized -Wshadow -O3 -ffast-math -m64 -O2 -m64 -march=x86-64 -mtune=generic -flto=auto -ffat-lto-objects -Wall -I. -I. -std=gnu99 -D_GNU_SOURCE -mpreferred-stack-boundary=6       -fPIC -fomit-frame-pointer -flto -fno-tree-vectorize -fvisibility=hidden  -DX264_API_EXPORTS -c common/predict.c -o common/predict-8.o -DHIGH_BIT_DEPTH=0 -DBIT_DEPTH=8
gcc -Wno-maybe-uninitialized -Wshadow -O3 -ffast-math -m64 -O2 -m64 -march=x86-64 -mtune=generic -flto=auto -ffat-lto-objects -Wall -I. -I. -std=gnu99 -D_GNU_SOURCE -mpreferred-stack-boundary=6       -fPIC -fomit-frame-pointer -flto -fno-tree-vectorize -fvisibility=hidden  -DX264_API_EXPORTS -c common/pixel.c -o common/pixel-8.o -DHIGH_BIT_DEPTH=0 -DBIT_DEPTH=8
gcc -Wno-maybe-uninitialized -Wshadow -O3 -ffast-math -m64 -O2 -m64 -march=x86-64 -mtune=generic -flto=auto -ffat-lto-objects -Wall -I. -I. -std=gnu99 -D_GNU_SOURCE -mpreferred-stack-boundary=6       -fPIC -fomit-frame-pointer -flto -fno-tree-vectorize -fvisibility=hidden  -DX264_API_EXPORTS -c common/macroblock.c -o common/macroblock-8.o -DHIGH_BIT_DEPTH=0 -DBIT_DEPTH=8
gcc -Wno-maybe-uninitialized -Wshadow -O3 -ffast-math -m64 -O2 -m64 -march=x86-64 -mtune=generic -flto=auto -ffat-lto-objects -Wall -I. -I. -std=gnu99 -D_GNU_SOURCE -mpreferred-stack-boundary=6       -fPIC -fomit-frame-pointer -flto -fno-tree-vectorize -fvisibility=hidden  -DX264_API_EXPORTS -c common/frame.c -o common/frame-8.o -DHIGH_BIT_DEPTH=0 -DBIT_DEPTH=8
gcc -Wno-maybe-uninitialized -Wshadow -O3 -ffast-math -m64 -O2 -m64 -march=x86-64 -mtune=generic -flto=auto -ffat-lto-objects -Wall -I. -I. -std=gnu99 -D_GNU_SOURCE -mpreferred-stack-boundary=6       -fPIC -fomit-frame-pointer -flto -fno-tree-vectorize -fvisibility=hidden  -DX264_API_EXPORTS -c common/dct.c -o common/dct-8.o -DHIGH_BIT_DEPTH=0 -DBIT_DEPTH=8
gcc -Wno-maybe-uninitialized -Wshadow -O3 -ffast-math -m64 -O2 -m64 -march=x86-64 -mtune=generic -flto=auto -ffat-lto-objects -Wall -I. -I. -std=gnu99 -D_GNU_SOURCE -mpreferred-stack-boundary=6       -fPIC -fomit-frame-pointer -flto -fno-tree-vectorize -fvisibility=hidden  -DX264_API_EXPORTS -c common/cabac.c -o common/cabac-8.o -DHIGH_BIT_DEPTH=0 -DBIT_DEPTH=8
gcc -Wno-maybe-uninitialized -Wshadow -O3 -ffast-math -m64 -O2 -m64 -march=x86-64 -mtune=generic -flto=auto -ffat-lto-objects -Wall -I. -I. -std=gnu99 -D_GNU_SOURCE -mpreferred-stack-boundary=6       -fPIC -fomit-frame-pointer -flto -fno-tree-vectorize -fvisibility=hidden  -DX264_API_EXPORTS -c common/common.c -o common/common-8.o -DHIGH_BIT_DEPTH=0 -DBIT_DEPTH=8
gcc -Wno-maybe-uninitialized -Wshadow -O3 -ffast-math -m64 -O2 -m64 -march=x86-64 -mtune=generic -flto=auto -ffat-lto-objects -Wall -I. -I. -std=gnu99 -D_GNU_SOURCE -mpreferred-stack-boundary=6       -fPIC -fomit-frame-pointer -flto -fno-tree-vectorize -fvisibility=hidden  -DX264_API_EXPORTS -c common/rectangle.c -o common/rectangle-8.o -DHIGH_BIT_DEPTH=0 -DBIT_DEPTH=8
gcc -Wno-maybe-uninitialized -Wshadow -O3 -ffast-math -m64 -O2 -m64 -march=x86-64 -mtune=generic -flto=auto -ffat-lto-objects -Wall -I. -I. -std=gnu99 -D_GNU_SOURCE -mpreferred-stack-boundary=6       -fPIC -fomit-frame-pointer -flto -fno-tree-vectorize -fvisibility=hidden  -DX264_API_EXPORTS -c common/set.c -o common/set-8.o -DHIGH_BIT_DEPTH=0 -DBIT_DEPTH=8
gcc -Wno-maybe-uninitialized -Wshadow -O3 -ffast-math -m64 -O2 -m64 -march=x86-64 -mtune=generic -flto=auto -ffat-lto-objects -Wall -I. -I. -std=gnu99 -D_GNU_SOURCE -mpreferred-stack-boundary=6       -fPIC -fomit-frame-pointer -flto -fno-tree-vectorize -fvisibility=hidden  -DX264_API_EXPORTS -c common/quant.c -o common/quant-8.o -DHIGH_BIT_DEPTH=0 -DBIT_DEPTH=8
gcc -Wno-maybe-uninitialized -Wshadow -O3 -ffast-math -m64 -O2 -m64 -march=x86-64 -mtune=generic -flto=auto -ffat-lto-objects -Wall -I. -I. -std=gnu99 -D_GNU_SOURCE -mpreferred-stack-boundary=6       -fPIC -fomit-frame-pointer -flto -fno-tree-vectorize -fvisibility=hidden  -DX264_API_EXPORTS -c common/deblock.c -o common/deblock-8.o -DHIGH_BIT_DEPTH=0 -DBIT_DEPTH=8
gcc -Wno-maybe-uninitialized -Wshadow -O3 -ffast-math -m64 -O2 -m64 -march=x86-64 -mtune=generic -flto=auto -ffat-lto-objects -Wall -I. -I. -std=gnu99 -D_GNU_SOURCE -mpreferred-stack-boundary=6       -fPIC -fomit-frame-pointer -flto -fno-tree-vectorize -fvisibility=hidden  -DX264_API_EXPORTS -c common/vlc.c -o common/vlc-8.o -DHIGH_BIT_DEPTH=0 -DBIT_DEPTH=8
gcc -Wno-maybe-uninitialized -Wshadow -O3 -ffast-math -m64 -O2 -m64 -march=x86-64 -mtune=generic -flto=auto -ffat-lto-objects -Wall -I. -I. -std=gnu99 -D_GNU_SOURCE -mpreferred-stack-boundary=6       -fPIC -fomit-frame-pointer -flto -fno-tree-vectorize -fvisibility=hidden  -DX264_API_EXPORTS -c common/mvpred.c -o common/mvpred-8.o -DHIGH_BIT_DEPTH=0 -DBIT_DEPTH=8
gcc -Wno-maybe-uninitialized -Wshadow -O3 -ffast-math -m64 -O2 -m64 -march=x86-64 -mtune=generic -flto=auto -ffat-lto-objects -Wall -I. -I. -std=gnu99 -D_GNU_SOURCE -mpreferred-stack-boundary=6       -fPIC -fomit-frame-pointer -flto -fno-tree-vectorize -fvisibility=hidden  -DX264_API_EXPORTS -c common/bitstream.c -o common/bitstream-8.o -DHIGH_BIT_DEPTH=0 -DBIT_DEPTH=8
gcc -Wno-maybe-uninitialized -Wshadow -O3 -ffast-math -m64 -O2 -m64 -march=x86-64 -mtune=generic -flto=auto -ffat-lto-objects -Wall -I. -I. -std=gnu99 -D_GNU_SOURCE -mpreferred-stack-boundary=6       -fPIC -fomit-frame-pointer -flto -fno-tree-vectorize -fvisibility=hidden  -DX264_API_EXPORTS -c encoder/analyse.c -o encoder/analyse-8.o -DHIGH_BIT_DEPTH=0 -DBIT_DEPTH=8
gcc -Wno-maybe-uninitialized -Wshadow -O3 -ffast-math -m64 -O2 -m64 -march=x86-64 -mtune=generic -flto=auto -ffat-lto-objects -Wall -I. -I. -std=gnu99 -D_GNU_SOURCE -mpreferred-stack-boundary=6       -fPIC -fomit-frame-pointer -flto -fno-tree-vectorize -fvisibility=hidden  -DX264_API_EXPORTS -c encoder/me.c -o encoder/me-8.o -DHIGH_BIT_DEPTH=0 -DBIT_DEPTH=8
gcc -Wno-maybe-uninitialized -Wshadow -O3 -ffast-math -m64 -O2 -m64 -march=x86-64 -mtune=generic -flto=auto -ffat-lto-objects -Wall -I. -I. -std=gnu99 -D_GNU_SOURCE -mpreferred-stack-boundary=6       -fPIC -fomit-frame-pointer -flto -fno-tree-vectorize -fvisibility=hidden  -DX264_API_EXPORTS -c encoder/ratecontrol.c -o encoder/ratecontrol-8.o -DHIGH_BIT_DEPTH=0 -DBIT_DEPTH=8
gcc -Wno-maybe-uninitialized -Wshadow -O3 -ffast-math -m64 -O2 -m64 -march=x86-64 -mtune=generic -flto=auto -ffat-lto-objects -Wall -I. -I. -std=gnu99 -D_GNU_SOURCE -mpreferred-stack-boundary=6       -fPIC -fomit-frame-pointer -flto -fno-tree-vectorize -fvisibility=hidden  -DX264_API_EXPORTS -c encoder/set.c -o encoder/set-8.o -DHIGH_BIT_DEPTH=0 -DBIT_DEPTH=8
gcc -Wno-maybe-uninitialized -Wshadow -O3 -ffast-math -m64 -O2 -m64 -march=x86-64 -mtune=generic -flto=auto -ffat-lto-objects -Wall -I. -I. -std=gnu99 -D_GNU_SOURCE -mpreferred-stack-boundary=6       -fPIC -fomit-frame-pointer -flto -fno-tree-vectorize -fvisibility=hidden  -DX264_API_EXPORTS -c encoder/macroblock.c -o encoder/macroblock-8.o -DHIGH_BIT_DEPTH=0 -DBIT_DEPTH=8
In file included from encoder/analyse.c:33:
encoder/rdo.c: In function 'quant_trellis_cabac':
encoder/rdo.c:834:27: warning: dangling pointer to 'ssd1' may be used [-Wdangling-pointer=]
  834 |             ssd0[k] = ssd1[k];\
      |                       ~~~~^~~
encoder/rdo.c:815:27: note: 'ssd1' declared here
  815 |         uint64_t ssd0[2], ssd1[2];\
      |                           ^~~~
encoder/rdo.c:847:17: warning: dangling pointer to 'ssd1' may be used [-Wdangling-pointer=]
  847 |             ssd1[0] += (uint64_t)cost_siglast[0] * lambda2 >> ( CABAC_SIZE_BITS - LAMBDA_BITS );\
      |             ~~~~^~~
encoder/rdo.c:815:27: note: 'ssd1' declared here
  815 |         uint64_t ssd0[2], ssd1[2];\
      |                           ^~~~
encoder/rdo.c:847:46: warning: dangling pointer to 'cost_siglast' may be used [-Wdangling-pointer=]
  847 |             ssd1[0] += (uint64_t)cost_siglast[0] * lambda2 >> ( CABAC_SIZE_BITS - LAMBDA_BITS );\
      |                                  ~~~~~~~~~~~~^~~
encoder/rdo.c:789:13: note: 'cost_siglast' declared here
  789 |         int cost_siglast[3]; /* { zero, nonzero, nonzero-and-last } */\
      |             ^~~~~~~~~~~~
encoder/rdo.c:848:55: warning: dangling pointer to 'ssd0' may be used [-Wdangling-pointer=]
  848 |             levels_used = trellis_coef0_##ctx_hi( ssd0[0]-ssd1[0], nodes_cur, nodes_prev, level_tree, levels_used );\
      |                                                   ~~~~^~~
encoder/rdo.c:815:18: note: 'ssd0' declared here
  815 |         uint64_t ssd0[2], ssd1[2];\
      |                  ^~~~
encoder/rdo.c:848:63: warning: dangling pointer to 'ssd1' may be used [-Wdangling-pointer=]
  848 |             levels_used = trellis_coef0_##ctx_hi( ssd0[0]-ssd1[0], nodes_cur, nodes_prev, level_tree, levels_used );\
      |                                                           ~~~~^~~
encoder/rdo.c:815:27: note: 'ssd1' declared here
  815 |         uint64_t ssd0[2], ssd1[2];\
      |                           ^~~~
encoder/rdo.c:849:72: warning: dangling pointer to 'ssd1' may be used [-Wdangling-pointer=]
  849 |             levels_used = trellis_coef1_##ctx_hi( ssd0[1]-ssd1[0], ssd1[1]-ssd1[0], cost_siglast, nodes_cur, nodes_prev, level_tree, levels_used, lambda2, level_state );\
      |                                                                    ~~~~^~~
encoder/rdo.c:815:27: note: 'ssd1' declared here
  815 |         uint64_t ssd0[2], ssd1[2];\
      |                           ^~~~
encoder/rdo.c:849:80: warning: dangling pointer to 'ssd1' may be used [-Wdangling-pointer=]
  849 |             levels_used = trellis_coef1_##ctx_hi( ssd0[1]-ssd1[0], ssd1[1]-ssd1[0], cost_siglast, nodes_cur, nodes_prev, level_tree, levels_used, lambda2, level_state );\
      |                                                                            ~~~~^~~
encoder/rdo.c:815:27: note: 'ssd1' declared here
  815 |         uint64_t ssd0[2], ssd1[2];\
      |                           ^~~~
encoder/rdo.c:849:55: warning: dangling pointer to 'ssd0' may be used [-Wdangling-pointer=]
  849 |             levels_used = trellis_coef1_##ctx_hi( ssd0[1]-ssd1[0], ssd1[1]-ssd1[0], cost_siglast, nodes_cur, nodes_prev, level_tree, levels_used, lambda2, level_state );\
      |                                                   ~~~~^~~
encoder/rdo.c:815:18: note: 'ssd0' declared here
  815 |         uint64_t ssd0[2], ssd1[2];\
      |                  ^~~~
encoder/rdo.c:849:63: warning: dangling pointer to 'ssd1' may be used [-Wdangling-pointer=]
  849 |             levels_used = trellis_coef1_##ctx_hi( ssd0[1]-ssd1[0], ssd1[1]-ssd1[0], cost_siglast, nodes_cur, nodes_prev, level_tree, levels_used, lambda2, level_state );\
      |                                                           ~~~~^~~
encoder/rdo.c:815:27: note: 'ssd1' declared here
  815 |         uint64_t ssd0[2], ssd1[2];\
      |                           ^~~~
encoder/rdo.c:852:27: warning: dangling pointer to 'ssd1' may be used [-Wdangling-pointer=]
  852 |             levels_used = trellis_coef1_##ctx_hi( ssd0[0], ssd1[0], cost_siglast, nodes_cur, nodes_prev, level_tree, levels_used, lambda2, level_state );\
      |                           ^~~~~~~~~~~~~~~~~~~~~~~~~~~~~~~~~~~~~~~~~~~~~~~~~~~~~~~~~~~~~~~~~~~~~~~~~~~~~~~~~~~~~~~~~~~~~~~~~~~~~~~~~~~~~~~~~~~~~~~~~~~~~~
encoder/rdo.c:815:27: note: 'ssd1' declared here
  815 |         uint64_t ssd0[2], ssd1[2];\
      |                           ^~~~
encoder/rdo.c:852:27: warning: dangling pointer to 'ssd0' may be used [-Wdangling-pointer=]
  852 |             levels_used = trellis_coef1_##ctx_hi( ssd0[0], ssd1[0], cost_siglast, nodes_cur, nodes_prev, level_tree, levels_used, lambda2, level_state );\
      |                           ^~~~~~~~~~~~~~~~~~~~~~~~~~~~~~~~~~~~~~~~~~~~~~~~~~~~~~~~~~~~~~~~~~~~~~~~~~~~~~~~~~~~~~~~~~~~~~~~~~~~~~~~~~~~~~~~~~~~~~~~~~~~~~
encoder/rdo.c:815:18: note: 'ssd0' declared here
  815 |         uint64_t ssd0[2], ssd1[2];\
      |                  ^~~~
encoder/rdo.c:853:27: warning: dangling pointer to 'ssd1' may be used [-Wdangling-pointer=]
  853 |             levels_used = trellis_coefn_##ctx_hi( q, ssd0[1], ssd1[1], cost_siglast, nodes_cur, nodes_prev, level_tree, levels_used, lambda2, level_state, levelgt1_ctx );\
      |                           ^~~~~~~~~~~~~~~~~~~~~~~~~~~~~~~~~~~~~~~~~~~~~~~~~~~~~~~~~~~~~~~~~~~~~~~~~~~~~~~~~~~~~~~~~~~~~~~~~~~~~~~~~~~~~~~~~~~~~~~~~~~~~~~~~~~~~~~~~~~~~~~
encoder/rdo.c:815:27: note: 'ssd1' declared here
  815 |         uint64_t ssd0[2], ssd1[2];\
      |                           ^~~~
encoder/rdo.c:853:27: warning: dangling pointer to 'ssd0' may be used [-Wdangling-pointer=]
  853 |             levels_used = trellis_coefn_##ctx_hi( q, ssd0[1], ssd1[1], cost_siglast, nodes_cur, nodes_prev, level_tree, levels_used, lambda2, level_state, levelgt1_ctx );\
      |                           ^~~~~~~~~~~~~~~~~~~~~~~~~~~~~~~~~~~~~~~~~~~~~~~~~~~~~~~~~~~~~~~~~~~~~~~~~~~~~~~~~~~~~~~~~~~~~~~~~~~~~~~~~~~~~~~~~~~~~~~~~~~~~~~~~~~~~~~~~~~~~~~
encoder/rdo.c:815:18: note: 'ssd0' declared here
  815 |         uint64_t ssd0[2], ssd1[2];\
      |                  ^~~~
encoder/rdo.c:856:27: warning: dangling pointer to 'ssd1' may be used [-Wdangling-pointer=]
  856 |             levels_used = trellis_coefn_##ctx_hi( q-1, ssd0[0], ssd1[0], cost_siglast, nodes_cur, nodes_prev, level_tree, levels_used, lambda2, level_state, levelgt1_ctx );\
      |                           ^~~~~~~~~~~~~~~~~~~~~~~~~~~~~~~~~~~~~~~~~~~~~~~~~~~~~~~~~~~~~~~~~~~~~~~~~~~~~~~~~~~~~~~~~~~~~~~~~~~~~~~~~~~~~~~~~~~~~~~~~~~~~~~~~~~~~~~~~~~~~~~~~
encoder/rdo.c:815:27: note: 'ssd1' declared here
  815 |         uint64_t ssd0[2], ssd1[2];\
      |                           ^~~~
encoder/rdo.c:856:27: warning: dangling pointer to 'ssd0' may be used [-Wdangling-pointer=]
  856 |             levels_used = trellis_coefn_##ctx_hi( q-1, ssd0[0], ssd1[0], cost_siglast, nodes_cur, nodes_prev, level_tree, levels_used, lambda2, level_state, levelgt1_ctx );\
      |                           ^~~~~~~~~~~~~~~~~~~~~~~~~~~~~~~~~~~~~~~~~~~~~~~~~~~~~~~~~~~~~~~~~~~~~~~~~~~~~~~~~~~~~~~~~~~~~~~~~~~~~~~~~~~~~~~~~~~~~~~~~~~~~~~~~~~~~~~~~~~~~~~~~
encoder/rdo.c:815:18: note: 'ssd0' declared here
  815 |         uint64_t ssd0[2], ssd1[2];\
      |                  ^~~~
encoder/rdo.c:857:27: warning: dangling pointer to 'ssd1' may be used [-Wdangling-pointer=]
  857 |             levels_used = trellis_coefn_##ctx_hi( q, ssd0[1], ssd1[1], cost_siglast, nodes_cur, nodes_prev, level_tree, levels_used, lambda2, level_state, levelgt1_ctx );\
      |                           ^~~~~~~~~~~~~~~~~~~~~~~~~~~~~~~~~~~~~~~~~~~~~~~~~~~~~~~~~~~~~~~~~~~~~~~~~~~~~~~~~~~~~~~~~~~~~~~~~~~~~~~~~~~~~~~~~~~~~~~~~~~~~~~~~~~~~~~~~~~~~~~
encoder/rdo.c:815:27: note: 'ssd1' declared here
  815 |         uint64_t ssd0[2], ssd1[2];\
      |                           ^~~~
encoder/rdo.c:857:27: warning: dangling pointer to 'ssd0' may be used [-Wdangling-pointer=]
  857 |             levels_used = trellis_coefn_##ctx_hi( q, ssd0[1], ssd1[1], cost_siglast, nodes_cur, nodes_prev, level_tree, levels_used, lambda2, level_state, levelgt1_ctx );\
      |                           ^~~~~~~~~~~~~~~~~~~~~~~~~~~~~~~~~~~~~~~~~~~~~~~~~~~~~~~~~~~~~~~~~~~~~~~~~~~~~~~~~~~~~~~~~~~~~~~~~~~~~~~~~~~~~~~~~~~~~~~~~~~~~~~~~~~~~~~~~~~~~~~
encoder/rdo.c:815:18: note: 'ssd0' declared here
  815 |         uint64_t ssd0[2], ssd1[2];\
      |                  ^~~~
gcc -Wno-maybe-uninitialized -Wshadow -O3 -ffast-math -m64 -O2 -m64 -march=x86-64 -mtune=generic -flto=auto -ffat-lto-objects -Wall -I. -I. -std=gnu99 -D_GNU_SOURCE -mpreferred-stack-boundary=6       -fPIC -fomit-frame-pointer -flto -fno-tree-vectorize -fvisibility=hidden  -DX264_API_EXPORTS -c encoder/cabac.c -o encoder/cabac-8.o -DHIGH_BIT_DEPTH=0 -DBIT_DEPTH=8
gcc -Wno-maybe-uninitialized -Wshadow -O3 -ffast-math -m64 -O2 -m64 -march=x86-64 -mtune=generic -flto=auto -ffat-lto-objects -Wall -I. -I. -std=gnu99 -D_GNU_SOURCE -mpreferred-stack-boundary=6       -fPIC -fomit-frame-pointer -flto -fno-tree-vectorize -fvisibility=hidden  -DX264_API_EXPORTS -c encoder/cavlc.c -o encoder/cavlc-8.o -DHIGH_BIT_DEPTH=0 -DBIT_DEPTH=8
gcc -Wno-maybe-uninitialized -Wshadow -O3 -ffast-math -m64 -O2 -m64 -march=x86-64 -mtune=generic -flto=auto -ffat-lto-objects -Wall -I. -I. -std=gnu99 -D_GNU_SOURCE -mpreferred-stack-boundary=6       -fPIC -fomit-frame-pointer -flto -fno-tree-vectorize -fvisibility=hidden  -DX264_API_EXPORTS -c encoder/encoder.c -o encoder/encoder-8.o -DHIGH_BIT_DEPTH=0 -DBIT_DEPTH=8
In function 'get_diff_limited_q',
    inlined from 'init_pass2' at encoder/ratecontrol.c:3026:25,
    inlined from 'x264_8_ratecontrol_new' at encoder/ratecontrol.c:1148:17:
encoder/ratecontrol.c:2077:25: warning: array subscript [0, 2] is outside array bounds of 'double[3]' [-Warray-bounds=]
 2077 |     rcc->last_qscale_for[pict_type] = q;
      |     ~~~~~~~~~~~~~~~~~~~~^~~~~~~~~~~
encoder/ratecontrol.c: In function 'x264_8_ratecontrol_new':
encoder/ratecontrol.c:132:12: note: while referencing 'last_qscale_for'
  132 |     double last_qscale_for[3];  /* last qscale for a specific pict type, used for max_diff & ipb factor stuff */
      |            ^~~~~~~~~~~~~~~
In file included from ./common/common.h:122,
                 from encoder/set.c:27:
In function 'bs_realign',
    inlined from 'x264_8_sei_recovery_point_write' at encoder/set.c:581:5:
./common/bitstream.h:120:23: warning: array subscript 0 is outside array bounds of 'uint8_t[100]' [-Warray-bounds=]
  120 |         s->cur_bits = endian_fix32( M32(s->p) );
      |                       ^~~~~~~~~~~~~~~~~~~~~~~~~
In file included from ./common/base.h:43,
                 from ./common/common.h:30:
encoder/set.c: In function 'x264_8_sei_recovery_point_write':
encoder/set.c:577:24: note: at offset [-3, -1] into object 'tmp_buf' of size 100
  577 |     ALIGNED_4( uint8_t tmp_buf[100] );
      |                        ^~~~~~~
In function 'bs_realign',
    inlined from 'x264_8_sei_buffering_period_write' at encoder/set.c:633:5:
./common/bitstream.h:120:23: warning: array subscript 0 is outside array bounds of 'uint8_t[100]' [-Warray-bounds=]
  120 |         s->cur_bits = endian_fix32( M32(s->p) );
      |                       ^~~~~~~~~~~~~~~~~~~~~~~~~
encoder/set.c: In function 'x264_8_sei_buffering_period_write':
encoder/set.c:629:24: note: at offset [-3, -1] into object 'tmp_buf' of size 100
  629 |     ALIGNED_4( uint8_t tmp_buf[100] );
      |                        ^~~~~~~
In function 'bs_realign',
    inlined from 'x264_8_sei_pic_timing_write' at encoder/set.c:655:5:
./common/bitstream.h:120:23: warning: array subscript 0 is outside array bounds of 'uint8_t[100]' [-Warray-bounds=]
  120 |         s->cur_bits = endian_fix32( M32(s->p) );
      |                       ^~~~~~~~~~~~~~~~~~~~~~~~~
encoder/set.c: In function 'x264_8_sei_pic_timing_write':
encoder/set.c:651:24: note: at offset [-3, -1] into object 'tmp_buf' of size 100
  651 |     ALIGNED_4( uint8_t tmp_buf[100] );
      |                        ^~~~~~~
In function 'bs_realign',
    inlined from 'x264_8_sei_frame_packing_write' at encoder/set.c:686:5:
./common/bitstream.h:120:23: warning: array subscript 0 is outside array bounds of 'uint8_t[100]' [-Warray-bounds=]
  120 |         s->cur_bits = endian_fix32( M32(s->p) );
      |                       ^~~~~~~~~~~~~~~~~~~~~~~~~
encoder/set.c: In function 'x264_8_sei_frame_packing_write':
encoder/set.c:682:24: note: at offset [-3, -1] into object 'tmp_buf' of size 100
  682 |     ALIGNED_4( uint8_t tmp_buf[100] );
      |                        ^~~~~~~
In function 'bs_realign',
    inlined from 'x264_8_sei_mastering_display_write' at encoder/set.c:727:5:
./common/bitstream.h:120:23: warning: array subscript 0 is outside array bounds of 'uint8_t[100]' [-Warray-bounds=]
  120 |         s->cur_bits = endian_fix32( M32(s->p) );
      |                       ^~~~~~~~~~~~~~~~~~~~~~~~~
encoder/set.c: In function 'x264_8_sei_mastering_display_write':
encoder/set.c:723:24: note: at offset [-3, -1] into object 'tmp_buf' of size 100
  723 |     ALIGNED_4( uint8_t tmp_buf[100] );
      |                        ^~~~~~~
In function 'bs_realign',
    inlined from 'x264_8_sei_content_light_level_write' at encoder/set.c:752:5:
./common/bitstream.h:120:23: warning: array subscript 0 is outside array bounds of 'uint8_t[100]' [-Warray-bounds=]
  120 |         s->cur_bits = endian_fix32( M32(s->p) );
      |                       ^~~~~~~~~~~~~~~~~~~~~~~~~
encoder/set.c: In function 'x264_8_sei_content_light_level_write':
encoder/set.c:748:24: note: at offset [-3, -1] into object 'tmp_buf' of size 100
  748 |     ALIGNED_4( uint8_t tmp_buf[100] );
      |                        ^~~~~~~
In function 'bs_realign',
    inlined from 'x264_8_sei_alternative_transfer_write' at encoder/set.c:769:5:
./common/bitstream.h:120:23: warning: array subscript 0 is outside array bounds of 'uint8_t[100]' [-Warray-bounds=]
  120 |         s->cur_bits = endian_fix32( M32(s->p) );
      |                       ^~~~~~~~~~~~~~~~~~~~~~~~~
encoder/set.c: In function 'x264_8_sei_alternative_transfer_write':
encoder/set.c:765:24: note: at offset [-3, -1] into object 'tmp_buf' of size 100
  765 |     ALIGNED_4( uint8_t tmp_buf[100] );
      |                        ^~~~~~~
In function 'bs_realign',
    inlined from 'x264_8_sei_dec_ref_pic_marking_write' at encoder/set.c:797:5:
./common/bitstream.h:120:23: warning: array subscript 0 is outside array bounds of 'uint8_t[100]' [-Warray-bounds=]
  120 |         s->cur_bits = endian_fix32( M32(s->p) );
      |                       ^~~~~~~~~~~~~~~~~~~~~~~~~
encoder/set.c: In function 'x264_8_sei_dec_ref_pic_marking_write':
encoder/set.c:793:24: note: at offset [-3, -1] into object 'tmp_buf' of size 100
  793 |     ALIGNED_4( uint8_t tmp_buf[100] );
      |                        ^~~~~~~
gcc -Wno-maybe-uninitialized -Wshadow -O3 -ffast-math -m64 -O2 -m64 -march=x86-64 -mtune=generic -flto=auto -ffat-lto-objects -Wall -I. -I. -std=gnu99 -D_GNU_SOURCE -mpreferred-stack-boundary=6       -fPIC -fomit-frame-pointer -flto -fno-tree-vectorize -fvisibility=hidden  -DX264_API_EXPORTS -c encoder/lookahead.c -o encoder/lookahead-8.o -DHIGH_BIT_DEPTH=0 -DBIT_DEPTH=8
gcc -Wno-maybe-uninitialized -Wshadow -O3 -ffast-math -m64 -O2 -m64 -march=x86-64 -mtune=generic -flto=auto -ffat-lto-objects -Wall -I. -I. -std=gnu99 -D_GNU_SOURCE -mpreferred-stack-boundary=6       -fPIC -fomit-frame-pointer -flto -fno-tree-vectorize -fvisibility=hidden  -DX264_API_EXPORTS -c common/threadpool.c -o common/threadpool-8.o -DHIGH_BIT_DEPTH=0 -DBIT_DEPTH=8
gcc -Wno-maybe-uninitialized -Wshadow -O3 -ffast-math -m64 -O2 -m64 -march=x86-64 -mtune=generic -flto=auto -ffat-lto-objects -Wall -I. -I. -std=gnu99 -D_GNU_SOURCE -mpreferred-stack-boundary=6       -fPIC -fomit-frame-pointer -flto -fno-tree-vectorize -fvisibility=hidden  -DX264_API_EXPORTS -c common/x86/mc-c.c -o common/x86/mc-c-8.o -DHIGH_BIT_DEPTH=0 -DBIT_DEPTH=8
gcc -Wno-maybe-uninitialized -Wshadow -O3 -ffast-math -m64 -O2 -m64 -march=x86-64 -mtune=generic -flto=auto -ffat-lto-objects -Wall -I. -I. -std=gnu99 -D_GNU_SOURCE -mpreferred-stack-boundary=6       -fPIC -fomit-frame-pointer -flto -fno-tree-vectorize -fvisibility=hidden  -DX264_API_EXPORTS -c common/x86/predict-c.c -o common/x86/predict-c-8.o -DHIGH_BIT_DEPTH=0 -DBIT_DEPTH=8
gcc -Wno-maybe-uninitialized -Wshadow -O3 -ffast-math -m64 -O2 -m64 -march=x86-64 -mtune=generic -flto=auto -ffat-lto-objects -Wall -I. -I. -std=gnu99 -D_GNU_SOURCE -mpreferred-stack-boundary=6       -fPIC -fomit-frame-pointer -flto -fno-tree-vectorize -fvisibility=hidden  -DX264_API_EXPORTS -c common/opencl.c -o common/opencl-8.o -DHIGH_BIT_DEPTH=0 -DBIT_DEPTH=8
gcc -Wno-maybe-uninitialized -Wshadow -O3 -ffast-math -m64 -O2 -m64 -march=x86-64 -mtune=generic -flto=auto -ffat-lto-objects -Wall -I. -I. -std=gnu99 -D_GNU_SOURCE -mpreferred-stack-boundary=6       -fPIC -fomit-frame-pointer -flto -fno-tree-vectorize -fvisibility=hidden  -DX264_API_EXPORTS -c encoder/slicetype-cl.c -o encoder/slicetype-cl-8.o -DHIGH_BIT_DEPTH=0 -DBIT_DEPTH=8
gcc -Wno-maybe-uninitialized -Wshadow -O3 -ffast-math -m64 -O2 -m64 -march=x86-64 -mtune=generic -flto=auto -ffat-lto-objects -Wall -I. -I. -std=gnu99 -D_GNU_SOURCE -mpreferred-stack-boundary=6       -fPIC -fomit-frame-pointer -flto -fno-tree-vectorize -fvisibility=hidden  -DX264_API_EXPORTS -c common/mc.c -o common/mc-10.o -DHIGH_BIT_DEPTH=1 -DBIT_DEPTH=10
gcc -Wno-maybe-uninitialized -Wshadow -O3 -ffast-math -m64 -O2 -m64 -march=x86-64 -mtune=generic -flto=auto -ffat-lto-objects -Wall -I. -I. -std=gnu99 -D_GNU_SOURCE -mpreferred-stack-boundary=6       -fPIC -fomit-frame-pointer -flto -fno-tree-vectorize -fvisibility=hidden  -DX264_API_EXPORTS -c common/predict.c -o common/predict-10.o -DHIGH_BIT_DEPTH=1 -DBIT_DEPTH=10
gcc -Wno-maybe-uninitialized -Wshadow -O3 -ffast-math -m64 -O2 -m64 -march=x86-64 -mtune=generic -flto=auto -ffat-lto-objects -Wall -I. -I. -std=gnu99 -D_GNU_SOURCE -mpreferred-stack-boundary=6       -fPIC -fomit-frame-pointer -flto -fno-tree-vectorize -fvisibility=hidden  -DX264_API_EXPORTS -c common/pixel.c -o common/pixel-10.o -DHIGH_BIT_DEPTH=1 -DBIT_DEPTH=10
gcc -Wno-maybe-uninitialized -Wshadow -O3 -ffast-math -m64 -O2 -m64 -march=x86-64 -mtune=generic -flto=auto -ffat-lto-objects -Wall -I. -I. -std=gnu99 -D_GNU_SOURCE -mpreferred-stack-boundary=6       -fPIC -fomit-frame-pointer -flto -fno-tree-vectorize -fvisibility=hidden  -DX264_API_EXPORTS -c common/macroblock.c -o common/macroblock-10.o -DHIGH_BIT_DEPTH=1 -DBIT_DEPTH=10
gcc -Wno-maybe-uninitialized -Wshadow -O3 -ffast-math -m64 -O2 -m64 -march=x86-64 -mtune=generic -flto=auto -ffat-lto-objects -Wall -I. -I. -std=gnu99 -D_GNU_SOURCE -mpreferred-stack-boundary=6       -fPIC -fomit-frame-pointer -flto -fno-tree-vectorize -fvisibility=hidden  -DX264_API_EXPORTS -c common/frame.c -o common/frame-10.o -DHIGH_BIT_DEPTH=1 -DBIT_DEPTH=10
gcc -Wno-maybe-uninitialized -Wshadow -O3 -ffast-math -m64 -O2 -m64 -march=x86-64 -mtune=generic -flto=auto -ffat-lto-objects -Wall -I. -I. -std=gnu99 -D_GNU_SOURCE -mpreferred-stack-boundary=6       -fPIC -fomit-frame-pointer -flto -fno-tree-vectorize -fvisibility=hidden  -DX264_API_EXPORTS -c common/dct.c -o common/dct-10.o -DHIGH_BIT_DEPTH=1 -DBIT_DEPTH=10
gcc -Wno-maybe-uninitialized -Wshadow -O3 -ffast-math -m64 -O2 -m64 -march=x86-64 -mtune=generic -flto=auto -ffat-lto-objects -Wall -I. -I. -std=gnu99 -D_GNU_SOURCE -mpreferred-stack-boundary=6       -fPIC -fomit-frame-pointer -flto -fno-tree-vectorize -fvisibility=hidden  -DX264_API_EXPORTS -c common/cabac.c -o common/cabac-10.o -DHIGH_BIT_DEPTH=1 -DBIT_DEPTH=10
gcc -Wno-maybe-uninitialized -Wshadow -O3 -ffast-math -m64 -O2 -m64 -march=x86-64 -mtune=generic -flto=auto -ffat-lto-objects -Wall -I. -I. -std=gnu99 -D_GNU_SOURCE -mpreferred-stack-boundary=6       -fPIC -fomit-frame-pointer -flto -fno-tree-vectorize -fvisibility=hidden  -DX264_API_EXPORTS -c common/common.c -o common/common-10.o -DHIGH_BIT_DEPTH=1 -DBIT_DEPTH=10
gcc -Wno-maybe-uninitialized -Wshadow -O3 -ffast-math -m64 -O2 -m64 -march=x86-64 -mtune=generic -flto=auto -ffat-lto-objects -Wall -I. -I. -std=gnu99 -D_GNU_SOURCE -mpreferred-stack-boundary=6       -fPIC -fomit-frame-pointer -flto -fno-tree-vectorize -fvisibility=hidden  -DX264_API_EXPORTS -c common/rectangle.c -o common/rectangle-10.o -DHIGH_BIT_DEPTH=1 -DBIT_DEPTH=10
gcc -Wno-maybe-uninitialized -Wshadow -O3 -ffast-math -m64 -O2 -m64 -march=x86-64 -mtune=generic -flto=auto -ffat-lto-objects -Wall -I. -I. -std=gnu99 -D_GNU_SOURCE -mpreferred-stack-boundary=6       -fPIC -fomit-frame-pointer -flto -fno-tree-vectorize -fvisibility=hidden  -DX264_API_EXPORTS -c common/set.c -o common/set-10.o -DHIGH_BIT_DEPTH=1 -DBIT_DEPTH=10
gcc -Wno-maybe-uninitialized -Wshadow -O3 -ffast-math -m64 -O2 -m64 -march=x86-64 -mtune=generic -flto=auto -ffat-lto-objects -Wall -I. -I. -std=gnu99 -D_GNU_SOURCE -mpreferred-stack-boundary=6       -fPIC -fomit-frame-pointer -flto -fno-tree-vectorize -fvisibility=hidden  -DX264_API_EXPORTS -c common/quant.c -o common/quant-10.o -DHIGH_BIT_DEPTH=1 -DBIT_DEPTH=10
gcc -Wno-maybe-uninitialized -Wshadow -O3 -ffast-math -m64 -O2 -m64 -march=x86-64 -mtune=generic -flto=auto -ffat-lto-objects -Wall -I. -I. -std=gnu99 -D_GNU_SOURCE -mpreferred-stack-boundary=6       -fPIC -fomit-frame-pointer -flto -fno-tree-vectorize -fvisibility=hidden  -DX264_API_EXPORTS -c common/deblock.c -o common/deblock-10.o -DHIGH_BIT_DEPTH=1 -DBIT_DEPTH=10
gcc -Wno-maybe-uninitialized -Wshadow -O3 -ffast-math -m64 -O2 -m64 -march=x86-64 -mtune=generic -flto=auto -ffat-lto-objects -Wall -I. -I. -std=gnu99 -D_GNU_SOURCE -mpreferred-stack-boundary=6       -fPIC -fomit-frame-pointer -flto -fno-tree-vectorize -fvisibility=hidden  -DX264_API_EXPORTS -c common/vlc.c -o common/vlc-10.o -DHIGH_BIT_DEPTH=1 -DBIT_DEPTH=10
gcc -Wno-maybe-uninitialized -Wshadow -O3 -ffast-math -m64 -O2 -m64 -march=x86-64 -mtune=generic -flto=auto -ffat-lto-objects -Wall -I. -I. -std=gnu99 -D_GNU_SOURCE -mpreferred-stack-boundary=6       -fPIC -fomit-frame-pointer -flto -fno-tree-vectorize -fvisibility=hidden  -DX264_API_EXPORTS -c common/mvpred.c -o common/mvpred-10.o -DHIGH_BIT_DEPTH=1 -DBIT_DEPTH=10
gcc -Wno-maybe-uninitialized -Wshadow -O3 -ffast-math -m64 -O2 -m64 -march=x86-64 -mtune=generic -flto=auto -ffat-lto-objects -Wall -I. -I. -std=gnu99 -D_GNU_SOURCE -mpreferred-stack-boundary=6       -fPIC -fomit-frame-pointer -flto -fno-tree-vectorize -fvisibility=hidden  -DX264_API_EXPORTS -c common/bitstream.c -o common/bitstream-10.o -DHIGH_BIT_DEPTH=1 -DBIT_DEPTH=10
gcc -Wno-maybe-uninitialized -Wshadow -O3 -ffast-math -m64 -O2 -m64 -march=x86-64 -mtune=generic -flto=auto -ffat-lto-objects -Wall -I. -I. -std=gnu99 -D_GNU_SOURCE -mpreferred-stack-boundary=6       -fPIC -fomit-frame-pointer -flto -fno-tree-vectorize -fvisibility=hidden  -DX264_API_EXPORTS -c encoder/analyse.c -o encoder/analyse-10.o -DHIGH_BIT_DEPTH=1 -DBIT_DEPTH=10
gcc -Wno-maybe-uninitialized -Wshadow -O3 -ffast-math -m64 -O2 -m64 -march=x86-64 -mtune=generic -flto=auto -ffat-lto-objects -Wall -I. -I. -std=gnu99 -D_GNU_SOURCE -mpreferred-stack-boundary=6       -fPIC -fomit-frame-pointer -flto -fno-tree-vectorize -fvisibility=hidden  -DX264_API_EXPORTS -c encoder/me.c -o encoder/me-10.o -DHIGH_BIT_DEPTH=1 -DBIT_DEPTH=10
gcc -Wno-maybe-uninitialized -Wshadow -O3 -ffast-math -m64 -O2 -m64 -march=x86-64 -mtune=generic -flto=auto -ffat-lto-objects -Wall -I. -I. -std=gnu99 -D_GNU_SOURCE -mpreferred-stack-boundary=6       -fPIC -fomit-frame-pointer -flto -fno-tree-vectorize -fvisibility=hidden  -DX264_API_EXPORTS -c encoder/ratecontrol.c -o encoder/ratecontrol-10.o -DHIGH_BIT_DEPTH=1 -DBIT_DEPTH=10
gcc -Wno-maybe-uninitialized -Wshadow -O3 -ffast-math -m64 -O2 -m64 -march=x86-64 -mtune=generic -flto=auto -ffat-lto-objects -Wall -I. -I. -std=gnu99 -D_GNU_SOURCE -mpreferred-stack-boundary=6       -fPIC -fomit-frame-pointer -flto -fno-tree-vectorize -fvisibility=hidden  -DX264_API_EXPORTS -c encoder/set.c -o encoder/set-10.o -DHIGH_BIT_DEPTH=1 -DBIT_DEPTH=10
In file included from encoder/analyse.c:33:
encoder/rdo.c: In function 'quant_trellis_cabac':
encoder/rdo.c:834:27: warning: dangling pointer to 'ssd1' may be used [-Wdangling-pointer=]
  834 |             ssd0[k] = ssd1[k];\
      |                       ~~~~^~~
encoder/rdo.c:815:27: note: 'ssd1' declared here
  815 |         uint64_t ssd0[2], ssd1[2];\
      |                           ^~~~
encoder/rdo.c:847:17: warning: dangling pointer to 'ssd1' may be used [-Wdangling-pointer=]
  847 |             ssd1[0] += (uint64_t)cost_siglast[0] * lambda2 >> ( CABAC_SIZE_BITS - LAMBDA_BITS );\
      |             ~~~~^~~
encoder/rdo.c:815:27: note: 'ssd1' declared here
  815 |         uint64_t ssd0[2], ssd1[2];\
      |                           ^~~~
encoder/rdo.c:847:46: warning: dangling pointer to 'cost_siglast' may be used [-Wdangling-pointer=]
  847 |             ssd1[0] += (uint64_t)cost_siglast[0] * lambda2 >> ( CABAC_SIZE_BITS - LAMBDA_BITS );\
      |                                  ~~~~~~~~~~~~^~~
encoder/rdo.c:789:13: note: 'cost_siglast' declared here
  789 |         int cost_siglast[3]; /* { zero, nonzero, nonzero-and-last } */\
      |             ^~~~~~~~~~~~
encoder/rdo.c:848:55: warning: dangling pointer to 'ssd0' may be used [-Wdangling-pointer=]
  848 |             levels_used = trellis_coef0_##ctx_hi( ssd0[0]-ssd1[0], nodes_cur, nodes_prev, level_tree, levels_used );\
      |                                                   ~~~~^~~
encoder/rdo.c:815:18: note: 'ssd0' declared here
  815 |         uint64_t ssd0[2], ssd1[2];\
      |                  ^~~~
encoder/rdo.c:848:63: warning: dangling pointer to 'ssd1' may be used [-Wdangling-pointer=]
  848 |             levels_used = trellis_coef0_##ctx_hi( ssd0[0]-ssd1[0], nodes_cur, nodes_prev, level_tree, levels_used );\
      |                                                           ~~~~^~~
encoder/rdo.c:815:27: note: 'ssd1' declared here
  815 |         uint64_t ssd0[2], ssd1[2];\
      |                           ^~~~
encoder/rdo.c:849:72: warning: dangling pointer to 'ssd1' may be used [-Wdangling-pointer=]
  849 |             levels_used = trellis_coef1_##ctx_hi( ssd0[1]-ssd1[0], ssd1[1]-ssd1[0], cost_siglast, nodes_cur, nodes_prev, level_tree, levels_used, lambda2, level_state );\
      |                                                                    ~~~~^~~
encoder/rdo.c:815:27: note: 'ssd1' declared here
  815 |         uint64_t ssd0[2], ssd1[2];\
      |                           ^~~~
encoder/rdo.c:849:80: warning: dangling pointer to 'ssd1' may be used [-Wdangling-pointer=]
  849 |             levels_used = trellis_coef1_##ctx_hi( ssd0[1]-ssd1[0], ssd1[1]-ssd1[0], cost_siglast, nodes_cur, nodes_prev, level_tree, levels_used, lambda2, level_state );\
      |                                                                            ~~~~^~~
encoder/rdo.c:815:27: note: 'ssd1' declared here
  815 |         uint64_t ssd0[2], ssd1[2];\
      |                           ^~~~
encoder/rdo.c:849:55: warning: dangling pointer to 'ssd0' may be used [-Wdangling-pointer=]
  849 |             levels_used = trellis_coef1_##ctx_hi( ssd0[1]-ssd1[0], ssd1[1]-ssd1[0], cost_siglast, nodes_cur, nodes_prev, level_tree, levels_used, lambda2, level_state );\
      |                                                   ~~~~^~~
encoder/rdo.c:815:18: note: 'ssd0' declared here
  815 |         uint64_t ssd0[2], ssd1[2];\
      |                  ^~~~
encoder/rdo.c:849:63: warning: dangling pointer to 'ssd1' may be used [-Wdangling-pointer=]
  849 |             levels_used = trellis_coef1_##ctx_hi( ssd0[1]-ssd1[0], ssd1[1]-ssd1[0], cost_siglast, nodes_cur, nodes_prev, level_tree, levels_used, lambda2, level_state );\
      |                                                           ~~~~^~~
encoder/rdo.c:815:27: note: 'ssd1' declared here
  815 |         uint64_t ssd0[2], ssd1[2];\
      |                           ^~~~
encoder/rdo.c:852:27: warning: dangling pointer to 'ssd1' may be used [-Wdangling-pointer=]
  852 |             levels_used = trellis_coef1_##ctx_hi( ssd0[0], ssd1[0], cost_siglast, nodes_cur, nodes_prev, level_tree, levels_used, lambda2, level_state );\
      |                           ^~~~~~~~~~~~~~~~~~~~~~~~~~~~~~~~~~~~~~~~~~~~~~~~~~~~~~~~~~~~~~~~~~~~~~~~~~~~~~~~~~~~~~~~~~~~~~~~~~~~~~~~~~~~~~~~~~~~~~~~~~~~~~
encoder/rdo.c:815:27: note: 'ssd1' declared here
  815 |         uint64_t ssd0[2], ssd1[2];\
      |                           ^~~~
encoder/rdo.c:852:27: warning: dangling pointer to 'ssd0' may be used [-Wdangling-pointer=]
  852 |             levels_used = trellis_coef1_##ctx_hi( ssd0[0], ssd1[0], cost_siglast, nodes_cur, nodes_prev, level_tree, levels_used, lambda2, level_state );\
      |                           ^~~~~~~~~~~~~~~~~~~~~~~~~~~~~~~~~~~~~~~~~~~~~~~~~~~~~~~~~~~~~~~~~~~~~~~~~~~~~~~~~~~~~~~~~~~~~~~~~~~~~~~~~~~~~~~~~~~~~~~~~~~~~~
encoder/rdo.c:815:18: note: 'ssd0' declared here
  815 |         uint64_t ssd0[2], ssd1[2];\
      |                  ^~~~
encoder/rdo.c:853:27: warning: dangling pointer to 'ssd1' may be used [-Wdangling-pointer=]
  853 |             levels_used = trellis_coefn_##ctx_hi( q, ssd0[1], ssd1[1], cost_siglast, nodes_cur, nodes_prev, level_tree, levels_used, lambda2, level_state, levelgt1_ctx );\
      |                           ^~~~~~~~~~~~~~~~~~~~~~~~~~~~~~~~~~~~~~~~~~~~~~~~~~~~~~~~~~~~~~~~~~~~~~~~~~~~~~~~~~~~~~~~~~~~~~~~~~~~~~~~~~~~~~~~~~~~~~~~~~~~~~~~~~~~~~~~~~~~~~~
encoder/rdo.c:815:27: note: 'ssd1' declared here
  815 |         uint64_t ssd0[2], ssd1[2];\
      |                           ^~~~
encoder/rdo.c:853:27: warning: dangling pointer to 'ssd0' may be used [-Wdangling-pointer=]
  853 |             levels_used = trellis_coefn_##ctx_hi( q, ssd0[1], ssd1[1], cost_siglast, nodes_cur, nodes_prev, level_tree, levels_used, lambda2, level_state, levelgt1_ctx );\
      |                           ^~~~~~~~~~~~~~~~~~~~~~~~~~~~~~~~~~~~~~~~~~~~~~~~~~~~~~~~~~~~~~~~~~~~~~~~~~~~~~~~~~~~~~~~~~~~~~~~~~~~~~~~~~~~~~~~~~~~~~~~~~~~~~~~~~~~~~~~~~~~~~~
encoder/rdo.c:815:18: note: 'ssd0' declared here
  815 |         uint64_t ssd0[2], ssd1[2];\
      |                  ^~~~
encoder/rdo.c:856:27: warning: dangling pointer to 'ssd1' may be used [-Wdangling-pointer=]
  856 |             levels_used = trellis_coefn_##ctx_hi( q-1, ssd0[0], ssd1[0], cost_siglast, nodes_cur, nodes_prev, level_tree, levels_used, lambda2, level_state, levelgt1_ctx );\
      |                           ^~~~~~~~~~~~~~~~~~~~~~~~~~~~~~~~~~~~~~~~~~~~~~~~~~~~~~~~~~~~~~~~~~~~~~~~~~~~~~~~~~~~~~~~~~~~~~~~~~~~~~~~~~~~~~~~~~~~~~~~~~~~~~~~~~~~~~~~~~~~~~~~~
encoder/rdo.c:815:27: note: 'ssd1' declared here
  815 |         uint64_t ssd0[2], ssd1[2];\
      |                           ^~~~
encoder/rdo.c:856:27: warning: dangling pointer to 'ssd0' may be used [-Wdangling-pointer=]
  856 |             levels_used = trellis_coefn_##ctx_hi( q-1, ssd0[0], ssd1[0], cost_siglast, nodes_cur, nodes_prev, level_tree, levels_used, lambda2, level_state, levelgt1_ctx );\
      |                           ^~~~~~~~~~~~~~~~~~~~~~~~~~~~~~~~~~~~~~~~~~~~~~~~~~~~~~~~~~~~~~~~~~~~~~~~~~~~~~~~~~~~~~~~~~~~~~~~~~~~~~~~~~~~~~~~~~~~~~~~~~~~~~~~~~~~~~~~~~~~~~~~~
encoder/rdo.c:815:18: note: 'ssd0' declared here
  815 |         uint64_t ssd0[2], ssd1[2];\
      |                  ^~~~
encoder/rdo.c:857:27: warning: dangling pointer to 'ssd1' may be used [-Wdangling-pointer=]
  857 |             levels_used = trellis_coefn_##ctx_hi( q, ssd0[1], ssd1[1], cost_siglast, nodes_cur, nodes_prev, level_tree, levels_used, lambda2, level_state, levelgt1_ctx );\
      |                           ^~~~~~~~~~~~~~~~~~~~~~~~~~~~~~~~~~~~~~~~~~~~~~~~~~~~~~~~~~~~~~~~~~~~~~~~~~~~~~~~~~~~~~~~~~~~~~~~~~~~~~~~~~~~~~~~~~~~~~~~~~~~~~~~~~~~~~~~~~~~~~~
encoder/rdo.c:815:27: note: 'ssd1' declared here
  815 |         uint64_t ssd0[2], ssd1[2];\
      |                           ^~~~
encoder/rdo.c:857:27: warning: dangling pointer to 'ssd0' may be used [-Wdangling-pointer=]
  857 |             levels_used = trellis_coefn_##ctx_hi( q, ssd0[1], ssd1[1], cost_siglast, nodes_cur, nodes_prev, level_tree, levels_used, lambda2, level_state, levelgt1_ctx );\
      |                           ^~~~~~~~~~~~~~~~~~~~~~~~~~~~~~~~~~~~~~~~~~~~~~~~~~~~~~~~~~~~~~~~~~~~~~~~~~~~~~~~~~~~~~~~~~~~~~~~~~~~~~~~~~~~~~~~~~~~~~~~~~~~~~~~~~~~~~~~~~~~~~~
encoder/rdo.c:815:18: note: 'ssd0' declared here
  815 |         uint64_t ssd0[2], ssd1[2];\
      |                  ^~~~
gcc -Wno-maybe-uninitialized -Wshadow -O3 -ffast-math -m64 -O2 -m64 -march=x86-64 -mtune=generic -flto=auto -ffat-lto-objects -Wall -I. -I. -std=gnu99 -D_GNU_SOURCE -mpreferred-stack-boundary=6       -fPIC -fomit-frame-pointer -flto -fno-tree-vectorize -fvisibility=hidden  -DX264_API_EXPORTS -c encoder/macroblock.c -o encoder/macroblock-10.o -DHIGH_BIT_DEPTH=1 -DBIT_DEPTH=10
gcc -Wno-maybe-uninitialized -Wshadow -O3 -ffast-math -m64 -O2 -m64 -march=x86-64 -mtune=generic -flto=auto -ffat-lto-objects -Wall -I. -I. -std=gnu99 -D_GNU_SOURCE -mpreferred-stack-boundary=6       -fPIC -fomit-frame-pointer -flto -fno-tree-vectorize -fvisibility=hidden  -DX264_API_EXPORTS -c encoder/cabac.c -o encoder/cabac-10.o -DHIGH_BIT_DEPTH=1 -DBIT_DEPTH=10
gcc -Wno-maybe-uninitialized -Wshadow -O3 -ffast-math -m64 -O2 -m64 -march=x86-64 -mtune=generic -flto=auto -ffat-lto-objects -Wall -I. -I. -std=gnu99 -D_GNU_SOURCE -mpreferred-stack-boundary=6       -fPIC -fomit-frame-pointer -flto -fno-tree-vectorize -fvisibility=hidden  -DX264_API_EXPORTS -c encoder/cavlc.c -o encoder/cavlc-10.o -DHIGH_BIT_DEPTH=1 -DBIT_DEPTH=10
In function 'get_diff_limited_q',
    inlined from 'init_pass2' at encoder/ratecontrol.c:3026:25,
    inlined from 'x264_10_ratecontrol_new' at encoder/ratecontrol.c:1148:17:
encoder/ratecontrol.c:2077:25: warning: array subscript [0, 2] is outside array bounds of 'double[3]' [-Warray-bounds=]
 2077 |     rcc->last_qscale_for[pict_type] = q;
      |     ~~~~~~~~~~~~~~~~~~~~^~~~~~~~~~~
encoder/ratecontrol.c: In function 'x264_10_ratecontrol_new':
encoder/ratecontrol.c:132:12: note: while referencing 'last_qscale_for'
  132 |     double last_qscale_for[3];  /* last qscale for a specific pict type, used for max_diff & ipb factor stuff */
      |            ^~~~~~~~~~~~~~~
In file included from ./common/common.h:122,
                 from encoder/set.c:27:
In function 'bs_realign',
    inlined from 'x264_10_sei_recovery_point_write' at encoder/set.c:581:5:
./common/bitstream.h:120:23: warning: array subscript 0 is outside array bounds of 'uint8_t[100]' [-Warray-bounds=]
  120 |         s->cur_bits = endian_fix32( M32(s->p) );
      |                       ^~~~~~~~~~~~~~~~~~~~~~~~~
In file included from ./common/base.h:43,
                 from ./common/common.h:30:
encoder/set.c: In function 'x264_10_sei_recovery_point_write':
encoder/set.c:577:24: note: at offset [-3, -1] into object 'tmp_buf' of size 100
  577 |     ALIGNED_4( uint8_t tmp_buf[100] );
      |                        ^~~~~~~
In function 'bs_realign',
    inlined from 'x264_10_sei_buffering_period_write' at encoder/set.c:633:5:
./common/bitstream.h:120:23: warning: array subscript 0 is outside array bounds of 'uint8_t[100]' [-Warray-bounds=]
  120 |         s->cur_bits = endian_fix32( M32(s->p) );
      |                       ^~~~~~~~~~~~~~~~~~~~~~~~~
encoder/set.c: In function 'x264_10_sei_buffering_period_write':
encoder/set.c:629:24: note: at offset [-3, -1] into object 'tmp_buf' of size 100
  629 |     ALIGNED_4( uint8_t tmp_buf[100] );
      |                        ^~~~~~~
In function 'bs_realign',
    inlined from 'x264_10_sei_pic_timing_write' at encoder/set.c:655:5:
./common/bitstream.h:120:23: warning: array subscript 0 is outside array bounds of 'uint8_t[100]' [-Warray-bounds=]
  120 |         s->cur_bits = endian_fix32( M32(s->p) );
      |                       ^~~~~~~~~~~~~~~~~~~~~~~~~
encoder/set.c: In function 'x264_10_sei_pic_timing_write':
encoder/set.c:651:24: note: at offset [-3, -1] into object 'tmp_buf' of size 100
  651 |     ALIGNED_4( uint8_t tmp_buf[100] );
      |                        ^~~~~~~
In function 'bs_realign',
    inlined from 'x264_10_sei_frame_packing_write' at encoder/set.c:686:5:
./common/bitstream.h:120:23: warning: array subscript 0 is outside array bounds of 'uint8_t[100]' [-Warray-bounds=]
  120 |         s->cur_bits = endian_fix32( M32(s->p) );
      |                       ^~~~~~~~~~~~~~~~~~~~~~~~~
encoder/set.c: In function 'x264_10_sei_frame_packing_write':
encoder/set.c:682:24: note: at offset [-3, -1] into object 'tmp_buf' of size 100
  682 |     ALIGNED_4( uint8_t tmp_buf[100] );
      |                        ^~~~~~~
In function 'bs_realign',
    inlined from 'x264_10_sei_mastering_display_write' at encoder/set.c:727:5:
./common/bitstream.h:120:23: warning: array subscript 0 is outside array bounds of 'uint8_t[100]' [-Warray-bounds=]
  120 |         s->cur_bits = endian_fix32( M32(s->p) );
      |                       ^~~~~~~~~~~~~~~~~~~~~~~~~
encoder/set.c: In function 'x264_10_sei_mastering_display_write':
encoder/set.c:723:24: note: at offset [-3, -1] into object 'tmp_buf' of size 100
  723 |     ALIGNED_4( uint8_t tmp_buf[100] );
      |                        ^~~~~~~
In function 'bs_realign',
    inlined from 'x264_10_sei_content_light_level_write' at encoder/set.c:752:5:
./common/bitstream.h:120:23: warning: array subscript 0 is outside array bounds of 'uint8_t[100]' [-Warray-bounds=]
  120 |         s->cur_bits = endian_fix32( M32(s->p) );
      |                       ^~~~~~~~~~~~~~~~~~~~~~~~~
encoder/set.c: In function 'x264_10_sei_content_light_level_write':
encoder/set.c:748:24: note: at offset [-3, -1] into object 'tmp_buf' of size 100
  748 |     ALIGNED_4( uint8_t tmp_buf[100] );
      |                        ^~~~~~~
In function 'bs_realign',
    inlined from 'x264_10_sei_alternative_transfer_write' at encoder/set.c:769:5:
./common/bitstream.h:120:23: warning: array subscript 0 is outside array bounds of 'uint8_t[100]' [-Warray-bounds=]
  120 |         s->cur_bits = endian_fix32( M32(s->p) );
      |                       ^~~~~~~~~~~~~~~~~~~~~~~~~
encoder/set.c: In function 'x264_10_sei_alternative_transfer_write':
encoder/set.c:765:24: note: at offset [-3, -1] into object 'tmp_buf' of size 100
  765 |     ALIGNED_4( uint8_t tmp_buf[100] );
      |                        ^~~~~~~
In function 'bs_realign',
    inlined from 'x264_10_sei_dec_ref_pic_marking_write' at encoder/set.c:797:5:
./common/bitstream.h:120:23: warning: array subscript 0 is outside array bounds of 'uint8_t[100]' [-Warray-bounds=]
  120 |         s->cur_bits = endian_fix32( M32(s->p) );
      |                       ^~~~~~~~~~~~~~~~~~~~~~~~~
encoder/set.c: In function 'x264_10_sei_dec_ref_pic_marking_write':
encoder/set.c:793:24: note: at offset [-3, -1] into object 'tmp_buf' of size 100
  793 |     ALIGNED_4( uint8_t tmp_buf[100] );
      |                        ^~~~~~~
gcc -Wno-maybe-uninitialized -Wshadow -O3 -ffast-math -m64 -O2 -m64 -march=x86-64 -mtune=generic -flto=auto -ffat-lto-objects -Wall -I. -I. -std=gnu99 -D_GNU_SOURCE -mpreferred-stack-boundary=6       -fPIC -fomit-frame-pointer -flto -fno-tree-vectorize -fvisibility=hidden  -DX264_API_EXPORTS -c encoder/encoder.c -o encoder/encoder-10.o -DHIGH_BIT_DEPTH=1 -DBIT_DEPTH=10
gcc -Wno-maybe-uninitialized -Wshadow -O3 -ffast-math -m64 -O2 -m64 -march=x86-64 -mtune=generic -flto=auto -ffat-lto-objects -Wall -I. -I. -std=gnu99 -D_GNU_SOURCE -mpreferred-stack-boundary=6       -fPIC -fomit-frame-pointer -flto -fno-tree-vectorize -fvisibility=hidden  -DX264_API_EXPORTS -c encoder/lookahead.c -o encoder/lookahead-10.o -DHIGH_BIT_DEPTH=1 -DBIT_DEPTH=10
gcc -Wno-maybe-uninitialized -Wshadow -O3 -ffast-math -m64 -O2 -m64 -march=x86-64 -mtune=generic -flto=auto -ffat-lto-objects -Wall -I. -I. -std=gnu99 -D_GNU_SOURCE -mpreferred-stack-boundary=6       -fPIC -fomit-frame-pointer -flto -fno-tree-vectorize -fvisibility=hidden  -DX264_API_EXPORTS -c common/threadpool.c -o common/threadpool-10.o -DHIGH_BIT_DEPTH=1 -DBIT_DEPTH=10
gcc -Wno-maybe-uninitialized -Wshadow -O3 -ffast-math -m64 -O2 -m64 -march=x86-64 -mtune=generic -flto=auto -ffat-lto-objects -Wall -I. -I. -std=gnu99 -D_GNU_SOURCE -mpreferred-stack-boundary=6       -fPIC -fomit-frame-pointer -flto -fno-tree-vectorize -fvisibility=hidden  -DX264_API_EXPORTS -c common/x86/mc-c.c -o common/x86/mc-c-10.o -DHIGH_BIT_DEPTH=1 -DBIT_DEPTH=10
gcc -Wno-maybe-uninitialized -Wshadow -O3 -ffast-math -m64 -O2 -m64 -march=x86-64 -mtune=generic -flto=auto -ffat-lto-objects -Wall -I. -I. -std=gnu99 -D_GNU_SOURCE -mpreferred-stack-boundary=6       -fPIC -fomit-frame-pointer -flto -fno-tree-vectorize -fvisibility=hidden  -DX264_API_EXPORTS -c common/x86/predict-c.c -o common/x86/predict-c-10.o -DHIGH_BIT_DEPTH=1 -DBIT_DEPTH=10
nasm -I. -I. -DARCH_X86_64=1 -I./common/x86/ -f elf64 -DSTACK_ALIGNMENT=64 -DPIC -o common/x86/cpu-a.o common/x86/cpu-a.asm
nasm -I. -I. -DARCH_X86_64=1 -I./common/x86/ -f elf64 -DSTACK_ALIGNMENT=64 -DPIC -o common/x86/dct-64-8.o common/x86/dct-64.asm -DBIT_DEPTH=8 -Dprivate_prefix=x264_8
nasm -I. -I. -DARCH_X86_64=1 -I./common/x86/ -f elf64 -DSTACK_ALIGNMENT=64 -DPIC -o common/x86/trellis-64-8.o common/x86/trellis-64.asm -DBIT_DEPTH=8 -Dprivate_prefix=x264_8
nasm -I. -I. -DARCH_X86_64=1 -I./common/x86/ -f elf64 -DSTACK_ALIGNMENT=64 -DPIC -o common/x86/bitstream-a-8.o common/x86/bitstream-a.asm -DBIT_DEPTH=8 -Dprivate_prefix=x264_8
nasm -I. -I. -DARCH_X86_64=1 -I./common/x86/ -f elf64 -DSTACK_ALIGNMENT=64 -DPIC -o common/x86/const-a-8.o common/x86/const-a.asm -DBIT_DEPTH=8 -Dprivate_prefix=x264_8
nasm -I. -I. -DARCH_X86_64=1 -I./common/x86/ -f elf64 -DSTACK_ALIGNMENT=64 -DPIC -o common/x86/cabac-a-8.o common/x86/cabac-a.asm -DBIT_DEPTH=8 -Dprivate_prefix=x264_8
nasm -I. -I. -DARCH_X86_64=1 -I./common/x86/ -f elf64 -DSTACK_ALIGNMENT=64 -DPIC -o common/x86/dct-a-8.o common/x86/dct-a.asm -DBIT_DEPTH=8 -Dprivate_prefix=x264_8
nasm -I. -I. -DARCH_X86_64=1 -I./common/x86/ -f elf64 -DSTACK_ALIGNMENT=64 -DPIC -o common/x86/deblock-a-8.o common/x86/deblock-a.asm -DBIT_DEPTH=8 -Dprivate_prefix=x264_8
nasm -I. -I. -DARCH_X86_64=1 -I./common/x86/ -f elf64 -DSTACK_ALIGNMENT=64 -DPIC -o common/x86/mc-a-8.o common/x86/mc-a.asm -DBIT_DEPTH=8 -Dprivate_prefix=x264_8
nasm -I. -I. -DARCH_X86_64=1 -I./common/x86/ -f elf64 -DSTACK_ALIGNMENT=64 -DPIC -o common/x86/mc-a2-8.o common/x86/mc-a2.asm -DBIT_DEPTH=8 -Dprivate_prefix=x264_8
nasm -I. -I. -DARCH_X86_64=1 -I./common/x86/ -f elf64 -DSTACK_ALIGNMENT=64 -DPIC -o common/x86/pixel-a-8.o common/x86/pixel-a.asm -DBIT_DEPTH=8 -Dprivate_prefix=x264_8
nasm -I. -I. -DARCH_X86_64=1 -I./common/x86/ -f elf64 -DSTACK_ALIGNMENT=64 -DPIC -o common/x86/predict-a-8.o common/x86/predict-a.asm -DBIT_DEPTH=8 -Dprivate_prefix=x264_8
nasm -I. -I. -DARCH_X86_64=1 -I./common/x86/ -f elf64 -DSTACK_ALIGNMENT=64 -DPIC -o common/x86/quant-a-8.o common/x86/quant-a.asm -DBIT_DEPTH=8 -Dprivate_prefix=x264_8
nasm -I. -I. -DARCH_X86_64=1 -I./common/x86/ -f elf64 -DSTACK_ALIGNMENT=64 -DPIC -o common/x86/sad-a-8.o common/x86/sad-a.asm -DBIT_DEPTH=8 -Dprivate_prefix=x264_8
nasm -I. -I. -DARCH_X86_64=1 -I./common/x86/ -f elf64 -DSTACK_ALIGNMENT=64 -DPIC -o common/x86/dct-64-10.o common/x86/dct-64.asm -DBIT_DEPTH=10 -Dprivate_prefix=x264_10
nasm -I. -I. -DARCH_X86_64=1 -I./common/x86/ -f elf64 -DSTACK_ALIGNMENT=64 -DPIC -o common/x86/trellis-64-10.o common/x86/trellis-64.asm -DBIT_DEPTH=10 -Dprivate_prefix=x264_10
nasm -I. -I. -DARCH_X86_64=1 -I./common/x86/ -f elf64 -DSTACK_ALIGNMENT=64 -DPIC -o common/x86/bitstream-a-10.o common/x86/bitstream-a.asm -DBIT_DEPTH=10 -Dprivate_prefix=x264_10
nasm -I. -I. -DARCH_X86_64=1 -I./common/x86/ -f elf64 -DSTACK_ALIGNMENT=64 -DPIC -o common/x86/const-a-10.o common/x86/const-a.asm -DBIT_DEPTH=10 -Dprivate_prefix=x264_10
nasm -I. -I. -DARCH_X86_64=1 -I./common/x86/ -f elf64 -DSTACK_ALIGNMENT=64 -DPIC -o common/x86/cabac-a-10.o common/x86/cabac-a.asm -DBIT_DEPTH=10 -Dprivate_prefix=x264_10
nasm -I. -I. -DARCH_X86_64=1 -I./common/x86/ -f elf64 -DSTACK_ALIGNMENT=64 -DPIC -o common/x86/dct-a-10.o common/x86/dct-a.asm -DBIT_DEPTH=10 -Dprivate_prefix=x264_10
nasm -I. -I. -DARCH_X86_64=1 -I./common/x86/ -f elf64 -DSTACK_ALIGNMENT=64 -DPIC -o common/x86/deblock-a-10.o common/x86/deblock-a.asm -DBIT_DEPTH=10 -Dprivate_prefix=x264_10
nasm -I. -I. -DARCH_X86_64=1 -I./common/x86/ -f elf64 -DSTACK_ALIGNMENT=64 -DPIC -o common/x86/mc-a-10.o common/x86/mc-a.asm -DBIT_DEPTH=10 -Dprivate_prefix=x264_10
nasm -I. -I. -DARCH_X86_64=1 -I./common/x86/ -f elf64 -DSTACK_ALIGNMENT=64 -DPIC -o common/x86/mc-a2-10.o common/x86/mc-a2.asm -DBIT_DEPTH=10 -Dprivate_prefix=x264_10
nasm -I. -I. -DARCH_X86_64=1 -I./common/x86/ -f elf64 -DSTACK_ALIGNMENT=64 -DPIC -o common/x86/pixel-a-10.o common/x86/pixel-a.asm -DBIT_DEPTH=10 -Dprivate_prefix=x264_10
nasm -I. -I. -DARCH_X86_64=1 -I./common/x86/ -f elf64 -DSTACK_ALIGNMENT=64 -DPIC -o common/x86/predict-a-10.o common/x86/predict-a.asm -DBIT_DEPTH=10 -Dprivate_prefix=x264_10
nasm -I. -I. -DARCH_X86_64=1 -I./common/x86/ -f elf64 -DSTACK_ALIGNMENT=64 -DPIC -o common/x86/quant-a-10.o common/x86/quant-a.asm -DBIT_DEPTH=10 -Dprivate_prefix=x264_10
nasm -I. -I. -DARCH_X86_64=1 -I./common/x86/ -f elf64 -DSTACK_ALIGNMENT=64 -DPIC -o common/x86/sad16-a-10.o common/x86/sad16-a.asm -DBIT_DEPTH=10 -Dprivate_prefix=x264_10
gcc -o libx264.so.164 common/osdep.o common/base.o common/cpu.o common/tables.o encoder/api.o common/mc-8.o common/predict-8.o common/pixel-8.o common/macroblock-8.o common/frame-8.o common/dct-8.o common/cabac-8.o common/common-8.o common/rectangle-8.o common/set-8.o common/quant-8.o common/deblock-8.o common/vlc-8.o common/mvpred-8.o common/bitstream-8.o encoder/analyse-8.o encoder/me-8.o encoder/ratecontrol-8.o encoder/set-8.o encoder/macroblock-8.o encoder/cabac-8.o encoder/cavlc-8.o encoder/encoder-8.o encoder/lookahead-8.o common/threadpool-8.o common/x86/mc-c-8.o common/x86/predict-c-8.o common/opencl-8.o encoder/slicetype-cl-8.o common/mc-10.o common/predict-10.o common/pixel-10.o common/macroblock-10.o common/frame-10.o common/dct-10.o common/cabac-10.o common/common-10.o common/rectangle-10.o common/set-10.o common/quant-10.o common/deblock-10.o common/vlc-10.o common/mvpred-10.o common/bitstream-10.o encoder/analyse-10.o encoder/me-10.o encoder/ratecontrol-10.o encoder/set-10.o encoder/macroblock-10.o encoder/cabac-10.o encoder/cavlc-10.o encoder/encoder-10.o encoder/lookahead-10.o common/threadpool-10.o common/x86/mc-c-10.o common/x86/predict-c-10.o common/x86/cpu-a.o common/x86/dct-64-8.o common/x86/trellis-64-8.o common/x86/bitstream-a-8.o common/x86/const-a-8.o common/x86/cabac-a-8.o common/x86/dct-a-8.o common/x86/deblock-a-8.o common/x86/mc-a-8.o common/x86/mc-a2-8.o common/x86/pixel-a-8.o common/x86/predict-a-8.o common/x86/quant-a-8.o common/x86/sad-a-8.o common/x86/dct-64-10.o common/x86/trellis-64-10.o common/x86/bitstream-a-10.o common/x86/const-a-10.o common/x86/cabac-a-10.o common/x86/dct-a-10.o common/x86/deblock-a-10.o common/x86/mc-a-10.o common/x86/mc-a2-10.o common/x86/pixel-a-10.o common/x86/predict-a-10.o common/x86/quant-a-10.o common/x86/sad16-a-10.o  -shared -Wl,-soname,libx264.so.164  -Wl,-Bsymbolic -m64  -lm -lpthread -O3 -flto -ldl 
gcc -o x264 x264.o autocomplete.o input/input.o input/timecode.o input/raw.o input/y4m.o output/raw.o output/matroska.o output/matroska_ebml.o output/flv.o output/flv_bytestream.o filters/filters.o filters/video/video.o filters/video/source.o filters/video/internal.o filters/video/resize.o filters/video/fix_vfr_pts.o filters/video/select_every.o filters/video/crop.o input/avs.o input/lavf.o output/mp4_lsmash.o filters/video/cache-8.o filters/video/depth-8.o input/thread-8.o filters/video/cache-10.o filters/video/depth-10.o input/thread-10.o libx264.so.164 -ldl  -llsmash  -lavformat -lavcodec -lavutil  -lswscale -lavutil  -m64  -lm -lpthread -O3 -flto -ldl 
input/timecode.c: In function 'parse_tcfile':
input/timecode.c:269:20: warning: argument 1 range [18446744056529682432, 18446744073709551600] exceeds maximum object size 9223372036854775807 [-Walloc-size-larger-than=]
  269 |             fpss = malloc( (timecodes_num - 1) * sizeof(double) );
      |                    ^
/usr/include/stdlib.h:672:14: note: in a call to allocation function 'malloc' declared here
  672 | extern void *malloc (size_t __size) __THROW __attribute_malloc__
      |              ^
+ make DESTDIR=/home/devel/building/work/pkg bindir=/usr/bin libdir=/usr/lib includedir=/usr/include install
install -d /home/devel/building/work/pkg/usr/bin
install -d /home/devel/building/work/pkg/usr/include
install x264 /home/devel/building/work/pkg/usr/bin
install -d /home/devel/building/work/pkg/usr/lib/pkgconfig
install -m 644 ./x264.h x264_config.h /home/devel/building/work/pkg/usr/include
install -m 644 x264.pc /home/devel/building/work/pkg/usr/lib/pkgconfig
install -d /home/devel/building/work/pkg/usr/lib
ln -f -s libx264.so.164 /home/devel/building/work/pkg/usr/lib/libx264.so
install -m 755 libx264.so.164 /home/devel/building/work/pkg/usr/lib
=======> Build result:
drwxr-xr-x  0 root   root        0 Feb  1 20:18 usr/
drwxr-xr-x  0 root   root        0 Feb  1 20:18 usr/bin/
drwxr-xr-x  0 root   root        0 Feb  1 20:18 usr/include/
drwxr-xr-x  0 root   root        0 Feb  1 20:18 usr/lib/
drwxr-xr-x  0 root   root        0 Feb  1 20:18 usr/lib/pkgconfig/
lrwxrwxrwx  0 root   root        0 Feb  1 20:18 usr/lib/libx264.so -> libx264.so.164
-rwxr-xr-x  0 root   root  1867256 Feb  1 20:18 usr/lib/libx264.so.164
-rw-r--r--  0 root   root      280 Feb  1 20:18 usr/lib/pkgconfig/x264.pc
-rw-r--r--  0 root   root    48650 Feb  1 20:18 usr/include/x264.h
-rw-r--r--  0 root   root      172 Feb  1 20:18 usr/include/x264_config.h
-rwxr-xr-x  0 root   root   156880 Feb  1 20:18 usr/bin/x264
=======> Building '/home/devel/packages/x264#0.164.x.20221005-1.x86_64.pkg.tar.zst' succeeded.
prt-get: Using PKGMK_PACKAGE_DIR: /home/devel/packages
prt-get: reinstalling x264 0.164.x.20221005-1
prt-get: /usr/bin/pkgadd -u x264#0.164.x.20221005-1.x86_64.pkg.tar.zst
prt-get: build done Thu Feb  1 20:18:35 2024

