prt-get: updating /usr/ports/wayland-x86_64/xcb-util-renderutil
prt-get: starting build Thu Feb  1 20:19:30 2024
=======> Building '/home/devel/packages/xcb-util-renderutil#0.3.10-1.x86_64.pkg.tar.zst'.
bsdtar -p -o -C /home/devel/building/work/src -xf /home/devel/sources/xcb-util-renderutil-0.3.10.tar.xz
+ build
+ cd xcb-util-renderutil-0.3.10
+ ./configure --build=x86_64-unknown-linux-gnu --host=x86_64-unknown-linux-gnu --prefix=/usr --disable-static
checking for a BSD-compatible install... /usr/bin/install -c
checking whether build environment is sane... yes
checking for a race-free mkdir -p... /bin/mkdir -p
checking for gawk... gawk
checking whether make sets $(MAKE)... yes
checking whether make supports nested variables... yes
checking build system type... x86_64-unknown-linux-gnu
checking host system type... x86_64-unknown-linux-gnu
checking how to print strings... printf
checking whether make supports the include directive... yes (GNU style)
checking for x86_64-unknown-linux-gnu-gcc... x86_64-unknown-linux-gnu-gcc
checking whether the C compiler works... yes
checking for C compiler default output file name... a.out
checking for suffix of executables... 
checking whether we are cross compiling... no
checking for suffix of object files... o
checking whether the compiler supports GNU C... yes
checking whether x86_64-unknown-linux-gnu-gcc accepts -g... yes
checking for x86_64-unknown-linux-gnu-gcc option to enable C11 features... none needed
checking whether x86_64-unknown-linux-gnu-gcc understands -c and -o together... yes
checking dependency style of x86_64-unknown-linux-gnu-gcc... gcc3
checking for a sed that does not truncate output... /bin/sed
checking for grep that handles long lines and -e... /usr/bin/grep
checking for egrep... /usr/bin/grep -E
checking for fgrep... /usr/bin/grep -F
checking for ld used by x86_64-unknown-linux-gnu-gcc... /usr/bin/ld
checking if the linker (/usr/bin/ld) is GNU ld... yes
checking for BSD- or MS-compatible name lister (nm)... /usr/bin/x86_64-unknown-linux-gnu-nm -B
checking the name lister (/usr/bin/x86_64-unknown-linux-gnu-nm -B) interface... BSD nm
checking whether ln -s works... yes
checking the maximum length of command line arguments... 1572864
checking how to convert x86_64-unknown-linux-gnu file names to x86_64-unknown-linux-gnu format... func_convert_file_noop
checking how to convert x86_64-unknown-linux-gnu file names to toolchain format... func_convert_file_noop
checking for /usr/bin/ld option to reload object files... -r
checking for x86_64-unknown-linux-gnu-file... no
checking for file... file
checking for x86_64-unknown-linux-gnu-objdump... x86_64-unknown-linux-gnu-objdump
checking how to recognize dependent libraries... pass_all
checking for x86_64-unknown-linux-gnu-dlltool... no
checking for dlltool... no
checking how to associate runtime and link libraries... printf %s\n
checking for x86_64-unknown-linux-gnu-ar... x86_64-unknown-linux-gnu-ar
checking for archiver @FILE support... @
checking for x86_64-unknown-linux-gnu-strip... x86_64-unknown-linux-gnu-strip
checking for x86_64-unknown-linux-gnu-ranlib... x86_64-unknown-linux-gnu-ranlib
checking command to parse /usr/bin/x86_64-unknown-linux-gnu-nm -B output from x86_64-unknown-linux-gnu-gcc object... ok
checking for sysroot... no
checking for a working dd... /bin/dd
checking how to truncate binary pipes... /bin/dd bs=4096 count=1
checking for x86_64-unknown-linux-gnu-mt... no
checking for mt... no
checking if : is a manifest tool... no
checking for stdio.h... yes
checking for stdlib.h... yes
checking for string.h... yes
checking for inttypes.h... yes
checking for stdint.h... yes
checking for strings.h... yes
checking for sys/stat.h... yes
checking for sys/types.h... yes
checking for unistd.h... yes
checking for dlfcn.h... yes
checking for objdir... .libs
checking if x86_64-unknown-linux-gnu-gcc supports -fno-rtti -fno-exceptions... no
checking for x86_64-unknown-linux-gnu-gcc option to produce PIC... -fPIC -DPIC
checking if x86_64-unknown-linux-gnu-gcc PIC flag -fPIC -DPIC works... yes
checking if x86_64-unknown-linux-gnu-gcc static flag -static works... yes
checking if x86_64-unknown-linux-gnu-gcc supports -c -o file.o... yes
checking if x86_64-unknown-linux-gnu-gcc supports -c -o file.o... (cached) yes
checking whether the x86_64-unknown-linux-gnu-gcc linker (/usr/bin/ld -m elf_x86_64) supports shared libraries... yes
checking whether -lc should be explicitly linked in... no
checking dynamic linker characteristics... GNU/Linux ld.so
checking how to hardcode library paths into programs... immediate
checking whether stripping libraries is possible... yes
checking if libtool supports shared libraries... yes
checking whether to build shared libraries... yes
checking whether to build static libraries... no
checking for x86_64-unknown-linux-gnu-pkg-config... /usr/bin/x86_64-unknown-linux-gnu-pkg-config
checking pkg-config is at least version 0.9.0... yes
checking for x86_64-unknown-linux-gnu-gcc options needed to detect all undeclared functions... none needed
checking whether __clang__ is declared... no
checking whether __INTEL_COMPILER is declared... no
checking whether __SUNPRO_C is declared... no
checking for XCB... yes
checking whether libxcb was compiled against xcb-proto >= 1.6... checking for gawk... (cached) gawk
yes
checking if x86_64-unknown-linux-gnu-gcc supports -Werror=unknown-warning-option... no
checking if x86_64-unknown-linux-gnu-gcc supports -Werror=unused-command-line-argument... no
checking if x86_64-unknown-linux-gnu-gcc supports -Wall... yes
checking if x86_64-unknown-linux-gnu-gcc supports -Wpointer-arith... yes
checking if x86_64-unknown-linux-gnu-gcc supports -Wmissing-declarations... yes
checking if x86_64-unknown-linux-gnu-gcc supports -Wformat=2... yes
checking if x86_64-unknown-linux-gnu-gcc supports -Wstrict-prototypes... yes
checking if x86_64-unknown-linux-gnu-gcc supports -Wmissing-prototypes... yes
checking if x86_64-unknown-linux-gnu-gcc supports -Wnested-externs... yes
checking if x86_64-unknown-linux-gnu-gcc supports -Wbad-function-cast... yes
checking if x86_64-unknown-linux-gnu-gcc supports -Wold-style-definition... yes
checking if x86_64-unknown-linux-gnu-gcc supports -Wdeclaration-after-statement... yes
checking if x86_64-unknown-linux-gnu-gcc supports -Wunused... yes
checking if x86_64-unknown-linux-gnu-gcc supports -Wuninitialized... yes
checking if x86_64-unknown-linux-gnu-gcc supports -Wshadow... yes
checking if x86_64-unknown-linux-gnu-gcc supports -Wmissing-noreturn... yes
checking if x86_64-unknown-linux-gnu-gcc supports -Wmissing-format-attribute... yes
checking if x86_64-unknown-linux-gnu-gcc supports -Wredundant-decls... yes
checking if x86_64-unknown-linux-gnu-gcc supports -Wlogical-op... yes
checking if x86_64-unknown-linux-gnu-gcc supports -Werror=implicit... yes
checking if x86_64-unknown-linux-gnu-gcc supports -Werror=nonnull... yes
checking if x86_64-unknown-linux-gnu-gcc supports -Werror=init-self... yes
checking if x86_64-unknown-linux-gnu-gcc supports -Werror=main... yes
checking if x86_64-unknown-linux-gnu-gcc supports -Werror=missing-braces... yes
checking if x86_64-unknown-linux-gnu-gcc supports -Werror=sequence-point... yes
checking if x86_64-unknown-linux-gnu-gcc supports -Werror=return-type... yes
checking if x86_64-unknown-linux-gnu-gcc supports -Werror=trigraphs... yes
checking if x86_64-unknown-linux-gnu-gcc supports -Werror=array-bounds... yes
checking if x86_64-unknown-linux-gnu-gcc supports -Werror=write-strings... yes
checking if x86_64-unknown-linux-gnu-gcc supports -Werror=address... yes
checking if x86_64-unknown-linux-gnu-gcc supports -Werror=int-to-pointer-cast... yes
checking if x86_64-unknown-linux-gnu-gcc supports -Werror=pointer-to-int-cast... yes
checking if x86_64-unknown-linux-gnu-gcc supports -pedantic... yes
checking if x86_64-unknown-linux-gnu-gcc supports -Werror... yes
checking if x86_64-unknown-linux-gnu-gcc supports -Werror=attributes... yes
Package xorg-macros was not found in the pkg-config search path.
Perhaps you should add the directory containing `xorg-macros.pc'
to the PKG_CONFIG_PATH environment variable
Package 'xorg-macros', required by 'virtual:world', not found
checking whether make supports nested variables... (cached) yes
checking whether to build developer documentation... yes
checking for doxygen... no
configure: WARNING: doxygen not found - documentation targets will be skipped
checking for XCB_RENDER... yes
checking that generated files are newer than configure... done
configure: creating ./config.status
config.status: creating Makefile
config.status: creating renderutil/Makefile
config.status: creating renderutil/xcb-renderutil.pc
config.status: creating config.h
config.status: executing depfiles commands
config.status: executing libtool commands
+ make V=1
make  all-recursive
make[1]: Entering directory '/home/devel/building/work/src/xcb-util-renderutil-0.3.10'
Making all in renderutil
make[2]: Entering directory '/home/devel/building/work/src/xcb-util-renderutil-0.3.10/renderutil'
/bin/sh ../libtool  --tag=CC   --mode=compile x86_64-unknown-linux-gnu-gcc -DHAVE_CONFIG_H -I. -I..     -Wall -Wpointer-arith -Wmissing-declarations -Wformat=2 -Wstrict-prototypes -Wmissing-prototypes -Wnested-externs -Wbad-function-cast -Wold-style-definition -Wdeclaration-after-statement -Wunused -Wuninitialized -Wshadow -Wmissing-noreturn -Wmissing-format-attribute -Wredundant-decls -Wlogical-op -Werror=implicit -Werror=nonnull -Werror=init-self -Werror=main -Werror=missing-braces -Werror=sequence-point -Werror=return-type -Werror=trigraphs -Werror=array-bounds -Werror=write-strings -Werror=address -Werror=int-to-pointer-cast -Werror=pointer-to-int-cast -O2 -m64 -march=x86-64 -mtune=generic -flto=auto -ffat-lto-objects -MT cache.lo -MD -MP -MF .deps/cache.Tpo -c -o cache.lo cache.c
/bin/sh ../libtool  --tag=CC   --mode=compile x86_64-unknown-linux-gnu-gcc -DHAVE_CONFIG_H -I. -I..     -Wall -Wpointer-arith -Wmissing-declarations -Wformat=2 -Wstrict-prototypes -Wmissing-prototypes -Wnested-externs -Wbad-function-cast -Wold-style-definition -Wdeclaration-after-statement -Wunused -Wuninitialized -Wshadow -Wmissing-noreturn -Wmissing-format-attribute -Wredundant-decls -Wlogical-op -Werror=implicit -Werror=nonnull -Werror=init-self -Werror=main -Werror=missing-braces -Werror=sequence-point -Werror=return-type -Werror=trigraphs -Werror=array-bounds -Werror=write-strings -Werror=address -Werror=int-to-pointer-cast -Werror=pointer-to-int-cast -O2 -m64 -march=x86-64 -mtune=generic -flto=auto -ffat-lto-objects -MT util.lo -MD -MP -MF .deps/util.Tpo -c -o util.lo util.c
/bin/sh ../libtool  --tag=CC   --mode=compile x86_64-unknown-linux-gnu-gcc -DHAVE_CONFIG_H -I. -I..     -Wall -Wpointer-arith -Wmissing-declarations -Wformat=2 -Wstrict-prototypes -Wmissing-prototypes -Wnested-externs -Wbad-function-cast -Wold-style-definition -Wdeclaration-after-statement -Wunused -Wuninitialized -Wshadow -Wmissing-noreturn -Wmissing-format-attribute -Wredundant-decls -Wlogical-op -Werror=implicit -Werror=nonnull -Werror=init-self -Werror=main -Werror=missing-braces -Werror=sequence-point -Werror=return-type -Werror=trigraphs -Werror=array-bounds -Werror=write-strings -Werror=address -Werror=int-to-pointer-cast -Werror=pointer-to-int-cast -O2 -m64 -march=x86-64 -mtune=generic -flto=auto -ffat-lto-objects -MT glyph.lo -MD -MP -MF .deps/glyph.Tpo -c -o glyph.lo glyph.c
libtool: compile:  x86_64-unknown-linux-gnu-gcc -DHAVE_CONFIG_H -I. -I.. -Wall -Wpointer-arith -Wmissing-declarations -Wformat=2 -Wstrict-prototypes -Wmissing-prototypes -Wnested-externs -Wbad-function-cast -Wold-style-definition -Wdeclaration-after-statement -Wunused -Wuninitialized -Wshadow -Wmissing-noreturn -Wmissing-format-attribute -Wredundant-decls -Wlogical-op -Werror=implicit -Werror=nonnull -Werror=init-self -Werror=main -Werror=missing-braces -Werror=sequence-point -Werror=return-type -Werror=trigraphs -Werror=array-bounds -Werror=write-strings -Werror=address -Werror=int-to-pointer-cast -Werror=pointer-to-int-cast -O2 -m64 -march=x86-64 -mtune=generic -flto=auto -ffat-lto-objects -MT cache.lo -MD -MP -MF .deps/cache.Tpo -c cache.c  -fPIC -DPIC -o .libs/cache.o
libtool: compile:  x86_64-unknown-linux-gnu-gcc -DHAVE_CONFIG_H -I. -I.. -Wall -Wpointer-arith -Wmissing-declarations -Wformat=2 -Wstrict-prototypes -Wmissing-prototypes -Wnested-externs -Wbad-function-cast -Wold-style-definition -Wdeclaration-after-statement -Wunused -Wuninitialized -Wshadow -Wmissing-noreturn -Wmissing-format-attribute -Wredundant-decls -Wlogical-op -Werror=implicit -Werror=nonnull -Werror=init-self -Werror=main -Werror=missing-braces -Werror=sequence-point -Werror=return-type -Werror=trigraphs -Werror=array-bounds -Werror=write-strings -Werror=address -Werror=int-to-pointer-cast -Werror=pointer-to-int-cast -O2 -m64 -march=x86-64 -mtune=generic -flto=auto -ffat-lto-objects -MT util.lo -MD -MP -MF .deps/util.Tpo -c util.c  -fPIC -DPIC -o .libs/util.o
libtool: compile:  x86_64-unknown-linux-gnu-gcc -DHAVE_CONFIG_H -I. -I.. -Wall -Wpointer-arith -Wmissing-declarations -Wformat=2 -Wstrict-prototypes -Wmissing-prototypes -Wnested-externs -Wbad-function-cast -Wold-style-definition -Wdeclaration-after-statement -Wunused -Wuninitialized -Wshadow -Wmissing-noreturn -Wmissing-format-attribute -Wredundant-decls -Wlogical-op -Werror=implicit -Werror=nonnull -Werror=init-self -Werror=main -Werror=missing-braces -Werror=sequence-point -Werror=return-type -Werror=trigraphs -Werror=array-bounds -Werror=write-strings -Werror=address -Werror=int-to-pointer-cast -Werror=pointer-to-int-cast -O2 -m64 -march=x86-64 -mtune=generic -flto=auto -ffat-lto-objects -MT glyph.lo -MD -MP -MF .deps/glyph.Tpo -c glyph.c  -fPIC -DPIC -o .libs/glyph.o
mv -f .deps/util.Tpo .deps/util.Plo
mv -f .deps/cache.Tpo .deps/cache.Plo
mv -f .deps/glyph.Tpo .deps/glyph.Plo
/bin/sh ../libtool  --tag=CC   --mode=link x86_64-unknown-linux-gnu-gcc -Wall -Wpointer-arith -Wmissing-declarations -Wformat=2 -Wstrict-prototypes -Wmissing-prototypes -Wnested-externs -Wbad-function-cast -Wold-style-definition -Wdeclaration-after-statement -Wunused -Wuninitialized -Wshadow -Wmissing-noreturn -Wmissing-format-attribute -Wredundant-decls -Wlogical-op -Werror=implicit -Werror=nonnull -Werror=init-self -Werror=main -Werror=missing-braces -Werror=sequence-point -Werror=return-type -Werror=trigraphs -Werror=array-bounds -Werror=write-strings -Werror=address -Werror=int-to-pointer-cast -Werror=pointer-to-int-cast -O2 -m64 -march=x86-64 -mtune=generic -flto=auto -ffat-lto-objects -no-undefined  -o libxcb-render-util.la -rpath /usr/lib cache.lo util.lo glyph.lo -lxcb -lxcb-render 
libtool: link: x86_64-unknown-linux-gnu-gcc -shared  -fPIC -DPIC  .libs/cache.o .libs/util.o .libs/glyph.o   -lxcb -lxcb-render  -O2 -m64 -march=x86-64 -mtune=generic -flto=auto   -Wl,-soname -Wl,libxcb-render-util.so.0 -o .libs/libxcb-render-util.so.0.0.0
libtool: link: (cd ".libs" && rm -f "libxcb-render-util.so.0" && ln -s "libxcb-render-util.so.0.0.0" "libxcb-render-util.so.0")
libtool: link: (cd ".libs" && rm -f "libxcb-render-util.so" && ln -s "libxcb-render-util.so.0.0.0" "libxcb-render-util.so")
libtool: link: ( cd ".libs" && rm -f "libxcb-render-util.la" && ln -s "../libxcb-render-util.la" "libxcb-render-util.la" )
make[2]: Leaving directory '/home/devel/building/work/src/xcb-util-renderutil-0.3.10/renderutil'
make[2]: Entering directory '/home/devel/building/work/src/xcb-util-renderutil-0.3.10'
make[2]: Leaving directory '/home/devel/building/work/src/xcb-util-renderutil-0.3.10'
make[1]: Leaving directory '/home/devel/building/work/src/xcb-util-renderutil-0.3.10'
+ make DESTDIR=/home/devel/building/work/pkg install
Making install in renderutil
make[1]: Entering directory '/home/devel/building/work/src/xcb-util-renderutil-0.3.10/renderutil'
make[2]: Entering directory '/home/devel/building/work/src/xcb-util-renderutil-0.3.10/renderutil'
 /bin/mkdir -p '/home/devel/building/work/pkg/usr/lib'
 /bin/mkdir -p '/home/devel/building/work/pkg/usr/lib/pkgconfig'
 /bin/sh ../libtool   --mode=install /usr/bin/install -c   libxcb-render-util.la '/home/devel/building/work/pkg/usr/lib'
 /bin/mkdir -p '/home/devel/building/work/pkg/usr/include/xcb'
 /usr/bin/install -c -m 644 xcb-renderutil.pc '/home/devel/building/work/pkg/usr/lib/pkgconfig'
 /usr/bin/install -c -m 644 xcb_renderutil.h '/home/devel/building/work/pkg/usr/include/xcb'
libtool: install: /usr/bin/install -c .libs/libxcb-render-util.so.0.0.0 /home/devel/building/work/pkg/usr/lib/libxcb-render-util.so.0.0.0
libtool: install: (cd /home/devel/building/work/pkg/usr/lib && { ln -s -f libxcb-render-util.so.0.0.0 libxcb-render-util.so.0 || { rm -f libxcb-render-util.so.0 && ln -s libxcb-render-util.so.0.0.0 libxcb-render-util.so.0; }; })
libtool: install: (cd /home/devel/building/work/pkg/usr/lib && { ln -s -f libxcb-render-util.so.0.0.0 libxcb-render-util.so || { rm -f libxcb-render-util.so && ln -s libxcb-render-util.so.0.0.0 libxcb-render-util.so; }; })
libtool: install: /usr/bin/install -c .libs/libxcb-render-util.lai /home/devel/building/work/pkg/usr/lib/libxcb-render-util.la
libtool: warning: remember to run 'libtool --finish /usr/lib'
make[2]: Leaving directory '/home/devel/building/work/src/xcb-util-renderutil-0.3.10/renderutil'
make[1]: Leaving directory '/home/devel/building/work/src/xcb-util-renderutil-0.3.10/renderutil'
make[1]: Entering directory '/home/devel/building/work/src/xcb-util-renderutil-0.3.10'
make[2]: Entering directory '/home/devel/building/work/src/xcb-util-renderutil-0.3.10'
make[2]: Nothing to be done for 'install-exec-am'.
make[2]: Nothing to be done for 'install-data-am'.
make[2]: Leaving directory '/home/devel/building/work/src/xcb-util-renderutil-0.3.10'
make[1]: Leaving directory '/home/devel/building/work/src/xcb-util-renderutil-0.3.10'
+ find /home/devel/building/work/pkg -type f -name '*.la' -delete
=======> Build result:
drwxr-xr-x  0 root   root        0 Feb  1 20:19 usr/
drwxr-xr-x  0 root   root        0 Feb  1 20:19 usr/lib/
drwxr-xr-x  0 root   root        0 Feb  1 20:19 usr/include/
drwxr-xr-x  0 root   root        0 Feb  1 20:19 usr/include/xcb/
-rw-r--r--  0 root   root     4735 Feb  1 20:19 usr/include/xcb/xcb_renderutil.h
drwxr-xr-x  0 root   root        0 Feb  1 20:19 usr/lib/pkgconfig/
-rwxr-xr-x  0 root   root    18632 Feb  1 20:19 usr/lib/libxcb-render-util.so.0.0.0
lrwxrwxrwx  0 root   root        0 Feb  1 20:19 usr/lib/libxcb-render-util.so.0 -> libxcb-render-util.so.0.0.0
lrwxrwxrwx  0 root   root        0 Feb  1 20:19 usr/lib/libxcb-render-util.so -> libxcb-render-util.so.0.0.0
-rw-r--r--  0 root   root      273 Feb  1 20:19 usr/lib/pkgconfig/xcb-renderutil.pc
=======> Building '/home/devel/packages/xcb-util-renderutil#0.3.10-1.x86_64.pkg.tar.zst' succeeded.
prt-get: Using PKGMK_PACKAGE_DIR: /home/devel/packages
prt-get: reinstalling xcb-util-renderutil 0.3.10-1
prt-get: /usr/bin/pkgadd -u xcb-util-renderutil#0.3.10-1.x86_64.pkg.tar.zst
prt-get: build done Thu Feb  1 20:19:35 2024

