prt-get: updating /usr/ports/wayland-x86_64/yambar
prt-get: starting build Wed May  8 01:45:45 2024
=======> Building '/home/devel/packages/yambar#1.11.0-1.x86_64.pkg.tar.zst'.
bsdtar -p -o -C /home/devel/building/work/src -xf /home/devel/sources/yambar-1.11.0.tar.gz
+ build
+ cd yambar-1.11.0
+ build-meson -Dbackend-wayland=enabled -Dplugin-pulse=enabled -Dplugin-river=enabled -Dbackend-x11=disabled -Dplugin-mpd=disabled -Dplugin-pipewire=disabled -Dcore-plugins-as-shared-libraries=false . build
The Meson build system
Version: 1.4.0
Source dir: /home/devel/building/work/src/yambar-1.11.0
Build dir: /home/devel/building/work/src/yambar-1.11.0/build
Build type: native build
Project name: yambar
Project version: 1.11.0
C compiler for the host machine: cc (gcc 14.1.0 "cc (SAUX-x86_64) 14.1.0")
C linker for the host machine: cc ld.bfd 2.42
Host machine cpu family: x86_64
Host machine cpu: x86_64
Checking for function "memfd_create" : YES 
Compiler for C supports arguments -fmacro-prefix-map=/foo=: YES 
Library dl found: YES
Library m found: YES
Run-time dependency threads found: YES
Library stdthreads found: NO
Found pkg-config: YES (/usr/bin/pkg-config) 2.2.0
Found CMake: /usr/bin/cmake (3.29.2)
Run-time dependency epoll-shim found: NO (tried pkgconfig and cmake)
Run-time dependency libinotify found: NO (tried pkgconfig and cmake)
Run-time dependency pixman-1 found: YES 0.43.4
Run-time dependency yaml-0.1 found: YES 0.2.5
Dependency xcb-aux skipped: feature backend-x11 disabled
Dependency xcb-cursor skipped: feature backend-x11 disabled
Dependency xcb-event skipped: feature backend-x11 disabled
Dependency xcb-ewmh skipped: feature backend-x11 disabled
Dependency xcb-randr skipped: feature backend-x11 disabled
Dependency xcb-render skipped: feature backend-x11 disabled
Run-time dependency xcb-errors found: YES 1.0.1
Run-time dependency wayland-client found: YES 1.22.0
Run-time dependency wayland-cursor found: YES 1.22.0
Run-time dependency tllist found: YES 1.1.0
Run-time dependency fcft found: YES 3.1.8
Run-time dependency wayland-protocols found: YES 1.36
Build-time dependency wayland-scanner found: YES 1.22.0
Program /usr/bin/wayland-scanner found: YES (/usr/bin/wayland-scanner)
Program flex found: YES (/usr/bin/flex)
Program bison found: YES (/usr/bin/bison)
Run-time dependency alsa found: YES 1.2.11
Run-time dependency libudev found: YES 251
Dependency libudev found: YES 251 (cached)
Dependency libmpdclient skipped: feature plugin-mpd disabled
Run-time dependency json-c found: YES 0.17
Dependency libpipewire-0.3 skipped: feature plugin-pipewire disabled
Dependency json-c skipped: feature plugin-pipewire disabled
Run-time dependency libpulse found: YES 17.0
Dependency libudev found: YES 251 (cached)
Dependency json-c found: YES 0.17 (cached)
Run-time dependency xcb-xkb found: YES 1.17.0
Program sh found: YES (/bin/sh)
Build-time dependency scdoc found: YES 1.11.3
Program /usr/bin/scdoc found: YES (/usr/bin/scdoc)
Program env found: YES (/usr/bin/env)
Build targets in project: 37

yambar 1.11.0

    Build type                                    : plain
    XCB backend                                   : NO
    Wayland backend                               : YES
    Core modules as plugins                       : NO

  Optional modules
    ALSA                                          : YES
    Backlight                                     : YES
    Battery                                       : YES
    Clock                                         : YES
    CPU monitoring                                : YES
    Disk I/O monitoring                           : YES
    dwl (dwm for Wayland)                         : YES
    Foreign toplevel (window tracking for Wayland): YES
    Memory monitoring                             : YES
    Music Player Daemon (MPD)                     : NO
    i3+Sway                                       : YES
    Label                                         : YES
    Network monitoring                            : YES
    Pipewire                                      : NO
    PulseAudio                                    : YES
    Removables monitoring                         : YES
    River                                         : YES
    Script                                        : YES
    Sway XKB keyboard                             : YES
    XKB keyboard (for X11)                        : NO
    XWindow (window tracking for X11)             : NO

  User defined options
    auto_features                                 : auto
    bindir                                        : /usr/bin
    buildtype                                     : plain
    datadir                                       : /usr/share
    includedir                                    : /usr/include
    libdir                                        : /usr/lib
    libexecdir                                    : /usr/lib
    localstatedir                                 : /var
    mandir                                        : /usr/share/man
    prefix                                        : /usr
    sbindir                                       : /usr/sbin
    sharedstatedir                                : /var/lib
    sysconfdir                                    : /etc
    werror                                        : false
    wrap_mode                                     : nodownload
    python.bytecompile                            : 0
    b_lto                                         : false
    b_pie                                         : true
    b_staticpic                                   : true
    backend-wayland                               : enabled
    backend-x11                                   : disabled
    core-plugins-as-shared-libraries              : false
    plugin-mpd                                    : disabled
    plugin-pipewire                               : disabled
    plugin-pulse                                  : enabled
    plugin-river                                  : enabled

Found ninja-1.9 at /usr/bin/ninja
+ meson compile -j 8 -v -C build
ninja: entering directory '/home/devel/building/work/src/yambar-1.11.0/build'
[1/88] /usr/bin/meson --internal exe --capture doc/yambar-modules-sway-xkb.5 -- /bin/sh -c '/usr/bin/scdoc < ../doc/yambar-modules-sway-xkb.5.scd'
[2/88] /usr/bin/meson --internal exe --capture doc/yambar-modules-script.5 -- /bin/sh -c '/usr/bin/scdoc < ../doc/yambar-modules-script.5.scd'
[3/88] /usr/bin/meson --internal exe --capture doc/yambar-modules-river.5 -- /bin/sh -c '/usr/bin/scdoc < ../doc/yambar-modules-river.5.scd'
[4/88] /usr/bin/meson --internal exe --capture doc/yambar-modules-removables.5 -- /bin/sh -c '/usr/bin/scdoc < ../doc/yambar-modules-removables.5.scd'
[5/88] /usr/bin/meson --internal exe --capture doc/yambar-modules-pulse.5 -- /bin/sh -c '/usr/bin/scdoc < ../doc/yambar-modules-pulse.5.scd'
[6/88] /usr/bin/meson --internal exe --capture doc/yambar-modules-network.5 -- /bin/sh -c '/usr/bin/scdoc < ../doc/yambar-modules-network.5.scd'
[7/88] /usr/bin/meson --internal exe --capture doc/yambar-modules-label.5 -- /bin/sh -c '/usr/bin/scdoc < ../doc/yambar-modules-label.5.scd'
[8/88] /usr/bin/meson --internal exe --capture doc/yambar-modules-sway.5 -- /bin/sh -c '/usr/bin/scdoc < ../doc/yambar-modules-sway.5.scd'
[9/88] /usr/bin/meson --internal exe --capture doc/yambar-modules-i3.5 -- /bin/sh -c '/usr/bin/scdoc < ../doc/yambar-modules-i3.5.scd'
[10/88] /usr/bin/meson --internal exe --capture doc/yambar-modules-mem.5 -- /bin/sh -c '/usr/bin/scdoc < ../doc/yambar-modules-mem.5.scd'
[11/88] /usr/bin/meson --internal exe --capture doc/yambar-modules-foreign-toplevel.5 -- /bin/sh -c '/usr/bin/scdoc < ../doc/yambar-modules-foreign-toplevel.5.scd'
[12/88] /usr/bin/meson --internal exe --capture doc/yambar-modules-dwl.5 -- /bin/sh -c '/usr/bin/scdoc < ../doc/yambar-modules-dwl.5.scd'
[13/88] /usr/bin/meson --internal exe --capture doc/yambar-modules-disk-io.5 -- /bin/sh -c '/usr/bin/scdoc < ../doc/yambar-modules-disk-io.5.scd'
[14/88] /usr/bin/meson --internal exe --capture doc/yambar-modules-cpu.5 -- /bin/sh -c '/usr/bin/scdoc < ../doc/yambar-modules-cpu.5.scd'
[15/88] /usr/bin/meson --internal exe --capture doc/yambar-modules-clock.5 -- /bin/sh -c '/usr/bin/scdoc < ../doc/yambar-modules-clock.5.scd'
[16/88] /usr/bin/meson --internal exe --capture doc/yambar-modules-battery.5 -- /bin/sh -c '/usr/bin/scdoc < ../doc/yambar-modules-battery.5.scd'
[17/88] /usr/bin/meson --internal exe --capture doc/yambar-modules-backlight.5 -- /bin/sh -c '/usr/bin/scdoc < ../doc/yambar-modules-backlight.5.scd'
[18/88] /usr/bin/meson --internal exe --capture doc/yambar-modules-alsa.5 -- /bin/sh -c '/usr/bin/scdoc < ../doc/yambar-modules-alsa.5.scd'
[19/88] /usr/bin/meson --internal exe --capture doc/yambar-tags.5 -- /bin/sh -c '/usr/bin/scdoc < ../doc/yambar-tags.5.scd'
[20/88] /usr/bin/meson --internal exe --capture doc/yambar-particles.5 -- /bin/sh -c '/usr/bin/scdoc < ../doc/yambar-particles.5.scd'
[21/88] /usr/bin/meson --internal exe --capture doc/yambar-modules.5 -- /bin/sh -c '/usr/bin/scdoc < ../doc/yambar-modules.5.scd'
[22/88] /usr/bin/meson --internal exe --capture doc/yambar-decorations.5 -- /bin/sh -c '/usr/bin/scdoc < ../doc/yambar-decorations.5.scd'
[23/88] /usr/bin/meson --internal exe --capture doc/yambar.5 -- /bin/sh -c '/usr/bin/scdoc < ../doc/yambar.5.scd'
[24/88] /usr/bin/meson --internal exe --capture doc/yambar.1 -- /bin/sh -c '/usr/bin/scdoc < ../doc/yambar.1.scd'
[25/88] cc -Iparticles/libdynlist.a.p -Iparticles -I../particles -I/usr/include/pixman-1 -I/usr/include/harfbuzz -I/usr/include/freetype2 -I/usr/include/libpng16 -I/usr/include/glib-2.0 -I/usr/lib/glib-2.0/include -fdiagnostics-color=always -DNDEBUG -D_FILE_OFFSET_BITS=64 -Wall -Winvalid-pch -std=c18 -DMEMFD_CREATE -fmacro-prefix-map=../= -D_GNU_SOURCE -DENABLE_WAYLAND -O2 -m64 -march=x86-64 -mtune=generic -flto=auto -ffat-lto-objects -fPIC -DUTF8PROC_EXPORTS -MD -MQ particles/libdynlist.a.p/dynlist.c.o -MF particles/libdynlist.a.p/dynlist.c.o.d -o particles/libdynlist.a.p/dynlist.c.o -c ../particles/dynlist.c
[26/88] /usr/bin/wayland-scanner private-code ../modules/../external/wlr-foreign-toplevel-management-unstable-v1.xml modules/wlr-foreign-toplevel-management-unstable-v1.c
[27/88] /usr/bin/wayland-scanner private-code ../modules/../external/river-status-unstable-v1.xml modules/river-status-unstable-v1.c
[28/88] /usr/bin/flex -o yambar.p/map.yy.c ../particles/map.l
[29/88] /usr/bin/wayland-scanner private-code //usr/share/wayland-protocols/unstable/xdg-output/xdg-output-unstable-v1.xml bar/xdg-output-unstable-v1.c
[30/88] /usr/bin/wayland-scanner private-code //usr/share/wayland-protocols/stable/xdg-shell/xdg-shell.xml bar/xdg-shell.c
[31/88] /usr/bin/bison -Wall -Wcounterexamples --defines=yambar.p/map.tab.h --output=yambar.p/map.tab.c ../particles/map.y
[32/88] /usr/bin/env LC_ALL=C ../generate-version.sh 1.11.0 ../ version.h
[33/88] /usr/bin/wayland-scanner client-header ../modules/../external/wlr-foreign-toplevel-management-unstable-v1.xml modules/wlr-foreign-toplevel-management-unstable-v1.h
[34/88] /usr/bin/wayland-scanner client-header ../modules/../external/river-status-unstable-v1.xml modules/river-status-unstable-v1.h
[35/88] /usr/bin/wayland-scanner client-header //usr/share/wayland-protocols/stable/xdg-shell/xdg-shell.xml bar/xdg-shell.h
[36/88] /usr/bin/wayland-scanner client-header //usr/share/wayland-protocols/unstable/xdg-output/xdg-output-unstable-v1.xml bar/xdg-output-unstable-v1.h
[37/88] /usr/bin/wayland-scanner client-header ../bar/../external/wlr-layer-shell-unstable-v1.xml bar/wlr-layer-shell-unstable-v1.h
[38/88] /usr/bin/wayland-scanner private-code ../bar/../external/wlr-layer-shell-unstable-v1.xml bar/wlr-layer-shell-unstable-v1.c
[39/88] cc -Iyambar.p -I. -I.. -Iparticles -I../particles -Ibar -Imodules -I/usr/include/pixman-1 -I/usr/include/harfbuzz -I/usr/include/freetype2 -I/usr/include/libpng16 -I/usr/include/glib-2.0 -I/usr/lib/glib-2.0/include -I/usr/include/json-c -fdiagnostics-color=always -DNDEBUG -D_FILE_OFFSET_BITS=64 -Wall -Winvalid-pch -std=c18 -DMEMFD_CREATE -fmacro-prefix-map=../= -D_GNU_SOURCE -DENABLE_WAYLAND -O2 -m64 -march=x86-64 -mtune=generic -flto=auto -ffat-lto-objects -fPIE -DHAVE_PLUGIN_foreign_toplevel -DHAVE_PLUGIN_river -DHAVE_PLUGIN_sway_xkb -DHAVE_PLUGIN_script -DHAVE_PLUGIN_removables -D_REENTRANT -DHAVE_PLUGIN_pulse -DHAVE_PLUGIN_network -DHAVE_PLUGIN_label -DHAVE_PLUGIN_i3 -DHAVE_PLUGIN_mem -DHAVE_PLUGIN_dwl -DHAVE_PLUGIN_disk_io -DHAVE_PLUGIN_cpu -DHAVE_PLUGIN_clock -DHAVE_PLUGIN_battery -DHAVE_PLUGIN_backlight -DHAVE_PLUGIN_alsa -DHAVE_PLUGIN_string -DHAVE_PLUGIN_ramp -DHAVE_PLUGIN_progress_bar -DHAVE_PLUGIN_map -DHAVE_PLUGIN_list -DHAVE_PLUGIN_empty -DHAVE_PLUGIN_overline -DHAVE_PLUGIN_underline -DHAVE_PLUGIN_stack -DHAVE_PLUGIN_border -DHAVE_PLUGIN_background -DUTF8PROC_EXPORTS -pthread -MD -MQ yambar.p/modules_foreign-toplevel.c.o -MF yambar.p/modules_foreign-toplevel.c.o.d -o yambar.p/modules_foreign-toplevel.c.o -c ../modules/foreign-toplevel.c
[40/88] cc -Iyambar.p -I. -I.. -Iparticles -I../particles -Ibar -Imodules -I/usr/include/pixman-1 -I/usr/include/harfbuzz -I/usr/include/freetype2 -I/usr/include/libpng16 -I/usr/include/glib-2.0 -I/usr/lib/glib-2.0/include -I/usr/include/json-c -fdiagnostics-color=always -DNDEBUG -D_FILE_OFFSET_BITS=64 -Wall -Winvalid-pch -std=c18 -DMEMFD_CREATE -fmacro-prefix-map=../= -D_GNU_SOURCE -DENABLE_WAYLAND -O2 -m64 -march=x86-64 -mtune=generic -flto=auto -ffat-lto-objects -fPIE -DHAVE_PLUGIN_foreign_toplevel -DHAVE_PLUGIN_river -DHAVE_PLUGIN_sway_xkb -DHAVE_PLUGIN_script -DHAVE_PLUGIN_removables -D_REENTRANT -DHAVE_PLUGIN_pulse -DHAVE_PLUGIN_network -DHAVE_PLUGIN_label -DHAVE_PLUGIN_i3 -DHAVE_PLUGIN_mem -DHAVE_PLUGIN_dwl -DHAVE_PLUGIN_disk_io -DHAVE_PLUGIN_cpu -DHAVE_PLUGIN_clock -DHAVE_PLUGIN_battery -DHAVE_PLUGIN_backlight -DHAVE_PLUGIN_alsa -DHAVE_PLUGIN_string -DHAVE_PLUGIN_ramp -DHAVE_PLUGIN_progress_bar -DHAVE_PLUGIN_map -DHAVE_PLUGIN_list -DHAVE_PLUGIN_empty -DHAVE_PLUGIN_overline -DHAVE_PLUGIN_underline -DHAVE_PLUGIN_stack -DHAVE_PLUGIN_border -DHAVE_PLUGIN_background -DUTF8PROC_EXPORTS -pthread -MD -MQ yambar.p/modules_river.c.o -MF yambar.p/modules_river.c.o.d -o yambar.p/modules_river.c.o -c ../modules/river.c
[41/88] cc -Iyambar.p -I. -I.. -Iparticles -I../particles -Ibar -Imodules -I/usr/include/pixman-1 -I/usr/include/harfbuzz -I/usr/include/freetype2 -I/usr/include/libpng16 -I/usr/include/glib-2.0 -I/usr/lib/glib-2.0/include -I/usr/include/json-c -fdiagnostics-color=always -DNDEBUG -D_FILE_OFFSET_BITS=64 -Wall -Winvalid-pch -std=c18 -DMEMFD_CREATE -fmacro-prefix-map=../= -D_GNU_SOURCE -DENABLE_WAYLAND -O2 -m64 -march=x86-64 -mtune=generic -flto=auto -ffat-lto-objects -fPIE -DHAVE_PLUGIN_foreign_toplevel -DHAVE_PLUGIN_river -DHAVE_PLUGIN_sway_xkb -DHAVE_PLUGIN_script -DHAVE_PLUGIN_removables -D_REENTRANT -DHAVE_PLUGIN_pulse -DHAVE_PLUGIN_network -DHAVE_PLUGIN_label -DHAVE_PLUGIN_i3 -DHAVE_PLUGIN_mem -DHAVE_PLUGIN_dwl -DHAVE_PLUGIN_disk_io -DHAVE_PLUGIN_cpu -DHAVE_PLUGIN_clock -DHAVE_PLUGIN_battery -DHAVE_PLUGIN_backlight -DHAVE_PLUGIN_alsa -DHAVE_PLUGIN_string -DHAVE_PLUGIN_ramp -DHAVE_PLUGIN_progress_bar -DHAVE_PLUGIN_map -DHAVE_PLUGIN_list -DHAVE_PLUGIN_empty -DHAVE_PLUGIN_overline -DHAVE_PLUGIN_underline -DHAVE_PLUGIN_stack -DHAVE_PLUGIN_border -DHAVE_PLUGIN_background -DUTF8PROC_EXPORTS -pthread -MD -MQ yambar.p/modules_sway-xkb.c.o -MF yambar.p/modules_sway-xkb.c.o.d -o yambar.p/modules_sway-xkb.c.o -c ../modules/sway-xkb.c
[42/88] cc -Iyambar.p -I. -I.. -Iparticles -I../particles -Ibar -Imodules -I/usr/include/pixman-1 -I/usr/include/harfbuzz -I/usr/include/freetype2 -I/usr/include/libpng16 -I/usr/include/glib-2.0 -I/usr/lib/glib-2.0/include -I/usr/include/json-c -fdiagnostics-color=always -DNDEBUG -D_FILE_OFFSET_BITS=64 -Wall -Winvalid-pch -std=c18 -DMEMFD_CREATE -fmacro-prefix-map=../= -D_GNU_SOURCE -DENABLE_WAYLAND -O2 -m64 -march=x86-64 -mtune=generic -flto=auto -ffat-lto-objects -fPIE -DHAVE_PLUGIN_foreign_toplevel -DHAVE_PLUGIN_river -DHAVE_PLUGIN_sway_xkb -DHAVE_PLUGIN_script -DHAVE_PLUGIN_removables -D_REENTRANT -DHAVE_PLUGIN_pulse -DHAVE_PLUGIN_network -DHAVE_PLUGIN_label -DHAVE_PLUGIN_i3 -DHAVE_PLUGIN_mem -DHAVE_PLUGIN_dwl -DHAVE_PLUGIN_disk_io -DHAVE_PLUGIN_cpu -DHAVE_PLUGIN_clock -DHAVE_PLUGIN_battery -DHAVE_PLUGIN_backlight -DHAVE_PLUGIN_alsa -DHAVE_PLUGIN_string -DHAVE_PLUGIN_ramp -DHAVE_PLUGIN_progress_bar -DHAVE_PLUGIN_map -DHAVE_PLUGIN_list -DHAVE_PLUGIN_empty -DHAVE_PLUGIN_overline -DHAVE_PLUGIN_underline -DHAVE_PLUGIN_stack -DHAVE_PLUGIN_border -DHAVE_PLUGIN_background -DUTF8PROC_EXPORTS -pthread -MD -MQ yambar.p/modules_script.c.o -MF yambar.p/modules_script.c.o.d -o yambar.p/modules_script.c.o -c ../modules/script.c
[43/88] cc -Iyambar.p -I. -I.. -Iparticles -I../particles -Ibar -Imodules -I/usr/include/pixman-1 -I/usr/include/harfbuzz -I/usr/include/freetype2 -I/usr/include/libpng16 -I/usr/include/glib-2.0 -I/usr/lib/glib-2.0/include -I/usr/include/json-c -fdiagnostics-color=always -DNDEBUG -D_FILE_OFFSET_BITS=64 -Wall -Winvalid-pch -std=c18 -DMEMFD_CREATE -fmacro-prefix-map=../= -D_GNU_SOURCE -DENABLE_WAYLAND -O2 -m64 -march=x86-64 -mtune=generic -flto=auto -ffat-lto-objects -fPIE -DHAVE_PLUGIN_foreign_toplevel -DHAVE_PLUGIN_river -DHAVE_PLUGIN_sway_xkb -DHAVE_PLUGIN_script -DHAVE_PLUGIN_removables -D_REENTRANT -DHAVE_PLUGIN_pulse -DHAVE_PLUGIN_network -DHAVE_PLUGIN_label -DHAVE_PLUGIN_i3 -DHAVE_PLUGIN_mem -DHAVE_PLUGIN_dwl -DHAVE_PLUGIN_disk_io -DHAVE_PLUGIN_cpu -DHAVE_PLUGIN_clock -DHAVE_PLUGIN_battery -DHAVE_PLUGIN_backlight -DHAVE_PLUGIN_alsa -DHAVE_PLUGIN_string -DHAVE_PLUGIN_ramp -DHAVE_PLUGIN_progress_bar -DHAVE_PLUGIN_map -DHAVE_PLUGIN_list -DHAVE_PLUGIN_empty -DHAVE_PLUGIN_overline -DHAVE_PLUGIN_underline -DHAVE_PLUGIN_stack -DHAVE_PLUGIN_border -DHAVE_PLUGIN_background -DUTF8PROC_EXPORTS -pthread -MD -MQ yambar.p/modules_removables.c.o -MF yambar.p/modules_removables.c.o.d -o yambar.p/modules_removables.c.o -c ../modules/removables.c
[44/88] cc -Iyambar.p -I. -I.. -Iparticles -I../particles -Ibar -Imodules -I/usr/include/pixman-1 -I/usr/include/harfbuzz -I/usr/include/freetype2 -I/usr/include/libpng16 -I/usr/include/glib-2.0 -I/usr/lib/glib-2.0/include -I/usr/include/json-c -fdiagnostics-color=always -DNDEBUG -D_FILE_OFFSET_BITS=64 -Wall -Winvalid-pch -std=c18 -DMEMFD_CREATE -fmacro-prefix-map=../= -D_GNU_SOURCE -DENABLE_WAYLAND -O2 -m64 -march=x86-64 -mtune=generic -flto=auto -ffat-lto-objects -fPIE -DHAVE_PLUGIN_foreign_toplevel -DHAVE_PLUGIN_river -DHAVE_PLUGIN_sway_xkb -DHAVE_PLUGIN_script -DHAVE_PLUGIN_removables -D_REENTRANT -DHAVE_PLUGIN_pulse -DHAVE_PLUGIN_network -DHAVE_PLUGIN_label -DHAVE_PLUGIN_i3 -DHAVE_PLUGIN_mem -DHAVE_PLUGIN_dwl -DHAVE_PLUGIN_disk_io -DHAVE_PLUGIN_cpu -DHAVE_PLUGIN_clock -DHAVE_PLUGIN_battery -DHAVE_PLUGIN_backlight -DHAVE_PLUGIN_alsa -DHAVE_PLUGIN_string -DHAVE_PLUGIN_ramp -DHAVE_PLUGIN_progress_bar -DHAVE_PLUGIN_map -DHAVE_PLUGIN_list -DHAVE_PLUGIN_empty -DHAVE_PLUGIN_overline -DHAVE_PLUGIN_underline -DHAVE_PLUGIN_stack -DHAVE_PLUGIN_border -DHAVE_PLUGIN_background -DUTF8PROC_EXPORTS -pthread -MD -MQ yambar.p/modules_pulse.c.o -MF yambar.p/modules_pulse.c.o.d -o yambar.p/modules_pulse.c.o -c ../modules/pulse.c
[45/88] cc -Iyambar.p -I. -I.. -Iparticles -I../particles -Ibar -Imodules -I/usr/include/pixman-1 -I/usr/include/harfbuzz -I/usr/include/freetype2 -I/usr/include/libpng16 -I/usr/include/glib-2.0 -I/usr/lib/glib-2.0/include -I/usr/include/json-c -fdiagnostics-color=always -DNDEBUG -D_FILE_OFFSET_BITS=64 -Wall -Winvalid-pch -std=c18 -DMEMFD_CREATE -fmacro-prefix-map=../= -D_GNU_SOURCE -DENABLE_WAYLAND -O2 -m64 -march=x86-64 -mtune=generic -flto=auto -ffat-lto-objects -fPIE -DHAVE_PLUGIN_foreign_toplevel -DHAVE_PLUGIN_river -DHAVE_PLUGIN_sway_xkb -DHAVE_PLUGIN_script -DHAVE_PLUGIN_removables -D_REENTRANT -DHAVE_PLUGIN_pulse -DHAVE_PLUGIN_network -DHAVE_PLUGIN_label -DHAVE_PLUGIN_i3 -DHAVE_PLUGIN_mem -DHAVE_PLUGIN_dwl -DHAVE_PLUGIN_disk_io -DHAVE_PLUGIN_cpu -DHAVE_PLUGIN_clock -DHAVE_PLUGIN_battery -DHAVE_PLUGIN_backlight -DHAVE_PLUGIN_alsa -DHAVE_PLUGIN_string -DHAVE_PLUGIN_ramp -DHAVE_PLUGIN_progress_bar -DHAVE_PLUGIN_map -DHAVE_PLUGIN_list -DHAVE_PLUGIN_empty -DHAVE_PLUGIN_overline -DHAVE_PLUGIN_underline -DHAVE_PLUGIN_stack -DHAVE_PLUGIN_border -DHAVE_PLUGIN_background -DUTF8PROC_EXPORTS -pthread -MD -MQ yambar.p/modules_network.c.o -MF yambar.p/modules_network.c.o.d -o yambar.p/modules_network.c.o -c ../modules/network.c
[46/88] rm -f particles/libdynlist.a && gcc-ar csrDT particles/libdynlist.a particles/libdynlist.a.p/dynlist.c.o
[47/88] cc -Iyambar.p -I. -I.. -Iparticles -I../particles -Ibar -Imodules -I/usr/include/pixman-1 -I/usr/include/harfbuzz -I/usr/include/freetype2 -I/usr/include/libpng16 -I/usr/include/glib-2.0 -I/usr/lib/glib-2.0/include -I/usr/include/json-c -fdiagnostics-color=always -DNDEBUG -D_FILE_OFFSET_BITS=64 -Wall -Winvalid-pch -std=c18 -DMEMFD_CREATE -fmacro-prefix-map=../= -D_GNU_SOURCE -DENABLE_WAYLAND -O2 -m64 -march=x86-64 -mtune=generic -flto=auto -ffat-lto-objects -fPIE -DHAVE_PLUGIN_foreign_toplevel -DHAVE_PLUGIN_river -DHAVE_PLUGIN_sway_xkb -DHAVE_PLUGIN_script -DHAVE_PLUGIN_removables -D_REENTRANT -DHAVE_PLUGIN_pulse -DHAVE_PLUGIN_network -DHAVE_PLUGIN_label -DHAVE_PLUGIN_i3 -DHAVE_PLUGIN_mem -DHAVE_PLUGIN_dwl -DHAVE_PLUGIN_disk_io -DHAVE_PLUGIN_cpu -DHAVE_PLUGIN_clock -DHAVE_PLUGIN_battery -DHAVE_PLUGIN_backlight -DHAVE_PLUGIN_alsa -DHAVE_PLUGIN_string -DHAVE_PLUGIN_ramp -DHAVE_PLUGIN_progress_bar -DHAVE_PLUGIN_map -DHAVE_PLUGIN_list -DHAVE_PLUGIN_empty -DHAVE_PLUGIN_overline -DHAVE_PLUGIN_underline -DHAVE_PLUGIN_stack -DHAVE_PLUGIN_border -DHAVE_PLUGIN_background -DUTF8PROC_EXPORTS -pthread -MD -MQ yambar.p/modules_label.c.o -MF yambar.p/modules_label.c.o.d -o yambar.p/modules_label.c.o -c ../modules/label.c
[48/88] cc -Iyambar.p -I. -I.. -Iparticles -I../particles -Ibar -Imodules -I/usr/include/pixman-1 -I/usr/include/harfbuzz -I/usr/include/freetype2 -I/usr/include/libpng16 -I/usr/include/glib-2.0 -I/usr/lib/glib-2.0/include -I/usr/include/json-c -fdiagnostics-color=always -DNDEBUG -D_FILE_OFFSET_BITS=64 -Wall -Winvalid-pch -std=c18 -DMEMFD_CREATE -fmacro-prefix-map=../= -D_GNU_SOURCE -DENABLE_WAYLAND -O2 -m64 -march=x86-64 -mtune=generic -flto=auto -ffat-lto-objects -fPIE -DHAVE_PLUGIN_foreign_toplevel -DHAVE_PLUGIN_river -DHAVE_PLUGIN_sway_xkb -DHAVE_PLUGIN_script -DHAVE_PLUGIN_removables -D_REENTRANT -DHAVE_PLUGIN_pulse -DHAVE_PLUGIN_network -DHAVE_PLUGIN_label -DHAVE_PLUGIN_i3 -DHAVE_PLUGIN_mem -DHAVE_PLUGIN_dwl -DHAVE_PLUGIN_disk_io -DHAVE_PLUGIN_cpu -DHAVE_PLUGIN_clock -DHAVE_PLUGIN_battery -DHAVE_PLUGIN_backlight -DHAVE_PLUGIN_alsa -DHAVE_PLUGIN_string -DHAVE_PLUGIN_ramp -DHAVE_PLUGIN_progress_bar -DHAVE_PLUGIN_map -DHAVE_PLUGIN_list -DHAVE_PLUGIN_empty -DHAVE_PLUGIN_overline -DHAVE_PLUGIN_underline -DHAVE_PLUGIN_stack -DHAVE_PLUGIN_border -DHAVE_PLUGIN_background -DUTF8PROC_EXPORTS -pthread -MD -MQ yambar.p/modules_i3-common.c.o -MF yambar.p/modules_i3-common.c.o.d -o yambar.p/modules_i3-common.c.o -c ../modules/i3-common.c
[49/88] cc -Iyambar.p -I. -I.. -Iparticles -I../particles -Ibar -Imodules -I/usr/include/pixman-1 -I/usr/include/harfbuzz -I/usr/include/freetype2 -I/usr/include/libpng16 -I/usr/include/glib-2.0 -I/usr/lib/glib-2.0/include -I/usr/include/json-c -fdiagnostics-color=always -DNDEBUG -D_FILE_OFFSET_BITS=64 -Wall -Winvalid-pch -std=c18 -DMEMFD_CREATE -fmacro-prefix-map=../= -D_GNU_SOURCE -DENABLE_WAYLAND -O2 -m64 -march=x86-64 -mtune=generic -flto=auto -ffat-lto-objects -fPIE -DHAVE_PLUGIN_foreign_toplevel -DHAVE_PLUGIN_river -DHAVE_PLUGIN_sway_xkb -DHAVE_PLUGIN_script -DHAVE_PLUGIN_removables -D_REENTRANT -DHAVE_PLUGIN_pulse -DHAVE_PLUGIN_network -DHAVE_PLUGIN_label -DHAVE_PLUGIN_i3 -DHAVE_PLUGIN_mem -DHAVE_PLUGIN_dwl -DHAVE_PLUGIN_disk_io -DHAVE_PLUGIN_cpu -DHAVE_PLUGIN_clock -DHAVE_PLUGIN_battery -DHAVE_PLUGIN_backlight -DHAVE_PLUGIN_alsa -DHAVE_PLUGIN_string -DHAVE_PLUGIN_ramp -DHAVE_PLUGIN_progress_bar -DHAVE_PLUGIN_map -DHAVE_PLUGIN_list -DHAVE_PLUGIN_empty -DHAVE_PLUGIN_overline -DHAVE_PLUGIN_underline -DHAVE_PLUGIN_stack -DHAVE_PLUGIN_border -DHAVE_PLUGIN_background -DUTF8PROC_EXPORTS -pthread -MD -MQ yambar.p/modules_i3.c.o -MF yambar.p/modules_i3.c.o.d -o yambar.p/modules_i3.c.o -c ../modules/i3.c
[50/88] cc -Iyambar.p -I. -I.. -Iparticles -I../particles -Ibar -Imodules -I/usr/include/pixman-1 -I/usr/include/harfbuzz -I/usr/include/freetype2 -I/usr/include/libpng16 -I/usr/include/glib-2.0 -I/usr/lib/glib-2.0/include -I/usr/include/json-c -fdiagnostics-color=always -DNDEBUG -D_FILE_OFFSET_BITS=64 -Wall -Winvalid-pch -std=c18 -DMEMFD_CREATE -fmacro-prefix-map=../= -D_GNU_SOURCE -DENABLE_WAYLAND -O2 -m64 -march=x86-64 -mtune=generic -flto=auto -ffat-lto-objects -fPIE -DHAVE_PLUGIN_foreign_toplevel -DHAVE_PLUGIN_river -DHAVE_PLUGIN_sway_xkb -DHAVE_PLUGIN_script -DHAVE_PLUGIN_removables -D_REENTRANT -DHAVE_PLUGIN_pulse -DHAVE_PLUGIN_network -DHAVE_PLUGIN_label -DHAVE_PLUGIN_i3 -DHAVE_PLUGIN_mem -DHAVE_PLUGIN_dwl -DHAVE_PLUGIN_disk_io -DHAVE_PLUGIN_cpu -DHAVE_PLUGIN_clock -DHAVE_PLUGIN_battery -DHAVE_PLUGIN_backlight -DHAVE_PLUGIN_alsa -DHAVE_PLUGIN_string -DHAVE_PLUGIN_ramp -DHAVE_PLUGIN_progress_bar -DHAVE_PLUGIN_map -DHAVE_PLUGIN_list -DHAVE_PLUGIN_empty -DHAVE_PLUGIN_overline -DHAVE_PLUGIN_underline -DHAVE_PLUGIN_stack -DHAVE_PLUGIN_border -DHAVE_PLUGIN_background -DUTF8PROC_EXPORTS -pthread -MD -MQ yambar.p/modules_mem.c.o -MF yambar.p/modules_mem.c.o.d -o yambar.p/modules_mem.c.o -c ../modules/mem.c
[51/88] cc -Iyambar.p -I. -I.. -Iparticles -I../particles -Ibar -Imodules -I/usr/include/pixman-1 -I/usr/include/harfbuzz -I/usr/include/freetype2 -I/usr/include/libpng16 -I/usr/include/glib-2.0 -I/usr/lib/glib-2.0/include -I/usr/include/json-c -fdiagnostics-color=always -DNDEBUG -D_FILE_OFFSET_BITS=64 -Wall -Winvalid-pch -std=c18 -DMEMFD_CREATE -fmacro-prefix-map=../= -D_GNU_SOURCE -DENABLE_WAYLAND -O2 -m64 -march=x86-64 -mtune=generic -flto=auto -ffat-lto-objects -fPIE -DHAVE_PLUGIN_foreign_toplevel -DHAVE_PLUGIN_river -DHAVE_PLUGIN_sway_xkb -DHAVE_PLUGIN_script -DHAVE_PLUGIN_removables -D_REENTRANT -DHAVE_PLUGIN_pulse -DHAVE_PLUGIN_network -DHAVE_PLUGIN_label -DHAVE_PLUGIN_i3 -DHAVE_PLUGIN_mem -DHAVE_PLUGIN_dwl -DHAVE_PLUGIN_disk_io -DHAVE_PLUGIN_cpu -DHAVE_PLUGIN_clock -DHAVE_PLUGIN_battery -DHAVE_PLUGIN_backlight -DHAVE_PLUGIN_alsa -DHAVE_PLUGIN_string -DHAVE_PLUGIN_ramp -DHAVE_PLUGIN_progress_bar -DHAVE_PLUGIN_map -DHAVE_PLUGIN_list -DHAVE_PLUGIN_empty -DHAVE_PLUGIN_overline -DHAVE_PLUGIN_underline -DHAVE_PLUGIN_stack -DHAVE_PLUGIN_border -DHAVE_PLUGIN_background -DUTF8PROC_EXPORTS -pthread -MD -MQ yambar.p/modules_dwl.c.o -MF yambar.p/modules_dwl.c.o.d -o yambar.p/modules_dwl.c.o -c ../modules/dwl.c
[52/88] cc -Iyambar.p -I. -I.. -Iparticles -I../particles -Ibar -Imodules -I/usr/include/pixman-1 -I/usr/include/harfbuzz -I/usr/include/freetype2 -I/usr/include/libpng16 -I/usr/include/glib-2.0 -I/usr/lib/glib-2.0/include -I/usr/include/json-c -fdiagnostics-color=always -DNDEBUG -D_FILE_OFFSET_BITS=64 -Wall -Winvalid-pch -std=c18 -DMEMFD_CREATE -fmacro-prefix-map=../= -D_GNU_SOURCE -DENABLE_WAYLAND -O2 -m64 -march=x86-64 -mtune=generic -flto=auto -ffat-lto-objects -fPIE -DHAVE_PLUGIN_foreign_toplevel -DHAVE_PLUGIN_river -DHAVE_PLUGIN_sway_xkb -DHAVE_PLUGIN_script -DHAVE_PLUGIN_removables -D_REENTRANT -DHAVE_PLUGIN_pulse -DHAVE_PLUGIN_network -DHAVE_PLUGIN_label -DHAVE_PLUGIN_i3 -DHAVE_PLUGIN_mem -DHAVE_PLUGIN_dwl -DHAVE_PLUGIN_disk_io -DHAVE_PLUGIN_cpu -DHAVE_PLUGIN_clock -DHAVE_PLUGIN_battery -DHAVE_PLUGIN_backlight -DHAVE_PLUGIN_alsa -DHAVE_PLUGIN_string -DHAVE_PLUGIN_ramp -DHAVE_PLUGIN_progress_bar -DHAVE_PLUGIN_map -DHAVE_PLUGIN_list -DHAVE_PLUGIN_empty -DHAVE_PLUGIN_overline -DHAVE_PLUGIN_underline -DHAVE_PLUGIN_stack -DHAVE_PLUGIN_border -DHAVE_PLUGIN_background -DUTF8PROC_EXPORTS -pthread -MD -MQ yambar.p/modules_disk-io.c.o -MF yambar.p/modules_disk-io.c.o.d -o yambar.p/modules_disk-io.c.o -c ../modules/disk-io.c
[53/88] cc -Iyambar.p -I. -I.. -Iparticles -I../particles -Ibar -Imodules -I/usr/include/pixman-1 -I/usr/include/harfbuzz -I/usr/include/freetype2 -I/usr/include/libpng16 -I/usr/include/glib-2.0 -I/usr/lib/glib-2.0/include -I/usr/include/json-c -fdiagnostics-color=always -DNDEBUG -D_FILE_OFFSET_BITS=64 -Wall -Winvalid-pch -std=c18 -DMEMFD_CREATE -fmacro-prefix-map=../= -D_GNU_SOURCE -DENABLE_WAYLAND -O2 -m64 -march=x86-64 -mtune=generic -flto=auto -ffat-lto-objects -fPIE -DHAVE_PLUGIN_foreign_toplevel -DHAVE_PLUGIN_river -DHAVE_PLUGIN_sway_xkb -DHAVE_PLUGIN_script -DHAVE_PLUGIN_removables -D_REENTRANT -DHAVE_PLUGIN_pulse -DHAVE_PLUGIN_network -DHAVE_PLUGIN_label -DHAVE_PLUGIN_i3 -DHAVE_PLUGIN_mem -DHAVE_PLUGIN_dwl -DHAVE_PLUGIN_disk_io -DHAVE_PLUGIN_cpu -DHAVE_PLUGIN_clock -DHAVE_PLUGIN_battery -DHAVE_PLUGIN_backlight -DHAVE_PLUGIN_alsa -DHAVE_PLUGIN_string -DHAVE_PLUGIN_ramp -DHAVE_PLUGIN_progress_bar -DHAVE_PLUGIN_map -DHAVE_PLUGIN_list -DHAVE_PLUGIN_empty -DHAVE_PLUGIN_overline -DHAVE_PLUGIN_underline -DHAVE_PLUGIN_stack -DHAVE_PLUGIN_border -DHAVE_PLUGIN_background -DUTF8PROC_EXPORTS -pthread -MD -MQ yambar.p/modules_cpu.c.o -MF yambar.p/modules_cpu.c.o.d -o yambar.p/modules_cpu.c.o -c ../modules/cpu.c
[54/88] cc -Iyambar.p -I. -I.. -Iparticles -I../particles -Ibar -Imodules -I/usr/include/pixman-1 -I/usr/include/harfbuzz -I/usr/include/freetype2 -I/usr/include/libpng16 -I/usr/include/glib-2.0 -I/usr/lib/glib-2.0/include -I/usr/include/json-c -fdiagnostics-color=always -DNDEBUG -D_FILE_OFFSET_BITS=64 -Wall -Winvalid-pch -std=c18 -DMEMFD_CREATE -fmacro-prefix-map=../= -D_GNU_SOURCE -DENABLE_WAYLAND -O2 -m64 -march=x86-64 -mtune=generic -flto=auto -ffat-lto-objects -fPIE -DHAVE_PLUGIN_foreign_toplevel -DHAVE_PLUGIN_river -DHAVE_PLUGIN_sway_xkb -DHAVE_PLUGIN_script -DHAVE_PLUGIN_removables -D_REENTRANT -DHAVE_PLUGIN_pulse -DHAVE_PLUGIN_network -DHAVE_PLUGIN_label -DHAVE_PLUGIN_i3 -DHAVE_PLUGIN_mem -DHAVE_PLUGIN_dwl -DHAVE_PLUGIN_disk_io -DHAVE_PLUGIN_cpu -DHAVE_PLUGIN_clock -DHAVE_PLUGIN_battery -DHAVE_PLUGIN_backlight -DHAVE_PLUGIN_alsa -DHAVE_PLUGIN_string -DHAVE_PLUGIN_ramp -DHAVE_PLUGIN_progress_bar -DHAVE_PLUGIN_map -DHAVE_PLUGIN_list -DHAVE_PLUGIN_empty -DHAVE_PLUGIN_overline -DHAVE_PLUGIN_underline -DHAVE_PLUGIN_stack -DHAVE_PLUGIN_border -DHAVE_PLUGIN_background -DUTF8PROC_EXPORTS -pthread -MD -MQ yambar.p/modules_clock.c.o -MF yambar.p/modules_clock.c.o.d -o yambar.p/modules_clock.c.o -c ../modules/clock.c
[55/88] cc -Iyambar.p -I. -I.. -Iparticles -I../particles -Ibar -Imodules -I/usr/include/pixman-1 -I/usr/include/harfbuzz -I/usr/include/freetype2 -I/usr/include/libpng16 -I/usr/include/glib-2.0 -I/usr/lib/glib-2.0/include -I/usr/include/json-c -fdiagnostics-color=always -DNDEBUG -D_FILE_OFFSET_BITS=64 -Wall -Winvalid-pch -std=c18 -DMEMFD_CREATE -fmacro-prefix-map=../= -D_GNU_SOURCE -DENABLE_WAYLAND -O2 -m64 -march=x86-64 -mtune=generic -flto=auto -ffat-lto-objects -fPIE -DHAVE_PLUGIN_foreign_toplevel -DHAVE_PLUGIN_river -DHAVE_PLUGIN_sway_xkb -DHAVE_PLUGIN_script -DHAVE_PLUGIN_removables -D_REENTRANT -DHAVE_PLUGIN_pulse -DHAVE_PLUGIN_network -DHAVE_PLUGIN_label -DHAVE_PLUGIN_i3 -DHAVE_PLUGIN_mem -DHAVE_PLUGIN_dwl -DHAVE_PLUGIN_disk_io -DHAVE_PLUGIN_cpu -DHAVE_PLUGIN_clock -DHAVE_PLUGIN_battery -DHAVE_PLUGIN_backlight -DHAVE_PLUGIN_alsa -DHAVE_PLUGIN_string -DHAVE_PLUGIN_ramp -DHAVE_PLUGIN_progress_bar -DHAVE_PLUGIN_map -DHAVE_PLUGIN_list -DHAVE_PLUGIN_empty -DHAVE_PLUGIN_overline -DHAVE_PLUGIN_underline -DHAVE_PLUGIN_stack -DHAVE_PLUGIN_border -DHAVE_PLUGIN_background -DUTF8PROC_EXPORTS -pthread -MD -MQ yambar.p/modules_battery.c.o -MF yambar.p/modules_battery.c.o.d -o yambar.p/modules_battery.c.o -c ../modules/battery.c
[56/88] cc -Iyambar.p -I. -I.. -Iparticles -I../particles -Ibar -Imodules -I/usr/include/pixman-1 -I/usr/include/harfbuzz -I/usr/include/freetype2 -I/usr/include/libpng16 -I/usr/include/glib-2.0 -I/usr/lib/glib-2.0/include -I/usr/include/json-c -fdiagnostics-color=always -DNDEBUG -D_FILE_OFFSET_BITS=64 -Wall -Winvalid-pch -std=c18 -DMEMFD_CREATE -fmacro-prefix-map=../= -D_GNU_SOURCE -DENABLE_WAYLAND -O2 -m64 -march=x86-64 -mtune=generic -flto=auto -ffat-lto-objects -fPIE -DHAVE_PLUGIN_foreign_toplevel -DHAVE_PLUGIN_river -DHAVE_PLUGIN_sway_xkb -DHAVE_PLUGIN_script -DHAVE_PLUGIN_removables -D_REENTRANT -DHAVE_PLUGIN_pulse -DHAVE_PLUGIN_network -DHAVE_PLUGIN_label -DHAVE_PLUGIN_i3 -DHAVE_PLUGIN_mem -DHAVE_PLUGIN_dwl -DHAVE_PLUGIN_disk_io -DHAVE_PLUGIN_cpu -DHAVE_PLUGIN_clock -DHAVE_PLUGIN_battery -DHAVE_PLUGIN_backlight -DHAVE_PLUGIN_alsa -DHAVE_PLUGIN_string -DHAVE_PLUGIN_ramp -DHAVE_PLUGIN_progress_bar -DHAVE_PLUGIN_map -DHAVE_PLUGIN_list -DHAVE_PLUGIN_empty -DHAVE_PLUGIN_overline -DHAVE_PLUGIN_underline -DHAVE_PLUGIN_stack -DHAVE_PLUGIN_border -DHAVE_PLUGIN_background -DUTF8PROC_EXPORTS -pthread -MD -MQ yambar.p/modules_backlight.c.o -MF yambar.p/modules_backlight.c.o.d -o yambar.p/modules_backlight.c.o -c ../modules/backlight.c
[57/88] cc -Iyambar.p -I. -I.. -Iparticles -I../particles -Ibar -Imodules -I/usr/include/pixman-1 -I/usr/include/harfbuzz -I/usr/include/freetype2 -I/usr/include/libpng16 -I/usr/include/glib-2.0 -I/usr/lib/glib-2.0/include -I/usr/include/json-c -fdiagnostics-color=always -DNDEBUG -D_FILE_OFFSET_BITS=64 -Wall -Winvalid-pch -std=c18 -DMEMFD_CREATE -fmacro-prefix-map=../= -D_GNU_SOURCE -DENABLE_WAYLAND -O2 -m64 -march=x86-64 -mtune=generic -flto=auto -ffat-lto-objects -fPIE -DHAVE_PLUGIN_foreign_toplevel -DHAVE_PLUGIN_river -DHAVE_PLUGIN_sway_xkb -DHAVE_PLUGIN_script -DHAVE_PLUGIN_removables -D_REENTRANT -DHAVE_PLUGIN_pulse -DHAVE_PLUGIN_network -DHAVE_PLUGIN_label -DHAVE_PLUGIN_i3 -DHAVE_PLUGIN_mem -DHAVE_PLUGIN_dwl -DHAVE_PLUGIN_disk_io -DHAVE_PLUGIN_cpu -DHAVE_PLUGIN_clock -DHAVE_PLUGIN_battery -DHAVE_PLUGIN_backlight -DHAVE_PLUGIN_alsa -DHAVE_PLUGIN_string -DHAVE_PLUGIN_ramp -DHAVE_PLUGIN_progress_bar -DHAVE_PLUGIN_map -DHAVE_PLUGIN_list -DHAVE_PLUGIN_empty -DHAVE_PLUGIN_overline -DHAVE_PLUGIN_underline -DHAVE_PLUGIN_stack -DHAVE_PLUGIN_border -DHAVE_PLUGIN_background -DUTF8PROC_EXPORTS -pthread -MD -MQ yambar.p/modules_alsa.c.o -MF yambar.p/modules_alsa.c.o.d -o yambar.p/modules_alsa.c.o -c ../modules/alsa.c
[58/88] cc -Iyambar.p -I. -I.. -Iparticles -I../particles -Ibar -Imodules -I/usr/include/pixman-1 -I/usr/include/harfbuzz -I/usr/include/freetype2 -I/usr/include/libpng16 -I/usr/include/glib-2.0 -I/usr/lib/glib-2.0/include -I/usr/include/json-c -fdiagnostics-color=always -DNDEBUG -D_FILE_OFFSET_BITS=64 -Wall -Winvalid-pch -std=c18 -DMEMFD_CREATE -fmacro-prefix-map=../= -D_GNU_SOURCE -DENABLE_WAYLAND -O2 -m64 -march=x86-64 -mtune=generic -flto=auto -ffat-lto-objects -fPIE -DHAVE_PLUGIN_foreign_toplevel -DHAVE_PLUGIN_river -DHAVE_PLUGIN_sway_xkb -DHAVE_PLUGIN_script -DHAVE_PLUGIN_removables -D_REENTRANT -DHAVE_PLUGIN_pulse -DHAVE_PLUGIN_network -DHAVE_PLUGIN_label -DHAVE_PLUGIN_i3 -DHAVE_PLUGIN_mem -DHAVE_PLUGIN_dwl -DHAVE_PLUGIN_disk_io -DHAVE_PLUGIN_cpu -DHAVE_PLUGIN_clock -DHAVE_PLUGIN_battery -DHAVE_PLUGIN_backlight -DHAVE_PLUGIN_alsa -DHAVE_PLUGIN_string -DHAVE_PLUGIN_ramp -DHAVE_PLUGIN_progress_bar -DHAVE_PLUGIN_map -DHAVE_PLUGIN_list -DHAVE_PLUGIN_empty -DHAVE_PLUGIN_overline -DHAVE_PLUGIN_underline -DHAVE_PLUGIN_stack -DHAVE_PLUGIN_border -DHAVE_PLUGIN_background -DUTF8PROC_EXPORTS -pthread -MD -MQ yambar.p/particles_string.c.o -MF yambar.p/particles_string.c.o.d -o yambar.p/particles_string.c.o -c ../particles/string.c
[59/88] cc -Iyambar.p -I. -I.. -Iparticles -I../particles -Ibar -Imodules -I/usr/include/pixman-1 -I/usr/include/harfbuzz -I/usr/include/freetype2 -I/usr/include/libpng16 -I/usr/include/glib-2.0 -I/usr/lib/glib-2.0/include -I/usr/include/json-c -fdiagnostics-color=always -DNDEBUG -D_FILE_OFFSET_BITS=64 -Wall -Winvalid-pch -std=c18 -DMEMFD_CREATE -fmacro-prefix-map=../= -D_GNU_SOURCE -DENABLE_WAYLAND -O2 -m64 -march=x86-64 -mtune=generic -flto=auto -ffat-lto-objects -fPIE -DHAVE_PLUGIN_foreign_toplevel -DHAVE_PLUGIN_river -DHAVE_PLUGIN_sway_xkb -DHAVE_PLUGIN_script -DHAVE_PLUGIN_removables -D_REENTRANT -DHAVE_PLUGIN_pulse -DHAVE_PLUGIN_network -DHAVE_PLUGIN_label -DHAVE_PLUGIN_i3 -DHAVE_PLUGIN_mem -DHAVE_PLUGIN_dwl -DHAVE_PLUGIN_disk_io -DHAVE_PLUGIN_cpu -DHAVE_PLUGIN_clock -DHAVE_PLUGIN_battery -DHAVE_PLUGIN_backlight -DHAVE_PLUGIN_alsa -DHAVE_PLUGIN_string -DHAVE_PLUGIN_ramp -DHAVE_PLUGIN_progress_bar -DHAVE_PLUGIN_map -DHAVE_PLUGIN_list -DHAVE_PLUGIN_empty -DHAVE_PLUGIN_overline -DHAVE_PLUGIN_underline -DHAVE_PLUGIN_stack -DHAVE_PLUGIN_border -DHAVE_PLUGIN_background -DUTF8PROC_EXPORTS -pthread -MD -MQ yambar.p/particles_ramp.c.o -MF yambar.p/particles_ramp.c.o.d -o yambar.p/particles_ramp.c.o -c ../particles/ramp.c
[60/88] cc -Iyambar.p -I. -I.. -Iparticles -I../particles -Ibar -Imodules -I/usr/include/pixman-1 -I/usr/include/harfbuzz -I/usr/include/freetype2 -I/usr/include/libpng16 -I/usr/include/glib-2.0 -I/usr/lib/glib-2.0/include -I/usr/include/json-c -fdiagnostics-color=always -DNDEBUG -D_FILE_OFFSET_BITS=64 -Wall -Winvalid-pch -std=c18 -DMEMFD_CREATE -fmacro-prefix-map=../= -D_GNU_SOURCE -DENABLE_WAYLAND -O2 -m64 -march=x86-64 -mtune=generic -flto=auto -ffat-lto-objects -fPIE -DHAVE_PLUGIN_foreign_toplevel -DHAVE_PLUGIN_river -DHAVE_PLUGIN_sway_xkb -DHAVE_PLUGIN_script -DHAVE_PLUGIN_removables -D_REENTRANT -DHAVE_PLUGIN_pulse -DHAVE_PLUGIN_network -DHAVE_PLUGIN_label -DHAVE_PLUGIN_i3 -DHAVE_PLUGIN_mem -DHAVE_PLUGIN_dwl -DHAVE_PLUGIN_disk_io -DHAVE_PLUGIN_cpu -DHAVE_PLUGIN_clock -DHAVE_PLUGIN_battery -DHAVE_PLUGIN_backlight -DHAVE_PLUGIN_alsa -DHAVE_PLUGIN_string -DHAVE_PLUGIN_ramp -DHAVE_PLUGIN_progress_bar -DHAVE_PLUGIN_map -DHAVE_PLUGIN_list -DHAVE_PLUGIN_empty -DHAVE_PLUGIN_overline -DHAVE_PLUGIN_underline -DHAVE_PLUGIN_stack -DHAVE_PLUGIN_border -DHAVE_PLUGIN_background -DUTF8PROC_EXPORTS -pthread -MD -MQ yambar.p/particles_progress-bar.c.o -MF yambar.p/particles_progress-bar.c.o.d -o yambar.p/particles_progress-bar.c.o -c ../particles/progress-bar.c
[61/88] cc -Iyambar.p -I. -I.. -Iparticles -I../particles -Ibar -Imodules -I/usr/include/pixman-1 -I/usr/include/harfbuzz -I/usr/include/freetype2 -I/usr/include/libpng16 -I/usr/include/glib-2.0 -I/usr/lib/glib-2.0/include -I/usr/include/json-c -fdiagnostics-color=always -DNDEBUG -D_FILE_OFFSET_BITS=64 -Wall -Winvalid-pch -std=c18 -DMEMFD_CREATE -fmacro-prefix-map=../= -D_GNU_SOURCE -DENABLE_WAYLAND -O2 -m64 -march=x86-64 -mtune=generic -flto=auto -ffat-lto-objects -fPIE -DHAVE_PLUGIN_foreign_toplevel -DHAVE_PLUGIN_river -DHAVE_PLUGIN_sway_xkb -DHAVE_PLUGIN_script -DHAVE_PLUGIN_removables -D_REENTRANT -DHAVE_PLUGIN_pulse -DHAVE_PLUGIN_network -DHAVE_PLUGIN_label -DHAVE_PLUGIN_i3 -DHAVE_PLUGIN_mem -DHAVE_PLUGIN_dwl -DHAVE_PLUGIN_disk_io -DHAVE_PLUGIN_cpu -DHAVE_PLUGIN_clock -DHAVE_PLUGIN_battery -DHAVE_PLUGIN_backlight -DHAVE_PLUGIN_alsa -DHAVE_PLUGIN_string -DHAVE_PLUGIN_ramp -DHAVE_PLUGIN_progress_bar -DHAVE_PLUGIN_map -DHAVE_PLUGIN_list -DHAVE_PLUGIN_empty -DHAVE_PLUGIN_overline -DHAVE_PLUGIN_underline -DHAVE_PLUGIN_stack -DHAVE_PLUGIN_border -DHAVE_PLUGIN_background -DUTF8PROC_EXPORTS -pthread -MD -MQ yambar.p/particles_map.c.o -MF yambar.p/particles_map.c.o.d -o yambar.p/particles_map.c.o -c ../particles/map.c
[62/88] cc -Iyambar.p -I. -I.. -Iparticles -I../particles -Ibar -Imodules -I/usr/include/pixman-1 -I/usr/include/harfbuzz -I/usr/include/freetype2 -I/usr/include/libpng16 -I/usr/include/glib-2.0 -I/usr/lib/glib-2.0/include -I/usr/include/json-c -fdiagnostics-color=always -DNDEBUG -D_FILE_OFFSET_BITS=64 -Wall -Winvalid-pch -std=c18 -DMEMFD_CREATE -fmacro-prefix-map=../= -D_GNU_SOURCE -DENABLE_WAYLAND -O2 -m64 -march=x86-64 -mtune=generic -flto=auto -ffat-lto-objects -fPIE -DHAVE_PLUGIN_foreign_toplevel -DHAVE_PLUGIN_river -DHAVE_PLUGIN_sway_xkb -DHAVE_PLUGIN_script -DHAVE_PLUGIN_removables -D_REENTRANT -DHAVE_PLUGIN_pulse -DHAVE_PLUGIN_network -DHAVE_PLUGIN_label -DHAVE_PLUGIN_i3 -DHAVE_PLUGIN_mem -DHAVE_PLUGIN_dwl -DHAVE_PLUGIN_disk_io -DHAVE_PLUGIN_cpu -DHAVE_PLUGIN_clock -DHAVE_PLUGIN_battery -DHAVE_PLUGIN_backlight -DHAVE_PLUGIN_alsa -DHAVE_PLUGIN_string -DHAVE_PLUGIN_ramp -DHAVE_PLUGIN_progress_bar -DHAVE_PLUGIN_map -DHAVE_PLUGIN_list -DHAVE_PLUGIN_empty -DHAVE_PLUGIN_overline -DHAVE_PLUGIN_underline -DHAVE_PLUGIN_stack -DHAVE_PLUGIN_border -DHAVE_PLUGIN_background -DUTF8PROC_EXPORTS -pthread -MD -MQ yambar.p/particles_list.c.o -MF yambar.p/particles_list.c.o.d -o yambar.p/particles_list.c.o -c ../particles/list.c
[63/88] cc -Iyambar.p -I. -I.. -Iparticles -I../particles -Ibar -Imodules -I/usr/include/pixman-1 -I/usr/include/harfbuzz -I/usr/include/freetype2 -I/usr/include/libpng16 -I/usr/include/glib-2.0 -I/usr/lib/glib-2.0/include -I/usr/include/json-c -fdiagnostics-color=always -DNDEBUG -D_FILE_OFFSET_BITS=64 -Wall -Winvalid-pch -std=c18 -DMEMFD_CREATE -fmacro-prefix-map=../= -D_GNU_SOURCE -DENABLE_WAYLAND -O2 -m64 -march=x86-64 -mtune=generic -flto=auto -ffat-lto-objects -fPIE -DHAVE_PLUGIN_foreign_toplevel -DHAVE_PLUGIN_river -DHAVE_PLUGIN_sway_xkb -DHAVE_PLUGIN_script -DHAVE_PLUGIN_removables -D_REENTRANT -DHAVE_PLUGIN_pulse -DHAVE_PLUGIN_network -DHAVE_PLUGIN_label -DHAVE_PLUGIN_i3 -DHAVE_PLUGIN_mem -DHAVE_PLUGIN_dwl -DHAVE_PLUGIN_disk_io -DHAVE_PLUGIN_cpu -DHAVE_PLUGIN_clock -DHAVE_PLUGIN_battery -DHAVE_PLUGIN_backlight -DHAVE_PLUGIN_alsa -DHAVE_PLUGIN_string -DHAVE_PLUGIN_ramp -DHAVE_PLUGIN_progress_bar -DHAVE_PLUGIN_map -DHAVE_PLUGIN_list -DHAVE_PLUGIN_empty -DHAVE_PLUGIN_overline -DHAVE_PLUGIN_underline -DHAVE_PLUGIN_stack -DHAVE_PLUGIN_border -DHAVE_PLUGIN_background -DUTF8PROC_EXPORTS -pthread -MD -MQ yambar.p/particles_empty.c.o -MF yambar.p/particles_empty.c.o.d -o yambar.p/particles_empty.c.o -c ../particles/empty.c
[64/88] cc -Iyambar.p -I. -I.. -Iparticles -I../particles -Ibar -Imodules -I/usr/include/pixman-1 -I/usr/include/harfbuzz -I/usr/include/freetype2 -I/usr/include/libpng16 -I/usr/include/glib-2.0 -I/usr/lib/glib-2.0/include -I/usr/include/json-c -fdiagnostics-color=always -DNDEBUG -D_FILE_OFFSET_BITS=64 -Wall -Winvalid-pch -std=c18 -DMEMFD_CREATE -fmacro-prefix-map=../= -D_GNU_SOURCE -DENABLE_WAYLAND -O2 -m64 -march=x86-64 -mtune=generic -flto=auto -ffat-lto-objects -fPIE -DHAVE_PLUGIN_foreign_toplevel -DHAVE_PLUGIN_river -DHAVE_PLUGIN_sway_xkb -DHAVE_PLUGIN_script -DHAVE_PLUGIN_removables -D_REENTRANT -DHAVE_PLUGIN_pulse -DHAVE_PLUGIN_network -DHAVE_PLUGIN_label -DHAVE_PLUGIN_i3 -DHAVE_PLUGIN_mem -DHAVE_PLUGIN_dwl -DHAVE_PLUGIN_disk_io -DHAVE_PLUGIN_cpu -DHAVE_PLUGIN_clock -DHAVE_PLUGIN_battery -DHAVE_PLUGIN_backlight -DHAVE_PLUGIN_alsa -DHAVE_PLUGIN_string -DHAVE_PLUGIN_ramp -DHAVE_PLUGIN_progress_bar -DHAVE_PLUGIN_map -DHAVE_PLUGIN_list -DHAVE_PLUGIN_empty -DHAVE_PLUGIN_overline -DHAVE_PLUGIN_underline -DHAVE_PLUGIN_stack -DHAVE_PLUGIN_border -DHAVE_PLUGIN_background -DUTF8PROC_EXPORTS -pthread -MD -MQ yambar.p/decorations_overline.c.o -MF yambar.p/decorations_overline.c.o.d -o yambar.p/decorations_overline.c.o -c ../decorations/overline.c
[65/88] cc -Iyambar.p -I. -I.. -Iparticles -I../particles -Ibar -Imodules -I/usr/include/pixman-1 -I/usr/include/harfbuzz -I/usr/include/freetype2 -I/usr/include/libpng16 -I/usr/include/glib-2.0 -I/usr/lib/glib-2.0/include -I/usr/include/json-c -fdiagnostics-color=always -DNDEBUG -D_FILE_OFFSET_BITS=64 -Wall -Winvalid-pch -std=c18 -DMEMFD_CREATE -fmacro-prefix-map=../= -D_GNU_SOURCE -DENABLE_WAYLAND -O2 -m64 -march=x86-64 -mtune=generic -flto=auto -ffat-lto-objects -fPIE -DHAVE_PLUGIN_foreign_toplevel -DHAVE_PLUGIN_river -DHAVE_PLUGIN_sway_xkb -DHAVE_PLUGIN_script -DHAVE_PLUGIN_removables -D_REENTRANT -DHAVE_PLUGIN_pulse -DHAVE_PLUGIN_network -DHAVE_PLUGIN_label -DHAVE_PLUGIN_i3 -DHAVE_PLUGIN_mem -DHAVE_PLUGIN_dwl -DHAVE_PLUGIN_disk_io -DHAVE_PLUGIN_cpu -DHAVE_PLUGIN_clock -DHAVE_PLUGIN_battery -DHAVE_PLUGIN_backlight -DHAVE_PLUGIN_alsa -DHAVE_PLUGIN_string -DHAVE_PLUGIN_ramp -DHAVE_PLUGIN_progress_bar -DHAVE_PLUGIN_map -DHAVE_PLUGIN_list -DHAVE_PLUGIN_empty -DHAVE_PLUGIN_overline -DHAVE_PLUGIN_underline -DHAVE_PLUGIN_stack -DHAVE_PLUGIN_border -DHAVE_PLUGIN_background -DUTF8PROC_EXPORTS -pthread -MD -MQ yambar.p/decorations_underline.c.o -MF yambar.p/decorations_underline.c.o.d -o yambar.p/decorations_underline.c.o -c ../decorations/underline.c
[66/88] cc -Iyambar.p -I. -I.. -Iparticles -I../particles -Ibar -Imodules -I/usr/include/pixman-1 -I/usr/include/harfbuzz -I/usr/include/freetype2 -I/usr/include/libpng16 -I/usr/include/glib-2.0 -I/usr/lib/glib-2.0/include -I/usr/include/json-c -fdiagnostics-color=always -DNDEBUG -D_FILE_OFFSET_BITS=64 -Wall -Winvalid-pch -std=c18 -DMEMFD_CREATE -fmacro-prefix-map=../= -D_GNU_SOURCE -DENABLE_WAYLAND -O2 -m64 -march=x86-64 -mtune=generic -flto=auto -ffat-lto-objects -fPIE -DHAVE_PLUGIN_foreign_toplevel -DHAVE_PLUGIN_river -DHAVE_PLUGIN_sway_xkb -DHAVE_PLUGIN_script -DHAVE_PLUGIN_removables -D_REENTRANT -DHAVE_PLUGIN_pulse -DHAVE_PLUGIN_network -DHAVE_PLUGIN_label -DHAVE_PLUGIN_i3 -DHAVE_PLUGIN_mem -DHAVE_PLUGIN_dwl -DHAVE_PLUGIN_disk_io -DHAVE_PLUGIN_cpu -DHAVE_PLUGIN_clock -DHAVE_PLUGIN_battery -DHAVE_PLUGIN_backlight -DHAVE_PLUGIN_alsa -DHAVE_PLUGIN_string -DHAVE_PLUGIN_ramp -DHAVE_PLUGIN_progress_bar -DHAVE_PLUGIN_map -DHAVE_PLUGIN_list -DHAVE_PLUGIN_empty -DHAVE_PLUGIN_overline -DHAVE_PLUGIN_underline -DHAVE_PLUGIN_stack -DHAVE_PLUGIN_border -DHAVE_PLUGIN_background -DUTF8PROC_EXPORTS -pthread -MD -MQ yambar.p/decorations_stack.c.o -MF yambar.p/decorations_stack.c.o.d -o yambar.p/decorations_stack.c.o -c ../decorations/stack.c
[67/88] cc -Iyambar.p -I. -I.. -Iparticles -I../particles -Ibar -Imodules -I/usr/include/pixman-1 -I/usr/include/harfbuzz -I/usr/include/freetype2 -I/usr/include/libpng16 -I/usr/include/glib-2.0 -I/usr/lib/glib-2.0/include -I/usr/include/json-c -fdiagnostics-color=always -DNDEBUG -D_FILE_OFFSET_BITS=64 -Wall -Winvalid-pch -std=c18 -DMEMFD_CREATE -fmacro-prefix-map=../= -D_GNU_SOURCE -DENABLE_WAYLAND -O2 -m64 -march=x86-64 -mtune=generic -flto=auto -ffat-lto-objects -fPIE -DHAVE_PLUGIN_foreign_toplevel -DHAVE_PLUGIN_river -DHAVE_PLUGIN_sway_xkb -DHAVE_PLUGIN_script -DHAVE_PLUGIN_removables -D_REENTRANT -DHAVE_PLUGIN_pulse -DHAVE_PLUGIN_network -DHAVE_PLUGIN_label -DHAVE_PLUGIN_i3 -DHAVE_PLUGIN_mem -DHAVE_PLUGIN_dwl -DHAVE_PLUGIN_disk_io -DHAVE_PLUGIN_cpu -DHAVE_PLUGIN_clock -DHAVE_PLUGIN_battery -DHAVE_PLUGIN_backlight -DHAVE_PLUGIN_alsa -DHAVE_PLUGIN_string -DHAVE_PLUGIN_ramp -DHAVE_PLUGIN_progress_bar -DHAVE_PLUGIN_map -DHAVE_PLUGIN_list -DHAVE_PLUGIN_empty -DHAVE_PLUGIN_overline -DHAVE_PLUGIN_underline -DHAVE_PLUGIN_stack -DHAVE_PLUGIN_border -DHAVE_PLUGIN_background -DUTF8PROC_EXPORTS -pthread -MD -MQ yambar.p/decorations_border.c.o -MF yambar.p/decorations_border.c.o.d -o yambar.p/decorations_border.c.o -c ../decorations/border.c
[68/88] cc -Iyambar.p -I. -I.. -Iparticles -I../particles -Ibar -Imodules -I/usr/include/pixman-1 -I/usr/include/harfbuzz -I/usr/include/freetype2 -I/usr/include/libpng16 -I/usr/include/glib-2.0 -I/usr/lib/glib-2.0/include -I/usr/include/json-c -fdiagnostics-color=always -DNDEBUG -D_FILE_OFFSET_BITS=64 -Wall -Winvalid-pch -std=c18 -DMEMFD_CREATE -fmacro-prefix-map=../= -D_GNU_SOURCE -DENABLE_WAYLAND -O2 -m64 -march=x86-64 -mtune=generic -flto=auto -ffat-lto-objects -fPIE -DHAVE_PLUGIN_foreign_toplevel -DHAVE_PLUGIN_river -DHAVE_PLUGIN_sway_xkb -DHAVE_PLUGIN_script -DHAVE_PLUGIN_removables -D_REENTRANT -DHAVE_PLUGIN_pulse -DHAVE_PLUGIN_network -DHAVE_PLUGIN_label -DHAVE_PLUGIN_i3 -DHAVE_PLUGIN_mem -DHAVE_PLUGIN_dwl -DHAVE_PLUGIN_disk_io -DHAVE_PLUGIN_cpu -DHAVE_PLUGIN_clock -DHAVE_PLUGIN_battery -DHAVE_PLUGIN_backlight -DHAVE_PLUGIN_alsa -DHAVE_PLUGIN_string -DHAVE_PLUGIN_ramp -DHAVE_PLUGIN_progress_bar -DHAVE_PLUGIN_map -DHAVE_PLUGIN_list -DHAVE_PLUGIN_empty -DHAVE_PLUGIN_overline -DHAVE_PLUGIN_underline -DHAVE_PLUGIN_stack -DHAVE_PLUGIN_border -DHAVE_PLUGIN_background -DUTF8PROC_EXPORTS -pthread -MD -MQ yambar.p/decorations_background.c.o -MF yambar.p/decorations_background.c.o.d -o yambar.p/decorations_background.c.o -c ../decorations/background.c
[69/88] cc -Iyambar.p -I. -I.. -Iparticles -I../particles -Ibar -Imodules -I/usr/include/pixman-1 -I/usr/include/harfbuzz -I/usr/include/freetype2 -I/usr/include/libpng16 -I/usr/include/glib-2.0 -I/usr/lib/glib-2.0/include -I/usr/include/json-c -fdiagnostics-color=always -DNDEBUG -D_FILE_OFFSET_BITS=64 -Wall -Winvalid-pch -std=c18 -DMEMFD_CREATE -fmacro-prefix-map=../= -D_GNU_SOURCE -DENABLE_WAYLAND -O2 -m64 -march=x86-64 -mtune=generic -flto=auto -ffat-lto-objects -fPIE -DHAVE_PLUGIN_foreign_toplevel -DHAVE_PLUGIN_river -DHAVE_PLUGIN_sway_xkb -DHAVE_PLUGIN_script -DHAVE_PLUGIN_removables -D_REENTRANT -DHAVE_PLUGIN_pulse -DHAVE_PLUGIN_network -DHAVE_PLUGIN_label -DHAVE_PLUGIN_i3 -DHAVE_PLUGIN_mem -DHAVE_PLUGIN_dwl -DHAVE_PLUGIN_disk_io -DHAVE_PLUGIN_cpu -DHAVE_PLUGIN_clock -DHAVE_PLUGIN_battery -DHAVE_PLUGIN_backlight -DHAVE_PLUGIN_alsa -DHAVE_PLUGIN_string -DHAVE_PLUGIN_ramp -DHAVE_PLUGIN_progress_bar -DHAVE_PLUGIN_map -DHAVE_PLUGIN_list -DHAVE_PLUGIN_empty -DHAVE_PLUGIN_overline -DHAVE_PLUGIN_underline -DHAVE_PLUGIN_stack -DHAVE_PLUGIN_border -DHAVE_PLUGIN_background -DUTF8PROC_EXPORTS -pthread -MD -MQ yambar.p/bar_wayland.c.o -MF yambar.p/bar_wayland.c.o.d -o yambar.p/bar_wayland.c.o -c ../bar/wayland.c
[70/88] cc -Iyambar.p -I. -I.. -Iparticles -I../particles -Ibar -Imodules -I/usr/include/pixman-1 -I/usr/include/harfbuzz -I/usr/include/freetype2 -I/usr/include/libpng16 -I/usr/include/glib-2.0 -I/usr/lib/glib-2.0/include -I/usr/include/json-c -fdiagnostics-color=always -DNDEBUG -D_FILE_OFFSET_BITS=64 -Wall -Winvalid-pch -std=c18 -DMEMFD_CREATE -fmacro-prefix-map=../= -D_GNU_SOURCE -DENABLE_WAYLAND -O2 -m64 -march=x86-64 -mtune=generic -flto=auto -ffat-lto-objects -fPIE -DHAVE_PLUGIN_foreign_toplevel -DHAVE_PLUGIN_river -DHAVE_PLUGIN_sway_xkb -DHAVE_PLUGIN_script -DHAVE_PLUGIN_removables -D_REENTRANT -DHAVE_PLUGIN_pulse -DHAVE_PLUGIN_network -DHAVE_PLUGIN_label -DHAVE_PLUGIN_i3 -DHAVE_PLUGIN_mem -DHAVE_PLUGIN_dwl -DHAVE_PLUGIN_disk_io -DHAVE_PLUGIN_cpu -DHAVE_PLUGIN_clock -DHAVE_PLUGIN_battery -DHAVE_PLUGIN_backlight -DHAVE_PLUGIN_alsa -DHAVE_PLUGIN_string -DHAVE_PLUGIN_ramp -DHAVE_PLUGIN_progress_bar -DHAVE_PLUGIN_map -DHAVE_PLUGIN_list -DHAVE_PLUGIN_empty -DHAVE_PLUGIN_overline -DHAVE_PLUGIN_underline -DHAVE_PLUGIN_stack -DHAVE_PLUGIN_border -DHAVE_PLUGIN_background -DUTF8PROC_EXPORTS -pthread -MD -MQ yambar.p/bar_bar.c.o -MF yambar.p/bar_bar.c.o.d -o yambar.p/bar_bar.c.o -c ../bar/bar.c
[71/88] cc -Iyambar.p -I. -I.. -Iparticles -I../particles -Ibar -Imodules -I/usr/include/pixman-1 -I/usr/include/harfbuzz -I/usr/include/freetype2 -I/usr/include/libpng16 -I/usr/include/glib-2.0 -I/usr/lib/glib-2.0/include -I/usr/include/json-c -fdiagnostics-color=always -DNDEBUG -D_FILE_OFFSET_BITS=64 -Wall -Winvalid-pch -std=c18 -DMEMFD_CREATE -fmacro-prefix-map=../= -D_GNU_SOURCE -DENABLE_WAYLAND -O2 -m64 -march=x86-64 -mtune=generic -flto=auto -ffat-lto-objects -fPIE -DHAVE_PLUGIN_foreign_toplevel -DHAVE_PLUGIN_river -DHAVE_PLUGIN_sway_xkb -DHAVE_PLUGIN_script -DHAVE_PLUGIN_removables -D_REENTRANT -DHAVE_PLUGIN_pulse -DHAVE_PLUGIN_network -DHAVE_PLUGIN_label -DHAVE_PLUGIN_i3 -DHAVE_PLUGIN_mem -DHAVE_PLUGIN_dwl -DHAVE_PLUGIN_disk_io -DHAVE_PLUGIN_cpu -DHAVE_PLUGIN_clock -DHAVE_PLUGIN_battery -DHAVE_PLUGIN_backlight -DHAVE_PLUGIN_alsa -DHAVE_PLUGIN_string -DHAVE_PLUGIN_ramp -DHAVE_PLUGIN_progress_bar -DHAVE_PLUGIN_map -DHAVE_PLUGIN_list -DHAVE_PLUGIN_empty -DHAVE_PLUGIN_overline -DHAVE_PLUGIN_underline -DHAVE_PLUGIN_stack -DHAVE_PLUGIN_border -DHAVE_PLUGIN_background -DUTF8PROC_EXPORTS -pthread -MD -MQ yambar.p/yml.c.o -MF yambar.p/yml.c.o.d -o yambar.p/yml.c.o -c ../yml.c
[72/88] cc -Iyambar.p -I. -I.. -Iparticles -I../particles -Ibar -Imodules -I/usr/include/pixman-1 -I/usr/include/harfbuzz -I/usr/include/freetype2 -I/usr/include/libpng16 -I/usr/include/glib-2.0 -I/usr/lib/glib-2.0/include -I/usr/include/json-c -fdiagnostics-color=always -DNDEBUG -D_FILE_OFFSET_BITS=64 -Wall -Winvalid-pch -std=c18 -DMEMFD_CREATE -fmacro-prefix-map=../= -D_GNU_SOURCE -DENABLE_WAYLAND -O2 -m64 -march=x86-64 -mtune=generic -flto=auto -ffat-lto-objects -fPIE -DHAVE_PLUGIN_foreign_toplevel -DHAVE_PLUGIN_river -DHAVE_PLUGIN_sway_xkb -DHAVE_PLUGIN_script -DHAVE_PLUGIN_removables -D_REENTRANT -DHAVE_PLUGIN_pulse -DHAVE_PLUGIN_network -DHAVE_PLUGIN_label -DHAVE_PLUGIN_i3 -DHAVE_PLUGIN_mem -DHAVE_PLUGIN_dwl -DHAVE_PLUGIN_disk_io -DHAVE_PLUGIN_cpu -DHAVE_PLUGIN_clock -DHAVE_PLUGIN_battery -DHAVE_PLUGIN_backlight -DHAVE_PLUGIN_alsa -DHAVE_PLUGIN_string -DHAVE_PLUGIN_ramp -DHAVE_PLUGIN_progress_bar -DHAVE_PLUGIN_map -DHAVE_PLUGIN_list -DHAVE_PLUGIN_empty -DHAVE_PLUGIN_overline -DHAVE_PLUGIN_underline -DHAVE_PLUGIN_stack -DHAVE_PLUGIN_border -DHAVE_PLUGIN_background -DUTF8PROC_EXPORTS -pthread -MD -MQ yambar.p/tag.c.o -MF yambar.p/tag.c.o.d -o yambar.p/tag.c.o -c ../tag.c
[73/88] cc -Iyambar.p -I. -I.. -Iparticles -I../particles -Ibar -Imodules -I/usr/include/pixman-1 -I/usr/include/harfbuzz -I/usr/include/freetype2 -I/usr/include/libpng16 -I/usr/include/glib-2.0 -I/usr/lib/glib-2.0/include -I/usr/include/json-c -fdiagnostics-color=always -DNDEBUG -D_FILE_OFFSET_BITS=64 -Wall -Winvalid-pch -std=c18 -DMEMFD_CREATE -fmacro-prefix-map=../= -D_GNU_SOURCE -DENABLE_WAYLAND -O2 -m64 -march=x86-64 -mtune=generic -flto=auto -ffat-lto-objects -fPIE -DHAVE_PLUGIN_foreign_toplevel -DHAVE_PLUGIN_river -DHAVE_PLUGIN_sway_xkb -DHAVE_PLUGIN_script -DHAVE_PLUGIN_removables -D_REENTRANT -DHAVE_PLUGIN_pulse -DHAVE_PLUGIN_network -DHAVE_PLUGIN_label -DHAVE_PLUGIN_i3 -DHAVE_PLUGIN_mem -DHAVE_PLUGIN_dwl -DHAVE_PLUGIN_disk_io -DHAVE_PLUGIN_cpu -DHAVE_PLUGIN_clock -DHAVE_PLUGIN_battery -DHAVE_PLUGIN_backlight -DHAVE_PLUGIN_alsa -DHAVE_PLUGIN_string -DHAVE_PLUGIN_ramp -DHAVE_PLUGIN_progress_bar -DHAVE_PLUGIN_map -DHAVE_PLUGIN_list -DHAVE_PLUGIN_empty -DHAVE_PLUGIN_overline -DHAVE_PLUGIN_underline -DHAVE_PLUGIN_stack -DHAVE_PLUGIN_border -DHAVE_PLUGIN_background -DUTF8PROC_EXPORTS -pthread -MD -MQ yambar.p/plugin.c.o -MF yambar.p/plugin.c.o.d -o yambar.p/plugin.c.o -c ../plugin.c
[74/88] cc -Iyambar.p -I. -I.. -Iparticles -I../particles -Ibar -Imodules -I/usr/include/pixman-1 -I/usr/include/harfbuzz -I/usr/include/freetype2 -I/usr/include/libpng16 -I/usr/include/glib-2.0 -I/usr/lib/glib-2.0/include -I/usr/include/json-c -fdiagnostics-color=always -DNDEBUG -D_FILE_OFFSET_BITS=64 -Wall -Winvalid-pch -std=c18 -DMEMFD_CREATE -fmacro-prefix-map=../= -D_GNU_SOURCE -DENABLE_WAYLAND -O2 -m64 -march=x86-64 -mtune=generic -flto=auto -ffat-lto-objects -fPIE -DHAVE_PLUGIN_foreign_toplevel -DHAVE_PLUGIN_river -DHAVE_PLUGIN_sway_xkb -DHAVE_PLUGIN_script -DHAVE_PLUGIN_removables -D_REENTRANT -DHAVE_PLUGIN_pulse -DHAVE_PLUGIN_network -DHAVE_PLUGIN_label -DHAVE_PLUGIN_i3 -DHAVE_PLUGIN_mem -DHAVE_PLUGIN_dwl -DHAVE_PLUGIN_disk_io -DHAVE_PLUGIN_cpu -DHAVE_PLUGIN_clock -DHAVE_PLUGIN_battery -DHAVE_PLUGIN_backlight -DHAVE_PLUGIN_alsa -DHAVE_PLUGIN_string -DHAVE_PLUGIN_ramp -DHAVE_PLUGIN_progress_bar -DHAVE_PLUGIN_map -DHAVE_PLUGIN_list -DHAVE_PLUGIN_empty -DHAVE_PLUGIN_overline -DHAVE_PLUGIN_underline -DHAVE_PLUGIN_stack -DHAVE_PLUGIN_border -DHAVE_PLUGIN_background -DUTF8PROC_EXPORTS -pthread -MD -MQ yambar.p/particle.c.o -MF yambar.p/particle.c.o.d -o yambar.p/particle.c.o -c ../particle.c
[75/88] cc -Iyambar.p -I. -I.. -Iparticles -I../particles -Ibar -Imodules -I/usr/include/pixman-1 -I/usr/include/harfbuzz -I/usr/include/freetype2 -I/usr/include/libpng16 -I/usr/include/glib-2.0 -I/usr/lib/glib-2.0/include -I/usr/include/json-c -fdiagnostics-color=always -DNDEBUG -D_FILE_OFFSET_BITS=64 -Wall -Winvalid-pch -std=c18 -DMEMFD_CREATE -fmacro-prefix-map=../= -D_GNU_SOURCE -DENABLE_WAYLAND -O2 -m64 -march=x86-64 -mtune=generic -flto=auto -ffat-lto-objects -fPIE -DHAVE_PLUGIN_foreign_toplevel -DHAVE_PLUGIN_river -DHAVE_PLUGIN_sway_xkb -DHAVE_PLUGIN_script -DHAVE_PLUGIN_removables -D_REENTRANT -DHAVE_PLUGIN_pulse -DHAVE_PLUGIN_network -DHAVE_PLUGIN_label -DHAVE_PLUGIN_i3 -DHAVE_PLUGIN_mem -DHAVE_PLUGIN_dwl -DHAVE_PLUGIN_disk_io -DHAVE_PLUGIN_cpu -DHAVE_PLUGIN_clock -DHAVE_PLUGIN_battery -DHAVE_PLUGIN_backlight -DHAVE_PLUGIN_alsa -DHAVE_PLUGIN_string -DHAVE_PLUGIN_ramp -DHAVE_PLUGIN_progress_bar -DHAVE_PLUGIN_map -DHAVE_PLUGIN_list -DHAVE_PLUGIN_empty -DHAVE_PLUGIN_overline -DHAVE_PLUGIN_underline -DHAVE_PLUGIN_stack -DHAVE_PLUGIN_border -DHAVE_PLUGIN_background -DUTF8PROC_EXPORTS -pthread -MD -MQ yambar.p/module.c.o -MF yambar.p/module.c.o.d -o yambar.p/module.c.o -c ../module.c
[76/88] cc -Iyambar.p -I. -I.. -Iparticles -I../particles -Ibar -Imodules -I/usr/include/pixman-1 -I/usr/include/harfbuzz -I/usr/include/freetype2 -I/usr/include/libpng16 -I/usr/include/glib-2.0 -I/usr/lib/glib-2.0/include -I/usr/include/json-c -fdiagnostics-color=always -DNDEBUG -D_FILE_OFFSET_BITS=64 -Wall -Winvalid-pch -std=c18 -DMEMFD_CREATE -fmacro-prefix-map=../= -D_GNU_SOURCE -DENABLE_WAYLAND -O2 -m64 -march=x86-64 -mtune=generic -flto=auto -ffat-lto-objects -fPIE -DHAVE_PLUGIN_foreign_toplevel -DHAVE_PLUGIN_river -DHAVE_PLUGIN_sway_xkb -DHAVE_PLUGIN_script -DHAVE_PLUGIN_removables -D_REENTRANT -DHAVE_PLUGIN_pulse -DHAVE_PLUGIN_network -DHAVE_PLUGIN_label -DHAVE_PLUGIN_i3 -DHAVE_PLUGIN_mem -DHAVE_PLUGIN_dwl -DHAVE_PLUGIN_disk_io -DHAVE_PLUGIN_cpu -DHAVE_PLUGIN_clock -DHAVE_PLUGIN_battery -DHAVE_PLUGIN_backlight -DHAVE_PLUGIN_alsa -DHAVE_PLUGIN_string -DHAVE_PLUGIN_ramp -DHAVE_PLUGIN_progress_bar -DHAVE_PLUGIN_map -DHAVE_PLUGIN_list -DHAVE_PLUGIN_empty -DHAVE_PLUGIN_overline -DHAVE_PLUGIN_underline -DHAVE_PLUGIN_stack -DHAVE_PLUGIN_border -DHAVE_PLUGIN_background -DUTF8PROC_EXPORTS -pthread -MD -MQ yambar.p/main.c.o -MF yambar.p/main.c.o.d -o yambar.p/main.c.o -c ../main.c
[77/88] cc -Iyambar.p -I. -I.. -Iparticles -I../particles -Ibar -Imodules -I/usr/include/pixman-1 -I/usr/include/harfbuzz -I/usr/include/freetype2 -I/usr/include/libpng16 -I/usr/include/glib-2.0 -I/usr/lib/glib-2.0/include -I/usr/include/json-c -fdiagnostics-color=always -DNDEBUG -D_FILE_OFFSET_BITS=64 -Wall -Winvalid-pch -std=c18 -DMEMFD_CREATE -fmacro-prefix-map=../= -D_GNU_SOURCE -DENABLE_WAYLAND -O2 -m64 -march=x86-64 -mtune=generic -flto=auto -ffat-lto-objects -fPIE -DHAVE_PLUGIN_foreign_toplevel -DHAVE_PLUGIN_river -DHAVE_PLUGIN_sway_xkb -DHAVE_PLUGIN_script -DHAVE_PLUGIN_removables -D_REENTRANT -DHAVE_PLUGIN_pulse -DHAVE_PLUGIN_network -DHAVE_PLUGIN_label -DHAVE_PLUGIN_i3 -DHAVE_PLUGIN_mem -DHAVE_PLUGIN_dwl -DHAVE_PLUGIN_disk_io -DHAVE_PLUGIN_cpu -DHAVE_PLUGIN_clock -DHAVE_PLUGIN_battery -DHAVE_PLUGIN_backlight -DHAVE_PLUGIN_alsa -DHAVE_PLUGIN_string -DHAVE_PLUGIN_ramp -DHAVE_PLUGIN_progress_bar -DHAVE_PLUGIN_map -DHAVE_PLUGIN_list -DHAVE_PLUGIN_empty -DHAVE_PLUGIN_overline -DHAVE_PLUGIN_underline -DHAVE_PLUGIN_stack -DHAVE_PLUGIN_border -DHAVE_PLUGIN_background -DUTF8PROC_EXPORTS -pthread -MD -MQ yambar.p/log.c.o -MF yambar.p/log.c.o.d -o yambar.p/log.c.o -c ../log.c
[78/88] cc -Iyambar.p -I. -I.. -Iparticles -I../particles -Ibar -Imodules -I/usr/include/pixman-1 -I/usr/include/harfbuzz -I/usr/include/freetype2 -I/usr/include/libpng16 -I/usr/include/glib-2.0 -I/usr/lib/glib-2.0/include -I/usr/include/json-c -fdiagnostics-color=always -DNDEBUG -D_FILE_OFFSET_BITS=64 -Wall -Winvalid-pch -std=c18 -DMEMFD_CREATE -fmacro-prefix-map=../= -D_GNU_SOURCE -DENABLE_WAYLAND -O2 -m64 -march=x86-64 -mtune=generic -flto=auto -ffat-lto-objects -fPIE -DHAVE_PLUGIN_foreign_toplevel -DHAVE_PLUGIN_river -DHAVE_PLUGIN_sway_xkb -DHAVE_PLUGIN_script -DHAVE_PLUGIN_removables -D_REENTRANT -DHAVE_PLUGIN_pulse -DHAVE_PLUGIN_network -DHAVE_PLUGIN_label -DHAVE_PLUGIN_i3 -DHAVE_PLUGIN_mem -DHAVE_PLUGIN_dwl -DHAVE_PLUGIN_disk_io -DHAVE_PLUGIN_cpu -DHAVE_PLUGIN_clock -DHAVE_PLUGIN_battery -DHAVE_PLUGIN_backlight -DHAVE_PLUGIN_alsa -DHAVE_PLUGIN_string -DHAVE_PLUGIN_ramp -DHAVE_PLUGIN_progress_bar -DHAVE_PLUGIN_map -DHAVE_PLUGIN_list -DHAVE_PLUGIN_empty -DHAVE_PLUGIN_overline -DHAVE_PLUGIN_underline -DHAVE_PLUGIN_stack -DHAVE_PLUGIN_border -DHAVE_PLUGIN_background -DUTF8PROC_EXPORTS -pthread -MD -MQ yambar.p/config.c.o -MF yambar.p/config.c.o.d -o yambar.p/config.c.o -c ../config.c
[79/88] cc -Iyambar.p -I. -I.. -Iparticles -I../particles -Ibar -Imodules -I/usr/include/pixman-1 -I/usr/include/harfbuzz -I/usr/include/freetype2 -I/usr/include/libpng16 -I/usr/include/glib-2.0 -I/usr/lib/glib-2.0/include -I/usr/include/json-c -fdiagnostics-color=always -DNDEBUG -D_FILE_OFFSET_BITS=64 -Wall -Winvalid-pch -std=c18 -DMEMFD_CREATE -fmacro-prefix-map=../= -D_GNU_SOURCE -DENABLE_WAYLAND -O2 -m64 -march=x86-64 -mtune=generic -flto=auto -ffat-lto-objects -fPIE -DHAVE_PLUGIN_foreign_toplevel -DHAVE_PLUGIN_river -DHAVE_PLUGIN_sway_xkb -DHAVE_PLUGIN_script -DHAVE_PLUGIN_removables -D_REENTRANT -DHAVE_PLUGIN_pulse -DHAVE_PLUGIN_network -DHAVE_PLUGIN_label -DHAVE_PLUGIN_i3 -DHAVE_PLUGIN_mem -DHAVE_PLUGIN_dwl -DHAVE_PLUGIN_disk_io -DHAVE_PLUGIN_cpu -DHAVE_PLUGIN_clock -DHAVE_PLUGIN_battery -DHAVE_PLUGIN_backlight -DHAVE_PLUGIN_alsa -DHAVE_PLUGIN_string -DHAVE_PLUGIN_ramp -DHAVE_PLUGIN_progress_bar -DHAVE_PLUGIN_map -DHAVE_PLUGIN_list -DHAVE_PLUGIN_empty -DHAVE_PLUGIN_overline -DHAVE_PLUGIN_underline -DHAVE_PLUGIN_stack -DHAVE_PLUGIN_border -DHAVE_PLUGIN_background -DUTF8PROC_EXPORTS -pthread -MD -MQ yambar.p/config-verify.c.o -MF yambar.p/config-verify.c.o.d -o yambar.p/config-verify.c.o -c ../config-verify.c
[80/88] cc -Iyambar.p -I. -I.. -Iparticles -I../particles -Ibar -Imodules -I/usr/include/pixman-1 -I/usr/include/harfbuzz -I/usr/include/freetype2 -I/usr/include/libpng16 -I/usr/include/glib-2.0 -I/usr/lib/glib-2.0/include -I/usr/include/json-c -fdiagnostics-color=always -DNDEBUG -D_FILE_OFFSET_BITS=64 -Wall -Winvalid-pch -std=c18 -DMEMFD_CREATE -fmacro-prefix-map=../= -D_GNU_SOURCE -DENABLE_WAYLAND -O2 -m64 -march=x86-64 -mtune=generic -flto=auto -ffat-lto-objects -fPIE -DHAVE_PLUGIN_foreign_toplevel -DHAVE_PLUGIN_river -DHAVE_PLUGIN_sway_xkb -DHAVE_PLUGIN_script -DHAVE_PLUGIN_removables -D_REENTRANT -DHAVE_PLUGIN_pulse -DHAVE_PLUGIN_network -DHAVE_PLUGIN_label -DHAVE_PLUGIN_i3 -DHAVE_PLUGIN_mem -DHAVE_PLUGIN_dwl -DHAVE_PLUGIN_disk_io -DHAVE_PLUGIN_cpu -DHAVE_PLUGIN_clock -DHAVE_PLUGIN_battery -DHAVE_PLUGIN_backlight -DHAVE_PLUGIN_alsa -DHAVE_PLUGIN_string -DHAVE_PLUGIN_ramp -DHAVE_PLUGIN_progress_bar -DHAVE_PLUGIN_map -DHAVE_PLUGIN_list -DHAVE_PLUGIN_empty -DHAVE_PLUGIN_overline -DHAVE_PLUGIN_underline -DHAVE_PLUGIN_stack -DHAVE_PLUGIN_border -DHAVE_PLUGIN_background -DUTF8PROC_EXPORTS -pthread -MD -MQ yambar.p/char32.c.o -MF yambar.p/char32.c.o.d -o yambar.p/char32.c.o -c ../char32.c
[81/88] cc -Iyambar.p -I. -I.. -Iparticles -I../particles -Ibar -Imodules -I/usr/include/pixman-1 -I/usr/include/harfbuzz -I/usr/include/freetype2 -I/usr/include/libpng16 -I/usr/include/glib-2.0 -I/usr/lib/glib-2.0/include -I/usr/include/json-c -fdiagnostics-color=always -DNDEBUG -D_FILE_OFFSET_BITS=64 -Wall -Winvalid-pch -std=c18 -DMEMFD_CREATE -fmacro-prefix-map=../= -D_GNU_SOURCE -DENABLE_WAYLAND -O2 -m64 -march=x86-64 -mtune=generic -flto=auto -ffat-lto-objects -fPIE -DHAVE_PLUGIN_foreign_toplevel -DHAVE_PLUGIN_river -DHAVE_PLUGIN_sway_xkb -DHAVE_PLUGIN_script -DHAVE_PLUGIN_removables -D_REENTRANT -DHAVE_PLUGIN_pulse -DHAVE_PLUGIN_network -DHAVE_PLUGIN_label -DHAVE_PLUGIN_i3 -DHAVE_PLUGIN_mem -DHAVE_PLUGIN_dwl -DHAVE_PLUGIN_disk_io -DHAVE_PLUGIN_cpu -DHAVE_PLUGIN_clock -DHAVE_PLUGIN_battery -DHAVE_PLUGIN_backlight -DHAVE_PLUGIN_alsa -DHAVE_PLUGIN_string -DHAVE_PLUGIN_ramp -DHAVE_PLUGIN_progress_bar -DHAVE_PLUGIN_map -DHAVE_PLUGIN_list -DHAVE_PLUGIN_empty -DHAVE_PLUGIN_overline -DHAVE_PLUGIN_underline -DHAVE_PLUGIN_stack -DHAVE_PLUGIN_border -DHAVE_PLUGIN_background -DUTF8PROC_EXPORTS -pthread -MD -MQ yambar.p/meson-generated_.._modules_wlr-foreign-toplevel-management-unstable-v1.c.o -MF yambar.p/meson-generated_.._modules_wlr-foreign-toplevel-management-unstable-v1.c.o.d -o yambar.p/meson-generated_.._modules_wlr-foreign-toplevel-management-unstable-v1.c.o -c modules/wlr-foreign-toplevel-management-unstable-v1.c
[82/88] cc -Iyambar.p -I. -I.. -Iparticles -I../particles -Ibar -Imodules -I/usr/include/pixman-1 -I/usr/include/harfbuzz -I/usr/include/freetype2 -I/usr/include/libpng16 -I/usr/include/glib-2.0 -I/usr/lib/glib-2.0/include -I/usr/include/json-c -fdiagnostics-color=always -DNDEBUG -D_FILE_OFFSET_BITS=64 -Wall -Winvalid-pch -std=c18 -DMEMFD_CREATE -fmacro-prefix-map=../= -D_GNU_SOURCE -DENABLE_WAYLAND -O2 -m64 -march=x86-64 -mtune=generic -flto=auto -ffat-lto-objects -fPIE -DHAVE_PLUGIN_foreign_toplevel -DHAVE_PLUGIN_river -DHAVE_PLUGIN_sway_xkb -DHAVE_PLUGIN_script -DHAVE_PLUGIN_removables -D_REENTRANT -DHAVE_PLUGIN_pulse -DHAVE_PLUGIN_network -DHAVE_PLUGIN_label -DHAVE_PLUGIN_i3 -DHAVE_PLUGIN_mem -DHAVE_PLUGIN_dwl -DHAVE_PLUGIN_disk_io -DHAVE_PLUGIN_cpu -DHAVE_PLUGIN_clock -DHAVE_PLUGIN_battery -DHAVE_PLUGIN_backlight -DHAVE_PLUGIN_alsa -DHAVE_PLUGIN_string -DHAVE_PLUGIN_ramp -DHAVE_PLUGIN_progress_bar -DHAVE_PLUGIN_map -DHAVE_PLUGIN_list -DHAVE_PLUGIN_empty -DHAVE_PLUGIN_overline -DHAVE_PLUGIN_underline -DHAVE_PLUGIN_stack -DHAVE_PLUGIN_border -DHAVE_PLUGIN_background -DUTF8PROC_EXPORTS -pthread -MD -MQ yambar.p/meson-generated_.._modules_river-status-unstable-v1.c.o -MF yambar.p/meson-generated_.._modules_river-status-unstable-v1.c.o.d -o yambar.p/meson-generated_.._modules_river-status-unstable-v1.c.o -c modules/river-status-unstable-v1.c
[83/88] cc -Iyambar.p -I. -I.. -Iparticles -I../particles -Ibar -Imodules -I/usr/include/pixman-1 -I/usr/include/harfbuzz -I/usr/include/freetype2 -I/usr/include/libpng16 -I/usr/include/glib-2.0 -I/usr/lib/glib-2.0/include -I/usr/include/json-c -fdiagnostics-color=always -DNDEBUG -D_FILE_OFFSET_BITS=64 -Wall -Winvalid-pch -std=c18 -DMEMFD_CREATE -fmacro-prefix-map=../= -D_GNU_SOURCE -DENABLE_WAYLAND -O2 -m64 -march=x86-64 -mtune=generic -flto=auto -ffat-lto-objects -fPIE -DHAVE_PLUGIN_foreign_toplevel -DHAVE_PLUGIN_river -DHAVE_PLUGIN_sway_xkb -DHAVE_PLUGIN_script -DHAVE_PLUGIN_removables -D_REENTRANT -DHAVE_PLUGIN_pulse -DHAVE_PLUGIN_network -DHAVE_PLUGIN_label -DHAVE_PLUGIN_i3 -DHAVE_PLUGIN_mem -DHAVE_PLUGIN_dwl -DHAVE_PLUGIN_disk_io -DHAVE_PLUGIN_cpu -DHAVE_PLUGIN_clock -DHAVE_PLUGIN_battery -DHAVE_PLUGIN_backlight -DHAVE_PLUGIN_alsa -DHAVE_PLUGIN_string -DHAVE_PLUGIN_ramp -DHAVE_PLUGIN_progress_bar -DHAVE_PLUGIN_map -DHAVE_PLUGIN_list -DHAVE_PLUGIN_empty -DHAVE_PLUGIN_overline -DHAVE_PLUGIN_underline -DHAVE_PLUGIN_stack -DHAVE_PLUGIN_border -DHAVE_PLUGIN_background -DUTF8PROC_EXPORTS -pthread -MD -MQ yambar.p/meson-generated_map.yy.c.o -MF yambar.p/meson-generated_map.yy.c.o.d -o yambar.p/meson-generated_map.yy.c.o -c yambar.p/map.yy.c
[84/88] cc -Iyambar.p -I. -I.. -Iparticles -I../particles -Ibar -Imodules -I/usr/include/pixman-1 -I/usr/include/harfbuzz -I/usr/include/freetype2 -I/usr/include/libpng16 -I/usr/include/glib-2.0 -I/usr/lib/glib-2.0/include -I/usr/include/json-c -fdiagnostics-color=always -DNDEBUG -D_FILE_OFFSET_BITS=64 -Wall -Winvalid-pch -std=c18 -DMEMFD_CREATE -fmacro-prefix-map=../= -D_GNU_SOURCE -DENABLE_WAYLAND -O2 -m64 -march=x86-64 -mtune=generic -flto=auto -ffat-lto-objects -fPIE -DHAVE_PLUGIN_foreign_toplevel -DHAVE_PLUGIN_river -DHAVE_PLUGIN_sway_xkb -DHAVE_PLUGIN_script -DHAVE_PLUGIN_removables -D_REENTRANT -DHAVE_PLUGIN_pulse -DHAVE_PLUGIN_network -DHAVE_PLUGIN_label -DHAVE_PLUGIN_i3 -DHAVE_PLUGIN_mem -DHAVE_PLUGIN_dwl -DHAVE_PLUGIN_disk_io -DHAVE_PLUGIN_cpu -DHAVE_PLUGIN_clock -DHAVE_PLUGIN_battery -DHAVE_PLUGIN_backlight -DHAVE_PLUGIN_alsa -DHAVE_PLUGIN_string -DHAVE_PLUGIN_ramp -DHAVE_PLUGIN_progress_bar -DHAVE_PLUGIN_map -DHAVE_PLUGIN_list -DHAVE_PLUGIN_empty -DHAVE_PLUGIN_overline -DHAVE_PLUGIN_underline -DHAVE_PLUGIN_stack -DHAVE_PLUGIN_border -DHAVE_PLUGIN_background -DUTF8PROC_EXPORTS -pthread -MD -MQ yambar.p/meson-generated_map.tab.c.o -MF yambar.p/meson-generated_map.tab.c.o.d -o yambar.p/meson-generated_map.tab.c.o -c yambar.p/map.tab.c
[85/88] cc -Iyambar.p -I. -I.. -Iparticles -I../particles -Ibar -Imodules -I/usr/include/pixman-1 -I/usr/include/harfbuzz -I/usr/include/freetype2 -I/usr/include/libpng16 -I/usr/include/glib-2.0 -I/usr/lib/glib-2.0/include -I/usr/include/json-c -fdiagnostics-color=always -DNDEBUG -D_FILE_OFFSET_BITS=64 -Wall -Winvalid-pch -std=c18 -DMEMFD_CREATE -fmacro-prefix-map=../= -D_GNU_SOURCE -DENABLE_WAYLAND -O2 -m64 -march=x86-64 -mtune=generic -flto=auto -ffat-lto-objects -fPIE -DHAVE_PLUGIN_foreign_toplevel -DHAVE_PLUGIN_river -DHAVE_PLUGIN_sway_xkb -DHAVE_PLUGIN_script -DHAVE_PLUGIN_removables -D_REENTRANT -DHAVE_PLUGIN_pulse -DHAVE_PLUGIN_network -DHAVE_PLUGIN_label -DHAVE_PLUGIN_i3 -DHAVE_PLUGIN_mem -DHAVE_PLUGIN_dwl -DHAVE_PLUGIN_disk_io -DHAVE_PLUGIN_cpu -DHAVE_PLUGIN_clock -DHAVE_PLUGIN_battery -DHAVE_PLUGIN_backlight -DHAVE_PLUGIN_alsa -DHAVE_PLUGIN_string -DHAVE_PLUGIN_ramp -DHAVE_PLUGIN_progress_bar -DHAVE_PLUGIN_map -DHAVE_PLUGIN_list -DHAVE_PLUGIN_empty -DHAVE_PLUGIN_overline -DHAVE_PLUGIN_underline -DHAVE_PLUGIN_stack -DHAVE_PLUGIN_border -DHAVE_PLUGIN_background -DUTF8PROC_EXPORTS -pthread -MD -MQ yambar.p/meson-generated_.._bar_xdg-output-unstable-v1.c.o -MF yambar.p/meson-generated_.._bar_xdg-output-unstable-v1.c.o.d -o yambar.p/meson-generated_.._bar_xdg-output-unstable-v1.c.o -c bar/xdg-output-unstable-v1.c
[86/88] cc -Iyambar.p -I. -I.. -Iparticles -I../particles -Ibar -Imodules -I/usr/include/pixman-1 -I/usr/include/harfbuzz -I/usr/include/freetype2 -I/usr/include/libpng16 -I/usr/include/glib-2.0 -I/usr/lib/glib-2.0/include -I/usr/include/json-c -fdiagnostics-color=always -DNDEBUG -D_FILE_OFFSET_BITS=64 -Wall -Winvalid-pch -std=c18 -DMEMFD_CREATE -fmacro-prefix-map=../= -D_GNU_SOURCE -DENABLE_WAYLAND -O2 -m64 -march=x86-64 -mtune=generic -flto=auto -ffat-lto-objects -fPIE -DHAVE_PLUGIN_foreign_toplevel -DHAVE_PLUGIN_river -DHAVE_PLUGIN_sway_xkb -DHAVE_PLUGIN_script -DHAVE_PLUGIN_removables -D_REENTRANT -DHAVE_PLUGIN_pulse -DHAVE_PLUGIN_network -DHAVE_PLUGIN_label -DHAVE_PLUGIN_i3 -DHAVE_PLUGIN_mem -DHAVE_PLUGIN_dwl -DHAVE_PLUGIN_disk_io -DHAVE_PLUGIN_cpu -DHAVE_PLUGIN_clock -DHAVE_PLUGIN_battery -DHAVE_PLUGIN_backlight -DHAVE_PLUGIN_alsa -DHAVE_PLUGIN_string -DHAVE_PLUGIN_ramp -DHAVE_PLUGIN_progress_bar -DHAVE_PLUGIN_map -DHAVE_PLUGIN_list -DHAVE_PLUGIN_empty -DHAVE_PLUGIN_overline -DHAVE_PLUGIN_underline -DHAVE_PLUGIN_stack -DHAVE_PLUGIN_border -DHAVE_PLUGIN_background -DUTF8PROC_EXPORTS -pthread -MD -MQ yambar.p/meson-generated_.._bar_xdg-shell.c.o -MF yambar.p/meson-generated_.._bar_xdg-shell.c.o.d -o yambar.p/meson-generated_.._bar_xdg-shell.c.o -c bar/xdg-shell.c
[87/88] cc -Iyambar.p -I. -I.. -Iparticles -I../particles -Ibar -Imodules -I/usr/include/pixman-1 -I/usr/include/harfbuzz -I/usr/include/freetype2 -I/usr/include/libpng16 -I/usr/include/glib-2.0 -I/usr/lib/glib-2.0/include -I/usr/include/json-c -fdiagnostics-color=always -DNDEBUG -D_FILE_OFFSET_BITS=64 -Wall -Winvalid-pch -std=c18 -DMEMFD_CREATE -fmacro-prefix-map=../= -D_GNU_SOURCE -DENABLE_WAYLAND -O2 -m64 -march=x86-64 -mtune=generic -flto=auto -ffat-lto-objects -fPIE -DHAVE_PLUGIN_foreign_toplevel -DHAVE_PLUGIN_river -DHAVE_PLUGIN_sway_xkb -DHAVE_PLUGIN_script -DHAVE_PLUGIN_removables -D_REENTRANT -DHAVE_PLUGIN_pulse -DHAVE_PLUGIN_network -DHAVE_PLUGIN_label -DHAVE_PLUGIN_i3 -DHAVE_PLUGIN_mem -DHAVE_PLUGIN_dwl -DHAVE_PLUGIN_disk_io -DHAVE_PLUGIN_cpu -DHAVE_PLUGIN_clock -DHAVE_PLUGIN_battery -DHAVE_PLUGIN_backlight -DHAVE_PLUGIN_alsa -DHAVE_PLUGIN_string -DHAVE_PLUGIN_ramp -DHAVE_PLUGIN_progress_bar -DHAVE_PLUGIN_map -DHAVE_PLUGIN_list -DHAVE_PLUGIN_empty -DHAVE_PLUGIN_overline -DHAVE_PLUGIN_underline -DHAVE_PLUGIN_stack -DHAVE_PLUGIN_border -DHAVE_PLUGIN_background -DUTF8PROC_EXPORTS -pthread -MD -MQ yambar.p/meson-generated_.._bar_wlr-layer-shell-unstable-v1.c.o -MF yambar.p/meson-generated_.._bar_wlr-layer-shell-unstable-v1.c.o.d -o yambar.p/meson-generated_.._bar_wlr-layer-shell-unstable-v1.c.o -c bar/wlr-layer-shell-unstable-v1.c
[88/88] cc  -o yambar yambar.p/meson-generated_.._bar_wlr-layer-shell-unstable-v1.c.o yambar.p/meson-generated_.._bar_xdg-shell.c.o yambar.p/meson-generated_.._bar_xdg-output-unstable-v1.c.o yambar.p/meson-generated_map.tab.c.o yambar.p/meson-generated_map.yy.c.o yambar.p/meson-generated_.._modules_river-status-unstable-v1.c.o yambar.p/meson-generated_.._modules_wlr-foreign-toplevel-management-unstable-v1.c.o yambar.p/char32.c.o yambar.p/config-verify.c.o yambar.p/config.c.o yambar.p/log.c.o yambar.p/main.c.o yambar.p/module.c.o yambar.p/particle.c.o yambar.p/plugin.c.o yambar.p/tag.c.o yambar.p/yml.c.o yambar.p/bar_bar.c.o yambar.p/bar_wayland.c.o yambar.p/decorations_background.c.o yambar.p/decorations_border.c.o yambar.p/decorations_stack.c.o yambar.p/decorations_underline.c.o yambar.p/decorations_overline.c.o yambar.p/particles_empty.c.o yambar.p/particles_list.c.o yambar.p/particles_map.c.o yambar.p/particles_progress-bar.c.o yambar.p/particles_ramp.c.o yambar.p/particles_string.c.o yambar.p/modules_alsa.c.o yambar.p/modules_backlight.c.o yambar.p/modules_battery.c.o yambar.p/modules_clock.c.o yambar.p/modules_cpu.c.o yambar.p/modules_disk-io.c.o yambar.p/modules_dwl.c.o yambar.p/modules_mem.c.o yambar.p/modules_i3.c.o yambar.p/modules_i3-common.c.o yambar.p/modules_label.c.o yambar.p/modules_network.c.o yambar.p/modules_pulse.c.o yambar.p/modules_removables.c.o yambar.p/modules_script.c.o yambar.p/modules_sway-xkb.c.o yambar.p/modules_river.c.o yambar.p/modules_foreign-toplevel.c.o -Wl,--as-needed -Wl,--no-undefined -Wl,-export-dynamic -pie -O2 -m64 -march=x86-64 -mtune=generic -flto=auto -ffat-lto-objects '-Wl,-rpath,$ORIGIN/modules:$ORIGIN/decorations:$ORIGIN/particles' -Wl,--start-group particles/libdynlist.a /usr/lib/libwayland-client.so /usr/lib/libwayland-cursor.so -pthread /usr/lib/libpixman-1.so /usr/lib/libyaml.so -ldl /usr/lib/libfcft.so -lm /usr/lib/libasound.so /usr/lib/libudev.so -lrt /usr/lib/libjson-c.so /usr/lib/libpulse.so -Wl,--end-group
INFO: autodetecting backend as ninja
INFO: calculating backend command to run: /usr/bin/ninja -C /home/devel/building/work/src/yambar-1.11.0/build -j 8 -v
+ DESTDIR=/home/devel/building/work/pkg
+ meson install --no-rebuild -C build
Installing doc/yambar.1 to /home/devel/building/work/pkg/usr/share/man/man1
Installing doc/yambar.5 to /home/devel/building/work/pkg/usr/share/man/man5
Installing doc/yambar-decorations.5 to /home/devel/building/work/pkg/usr/share/man/man5
Installing doc/yambar-modules.5 to /home/devel/building/work/pkg/usr/share/man/man5
Installing doc/yambar-particles.5 to /home/devel/building/work/pkg/usr/share/man/man5
Installing doc/yambar-tags.5 to /home/devel/building/work/pkg/usr/share/man/man5
Installing doc/yambar-modules-alsa.5 to /home/devel/building/work/pkg/usr/share/man/man5
Installing doc/yambar-modules-backlight.5 to /home/devel/building/work/pkg/usr/share/man/man5
Installing doc/yambar-modules-battery.5 to /home/devel/building/work/pkg/usr/share/man/man5
Installing doc/yambar-modules-clock.5 to /home/devel/building/work/pkg/usr/share/man/man5
Installing doc/yambar-modules-cpu.5 to /home/devel/building/work/pkg/usr/share/man/man5
Installing doc/yambar-modules-disk-io.5 to /home/devel/building/work/pkg/usr/share/man/man5
Installing doc/yambar-modules-dwl.5 to /home/devel/building/work/pkg/usr/share/man/man5
Installing doc/yambar-modules-foreign-toplevel.5 to /home/devel/building/work/pkg/usr/share/man/man5
Installing doc/yambar-modules-mem.5 to /home/devel/building/work/pkg/usr/share/man/man5
Installing doc/yambar-modules-i3.5 to /home/devel/building/work/pkg/usr/share/man/man5
Installing doc/yambar-modules-sway.5 to /home/devel/building/work/pkg/usr/share/man/man5
Installing doc/yambar-modules-label.5 to /home/devel/building/work/pkg/usr/share/man/man5
Installing doc/yambar-modules-network.5 to /home/devel/building/work/pkg/usr/share/man/man5
Installing doc/yambar-modules-pulse.5 to /home/devel/building/work/pkg/usr/share/man/man5
Installing doc/yambar-modules-removables.5 to /home/devel/building/work/pkg/usr/share/man/man5
Installing doc/yambar-modules-river.5 to /home/devel/building/work/pkg/usr/share/man/man5
Installing doc/yambar-modules-script.5 to /home/devel/building/work/pkg/usr/share/man/man5
Installing doc/yambar-modules-sway-xkb.5 to /home/devel/building/work/pkg/usr/share/man/man5
Installing yambar to /home/devel/building/work/pkg/usr/bin
Installing /home/devel/building/work/src/yambar-1.11.0/bar/bar.h to /home/devel/building/work/pkg/usr/include/yambar/bar
Installing /home/devel/building/work/src/yambar-1.11.0/color.h to /home/devel/building/work/pkg/usr/include/yambar
Installing /home/devel/building/work/src/yambar-1.11.0/config.h to /home/devel/building/work/pkg/usr/include/yambar
Installing /home/devel/building/work/src/yambar-1.11.0/config-verify.h to /home/devel/building/work/pkg/usr/include/yambar
Installing /home/devel/building/work/src/yambar-1.11.0/decoration.h to /home/devel/building/work/pkg/usr/include/yambar
Installing /home/devel/building/work/src/yambar-1.11.0/log.h to /home/devel/building/work/pkg/usr/include/yambar
Installing /home/devel/building/work/src/yambar-1.11.0/module.h to /home/devel/building/work/pkg/usr/include/yambar
Installing /home/devel/building/work/src/yambar-1.11.0/particle.h to /home/devel/building/work/pkg/usr/include/yambar
Installing /home/devel/building/work/src/yambar-1.11.0/stride.h to /home/devel/building/work/pkg/usr/include/yambar
Installing /home/devel/building/work/src/yambar-1.11.0/tag.h to /home/devel/building/work/pkg/usr/include/yambar
Installing /home/devel/building/work/src/yambar-1.11.0/yml.h to /home/devel/building/work/pkg/usr/include/yambar
Installing /home/devel/building/work/src/yambar-1.11.0/completions/zsh/_yambar to /home/devel/building/work/pkg/usr/share/zsh/site-functions
Installing /home/devel/building/work/src/yambar-1.11.0/LICENSE to /home/devel/building/work/pkg/usr/share/doc/yambar
Installing /home/devel/building/work/src/yambar-1.11.0/README.md to /home/devel/building/work/pkg/usr/share/doc/yambar
Installing /home/devel/building/work/src/yambar-1.11.0/yambar.desktop to /home/devel/building/work/pkg/usr/share/applications
+ install -D -m 0644 examples/configurations/laptop.conf examples/configurations/river-tags.conf -t /home/devel/building/work/pkg/usr/share/yambar/examples
+ rm -r /home/devel/building/work/pkg/usr/share/doc /home/devel/building/work/pkg/usr/share/zsh
=======> Build result:
drwxr-xr-x  0 root   root        0 May  8 01:45 usr/
drwxr-xr-x  0 root   root        0 May  8 01:45 usr/share/
drwxr-xr-x  0 root   root        0 May  8 01:45 usr/bin/
drwxr-xr-x  0 root   root        0 May  8 01:45 usr/include/
drwxr-xr-x  0 root   root        0 May  8 01:45 usr/include/yambar/
drwxr-xr-x  0 root   root        0 May  8 01:45 usr/include/yambar/bar/
-rw-r--r--  0 root   root      100 Apr 17 10:30 usr/include/yambar/color.h
-rw-r--r--  0 root   root      777 Apr 17 10:30 usr/include/yambar/config.h
-rw-r--r--  0 root   root     1780 Apr 17 10:30 usr/include/yambar/config-verify.h
-rw-r--r--  0 root   root      584 Apr 17 10:30 usr/include/yambar/decoration.h
-rw-r--r--  0 root   root     2357 Apr 17 10:30 usr/include/yambar/log.h
-rw-r--r--  0 root   root     1474 Apr 17 10:30 usr/include/yambar/module.h
-rw-r--r--  0 root   root     3096 Apr 17 10:30 usr/include/yambar/particle.h
-rw-r--r--  0 root   root      198 Apr 17 10:30 usr/include/yambar/stride.h
-rw-r--r--  0 root   root     1851 Apr 17 10:30 usr/include/yambar/tag.h
-rw-r--r--  0 root   root     1510 Apr 17 10:30 usr/include/yambar/yml.h
-rw-r--r--  0 root   root     1414 Apr 17 10:30 usr/include/yambar/bar/bar.h
-rwxr-xr-x  0 root   root   283616 May  8 01:45 usr/bin/yambar
drwxr-xr-x  0 root   root        0 May  8 01:45 usr/share/man/
drwxr-xr-x  0 root   root        0 May  8 01:45 usr/share/applications/
drwxr-xr-x  0 root   root        0 May  8 01:45 usr/share/yambar/
drwxr-xr-x  0 root   root        0 May  8 01:45 usr/share/yambar/examples/
-rw-r--r--  0 root   root    11832 May  8 01:45 usr/share/yambar/examples/laptop.conf
-rw-r--r--  0 root   root     2069 May  8 01:45 usr/share/yambar/examples/river-tags.conf
-rw-r--r--  0 root   root      209 Apr 17 10:30 usr/share/applications/yambar.desktop
drwxr-xr-x  0 root   root        0 May  8 01:45 usr/share/man/man1/
drwxr-xr-x  0 root   root        0 May  8 01:45 usr/share/man/man5/
-rw-r--r--  0 root   root     1909 May  8 01:45 usr/share/man/man5/yambar.5.gz
-rw-r--r--  0 root   root      967 May  8 01:45 usr/share/man/man5/yambar-decorations.5.gz
-rw-r--r--  0 root   root     2019 May  8 01:45 usr/share/man/man5/yambar-modules.5.gz
-rw-r--r--  0 root   root     3501 May  8 01:45 usr/share/man/man5/yambar-particles.5.gz
-rw-r--r--  0 root   root     1655 May  8 01:45 usr/share/man/man5/yambar-tags.5.gz
-rw-r--r--  0 root   root      825 May  8 01:45 usr/share/man/man5/yambar-modules-alsa.5.gz
-rw-r--r--  0 root   root      636 May  8 01:45 usr/share/man/man5/yambar-modules-backlight.5.gz
-rw-r--r--  0 root   root     1210 May  8 01:45 usr/share/man/man5/yambar-modules-battery.5.gz
-rw-r--r--  0 root   root      635 May  8 01:45 usr/share/man/man5/yambar-modules-clock.5.gz
-rw-r--r--  0 root   root      872 May  8 01:45 usr/share/man/man5/yambar-modules-cpu.5.gz
-rw-r--r--  0 root   root     1093 May  8 01:45 usr/share/man/man5/yambar-modules-disk-io.5.gz
-rw-r--r--  0 root   root     1360 May  8 01:45 usr/share/man/man5/yambar-modules-dwl.5.gz
-rw-r--r--  0 root   root      933 May  8 01:45 usr/share/man/man5/yambar-modules-foreign-toplevel.5.gz
-rw-r--r--  0 root   root      611 May  8 01:45 usr/share/man/man5/yambar-modules-mem.5.gz
-rw-r--r--  0 root   root     1492 May  8 01:45 usr/share/man/man5/yambar-modules-i3.5.gz
-rw-r--r--  0 root   root      317 May  8 01:45 usr/share/man/man5/yambar-modules-sway.5.gz
-rw-r--r--  0 root   root      492 May  8 01:45 usr/share/man/man5/yambar-modules-label.5.gz
-rw-r--r--  0 root   root     1238 May  8 01:45 usr/share/man/man5/yambar-modules-network.5.gz
-rw-r--r--  0 root   root      716 May  8 01:45 usr/share/man/man5/yambar-modules-pulse.5.gz
-rw-r--r--  0 root   root     1086 May  8 01:45 usr/share/man/man5/yambar-modules-removables.5.gz
-rw-r--r--  0 root   root     1343 May  8 01:45 usr/share/man/man5/yambar-modules-river.5.gz
-rw-r--r--  0 root   root     1962 May  8 01:45 usr/share/man/man5/yambar-modules-script.5.gz
-rw-r--r--  0 root   root      959 May  8 01:45 usr/share/man/man5/yambar-modules-sway-xkb.5.gz
-rw-r--r--  0 root   root     1353 May  8 01:45 usr/share/man/man1/yambar.1.gz
=======> Building '/home/devel/packages/yambar#1.11.0-1.x86_64.pkg.tar.zst' succeeded.
prt-get: Using PKGMK_PACKAGE_DIR: /home/devel/packages
prt-get: reinstalling yambar 1.11.0-1
prt-get: /usr/bin/pkgadd -u yambar#1.11.0-1.x86_64.pkg.tar.zst
prt-get: build done Wed May  8 01:45:49 2024

