prt-get: updating /usr/ports/opt-x86_64/yasm
prt-get: starting build Thu Feb  1 20:20:00 2024
=======> Building '/home/devel/packages/yasm#1.3.0-2.x86_64.pkg.tar.zst'.
bsdtar -p -o -C /home/devel/building/work/src -xf /home/devel/sources/yasm-1.3.0.tar.gz
cp fix-memory-using-gas-processor.patch /home/devel/building/work/src
+ build
+ cd yasm-1.3.0
+ patch -p1 -i /home/devel/building/work/src/fix-memory-using-gas-processor.patch
patching file modules/objfmts/coff/coff-objfmt.c
Hunk #1 succeeded at 299 (offset 9 lines).
+ ./configure --build=x86_64-unknown-linux-gnu --host=x86_64-unknown-linux-gnu --prefix=/usr
checking for a BSD-compatible install... /usr/bin/install -c
checking whether build environment is sane... yes
checking for a thread-safe mkdir -p... /bin/mkdir -p
checking for gawk... gawk
checking whether make sets $(MAKE)... yes
checking whether make supports nested variables... yes
checking whether to enable maintainer-specific portions of Makefiles... no
checking for style of include used by make... GNU
checking for x86_64-unknown-linux-gnu-gcc... x86_64-unknown-linux-gnu-gcc
checking whether the C compiler works... yes
checking for C compiler default output file name... a.out
checking for suffix of executables... 
checking whether we are cross compiling... no
checking for suffix of object files... o
checking whether we are using the GNU C compiler... yes
checking whether x86_64-unknown-linux-gnu-gcc accepts -g... yes
checking for x86_64-unknown-linux-gnu-gcc option to accept ISO C89... none needed
checking whether x86_64-unknown-linux-gnu-gcc understands -c and -o together... yes
checking dependency style of x86_64-unknown-linux-gnu-gcc... gcc3
checking how to run the C preprocessor... x86_64-unknown-linux-gnu-gcc -E
checking for x86_64-unknown-linux-gnu-gcc option to accept ISO C99... none needed
checking for x86_64-unknown-linux-gnu-gcc option to accept ISO Standard C... (cached) none needed
checking whether ln -s works... yes
checking for x86_64-unknown-linux-gnu-ar... x86_64-unknown-linux-gnu-ar
checking for x86_64-unknown-linux-gnu-ranlib... x86_64-unknown-linux-gnu-ranlib
checking for xmlto... no
configure: WARNING: xmlto not found, manpages will not be rebuilt.
checking if malloc debugging is wanted... no
checking for grep that handles long lines and -e... /usr/bin/grep
checking for egrep... /usr/bin/grep -E
checking for ANSI C header files... yes
checking for sys/types.h... yes
checking for sys/stat.h... yes
checking for stdlib.h... yes
checking for string.h... yes
checking for memory.h... yes
checking for strings.h... yes
checking for inttypes.h... yes
checking for stdint.h... yes
checking for unistd.h... yes
checking for strings.h... (cached) yes
checking libgen.h usability... yes
checking libgen.h presence... yes
checking for libgen.h... yes
checking for unistd.h... (cached) yes
checking direct.h usability... no
checking direct.h presence... no
checking for direct.h... no
checking for sys/stat.h... (cached) yes
checking for an ANSI C-conforming const... yes
checking for inline... inline
checking for function prototypes... yes
checking for size_t... yes
checking for stdint types... stdint.h (shortcircuit)
make use of stdint.h in libyasm-stdint.h (assuming C99 compatible system)
checking for abort... yes
checking for toascii... yes
checking for vsnprintf... yes
checking for strsep... yes
checking for mergesort... no
checking for getcwd... yes
checking for popen... yes
checking for ftruncate... yes
checking for strcasecmp... yes
checking for strncasecmp... yes
checking for stricmp... no
checking for _stricmp... no
checking for strcmpi... no
checking for a sed that does not truncate output... /bin/sed
checking whether NLS is requested... yes
checking for msgfmt... /usr/bin/msgfmt
checking for gmsgfmt... /usr/bin/msgfmt
checking for xgettext... /usr/bin/xgettext
checking for msgmerge... /usr/bin/msgmerge
checking build system type... x86_64-unknown-linux-gnu
checking host system type... x86_64-unknown-linux-gnu
checking for ld used by x86_64-unknown-linux-gnu-gcc... /usr/bin/ld
checking if the linker (/usr/bin/ld) is GNU ld... yes
checking for shared library run path origin... done
checking for CFPreferencesCopyAppValue... no
checking for CFLocaleCopyCurrent... no
checking for GNU gettext in libc... yes
checking whether to use NLS... yes
checking where the gettext function comes from... libc
checking for GNU C Library... yes
configure: Checking for Python
checking for a Python interpreter with version >= 2.4... python
checking for python... /usr/bin/python
checking for python version... 3.1
checking for python platform... linux
checking for python script directory... ${prefix}/lib/python3.12/site-packages
checking for python extension module directory... ${exec_prefix}/lib/python3.12/site-packages
checking that generated files are newer than configure... done
configure: creating ./config.status
config.status: creating Makefile
config.status: creating po/Makefile.in
config.status: creating config.h
config.status: executing depfiles commands
config.status: executing libyasm-stdint.h commands
config.status: creating libyasm-stdint.h : _YASM_LIBYASM_STDINT_H
config.status: executing po-directories commands
config.status: creating po/POTFILES
config.status: creating po/Makefile
+ make V=1
Makefile:4062: warning: ignoring prerequisites on suffix rule definition
x86_64-unknown-linux-gnu-gcc  -I.  \
  -c -o genperf.o `test -f tools/genperf/genperf.c || echo './'`tools/genperf/genperf.c
x86_64-unknown-linux-gnu-gcc  -I.  \
  -c -o gp-perfect.o `test -f tools/genperf/perfect.c || echo './'`tools/genperf/perfect.c
x86_64-unknown-linux-gnu-gcc  -I.  \
  -c -o gp-phash.o `test -f libyasm/phash.c || echo './'`libyasm/phash.c
x86_64-unknown-linux-gnu-gcc  -I.  \
  -c -o gp-xmalloc.o `test -f libyasm/xmalloc.c || echo './'`libyasm/xmalloc.c
x86_64-unknown-linux-gnu-gcc  -I.  \
  -c -o gp-xstrdup.o `test -f libyasm/xstrdup.c || echo './'`libyasm/xstrdup.c
x86_64-unknown-linux-gnu-gcc  -I.  \
  -c -o re2c-main.o `test -f tools/re2c/main.c || echo './'`tools/re2c/main.c
x86_64-unknown-linux-gnu-gcc  -I.  \
  -c -o re2c-code.o `test -f tools/re2c/code.c || echo './'`tools/re2c/code.c
x86_64-unknown-linux-gnu-gcc  -I.  \
  -c -o re2c-dfa.o `test -f tools/re2c/dfa.c || echo './'`tools/re2c/dfa.c
x86_64-unknown-linux-gnu-gcc  -I.  \
  -c -o re2c-parser.o `test -f tools/re2c/parser.c || echo './'`tools/re2c/parser.c
x86_64-unknown-linux-gnu-gcc  -I.  \
  -c -o re2c-actions.o `test -f tools/re2c/actions.c || echo './'`tools/re2c/actions.c
x86_64-unknown-linux-gnu-gcc  -I.  \
  -c -o re2c-scanner.o `test -f tools/re2c/scanner.c || echo './'`tools/re2c/scanner.c
x86_64-unknown-linux-gnu-gcc  -I.  \
  -c -o re2c-mbo_getopt.o `test -f tools/re2c/mbo_getopt.c || echo './'`tools/re2c/mbo_getopt.c
x86_64-unknown-linux-gnu-gcc  -I.  \
  -c -o re2c-substr.o `test -f tools/re2c/substr.c || echo './'`tools/re2c/substr.c
x86_64-unknown-linux-gnu-gcc  -I.  \
  -c -o re2c-translate.o `test -f tools/re2c/translate.c || echo './'`tools/re2c/translate.c
x86_64-unknown-linux-gnu-gcc  -I.  \
  -c -o genmacro.o `test -f tools/genmacro/genmacro.c || echo './'`tools/genmacro/genmacro.c
x86_64-unknown-linux-gnu-gcc -I.  -c -o genversion.o `test -f modules/preprocs/nasm/genversion.c || echo './'`modules/preprocs/nasm/genversion.c
x86_64-unknown-linux-gnu-gcc -I.  -c -o genstring.o `test -f genstring.c || echo './'`genstring.c
x86_64-unknown-linux-gnu-gcc -o genperf  genperf.o gp-perfect.o gp-phash.o gp-xmalloc.o gp-xstrdup.o 
x86_64-unknown-linux-gnu-gcc -o genversion  genversion.o 
x86_64-unknown-linux-gnu-gcc -o genmacro  genmacro.o 
x86_64-unknown-linux-gnu-gcc -o genstring  genstring.o 
./genperf x86insn_nasm.gperf x86insn_nasm.c
./genperf x86insn_gas.gperf x86insn_gas.c
x86_64-unknown-linux-gnu-gcc -o re2c  re2c-main.o re2c-code.o re2c-dfa.o re2c-parser.o re2c-actions.o re2c-scanner.o re2c-mbo_getopt.o re2c-substr.o re2c-translate.o 
./genmacro nasm-macros.c nasm_standard_mac ./modules/parsers/nasm/nasm-std.mac
./genversion version.mac
./genmacro win64-nasm.c win64_nasm_stdmac ./modules/objfmts/coff/win64-nasm.mac
./genmacro win64-gas.c win64_gas_stdmac ./modules/objfmts/coff/win64-gas.mac
./genmacro nasm-version.c nasm_version_mac version.mac
./genstring license_msg license.c ./COPYING
./re2c -b -o gas-token.c ./modules/parsers/gas/gas-token.re
./re2c -b -o nasm-token.c ./modules/parsers/nasm/nasm-token.re
fail to map group of size 2 for tab size 512
make  all-recursive
make[1]: Entering directory '/home/devel/building/work/src/yasm-1.3.0'
Makefile:4062: warning: ignoring prerequisites on suffix rule definition
Making all in po
make[2]: Entering directory '/home/devel/building/work/src/yasm-1.3.0/po'
make[2]: Nothing to be done for 'all'.
make[2]: Leaving directory '/home/devel/building/work/src/yasm-1.3.0/po'
Making all in .
make[2]: Entering directory '/home/devel/building/work/src/yasm-1.3.0'
Makefile:4062: warning: ignoring prerequisites on suffix rule definition
./genperf ./modules/arch/x86/x86cpu.gperf x86cpu.c
./genperf ./modules/arch/x86/x86regtmod.gperf x86regtmod.c
./re2c -s -o lc3bid.c ./modules/arch/lc3b/lc3bid.re
depbase=`echo gas-token.o | sed 's|[^/]*$|.deps/&|;s|\.o$||'`;\
x86_64-unknown-linux-gnu-gcc -DHAVE_CONFIG_H -I.     -O2 -m64 -march=x86-64 -mtune=generic -flto=auto -ffat-lto-objects -MT gas-token.o -MD -MP -MF $depbase.Tpo -c -o gas-token.o gas-token.c &&\
mv -f $depbase.Tpo $depbase.Po
depbase=`echo nasm-token.o | sed 's|[^/]*$|.deps/&|;s|\.o$||'`;\
x86_64-unknown-linux-gnu-gcc -DHAVE_CONFIG_H -I.     -O2 -m64 -march=x86-64 -mtune=generic -flto=auto -ffat-lto-objects -MT nasm-token.o -MD -MP -MF $depbase.Tpo -c -o nasm-token.o nasm-token.c &&\
mv -f $depbase.Tpo $depbase.Po
x86_64-unknown-linux-gnu-gcc -I.  -c -o genmodule.o `test -f libyasm/genmodule.c || echo './'`libyasm/genmodule.c
depbase=`echo modules/arch/x86/x86arch.o | sed 's|[^/]*$|.deps/&|;s|\.o$||'`;\
x86_64-unknown-linux-gnu-gcc -DHAVE_CONFIG_H -I.     -O2 -m64 -march=x86-64 -mtune=generic -flto=auto -ffat-lto-objects -MT modules/arch/x86/x86arch.o -MD -MP -MF $depbase.Tpo -c -o modules/arch/x86/x86arch.o modules/arch/x86/x86arch.c &&\
mv -f $depbase.Tpo $depbase.Po
depbase=`echo modules/arch/x86/x86bc.o | sed 's|[^/]*$|.deps/&|;s|\.o$||'`;\
x86_64-unknown-linux-gnu-gcc -DHAVE_CONFIG_H -I.     -O2 -m64 -march=x86-64 -mtune=generic -flto=auto -ffat-lto-objects -MT modules/arch/x86/x86bc.o -MD -MP -MF $depbase.Tpo -c -o modules/arch/x86/x86bc.o modules/arch/x86/x86bc.c &&\
mv -f $depbase.Tpo $depbase.Po
depbase=`echo modules/arch/x86/x86expr.o | sed 's|[^/]*$|.deps/&|;s|\.o$||'`;\
x86_64-unknown-linux-gnu-gcc -DHAVE_CONFIG_H -I.     -O2 -m64 -march=x86-64 -mtune=generic -flto=auto -ffat-lto-objects -MT modules/arch/x86/x86expr.o -MD -MP -MF $depbase.Tpo -c -o modules/arch/x86/x86expr.o modules/arch/x86/x86expr.c &&\
mv -f $depbase.Tpo $depbase.Po
depbase=`echo modules/arch/x86/x86id.o | sed 's|[^/]*$|.deps/&|;s|\.o$||'`;\
x86_64-unknown-linux-gnu-gcc -DHAVE_CONFIG_H -I.     -O2 -m64 -march=x86-64 -mtune=generic -flto=auto -ffat-lto-objects -MT modules/arch/x86/x86id.o -MD -MP -MF $depbase.Tpo -c -o modules/arch/x86/x86id.o modules/arch/x86/x86id.c &&\
mv -f $depbase.Tpo $depbase.Po
depbase=`echo modules/arch/lc3b/lc3barch.o | sed 's|[^/]*$|.deps/&|;s|\.o$||'`;\
x86_64-unknown-linux-gnu-gcc -DHAVE_CONFIG_H -I.     -O2 -m64 -march=x86-64 -mtune=generic -flto=auto -ffat-lto-objects -MT modules/arch/lc3b/lc3barch.o -MD -MP -MF $depbase.Tpo -c -o modules/arch/lc3b/lc3barch.o modules/arch/lc3b/lc3barch.c &&\
mv -f $depbase.Tpo $depbase.Po
depbase=`echo modules/arch/lc3b/lc3bbc.o | sed 's|[^/]*$|.deps/&|;s|\.o$||'`;\
x86_64-unknown-linux-gnu-gcc -DHAVE_CONFIG_H -I.     -O2 -m64 -march=x86-64 -mtune=generic -flto=auto -ffat-lto-objects -MT modules/arch/lc3b/lc3bbc.o -MD -MP -MF $depbase.Tpo -c -o modules/arch/lc3b/lc3bbc.o modules/arch/lc3b/lc3bbc.c &&\
mv -f $depbase.Tpo $depbase.Po
depbase=`echo modules/listfmts/nasm/nasm-listfmt.o | sed 's|[^/]*$|.deps/&|;s|\.o$||'`;\
x86_64-unknown-linux-gnu-gcc -DHAVE_CONFIG_H -I.     -O2 -m64 -march=x86-64 -mtune=generic -flto=auto -ffat-lto-objects -MT modules/listfmts/nasm/nasm-listfmt.o -MD -MP -MF $depbase.Tpo -c -o modules/listfmts/nasm/nasm-listfmt.o modules/listfmts/nasm/nasm-listfmt.c &&\
mv -f $depbase.Tpo $depbase.Po
depbase=`echo modules/parsers/gas/gas-parser.o | sed 's|[^/]*$|.deps/&|;s|\.o$||'`;\
x86_64-unknown-linux-gnu-gcc -DHAVE_CONFIG_H -I.     -O2 -m64 -march=x86-64 -mtune=generic -flto=auto -ffat-lto-objects -MT modules/parsers/gas/gas-parser.o -MD -MP -MF $depbase.Tpo -c -o modules/parsers/gas/gas-parser.o modules/parsers/gas/gas-parser.c &&\
mv -f $depbase.Tpo $depbase.Po
depbase=`echo modules/parsers/gas/gas-parse.o | sed 's|[^/]*$|.deps/&|;s|\.o$||'`;\
x86_64-unknown-linux-gnu-gcc -DHAVE_CONFIG_H -I.     -O2 -m64 -march=x86-64 -mtune=generic -flto=auto -ffat-lto-objects -MT modules/parsers/gas/gas-parse.o -MD -MP -MF $depbase.Tpo -c -o modules/parsers/gas/gas-parse.o modules/parsers/gas/gas-parse.c &&\
mv -f $depbase.Tpo $depbase.Po
depbase=`echo modules/parsers/gas/gas-parse-intel.o | sed 's|[^/]*$|.deps/&|;s|\.o$||'`;\
x86_64-unknown-linux-gnu-gcc -DHAVE_CONFIG_H -I.     -O2 -m64 -march=x86-64 -mtune=generic -flto=auto -ffat-lto-objects -MT modules/parsers/gas/gas-parse-intel.o -MD -MP -MF $depbase.Tpo -c -o modules/parsers/gas/gas-parse-intel.o modules/parsers/gas/gas-parse-intel.c &&\
mv -f $depbase.Tpo $depbase.Po
depbase=`echo modules/parsers/nasm/nasm-parser.o | sed 's|[^/]*$|.deps/&|;s|\.o$||'`;\
x86_64-unknown-linux-gnu-gcc -DHAVE_CONFIG_H -I.     -O2 -m64 -march=x86-64 -mtune=generic -flto=auto -ffat-lto-objects -MT modules/parsers/nasm/nasm-parser.o -MD -MP -MF $depbase.Tpo -c -o modules/parsers/nasm/nasm-parser.o modules/parsers/nasm/nasm-parser.c &&\
mv -f $depbase.Tpo $depbase.Po
depbase=`echo modules/parsers/nasm/nasm-parse.o | sed 's|[^/]*$|.deps/&|;s|\.o$||'`;\
x86_64-unknown-linux-gnu-gcc -DHAVE_CONFIG_H -I.     -O2 -m64 -march=x86-64 -mtune=generic -flto=auto -ffat-lto-objects -MT modules/parsers/nasm/nasm-parse.o -MD -MP -MF $depbase.Tpo -c -o modules/parsers/nasm/nasm-parse.o modules/parsers/nasm/nasm-parse.c &&\
mv -f $depbase.Tpo $depbase.Po
depbase=`echo modules/preprocs/nasm/nasm-preproc.o | sed 's|[^/]*$|.deps/&|;s|\.o$||'`;\
x86_64-unknown-linux-gnu-gcc -DHAVE_CONFIG_H -I.     -O2 -m64 -march=x86-64 -mtune=generic -flto=auto -ffat-lto-objects -MT modules/preprocs/nasm/nasm-preproc.o -MD -MP -MF $depbase.Tpo -c -o modules/preprocs/nasm/nasm-preproc.o modules/preprocs/nasm/nasm-preproc.c &&\
mv -f $depbase.Tpo $depbase.Po
depbase=`echo modules/preprocs/nasm/nasm-pp.o | sed 's|[^/]*$|.deps/&|;s|\.o$||'`;\
x86_64-unknown-linux-gnu-gcc -DHAVE_CONFIG_H -I.     -O2 -m64 -march=x86-64 -mtune=generic -flto=auto -ffat-lto-objects -MT modules/preprocs/nasm/nasm-pp.o -MD -MP -MF $depbase.Tpo -c -o modules/preprocs/nasm/nasm-pp.o modules/preprocs/nasm/nasm-pp.c &&\
mv -f $depbase.Tpo $depbase.Po
depbase=`echo modules/preprocs/nasm/nasmlib.o | sed 's|[^/]*$|.deps/&|;s|\.o$||'`;\
x86_64-unknown-linux-gnu-gcc -DHAVE_CONFIG_H -I.     -O2 -m64 -march=x86-64 -mtune=generic -flto=auto -ffat-lto-objects -MT modules/preprocs/nasm/nasmlib.o -MD -MP -MF $depbase.Tpo -c -o modules/preprocs/nasm/nasmlib.o modules/preprocs/nasm/nasmlib.c &&\
mv -f $depbase.Tpo $depbase.Po
depbase=`echo modules/preprocs/nasm/nasm-eval.o | sed 's|[^/]*$|.deps/&|;s|\.o$||'`;\
x86_64-unknown-linux-gnu-gcc -DHAVE_CONFIG_H -I.     -O2 -m64 -march=x86-64 -mtune=generic -flto=auto -ffat-lto-objects -MT modules/preprocs/nasm/nasm-eval.o -MD -MP -MF $depbase.Tpo -c -o modules/preprocs/nasm/nasm-eval.o modules/preprocs/nasm/nasm-eval.c &&\
mv -f $depbase.Tpo $depbase.Po
depbase=`echo modules/preprocs/raw/raw-preproc.o | sed 's|[^/]*$|.deps/&|;s|\.o$||'`;\
x86_64-unknown-linux-gnu-gcc -DHAVE_CONFIG_H -I.     -O2 -m64 -march=x86-64 -mtune=generic -flto=auto -ffat-lto-objects -MT modules/preprocs/raw/raw-preproc.o -MD -MP -MF $depbase.Tpo -c -o modules/preprocs/raw/raw-preproc.o modules/preprocs/raw/raw-preproc.c &&\
mv -f $depbase.Tpo $depbase.Po
depbase=`echo modules/preprocs/cpp/cpp-preproc.o | sed 's|[^/]*$|.deps/&|;s|\.o$||'`;\
x86_64-unknown-linux-gnu-gcc -DHAVE_CONFIG_H -I.     -O2 -m64 -march=x86-64 -mtune=generic -flto=auto -ffat-lto-objects -MT modules/preprocs/cpp/cpp-preproc.o -MD -MP -MF $depbase.Tpo -c -o modules/preprocs/cpp/cpp-preproc.o modules/preprocs/cpp/cpp-preproc.c &&\
mv -f $depbase.Tpo $depbase.Po
depbase=`echo modules/preprocs/gas/gas-preproc.o | sed 's|[^/]*$|.deps/&|;s|\.o$||'`;\
x86_64-unknown-linux-gnu-gcc -DHAVE_CONFIG_H -I.     -O2 -m64 -march=x86-64 -mtune=generic -flto=auto -ffat-lto-objects -MT modules/preprocs/gas/gas-preproc.o -MD -MP -MF $depbase.Tpo -c -o modules/preprocs/gas/gas-preproc.o modules/preprocs/gas/gas-preproc.c &&\
mv -f $depbase.Tpo $depbase.Po
depbase=`echo modules/preprocs/gas/gas-eval.o | sed 's|[^/]*$|.deps/&|;s|\.o$||'`;\
x86_64-unknown-linux-gnu-gcc -DHAVE_CONFIG_H -I.     -O2 -m64 -march=x86-64 -mtune=generic -flto=auto -ffat-lto-objects -MT modules/preprocs/gas/gas-eval.o -MD -MP -MF $depbase.Tpo -c -o modules/preprocs/gas/gas-eval.o modules/preprocs/gas/gas-eval.c &&\
mv -f $depbase.Tpo $depbase.Po
depbase=`echo modules/dbgfmts/codeview/cv-dbgfmt.o | sed 's|[^/]*$|.deps/&|;s|\.o$||'`;\
x86_64-unknown-linux-gnu-gcc -DHAVE_CONFIG_H -I.     -O2 -m64 -march=x86-64 -mtune=generic -flto=auto -ffat-lto-objects -MT modules/dbgfmts/codeview/cv-dbgfmt.o -MD -MP -MF $depbase.Tpo -c -o modules/dbgfmts/codeview/cv-dbgfmt.o modules/dbgfmts/codeview/cv-dbgfmt.c &&\
mv -f $depbase.Tpo $depbase.Po
depbase=`echo modules/dbgfmts/codeview/cv-symline.o | sed 's|[^/]*$|.deps/&|;s|\.o$||'`;\
x86_64-unknown-linux-gnu-gcc -DHAVE_CONFIG_H -I.     -O2 -m64 -march=x86-64 -mtune=generic -flto=auto -ffat-lto-objects -MT modules/dbgfmts/codeview/cv-symline.o -MD -MP -MF $depbase.Tpo -c -o modules/dbgfmts/codeview/cv-symline.o modules/dbgfmts/codeview/cv-symline.c &&\
mv -f $depbase.Tpo $depbase.Po
depbase=`echo modules/dbgfmts/codeview/cv-type.o | sed 's|[^/]*$|.deps/&|;s|\.o$||'`;\
x86_64-unknown-linux-gnu-gcc -DHAVE_CONFIG_H -I.     -O2 -m64 -march=x86-64 -mtune=generic -flto=auto -ffat-lto-objects -MT modules/dbgfmts/codeview/cv-type.o -MD -MP -MF $depbase.Tpo -c -o modules/dbgfmts/codeview/cv-type.o modules/dbgfmts/codeview/cv-type.c &&\
mv -f $depbase.Tpo $depbase.Po
depbase=`echo modules/dbgfmts/dwarf2/dwarf2-dbgfmt.o | sed 's|[^/]*$|.deps/&|;s|\.o$||'`;\
x86_64-unknown-linux-gnu-gcc -DHAVE_CONFIG_H -I.     -O2 -m64 -march=x86-64 -mtune=generic -flto=auto -ffat-lto-objects -MT modules/dbgfmts/dwarf2/dwarf2-dbgfmt.o -MD -MP -MF $depbase.Tpo -c -o modules/dbgfmts/dwarf2/dwarf2-dbgfmt.o modules/dbgfmts/dwarf2/dwarf2-dbgfmt.c &&\
mv -f $depbase.Tpo $depbase.Po
depbase=`echo modules/dbgfmts/dwarf2/dwarf2-line.o | sed 's|[^/]*$|.deps/&|;s|\.o$||'`;\
x86_64-unknown-linux-gnu-gcc -DHAVE_CONFIG_H -I.     -O2 -m64 -march=x86-64 -mtune=generic -flto=auto -ffat-lto-objects -MT modules/dbgfmts/dwarf2/dwarf2-line.o -MD -MP -MF $depbase.Tpo -c -o modules/dbgfmts/dwarf2/dwarf2-line.o modules/dbgfmts/dwarf2/dwarf2-line.c &&\
mv -f $depbase.Tpo $depbase.Po
depbase=`echo modules/dbgfmts/dwarf2/dwarf2-aranges.o | sed 's|[^/]*$|.deps/&|;s|\.o$||'`;\
x86_64-unknown-linux-gnu-gcc -DHAVE_CONFIG_H -I.     -O2 -m64 -march=x86-64 -mtune=generic -flto=auto -ffat-lto-objects -MT modules/dbgfmts/dwarf2/dwarf2-aranges.o -MD -MP -MF $depbase.Tpo -c -o modules/dbgfmts/dwarf2/dwarf2-aranges.o modules/dbgfmts/dwarf2/dwarf2-aranges.c &&\
mv -f $depbase.Tpo $depbase.Po
depbase=`echo modules/dbgfmts/dwarf2/dwarf2-info.o | sed 's|[^/]*$|.deps/&|;s|\.o$||'`;\
x86_64-unknown-linux-gnu-gcc -DHAVE_CONFIG_H -I.     -O2 -m64 -march=x86-64 -mtune=generic -flto=auto -ffat-lto-objects -MT modules/dbgfmts/dwarf2/dwarf2-info.o -MD -MP -MF $depbase.Tpo -c -o modules/dbgfmts/dwarf2/dwarf2-info.o modules/dbgfmts/dwarf2/dwarf2-info.c &&\
mv -f $depbase.Tpo $depbase.Po
depbase=`echo modules/dbgfmts/null/null-dbgfmt.o | sed 's|[^/]*$|.deps/&|;s|\.o$||'`;\
x86_64-unknown-linux-gnu-gcc -DHAVE_CONFIG_H -I.     -O2 -m64 -march=x86-64 -mtune=generic -flto=auto -ffat-lto-objects -MT modules/dbgfmts/null/null-dbgfmt.o -MD -MP -MF $depbase.Tpo -c -o modules/dbgfmts/null/null-dbgfmt.o modules/dbgfmts/null/null-dbgfmt.c &&\
mv -f $depbase.Tpo $depbase.Po
depbase=`echo modules/dbgfmts/stabs/stabs-dbgfmt.o | sed 's|[^/]*$|.deps/&|;s|\.o$||'`;\
x86_64-unknown-linux-gnu-gcc -DHAVE_CONFIG_H -I.     -O2 -m64 -march=x86-64 -mtune=generic -flto=auto -ffat-lto-objects -MT modules/dbgfmts/stabs/stabs-dbgfmt.o -MD -MP -MF $depbase.Tpo -c -o modules/dbgfmts/stabs/stabs-dbgfmt.o modules/dbgfmts/stabs/stabs-dbgfmt.c &&\
mv -f $depbase.Tpo $depbase.Po
depbase=`echo modules/objfmts/dbg/dbg-objfmt.o | sed 's|[^/]*$|.deps/&|;s|\.o$||'`;\
x86_64-unknown-linux-gnu-gcc -DHAVE_CONFIG_H -I.     -O2 -m64 -march=x86-64 -mtune=generic -flto=auto -ffat-lto-objects -MT modules/objfmts/dbg/dbg-objfmt.o -MD -MP -MF $depbase.Tpo -c -o modules/objfmts/dbg/dbg-objfmt.o modules/objfmts/dbg/dbg-objfmt.c &&\
mv -f $depbase.Tpo $depbase.Po
depbase=`echo modules/objfmts/bin/bin-objfmt.o | sed 's|[^/]*$|.deps/&|;s|\.o$||'`;\
x86_64-unknown-linux-gnu-gcc -DHAVE_CONFIG_H -I.     -O2 -m64 -march=x86-64 -mtune=generic -flto=auto -ffat-lto-objects -MT modules/objfmts/bin/bin-objfmt.o -MD -MP -MF $depbase.Tpo -c -o modules/objfmts/bin/bin-objfmt.o modules/objfmts/bin/bin-objfmt.c &&\
mv -f $depbase.Tpo $depbase.Po
depbase=`echo modules/objfmts/elf/elf.o | sed 's|[^/]*$|.deps/&|;s|\.o$||'`;\
x86_64-unknown-linux-gnu-gcc -DHAVE_CONFIG_H -I.     -O2 -m64 -march=x86-64 -mtune=generic -flto=auto -ffat-lto-objects -MT modules/objfmts/elf/elf.o -MD -MP -MF $depbase.Tpo -c -o modules/objfmts/elf/elf.o modules/objfmts/elf/elf.c &&\
mv -f $depbase.Tpo $depbase.Po
depbase=`echo modules/objfmts/elf/elf-objfmt.o | sed 's|[^/]*$|.deps/&|;s|\.o$||'`;\
x86_64-unknown-linux-gnu-gcc -DHAVE_CONFIG_H -I.     -O2 -m64 -march=x86-64 -mtune=generic -flto=auto -ffat-lto-objects -MT modules/objfmts/elf/elf-objfmt.o -MD -MP -MF $depbase.Tpo -c -o modules/objfmts/elf/elf-objfmt.o modules/objfmts/elf/elf-objfmt.c &&\
mv -f $depbase.Tpo $depbase.Po
depbase=`echo modules/objfmts/elf/elf-x86-x86.o | sed 's|[^/]*$|.deps/&|;s|\.o$||'`;\
x86_64-unknown-linux-gnu-gcc -DHAVE_CONFIG_H -I.     -O2 -m64 -march=x86-64 -mtune=generic -flto=auto -ffat-lto-objects -MT modules/objfmts/elf/elf-x86-x86.o -MD -MP -MF $depbase.Tpo -c -o modules/objfmts/elf/elf-x86-x86.o modules/objfmts/elf/elf-x86-x86.c &&\
mv -f $depbase.Tpo $depbase.Po
depbase=`echo modules/objfmts/elf/elf-x86-amd64.o | sed 's|[^/]*$|.deps/&|;s|\.o$||'`;\
x86_64-unknown-linux-gnu-gcc -DHAVE_CONFIG_H -I.     -O2 -m64 -march=x86-64 -mtune=generic -flto=auto -ffat-lto-objects -MT modules/objfmts/elf/elf-x86-amd64.o -MD -MP -MF $depbase.Tpo -c -o modules/objfmts/elf/elf-x86-amd64.o modules/objfmts/elf/elf-x86-amd64.c &&\
mv -f $depbase.Tpo $depbase.Po
depbase=`echo modules/objfmts/elf/elf-x86-x32.o | sed 's|[^/]*$|.deps/&|;s|\.o$||'`;\
x86_64-unknown-linux-gnu-gcc -DHAVE_CONFIG_H -I.     -O2 -m64 -march=x86-64 -mtune=generic -flto=auto -ffat-lto-objects -MT modules/objfmts/elf/elf-x86-x32.o -MD -MP -MF $depbase.Tpo -c -o modules/objfmts/elf/elf-x86-x32.o modules/objfmts/elf/elf-x86-x32.c &&\
mv -f $depbase.Tpo $depbase.Po
depbase=`echo modules/objfmts/coff/coff-objfmt.o | sed 's|[^/]*$|.deps/&|;s|\.o$||'`;\
x86_64-unknown-linux-gnu-gcc -DHAVE_CONFIG_H -I.     -O2 -m64 -march=x86-64 -mtune=generic -flto=auto -ffat-lto-objects -MT modules/objfmts/coff/coff-objfmt.o -MD -MP -MF $depbase.Tpo -c -o modules/objfmts/coff/coff-objfmt.o modules/objfmts/coff/coff-objfmt.c &&\
mv -f $depbase.Tpo $depbase.Po
depbase=`echo modules/objfmts/coff/win64-except.o | sed 's|[^/]*$|.deps/&|;s|\.o$||'`;\
x86_64-unknown-linux-gnu-gcc -DHAVE_CONFIG_H -I.     -O2 -m64 -march=x86-64 -mtune=generic -flto=auto -ffat-lto-objects -MT modules/objfmts/coff/win64-except.o -MD -MP -MF $depbase.Tpo -c -o modules/objfmts/coff/win64-except.o modules/objfmts/coff/win64-except.c &&\
mv -f $depbase.Tpo $depbase.Po
depbase=`echo modules/objfmts/macho/macho-objfmt.o | sed 's|[^/]*$|.deps/&|;s|\.o$||'`;\
x86_64-unknown-linux-gnu-gcc -DHAVE_CONFIG_H -I.     -O2 -m64 -march=x86-64 -mtune=generic -flto=auto -ffat-lto-objects -MT modules/objfmts/macho/macho-objfmt.o -MD -MP -MF $depbase.Tpo -c -o modules/objfmts/macho/macho-objfmt.o modules/objfmts/macho/macho-objfmt.c &&\
mv -f $depbase.Tpo $depbase.Po
depbase=`echo modules/objfmts/rdf/rdf-objfmt.o | sed 's|[^/]*$|.deps/&|;s|\.o$||'`;\
x86_64-unknown-linux-gnu-gcc -DHAVE_CONFIG_H -I.     -O2 -m64 -march=x86-64 -mtune=generic -flto=auto -ffat-lto-objects -MT modules/objfmts/rdf/rdf-objfmt.o -MD -MP -MF $depbase.Tpo -c -o modules/objfmts/rdf/rdf-objfmt.o modules/objfmts/rdf/rdf-objfmt.c &&\
mv -f $depbase.Tpo $depbase.Po
depbase=`echo modules/objfmts/xdf/xdf-objfmt.o | sed 's|[^/]*$|.deps/&|;s|\.o$||'`;\
x86_64-unknown-linux-gnu-gcc -DHAVE_CONFIG_H -I.     -O2 -m64 -march=x86-64 -mtune=generic -flto=auto -ffat-lto-objects -MT modules/objfmts/xdf/xdf-objfmt.o -MD -MP -MF $depbase.Tpo -c -o modules/objfmts/xdf/xdf-objfmt.o modules/objfmts/xdf/xdf-objfmt.c &&\
mv -f $depbase.Tpo $depbase.Po
depbase=`echo libyasm/assocdat.o | sed 's|[^/]*$|.deps/&|;s|\.o$||'`;\
x86_64-unknown-linux-gnu-gcc -DHAVE_CONFIG_H -I.     -O2 -m64 -march=x86-64 -mtune=generic -flto=auto -ffat-lto-objects -MT libyasm/assocdat.o -MD -MP -MF $depbase.Tpo -c -o libyasm/assocdat.o libyasm/assocdat.c &&\
mv -f $depbase.Tpo $depbase.Po
depbase=`echo libyasm/bitvect.o | sed 's|[^/]*$|.deps/&|;s|\.o$||'`;\
x86_64-unknown-linux-gnu-gcc -DHAVE_CONFIG_H -I.     -O2 -m64 -march=x86-64 -mtune=generic -flto=auto -ffat-lto-objects -MT libyasm/bitvect.o -MD -MP -MF $depbase.Tpo -c -o libyasm/bitvect.o libyasm/bitvect.c &&\
mv -f $depbase.Tpo $depbase.Po
depbase=`echo libyasm/bc-align.o | sed 's|[^/]*$|.deps/&|;s|\.o$||'`;\
x86_64-unknown-linux-gnu-gcc -DHAVE_CONFIG_H -I.     -O2 -m64 -march=x86-64 -mtune=generic -flto=auto -ffat-lto-objects -MT libyasm/bc-align.o -MD -MP -MF $depbase.Tpo -c -o libyasm/bc-align.o libyasm/bc-align.c &&\
mv -f $depbase.Tpo $depbase.Po
depbase=`echo libyasm/bc-data.o | sed 's|[^/]*$|.deps/&|;s|\.o$||'`;\
x86_64-unknown-linux-gnu-gcc -DHAVE_CONFIG_H -I.     -O2 -m64 -march=x86-64 -mtune=generic -flto=auto -ffat-lto-objects -MT libyasm/bc-data.o -MD -MP -MF $depbase.Tpo -c -o libyasm/bc-data.o libyasm/bc-data.c &&\
mv -f $depbase.Tpo $depbase.Po
depbase=`echo libyasm/bc-incbin.o | sed 's|[^/]*$|.deps/&|;s|\.o$||'`;\
x86_64-unknown-linux-gnu-gcc -DHAVE_CONFIG_H -I.     -O2 -m64 -march=x86-64 -mtune=generic -flto=auto -ffat-lto-objects -MT libyasm/bc-incbin.o -MD -MP -MF $depbase.Tpo -c -o libyasm/bc-incbin.o libyasm/bc-incbin.c &&\
mv -f $depbase.Tpo $depbase.Po
depbase=`echo libyasm/bc-org.o | sed 's|[^/]*$|.deps/&|;s|\.o$||'`;\
x86_64-unknown-linux-gnu-gcc -DHAVE_CONFIG_H -I.     -O2 -m64 -march=x86-64 -mtune=generic -flto=auto -ffat-lto-objects -MT libyasm/bc-org.o -MD -MP -MF $depbase.Tpo -c -o libyasm/bc-org.o libyasm/bc-org.c &&\
mv -f $depbase.Tpo $depbase.Po
depbase=`echo libyasm/bc-reserve.o | sed 's|[^/]*$|.deps/&|;s|\.o$||'`;\
x86_64-unknown-linux-gnu-gcc -DHAVE_CONFIG_H -I.     -O2 -m64 -march=x86-64 -mtune=generic -flto=auto -ffat-lto-objects -MT libyasm/bc-reserve.o -MD -MP -MF $depbase.Tpo -c -o libyasm/bc-reserve.o libyasm/bc-reserve.c &&\
mv -f $depbase.Tpo $depbase.Po
depbase=`echo libyasm/bytecode.o | sed 's|[^/]*$|.deps/&|;s|\.o$||'`;\
x86_64-unknown-linux-gnu-gcc -DHAVE_CONFIG_H -I.     -O2 -m64 -march=x86-64 -mtune=generic -flto=auto -ffat-lto-objects -MT libyasm/bytecode.o -MD -MP -MF $depbase.Tpo -c -o libyasm/bytecode.o libyasm/bytecode.c &&\
mv -f $depbase.Tpo $depbase.Po
depbase=`echo libyasm/errwarn.o | sed 's|[^/]*$|.deps/&|;s|\.o$||'`;\
x86_64-unknown-linux-gnu-gcc -DHAVE_CONFIG_H -I.     -O2 -m64 -march=x86-64 -mtune=generic -flto=auto -ffat-lto-objects -MT libyasm/errwarn.o -MD -MP -MF $depbase.Tpo -c -o libyasm/errwarn.o libyasm/errwarn.c &&\
mv -f $depbase.Tpo $depbase.Po
depbase=`echo libyasm/expr.o | sed 's|[^/]*$|.deps/&|;s|\.o$||'`;\
x86_64-unknown-linux-gnu-gcc -DHAVE_CONFIG_H -I.     -O2 -m64 -march=x86-64 -mtune=generic -flto=auto -ffat-lto-objects -MT libyasm/expr.o -MD -MP -MF $depbase.Tpo -c -o libyasm/expr.o libyasm/expr.c &&\
mv -f $depbase.Tpo $depbase.Po
depbase=`echo libyasm/file.o | sed 's|[^/]*$|.deps/&|;s|\.o$||'`;\
x86_64-unknown-linux-gnu-gcc -DHAVE_CONFIG_H -I.     -O2 -m64 -march=x86-64 -mtune=generic -flto=auto -ffat-lto-objects -MT libyasm/file.o -MD -MP -MF $depbase.Tpo -c -o libyasm/file.o libyasm/file.c &&\
mv -f $depbase.Tpo $depbase.Po
depbase=`echo libyasm/floatnum.o | sed 's|[^/]*$|.deps/&|;s|\.o$||'`;\
x86_64-unknown-linux-gnu-gcc -DHAVE_CONFIG_H -I.     -O2 -m64 -march=x86-64 -mtune=generic -flto=auto -ffat-lto-objects -MT libyasm/floatnum.o -MD -MP -MF $depbase.Tpo -c -o libyasm/floatnum.o libyasm/floatnum.c &&\
mv -f $depbase.Tpo $depbase.Po
depbase=`echo libyasm/hamt.o | sed 's|[^/]*$|.deps/&|;s|\.o$||'`;\
x86_64-unknown-linux-gnu-gcc -DHAVE_CONFIG_H -I.     -O2 -m64 -march=x86-64 -mtune=generic -flto=auto -ffat-lto-objects -MT libyasm/hamt.o -MD -MP -MF $depbase.Tpo -c -o libyasm/hamt.o libyasm/hamt.c &&\
mv -f $depbase.Tpo $depbase.Po
depbase=`echo libyasm/insn.o | sed 's|[^/]*$|.deps/&|;s|\.o$||'`;\
x86_64-unknown-linux-gnu-gcc -DHAVE_CONFIG_H -I.     -O2 -m64 -march=x86-64 -mtune=generic -flto=auto -ffat-lto-objects -MT libyasm/insn.o -MD -MP -MF $depbase.Tpo -c -o libyasm/insn.o libyasm/insn.c &&\
mv -f $depbase.Tpo $depbase.Po
depbase=`echo libyasm/intnum.o | sed 's|[^/]*$|.deps/&|;s|\.o$||'`;\
x86_64-unknown-linux-gnu-gcc -DHAVE_CONFIG_H -I.     -O2 -m64 -march=x86-64 -mtune=generic -flto=auto -ffat-lto-objects -MT libyasm/intnum.o -MD -MP -MF $depbase.Tpo -c -o libyasm/intnum.o libyasm/intnum.c &&\
mv -f $depbase.Tpo $depbase.Po
depbase=`echo libyasm/inttree.o | sed 's|[^/]*$|.deps/&|;s|\.o$||'`;\
x86_64-unknown-linux-gnu-gcc -DHAVE_CONFIG_H -I.     -O2 -m64 -march=x86-64 -mtune=generic -flto=auto -ffat-lto-objects -MT libyasm/inttree.o -MD -MP -MF $depbase.Tpo -c -o libyasm/inttree.o libyasm/inttree.c &&\
mv -f $depbase.Tpo $depbase.Po
depbase=`echo libyasm/linemap.o | sed 's|[^/]*$|.deps/&|;s|\.o$||'`;\
x86_64-unknown-linux-gnu-gcc -DHAVE_CONFIG_H -I.     -O2 -m64 -march=x86-64 -mtune=generic -flto=auto -ffat-lto-objects -MT libyasm/linemap.o -MD -MP -MF $depbase.Tpo -c -o libyasm/linemap.o libyasm/linemap.c &&\
mv -f $depbase.Tpo $depbase.Po
depbase=`echo libyasm/md5.o | sed 's|[^/]*$|.deps/&|;s|\.o$||'`;\
x86_64-unknown-linux-gnu-gcc -DHAVE_CONFIG_H -I.     -O2 -m64 -march=x86-64 -mtune=generic -flto=auto -ffat-lto-objects -MT libyasm/md5.o -MD -MP -MF $depbase.Tpo -c -o libyasm/md5.o libyasm/md5.c &&\
mv -f $depbase.Tpo $depbase.Po
depbase=`echo libyasm/mergesort.o | sed 's|[^/]*$|.deps/&|;s|\.o$||'`;\
x86_64-unknown-linux-gnu-gcc -DHAVE_CONFIG_H -I.     -O2 -m64 -march=x86-64 -mtune=generic -flto=auto -ffat-lto-objects -MT libyasm/mergesort.o -MD -MP -MF $depbase.Tpo -c -o libyasm/mergesort.o libyasm/mergesort.c &&\
mv -f $depbase.Tpo $depbase.Po
depbase=`echo libyasm/phash.o | sed 's|[^/]*$|.deps/&|;s|\.o$||'`;\
x86_64-unknown-linux-gnu-gcc -DHAVE_CONFIG_H -I.     -O2 -m64 -march=x86-64 -mtune=generic -flto=auto -ffat-lto-objects -MT libyasm/phash.o -MD -MP -MF $depbase.Tpo -c -o libyasm/phash.o libyasm/phash.c &&\
mv -f $depbase.Tpo $depbase.Po
depbase=`echo libyasm/section.o | sed 's|[^/]*$|.deps/&|;s|\.o$||'`;\
x86_64-unknown-linux-gnu-gcc -DHAVE_CONFIG_H -I.     -O2 -m64 -march=x86-64 -mtune=generic -flto=auto -ffat-lto-objects -MT libyasm/section.o -MD -MP -MF $depbase.Tpo -c -o libyasm/section.o libyasm/section.c &&\
mv -f $depbase.Tpo $depbase.Po
depbase=`echo libyasm/strcasecmp.o | sed 's|[^/]*$|.deps/&|;s|\.o$||'`;\
x86_64-unknown-linux-gnu-gcc -DHAVE_CONFIG_H -I.     -O2 -m64 -march=x86-64 -mtune=generic -flto=auto -ffat-lto-objects -MT libyasm/strcasecmp.o -MD -MP -MF $depbase.Tpo -c -o libyasm/strcasecmp.o libyasm/strcasecmp.c &&\
mv -f $depbase.Tpo $depbase.Po
depbase=`echo libyasm/strsep.o | sed 's|[^/]*$|.deps/&|;s|\.o$||'`;\
x86_64-unknown-linux-gnu-gcc -DHAVE_CONFIG_H -I.     -O2 -m64 -march=x86-64 -mtune=generic -flto=auto -ffat-lto-objects -MT libyasm/strsep.o -MD -MP -MF $depbase.Tpo -c -o libyasm/strsep.o libyasm/strsep.c &&\
mv -f $depbase.Tpo $depbase.Po
depbase=`echo libyasm/symrec.o | sed 's|[^/]*$|.deps/&|;s|\.o$||'`;\
x86_64-unknown-linux-gnu-gcc -DHAVE_CONFIG_H -I.     -O2 -m64 -march=x86-64 -mtune=generic -flto=auto -ffat-lto-objects -MT libyasm/symrec.o -MD -MP -MF $depbase.Tpo -c -o libyasm/symrec.o libyasm/symrec.c &&\
mv -f $depbase.Tpo $depbase.Po
depbase=`echo libyasm/valparam.o | sed 's|[^/]*$|.deps/&|;s|\.o$||'`;\
x86_64-unknown-linux-gnu-gcc -DHAVE_CONFIG_H -I.     -O2 -m64 -march=x86-64 -mtune=generic -flto=auto -ffat-lto-objects -MT libyasm/valparam.o -MD -MP -MF $depbase.Tpo -c -o libyasm/valparam.o libyasm/valparam.c &&\
mv -f $depbase.Tpo $depbase.Po
depbase=`echo libyasm/value.o | sed 's|[^/]*$|.deps/&|;s|\.o$||'`;\
x86_64-unknown-linux-gnu-gcc -DHAVE_CONFIG_H -I.     -O2 -m64 -march=x86-64 -mtune=generic -flto=auto -ffat-lto-objects -MT libyasm/value.o -MD -MP -MF $depbase.Tpo -c -o libyasm/value.o libyasm/value.c &&\
mv -f $depbase.Tpo $depbase.Po
depbase=`echo libyasm/xmalloc.o | sed 's|[^/]*$|.deps/&|;s|\.o$||'`;\
x86_64-unknown-linux-gnu-gcc -DHAVE_CONFIG_H -I.     -O2 -m64 -march=x86-64 -mtune=generic -flto=auto -ffat-lto-objects -MT libyasm/xmalloc.o -MD -MP -MF $depbase.Tpo -c -o libyasm/xmalloc.o libyasm/xmalloc.c &&\
mv -f $depbase.Tpo $depbase.Po
depbase=`echo libyasm/xstrdup.o | sed 's|[^/]*$|.deps/&|;s|\.o$||'`;\
x86_64-unknown-linux-gnu-gcc -DHAVE_CONFIG_H -I.     -O2 -m64 -march=x86-64 -mtune=generic -flto=auto -ffat-lto-objects -MT libyasm/xstrdup.o -MD -MP -MF $depbase.Tpo -c -o libyasm/xstrdup.o libyasm/xstrdup.c &&\
mv -f $depbase.Tpo $depbase.Po
depbase=`echo x86cpu.o | sed 's|[^/]*$|.deps/&|;s|\.o$||'`;\
x86_64-unknown-linux-gnu-gcc -DHAVE_CONFIG_H -I.     -O2 -m64 -march=x86-64 -mtune=generic -flto=auto -ffat-lto-objects -MT x86cpu.o -MD -MP -MF $depbase.Tpo -c -o x86cpu.o x86cpu.c &&\
mv -f $depbase.Tpo $depbase.Po
depbase=`echo x86regtmod.o | sed 's|[^/]*$|.deps/&|;s|\.o$||'`;\
x86_64-unknown-linux-gnu-gcc -DHAVE_CONFIG_H -I.     -O2 -m64 -march=x86-64 -mtune=generic -flto=auto -ffat-lto-objects -MT x86regtmod.o -MD -MP -MF $depbase.Tpo -c -o x86regtmod.o x86regtmod.c &&\
mv -f $depbase.Tpo $depbase.Po
depbase=`echo lc3bid.o | sed 's|[^/]*$|.deps/&|;s|\.o$||'`;\
x86_64-unknown-linux-gnu-gcc -DHAVE_CONFIG_H -I.     -O2 -m64 -march=x86-64 -mtune=generic -flto=auto -ffat-lto-objects -MT lc3bid.o -MD -MP -MF $depbase.Tpo -c -o lc3bid.o lc3bid.c &&\
mv -f $depbase.Tpo $depbase.Po
x86_64-unknown-linux-gnu-gcc -o genmodule  genmodule.o 
depbase=`echo frontends/yasm/yasm.o | sed 's|[^/]*$|.deps/&|;s|\.o$||'`;\
x86_64-unknown-linux-gnu-gcc -DHAVE_CONFIG_H -I.     -O2 -m64 -march=x86-64 -mtune=generic -flto=auto -ffat-lto-objects -MT frontends/yasm/yasm.o -MD -MP -MF $depbase.Tpo -c -o frontends/yasm/yasm.o frontends/yasm/yasm.c &&\
mv -f $depbase.Tpo $depbase.Po
depbase=`echo frontends/yasm/yasm-options.o | sed 's|[^/]*$|.deps/&|;s|\.o$||'`;\
x86_64-unknown-linux-gnu-gcc -DHAVE_CONFIG_H -I.     -O2 -m64 -march=x86-64 -mtune=generic -flto=auto -ffat-lto-objects -MT frontends/yasm/yasm-options.o -MD -MP -MF $depbase.Tpo -c -o frontends/yasm/yasm-options.o frontends/yasm/yasm-options.c &&\
mv -f $depbase.Tpo $depbase.Po
depbase=`echo frontends/tasm/tasm.o | sed 's|[^/]*$|.deps/&|;s|\.o$||'`;\
x86_64-unknown-linux-gnu-gcc -DHAVE_CONFIG_H -I.     -O2 -m64 -march=x86-64 -mtune=generic -flto=auto -ffat-lto-objects -MT frontends/tasm/tasm.o -MD -MP -MF $depbase.Tpo -c -o frontends/tasm/tasm.o frontends/tasm/tasm.c &&\
mv -f $depbase.Tpo $depbase.Po
depbase=`echo frontends/tasm/tasm-options.o | sed 's|[^/]*$|.deps/&|;s|\.o$||'`;\
x86_64-unknown-linux-gnu-gcc -DHAVE_CONFIG_H -I.     -O2 -m64 -march=x86-64 -mtune=generic -flto=auto -ffat-lto-objects -MT frontends/tasm/tasm-options.o -MD -MP -MF $depbase.Tpo -c -o frontends/tasm/tasm-options.o frontends/tasm/tasm-options.c &&\
mv -f $depbase.Tpo $depbase.Po
depbase=`echo frontends/vsyasm/vsyasm.o | sed 's|[^/]*$|.deps/&|;s|\.o$||'`;\
x86_64-unknown-linux-gnu-gcc -DHAVE_CONFIG_H -I.     -O2 -m64 -march=x86-64 -mtune=generic -flto=auto -ffat-lto-objects -MT frontends/vsyasm/vsyasm.o -MD -MP -MF $depbase.Tpo -c -o frontends/vsyasm/vsyasm.o frontends/vsyasm/vsyasm.c &&\
mv -f $depbase.Tpo $depbase.Po
./genmodule ./libyasm/module.in Makefile
depbase=`echo module.o | sed 's|[^/]*$|.deps/&|;s|\.o$||'`;\
x86_64-unknown-linux-gnu-gcc -DHAVE_CONFIG_H -I.     -O2 -m64 -march=x86-64 -mtune=generic -flto=auto -ffat-lto-objects -MT module.o -MD -MP -MF $depbase.Tpo -c -o module.o module.c &&\
mv -f $depbase.Tpo $depbase.Po
rm -f libyasm.a
x86_64-unknown-linux-gnu-ar cru libyasm.a modules/arch/x86/x86arch.o modules/arch/x86/x86bc.o modules/arch/x86/x86expr.o modules/arch/x86/x86id.o modules/arch/lc3b/lc3barch.o modules/arch/lc3b/lc3bbc.o modules/listfmts/nasm/nasm-listfmt.o modules/parsers/gas/gas-parser.o modules/parsers/gas/gas-parse.o modules/parsers/gas/gas-parse-intel.o modules/parsers/nasm/nasm-parser.o modules/parsers/nasm/nasm-parse.o modules/preprocs/nasm/nasm-preproc.o modules/preprocs/nasm/nasm-pp.o modules/preprocs/nasm/nasmlib.o modules/preprocs/nasm/nasm-eval.o modules/preprocs/raw/raw-preproc.o modules/preprocs/cpp/cpp-preproc.o modules/preprocs/gas/gas-preproc.o modules/preprocs/gas/gas-eval.o modules/dbgfmts/codeview/cv-dbgfmt.o modules/dbgfmts/codeview/cv-symline.o modules/dbgfmts/codeview/cv-type.o modules/dbgfmts/dwarf2/dwarf2-dbgfmt.o modules/dbgfmts/dwarf2/dwarf2-line.o modules/dbgfmts/dwarf2/dwarf2-aranges.o modules/dbgfmts/dwarf2/dwarf2-info.o modules/dbgfmts/null/null-dbgfmt.o modules/dbgfmts/stabs/stabs-dbgfmt.o modules/objfmts/dbg/dbg-objfmt.o modules/objfmts/bin/bin-objfmt.o modules/objfmts/elf/elf.o modules/objfmts/elf/elf-objfmt.o modules/objfmts/elf/elf-x86-x86.o modules/objfmts/elf/elf-x86-amd64.o modules/objfmts/elf/elf-x86-x32.o modules/objfmts/coff/coff-objfmt.o modules/objfmts/coff/win64-except.o modules/objfmts/macho/macho-objfmt.o modules/objfmts/rdf/rdf-objfmt.o modules/objfmts/xdf/xdf-objfmt.o libyasm/assocdat.o libyasm/bitvect.o libyasm/bc-align.o libyasm/bc-data.o libyasm/bc-incbin.o libyasm/bc-org.o libyasm/bc-reserve.o libyasm/bytecode.o libyasm/errwarn.o libyasm/expr.o libyasm/file.o libyasm/floatnum.o libyasm/hamt.o libyasm/insn.o libyasm/intnum.o libyasm/inttree.o libyasm/linemap.o libyasm/md5.o libyasm/mergesort.o libyasm/phash.o libyasm/section.o libyasm/strcasecmp.o libyasm/strsep.o libyasm/symrec.o libyasm/valparam.o libyasm/value.o libyasm/xmalloc.o libyasm/xstrdup.o x86cpu.o x86regtmod.o lc3bid.o gas-token.o nasm-token.o module.o 
x86_64-unknown-linux-gnu-ar: `u' modifier ignored since `D' is the default (see `U')
x86_64-unknown-linux-gnu-ranlib libyasm.a
x86_64-unknown-linux-gnu-gcc  -O2 -m64 -march=x86-64 -mtune=generic -flto=auto -ffat-lto-objects   -o yasm frontends/yasm/yasm.o frontends/yasm/yasm-options.o libyasm.a  
x86_64-unknown-linux-gnu-gcc  -O2 -m64 -march=x86-64 -mtune=generic -flto=auto -ffat-lto-objects   -o ytasm frontends/tasm/tasm.o frontends/tasm/tasm-options.o libyasm.a  
x86_64-unknown-linux-gnu-gcc  -O2 -m64 -march=x86-64 -mtune=generic -flto=auto -ffat-lto-objects   -o vsyasm frontends/vsyasm/vsyasm.o frontends/yasm/yasm-options.o libyasm.a  
make[2]: Leaving directory '/home/devel/building/work/src/yasm-1.3.0'
make[1]: Leaving directory '/home/devel/building/work/src/yasm-1.3.0'
+ make DESTDIR=/home/devel/building/work/pkg install
Makefile:4062: warning: ignoring prerequisites on suffix rule definition
make  install-recursive
make[1]: Entering directory '/home/devel/building/work/src/yasm-1.3.0'
Makefile:4062: warning: ignoring prerequisites on suffix rule definition
Making install in po
make[2]: Entering directory '/home/devel/building/work/src/yasm-1.3.0/po'
if test "yasm" = "gettext-tools"; then \
  /bin/mkdir -p /home/devel/building/work/pkg/usr/share/gettext/po; \
  for file in Makefile.in.in remove-potcdate.sin quot.sed boldquot.sed en@quot.header en@boldquot.header insert-header.sin Rules-quot   Makevars.template; do \
    /usr/bin/install -c -m 644 ./$file \
		    /home/devel/building/work/pkg/usr/share/gettext/po/$file; \
  done; \
  for file in Makevars; do \
    rm -f /home/devel/building/work/pkg/usr/share/gettext/po/$file; \
  done; \
else \
  : ; \
fi
make[2]: Leaving directory '/home/devel/building/work/src/yasm-1.3.0/po'
Making install in .
make[2]: Entering directory '/home/devel/building/work/src/yasm-1.3.0'
Makefile:4062: warning: ignoring prerequisites on suffix rule definition
make[3]: Entering directory '/home/devel/building/work/src/yasm-1.3.0'
Makefile:4062: warning: ignoring prerequisites on suffix rule definition
 /bin/mkdir -p '/home/devel/building/work/pkg/usr/include'
 /bin/mkdir -p '/home/devel/building/work/pkg/usr/share/man/man1'
 /bin/mkdir -p '/home/devel/building/work/pkg/usr/include/libyasm'
 /bin/mkdir -p '/home/devel/building/work/pkg/usr/share/man/man7'
 /bin/mkdir -p '/home/devel/building/work/pkg/usr/include'
 /bin/mkdir -p '/home/devel/building/work/pkg/usr/bin'
 /bin/mkdir -p '/home/devel/building/work/pkg/usr/lib'
 /usr/bin/install -c -m 644 libyasm-stdint.h '/home/devel/building/work/pkg/usr/include'
 /usr/bin/install -c -m 644 libyasm.h '/home/devel/building/work/pkg/usr/include'
 /usr/bin/install -c -m 644  libyasm.a '/home/devel/building/work/pkg/usr/lib'
 /usr/bin/install -c -m 644 libyasm/arch.h libyasm/assocdat.h libyasm/bitvect.h libyasm/bytecode.h libyasm/compat-queue.h libyasm/coretype.h libyasm/dbgfmt.h libyasm/errwarn.h libyasm/expr.h libyasm/file.h libyasm/floatnum.h libyasm/hamt.h libyasm/insn.h libyasm/intnum.h libyasm/inttree.h libyasm/linemap.h libyasm/listfmt.h libyasm/md5.h libyasm/module.h libyasm/objfmt.h libyasm/parser.h libyasm/phash.h libyasm/preproc.h libyasm/section.h libyasm/symrec.h libyasm/valparam.h libyasm/value.h '/home/devel/building/work/pkg/usr/include/libyasm'
  /usr/bin/install -c yasm ytasm vsyasm '/home/devel/building/work/pkg/usr/bin'
 /bin/mkdir -p '/home/devel/building/work/pkg/usr/share/man/man1'
 ( cd '/home/devel/building/work/pkg/usr/lib' && x86_64-unknown-linux-gnu-ranlib libyasm.a )
 /usr/bin/install -c -m 644 yasm_arch.7 yasm_parsers.7 yasm_dbgfmts.7 yasm_objfmts.7 '/home/devel/building/work/pkg/usr/share/man/man7'
 /bin/mkdir -p '/home/devel/building/work/pkg/usr/share/man/man7'
 /usr/bin/install -c -m 644 yasm.1 '/home/devel/building/work/pkg/usr/share/man/man1'
make  install-exec-hook
make[4]: Entering directory '/home/devel/building/work/src/yasm-1.3.0'
Makefile:4062: warning: ignoring prerequisites on suffix rule definition
make[4]: Nothing to be done for 'install-exec-hook'.
make[4]: Leaving directory '/home/devel/building/work/src/yasm-1.3.0'
make[3]: Leaving directory '/home/devel/building/work/src/yasm-1.3.0'
make[2]: Leaving directory '/home/devel/building/work/src/yasm-1.3.0'
make[1]: Leaving directory '/home/devel/building/work/src/yasm-1.3.0'
+ find /home/devel/building/work/pkg -type f -name '*.a' -delete
=======> Build result:
drwxr-xr-x  0 root   root        0 Feb  1 20:20 usr/
drwxr-xr-x  0 root   root        0 Feb  1 20:20 usr/include/
drwxr-xr-x  0 root   root        0 Feb  1 20:20 usr/share/
drwxr-xr-x  0 root   root        0 Feb  1 20:20 usr/bin/
drwxr-xr-x  0 root   root        0 Feb  1 20:20 usr/lib/
-rwxr-xr-x  0 root   root   649176 Feb  1 20:20 usr/bin/yasm
-rwxr-xr-x  0 root   root   640792 Feb  1 20:20 usr/bin/ytasm
-rwxr-xr-x  0 root   root   649272 Feb  1 20:20 usr/bin/vsyasm
drwxr-xr-x  0 root   root        0 Feb  1 20:20 usr/share/man/
drwxr-xr-x  0 root   root        0 Feb  1 20:20 usr/share/man/man1/
drwxr-xr-x  0 root   root        0 Feb  1 20:20 usr/share/man/man7/
-rw-r--r--  0 root   root     4825 Feb  1 20:20 usr/share/man/man7/yasm_arch.7.gz
-rw-r--r--  0 root   root     1063 Feb  1 20:20 usr/share/man/man7/yasm_parsers.7.gz
-rw-r--r--  0 root   root     1352 Feb  1 20:20 usr/share/man/man7/yasm_dbgfmts.7.gz
-rw-r--r--  0 root   root     1839 Feb  1 20:20 usr/share/man/man7/yasm_objfmts.7.gz
-rw-r--r--  0 root   root     4187 Feb  1 20:20 usr/share/man/man1/yasm.1.gz
drwxr-xr-x  0 root   root        0 Feb  1 20:20 usr/include/libyasm/
-rw-r--r--  0 root   root      250 Feb  1 20:20 usr/include/libyasm-stdint.h
-rw-r--r--  0 root   root     2374 Feb  1 20:20 usr/include/libyasm.h
-rw-r--r--  0 root   root    21040 Feb  1 20:20 usr/include/libyasm/arch.h
-rw-r--r--  0 root   root     2947 Feb  1 20:20 usr/include/libyasm/assocdat.h
-rw-r--r--  0 root   root    30779 Feb  1 20:20 usr/include/libyasm/bitvect.h
-rw-r--r--  0 root   root    26163 Feb  1 20:20 usr/include/libyasm/bytecode.h
-rw-r--r--  0 root   root    22421 Feb  1 20:20 usr/include/libyasm/compat-queue.h
-rw-r--r--  0 root   root    15800 Feb  1 20:20 usr/include/libyasm/coretype.h
-rw-r--r--  0 root   root     4558 Feb  1 20:20 usr/include/libyasm/dbgfmt.h
-rw-r--r--  0 root   root    13725 Feb  1 20:20 usr/include/libyasm/errwarn.h
-rw-r--r--  0 root   root    15039 Feb  1 20:20 usr/include/libyasm/expr.h
-rw-r--r--  0 root   root    19650 Feb  1 20:20 usr/include/libyasm/file.h
-rw-r--r--  0 root   root     5278 Feb  1 20:20 usr/include/libyasm/floatnum.h
-rw-r--r--  0 root   root     5025 Feb  1 20:20 usr/include/libyasm/hamt.h
-rw-r--r--  0 root   root    10123 Feb  1 20:20 usr/include/libyasm/insn.h
-rw-r--r--  0 root   root    11860 Feb  1 20:20 usr/include/libyasm/intnum.h
-rw-r--r--  0 root   root     2290 Feb  1 20:20 usr/include/libyasm/inttree.h
-rw-r--r--  0 root   root     5796 Feb  1 20:20 usr/include/libyasm/linemap.h
-rw-r--r--  0 root   root     4687 Feb  1 20:20 usr/include/libyasm/listfmt.h
-rw-r--r--  0 root   root     1030 Feb  1 20:20 usr/include/libyasm/md5.h
-rw-r--r--  0 root   root     3146 Feb  1 20:20 usr/include/libyasm/module.h
-rw-r--r--  0 root   root     8816 Feb  1 20:20 usr/include/libyasm/objfmt.h
-rw-r--r--  0 root   root     2850 Feb  1 20:20 usr/include/libyasm/parser.h
-rw-r--r--  0 root   root      701 Feb  1 20:20 usr/include/libyasm/phash.h
-rw-r--r--  0 root   root     8860 Feb  1 20:20 usr/include/libyasm/preproc.h
-rw-r--r--  0 root   root    14448 Feb  1 20:20 usr/include/libyasm/section.h
-rw-r--r--  0 root   root    15625 Feb  1 20:20 usr/include/libyasm/symrec.h
-rw-r--r--  0 root   root    15898 Feb  1 20:20 usr/include/libyasm/valparam.h
-rw-r--r--  0 root   root     7670 Feb  1 20:20 usr/include/libyasm/value.h
=======> Building '/home/devel/packages/yasm#1.3.0-2.x86_64.pkg.tar.zst' succeeded.
prt-get: Using PKGMK_PACKAGE_DIR: /home/devel/packages
prt-get: reinstalling yasm 1.3.0-2
prt-get: /usr/bin/pkgadd -u yasm#1.3.0-2.x86_64.pkg.tar.zst
prt-get: build done Thu Feb  1 20:20:08 2024

